#HEADER max_rows:2048 max_cols:2048 penalty:10
#BEGIN Y:2016 M:09 D:12 Time:13:59:31
#IT Ite:0 KerTime:0.294342 AccTime:0.294342
#ERR Error detected! kerrors = 21085
#ERR  p: [1618, 561], r: -8988, e: -8981, error: 1
#ERR  p: [1618, 567], r: -8907, e: -8908, error: 2
#ERR  p: [1618, 568], r: -8900, e: -8901, error: 3
#ERR  p: [1618, 569], r: -8894, e: -8895, error: 4
#ERR  p: [1618, 572], r: -8871, e: -8873, error: 5
#ERR  p: [1618, 574], r: -8855, e: -8856, error: 6
#ERR  p: [1619, 561], r: -8998, e: -8991, error: 7
#ERR  p: [1619, 562], r: -8983, e: -8982, error: 8
#ERR  p: [1619, 567], r: -8917, e: -8918, error: 9
#ERR  p: [1619, 568], r: -8908, e: -8909, error: 10
#ERR  p: [1619, 569], r: -8899, e: -8900, error: 11
#ERR  p: [1619, 570], r: -8894, e: -8895, error: 12
#ERR  p: [1619, 572], r: -8881, e: -8882, error: 13
#ERR  p: [1619, 573], r: -8872, e: -8874, error: 14
#ERR  p: [1619, 574], r: -8865, e: -8866, error: 15
#ERR  p: [1619, 575], r: -8857, e: -8858, error: 16
#ERR  p: [1620, 561], r: -9008, e: -9001, error: 17
#ERR  p: [1620, 562], r: -8993, e: -8992, error: 18
#ERR  p: [1620, 567], r: -8927, e: -8928, error: 19
#ERR  p: [1620, 568], r: -8918, e: -8919, error: 20
#ERR  p: [1620, 569], r: -8909, e: -8910, error: 21
#ERR  p: [1620, 570], r: -8903, e: -8904, error: 22
#ERR  p: [1620, 571], r: -8893, e: -8894, error: 23
#ERR  p: [1620, 572], r: -8891, e: -8892, error: 24
#ERR  p: [1620, 573], r: -8882, e: -8884, error: 25
#ERR  p: [1620, 574], r: -8875, e: -8876, error: 26
#ERR  p: [1620, 575], r: -8867, e: -8868, error: 27
#ERR  p: [1621, 561], r: -9018, e: -9011, error: 28
#ERR  p: [1621, 562], r: -9003, e: -9002, error: 29
#ERR  p: [1621, 567], r: -8937, e: -8938, error: 30
#ERR  p: [1621, 568], r: -8928, e: -8929, error: 31
#ERR  p: [1621, 569], r: -8919, e: -8920, error: 32
#ERR  p: [1621, 570], r: -8911, e: -8912, error: 33
#ERR  p: [1621, 571], r: -8903, e: -8904, error: 34
#ERR  p: [1621, 572], r: -8894, e: -8895, error: 35
#ERR  p: [1621, 573], r: -8892, e: -8894, error: 36
#ERR  p: [1621, 574], r: -8883, e: -8885, error: 37
#ERR  p: [1621, 575], r: -8877, e: -8878, error: 38
#ERR  p: [1622, 561], r: -9028, e: -9021, error: 39
#ERR  p: [1622, 562], r: -9013, e: -9012, error: 40
#ERR  p: [1622, 568], r: -8936, e: -8937, error: 41
#ERR  p: [1622, 569], r: -8928, e: -8929, error: 42
#ERR  p: [1622, 570], r: -8920, e: -8921, error: 43
#ERR  p: [1622, 571], r: -8913, e: -8914, error: 44
#ERR  p: [1622, 572], r: -8904, e: -8905, error: 45
#ERR  p: [1622, 573], r: -8890, e: -8891, error: 46
#ERR  p: [1622, 574], r: -8893, e: -8895, error: 47
#ERR  p: [1622, 575], r: -8885, e: -8887, error: 48
#ERR  p: [1623, 561], r: -9038, e: -9031, error: 49
#ERR  p: [1623, 562], r: -9023, e: -9021, error: 50
#ERR  p: [1623, 568], r: -8946, e: -8947, error: 51
#ERR  p: [1623, 569], r: -8938, e: -8939, error: 52
#ERR  p: [1623, 570], r: -8929, e: -8930, error: 53
#ERR  p: [1623, 571], r: -8923, e: -8924, error: 54
#ERR  p: [1623, 572], r: -8913, e: -8914, error: 55
#ERR  p: [1623, 573], r: -8900, e: -8901, error: 56
#ERR  p: [1623, 574], r: -8890, e: -8891, error: 57
#ERR  p: [1623, 575], r: -8895, e: -8897, error: 58
#ERR  p: [1624, 561], r: -9048, e: -9041, error: 59
#ERR  p: [1624, 562], r: -9033, e: -9026, error: 60
#ERR  p: [1624, 568], r: -8956, e: -8957, error: 61
#ERR  p: [1624, 569], r: -8947, e: -8948, error: 62
#ERR  p: [1624, 570], r: -8939, e: -8940, error: 63
#ERR  p: [1624, 571], r: -8933, e: -8934, error: 64
#ERR  p: [1624, 572], r: -8918, e: -8919, error: 65
#ERR  p: [1624, 573], r: -8910, e: -8911, error: 66
#ERR  p: [1624, 574], r: -8895, e: -8896, error: 67
#ERR  p: [1624, 575], r: -8893, e: -8894, error: 68
#ERR  p: [1625, 561], r: -9058, e: -9051, error: 69
#ERR  p: [1625, 562], r: -9043, e: -9036, error: 70
#ERR  p: [1625, 568], r: -8966, e: -8967, error: 71
#ERR  p: [1625, 569], r: -8957, e: -8958, error: 72
#ERR  p: [1625, 570], r: -8948, e: -8949, error: 73
#ERR  p: [1625, 571], r: -8943, e: -8944, error: 74
#ERR  p: [1625, 572], r: -8928, e: -8929, error: 75
#ERR  p: [1625, 573], r: -8919, e: -8920, error: 76
#ERR  p: [1625, 574], r: -8905, e: -8906, error: 77
#ERR  p: [1625, 575], r: -8898, e: -8899, error: 78
#ERR  p: [1625, 576], r: -8896, e: -8897, error: 79
#ERR  p: [1626, 561], r: -9068, e: -9061, error: 80
#ERR  p: [1626, 562], r: -9053, e: -9046, error: 81
#ERR  p: [1626, 568], r: -8976, e: -8977, error: 82
#ERR  p: [1626, 569], r: -8966, e: -8967, error: 83
#ERR  p: [1626, 570], r: -8958, e: -8959, error: 84
#ERR  p: [1626, 571], r: -8952, e: -8953, error: 85
#ERR  p: [1626, 572], r: -8938, e: -8939, error: 86
#ERR  p: [1626, 573], r: -8929, e: -8930, error: 87
#ERR  p: [1626, 574], r: -8915, e: -8916, error: 88
#ERR  p: [1626, 575], r: -8899, e: -8900, error: 89
#ERR  p: [1626, 576], r: -8899, e: -8900, error: 90
#ERR  p: [1627, 561], r: -9078, e: -9071, error: 91
#ERR  p: [1627, 562], r: -9063, e: -9056, error: 92
#ERR  p: [1627, 568], r: -8986, e: -8987, error: 93
#ERR  p: [1627, 569], r: -8976, e: -8977, error: 94
#ERR  p: [1627, 570], r: -8968, e: -8969, error: 95
#ERR  p: [1627, 571], r: -8962, e: -8963, error: 96
#ERR  p: [1627, 572], r: -8948, e: -8949, error: 97
#ERR  p: [1627, 573], r: -8939, e: -8940, error: 98
#ERR  p: [1627, 574], r: -8925, e: -8926, error: 99
#ERR  p: [1627, 575], r: -8909, e: -8910, error: 100
#ERR  p: [1627, 576], r: -8902, e: -8903, error: 101
#ERR  p: [1627, 577], r: -8901, e: -8902, error: 102
#ERR  p: [1628, 561], r: -9082, e: -9081, error: 103
#ERR  p: [1628, 562], r: -9073, e: -9066, error: 104
#ERR  p: [1628, 568], r: -8996, e: -8997, error: 105
#ERR  p: [1628, 569], r: -8986, e: -8987, error: 106
#ERR  p: [1628, 570], r: -8977, e: -8978, error: 107
#ERR  p: [1628, 571], r: -8972, e: -8973, error: 108
#ERR  p: [1628, 572], r: -8958, e: -8959, error: 109
#ERR  p: [1628, 573], r: -8949, e: -8950, error: 110
#ERR  p: [1628, 574], r: -8935, e: -8936, error: 111
#ERR  p: [1628, 575], r: -8919, e: -8920, error: 112
#ERR  p: [1628, 576], r: -8912, e: -8913, error: 113
#ERR  p: [1628, 577], r: -8899, e: -8900, error: 114
#ERR  p: [1628, 578], r: -8904, e: -8905, error: 115
#ERR  p: [1629, 561], r: -9092, e: -9091, error: 116
#ERR  p: [1629, 562], r: -9083, e: -9076, error: 117
#ERR  p: [1629, 568], r: -9006, e: -9007, error: 118
#ERR  p: [1629, 569], r: -8996, e: -8997, error: 119
#ERR  p: [1629, 570], r: -8987, e: -8988, error: 120
#ERR  p: [1629, 571], r: -8981, e: -8982, error: 121
#ERR  p: [1629, 572], r: -8968, e: -8969, error: 122
#ERR  p: [1629, 573], r: -8959, e: -8960, error: 123
#ERR  p: [1629, 574], r: -8945, e: -8946, error: 124
#ERR  p: [1629, 575], r: -8929, e: -8930, error: 125
#ERR  p: [1629, 576], r: -8921, e: -8922, error: 126
#ERR  p: [1629, 577], r: -8909, e: -8910, error: 127
#ERR  p: [1629, 578], r: -8901, e: -8902, error: 128
#ERR  p: [1629, 579], r: -8905, e: -8906, error: 129
#ERR  p: [1630, 561], r: -9102, e: -9101, error: 130
#ERR  p: [1630, 562], r: -9093, e: -9086, error: 131
#ERR  p: [1630, 568], r: -9016, e: -9017, error: 132
#ERR  p: [1630, 569], r: -9006, e: -9007, error: 133
#ERR  p: [1630, 570], r: -8997, e: -8998, error: 134
#ERR  p: [1630, 571], r: -8991, e: -8992, error: 135
#ERR  p: [1630, 572], r: -8978, e: -8979, error: 136
#ERR  p: [1630, 573], r: -8969, e: -8970, error: 137
#ERR  p: [1630, 574], r: -8955, e: -8956, error: 138
#ERR  p: [1630, 575], r: -8939, e: -8940, error: 139
#ERR  p: [1630, 576], r: -8931, e: -8932, error: 140
#ERR  p: [1630, 577], r: -8919, e: -8920, error: 141
#ERR  p: [1630, 578], r: -8911, e: -8912, error: 142
#ERR  p: [1630, 579], r: -8902, e: -8903, error: 143
#ERR  p: [1631, 561], r: -9112, e: -9111, error: 144
#ERR  p: [1631, 562], r: -9103, e: -9096, error: 145
#ERR  p: [1631, 568], r: -9026, e: -9027, error: 146
#ERR  p: [1631, 569], r: -9016, e: -9017, error: 147
#ERR  p: [1631, 570], r: -9007, e: -9008, error: 148
#ERR  p: [1631, 571], r: -9001, e: -9002, error: 149
#ERR  p: [1631, 572], r: -8988, e: -8989, error: 150
#ERR  p: [1631, 573], r: -8979, e: -8980, error: 151
#ERR  p: [1631, 574], r: -8965, e: -8966, error: 152
#ERR  p: [1631, 575], r: -8949, e: -8950, error: 153
#ERR  p: [1631, 576], r: -8941, e: -8942, error: 154
#ERR  p: [1631, 577], r: -8929, e: -8930, error: 155
#ERR  p: [1631, 578], r: -8921, e: -8922, error: 156
#ERR  p: [1631, 579], r: -8911, e: -8912, error: 157
#ERR  p: [1631, 580], r: -8904, e: -8905, error: 158
#ERR  p: [1632, 561], r: -9122, e: -9121, error: 159
#ERR  p: [1632, 562], r: -9111, e: -9106, error: 160
#ERR  p: [1632, 568], r: -9036, e: -9037, error: 161
#ERR  p: [1632, 569], r: -9026, e: -9027, error: 162
#ERR  p: [1632, 570], r: -9017, e: -9018, error: 163
#ERR  p: [1632, 571], r: -9011, e: -9012, error: 164
#ERR  p: [1632, 572], r: -8998, e: -8999, error: 165
#ERR  p: [1632, 573], r: -8989, e: -8990, error: 166
#ERR  p: [1632, 574], r: -8975, e: -8976, error: 167
#ERR  p: [1632, 575], r: -8959, e: -8960, error: 168
#ERR  p: [1632, 576], r: -8951, e: -8952, error: 169
#ERR  p: [1632, 577], r: -8939, e: -8940, error: 170
#ERR  p: [1632, 578], r: -8931, e: -8932, error: 171
#ERR  p: [1632, 579], r: -8921, e: -8922, error: 172
#ERR  p: [1632, 580], r: -8912, e: -8913, error: 173
#ERR  p: [1632, 581], r: -8906, e: -8907, error: 174
#ERR  p: [1633, 562], r: -9121, e: -9116, error: 175
#ERR  p: [1633, 568], r: -9046, e: -9047, error: 176
#ERR  p: [1633, 569], r: -9036, e: -9037, error: 177
#ERR  p: [1633, 570], r: -9027, e: -9028, error: 178
#ERR  p: [1633, 571], r: -9021, e: -9022, error: 179
#ERR  p: [1633, 572], r: -9008, e: -9009, error: 180
#ERR  p: [1633, 573], r: -8999, e: -9000, error: 181
#ERR  p: [1633, 574], r: -8985, e: -8986, error: 182
#ERR  p: [1633, 575], r: -8969, e: -8970, error: 183
#ERR  p: [1633, 576], r: -8961, e: -8962, error: 184
#ERR  p: [1633, 577], r: -8948, e: -8949, error: 185
#ERR  p: [1633, 578], r: -8941, e: -8942, error: 186
#ERR  p: [1633, 579], r: -8931, e: -8932, error: 187
#ERR  p: [1633, 580], r: -8918, e: -8919, error: 188
#ERR  p: [1633, 581], r: -8914, e: -8915, error: 189
#ERR  p: [1633, 582], r: -8908, e: -8909, error: 190
#ERR  p: [1634, 562], r: -9130, e: -9126, error: 191
#ERR  p: [1634, 569], r: -9046, e: -9047, error: 192
#ERR  p: [1634, 570], r: -9037, e: -9038, error: 193
#ERR  p: [1634, 571], r: -9031, e: -9032, error: 194
#ERR  p: [1634, 572], r: -9018, e: -9019, error: 195
#ERR  p: [1634, 573], r: -9007, e: -9008, error: 196
#ERR  p: [1634, 574], r: -8995, e: -8996, error: 197
#ERR  p: [1634, 575], r: -8979, e: -8980, error: 198
#ERR  p: [1634, 576], r: -8965, e: -8966, error: 199
#ERR  p: [1634, 577], r: -8958, e: -8959, error: 200
#ERR  p: [1634, 578], r: -8944, e: -8945, error: 201
#ERR  p: [1634, 579], r: -8941, e: -8942, error: 202
#ERR  p: [1634, 580], r: -8928, e: -8929, error: 203
#ERR  p: [1634, 581], r: -8918, e: -8919, error: 204
#ERR  p: [1634, 582], r: -8914, e: -8915, error: 205
#ERR  p: [1634, 583], r: -8909, e: -8910, error: 206
#ERR  p: [1635, 562], r: -9140, e: -9136, error: 207
#ERR  p: [1635, 570], r: -9047, e: -9048, error: 208
#ERR  p: [1635, 571], r: -9041, e: -9042, error: 209
#ERR  p: [1635, 572], r: -9028, e: -9029, error: 210
#ERR  p: [1635, 573], r: -9017, e: -9018, error: 211
#ERR  p: [1635, 574], r: -9005, e: -9006, error: 212
#ERR  p: [1635, 575], r: -8989, e: -8990, error: 213
#ERR  p: [1635, 576], r: -8975, e: -8976, error: 214
#ERR  p: [1635, 577], r: -8968, e: -8969, error: 215
#ERR  p: [1635, 578], r: -8954, e: -8955, error: 216
#ERR  p: [1635, 579], r: -8946, e: -8947, error: 217
#ERR  p: [1635, 580], r: -8938, e: -8939, error: 218
#ERR  p: [1635, 581], r: -8928, e: -8929, error: 219
#ERR  p: [1635, 582], r: -8918, e: -8919, error: 220
#ERR  p: [1635, 583], r: -8914, e: -8915, error: 221
#ERR  p: [1635, 584], r: -8905, e: -8906, error: 222
#ERR  p: [1636, 571], r: -9051, e: -9052, error: 223
#ERR  p: [1636, 572], r: -9038, e: -9039, error: 224
#ERR  p: [1636, 573], r: -9027, e: -9028, error: 225
#ERR  p: [1636, 574], r: -9015, e: -9016, error: 226
#ERR  p: [1636, 575], r: -8999, e: -9000, error: 227
#ERR  p: [1636, 576], r: -8985, e: -8986, error: 228
#ERR  p: [1636, 577], r: -8976, e: -8977, error: 229
#ERR  p: [1636, 578], r: -8964, e: -8965, error: 230
#ERR  p: [1636, 579], r: -8954, e: -8955, error: 231
#ERR  p: [1636, 580], r: -8947, e: -8948, error: 232
#ERR  p: [1636, 581], r: -8938, e: -8939, error: 233
#ERR  p: [1636, 582], r: -8928, e: -8929, error: 234
#ERR  p: [1636, 583], r: -8920, e: -8921, error: 235
#ERR  p: [1636, 584], r: -8915, e: -8916, error: 236
#ERR  p: [1636, 585], r: -8906, e: -8907, error: 237
#ERR  p: [1637, 572], r: -9048, e: -9049, error: 238
#ERR  p: [1637, 573], r: -9037, e: -9038, error: 239
#ERR  p: [1637, 574], r: -9025, e: -9026, error: 240
#ERR  p: [1637, 575], r: -9009, e: -9010, error: 241
#ERR  p: [1637, 576], r: -8995, e: -8996, error: 242
#ERR  p: [1637, 577], r: -8986, e: -8987, error: 243
#ERR  p: [1637, 578], r: -8974, e: -8975, error: 244
#ERR  p: [1637, 579], r: -8964, e: -8965, error: 245
#ERR  p: [1637, 580], r: -8957, e: -8958, error: 246
#ERR  p: [1637, 581], r: -8948, e: -8949, error: 247
#ERR  p: [1637, 582], r: -8938, e: -8939, error: 248
#ERR  p: [1637, 583], r: -8930, e: -8931, error: 249
#ERR  p: [1637, 584], r: -8924, e: -8925, error: 250
#ERR  p: [1637, 585], r: -8916, e: -8917, error: 251
#ERR  p: [1637, 586], r: -8910, e: -8911, error: 252
#ERR  p: [1638, 573], r: -9047, e: -9048, error: 253
#ERR  p: [1638, 574], r: -9035, e: -9036, error: 254
#ERR  p: [1638, 575], r: -9019, e: -9020, error: 255
#ERR  p: [1638, 576], r: -9005, e: -9006, error: 256
#ERR  p: [1638, 577], r: -8992, e: -8993, error: 257
#ERR  p: [1638, 578], r: -8984, e: -8985, error: 258
#ERR  p: [1638, 579], r: -8974, e: -8975, error: 259
#ERR  p: [1638, 580], r: -8961, e: -8962, error: 260
#ERR  p: [1638, 581], r: -8958, e: -8959, error: 261
#ERR  p: [1638, 582], r: -8948, e: -8949, error: 262
#ERR  p: [1638, 583], r: -8940, e: -8941, error: 263
#ERR  p: [1638, 584], r: -8933, e: -8934, error: 264
#ERR  p: [1638, 585], r: -8925, e: -8926, error: 265
#ERR  p: [1638, 586], r: -8918, e: -8919, error: 266
#ERR  p: [1638, 587], r: -8911, e: -8912, error: 267
#ERR  p: [1639, 574], r: -9045, e: -9046, error: 268
#ERR  p: [1639, 575], r: -9029, e: -9030, error: 269
#ERR  p: [1639, 576], r: -9015, e: -9016, error: 270
#ERR  p: [1639, 577], r: -9002, e: -9003, error: 271
#ERR  p: [1639, 578], r: -8988, e: -8989, error: 272
#ERR  p: [1639, 579], r: -8984, e: -8985, error: 273
#ERR  p: [1639, 580], r: -8971, e: -8972, error: 274
#ERR  p: [1639, 581], r: -8961, e: -8962, error: 275
#ERR  p: [1639, 582], r: -8958, e: -8959, error: 276
#ERR  p: [1639, 583], r: -8948, e: -8949, error: 277
#ERR  p: [1639, 584], r: -8936, e: -8937, error: 278
#ERR  p: [1639, 585], r: -8934, e: -8935, error: 279
#ERR  p: [1639, 586], r: -8925, e: -8926, error: 280
#ERR  p: [1639, 587], r: -8921, e: -8922, error: 281
#ERR  p: [1639, 588], r: -8911, e: -8912, error: 282
#ERR  p: [1640, 575], r: -9039, e: -9040, error: 283
#ERR  p: [1640, 576], r: -9025, e: -9026, error: 284
#ERR  p: [1640, 577], r: -9012, e: -9013, error: 285
#ERR  p: [1640, 578], r: -8998, e: -8999, error: 286
#ERR  p: [1640, 579], r: -8989, e: -8990, error: 287
#ERR  p: [1640, 580], r: -8981, e: -8982, error: 288
#ERR  p: [1640, 581], r: -8971, e: -8972, error: 289
#ERR  p: [1640, 582], r: -8963, e: -8964, error: 290
#ERR  p: [1640, 583], r: -8958, e: -8959, error: 291
#ERR  p: [1640, 584], r: -8946, e: -8947, error: 292
#ERR  p: [1640, 585], r: -8937, e: -8938, error: 293
#ERR  p: [1640, 586], r: -8935, e: -8936, error: 294
#ERR  p: [1640, 587], r: -8923, e: -8924, error: 295
#ERR  p: [1640, 588], r: -8921, e: -8922, error: 296
#ERR  p: [1641, 575], r: -9049, e: -9050, error: 297
#ERR  p: [1641, 576], r: -9035, e: -9036, error: 298
#ERR  p: [1641, 577], r: -9022, e: -9023, error: 299
#ERR  p: [1641, 578], r: -9008, e: -9009, error: 300
#ERR  p: [1641, 579], r: -8999, e: -9000, error: 301
#ERR  p: [1641, 580], r: -8991, e: -8992, error: 302
#ERR  p: [1641, 581], r: -8981, e: -8982, error: 303
#ERR  p: [1641, 582], r: -8971, e: -8972, error: 304
#ERR  p: [1641, 583], r: -8962, e: -8963, error: 305
#ERR  p: [1641, 584], r: -8956, e: -8957, error: 306
#ERR  p: [1641, 585], r: -8947, e: -8948, error: 307
#ERR  p: [1641, 586], r: -8937, e: -8938, error: 308
#ERR  p: [1641, 587], r: -8933, e: -8934, error: 309
#ERR  p: [1641, 588], r: -8921, e: -8922, error: 310
#ERR  p: [1641, 589], r: -8919, e: -8920, error: 311
#ERR  p: [1642, 575], r: -9059, e: -9060, error: 312
#ERR  p: [1642, 576], r: -9045, e: -9046, error: 313
#ERR  p: [1642, 577], r: -9029, e: -9030, error: 314
#ERR  p: [1642, 578], r: -9018, e: -9019, error: 315
#ERR  p: [1642, 579], r: -9009, e: -9010, error: 316
#ERR  p: [1642, 580], r: -8993, e: -8994, error: 317
#ERR  p: [1642, 581], r: -8991, e: -8992, error: 318
#ERR  p: [1642, 582], r: -8981, e: -8982, error: 319
#ERR  p: [1642, 583], r: -8972, e: -8973, error: 320
#ERR  p: [1642, 584], r: -8965, e: -8966, error: 321
#ERR  p: [1642, 585], r: -8957, e: -8958, error: 322
#ERR  p: [1642, 586], r: -8947, e: -8948, error: 323
#ERR  p: [1642, 587], r: -8937, e: -8938, error: 324
#ERR  p: [1642, 588], r: -8931, e: -8932, error: 325
#ERR  p: [1642, 589], r: -8924, e: -8925, error: 326
#ERR  p: [1642, 590], r: -8921, e: -8922, error: 327
#ERR  p: [1643, 576], r: -9055, e: -9056, error: 328
#ERR  p: [1643, 577], r: -9039, e: -9040, error: 329
#ERR  p: [1643, 578], r: -9028, e: -9029, error: 330
#ERR  p: [1643, 579], r: -9019, e: -9020, error: 331
#ERR  p: [1643, 580], r: -9003, e: -9004, error: 332
#ERR  p: [1643, 581], r: -8994, e: -8995, error: 333
#ERR  p: [1643, 582], r: -8991, e: -8992, error: 334
#ERR  p: [1643, 583], r: -8979, e: -8980, error: 335
#ERR  p: [1643, 584], r: -8973, e: -8974, error: 336
#ERR  p: [1643, 585], r: -8966, e: -8967, error: 337
#ERR  p: [1643, 586], r: -8957, e: -8958, error: 338
#ERR  p: [1643, 587], r: -8947, e: -8948, error: 339
#ERR  p: [1643, 588], r: -8936, e: -8937, error: 340
#ERR  p: [1643, 589], r: -8933, e: -8934, error: 341
#ERR  p: [1643, 590], r: -8927, e: -8928, error: 342
#ERR  p: [1644, 576], r: -9065, e: -9066, error: 343
#ERR  p: [1644, 577], r: -9049, e: -9050, error: 344
#ERR  p: [1644, 578], r: -9038, e: -9039, error: 345
#ERR  p: [1644, 579], r: -9028, e: -9029, error: 346
#ERR  p: [1644, 580], r: -9013, e: -9014, error: 347
#ERR  p: [1644, 581], r: -9004, e: -9005, error: 348
#ERR  p: [1644, 582], r: -8996, e: -8997, error: 349
#ERR  p: [1644, 583], r: -8989, e: -8990, error: 350
#ERR  p: [1644, 584], r: -8982, e: -8983, error: 351
#ERR  p: [1644, 585], r: -8974, e: -8975, error: 352
#ERR  p: [1644, 586], r: -8967, e: -8968, error: 353
#ERR  p: [1644, 587], r: -8956, e: -8957, error: 354
#ERR  p: [1644, 588], r: -8946, e: -8947, error: 355
#ERR  p: [1644, 589], r: -8939, e: -8940, error: 356
#ERR  p: [1644, 590], r: -8934, e: -8935, error: 357
#ERR  p: [1644, 591], r: -8924, e: -8925, error: 358
#ERR  p: [1645, 576], r: -9075, e: -9076, error: 359
#ERR  p: [1645, 577], r: -9059, e: -9060, error: 360
#ERR  p: [1645, 578], r: -9048, e: -9049, error: 361
#ERR  p: [1645, 579], r: -9038, e: -9039, error: 362
#ERR  p: [1645, 580], r: -9023, e: -9024, error: 363
#ERR  p: [1645, 581], r: -9012, e: -9013, error: 364
#ERR  p: [1645, 582], r: -9003, e: -9004, error: 365
#ERR  p: [1645, 583], r: -8997, e: -8998, error: 366
#ERR  p: [1645, 584], r: -8990, e: -8991, error: 367
#ERR  p: [1645, 585], r: -8982, e: -8983, error: 368
#ERR  p: [1645, 586], r: -8973, e: -8974, error: 369
#ERR  p: [1645, 587], r: -8966, e: -8967, error: 370
#ERR  p: [1645, 588], r: -8956, e: -8957, error: 371
#ERR  p: [1645, 589], r: -8947, e: -8948, error: 372
#ERR  p: [1645, 590], r: -8940, e: -8941, error: 373
#ERR  p: [1645, 591], r: -8934, e: -8935, error: 374
#ERR  p: [1645, 592], r: -8925, e: -8926, error: 375
#ERR  p: [1646, 576], r: -9085, e: -9086, error: 376
#ERR  p: [1646, 577], r: -9069, e: -9070, error: 377
#ERR  p: [1646, 578], r: -9058, e: -9059, error: 378
#ERR  p: [1646, 579], r: -9048, e: -9049, error: 379
#ERR  p: [1646, 580], r: -9033, e: -9034, error: 380
#ERR  p: [1646, 581], r: -9022, e: -9023, error: 381
#ERR  p: [1646, 582], r: -9012, e: -9013, error: 382
#ERR  p: [1646, 583], r: -9004, e: -9005, error: 383
#ERR  p: [1646, 584], r: -8998, e: -8999, error: 384
#ERR  p: [1646, 585], r: -8991, e: -8992, error: 385
#ERR  p: [1646, 586], r: -8982, e: -8983, error: 386
#ERR  p: [1646, 587], r: -8974, e: -8975, error: 387
#ERR  p: [1646, 588], r: -8966, e: -8967, error: 388
#ERR  p: [1646, 589], r: -8957, e: -8958, error: 389
#ERR  p: [1646, 590], r: -8949, e: -8950, error: 390
#ERR  p: [1646, 591], r: -8941, e: -8942, error: 391
#ERR  p: [1646, 592], r: -8935, e: -8936, error: 392
#ERR  p: [1647, 577], r: -9079, e: -9080, error: 393
#ERR  p: [1647, 578], r: -9068, e: -9069, error: 394
#ERR  p: [1647, 579], r: -9058, e: -9059, error: 395
#ERR  p: [1647, 580], r: -9043, e: -9044, error: 396
#ERR  p: [1647, 581], r: -9032, e: -9033, error: 397
#ERR  p: [1647, 582], r: -9022, e: -9023, error: 398
#ERR  p: [1647, 583], r: -9011, e: -9012, error: 399
#ERR  p: [1647, 584], r: -9003, e: -9004, error: 400
#ERR  p: [1647, 585], r: -8999, e: -9000, error: 401
#ERR  p: [1647, 586], r: -8991, e: -8992, error: 402
#ERR  p: [1647, 587], r: -8983, e: -8984, error: 403
#ERR  p: [1647, 588], r: -8971, e: -8972, error: 404
#ERR  p: [1647, 589], r: -8965, e: -8966, error: 405
#ERR  p: [1647, 590], r: -8959, e: -8960, error: 406
#ERR  p: [1647, 591], r: -8951, e: -8952, error: 407
#ERR  p: [1647, 592], r: -8940, e: -8941, error: 408
#ERR  p: [1648, 578], r: -9078, e: -9079, error: 409
#ERR  p: [1648, 579], r: -9068, e: -9069, error: 410
#ERR  p: [1648, 580], r: -9052, e: -9053, error: 411
#ERR  p: [1648, 581], r: -9042, e: -9043, error: 412
#ERR  p: [1648, 582], r: -9032, e: -9033, error: 413
#ERR  p: [1648, 583], r: -9021, e: -9022, error: 414
#ERR  p: [1648, 584], r: -9013, e: -9014, error: 415
#ERR  p: [1648, 585], r: -9004, e: -9005, error: 416
#ERR  p: [1648, 586], r: -9001, e: -9002, error: 417
#ERR  p: [1648, 587], r: -8991, e: -8992, error: 418
#ERR  p: [1648, 588], r: -8981, e: -8982, error: 419
#ERR  p: [1648, 589], r: -8974, e: -8975, error: 420
#ERR  p: [1648, 590], r: -8967, e: -8968, error: 421
#ERR  p: [1648, 591], r: -8959, e: -8960, error: 422
#ERR  p: [1648, 592], r: -8950, e: -8951, error: 423
#ERR  p: [1648, 593], r: -8942, e: -8943, error: 424
#ERR  p: [1649, 579], r: -9078, e: -9079, error: 425
#ERR  p: [1649, 580], r: -9062, e: -9063, error: 426
#ERR  p: [1649, 581], r: -9052, e: -9053, error: 427
#ERR  p: [1649, 582], r: -9042, e: -9043, error: 428
#ERR  p: [1649, 583], r: -9031, e: -9032, error: 429
#ERR  p: [1649, 584], r: -9020, e: -9021, error: 430
#ERR  p: [1649, 585], r: -9014, e: -9015, error: 431
#ERR  p: [1649, 586], r: -9004, e: -9005, error: 432
#ERR  p: [1649, 587], r: -9001, e: -9002, error: 433
#ERR  p: [1649, 588], r: -8989, e: -8990, error: 434
#ERR  p: [1649, 589], r: -8979, e: -8980, error: 435
#ERR  p: [1649, 590], r: -8977, e: -8978, error: 436
#ERR  p: [1649, 591], r: -8969, e: -8970, error: 437
#ERR  p: [1649, 592], r: -8958, e: -8959, error: 438
#ERR  p: [1649, 593], r: -8952, e: -8953, error: 439
#ERR  p: [1650, 580], r: -9072, e: -9073, error: 440
#ERR  p: [1650, 581], r: -9062, e: -9063, error: 441
#ERR  p: [1650, 582], r: -9052, e: -9053, error: 442
#ERR  p: [1650, 583], r: -9041, e: -9042, error: 443
#ERR  p: [1650, 584], r: -9030, e: -9031, error: 444
#ERR  p: [1650, 585], r: -9022, e: -9023, error: 445
#ERR  p: [1650, 586], r: -9014, e: -9015, error: 446
#ERR  p: [1650, 587], r: -9006, e: -9007, error: 447
#ERR  p: [1650, 588], r: -8999, e: -9000, error: 448
#ERR  p: [1650, 589], r: -8989, e: -8990, error: 449
#ERR  p: [1650, 590], r: -8982, e: -8983, error: 450
#ERR  p: [1650, 591], r: -8979, e: -8980, error: 451
#ERR  p: [1650, 592], r: -8968, e: -8969, error: 452
#ERR  p: [1650, 593], r: -8961, e: -8962, error: 453
#ERR  p: [1651, 580], r: -9082, e: -9083, error: 454
#ERR  p: [1651, 581], r: -9072, e: -9073, error: 455
#ERR  p: [1651, 582], r: -9062, e: -9063, error: 456
#ERR  p: [1651, 583], r: -9051, e: -9052, error: 457
#ERR  p: [1651, 584], r: -9040, e: -9041, error: 458
#ERR  p: [1651, 585], r: -9032, e: -9033, error: 459
#ERR  p: [1651, 586], r: -9023, e: -9024, error: 460
#ERR  p: [1651, 587], r: -9015, e: -9016, error: 461
#ERR  p: [1651, 588], r: -9009, e: -9010, error: 462
#ERR  p: [1651, 589], r: -8999, e: -9000, error: 463
#ERR  p: [1651, 590], r: -8980, e: -8981, error: 464
#ERR  p: [1651, 591], r: -8983, e: -8984, error: 465
#ERR  p: [1651, 592], r: -8978, e: -8979, error: 466
#ERR  p: [1651, 593], r: -8959, e: -8960, error: 467
#ERR  p: [1652, 580], r: -9092, e: -9093, error: 468
#ERR  p: [1652, 581], r: -9082, e: -9083, error: 469
#ERR  p: [1652, 582], r: -9072, e: -9073, error: 470
#ERR  p: [1652, 583], r: -9057, e: -9058, error: 471
#ERR  p: [1652, 584], r: -9050, e: -9051, error: 472
#ERR  p: [1652, 585], r: -9041, e: -9042, error: 473
#ERR  p: [1652, 586], r: -9032, e: -9033, error: 474
#ERR  p: [1652, 587], r: -9024, e: -9025, error: 475
#ERR  p: [1652, 588], r: -9014, e: -9015, error: 476
#ERR  p: [1652, 589], r: -9009, e: -9010, error: 477
#ERR  p: [1652, 590], r: -8990, e: -8991, error: 478
#ERR  p: [1652, 591], r: -8983, e: -8984, error: 479
#ERR  p: [1652, 592], r: -8978, e: -8979, error: 480
#ERR  p: [1652, 593], r: -8969, e: -8970, error: 481
#ERR  p: [1652, 594], r: -8961, e: -8962, error: 482
#ERR  p: [1653, 580], r: -9102, e: -9103, error: 483
#ERR  p: [1653, 581], r: -9092, e: -9093, error: 484
#ERR  p: [1653, 582], r: -9082, e: -9083, error: 485
#ERR  p: [1653, 583], r: -9067, e: -9068, error: 486
#ERR  p: [1653, 584], r: -9057, e: -9058, error: 487
#ERR  p: [1653, 585], r: -9051, e: -9052, error: 488
#ERR  p: [1653, 586], r: -9041, e: -9042, error: 489
#ERR  p: [1653, 587], r: -9033, e: -9034, error: 490
#ERR  p: [1653, 588], r: -9023, e: -9024, error: 491
#ERR  p: [1653, 589], r: -9015, e: -9016, error: 492
#ERR  p: [1653, 590], r: -9000, e: -9001, error: 493
#ERR  p: [1653, 591], r: -8993, e: -8994, error: 494
#ERR  p: [1653, 592], r: -8978, e: -8979, error: 495
#ERR  p: [1653, 593], r: -8979, e: -8980, error: 496
#ERR  p: [1653, 594], r: -8971, e: -8972, error: 497
#ERR  p: [1653, 595], r: -8960, e: -8961, error: 498
#ERR  p: [1654, 580], r: -9112, e: -9113, error: 499
#SDC Ite:0 KerTime:0.294342 AccTime:0.294342 KerErr:500 AccErr:500
#END