#HEADER max_rows:2048 max_cols:2048 penalty:10
#BEGIN Y:2016 M:09 D:12 Time:15:41:42
#IT Ite:0 KerTime:0.294928 AccTime:0.294928
#ERR Error detected! kerrors = 44
#ERR  p: [389, 2034], r: -14894, e: -14885, error: 1
#ERR  p: [390, 2035], r: -14889, e: -14880, error: 2
#ERR  p: [390, 2036], r: -14897, e: -14890, error: 3
#ERR  p: [390, 2037], r: -14907, e: -14900, error: 4
#ERR  p: [390, 2038], r: -14915, e: -14910, error: 5
#ERR  p: [390, 2039], r: -14925, e: -14920, error: 6
#ERR  p: [390, 2040], r: -14933, e: -14930, error: 7
#ERR  p: [390, 2041], r: -14943, e: -14940, error: 8
#ERR  p: [390, 2042], r: -14953, e: -14950, error: 9
#ERR  p: [390, 2043], r: -14963, e: -14960, error: 10
#ERR  p: [390, 2044], r: -14973, e: -14970, error: 11
#ERR  p: [390, 2045], r: -14983, e: -14980, error: 12
#ERR  p: [390, 2046], r: -14993, e: -14990, error: 13
#ERR  p: [390, 2047], r: -15001, e: -15000, error: 14
#ERR  p: [390, 2048], r: -15011, e: -15010, error: 15
#ERR  p: [391, 2036], r: -14884, e: -14881, error: 16
#ERR  p: [391, 2037], r: -14894, e: -14891, error: 17
#ERR  p: [391, 2038], r: -14904, e: -14900, error: 18
#ERR  p: [391, 2039], r: -14914, e: -14910, error: 19
#ERR  p: [391, 2040], r: -14921, e: -14916, error: 20
#ERR  p: [391, 2041], r: -14931, e: -14926, error: 21
#ERR  p: [391, 2042], r: -14941, e: -14936, error: 22
#ERR  p: [391, 2043], r: -14951, e: -14946, error: 23
#ERR  p: [391, 2044], r: -14961, e: -14956, error: 24
#ERR  p: [391, 2045], r: -14971, e: -14966, error: 25
#ERR  p: [391, 2046], r: -14981, e: -14976, error: 26
#ERR  p: [391, 2047], r: -14989, e: -14986, error: 27
#ERR  p: [391, 2048], r: -14999, e: -14996, error: 28
#ERR  p: [392, 2041], r: -14919, e: -14918, error: 29
#ERR  p: [392, 2042], r: -14929, e: -14927, error: 30
#ERR  p: [392, 2043], r: -14939, e: -14936, error: 31
#ERR  p: [392, 2044], r: -14949, e: -14946, error: 32
#ERR  p: [392, 2045], r: -14959, e: -14956, error: 33
#ERR  p: [392, 2046], r: -14969, e: -14966, error: 34
#ERR  p: [392, 2047], r: -14979, e: -14976, error: 35
#ERR  p: [392, 2048], r: -14989, e: -14986, error: 36
#ERR  p: [393, 2042], r: -14917, e: -14916, error: 37
#ERR  p: [393, 2043], r: -14927, e: -14926, error: 38
#ERR  p: [393, 2044], r: -14937, e: -14934, error: 39
#ERR  p: [393, 2045], r: -14947, e: -14944, error: 40
#ERR  p: [393, 2046], r: -14957, e: -14954, error: 41
#ERR  p: [393, 2047], r: -14967, e: -14964, error: 42
#ERR  p: [393, 2048], r: -14977, e: -14974, error: 43
#ERR  p: [394, 2044], r: -14925, e: -14924, error: 44
#ERR  p: [394, 2045], r: -14935, e: -14934, error: 45
#ERR  p: [394, 2046], r: -14945, e: -14944, error: 46
#ERR  p: [394, 2047], r: -14955, e: -14954, error: 47
#ERR  p: [394, 2048], r: -14965, e: -14964, error: 48
#ERR  p: [395, 2047], r: -14942, e: -14941, error: 49
#ERR  p: [395, 2048], r: -14952, e: -14951, error: 50
#ERR  p: [396, 2048], r: -14944, e: -14943, error: 51
#SDC Ite:0 KerTime:0.294928 AccTime:0.294928 KerErr:51 AccErr:51
#END