#HEADER max_rows:2048 max_cols:2048 penalty:10
#BEGIN Y:2016 M:09 D:12 Time:14:35:32
#IT Ite:0 KerTime:0.294317 AccTime:0.294317
#ERR Error detected! kerrors = 62640
#ERR  p: [1928, 1526], r: 1136885504, e: -3112, error: 1
#ERR  p: [1928, 1527], r: 1136885494, e: -3105, error: 2
#ERR  p: [1928, 1528], r: 1136885484, e: -3112, error: 3
#ERR  p: [1928, 1529], r: 1136885474, e: -3103, error: 4
#ERR  p: [1928, 1530], r: 1136885464, e: -3098, error: 5
#ERR  p: [1928, 1531], r: 1136885454, e: -3089, error: 6
#ERR  p: [1928, 1532], r: 1136885444, e: -3083, error: 7
#ERR  p: [1928, 1533], r: 1136885434, e: -3074, error: 8
#ERR  p: [1928, 1534], r: 1136885424, e: -3065, error: 9
#ERR  p: [1928, 1535], r: 1136885414, e: -3057, error: 10
#ERR  p: [1928, 1536], r: 1136885404, e: -3049, error: 11
#ERR  p: [1928, 1537], r: 1136885394, e: -3038, error: 12
#ERR  p: [1928, 1538], r: 1136885384, e: -3029, error: 13
#ERR  p: [1928, 1539], r: 1136885374, e: -3021, error: 14
#ERR  p: [1928, 1540], r: 1136885364, e: -3013, error: 15
#ERR  p: [1928, 1541], r: 1136885354, e: -3006, error: 16
#ERR  p: [1928, 1542], r: 1136885344, e: -3009, error: 17
#ERR  p: [1928, 1543], r: 1136885334, e: -3000, error: 18
#ERR  p: [1928, 1544], r: 1136885324, e: -2990, error: 19
#ERR  p: [1928, 1545], r: 1136885314, e: -2982, error: 20
#ERR  p: [1928, 1546], r: 1136885304, e: -2974, error: 21
#ERR  p: [1928, 1547], r: 1136885294, e: -2967, error: 22
#ERR  p: [1928, 1548], r: 1136885284, e: -2960, error: 23
#ERR  p: [1928, 1549], r: 1136885274, e: -2957, error: 24
#ERR  p: [1928, 1550], r: 1136885264, e: -2950, error: 25
#ERR  p: [1928, 1551], r: 1136885254, e: -2945, error: 26
#ERR  p: [1928, 1552], r: 1136885244, e: -2952, error: 27
#ERR  p: [1928, 1553], r: 1136885234, e: -2950, error: 28
#ERR  p: [1928, 1554], r: 1136885224, e: -2939, error: 29
#ERR  p: [1928, 1555], r: 1136885214, e: -2929, error: 30
#ERR  p: [1928, 1556], r: 1136885204, e: -2919, error: 31
#ERR  p: [1928, 1557], r: 1136885194, e: -2909, error: 32
#ERR  p: [1928, 1558], r: 1136885184, e: -2893, error: 33
#ERR  p: [1928, 1559], r: 1136885174, e: -2883, error: 34
#ERR  p: [1928, 1560], r: 1136885164, e: -2874, error: 35
#ERR  p: [1928, 1561], r: 1136885154, e: -2861, error: 36
#ERR  p: [1928, 1562], r: 1136885144, e: -2853, error: 37
#ERR  p: [1928, 1563], r: 1136885134, e: -2846, error: 38
#ERR  p: [1928, 1564], r: 1136885124, e: -2840, error: 39
#ERR  p: [1928, 1565], r: 1136885114, e: -2827, error: 40
#ERR  p: [1928, 1566], r: 1136885104, e: -2824, error: 41
#ERR  p: [1928, 1567], r: 1136885094, e: -2819, error: 42
#ERR  p: [1928, 1568], r: 1136885084, e: -2802, error: 43
#ERR  p: [1928, 1569], r: 1136885074, e: -2794, error: 44
#ERR  p: [1928, 1570], r: 1136885064, e: -2788, error: 45
#ERR  p: [1928, 1571], r: 1136885054, e: -2780, error: 46
#ERR  p: [1928, 1572], r: 1136885044, e: -2773, error: 47
#ERR  p: [1928, 1573], r: 1136885034, e: -2767, error: 48
#ERR  p: [1928, 1574], r: 1136885024, e: -2759, error: 49
#ERR  p: [1928, 1575], r: 1136885014, e: -2752, error: 50
#ERR  p: [1928, 1576], r: 1136885004, e: -2744, error: 51
#ERR  p: [1928, 1577], r: 1136884994, e: -2739, error: 52
#ERR  p: [1928, 1578], r: 1136884984, e: -2740, error: 53
#ERR  p: [1928, 1579], r: 1136884974, e: -2741, error: 54
#ERR  p: [1928, 1580], r: 1136884964, e: -2733, error: 55
#ERR  p: [1928, 1581], r: 1136884954, e: -2725, error: 56
#ERR  p: [1928, 1582], r: 1136884944, e: -2717, error: 57
#ERR  p: [1928, 1583], r: 1136884934, e: -2704, error: 58
#ERR  p: [1928, 1584], r: 1136884924, e: -2691, error: 59
#ERR  p: [1928, 1585], r: 1136884914, e: -2681, error: 60
#ERR  p: [1928, 1586], r: 1136884904, e: -2672, error: 61
#ERR  p: [1928, 1587], r: 1136884894, e: -2660, error: 62
#ERR  p: [1928, 1588], r: 1136884884, e: -2648, error: 63
#ERR  p: [1928, 1589], r: 1136884874, e: -2649, error: 64
#ERR  p: [1928, 1590], r: 1136884864, e: -2650, error: 65
#ERR  p: [1928, 1591], r: 1136884854, e: -2643, error: 66
#ERR  p: [1928, 1592], r: 1136884844, e: -2636, error: 67
#ERR  p: [1928, 1593], r: 1136884834, e: -2637, error: 68
#ERR  p: [1928, 1594], r: 1136884824, e: -2625, error: 69
#ERR  p: [1928, 1595], r: 1136884814, e: -2617, error: 70
#ERR  p: [1928, 1596], r: 1136884804, e: -2605, error: 71
#ERR  p: [1928, 1597], r: 1136884794, e: -2598, error: 72
#ERR  p: [1928, 1598], r: 1136884784, e: -2595, error: 73
#ERR  p: [1928, 1599], r: 1136884774, e: -2588, error: 74
#ERR  p: [1928, 1600], r: 1136884764, e: -2570, error: 75
#ERR  p: [1928, 1601], r: 1136884754, e: -2562, error: 76
#ERR  p: [1928, 1602], r: 1136884744, e: -2554, error: 77
#ERR  p: [1928, 1603], r: 1136884734, e: -2547, error: 78
#ERR  p: [1928, 1604], r: 1136884724, e: -2539, error: 79
#ERR  p: [1928, 1605], r: 1136884714, e: -2536, error: 80
#ERR  p: [1928, 1606], r: 1136884704, e: -2525, error: 81
#ERR  p: [1928, 1607], r: 1136884694, e: -2516, error: 82
#ERR  p: [1928, 1608], r: 1136884684, e: -2508, error: 83
#ERR  p: [1928, 1609], r: 1136884674, e: -2515, error: 84
#ERR  p: [1928, 1610], r: 1136884664, e: -2522, error: 85
#ERR  p: [1928, 1611], r: 1136884654, e: -2515, error: 86
#ERR  p: [1928, 1612], r: 1136884644, e: -2508, error: 87
#ERR  p: [1928, 1613], r: 1136884634, e: -2496, error: 88
#ERR  p: [1928, 1614], r: 1136884624, e: -2488, error: 89
#ERR  p: [1928, 1615], r: 1136884614, e: -2482, error: 90
#ERR  p: [1928, 1616], r: 1136884604, e: -2473, error: 91
#ERR  p: [1928, 1617], r: 1136884594, e: -2464, error: 92
#ERR  p: [1928, 1618], r: 1136884584, e: -2457, error: 93
#ERR  p: [1928, 1619], r: 1136884574, e: -2449, error: 94
#ERR  p: [1928, 1620], r: 1136884564, e: -2442, error: 95
#ERR  p: [1928, 1621], r: 1136884554, e: -2436, error: 96
#ERR  p: [1928, 1622], r: 1136884544, e: -2437, error: 97
#ERR  p: [1928, 1623], r: 1136884534, e: -2444, error: 98
#ERR  p: [1928, 1624], r: 1136884524, e: -2430, error: 99
#ERR  p: [1928, 1625], r: 1136884514, e: -2422, error: 100
#ERR  p: [1928, 1626], r: 1136884504, e: -2414, error: 101
#ERR  p: [1928, 1627], r: 1136884494, e: -2408, error: 102
#ERR  p: [1928, 1628], r: 1136884484, e: -2400, error: 103
#ERR  p: [1928, 1629], r: 1136884474, e: -2395, error: 104
#ERR  p: [1928, 1630], r: 1136884464, e: -2388, error: 105
#ERR  p: [1928, 1631], r: 1136884454, e: -2377, error: 106
#ERR  p: [1928, 1632], r: 1136884444, e: -2376, error: 107
#ERR  p: [1928, 1633], r: 1136884434, e: -2372, error: 108
#ERR  p: [1928, 1634], r: 1136884424, e: -2359, error: 109
#ERR  p: [1928, 1635], r: 1136884414, e: -2350, error: 110
#ERR  p: [1928, 1636], r: 1136884404, e: -2348, error: 111
#ERR  p: [1928, 1637], r: 1136884394, e: -2339, error: 112
#ERR  p: [1928, 1638], r: 1136884384, e: -2331, error: 113
#ERR  p: [1928, 1639], r: 1136884374, e: -2323, error: 114
#ERR  p: [1928, 1640], r: 1136884364, e: -2315, error: 115
#ERR  p: [1928, 1641], r: 1136884354, e: -2308, error: 116
#ERR  p: [1928, 1642], r: 1136884344, e: -2312, error: 117
#ERR  p: [1928, 1643], r: 1136884334, e: -2306, error: 118
#ERR  p: [1928, 1644], r: 1136884324, e: -2306, error: 119
#ERR  p: [1928, 1645], r: 1136884314, e: -2297, error: 120
#ERR  p: [1928, 1646], r: 1136884304, e: -2294, error: 121
#ERR  p: [1928, 1647], r: 1136884294, e: -2302, error: 122
#ERR  p: [1928, 1648], r: 1136884284, e: -2300, error: 123
#ERR  p: [1928, 1649], r: 1136884274, e: -2301, error: 124
#ERR  p: [1928, 1650], r: 1136884264, e: -2298, error: 125
#ERR  p: [1928, 1651], r: 1136884254, e: -2294, error: 126
#ERR  p: [1928, 1652], r: 1136884244, e: -2288, error: 127
#ERR  p: [1928, 1653], r: 1136884234, e: -2281, error: 128
#ERR  p: [1928, 1654], r: 1136884224, e: -2271, error: 129
#ERR  p: [1928, 1655], r: 1136884214, e: -2262, error: 130
#ERR  p: [1928, 1656], r: 1136884204, e: -2252, error: 131
#ERR  p: [1928, 1657], r: 1136884194, e: -2240, error: 132
#ERR  p: [1928, 1658], r: 1136884184, e: -2230, error: 133
#ERR  p: [1928, 1659], r: 1136884174, e: -2221, error: 134
#ERR  p: [1928, 1660], r: 1136884164, e: -2212, error: 135
#ERR  p: [1928, 1661], r: 1136884154, e: -2205, error: 136
#ERR  p: [1928, 1662], r: 1136884144, e: -2199, error: 137
#ERR  p: [1928, 1663], r: 1136884134, e: -2195, error: 138
#ERR  p: [1928, 1664], r: 1136884124, e: -2200, error: 139
#ERR  p: [1928, 1665], r: 1136884114, e: -2196, error: 140
#ERR  p: [1928, 1666], r: 1136884104, e: -2188, error: 141
#ERR  p: [1928, 1667], r: 1136884094, e: -2182, error: 142
#ERR  p: [1928, 1668], r: 1136884084, e: -2176, error: 143
#ERR  p: [1928, 1669], r: 1136884074, e: -2167, error: 144
#ERR  p: [1928, 1670], r: 1136884064, e: -2165, error: 145
#ERR  p: [1928, 1671], r: 1136884054, e: -2160, error: 146
#ERR  p: [1928, 1672], r: 1136884044, e: -2149, error: 147
#ERR  p: [1928, 1673], r: 1136884034, e: -2141, error: 148
#ERR  p: [1928, 1674], r: 1136884024, e: -2139, error: 149
#ERR  p: [1928, 1675], r: 1136884014, e: -2132, error: 150
#ERR  p: [1928, 1676], r: 1136884004, e: -2125, error: 151
#ERR  p: [1928, 1677], r: 1136883994, e: -2117, error: 152
#ERR  p: [1928, 1678], r: 1136883984, e: -2122, error: 153
#ERR  p: [1928, 1679], r: 1136883974, e: -2115, error: 154
#ERR  p: [1928, 1680], r: 1136883964, e: -2117, error: 155
#ERR  p: [1928, 1681], r: 1136883954, e: -2111, error: 156
#ERR  p: [1928, 1682], r: 1136883944, e: -2106, error: 157
#ERR  p: [1928, 1683], r: 1136883934, e: -2110, error: 158
#ERR  p: [1928, 1684], r: 1136883924, e: -2106, error: 159
#ERR  p: [1928, 1685], r: 1136883914, e: -2105, error: 160
#ERR  p: [1928, 1686], r: 1136883904, e: -2097, error: 161
#ERR  p: [1928, 1687], r: 1136883894, e: -2089, error: 162
#ERR  p: [1928, 1688], r: 1136883884, e: -2073, error: 163
#ERR  p: [1928, 1689], r: 1136883874, e: -2064, error: 164
#ERR  p: [1928, 1690], r: 1136883864, e: -2055, error: 165
#ERR  p: [1928, 1691], r: 1136883854, e: -2047, error: 166
#ERR  p: [1928, 1692], r: 1136883844, e: -2047, error: 167
#ERR  p: [1928, 1693], r: 1136883834, e: -2047, error: 168
#ERR  p: [1928, 1694], r: 1136883824, e: -2053, error: 169
#ERR  p: [1928, 1695], r: 1136883814, e: -2050, error: 170
#ERR  p: [1928, 1696], r: 1136883804, e: -2041, error: 171
#ERR  p: [1928, 1697], r: 1136883794, e: -2038, error: 172
#ERR  p: [1928, 1698], r: 1136883784, e: -2026, error: 173
#ERR  p: [1928, 1699], r: 1136883774, e: -2029, error: 174
#ERR  p: [1928, 1700], r: 1136883764, e: -2028, error: 175
#ERR  p: [1928, 1701], r: 1136883754, e: -2024, error: 176
#ERR  p: [1928, 1702], r: 1136883744, e: -2012, error: 177
#ERR  p: [1928, 1703], r: 1136883734, e: -2017, error: 178
#ERR  p: [1928, 1704], r: 1136883724, e: -2008, error: 179
#ERR  p: [1928, 1705], r: 1136883714, e: -1996, error: 180
#ERR  p: [1928, 1706], r: 1136883704, e: -2004, error: 181
#ERR  p: [1928, 1707], r: 1136883694, e: -2001, error: 182
#ERR  p: [1928, 1708], r: 1136883684, e: -1996, error: 183
#ERR  p: [1928, 1709], r: 1136883674, e: -1990, error: 184
#ERR  p: [1928, 1710], r: 1136883664, e: -1997, error: 185
#ERR  p: [1928, 1711], r: 1136883654, e: -2004, error: 186
#ERR  p: [1928, 1712], r: 1136883644, e: -1999, error: 187
#ERR  p: [1928, 1713], r: 1136883634, e: -1994, error: 188
#ERR  p: [1928, 1714], r: 1136883624, e: -1988, error: 189
#ERR  p: [1928, 1715], r: 1136883614, e: -1982, error: 190
#ERR  p: [1928, 1716], r: 1136883604, e: -1972, error: 191
#ERR  p: [1928, 1717], r: 1136883594, e: -1967, error: 192
#ERR  p: [1928, 1718], r: 1136883584, e: -1969, error: 193
#ERR  p: [1928, 1719], r: 1136883574, e: -1976, error: 194
#ERR  p: [1928, 1720], r: 1136883564, e: -1980, error: 195
#ERR  p: [1928, 1721], r: 1136883554, e: -1968, error: 196
#ERR  p: [1928, 1722], r: 1136883544, e: -1953, error: 197
#ERR  p: [1928, 1723], r: 1136883534, e: -1951, error: 198
#ERR  p: [1928, 1724], r: 1136883524, e: -1946, error: 199
#ERR  p: [1928, 1725], r: 1136883514, e: -1933, error: 200
#ERR  p: [1928, 1726], r: 1136883504, e: -1926, error: 201
#ERR  p: [1928, 1727], r: 1136883494, e: -1925, error: 202
#ERR  p: [1928, 1728], r: 1136883484, e: -1928, error: 203
#ERR  p: [1928, 1729], r: 1136883474, e: -1921, error: 204
#ERR  p: [1928, 1730], r: 1136883464, e: -1908, error: 205
#ERR  p: [1928, 1731], r: 1136883454, e: -1912, error: 206
#ERR  p: [1928, 1732], r: 1136883444, e: -1915, error: 207
#ERR  p: [1928, 1733], r: 1136883434, e: -1914, error: 208
#ERR  p: [1928, 1734], r: 1136883424, e: -1919, error: 209
#ERR  p: [1928, 1735], r: 1136883414, e: -1910, error: 210
#ERR  p: [1928, 1736], r: 1136883404, e: -1903, error: 211
#ERR  p: [1928, 1737], r: 1136883394, e: -1895, error: 212
#ERR  p: [1928, 1738], r: 1136883384, e: -1886, error: 213
#ERR  p: [1928, 1739], r: 1136883374, e: -1883, error: 214
#ERR  p: [1928, 1740], r: 1136883364, e: -1876, error: 215
#ERR  p: [1928, 1741], r: 1136883354, e: -1869, error: 216
#ERR  p: [1928, 1742], r: 1136883344, e: -1857, error: 217
#ERR  p: [1928, 1743], r: 1136883334, e: -1844, error: 218
#ERR  p: [1928, 1744], r: 1136883324, e: -1841, error: 219
#ERR  p: [1928, 1745], r: 1136883314, e: -1841, error: 220
#ERR  p: [1928, 1746], r: 1136883304, e: -1834, error: 221
#ERR  p: [1928, 1747], r: 1136883294, e: -1827, error: 222
#ERR  p: [1928, 1748], r: 1136883284, e: -1827, error: 223
#ERR  p: [1928, 1749], r: 1136883274, e: -1834, error: 224
#ERR  p: [1928, 1750], r: 1136883264, e: -1829, error: 225
#ERR  p: [1928, 1751], r: 1136883254, e: -1828, error: 226
#ERR  p: [1928, 1752], r: 1136883244, e: -1814, error: 227
#ERR  p: [1928, 1753], r: 1136883234, e: -1806, error: 228
#ERR  p: [1928, 1754], r: 1136883224, e: -1794, error: 229
#ERR  p: [1928, 1755], r: 1136883214, e: -1788, error: 230
#ERR  p: [1928, 1756], r: 1136883204, e: -1787, error: 231
#ERR  p: [1928, 1757], r: 1136883194, e: -1787, error: 232
#ERR  p: [1928, 1758], r: 1136883184, e: -1785, error: 233
#ERR  p: [1928, 1759], r: 1136883174, e: -1785, error: 234
#ERR  p: [1928, 1760], r: 1136883164, e: -1778, error: 235
#ERR  p: [1928, 1761], r: 1136883154, e: -1771, error: 236
#ERR  p: [1928, 1762], r: 1136883144, e: -1764, error: 237
#ERR  p: [1928, 1763], r: 1136883134, e: -1755, error: 238
#ERR  p: [1928, 1764], r: 1136883124, e: -1747, error: 239
#ERR  p: [1928, 1765], r: 1136883114, e: -1738, error: 240
#ERR  p: [1928, 1766], r: 1136883104, e: -1738, error: 241
#ERR  p: [1928, 1767], r: 1136883094, e: -1731, error: 242
#ERR  p: [1928, 1768], r: 1136883084, e: -1719, error: 243
#ERR  p: [1928, 1769], r: 1136883074, e: -1713, error: 244
#ERR  p: [1928, 1770], r: 1136883064, e: -1710, error: 245
#ERR  p: [1928, 1771], r: 1136883054, e: -1703, error: 246
#ERR  p: [1928, 1772], r: 1136883044, e: -1691, error: 247
#ERR  p: [1928, 1773], r: 1136883034, e: -1692, error: 248
#ERR  p: [1928, 1774], r: 1136883024, e: -1696, error: 249
#ERR  p: [1928, 1775], r: 1136883014, e: -1688, error: 250
#ERR  p: [1928, 1776], r: 1136883004, e: -1685, error: 251
#ERR  p: [1928, 1777], r: 1136882994, e: -1678, error: 252
#ERR  p: [1928, 1778], r: 1136882984, e: -1679, error: 253
#ERR  p: [1928, 1779], r: 1136882974, e: -1677, error: 254
#ERR  p: [1928, 1780], r: 1136882964, e: -1674, error: 255
#ERR  p: [1928, 1781], r: 1136882954, e: -1683, error: 256
#ERR  p: [1928, 1782], r: 1136882944, e: -1682, error: 257
#ERR  p: [1928, 1783], r: 1136882934, e: -1674, error: 258
#ERR  p: [1928, 1784], r: 1136882924, e: -1670, error: 259
#ERR  p: [1928, 1785], r: 1136882914, e: -1663, error: 260
#ERR  p: [1928, 1786], r: 1136882904, e: -1657, error: 261
#ERR  p: [1928, 1787], r: 1136882894, e: -1645, error: 262
#ERR  p: [1928, 1788], r: 1136882884, e: -1644, error: 263
#ERR  p: [1928, 1789], r: 1136882874, e: -1641, error: 264
#ERR  p: [1928, 1790], r: 1136882864, e: -1636, error: 265
#ERR  p: [1928, 1791], r: 1136882854, e: -1630, error: 266
#ERR  p: [1928, 1792], r: 1136882844, e: -1633, error: 267
#ERR  p: [1928, 1793], r: 1136882834, e: -1629, error: 268
#ERR  p: [1928, 1794], r: 1136882824, e: -1630, error: 269
#ERR  p: [1928, 1795], r: 1136882814, e: -1639, error: 270
#ERR  p: [1928, 1796], r: 1136882804, e: -1646, error: 271
#ERR  p: [1928, 1797], r: 1136882794, e: -1647, error: 272
#ERR  p: [1928, 1798], r: 1136882784, e: -1639, error: 273
#ERR  p: [1928, 1799], r: 1136882774, e: -1623, error: 274
#ERR  p: [1928, 1800], r: 1136882764, e: -1606, error: 275
#ERR  p: [1928, 1801], r: 1136882754, e: -1594, error: 276
#ERR  p: [1928, 1802], r: 1136882744, e: -1596, error: 277
#ERR  p: [1928, 1803], r: 1136882734, e: -1593, error: 278
#ERR  p: [1928, 1804], r: 1136882724, e: -1599, error: 279
#ERR  p: [1928, 1805], r: 1136882714, e: -1589, error: 280
#ERR  p: [1928, 1806], r: 1136882704, e: -1581, error: 281
#ERR  p: [1928, 1807], r: 1136882694, e: -1590, error: 282
#ERR  p: [1928, 1808], r: 1136882684, e: -1588, error: 283
#ERR  p: [1928, 1809], r: 1136882674, e: -1593, error: 284
#ERR  p: [1928, 1810], r: 1136882664, e: -1586, error: 285
#ERR  p: [1928, 1811], r: 1136882654, e: -1578, error: 286
#ERR  p: [1928, 1812], r: 1136882644, e: -1572, error: 287
#ERR  p: [1928, 1813], r: 1136882634, e: -1570, error: 288
#ERR  p: [1928, 1814], r: 1136882624, e: -1573, error: 289
#ERR  p: [1928, 1815], r: 1136882614, e: -1574, error: 290
#ERR  p: [1928, 1816], r: 1136882604, e: -1572, error: 291
#ERR  p: [1928, 1817], r: 1136882594, e: -1560, error: 292
#ERR  p: [1928, 1818], r: 1136882584, e: -1561, error: 293
#ERR  p: [1928, 1819], r: 1136882574, e: -1558, error: 294
#ERR  p: [1928, 1820], r: 1136882564, e: -1551, error: 295
#ERR  p: [1928, 1821], r: 1136882554, e: -1547, error: 296
#ERR  p: [1928, 1822], r: 1136882544, e: -1543, error: 297
#ERR  p: [1928, 1823], r: 1136882534, e: -1534, error: 298
#ERR  p: [1928, 1824], r: 1136882524, e: -1526, error: 299
#ERR  p: [1928, 1825], r: 1136882514, e: -1522, error: 300
#ERR  p: [1928, 1826], r: 1136882504, e: -1514, error: 301
#ERR  p: [1928, 1827], r: 1136882494, e: -1520, error: 302
#ERR  p: [1928, 1828], r: 1136882484, e: -1528, error: 303
#ERR  p: [1928, 1829], r: 1136882474, e: -1538, error: 304
#ERR  p: [1928, 1830], r: 1136882464, e: -1532, error: 305
#ERR  p: [1928, 1831], r: 1136882454, e: -1536, error: 306
#ERR  p: [1928, 1832], r: 1136882444, e: -1529, error: 307
#ERR  p: [1928, 1833], r: 1136882434, e: -1534, error: 308
#ERR  p: [1928, 1834], r: 1136882424, e: -1525, error: 309
#ERR  p: [1928, 1835], r: 1136882414, e: -1521, error: 310
#ERR  p: [1928, 1836], r: 1136882404, e: -1513, error: 311
#ERR  p: [1928, 1837], r: 1136882394, e: -1504, error: 312
#ERR  p: [1928, 1838], r: 1136882384, e: -1501, error: 313
#ERR  p: [1928, 1839], r: 1136882374, e: -1509, error: 314
#ERR  p: [1928, 1840], r: 1136882364, e: -1510, error: 315
#ERR  p: [1928, 1841], r: 1136882354, e: -1502, error: 316
#ERR  p: [1928, 1842], r: 1136882344, e: -1507, error: 317
#ERR  p: [1928, 1843], r: 1136882334, e: -1507, error: 318
#ERR  p: [1928, 1844], r: 1136882324, e: -1513, error: 319
#ERR  p: [1928, 1845], r: 1136882314, e: -1520, error: 320
#ERR  p: [1928, 1846], r: 1136882304, e: -1515, error: 321
#ERR  p: [1928, 1847], r: 1136882294, e: -1508, error: 322
#ERR  p: [1928, 1848], r: 1136882284, e: -1506, error: 323
#ERR  p: [1928, 1849], r: 1136882274, e: -1498, error: 324
#ERR  p: [1928, 1850], r: 1136882264, e: -1497, error: 325
#ERR  p: [1928, 1851], r: 1136882254, e: -1491, error: 326
#ERR  p: [1928, 1852], r: 1136882244, e: -1490, error: 327
#ERR  p: [1928, 1853], r: 1136882234, e: -1498, error: 328
#ERR  p: [1928, 1854], r: 1136882224, e: -1508, error: 329
#ERR  p: [1928, 1855], r: 1136882214, e: -1509, error: 330
#ERR  p: [1928, 1856], r: 1136882204, e: -1501, error: 331
#ERR  p: [1928, 1857], r: 1136882194, e: -1484, error: 332
#ERR  p: [1928, 1858], r: 1136882184, e: -1481, error: 333
#ERR  p: [1928, 1859], r: 1136882174, e: -1480, error: 334
#ERR  p: [1928, 1860], r: 1136882164, e: -1471, error: 335
#ERR  p: [1928, 1861], r: 1136882154, e: -1462, error: 336
#ERR  p: [1928, 1862], r: 1136882144, e: -1454, error: 337
#ERR  p: [1928, 1863], r: 1136882134, e: -1455, error: 338
#ERR  p: [1928, 1864], r: 1136882124, e: -1465, error: 339
#ERR  p: [1928, 1865], r: 1136882114, e: -1473, error: 340
#ERR  p: [1928, 1866], r: 1136882104, e: -1474, error: 341
#ERR  p: [1928, 1867], r: 1136882094, e: -1478, error: 342
#ERR  p: [1928, 1868], r: 1136882084, e: -1473, error: 343
#ERR  p: [1928, 1869], r: 1136882074, e: -1469, error: 344
#ERR  p: [1928, 1870], r: 1136882064, e: -1461, error: 345
#ERR  p: [1928, 1871], r: 1136882054, e: -1449, error: 346
#ERR  p: [1928, 1872], r: 1136882044, e: -1432, error: 347
#ERR  p: [1928, 1873], r: 1136882034, e: -1424, error: 348
#ERR  p: [1928, 1874], r: 1136882024, e: -1416, error: 349
#ERR  p: [1928, 1875], r: 1136882014, e: -1404, error: 350
#ERR  p: [1928, 1876], r: 1136882004, e: -1411, error: 351
#ERR  p: [1928, 1877], r: 1136881994, e: -1420, error: 352
#ERR  p: [1928, 1878], r: 1136881984, e: -1411, error: 353
#ERR  p: [1928, 1879], r: 1136881974, e: -1399, error: 354
#ERR  p: [1928, 1880], r: 1136881964, e: -1391, error: 355
#ERR  p: [1928, 1881], r: 1136881954, e: -1386, error: 356
#ERR  p: [1928, 1882], r: 1136881944, e: -1379, error: 357
#ERR  p: [1928, 1883], r: 1136881934, e: -1371, error: 358
#ERR  p: [1928, 1884], r: 1136881924, e: -1364, error: 359
#ERR  p: [1928, 1885], r: 1136881914, e: -1367, error: 360
#ERR  p: [1928, 1886], r: 1136881904, e: -1375, error: 361
#ERR  p: [1928, 1887], r: 1136881894, e: -1368, error: 362
#ERR  p: [1928, 1888], r: 1136881884, e: -1365, error: 363
#ERR  p: [1928, 1889], r: 1136881874, e: -1371, error: 364
#ERR  p: [1928, 1890], r: 1136881864, e: -1374, error: 365
#ERR  p: [1928, 1891], r: 1136881854, e: -1382, error: 366
#ERR  p: [1928, 1892], r: 1136881844, e: -1386, error: 367
#ERR  p: [1928, 1893], r: 1136881834, e: -1393, error: 368
#ERR  p: [1928, 1894], r: 1136881824, e: -1399, error: 369
#ERR  p: [1928, 1895], r: 1136881814, e: -1390, error: 370
#ERR  p: [1928, 1896], r: 1136881804, e: -1378, error: 371
#ERR  p: [1928, 1897], r: 1136881794, e: -1370, error: 372
#ERR  p: [1928, 1898], r: 1136881784, e: -1378, error: 373
#ERR  p: [1928, 1899], r: 1136881774, e: -1371, error: 374
#ERR  p: [1928, 1900], r: 1136881764, e: -1381, error: 375
#ERR  p: [1928, 1901], r: 1136881754, e: -1388, error: 376
#ERR  p: [1928, 1902], r: 1136881744, e: -1395, error: 377
#ERR  p: [1928, 1903], r: 1136881734, e: -1389, error: 378
#ERR  p: [1928, 1904], r: 1136881724, e: -1381, error: 379
#ERR  p: [1928, 1905], r: 1136881714, e: -1388, error: 380
#ERR  p: [1928, 1906], r: 1136881704, e: -1395, error: 381
#ERR  p: [1928, 1907], r: 1136881694, e: -1403, error: 382
#ERR  p: [1928, 1908], r: 1136881684, e: -1405, error: 383
#ERR  p: [1928, 1909], r: 1136881674, e: -1407, error: 384
#ERR  p: [1928, 1910], r: 1136881664, e: -1417, error: 385
#ERR  p: [1928, 1911], r: 1136881654, e: -1423, error: 386
#ERR  p: [1928, 1912], r: 1136881644, e: -1415, error: 387
#ERR  p: [1928, 1913], r: 1136881634, e: -1409, error: 388
#ERR  p: [1928, 1914], r: 1136881624, e: -1416, error: 389
#ERR  p: [1928, 1915], r: 1136881614, e: -1418, error: 390
#ERR  p: [1928, 1916], r: 1136881604, e: -1425, error: 391
#ERR  p: [1928, 1917], r: 1136881594, e: -1434, error: 392
#ERR  p: [1928, 1918], r: 1136881584, e: -1443, error: 393
#ERR  p: [1928, 1919], r: 1136881574, e: -1449, error: 394
#ERR  p: [1928, 1920], r: 1136881564, e: -1458, error: 395
#ERR  p: [1928, 1921], r: 1136881554, e: -1465, error: 396
#ERR  p: [1928, 1922], r: 1136881544, e: -1467, error: 397
#ERR  p: [1928, 1923], r: 1136881534, e: -1471, error: 398
#ERR  p: [1928, 1924], r: 1136881524, e: -1470, error: 399
#ERR  p: [1928, 1925], r: 1136881514, e: -1474, error: 400
#ERR  p: [1928, 1926], r: 1136881504, e: -1475, error: 401
#ERR  p: [1928, 1927], r: 1136881494, e: -1478, error: 402
#ERR  p: [1928, 1928], r: 1136881484, e: -1479, error: 403
#ERR  p: [1928, 1929], r: 1136881474, e: -1488, error: 404
#ERR  p: [1928, 1930], r: 1136881464, e: -1497, error: 405
#ERR  p: [1928, 1931], r: 1136881454, e: -1507, error: 406
#ERR  p: [1928, 1932], r: 1136881444, e: -1517, error: 407
#ERR  p: [1928, 1933], r: 1136881434, e: -1508, error: 408
#ERR  p: [1928, 1934], r: 1136881424, e: -1496, error: 409
#ERR  p: [1928, 1935], r: 1136881414, e: -1503, error: 410
#ERR  p: [1928, 1936], r: 1136881404, e: -1508, error: 411
#ERR  p: [1928, 1937], r: 1136881394, e: -1508, error: 412
#ERR  p: [1928, 1938], r: 1136881384, e: -1518, error: 413
#ERR  p: [1928, 1939], r: 1136881374, e: -1514, error: 414
#ERR  p: [1928, 1940], r: 1136881364, e: -1505, error: 415
#ERR  p: [1928, 1941], r: 1136881354, e: -1497, error: 416
#ERR  p: [1928, 1942], r: 1136881344, e: -1481, error: 417
#ERR  p: [1928, 1943], r: 1136881334, e: -1478, error: 418
#ERR  p: [1928, 1944], r: 1136881324, e: -1480, error: 419
#ERR  p: [1928, 1945], r: 1136881314, e: -1473, error: 420
#ERR  p: [1928, 1946], r: 1136881304, e: -1465, error: 421
#ERR  p: [1928, 1947], r: 1136881294, e: -1457, error: 422
#ERR  p: [1928, 1948], r: 1136881284, e: -1466, error: 423
#ERR  p: [1928, 1949], r: 1136881274, e: -1470, error: 424
#ERR  p: [1928, 1950], r: 1136881264, e: -1479, error: 425
#ERR  p: [1928, 1951], r: 1136881254, e: -1487, error: 426
#ERR  p: [1928, 1952], r: 1136881244, e: -1492, error: 427
#ERR  p: [1928, 1953], r: 1136881234, e: -1480, error: 428
#ERR  p: [1928, 1954], r: 1136881224, e: -1484, error: 429
#ERR  p: [1928, 1955], r: 1136881214, e: -1494, error: 430
#ERR  p: [1928, 1956], r: 1136881204, e: -1499, error: 431
#ERR  p: [1928, 1957], r: 1136881194, e: -1503, error: 432
#ERR  p: [1928, 1958], r: 1136881184, e: -1511, error: 433
#ERR  p: [1928, 1959], r: 1136881174, e: -1515, error: 434
#ERR  p: [1928, 1960], r: 1136881164, e: -1506, error: 435
#ERR  p: [1928, 1961], r: 1136881154, e: -1499, error: 436
#ERR  p: [1928, 1962], r: 1136881144, e: -1491, error: 437
#ERR  p: [1928, 1963], r: 1136881134, e: -1497, error: 438
#ERR  p: [1928, 1964], r: 1136881124, e: -1507, error: 439
#ERR  p: [1928, 1965], r: 1136881114, e: -1517, error: 440
#ERR  p: [1928, 1966], r: 1136881104, e: -1527, error: 441
#ERR  p: [1928, 1967], r: 1136881094, e: -1533, error: 442
#ERR  p: [1928, 1968], r: 1136881084, e: -1543, error: 443
#ERR  p: [1928, 1969], r: 1136881074, e: -1541, error: 444
#ERR  p: [1928, 1970], r: 1136881064, e: -1537, error: 445
#ERR  p: [1928, 1971], r: 1136881054, e: -1545, error: 446
#ERR  p: [1928, 1972], r: 1136881044, e: -1555, error: 447
#ERR  p: [1928, 1973], r: 1136881034, e: -1553, error: 448
#ERR  p: [1928, 1974], r: 1136881024, e: -1548, error: 449
#ERR  p: [1928, 1975], r: 1136881014, e: -1549, error: 450
#ERR  p: [1928, 1976], r: 1136881004, e: -1543, error: 451
#ERR  p: [1928, 1977], r: 1136880994, e: -1547, error: 452
#ERR  p: [1928, 1978], r: 1136880984, e: -1541, error: 453
#ERR  p: [1928, 1979], r: 1136880974, e: -1532, error: 454
#ERR  p: [1928, 1980], r: 1136880964, e: -1519, error: 455
#ERR  p: [1928, 1981], r: 1136880954, e: -1512, error: 456
#ERR  p: [1928, 1982], r: 1136880944, e: -1508, error: 457
#ERR  p: [1928, 1983], r: 1136880934, e: -1515, error: 458
#ERR  p: [1928, 1984], r: 1136880924, e: -1522, error: 459
#ERR  p: [1928, 1985], r: 1136880914, e: -1523, error: 460
#ERR  p: [1928, 1986], r: 1136880904, e: -1521, error: 461
#ERR  p: [1928, 1987], r: 1136880894, e: -1512, error: 462
#ERR  p: [1928, 1988], r: 1136880884, e: -1522, error: 463
#ERR  p: [1928, 1989], r: 1136880874, e: -1532, error: 464
#ERR  p: [1928, 1990], r: 1136880864, e: -1535, error: 465
#ERR  p: [1928, 1991], r: 1136880854, e: -1523, error: 466
#ERR  p: [1928, 1992], r: 1136880844, e: -1527, error: 467
#ERR  p: [1928, 1993], r: 1136880834, e: -1534, error: 468
#ERR  p: [1928, 1994], r: 1136880824, e: -1527, error: 469
#ERR  p: [1928, 1995], r: 1136880814, e: -1536, error: 470
#ERR  p: [1928, 1996], r: 1136880804, e: -1526, error: 471
#ERR  p: [1928, 1997], r: 1136880794, e: -1533, error: 472
#ERR  p: [1928, 1998], r: 1136880784, e: -1541, error: 473
#ERR  p: [1928, 1999], r: 1136880774, e: -1548, error: 474
#ERR  p: [1928, 2000], r: 1136880764, e: -1554, error: 475
#ERR  p: [1928, 2001], r: 1136880754, e: -1546, error: 476
#ERR  p: [1928, 2002], r: 1136880744, e: -1554, error: 477
#ERR  p: [1928, 2003], r: 1136880734, e: -1549, error: 478
#ERR  p: [1928, 2004], r: 1136880724, e: -1557, error: 479
#ERR  p: [1928, 2005], r: 1136880714, e: -1566, error: 480
#ERR  p: [1928, 2006], r: 1136880704, e: -1564, error: 481
#ERR  p: [1928, 2007], r: 1136880694, e: -1557, error: 482
#ERR  p: [1928, 2008], r: 1136880684, e: -1557, error: 483
#ERR  p: [1928, 2009], r: 1136880674, e: -1560, error: 484
#ERR  p: [1928, 2010], r: 1136880664, e: -1557, error: 485
#ERR  p: [1928, 2011], r: 1136880654, e: -1565, error: 486
#ERR  p: [1928, 2012], r: 1136880644, e: -1572, error: 487
#ERR  p: [1928, 2013], r: 1136880634, e: -1566, error: 488
#ERR  p: [1928, 2014], r: 1136880624, e: -1572, error: 489
#ERR  p: [1928, 2015], r: 1136880614, e: -1576, error: 490
#ERR  p: [1928, 2016], r: 1136880604, e: -1576, error: 491
#ERR  p: [1928, 2017], r: 1136880594, e: -1568, error: 492
#ERR  p: [1928, 2018], r: 1136880584, e: -1562, error: 493
#ERR  p: [1928, 2019], r: 1136880574, e: -1559, error: 494
#ERR  p: [1928, 2020], r: 1136880564, e: -1547, error: 495
#ERR  p: [1928, 2021], r: 1136880554, e: -1557, error: 496
#ERR  p: [1928, 2022], r: 1136880544, e: -1567, error: 497
#ERR  p: [1928, 2023], r: 1136880534, e: -1577, error: 498
#ERR  p: [1928, 2024], r: 1136880524, e: -1567, error: 499
#SDC Ite:0 KerTime:0.294317 AccTime:0.294317 KerErr:500 AccErr:500
#END