#HEADER max_rows:2048 max_cols:2048 penalty:10
#BEGIN Y:2016 M:09 D:12 Time:15:10:40
#IT Ite:0 KerTime:0.294819 AccTime:0.294819
#ERR Error detected! kerrors = 1324600
#ERR  p: [1123, 616], r: 2013991030, e: -3998, error: 1
#ERR  p: [1123, 617], r: 2013991020, e: -3990, error: 2
#ERR  p: [1123, 618], r: 2013991010, e: -3979, error: 3
#ERR  p: [1123, 619], r: 2013991000, e: -3973, error: 4
#ERR  p: [1123, 620], r: 2013990990, e: -3963, error: 5
#ERR  p: [1123, 621], r: 2013990980, e: -3959, error: 6
#ERR  p: [1123, 622], r: 2013990970, e: -3945, error: 7
#ERR  p: [1123, 623], r: 2013990960, e: -3931, error: 8
#ERR  p: [1123, 624], r: 2013990950, e: -3924, error: 9
#ERR  p: [1123, 625], r: 2013990940, e: -3905, error: 10
#ERR  p: [1123, 626], r: 2013990930, e: -3899, error: 11
#ERR  p: [1123, 627], r: 2013990920, e: -3881, error: 12
#ERR  p: [1123, 628], r: 2013990910, e: -3872, error: 13
#ERR  p: [1123, 629], r: 2013990900, e: -3864, error: 14
#ERR  p: [1123, 630], r: 2013990890, e: -3870, error: 15
#ERR  p: [1123, 631], r: 2013990880, e: -3858, error: 16
#ERR  p: [1123, 632], r: 2013990870, e: -3854, error: 17
#ERR  p: [1123, 633], r: 2013990860, e: -3848, error: 18
#ERR  p: [1123, 634], r: 2013990850, e: -3839, error: 19
#ERR  p: [1123, 635], r: 2013990840, e: -3829, error: 20
#ERR  p: [1123, 636], r: 2013990830, e: -3829, error: 21
#ERR  p: [1123, 637], r: 2013990820, e: -3824, error: 22
#ERR  p: [1123, 638], r: 2013990810, e: -3815, error: 23
#ERR  p: [1123, 639], r: 2013990800, e: -3811, error: 24
#ERR  p: [1123, 640], r: 2013990790, e: -3801, error: 25
#ERR  p: [1123, 641], r: 2013990780, e: -3796, error: 26
#ERR  p: [1123, 642], r: 2013990770, e: -3791, error: 27
#ERR  p: [1123, 643], r: 2013990760, e: -3786, error: 28
#ERR  p: [1123, 644], r: 2013990750, e: -3789, error: 29
#ERR  p: [1123, 645], r: 2013990740, e: -3783, error: 30
#ERR  p: [1123, 646], r: 2013990730, e: -3774, error: 31
#ERR  p: [1123, 647], r: 2013990720, e: -3764, error: 32
#ERR  p: [1123, 648], r: 2013990710, e: -3754, error: 33
#ERR  p: [1123, 649], r: 2013990700, e: -3744, error: 34
#ERR  p: [1123, 650], r: 2013990690, e: -3731, error: 35
#ERR  p: [1123, 651], r: 2013990680, e: -3713, error: 36
#ERR  p: [1123, 652], r: 2013990670, e: -3704, error: 37
#ERR  p: [1123, 653], r: 2013990660, e: -3697, error: 38
#ERR  p: [1123, 654], r: 2013990650, e: -3689, error: 39
#ERR  p: [1123, 655], r: 2013990640, e: -3679, error: 40
#ERR  p: [1123, 656], r: 2013990630, e: -3667, error: 41
#ERR  p: [1123, 657], r: 2013990620, e: -3659, error: 42
#ERR  p: [1123, 658], r: 2013990610, e: -3649, error: 43
#ERR  p: [1123, 659], r: 2013990600, e: -3641, error: 44
#ERR  p: [1123, 660], r: 2013990590, e: -3633, error: 45
#ERR  p: [1123, 661], r: 2013990580, e: -3619, error: 46
#ERR  p: [1123, 662], r: 2013990570, e: -3612, error: 47
#ERR  p: [1123, 663], r: 2013990560, e: -3601, error: 48
#ERR  p: [1123, 664], r: 2013990550, e: -3603, error: 49
#ERR  p: [1123, 665], r: 2013990540, e: -3597, error: 50
#ERR  p: [1123, 666], r: 2013990530, e: -3585, error: 51
#ERR  p: [1123, 667], r: 2013990520, e: -3574, error: 52
#ERR  p: [1123, 668], r: 2013990510, e: -3566, error: 53
#ERR  p: [1123, 669], r: 2013990500, e: -3557, error: 54
#ERR  p: [1123, 670], r: 2013990490, e: -3553, error: 55
#ERR  p: [1123, 671], r: 2013990480, e: -3546, error: 56
#ERR  p: [1123, 672], r: 2013990470, e: -3530, error: 57
#ERR  p: [1123, 673], r: 2013990460, e: -3517, error: 58
#ERR  p: [1123, 674], r: 2013990450, e: -3505, error: 59
#ERR  p: [1123, 675], r: 2013990440, e: -3497, error: 60
#ERR  p: [1123, 676], r: 2013990430, e: -3488, error: 61
#ERR  p: [1123, 677], r: 2013990420, e: -3477, error: 62
#ERR  p: [1123, 678], r: 2013990410, e: -3469, error: 63
#ERR  p: [1123, 679], r: 2013990400, e: -3460, error: 64
#ERR  p: [1123, 680], r: 2013990390, e: -3452, error: 65
#ERR  p: [1123, 681], r: 2013990380, e: -3434, error: 66
#ERR  p: [1123, 682], r: 2013990370, e: -3423, error: 67
#ERR  p: [1123, 683], r: 2013990360, e: -3417, error: 68
#ERR  p: [1123, 684], r: 2013990350, e: -3409, error: 69
#ERR  p: [1123, 685], r: 2013990340, e: -3401, error: 70
#ERR  p: [1123, 686], r: 2013990330, e: -3404, error: 71
#ERR  p: [1123, 687], r: 2013990320, e: -3390, error: 72
#ERR  p: [1123, 688], r: 2013990310, e: -3384, error: 73
#ERR  p: [1123, 689], r: 2013990300, e: -3373, error: 74
#ERR  p: [1123, 690], r: 2013990290, e: -3364, error: 75
#ERR  p: [1123, 691], r: 2013990280, e: -3354, error: 76
#ERR  p: [1123, 692], r: 2013990270, e: -3344, error: 77
#ERR  p: [1123, 693], r: 2013990260, e: -3337, error: 78
#ERR  p: [1123, 694], r: 2013990250, e: -3336, error: 79
#ERR  p: [1123, 695], r: 2013990240, e: -3328, error: 80
#ERR  p: [1123, 696], r: 2013990230, e: -3319, error: 81
#ERR  p: [1123, 697], r: 2013990220, e: -3312, error: 82
#ERR  p: [1123, 698], r: 2013990210, e: -3302, error: 83
#ERR  p: [1123, 699], r: 2013990200, e: -3294, error: 84
#ERR  p: [1123, 700], r: 2013990190, e: -3287, error: 85
#ERR  p: [1123, 701], r: 2013990180, e: -3277, error: 86
#ERR  p: [1123, 702], r: 2013990170, e: -3266, error: 87
#ERR  p: [1123, 703], r: 2013990160, e: -3256, error: 88
#ERR  p: [1123, 704], r: 2013990150, e: -3243, error: 89
#ERR  p: [1123, 705], r: 2013990140, e: -3236, error: 90
#ERR  p: [1123, 706], r: 2013990130, e: -3226, error: 91
#ERR  p: [1123, 707], r: 2013990120, e: -3210, error: 92
#ERR  p: [1123, 708], r: 2013990110, e: -3200, error: 93
#ERR  p: [1123, 709], r: 2013990100, e: -3194, error: 94
#ERR  p: [1123, 710], r: 2013990090, e: -3184, error: 95
#ERR  p: [1123, 711], r: 2013990080, e: -3172, error: 96
#ERR  p: [1123, 712], r: 2013990070, e: -3162, error: 97
#ERR  p: [1123, 713], r: 2013990060, e: -3152, error: 98
#ERR  p: [1123, 714], r: 2013990050, e: -3138, error: 99
#ERR  p: [1123, 715], r: 2013990040, e: -3130, error: 100
#ERR  p: [1123, 716], r: 2013990030, e: -3123, error: 101
#ERR  p: [1123, 717], r: 2013990020, e: -3122, error: 102
#ERR  p: [1123, 718], r: 2013990010, e: -3114, error: 103
#ERR  p: [1123, 719], r: 2013990000, e: -3104, error: 104
#ERR  p: [1123, 720], r: 2013989990, e: -3094, error: 105
#ERR  p: [1123, 721], r: 2013989980, e: -3082, error: 106
#ERR  p: [1123, 722], r: 2013989970, e: -3073, error: 107
#ERR  p: [1123, 723], r: 2013989960, e: -3075, error: 108
#ERR  p: [1123, 724], r: 2013989950, e: -3072, error: 109
#ERR  p: [1123, 725], r: 2013989940, e: -3065, error: 110
#ERR  p: [1123, 726], r: 2013989930, e: -3056, error: 111
#ERR  p: [1123, 727], r: 2013989920, e: -3063, error: 112
#ERR  p: [1123, 728], r: 2013989910, e: -3062, error: 113
#ERR  p: [1123, 729], r: 2013989900, e: -3061, error: 114
#ERR  p: [1123, 730], r: 2013989890, e: -3056, error: 115
#ERR  p: [1123, 731], r: 2013989880, e: -3044, error: 116
#ERR  p: [1123, 732], r: 2013989870, e: -3037, error: 117
#ERR  p: [1123, 733], r: 2013989860, e: -3029, error: 118
#ERR  p: [1123, 734], r: 2013989850, e: -3019, error: 119
#ERR  p: [1123, 735], r: 2013989840, e: -3009, error: 120
#ERR  p: [1123, 736], r: 2013989830, e: -3001, error: 121
#ERR  p: [1123, 737], r: 2013989820, e: -2988, error: 122
#ERR  p: [1123, 738], r: 2013989810, e: -2978, error: 123
#ERR  p: [1123, 739], r: 2013989800, e: -2972, error: 124
#ERR  p: [1123, 740], r: 2013989790, e: -2964, error: 125
#ERR  p: [1123, 741], r: 2013989780, e: -2953, error: 126
#ERR  p: [1123, 742], r: 2013989770, e: -2943, error: 127
#ERR  p: [1123, 743], r: 2013989760, e: -2936, error: 128
#ERR  p: [1123, 744], r: 2013989750, e: -2927, error: 129
#ERR  p: [1123, 745], r: 2013989740, e: -2916, error: 130
#ERR  p: [1123, 746], r: 2013989730, e: -2905, error: 131
#ERR  p: [1123, 747], r: 2013989720, e: -2895, error: 132
#ERR  p: [1123, 748], r: 2013989710, e: -2890, error: 133
#ERR  p: [1123, 749], r: 2013989700, e: -2878, error: 134
#ERR  p: [1123, 750], r: 2013989690, e: -2868, error: 135
#ERR  p: [1123, 751], r: 2013989680, e: -2864, error: 136
#ERR  p: [1123, 752], r: 2013989670, e: -2850, error: 137
#ERR  p: [1123, 753], r: 2013989660, e: -2855, error: 138
#ERR  p: [1123, 754], r: 2013989650, e: -2848, error: 139
#ERR  p: [1123, 755], r: 2013989640, e: -2843, error: 140
#ERR  p: [1123, 756], r: 2013989630, e: -2840, error: 141
#ERR  p: [1123, 757], r: 2013989620, e: -2833, error: 142
#ERR  p: [1123, 758], r: 2013989610, e: -2819, error: 143
#ERR  p: [1123, 759], r: 2013989600, e: -2813, error: 144
#ERR  p: [1123, 760], r: 2013989590, e: -2802, error: 145
#ERR  p: [1123, 761], r: 2013989580, e: -2797, error: 146
#ERR  p: [1123, 762], r: 2013989570, e: -2788, error: 147
#ERR  p: [1123, 763], r: 2013989560, e: -2777, error: 148
#ERR  p: [1123, 764], r: 2013989550, e: -2768, error: 149
#ERR  p: [1123, 765], r: 2013989540, e: -2754, error: 150
#ERR  p: [1123, 766], r: 2013989530, e: -2741, error: 151
#ERR  p: [1123, 767], r: 2013989520, e: -2731, error: 152
#ERR  p: [1123, 768], r: 2013989510, e: -2719, error: 153
#ERR  p: [1123, 769], r: 2013989500, e: -2710, error: 154
#ERR  p: [1123, 770], r: 2013989490, e: -2711, error: 155
#ERR  p: [1123, 771], r: 2013989480, e: -2697, error: 156
#ERR  p: [1123, 772], r: 2013989470, e: -2691, error: 157
#ERR  p: [1123, 773], r: 2013989460, e: -2684, error: 158
#ERR  p: [1123, 774], r: 2013989450, e: -2670, error: 159
#ERR  p: [1123, 775], r: 2013989440, e: -2661, error: 160
#ERR  p: [1123, 776], r: 2013989430, e: -2653, error: 161
#ERR  p: [1123, 777], r: 2013989420, e: -2644, error: 162
#ERR  p: [1123, 778], r: 2013989410, e: -2654, error: 163
#ERR  p: [1123, 779], r: 2013989400, e: -2651, error: 164
#ERR  p: [1123, 780], r: 2013989390, e: -2641, error: 165
#ERR  p: [1123, 781], r: 2013989380, e: -2632, error: 166
#ERR  p: [1123, 782], r: 2013989370, e: -2616, error: 167
#ERR  p: [1123, 783], r: 2013989360, e: -2608, error: 168
#ERR  p: [1123, 784], r: 2013989350, e: -2594, error: 169
#ERR  p: [1123, 785], r: 2013989340, e: -2576, error: 170
#ERR  p: [1123, 786], r: 2013989330, e: -2566, error: 171
#ERR  p: [1123, 787], r: 2013989320, e: -2559, error: 172
#ERR  p: [1123, 788], r: 2013989310, e: -2568, error: 173
#ERR  p: [1123, 789], r: 2013989300, e: -2559, error: 174
#ERR  p: [1123, 790], r: 2013989290, e: -2546, error: 175
#ERR  p: [1123, 791], r: 2013989280, e: -2532, error: 176
#ERR  p: [1123, 792], r: 2013989270, e: -2522, error: 177
#ERR  p: [1123, 793], r: 2013989260, e: -2515, error: 178
#ERR  p: [1123, 794], r: 2013989250, e: -2508, error: 179
#ERR  p: [1123, 795], r: 2013989240, e: -2509, error: 180
#ERR  p: [1123, 796], r: 2013989230, e: -2498, error: 181
#ERR  p: [1123, 797], r: 2013989220, e: -2488, error: 182
#ERR  p: [1123, 798], r: 2013989210, e: -2476, error: 183
#ERR  p: [1123, 799], r: 2013989200, e: -2466, error: 184
#ERR  p: [1123, 800], r: 2013989190, e: -2456, error: 185
#ERR  p: [1123, 801], r: 2013989180, e: -2450, error: 186
#ERR  p: [1123, 802], r: 2013989170, e: -2446, error: 187
#ERR  p: [1123, 803], r: 2013989160, e: -2436, error: 188
#ERR  p: [1123, 804], r: 2013989150, e: -2432, error: 189
#ERR  p: [1123, 805], r: 2013989140, e: -2421, error: 190
#ERR  p: [1123, 806], r: 2013989130, e: -2408, error: 191
#ERR  p: [1123, 807], r: 2013989120, e: -2397, error: 192
#ERR  p: [1123, 808], r: 2013989110, e: -2393, error: 193
#ERR  p: [1123, 809], r: 2013989100, e: -2382, error: 194
#ERR  p: [1123, 810], r: 2013989090, e: -2379, error: 195
#ERR  p: [1123, 811], r: 2013989080, e: -2377, error: 196
#ERR  p: [1123, 812], r: 2013989070, e: -2372, error: 197
#ERR  p: [1123, 813], r: 2013989060, e: -2366, error: 198
#ERR  p: [1123, 814], r: 2013989050, e: -2362, error: 199
#ERR  p: [1123, 815], r: 2013989040, e: -2353, error: 200
#ERR  p: [1123, 816], r: 2013989030, e: -2343, error: 201
#ERR  p: [1123, 817], r: 2013989020, e: -2338, error: 202
#ERR  p: [1123, 818], r: 2013989010, e: -2332, error: 203
#ERR  p: [1123, 819], r: 2013989000, e: -2323, error: 204
#ERR  p: [1123, 820], r: 2013988990, e: -2322, error: 205
#ERR  p: [1123, 821], r: 2013988980, e: -2316, error: 206
#ERR  p: [1123, 822], r: 2013988970, e: -2312, error: 207
#ERR  p: [1123, 823], r: 2013988960, e: -2302, error: 208
#ERR  p: [1123, 824], r: 2013988950, e: -2294, error: 209
#ERR  p: [1123, 825], r: 2013988940, e: -2286, error: 210
#ERR  p: [1123, 826], r: 2013988930, e: -2277, error: 211
#ERR  p: [1123, 827], r: 2013988920, e: -2270, error: 212
#ERR  p: [1123, 828], r: 2013988910, e: -2261, error: 213
#ERR  p: [1123, 829], r: 2013988900, e: -2252, error: 214
#ERR  p: [1123, 830], r: 2013988890, e: -2244, error: 215
#ERR  p: [1123, 831], r: 2013988880, e: -2237, error: 216
#ERR  p: [1123, 832], r: 2013988870, e: -2222, error: 217
#ERR  p: [1123, 833], r: 2013988860, e: -2212, error: 218
#ERR  p: [1123, 834], r: 2013988850, e: -2201, error: 219
#ERR  p: [1123, 835], r: 2013988840, e: -2192, error: 220
#ERR  p: [1123, 836], r: 2013988830, e: -2182, error: 221
#ERR  p: [1123, 837], r: 2013988820, e: -2177, error: 222
#ERR  p: [1123, 838], r: 2013988810, e: -2175, error: 223
#ERR  p: [1123, 839], r: 2013988800, e: -2173, error: 224
#ERR  p: [1123, 840], r: 2013988790, e: -2164, error: 225
#ERR  p: [1123, 841], r: 2013988780, e: -2156, error: 226
#ERR  p: [1123, 842], r: 2013988770, e: -2147, error: 227
#ERR  p: [1123, 843], r: 2013988760, e: -2144, error: 228
#ERR  p: [1123, 844], r: 2013988750, e: -2137, error: 229
#ERR  p: [1123, 845], r: 2013988740, e: -2127, error: 230
#ERR  p: [1123, 846], r: 2013988730, e: -2115, error: 231
#ERR  p: [1123, 847], r: 2013988720, e: -2104, error: 232
#ERR  p: [1123, 848], r: 2013988710, e: -2090, error: 233
#ERR  p: [1123, 849], r: 2013988700, e: -2080, error: 234
#ERR  p: [1123, 850], r: 2013988690, e: -2073, error: 235
#ERR  p: [1123, 851], r: 2013988680, e: -2063, error: 236
#ERR  p: [1123, 852], r: 2013988670, e: -2057, error: 237
#ERR  p: [1123, 853], r: 2013988660, e: -2057, error: 238
#ERR  p: [1123, 854], r: 2013988650, e: -2049, error: 239
#ERR  p: [1123, 855], r: 2013988640, e: -2052, error: 240
#ERR  p: [1123, 856], r: 2013988630, e: -2045, error: 241
#ERR  p: [1123, 857], r: 2013988620, e: -2048, error: 242
#ERR  p: [1123, 858], r: 2013988610, e: -2038, error: 243
#ERR  p: [1123, 859], r: 2013988600, e: -2034, error: 244
#ERR  p: [1123, 860], r: 2013988590, e: -2026, error: 245
#ERR  p: [1123, 861], r: 2013988580, e: -2022, error: 246
#ERR  p: [1123, 862], r: 2013988570, e: -2013, error: 247
#ERR  p: [1123, 863], r: 2013988560, e: -2005, error: 248
#ERR  p: [1123, 864], r: 2013988550, e: -1993, error: 249
#ERR  p: [1123, 865], r: 2013988540, e: -1995, error: 250
#ERR  p: [1123, 866], r: 2013988530, e: -1992, error: 251
#ERR  p: [1123, 867], r: 2013988520, e: -1988, error: 252
#ERR  p: [1123, 868], r: 2013988510, e: -1983, error: 253
#ERR  p: [1123, 869], r: 2013988500, e: -1973, error: 254
#ERR  p: [1123, 870], r: 2013988490, e: -1967, error: 255
#ERR  p: [1123, 871], r: 2013988480, e: -1960, error: 256
#ERR  p: [1123, 872], r: 2013988470, e: -1950, error: 257
#ERR  p: [1123, 873], r: 2013988460, e: -1938, error: 258
#ERR  p: [1123, 874], r: 2013988450, e: -1928, error: 259
#ERR  p: [1123, 875], r: 2013988440, e: -1931, error: 260
#ERR  p: [1123, 876], r: 2013988430, e: -1922, error: 261
#ERR  p: [1123, 877], r: 2013988420, e: -1917, error: 262
#ERR  p: [1123, 878], r: 2013988410, e: -1906, error: 263
#ERR  p: [1123, 879], r: 2013988400, e: -1892, error: 264
#ERR  p: [1123, 880], r: 2013988390, e: -1884, error: 265
#ERR  p: [1123, 881], r: 2013988380, e: -1877, error: 266
#ERR  p: [1123, 882], r: 2013988370, e: -1864, error: 267
#ERR  p: [1123, 883], r: 2013988360, e: -1854, error: 268
#ERR  p: [1123, 884], r: 2013988350, e: -1845, error: 269
#ERR  p: [1123, 885], r: 2013988340, e: -1835, error: 270
#ERR  p: [1123, 886], r: 2013988330, e: -1831, error: 271
#ERR  p: [1123, 887], r: 2013988320, e: -1822, error: 272
#ERR  p: [1123, 888], r: 2013988310, e: -1819, error: 273
#ERR  p: [1123, 889], r: 2013988300, e: -1816, error: 274
#ERR  p: [1123, 890], r: 2013988290, e: -1808, error: 275
#ERR  p: [1123, 891], r: 2013988280, e: -1804, error: 276
#ERR  p: [1123, 892], r: 2013988270, e: -1799, error: 277
#ERR  p: [1123, 893], r: 2013988260, e: -1791, error: 278
#ERR  p: [1123, 894], r: 2013988250, e: -1782, error: 279
#ERR  p: [1123, 895], r: 2013988240, e: -1776, error: 280
#ERR  p: [1123, 896], r: 2013988230, e: -1769, error: 281
#ERR  p: [1123, 897], r: 2013988220, e: -1759, error: 282
#ERR  p: [1123, 898], r: 2013988210, e: -1752, error: 283
#ERR  p: [1123, 899], r: 2013988200, e: -1743, error: 284
#ERR  p: [1123, 900], r: 2013988190, e: -1735, error: 285
#ERR  p: [1123, 901], r: 2013988180, e: -1745, error: 286
#ERR  p: [1123, 902], r: 2013988170, e: -1737, error: 287
#ERR  p: [1123, 903], r: 2013988160, e: -1729, error: 288
#ERR  p: [1123, 904], r: 2013988150, e: -1720, error: 289
#ERR  p: [1123, 905], r: 2013988140, e: -1719, error: 290
#ERR  p: [1123, 906], r: 2013988130, e: -1720, error: 291
#ERR  p: [1123, 907], r: 2013988120, e: -1725, error: 292
#ERR  p: [1123, 908], r: 2013988110, e: -1716, error: 293
#ERR  p: [1123, 909], r: 2013988100, e: -1716, error: 294
#ERR  p: [1123, 910], r: 2013988090, e: -1708, error: 295
#ERR  p: [1123, 911], r: 2013988080, e: -1691, error: 296
#ERR  p: [1123, 912], r: 2013988070, e: -1681, error: 297
#ERR  p: [1123, 913], r: 2013988060, e: -1677, error: 298
#ERR  p: [1123, 914], r: 2013988050, e: -1682, error: 299
#ERR  p: [1123, 915], r: 2013988040, e: -1668, error: 300
#ERR  p: [1123, 916], r: 2013988030, e: -1655, error: 301
#ERR  p: [1123, 917], r: 2013988020, e: -1641, error: 302
#ERR  p: [1123, 918], r: 2013988010, e: -1637, error: 303
#ERR  p: [1123, 919], r: 2013988000, e: -1628, error: 304
#ERR  p: [1123, 920], r: 2013987990, e: -1624, error: 305
#ERR  p: [1123, 921], r: 2013987980, e: -1611, error: 306
#ERR  p: [1123, 922], r: 2013987970, e: -1600, error: 307
#ERR  p: [1123, 923], r: 2013987960, e: -1593, error: 308
#ERR  p: [1123, 924], r: 2013987950, e: -1598, error: 309
#ERR  p: [1123, 925], r: 2013987940, e: -1598, error: 310
#ERR  p: [1123, 926], r: 2013987930, e: -1585, error: 311
#ERR  p: [1123, 927], r: 2013987920, e: -1577, error: 312
#ERR  p: [1123, 928], r: 2013987910, e: -1580, error: 313
#ERR  p: [1123, 929], r: 2013987900, e: -1573, error: 314
#ERR  p: [1123, 930], r: 2013987890, e: -1573, error: 315
#ERR  p: [1123, 931], r: 2013987880, e: -1567, error: 316
#ERR  p: [1123, 932], r: 2013987870, e: -1559, error: 317
#ERR  p: [1123, 933], r: 2013987860, e: -1552, error: 318
#ERR  p: [1123, 934], r: 2013987850, e: -1544, error: 319
#ERR  p: [1123, 935], r: 2013987840, e: -1539, error: 320
#ERR  p: [1123, 936], r: 2013987830, e: -1534, error: 321
#ERR  p: [1123, 937], r: 2013987820, e: -1523, error: 322
#ERR  p: [1123, 938], r: 2013987810, e: -1514, error: 323
#ERR  p: [1123, 939], r: 2013987800, e: -1504, error: 324
#ERR  p: [1123, 940], r: 2013987790, e: -1514, error: 325
#ERR  p: [1123, 941], r: 2013987780, e: -1508, error: 326
#ERR  p: [1123, 942], r: 2013987770, e: -1501, error: 327
#ERR  p: [1123, 943], r: 2013987760, e: -1491, error: 328
#ERR  p: [1123, 944], r: 2013987750, e: -1481, error: 329
#ERR  p: [1123, 945], r: 2013987740, e: -1472, error: 330
#ERR  p: [1123, 946], r: 2013987730, e: -1464, error: 331
#ERR  p: [1123, 947], r: 2013987720, e: -1453, error: 332
#ERR  p: [1123, 948], r: 2013987710, e: -1443, error: 333
#ERR  p: [1123, 949], r: 2013987700, e: -1433, error: 334
#ERR  p: [1123, 950], r: 2013987690, e: -1424, error: 335
#ERR  p: [1123, 951], r: 2013987680, e: -1417, error: 336
#ERR  p: [1123, 952], r: 2013987670, e: -1408, error: 337
#ERR  p: [1123, 953], r: 2013987660, e: -1397, error: 338
#ERR  p: [1123, 954], r: 2013987650, e: -1387, error: 339
#ERR  p: [1123, 955], r: 2013987640, e: -1379, error: 340
#ERR  p: [1123, 956], r: 2013987630, e: -1370, error: 341
#ERR  p: [1123, 957], r: 2013987620, e: -1361, error: 342
#ERR  p: [1123, 958], r: 2013987610, e: -1354, error: 343
#ERR  p: [1123, 959], r: 2013987600, e: -1350, error: 344
#ERR  p: [1123, 960], r: 2013987590, e: -1332, error: 345
#ERR  p: [1123, 961], r: 2013987580, e: -1322, error: 346
#ERR  p: [1123, 962], r: 2013987570, e: -1314, error: 347
#ERR  p: [1123, 963], r: 2013987560, e: -1316, error: 348
#ERR  p: [1123, 964], r: 2013987550, e: -1311, error: 349
#ERR  p: [1123, 965], r: 2013987540, e: -1302, error: 350
#ERR  p: [1123, 966], r: 2013987530, e: -1298, error: 351
#ERR  p: [1123, 967], r: 2013987520, e: -1294, error: 352
#ERR  p: [1123, 968], r: 2013987510, e: -1283, error: 353
#ERR  p: [1123, 969], r: 2013987500, e: -1278, error: 354
#ERR  p: [1123, 970], r: 2013987490, e: -1271, error: 355
#ERR  p: [1123, 971], r: 2013987480, e: -1263, error: 356
#ERR  p: [1123, 972], r: 2013987470, e: -1249, error: 357
#ERR  p: [1123, 973], r: 2013987460, e: -1244, error: 358
#ERR  p: [1123, 974], r: 2013987450, e: -1236, error: 359
#ERR  p: [1123, 975], r: 2013987440, e: -1233, error: 360
#ERR  p: [1123, 976], r: 2013987430, e: -1233, error: 361
#ERR  p: [1123, 977], r: 2013987420, e: -1235, error: 362
#ERR  p: [1123, 978], r: 2013987410, e: -1223, error: 363
#ERR  p: [1123, 979], r: 2013987400, e: -1222, error: 364
#ERR  p: [1123, 980], r: 2013987390, e: -1213, error: 365
#ERR  p: [1123, 981], r: 2013987380, e: -1204, error: 366
#ERR  p: [1123, 982], r: 2013987370, e: -1199, error: 367
#ERR  p: [1123, 983], r: 2013987360, e: -1193, error: 368
#ERR  p: [1123, 984], r: 2013987350, e: -1188, error: 369
#ERR  p: [1123, 985], r: 2013987340, e: -1186, error: 370
#ERR  p: [1123, 986], r: 2013987330, e: -1178, error: 371
#ERR  p: [1123, 987], r: 2013987320, e: -1170, error: 372
#ERR  p: [1123, 988], r: 2013987310, e: -1164, error: 373
#ERR  p: [1123, 989], r: 2013987300, e: -1158, error: 374
#ERR  p: [1123, 990], r: 2013987290, e: -1154, error: 375
#ERR  p: [1123, 991], r: 2013987280, e: -1144, error: 376
#ERR  p: [1123, 992], r: 2013987270, e: -1153, error: 377
#ERR  p: [1123, 993], r: 2013987260, e: -1148, error: 378
#ERR  p: [1123, 994], r: 2013987250, e: -1140, error: 379
#ERR  p: [1123, 995], r: 2013987240, e: -1130, error: 380
#ERR  p: [1123, 996], r: 2013987230, e: -1140, error: 381
#ERR  p: [1123, 997], r: 2013987220, e: -1142, error: 382
#ERR  p: [1123, 998], r: 2013987210, e: -1138, error: 383
#ERR  p: [1123, 999], r: 2013987200, e: -1125, error: 384
#ERR  p: [1123, 1000], r: 2013987190, e: -1115, error: 385
#ERR  p: [1123, 1001], r: 2013987180, e: -1111, error: 386
#ERR  p: [1123, 1002], r: 2013987170, e: -1100, error: 387
#ERR  p: [1123, 1003], r: 2013987160, e: -1090, error: 388
#ERR  p: [1123, 1004], r: 2013987150, e: -1081, error: 389
#ERR  p: [1123, 1005], r: 2013987140, e: -1072, error: 390
#ERR  p: [1123, 1006], r: 2013987130, e: -1063, error: 391
#ERR  p: [1123, 1007], r: 2013987120, e: -1055, error: 392
#ERR  p: [1123, 1008], r: 2013987110, e: -1058, error: 393
#ERR  p: [1123, 1009], r: 2013987100, e: -1068, error: 394
#ERR  p: [1123, 1010], r: 2013987090, e: -1058, error: 395
#ERR  p: [1123, 1011], r: 2013987080, e: -1053, error: 396
#ERR  p: [1123, 1012], r: 2013987070, e: -1048, error: 397
#ERR  p: [1123, 1013], r: 2013987060, e: -1038, error: 398
#ERR  p: [1123, 1014], r: 2013987050, e: -1031, error: 399
#ERR  p: [1123, 1015], r: 2013987040, e: -1026, error: 400
#ERR  p: [1123, 1016], r: 2013987030, e: -1019, error: 401
#ERR  p: [1123, 1017], r: 2013987020, e: -1029, error: 402
#ERR  p: [1123, 1018], r: 2013987010, e: -1029, error: 403
#ERR  p: [1123, 1019], r: 2013987000, e: -1028, error: 404
#ERR  p: [1123, 1020], r: 2013986990, e: -1025, error: 405
#ERR  p: [1123, 1021], r: 2013986980, e: -1019, error: 406
#ERR  p: [1123, 1022], r: 2013986970, e: -1010, error: 407
#ERR  p: [1123, 1023], r: 2013986960, e: -1001, error: 408
#ERR  p: [1123, 1024], r: 2013986950, e: -992, error: 409
#ERR  p: [1123, 1025], r: 2013986940, e: -984, error: 410
#ERR  p: [1123, 1026], r: 2013986930, e: -980, error: 411
#ERR  p: [1123, 1027], r: 2013986920, e: -981, error: 412
#ERR  p: [1123, 1028], r: 2013986910, e: -991, error: 413
#ERR  p: [1123, 1029], r: 2013986900, e: -992, error: 414
#ERR  p: [1123, 1030], r: 2013986890, e: -984, error: 415
#ERR  p: [1123, 1031], r: 2013986880, e: -981, error: 416
#ERR  p: [1123, 1032], r: 2013986870, e: -972, error: 417
#ERR  p: [1123, 1033], r: 2013986860, e: -957, error: 418
#ERR  p: [1123, 1034], r: 2013986850, e: -947, error: 419
#ERR  p: [1123, 1035], r: 2013986840, e: -941, error: 420
#ERR  p: [1123, 1036], r: 2013986830, e: -949, error: 421
#ERR  p: [1123, 1037], r: 2013986820, e: -955, error: 422
#ERR  p: [1123, 1038], r: 2013986810, e: -962, error: 423
#ERR  p: [1123, 1039], r: 2013986800, e: -951, error: 424
#ERR  p: [1123, 1040], r: 2013986790, e: -959, error: 425
#ERR  p: [1123, 1041], r: 2013986780, e: -950, error: 426
#ERR  p: [1123, 1042], r: 2013986770, e: -941, error: 427
#ERR  p: [1123, 1043], r: 2013986760, e: -946, error: 428
#ERR  p: [1123, 1044], r: 2013986750, e: -942, error: 429
#ERR  p: [1123, 1045], r: 2013986740, e: -932, error: 430
#ERR  p: [1123, 1046], r: 2013986730, e: -926, error: 431
#ERR  p: [1123, 1047], r: 2013986720, e: -918, error: 432
#ERR  p: [1123, 1048], r: 2013986710, e: -912, error: 433
#ERR  p: [1123, 1049], r: 2013986700, e: -913, error: 434
#ERR  p: [1123, 1050], r: 2013986690, e: -904, error: 435
#ERR  p: [1123, 1051], r: 2013986680, e: -905, error: 436
#ERR  p: [1123, 1052], r: 2013986670, e: -907, error: 437
#ERR  p: [1123, 1053], r: 2013986660, e: -897, error: 438
#ERR  p: [1123, 1054], r: 2013986650, e: -889, error: 439
#ERR  p: [1123, 1055], r: 2013986640, e: -879, error: 440
#ERR  p: [1123, 1056], r: 2013986630, e: -885, error: 441
#ERR  p: [1123, 1057], r: 2013986620, e: -881, error: 442
#ERR  p: [1123, 1058], r: 2013986610, e: -878, error: 443
#ERR  p: [1123, 1059], r: 2013986600, e: -886, error: 444
#ERR  p: [1123, 1060], r: 2013986590, e: -885, error: 445
#ERR  p: [1123, 1061], r: 2013986580, e: -883, error: 446
#ERR  p: [1123, 1062], r: 2013986570, e: -876, error: 447
#ERR  p: [1123, 1063], r: 2013986560, e: -875, error: 448
#ERR  p: [1123, 1064], r: 2013986550, e: -867, error: 449
#ERR  p: [1123, 1065], r: 2013986540, e: -861, error: 450
#ERR  p: [1123, 1066], r: 2013986530, e: -855, error: 451
#ERR  p: [1123, 1067], r: 2013986520, e: -852, error: 452
#ERR  p: [1123, 1068], r: 2013986510, e: -851, error: 453
#ERR  p: [1123, 1069], r: 2013986500, e: -860, error: 454
#ERR  p: [1123, 1070], r: 2013986490, e: -867, error: 455
#ERR  p: [1123, 1071], r: 2013986480, e: -873, error: 456
#ERR  p: [1123, 1072], r: 2013986470, e: -865, error: 457
#ERR  p: [1123, 1073], r: 2013986460, e: -861, error: 458
#ERR  p: [1123, 1074], r: 2013986450, e: -853, error: 459
#ERR  p: [1123, 1075], r: 2013986440, e: -853, error: 460
#ERR  p: [1123, 1076], r: 2013986430, e: -845, error: 461
#ERR  p: [1123, 1077], r: 2013986420, e: -834, error: 462
#ERR  p: [1123, 1078], r: 2013986410, e: -825, error: 463
#ERR  p: [1123, 1079], r: 2013986400, e: -823, error: 464
#ERR  p: [1123, 1080], r: 2013986390, e: -829, error: 465
#ERR  p: [1123, 1081], r: 2013986380, e: -823, error: 466
#ERR  p: [1123, 1082], r: 2013986370, e: -810, error: 467
#ERR  p: [1123, 1083], r: 2013986360, e: -820, error: 468
#ERR  p: [1123, 1084], r: 2013986350, e: -830, error: 469
#ERR  p: [1123, 1085], r: 2013986340, e: -828, error: 470
#ERR  p: [1123, 1086], r: 2013986330, e: -814, error: 471
#ERR  p: [1123, 1087], r: 2013986320, e: -818, error: 472
#ERR  p: [1123, 1088], r: 2013986310, e: -825, error: 473
#ERR  p: [1123, 1089], r: 2013986300, e: -820, error: 474
#ERR  p: [1123, 1090], r: 2013986290, e: -811, error: 475
#ERR  p: [1123, 1091], r: 2013986280, e: -804, error: 476
#ERR  p: [1123, 1092], r: 2013986270, e: -811, error: 477
#ERR  p: [1123, 1093], r: 2013986260, e: -817, error: 478
#ERR  p: [1123, 1094], r: 2013986250, e: -811, error: 479
#ERR  p: [1123, 1095], r: 2013986240, e: -803, error: 480
#ERR  p: [1123, 1096], r: 2013986230, e: -811, error: 481
#ERR  p: [1123, 1097], r: 2013986220, e: -819, error: 482
#ERR  p: [1123, 1098], r: 2013986210, e: -821, error: 483
#ERR  p: [1123, 1099], r: 2013986200, e: -826, error: 484
#ERR  p: [1123, 1100], r: 2013986190, e: -821, error: 485
#ERR  p: [1123, 1101], r: 2013986180, e: -814, error: 486
#ERR  p: [1123, 1102], r: 2013986170, e: -812, error: 487
#ERR  p: [1123, 1103], r: 2013986160, e: -805, error: 488
#ERR  p: [1123, 1104], r: 2013986150, e: -806, error: 489
#ERR  p: [1123, 1105], r: 2013986140, e: -803, error: 490
#ERR  p: [1123, 1106], r: 2013986130, e: -809, error: 491
#ERR  p: [1123, 1107], r: 2013986120, e: -815, error: 492
#ERR  p: [1123, 1108], r: 2013986110, e: -807, error: 493
#ERR  p: [1123, 1109], r: 2013986100, e: -817, error: 494
#ERR  p: [1123, 1110], r: 2013986090, e: -823, error: 495
#ERR  p: [1123, 1111], r: 2013986080, e: -830, error: 496
#ERR  p: [1123, 1112], r: 2013986070, e: -827, error: 497
#ERR  p: [1123, 1113], r: 2013986060, e: -835, error: 498
#ERR  p: [1123, 1114], r: 2013986050, e: -825, error: 499
#SDC Ite:0 KerTime:0.294819 AccTime:0.294819 KerErr:500 AccErr:500
#END