#HEADER max_rows:2048 max_cols:2048 penalty:10
#BEGIN Y:2016 M:09 D:12 Time:15:18:37
#IT Ite:0 KerTime:0.294968 AccTime:0.294968
#ERR Error detected! kerrors = 48240
#ERR  p: [1244, 1988], r: 2099402496, e: -5630, error: 1
#ERR  p: [1244, 1989], r: 2099402486, e: -5639, error: 2
#ERR  p: [1244, 1990], r: 2099402476, e: -5649, error: 3
#ERR  p: [1244, 1991], r: 2099402466, e: -5656, error: 4
#ERR  p: [1244, 1992], r: 2099402456, e: -5666, error: 5
#ERR  p: [1244, 1993], r: 2099402446, e: -5676, error: 6
#ERR  p: [1244, 1994], r: 2099402436, e: -5682, error: 7
#ERR  p: [1244, 1995], r: 2099402426, e: -5683, error: 8
#ERR  p: [1244, 1996], r: 2099402416, e: -5692, error: 9
#ERR  p: [1244, 1997], r: 2099402406, e: -5700, error: 10
#ERR  p: [1244, 1998], r: 2099402396, e: -5710, error: 11
#ERR  p: [1244, 1999], r: 2099402386, e: -5719, error: 12
#ERR  p: [1244, 2000], r: 2099402376, e: -5729, error: 13
#ERR  p: [1244, 2001], r: 2099402366, e: -5734, error: 14
#ERR  p: [1244, 2002], r: 2099402356, e: -5744, error: 15
#ERR  p: [1244, 2003], r: 2099402346, e: -5754, error: 16
#ERR  p: [1244, 2004], r: 2099402336, e: -5755, error: 17
#ERR  p: [1244, 2005], r: 2099402326, e: -5765, error: 18
#ERR  p: [1244, 2006], r: 2099402316, e: -5774, error: 19
#ERR  p: [1244, 2007], r: 2099402306, e: -5784, error: 20
#ERR  p: [1244, 2008], r: 2099402296, e: -5794, error: 21
#ERR  p: [1244, 2009], r: 2099402286, e: -5798, error: 22
#ERR  p: [1244, 2010], r: 2099402276, e: -5808, error: 23
#ERR  p: [1244, 2011], r: 2099402266, e: -5818, error: 24
#ERR  p: [1244, 2012], r: 2099402256, e: -5828, error: 25
#ERR  p: [1244, 2013], r: 2099402246, e: -5837, error: 26
#ERR  p: [1244, 2014], r: 2099402236, e: -5834, error: 27
#ERR  p: [1244, 2015], r: 2099402226, e: -5844, error: 28
#ERR  p: [1244, 2016], r: 2099402216, e: -5854, error: 29
#ERR  p: [1244, 2017], r: 2099402206, e: -5864, error: 30
#ERR  p: [1244, 2018], r: 2099402196, e: -5869, error: 31
#ERR  p: [1244, 2019], r: 2099402186, e: -5879, error: 32
#ERR  p: [1244, 2020], r: 2099402176, e: -5889, error: 33
#ERR  p: [1244, 2021], r: 2099402166, e: -5899, error: 34
#ERR  p: [1244, 2022], r: 2099402156, e: -5909, error: 35
#ERR  p: [1244, 2023], r: 2099402146, e: -5919, error: 36
#ERR  p: [1244, 2024], r: 2099402136, e: -5929, error: 37
#ERR  p: [1244, 2025], r: 2099402126, e: -5939, error: 38
#ERR  p: [1244, 2026], r: 2099402116, e: -5944, error: 39
#ERR  p: [1244, 2027], r: 2099402106, e: -5949, error: 40
#ERR  p: [1244, 2028], r: 2099402096, e: -5959, error: 41
#ERR  p: [1244, 2029], r: 2099402086, e: -5967, error: 42
#ERR  p: [1244, 2030], r: 2099402076, e: -5976, error: 43
#ERR  p: [1244, 2031], r: 2099402066, e: -5981, error: 44
#ERR  p: [1244, 2032], r: 2099402056, e: -5991, error: 45
#ERR  p: [1244, 2033], r: 2099402046, e: -6001, error: 46
#ERR  p: [1244, 2034], r: 2099402036, e: -6005, error: 47
#ERR  p: [1244, 2035], r: 2099402026, e: -6015, error: 48
#ERR  p: [1244, 2036], r: 2099402016, e: -6025, error: 49
#ERR  p: [1244, 2037], r: 2099402006, e: -6034, error: 50
#ERR  p: [1244, 2038], r: 2099401996, e: -6040, error: 51
#ERR  p: [1244, 2039], r: 2099401986, e: -6050, error: 52
#ERR  p: [1244, 2040], r: 2099401976, e: -6057, error: 53
#ERR  p: [1244, 2041], r: 2099401966, e: -6067, error: 54
#ERR  p: [1244, 2042], r: 2099401956, e: -6077, error: 55
#ERR  p: [1244, 2043], r: 2099401946, e: -6087, error: 56
#ERR  p: [1244, 2044], r: 2099401936, e: -6097, error: 57
#ERR  p: [1244, 2045], r: 2099401926, e: -6107, error: 58
#ERR  p: [1244, 2046], r: 2099401916, e: -6117, error: 59
#ERR  p: [1244, 2047], r: 2099401906, e: -6123, error: 60
#ERR  p: [1244, 2048], r: 2099401896, e: -6133, error: 61
#ERR  p: [1245, 1988], r: 2099402486, e: -5623, error: 62
#ERR  p: [1245, 1989], r: 2099402497, e: -5629, error: 63
#ERR  p: [1245, 1990], r: 2099402487, e: -5639, error: 64
#ERR  p: [1245, 1991], r: 2099402477, e: -5649, error: 65
#ERR  p: [1245, 1992], r: 2099402467, e: -5655, error: 66
#ERR  p: [1245, 1993], r: 2099402457, e: -5665, error: 67
#ERR  p: [1245, 1994], r: 2099402447, e: -5675, error: 68
#ERR  p: [1245, 1995], r: 2099402437, e: -5683, error: 69
#ERR  p: [1245, 1996], r: 2099402427, e: -5685, error: 70
#ERR  p: [1245, 1997], r: 2099402417, e: -5691, error: 71
#ERR  p: [1245, 1998], r: 2099402407, e: -5701, error: 72
#ERR  p: [1245, 1999], r: 2099402400, e: -5706, error: 73
#ERR  p: [1245, 2000], r: 2099402390, e: -5716, error: 74
#ERR  p: [1245, 2001], r: 2099402380, e: -5726, error: 75
#ERR  p: [1245, 2002], r: 2099402370, e: -5734, error: 76
#ERR  p: [1245, 2003], r: 2099402360, e: -5744, error: 77
#ERR  p: [1245, 2004], r: 2099402350, e: -5754, error: 78
#ERR  p: [1245, 2005], r: 2099402340, e: -5755, error: 79
#ERR  p: [1245, 2006], r: 2099402330, e: -5765, error: 80
#ERR  p: [1245, 2007], r: 2099402320, e: -5775, error: 81
#ERR  p: [1245, 2008], r: 2099402310, e: -5785, error: 82
#ERR  p: [1245, 2009], r: 2099402300, e: -5794, error: 83
#ERR  p: [1245, 2010], r: 2099402290, e: -5794, error: 84
#ERR  p: [1245, 2011], r: 2099402280, e: -5804, error: 85
#ERR  p: [1245, 2012], r: 2099402270, e: -5814, error: 86
#ERR  p: [1245, 2013], r: 2099402260, e: -5824, error: 87
#ERR  p: [1245, 2014], r: 2099402250, e: -5834, error: 88
#ERR  p: [1245, 2015], r: 2099402240, e: -5835, error: 89
#ERR  p: [1245, 2016], r: 2099402230, e: -5844, error: 90
#ERR  p: [1245, 2017], r: 2099402220, e: -5854, error: 91
#ERR  p: [1245, 2018], r: 2099402210, e: -5864, error: 92
#ERR  p: [1245, 2019], r: 2099402200, e: -5871, error: 93
#ERR  p: [1245, 2020], r: 2099402190, e: -5881, error: 94
#ERR  p: [1245, 2021], r: 2099402180, e: -5890, error: 95
#ERR  p: [1245, 2022], r: 2099402170, e: -5899, error: 96
#ERR  p: [1245, 2023], r: 2099402160, e: -5909, error: 97
#ERR  p: [1245, 2024], r: 2099402150, e: -5919, error: 98
#ERR  p: [1245, 2025], r: 2099402140, e: -5929, error: 99
#ERR  p: [1245, 2026], r: 2099402130, e: -5939, error: 100
#ERR  p: [1245, 2027], r: 2099402120, e: -5943, error: 101
#ERR  p: [1245, 2028], r: 2099402110, e: -5951, error: 102
#ERR  p: [1245, 2029], r: 2099402100, e: -5959, error: 103
#ERR  p: [1245, 2030], r: 2099402090, e: -5969, error: 104
#ERR  p: [1245, 2031], r: 2099402080, e: -5977, error: 105
#ERR  p: [1245, 2032], r: 2099402070, e: -5983, error: 106
#ERR  p: [1245, 2033], r: 2099402060, e: -5991, error: 107
#ERR  p: [1245, 2034], r: 2099402050, e: -6001, error: 108
#ERR  p: [1245, 2035], r: 2099402040, e: -6005, error: 109
#ERR  p: [1245, 2036], r: 2099402030, e: -6015, error: 110
#ERR  p: [1245, 2037], r: 2099402020, e: -6025, error: 111
#ERR  p: [1245, 2038], r: 2099402010, e: -6030, error: 112
#ERR  p: [1245, 2039], r: 2099402000, e: -6040, error: 113
#ERR  p: [1245, 2040], r: 2099401990, e: -6050, error: 114
#ERR  p: [1245, 2041], r: 2099401980, e: -6059, error: 115
#ERR  p: [1245, 2042], r: 2099401970, e: -6068, error: 116
#ERR  p: [1245, 2043], r: 2099401960, e: -6077, error: 117
#ERR  p: [1245, 2044], r: 2099401950, e: -6087, error: 118
#ERR  p: [1245, 2045], r: 2099401940, e: -6097, error: 119
#ERR  p: [1245, 2046], r: 2099401930, e: -6106, error: 120
#ERR  p: [1245, 2047], r: 2099401920, e: -6116, error: 121
#ERR  p: [1245, 2048], r: 2099401910, e: -6124, error: 122
#ERR  p: [1246, 1988], r: 2099402476, e: -5615, error: 123
#ERR  p: [1246, 1989], r: 2099402487, e: -5624, error: 124
#ERR  p: [1246, 1990], r: 2099402494, e: -5632, error: 125
#ERR  p: [1246, 1991], r: 2099402487, e: -5639, error: 126
#ERR  p: [1246, 1992], r: 2099402477, e: -5649, error: 127
#ERR  p: [1246, 1993], r: 2099402472, e: -5650, error: 128
#ERR  p: [1246, 1994], r: 2099402462, e: -5660, error: 129
#ERR  p: [1246, 1995], r: 2099402452, e: -5670, error: 130
#ERR  p: [1246, 1996], r: 2099402442, e: -5680, error: 131
#ERR  p: [1246, 1997], r: 2099402432, e: -5686, error: 132
#ERR  p: [1246, 1998], r: 2099402422, e: -5690, error: 133
#ERR  p: [1246, 1999], r: 2099402412, e: -5700, error: 134
#ERR  p: [1246, 2000], r: 2099402402, e: -5710, error: 135
#ERR  p: [1246, 2001], r: 2099402392, e: -5716, error: 136
#ERR  p: [1246, 2002], r: 2099402382, e: -5724, error: 137
#ERR  p: [1246, 2003], r: 2099402373, e: -5731, error: 138
#ERR  p: [1246, 2004], r: 2099402363, e: -5741, error: 139
#ERR  p: [1246, 2005], r: 2099402353, e: -5751, error: 140
#ERR  p: [1246, 2006], r: 2099402343, e: -5754, error: 141
#ERR  p: [1246, 2007], r: 2099402333, e: -5764, error: 142
#ERR  p: [1246, 2008], r: 2099402323, e: -5774, error: 143
#ERR  p: [1246, 2009], r: 2099402313, e: -5784, error: 144
#ERR  p: [1246, 2010], r: 2099402303, e: -5794, error: 145
#ERR  p: [1246, 2011], r: 2099402293, e: -5795, error: 146
#ERR  p: [1246, 2012], r: 2099402283, e: -5804, error: 147
#ERR  p: [1246, 2013], r: 2099402273, e: -5813, error: 148
#ERR  p: [1246, 2014], r: 2099402263, e: -5823, error: 149
#ERR  p: [1246, 2015], r: 2099402253, e: -5833, error: 150
#ERR  p: [1246, 2016], r: 2099402243, e: -5834, error: 151
#ERR  p: [1246, 2017], r: 2099402233, e: -5844, error: 152
#ERR  p: [1246, 2018], r: 2099402223, e: -5854, error: 153
#ERR  p: [1246, 2019], r: 2099402213, e: -5864, error: 154
#ERR  p: [1246, 2020], r: 2099402203, e: -5874, error: 155
#ERR  p: [1246, 2021], r: 2099402193, e: -5884, error: 156
#ERR  p: [1246, 2022], r: 2099402183, e: -5890, error: 157
#ERR  p: [1246, 2023], r: 2099402173, e: -5900, error: 158
#ERR  p: [1246, 2024], r: 2099402163, e: -5909, error: 159
#ERR  p: [1246, 2025], r: 2099402153, e: -5919, error: 160
#ERR  p: [1246, 2026], r: 2099402143, e: -5929, error: 161
#ERR  p: [1246, 2027], r: 2099402133, e: -5939, error: 162
#ERR  p: [1246, 2028], r: 2099402123, e: -5946, error: 163
#ERR  p: [1246, 2029], r: 2099402113, e: -5948, error: 164
#ERR  p: [1246, 2030], r: 2099402103, e: -5958, error: 165
#ERR  p: [1246, 2031], r: 2099402093, e: -5968, error: 166
#ERR  p: [1246, 2032], r: 2099402083, e: -5978, error: 167
#ERR  p: [1246, 2033], r: 2099402073, e: -5982, error: 168
#ERR  p: [1246, 2034], r: 2099402063, e: -5990, error: 169
#ERR  p: [1246, 2035], r: 2099402053, e: -5999, error: 170
#ERR  p: [1246, 2036], r: 2099402043, e: -6007, error: 171
#ERR  p: [1246, 2037], r: 2099402033, e: -6015, error: 172
#ERR  p: [1246, 2038], r: 2099402023, e: -6025, error: 173
#ERR  p: [1246, 2039], r: 2099402013, e: -6031, error: 174
#ERR  p: [1246, 2040], r: 2099402003, e: -6040, error: 175
#ERR  p: [1246, 2041], r: 2099401993, e: -6050, error: 176
#ERR  p: [1246, 2042], r: 2099401983, e: -6059, error: 177
#ERR  p: [1246, 2043], r: 2099401973, e: -6069, error: 178
#ERR  p: [1246, 2044], r: 2099401963, e: -6077, error: 179
#ERR  p: [1246, 2045], r: 2099401953, e: -6087, error: 180
#ERR  p: [1246, 2046], r: 2099401943, e: -6097, error: 181
#ERR  p: [1246, 2047], r: 2099401933, e: -6106, error: 182
#ERR  p: [1246, 2048], r: 2099401923, e: -6116, error: 183
#ERR  p: [1247, 1988], r: 2099402466, e: -5608, error: 184
#ERR  p: [1247, 1989], r: 2099402477, e: -5616, error: 185
#ERR  p: [1247, 1990], r: 2099402484, e: -5626, error: 186
#ERR  p: [1247, 1991], r: 2099402493, e: -5633, error: 187
#ERR  p: [1247, 1992], r: 2099402486, e: -5640, error: 188
#ERR  p: [1247, 1993], r: 2099402478, e: -5648, error: 189
#ERR  p: [1247, 1994], r: 2099402477, e: -5645, error: 190
#ERR  p: [1247, 1995], r: 2099402467, e: -5655, error: 191
#ERR  p: [1247, 1996], r: 2099402457, e: -5665, error: 192
#ERR  p: [1247, 1997], r: 2099402447, e: -5675, error: 193
#ERR  p: [1247, 1998], r: 2099402437, e: -5684, error: 194
#ERR  p: [1247, 1999], r: 2099402427, e: -5690, error: 195
#ERR  p: [1247, 2000], r: 2099402417, e: -5700, error: 196
#ERR  p: [1247, 2001], r: 2099402407, e: -5710, error: 197
#ERR  p: [1247, 2002], r: 2099402397, e: -5715, error: 198
#ERR  p: [1247, 2003], r: 2099402387, e: -5723, error: 199
#ERR  p: [1247, 2004], r: 2099402377, e: -5729, error: 200
#ERR  p: [1247, 2005], r: 2099402367, e: -5739, error: 201
#ERR  p: [1247, 2006], r: 2099402358, e: -5746, error: 202
#ERR  p: [1247, 2007], r: 2099402348, e: -5756, error: 203
#ERR  p: [1247, 2008], r: 2099402338, e: -5766, error: 204
#ERR  p: [1247, 2009], r: 2099402328, e: -5774, error: 205
#ERR  p: [1247, 2010], r: 2099402318, e: -5784, error: 206
#ERR  p: [1247, 2011], r: 2099402308, e: -5794, error: 207
#ERR  p: [1247, 2012], r: 2099402298, e: -5795, error: 208
#ERR  p: [1247, 2013], r: 2099402288, e: -5799, error: 209
#ERR  p: [1247, 2014], r: 2099402278, e: -5809, error: 210
#ERR  p: [1247, 2015], r: 2099402268, e: -5819, error: 211
#ERR  p: [1247, 2016], r: 2099402258, e: -5828, error: 212
#ERR  p: [1247, 2017], r: 2099402248, e: -5836, error: 213
#ERR  p: [1247, 2018], r: 2099402238, e: -5844, error: 214
#ERR  p: [1247, 2019], r: 2099402228, e: -5854, error: 215
#ERR  p: [1247, 2020], r: 2099402218, e: -5864, error: 216
#ERR  p: [1247, 2021], r: 2099402208, e: -5874, error: 217
#ERR  p: [1247, 2022], r: 2099402198, e: -5884, error: 218
#ERR  p: [1247, 2023], r: 2099402188, e: -5893, error: 219
#ERR  p: [1247, 2024], r: 2099402178, e: -5901, error: 220
#ERR  p: [1247, 2025], r: 2099402168, e: -5911, error: 221
#ERR  p: [1247, 2026], r: 2099402158, e: -5921, error: 222
#ERR  p: [1247, 2027], r: 2099402148, e: -5930, error: 223
#ERR  p: [1247, 2028], r: 2099402138, e: -5940, error: 224
#ERR  p: [1247, 2029], r: 2099402128, e: -5945, error: 225
#ERR  p: [1247, 2030], r: 2099402118, e: -5950, error: 226
#ERR  p: [1247, 2031], r: 2099402108, e: -5959, error: 227
#ERR  p: [1247, 2032], r: 2099402098, e: -5969, error: 228
#ERR  p: [1247, 2033], r: 2099402088, e: -5973, error: 229
#ERR  p: [1247, 2034], r: 2099402078, e: -5977, error: 230
#ERR  p: [1247, 2035], r: 2099402068, e: -5987, error: 231
#ERR  p: [1247, 2036], r: 2099402058, e: -5997, error: 232
#ERR  p: [1247, 2037], r: 2099402048, e: -6007, error: 233
#ERR  p: [1247, 2038], r: 2099402038, e: -6015, error: 234
#ERR  p: [1247, 2039], r: 2099402028, e: -6025, error: 235
#ERR  p: [1247, 2040], r: 2099402018, e: -6031, error: 236
#ERR  p: [1247, 2041], r: 2099402008, e: -6041, error: 237
#ERR  p: [1247, 2042], r: 2099401998, e: -6051, error: 238
#ERR  p: [1247, 2043], r: 2099401988, e: -6060, error: 239
#ERR  p: [1247, 2044], r: 2099401978, e: -6070, error: 240
#ERR  p: [1247, 2045], r: 2099401968, e: -6078, error: 241
#ERR  p: [1247, 2046], r: 2099401958, e: -6088, error: 242
#ERR  p: [1247, 2047], r: 2099401948, e: -6097, error: 243
#ERR  p: [1247, 2048], r: 2099401938, e: -6107, error: 244
#ERR  p: [1248, 1988], r: 2099402456, e: -5600, error: 245
#ERR  p: [1248, 1989], r: 2099402467, e: -5607, error: 246
#ERR  p: [1248, 1990], r: 2099402475, e: -5617, error: 247
#ERR  p: [1248, 1991], r: 2099402483, e: -5627, error: 248
#ERR  p: [1248, 1992], r: 2099402494, e: -5632, error: 249
#ERR  p: [1248, 1993], r: 2099402486, e: -5640, error: 250
#ERR  p: [1248, 1994], r: 2099402478, e: -5648, error: 251
#ERR  p: [1248, 1995], r: 2099402476, e: -5646, error: 252
#ERR  p: [1248, 1996], r: 2099402466, e: -5656, error: 253
#ERR  p: [1248, 1997], r: 2099402458, e: -5664, error: 254
#ERR  p: [1248, 1998], r: 2099402448, e: -5674, error: 255
#ERR  p: [1248, 1999], r: 2099402441, e: -5680, error: 256
#ERR  p: [1248, 2000], r: 2099402431, e: -5690, error: 257
#ERR  p: [1248, 2001], r: 2099402421, e: -5699, error: 258
#ERR  p: [1248, 2002], r: 2099402411, e: -5709, error: 259
#ERR  p: [1248, 2003], r: 2099402401, e: -5715, error: 260
#ERR  p: [1248, 2004], r: 2099402391, e: -5724, error: 261
#ERR  p: [1248, 2005], r: 2099402381, e: -5729, error: 262
#ERR  p: [1248, 2006], r: 2099402371, e: -5739, error: 263
#ERR  p: [1248, 2007], r: 2099402361, e: -5747, error: 264
#ERR  p: [1248, 2008], r: 2099402351, e: -5757, error: 265
#ERR  p: [1248, 2009], r: 2099402341, e: -5766, error: 266
#ERR  p: [1248, 2010], r: 2099402332, e: -5770, error: 267
#ERR  p: [1248, 2011], r: 2099402322, e: -5780, error: 268
#ERR  p: [1248, 2012], r: 2099402312, e: -5790, error: 269
#ERR  p: [1248, 2013], r: 2099402302, e: -5795, error: 270
#ERR  p: [1248, 2014], r: 2099402292, e: -5799, error: 271
#ERR  p: [1248, 2015], r: 2099402282, e: -5809, error: 272
#ERR  p: [1248, 2016], r: 2099402272, e: -5819, error: 273
#ERR  p: [1248, 2017], r: 2099402262, e: -5829, error: 274
#ERR  p: [1248, 2018], r: 2099402252, e: -5836, error: 275
#ERR  p: [1248, 2019], r: 2099402242, e: -5846, error: 276
#ERR  p: [1248, 2020], r: 2099402232, e: -5856, error: 277
#ERR  p: [1248, 2021], r: 2099402222, e: -5865, error: 278
#ERR  p: [1248, 2022], r: 2099402212, e: -5874, error: 279
#ERR  p: [1248, 2023], r: 2099402202, e: -5884, error: 280
#ERR  p: [1248, 2024], r: 2099402192, e: -5894, error: 281
#ERR  p: [1248, 2025], r: 2099402182, e: -5903, error: 282
#ERR  p: [1248, 2026], r: 2099402172, e: -5913, error: 283
#ERR  p: [1248, 2027], r: 2099402162, e: -5920, error: 284
#ERR  p: [1248, 2028], r: 2099402152, e: -5930, error: 285
#ERR  p: [1248, 2029], r: 2099402142, e: -5940, error: 286
#ERR  p: [1248, 2030], r: 2099402132, e: -5947, error: 287
#ERR  p: [1248, 2031], r: 2099402122, e: -5951, error: 288
#ERR  p: [1248, 2032], r: 2099402112, e: -5961, error: 289
#ERR  p: [1248, 2033], r: 2099402102, e: -5969, error: 290
#ERR  p: [1248, 2034], r: 2099402092, e: -5973, error: 291
#ERR  p: [1248, 2035], r: 2099402082, e: -5977, error: 292
#ERR  p: [1248, 2036], r: 2099402072, e: -5987, error: 293
#ERR  p: [1248, 2037], r: 2099402062, e: -5997, error: 294
#ERR  p: [1248, 2038], r: 2099402052, e: -6003, error: 295
#ERR  p: [1248, 2039], r: 2099402042, e: -6013, error: 296
#ERR  p: [1248, 2040], r: 2099402032, e: -6023, error: 297
#ERR  p: [1248, 2041], r: 2099402022, e: -6033, error: 298
#ERR  p: [1248, 2042], r: 2099402012, e: -6042, error: 299
#ERR  p: [1248, 2043], r: 2099402002, e: -6051, error: 300
#ERR  p: [1248, 2044], r: 2099401992, e: -6061, error: 301
#ERR  p: [1248, 2045], r: 2099401982, e: -6071, error: 302
#ERR  p: [1248, 2046], r: 2099401972, e: -6077, error: 303
#ERR  p: [1248, 2047], r: 2099401962, e: -6087, error: 304
#ERR  p: [1248, 2048], r: 2099401952, e: -6097, error: 305
#ERR  p: [1249, 1988], r: 2099402446, e: -5598, error: 306
#ERR  p: [1249, 1989], r: 2099402457, e: -5600, error: 307
#ERR  p: [1249, 1990], r: 2099402466, e: -5608, error: 308
#ERR  p: [1249, 1991], r: 2099402474, e: -5618, error: 309
#ERR  p: [1249, 1992], r: 2099402484, e: -5627, error: 310
#ERR  p: [1249, 1993], r: 2099402493, e: -5633, error: 311
#ERR  p: [1249, 1994], r: 2099402485, e: -5641, error: 312
#ERR  p: [1249, 1995], r: 2099402476, e: -5650, error: 313
#ERR  p: [1249, 1996], r: 2099402475, e: -5647, error: 314
#ERR  p: [1249, 1997], r: 2099402466, e: -5656, error: 315
#ERR  p: [1249, 1998], r: 2099402457, e: -5665, error: 316
#ERR  p: [1249, 1999], r: 2099402448, e: -5674, error: 317
#ERR  p: [1249, 2000], r: 2099402438, e: -5684, error: 318
#ERR  p: [1249, 2001], r: 2099402430, e: -5691, error: 319
#ERR  p: [1249, 2002], r: 2099402420, e: -5700, error: 320
#ERR  p: [1249, 2003], r: 2099402410, e: -5710, error: 321
#ERR  p: [1249, 2004], r: 2099402400, e: -5716, error: 322
#ERR  p: [1249, 2005], r: 2099402390, e: -5725, error: 323
#ERR  p: [1249, 2006], r: 2099402380, e: -5730, error: 324
#ERR  p: [1249, 2007], r: 2099402370, e: -5740, error: 325
#ERR  p: [1249, 2008], r: 2099402360, e: -5749, error: 326
#ERR  p: [1249, 2009], r: 2099402350, e: -5758, error: 327
#ERR  p: [1249, 2010], r: 2099402341, e: -5766, error: 328
#ERR  p: [1249, 2011], r: 2099402331, e: -5772, error: 329
#ERR  p: [1249, 2012], r: 2099402322, e: -5780, error: 330
#ERR  p: [1249, 2013], r: 2099402312, e: -5790, error: 331
#ERR  p: [1249, 2014], r: 2099402302, e: -5796, error: 332
#ERR  p: [1249, 2015], r: 2099402292, e: -5801, error: 333
#ERR  p: [1249, 2016], r: 2099402282, e: -5810, error: 334
#ERR  p: [1249, 2017], r: 2099402272, e: -5820, error: 335
#ERR  p: [1249, 2018], r: 2099402262, e: -5830, error: 336
#ERR  p: [1249, 2019], r: 2099402252, e: -5837, error: 337
#ERR  p: [1249, 2020], r: 2099402242, e: -5847, error: 338
#ERR  p: [1249, 2021], r: 2099402232, e: -5857, error: 339
#ERR  p: [1249, 2022], r: 2099402222, e: -5866, error: 340
#ERR  p: [1249, 2023], r: 2099402212, e: -5876, error: 341
#ERR  p: [1249, 2024], r: 2099402202, e: -5885, error: 342
#ERR  p: [1249, 2025], r: 2099402192, e: -5895, error: 343
#ERR  p: [1249, 2026], r: 2099402182, e: -5904, error: 344
#ERR  p: [1249, 2027], r: 2099402172, e: -5913, error: 345
#ERR  p: [1249, 2028], r: 2099402162, e: -5921, error: 346
#ERR  p: [1249, 2029], r: 2099402152, e: -5931, error: 347
#ERR  p: [1249, 2030], r: 2099402142, e: -5941, error: 348
#ERR  p: [1249, 2031], r: 2099402132, e: -5948, error: 349
#ERR  p: [1249, 2032], r: 2099402122, e: -5952, error: 350
#ERR  p: [1249, 2033], r: 2099402112, e: -5962, error: 351
#ERR  p: [1249, 2034], r: 2099402102, e: -5970, error: 352
#ERR  p: [1249, 2035], r: 2099402092, e: -5974, error: 353
#ERR  p: [1249, 2036], r: 2099402082, e: -5978, error: 354
#ERR  p: [1249, 2037], r: 2099402072, e: -5988, error: 355
#ERR  p: [1249, 2038], r: 2099402062, e: -5997, error: 356
#ERR  p: [1249, 2039], r: 2099402052, e: -6005, error: 357
#ERR  p: [1249, 2040], r: 2099402042, e: -6014, error: 358
#ERR  p: [1249, 2041], r: 2099402032, e: -6024, error: 359
#ERR  p: [1249, 2042], r: 2099402022, e: -6034, error: 360
#ERR  p: [1249, 2043], r: 2099402012, e: -6043, error: 361
#ERR  p: [1249, 2044], r: 2099402002, e: -6052, error: 362
#ERR  p: [1249, 2045], r: 2099401992, e: -6062, error: 363
#ERR  p: [1249, 2046], r: 2099401982, e: -6071, error: 364
#ERR  p: [1249, 2047], r: 2099401972, e: -6078, error: 365
#ERR  p: [1249, 2048], r: 2099401962, e: -6088, error: 366
#ERR  p: [1250, 1988], r: 2099402436, e: -5591, error: 367
#ERR  p: [1250, 1989], r: 2099402447, e: -5599, error: 368
#ERR  p: [1250, 1990], r: 2099402459, e: -5598, error: 369
#ERR  p: [1250, 1991], r: 2099402464, e: -5608, error: 370
#ERR  p: [1250, 1992], r: 2099402474, e: -5618, error: 371
#ERR  p: [1250, 1993], r: 2099402483, e: -5628, error: 372
#ERR  p: [1250, 1994], r: 2099402491, e: -5635, error: 373
#ERR  p: [1250, 1995], r: 2099402484, e: -5642, error: 374
#ERR  p: [1250, 1996], r: 2099402475, e: -5651, error: 375
#ERR  p: [1250, 1997], r: 2099402474, e: -5648, error: 376
#ERR  p: [1250, 1998], r: 2099402464, e: -5658, error: 377
#ERR  p: [1250, 1999], r: 2099402455, e: -5667, error: 378
#ERR  p: [1250, 2000], r: 2099402445, e: -5677, error: 379
#ERR  p: [1250, 2001], r: 2099402435, e: -5687, error: 380
#ERR  p: [1250, 2002], r: 2099402427, e: -5694, error: 381
#ERR  p: [1250, 2003], r: 2099402417, e: -5703, error: 382
#ERR  p: [1250, 2004], r: 2099402408, e: -5712, error: 383
#ERR  p: [1250, 2005], r: 2099402399, e: -5717, error: 384
#ERR  p: [1250, 2006], r: 2099402389, e: -5727, error: 385
#ERR  p: [1250, 2007], r: 2099402379, e: -5731, error: 386
#ERR  p: [1250, 2008], r: 2099402369, e: -5741, error: 387
#ERR  p: [1250, 2009], r: 2099402359, e: -5751, error: 388
#ERR  p: [1250, 2010], r: 2099402349, e: -5760, error: 389
#ERR  p: [1250, 2011], r: 2099402339, e: -5769, error: 390
#ERR  p: [1250, 2012], r: 2099402329, e: -5774, error: 391
#ERR  p: [1250, 2013], r: 2099402320, e: -5782, error: 392
#ERR  p: [1250, 2014], r: 2099402310, e: -5792, error: 393
#ERR  p: [1250, 2015], r: 2099402300, e: -5799, error: 394
#ERR  p: [1250, 2016], r: 2099402290, e: -5803, error: 395
#ERR  p: [1250, 2017], r: 2099402283, e: -5809, error: 396
#ERR  p: [1250, 2018], r: 2099402273, e: -5819, error: 397
#ERR  p: [1250, 2019], r: 2099402263, e: -5829, error: 398
#ERR  p: [1250, 2020], r: 2099402253, e: -5837, error: 399
#ERR  p: [1250, 2021], r: 2099402243, e: -5847, error: 400
#ERR  p: [1250, 2022], r: 2099402233, e: -5857, error: 401
#ERR  p: [1250, 2023], r: 2099402223, e: -5867, error: 402
#ERR  p: [1250, 2024], r: 2099402213, e: -5877, error: 403
#ERR  p: [1250, 2025], r: 2099402203, e: -5885, error: 404
#ERR  p: [1250, 2026], r: 2099402193, e: -5894, error: 405
#ERR  p: [1250, 2027], r: 2099402183, e: -5904, error: 406
#ERR  p: [1250, 2028], r: 2099402173, e: -5913, error: 407
#ERR  p: [1250, 2029], r: 2099402163, e: -5923, error: 408
#ERR  p: [1250, 2030], r: 2099402153, e: -5932, error: 409
#ERR  p: [1250, 2031], r: 2099402143, e: -5942, error: 410
#ERR  p: [1250, 2032], r: 2099402133, e: -5949, error: 411
#ERR  p: [1250, 2033], r: 2099402123, e: -5954, error: 412
#ERR  p: [1250, 2034], r: 2099402113, e: -5964, error: 413
#ERR  p: [1250, 2035], r: 2099402103, e: -5973, error: 414
#ERR  p: [1250, 2036], r: 2099402093, e: -5978, error: 415
#ERR  p: [1250, 2037], r: 2099402084, e: -5976, error: 416
#ERR  p: [1250, 2038], r: 2099402074, e: -5986, error: 417
#ERR  p: [1250, 2039], r: 2099402064, e: -5996, error: 418
#ERR  p: [1250, 2040], r: 2099402054, e: -6006, error: 419
#ERR  p: [1250, 2041], r: 2099402044, e: -6014, error: 420
#ERR  p: [1250, 2042], r: 2099402034, e: -6022, error: 421
#ERR  p: [1250, 2043], r: 2099402024, e: -6032, error: 422
#ERR  p: [1250, 2044], r: 2099402014, e: -6041, error: 423
#ERR  p: [1250, 2045], r: 2099402004, e: -6051, error: 424
#ERR  p: [1250, 2046], r: 2099401994, e: -6061, error: 425
#ERR  p: [1250, 2047], r: 2099401984, e: -6071, error: 426
#ERR  p: [1250, 2048], r: 2099401974, e: -6081, error: 427
#ERR  p: [1251, 1988], r: 2099402426, e: -5585, error: 428
#ERR  p: [1251, 1989], r: 2099402437, e: -5592, error: 429
#ERR  p: [1251, 1990], r: 2099402449, e: -5598, error: 430
#ERR  p: [1251, 1991], r: 2099402457, e: -5600, error: 431
#ERR  p: [1251, 1992], r: 2099402464, e: -5609, error: 432
#ERR  p: [1251, 1993], r: 2099402474, e: -5618, error: 433
#ERR  p: [1251, 1994], r: 2099402482, e: -5628, error: 434
#ERR  p: [1251, 1995], r: 2099402490, e: -5636, error: 435
#ERR  p: [1251, 1996], r: 2099402483, e: -5643, error: 436
#ERR  p: [1251, 1997], r: 2099402474, e: -5652, error: 437
#ERR  p: [1251, 1998], r: 2099402473, e: -5649, error: 438
#ERR  p: [1251, 1999], r: 2099402463, e: -5659, error: 439
#ERR  p: [1251, 2000], r: 2099402453, e: -5669, error: 440
#ERR  p: [1251, 2001], r: 2099402443, e: -5679, error: 441
#ERR  p: [1251, 2002], r: 2099402433, e: -5689, error: 442
#ERR  p: [1251, 2003], r: 2099402426, e: -5695, error: 443
#ERR  p: [1251, 2004], r: 2099402416, e: -5704, error: 444
#ERR  p: [1251, 2005], r: 2099402407, e: -5713, error: 445
#ERR  p: [1251, 2006], r: 2099402398, e: -5718, error: 446
#ERR  p: [1251, 2007], r: 2099402388, e: -5728, error: 447
#ERR  p: [1251, 2008], r: 2099402378, e: -5732, error: 448
#ERR  p: [1251, 2009], r: 2099402368, e: -5742, error: 449
#ERR  p: [1251, 2010], r: 2099402358, e: -5752, error: 450
#ERR  p: [1251, 2011], r: 2099402348, e: -5762, error: 451
#ERR  p: [1251, 2012], r: 2099402338, e: -5770, error: 452
#ERR  p: [1251, 2013], r: 2099402328, e: -5775, error: 453
#ERR  p: [1251, 2014], r: 2099402318, e: -5785, error: 454
#ERR  p: [1251, 2015], r: 2099402308, e: -5794, error: 455
#ERR  p: [1251, 2016], r: 2099402299, e: -5800, error: 456
#ERR  p: [1251, 2017], r: 2099402291, e: -5802, error: 457
#ERR  p: [1251, 2018], r: 2099402281, e: -5812, error: 458
#ERR  p: [1251, 2019], r: 2099402272, e: -5820, error: 459
#ERR  p: [1251, 2020], r: 2099402263, e: -5829, error: 460
#ERR  p: [1251, 2021], r: 2099402253, e: -5838, error: 461
#ERR  p: [1251, 2022], r: 2099402243, e: -5848, error: 462
#ERR  p: [1251, 2023], r: 2099402233, e: -5858, error: 463
#ERR  p: [1251, 2024], r: 2099402223, e: -5868, error: 464
#ERR  p: [1251, 2025], r: 2099402213, e: -5877, error: 465
#ERR  p: [1251, 2026], r: 2099402204, e: -5884, error: 466
#ERR  p: [1251, 2027], r: 2099402194, e: -5894, error: 467
#ERR  p: [1251, 2028], r: 2099402184, e: -5904, error: 468
#ERR  p: [1251, 2029], r: 2099402174, e: -5914, error: 469
#ERR  p: [1251, 2030], r: 2099402164, e: -5924, error: 470
#ERR  p: [1251, 2031], r: 2099402154, e: -5934, error: 471
#ERR  p: [1251, 2032], r: 2099402144, e: -5943, error: 472
#ERR  p: [1251, 2033], r: 2099402134, e: -5950, error: 473
#ERR  p: [1251, 2034], r: 2099402124, e: -5955, error: 474
#ERR  p: [1251, 2035], r: 2099402114, e: -5965, error: 475
#ERR  p: [1251, 2036], r: 2099402104, e: -5975, error: 476
#ERR  p: [1251, 2037], r: 2099402098, e: -5973, error: 477
#ERR  p: [1251, 2038], r: 2099402088, e: -5977, error: 478
#ERR  p: [1251, 2039], r: 2099402078, e: -5987, error: 479
#ERR  p: [1251, 2040], r: 2099402068, e: -5997, error: 480
#ERR  p: [1251, 2041], r: 2099402058, e: -6006, error: 481
#ERR  p: [1251, 2042], r: 2099402049, e: -6009, error: 482
#ERR  p: [1251, 2043], r: 2099402039, e: -6019, error: 483
#ERR  p: [1251, 2044], r: 2099402029, e: -6027, error: 484
#ERR  p: [1251, 2045], r: 2099402019, e: -6037, error: 485
#ERR  p: [1251, 2046], r: 2099402009, e: -6047, error: 486
#ERR  p: [1251, 2047], r: 2099401999, e: -6057, error: 487
#ERR  p: [1251, 2048], r: 2099401989, e: -6067, error: 488
#ERR  p: [1252, 1988], r: 2099402416, e: -5571, error: 489
#ERR  p: [1252, 1989], r: 2099402427, e: -5581, error: 490
#ERR  p: [1252, 1990], r: 2099402439, e: -5591, error: 491
#ERR  p: [1252, 1991], r: 2099402449, e: -5598, error: 492
#ERR  p: [1252, 1992], r: 2099402456, e: -5601, error: 493
#ERR  p: [1252, 1993], r: 2099402464, e: -5609, error: 494
#ERR  p: [1252, 1994], r: 2099402474, e: -5618, error: 495
#ERR  p: [1252, 1995], r: 2099402480, e: -5628, error: 496
#ERR  p: [1252, 1996], r: 2099402487, e: -5638, error: 497
#ERR  p: [1252, 1997], r: 2099402482, e: -5644, error: 498
#ERR  p: [1252, 1998], r: 2099402473, e: -5653, error: 499
#SDC Ite:0 KerTime:0.294968 AccTime:0.294968 KerErr:500 AccErr:500
#END