#HEADER max_rows:2048 max_cols:2048 penalty:10
#BEGIN Y:2016 M:09 D:12 Time:16:09:39
#IT Ite:0 KerTime:0.294698 AccTime:0.294698
#ERR Error detected! kerrors = 1115024
#ERR  p: [820, 1140], r: 1133391997, e: -2391, error: 1
#ERR  p: [820, 1141], r: 1133391987, e: -2394, error: 2
#ERR  p: [820, 1142], r: 1133391977, e: -2404, error: 3
#ERR  p: [820, 1143], r: 1133391967, e: -2413, error: 4
#ERR  p: [820, 1144], r: 1133391957, e: -2423, error: 5
#ERR  p: [820, 1145], r: 1133391947, e: -2433, error: 6
#ERR  p: [820, 1146], r: 1133391937, e: -2431, error: 7
#ERR  p: [820, 1147], r: 1133391927, e: -2440, error: 8
#ERR  p: [820, 1148], r: 1133391917, e: -2450, error: 9
#ERR  p: [820, 1149], r: 1133391907, e: -2454, error: 10
#ERR  p: [820, 1150], r: 1133391897, e: -2455, error: 11
#ERR  p: [820, 1151], r: 1133391887, e: -2443, error: 12
#ERR  p: [820, 1152], r: 1133391877, e: -2453, error: 13
#ERR  p: [820, 1153], r: 1133391867, e: -2463, error: 14
#ERR  p: [820, 1154], r: 1133391857, e: -2473, error: 15
#ERR  p: [820, 1155], r: 1133391847, e: -2483, error: 16
#ERR  p: [820, 1156], r: 1133391837, e: -2490, error: 17
#ERR  p: [820, 1157], r: 1133391827, e: -2500, error: 18
#ERR  p: [820, 1158], r: 1133391817, e: -2510, error: 19
#ERR  p: [820, 1159], r: 1133391807, e: -2518, error: 20
#ERR  p: [820, 1160], r: 1133391797, e: -2528, error: 21
#ERR  p: [820, 1161], r: 1133391787, e: -2538, error: 22
#ERR  p: [820, 1162], r: 1133391777, e: -2541, error: 23
#ERR  p: [820, 1163], r: 1133391767, e: -2547, error: 24
#ERR  p: [820, 1164], r: 1133391757, e: -2557, error: 25
#ERR  p: [820, 1165], r: 1133391747, e: -2560, error: 26
#ERR  p: [820, 1166], r: 1133391737, e: -2570, error: 27
#ERR  p: [820, 1167], r: 1133391727, e: -2580, error: 28
#ERR  p: [820, 1168], r: 1133391717, e: -2584, error: 29
#ERR  p: [820, 1169], r: 1133391707, e: -2584, error: 30
#ERR  p: [820, 1170], r: 1133391697, e: -2594, error: 31
#ERR  p: [820, 1171], r: 1133391687, e: -2604, error: 32
#ERR  p: [820, 1172], r: 1133391677, e: -2614, error: 33
#ERR  p: [820, 1173], r: 1133391667, e: -2619, error: 34
#ERR  p: [820, 1174], r: 1133391657, e: -2629, error: 35
#ERR  p: [820, 1175], r: 1133391647, e: -2639, error: 36
#ERR  p: [820, 1176], r: 1133391637, e: -2649, error: 37
#ERR  p: [820, 1177], r: 1133391627, e: -2659, error: 38
#ERR  p: [820, 1178], r: 1133391617, e: -2661, error: 39
#ERR  p: [820, 1179], r: 1133391607, e: -2671, error: 40
#ERR  p: [820, 1180], r: 1133391597, e: -2681, error: 41
#ERR  p: [820, 1181], r: 1133391587, e: -2691, error: 42
#ERR  p: [820, 1182], r: 1133391577, e: -2697, error: 43
#ERR  p: [820, 1183], r: 1133391567, e: -2701, error: 44
#ERR  p: [820, 1184], r: 1133391557, e: -2711, error: 45
#ERR  p: [820, 1185], r: 1133391547, e: -2721, error: 46
#ERR  p: [820, 1186], r: 1133391537, e: -2716, error: 47
#ERR  p: [820, 1187], r: 1133391527, e: -2715, error: 48
#ERR  p: [820, 1188], r: 1133391517, e: -2725, error: 49
#ERR  p: [820, 1189], r: 1133391507, e: -2734, error: 50
#ERR  p: [820, 1190], r: 1133391497, e: -2736, error: 51
#ERR  p: [820, 1191], r: 1133391487, e: -2746, error: 52
#ERR  p: [820, 1192], r: 1133391477, e: -2756, error: 53
#ERR  p: [820, 1193], r: 1133391467, e: -2766, error: 54
#ERR  p: [820, 1194], r: 1133391457, e: -2776, error: 55
#ERR  p: [820, 1195], r: 1133391447, e: -2786, error: 56
#ERR  p: [820, 1196], r: 1133391437, e: -2785, error: 57
#ERR  p: [820, 1197], r: 1133391427, e: -2795, error: 58
#ERR  p: [820, 1198], r: 1133391417, e: -2805, error: 59
#ERR  p: [820, 1199], r: 1133391407, e: -2815, error: 60
#ERR  p: [820, 1200], r: 1133391397, e: -2825, error: 61
#ERR  p: [820, 1201], r: 1133391387, e: -2835, error: 62
#ERR  p: [820, 1202], r: 1133391377, e: -2845, error: 63
#ERR  p: [820, 1203], r: 1133391367, e: -2855, error: 64
#ERR  p: [820, 1204], r: 1133391357, e: -2865, error: 65
#ERR  p: [820, 1205], r: 1133391347, e: -2875, error: 66
#ERR  p: [820, 1206], r: 1133391337, e: -2885, error: 67
#ERR  p: [820, 1207], r: 1133391327, e: -2895, error: 68
#ERR  p: [820, 1208], r: 1133391317, e: -2905, error: 69
#ERR  p: [820, 1209], r: 1133391307, e: -2911, error: 70
#ERR  p: [820, 1210], r: 1133391297, e: -2921, error: 71
#ERR  p: [820, 1211], r: 1133391287, e: -2931, error: 72
#ERR  p: [820, 1212], r: 1133391277, e: -2936, error: 73
#ERR  p: [820, 1213], r: 1133391267, e: -2927, error: 74
#ERR  p: [820, 1214], r: 1133391257, e: -2934, error: 75
#ERR  p: [820, 1215], r: 1133391247, e: -2930, error: 76
#ERR  p: [820, 1216], r: 1133391237, e: -2938, error: 77
#ERR  p: [820, 1217], r: 1133391227, e: -2943, error: 78
#ERR  p: [820, 1218], r: 1133391217, e: -2949, error: 79
#ERR  p: [820, 1219], r: 1133391207, e: -2956, error: 80
#ERR  p: [820, 1220], r: 1133391197, e: -2966, error: 81
#ERR  p: [820, 1221], r: 1133391187, e: -2971, error: 82
#ERR  p: [820, 1222], r: 1133391177, e: -2981, error: 83
#ERR  p: [820, 1223], r: 1133391167, e: -2991, error: 84
#ERR  p: [820, 1224], r: 1133391157, e: -3001, error: 85
#ERR  p: [820, 1225], r: 1133391147, e: -3011, error: 86
#ERR  p: [820, 1226], r: 1133391137, e: -3019, error: 87
#ERR  p: [820, 1227], r: 1133391127, e: -3016, error: 88
#ERR  p: [820, 1228], r: 1133391117, e: -3025, error: 89
#ERR  p: [820, 1229], r: 1133391107, e: -3035, error: 90
#ERR  p: [820, 1230], r: 1133391097, e: -3045, error: 91
#ERR  p: [820, 1231], r: 1133391087, e: -3055, error: 92
#ERR  p: [820, 1232], r: 1133391077, e: -3060, error: 93
#ERR  p: [820, 1233], r: 1133391067, e: -3070, error: 94
#ERR  p: [820, 1234], r: 1133391057, e: -3080, error: 95
#ERR  p: [820, 1235], r: 1133391047, e: -3090, error: 96
#ERR  p: [820, 1236], r: 1133391037, e: -3087, error: 97
#ERR  p: [820, 1237], r: 1133391027, e: -3097, error: 98
#ERR  p: [820, 1238], r: 1133391017, e: -3107, error: 99
#ERR  p: [820, 1239], r: 1133391007, e: -3114, error: 100
#ERR  p: [820, 1240], r: 1133390997, e: -3120, error: 101
#ERR  p: [820, 1241], r: 1133390987, e: -3130, error: 102
#ERR  p: [820, 1242], r: 1133390977, e: -3126, error: 103
#ERR  p: [820, 1243], r: 1133390967, e: -3129, error: 104
#ERR  p: [820, 1244], r: 1133390957, e: -3139, error: 105
#ERR  p: [820, 1245], r: 1133390947, e: -3149, error: 106
#ERR  p: [820, 1246], r: 1133390937, e: -3156, error: 107
#ERR  p: [820, 1247], r: 1133390927, e: -3166, error: 108
#ERR  p: [820, 1248], r: 1133390917, e: -3176, error: 109
#ERR  p: [820, 1249], r: 1133390907, e: -3177, error: 110
#ERR  p: [820, 1250], r: 1133390897, e: -3184, error: 111
#ERR  p: [820, 1251], r: 1133390887, e: -3193, error: 112
#ERR  p: [820, 1252], r: 1133390877, e: -3201, error: 113
#ERR  p: [820, 1253], r: 1133390867, e: -3207, error: 114
#ERR  p: [820, 1254], r: 1133390857, e: -3216, error: 115
#ERR  p: [820, 1255], r: 1133390847, e: -3220, error: 116
#ERR  p: [820, 1256], r: 1133390837, e: -3229, error: 117
#ERR  p: [820, 1257], r: 1133390827, e: -3239, error: 118
#ERR  p: [820, 1258], r: 1133390817, e: -3249, error: 119
#ERR  p: [820, 1259], r: 1133390807, e: -3244, error: 120
#ERR  p: [820, 1260], r: 1133390797, e: -3254, error: 121
#ERR  p: [820, 1261], r: 1133390787, e: -3264, error: 122
#ERR  p: [820, 1262], r: 1133390777, e: -3274, error: 123
#ERR  p: [820, 1263], r: 1133390767, e: -3284, error: 124
#ERR  p: [820, 1264], r: 1133390757, e: -3294, error: 125
#ERR  p: [820, 1265], r: 1133390747, e: -3293, error: 126
#ERR  p: [820, 1266], r: 1133390737, e: -3302, error: 127
#ERR  p: [820, 1267], r: 1133390727, e: -3312, error: 128
#ERR  p: [820, 1268], r: 1133390717, e: -3322, error: 129
#ERR  p: [820, 1269], r: 1133390707, e: -3324, error: 130
#ERR  p: [820, 1270], r: 1133390697, e: -3334, error: 131
#ERR  p: [820, 1271], r: 1133390687, e: -3344, error: 132
#ERR  p: [820, 1272], r: 1133390677, e: -3353, error: 133
#ERR  p: [820, 1273], r: 1133390667, e: -3363, error: 134
#ERR  p: [820, 1274], r: 1133390657, e: -3373, error: 135
#ERR  p: [820, 1275], r: 1133390647, e: -3378, error: 136
#ERR  p: [820, 1276], r: 1133390637, e: -3388, error: 137
#ERR  p: [820, 1277], r: 1133390627, e: -3393, error: 138
#ERR  p: [820, 1278], r: 1133390617, e: -3398, error: 139
#ERR  p: [820, 1279], r: 1133390607, e: -3408, error: 140
#ERR  p: [820, 1280], r: 1133390597, e: -3411, error: 141
#ERR  p: [820, 1281], r: 1133390587, e: -3421, error: 142
#ERR  p: [820, 1282], r: 1133390577, e: -3431, error: 143
#ERR  p: [820, 1283], r: 1133390567, e: -3441, error: 144
#ERR  p: [820, 1284], r: 1133390557, e: -3451, error: 145
#ERR  p: [820, 1285], r: 1133390547, e: -3461, error: 146
#ERR  p: [820, 1286], r: 1133390537, e: -3467, error: 147
#ERR  p: [820, 1287], r: 1133390527, e: -3477, error: 148
#ERR  p: [820, 1288], r: 1133390517, e: -3487, error: 149
#ERR  p: [820, 1289], r: 1133390507, e: -3497, error: 150
#ERR  p: [820, 1290], r: 1133390497, e: -3507, error: 151
#ERR  p: [820, 1291], r: 1133390487, e: -3517, error: 152
#ERR  p: [820, 1292], r: 1133390477, e: -3513, error: 153
#ERR  p: [820, 1293], r: 1133390467, e: -3520, error: 154
#ERR  p: [820, 1294], r: 1133390457, e: -3526, error: 155
#ERR  p: [820, 1295], r: 1133390447, e: -3536, error: 156
#ERR  p: [820, 1296], r: 1133390437, e: -3546, error: 157
#ERR  p: [820, 1297], r: 1133390427, e: -3556, error: 158
#ERR  p: [820, 1298], r: 1133390417, e: -3566, error: 159
#ERR  p: [820, 1299], r: 1133390407, e: -3576, error: 160
#ERR  p: [820, 1300], r: 1133390397, e: -3586, error: 161
#ERR  p: [820, 1301], r: 1133390387, e: -3596, error: 162
#ERR  p: [820, 1302], r: 1133390377, e: -3606, error: 163
#ERR  p: [820, 1303], r: 1133390367, e: -3616, error: 164
#ERR  p: [820, 1304], r: 1133390357, e: -3626, error: 165
#ERR  p: [820, 1305], r: 1133390347, e: -3636, error: 166
#ERR  p: [820, 1306], r: 1133390337, e: -3645, error: 167
#ERR  p: [820, 1307], r: 1133390327, e: -3646, error: 168
#ERR  p: [820, 1308], r: 1133390317, e: -3656, error: 169
#ERR  p: [820, 1309], r: 1133390307, e: -3666, error: 170
#ERR  p: [820, 1310], r: 1133390297, e: -3673, error: 171
#ERR  p: [820, 1311], r: 1133390287, e: -3683, error: 172
#ERR  p: [820, 1312], r: 1133390277, e: -3690, error: 173
#ERR  p: [820, 1313], r: 1133390267, e: -3697, error: 174
#ERR  p: [820, 1314], r: 1133390257, e: -3707, error: 175
#ERR  p: [820, 1315], r: 1133390247, e: -3717, error: 176
#ERR  p: [820, 1316], r: 1133390237, e: -3727, error: 177
#ERR  p: [820, 1317], r: 1133390227, e: -3734, error: 178
#ERR  p: [820, 1318], r: 1133390217, e: -3734, error: 179
#ERR  p: [820, 1319], r: 1133390207, e: -3744, error: 180
#ERR  p: [820, 1320], r: 1133390197, e: -3754, error: 181
#ERR  p: [820, 1321], r: 1133390187, e: -3764, error: 182
#ERR  p: [820, 1322], r: 1133390177, e: -3774, error: 183
#ERR  p: [820, 1323], r: 1133390167, e: -3784, error: 184
#ERR  p: [820, 1324], r: 1133390157, e: -3794, error: 185
#ERR  p: [820, 1325], r: 1133390147, e: -3799, error: 186
#ERR  p: [820, 1326], r: 1133390137, e: -3809, error: 187
#ERR  p: [820, 1327], r: 1133390127, e: -3819, error: 188
#ERR  p: [820, 1328], r: 1133390117, e: -3829, error: 189
#ERR  p: [820, 1329], r: 1133390107, e: -3839, error: 190
#ERR  p: [820, 1330], r: 1133390097, e: -3849, error: 191
#ERR  p: [820, 1331], r: 1133390087, e: -3859, error: 192
#ERR  p: [820, 1332], r: 1133390077, e: -3869, error: 193
#ERR  p: [820, 1333], r: 1133390067, e: -3879, error: 194
#ERR  p: [820, 1334], r: 1133390057, e: -3889, error: 195
#ERR  p: [820, 1335], r: 1133390047, e: -3899, error: 196
#ERR  p: [820, 1336], r: 1133390037, e: -3909, error: 197
#ERR  p: [820, 1337], r: 1133390027, e: -3919, error: 198
#ERR  p: [820, 1338], r: 1133390017, e: -3929, error: 199
#ERR  p: [820, 1339], r: 1133390007, e: -3939, error: 200
#ERR  p: [820, 1340], r: 1133389997, e: -3949, error: 201
#ERR  p: [820, 1341], r: 1133389987, e: -3959, error: 202
#ERR  p: [820, 1342], r: 1133389977, e: -3969, error: 203
#ERR  p: [820, 1343], r: 1133389967, e: -3978, error: 204
#ERR  p: [820, 1344], r: 1133389957, e: -3972, error: 205
#ERR  p: [820, 1345], r: 1133389947, e: -3980, error: 206
#ERR  p: [820, 1346], r: 1133389937, e: -3986, error: 207
#ERR  p: [820, 1347], r: 1133389927, e: -3996, error: 208
#ERR  p: [820, 1348], r: 1133389917, e: -3987, error: 209
#ERR  p: [820, 1349], r: 1133389907, e: -3997, error: 210
#ERR  p: [820, 1350], r: 1133389897, e: -4007, error: 211
#ERR  p: [820, 1351], r: 1133389887, e: -4017, error: 212
#ERR  p: [820, 1352], r: 1133389877, e: -4027, error: 213
#ERR  p: [820, 1353], r: 1133389867, e: -4037, error: 214
#ERR  p: [820, 1354], r: 1133389857, e: -4047, error: 215
#ERR  p: [820, 1355], r: 1133389847, e: -4057, error: 216
#ERR  p: [820, 1356], r: 1133389837, e: -4067, error: 217
#ERR  p: [820, 1357], r: 1133389827, e: -4077, error: 218
#ERR  p: [820, 1358], r: 1133389817, e: -4087, error: 219
#ERR  p: [820, 1359], r: 1133389807, e: -4097, error: 220
#ERR  p: [820, 1360], r: 1133389797, e: -4104, error: 221
#ERR  p: [820, 1361], r: 1133389787, e: -4114, error: 222
#ERR  p: [820, 1362], r: 1133389777, e: -4124, error: 223
#ERR  p: [820, 1363], r: 1133389767, e: -4131, error: 224
#ERR  p: [820, 1364], r: 1133389757, e: -4141, error: 225
#ERR  p: [820, 1365], r: 1133389747, e: -4146, error: 226
#ERR  p: [820, 1366], r: 1133389737, e: -4156, error: 227
#ERR  p: [820, 1367], r: 1133389727, e: -4166, error: 228
#ERR  p: [820, 1368], r: 1133389717, e: -4176, error: 229
#ERR  p: [820, 1369], r: 1133389707, e: -4186, error: 230
#ERR  p: [820, 1370], r: 1133389697, e: -4191, error: 231
#ERR  p: [820, 1371], r: 1133389687, e: -4201, error: 232
#ERR  p: [820, 1372], r: 1133389677, e: -4211, error: 233
#ERR  p: [820, 1373], r: 1133389667, e: -4217, error: 234
#ERR  p: [820, 1374], r: 1133389657, e: -4217, error: 235
#ERR  p: [820, 1375], r: 1133389647, e: -4227, error: 236
#ERR  p: [820, 1376], r: 1133389637, e: -4232, error: 237
#ERR  p: [820, 1377], r: 1133389627, e: -4242, error: 238
#ERR  p: [820, 1378], r: 1133389617, e: -4251, error: 239
#ERR  p: [820, 1379], r: 1133389607, e: -4257, error: 240
#ERR  p: [820, 1380], r: 1133389597, e: -4258, error: 241
#ERR  p: [820, 1381], r: 1133389587, e: -4268, error: 242
#ERR  p: [820, 1382], r: 1133389577, e: -4278, error: 243
#ERR  p: [820, 1383], r: 1133389567, e: -4278, error: 244
#ERR  p: [820, 1384], r: 1133389557, e: -4288, error: 245
#ERR  p: [820, 1385], r: 1133389547, e: -4298, error: 246
#ERR  p: [820, 1386], r: 1133389537, e: -4308, error: 247
#ERR  p: [820, 1387], r: 1133389527, e: -4318, error: 248
#ERR  p: [820, 1388], r: 1133389517, e: -4328, error: 249
#ERR  p: [820, 1389], r: 1133389507, e: -4338, error: 250
#ERR  p: [820, 1390], r: 1133389497, e: -4348, error: 251
#ERR  p: [820, 1391], r: 1133389487, e: -4358, error: 252
#ERR  p: [820, 1392], r: 1133389477, e: -4368, error: 253
#ERR  p: [820, 1393], r: 1133389467, e: -4377, error: 254
#ERR  p: [820, 1394], r: 1133389457, e: -4385, error: 255
#ERR  p: [820, 1395], r: 1133389447, e: -4390, error: 256
#ERR  p: [820, 1396], r: 1133389437, e: -4400, error: 257
#ERR  p: [820, 1397], r: 1133389427, e: -4396, error: 258
#ERR  p: [820, 1398], r: 1133389417, e: -4406, error: 259
#ERR  p: [820, 1399], r: 1133389407, e: -4416, error: 260
#ERR  p: [820, 1400], r: 1133389397, e: -4422, error: 261
#ERR  p: [820, 1401], r: 1133389387, e: -4431, error: 262
#ERR  p: [820, 1402], r: 1133389377, e: -4438, error: 263
#ERR  p: [820, 1403], r: 1133389367, e: -4448, error: 264
#ERR  p: [820, 1404], r: 1133389357, e: -4456, error: 265
#ERR  p: [820, 1405], r: 1133389347, e: -4464, error: 266
#ERR  p: [820, 1406], r: 1133389337, e: -4474, error: 267
#ERR  p: [820, 1407], r: 1133389327, e: -4484, error: 268
#ERR  p: [820, 1408], r: 1133389317, e: -4494, error: 269
#ERR  p: [820, 1409], r: 1133389307, e: -4503, error: 270
#ERR  p: [820, 1410], r: 1133389297, e: -4512, error: 271
#ERR  p: [820, 1411], r: 1133389287, e: -4507, error: 272
#ERR  p: [820, 1412], r: 1133389277, e: -4517, error: 273
#ERR  p: [820, 1413], r: 1133389267, e: -4518, error: 274
#ERR  p: [820, 1414], r: 1133389257, e: -4528, error: 275
#ERR  p: [820, 1415], r: 1133389247, e: -4538, error: 276
#ERR  p: [820, 1416], r: 1133389237, e: -4548, error: 277
#ERR  p: [820, 1417], r: 1133389227, e: -4558, error: 278
#ERR  p: [820, 1418], r: 1133389217, e: -4562, error: 279
#ERR  p: [820, 1419], r: 1133389207, e: -4572, error: 280
#ERR  p: [820, 1420], r: 1133389197, e: -4582, error: 281
#ERR  p: [820, 1421], r: 1133389187, e: -4592, error: 282
#ERR  p: [820, 1422], r: 1133389177, e: -4602, error: 283
#ERR  p: [820, 1423], r: 1133389167, e: -4612, error: 284
#ERR  p: [820, 1424], r: 1133389157, e: -4622, error: 285
#ERR  p: [820, 1425], r: 1133389147, e: -4632, error: 286
#ERR  p: [820, 1426], r: 1133389137, e: -4642, error: 287
#ERR  p: [820, 1427], r: 1133389127, e: -4652, error: 288
#ERR  p: [820, 1428], r: 1133389117, e: -4662, error: 289
#ERR  p: [820, 1429], r: 1133389107, e: -4672, error: 290
#ERR  p: [820, 1430], r: 1133389097, e: -4682, error: 291
#ERR  p: [820, 1431], r: 1133389087, e: -4692, error: 292
#ERR  p: [820, 1432], r: 1133389077, e: -4702, error: 293
#ERR  p: [820, 1433], r: 1133389067, e: -4712, error: 294
#ERR  p: [820, 1434], r: 1133389057, e: -4722, error: 295
#ERR  p: [820, 1435], r: 1133389047, e: -4732, error: 296
#ERR  p: [820, 1436], r: 1133389037, e: -4742, error: 297
#ERR  p: [820, 1437], r: 1133389027, e: -4752, error: 298
#ERR  p: [820, 1438], r: 1133389017, e: -4762, error: 299
#ERR  p: [820, 1439], r: 1133389007, e: -4772, error: 300
#ERR  p: [820, 1440], r: 1133388997, e: -4782, error: 301
#ERR  p: [820, 1441], r: 1133388987, e: -4792, error: 302
#ERR  p: [820, 1442], r: 1133388977, e: -4802, error: 303
#ERR  p: [820, 1443], r: 1133388967, e: -4812, error: 304
#ERR  p: [820, 1444], r: 1133388957, e: -4822, error: 305
#ERR  p: [820, 1445], r: 1133388947, e: -4832, error: 306
#ERR  p: [820, 1446], r: 1133388937, e: -4842, error: 307
#ERR  p: [820, 1447], r: 1133388927, e: -4852, error: 308
#ERR  p: [820, 1448], r: 1133388917, e: -4862, error: 309
#ERR  p: [820, 1449], r: 1133388907, e: -4872, error: 310
#ERR  p: [820, 1450], r: 1133388897, e: -4882, error: 311
#ERR  p: [820, 1451], r: 1133388887, e: -4892, error: 312
#ERR  p: [820, 1452], r: 1133388877, e: -4902, error: 313
#ERR  p: [820, 1453], r: 1133388867, e: -4912, error: 314
#ERR  p: [820, 1454], r: 1133388857, e: -4922, error: 315
#ERR  p: [820, 1455], r: 1133388847, e: -4932, error: 316
#ERR  p: [820, 1456], r: 1133388837, e: -4936, error: 317
#ERR  p: [820, 1457], r: 1133388827, e: -4927, error: 318
#ERR  p: [820, 1458], r: 1133388817, e: -4937, error: 319
#ERR  p: [820, 1459], r: 1133388807, e: -4947, error: 320
#ERR  p: [820, 1460], r: 1133388797, e: -4957, error: 321
#ERR  p: [820, 1461], r: 1133388787, e: -4967, error: 322
#ERR  p: [820, 1462], r: 1133388777, e: -4977, error: 323
#ERR  p: [820, 1463], r: 1133388767, e: -4981, error: 324
#ERR  p: [820, 1464], r: 1133388757, e: -4986, error: 325
#ERR  p: [820, 1465], r: 1133388747, e: -4996, error: 326
#ERR  p: [820, 1466], r: 1133388737, e: -5006, error: 327
#ERR  p: [820, 1467], r: 1133388727, e: -5014, error: 328
#ERR  p: [820, 1468], r: 1133388717, e: -5010, error: 329
#ERR  p: [820, 1469], r: 1133388707, e: -5020, error: 330
#ERR  p: [820, 1470], r: 1133388697, e: -5027, error: 331
#ERR  p: [820, 1471], r: 1133388687, e: -5037, error: 332
#ERR  p: [820, 1472], r: 1133388677, e: -5047, error: 333
#ERR  p: [820, 1473], r: 1133388667, e: -5057, error: 334
#ERR  p: [820, 1474], r: 1133388657, e: -5067, error: 335
#ERR  p: [820, 1475], r: 1133388647, e: -5077, error: 336
#ERR  p: [820, 1476], r: 1133388637, e: -5083, error: 337
#ERR  p: [820, 1477], r: 1133388627, e: -5093, error: 338
#ERR  p: [820, 1478], r: 1133388617, e: -5094, error: 339
#ERR  p: [820, 1479], r: 1133388607, e: -5091, error: 340
#ERR  p: [820, 1480], r: 1133388597, e: -5101, error: 341
#ERR  p: [820, 1481], r: 1133388587, e: -5111, error: 342
#ERR  p: [820, 1482], r: 1133388577, e: -5119, error: 343
#ERR  p: [820, 1483], r: 1133388567, e: -5129, error: 344
#ERR  p: [820, 1484], r: 1133388557, e: -5139, error: 345
#ERR  p: [820, 1485], r: 1133388547, e: -5149, error: 346
#ERR  p: [820, 1486], r: 1133388537, e: -5158, error: 347
#ERR  p: [820, 1487], r: 1133388527, e: -5168, error: 348
#ERR  p: [820, 1488], r: 1133388517, e: -5172, error: 349
#ERR  p: [820, 1489], r: 1133388507, e: -5182, error: 350
#ERR  p: [820, 1490], r: 1133388497, e: -5192, error: 351
#ERR  p: [820, 1491], r: 1133388487, e: -5202, error: 352
#ERR  p: [820, 1492], r: 1133388477, e: -5212, error: 353
#ERR  p: [820, 1493], r: 1133388467, e: -5222, error: 354
#ERR  p: [820, 1494], r: 1133388457, e: -5220, error: 355
#ERR  p: [820, 1495], r: 1133388447, e: -5230, error: 356
#ERR  p: [820, 1496], r: 1133388437, e: -5239, error: 357
#ERR  p: [820, 1497], r: 1133388427, e: -5246, error: 358
#ERR  p: [820, 1498], r: 1133388417, e: -5256, error: 359
#ERR  p: [820, 1499], r: 1133388407, e: -5266, error: 360
#ERR  p: [820, 1500], r: 1133388397, e: -5276, error: 361
#ERR  p: [820, 1501], r: 1133388387, e: -5280, error: 362
#ERR  p: [820, 1502], r: 1133388377, e: -5290, error: 363
#ERR  p: [820, 1503], r: 1133388367, e: -5292, error: 364
#ERR  p: [820, 1504], r: 1133388357, e: -5302, error: 365
#ERR  p: [820, 1505], r: 1133388347, e: -5312, error: 366
#ERR  p: [820, 1506], r: 1133388337, e: -5322, error: 367
#ERR  p: [820, 1507], r: 1133388327, e: -5332, error: 368
#ERR  p: [820, 1508], r: 1133388317, e: -5342, error: 369
#ERR  p: [820, 1509], r: 1133388307, e: -5352, error: 370
#ERR  p: [820, 1510], r: 1133388297, e: -5362, error: 371
#ERR  p: [820, 1511], r: 1133388287, e: -5372, error: 372
#ERR  p: [820, 1512], r: 1133388277, e: -5382, error: 373
#ERR  p: [820, 1513], r: 1133388267, e: -5392, error: 374
#ERR  p: [820, 1514], r: 1133388257, e: -5402, error: 375
#ERR  p: [820, 1515], r: 1133388247, e: -5411, error: 376
#ERR  p: [820, 1516], r: 1133388237, e: -5421, error: 377
#ERR  p: [820, 1517], r: 1133388227, e: -5431, error: 378
#ERR  p: [820, 1518], r: 1133388217, e: -5441, error: 379
#ERR  p: [820, 1519], r: 1133388207, e: -5451, error: 380
#ERR  p: [820, 1520], r: 1133388197, e: -5460, error: 381
#ERR  p: [820, 1521], r: 1133388187, e: -5470, error: 382
#ERR  p: [820, 1522], r: 1133388177, e: -5480, error: 383
#ERR  p: [820, 1523], r: 1133388167, e: -5479, error: 384
#ERR  p: [820, 1524], r: 1133388157, e: -5489, error: 385
#ERR  p: [820, 1525], r: 1133388147, e: -5496, error: 386
#ERR  p: [820, 1526], r: 1133388137, e: -5505, error: 387
#ERR  p: [820, 1527], r: 1133388127, e: -5512, error: 388
#ERR  p: [820, 1528], r: 1133388117, e: -5519, error: 389
#ERR  p: [820, 1529], r: 1133388107, e: -5525, error: 390
#ERR  p: [820, 1530], r: 1133388097, e: -5535, error: 391
#ERR  p: [820, 1531], r: 1133388087, e: -5539, error: 392
#ERR  p: [820, 1532], r: 1133388077, e: -5549, error: 393
#ERR  p: [820, 1533], r: 1133388067, e: -5557, error: 394
#ERR  p: [820, 1534], r: 1133388057, e: -5565, error: 395
#ERR  p: [820, 1535], r: 1133388047, e: -5571, error: 396
#ERR  p: [820, 1536], r: 1133388037, e: -5581, error: 397
#ERR  p: [820, 1537], r: 1133388027, e: -5590, error: 398
#ERR  p: [820, 1538], r: 1133388017, e: -5598, error: 399
#ERR  p: [820, 1539], r: 1133388007, e: -5602, error: 400
#ERR  p: [820, 1540], r: 1133387997, e: -5611, error: 401
#ERR  p: [820, 1541], r: 1133387987, e: -5617, error: 402
#ERR  p: [820, 1542], r: 1133387977, e: -5627, error: 403
#ERR  p: [820, 1543], r: 1133387967, e: -5636, error: 404
#ERR  p: [820, 1544], r: 1133387957, e: -5641, error: 405
#ERR  p: [820, 1545], r: 1133387947, e: -5645, error: 406
#ERR  p: [820, 1546], r: 1133387937, e: -5653, error: 407
#ERR  p: [820, 1547], r: 1133387927, e: -5662, error: 408
#ERR  p: [820, 1548], r: 1133387917, e: -5672, error: 409
#ERR  p: [820, 1549], r: 1133387907, e: -5682, error: 410
#ERR  p: [820, 1550], r: 1133387897, e: -5692, error: 411
#ERR  p: [820, 1551], r: 1133387887, e: -5702, error: 412
#ERR  p: [820, 1552], r: 1133387877, e: -5709, error: 413
#ERR  p: [820, 1553], r: 1133387867, e: -5719, error: 414
#ERR  p: [820, 1554], r: 1133387857, e: -5729, error: 415
#ERR  p: [820, 1555], r: 1133387847, e: -5739, error: 416
#ERR  p: [820, 1556], r: 1133387837, e: -5749, error: 417
#ERR  p: [820, 1557], r: 1133387827, e: -5759, error: 418
#ERR  p: [820, 1558], r: 1133387817, e: -5769, error: 419
#ERR  p: [820, 1559], r: 1133387807, e: -5779, error: 420
#ERR  p: [820, 1560], r: 1133387797, e: -5788, error: 421
#ERR  p: [820, 1561], r: 1133387787, e: -5796, error: 422
#ERR  p: [820, 1562], r: 1133387777, e: -5806, error: 423
#ERR  p: [820, 1563], r: 1133387767, e: -5815, error: 424
#ERR  p: [820, 1564], r: 1133387757, e: -5812, error: 425
#ERR  p: [820, 1565], r: 1133387747, e: -5816, error: 426
#ERR  p: [820, 1566], r: 1133387737, e: -5826, error: 427
#ERR  p: [820, 1567], r: 1133387727, e: -5836, error: 428
#ERR  p: [820, 1568], r: 1133387717, e: -5846, error: 429
#ERR  p: [820, 1569], r: 1133387707, e: -5856, error: 430
#ERR  p: [820, 1570], r: 1133387697, e: -5866, error: 431
#ERR  p: [820, 1571], r: 1133387687, e: -5876, error: 432
#ERR  p: [820, 1572], r: 1133387677, e: -5886, error: 433
#ERR  p: [820, 1573], r: 1133387667, e: -5896, error: 434
#ERR  p: [820, 1574], r: 1133387657, e: -5906, error: 435
#ERR  p: [820, 1575], r: 1133387647, e: -5916, error: 436
#ERR  p: [820, 1576], r: 1133387637, e: -5926, error: 437
#ERR  p: [820, 1577], r: 1133387627, e: -5936, error: 438
#ERR  p: [820, 1578], r: 1133387617, e: -5946, error: 439
#ERR  p: [820, 1579], r: 1133387607, e: -5956, error: 440
#ERR  p: [820, 1580], r: 1133387597, e: -5966, error: 441
#ERR  p: [820, 1581], r: 1133387587, e: -5976, error: 442
#ERR  p: [820, 1582], r: 1133387577, e: -5986, error: 443
#ERR  p: [820, 1583], r: 1133387567, e: -5992, error: 444
#ERR  p: [820, 1584], r: 1133387557, e: -6002, error: 445
#ERR  p: [820, 1585], r: 1133387547, e: -6012, error: 446
#ERR  p: [820, 1586], r: 1133387537, e: -6022, error: 447
#ERR  p: [820, 1587], r: 1133387527, e: -6032, error: 448
#ERR  p: [820, 1588], r: 1133387517, e: -6042, error: 449
#ERR  p: [820, 1589], r: 1133387507, e: -6052, error: 450
#ERR  p: [820, 1590], r: 1133387497, e: -6062, error: 451
#ERR  p: [820, 1591], r: 1133387487, e: -6072, error: 452
#ERR  p: [820, 1592], r: 1133387477, e: -6082, error: 453
#ERR  p: [820, 1593], r: 1133387467, e: -6088, error: 454
#ERR  p: [820, 1594], r: 1133387457, e: -6098, error: 455
#ERR  p: [820, 1595], r: 1133387447, e: -6108, error: 456
#ERR  p: [820, 1596], r: 1133387437, e: -6118, error: 457
#ERR  p: [820, 1597], r: 1133387427, e: -6128, error: 458
#ERR  p: [820, 1598], r: 1133387417, e: -6138, error: 459
#ERR  p: [820, 1599], r: 1133387407, e: -6148, error: 460
#ERR  p: [820, 1600], r: 1133387397, e: -6158, error: 461
#ERR  p: [820, 1601], r: 1133387387, e: -6168, error: 462
#ERR  p: [820, 1602], r: 1133387377, e: -6178, error: 463
#ERR  p: [820, 1603], r: 1133387367, e: -6188, error: 464
#ERR  p: [820, 1604], r: 1133387357, e: -6190, error: 465
#ERR  p: [820, 1605], r: 1133387347, e: -6200, error: 466
#ERR  p: [820, 1606], r: 1133387337, e: -6210, error: 467
#ERR  p: [820, 1607], r: 1133387327, e: -6218, error: 468
#ERR  p: [820, 1608], r: 1133387317, e: -6228, error: 469
#ERR  p: [820, 1609], r: 1133387307, e: -6237, error: 470
#ERR  p: [820, 1610], r: 1133387297, e: -6247, error: 471
#ERR  p: [820, 1611], r: 1133387287, e: -6257, error: 472
#ERR  p: [820, 1612], r: 1133387277, e: -6261, error: 473
#ERR  p: [820, 1613], r: 1133387267, e: -6269, error: 474
#ERR  p: [820, 1614], r: 1133387257, e: -6279, error: 475
#ERR  p: [820, 1615], r: 1133387247, e: -6289, error: 476
#ERR  p: [820, 1616], r: 1133387237, e: -6299, error: 477
#ERR  p: [820, 1617], r: 1133387227, e: -6308, error: 478
#ERR  p: [820, 1618], r: 1133387217, e: -6318, error: 479
#ERR  p: [820, 1619], r: 1133387207, e: -6328, error: 480
#ERR  p: [820, 1620], r: 1133387197, e: -6338, error: 481
#ERR  p: [820, 1621], r: 1133387187, e: -6348, error: 482
#ERR  p: [820, 1622], r: 1133387177, e: -6358, error: 483
#ERR  p: [820, 1623], r: 1133387167, e: -6368, error: 484
#ERR  p: [820, 1624], r: 1133387157, e: -6378, error: 485
#ERR  p: [820, 1625], r: 1133387147, e: -6388, error: 486
#ERR  p: [820, 1626], r: 1133387137, e: -6398, error: 487
#ERR  p: [820, 1627], r: 1133387127, e: -6408, error: 488
#ERR  p: [820, 1628], r: 1133387117, e: -6418, error: 489
#ERR  p: [820, 1629], r: 1133387107, e: -6428, error: 490
#ERR  p: [820, 1630], r: 1133387097, e: -6432, error: 491
#ERR  p: [820, 1631], r: 1133387087, e: -6437, error: 492
#ERR  p: [820, 1632], r: 1133387077, e: -6447, error: 493
#ERR  p: [820, 1633], r: 1133387067, e: -6457, error: 494
#ERR  p: [820, 1634], r: 1133387057, e: -6461, error: 495
#ERR  p: [820, 1635], r: 1133387047, e: -6471, error: 496
#ERR  p: [820, 1636], r: 1133387037, e: -6481, error: 497
#ERR  p: [820, 1637], r: 1133387027, e: -6491, error: 498
#ERR  p: [820, 1638], r: 1133387017, e: -6501, error: 499
#SDC Ite:0 KerTime:0.294698 AccTime:0.294698 KerErr:500 AccErr:500
#END