#HEADER max_rows:2048 max_cols:2048 penalty:10
#BEGIN Y:2016 M:09 D:12 Time:15:47:27
#IT Ite:0 KerTime:0.294829 AccTime:0.294829
#ERR Error detected! kerrors = 831024
#ERR  p: [1526, 456], r: 1380888064, e: -9282, error: 1
#ERR  p: [1526, 457], r: 1380888054, e: -9275, error: 2
#ERR  p: [1526, 458], r: 1380888044, e: -9265, error: 3
#ERR  p: [1526, 459], r: 1380888034, e: -9259, error: 4
#ERR  p: [1526, 460], r: 1380888024, e: -9248, error: 5
#ERR  p: [1526, 461], r: 1380888014, e: -9238, error: 6
#ERR  p: [1526, 462], r: 1380888004, e: -9226, error: 7
#ERR  p: [1526, 463], r: 1380887994, e: -9212, error: 8
#ERR  p: [1526, 464], r: 1380887984, e: -9202, error: 9
#ERR  p: [1526, 465], r: 1380887974, e: -9196, error: 10
#ERR  p: [1526, 466], r: 1380887964, e: -9187, error: 11
#ERR  p: [1526, 467], r: 1380887954, e: -9173, error: 12
#ERR  p: [1526, 468], r: 1380887944, e: -9165, error: 13
#ERR  p: [1526, 469], r: 1380887934, e: -9148, error: 14
#ERR  p: [1526, 470], r: 1380887924, e: -9137, error: 15
#ERR  p: [1526, 471], r: 1380887914, e: -9122, error: 16
#ERR  p: [1526, 472], r: 1380887904, e: -9109, error: 17
#ERR  p: [1526, 473], r: 1380887894, e: -9094, error: 18
#ERR  p: [1526, 474], r: 1380887884, e: -9078, error: 19
#ERR  p: [1526, 475], r: 1380887874, e: -9072, error: 20
#ERR  p: [1526, 476], r: 1380887864, e: -9060, error: 21
#ERR  p: [1526, 477], r: 1380887854, e: -9051, error: 22
#ERR  p: [1526, 478], r: 1380887844, e: -9042, error: 23
#ERR  p: [1526, 479], r: 1380887834, e: -9031, error: 24
#ERR  p: [1526, 480], r: 1380887824, e: -9022, error: 25
#ERR  p: [1526, 481], r: 1380887814, e: -9015, error: 26
#ERR  p: [1526, 482], r: 1380887804, e: -9008, error: 27
#ERR  p: [1526, 483], r: 1380887794, e: -9000, error: 28
#ERR  p: [1526, 484], r: 1380887784, e: -8993, error: 29
#ERR  p: [1526, 485], r: 1380887774, e: -8982, error: 30
#ERR  p: [1526, 486], r: 1380887764, e: -8973, error: 31
#ERR  p: [1526, 487], r: 1380887754, e: -8959, error: 32
#ERR  p: [1526, 488], r: 1380887744, e: -8948, error: 33
#ERR  p: [1526, 489], r: 1380887734, e: -8933, error: 34
#ERR  p: [1526, 490], r: 1380887724, e: -8926, error: 35
#ERR  p: [1526, 491], r: 1380887714, e: -8917, error: 36
#ERR  p: [1526, 492], r: 1380887704, e: -8907, error: 37
#ERR  p: [1526, 493], r: 1380887694, e: -8886, error: 38
#ERR  p: [1526, 494], r: 1380887684, e: -8876, error: 39
#ERR  p: [1526, 495], r: 1380887674, e: -8865, error: 40
#ERR  p: [1526, 496], r: 1380887664, e: -8850, error: 41
#ERR  p: [1526, 497], r: 1380887654, e: -8841, error: 42
#ERR  p: [1526, 498], r: 1380887644, e: -8832, error: 43
#ERR  p: [1526, 499], r: 1380887634, e: -8820, error: 44
#ERR  p: [1526, 500], r: 1380887624, e: -8806, error: 45
#ERR  p: [1526, 501], r: 1380887614, e: -8794, error: 46
#ERR  p: [1526, 502], r: 1380887604, e: -8782, error: 47
#ERR  p: [1526, 503], r: 1380887594, e: -8765, error: 48
#ERR  p: [1526, 504], r: 1380887584, e: -8755, error: 49
#ERR  p: [1526, 505], r: 1380887574, e: -8741, error: 50
#ERR  p: [1526, 506], r: 1380887564, e: -8729, error: 51
#ERR  p: [1526, 507], r: 1380887554, e: -8720, error: 52
#ERR  p: [1526, 508], r: 1380887544, e: -8700, error: 53
#ERR  p: [1526, 509], r: 1380887534, e: -8685, error: 54
#ERR  p: [1526, 510], r: 1380887524, e: -8674, error: 55
#ERR  p: [1526, 511], r: 1380887514, e: -8667, error: 56
#ERR  p: [1526, 512], r: 1380887504, e: -8659, error: 57
#ERR  p: [1526, 513], r: 1380887494, e: -8650, error: 58
#ERR  p: [1526, 514], r: 1380887484, e: -8640, error: 59
#ERR  p: [1526, 515], r: 1380887474, e: -8630, error: 60
#ERR  p: [1526, 516], r: 1380887464, e: -8616, error: 61
#ERR  p: [1526, 517], r: 1380887454, e: -8606, error: 62
#ERR  p: [1526, 518], r: 1380887444, e: -8592, error: 63
#ERR  p: [1526, 519], r: 1380887434, e: -8581, error: 64
#ERR  p: [1526, 520], r: 1380887424, e: -8565, error: 65
#ERR  p: [1526, 521], r: 1380887414, e: -8551, error: 66
#ERR  p: [1526, 522], r: 1380887404, e: -8546, error: 67
#ERR  p: [1526, 523], r: 1380887394, e: -8536, error: 68
#ERR  p: [1526, 524], r: 1380887384, e: -8524, error: 69
#ERR  p: [1526, 525], r: 1380887374, e: -8513, error: 70
#ERR  p: [1526, 526], r: 1380887364, e: -8504, error: 71
#ERR  p: [1526, 527], r: 1380887354, e: -8494, error: 72
#ERR  p: [1526, 528], r: 1380887344, e: -8480, error: 73
#ERR  p: [1526, 529], r: 1380887334, e: -8464, error: 74
#ERR  p: [1526, 530], r: 1380887324, e: -8458, error: 75
#ERR  p: [1526, 531], r: 1380887314, e: -8447, error: 76
#ERR  p: [1526, 532], r: 1380887304, e: -8436, error: 77
#ERR  p: [1526, 533], r: 1380887294, e: -8421, error: 78
#ERR  p: [1526, 534], r: 1380887284, e: -8411, error: 79
#ERR  p: [1526, 535], r: 1380887274, e: -8405, error: 80
#ERR  p: [1526, 536], r: 1380887264, e: -8405, error: 81
#ERR  p: [1526, 537], r: 1380887254, e: -8393, error: 82
#ERR  p: [1526, 538], r: 1380887244, e: -8384, error: 83
#ERR  p: [1526, 539], r: 1380887234, e: -8375, error: 84
#ERR  p: [1526, 540], r: 1380887224, e: -8360, error: 85
#ERR  p: [1526, 541], r: 1380887214, e: -8351, error: 86
#ERR  p: [1526, 542], r: 1380887204, e: -8341, error: 87
#ERR  p: [1526, 543], r: 1380887194, e: -8331, error: 88
#ERR  p: [1526, 544], r: 1380887184, e: -8323, error: 89
#ERR  p: [1526, 545], r: 1380887174, e: -8312, error: 90
#ERR  p: [1526, 546], r: 1380887164, e: -8304, error: 91
#ERR  p: [1526, 547], r: 1380887154, e: -8294, error: 92
#ERR  p: [1526, 548], r: 1380887144, e: -8275, error: 93
#ERR  p: [1526, 549], r: 1380887134, e: -8266, error: 94
#ERR  p: [1526, 550], r: 1380887124, e: -8252, error: 95
#ERR  p: [1526, 551], r: 1380887114, e: -8246, error: 96
#ERR  p: [1526, 552], r: 1380887104, e: -8237, error: 97
#ERR  p: [1526, 553], r: 1380887094, e: -8226, error: 98
#ERR  p: [1526, 554], r: 1380887084, e: -8216, error: 99
#ERR  p: [1526, 555], r: 1380887074, e: -8203, error: 100
#ERR  p: [1526, 556], r: 1380887064, e: -8195, error: 101
#ERR  p: [1526, 557], r: 1380887054, e: -8185, error: 102
#ERR  p: [1526, 558], r: 1380887044, e: -8174, error: 103
#ERR  p: [1526, 559], r: 1380887034, e: -8167, error: 104
#ERR  p: [1526, 560], r: 1380887024, e: -8157, error: 105
#ERR  p: [1526, 561], r: 1380887014, e: -8147, error: 106
#ERR  p: [1526, 562], r: 1380887004, e: -8132, error: 107
#ERR  p: [1526, 563], r: 1380886994, e: -8111, error: 108
#ERR  p: [1526, 564], r: 1380886984, e: -8096, error: 109
#ERR  p: [1526, 565], r: 1380886974, e: -8088, error: 110
#ERR  p: [1526, 566], r: 1380886964, e: -8079, error: 111
#ERR  p: [1526, 567], r: 1380886954, e: -8069, error: 112
#ERR  p: [1526, 568], r: 1380886944, e: -8059, error: 113
#ERR  p: [1526, 569], r: 1380886934, e: -8049, error: 114
#ERR  p: [1526, 570], r: 1380886924, e: -8044, error: 115
#ERR  p: [1526, 571], r: 1380886914, e: -8043, error: 116
#ERR  p: [1526, 572], r: 1380886904, e: -8031, error: 117
#ERR  p: [1526, 573], r: 1380886894, e: -8017, error: 118
#ERR  p: [1526, 574], r: 1380886884, e: -8006, error: 119
#ERR  p: [1526, 575], r: 1380886874, e: -7997, error: 120
#ERR  p: [1526, 576], r: 1380886864, e: -7984, error: 121
#ERR  p: [1526, 577], r: 1380886854, e: -7977, error: 122
#ERR  p: [1526, 578], r: 1380886844, e: -7975, error: 123
#ERR  p: [1526, 579], r: 1380886834, e: -7967, error: 124
#ERR  p: [1526, 580], r: 1380886824, e: -7964, error: 125
#ERR  p: [1526, 581], r: 1380886814, e: -7966, error: 126
#ERR  p: [1526, 582], r: 1380886804, e: -7956, error: 127
#ERR  p: [1526, 583], r: 1380886794, e: -7945, error: 128
#ERR  p: [1526, 584], r: 1380886784, e: -7933, error: 129
#ERR  p: [1526, 585], r: 1380886774, e: -7924, error: 130
#ERR  p: [1526, 586], r: 1380886764, e: -7920, error: 131
#ERR  p: [1526, 587], r: 1380886754, e: -7916, error: 132
#ERR  p: [1526, 588], r: 1380886744, e: -7901, error: 133
#ERR  p: [1526, 589], r: 1380886734, e: -7885, error: 134
#ERR  p: [1526, 590], r: 1380886724, e: -7877, error: 135
#ERR  p: [1526, 591], r: 1380886714, e: -7863, error: 136
#ERR  p: [1526, 592], r: 1380886704, e: -7848, error: 137
#ERR  p: [1526, 593], r: 1380886694, e: -7839, error: 138
#ERR  p: [1526, 594], r: 1380886684, e: -7827, error: 139
#ERR  p: [1526, 595], r: 1380886674, e: -7812, error: 140
#ERR  p: [1526, 596], r: 1380886664, e: -7798, error: 141
#ERR  p: [1526, 597], r: 1380886654, e: -7789, error: 142
#ERR  p: [1526, 598], r: 1380886644, e: -7787, error: 143
#ERR  p: [1526, 599], r: 1380886634, e: -7782, error: 144
#ERR  p: [1526, 600], r: 1380886624, e: -7770, error: 145
#ERR  p: [1526, 601], r: 1380886614, e: -7755, error: 146
#ERR  p: [1526, 602], r: 1380886604, e: -7746, error: 147
#ERR  p: [1526, 603], r: 1380886594, e: -7731, error: 148
#ERR  p: [1526, 604], r: 1380886584, e: -7716, error: 149
#ERR  p: [1526, 605], r: 1380886574, e: -7703, error: 150
#ERR  p: [1526, 606], r: 1380886564, e: -7691, error: 151
#ERR  p: [1526, 607], r: 1380886554, e: -7685, error: 152
#ERR  p: [1526, 608], r: 1380886544, e: -7673, error: 153
#ERR  p: [1526, 609], r: 1380886534, e: -7670, error: 154
#ERR  p: [1526, 610], r: 1380886524, e: -7658, error: 155
#ERR  p: [1526, 611], r: 1380886514, e: -7641, error: 156
#ERR  p: [1526, 612], r: 1380886504, e: -7627, error: 157
#ERR  p: [1526, 613], r: 1380886494, e: -7616, error: 158
#ERR  p: [1526, 614], r: 1380886484, e: -7602, error: 159
#ERR  p: [1526, 615], r: 1380886474, e: -7593, error: 160
#ERR  p: [1526, 616], r: 1380886464, e: -7589, error: 161
#ERR  p: [1526, 617], r: 1380886454, e: -7592, error: 162
#ERR  p: [1526, 618], r: 1380886444, e: -7583, error: 163
#ERR  p: [1526, 619], r: 1380886434, e: -7571, error: 164
#ERR  p: [1526, 620], r: 1380886424, e: -7562, error: 165
#ERR  p: [1526, 621], r: 1380886414, e: -7553, error: 166
#ERR  p: [1526, 622], r: 1380886404, e: -7544, error: 167
#ERR  p: [1526, 623], r: 1380886394, e: -7530, error: 168
#ERR  p: [1526, 624], r: 1380886384, e: -7517, error: 169
#ERR  p: [1526, 625], r: 1380886374, e: -7508, error: 170
#ERR  p: [1526, 626], r: 1380886364, e: -7497, error: 171
#ERR  p: [1526, 627], r: 1380886354, e: -7487, error: 172
#ERR  p: [1526, 628], r: 1380886344, e: -7477, error: 173
#ERR  p: [1526, 629], r: 1380886334, e: -7463, error: 174
#ERR  p: [1526, 630], r: 1380886324, e: -7454, error: 175
#ERR  p: [1526, 631], r: 1380886314, e: -7449, error: 176
#ERR  p: [1526, 632], r: 1380886304, e: -7438, error: 177
#ERR  p: [1526, 633], r: 1380886294, e: -7420, error: 178
#ERR  p: [1526, 634], r: 1380886284, e: -7409, error: 179
#ERR  p: [1526, 635], r: 1380886274, e: -7394, error: 180
#ERR  p: [1526, 636], r: 1380886264, e: -7383, error: 181
#ERR  p: [1526, 637], r: 1380886254, e: -7376, error: 182
#ERR  p: [1526, 638], r: 1380886244, e: -7368, error: 183
#ERR  p: [1526, 639], r: 1380886234, e: -7362, error: 184
#ERR  p: [1526, 640], r: 1380886224, e: -7357, error: 185
#ERR  p: [1526, 641], r: 1380886214, e: -7348, error: 186
#ERR  p: [1526, 642], r: 1380886204, e: -7333, error: 187
#ERR  p: [1526, 643], r: 1380886194, e: -7324, error: 188
#ERR  p: [1526, 644], r: 1380886184, e: -7315, error: 189
#ERR  p: [1526, 645], r: 1380886174, e: -7307, error: 190
#ERR  p: [1526, 646], r: 1380886164, e: -7298, error: 191
#ERR  p: [1526, 647], r: 1380886154, e: -7287, error: 192
#ERR  p: [1526, 648], r: 1380886144, e: -7278, error: 193
#ERR  p: [1526, 649], r: 1380886134, e: -7265, error: 194
#ERR  p: [1526, 650], r: 1380886124, e: -7254, error: 195
#ERR  p: [1526, 651], r: 1380886114, e: -7239, error: 196
#ERR  p: [1526, 652], r: 1380886104, e: -7227, error: 197
#ERR  p: [1526, 653], r: 1380886094, e: -7213, error: 198
#ERR  p: [1526, 654], r: 1380886084, e: -7202, error: 199
#ERR  p: [1526, 655], r: 1380886074, e: -7192, error: 200
#ERR  p: [1526, 656], r: 1380886064, e: -7178, error: 201
#ERR  p: [1526, 657], r: 1380886054, e: -7167, error: 202
#ERR  p: [1526, 658], r: 1380886044, e: -7152, error: 203
#ERR  p: [1526, 659], r: 1380886034, e: -7138, error: 204
#ERR  p: [1526, 660], r: 1380886024, e: -7122, error: 205
#ERR  p: [1526, 661], r: 1380886014, e: -7112, error: 206
#ERR  p: [1526, 662], r: 1380886004, e: -7099, error: 207
#ERR  p: [1526, 663], r: 1380885994, e: -7090, error: 208
#ERR  p: [1526, 664], r: 1380885984, e: -7081, error: 209
#ERR  p: [1526, 665], r: 1380885974, e: -7071, error: 210
#ERR  p: [1526, 666], r: 1380885964, e: -7063, error: 211
#ERR  p: [1526, 667], r: 1380885954, e: -7054, error: 212
#ERR  p: [1526, 668], r: 1380885944, e: -7045, error: 213
#ERR  p: [1526, 669], r: 1380885934, e: -7037, error: 214
#ERR  p: [1526, 670], r: 1380885924, e: -7028, error: 215
#ERR  p: [1526, 671], r: 1380885914, e: -7013, error: 216
#ERR  p: [1526, 672], r: 1380885904, e: -6997, error: 217
#ERR  p: [1526, 673], r: 1380885894, e: -6990, error: 218
#ERR  p: [1526, 674], r: 1380885884, e: -6984, error: 219
#ERR  p: [1526, 675], r: 1380885874, e: -6977, error: 220
#ERR  p: [1526, 676], r: 1380885864, e: -6963, error: 221
#ERR  p: [1526, 677], r: 1380885854, e: -6949, error: 222
#ERR  p: [1526, 678], r: 1380885844, e: -6942, error: 223
#ERR  p: [1526, 679], r: 1380885834, e: -6927, error: 224
#ERR  p: [1526, 680], r: 1380885824, e: -6911, error: 225
#ERR  p: [1526, 681], r: 1380885814, e: -6904, error: 226
#ERR  p: [1526, 682], r: 1380885804, e: -6911, error: 227
#ERR  p: [1526, 683], r: 1380885794, e: -6913, error: 228
#ERR  p: [1526, 684], r: 1380885784, e: -6900, error: 229
#ERR  p: [1526, 685], r: 1380885774, e: -6891, error: 230
#ERR  p: [1526, 686], r: 1380885764, e: -6879, error: 231
#ERR  p: [1526, 687], r: 1380885754, e: -6869, error: 232
#ERR  p: [1526, 688], r: 1380885744, e: -6855, error: 233
#ERR  p: [1526, 689], r: 1380885734, e: -6849, error: 234
#ERR  p: [1526, 690], r: 1380885724, e: -6838, error: 235
#ERR  p: [1526, 691], r: 1380885714, e: -6823, error: 236
#ERR  p: [1526, 692], r: 1380885704, e: -6814, error: 237
#ERR  p: [1526, 693], r: 1380885694, e: -6800, error: 238
#ERR  p: [1526, 694], r: 1380885684, e: -6793, error: 239
#ERR  p: [1526, 695], r: 1380885674, e: -6784, error: 240
#ERR  p: [1526, 696], r: 1380885664, e: -6779, error: 241
#ERR  p: [1526, 697], r: 1380885654, e: -6771, error: 242
#ERR  p: [1526, 698], r: 1380885644, e: -6761, error: 243
#ERR  p: [1526, 699], r: 1380885634, e: -6752, error: 244
#ERR  p: [1526, 700], r: 1380885624, e: -6741, error: 245
#ERR  p: [1526, 701], r: 1380885614, e: -6727, error: 246
#ERR  p: [1526, 702], r: 1380885604, e: -6720, error: 247
#ERR  p: [1526, 703], r: 1380885594, e: -6709, error: 248
#ERR  p: [1526, 704], r: 1380885584, e: -6705, error: 249
#ERR  p: [1526, 705], r: 1380885574, e: -6698, error: 250
#ERR  p: [1526, 706], r: 1380885564, e: -6684, error: 251
#ERR  p: [1526, 707], r: 1380885554, e: -6668, error: 252
#ERR  p: [1526, 708], r: 1380885544, e: -6658, error: 253
#ERR  p: [1526, 709], r: 1380885534, e: -6656, error: 254
#ERR  p: [1526, 710], r: 1380885524, e: -6642, error: 255
#ERR  p: [1526, 711], r: 1380885514, e: -6634, error: 256
#ERR  p: [1526, 712], r: 1380885504, e: -6628, error: 257
#ERR  p: [1526, 713], r: 1380885494, e: -6614, error: 258
#ERR  p: [1526, 714], r: 1380885484, e: -6603, error: 259
#ERR  p: [1526, 715], r: 1380885474, e: -6596, error: 260
#ERR  p: [1526, 716], r: 1380885464, e: -6587, error: 261
#ERR  p: [1526, 717], r: 1380885454, e: -6578, error: 262
#ERR  p: [1526, 718], r: 1380885444, e: -6575, error: 263
#ERR  p: [1526, 719], r: 1380885434, e: -6569, error: 264
#ERR  p: [1526, 720], r: 1380885424, e: -6553, error: 265
#ERR  p: [1526, 721], r: 1380885414, e: -6545, error: 266
#ERR  p: [1526, 722], r: 1380885404, e: -6543, error: 267
#ERR  p: [1526, 723], r: 1380885394, e: -6539, error: 268
#ERR  p: [1526, 724], r: 1380885384, e: -6532, error: 269
#ERR  p: [1526, 725], r: 1380885374, e: -6528, error: 270
#ERR  p: [1526, 726], r: 1380885364, e: -6518, error: 271
#ERR  p: [1526, 727], r: 1380885354, e: -6509, error: 272
#ERR  p: [1526, 728], r: 1380885344, e: -6500, error: 273
#ERR  p: [1526, 729], r: 1380885334, e: -6494, error: 274
#ERR  p: [1526, 730], r: 1380885324, e: -6483, error: 275
#ERR  p: [1526, 731], r: 1380885314, e: -6471, error: 276
#ERR  p: [1526, 732], r: 1380885304, e: -6464, error: 277
#ERR  p: [1526, 733], r: 1380885294, e: -6448, error: 278
#ERR  p: [1526, 734], r: 1380885284, e: -6435, error: 279
#ERR  p: [1526, 735], r: 1380885274, e: -6429, error: 280
#ERR  p: [1526, 736], r: 1380885264, e: -6421, error: 281
#ERR  p: [1526, 737], r: 1380885254, e: -6413, error: 282
#ERR  p: [1526, 738], r: 1380885244, e: -6407, error: 283
#ERR  p: [1526, 739], r: 1380885234, e: -6405, error: 284
#ERR  p: [1526, 740], r: 1380885224, e: -6391, error: 285
#ERR  p: [1526, 741], r: 1380885214, e: -6384, error: 286
#ERR  p: [1526, 742], r: 1380885204, e: -6374, error: 287
#ERR  p: [1526, 743], r: 1380885194, e: -6359, error: 288
#ERR  p: [1526, 744], r: 1380885184, e: -6345, error: 289
#ERR  p: [1526, 745], r: 1380885174, e: -6336, error: 290
#ERR  p: [1526, 746], r: 1380885164, e: -6327, error: 291
#ERR  p: [1526, 747], r: 1380885154, e: -6318, error: 292
#ERR  p: [1526, 748], r: 1380885144, e: -6311, error: 293
#ERR  p: [1526, 749], r: 1380885134, e: -6302, error: 294
#ERR  p: [1526, 750], r: 1380885124, e: -6288, error: 295
#ERR  p: [1526, 751], r: 1380885114, e: -6277, error: 296
#ERR  p: [1526, 752], r: 1380885104, e: -6267, error: 297
#ERR  p: [1526, 753], r: 1380885094, e: -6253, error: 298
#ERR  p: [1526, 754], r: 1380885084, e: -6239, error: 299
#ERR  p: [1526, 755], r: 1380885074, e: -6230, error: 300
#ERR  p: [1526, 756], r: 1380885064, e: -6223, error: 301
#ERR  p: [1526, 757], r: 1380885054, e: -6212, error: 302
#ERR  p: [1526, 758], r: 1380885044, e: -6198, error: 303
#ERR  p: [1526, 759], r: 1380885034, e: -6192, error: 304
#ERR  p: [1526, 760], r: 1380885024, e: -6183, error: 305
#ERR  p: [1526, 761], r: 1380885014, e: -6177, error: 306
#ERR  p: [1526, 762], r: 1380885004, e: -6169, error: 307
#ERR  p: [1526, 763], r: 1380884994, e: -6160, error: 308
#ERR  p: [1526, 764], r: 1380884984, e: -6146, error: 309
#ERR  p: [1526, 765], r: 1380884974, e: -6139, error: 310
#ERR  p: [1526, 766], r: 1380884964, e: -6125, error: 311
#ERR  p: [1526, 767], r: 1380884954, e: -6110, error: 312
#ERR  p: [1526, 768], r: 1380884944, e: -6096, error: 313
#ERR  p: [1526, 769], r: 1380884934, e: -6084, error: 314
#ERR  p: [1526, 770], r: 1380884924, e: -6070, error: 315
#ERR  p: [1526, 771], r: 1380884914, e: -6060, error: 316
#ERR  p: [1526, 772], r: 1380884904, e: -6051, error: 317
#ERR  p: [1526, 773], r: 1380884894, e: -6043, error: 318
#ERR  p: [1526, 774], r: 1380884884, e: -6033, error: 319
#ERR  p: [1526, 775], r: 1380884874, e: -6024, error: 320
#ERR  p: [1526, 776], r: 1380884864, e: -6012, error: 321
#ERR  p: [1526, 777], r: 1380884854, e: -6008, error: 322
#ERR  p: [1526, 778], r: 1380884844, e: -5997, error: 323
#ERR  p: [1526, 779], r: 1380884834, e: -5987, error: 324
#ERR  p: [1526, 780], r: 1380884824, e: -5973, error: 325
#ERR  p: [1526, 781], r: 1380884814, e: -5963, error: 326
#ERR  p: [1526, 782], r: 1380884804, e: -5948, error: 327
#ERR  p: [1526, 783], r: 1380884794, e: -5941, error: 328
#ERR  p: [1526, 784], r: 1380884784, e: -5941, error: 329
#ERR  p: [1526, 785], r: 1380884774, e: -5933, error: 330
#ERR  p: [1526, 786], r: 1380884764, e: -5919, error: 331
#ERR  p: [1526, 787], r: 1380884754, e: -5910, error: 332
#ERR  p: [1526, 788], r: 1380884744, e: -5903, error: 333
#ERR  p: [1526, 789], r: 1380884734, e: -5903, error: 334
#ERR  p: [1526, 790], r: 1380884724, e: -5908, error: 335
#ERR  p: [1526, 791], r: 1380884714, e: -5898, error: 336
#ERR  p: [1526, 792], r: 1380884704, e: -5884, error: 337
#ERR  p: [1526, 793], r: 1380884694, e: -5875, error: 338
#ERR  p: [1526, 794], r: 1380884684, e: -5861, error: 339
#ERR  p: [1526, 795], r: 1380884674, e: -5849, error: 340
#ERR  p: [1526, 796], r: 1380884664, e: -5833, error: 341
#ERR  p: [1526, 797], r: 1380884654, e: -5824, error: 342
#ERR  p: [1526, 798], r: 1380884644, e: -5818, error: 343
#ERR  p: [1526, 799], r: 1380884634, e: -5803, error: 344
#ERR  p: [1526, 800], r: 1380884624, e: -5790, error: 345
#ERR  p: [1526, 801], r: 1380884614, e: -5785, error: 346
#ERR  p: [1526, 802], r: 1380884604, e: -5779, error: 347
#ERR  p: [1526, 803], r: 1380884594, e: -5764, error: 348
#ERR  p: [1526, 804], r: 1380884584, e: -5751, error: 349
#ERR  p: [1526, 805], r: 1380884574, e: -5740, error: 350
#ERR  p: [1526, 806], r: 1380884564, e: -5730, error: 351
#ERR  p: [1526, 807], r: 1380884554, e: -5720, error: 352
#ERR  p: [1526, 808], r: 1380884544, e: -5706, error: 353
#ERR  p: [1526, 809], r: 1380884534, e: -5696, error: 354
#ERR  p: [1526, 810], r: 1380884524, e: -5686, error: 355
#ERR  p: [1526, 811], r: 1380884514, e: -5677, error: 356
#ERR  p: [1526, 812], r: 1380884504, e: -5665, error: 357
#ERR  p: [1526, 813], r: 1380884494, e: -5655, error: 358
#ERR  p: [1526, 814], r: 1380884484, e: -5646, error: 359
#ERR  p: [1526, 815], r: 1380884474, e: -5637, error: 360
#ERR  p: [1526, 816], r: 1380884464, e: -5629, error: 361
#ERR  p: [1526, 817], r: 1380884454, e: -5619, error: 362
#ERR  p: [1526, 818], r: 1380884444, e: -5621, error: 363
#ERR  p: [1526, 819], r: 1380884434, e: -5610, error: 364
#ERR  p: [1526, 820], r: 1380884424, e: -5594, error: 365
#ERR  p: [1526, 821], r: 1380884414, e: -5588, error: 366
#ERR  p: [1526, 822], r: 1380884404, e: -5579, error: 367
#ERR  p: [1526, 823], r: 1380884394, e: -5564, error: 368
#ERR  p: [1526, 824], r: 1380884384, e: -5551, error: 369
#ERR  p: [1526, 825], r: 1380884374, e: -5545, error: 370
#ERR  p: [1526, 826], r: 1380884364, e: -5543, error: 371
#ERR  p: [1526, 827], r: 1380884354, e: -5538, error: 372
#ERR  p: [1526, 828], r: 1380884344, e: -5532, error: 373
#ERR  p: [1526, 829], r: 1380884334, e: -5529, error: 374
#ERR  p: [1526, 830], r: 1380884324, e: -5518, error: 375
#ERR  p: [1526, 831], r: 1380884314, e: -5507, error: 376
#ERR  p: [1526, 832], r: 1380884304, e: -5491, error: 377
#ERR  p: [1526, 833], r: 1380884294, e: -5484, error: 378
#ERR  p: [1526, 834], r: 1380884284, e: -5479, error: 379
#ERR  p: [1526, 835], r: 1380884274, e: -5465, error: 380
#ERR  p: [1526, 836], r: 1380884264, e: -5455, error: 381
#ERR  p: [1526, 837], r: 1380884254, e: -5458, error: 382
#ERR  p: [1526, 838], r: 1380884244, e: -5442, error: 383
#ERR  p: [1526, 839], r: 1380884234, e: -5428, error: 384
#ERR  p: [1526, 840], r: 1380884224, e: -5423, error: 385
#ERR  p: [1526, 841], r: 1380884214, e: -5410, error: 386
#ERR  p: [1526, 842], r: 1380884204, e: -5401, error: 387
#ERR  p: [1526, 843], r: 1380884194, e: -5386, error: 388
#ERR  p: [1526, 844], r: 1380884184, e: -5379, error: 389
#ERR  p: [1526, 845], r: 1380884174, e: -5371, error: 390
#ERR  p: [1526, 846], r: 1380884164, e: -5360, error: 391
#ERR  p: [1526, 847], r: 1380884154, e: -5346, error: 392
#ERR  p: [1526, 848], r: 1380884144, e: -5339, error: 393
#ERR  p: [1526, 849], r: 1380884134, e: -5331, error: 394
#ERR  p: [1526, 850], r: 1380884124, e: -5328, error: 395
#ERR  p: [1526, 851], r: 1380884114, e: -5326, error: 396
#ERR  p: [1526, 852], r: 1380884104, e: -5317, error: 397
#ERR  p: [1526, 853], r: 1380884094, e: -5305, error: 398
#ERR  p: [1526, 854], r: 1380884084, e: -5289, error: 399
#ERR  p: [1526, 855], r: 1380884074, e: -5281, error: 400
#ERR  p: [1526, 856], r: 1380884064, e: -5276, error: 401
#ERR  p: [1526, 857], r: 1380884054, e: -5267, error: 402
#ERR  p: [1526, 858], r: 1380884044, e: -5256, error: 403
#ERR  p: [1526, 859], r: 1380884034, e: -5247, error: 404
#ERR  p: [1526, 860], r: 1380884024, e: -5235, error: 405
#ERR  p: [1526, 861], r: 1380884014, e: -5224, error: 406
#ERR  p: [1526, 862], r: 1380884004, e: -5210, error: 407
#ERR  p: [1526, 863], r: 1380883994, e: -5196, error: 408
#ERR  p: [1526, 864], r: 1380883984, e: -5186, error: 409
#ERR  p: [1526, 865], r: 1380883974, e: -5178, error: 410
#ERR  p: [1526, 866], r: 1380883964, e: -5173, error: 411
#ERR  p: [1526, 867], r: 1380883954, e: -5161, error: 412
#ERR  p: [1526, 868], r: 1380883944, e: -5153, error: 413
#ERR  p: [1526, 869], r: 1380883934, e: -5150, error: 414
#ERR  p: [1526, 870], r: 1380883924, e: -5144, error: 415
#ERR  p: [1526, 871], r: 1380883914, e: -5137, error: 416
#ERR  p: [1526, 872], r: 1380883904, e: -5122, error: 417
#ERR  p: [1526, 873], r: 1380883894, e: -5114, error: 418
#ERR  p: [1526, 874], r: 1380883884, e: -5098, error: 419
#ERR  p: [1526, 875], r: 1380883874, e: -5089, error: 420
#ERR  p: [1526, 876], r: 1380883864, e: -5080, error: 421
#ERR  p: [1526, 877], r: 1380883854, e: -5060, error: 422
#ERR  p: [1526, 878], r: 1380883844, e: -5044, error: 423
#ERR  p: [1526, 879], r: 1380883834, e: -5036, error: 424
#ERR  p: [1526, 880], r: 1380883824, e: -5032, error: 425
#ERR  p: [1526, 881], r: 1380883814, e: -5022, error: 426
#ERR  p: [1526, 882], r: 1380883804, e: -5017, error: 427
#ERR  p: [1526, 883], r: 1380883794, e: -5010, error: 428
#ERR  p: [1526, 884], r: 1380883784, e: -5007, error: 429
#ERR  p: [1526, 885], r: 1380883774, e: -4993, error: 430
#ERR  p: [1526, 886], r: 1380883764, e: -4983, error: 431
#ERR  p: [1526, 887], r: 1380883754, e: -4974, error: 432
#ERR  p: [1526, 888], r: 1380883744, e: -4961, error: 433
#ERR  p: [1526, 889], r: 1380883734, e: -4948, error: 434
#ERR  p: [1526, 890], r: 1380883724, e: -4939, error: 435
#ERR  p: [1526, 891], r: 1380883714, e: -4941, error: 436
#ERR  p: [1526, 892], r: 1380883704, e: -4938, error: 437
#ERR  p: [1526, 893], r: 1380883694, e: -4936, error: 438
#ERR  p: [1526, 894], r: 1380883684, e: -4923, error: 439
#ERR  p: [1526, 895], r: 1380883674, e: -4912, error: 440
#ERR  p: [1526, 896], r: 1380883664, e: -4895, error: 441
#ERR  p: [1526, 897], r: 1380883654, e: -4880, error: 442
#ERR  p: [1526, 898], r: 1380883644, e: -4870, error: 443
#ERR  p: [1526, 899], r: 1380883634, e: -4856, error: 444
#ERR  p: [1526, 900], r: 1380883624, e: -4843, error: 445
#ERR  p: [1526, 901], r: 1380883614, e: -4830, error: 446
#ERR  p: [1526, 902], r: 1380883604, e: -4840, error: 447
#ERR  p: [1526, 903], r: 1380883594, e: -4839, error: 448
#ERR  p: [1526, 904], r: 1380883584, e: -4824, error: 449
#ERR  p: [1526, 905], r: 1380883574, e: -4813, error: 450
#ERR  p: [1526, 906], r: 1380883564, e: -4805, error: 451
#ERR  p: [1526, 907], r: 1380883554, e: -4799, error: 452
#ERR  p: [1526, 908], r: 1380883544, e: -4792, error: 453
#ERR  p: [1526, 909], r: 1380883534, e: -4786, error: 454
#ERR  p: [1526, 910], r: 1380883524, e: -4779, error: 455
#ERR  p: [1526, 911], r: 1380883514, e: -4779, error: 456
#ERR  p: [1526, 912], r: 1380883504, e: -4770, error: 457
#ERR  p: [1526, 913], r: 1380883494, e: -4763, error: 458
#ERR  p: [1526, 914], r: 1380883484, e: -4752, error: 459
#ERR  p: [1526, 915], r: 1380883474, e: -4741, error: 460
#ERR  p: [1526, 916], r: 1380883464, e: -4738, error: 461
#ERR  p: [1526, 917], r: 1380883454, e: -4734, error: 462
#ERR  p: [1526, 918], r: 1380883444, e: -4723, error: 463
#ERR  p: [1526, 919], r: 1380883434, e: -4716, error: 464
#ERR  p: [1526, 920], r: 1380883424, e: -4715, error: 465
#ERR  p: [1526, 921], r: 1380883414, e: -4705, error: 466
#ERR  p: [1526, 922], r: 1380883404, e: -4694, error: 467
#ERR  p: [1526, 923], r: 1380883394, e: -4685, error: 468
#ERR  p: [1526, 924], r: 1380883384, e: -4668, error: 469
#ERR  p: [1526, 925], r: 1380883374, e: -4653, error: 470
#ERR  p: [1526, 926], r: 1380883364, e: -4644, error: 471
#ERR  p: [1526, 927], r: 1380883354, e: -4636, error: 472
#ERR  p: [1526, 928], r: 1380883344, e: -4625, error: 473
#ERR  p: [1526, 929], r: 1380883334, e: -4609, error: 474
#ERR  p: [1526, 930], r: 1380883324, e: -4602, error: 475
#ERR  p: [1526, 931], r: 1380883314, e: -4598, error: 476
#ERR  p: [1526, 932], r: 1380883304, e: -4589, error: 477
#ERR  p: [1526, 933], r: 1380883294, e: -4583, error: 478
#ERR  p: [1526, 934], r: 1380883284, e: -4576, error: 479
#ERR  p: [1526, 935], r: 1380883274, e: -4570, error: 480
#ERR  p: [1526, 936], r: 1380883264, e: -4557, error: 481
#ERR  p: [1526, 937], r: 1380883254, e: -4548, error: 482
#ERR  p: [1526, 938], r: 1380883244, e: -4542, error: 483
#ERR  p: [1526, 939], r: 1380883234, e: -4529, error: 484
#ERR  p: [1526, 940], r: 1380883224, e: -4521, error: 485
#ERR  p: [1526, 941], r: 1380883214, e: -4510, error: 486
#ERR  p: [1526, 942], r: 1380883204, e: -4496, error: 487
#ERR  p: [1526, 943], r: 1380883194, e: -4485, error: 488
#ERR  p: [1526, 944], r: 1380883184, e: -4474, error: 489
#ERR  p: [1526, 945], r: 1380883174, e: -4458, error: 490
#ERR  p: [1526, 946], r: 1380883164, e: -4447, error: 491
#ERR  p: [1526, 947], r: 1380883154, e: -4442, error: 492
#ERR  p: [1526, 948], r: 1380883144, e: -4437, error: 493
#ERR  p: [1526, 949], r: 1380883134, e: -4427, error: 494
#ERR  p: [1526, 950], r: 1380883124, e: -4413, error: 495
#ERR  p: [1526, 951], r: 1380883114, e: -4404, error: 496
#ERR  p: [1526, 952], r: 1380883104, e: -4396, error: 497
#ERR  p: [1526, 953], r: 1380883094, e: -4388, error: 498
#ERR  p: [1526, 954], r: 1380883084, e: -4380, error: 499
#SDC Ite:0 KerTime:0.294829 AccTime:0.294829 KerErr:500 AccErr:500
#END