#HEADER max_rows:2048 max_cols:2048 penalty:10
#BEGIN Y:2016 M:09 D:12 Time:14:50:37
#IT Ite:0 KerTime:0.295424 AccTime:0.295424
#ERR Error detected! kerrors = 55
#ERR  p: [19, 1137], r: -11085, e: -11079, error: 1
#ERR  p: [19, 1138], r: -11095, e: -11089, error: 2
#ERR  p: [19, 1139], r: -11104, e: -11099, error: 3
#ERR  p: [19, 1140], r: -11114, e: -11109, error: 4
#ERR  p: [19, 1141], r: -11124, e: -11119, error: 5
#ERR  p: [19, 1142], r: -11134, e: -11129, error: 6
#ERR  p: [19, 1143], r: -11144, e: -11139, error: 7
#ERR  p: [19, 1144], r: -11154, e: -11149, error: 8
#ERR  p: [19, 1145], r: -11164, e: -11159, error: 9
#ERR  p: [19, 1146], r: -11174, e: -11169, error: 10
#ERR  p: [19, 1147], r: -11183, e: -11179, error: 11
#ERR  p: [19, 1148], r: -11193, e: -11189, error: 12
#ERR  p: [19, 1149], r: -11203, e: -11199, error: 13
#ERR  p: [19, 1150], r: -11213, e: -11209, error: 14
#ERR  p: [19, 1151], r: -11223, e: -11219, error: 15
#ERR  p: [19, 1152], r: -11233, e: -11229, error: 16
#ERR  p: [19, 1153], r: -11243, e: -11239, error: 17
#ERR  p: [19, 1154], r: -11253, e: -11249, error: 18
#ERR  p: [19, 1155], r: -11263, e: -11259, error: 19
#ERR  p: [19, 1156], r: -11273, e: -11269, error: 20
#ERR  p: [19, 1157], r: -11283, e: -11279, error: 21
#ERR  p: [19, 1158], r: -11293, e: -11289, error: 22
#ERR  p: [19, 1159], r: -11303, e: -11299, error: 23
#ERR  p: [19, 1160], r: -11313, e: -11309, error: 24
#ERR  p: [19, 1161], r: -11323, e: -11319, error: 25
#ERR  p: [19, 1162], r: -11333, e: -11329, error: 26
#ERR  p: [19, 1163], r: -11343, e: -11339, error: 27
#ERR  p: [19, 1164], r: -11353, e: -11349, error: 28
#ERR  p: [19, 1165], r: -11363, e: -11359, error: 29
#ERR  p: [19, 1166], r: -11373, e: -11369, error: 30
#ERR  p: [19, 1167], r: -11383, e: -11379, error: 31
#ERR  p: [19, 1168], r: -11393, e: -11389, error: 32
#ERR  p: [19, 1169], r: -11403, e: -11399, error: 33
#ERR  p: [19, 1170], r: -11413, e: -11409, error: 34
#ERR  p: [19, 1171], r: -11423, e: -11419, error: 35
#ERR  p: [19, 1172], r: -11433, e: -11429, error: 36
#ERR  p: [19, 1173], r: -11443, e: -11439, error: 37
#ERR  p: [19, 1174], r: -11453, e: -11449, error: 38
#ERR  p: [19, 1175], r: -11463, e: -11459, error: 39
#ERR  p: [19, 1176], r: -11473, e: -11469, error: 40
#ERR  p: [19, 1177], r: -11483, e: -11479, error: 41
#ERR  p: [19, 1178], r: -11493, e: -11489, error: 42
#ERR  p: [19, 1179], r: -11503, e: -11499, error: 43
#ERR  p: [19, 1180], r: -11513, e: -11509, error: 44
#ERR  p: [19, 1181], r: -11523, e: -11519, error: 45
#ERR  p: [19, 1182], r: -11533, e: -11529, error: 46
#ERR  p: [19, 1183], r: -11543, e: -11539, error: 47
#ERR  p: [19, 1184], r: -11553, e: -11549, error: 48
#ERR  p: [19, 1185], r: -11563, e: -11559, error: 49
#ERR  p: [19, 1186], r: -11573, e: -11569, error: 50
#ERR  p: [19, 1187], r: -11583, e: -11579, error: 51
#ERR  p: [19, 1188], r: -11593, e: -11589, error: 52
#ERR  p: [19, 1189], r: -11603, e: -11599, error: 53
#ERR  p: [19, 1190], r: -11613, e: -11609, error: 54
#ERR  p: [19, 1191], r: -11623, e: -11619, error: 55
#SDC Ite:0 KerTime:0.295424 AccTime:0.295424 KerErr:55 AccErr:55
#END