#HEADER max_rows:2048 max_cols:2048 penalty:10
#BEGIN Y:2016 M:09 D:12 Time:15:05:59
#IT Ite:0 KerTime:0.299330 AccTime:0.299330
#ERR Error detected! kerrors = 1846880
#ERR  p: [928, 399], r: 15481986, e: -4399, error: 1
#ERR  p: [928, 400], r: 15481976, e: -4392, error: 2
#ERR  p: [928, 401], r: 15481966, e: -4381, error: 3
#ERR  p: [928, 402], r: 15481956, e: -4372, error: 4
#ERR  p: [928, 403], r: 15481946, e: -4362, error: 5
#ERR  p: [928, 404], r: 15481936, e: -4341, error: 6
#ERR  p: [928, 405], r: 15481926, e: -4340, error: 7
#ERR  p: [928, 406], r: 15481916, e: -4328, error: 8
#ERR  p: [928, 407], r: 15481906, e: -4313, error: 9
#ERR  p: [928, 408], r: 15481896, e: -4306, error: 10
#ERR  p: [928, 409], r: 15481886, e: -4296, error: 11
#ERR  p: [928, 410], r: 15481876, e: -4286, error: 12
#ERR  p: [928, 411], r: 15481866, e: -4274, error: 13
#ERR  p: [928, 412], r: 15481856, e: -4257, error: 14
#ERR  p: [928, 413], r: 15481846, e: -4245, error: 15
#ERR  p: [928, 414], r: 15481836, e: -4237, error: 16
#ERR  p: [928, 415], r: 15481826, e: -4231, error: 17
#ERR  p: [928, 416], r: 15481816, e: -4224, error: 18
#ERR  p: [928, 417], r: 15481806, e: -4217, error: 19
#ERR  p: [928, 418], r: 15481796, e: -4216, error: 20
#ERR  p: [928, 419], r: 15481786, e: -4205, error: 21
#ERR  p: [928, 420], r: 15481776, e: -4190, error: 22
#ERR  p: [928, 421], r: 15481766, e: -4184, error: 23
#ERR  p: [928, 422], r: 15481756, e: -4170, error: 24
#ERR  p: [928, 423], r: 15481746, e: -4152, error: 25
#ERR  p: [928, 424], r: 15481736, e: -4142, error: 26
#ERR  p: [928, 425], r: 15481726, e: -4131, error: 27
#ERR  p: [928, 426], r: 15481716, e: -4123, error: 28
#ERR  p: [928, 427], r: 15481706, e: -4115, error: 29
#ERR  p: [928, 428], r: 15481696, e: -4103, error: 30
#ERR  p: [928, 429], r: 15481686, e: -4095, error: 31
#ERR  p: [928, 430], r: 15481676, e: -4088, error: 32
#ERR  p: [928, 431], r: 15481666, e: -4080, error: 33
#ERR  p: [928, 432], r: 15481656, e: -4073, error: 34
#ERR  p: [928, 433], r: 15481646, e: -4064, error: 35
#ERR  p: [928, 434], r: 15481636, e: -4056, error: 36
#ERR  p: [928, 435], r: 15481626, e: -4044, error: 37
#ERR  p: [928, 436], r: 15481616, e: -4026, error: 38
#ERR  p: [928, 437], r: 15481606, e: -4015, error: 39
#ERR  p: [928, 438], r: 15481596, e: -4010, error: 40
#ERR  p: [928, 439], r: 15481586, e: -4003, error: 41
#ERR  p: [928, 440], r: 15481576, e: -3992, error: 42
#ERR  p: [928, 441], r: 15481566, e: -3977, error: 43
#ERR  p: [928, 442], r: 15481556, e: -3967, error: 44
#ERR  p: [928, 443], r: 15481546, e: -3956, error: 45
#ERR  p: [928, 444], r: 15481536, e: -3949, error: 46
#ERR  p: [928, 445], r: 15481526, e: -3934, error: 47
#ERR  p: [928, 446], r: 15481516, e: -3927, error: 48
#ERR  p: [928, 447], r: 15481506, e: -3916, error: 49
#ERR  p: [928, 448], r: 15481496, e: -3920, error: 50
#ERR  p: [928, 449], r: 15481486, e: -3909, error: 51
#ERR  p: [928, 450], r: 15481476, e: -3900, error: 52
#ERR  p: [928, 451], r: 15481466, e: -3891, error: 53
#ERR  p: [928, 452], r: 15481456, e: -3880, error: 54
#ERR  p: [928, 453], r: 15481446, e: -3872, error: 55
#ERR  p: [928, 454], r: 15481436, e: -3860, error: 56
#ERR  p: [928, 455], r: 15481426, e: -3854, error: 57
#ERR  p: [928, 456], r: 15481416, e: -3846, error: 58
#ERR  p: [928, 457], r: 15481406, e: -3831, error: 59
#ERR  p: [928, 458], r: 15481396, e: -3819, error: 60
#ERR  p: [928, 459], r: 15481386, e: -3806, error: 61
#ERR  p: [928, 460], r: 15481376, e: -3790, error: 62
#ERR  p: [928, 461], r: 15481366, e: -3779, error: 63
#ERR  p: [928, 462], r: 15481356, e: -3766, error: 64
#ERR  p: [928, 463], r: 15481346, e: -3758, error: 65
#ERR  p: [928, 464], r: 15481336, e: -3755, error: 66
#ERR  p: [928, 465], r: 15481326, e: -3749, error: 67
#ERR  p: [928, 466], r: 15481316, e: -3742, error: 68
#ERR  p: [928, 467], r: 15481306, e: -3733, error: 69
#ERR  p: [928, 468], r: 15481296, e: -3721, error: 70
#ERR  p: [928, 469], r: 15481286, e: -3712, error: 71
#ERR  p: [928, 470], r: 15481276, e: -3702, error: 72
#ERR  p: [928, 471], r: 15481266, e: -3688, error: 73
#ERR  p: [928, 472], r: 15481256, e: -3672, error: 74
#ERR  p: [928, 473], r: 15481246, e: -3657, error: 75
#ERR  p: [928, 474], r: 15481236, e: -3651, error: 76
#ERR  p: [928, 475], r: 15481226, e: -3651, error: 77
#ERR  p: [928, 476], r: 15481216, e: -3644, error: 78
#ERR  p: [928, 477], r: 15481206, e: -3639, error: 79
#ERR  p: [928, 478], r: 15481196, e: -3630, error: 80
#ERR  p: [928, 479], r: 15481186, e: -3623, error: 81
#ERR  p: [928, 480], r: 15481176, e: -3615, error: 82
#ERR  p: [928, 481], r: 15481166, e: -3600, error: 83
#ERR  p: [928, 482], r: 15481156, e: -3581, error: 84
#ERR  p: [928, 483], r: 15481146, e: -3564, error: 85
#ERR  p: [928, 484], r: 15481136, e: -3552, error: 86
#ERR  p: [928, 485], r: 15481126, e: -3541, error: 87
#ERR  p: [928, 486], r: 15481116, e: -3531, error: 88
#ERR  p: [928, 487], r: 15481106, e: -3520, error: 89
#ERR  p: [928, 488], r: 15481096, e: -3514, error: 90
#ERR  p: [928, 489], r: 15481086, e: -3507, error: 91
#ERR  p: [928, 490], r: 15481076, e: -3498, error: 92
#ERR  p: [928, 491], r: 15481066, e: -3489, error: 93
#ERR  p: [928, 492], r: 15481056, e: -3481, error: 94
#ERR  p: [928, 493], r: 15481046, e: -3460, error: 95
#ERR  p: [928, 494], r: 15481036, e: -3459, error: 96
#ERR  p: [928, 495], r: 15481026, e: -3438, error: 97
#ERR  p: [928, 496], r: 15481016, e: -3442, error: 98
#ERR  p: [928, 497], r: 15481006, e: -3435, error: 99
#ERR  p: [928, 498], r: 15480996, e: -3428, error: 100
#ERR  p: [928, 499], r: 15480986, e: -3419, error: 101
#ERR  p: [928, 500], r: 15480976, e: -3413, error: 102
#ERR  p: [928, 501], r: 15480966, e: -3401, error: 103
#ERR  p: [928, 502], r: 15480956, e: -3396, error: 104
#ERR  p: [928, 503], r: 15480946, e: -3387, error: 105
#ERR  p: [928, 504], r: 15480936, e: -3378, error: 106
#ERR  p: [928, 505], r: 15480926, e: -3364, error: 107
#ERR  p: [928, 506], r: 15480916, e: -3352, error: 108
#ERR  p: [928, 507], r: 15480906, e: -3344, error: 109
#ERR  p: [928, 508], r: 15480896, e: -3323, error: 110
#ERR  p: [928, 509], r: 15480886, e: -3323, error: 111
#ERR  p: [928, 510], r: 15480876, e: -3314, error: 112
#ERR  p: [928, 511], r: 15480866, e: -3303, error: 113
#ERR  p: [928, 512], r: 15480856, e: -3299, error: 114
#ERR  p: [928, 513], r: 15480846, e: -3283, error: 115
#ERR  p: [928, 514], r: 15480836, e: -3275, error: 116
#ERR  p: [928, 515], r: 15480826, e: -3269, error: 117
#ERR  p: [928, 516], r: 15480816, e: -3277, error: 118
#ERR  p: [928, 517], r: 15480806, e: -3271, error: 119
#ERR  p: [928, 518], r: 15480796, e: -3264, error: 120
#ERR  p: [928, 519], r: 15480786, e: -3253, error: 121
#ERR  p: [928, 520], r: 15480776, e: -3243, error: 122
#ERR  p: [928, 521], r: 15480766, e: -3232, error: 123
#ERR  p: [928, 522], r: 15480756, e: -3220, error: 124
#ERR  p: [928, 523], r: 15480746, e: -3208, error: 125
#ERR  p: [928, 524], r: 15480736, e: -3201, error: 126
#ERR  p: [928, 525], r: 15480726, e: -3206, error: 127
#ERR  p: [928, 526], r: 15480716, e: -3191, error: 128
#ERR  p: [928, 527], r: 15480706, e: -3180, error: 129
#ERR  p: [928, 528], r: 15480696, e: -3167, error: 130
#ERR  p: [928, 529], r: 15480686, e: -3146, error: 131
#ERR  p: [928, 530], r: 15480676, e: -3149, error: 132
#ERR  p: [928, 531], r: 15480666, e: -3137, error: 133
#ERR  p: [928, 532], r: 15480656, e: -3130, error: 134
#ERR  p: [928, 533], r: 15480646, e: -3122, error: 135
#ERR  p: [928, 534], r: 15480636, e: -3114, error: 136
#ERR  p: [928, 535], r: 15480626, e: -3108, error: 137
#ERR  p: [928, 536], r: 15480616, e: -3099, error: 138
#ERR  p: [928, 537], r: 15480606, e: -3090, error: 139
#ERR  p: [928, 538], r: 15480596, e: -3080, error: 140
#ERR  p: [928, 539], r: 15480586, e: -3071, error: 141
#ERR  p: [928, 540], r: 15480576, e: -3060, error: 142
#ERR  p: [928, 541], r: 15480566, e: -3039, error: 143
#ERR  p: [928, 542], r: 15480556, e: -3037, error: 144
#ERR  p: [928, 543], r: 15480546, e: -3028, error: 145
#ERR  p: [928, 544], r: 15480536, e: -3021, error: 146
#ERR  p: [928, 545], r: 15480526, e: -3005, error: 147
#ERR  p: [928, 546], r: 15480516, e: -2997, error: 148
#ERR  p: [928, 547], r: 15480506, e: -2989, error: 149
#ERR  p: [928, 548], r: 15480496, e: -2978, error: 150
#ERR  p: [928, 549], r: 15480486, e: -2986, error: 151
#ERR  p: [928, 550], r: 15480476, e: -2983, error: 152
#ERR  p: [928, 551], r: 15480466, e: -2978, error: 153
#ERR  p: [928, 552], r: 15480456, e: -2971, error: 154
#ERR  p: [928, 553], r: 15480446, e: -2956, error: 155
#ERR  p: [928, 554], r: 15480436, e: -2949, error: 156
#ERR  p: [928, 555], r: 15480426, e: -2941, error: 157
#ERR  p: [928, 556], r: 15480416, e: -2933, error: 158
#ERR  p: [928, 557], r: 15480406, e: -2924, error: 159
#ERR  p: [928, 558], r: 15480396, e: -2909, error: 160
#ERR  p: [928, 559], r: 15480386, e: -2901, error: 161
#ERR  p: [928, 560], r: 15480376, e: -2901, error: 162
#ERR  p: [928, 561], r: 15480366, e: -2884, error: 163
#ERR  p: [928, 562], r: 15480356, e: -2875, error: 164
#ERR  p: [928, 563], r: 15480346, e: -2854, error: 165
#ERR  p: [928, 564], r: 15480336, e: -2858, error: 166
#ERR  p: [928, 565], r: 15480326, e: -2851, error: 167
#ERR  p: [928, 566], r: 15480316, e: -2849, error: 168
#ERR  p: [928, 567], r: 15480306, e: -2837, error: 169
#ERR  p: [928, 568], r: 15480296, e: -2829, error: 170
#ERR  p: [928, 569], r: 15480286, e: -2817, error: 171
#ERR  p: [928, 570], r: 15480276, e: -2807, error: 172
#ERR  p: [928, 571], r: 15480266, e: -2801, error: 173
#ERR  p: [928, 572], r: 15480256, e: -2787, error: 174
#ERR  p: [928, 573], r: 15480246, e: -2773, error: 175
#ERR  p: [928, 574], r: 15480236, e: -2763, error: 176
#ERR  p: [928, 575], r: 15480226, e: -2748, error: 177
#ERR  p: [928, 576], r: 15480216, e: -2735, error: 178
#ERR  p: [928, 577], r: 15480206, e: -2724, error: 179
#ERR  p: [928, 578], r: 15480196, e: -2712, error: 180
#ERR  p: [928, 579], r: 15480186, e: -2701, error: 181
#ERR  p: [928, 580], r: 15480176, e: -2690, error: 182
#ERR  p: [928, 581], r: 15480166, e: -2684, error: 183
#ERR  p: [928, 582], r: 15480156, e: -2677, error: 184
#ERR  p: [928, 583], r: 15480146, e: -2674, error: 185
#ERR  p: [928, 584], r: 15480136, e: -2668, error: 186
#ERR  p: [928, 585], r: 15480126, e: -2663, error: 187
#ERR  p: [928, 586], r: 15480116, e: -2660, error: 188
#ERR  p: [928, 587], r: 15480106, e: -2654, error: 189
#ERR  p: [928, 588], r: 15480096, e: -2647, error: 190
#ERR  p: [928, 589], r: 15480086, e: -2638, error: 191
#ERR  p: [928, 590], r: 15480076, e: -2630, error: 192
#ERR  p: [928, 591], r: 15480066, e: -2623, error: 193
#ERR  p: [928, 592], r: 15480056, e: -2608, error: 194
#ERR  p: [928, 593], r: 15480046, e: -2600, error: 195
#ERR  p: [928, 594], r: 15480036, e: -2591, error: 196
#ERR  p: [928, 595], r: 15480026, e: -2580, error: 197
#ERR  p: [928, 596], r: 15480016, e: -2568, error: 198
#ERR  p: [928, 597], r: 15480006, e: -2559, error: 199
#ERR  p: [928, 598], r: 15479996, e: -2551, error: 200
#ERR  p: [928, 599], r: 15479986, e: -2548, error: 201
#ERR  p: [928, 600], r: 15479976, e: -2538, error: 202
#ERR  p: [928, 601], r: 15479966, e: -2530, error: 203
#ERR  p: [928, 602], r: 15479956, e: -2527, error: 204
#ERR  p: [928, 603], r: 15479946, e: -2509, error: 205
#ERR  p: [928, 604], r: 15479936, e: -2513, error: 206
#ERR  p: [928, 605], r: 15479926, e: -2505, error: 207
#ERR  p: [928, 606], r: 15479916, e: -2499, error: 208
#ERR  p: [928, 607], r: 15479906, e: -2497, error: 209
#ERR  p: [928, 608], r: 15479896, e: -2488, error: 210
#ERR  p: [928, 609], r: 15479886, e: -2479, error: 211
#ERR  p: [928, 610], r: 15479876, e: -2468, error: 212
#ERR  p: [928, 611], r: 15479866, e: -2451, error: 213
#ERR  p: [928, 612], r: 15479856, e: -2452, error: 214
#ERR  p: [928, 613], r: 15479846, e: -2442, error: 215
#ERR  p: [928, 614], r: 15479836, e: -2429, error: 216
#ERR  p: [928, 615], r: 15479826, e: -2416, error: 217
#ERR  p: [928, 616], r: 15479816, e: -2406, error: 218
#ERR  p: [928, 617], r: 15479806, e: -2396, error: 219
#ERR  p: [928, 618], r: 15479796, e: -2382, error: 220
#ERR  p: [928, 619], r: 15479786, e: -2373, error: 221
#ERR  p: [928, 620], r: 15479776, e: -2364, error: 222
#ERR  p: [928, 621], r: 15479766, e: -2355, error: 223
#ERR  p: [928, 622], r: 15479756, e: -2346, error: 224
#ERR  p: [928, 623], r: 15479746, e: -2335, error: 225
#ERR  p: [928, 624], r: 15479736, e: -2325, error: 226
#ERR  p: [928, 625], r: 15479726, e: -2317, error: 227
#ERR  p: [928, 626], r: 15479716, e: -2312, error: 228
#ERR  p: [928, 627], r: 15479706, e: -2307, error: 229
#ERR  p: [928, 628], r: 15479696, e: -2298, error: 230
#ERR  p: [928, 629], r: 15479686, e: -2285, error: 231
#ERR  p: [928, 630], r: 15479676, e: -2276, error: 232
#ERR  p: [928, 631], r: 15479666, e: -2269, error: 233
#ERR  p: [928, 632], r: 15479656, e: -2265, error: 234
#ERR  p: [928, 633], r: 15479646, e: -2244, error: 235
#ERR  p: [928, 634], r: 15479636, e: -2254, error: 236
#ERR  p: [928, 635], r: 15479626, e: -2264, error: 237
#ERR  p: [928, 636], r: 15479616, e: -2268, error: 238
#ERR  p: [928, 637], r: 15479606, e: -2262, error: 239
#ERR  p: [928, 638], r: 15479596, e: -2256, error: 240
#ERR  p: [928, 639], r: 15479586, e: -2253, error: 241
#ERR  p: [928, 640], r: 15479576, e: -2245, error: 242
#ERR  p: [928, 641], r: 15479566, e: -2236, error: 243
#ERR  p: [928, 642], r: 15479556, e: -2221, error: 244
#ERR  p: [928, 643], r: 15479546, e: -2213, error: 245
#ERR  p: [928, 644], r: 15479536, e: -2202, error: 246
#ERR  p: [928, 645], r: 15479526, e: -2192, error: 247
#ERR  p: [928, 646], r: 15479516, e: -2183, error: 248
#ERR  p: [928, 647], r: 15479506, e: -2173, error: 249
#ERR  p: [928, 648], r: 15479496, e: -2165, error: 250
#ERR  p: [928, 649], r: 15479486, e: -2156, error: 251
#ERR  p: [928, 650], r: 15479476, e: -2147, error: 252
#ERR  p: [928, 651], r: 15479466, e: -2129, error: 253
#ERR  p: [928, 652], r: 15479456, e: -2117, error: 254
#ERR  p: [928, 653], r: 15479446, e: -2110, error: 255
#ERR  p: [928, 654], r: 15479436, e: -2102, error: 256
#ERR  p: [928, 655], r: 15479426, e: -2095, error: 257
#ERR  p: [928, 656], r: 15479416, e: -2104, error: 258
#ERR  p: [928, 657], r: 15479406, e: -2100, error: 259
#ERR  p: [928, 658], r: 15479396, e: -2099, error: 260
#ERR  p: [928, 659], r: 15479386, e: -2088, error: 261
#ERR  p: [928, 660], r: 15479376, e: -2077, error: 262
#ERR  p: [928, 661], r: 15479366, e: -2059, error: 263
#ERR  p: [928, 662], r: 15479356, e: -2038, error: 264
#ERR  p: [928, 663], r: 15479346, e: -2040, error: 265
#ERR  p: [928, 664], r: 15479336, e: -2031, error: 266
#ERR  p: [928, 665], r: 15479326, e: -2020, error: 267
#ERR  p: [928, 666], r: 15479316, e: -2009, error: 268
#ERR  p: [928, 667], r: 15479306, e: -1995, error: 269
#ERR  p: [928, 668], r: 15479296, e: -1983, error: 270
#ERR  p: [928, 669], r: 15479286, e: -1975, error: 271
#ERR  p: [928, 670], r: 15479276, e: -1967, error: 272
#ERR  p: [928, 671], r: 15479266, e: -1953, error: 273
#ERR  p: [928, 672], r: 15479256, e: -1959, error: 274
#ERR  p: [928, 673], r: 15479246, e: -1952, error: 275
#ERR  p: [928, 674], r: 15479236, e: -1945, error: 276
#ERR  p: [928, 675], r: 15479226, e: -1937, error: 277
#ERR  p: [928, 676], r: 15479216, e: -1926, error: 278
#ERR  p: [928, 677], r: 15479206, e: -1917, error: 279
#ERR  p: [928, 678], r: 15479196, e: -1908, error: 280
#ERR  p: [928, 679], r: 15479186, e: -1897, error: 281
#ERR  p: [928, 680], r: 15479176, e: -1889, error: 282
#ERR  p: [928, 681], r: 15479166, e: -1881, error: 283
#ERR  p: [928, 682], r: 15479156, e: -1866, error: 284
#ERR  p: [928, 683], r: 15479146, e: -1860, error: 285
#ERR  p: [928, 684], r: 15479136, e: -1852, error: 286
#ERR  p: [928, 685], r: 15479126, e: -1859, error: 287
#ERR  p: [928, 686], r: 15479116, e: -1857, error: 288
#ERR  p: [928, 687], r: 15479106, e: -1846, error: 289
#ERR  p: [928, 688], r: 15479096, e: -1835, error: 290
#ERR  p: [928, 689], r: 15479086, e: -1821, error: 291
#ERR  p: [928, 690], r: 15479076, e: -1810, error: 292
#ERR  p: [928, 691], r: 15479066, e: -1803, error: 293
#ERR  p: [928, 692], r: 15479056, e: -1795, error: 294
#ERR  p: [928, 693], r: 15479046, e: -1788, error: 295
#ERR  p: [928, 694], r: 15479036, e: -1782, error: 296
#ERR  p: [928, 695], r: 15479026, e: -1776, error: 297
#ERR  p: [928, 696], r: 15479016, e: -1768, error: 298
#ERR  p: [928, 697], r: 15479006, e: -1762, error: 299
#ERR  p: [928, 698], r: 15478996, e: -1755, error: 300
#ERR  p: [928, 699], r: 15478986, e: -1747, error: 301
#ERR  p: [928, 700], r: 15478976, e: -1752, error: 302
#ERR  p: [928, 701], r: 15478966, e: -1744, error: 303
#ERR  p: [928, 702], r: 15478956, e: -1736, error: 304
#ERR  p: [928, 703], r: 15478946, e: -1725, error: 305
#ERR  p: [928, 704], r: 15478936, e: -1715, error: 306
#ERR  p: [928, 705], r: 15478926, e: -1707, error: 307
#ERR  p: [928, 706], r: 15478916, e: -1699, error: 308
#ERR  p: [928, 707], r: 15478906, e: -1688, error: 309
#ERR  p: [928, 708], r: 15478896, e: -1676, error: 310
#ERR  p: [928, 709], r: 15478886, e: -1670, error: 311
#ERR  p: [928, 710], r: 15478876, e: -1671, error: 312
#ERR  p: [928, 711], r: 15478866, e: -1669, error: 313
#ERR  p: [928, 712], r: 15478856, e: -1661, error: 314
#ERR  p: [928, 713], r: 15478846, e: -1660, error: 315
#ERR  p: [928, 714], r: 15478836, e: -1653, error: 316
#ERR  p: [928, 715], r: 15478826, e: -1651, error: 317
#ERR  p: [928, 716], r: 15478816, e: -1641, error: 318
#ERR  p: [928, 717], r: 15478806, e: -1629, error: 319
#ERR  p: [928, 718], r: 15478796, e: -1621, error: 320
#ERR  p: [928, 719], r: 15478786, e: -1615, error: 321
#ERR  p: [928, 720], r: 15478776, e: -1614, error: 322
#ERR  p: [928, 721], r: 15478766, e: -1606, error: 323
#ERR  p: [928, 722], r: 15478756, e: -1598, error: 324
#ERR  p: [928, 723], r: 15478746, e: -1598, error: 325
#ERR  p: [928, 724], r: 15478736, e: -1595, error: 326
#ERR  p: [928, 725], r: 15478726, e: -1593, error: 327
#ERR  p: [928, 726], r: 15478716, e: -1590, error: 328
#ERR  p: [928, 727], r: 15478706, e: -1581, error: 329
#ERR  p: [928, 728], r: 15478696, e: -1568, error: 330
#ERR  p: [928, 729], r: 15478686, e: -1547, error: 331
#ERR  p: [928, 730], r: 15478676, e: -1545, error: 332
#ERR  p: [928, 731], r: 15478666, e: -1538, error: 333
#ERR  p: [928, 732], r: 15478656, e: -1521, error: 334
#ERR  p: [928, 733], r: 15478646, e: -1527, error: 335
#ERR  p: [928, 734], r: 15478636, e: -1519, error: 336
#ERR  p: [928, 735], r: 15478626, e: -1513, error: 337
#ERR  p: [928, 736], r: 15478616, e: -1517, error: 338
#ERR  p: [928, 737], r: 15478606, e: -1510, error: 339
#ERR  p: [928, 738], r: 15478596, e: -1500, error: 340
#ERR  p: [928, 739], r: 15478586, e: -1490, error: 341
#ERR  p: [928, 740], r: 15478576, e: -1483, error: 342
#ERR  p: [928, 741], r: 15478566, e: -1477, error: 343
#ERR  p: [928, 742], r: 15478556, e: -1472, error: 344
#ERR  p: [928, 743], r: 15478546, e: -1452, error: 345
#ERR  p: [928, 744], r: 15478536, e: -1461, error: 346
#ERR  p: [928, 745], r: 15478526, e: -1458, error: 347
#ERR  p: [928, 746], r: 15478516, e: -1445, error: 348
#ERR  p: [928, 747], r: 15478506, e: -1435, error: 349
#ERR  p: [928, 748], r: 15478496, e: -1424, error: 350
#ERR  p: [928, 749], r: 15478486, e: -1420, error: 351
#ERR  p: [928, 750], r: 15478476, e: -1407, error: 352
#ERR  p: [928, 751], r: 15478466, e: -1396, error: 353
#ERR  p: [928, 752], r: 15478456, e: -1393, error: 354
#ERR  p: [928, 753], r: 15478446, e: -1383, error: 355
#ERR  p: [928, 754], r: 15478436, e: -1376, error: 356
#ERR  p: [928, 755], r: 15478426, e: -1373, error: 357
#ERR  p: [928, 756], r: 15478416, e: -1371, error: 358
#ERR  p: [928, 757], r: 15478406, e: -1360, error: 359
#ERR  p: [928, 758], r: 15478396, e: -1354, error: 360
#ERR  p: [928, 759], r: 15478386, e: -1348, error: 361
#ERR  p: [928, 760], r: 15478376, e: -1339, error: 362
#ERR  p: [928, 761], r: 15478366, e: -1333, error: 363
#ERR  p: [928, 762], r: 15478356, e: -1325, error: 364
#ERR  p: [928, 763], r: 15478346, e: -1322, error: 365
#ERR  p: [928, 764], r: 15478336, e: -1311, error: 366
#ERR  p: [928, 765], r: 15478326, e: -1303, error: 367
#ERR  p: [928, 766], r: 15478316, e: -1298, error: 368
#ERR  p: [928, 767], r: 15478306, e: -1292, error: 369
#ERR  p: [928, 768], r: 15478296, e: -1285, error: 370
#ERR  p: [928, 769], r: 15478286, e: -1292, error: 371
#ERR  p: [928, 770], r: 15478276, e: -1288, error: 372
#ERR  p: [928, 771], r: 15478266, e: -1282, error: 373
#ERR  p: [928, 772], r: 15478256, e: -1277, error: 374
#ERR  p: [928, 773], r: 15478246, e: -1265, error: 375
#ERR  p: [928, 774], r: 15478236, e: -1260, error: 376
#ERR  p: [928, 775], r: 15478226, e: -1251, error: 377
#ERR  p: [928, 776], r: 15478216, e: -1240, error: 378
#ERR  p: [928, 777], r: 15478206, e: -1233, error: 379
#ERR  p: [928, 778], r: 15478196, e: -1213, error: 380
#ERR  p: [928, 779], r: 15478186, e: -1223, error: 381
#ERR  p: [928, 780], r: 15478176, e: -1231, error: 382
#ERR  p: [928, 781], r: 15478166, e: -1229, error: 383
#ERR  p: [928, 782], r: 15478156, e: -1223, error: 384
#ERR  p: [928, 783], r: 15478146, e: -1205, error: 385
#ERR  p: [928, 784], r: 15478136, e: -1211, error: 386
#ERR  p: [928, 785], r: 15478126, e: -1214, error: 387
#ERR  p: [928, 786], r: 15478116, e: -1207, error: 388
#ERR  p: [928, 787], r: 15478106, e: -1201, error: 389
#ERR  p: [928, 788], r: 15478096, e: -1193, error: 390
#ERR  p: [928, 789], r: 15478086, e: -1188, error: 391
#ERR  p: [928, 790], r: 15478076, e: -1186, error: 392
#ERR  p: [928, 791], r: 15478066, e: -1175, error: 393
#ERR  p: [928, 792], r: 15478056, e: -1161, error: 394
#ERR  p: [928, 793], r: 15478046, e: -1151, error: 395
#ERR  p: [928, 794], r: 15478036, e: -1141, error: 396
#ERR  p: [928, 795], r: 15478026, e: -1126, error: 397
#ERR  p: [928, 796], r: 15478016, e: -1115, error: 398
#ERR  p: [928, 797], r: 15478006, e: -1106, error: 399
#ERR  p: [928, 798], r: 15477996, e: -1098, error: 400
#ERR  p: [928, 799], r: 15477986, e: -1089, error: 401
#ERR  p: [928, 800], r: 15477976, e: -1081, error: 402
#ERR  p: [928, 801], r: 15477966, e: -1077, error: 403
#ERR  p: [928, 802], r: 15477956, e: -1073, error: 404
#ERR  p: [928, 803], r: 15477946, e: -1058, error: 405
#ERR  p: [928, 804], r: 15477936, e: -1051, error: 406
#ERR  p: [928, 805], r: 15477926, e: -1049, error: 407
#ERR  p: [928, 806], r: 15477916, e: -1042, error: 408
#ERR  p: [928, 807], r: 15477906, e: -1038, error: 409
#ERR  p: [928, 808], r: 15477896, e: -1037, error: 410
#ERR  p: [928, 809], r: 15477886, e: -1028, error: 411
#ERR  p: [928, 810], r: 15477876, e: -1019, error: 412
#ERR  p: [928, 811], r: 15477866, e: -998, error: 413
#ERR  p: [928, 812], r: 15477856, e: -1005, error: 414
#ERR  p: [928, 813], r: 15477846, e: -999, error: 415
#ERR  p: [928, 814], r: 15477836, e: -987, error: 416
#ERR  p: [928, 815], r: 15477826, e: -986, error: 417
#ERR  p: [928, 816], r: 15477816, e: -989, error: 418
#ERR  p: [928, 817], r: 15477806, e: -990, error: 419
#ERR  p: [928, 818], r: 15477796, e: -984, error: 420
#ERR  p: [928, 819], r: 15477786, e: -983, error: 421
#ERR  p: [928, 820], r: 15477776, e: -962, error: 422
#ERR  p: [928, 821], r: 15477766, e: -972, error: 423
#ERR  p: [928, 822], r: 15477756, e: -960, error: 424
#ERR  p: [928, 823], r: 15477746, e: -956, error: 425
#ERR  p: [928, 824], r: 15477736, e: -946, error: 426
#ERR  p: [928, 825], r: 15477726, e: -938, error: 427
#ERR  p: [928, 826], r: 15477716, e: -942, error: 428
#ERR  p: [928, 827], r: 15477706, e: -933, error: 429
#ERR  p: [928, 828], r: 15477696, e: -926, error: 430
#ERR  p: [928, 829], r: 15477686, e: -919, error: 431
#ERR  p: [928, 830], r: 15477676, e: -908, error: 432
#ERR  p: [928, 831], r: 15477666, e: -901, error: 433
#ERR  p: [928, 832], r: 15477656, e: -895, error: 434
#ERR  p: [928, 833], r: 15477646, e: -887, error: 435
#ERR  p: [928, 834], r: 15477636, e: -894, error: 436
#ERR  p: [928, 835], r: 15477626, e: -892, error: 437
#ERR  p: [928, 836], r: 15477616, e: -886, error: 438
#ERR  p: [928, 837], r: 15477606, e: -878, error: 439
#ERR  p: [928, 838], r: 15477596, e: -879, error: 440
#ERR  p: [928, 839], r: 15477586, e: -874, error: 441
#ERR  p: [928, 840], r: 15477576, e: -870, error: 442
#ERR  p: [928, 841], r: 15477566, e: -870, error: 443
#ERR  p: [928, 842], r: 15477556, e: -866, error: 444
#ERR  p: [928, 843], r: 15477546, e: -864, error: 445
#ERR  p: [928, 844], r: 15477536, e: -843, error: 446
#ERR  p: [928, 845], r: 15477526, e: -851, error: 447
#ERR  p: [928, 846], r: 15477516, e: -836, error: 448
#ERR  p: [928, 847], r: 15477506, e: -825, error: 449
#ERR  p: [928, 848], r: 15477496, e: -818, error: 450
#ERR  p: [928, 849], r: 15477486, e: -819, error: 451
#ERR  p: [928, 850], r: 15477476, e: -812, error: 452
#ERR  p: [928, 851], r: 15477466, e: -803, error: 453
#ERR  p: [928, 852], r: 15477456, e: -795, error: 454
#ERR  p: [928, 853], r: 15477446, e: -786, error: 455
#ERR  p: [928, 854], r: 15477436, e: -796, error: 456
#ERR  p: [928, 855], r: 15477426, e: -806, error: 457
#ERR  p: [928, 856], r: 15477416, e: -799, error: 458
#ERR  p: [928, 857], r: 15477406, e: -790, error: 459
#ERR  p: [928, 858], r: 15477396, e: -774, error: 460
#ERR  p: [928, 859], r: 15477386, e: -765, error: 461
#ERR  p: [928, 860], r: 15477376, e: -756, error: 462
#ERR  p: [928, 861], r: 15477366, e: -750, error: 463
#ERR  p: [928, 862], r: 15477356, e: -747, error: 464
#ERR  p: [928, 863], r: 15477346, e: -743, error: 465
#ERR  p: [928, 864], r: 15477336, e: -752, error: 466
#ERR  p: [928, 865], r: 15477326, e: -740, error: 467
#ERR  p: [928, 866], r: 15477316, e: -750, error: 468
#ERR  p: [928, 867], r: 15477306, e: -760, error: 469
#ERR  p: [928, 868], r: 15477296, e: -763, error: 470
#ERR  p: [928, 869], r: 15477286, e: -760, error: 471
#ERR  p: [928, 870], r: 15477276, e: -753, error: 472
#ERR  p: [928, 871], r: 15477266, e: -748, error: 473
#ERR  p: [928, 872], r: 15477256, e: -739, error: 474
#ERR  p: [928, 873], r: 15477246, e: -732, error: 475
#ERR  p: [928, 874], r: 15477236, e: -735, error: 476
#ERR  p: [928, 875], r: 15477226, e: -731, error: 477
#ERR  p: [928, 876], r: 15477216, e: -735, error: 478
#ERR  p: [928, 877], r: 15477206, e: -714, error: 479
#ERR  p: [928, 878], r: 15477196, e: -718, error: 480
#ERR  p: [928, 879], r: 15477186, e: -710, error: 481
#ERR  p: [928, 880], r: 15477176, e: -699, error: 482
#ERR  p: [928, 881], r: 15477166, e: -698, error: 483
#ERR  p: [928, 882], r: 15477156, e: -691, error: 484
#ERR  p: [928, 883], r: 15477146, e: -695, error: 485
#ERR  p: [928, 884], r: 15477136, e: -700, error: 486
#ERR  p: [928, 885], r: 15477126, e: -705, error: 487
#ERR  p: [928, 886], r: 15477116, e: -702, error: 488
#ERR  p: [928, 887], r: 15477106, e: -694, error: 489
#ERR  p: [928, 888], r: 15477096, e: -689, error: 490
#ERR  p: [928, 889], r: 15477086, e: -683, error: 491
#ERR  p: [928, 890], r: 15477076, e: -676, error: 492
#ERR  p: [928, 891], r: 15477066, e: -678, error: 493
#ERR  p: [928, 892], r: 15477056, e: -677, error: 494
#ERR  p: [928, 893], r: 15477046, e: -671, error: 495
#ERR  p: [928, 894], r: 15477036, e: -663, error: 496
#ERR  p: [928, 895], r: 15477026, e: -671, error: 497
#ERR  p: [928, 896], r: 15477016, e: -653, error: 498
#ERR  p: [928, 897], r: 15477006, e: -662, error: 499
#SDC Ite:0 KerTime:0.299330 AccTime:0.299330 KerErr:500 AccErr:500
#END