#HEADER max_rows:2048 max_cols:2048 penalty:10
#BEGIN Y:2016 M:09 D:12 Time:14:43:06
#IT Ite:0 KerTime:0.294291 AccTime:0.294291
#ERR Error detected! kerrors = 367520
#ERR  p: [1387, 957], r: 5, e: -3292, error: 1
#ERR  p: [1387, 958], r: 15, e: -3281, error: 2
#ERR  p: [1387, 959], r: 3, e: -3270, error: 3
#ERR  p: [1387, 960], r: 13, e: -3260, error: 4
#ERR  p: [1387, 961], r: 3, e: -3251, error: 5
#ERR  p: [1387, 962], r: -7, e: -3246, error: 6
#ERR  p: [1387, 963], r: -17, e: -3239, error: 7
#ERR  p: [1387, 964], r: -27, e: -3232, error: 8
#ERR  p: [1387, 965], r: -37, e: -3220, error: 9
#ERR  p: [1387, 966], r: -47, e: -3205, error: 10
#ERR  p: [1387, 967], r: -57, e: -3192, error: 11
#ERR  p: [1387, 968], r: -67, e: -3183, error: 12
#ERR  p: [1387, 969], r: -77, e: -3175, error: 13
#ERR  p: [1387, 970], r: -87, e: -3165, error: 14
#ERR  p: [1387, 971], r: -97, e: -3152, error: 15
#ERR  p: [1387, 972], r: -107, e: -3143, error: 16
#ERR  p: [1387, 973], r: -117, e: -3153, error: 17
#ERR  p: [1387, 974], r: -127, e: -3146, error: 18
#ERR  p: [1387, 975], r: -137, e: -3137, error: 19
#ERR  p: [1387, 976], r: -147, e: -3133, error: 20
#ERR  p: [1387, 977], r: -157, e: -3126, error: 21
#ERR  p: [1387, 978], r: -167, e: -3118, error: 22
#ERR  p: [1387, 979], r: -177, e: -3111, error: 23
#ERR  p: [1387, 980], r: -187, e: -3104, error: 24
#ERR  p: [1387, 981], r: -197, e: -3094, error: 25
#ERR  p: [1387, 982], r: -207, e: -3085, error: 26
#ERR  p: [1387, 983], r: -217, e: -3076, error: 27
#ERR  p: [1387, 984], r: -227, e: -3068, error: 28
#ERR  p: [1387, 985], r: -237, e: -3057, error: 29
#ERR  p: [1387, 986], r: -247, e: -3049, error: 30
#ERR  p: [1387, 987], r: -257, e: -3042, error: 31
#ERR  p: [1387, 988], r: -267, e: -3034, error: 32
#ERR  p: [1387, 989], r: -277, e: -3025, error: 33
#ERR  p: [1387, 990], r: -287, e: -3016, error: 34
#ERR  p: [1387, 991], r: -297, e: -3002, error: 35
#ERR  p: [1387, 992], r: -307, e: -2993, error: 36
#ERR  p: [1387, 993], r: -317, e: -2985, error: 37
#ERR  p: [1387, 994], r: -327, e: -2984, error: 38
#ERR  p: [1387, 995], r: -337, e: -2970, error: 39
#ERR  p: [1387, 996], r: -347, e: -2959, error: 40
#ERR  p: [1387, 997], r: -357, e: -2952, error: 41
#ERR  p: [1387, 998], r: -367, e: -2947, error: 42
#ERR  p: [1387, 999], r: -377, e: -2936, error: 43
#ERR  p: [1387, 1000], r: -387, e: -2932, error: 44
#ERR  p: [1387, 1001], r: -397, e: -2923, error: 45
#ERR  p: [1387, 1002], r: -407, e: -2913, error: 46
#ERR  p: [1387, 1003], r: -417, e: -2906, error: 47
#ERR  p: [1387, 1004], r: -427, e: -2901, error: 48
#ERR  p: [1387, 1005], r: -437, e: -2888, error: 49
#ERR  p: [1387, 1006], r: -447, e: -2878, error: 50
#ERR  p: [1387, 1007], r: -457, e: -2870, error: 51
#ERR  p: [1387, 1008], r: -467, e: -2874, error: 52
#ERR  p: [1387, 1009], r: -477, e: -2870, error: 53
#ERR  p: [1387, 1010], r: -487, e: -2861, error: 54
#ERR  p: [1387, 1011], r: -497, e: -2853, error: 55
#ERR  p: [1387, 1012], r: -507, e: -2854, error: 56
#ERR  p: [1387, 1013], r: -517, e: -2844, error: 57
#ERR  p: [1387, 1014], r: -527, e: -2830, error: 58
#ERR  p: [1387, 1015], r: -537, e: -2822, error: 59
#ERR  p: [1387, 1016], r: -547, e: -2814, error: 60
#ERR  p: [1387, 1017], r: -557, e: -2803, error: 61
#ERR  p: [1387, 1018], r: -567, e: -2793, error: 62
#ERR  p: [1387, 1019], r: -577, e: -2783, error: 63
#ERR  p: [1387, 1020], r: -587, e: -2774, error: 64
#ERR  p: [1387, 1021], r: -597, e: -2766, error: 65
#ERR  p: [1387, 1022], r: -607, e: -2759, error: 66
#ERR  p: [1387, 1023], r: -617, e: -2751, error: 67
#ERR  p: [1387, 1024], r: -627, e: -2741, error: 68
#ERR  p: [1387, 1025], r: -637, e: -2728, error: 69
#ERR  p: [1387, 1026], r: -647, e: -2716, error: 70
#ERR  p: [1387, 1027], r: -657, e: -2709, error: 71
#ERR  p: [1387, 1028], r: -667, e: -2702, error: 72
#ERR  p: [1387, 1029], r: -677, e: -2691, error: 73
#ERR  p: [1387, 1030], r: -687, e: -2684, error: 74
#ERR  p: [1387, 1031], r: -697, e: -2684, error: 75
#ERR  p: [1387, 1032], r: -707, e: -2678, error: 76
#ERR  p: [1387, 1033], r: -717, e: -2688, error: 77
#ERR  p: [1387, 1034], r: -727, e: -2686, error: 78
#ERR  p: [1387, 1035], r: -737, e: -2678, error: 79
#ERR  p: [1387, 1036], r: -747, e: -2671, error: 80
#ERR  p: [1387, 1037], r: -757, e: -2664, error: 81
#ERR  p: [1387, 1038], r: -767, e: -2650, error: 82
#ERR  p: [1387, 1039], r: -777, e: -2648, error: 83
#ERR  p: [1387, 1040], r: -787, e: -2647, error: 84
#ERR  p: [1387, 1041], r: -797, e: -2638, error: 85
#ERR  p: [1387, 1042], r: -807, e: -2627, error: 86
#ERR  p: [1387, 1043], r: -817, e: -2618, error: 87
#ERR  p: [1387, 1044], r: -827, e: -2605, error: 88
#ERR  p: [1387, 1045], r: -837, e: -2595, error: 89
#ERR  p: [1387, 1046], r: -847, e: -2584, error: 90
#ERR  p: [1387, 1047], r: -857, e: -2573, error: 91
#ERR  p: [1387, 1048], r: -867, e: -2571, error: 92
#ERR  p: [1387, 1049], r: -877, e: -2565, error: 93
#ERR  p: [1387, 1050], r: -887, e: -2550, error: 94
#ERR  p: [1387, 1051], r: -897, e: -2547, error: 95
#ERR  p: [1387, 1052], r: -907, e: -2536, error: 96
#ERR  p: [1387, 1053], r: -917, e: -2527, error: 97
#ERR  p: [1387, 1054], r: -927, e: -2523, error: 98
#ERR  p: [1387, 1055], r: -937, e: -2518, error: 99
#ERR  p: [1387, 1056], r: -947, e: -2512, error: 100
#ERR  p: [1387, 1057], r: -957, e: -2505, error: 101
#ERR  p: [1387, 1058], r: -967, e: -2500, error: 102
#ERR  p: [1387, 1059], r: -977, e: -2500, error: 103
#ERR  p: [1387, 1060], r: -987, e: -2491, error: 104
#ERR  p: [1387, 1061], r: -997, e: -2482, error: 105
#ERR  p: [1387, 1062], r: -1007, e: -2470, error: 106
#ERR  p: [1387, 1063], r: -1017, e: -2459, error: 107
#ERR  p: [1387, 1064], r: -1027, e: -2450, error: 108
#ERR  p: [1387, 1065], r: -1037, e: -2448, error: 109
#ERR  p: [1387, 1066], r: -1047, e: -2439, error: 110
#ERR  p: [1387, 1067], r: -1057, e: -2432, error: 111
#ERR  p: [1387, 1068], r: -1067, e: -2423, error: 112
#ERR  p: [1387, 1069], r: -1077, e: -2430, error: 113
#ERR  p: [1387, 1070], r: -1087, e: -2427, error: 114
#ERR  p: [1387, 1071], r: -1097, e: -2433, error: 115
#ERR  p: [1387, 1072], r: -1107, e: -2437, error: 116
#ERR  p: [1387, 1073], r: -1117, e: -2430, error: 117
#ERR  p: [1387, 1074], r: -1127, e: -2420, error: 118
#ERR  p: [1387, 1075], r: -1137, e: -2411, error: 119
#ERR  p: [1387, 1076], r: -1147, e: -2397, error: 120
#ERR  p: [1387, 1077], r: -1157, e: -2383, error: 121
#ERR  p: [1387, 1078], r: -1167, e: -2374, error: 122
#ERR  p: [1387, 1079], r: -1177, e: -2363, error: 123
#ERR  p: [1387, 1080], r: -1187, e: -2360, error: 124
#ERR  p: [1387, 1081], r: -1197, e: -2355, error: 125
#ERR  p: [1387, 1082], r: -1207, e: -2347, error: 126
#ERR  p: [1387, 1083], r: -1217, e: -2339, error: 127
#ERR  p: [1387, 1084], r: -1227, e: -2336, error: 128
#ERR  p: [1387, 1085], r: -1237, e: -2333, error: 129
#ERR  p: [1387, 1086], r: -1247, e: -2330, error: 130
#ERR  p: [1387, 1087], r: -1257, e: -2321, error: 131
#ERR  p: [1387, 1088], r: -1267, e: -2316, error: 132
#ERR  p: [1387, 1089], r: -1277, e: -2303, error: 133
#ERR  p: [1387, 1090], r: -1287, e: -2296, error: 134
#ERR  p: [1387, 1091], r: -1297, e: -2289, error: 135
#ERR  p: [1387, 1092], r: -1307, e: -2286, error: 136
#ERR  p: [1387, 1093], r: -1317, e: -2285, error: 137
#ERR  p: [1387, 1094], r: -1327, e: -2279, error: 138
#ERR  p: [1387, 1095], r: -1337, e: -2277, error: 139
#ERR  p: [1387, 1096], r: -1347, e: -2272, error: 140
#ERR  p: [1387, 1097], r: -1357, e: -2260, error: 141
#ERR  p: [1387, 1098], r: -1367, e: -2257, error: 142
#ERR  p: [1387, 1099], r: -1377, e: -2250, error: 143
#ERR  p: [1387, 1100], r: -1387, e: -2239, error: 144
#ERR  p: [1387, 1101], r: -1397, e: -2230, error: 145
#ERR  p: [1387, 1102], r: -1407, e: -2234, error: 146
#ERR  p: [1387, 1103], r: -1417, e: -2230, error: 147
#ERR  p: [1387, 1104], r: -1427, e: -2217, error: 148
#ERR  p: [1387, 1105], r: -1437, e: -2203, error: 149
#ERR  p: [1387, 1106], r: -1447, e: -2193, error: 150
#ERR  p: [1387, 1107], r: -1457, e: -2184, error: 151
#ERR  p: [1387, 1108], r: -1467, e: -2178, error: 152
#ERR  p: [1387, 1109], r: -1477, e: -2171, error: 153
#ERR  p: [1387, 1110], r: -1487, e: -2165, error: 154
#ERR  p: [1387, 1111], r: -1497, e: -2167, error: 155
#ERR  p: [1387, 1112], r: -1507, e: -2169, error: 156
#ERR  p: [1387, 1113], r: -1517, e: -2158, error: 157
#ERR  p: [1387, 1114], r: -1527, e: -2150, error: 158
#ERR  p: [1387, 1115], r: -1537, e: -2141, error: 159
#ERR  p: [1387, 1116], r: -1547, e: -2133, error: 160
#ERR  p: [1387, 1117], r: -1557, e: -2131, error: 161
#ERR  p: [1387, 1118], r: -1567, e: -2123, error: 162
#ERR  p: [1387, 1119], r: -1577, e: -2123, error: 163
#ERR  p: [1387, 1120], r: -1587, e: -2114, error: 164
#ERR  p: [1387, 1121], r: -1597, e: -2108, error: 165
#ERR  p: [1387, 1122], r: -1607, e: -2101, error: 166
#ERR  p: [1387, 1123], r: -1617, e: -2093, error: 167
#ERR  p: [1387, 1124], r: -1627, e: -2082, error: 168
#ERR  p: [1387, 1125], r: -1637, e: -2075, error: 169
#ERR  p: [1387, 1126], r: -1647, e: -2071, error: 170
#ERR  p: [1387, 1127], r: -1657, e: -2059, error: 171
#ERR  p: [1387, 1128], r: -1667, e: -2069, error: 172
#ERR  p: [1387, 1129], r: -1677, e: -2070, error: 173
#ERR  p: [1387, 1130], r: -1687, e: -2072, error: 174
#ERR  p: [1387, 1131], r: -1697, e: -2070, error: 175
#ERR  p: [1387, 1132], r: -1707, e: -2071, error: 176
#ERR  p: [1387, 1133], r: -1717, e: -2058, error: 177
#ERR  p: [1387, 1134], r: -1727, e: -2051, error: 178
#ERR  p: [1387, 1135], r: -1737, e: -2050, error: 179
#ERR  p: [1387, 1136], r: -1747, e: -2039, error: 180
#ERR  p: [1387, 1137], r: -1757, e: -2025, error: 181
#ERR  p: [1387, 1138], r: -1767, e: -2014, error: 182
#ERR  p: [1387, 1139], r: -1777, e: -2005, error: 183
#ERR  p: [1387, 1140], r: -1787, e: -1996, error: 184
#ERR  p: [1387, 1141], r: -1797, e: -1987, error: 185
#ERR  p: [1387, 1142], r: -1807, e: -1976, error: 186
#ERR  p: [1387, 1143], r: -1817, e: -1968, error: 187
#ERR  p: [1387, 1144], r: -1827, e: -1965, error: 188
#ERR  p: [1387, 1145], r: -1837, e: -1957, error: 189
#ERR  p: [1387, 1146], r: -1847, e: -1952, error: 190
#ERR  p: [1387, 1147], r: -1857, e: -1944, error: 191
#ERR  p: [1387, 1148], r: -1867, e: -1933, error: 192
#ERR  p: [1387, 1149], r: -1877, e: -1922, error: 193
#ERR  p: [1387, 1150], r: -1887, e: -1916, error: 194
#ERR  p: [1387, 1151], r: -1897, e: -1903, error: 195
#ERR  p: [1388, 961], r: 11, e: -3261, error: 196
#ERR  p: [1388, 962], r: 1, e: -3255, error: 197
#ERR  p: [1388, 963], r: -9, e: -3249, error: 198
#ERR  p: [1388, 964], r: -19, e: -3241, error: 199
#ERR  p: [1388, 965], r: -29, e: -3230, error: 200
#ERR  p: [1388, 966], r: -39, e: -3215, error: 201
#ERR  p: [1388, 967], r: -46, e: -3202, error: 202
#ERR  p: [1388, 968], r: -56, e: -3193, error: 203
#ERR  p: [1388, 969], r: -66, e: -3185, error: 204
#ERR  p: [1388, 970], r: -76, e: -3175, error: 205
#ERR  p: [1388, 971], r: -86, e: -3162, error: 206
#ERR  p: [1388, 972], r: -96, e: -3153, error: 207
#ERR  p: [1388, 973], r: -106, e: -3144, error: 208
#ERR  p: [1388, 974], r: -116, e: -3154, error: 209
#ERR  p: [1388, 975], r: -126, e: -3145, error: 210
#ERR  p: [1388, 976], r: -136, e: -3141, error: 211
#ERR  p: [1388, 977], r: -146, e: -3136, error: 212
#ERR  p: [1388, 978], r: -156, e: -3128, error: 213
#ERR  p: [1388, 979], r: -166, e: -3121, error: 214
#ERR  p: [1388, 980], r: -176, e: -3112, error: 215
#ERR  p: [1388, 981], r: -186, e: -3104, error: 216
#ERR  p: [1388, 982], r: -196, e: -3095, error: 217
#ERR  p: [1388, 983], r: -206, e: -3086, error: 218
#ERR  p: [1388, 984], r: -216, e: -3078, error: 219
#ERR  p: [1388, 985], r: -226, e: -3067, error: 220
#ERR  p: [1388, 986], r: -236, e: -3059, error: 221
#ERR  p: [1388, 987], r: -246, e: -3050, error: 222
#ERR  p: [1388, 988], r: -256, e: -3043, error: 223
#ERR  p: [1388, 989], r: -266, e: -3035, error: 224
#ERR  p: [1388, 990], r: -276, e: -3026, error: 225
#ERR  p: [1388, 991], r: -286, e: -3012, error: 226
#ERR  p: [1388, 992], r: -296, e: -3003, error: 227
#ERR  p: [1388, 993], r: -306, e: -2995, error: 228
#ERR  p: [1388, 994], r: -315, e: -2983, error: 229
#ERR  p: [1388, 995], r: -325, e: -2980, error: 230
#ERR  p: [1388, 996], r: -335, e: -2969, error: 231
#ERR  p: [1388, 997], r: -345, e: -2962, error: 232
#ERR  p: [1388, 998], r: -355, e: -2953, error: 233
#ERR  p: [1388, 999], r: -365, e: -2945, error: 234
#ERR  p: [1388, 1000], r: -375, e: -2937, error: 235
#ERR  p: [1388, 1001], r: -385, e: -2933, error: 236
#ERR  p: [1388, 1002], r: -395, e: -2922, error: 237
#ERR  p: [1388, 1003], r: -405, e: -2914, error: 238
#ERR  p: [1388, 1004], r: -415, e: -2907, error: 239
#ERR  p: [1388, 1005], r: -425, e: -2898, error: 240
#ERR  p: [1388, 1006], r: -435, e: -2888, error: 241
#ERR  p: [1388, 1007], r: -443, e: -2874, error: 242
#ERR  p: [1388, 1008], r: -453, e: -2871, error: 243
#ERR  p: [1388, 1009], r: -463, e: -2878, error: 244
#ERR  p: [1388, 1010], r: -473, e: -2871, error: 245
#ERR  p: [1388, 1011], r: -483, e: -2863, error: 246
#ERR  p: [1388, 1012], r: -493, e: -2857, error: 247
#ERR  p: [1388, 1013], r: -503, e: -2854, error: 248
#ERR  p: [1388, 1014], r: -513, e: -2840, error: 249
#ERR  p: [1388, 1015], r: -523, e: -2832, error: 250
#ERR  p: [1388, 1016], r: -533, e: -2824, error: 251
#ERR  p: [1388, 1017], r: -543, e: -2813, error: 252
#ERR  p: [1388, 1018], r: -553, e: -2801, error: 253
#ERR  p: [1388, 1019], r: -563, e: -2793, error: 254
#ERR  p: [1388, 1020], r: -573, e: -2784, error: 255
#ERR  p: [1388, 1021], r: -583, e: -2775, error: 256
#ERR  p: [1388, 1022], r: -593, e: -2768, error: 257
#ERR  p: [1388, 1023], r: -603, e: -2760, error: 258
#ERR  p: [1388, 1024], r: -613, e: -2751, error: 259
#ERR  p: [1388, 1025], r: -623, e: -2738, error: 260
#ERR  p: [1388, 1026], r: -633, e: -2724, error: 261
#ERR  p: [1388, 1027], r: -643, e: -2717, error: 262
#ERR  p: [1388, 1028], r: -653, e: -2711, error: 263
#ERR  p: [1388, 1029], r: -663, e: -2701, error: 264
#ERR  p: [1388, 1030], r: -673, e: -2694, error: 265
#ERR  p: [1388, 1031], r: -683, e: -2685, error: 266
#ERR  p: [1388, 1032], r: -693, e: -2683, error: 267
#ERR  p: [1388, 1033], r: -703, e: -2681, error: 268
#ERR  p: [1388, 1034], r: -713, e: -2691, error: 269
#ERR  p: [1388, 1035], r: -723, e: -2688, error: 270
#ERR  p: [1388, 1036], r: -733, e: -2681, error: 271
#ERR  p: [1388, 1037], r: -743, e: -2673, error: 272
#ERR  p: [1388, 1038], r: -753, e: -2660, error: 273
#ERR  p: [1388, 1039], r: -763, e: -2651, error: 274
#ERR  p: [1388, 1040], r: -773, e: -2651, error: 275
#ERR  p: [1388, 1041], r: -783, e: -2648, error: 276
#ERR  p: [1388, 1042], r: -793, e: -2637, error: 277
#ERR  p: [1388, 1043], r: -803, e: -2628, error: 278
#ERR  p: [1388, 1044], r: -813, e: -2614, error: 279
#ERR  p: [1388, 1045], r: -823, e: -2605, error: 280
#ERR  p: [1388, 1046], r: -833, e: -2594, error: 281
#ERR  p: [1388, 1047], r: -843, e: -2582, error: 282
#ERR  p: [1388, 1048], r: -853, e: -2576, error: 283
#ERR  p: [1388, 1049], r: -863, e: -2575, error: 284
#ERR  p: [1388, 1050], r: -873, e: -2560, error: 285
#ERR  p: [1388, 1051], r: -883, e: -2554, error: 286
#ERR  p: [1388, 1052], r: -893, e: -2546, error: 287
#ERR  p: [1388, 1053], r: -903, e: -2537, error: 288
#ERR  p: [1388, 1054], r: -913, e: -2525, error: 289
#ERR  p: [1388, 1055], r: -923, e: -2527, error: 290
#ERR  p: [1388, 1056], r: -933, e: -2520, error: 291
#ERR  p: [1388, 1057], r: -943, e: -2514, error: 292
#ERR  p: [1388, 1058], r: -953, e: -2506, error: 293
#ERR  p: [1388, 1059], r: -963, e: -2503, error: 294
#ERR  p: [1388, 1060], r: -973, e: -2501, error: 295
#ERR  p: [1388, 1061], r: -983, e: -2492, error: 296
#ERR  p: [1388, 1062], r: -993, e: -2480, error: 297
#ERR  p: [1388, 1063], r: -1003, e: -2469, error: 298
#ERR  p: [1388, 1064], r: -1013, e: -2460, error: 299
#ERR  p: [1388, 1065], r: -1023, e: -2450, error: 300
#ERR  p: [1388, 1066], r: -1033, e: -2449, error: 301
#ERR  p: [1388, 1067], r: -1043, e: -2439, error: 302
#ERR  p: [1388, 1068], r: -1053, e: -2433, error: 303
#ERR  p: [1388, 1069], r: -1063, e: -2425, error: 304
#ERR  p: [1388, 1070], r: -1073, e: -2433, error: 305
#ERR  p: [1388, 1071], r: -1083, e: -2428, error: 306
#ERR  p: [1388, 1072], r: -1093, e: -2434, error: 307
#ERR  p: [1388, 1073], r: -1103, e: -2435, error: 308
#ERR  p: [1388, 1074], r: -1113, e: -2430, error: 309
#ERR  p: [1388, 1075], r: -1123, e: -2421, error: 310
#ERR  p: [1388, 1076], r: -1133, e: -2407, error: 311
#ERR  p: [1388, 1077], r: -1143, e: -2393, error: 312
#ERR  p: [1388, 1078], r: -1153, e: -2384, error: 313
#ERR  p: [1388, 1079], r: -1163, e: -2370, error: 314
#ERR  p: [1388, 1080], r: -1173, e: -2367, error: 315
#ERR  p: [1388, 1081], r: -1183, e: -2361, error: 316
#ERR  p: [1388, 1082], r: -1193, e: -2357, error: 317
#ERR  p: [1388, 1083], r: -1203, e: -2348, error: 318
#ERR  p: [1388, 1084], r: -1213, e: -2341, error: 319
#ERR  p: [1388, 1085], r: -1223, e: -2335, error: 320
#ERR  p: [1388, 1086], r: -1233, e: -2335, error: 321
#ERR  p: [1388, 1087], r: -1243, e: -2331, error: 322
#ERR  p: [1388, 1088], r: -1253, e: -2325, error: 323
#ERR  p: [1388, 1089], r: -1263, e: -2313, error: 324
#ERR  p: [1388, 1090], r: -1273, e: -2306, error: 325
#ERR  p: [1388, 1091], r: -1283, e: -2299, error: 326
#ERR  p: [1388, 1092], r: -1293, e: -2291, error: 327
#ERR  p: [1388, 1093], r: -1303, e: -2288, error: 328
#ERR  p: [1388, 1094], r: -1313, e: -2289, error: 329
#ERR  p: [1388, 1095], r: -1323, e: -2281, error: 330
#ERR  p: [1388, 1096], r: -1333, e: -2281, error: 331
#ERR  p: [1388, 1097], r: -1343, e: -2268, error: 332
#ERR  p: [1388, 1098], r: -1353, e: -2264, error: 333
#ERR  p: [1388, 1099], r: -1363, e: -2260, error: 334
#ERR  p: [1388, 1100], r: -1373, e: -2249, error: 335
#ERR  p: [1388, 1101], r: -1383, e: -2240, error: 336
#ERR  p: [1388, 1102], r: -1393, e: -2232, error: 337
#ERR  p: [1388, 1103], r: -1403, e: -2236, error: 338
#ERR  p: [1388, 1104], r: -1413, e: -2227, error: 339
#ERR  p: [1388, 1105], r: -1423, e: -2213, error: 340
#ERR  p: [1388, 1106], r: -1433, e: -2203, error: 341
#ERR  p: [1388, 1107], r: -1443, e: -2194, error: 342
#ERR  p: [1388, 1108], r: -1453, e: -2188, error: 343
#ERR  p: [1388, 1109], r: -1463, e: -2181, error: 344
#ERR  p: [1388, 1110], r: -1473, e: -2173, error: 345
#ERR  p: [1388, 1111], r: -1483, e: -2163, error: 346
#ERR  p: [1388, 1112], r: -1493, e: -2169, error: 347
#ERR  p: [1388, 1113], r: -1503, e: -2165, error: 348
#ERR  p: [1388, 1114], r: -1513, e: -2160, error: 349
#ERR  p: [1388, 1115], r: -1523, e: -2151, error: 350
#ERR  p: [1388, 1116], r: -1533, e: -2143, error: 351
#ERR  p: [1388, 1117], r: -1543, e: -2137, error: 352
#ERR  p: [1388, 1118], r: -1553, e: -2133, error: 353
#ERR  p: [1388, 1119], r: -1563, e: -2124, error: 354
#ERR  p: [1388, 1120], r: -1573, e: -2124, error: 355
#ERR  p: [1388, 1121], r: -1583, e: -2112, error: 356
#ERR  p: [1388, 1122], r: -1593, e: -2111, error: 357
#ERR  p: [1388, 1123], r: -1603, e: -2102, error: 358
#ERR  p: [1388, 1124], r: -1613, e: -2092, error: 359
#ERR  p: [1388, 1125], r: -1623, e: -2085, error: 360
#ERR  p: [1388, 1126], r: -1633, e: -2075, error: 361
#ERR  p: [1388, 1127], r: -1643, e: -2067, error: 362
#ERR  p: [1388, 1128], r: -1653, e: -2060, error: 363
#ERR  p: [1388, 1129], r: -1663, e: -2070, error: 364
#ERR  p: [1388, 1130], r: -1673, e: -2066, error: 365
#ERR  p: [1388, 1131], r: -1683, e: -2073, error: 366
#ERR  p: [1388, 1132], r: -1693, e: -2074, error: 367
#ERR  p: [1388, 1133], r: -1703, e: -2068, error: 368
#ERR  p: [1388, 1134], r: -1713, e: -2054, error: 369
#ERR  p: [1388, 1135], r: -1723, e: -2053, error: 370
#ERR  p: [1388, 1136], r: -1733, e: -2049, error: 371
#ERR  p: [1388, 1137], r: -1743, e: -2035, error: 372
#ERR  p: [1388, 1138], r: -1753, e: -2024, error: 373
#ERR  p: [1388, 1139], r: -1763, e: -2015, error: 374
#ERR  p: [1388, 1140], r: -1773, e: -2006, error: 375
#ERR  p: [1388, 1141], r: -1783, e: -1997, error: 376
#ERR  p: [1388, 1142], r: -1793, e: -1986, error: 377
#ERR  p: [1388, 1143], r: -1803, e: -1974, error: 378
#ERR  p: [1388, 1144], r: -1813, e: -1972, error: 379
#ERR  p: [1388, 1145], r: -1823, e: -1967, error: 380
#ERR  p: [1388, 1146], r: -1833, e: -1961, error: 381
#ERR  p: [1388, 1147], r: -1843, e: -1954, error: 382
#ERR  p: [1388, 1148], r: -1853, e: -1943, error: 383
#ERR  p: [1388, 1149], r: -1863, e: -1932, error: 384
#ERR  p: [1388, 1150], r: -1873, e: -1926, error: 385
#ERR  p: [1388, 1151], r: -1883, e: -1913, error: 386
#ERR  p: [1388, 1152], r: -1893, e: -1906, error: 387
#ERR  p: [1389, 961], r: 1, e: -3270, error: 388
#ERR  p: [1389, 962], r: 14, e: -3258, error: 389
#ERR  p: [1389, 963], r: 4, e: -3255, error: 390
#ERR  p: [1389, 964], r: -6, e: -3251, error: 391
#ERR  p: [1389, 965], r: -13, e: -3235, error: 392
#ERR  p: [1389, 966], r: -23, e: -3225, error: 393
#ERR  p: [1389, 967], r: -33, e: -3212, error: 394
#ERR  p: [1389, 968], r: -43, e: -3202, error: 395
#ERR  p: [1389, 969], r: -53, e: -3195, error: 396
#ERR  p: [1389, 970], r: -63, e: -3182, error: 397
#ERR  p: [1389, 971], r: -73, e: -3172, error: 398
#ERR  p: [1389, 972], r: -83, e: -3161, error: 399
#ERR  p: [1389, 973], r: -93, e: -3153, error: 400
#ERR  p: [1389, 974], r: -103, e: -3146, error: 401
#ERR  p: [1389, 975], r: -113, e: -3155, error: 402
#ERR  p: [1389, 976], r: -123, e: -3142, error: 403
#ERR  p: [1389, 977], r: -133, e: -3141, error: 404
#ERR  p: [1389, 978], r: -143, e: -3135, error: 405
#ERR  p: [1389, 979], r: -153, e: -3130, error: 406
#ERR  p: [1389, 980], r: -163, e: -3122, error: 407
#ERR  p: [1389, 981], r: -173, e: -3109, error: 408
#ERR  p: [1389, 982], r: -183, e: -3103, error: 409
#ERR  p: [1389, 983], r: -193, e: -3095, error: 410
#ERR  p: [1389, 984], r: -203, e: -3088, error: 411
#ERR  p: [1389, 985], r: -210, e: -3072, error: 412
#ERR  p: [1389, 986], r: -220, e: -3069, error: 413
#ERR  p: [1389, 987], r: -230, e: -3060, error: 414
#ERR  p: [1389, 988], r: -240, e: -3051, error: 415
#ERR  p: [1389, 989], r: -250, e: -3043, error: 416
#ERR  p: [1389, 990], r: -260, e: -3036, error: 417
#ERR  p: [1389, 991], r: -270, e: -3022, error: 418
#ERR  p: [1389, 992], r: -280, e: -3013, error: 419
#ERR  p: [1389, 993], r: -290, e: -3002, error: 420
#ERR  p: [1389, 994], r: -300, e: -2993, error: 421
#ERR  p: [1389, 995], r: -310, e: -2980, error: 422
#ERR  p: [1389, 996], r: -320, e: -2979, error: 423
#ERR  p: [1389, 997], r: -330, e: -2966, error: 424
#ERR  p: [1389, 998], r: -340, e: -2963, error: 425
#ERR  p: [1389, 999], r: -350, e: -2955, error: 426
#ERR  p: [1389, 1000], r: -360, e: -2946, error: 427
#ERR  p: [1389, 1001], r: -370, e: -2937, error: 428
#ERR  p: [1389, 1002], r: -380, e: -2932, error: 429
#ERR  p: [1389, 1003], r: -390, e: -2924, error: 430
#ERR  p: [1389, 1004], r: -400, e: -2917, error: 431
#ERR  p: [1389, 1005], r: -410, e: -2908, error: 432
#ERR  p: [1389, 1006], r: -420, e: -2898, error: 433
#ERR  p: [1389, 1007], r: -430, e: -2884, error: 434
#ERR  p: [1389, 1008], r: -440, e: -2874, error: 435
#ERR  p: [1389, 1009], r: -450, e: -2870, error: 436
#ERR  p: [1389, 1010], r: -460, e: -2877, error: 437
#ERR  p: [1389, 1011], r: -470, e: -2871, error: 438
#ERR  p: [1389, 1012], r: -480, e: -2867, error: 439
#ERR  p: [1389, 1013], r: -490, e: -2857, error: 440
#ERR  p: [1389, 1014], r: -500, e: -2850, error: 441
#ERR  p: [1389, 1015], r: -510, e: -2840, error: 442
#ERR  p: [1389, 1016], r: -520, e: -2832, error: 443
#ERR  p: [1389, 1017], r: -530, e: -2823, error: 444
#ERR  p: [1389, 1018], r: -540, e: -2811, error: 445
#ERR  p: [1389, 1019], r: -550, e: -2800, error: 446
#ERR  p: [1389, 1020], r: -560, e: -2792, error: 447
#ERR  p: [1389, 1021], r: -570, e: -2785, error: 448
#ERR  p: [1389, 1022], r: -580, e: -2775, error: 449
#ERR  p: [1389, 1023], r: -590, e: -2769, error: 450
#ERR  p: [1389, 1024], r: -600, e: -2760, error: 451
#ERR  p: [1389, 1025], r: -607, e: -2745, error: 452
#ERR  p: [1389, 1026], r: -617, e: -2734, error: 453
#ERR  p: [1389, 1027], r: -627, e: -2724, error: 454
#ERR  p: [1389, 1028], r: -637, e: -2721, error: 455
#ERR  p: [1389, 1029], r: -647, e: -2711, error: 456
#ERR  p: [1389, 1030], r: -657, e: -2701, error: 457
#ERR  p: [1389, 1031], r: -667, e: -2695, error: 458
#ERR  p: [1389, 1032], r: -677, e: -2688, error: 459
#ERR  p: [1389, 1033], r: -687, e: -2682, error: 460
#ERR  p: [1389, 1034], r: -697, e: -2680, error: 461
#ERR  p: [1389, 1035], r: -707, e: -2690, error: 462
#ERR  p: [1389, 1036], r: -717, e: -2688, error: 463
#ERR  p: [1389, 1037], r: -727, e: -2680, error: 464
#ERR  p: [1389, 1038], r: -737, e: -2670, error: 465
#ERR  p: [1389, 1039], r: -747, e: -2661, error: 466
#ERR  p: [1389, 1040], r: -757, e: -2650, error: 467
#ERR  p: [1389, 1041], r: -767, e: -2653, error: 468
#ERR  p: [1389, 1042], r: -777, e: -2647, error: 469
#ERR  p: [1389, 1043], r: -787, e: -2637, error: 470
#ERR  p: [1389, 1044], r: -797, e: -2624, error: 471
#ERR  p: [1389, 1045], r: -807, e: -2614, error: 472
#ERR  p: [1389, 1046], r: -817, e: -2604, error: 473
#ERR  p: [1389, 1047], r: -827, e: -2592, error: 474
#ERR  p: [1389, 1048], r: -837, e: -2582, error: 475
#ERR  p: [1389, 1049], r: -847, e: -2580, error: 476
#ERR  p: [1389, 1050], r: -857, e: -2570, error: 477
#ERR  p: [1389, 1051], r: -867, e: -2564, error: 478
#ERR  p: [1389, 1052], r: -877, e: -2556, error: 479
#ERR  p: [1389, 1053], r: -887, e: -2546, error: 480
#ERR  p: [1389, 1054], r: -897, e: -2535, error: 481
#ERR  p: [1389, 1055], r: -907, e: -2524, error: 482
#ERR  p: [1389, 1056], r: -917, e: -2527, error: 483
#ERR  p: [1389, 1057], r: -927, e: -2524, error: 484
#ERR  p: [1389, 1058], r: -937, e: -2515, error: 485
#ERR  p: [1389, 1059], r: -947, e: -2506, error: 486
#ERR  p: [1389, 1060], r: -957, e: -2500, error: 487
#ERR  p: [1389, 1061], r: -967, e: -2502, error: 488
#ERR  p: [1389, 1062], r: -977, e: -2489, error: 489
#ERR  p: [1389, 1063], r: -987, e: -2479, error: 490
#ERR  p: [1389, 1064], r: -997, e: -2470, error: 491
#ERR  p: [1389, 1065], r: -1007, e: -2460, error: 492
#ERR  p: [1389, 1066], r: -1017, e: -2450, error: 493
#ERR  p: [1389, 1067], r: -1027, e: -2449, error: 494
#ERR  p: [1389, 1068], r: -1037, e: -2439, error: 495
#ERR  p: [1389, 1069], r: -1047, e: -2433, error: 496
#ERR  p: [1389, 1070], r: -1057, e: -2427, error: 497
#ERR  p: [1389, 1071], r: -1067, e: -2433, error: 498
#ERR  p: [1389, 1072], r: -1077, e: -2430, error: 499
#SDC Ite:0 KerTime:0.294291 AccTime:0.294291 KerErr:500 AccErr:500
#END