#HEADER max_rows:2048 max_cols:2048 penalty:10
#BEGIN Y:2016 M:09 D:12 Time:14:14:35
#IT Ite:0 KerTime:0.294251 AccTime:0.294251
#ERR Error detected! kerrors = 44
#ERR  p: [1842, 1774], r: -1405, e: -1402, error: 1
#ERR  p: [1843, 1775], r: -1407, e: -1404, error: 2
#ERR  p: [1844, 1776], r: -1408, e: -1405, error: 3
#ERR  p: [1845, 1777], r: -1406, e: -1403, error: 4
#ERR  p: [1846, 1777], r: -1414, e: -1413, error: 5
#ERR  p: [1846, 1778], r: -1409, e: -1406, error: 6
#ERR  p: [1847, 1778], r: -1417, e: -1416, error: 7
#ERR  p: [1847, 1779], r: -1409, e: -1406, error: 8
#ERR  p: [1848, 1779], r: -1418, e: -1416, error: 9
#ERR  p: [1848, 1780], r: -1410, e: -1407, error: 10
#ERR  p: [1849, 1780], r: -1419, e: -1417, error: 11
#ERR  p: [1849, 1781], r: -1414, e: -1411, error: 12
#ERR  p: [1850, 1781], r: -1423, e: -1421, error: 13
#ERR  p: [1850, 1782], r: -1414, e: -1411, error: 14
#ERR  p: [1851, 1782], r: -1424, e: -1421, error: 15
#ERR  p: [1851, 1783], r: -1410, e: -1407, error: 16
#ERR  p: [1852, 1783], r: -1420, e: -1417, error: 17
#ERR  p: [1852, 1784], r: -1411, e: -1408, error: 18
#ERR  p: [1853, 1784], r: -1421, e: -1418, error: 19
#ERR  p: [1853, 1785], r: -1412, e: -1409, error: 20
#ERR  p: [1854, 1785], r: -1422, e: -1419, error: 21
#ERR  p: [1854, 1786], r: -1416, e: -1413, error: 22
#ERR  p: [1855, 1786], r: -1426, e: -1423, error: 23
#ERR  p: [1855, 1787], r: -1416, e: -1413, error: 24
#ERR  p: [1856, 1787], r: -1426, e: -1423, error: 25
#ERR  p: [1856, 1788], r: -1414, e: -1411, error: 26
#ERR  p: [1857, 1788], r: -1424, e: -1421, error: 27
#ERR  p: [1857, 1789], r: -1413, e: -1410, error: 28
#ERR  p: [1858, 1789], r: -1423, e: -1420, error: 29
#ERR  p: [1858, 1790], r: -1417, e: -1414, error: 30
#ERR  p: [1859, 1790], r: -1427, e: -1424, error: 31
#ERR  p: [1859, 1791], r: -1419, e: -1416, error: 32
#ERR  p: [1860, 1791], r: -1422, e: -1419, error: 33
#ERR  p: [1860, 1792], r: -1419, e: -1416, error: 34
#ERR  p: [1861, 1791], r: -1430, e: -1429, error: 35
#ERR  p: [1861, 1792], r: -1423, e: -1420, error: 36
#ERR  p: [1861, 1793], r: -1421, e: -1418, error: 37
#ERR  p: [1862, 1792], r: -1429, e: -1428, error: 38
#ERR  p: [1862, 1793], r: -1426, e: -1423, error: 39
#ERR  p: [1863, 1793], r: -1423, e: -1422, error: 40
#ERR  p: [1863, 1794], r: -1428, e: -1425, error: 41
#ERR  p: [1864, 1794], r: -1424, e: -1423, error: 42
#ERR  p: [1865, 1795], r: -1426, e: -1425, error: 43
#ERR  p: [1866, 1796], r: -1428, e: -1427, error: 44
#SDC Ite:0 KerTime:0.294251 AccTime:0.294251 KerErr:44 AccErr:44
#END