#HEADER max_rows:2048 max_cols:2048 penalty:10
#BEGIN Y:2016 M:09 D:12 Time:15:47:04
#IT Ite:0 KerTime:0.295093 AccTime:0.295093
#ERR Error detected! kerrors = 142065
#ERR  p: [1971, 203], r: 1038372385, e: -16727, error: 1
#ERR  p: [1971, 204], r: 1038372375, e: -16712, error: 2
#ERR  p: [1971, 205], r: 1038372365, e: -16695, error: 3
#ERR  p: [1971, 206], r: 1038372355, e: -16684, error: 4
#ERR  p: [1971, 207], r: 1038372345, e: -16671, error: 5
#ERR  p: [1971, 208], r: 1038372335, e: -16654, error: 6
#ERR  p: [1971, 209], r: 1038372325, e: -16645, error: 7
#ERR  p: [1971, 210], r: 1038372315, e: -16631, error: 8
#ERR  p: [1971, 211], r: 1038372305, e: -16616, error: 9
#ERR  p: [1971, 212], r: 1038372295, e: -16606, error: 10
#ERR  p: [1971, 213], r: 1038372285, e: -16594, error: 11
#ERR  p: [1971, 214], r: 1038372275, e: -16579, error: 12
#ERR  p: [1971, 215], r: 1038372265, e: -16566, error: 13
#ERR  p: [1971, 216], r: 1038372255, e: -16550, error: 14
#ERR  p: [1971, 217], r: 1038372245, e: -16536, error: 15
#ERR  p: [1971, 218], r: 1038372235, e: -16527, error: 16
#ERR  p: [1971, 219], r: 1038372225, e: -16512, error: 17
#ERR  p: [1971, 220], r: 1038372215, e: -16498, error: 18
#ERR  p: [1971, 221], r: 1038372205, e: -16482, error: 19
#ERR  p: [1971, 222], r: 1038372195, e: -16470, error: 20
#ERR  p: [1971, 223], r: 1038372185, e: -16456, error: 21
#ERR  p: [1971, 224], r: 1038372175, e: -16442, error: 22
#ERR  p: [1971, 225], r: 1038372165, e: -16432, error: 23
#ERR  p: [1971, 226], r: 1038372155, e: -16421, error: 24
#ERR  p: [1971, 227], r: 1038372145, e: -16410, error: 25
#ERR  p: [1971, 228], r: 1038372135, e: -16401, error: 26
#ERR  p: [1971, 229], r: 1038372125, e: -16391, error: 27
#ERR  p: [1971, 230], r: 1038372115, e: -16379, error: 28
#ERR  p: [1971, 231], r: 1038372105, e: -16366, error: 29
#ERR  p: [1971, 232], r: 1038372095, e: -16356, error: 30
#ERR  p: [1971, 233], r: 1038372085, e: -16342, error: 31
#ERR  p: [1971, 234], r: 1038372075, e: -16327, error: 32
#ERR  p: [1971, 235], r: 1038372065, e: -16317, error: 33
#ERR  p: [1971, 236], r: 1038372055, e: -16302, error: 34
#ERR  p: [1971, 237], r: 1038372045, e: -16287, error: 35
#ERR  p: [1971, 238], r: 1038372035, e: -16270, error: 36
#ERR  p: [1971, 239], r: 1038372025, e: -16260, error: 37
#ERR  p: [1971, 240], r: 1038372015, e: -16252, error: 38
#ERR  p: [1971, 241], r: 1038372005, e: -16244, error: 39
#ERR  p: [1971, 242], r: 1038371995, e: -16235, error: 40
#ERR  p: [1971, 243], r: 1038371985, e: -16227, error: 41
#ERR  p: [1971, 244], r: 1038371975, e: -16212, error: 42
#ERR  p: [1971, 245], r: 1038371965, e: -16201, error: 43
#ERR  p: [1971, 246], r: 1038371955, e: -16187, error: 44
#ERR  p: [1971, 247], r: 1038371945, e: -16176, error: 45
#ERR  p: [1971, 248], r: 1038371935, e: -16164, error: 46
#ERR  p: [1971, 249], r: 1038371925, e: -16149, error: 47
#ERR  p: [1971, 250], r: 1038371915, e: -16148, error: 48
#ERR  p: [1971, 251], r: 1038371905, e: -16137, error: 49
#ERR  p: [1971, 252], r: 1038371895, e: -16123, error: 50
#ERR  p: [1971, 253], r: 1038371885, e: -16113, error: 51
#ERR  p: [1971, 254], r: 1038371875, e: -16101, error: 52
#ERR  p: [1971, 255], r: 1038371865, e: -16086, error: 53
#ERR  p: [1971, 256], r: 1038371855, e: -16075, error: 54
#ERR  p: [1971, 257], r: 1038371845, e: -16061, error: 55
#ERR  p: [1971, 258], r: 1038371835, e: -16050, error: 56
#ERR  p: [1971, 259], r: 1038371825, e: -16037, error: 57
#ERR  p: [1971, 260], r: 1038371815, e: -16022, error: 58
#ERR  p: [1971, 261], r: 1038371805, e: -16006, error: 59
#ERR  p: [1971, 262], r: 1038371795, e: -15996, error: 60
#ERR  p: [1971, 263], r: 1038371785, e: -15983, error: 61
#ERR  p: [1971, 264], r: 1038371775, e: -15969, error: 62
#ERR  p: [1971, 265], r: 1038371765, e: -15954, error: 63
#ERR  p: [1971, 266], r: 1038371755, e: -15942, error: 64
#ERR  p: [1971, 267], r: 1038371745, e: -15926, error: 65
#ERR  p: [1971, 268], r: 1038371735, e: -15915, error: 66
#ERR  p: [1971, 269], r: 1038371725, e: -15909, error: 67
#ERR  p: [1971, 270], r: 1038371715, e: -15898, error: 68
#ERR  p: [1971, 271], r: 1038371705, e: -15891, error: 69
#ERR  p: [1971, 272], r: 1038371695, e: -15877, error: 70
#ERR  p: [1971, 273], r: 1038371685, e: -15866, error: 71
#ERR  p: [1971, 274], r: 1038371675, e: -15852, error: 72
#ERR  p: [1971, 275], r: 1038371665, e: -15837, error: 73
#ERR  p: [1971, 276], r: 1038371655, e: -15826, error: 74
#ERR  p: [1971, 277], r: 1038371645, e: -15812, error: 75
#ERR  p: [1971, 278], r: 1038371635, e: -15795, error: 76
#ERR  p: [1971, 279], r: 1038371625, e: -15777, error: 77
#ERR  p: [1971, 280], r: 1038371615, e: -15763, error: 78
#ERR  p: [1971, 281], r: 1038371605, e: -15752, error: 79
#ERR  p: [1971, 282], r: 1038371595, e: -15738, error: 80
#ERR  p: [1971, 283], r: 1038371585, e: -15724, error: 81
#ERR  p: [1971, 284], r: 1038371575, e: -15710, error: 82
#ERR  p: [1971, 285], r: 1038371565, e: -15698, error: 83
#ERR  p: [1971, 286], r: 1038371555, e: -15686, error: 84
#ERR  p: [1971, 287], r: 1038371545, e: -15670, error: 85
#ERR  p: [1971, 288], r: 1038371535, e: -15656, error: 86
#ERR  p: [1971, 289], r: 1038371525, e: -15642, error: 87
#ERR  p: [1971, 290], r: 1038371515, e: -15632, error: 88
#ERR  p: [1971, 291], r: 1038371505, e: -15617, error: 89
#ERR  p: [1971, 292], r: 1038371495, e: -15603, error: 90
#ERR  p: [1971, 293], r: 1038371485, e: -15589, error: 91
#ERR  p: [1971, 294], r: 1038371475, e: -15579, error: 92
#ERR  p: [1971, 295], r: 1038371465, e: -15566, error: 93
#ERR  p: [1971, 296], r: 1038371455, e: -15556, error: 94
#ERR  p: [1971, 297], r: 1038371445, e: -15537, error: 95
#ERR  p: [1971, 298], r: 1038371435, e: -15520, error: 96
#ERR  p: [1971, 299], r: 1038371425, e: -15510, error: 97
#ERR  p: [1971, 300], r: 1038371415, e: -15501, error: 98
#ERR  p: [1971, 301], r: 1038371405, e: -15487, error: 99
#ERR  p: [1971, 302], r: 1038371395, e: -15478, error: 100
#ERR  p: [1971, 303], r: 1038371385, e: -15464, error: 101
#ERR  p: [1971, 304], r: 1038371375, e: -15449, error: 102
#ERR  p: [1971, 305], r: 1038371365, e: -15434, error: 103
#ERR  p: [1971, 306], r: 1038371355, e: -15426, error: 104
#ERR  p: [1971, 307], r: 1038371345, e: -15414, error: 105
#ERR  p: [1971, 308], r: 1038371335, e: -15399, error: 106
#ERR  p: [1971, 309], r: 1038371325, e: -15393, error: 107
#ERR  p: [1971, 310], r: 1038371315, e: -15378, error: 108
#ERR  p: [1971, 311], r: 1038371305, e: -15366, error: 109
#ERR  p: [1971, 312], r: 1038371295, e: -15352, error: 110
#ERR  p: [1971, 313], r: 1038371285, e: -15342, error: 111
#ERR  p: [1971, 314], r: 1038371275, e: -15335, error: 112
#ERR  p: [1971, 315], r: 1038371265, e: -15320, error: 113
#ERR  p: [1971, 316], r: 1038371255, e: -15305, error: 114
#ERR  p: [1971, 317], r: 1038371245, e: -15298, error: 115
#ERR  p: [1971, 318], r: 1038371235, e: -15283, error: 116
#ERR  p: [1971, 319], r: 1038371225, e: -15273, error: 117
#ERR  p: [1971, 320], r: 1038371215, e: -15261, error: 118
#ERR  p: [1971, 321], r: 1038371205, e: -15252, error: 119
#ERR  p: [1971, 322], r: 1038371195, e: -15241, error: 120
#ERR  p: [1971, 323], r: 1038371185, e: -15227, error: 121
#ERR  p: [1971, 324], r: 1038371175, e: -15213, error: 122
#ERR  p: [1971, 325], r: 1038371165, e: -15198, error: 123
#ERR  p: [1971, 326], r: 1038371155, e: -15177, error: 124
#ERR  p: [1971, 327], r: 1038371145, e: -15163, error: 125
#ERR  p: [1971, 328], r: 1038371135, e: -15149, error: 126
#ERR  p: [1971, 329], r: 1038371125, e: -15137, error: 127
#ERR  p: [1971, 330], r: 1038371115, e: -15118, error: 128
#ERR  p: [1971, 331], r: 1038371105, e: -15106, error: 129
#ERR  p: [1971, 332], r: 1038371095, e: -15093, error: 130
#ERR  p: [1971, 333], r: 1038371085, e: -15078, error: 131
#ERR  p: [1971, 334], r: 1038371075, e: -15061, error: 132
#ERR  p: [1971, 335], r: 1038371065, e: -15042, error: 133
#ERR  p: [1971, 336], r: 1038371055, e: -15027, error: 134
#ERR  p: [1971, 337], r: 1038371045, e: -15017, error: 135
#ERR  p: [1971, 338], r: 1038371035, e: -15006, error: 136
#ERR  p: [1971, 339], r: 1038371025, e: -14996, error: 137
#ERR  p: [1971, 340], r: 1038371015, e: -14979, error: 138
#ERR  p: [1971, 341], r: 1038371005, e: -14971, error: 139
#ERR  p: [1971, 342], r: 1038370995, e: -14962, error: 140
#ERR  p: [1971, 343], r: 1038370985, e: -14952, error: 141
#ERR  p: [1971, 344], r: 1038370975, e: -14939, error: 142
#ERR  p: [1971, 345], r: 1038370965, e: -14930, error: 143
#ERR  p: [1971, 346], r: 1038370955, e: -14923, error: 144
#ERR  p: [1971, 347], r: 1038370945, e: -14905, error: 145
#ERR  p: [1971, 348], r: 1038370935, e: -14891, error: 146
#ERR  p: [1971, 349], r: 1038370925, e: -14872, error: 147
#ERR  p: [1971, 350], r: 1038370915, e: -14856, error: 148
#ERR  p: [1971, 351], r: 1038370905, e: -14841, error: 149
#ERR  p: [1971, 352], r: 1038370895, e: -14826, error: 150
#ERR  p: [1971, 353], r: 1038370885, e: -14807, error: 151
#ERR  p: [1971, 354], r: 1038370875, e: -14795, error: 152
#ERR  p: [1971, 355], r: 1038370865, e: -14778, error: 153
#ERR  p: [1971, 356], r: 1038370855, e: -14765, error: 154
#ERR  p: [1971, 357], r: 1038370845, e: -14758, error: 155
#ERR  p: [1971, 358], r: 1038370835, e: -14748, error: 156
#ERR  p: [1971, 359], r: 1038370825, e: -14738, error: 157
#ERR  p: [1971, 360], r: 1038370815, e: -14724, error: 158
#ERR  p: [1971, 361], r: 1038370805, e: -14711, error: 159
#ERR  p: [1971, 362], r: 1038370795, e: -14698, error: 160
#ERR  p: [1971, 363], r: 1038370785, e: -14684, error: 161
#ERR  p: [1971, 364], r: 1038370775, e: -14665, error: 162
#ERR  p: [1971, 365], r: 1038370765, e: -14650, error: 163
#ERR  p: [1971, 366], r: 1038370755, e: -14636, error: 164
#ERR  p: [1971, 367], r: 1038370745, e: -14616, error: 165
#ERR  p: [1971, 368], r: 1038370735, e: -14602, error: 166
#ERR  p: [1971, 369], r: 1038370725, e: -14589, error: 167
#ERR  p: [1971, 370], r: 1038370715, e: -14578, error: 168
#ERR  p: [1971, 371], r: 1038370705, e: -14564, error: 169
#ERR  p: [1971, 372], r: 1038370695, e: -14554, error: 170
#ERR  p: [1971, 373], r: 1038370685, e: -14543, error: 171
#ERR  p: [1971, 374], r: 1038370675, e: -14530, error: 172
#ERR  p: [1971, 375], r: 1038370665, e: -14522, error: 173
#ERR  p: [1971, 376], r: 1038370655, e: -14514, error: 174
#ERR  p: [1971, 377], r: 1038370645, e: -14504, error: 175
#ERR  p: [1971, 378], r: 1038370635, e: -14489, error: 176
#ERR  p: [1971, 379], r: 1038370625, e: -14476, error: 177
#ERR  p: [1971, 380], r: 1038370615, e: -14462, error: 178
#ERR  p: [1971, 381], r: 1038370605, e: -14449, error: 179
#ERR  p: [1971, 382], r: 1038370595, e: -14437, error: 180
#ERR  p: [1971, 383], r: 1038370585, e: -14427, error: 181
#ERR  p: [1971, 384], r: 1038370575, e: -14417, error: 182
#ERR  p: [1971, 385], r: 1038370565, e: -14405, error: 183
#ERR  p: [1971, 386], r: 1038370555, e: -14386, error: 184
#ERR  p: [1971, 387], r: 1038370545, e: -14375, error: 185
#ERR  p: [1971, 388], r: 1038370535, e: -14359, error: 186
#ERR  p: [1971, 389], r: 1038370525, e: -14342, error: 187
#ERR  p: [1971, 390], r: 1038370515, e: -14331, error: 188
#ERR  p: [1971, 391], r: 1038370505, e: -14317, error: 189
#ERR  p: [1971, 392], r: 1038370495, e: -14300, error: 190
#ERR  p: [1971, 393], r: 1038370485, e: -14290, error: 191
#ERR  p: [1971, 394], r: 1038370475, e: -14278, error: 192
#ERR  p: [1971, 395], r: 1038370465, e: -14264, error: 193
#ERR  p: [1971, 396], r: 1038370455, e: -14254, error: 194
#ERR  p: [1971, 397], r: 1038370445, e: -14237, error: 195
#ERR  p: [1971, 398], r: 1038370435, e: -14228, error: 196
#ERR  p: [1971, 399], r: 1038370425, e: -14219, error: 197
#ERR  p: [1971, 400], r: 1038370415, e: -14209, error: 198
#ERR  p: [1971, 401], r: 1038370405, e: -14198, error: 199
#ERR  p: [1971, 402], r: 1038370395, e: -14181, error: 200
#ERR  p: [1971, 403], r: 1038370385, e: -14168, error: 201
#ERR  p: [1971, 404], r: 1038370375, e: -14160, error: 202
#ERR  p: [1971, 405], r: 1038370365, e: -14145, error: 203
#ERR  p: [1971, 406], r: 1038370355, e: -14126, error: 204
#ERR  p: [1971, 407], r: 1038370345, e: -14114, error: 205
#ERR  p: [1971, 408], r: 1038370335, e: -14101, error: 206
#ERR  p: [1971, 409], r: 1038370325, e: -14089, error: 207
#ERR  p: [1971, 410], r: 1038370315, e: -14079, error: 208
#ERR  p: [1971, 411], r: 1038370305, e: -14064, error: 209
#ERR  p: [1971, 412], r: 1038370295, e: -14060, error: 210
#ERR  p: [1971, 413], r: 1038370285, e: -14047, error: 211
#ERR  p: [1971, 414], r: 1038370275, e: -14039, error: 212
#ERR  p: [1971, 415], r: 1038370265, e: -14030, error: 213
#ERR  p: [1971, 416], r: 1038370255, e: -14011, error: 214
#ERR  p: [1971, 417], r: 1038370245, e: -14001, error: 215
#ERR  p: [1971, 418], r: 1038370235, e: -13993, error: 216
#ERR  p: [1971, 419], r: 1038370225, e: -13983, error: 217
#ERR  p: [1971, 420], r: 1038370215, e: -13971, error: 218
#ERR  p: [1971, 421], r: 1038370205, e: -13960, error: 219
#ERR  p: [1971, 422], r: 1038370195, e: -13951, error: 220
#ERR  p: [1971, 423], r: 1038370185, e: -13941, error: 221
#ERR  p: [1971, 424], r: 1038370175, e: -13933, error: 222
#ERR  p: [1971, 425], r: 1038370165, e: -13918, error: 223
#ERR  p: [1971, 426], r: 1038370155, e: -13908, error: 224
#ERR  p: [1971, 427], r: 1038370145, e: -13893, error: 225
#ERR  p: [1971, 428], r: 1038370135, e: -13881, error: 226
#ERR  p: [1971, 429], r: 1038370125, e: -13874, error: 227
#ERR  p: [1971, 430], r: 1038370115, e: -13860, error: 228
#ERR  p: [1971, 431], r: 1038370105, e: -13841, error: 229
#ERR  p: [1971, 432], r: 1038370095, e: -13832, error: 230
#ERR  p: [1971, 433], r: 1038370085, e: -13820, error: 231
#ERR  p: [1971, 434], r: 1038370075, e: -13802, error: 232
#ERR  p: [1971, 435], r: 1038370065, e: -13790, error: 233
#ERR  p: [1971, 436], r: 1038370055, e: -13780, error: 234
#ERR  p: [1971, 437], r: 1038370045, e: -13772, error: 235
#ERR  p: [1971, 438], r: 1038370035, e: -13760, error: 236
#ERR  p: [1971, 439], r: 1038370025, e: -13746, error: 237
#ERR  p: [1971, 440], r: 1038370015, e: -13738, error: 238
#ERR  p: [1971, 441], r: 1038370005, e: -13723, error: 239
#ERR  p: [1971, 442], r: 1038369995, e: -13712, error: 240
#ERR  p: [1971, 443], r: 1038369985, e: -13702, error: 241
#ERR  p: [1971, 444], r: 1038369975, e: -13693, error: 242
#ERR  p: [1971, 445], r: 1038369965, e: -13681, error: 243
#ERR  p: [1971, 446], r: 1038369955, e: -13672, error: 244
#ERR  p: [1971, 447], r: 1038369945, e: -13663, error: 245
#ERR  p: [1971, 448], r: 1038369935, e: -13651, error: 246
#ERR  p: [1971, 449], r: 1038369925, e: -13641, error: 247
#ERR  p: [1971, 450], r: 1038369915, e: -13629, error: 248
#ERR  p: [1971, 451], r: 1038369905, e: -13613, error: 249
#ERR  p: [1971, 452], r: 1038369895, e: -13598, error: 250
#ERR  p: [1971, 453], r: 1038369885, e: -13588, error: 251
#ERR  p: [1971, 454], r: 1038369875, e: -13572, error: 252
#ERR  p: [1971, 455], r: 1038369865, e: -13556, error: 253
#ERR  p: [1971, 456], r: 1038369855, e: -13543, error: 254
#ERR  p: [1971, 457], r: 1038369845, e: -13526, error: 255
#ERR  p: [1971, 458], r: 1038369835, e: -13511, error: 256
#ERR  p: [1971, 459], r: 1038369825, e: -13506, error: 257
#ERR  p: [1971, 460], r: 1038369815, e: -13497, error: 258
#ERR  p: [1971, 461], r: 1038369805, e: -13487, error: 259
#ERR  p: [1971, 462], r: 1038369795, e: -13475, error: 260
#ERR  p: [1971, 463], r: 1038369785, e: -13466, error: 261
#ERR  p: [1971, 464], r: 1038369775, e: -13456, error: 262
#ERR  p: [1971, 465], r: 1038369765, e: -13445, error: 263
#ERR  p: [1971, 466], r: 1038369755, e: -13436, error: 264
#ERR  p: [1971, 467], r: 1038369745, e: -13426, error: 265
#ERR  p: [1971, 468], r: 1038369735, e: -13411, error: 266
#ERR  p: [1971, 469], r: 1038369725, e: -13397, error: 267
#ERR  p: [1971, 470], r: 1038369715, e: -13388, error: 268
#ERR  p: [1971, 471], r: 1038369705, e: -13377, error: 269
#ERR  p: [1971, 472], r: 1038369695, e: -13362, error: 270
#ERR  p: [1971, 473], r: 1038369685, e: -13350, error: 271
#ERR  p: [1971, 474], r: 1038369675, e: -13342, error: 272
#ERR  p: [1971, 475], r: 1038369665, e: -13331, error: 273
#ERR  p: [1971, 476], r: 1038369655, e: -13317, error: 274
#ERR  p: [1971, 477], r: 1038369645, e: -13308, error: 275
#ERR  p: [1971, 478], r: 1038369635, e: -13297, error: 276
#ERR  p: [1971, 479], r: 1038369625, e: -13284, error: 277
#ERR  p: [1971, 480], r: 1038369615, e: -13275, error: 278
#ERR  p: [1971, 481], r: 1038369605, e: -13261, error: 279
#ERR  p: [1971, 482], r: 1038369595, e: -13252, error: 280
#ERR  p: [1971, 483], r: 1038369585, e: -13240, error: 281
#ERR  p: [1971, 484], r: 1038369575, e: -13223, error: 282
#ERR  p: [1971, 485], r: 1038369565, e: -13209, error: 283
#ERR  p: [1971, 486], r: 1038369555, e: -13199, error: 284
#ERR  p: [1971, 487], r: 1038369545, e: -13185, error: 285
#ERR  p: [1971, 488], r: 1038369535, e: -13174, error: 286
#ERR  p: [1971, 489], r: 1038369525, e: -13164, error: 287
#ERR  p: [1971, 490], r: 1038369515, e: -13148, error: 288
#ERR  p: [1971, 491], r: 1038369505, e: -13138, error: 289
#ERR  p: [1971, 492], r: 1038369495, e: -13121, error: 290
#ERR  p: [1971, 493], r: 1038369485, e: -13112, error: 291
#ERR  p: [1971, 494], r: 1038369475, e: -13098, error: 292
#ERR  p: [1971, 495], r: 1038369465, e: -13089, error: 293
#ERR  p: [1971, 496], r: 1038369455, e: -13075, error: 294
#ERR  p: [1971, 497], r: 1038369445, e: -13061, error: 295
#ERR  p: [1971, 498], r: 1038369435, e: -13046, error: 296
#ERR  p: [1971, 499], r: 1038369425, e: -13035, error: 297
#ERR  p: [1971, 500], r: 1038369415, e: -13025, error: 298
#ERR  p: [1971, 501], r: 1038369405, e: -13016, error: 299
#ERR  p: [1971, 502], r: 1038369395, e: -13007, error: 300
#ERR  p: [1971, 503], r: 1038369385, e: -12990, error: 301
#ERR  p: [1971, 504], r: 1038369375, e: -12971, error: 302
#ERR  p: [1971, 505], r: 1038369365, e: -12961, error: 303
#ERR  p: [1971, 506], r: 1038369355, e: -12949, error: 304
#ERR  p: [1971, 507], r: 1038369345, e: -12945, error: 305
#ERR  p: [1971, 508], r: 1038369335, e: -12937, error: 306
#ERR  p: [1971, 509], r: 1038369325, e: -12926, error: 307
#ERR  p: [1971, 510], r: 1038369315, e: -12913, error: 308
#ERR  p: [1971, 511], r: 1038369305, e: -12903, error: 309
#ERR  p: [1971, 512], r: 1038369295, e: -12890, error: 310
#ERR  p: [1971, 513], r: 1038369285, e: -12876, error: 311
#ERR  p: [1971, 514], r: 1038369275, e: -12864, error: 312
#ERR  p: [1971, 515], r: 1038369265, e: -12847, error: 313
#ERR  p: [1971, 516], r: 1038369255, e: -12837, error: 314
#ERR  p: [1971, 517], r: 1038369245, e: -12828, error: 315
#ERR  p: [1971, 518], r: 1038369235, e: -12817, error: 316
#ERR  p: [1971, 519], r: 1038369225, e: -12810, error: 317
#ERR  p: [1971, 520], r: 1038369215, e: -12801, error: 318
#ERR  p: [1971, 521], r: 1038369205, e: -12787, error: 319
#ERR  p: [1971, 522], r: 1038369195, e: -12771, error: 320
#ERR  p: [1971, 523], r: 1038369185, e: -12756, error: 321
#ERR  p: [1971, 524], r: 1038369175, e: -12745, error: 322
#ERR  p: [1971, 525], r: 1038369165, e: -12734, error: 323
#ERR  p: [1971, 526], r: 1038369155, e: -12720, error: 324
#ERR  p: [1971, 527], r: 1038369145, e: -12711, error: 325
#ERR  p: [1971, 528], r: 1038369135, e: -12702, error: 326
#ERR  p: [1971, 529], r: 1038369125, e: -12693, error: 327
#ERR  p: [1971, 530], r: 1038369115, e: -12682, error: 328
#ERR  p: [1971, 531], r: 1038369105, e: -12667, error: 329
#ERR  p: [1971, 532], r: 1038369095, e: -12658, error: 330
#ERR  p: [1971, 533], r: 1038369085, e: -12643, error: 331
#ERR  p: [1971, 534], r: 1038369075, e: -12632, error: 332
#ERR  p: [1971, 535], r: 1038369065, e: -12621, error: 333
#ERR  p: [1971, 536], r: 1038369055, e: -12609, error: 334
#ERR  p: [1971, 537], r: 1038369045, e: -12602, error: 335
#ERR  p: [1971, 538], r: 1038369035, e: -12594, error: 336
#ERR  p: [1971, 539], r: 1038369025, e: -12592, error: 337
#ERR  p: [1971, 540], r: 1038369015, e: -12578, error: 338
#ERR  p: [1971, 541], r: 1038369005, e: -12565, error: 339
#ERR  p: [1971, 542], r: 1038368995, e: -12549, error: 340
#ERR  p: [1971, 543], r: 1038368985, e: -12536, error: 341
#ERR  p: [1971, 544], r: 1038368975, e: -12522, error: 342
#ERR  p: [1971, 545], r: 1038368965, e: -12506, error: 343
#ERR  p: [1971, 546], r: 1038368955, e: -12496, error: 344
#ERR  p: [1971, 547], r: 1038368945, e: -12486, error: 345
#ERR  p: [1971, 548], r: 1038368935, e: -12478, error: 346
#ERR  p: [1971, 549], r: 1038368925, e: -12461, error: 347
#ERR  p: [1971, 550], r: 1038368915, e: -12449, error: 348
#ERR  p: [1971, 551], r: 1038368905, e: -12441, error: 349
#ERR  p: [1971, 552], r: 1038368895, e: -12433, error: 350
#ERR  p: [1971, 553], r: 1038368885, e: -12423, error: 351
#ERR  p: [1971, 554], r: 1038368875, e: -12415, error: 352
#ERR  p: [1971, 555], r: 1038368865, e: -12403, error: 353
#ERR  p: [1971, 556], r: 1038368855, e: -12390, error: 354
#ERR  p: [1971, 557], r: 1038368845, e: -12379, error: 355
#ERR  p: [1971, 558], r: 1038368835, e: -12367, error: 356
#ERR  p: [1971, 559], r: 1038368825, e: -12358, error: 357
#ERR  p: [1971, 560], r: 1038368815, e: -12345, error: 358
#ERR  p: [1971, 561], r: 1038368805, e: -12335, error: 359
#ERR  p: [1971, 562], r: 1038368795, e: -12325, error: 360
#ERR  p: [1971, 563], r: 1038368785, e: -12313, error: 361
#ERR  p: [1971, 564], r: 1038368775, e: -12298, error: 362
#ERR  p: [1971, 565], r: 1038368765, e: -12284, error: 363
#ERR  p: [1971, 566], r: 1038368755, e: -12274, error: 364
#ERR  p: [1971, 567], r: 1038368745, e: -12259, error: 365
#ERR  p: [1971, 568], r: 1038368735, e: -12248, error: 366
#ERR  p: [1971, 569], r: 1038368725, e: -12237, error: 367
#ERR  p: [1971, 570], r: 1038368715, e: -12228, error: 368
#ERR  p: [1971, 571], r: 1038368705, e: -12218, error: 369
#ERR  p: [1971, 572], r: 1038368695, e: -12207, error: 370
#ERR  p: [1971, 573], r: 1038368685, e: -12197, error: 371
#ERR  p: [1971, 574], r: 1038368675, e: -12190, error: 372
#ERR  p: [1971, 575], r: 1038368665, e: -12181, error: 373
#ERR  p: [1971, 576], r: 1038368655, e: -12172, error: 374
#ERR  p: [1971, 577], r: 1038368645, e: -12163, error: 375
#ERR  p: [1971, 578], r: 1038368635, e: -12152, error: 376
#ERR  p: [1971, 579], r: 1038368625, e: -12141, error: 377
#ERR  p: [1971, 580], r: 1038368615, e: -12125, error: 378
#ERR  p: [1971, 581], r: 1038368605, e: -12111, error: 379
#ERR  p: [1971, 582], r: 1038368595, e: -12100, error: 380
#ERR  p: [1971, 583], r: 1038368585, e: -12088, error: 381
#ERR  p: [1971, 584], r: 1038368575, e: -12075, error: 382
#ERR  p: [1971, 585], r: 1038368565, e: -12066, error: 383
#ERR  p: [1971, 586], r: 1038368555, e: -12055, error: 384
#ERR  p: [1971, 587], r: 1038368545, e: -12041, error: 385
#ERR  p: [1971, 588], r: 1038368535, e: -12030, error: 386
#ERR  p: [1971, 589], r: 1038368525, e: -12022, error: 387
#ERR  p: [1971, 590], r: 1038368515, e: -12003, error: 388
#ERR  p: [1971, 591], r: 1038368505, e: -11989, error: 389
#ERR  p: [1971, 592], r: 1038368495, e: -11977, error: 390
#ERR  p: [1971, 593], r: 1038368485, e: -11968, error: 391
#ERR  p: [1971, 594], r: 1038368475, e: -11959, error: 392
#ERR  p: [1971, 595], r: 1038368465, e: -11944, error: 393
#ERR  p: [1971, 596], r: 1038368455, e: -11931, error: 394
#ERR  p: [1971, 597], r: 1038368445, e: -11922, error: 395
#ERR  p: [1971, 598], r: 1038368435, e: -11914, error: 396
#ERR  p: [1971, 599], r: 1038368425, e: -11906, error: 397
#ERR  p: [1971, 600], r: 1038368415, e: -11894, error: 398
#ERR  p: [1971, 601], r: 1038368405, e: -11881, error: 399
#ERR  p: [1971, 602], r: 1038368395, e: -11870, error: 400
#ERR  p: [1971, 603], r: 1038368385, e: -11861, error: 401
#ERR  p: [1971, 604], r: 1038368375, e: -11847, error: 402
#ERR  p: [1971, 605], r: 1038368365, e: -11832, error: 403
#ERR  p: [1971, 606], r: 1038368355, e: -11820, error: 404
#ERR  p: [1971, 607], r: 1038368345, e: -11803, error: 405
#ERR  p: [1971, 608], r: 1038368335, e: -11793, error: 406
#ERR  p: [1971, 609], r: 1038368325, e: -11781, error: 407
#ERR  p: [1971, 610], r: 1038368315, e: -11772, error: 408
#ERR  p: [1971, 611], r: 1038368305, e: -11765, error: 409
#ERR  p: [1971, 612], r: 1038368295, e: -11755, error: 410
#ERR  p: [1971, 613], r: 1038368285, e: -11745, error: 411
#ERR  p: [1971, 614], r: 1038368275, e: -11735, error: 412
#ERR  p: [1971, 615], r: 1038368265, e: -11724, error: 413
#ERR  p: [1971, 616], r: 1038368255, e: -11714, error: 414
#ERR  p: [1971, 617], r: 1038368245, e: -11703, error: 415
#ERR  p: [1971, 618], r: 1038368235, e: -11693, error: 416
#ERR  p: [1971, 619], r: 1038368225, e: -11682, error: 417
#ERR  p: [1971, 620], r: 1038368215, e: -11673, error: 418
#ERR  p: [1971, 621], r: 1038368205, e: -11667, error: 419
#ERR  p: [1971, 622], r: 1038368195, e: -11649, error: 420
#ERR  p: [1971, 623], r: 1038368185, e: -11640, error: 421
#ERR  p: [1971, 624], r: 1038368175, e: -11631, error: 422
#ERR  p: [1971, 625], r: 1038368165, e: -11621, error: 423
#ERR  p: [1971, 626], r: 1038368155, e: -11610, error: 424
#ERR  p: [1971, 627], r: 1038368145, e: -11600, error: 425
#ERR  p: [1971, 628], r: 1038368135, e: -11593, error: 426
#ERR  p: [1971, 629], r: 1038368125, e: -11580, error: 427
#ERR  p: [1971, 630], r: 1038368115, e: -11563, error: 428
#ERR  p: [1971, 631], r: 1038368105, e: -11554, error: 429
#ERR  p: [1971, 632], r: 1038368095, e: -11541, error: 430
#ERR  p: [1971, 633], r: 1038368085, e: -11523, error: 431
#ERR  p: [1971, 634], r: 1038368075, e: -11509, error: 432
#ERR  p: [1971, 635], r: 1038368065, e: -11497, error: 433
#ERR  p: [1971, 636], r: 1038368055, e: -11481, error: 434
#ERR  p: [1971, 637], r: 1038368045, e: -11467, error: 435
#ERR  p: [1971, 638], r: 1038368035, e: -11455, error: 436
#ERR  p: [1971, 639], r: 1038368025, e: -11446, error: 437
#ERR  p: [1971, 640], r: 1038368015, e: -11437, error: 438
#ERR  p: [1971, 641], r: 1038368005, e: -11429, error: 439
#ERR  p: [1971, 642], r: 1038367995, e: -11420, error: 440
#ERR  p: [1971, 643], r: 1038367985, e: -11417, error: 441
#ERR  p: [1971, 644], r: 1038367975, e: -11407, error: 442
#ERR  p: [1971, 645], r: 1038367965, e: -11398, error: 443
#ERR  p: [1971, 646], r: 1038367955, e: -11389, error: 444
#ERR  p: [1971, 647], r: 1038367945, e: -11375, error: 445
#ERR  p: [1971, 648], r: 1038367935, e: -11365, error: 446
#ERR  p: [1971, 649], r: 1038367925, e: -11353, error: 447
#ERR  p: [1971, 650], r: 1038367915, e: -11339, error: 448
#ERR  p: [1971, 651], r: 1038367905, e: -11329, error: 449
#ERR  p: [1971, 652], r: 1038367895, e: -11315, error: 450
#ERR  p: [1971, 653], r: 1038367885, e: -11300, error: 451
#ERR  p: [1971, 654], r: 1038367875, e: -11291, error: 452
#ERR  p: [1971, 655], r: 1038367865, e: -11282, error: 453
#ERR  p: [1971, 656], r: 1038367855, e: -11271, error: 454
#ERR  p: [1971, 657], r: 1038367845, e: -11264, error: 455
#ERR  p: [1971, 658], r: 1038367835, e: -11257, error: 456
#ERR  p: [1971, 659], r: 1038367825, e: -11246, error: 457
#ERR  p: [1971, 660], r: 1038367815, e: -11232, error: 458
#ERR  p: [1971, 661], r: 1038367805, e: -11221, error: 459
#ERR  p: [1971, 662], r: 1038367795, e: -11212, error: 460
#ERR  p: [1971, 663], r: 1038367785, e: -11202, error: 461
#ERR  p: [1971, 664], r: 1038367775, e: -11186, error: 462
#ERR  p: [1971, 665], r: 1038367765, e: -11174, error: 463
#ERR  p: [1971, 666], r: 1038367755, e: -11157, error: 464
#ERR  p: [1971, 667], r: 1038367745, e: -11146, error: 465
#ERR  p: [1971, 668], r: 1038367735, e: -11131, error: 466
#ERR  p: [1971, 669], r: 1038367725, e: -11120, error: 467
#ERR  p: [1971, 670], r: 1038367715, e: -11111, error: 468
#ERR  p: [1971, 671], r: 1038367705, e: -11099, error: 469
#ERR  p: [1971, 672], r: 1038367695, e: -11083, error: 470
#ERR  p: [1971, 673], r: 1038367685, e: -11069, error: 471
#ERR  p: [1971, 674], r: 1038367675, e: -11055, error: 472
#ERR  p: [1971, 675], r: 1038367665, e: -11044, error: 473
#ERR  p: [1971, 676], r: 1038367655, e: -11033, error: 474
#ERR  p: [1971, 677], r: 1038367645, e: -11022, error: 475
#ERR  p: [1971, 678], r: 1038367635, e: -11011, error: 476
#ERR  p: [1971, 679], r: 1038367625, e: -11001, error: 477
#ERR  p: [1971, 680], r: 1038367615, e: -10993, error: 478
#ERR  p: [1971, 681], r: 1038367605, e: -10974, error: 479
#ERR  p: [1971, 682], r: 1038367595, e: -10964, error: 480
#ERR  p: [1971, 683], r: 1038367585, e: -10956, error: 481
#ERR  p: [1971, 684], r: 1038367575, e: -10944, error: 482
#ERR  p: [1971, 685], r: 1038367565, e: -10932, error: 483
#ERR  p: [1971, 686], r: 1038367555, e: -10921, error: 484
#ERR  p: [1971, 687], r: 1038367545, e: -10912, error: 485
#ERR  p: [1971, 688], r: 1038367535, e: -10905, error: 486
#ERR  p: [1971, 689], r: 1038367525, e: -10901, error: 487
#ERR  p: [1971, 690], r: 1038367515, e: -10891, error: 488
#ERR  p: [1971, 691], r: 1038367505, e: -10881, error: 489
#ERR  p: [1971, 692], r: 1038367495, e: -10872, error: 490
#ERR  p: [1971, 693], r: 1038367485, e: -10857, error: 491
#ERR  p: [1971, 694], r: 1038367475, e: -10841, error: 492
#ERR  p: [1971, 695], r: 1038367465, e: -10832, error: 493
#ERR  p: [1971, 696], r: 1038367455, e: -10823, error: 494
#ERR  p: [1971, 697], r: 1038367445, e: -10814, error: 495
#ERR  p: [1971, 698], r: 1038367435, e: -10802, error: 496
#ERR  p: [1971, 699], r: 1038367425, e: -10795, error: 497
#ERR  p: [1971, 700], r: 1038367415, e: -10784, error: 498
#ERR  p: [1971, 701], r: 1038367405, e: -10771, error: 499
#SDC Ite:0 KerTime:0.295093 AccTime:0.295093 KerErr:500 AccErr:500
#END