#HEADER max_rows:2048 max_cols:2048 penalty:10
#BEGIN Y:2016 M:09 D:12 Time:13:58:37
#IT Ite:0 KerTime:0.294289 AccTime:0.294289
#ERR Error detected! kerrors = 28412
#ERR  p: [1912, 1545], r: -824, e: -2872, error: 1
#ERR  p: [1912, 1546], r: -834, e: -2859, error: 2
#ERR  p: [1912, 1547], r: -844, e: -2849, error: 3
#ERR  p: [1912, 1548], r: -854, e: -2841, error: 4
#ERR  p: [1912, 1549], r: -864, e: -2831, error: 5
#ERR  p: [1912, 1550], r: -874, e: -2821, error: 6
#ERR  p: [1912, 1551], r: -884, e: -2815, error: 7
#ERR  p: [1912, 1552], r: -894, e: -2808, error: 8
#ERR  p: [1912, 1553], r: -904, e: -2794, error: 9
#ERR  p: [1912, 1554], r: -914, e: -2789, error: 10
#ERR  p: [1912, 1555], r: -924, e: -2780, error: 11
#ERR  p: [1912, 1556], r: -934, e: -2770, error: 12
#ERR  p: [1912, 1557], r: -944, e: -2759, error: 13
#ERR  p: [1912, 1558], r: -954, e: -2754, error: 14
#ERR  p: [1912, 1559], r: -964, e: -2750, error: 15
#ERR  p: [1912, 1560], r: -974, e: -2736, error: 16
#ERR  p: [1912, 1561], r: -984, e: -2728, error: 17
#ERR  p: [1912, 1562], r: -994, e: -2721, error: 18
#ERR  p: [1912, 1563], r: -1004, e: -2713, error: 19
#ERR  p: [1912, 1564], r: -1014, e: -2722, error: 20
#ERR  p: [1912, 1565], r: -1024, e: -2715, error: 21
#ERR  p: [1912, 1566], r: -1034, e: -2700, error: 22
#ERR  p: [1912, 1567], r: -1044, e: -2692, error: 23
#ERR  p: [1912, 1568], r: -1054, e: -2690, error: 24
#ERR  p: [1912, 1569], r: -1064, e: -2679, error: 25
#ERR  p: [1912, 1570], r: -1074, e: -2679, error: 26
#ERR  p: [1912, 1571], r: -1084, e: -2675, error: 27
#ERR  p: [1912, 1572], r: -1094, e: -2668, error: 28
#ERR  p: [1912, 1573], r: -1104, e: -2665, error: 29
#ERR  p: [1912, 1574], r: -1114, e: -2650, error: 30
#ERR  p: [1912, 1575], r: -1124, e: -2641, error: 31
#ERR  p: [1912, 1576], r: -1134, e: -2630, error: 32
#ERR  p: [1912, 1577], r: -1144, e: -2627, error: 33
#ERR  p: [1912, 1578], r: -1154, e: -2631, error: 34
#ERR  p: [1912, 1579], r: -1164, e: -2620, error: 35
#ERR  p: [1912, 1580], r: -1174, e: -2611, error: 36
#ERR  p: [1912, 1581], r: -1184, e: -2602, error: 37
#ERR  p: [1912, 1582], r: -1194, e: -2594, error: 38
#ERR  p: [1912, 1583], r: -1204, e: -2587, error: 39
#ERR  p: [1912, 1584], r: -1214, e: -2579, error: 40
#ERR  p: [1912, 1585], r: -1224, e: -2572, error: 41
#ERR  p: [1912, 1586], r: -1234, e: -2564, error: 42
#ERR  p: [1912, 1587], r: -1244, e: -2554, error: 43
#ERR  p: [1912, 1588], r: -1254, e: -2544, error: 44
#ERR  p: [1912, 1589], r: -1264, e: -2530, error: 45
#ERR  p: [1912, 1590], r: -1274, e: -2525, error: 46
#ERR  p: [1912, 1591], r: -1284, e: -2512, error: 47
#ERR  p: [1912, 1592], r: -1294, e: -2505, error: 48
#ERR  p: [1912, 1593], r: -1304, e: -2509, error: 49
#ERR  p: [1912, 1594], r: -1314, e: -2507, error: 50
#ERR  p: [1912, 1595], r: -1324, e: -2499, error: 51
#ERR  p: [1912, 1596], r: -1334, e: -2493, error: 52
#ERR  p: [1912, 1597], r: -1344, e: -2479, error: 53
#ERR  p: [1912, 1598], r: -1354, e: -2476, error: 54
#ERR  p: [1912, 1599], r: -1364, e: -2470, error: 55
#ERR  p: [1912, 1600], r: -1374, e: -2469, error: 56
#ERR  p: [1912, 1601], r: -1384, e: -2456, error: 57
#ERR  p: [1912, 1602], r: -1394, e: -2449, error: 58
#ERR  p: [1912, 1603], r: -1404, e: -2453, error: 59
#ERR  p: [1912, 1604], r: -1414, e: -2446, error: 60
#ERR  p: [1912, 1605], r: -1424, e: -2433, error: 61
#ERR  p: [1912, 1606], r: -1434, e: -2423, error: 62
#ERR  p: [1912, 1607], r: -1444, e: -2416, error: 63
#ERR  p: [1912, 1608], r: -1454, e: -2420, error: 64
#ERR  p: [1912, 1609], r: -1464, e: -2417, error: 65
#ERR  p: [1912, 1610], r: -1474, e: -2407, error: 66
#ERR  p: [1912, 1611], r: -1484, e: -2399, error: 67
#ERR  p: [1912, 1612], r: -1494, e: -2391, error: 68
#ERR  p: [1912, 1613], r: -1504, e: -2384, error: 69
#ERR  p: [1912, 1614], r: -1514, e: -2379, error: 70
#ERR  p: [1912, 1615], r: -1524, e: -2370, error: 71
#ERR  p: [1912, 1616], r: -1534, e: -2362, error: 72
#ERR  p: [1912, 1617], r: -1544, e: -2357, error: 73
#ERR  p: [1912, 1618], r: -1554, e: -2350, error: 74
#ERR  p: [1912, 1619], r: -1564, e: -2350, error: 75
#ERR  p: [1912, 1620], r: -1574, e: -2341, error: 76
#ERR  p: [1912, 1621], r: -1584, e: -2329, error: 77
#ERR  p: [1912, 1622], r: -1594, e: -2327, error: 78
#ERR  p: [1912, 1623], r: -1604, e: -2316, error: 79
#ERR  p: [1912, 1624], r: -1614, e: -2310, error: 80
#ERR  p: [1912, 1625], r: -1624, e: -2305, error: 81
#ERR  p: [1912, 1626], r: -1634, e: -2294, error: 82
#ERR  p: [1912, 1627], r: -1644, e: -2289, error: 83
#ERR  p: [1912, 1628], r: -1654, e: -2282, error: 84
#ERR  p: [1912, 1629], r: -1664, e: -2278, error: 85
#ERR  p: [1912, 1630], r: -1674, e: -2273, error: 86
#ERR  p: [1912, 1631], r: -1684, e: -2275, error: 87
#ERR  p: [1912, 1632], r: -1694, e: -2275, error: 88
#ERR  p: [1912, 1633], r: -1704, e: -2285, error: 89
#ERR  p: [1912, 1634], r: -1714, e: -2293, error: 90
#ERR  p: [1912, 1635], r: -1724, e: -2284, error: 91
#ERR  p: [1912, 1636], r: -1734, e: -2276, error: 92
#ERR  p: [1912, 1637], r: -1744, e: -2266, error: 93
#ERR  p: [1912, 1638], r: -1754, e: -2257, error: 94
#ERR  p: [1912, 1639], r: -1764, e: -2256, error: 95
#ERR  p: [1912, 1640], r: -1774, e: -2246, error: 96
#ERR  p: [1912, 1641], r: -1784, e: -2237, error: 97
#ERR  p: [1912, 1642], r: -1794, e: -2234, error: 98
#ERR  p: [1912, 1643], r: -1804, e: -2228, error: 99
#ERR  p: [1912, 1644], r: -1814, e: -2218, error: 100
#ERR  p: [1912, 1645], r: -1824, e: -2209, error: 101
#ERR  p: [1912, 1646], r: -1834, e: -2195, error: 102
#ERR  p: [1912, 1647], r: -1844, e: -2189, error: 103
#ERR  p: [1912, 1648], r: -1854, e: -2175, error: 104
#ERR  p: [1912, 1649], r: -1864, e: -2167, error: 105
#ERR  p: [1912, 1650], r: -1874, e: -2177, error: 106
#ERR  p: [1912, 1651], r: -1884, e: -2171, error: 107
#ERR  p: [1912, 1652], r: -1894, e: -2165, error: 108
#ERR  p: [1912, 1653], r: -1904, e: -2159, error: 109
#ERR  p: [1912, 1654], r: -1914, e: -2149, error: 110
#ERR  p: [1912, 1655], r: -1924, e: -2136, error: 111
#ERR  p: [1912, 1656], r: -1934, e: -2129, error: 112
#ERR  p: [1912, 1657], r: -1944, e: -2126, error: 113
#ERR  p: [1912, 1658], r: -1954, e: -2119, error: 114
#ERR  p: [1912, 1659], r: -1964, e: -2113, error: 115
#ERR  p: [1912, 1660], r: -1974, e: -2103, error: 116
#ERR  p: [1912, 1661], r: -1984, e: -2098, error: 117
#ERR  p: [1912, 1662], r: -1994, e: -2095, error: 118
#ERR  p: [1912, 1663], r: -2004, e: -2094, error: 119
#ERR  p: [1912, 1664], r: -2014, e: -2104, error: 120
#ERR  p: [1912, 1665], r: -2024, e: -2114, error: 121
#ERR  p: [1912, 1666], r: -2034, e: -2105, error: 122
#ERR  p: [1912, 1667], r: -2044, e: -2091, error: 123
#ERR  p: [1912, 1668], r: -2054, e: -2080, error: 124
#ERR  p: [1912, 1669], r: -2064, e: -2078, error: 125
#ERR  p: [1913, 1545], r: -834, e: -2882, error: 126
#ERR  p: [1913, 1546], r: -826, e: -2869, error: 127
#ERR  p: [1913, 1547], r: -835, e: -2859, error: 128
#ERR  p: [1913, 1548], r: -845, e: -2850, error: 129
#ERR  p: [1913, 1549], r: -855, e: -2841, error: 130
#ERR  p: [1913, 1550], r: -865, e: -2831, error: 131
#ERR  p: [1913, 1551], r: -875, e: -2825, error: 132
#ERR  p: [1913, 1552], r: -882, e: -2813, error: 133
#ERR  p: [1913, 1553], r: -892, e: -2804, error: 134
#ERR  p: [1913, 1554], r: -902, e: -2792, error: 135
#ERR  p: [1913, 1555], r: -912, e: -2790, error: 136
#ERR  p: [1913, 1556], r: -922, e: -2780, error: 137
#ERR  p: [1913, 1557], r: -932, e: -2769, error: 138
#ERR  p: [1913, 1558], r: -942, e: -2762, error: 139
#ERR  p: [1913, 1559], r: -952, e: -2757, error: 140
#ERR  p: [1913, 1560], r: -962, e: -2746, error: 141
#ERR  p: [1913, 1561], r: -972, e: -2737, error: 142
#ERR  p: [1913, 1562], r: -982, e: -2729, error: 143
#ERR  p: [1913, 1563], r: -992, e: -2723, error: 144
#ERR  p: [1913, 1564], r: -999, e: -2708, error: 145
#ERR  p: [1913, 1565], r: -1009, e: -2718, error: 146
#ERR  p: [1913, 1566], r: -1019, e: -2710, error: 147
#ERR  p: [1913, 1567], r: -1029, e: -2701, error: 148
#ERR  p: [1913, 1568], r: -1039, e: -2693, error: 149
#ERR  p: [1913, 1569], r: -1049, e: -2689, error: 150
#ERR  p: [1913, 1570], r: -1059, e: -2674, error: 151
#ERR  p: [1913, 1571], r: -1069, e: -2681, error: 152
#ERR  p: [1913, 1572], r: -1079, e: -2676, error: 153
#ERR  p: [1913, 1573], r: -1089, e: -2672, error: 154
#ERR  p: [1913, 1574], r: -1099, e: -2660, error: 155
#ERR  p: [1913, 1575], r: -1109, e: -2651, error: 156
#ERR  p: [1913, 1576], r: -1119, e: -2640, error: 157
#ERR  p: [1913, 1577], r: -1129, e: -2631, error: 158
#ERR  p: [1913, 1578], r: -1139, e: -2622, error: 159
#ERR  p: [1913, 1579], r: -1149, e: -2630, error: 160
#ERR  p: [1913, 1580], r: -1159, e: -2615, error: 161
#ERR  p: [1913, 1581], r: -1169, e: -2612, error: 162
#ERR  p: [1913, 1582], r: -1179, e: -2601, error: 163
#ERR  p: [1913, 1583], r: -1189, e: -2594, error: 164
#ERR  p: [1913, 1584], r: -1199, e: -2588, error: 165
#ERR  p: [1913, 1585], r: -1209, e: -2579, error: 166
#ERR  p: [1913, 1586], r: -1219, e: -2573, error: 167
#ERR  p: [1913, 1587], r: -1229, e: -2564, error: 168
#ERR  p: [1913, 1588], r: -1239, e: -2554, error: 169
#ERR  p: [1913, 1589], r: -1249, e: -2540, error: 170
#ERR  p: [1913, 1590], r: -1259, e: -2529, error: 171
#ERR  p: [1913, 1591], r: -1269, e: -2522, error: 172
#ERR  p: [1913, 1592], r: -1279, e: -2515, error: 173
#ERR  p: [1913, 1593], r: -1289, e: -2505, error: 174
#ERR  p: [1913, 1594], r: -1299, e: -2510, error: 175
#ERR  p: [1913, 1595], r: -1309, e: -2508, error: 176
#ERR  p: [1913, 1596], r: -1319, e: -2500, error: 177
#ERR  p: [1913, 1597], r: -1329, e: -2489, error: 178
#ERR  p: [1913, 1598], r: -1339, e: -2481, error: 179
#ERR  p: [1913, 1599], r: -1349, e: -2479, error: 180
#ERR  p: [1913, 1600], r: -1359, e: -2471, error: 181
#ERR  p: [1913, 1601], r: -1369, e: -2466, error: 182
#ERR  p: [1913, 1602], r: -1379, e: -2457, error: 183
#ERR  p: [1913, 1603], r: -1389, e: -2451, error: 184
#ERR  p: [1913, 1604], r: -1399, e: -2454, error: 185
#ERR  p: [1913, 1605], r: -1409, e: -2443, error: 186
#ERR  p: [1913, 1606], r: -1419, e: -2433, error: 187
#ERR  p: [1913, 1607], r: -1429, e: -2422, error: 188
#ERR  p: [1913, 1608], r: -1439, e: -2418, error: 189
#ERR  p: [1913, 1609], r: -1449, e: -2418, error: 190
#ERR  p: [1913, 1610], r: -1459, e: -2417, error: 191
#ERR  p: [1913, 1611], r: -1469, e: -2409, error: 192
#ERR  p: [1913, 1612], r: -1479, e: -2401, error: 193
#ERR  p: [1913, 1613], r: -1489, e: -2393, error: 194
#ERR  p: [1913, 1614], r: -1499, e: -2385, error: 195
#ERR  p: [1913, 1615], r: -1509, e: -2380, error: 196
#ERR  p: [1913, 1616], r: -1519, e: -2372, error: 197
#ERR  p: [1913, 1617], r: -1529, e: -2361, error: 198
#ERR  p: [1913, 1618], r: -1539, e: -2359, error: 199
#ERR  p: [1913, 1619], r: -1549, e: -2345, error: 200
#ERR  p: [1913, 1620], r: -1559, e: -2351, error: 201
#ERR  p: [1913, 1621], r: -1569, e: -2339, error: 202
#ERR  p: [1913, 1622], r: -1579, e: -2328, error: 203
#ERR  p: [1913, 1623], r: -1589, e: -2326, error: 204
#ERR  p: [1913, 1624], r: -1599, e: -2317, error: 205
#ERR  p: [1913, 1625], r: -1609, e: -2311, error: 206
#ERR  p: [1913, 1626], r: -1619, e: -2304, error: 207
#ERR  p: [1913, 1627], r: -1629, e: -2295, error: 208
#ERR  p: [1913, 1628], r: -1639, e: -2291, error: 209
#ERR  p: [1913, 1629], r: -1649, e: -2284, error: 210
#ERR  p: [1913, 1630], r: -1659, e: -2279, error: 211
#ERR  p: [1913, 1631], r: -1669, e: -2274, error: 212
#ERR  p: [1913, 1632], r: -1679, e: -2277, error: 213
#ERR  p: [1913, 1633], r: -1689, e: -2276, error: 214
#ERR  p: [1913, 1634], r: -1699, e: -2285, error: 215
#ERR  p: [1913, 1635], r: -1709, e: -2292, error: 216
#ERR  p: [1913, 1636], r: -1719, e: -2283, error: 217
#ERR  p: [1913, 1637], r: -1729, e: -2276, error: 218
#ERR  p: [1913, 1638], r: -1739, e: -2267, error: 219
#ERR  p: [1913, 1639], r: -1749, e: -2258, error: 220
#ERR  p: [1913, 1640], r: -1759, e: -2256, error: 221
#ERR  p: [1913, 1641], r: -1769, e: -2247, error: 222
#ERR  p: [1913, 1642], r: -1779, e: -2241, error: 223
#ERR  p: [1913, 1643], r: -1789, e: -2233, error: 224
#ERR  p: [1913, 1644], r: -1799, e: -2228, error: 225
#ERR  p: [1913, 1645], r: -1809, e: -2217, error: 226
#ERR  p: [1913, 1646], r: -1819, e: -2205, error: 227
#ERR  p: [1913, 1647], r: -1829, e: -2196, error: 228
#ERR  p: [1913, 1648], r: -1839, e: -2185, error: 229
#ERR  p: [1913, 1649], r: -1849, e: -2177, error: 230
#ERR  p: [1913, 1650], r: -1859, e: -2168, error: 231
#ERR  p: [1913, 1651], r: -1869, e: -2175, error: 232
#ERR  p: [1913, 1652], r: -1879, e: -2175, error: 233
#ERR  p: [1913, 1653], r: -1889, e: -2163, error: 234
#ERR  p: [1913, 1654], r: -1899, e: -2159, error: 235
#ERR  p: [1913, 1655], r: -1909, e: -2146, error: 236
#ERR  p: [1913, 1656], r: -1919, e: -2135, error: 237
#ERR  p: [1913, 1657], r: -1929, e: -2131, error: 238
#ERR  p: [1913, 1658], r: -1939, e: -2127, error: 239
#ERR  p: [1913, 1659], r: -1949, e: -2118, error: 240
#ERR  p: [1913, 1660], r: -1959, e: -2113, error: 241
#ERR  p: [1913, 1661], r: -1969, e: -2104, error: 242
#ERR  p: [1913, 1662], r: -1979, e: -2101, error: 243
#ERR  p: [1913, 1663], r: -1989, e: -2096, error: 244
#ERR  p: [1913, 1664], r: -1999, e: -2095, error: 245
#ERR  p: [1913, 1665], r: -2009, e: -2105, error: 246
#ERR  p: [1913, 1666], r: -2019, e: -2112, error: 247
#ERR  p: [1913, 1667], r: -2029, e: -2101, error: 248
#ERR  p: [1913, 1668], r: -2039, e: -2090, error: 249
#ERR  p: [1913, 1669], r: -2049, e: -2080, error: 250
#ERR  p: [1913, 1670], r: -2059, e: -2076, error: 251
#ERR  p: [1913, 1671], r: -2069, e: -2076, error: 252
#ERR  p: [1914, 1545], r: -844, e: -2892, error: 253
#ERR  p: [1914, 1546], r: -836, e: -2879, error: 254
#ERR  p: [1914, 1547], r: -829, e: -2869, error: 255
#ERR  p: [1914, 1548], r: -838, e: -2860, error: 256
#ERR  p: [1914, 1549], r: -848, e: -2851, error: 257
#ERR  p: [1914, 1550], r: -858, e: -2841, error: 258
#ERR  p: [1914, 1551], r: -868, e: -2835, error: 259
#ERR  p: [1914, 1552], r: -876, e: -2823, error: 260
#ERR  p: [1914, 1553], r: -885, e: -2814, error: 261
#ERR  p: [1914, 1554], r: -893, e: -2802, error: 262
#ERR  p: [1914, 1555], r: -903, e: -2793, error: 263
#ERR  p: [1914, 1556], r: -913, e: -2790, error: 264
#ERR  p: [1914, 1557], r: -923, e: -2779, error: 265
#ERR  p: [1914, 1558], r: -933, e: -2772, error: 266
#ERR  p: [1914, 1559], r: -943, e: -2765, error: 267
#ERR  p: [1914, 1560], r: -953, e: -2756, error: 268
#ERR  p: [1914, 1561], r: -962, e: -2746, error: 269
#ERR  p: [1914, 1562], r: -972, e: -2739, error: 270
#ERR  p: [1914, 1563], r: -982, e: -2732, error: 271
#ERR  p: [1914, 1564], r: -992, e: -2718, error: 272
#ERR  p: [1914, 1565], r: -1001, e: -2710, error: 273
#ERR  p: [1914, 1566], r: -1011, e: -2720, error: 274
#ERR  p: [1914, 1567], r: -1019, e: -2710, error: 275
#ERR  p: [1914, 1568], r: -1029, e: -2703, error: 276
#ERR  p: [1914, 1569], r: -1039, e: -2696, error: 277
#ERR  p: [1914, 1570], r: -1049, e: -2684, error: 278
#ERR  p: [1914, 1571], r: -1059, e: -2677, error: 279
#ERR  p: [1914, 1572], r: -1069, e: -2682, error: 280
#ERR  p: [1914, 1573], r: -1079, e: -2680, error: 281
#ERR  p: [1914, 1574], r: -1089, e: -2670, error: 282
#ERR  p: [1914, 1575], r: -1099, e: -2661, error: 283
#ERR  p: [1914, 1576], r: -1109, e: -2650, error: 284
#ERR  p: [1914, 1577], r: -1119, e: -2641, error: 285
#ERR  p: [1914, 1578], r: -1129, e: -2632, error: 286
#ERR  p: [1914, 1579], r: -1139, e: -2625, error: 287
#ERR  p: [1914, 1580], r: -1149, e: -2625, error: 288
#ERR  p: [1914, 1581], r: -1159, e: -2615, error: 289
#ERR  p: [1914, 1582], r: -1169, e: -2611, error: 290
#ERR  p: [1914, 1583], r: -1179, e: -2603, error: 291
#ERR  p: [1914, 1584], r: -1189, e: -2596, error: 292
#ERR  p: [1914, 1585], r: -1199, e: -2589, error: 293
#ERR  p: [1914, 1586], r: -1209, e: -2579, error: 294
#ERR  p: [1914, 1587], r: -1219, e: -2574, error: 295
#ERR  p: [1914, 1588], r: -1229, e: -2564, error: 296
#ERR  p: [1914, 1589], r: -1239, e: -2550, error: 297
#ERR  p: [1914, 1590], r: -1249, e: -2539, error: 298
#ERR  p: [1914, 1591], r: -1259, e: -2532, error: 299
#ERR  p: [1914, 1592], r: -1269, e: -2525, error: 300
#ERR  p: [1914, 1593], r: -1279, e: -2515, error: 301
#ERR  p: [1914, 1594], r: -1289, e: -2507, error: 302
#ERR  p: [1914, 1595], r: -1299, e: -2512, error: 303
#ERR  p: [1914, 1596], r: -1309, e: -2510, error: 304
#ERR  p: [1914, 1597], r: -1319, e: -2499, error: 305
#ERR  p: [1914, 1598], r: -1329, e: -2491, error: 306
#ERR  p: [1914, 1599], r: -1339, e: -2484, error: 307
#ERR  p: [1914, 1600], r: -1340, e: -2470, error: 308
#ERR  p: [1914, 1601], r: -1350, e: -2474, error: 309
#ERR  p: [1914, 1602], r: -1360, e: -2467, error: 310
#ERR  p: [1914, 1603], r: -1370, e: -2460, error: 311
#ERR  p: [1914, 1604], r: -1380, e: -2452, error: 312
#ERR  p: [1914, 1605], r: -1390, e: -2445, error: 313
#ERR  p: [1914, 1606], r: -1400, e: -2443, error: 314
#ERR  p: [1914, 1607], r: -1410, e: -2432, error: 315
#ERR  p: [1914, 1608], r: -1420, e: -2425, error: 316
#ERR  p: [1914, 1609], r: -1430, e: -2419, error: 317
#ERR  p: [1914, 1610], r: -1440, e: -2419, error: 318
#ERR  p: [1914, 1611], r: -1450, e: -2419, error: 319
#ERR  p: [1914, 1612], r: -1460, e: -2411, error: 320
#ERR  p: [1914, 1613], r: -1470, e: -2403, error: 321
#ERR  p: [1914, 1614], r: -1480, e: -2394, error: 322
#ERR  p: [1914, 1615], r: -1490, e: -2388, error: 323
#ERR  p: [1914, 1616], r: -1500, e: -2382, error: 324
#ERR  p: [1914, 1617], r: -1510, e: -2371, error: 325
#ERR  p: [1914, 1618], r: -1520, e: -2364, error: 326
#ERR  p: [1914, 1619], r: -1530, e: -2355, error: 327
#ERR  p: [1914, 1620], r: -1540, e: -2348, error: 328
#ERR  p: [1914, 1621], r: -1550, e: -2349, error: 329
#ERR  p: [1914, 1622], r: -1560, e: -2338, error: 330
#ERR  p: [1914, 1623], r: -1570, e: -2331, error: 331
#ERR  p: [1914, 1624], r: -1580, e: -2326, error: 332
#ERR  p: [1914, 1625], r: -1590, e: -2318, error: 333
#ERR  p: [1914, 1626], r: -1600, e: -2314, error: 334
#ERR  p: [1914, 1627], r: -1610, e: -2305, error: 335
#ERR  p: [1914, 1628], r: -1620, e: -2298, error: 336
#ERR  p: [1914, 1629], r: -1630, e: -2294, error: 337
#ERR  p: [1914, 1630], r: -1640, e: -2286, error: 338
#ERR  p: [1914, 1631], r: -1650, e: -2281, error: 339
#ERR  p: [1914, 1632], r: -1660, e: -2277, error: 340
#ERR  p: [1914, 1633], r: -1670, e: -2280, error: 341
#ERR  p: [1914, 1634], r: -1680, e: -2278, error: 342
#ERR  p: [1914, 1635], r: -1690, e: -2286, error: 343
#ERR  p: [1914, 1636], r: -1700, e: -2293, error: 344
#ERR  p: [1914, 1637], r: -1710, e: -2284, error: 345
#ERR  p: [1914, 1638], r: -1720, e: -2277, error: 346
#ERR  p: [1914, 1639], r: -1730, e: -2268, error: 347
#ERR  p: [1914, 1640], r: -1740, e: -2261, error: 348
#ERR  p: [1914, 1641], r: -1750, e: -2257, error: 349
#ERR  p: [1914, 1642], r: -1760, e: -2251, error: 350
#ERR  p: [1914, 1643], r: -1770, e: -2242, error: 351
#ERR  p: [1914, 1644], r: -1780, e: -2236, error: 352
#ERR  p: [1914, 1645], r: -1790, e: -2227, error: 353
#ERR  p: [1914, 1646], r: -1800, e: -2215, error: 354
#ERR  p: [1914, 1647], r: -1810, e: -2196, error: 355
#ERR  p: [1914, 1648], r: -1820, e: -2195, error: 356
#ERR  p: [1914, 1649], r: -1830, e: -2187, error: 357
#ERR  p: [1914, 1650], r: -1840, e: -2178, error: 358
#ERR  p: [1914, 1651], r: -1850, e: -2169, error: 359
#ERR  p: [1914, 1652], r: -1860, e: -2179, error: 360
#ERR  p: [1914, 1653], r: -1870, e: -2173, error: 361
#ERR  p: [1914, 1654], r: -1880, e: -2166, error: 362
#ERR  p: [1914, 1655], r: -1890, e: -2156, error: 363
#ERR  p: [1914, 1656], r: -1900, e: -2145, error: 364
#ERR  p: [1914, 1657], r: -1910, e: -2138, error: 365
#ERR  p: [1914, 1658], r: -1920, e: -2133, error: 366
#ERR  p: [1914, 1659], r: -1930, e: -2128, error: 367
#ERR  p: [1914, 1660], r: -1940, e: -2121, error: 368
#ERR  p: [1914, 1661], r: -1950, e: -2114, error: 369
#ERR  p: [1914, 1662], r: -1960, e: -2107, error: 370
#ERR  p: [1914, 1663], r: -1970, e: -2102, error: 371
#ERR  p: [1914, 1664], r: -1980, e: -2098, error: 372
#ERR  p: [1914, 1665], r: -1990, e: -2098, error: 373
#ERR  p: [1914, 1666], r: -2000, e: -2106, error: 374
#ERR  p: [1914, 1667], r: -2010, e: -2111, error: 375
#ERR  p: [1914, 1668], r: -2020, e: -2100, error: 376
#ERR  p: [1914, 1669], r: -2030, e: -2090, error: 377
#ERR  p: [1914, 1670], r: -2040, e: -2081, error: 378
#ERR  p: [1914, 1671], r: -2050, e: -2080, error: 379
#ERR  p: [1914, 1672], r: -2060, e: -2076, error: 380
#ERR  p: [1915, 1545], r: -854, e: -2902, error: 381
#ERR  p: [1915, 1546], r: -846, e: -2889, error: 382
#ERR  p: [1915, 1547], r: -838, e: -2879, error: 383
#ERR  p: [1915, 1548], r: -832, e: -2870, error: 384
#ERR  p: [1915, 1549], r: -840, e: -2861, error: 385
#ERR  p: [1915, 1550], r: -850, e: -2851, error: 386
#ERR  p: [1915, 1551], r: -860, e: -2845, error: 387
#ERR  p: [1915, 1552], r: -864, e: -2831, error: 388
#ERR  p: [1915, 1553], r: -874, e: -2824, error: 389
#ERR  p: [1915, 1554], r: -881, e: -2810, error: 390
#ERR  p: [1915, 1555], r: -891, e: -2803, error: 391
#ERR  p: [1915, 1556], r: -901, e: -2795, error: 392
#ERR  p: [1915, 1557], r: -911, e: -2789, error: 393
#ERR  p: [1915, 1558], r: -921, e: -2782, error: 394
#ERR  p: [1915, 1559], r: -931, e: -2775, error: 395
#ERR  p: [1915, 1560], r: -941, e: -2766, error: 396
#ERR  p: [1915, 1561], r: -951, e: -2756, error: 397
#ERR  p: [1915, 1562], r: -961, e: -2748, error: 398
#ERR  p: [1915, 1563], r: -971, e: -2742, error: 399
#ERR  p: [1915, 1564], r: -980, e: -2728, error: 400
#ERR  p: [1915, 1565], r: -990, e: -2718, error: 401
#ERR  p: [1915, 1566], r: -1000, e: -2713, error: 402
#ERR  p: [1915, 1567], r: -1010, e: -2720, error: 403
#ERR  p: [1915, 1568], r: -1020, e: -2711, error: 404
#ERR  p: [1915, 1569], r: -1030, e: -2706, error: 405
#ERR  p: [1915, 1570], r: -1037, e: -2694, error: 406
#ERR  p: [1915, 1571], r: -1047, e: -2687, error: 407
#ERR  p: [1915, 1572], r: -1057, e: -2679, error: 408
#ERR  p: [1915, 1573], r: -1067, e: -2686, error: 409
#ERR  p: [1915, 1574], r: -1077, e: -2680, error: 410
#ERR  p: [1915, 1575], r: -1087, e: -2671, error: 411
#ERR  p: [1915, 1576], r: -1097, e: -2660, error: 412
#ERR  p: [1915, 1577], r: -1107, e: -2651, error: 413
#ERR  p: [1915, 1578], r: -1117, e: -2639, error: 414
#ERR  p: [1915, 1579], r: -1127, e: -2634, error: 415
#ERR  p: [1915, 1580], r: -1137, e: -2623, error: 416
#ERR  p: [1915, 1581], r: -1147, e: -2625, error: 417
#ERR  p: [1915, 1582], r: -1157, e: -2613, error: 418
#ERR  p: [1915, 1583], r: -1167, e: -2611, error: 419
#ERR  p: [1915, 1584], r: -1177, e: -2604, error: 420
#ERR  p: [1915, 1585], r: -1187, e: -2596, error: 421
#ERR  p: [1915, 1586], r: -1197, e: -2589, error: 422
#ERR  p: [1915, 1587], r: -1207, e: -2582, error: 423
#ERR  p: [1915, 1588], r: -1217, e: -2574, error: 424
#ERR  p: [1915, 1589], r: -1227, e: -2560, error: 425
#ERR  p: [1915, 1590], r: -1237, e: -2549, error: 426
#ERR  p: [1915, 1591], r: -1247, e: -2542, error: 427
#ERR  p: [1915, 1592], r: -1257, e: -2535, error: 428
#ERR  p: [1915, 1593], r: -1267, e: -2525, error: 429
#ERR  p: [1915, 1594], r: -1277, e: -2517, error: 430
#ERR  p: [1915, 1595], r: -1287, e: -2508, error: 431
#ERR  p: [1915, 1596], r: -1297, e: -2514, error: 432
#ERR  p: [1915, 1597], r: -1307, e: -2509, error: 433
#ERR  p: [1915, 1598], r: -1317, e: -2501, error: 434
#ERR  p: [1915, 1599], r: -1327, e: -2494, error: 435
#ERR  p: [1915, 1600], r: -1337, e: -2480, error: 436
#ERR  p: [1915, 1601], r: -1343, e: -2473, error: 437
#ERR  p: [1915, 1602], r: -1352, e: -2476, error: 438
#ERR  p: [1915, 1603], r: -1362, e: -2470, error: 439
#ERR  p: [1915, 1604], r: -1372, e: -2462, error: 440
#ERR  p: [1915, 1605], r: -1381, e: -2453, error: 441
#ERR  p: [1915, 1606], r: -1391, e: -2447, error: 442
#ERR  p: [1915, 1607], r: -1399, e: -2442, error: 443
#ERR  p: [1915, 1608], r: -1409, e: -2435, error: 444
#ERR  p: [1915, 1609], r: -1416, e: -2421, error: 445
#ERR  p: [1915, 1610], r: -1426, e: -2421, error: 446
#ERR  p: [1915, 1611], r: -1436, e: -2422, error: 447
#ERR  p: [1915, 1612], r: -1446, e: -2421, error: 448
#ERR  p: [1915, 1613], r: -1456, e: -2413, error: 449
#ERR  p: [1915, 1614], r: -1466, e: -2404, error: 450
#ERR  p: [1915, 1615], r: -1476, e: -2398, error: 451
#ERR  p: [1915, 1616], r: -1486, e: -2392, error: 452
#ERR  p: [1915, 1617], r: -1496, e: -2380, error: 453
#ERR  p: [1915, 1618], r: -1506, e: -2374, error: 454
#ERR  p: [1915, 1619], r: -1516, e: -2362, error: 455
#ERR  p: [1915, 1620], r: -1526, e: -2358, error: 456
#ERR  p: [1915, 1621], r: -1536, e: -2351, error: 457
#ERR  p: [1915, 1622], r: -1546, e: -2347, error: 458
#ERR  p: [1915, 1623], r: -1556, e: -2341, error: 459
#ERR  p: [1915, 1624], r: -1566, e: -2332, error: 460
#ERR  p: [1915, 1625], r: -1576, e: -2327, error: 461
#ERR  p: [1915, 1626], r: -1586, e: -2321, error: 462
#ERR  p: [1915, 1627], r: -1596, e: -2315, error: 463
#ERR  p: [1915, 1628], r: -1606, e: -2308, error: 464
#ERR  p: [1915, 1629], r: -1616, e: -2301, error: 465
#ERR  p: [1915, 1630], r: -1626, e: -2295, error: 466
#ERR  p: [1915, 1631], r: -1636, e: -2288, error: 467
#ERR  p: [1915, 1632], r: -1646, e: -2284, error: 468
#ERR  p: [1915, 1633], r: -1656, e: -2279, error: 469
#ERR  p: [1915, 1634], r: -1666, e: -2280, error: 470
#ERR  p: [1915, 1635], r: -1676, e: -2277, error: 471
#ERR  p: [1915, 1636], r: -1686, e: -2284, error: 472
#ERR  p: [1915, 1637], r: -1696, e: -2294, error: 473
#ERR  p: [1915, 1638], r: -1706, e: -2285, error: 474
#ERR  p: [1915, 1639], r: -1716, e: -2278, error: 475
#ERR  p: [1915, 1640], r: -1726, e: -2270, error: 476
#ERR  p: [1915, 1641], r: -1736, e: -2264, error: 477
#ERR  p: [1915, 1642], r: -1746, e: -2261, error: 478
#ERR  p: [1915, 1643], r: -1756, e: -2249, error: 479
#ERR  p: [1915, 1644], r: -1766, e: -2245, error: 480
#ERR  p: [1915, 1645], r: -1776, e: -2235, error: 481
#ERR  p: [1915, 1646], r: -1786, e: -2225, error: 482
#ERR  p: [1915, 1647], r: -1796, e: -2206, error: 483
#ERR  p: [1915, 1648], r: -1806, e: -2200, error: 484
#ERR  p: [1915, 1649], r: -1816, e: -2197, error: 485
#ERR  p: [1915, 1650], r: -1826, e: -2188, error: 486
#ERR  p: [1915, 1651], r: -1836, e: -2174, error: 487
#ERR  p: [1915, 1652], r: -1846, e: -2173, error: 488
#ERR  p: [1915, 1653], r: -1856, e: -2175, error: 489
#ERR  p: [1915, 1654], r: -1866, e: -2175, error: 490
#ERR  p: [1915, 1655], r: -1876, e: -2166, error: 491
#ERR  p: [1915, 1656], r: -1886, e: -2154, error: 492
#ERR  p: [1915, 1657], r: -1896, e: -2148, error: 493
#ERR  p: [1915, 1658], r: -1906, e: -2139, error: 494
#ERR  p: [1915, 1659], r: -1916, e: -2132, error: 495
#ERR  p: [1915, 1660], r: -1926, e: -2130, error: 496
#ERR  p: [1915, 1661], r: -1936, e: -2124, error: 497
#ERR  p: [1915, 1662], r: -1946, e: -2117, error: 498
#ERR  p: [1915, 1663], r: -1956, e: -2109, error: 499
#SDC Ite:0 KerTime:0.294289 AccTime:0.294289 KerErr:500 AccErr:500
#END