#HEADER max_rows:2048 max_cols:2048 penalty:10
#BEGIN Y:2016 M:09 D:12 Time:14:11:55
#IT Ite:0 KerTime:0.294652 AccTime:0.294652
#ERR Error detected! kerrors = 37007
#ERR  p: [439, 2025], r: 513793312, e: -14172, error: 1
#ERR  p: [439, 2026], r: 513793302, e: -14182, error: 2
#ERR  p: [439, 2027], r: 513793292, e: -14192, error: 3
#ERR  p: [439, 2028], r: 513793282, e: -14202, error: 4
#ERR  p: [439, 2029], r: 513793272, e: -14212, error: 5
#ERR  p: [439, 2030], r: 513793262, e: -14222, error: 6
#ERR  p: [439, 2031], r: 513793252, e: -14232, error: 7
#ERR  p: [439, 2032], r: 513793242, e: -14242, error: 8
#ERR  p: [439, 2033], r: 513793232, e: -14252, error: 9
#ERR  p: [439, 2034], r: 513793222, e: -14262, error: 10
#ERR  p: [439, 2035], r: 513793212, e: -14272, error: 11
#ERR  p: [439, 2036], r: 513793202, e: -14282, error: 12
#ERR  p: [439, 2037], r: 513793192, e: -14291, error: 13
#ERR  p: [439, 2038], r: 513793182, e: -14301, error: 14
#ERR  p: [439, 2039], r: 513793172, e: -14311, error: 15
#ERR  p: [439, 2040], r: 513793162, e: -14321, error: 16
#ERR  p: [439, 2041], r: 513793152, e: -14331, error: 17
#ERR  p: [439, 2042], r: 513793142, e: -14340, error: 18
#ERR  p: [439, 2043], r: 513793132, e: -14350, error: 19
#ERR  p: [439, 2044], r: 513793122, e: -14358, error: 20
#ERR  p: [439, 2045], r: 513793112, e: -14368, error: 21
#ERR  p: [439, 2046], r: 513793102, e: -14378, error: 22
#ERR  p: [439, 2047], r: 513793092, e: -14388, error: 23
#ERR  p: [439, 2048], r: 513793082, e: -14398, error: 24
#ERR  p: [440, 2025], r: 513793302, e: -14153, error: 25
#ERR  p: [440, 2026], r: 513793311, e: -14163, error: 26
#ERR  p: [440, 2027], r: 513793301, e: -14173, error: 27
#ERR  p: [440, 2028], r: 513793291, e: -14183, error: 28
#ERR  p: [440, 2029], r: 513793281, e: -14193, error: 29
#ERR  p: [440, 2030], r: 513793271, e: -14203, error: 30
#ERR  p: [440, 2031], r: 513793261, e: -14213, error: 31
#ERR  p: [440, 2032], r: 513793251, e: -14223, error: 32
#ERR  p: [440, 2033], r: 513793241, e: -14233, error: 33
#ERR  p: [440, 2034], r: 513793231, e: -14243, error: 34
#ERR  p: [440, 2035], r: 513793221, e: -14253, error: 35
#ERR  p: [440, 2036], r: 513793211, e: -14263, error: 36
#ERR  p: [440, 2037], r: 513793201, e: -14273, error: 37
#ERR  p: [440, 2038], r: 513793191, e: -14283, error: 38
#ERR  p: [440, 2039], r: 513793181, e: -14293, error: 39
#ERR  p: [440, 2040], r: 513793171, e: -14303, error: 40
#ERR  p: [440, 2041], r: 513793161, e: -14313, error: 41
#ERR  p: [440, 2042], r: 513793151, e: -14323, error: 42
#ERR  p: [440, 2043], r: 513793141, e: -14333, error: 43
#ERR  p: [440, 2044], r: 513793131, e: -14343, error: 44
#ERR  p: [440, 2045], r: 513793121, e: -14353, error: 45
#ERR  p: [440, 2046], r: 513793112, e: -14363, error: 46
#ERR  p: [440, 2047], r: 513793102, e: -14373, error: 47
#ERR  p: [440, 2048], r: 513793092, e: -14383, error: 48
#ERR  p: [441, 2025], r: 513793292, e: -14143, error: 49
#ERR  p: [441, 2026], r: 513793303, e: -14152, error: 50
#ERR  p: [441, 2027], r: 513793310, e: -14162, error: 51
#ERR  p: [441, 2028], r: 513793301, e: -14172, error: 52
#ERR  p: [441, 2029], r: 513793291, e: -14182, error: 53
#ERR  p: [441, 2030], r: 513793281, e: -14192, error: 54
#ERR  p: [441, 2031], r: 513793271, e: -14202, error: 55
#ERR  p: [441, 2032], r: 513793261, e: -14212, error: 56
#ERR  p: [441, 2033], r: 513793251, e: -14222, error: 57
#ERR  p: [441, 2034], r: 513793241, e: -14232, error: 58
#ERR  p: [441, 2035], r: 513793231, e: -14242, error: 59
#ERR  p: [441, 2036], r: 513793221, e: -14252, error: 60
#ERR  p: [441, 2037], r: 513793216, e: -14258, error: 61
#ERR  p: [441, 2038], r: 513793206, e: -14268, error: 62
#ERR  p: [441, 2039], r: 513793196, e: -14278, error: 63
#ERR  p: [441, 2040], r: 513793186, e: -14288, error: 64
#ERR  p: [441, 2041], r: 513793176, e: -14298, error: 65
#ERR  p: [441, 2042], r: 513793166, e: -14308, error: 66
#ERR  p: [441, 2043], r: 513793156, e: -14318, error: 67
#ERR  p: [441, 2044], r: 513793146, e: -14328, error: 68
#ERR  p: [441, 2045], r: 513793136, e: -14338, error: 69
#ERR  p: [441, 2046], r: 513793126, e: -14348, error: 70
#ERR  p: [441, 2047], r: 513793116, e: -14358, error: 71
#ERR  p: [441, 2048], r: 513793106, e: -14368, error: 72
#ERR  p: [442, 2025], r: 513793282, e: -14134, error: 73
#ERR  p: [442, 2026], r: 513793293, e: -14144, error: 74
#ERR  p: [442, 2027], r: 513793302, e: -14153, error: 75
#ERR  p: [442, 2028], r: 513793306, e: -14163, error: 76
#ERR  p: [442, 2029], r: 513793300, e: -14173, error: 77
#ERR  p: [442, 2030], r: 513793290, e: -14183, error: 78
#ERR  p: [442, 2031], r: 513793280, e: -14193, error: 79
#ERR  p: [442, 2032], r: 513793270, e: -14203, error: 80
#ERR  p: [442, 2033], r: 513793260, e: -14213, error: 81
#ERR  p: [442, 2034], r: 513793250, e: -14223, error: 82
#ERR  p: [442, 2035], r: 513793240, e: -14233, error: 83
#ERR  p: [442, 2036], r: 513793230, e: -14243, error: 84
#ERR  p: [442, 2037], r: 513793220, e: -14253, error: 85
#ERR  p: [442, 2038], r: 513793215, e: -14259, error: 86
#ERR  p: [442, 2039], r: 513793213, e: -14261, error: 87
#ERR  p: [442, 2040], r: 513793203, e: -14271, error: 88
#ERR  p: [442, 2041], r: 513793193, e: -14281, error: 89
#ERR  p: [442, 2042], r: 513793183, e: -14291, error: 90
#ERR  p: [442, 2043], r: 513793173, e: -14301, error: 91
#ERR  p: [442, 2044], r: 513793163, e: -14311, error: 92
#ERR  p: [442, 2045], r: 513793153, e: -14321, error: 93
#ERR  p: [442, 2046], r: 513793143, e: -14331, error: 94
#ERR  p: [442, 2047], r: 513793133, e: -14341, error: 95
#ERR  p: [442, 2048], r: 513793123, e: -14351, error: 96
#ERR  p: [443, 2025], r: 513793272, e: -14121, error: 97
#ERR  p: [443, 2026], r: 513793285, e: -14131, error: 98
#ERR  p: [443, 2027], r: 513793292, e: -14141, error: 99
#ERR  p: [443, 2028], r: 513793302, e: -14151, error: 100
#ERR  p: [443, 2029], r: 513793303, e: -14161, error: 101
#ERR  p: [443, 2030], r: 513793299, e: -14171, error: 102
#ERR  p: [443, 2031], r: 513793289, e: -14181, error: 103
#ERR  p: [443, 2032], r: 513793279, e: -14191, error: 104
#ERR  p: [443, 2033], r: 513793269, e: -14201, error: 105
#ERR  p: [443, 2034], r: 513793259, e: -14211, error: 106
#ERR  p: [443, 2035], r: 513793249, e: -14221, error: 107
#ERR  p: [443, 2036], r: 513793239, e: -14231, error: 108
#ERR  p: [443, 2037], r: 513793231, e: -14241, error: 109
#ERR  p: [443, 2038], r: 513793221, e: -14251, error: 110
#ERR  p: [443, 2039], r: 513793212, e: -14261, error: 111
#ERR  p: [443, 2040], r: 513793210, e: -14264, error: 112
#ERR  p: [443, 2041], r: 513793203, e: -14271, error: 113
#ERR  p: [443, 2042], r: 513793194, e: -14280, error: 114
#ERR  p: [443, 2043], r: 513793184, e: -14290, error: 115
#ERR  p: [443, 2044], r: 513793174, e: -14300, error: 116
#ERR  p: [443, 2045], r: 513793164, e: -14310, error: 117
#ERR  p: [443, 2046], r: 513793154, e: -14320, error: 118
#ERR  p: [443, 2047], r: 513793144, e: -14330, error: 119
#ERR  p: [443, 2048], r: 513793134, e: -14340, error: 120
#ERR  p: [444, 2025], r: 513793262, e: -14111, error: 121
#ERR  p: [444, 2026], r: 513793275, e: -14120, error: 122
#ERR  p: [444, 2027], r: 513793284, e: -14130, error: 123
#ERR  p: [444, 2028], r: 513793292, e: -14140, error: 124
#ERR  p: [444, 2029], r: 513793301, e: -14150, error: 125
#ERR  p: [444, 2030], r: 513793302, e: -14160, error: 126
#ERR  p: [444, 2031], r: 513793297, e: -14170, error: 127
#ERR  p: [444, 2032], r: 513793288, e: -14180, error: 128
#ERR  p: [444, 2033], r: 513793278, e: -14190, error: 129
#ERR  p: [444, 2034], r: 513793268, e: -14200, error: 130
#ERR  p: [444, 2035], r: 513793258, e: -14210, error: 131
#ERR  p: [444, 2036], r: 513793248, e: -14220, error: 132
#ERR  p: [444, 2037], r: 513793244, e: -14226, error: 133
#ERR  p: [444, 2038], r: 513793234, e: -14236, error: 134
#ERR  p: [444, 2039], r: 513793224, e: -14246, error: 135
#ERR  p: [444, 2040], r: 513793214, e: -14256, error: 136
#ERR  p: [444, 2041], r: 513793210, e: -14264, error: 137
#ERR  p: [444, 2042], r: 513793208, e: -14266, error: 138
#ERR  p: [444, 2043], r: 513793198, e: -14276, error: 139
#ERR  p: [444, 2044], r: 513793189, e: -14285, error: 140
#ERR  p: [444, 2045], r: 513793179, e: -14295, error: 141
#ERR  p: [444, 2046], r: 513793169, e: -14305, error: 142
#ERR  p: [444, 2047], r: 513793159, e: -14315, error: 143
#ERR  p: [444, 2048], r: 513793149, e: -14325, error: 144
#ERR  p: [445, 2025], r: 513793252, e: -14093, error: 145
#ERR  p: [445, 2026], r: 513793265, e: -14103, error: 146
#ERR  p: [445, 2027], r: 513793274, e: -14113, error: 147
#ERR  p: [445, 2028], r: 513793283, e: -14123, error: 148
#ERR  p: [445, 2029], r: 513793292, e: -14133, error: 149
#ERR  p: [445, 2030], r: 513793303, e: -14143, error: 150
#ERR  p: [445, 2031], r: 513793310, e: -14152, error: 151
#ERR  p: [445, 2032], r: 513793300, e: -14162, error: 152
#ERR  p: [445, 2033], r: 513793290, e: -14172, error: 153
#ERR  p: [445, 2034], r: 513793280, e: -14182, error: 154
#ERR  p: [445, 2035], r: 513793270, e: -14192, error: 155
#ERR  p: [445, 2036], r: 513793260, e: -14202, error: 156
#ERR  p: [445, 2037], r: 513793250, e: -14212, error: 157
#ERR  p: [445, 2038], r: 513793243, e: -14222, error: 158
#ERR  p: [445, 2039], r: 513793233, e: -14232, error: 159
#ERR  p: [445, 2040], r: 513793224, e: -14242, error: 160
#ERR  p: [445, 2041], r: 513793214, e: -14252, error: 161
#ERR  p: [445, 2042], r: 513793208, e: -14262, error: 162
#ERR  p: [445, 2043], r: 513793207, e: -14267, error: 163
#ERR  p: [445, 2044], r: 513793197, e: -14277, error: 164
#ERR  p: [445, 2045], r: 513793187, e: -14287, error: 165
#ERR  p: [445, 2046], r: 513793177, e: -14297, error: 166
#ERR  p: [445, 2047], r: 513793169, e: -14305, error: 167
#ERR  p: [445, 2048], r: 513793159, e: -14315, error: 168
#ERR  p: [446, 2025], r: 513793242, e: -14086, error: 169
#ERR  p: [446, 2026], r: 513793255, e: -14096, error: 170
#ERR  p: [446, 2027], r: 513793264, e: -14104, error: 171
#ERR  p: [446, 2028], r: 513793273, e: -14114, error: 172
#ERR  p: [446, 2029], r: 513793284, e: -14122, error: 173
#ERR  p: [446, 2030], r: 513793293, e: -14132, error: 174
#ERR  p: [446, 2031], r: 513793303, e: -14142, error: 175
#ERR  p: [446, 2032], r: 513793307, e: -14152, error: 176
#ERR  p: [446, 2033], r: 513793300, e: -14162, error: 177
#ERR  p: [446, 2034], r: 513793290, e: -14172, error: 178
#ERR  p: [446, 2035], r: 513793281, e: -14181, error: 179
#ERR  p: [446, 2036], r: 513793271, e: -14191, error: 180
#ERR  p: [446, 2037], r: 513793261, e: -14201, error: 181
#ERR  p: [446, 2038], r: 513793251, e: -14211, error: 182
#ERR  p: [446, 2039], r: 513793241, e: -14221, error: 183
#ERR  p: [446, 2040], r: 513793237, e: -14228, error: 184
#ERR  p: [446, 2041], r: 513793227, e: -14238, error: 185
#ERR  p: [446, 2042], r: 513793217, e: -14248, error: 186
#ERR  p: [446, 2043], r: 513793207, e: -14258, error: 187
#ERR  p: [446, 2044], r: 513793204, e: -14268, error: 188
#ERR  p: [446, 2045], r: 513793195, e: -14278, error: 189
#ERR  p: [446, 2046], r: 513793185, e: -14288, error: 190
#ERR  p: [446, 2047], r: 513793181, e: -14293, error: 191
#ERR  p: [446, 2048], r: 513793171, e: -14303, error: 192
#ERR  p: [447, 2025], r: 513793232, e: -14078, error: 193
#ERR  p: [447, 2026], r: 513793246, e: -14082, error: 194
#ERR  p: [447, 2027], r: 513793255, e: -14092, error: 195
#ERR  p: [447, 2028], r: 513793263, e: -14102, error: 196
#ERR  p: [447, 2029], r: 513793274, e: -14112, error: 197
#ERR  p: [447, 2030], r: 513793283, e: -14122, error: 198
#ERR  p: [447, 2031], r: 513793293, e: -14132, error: 199
#ERR  p: [447, 2032], r: 513793302, e: -14142, error: 200
#ERR  p: [447, 2033], r: 513793305, e: -14152, error: 201
#ERR  p: [447, 2034], r: 513793298, e: -14162, error: 202
#ERR  p: [447, 2035], r: 513793288, e: -14172, error: 203
#ERR  p: [447, 2036], r: 513793278, e: -14182, error: 204
#ERR  p: [447, 2037], r: 513793272, e: -14190, error: 205
#ERR  p: [447, 2038], r: 513793262, e: -14200, error: 206
#ERR  p: [447, 2039], r: 513793252, e: -14210, error: 207
#ERR  p: [447, 2040], r: 513793242, e: -14220, error: 208
#ERR  p: [447, 2041], r: 513793236, e: -14229, error: 209
#ERR  p: [447, 2042], r: 513793228, e: -14237, error: 210
#ERR  p: [447, 2043], r: 513793218, e: -14247, error: 211
#ERR  p: [447, 2044], r: 513793208, e: -14257, error: 212
#ERR  p: [447, 2045], r: 513793202, e: -14267, error: 213
#ERR  p: [447, 2046], r: 513793195, e: -14277, error: 214
#ERR  p: [447, 2047], r: 513793185, e: -14287, error: 215
#ERR  p: [447, 2048], r: 513793179, e: -14295, error: 216
#ERR  p: [448, 2025], r: 513793222, e: -14065, error: 217
#ERR  p: [448, 2026], r: 513793236, e: -14075, error: 218
#ERR  p: [448, 2027], r: 513793246, e: -14082, error: 219
#ERR  p: [448, 2028], r: 513793253, e: -14092, error: 220
#ERR  p: [448, 2029], r: 513793264, e: -14102, error: 221
#ERR  p: [448, 2030], r: 513793273, e: -14112, error: 222
#ERR  p: [448, 2031], r: 513793284, e: -14121, error: 223
#ERR  p: [448, 2032], r: 513793292, e: -14131, error: 224
#ERR  p: [448, 2033], r: 513793302, e: -14141, error: 225
#ERR  p: [448, 2034], r: 513793305, e: -14151, error: 226
#ERR  p: [448, 2035], r: 513793298, e: -14161, error: 227
#ERR  p: [448, 2036], r: 513793288, e: -14171, error: 228
#ERR  p: [448, 2037], r: 513793278, e: -14181, error: 229
#ERR  p: [448, 2038], r: 513793273, e: -14189, error: 230
#ERR  p: [448, 2039], r: 513793263, e: -14199, error: 231
#ERR  p: [448, 2040], r: 513793255, e: -14207, error: 232
#ERR  p: [448, 2041], r: 513793245, e: -14217, error: 233
#ERR  p: [448, 2042], r: 513793235, e: -14227, error: 234
#ERR  p: [448, 2043], r: 513793227, e: -14237, error: 235
#ERR  p: [448, 2044], r: 513793217, e: -14247, error: 236
#ERR  p: [448, 2045], r: 513793207, e: -14257, error: 237
#ERR  p: [448, 2046], r: 513793200, e: -14267, error: 238
#ERR  p: [448, 2047], r: 513793198, e: -14274, error: 239
#ERR  p: [448, 2048], r: 513793188, e: -14284, error: 240
#ERR  p: [449, 2025], r: 513793212, e: -14051, error: 241
#ERR  p: [449, 2026], r: 513793226, e: -14061, error: 242
#ERR  p: [449, 2027], r: 513793236, e: -14071, error: 243
#ERR  p: [449, 2028], r: 513793243, e: -14081, error: 244
#ERR  p: [449, 2029], r: 513793254, e: -14091, error: 245
#ERR  p: [449, 2030], r: 513793263, e: -14101, error: 246
#ERR  p: [449, 2031], r: 513793274, e: -14111, error: 247
#ERR  p: [449, 2032], r: 513793282, e: -14121, error: 248
#ERR  p: [449, 2033], r: 513793292, e: -14131, error: 249
#ERR  p: [449, 2034], r: 513793302, e: -14141, error: 250
#ERR  p: [449, 2035], r: 513793306, e: -14150, error: 251
#ERR  p: [449, 2036], r: 513793297, e: -14160, error: 252
#ERR  p: [449, 2037], r: 513793287, e: -14170, error: 253
#ERR  p: [449, 2038], r: 513793278, e: -14180, error: 254
#ERR  p: [449, 2039], r: 513793271, e: -14190, error: 255
#ERR  p: [449, 2040], r: 513793267, e: -14195, error: 256
#ERR  p: [449, 2041], r: 513793257, e: -14205, error: 257
#ERR  p: [449, 2042], r: 513793247, e: -14215, error: 258
#ERR  p: [449, 2043], r: 513793237, e: -14225, error: 259
#ERR  p: [449, 2044], r: 513793227, e: -14235, error: 260
#ERR  p: [449, 2045], r: 513793217, e: -14245, error: 261
#ERR  p: [449, 2046], r: 513793207, e: -14255, error: 262
#ERR  p: [449, 2047], r: 513793204, e: -14263, error: 263
#ERR  p: [449, 2048], r: 513793196, e: -14273, error: 264
#ERR  p: [450, 2025], r: 513793202, e: -14032, error: 265
#ERR  p: [450, 2026], r: 513793216, e: -14042, error: 266
#ERR  p: [450, 2027], r: 513793226, e: -14052, error: 267
#ERR  p: [450, 2028], r: 513793234, e: -14062, error: 268
#ERR  p: [450, 2029], r: 513793244, e: -14072, error: 269
#ERR  p: [450, 2030], r: 513793253, e: -14082, error: 270
#ERR  p: [450, 2031], r: 513793264, e: -14092, error: 271
#ERR  p: [450, 2032], r: 513793272, e: -14102, error: 272
#ERR  p: [450, 2033], r: 513793282, e: -14112, error: 273
#ERR  p: [450, 2034], r: 513793292, e: -14122, error: 274
#ERR  p: [450, 2035], r: 513793298, e: -14132, error: 275
#ERR  p: [450, 2036], r: 513793303, e: -14142, error: 276
#ERR  p: [450, 2037], r: 513793296, e: -14152, error: 277
#ERR  p: [450, 2038], r: 513793286, e: -14162, error: 278
#ERR  p: [450, 2039], r: 513793276, e: -14172, error: 279
#ERR  p: [450, 2040], r: 513793268, e: -14182, error: 280
#ERR  p: [450, 2041], r: 513793265, e: -14192, error: 281
#ERR  p: [450, 2042], r: 513793256, e: -14202, error: 282
#ERR  p: [450, 2043], r: 513793246, e: -14212, error: 283
#ERR  p: [450, 2044], r: 513793236, e: -14222, error: 284
#ERR  p: [450, 2045], r: 513793226, e: -14232, error: 285
#ERR  p: [450, 2046], r: 513793217, e: -14242, error: 286
#ERR  p: [450, 2047], r: 513793207, e: -14252, error: 287
#ERR  p: [450, 2048], r: 513793201, e: -14262, error: 288
#ERR  p: [451, 2025], r: 513793192, e: -14023, error: 289
#ERR  p: [451, 2026], r: 513793206, e: -14033, error: 290
#ERR  p: [451, 2027], r: 513793216, e: -14043, error: 291
#ERR  p: [451, 2028], r: 513793224, e: -14053, error: 292
#ERR  p: [451, 2029], r: 513793234, e: -14063, error: 293
#ERR  p: [451, 2030], r: 513793243, e: -14073, error: 294
#ERR  p: [451, 2031], r: 513793254, e: -14083, error: 295
#ERR  p: [451, 2032], r: 513793262, e: -14093, error: 296
#ERR  p: [451, 2033], r: 513793272, e: -14103, error: 297
#ERR  p: [451, 2034], r: 513793282, e: -14113, error: 298
#ERR  p: [451, 2035], r: 513793291, e: -14123, error: 299
#ERR  p: [451, 2036], r: 513793296, e: -14133, error: 300
#ERR  p: [451, 2037], r: 513793301, e: -14143, error: 301
#ERR  p: [451, 2038], r: 513793295, e: -14153, error: 302
#ERR  p: [451, 2039], r: 513793293, e: -14155, error: 303
#ERR  p: [451, 2040], r: 513793283, e: -14165, error: 304
#ERR  p: [451, 2041], r: 513793273, e: -14175, error: 305
#ERR  p: [451, 2042], r: 513793263, e: -14185, error: 306
#ERR  p: [451, 2043], r: 513793254, e: -14195, error: 307
#ERR  p: [451, 2044], r: 513793244, e: -14205, error: 308
#ERR  p: [451, 2045], r: 513793243, e: -14215, error: 309
#ERR  p: [451, 2046], r: 513793233, e: -14225, error: 310
#ERR  p: [451, 2047], r: 513793223, e: -14235, error: 311
#ERR  p: [451, 2048], r: 513793214, e: -14245, error: 312
#ERR  p: [452, 2025], r: 513793182, e: -14010, error: 313
#ERR  p: [452, 2026], r: 513793196, e: -14020, error: 314
#ERR  p: [452, 2027], r: 513793206, e: -14030, error: 315
#ERR  p: [452, 2028], r: 513793214, e: -14040, error: 316
#ERR  p: [452, 2029], r: 513793224, e: -14050, error: 317
#ERR  p: [452, 2030], r: 513793233, e: -14060, error: 318
#ERR  p: [452, 2031], r: 513793244, e: -14070, error: 319
#ERR  p: [452, 2032], r: 513793252, e: -14080, error: 320
#ERR  p: [452, 2033], r: 513793262, e: -14090, error: 321
#ERR  p: [452, 2034], r: 513793272, e: -14100, error: 322
#ERR  p: [452, 2035], r: 513793282, e: -14110, error: 323
#ERR  p: [452, 2036], r: 513793291, e: -14120, error: 324
#ERR  p: [452, 2037], r: 513793294, e: -14130, error: 325
#ERR  p: [452, 2038], r: 513793302, e: -14140, error: 326
#ERR  p: [452, 2039], r: 513793293, e: -14150, error: 327
#ERR  p: [452, 2040], r: 513793296, e: -14152, error: 328
#ERR  p: [452, 2041], r: 513793286, e: -14162, error: 329
#ERR  p: [452, 2042], r: 513793276, e: -14172, error: 330
#ERR  p: [452, 2043], r: 513793266, e: -14182, error: 331
#ERR  p: [452, 2044], r: 513793256, e: -14192, error: 332
#ERR  p: [452, 2045], r: 513793246, e: -14202, error: 333
#ERR  p: [452, 2046], r: 513793241, e: -14212, error: 334
#ERR  p: [452, 2047], r: 513793236, e: -14222, error: 335
#ERR  p: [452, 2048], r: 513793226, e: -14232, error: 336
#ERR  p: [453, 2025], r: 513793172, e: -13997, error: 337
#ERR  p: [453, 2026], r: 513793186, e: -14007, error: 338
#ERR  p: [453, 2027], r: 513793196, e: -14017, error: 339
#ERR  p: [453, 2028], r: 513793206, e: -14027, error: 340
#ERR  p: [453, 2029], r: 513793214, e: -14037, error: 341
#ERR  p: [453, 2030], r: 513793223, e: -14047, error: 342
#ERR  p: [453, 2031], r: 513793234, e: -14057, error: 343
#ERR  p: [453, 2032], r: 513793243, e: -14067, error: 344
#ERR  p: [453, 2033], r: 513793252, e: -14077, error: 345
#ERR  p: [453, 2034], r: 513793262, e: -14087, error: 346
#ERR  p: [453, 2035], r: 513793272, e: -14097, error: 347
#ERR  p: [453, 2036], r: 513793281, e: -14107, error: 348
#ERR  p: [453, 2037], r: 513793292, e: -14117, error: 349
#ERR  p: [453, 2038], r: 513793292, e: -14127, error: 350
#ERR  p: [453, 2039], r: 513793299, e: -14137, error: 351
#ERR  p: [453, 2040], r: 513793290, e: -14147, error: 352
#ERR  p: [453, 2041], r: 513793296, e: -14152, error: 353
#ERR  p: [453, 2042], r: 513793287, e: -14161, error: 354
#ERR  p: [453, 2043], r: 513793277, e: -14171, error: 355
#ERR  p: [453, 2044], r: 513793267, e: -14181, error: 356
#ERR  p: [453, 2045], r: 513793257, e: -14191, error: 357
#ERR  p: [453, 2046], r: 513793247, e: -14201, error: 358
#ERR  p: [453, 2047], r: 513793238, e: -14211, error: 359
#ERR  p: [453, 2048], r: 513793233, e: -14221, error: 360
#ERR  p: [454, 2025], r: 513793162, e: -13988, error: 361
#ERR  p: [454, 2026], r: 513793176, e: -13993, error: 362
#ERR  p: [454, 2027], r: 513793186, e: -14003, error: 363
#ERR  p: [454, 2028], r: 513793196, e: -14013, error: 364
#ERR  p: [454, 2029], r: 513793204, e: -14023, error: 365
#ERR  p: [454, 2030], r: 513793213, e: -14033, error: 366
#ERR  p: [454, 2031], r: 513793224, e: -14043, error: 367
#ERR  p: [454, 2032], r: 513793233, e: -14053, error: 368
#ERR  p: [454, 2033], r: 513793242, e: -14063, error: 369
#ERR  p: [454, 2034], r: 513793252, e: -14073, error: 370
#ERR  p: [454, 2035], r: 513793262, e: -14083, error: 371
#ERR  p: [454, 2036], r: 513793271, e: -14093, error: 372
#ERR  p: [454, 2037], r: 513793282, e: -14103, error: 373
#ERR  p: [454, 2038], r: 513793290, e: -14113, error: 374
#ERR  p: [454, 2039], r: 513793290, e: -14123, error: 375
#ERR  p: [454, 2040], r: 513793296, e: -14133, error: 376
#ERR  p: [454, 2041], r: 513793289, e: -14143, error: 377
#ERR  p: [454, 2042], r: 513793297, e: -14151, error: 378
#ERR  p: [454, 2043], r: 513793287, e: -14161, error: 379
#ERR  p: [454, 2044], r: 513793278, e: -14170, error: 380
#ERR  p: [454, 2045], r: 513793268, e: -14180, error: 381
#ERR  p: [454, 2046], r: 513793258, e: -14190, error: 382
#ERR  p: [454, 2047], r: 513793248, e: -14200, error: 383
#ERR  p: [454, 2048], r: 513793238, e: -14210, error: 384
#ERR  p: [455, 2025], r: 513793152, e: -13979, error: 385
#ERR  p: [455, 2026], r: 513793166, e: -13984, error: 386
#ERR  p: [455, 2027], r: 513793176, e: -13993, error: 387
#ERR  p: [455, 2028], r: 513793186, e: -14003, error: 388
#ERR  p: [455, 2029], r: 513793194, e: -14013, error: 389
#ERR  p: [455, 2030], r: 513793203, e: -14023, error: 390
#ERR  p: [455, 2031], r: 513793214, e: -14033, error: 391
#ERR  p: [455, 2032], r: 513793223, e: -14043, error: 392
#ERR  p: [455, 2033], r: 513793232, e: -14053, error: 393
#ERR  p: [455, 2034], r: 513793242, e: -14063, error: 394
#ERR  p: [455, 2035], r: 513793252, e: -14073, error: 395
#ERR  p: [455, 2036], r: 513793261, e: -14083, error: 396
#ERR  p: [455, 2037], r: 513793272, e: -14092, error: 397
#ERR  p: [455, 2038], r: 513793280, e: -14102, error: 398
#ERR  p: [455, 2039], r: 513793288, e: -14112, error: 399
#ERR  p: [455, 2040], r: 513793287, e: -14122, error: 400
#ERR  p: [455, 2041], r: 513793295, e: -14132, error: 401
#ERR  p: [455, 2042], r: 513793290, e: -14142, error: 402
#ERR  p: [455, 2043], r: 513793296, e: -14152, error: 403
#ERR  p: [455, 2044], r: 513793288, e: -14160, error: 404
#ERR  p: [455, 2045], r: 513793278, e: -14170, error: 405
#ERR  p: [455, 2046], r: 513793268, e: -14180, error: 406
#ERR  p: [455, 2047], r: 513793258, e: -14190, error: 407
#ERR  p: [455, 2048], r: 513793248, e: -14200, error: 408
#ERR  p: [456, 2025], r: 513793142, e: -13973, error: 409
#ERR  p: [456, 2026], r: 513793156, e: -13983, error: 410
#ERR  p: [456, 2027], r: 513793166, e: -13988, error: 411
#ERR  p: [456, 2028], r: 513793176, e: -13997, error: 412
#ERR  p: [456, 2029], r: 513793184, e: -14007, error: 413
#ERR  p: [456, 2030], r: 513793193, e: -14017, error: 414
#ERR  p: [456, 2031], r: 513793204, e: -14027, error: 415
#ERR  p: [456, 2032], r: 513793213, e: -14037, error: 416
#ERR  p: [456, 2033], r: 513793222, e: -14047, error: 417
#ERR  p: [456, 2034], r: 513793232, e: -14057, error: 418
#ERR  p: [456, 2035], r: 513793242, e: -14067, error: 419
#ERR  p: [456, 2036], r: 513793251, e: -14077, error: 420
#ERR  p: [456, 2037], r: 513793262, e: -14087, error: 421
#ERR  p: [456, 2038], r: 513793270, e: -14096, error: 422
#ERR  p: [456, 2039], r: 513793278, e: -14106, error: 423
#ERR  p: [456, 2040], r: 513793284, e: -14116, error: 424
#ERR  p: [456, 2041], r: 513793285, e: -14126, error: 425
#ERR  p: [456, 2042], r: 513793291, e: -14136, error: 426
#ERR  p: [456, 2043], r: 513793286, e: -14146, error: 427
#ERR  p: [456, 2044], r: 513793292, e: -14156, error: 428
#ERR  p: [456, 2045], r: 513793284, e: -14164, error: 429
#ERR  p: [456, 2046], r: 513793274, e: -14174, error: 430
#ERR  p: [456, 2047], r: 513793264, e: -14184, error: 431
#ERR  p: [456, 2048], r: 513793254, e: -14194, error: 432
#ERR  p: [457, 2025], r: 513793132, e: -13961, error: 433
#ERR  p: [457, 2026], r: 513793146, e: -13971, error: 434
#ERR  p: [457, 2027], r: 513793156, e: -13981, error: 435
#ERR  p: [457, 2028], r: 513793166, e: -13991, error: 436
#ERR  p: [457, 2029], r: 513793176, e: -13997, error: 437
#ERR  p: [457, 2030], r: 513793183, e: -14007, error: 438
#ERR  p: [457, 2031], r: 513793194, e: -14016, error: 439
#ERR  p: [457, 2032], r: 513793203, e: -14026, error: 440
#ERR  p: [457, 2033], r: 513793213, e: -14036, error: 441
#ERR  p: [457, 2034], r: 513793222, e: -14046, error: 442
#ERR  p: [457, 2035], r: 513793232, e: -14056, error: 443
#ERR  p: [457, 2036], r: 513793242, e: -14066, error: 444
#ERR  p: [457, 2037], r: 513793252, e: -14076, error: 445
#ERR  p: [457, 2038], r: 513793263, e: -14086, error: 446
#ERR  p: [457, 2039], r: 513793268, e: -14096, error: 447
#ERR  p: [457, 2040], r: 513793281, e: -14103, error: 448
#ERR  p: [457, 2041], r: 513793281, e: -14113, error: 449
#ERR  p: [457, 2042], r: 513793283, e: -14123, error: 450
#ERR  p: [457, 2043], r: 513793290, e: -14133, error: 451
#ERR  p: [457, 2044], r: 513793284, e: -14143, error: 452
#ERR  p: [457, 2045], r: 513793290, e: -14153, error: 453
#ERR  p: [457, 2046], r: 513793282, e: -14163, error: 454
#ERR  p: [457, 2047], r: 513793277, e: -14171, error: 455
#ERR  p: [457, 2048], r: 513793267, e: -14181, error: 456
#ERR  p: [458, 2025], r: 513793122, e: -13950, error: 457
#ERR  p: [458, 2026], r: 513793136, e: -13960, error: 458
#ERR  p: [458, 2027], r: 513793146, e: -13970, error: 459
#ERR  p: [458, 2028], r: 513793156, e: -13980, error: 460
#ERR  p: [458, 2029], r: 513793166, e: -13990, error: 461
#ERR  p: [458, 2030], r: 513793175, e: -13998, error: 462
#ERR  p: [458, 2031], r: 513793184, e: -14008, error: 463
#ERR  p: [458, 2032], r: 513793193, e: -14017, error: 464
#ERR  p: [458, 2033], r: 513793203, e: -14027, error: 465
#ERR  p: [458, 2034], r: 513793212, e: -14037, error: 466
#ERR  p: [458, 2035], r: 513793222, e: -14047, error: 467
#ERR  p: [458, 2036], r: 513793232, e: -14057, error: 468
#ERR  p: [458, 2037], r: 513793247, e: -14061, error: 469
#ERR  p: [458, 2038], r: 513793253, e: -14071, error: 470
#ERR  p: [458, 2039], r: 513793261, e: -14081, error: 471
#ERR  p: [458, 2040], r: 513793271, e: -14091, error: 472
#ERR  p: [458, 2041], r: 513793281, e: -14101, error: 473
#ERR  p: [458, 2042], r: 513793286, e: -14108, error: 474
#ERR  p: [458, 2043], r: 513793282, e: -14118, error: 475
#ERR  p: [458, 2044], r: 513793295, e: -14128, error: 476
#ERR  p: [458, 2045], r: 513793285, e: -14138, error: 477
#ERR  p: [458, 2046], r: 513793289, e: -14148, error: 478
#ERR  p: [458, 2047], r: 513793279, e: -14158, error: 479
#ERR  p: [458, 2048], r: 513793275, e: -14168, error: 480
#ERR  p: [459, 2025], r: 513793112, e: -13934, error: 481
#ERR  p: [459, 2026], r: 513793126, e: -13944, error: 482
#ERR  p: [459, 2027], r: 513793136, e: -13954, error: 483
#ERR  p: [459, 2028], r: 513793146, e: -13964, error: 484
#ERR  p: [459, 2029], r: 513793157, e: -13974, error: 485
#ERR  p: [459, 2030], r: 513793165, e: -13984, error: 486
#ERR  p: [459, 2031], r: 513793174, e: -13994, error: 487
#ERR  p: [459, 2032], r: 513793183, e: -14004, error: 488
#ERR  p: [459, 2033], r: 513793193, e: -14014, error: 489
#ERR  p: [459, 2034], r: 513793202, e: -14024, error: 490
#ERR  p: [459, 2035], r: 513793214, e: -14034, error: 491
#ERR  p: [459, 2036], r: 513793222, e: -14044, error: 492
#ERR  p: [459, 2037], r: 513793237, e: -14054, error: 493
#ERR  p: [459, 2038], r: 513793247, e: -14061, error: 494
#ERR  p: [459, 2039], r: 513793252, e: -14071, error: 495
#ERR  p: [459, 2040], r: 513793265, e: -14077, error: 496
#ERR  p: [459, 2041], r: 513793271, e: -14087, error: 497
#ERR  p: [459, 2042], r: 513793278, e: -14097, error: 498
#ERR  p: [459, 2043], r: 513793285, e: -14107, error: 499
#SDC Ite:0 KerTime:0.294652 AccTime:0.294652 KerErr:500 AccErr:500
#END