#HEADER max_rows:2048 max_cols:2048 penalty:10
#BEGIN Y:2016 M:09 D:12 Time:14:23:27
#IT Ite:0 KerTime:0.294282 AccTime:0.294282
#ERR Error detected! kerrors = 2616746
#ERR  p: [717, 82], r: 635330048, e: -5978, error: 1
#ERR  p: [717, 83], r: 635330038, e: -5966, error: 2
#ERR  p: [717, 84], r: 635330028, e: -5955, error: 3
#ERR  p: [717, 85], r: 635330018, e: -5938, error: 4
#ERR  p: [717, 86], r: 635330008, e: -5919, error: 5
#ERR  p: [717, 87], r: 635329998, e: -5908, error: 6
#ERR  p: [717, 88], r: 635329988, e: -5896, error: 7
#ERR  p: [717, 89], r: 635329978, e: -5882, error: 8
#ERR  p: [717, 90], r: 635329968, e: -5867, error: 9
#ERR  p: [717, 91], r: 635329958, e: -5857, error: 10
#ERR  p: [717, 92], r: 635329948, e: -5849, error: 11
#ERR  p: [717, 93], r: 635329938, e: -5840, error: 12
#ERR  p: [717, 94], r: 635329928, e: -5830, error: 13
#ERR  p: [717, 95], r: 635329918, e: -5821, error: 14
#ERR  p: [717, 96], r: 635329908, e: -5812, error: 15
#ERR  p: [717, 97], r: 635329898, e: -5799, error: 16
#ERR  p: [717, 98], r: 635329888, e: -5788, error: 17
#ERR  p: [717, 99], r: 635329878, e: -5777, error: 18
#ERR  p: [717, 100], r: 635329868, e: -5764, error: 19
#ERR  p: [717, 101], r: 635329858, e: -5749, error: 20
#ERR  p: [717, 102], r: 635329848, e: -5731, error: 21
#ERR  p: [717, 103], r: 635329838, e: -5720, error: 22
#ERR  p: [717, 104], r: 635329828, e: -5711, error: 23
#ERR  p: [717, 105], r: 635329818, e: -5694, error: 24
#ERR  p: [717, 106], r: 635329808, e: -5690, error: 25
#ERR  p: [717, 107], r: 635329798, e: -5677, error: 26
#ERR  p: [717, 108], r: 635329788, e: -5671, error: 27
#ERR  p: [717, 109], r: 635329778, e: -5661, error: 28
#ERR  p: [717, 110], r: 635329768, e: -5653, error: 29
#ERR  p: [717, 111], r: 635329758, e: -5637, error: 30
#ERR  p: [717, 112], r: 635329748, e: -5622, error: 31
#ERR  p: [717, 113], r: 635329738, e: -5609, error: 32
#ERR  p: [717, 114], r: 635329728, e: -5600, error: 33
#ERR  p: [717, 115], r: 635329718, e: -5584, error: 34
#ERR  p: [717, 116], r: 635329708, e: -5572, error: 35
#ERR  p: [717, 117], r: 635329698, e: -5551, error: 36
#ERR  p: [717, 118], r: 635329688, e: -5535, error: 37
#ERR  p: [717, 119], r: 635329678, e: -5527, error: 38
#ERR  p: [717, 120], r: 635329668, e: -5514, error: 39
#ERR  p: [717, 121], r: 635329658, e: -5499, error: 40
#ERR  p: [717, 122], r: 635329648, e: -5488, error: 41
#ERR  p: [717, 123], r: 635329638, e: -5474, error: 42
#ERR  p: [717, 124], r: 635329628, e: -5459, error: 43
#ERR  p: [717, 125], r: 635329618, e: -5443, error: 44
#ERR  p: [717, 126], r: 635329608, e: -5426, error: 45
#ERR  p: [717, 127], r: 635329598, e: -5413, error: 46
#ERR  p: [717, 128], r: 635329588, e: -5398, error: 47
#ERR  p: [717, 129], r: 635329578, e: -5386, error: 48
#ERR  p: [717, 130], r: 635329568, e: -5370, error: 49
#ERR  p: [717, 131], r: 635329558, e: -5353, error: 50
#ERR  p: [717, 132], r: 635329548, e: -5346, error: 51
#ERR  p: [717, 133], r: 635329538, e: -5334, error: 52
#ERR  p: [717, 134], r: 635329528, e: -5325, error: 53
#ERR  p: [717, 135], r: 635329518, e: -5315, error: 54
#ERR  p: [717, 136], r: 635329508, e: -5306, error: 55
#ERR  p: [717, 137], r: 635329498, e: -5292, error: 56
#ERR  p: [717, 138], r: 635329488, e: -5278, error: 57
#ERR  p: [717, 139], r: 635329478, e: -5267, error: 58
#ERR  p: [717, 140], r: 635329468, e: -5253, error: 59
#ERR  p: [717, 141], r: 635329458, e: -5240, error: 60
#ERR  p: [717, 142], r: 635329448, e: -5222, error: 61
#ERR  p: [717, 143], r: 635329438, e: -5207, error: 62
#ERR  p: [717, 144], r: 635329428, e: -5191, error: 63
#ERR  p: [717, 145], r: 635329418, e: -5185, error: 64
#ERR  p: [717, 146], r: 635329408, e: -5175, error: 65
#ERR  p: [717, 147], r: 635329398, e: -5162, error: 66
#ERR  p: [717, 148], r: 635329388, e: -5148, error: 67
#ERR  p: [717, 149], r: 635329378, e: -5139, error: 68
#ERR  p: [717, 150], r: 635329368, e: -5132, error: 69
#ERR  p: [717, 151], r: 635329358, e: -5128, error: 70
#ERR  p: [717, 152], r: 635329348, e: -5119, error: 71
#ERR  p: [717, 153], r: 635329338, e: -5111, error: 72
#ERR  p: [717, 154], r: 635329328, e: -5099, error: 73
#ERR  p: [717, 155], r: 635329318, e: -5090, error: 74
#ERR  p: [717, 156], r: 635329308, e: -5074, error: 75
#ERR  p: [717, 157], r: 635329298, e: -5057, error: 76
#ERR  p: [717, 158], r: 635329288, e: -5048, error: 77
#ERR  p: [717, 159], r: 635329278, e: -5034, error: 78
#ERR  p: [717, 160], r: 635329268, e: -5025, error: 79
#ERR  p: [717, 161], r: 635329258, e: -5013, error: 80
#ERR  p: [717, 162], r: 635329248, e: -4999, error: 81
#ERR  p: [717, 163], r: 635329238, e: -4982, error: 82
#ERR  p: [717, 164], r: 635329228, e: -4974, error: 83
#ERR  p: [717, 165], r: 635329218, e: -4961, error: 84
#ERR  p: [717, 166], r: 635329208, e: -4951, error: 85
#ERR  p: [717, 167], r: 635329198, e: -4942, error: 86
#ERR  p: [717, 168], r: 635329188, e: -4928, error: 87
#ERR  p: [717, 169], r: 635329178, e: -4919, error: 88
#ERR  p: [717, 170], r: 635329168, e: -4908, error: 89
#ERR  p: [717, 171], r: 635329158, e: -4897, error: 90
#ERR  p: [717, 172], r: 635329148, e: -4887, error: 91
#ERR  p: [717, 173], r: 635329138, e: -4867, error: 92
#ERR  p: [717, 174], r: 635329128, e: -4854, error: 93
#ERR  p: [717, 175], r: 635329118, e: -4840, error: 94
#ERR  p: [717, 176], r: 635329108, e: -4825, error: 95
#ERR  p: [717, 177], r: 635329098, e: -4808, error: 96
#ERR  p: [717, 178], r: 635329088, e: -4794, error: 97
#ERR  p: [717, 179], r: 635329078, e: -4778, error: 98
#ERR  p: [717, 180], r: 635329068, e: -4769, error: 99
#ERR  p: [717, 181], r: 635329058, e: -4759, error: 100
#ERR  p: [717, 182], r: 635329048, e: -4746, error: 101
#ERR  p: [717, 183], r: 635329038, e: -4737, error: 102
#ERR  p: [717, 184], r: 635329028, e: -4726, error: 103
#ERR  p: [717, 185], r: 635329018, e: -4710, error: 104
#ERR  p: [717, 186], r: 635329008, e: -4697, error: 105
#ERR  p: [717, 187], r: 635328998, e: -4683, error: 106
#ERR  p: [717, 188], r: 635328988, e: -4672, error: 107
#ERR  p: [717, 189], r: 635328978, e: -4664, error: 108
#ERR  p: [717, 190], r: 635328968, e: -4652, error: 109
#ERR  p: [717, 191], r: 635328958, e: -4643, error: 110
#ERR  p: [717, 192], r: 635328948, e: -4634, error: 111
#ERR  p: [717, 193], r: 635328938, e: -4623, error: 112
#ERR  p: [717, 194], r: 635328928, e: -4610, error: 113
#ERR  p: [717, 195], r: 635328918, e: -4601, error: 114
#ERR  p: [717, 196], r: 635328908, e: -4585, error: 115
#ERR  p: [717, 197], r: 635328898, e: -4572, error: 116
#ERR  p: [717, 198], r: 635328888, e: -4560, error: 117
#ERR  p: [717, 199], r: 635328878, e: -4551, error: 118
#ERR  p: [717, 200], r: 635328868, e: -4541, error: 119
#ERR  p: [717, 201], r: 635328858, e: -4527, error: 120
#ERR  p: [717, 202], r: 635328848, e: -4513, error: 121
#ERR  p: [717, 203], r: 635328838, e: -4499, error: 122
#ERR  p: [717, 204], r: 635328828, e: -4484, error: 123
#ERR  p: [717, 205], r: 635328818, e: -4467, error: 124
#ERR  p: [717, 206], r: 635328808, e: -4459, error: 125
#ERR  p: [717, 207], r: 635328798, e: -4448, error: 126
#ERR  p: [717, 208], r: 635328788, e: -4440, error: 127
#ERR  p: [717, 209], r: 635328778, e: -4432, error: 128
#ERR  p: [717, 210], r: 635328768, e: -4424, error: 129
#ERR  p: [717, 211], r: 635328758, e: -4415, error: 130
#ERR  p: [717, 212], r: 635328748, e: -4406, error: 131
#ERR  p: [717, 213], r: 635328738, e: -4390, error: 132
#ERR  p: [717, 214], r: 635328728, e: -4384, error: 133
#ERR  p: [717, 215], r: 635328718, e: -4371, error: 134
#ERR  p: [717, 216], r: 635328708, e: -4369, error: 135
#ERR  p: [717, 217], r: 635328698, e: -4356, error: 136
#ERR  p: [717, 218], r: 635328688, e: -4347, error: 137
#ERR  p: [717, 219], r: 635328678, e: -4340, error: 138
#ERR  p: [717, 220], r: 635328668, e: -4328, error: 139
#ERR  p: [717, 221], r: 635328658, e: -4312, error: 140
#ERR  p: [717, 222], r: 635328648, e: -4294, error: 141
#ERR  p: [717, 223], r: 635328638, e: -4283, error: 142
#ERR  p: [717, 224], r: 635328628, e: -4270, error: 143
#ERR  p: [717, 225], r: 635328618, e: -4260, error: 144
#ERR  p: [717, 226], r: 635328608, e: -4250, error: 145
#ERR  p: [717, 227], r: 635328598, e: -4239, error: 146
#ERR  p: [717, 228], r: 635328588, e: -4230, error: 147
#ERR  p: [717, 229], r: 635328578, e: -4221, error: 148
#ERR  p: [717, 230], r: 635328568, e: -4210, error: 149
#ERR  p: [717, 231], r: 635328558, e: -4201, error: 150
#ERR  p: [717, 232], r: 635328548, e: -4191, error: 151
#ERR  p: [717, 233], r: 635328538, e: -4179, error: 152
#ERR  p: [717, 234], r: 635328528, e: -4170, error: 153
#ERR  p: [717, 235], r: 635328518, e: -4161, error: 154
#ERR  p: [717, 236], r: 635328508, e: -4151, error: 155
#ERR  p: [717, 237], r: 635328498, e: -4137, error: 156
#ERR  p: [717, 238], r: 635328488, e: -4120, error: 157
#ERR  p: [717, 239], r: 635328478, e: -4107, error: 158
#ERR  p: [717, 240], r: 635328468, e: -4107, error: 159
#ERR  p: [717, 241], r: 635328458, e: -4096, error: 160
#ERR  p: [717, 242], r: 635328448, e: -4087, error: 161
#ERR  p: [717, 243], r: 635328438, e: -4079, error: 162
#ERR  p: [717, 244], r: 635328428, e: -4068, error: 163
#ERR  p: [717, 245], r: 635328418, e: -4058, error: 164
#ERR  p: [717, 246], r: 635328408, e: -4045, error: 165
#ERR  p: [717, 247], r: 635328398, e: -4039, error: 166
#ERR  p: [717, 248], r: 635328388, e: -4024, error: 167
#ERR  p: [717, 249], r: 635328378, e: -4016, error: 168
#ERR  p: [717, 250], r: 635328368, e: -4008, error: 169
#ERR  p: [717, 251], r: 635328358, e: -3995, error: 170
#ERR  p: [717, 252], r: 635328348, e: -3987, error: 171
#ERR  p: [717, 253], r: 635328338, e: -3980, error: 172
#ERR  p: [717, 254], r: 635328328, e: -3963, error: 173
#ERR  p: [717, 255], r: 635328318, e: -3964, error: 174
#ERR  p: [717, 256], r: 635328308, e: -3947, error: 175
#ERR  p: [717, 257], r: 635328298, e: -3945, error: 176
#ERR  p: [717, 258], r: 635328288, e: -3935, error: 177
#ERR  p: [717, 259], r: 635328278, e: -3926, error: 178
#ERR  p: [717, 260], r: 635328268, e: -3918, error: 179
#ERR  p: [717, 261], r: 635328258, e: -3909, error: 180
#ERR  p: [717, 262], r: 635328248, e: -3900, error: 181
#ERR  p: [717, 263], r: 635328238, e: -3886, error: 182
#ERR  p: [717, 264], r: 635328228, e: -3875, error: 183
#ERR  p: [717, 265], r: 635328218, e: -3860, error: 184
#ERR  p: [717, 266], r: 635328208, e: -3849, error: 185
#ERR  p: [717, 267], r: 635328198, e: -3832, error: 186
#ERR  p: [717, 268], r: 635328188, e: -3826, error: 187
#ERR  p: [717, 269], r: 635328178, e: -3828, error: 188
#ERR  p: [717, 270], r: 635328168, e: -3815, error: 189
#ERR  p: [717, 271], r: 635328158, e: -3798, error: 190
#ERR  p: [717, 272], r: 635328148, e: -3788, error: 191
#ERR  p: [717, 273], r: 635328138, e: -3778, error: 192
#ERR  p: [717, 274], r: 635328128, e: -3769, error: 193
#ERR  p: [717, 275], r: 635328118, e: -3756, error: 194
#ERR  p: [717, 276], r: 635328108, e: -3745, error: 195
#ERR  p: [717, 277], r: 635328098, e: -3728, error: 196
#ERR  p: [717, 278], r: 635328088, e: -3715, error: 197
#ERR  p: [717, 279], r: 635328078, e: -3706, error: 198
#ERR  p: [717, 280], r: 635328068, e: -3696, error: 199
#ERR  p: [717, 281], r: 635328058, e: -3687, error: 200
#ERR  p: [717, 282], r: 635328048, e: -3673, error: 201
#ERR  p: [717, 283], r: 635328038, e: -3658, error: 202
#ERR  p: [717, 284], r: 635328028, e: -3647, error: 203
#ERR  p: [717, 285], r: 635328018, e: -3638, error: 204
#ERR  p: [717, 286], r: 635328008, e: -3621, error: 205
#ERR  p: [717, 287], r: 635327998, e: -3608, error: 206
#ERR  p: [717, 288], r: 635327988, e: -3603, error: 207
#ERR  p: [717, 289], r: 635327978, e: -3593, error: 208
#ERR  p: [717, 290], r: 635327968, e: -3583, error: 209
#ERR  p: [717, 291], r: 635327958, e: -3574, error: 210
#ERR  p: [717, 292], r: 635327948, e: -3566, error: 211
#ERR  p: [717, 293], r: 635327938, e: -3566, error: 212
#ERR  p: [717, 294], r: 635327928, e: -3553, error: 213
#ERR  p: [717, 295], r: 635327918, e: -3553, error: 214
#ERR  p: [717, 296], r: 635327908, e: -3542, error: 215
#ERR  p: [717, 297], r: 635327898, e: -3533, error: 216
#ERR  p: [717, 298], r: 635327888, e: -3516, error: 217
#ERR  p: [717, 299], r: 635327878, e: -3517, error: 218
#ERR  p: [717, 300], r: 635327868, e: -3501, error: 219
#ERR  p: [717, 301], r: 635327858, e: -3492, error: 220
#ERR  p: [717, 302], r: 635327848, e: -3483, error: 221
#ERR  p: [717, 303], r: 635327838, e: -3471, error: 222
#ERR  p: [717, 304], r: 635327828, e: -3462, error: 223
#ERR  p: [717, 305], r: 635327818, e: -3453, error: 224
#ERR  p: [717, 306], r: 635327808, e: -3439, error: 225
#ERR  p: [717, 307], r: 635327798, e: -3431, error: 226
#ERR  p: [717, 308], r: 635327788, e: -3423, error: 227
#ERR  p: [717, 309], r: 635327778, e: -3413, error: 228
#ERR  p: [717, 310], r: 635327768, e: -3400, error: 229
#ERR  p: [717, 311], r: 635327758, e: -3389, error: 230
#ERR  p: [717, 312], r: 635327748, e: -3380, error: 231
#ERR  p: [717, 313], r: 635327738, e: -3374, error: 232
#ERR  p: [717, 314], r: 635327728, e: -3367, error: 233
#ERR  p: [717, 315], r: 635327718, e: -3358, error: 234
#ERR  p: [717, 316], r: 635327708, e: -3350, error: 235
#ERR  p: [717, 317], r: 635327698, e: -3342, error: 236
#ERR  p: [717, 318], r: 635327688, e: -3331, error: 237
#ERR  p: [717, 319], r: 635327678, e: -3322, error: 238
#ERR  p: [717, 320], r: 635327668, e: -3313, error: 239
#ERR  p: [717, 321], r: 635327658, e: -3303, error: 240
#ERR  p: [717, 322], r: 635327648, e: -3304, error: 241
#ERR  p: [717, 323], r: 635327638, e: -3293, error: 242
#ERR  p: [717, 324], r: 635327628, e: -3284, error: 243
#ERR  p: [717, 325], r: 635327618, e: -3275, error: 244
#ERR  p: [717, 326], r: 635327608, e: -3258, error: 245
#ERR  p: [717, 327], r: 635327598, e: -3247, error: 246
#ERR  p: [717, 328], r: 635327588, e: -3233, error: 247
#ERR  p: [717, 329], r: 635327578, e: -3221, error: 248
#ERR  p: [717, 330], r: 635327568, e: -3212, error: 249
#ERR  p: [717, 331], r: 635327558, e: -3200, error: 250
#ERR  p: [717, 332], r: 635327548, e: -3189, error: 251
#ERR  p: [717, 333], r: 635327538, e: -3180, error: 252
#ERR  p: [717, 334], r: 635327528, e: -3163, error: 253
#ERR  p: [717, 335], r: 635327518, e: -3166, error: 254
#ERR  p: [717, 336], r: 635327508, e: -3157, error: 255
#ERR  p: [717, 337], r: 635327498, e: -3143, error: 256
#ERR  p: [717, 338], r: 635327488, e: -3128, error: 257
#ERR  p: [717, 339], r: 635327478, e: -3114, error: 258
#ERR  p: [717, 340], r: 635327468, e: -3097, error: 259
#ERR  p: [717, 341], r: 635327458, e: -3090, error: 260
#ERR  p: [717, 342], r: 635327448, e: -3083, error: 261
#ERR  p: [717, 343], r: 635327438, e: -3074, error: 262
#ERR  p: [717, 344], r: 635327428, e: -3060, error: 263
#ERR  p: [717, 345], r: 635327418, e: -3051, error: 264
#ERR  p: [717, 346], r: 635327408, e: -3042, error: 265
#ERR  p: [717, 347], r: 635327398, e: -3039, error: 266
#ERR  p: [717, 348], r: 635327388, e: -3029, error: 267
#ERR  p: [717, 349], r: 635327378, e: -3017, error: 268
#ERR  p: [717, 350], r: 635327368, e: -3003, error: 269
#ERR  p: [717, 351], r: 635327358, e: -2989, error: 270
#ERR  p: [717, 352], r: 635327348, e: -2975, error: 271
#ERR  p: [717, 353], r: 635327338, e: -2966, error: 272
#ERR  p: [717, 354], r: 635327328, e: -2954, error: 273
#ERR  p: [717, 355], r: 635327318, e: -2939, error: 274
#ERR  p: [717, 356], r: 635327308, e: -2925, error: 275
#ERR  p: [717, 357], r: 635327298, e: -2912, error: 276
#ERR  p: [717, 358], r: 635327288, e: -2904, error: 277
#ERR  p: [717, 359], r: 635327278, e: -2892, error: 278
#ERR  p: [717, 360], r: 635327268, e: -2881, error: 279
#ERR  p: [717, 361], r: 635327258, e: -2871, error: 280
#ERR  p: [717, 362], r: 635327248, e: -2861, error: 281
#ERR  p: [717, 363], r: 635327238, e: -2853, error: 282
#ERR  p: [717, 364], r: 635327228, e: -2845, error: 283
#ERR  p: [717, 365], r: 635327218, e: -2836, error: 284
#ERR  p: [717, 366], r: 635327208, e: -2826, error: 285
#ERR  p: [717, 367], r: 635327198, e: -2814, error: 286
#ERR  p: [717, 368], r: 635327188, e: -2801, error: 287
#ERR  p: [717, 369], r: 635327178, e: -2792, error: 288
#ERR  p: [717, 370], r: 635327168, e: -2783, error: 289
#ERR  p: [717, 371], r: 635327158, e: -2773, error: 290
#ERR  p: [717, 372], r: 635327148, e: -2762, error: 291
#ERR  p: [717, 373], r: 635327138, e: -2751, error: 292
#ERR  p: [717, 374], r: 635327128, e: -2741, error: 293
#ERR  p: [717, 375], r: 635327118, e: -2724, error: 294
#ERR  p: [717, 376], r: 635327108, e: -2722, error: 295
#ERR  p: [717, 377], r: 635327098, e: -2713, error: 296
#ERR  p: [717, 378], r: 635327088, e: -2705, error: 297
#ERR  p: [717, 379], r: 635327078, e: -2699, error: 298
#ERR  p: [717, 380], r: 635327068, e: -2688, error: 299
#ERR  p: [717, 381], r: 635327058, e: -2674, error: 300
#ERR  p: [717, 382], r: 635327048, e: -2665, error: 301
#ERR  p: [717, 383], r: 635327038, e: -2655, error: 302
#ERR  p: [717, 384], r: 635327028, e: -2654, error: 303
#ERR  p: [717, 385], r: 635327018, e: -2645, error: 304
#ERR  p: [717, 386], r: 635327008, e: -2637, error: 305
#ERR  p: [717, 387], r: 635326998, e: -2633, error: 306
#ERR  p: [717, 388], r: 635326988, e: -2634, error: 307
#ERR  p: [717, 389], r: 635326978, e: -2617, error: 308
#ERR  p: [717, 390], r: 635326968, e: -2612, error: 309
#ERR  p: [717, 391], r: 635326958, e: -2603, error: 310
#ERR  p: [717, 392], r: 635326948, e: -2588, error: 311
#ERR  p: [717, 393], r: 635326938, e: -2580, error: 312
#ERR  p: [717, 394], r: 635326928, e: -2581, error: 313
#ERR  p: [717, 395], r: 635326918, e: -2571, error: 314
#ERR  p: [717, 396], r: 635326908, e: -2561, error: 315
#ERR  p: [717, 397], r: 635326898, e: -2544, error: 316
#ERR  p: [717, 398], r: 635326888, e: -2536, error: 317
#ERR  p: [717, 399], r: 635326878, e: -2535, error: 318
#ERR  p: [717, 400], r: 635326868, e: -2526, error: 319
#ERR  p: [717, 401], r: 635326858, e: -2518, error: 320
#ERR  p: [717, 402], r: 635326848, e: -2502, error: 321
#ERR  p: [717, 403], r: 635326838, e: -2493, error: 322
#ERR  p: [717, 404], r: 635326828, e: -2486, error: 323
#ERR  p: [717, 405], r: 635326818, e: -2484, error: 324
#ERR  p: [717, 406], r: 635326808, e: -2477, error: 325
#ERR  p: [717, 407], r: 635326798, e: -2467, error: 326
#ERR  p: [717, 408], r: 635326788, e: -2454, error: 327
#ERR  p: [717, 409], r: 635326778, e: -2443, error: 328
#ERR  p: [717, 410], r: 635326768, e: -2433, error: 329
#ERR  p: [717, 411], r: 635326758, e: -2425, error: 330
#ERR  p: [717, 412], r: 635326748, e: -2413, error: 331
#ERR  p: [717, 413], r: 635326738, e: -2411, error: 332
#ERR  p: [717, 414], r: 635326728, e: -2400, error: 333
#ERR  p: [717, 415], r: 635326718, e: -2391, error: 334
#ERR  p: [717, 416], r: 635326708, e: -2384, error: 335
#ERR  p: [717, 417], r: 635326698, e: -2374, error: 336
#ERR  p: [717, 418], r: 635326688, e: -2374, error: 337
#ERR  p: [717, 419], r: 635326678, e: -2365, error: 338
#ERR  p: [717, 420], r: 635326668, e: -2348, error: 339
#ERR  p: [717, 421], r: 635326658, e: -2350, error: 340
#ERR  p: [717, 422], r: 635326648, e: -2342, error: 341
#ERR  p: [717, 423], r: 635326638, e: -2345, error: 342
#ERR  p: [717, 424], r: 635326628, e: -2335, error: 343
#ERR  p: [717, 425], r: 635326618, e: -2326, error: 344
#ERR  p: [717, 426], r: 635326608, e: -2319, error: 345
#ERR  p: [717, 427], r: 635326598, e: -2311, error: 346
#ERR  p: [717, 428], r: 635326588, e: -2307, error: 347
#ERR  p: [717, 429], r: 635326578, e: -2298, error: 348
#ERR  p: [717, 430], r: 635326568, e: -2282, error: 349
#ERR  p: [717, 431], r: 635326558, e: -2273, error: 350
#ERR  p: [717, 432], r: 635326548, e: -2264, error: 351
#ERR  p: [717, 433], r: 635326538, e: -2254, error: 352
#ERR  p: [717, 434], r: 635326528, e: -2245, error: 353
#ERR  p: [717, 435], r: 635326518, e: -2236, error: 354
#ERR  p: [717, 436], r: 635326508, e: -2226, error: 355
#ERR  p: [717, 437], r: 635326498, e: -2218, error: 356
#ERR  p: [717, 438], r: 635326488, e: -2217, error: 357
#ERR  p: [717, 439], r: 635326478, e: -2208, error: 358
#ERR  p: [717, 440], r: 635326468, e: -2193, error: 359
#ERR  p: [717, 441], r: 635326458, e: -2191, error: 360
#ERR  p: [717, 442], r: 635326448, e: -2173, error: 361
#ERR  p: [717, 443], r: 635326438, e: -2160, error: 362
#ERR  p: [717, 444], r: 635326428, e: -2155, error: 363
#ERR  p: [717, 445], r: 635326418, e: -2146, error: 364
#ERR  p: [717, 446], r: 635326408, e: -2135, error: 365
#ERR  p: [717, 447], r: 635326398, e: -2119, error: 366
#ERR  p: [717, 448], r: 635326388, e: -2108, error: 367
#ERR  p: [717, 449], r: 635326378, e: -2096, error: 368
#ERR  p: [717, 450], r: 635326368, e: -2089, error: 369
#ERR  p: [717, 451], r: 635326358, e: -2072, error: 370
#ERR  p: [717, 452], r: 635326348, e: -2064, error: 371
#ERR  p: [717, 453], r: 635326338, e: -2068, error: 372
#ERR  p: [717, 454], r: 635326328, e: -2056, error: 373
#ERR  p: [717, 455], r: 635326318, e: -2040, error: 374
#ERR  p: [717, 456], r: 635326308, e: -2026, error: 375
#ERR  p: [717, 457], r: 635326298, e: -2018, error: 376
#ERR  p: [717, 458], r: 635326288, e: -2010, error: 377
#ERR  p: [717, 459], r: 635326278, e: -2000, error: 378
#ERR  p: [717, 460], r: 635326268, e: -1983, error: 379
#ERR  p: [717, 461], r: 635326258, e: -1977, error: 380
#ERR  p: [717, 462], r: 635326248, e: -1971, error: 381
#ERR  p: [717, 463], r: 635326238, e: -1960, error: 382
#ERR  p: [717, 464], r: 635326228, e: -1951, error: 383
#ERR  p: [717, 465], r: 635326218, e: -1945, error: 384
#ERR  p: [717, 466], r: 635326208, e: -1948, error: 385
#ERR  p: [717, 467], r: 635326198, e: -1940, error: 386
#ERR  p: [717, 468], r: 635326188, e: -1932, error: 387
#ERR  p: [717, 469], r: 635326178, e: -1924, error: 388
#ERR  p: [717, 470], r: 635326168, e: -1915, error: 389
#ERR  p: [717, 471], r: 635326158, e: -1904, error: 390
#ERR  p: [717, 472], r: 635326148, e: -1896, error: 391
#ERR  p: [717, 473], r: 635326138, e: -1887, error: 392
#ERR  p: [717, 474], r: 635326128, e: -1876, error: 393
#ERR  p: [717, 475], r: 635326118, e: -1865, error: 394
#ERR  p: [717, 476], r: 635326108, e: -1852, error: 395
#ERR  p: [717, 477], r: 635326098, e: -1843, error: 396
#ERR  p: [717, 478], r: 635326088, e: -1829, error: 397
#ERR  p: [717, 479], r: 635326078, e: -1820, error: 398
#ERR  p: [717, 480], r: 635326068, e: -1814, error: 399
#ERR  p: [717, 481], r: 635326058, e: -1807, error: 400
#ERR  p: [717, 482], r: 635326048, e: -1813, error: 401
#ERR  p: [717, 483], r: 635326038, e: -1810, error: 402
#ERR  p: [717, 484], r: 635326028, e: -1814, error: 403
#ERR  p: [717, 485], r: 635326018, e: -1809, error: 404
#ERR  p: [717, 486], r: 635326008, e: -1801, error: 405
#ERR  p: [717, 487], r: 635325998, e: -1793, error: 406
#ERR  p: [717, 488], r: 635325988, e: -1785, error: 407
#ERR  p: [717, 489], r: 635325978, e: -1771, error: 408
#ERR  p: [717, 490], r: 635325968, e: -1762, error: 409
#ERR  p: [717, 491], r: 635325958, e: -1753, error: 410
#ERR  p: [717, 492], r: 635325948, e: -1741, error: 411
#ERR  p: [717, 493], r: 635325938, e: -1729, error: 412
#ERR  p: [717, 494], r: 635325928, e: -1734, error: 413
#ERR  p: [717, 495], r: 635325918, e: -1722, error: 414
#ERR  p: [717, 496], r: 635325908, e: -1717, error: 415
#ERR  p: [717, 497], r: 635325898, e: -1704, error: 416
#ERR  p: [717, 498], r: 635325888, e: -1695, error: 417
#ERR  p: [717, 499], r: 635325878, e: -1687, error: 418
#ERR  p: [717, 500], r: 635325868, e: -1681, error: 419
#ERR  p: [717, 501], r: 635325858, e: -1664, error: 420
#ERR  p: [717, 502], r: 635325848, e: -1666, error: 421
#ERR  p: [717, 503], r: 635325838, e: -1649, error: 422
#ERR  p: [717, 504], r: 635325828, e: -1641, error: 423
#ERR  p: [717, 505], r: 635325818, e: -1642, error: 424
#ERR  p: [717, 506], r: 635325808, e: -1634, error: 425
#ERR  p: [717, 507], r: 635325798, e: -1625, error: 426
#ERR  p: [717, 508], r: 635325788, e: -1613, error: 427
#ERR  p: [717, 509], r: 635325778, e: -1609, error: 428
#ERR  p: [717, 510], r: 635325768, e: -1595, error: 429
#ERR  p: [717, 511], r: 635325758, e: -1582, error: 430
#ERR  p: [717, 512], r: 635325748, e: -1580, error: 431
#ERR  p: [717, 513], r: 635325738, e: -1575, error: 432
#ERR  p: [717, 514], r: 635325728, e: -1566, error: 433
#ERR  p: [717, 515], r: 635325718, e: -1552, error: 434
#ERR  p: [717, 516], r: 635325708, e: -1544, error: 435
#ERR  p: [717, 517], r: 635325698, e: -1546, error: 436
#ERR  p: [717, 518], r: 635325688, e: -1536, error: 437
#ERR  p: [717, 519], r: 635325678, e: -1523, error: 438
#ERR  p: [717, 520], r: 635325668, e: -1518, error: 439
#ERR  p: [717, 521], r: 635325658, e: -1506, error: 440
#ERR  p: [717, 522], r: 635325648, e: -1498, error: 441
#ERR  p: [717, 523], r: 635325638, e: -1490, error: 442
#ERR  p: [717, 524], r: 635325628, e: -1476, error: 443
#ERR  p: [717, 525], r: 635325618, e: -1470, error: 444
#ERR  p: [717, 526], r: 635325608, e: -1462, error: 445
#ERR  p: [717, 527], r: 635325598, e: -1454, error: 446
#ERR  p: [717, 528], r: 635325588, e: -1441, error: 447
#ERR  p: [717, 529], r: 635325578, e: -1429, error: 448
#ERR  p: [717, 530], r: 635325568, e: -1428, error: 449
#ERR  p: [717, 531], r: 635325558, e: -1420, error: 450
#ERR  p: [717, 532], r: 635325548, e: -1423, error: 451
#ERR  p: [717, 533], r: 635325538, e: -1416, error: 452
#ERR  p: [717, 534], r: 635325528, e: -1407, error: 453
#ERR  p: [717, 535], r: 635325518, e: -1401, error: 454
#ERR  p: [717, 536], r: 635325508, e: -1392, error: 455
#ERR  p: [717, 537], r: 635325498, e: -1380, error: 456
#ERR  p: [717, 538], r: 635325488, e: -1371, error: 457
#ERR  p: [717, 539], r: 635325478, e: -1362, error: 458
#ERR  p: [717, 540], r: 635325468, e: -1359, error: 459
#ERR  p: [717, 541], r: 635325458, e: -1347, error: 460
#ERR  p: [717, 542], r: 635325448, e: -1350, error: 461
#ERR  p: [717, 543], r: 635325438, e: -1343, error: 462
#ERR  p: [717, 544], r: 635325428, e: -1333, error: 463
#ERR  p: [717, 545], r: 635325418, e: -1325, error: 464
#ERR  p: [717, 546], r: 635325408, e: -1318, error: 465
#ERR  p: [717, 547], r: 635325398, e: -1312, error: 466
#ERR  p: [717, 548], r: 635325388, e: -1306, error: 467
#ERR  p: [717, 549], r: 635325378, e: -1305, error: 468
#ERR  p: [717, 550], r: 635325368, e: -1296, error: 469
#ERR  p: [717, 551], r: 635325358, e: -1301, error: 470
#ERR  p: [717, 552], r: 635325348, e: -1297, error: 471
#ERR  p: [717, 553], r: 635325338, e: -1293, error: 472
#ERR  p: [717, 554], r: 635325328, e: -1282, error: 473
#ERR  p: [717, 555], r: 635325318, e: -1271, error: 474
#ERR  p: [717, 556], r: 635325308, e: -1262, error: 475
#ERR  p: [717, 557], r: 635325298, e: -1255, error: 476
#ERR  p: [717, 558], r: 635325288, e: -1249, error: 477
#ERR  p: [717, 559], r: 635325278, e: -1248, error: 478
#ERR  p: [717, 560], r: 635325268, e: -1239, error: 479
#ERR  p: [717, 561], r: 635325258, e: -1234, error: 480
#ERR  p: [717, 562], r: 635325248, e: -1229, error: 481
#ERR  p: [717, 563], r: 635325238, e: -1220, error: 482
#ERR  p: [717, 564], r: 635325228, e: -1218, error: 483
#ERR  p: [717, 565], r: 635325218, e: -1209, error: 484
#ERR  p: [717, 566], r: 635325208, e: -1200, error: 485
#ERR  p: [717, 567], r: 635325198, e: -1192, error: 486
#ERR  p: [717, 568], r: 635325188, e: -1185, error: 487
#ERR  p: [717, 569], r: 635325178, e: -1176, error: 488
#ERR  p: [717, 570], r: 635325168, e: -1167, error: 489
#ERR  p: [717, 571], r: 635325158, e: -1162, error: 490
#ERR  p: [717, 572], r: 635325148, e: -1153, error: 491
#ERR  p: [717, 573], r: 635325138, e: -1147, error: 492
#ERR  p: [717, 574], r: 635325128, e: -1137, error: 493
#ERR  p: [717, 575], r: 635325118, e: -1129, error: 494
#ERR  p: [717, 576], r: 635325108, e: -1122, error: 495
#ERR  p: [717, 577], r: 635325098, e: -1116, error: 496
#ERR  p: [717, 578], r: 635325088, e: -1120, error: 497
#ERR  p: [717, 579], r: 635325078, e: -1110, error: 498
#ERR  p: [717, 580], r: 635325068, e: -1097, error: 499
#SDC Ite:0 KerTime:0.294282 AccTime:0.294282 KerErr:500 AccErr:500
#END