#HEADER max_rows:2048 max_cols:2048 penalty:10
#BEGIN Y:2016 M:09 D:12 Time:15:47:20
#IT Ite:0 KerTime:0.294738 AccTime:0.294738
#ERR Error detected! kerrors = 1420147
#ERR  p: [976, 722], r: 1510983296, e: -1938, error: 1
#ERR  p: [977, 722], r: 1510983286, e: -1947, error: 2
#ERR  p: [977, 723], r: 1510983294, e: -1935, error: 3
#ERR  p: [977, 724], r: 1510983284, e: -1925, error: 4
#ERR  p: [977, 725], r: 1510983274, e: -1917, error: 5
#ERR  p: [977, 726], r: 1510983264, e: -1909, error: 6
#ERR  p: [977, 727], r: 1510983254, e: -1900, error: 7
#ERR  p: [977, 728], r: 1510983244, e: -1892, error: 8
#ERR  p: [977, 729], r: 1510983234, e: -1884, error: 9
#ERR  p: [977, 730], r: 1510983224, e: -1875, error: 10
#ERR  p: [977, 731], r: 1510983214, e: -1870, error: 11
#ERR  p: [977, 732], r: 1510983204, e: -1864, error: 12
#ERR  p: [977, 733], r: 1510983194, e: -1848, error: 13
#ERR  p: [977, 734], r: 1510983184, e: -1847, error: 14
#ERR  p: [977, 735], r: 1510983174, e: -1840, error: 15
#ERR  p: [977, 736], r: 1510983164, e: -1834, error: 16
#ERR  p: [977, 737], r: 1510983154, e: -1829, error: 17
#ERR  p: [977, 738], r: 1510983144, e: -1835, error: 18
#ERR  p: [977, 739], r: 1510983134, e: -1831, error: 19
#ERR  p: [977, 740], r: 1510983124, e: -1821, error: 20
#ERR  p: [977, 741], r: 1510983114, e: -1827, error: 21
#ERR  p: [977, 742], r: 1510983104, e: -1815, error: 22
#ERR  p: [977, 743], r: 1510983094, e: -1800, error: 23
#ERR  p: [977, 744], r: 1510983084, e: -1791, error: 24
#ERR  p: [977, 745], r: 1510983074, e: -1780, error: 25
#ERR  p: [977, 746], r: 1510983064, e: -1768, error: 26
#ERR  p: [977, 747], r: 1510983054, e: -1759, error: 27
#ERR  p: [977, 748], r: 1510983044, e: -1757, error: 28
#ERR  p: [977, 749], r: 1510983034, e: -1763, error: 29
#ERR  p: [977, 750], r: 1510983024, e: -1752, error: 30
#ERR  p: [977, 751], r: 1510983014, e: -1749, error: 31
#ERR  p: [977, 752], r: 1510983004, e: -1747, error: 32
#ERR  p: [977, 753], r: 1510982994, e: -1737, error: 33
#ERR  p: [977, 754], r: 1510982984, e: -1726, error: 34
#ERR  p: [977, 755], r: 1510982974, e: -1714, error: 35
#ERR  p: [977, 756], r: 1510982964, e: -1708, error: 36
#ERR  p: [977, 757], r: 1510982954, e: -1699, error: 37
#ERR  p: [977, 758], r: 1510982944, e: -1693, error: 38
#ERR  p: [977, 759], r: 1510982934, e: -1688, error: 39
#ERR  p: [977, 760], r: 1510982924, e: -1688, error: 40
#ERR  p: [977, 761], r: 1510982914, e: -1684, error: 41
#ERR  p: [977, 762], r: 1510982904, e: -1680, error: 42
#ERR  p: [977, 763], r: 1510982894, e: -1677, error: 43
#ERR  p: [977, 764], r: 1510982884, e: -1667, error: 44
#ERR  p: [977, 765], r: 1510982874, e: -1662, error: 45
#ERR  p: [977, 766], r: 1510982864, e: -1655, error: 46
#ERR  p: [977, 767], r: 1510982854, e: -1651, error: 47
#ERR  p: [977, 768], r: 1510982844, e: -1647, error: 48
#ERR  p: [977, 769], r: 1510982834, e: -1638, error: 49
#ERR  p: [977, 770], r: 1510982824, e: -1629, error: 50
#ERR  p: [977, 771], r: 1510982814, e: -1618, error: 51
#ERR  p: [977, 772], r: 1510982804, e: -1605, error: 52
#ERR  p: [977, 773], r: 1510982794, e: -1593, error: 53
#ERR  p: [977, 774], r: 1510982784, e: -1579, error: 54
#ERR  p: [977, 775], r: 1510982774, e: -1570, error: 55
#ERR  p: [977, 776], r: 1510982764, e: -1562, error: 56
#ERR  p: [977, 777], r: 1510982754, e: -1566, error: 57
#ERR  p: [977, 778], r: 1510982744, e: -1564, error: 58
#ERR  p: [977, 779], r: 1510982734, e: -1558, error: 59
#ERR  p: [977, 780], r: 1510982724, e: -1558, error: 60
#ERR  p: [977, 781], r: 1510982714, e: -1554, error: 61
#ERR  p: [977, 782], r: 1510982704, e: -1543, error: 62
#ERR  p: [977, 783], r: 1510982694, e: -1546, error: 63
#ERR  p: [977, 784], r: 1510982684, e: -1548, error: 64
#ERR  p: [977, 785], r: 1510982674, e: -1530, error: 65
#ERR  p: [977, 786], r: 1510982664, e: -1519, error: 66
#ERR  p: [977, 787], r: 1510982654, e: -1518, error: 67
#ERR  p: [977, 788], r: 1510982644, e: -1518, error: 68
#ERR  p: [977, 789], r: 1510982634, e: -1517, error: 69
#ERR  p: [977, 790], r: 1510982624, e: -1509, error: 70
#ERR  p: [977, 791], r: 1510982614, e: -1502, error: 71
#ERR  p: [977, 792], r: 1510982604, e: -1491, error: 72
#ERR  p: [977, 793], r: 1510982594, e: -1483, error: 73
#ERR  p: [977, 794], r: 1510982584, e: -1476, error: 74
#ERR  p: [977, 795], r: 1510982574, e: -1467, error: 75
#ERR  p: [977, 796], r: 1510982564, e: -1451, error: 76
#ERR  p: [977, 797], r: 1510982554, e: -1450, error: 77
#ERR  p: [977, 798], r: 1510982544, e: -1444, error: 78
#ERR  p: [977, 799], r: 1510982534, e: -1432, error: 79
#ERR  p: [977, 800], r: 1510982524, e: -1424, error: 80
#ERR  p: [977, 801], r: 1510982514, e: -1422, error: 81
#ERR  p: [977, 802], r: 1510982504, e: -1415, error: 82
#ERR  p: [977, 803], r: 1510982494, e: -1407, error: 83
#ERR  p: [977, 804], r: 1510982484, e: -1400, error: 84
#ERR  p: [977, 805], r: 1510982474, e: -1388, error: 85
#ERR  p: [977, 806], r: 1510982464, e: -1381, error: 86
#ERR  p: [977, 807], r: 1510982454, e: -1371, error: 87
#ERR  p: [977, 808], r: 1510982444, e: -1360, error: 88
#ERR  p: [977, 809], r: 1510982434, e: -1351, error: 89
#ERR  p: [977, 810], r: 1510982424, e: -1344, error: 90
#ERR  p: [977, 811], r: 1510982414, e: -1331, error: 91
#ERR  p: [977, 812], r: 1510982404, e: -1322, error: 92
#ERR  p: [977, 813], r: 1510982394, e: -1311, error: 93
#ERR  p: [977, 814], r: 1510982384, e: -1299, error: 94
#ERR  p: [977, 815], r: 1510982374, e: -1292, error: 95
#ERR  p: [977, 816], r: 1510982364, e: -1288, error: 96
#ERR  p: [977, 817], r: 1510982354, e: -1298, error: 97
#ERR  p: [977, 818], r: 1510982344, e: -1291, error: 98
#ERR  p: [977, 819], r: 1510982334, e: -1283, error: 99
#ERR  p: [977, 820], r: 1510982324, e: -1281, error: 100
#ERR  p: [977, 821], r: 1510982314, e: -1275, error: 101
#ERR  p: [977, 822], r: 1510982304, e: -1266, error: 102
#ERR  p: [977, 823], r: 1510982294, e: -1254, error: 103
#ERR  p: [977, 824], r: 1510982284, e: -1264, error: 104
#ERR  p: [977, 825], r: 1510982274, e: -1256, error: 105
#ERR  p: [977, 826], r: 1510982264, e: -1265, error: 106
#ERR  p: [977, 827], r: 1510982254, e: -1261, error: 107
#ERR  p: [977, 828], r: 1510982244, e: -1260, error: 108
#ERR  p: [977, 829], r: 1510982234, e: -1253, error: 109
#ERR  p: [977, 830], r: 1510982224, e: -1246, error: 110
#ERR  p: [977, 831], r: 1510982214, e: -1237, error: 111
#ERR  p: [977, 832], r: 1510982204, e: -1221, error: 112
#ERR  p: [977, 833], r: 1510982194, e: -1218, error: 113
#ERR  p: [977, 834], r: 1510982184, e: -1210, error: 114
#ERR  p: [977, 835], r: 1510982174, e: -1195, error: 115
#ERR  p: [977, 836], r: 1510982164, e: -1190, error: 116
#ERR  p: [977, 837], r: 1510982154, e: -1182, error: 117
#ERR  p: [977, 838], r: 1510982144, e: -1172, error: 118
#ERR  p: [977, 839], r: 1510982134, e: -1176, error: 119
#ERR  p: [977, 840], r: 1510982124, e: -1171, error: 120
#ERR  p: [977, 841], r: 1510982114, e: -1166, error: 121
#ERR  p: [977, 842], r: 1510982104, e: -1158, error: 122
#ERR  p: [977, 843], r: 1510982094, e: -1146, error: 123
#ERR  p: [977, 844], r: 1510982084, e: -1128, error: 124
#ERR  p: [977, 845], r: 1510982074, e: -1118, error: 125
#ERR  p: [977, 846], r: 1510982064, e: -1102, error: 126
#ERR  p: [977, 847], r: 1510982054, e: -1091, error: 127
#ERR  p: [977, 848], r: 1510982044, e: -1085, error: 128
#ERR  p: [977, 849], r: 1510982034, e: -1085, error: 129
#ERR  p: [977, 850], r: 1510982024, e: -1086, error: 130
#ERR  p: [977, 851], r: 1510982014, e: -1076, error: 131
#ERR  p: [977, 852], r: 1510982004, e: -1066, error: 132
#ERR  p: [977, 853], r: 1510981994, e: -1058, error: 133
#ERR  p: [977, 854], r: 1510981984, e: -1042, error: 134
#ERR  p: [977, 855], r: 1510981974, e: -1042, error: 135
#ERR  p: [977, 856], r: 1510981964, e: -1033, error: 136
#ERR  p: [977, 857], r: 1510981954, e: -1025, error: 137
#ERR  p: [977, 858], r: 1510981944, e: -1015, error: 138
#ERR  p: [977, 859], r: 1510981934, e: -1010, error: 139
#ERR  p: [977, 860], r: 1510981924, e: -1004, error: 140
#ERR  p: [977, 861], r: 1510981914, e: -1008, error: 141
#ERR  p: [977, 862], r: 1510981904, e: -1012, error: 142
#ERR  p: [977, 863], r: 1510981894, e: -1017, error: 143
#ERR  p: [977, 864], r: 1510981884, e: -1011, error: 144
#ERR  p: [977, 865], r: 1510981874, e: -1007, error: 145
#ERR  p: [977, 866], r: 1510981864, e: -1001, error: 146
#ERR  p: [977, 867], r: 1510981854, e: -996, error: 147
#ERR  p: [977, 868], r: 1510981844, e: -985, error: 148
#ERR  p: [977, 869], r: 1510981834, e: -974, error: 149
#ERR  p: [977, 870], r: 1510981824, e: -977, error: 150
#ERR  p: [977, 871], r: 1510981814, e: -973, error: 151
#ERR  p: [977, 872], r: 1510981804, e: -959, error: 152
#ERR  p: [977, 873], r: 1510981794, e: -959, error: 153
#ERR  p: [977, 874], r: 1510981784, e: -958, error: 154
#ERR  p: [977, 875], r: 1510981774, e: -958, error: 155
#ERR  p: [977, 876], r: 1510981764, e: -949, error: 156
#ERR  p: [977, 877], r: 1510981754, e: -942, error: 157
#ERR  p: [977, 878], r: 1510981744, e: -926, error: 158
#ERR  p: [977, 879], r: 1510981734, e: -923, error: 159
#ERR  p: [977, 880], r: 1510981724, e: -914, error: 160
#ERR  p: [977, 881], r: 1510981714, e: -906, error: 161
#ERR  p: [977, 882], r: 1510981704, e: -899, error: 162
#ERR  p: [977, 883], r: 1510981694, e: -907, error: 163
#ERR  p: [977, 884], r: 1510981684, e: -914, error: 164
#ERR  p: [977, 885], r: 1510981674, e: -915, error: 165
#ERR  p: [977, 886], r: 1510981664, e: -919, error: 166
#ERR  p: [977, 887], r: 1510981654, e: -918, error: 167
#ERR  p: [977, 888], r: 1510981644, e: -906, error: 168
#ERR  p: [977, 889], r: 1510981634, e: -894, error: 169
#ERR  p: [977, 890], r: 1510981624, e: -889, error: 170
#ERR  p: [977, 891], r: 1510981614, e: -882, error: 171
#ERR  p: [977, 892], r: 1510981604, e: -884, error: 172
#ERR  p: [977, 893], r: 1510981594, e: -873, error: 173
#ERR  p: [977, 894], r: 1510981584, e: -865, error: 174
#ERR  p: [977, 895], r: 1510981574, e: -862, error: 175
#ERR  p: [977, 896], r: 1510981564, e: -865, error: 176
#ERR  p: [977, 897], r: 1510981554, e: -857, error: 177
#ERR  p: [977, 898], r: 1510981544, e: -848, error: 178
#ERR  p: [977, 899], r: 1510981534, e: -837, error: 179
#ERR  p: [977, 900], r: 1510981524, e: -831, error: 180
#ERR  p: [977, 901], r: 1510981514, e: -832, error: 181
#ERR  p: [977, 902], r: 1510981504, e: -834, error: 182
#ERR  p: [977, 903], r: 1510981494, e: -831, error: 183
#ERR  p: [977, 904], r: 1510981484, e: -820, error: 184
#ERR  p: [977, 905], r: 1510981474, e: -829, error: 185
#ERR  p: [977, 906], r: 1510981464, e: -826, error: 186
#ERR  p: [977, 907], r: 1510981454, e: -821, error: 187
#ERR  p: [977, 908], r: 1510981444, e: -810, error: 188
#ERR  p: [977, 909], r: 1510981434, e: -804, error: 189
#ERR  p: [977, 910], r: 1510981424, e: -798, error: 190
#ERR  p: [977, 911], r: 1510981414, e: -784, error: 191
#ERR  p: [977, 912], r: 1510981404, e: -775, error: 192
#ERR  p: [977, 913], r: 1510981394, e: -777, error: 193
#ERR  p: [977, 914], r: 1510981384, e: -765, error: 194
#ERR  p: [977, 915], r: 1510981374, e: -758, error: 195
#ERR  p: [977, 916], r: 1510981364, e: -759, error: 196
#ERR  p: [977, 917], r: 1510981354, e: -766, error: 197
#ERR  p: [977, 918], r: 1510981344, e: -772, error: 198
#ERR  p: [977, 919], r: 1510981334, e: -778, error: 199
#ERR  p: [977, 920], r: 1510981324, e: -785, error: 200
#ERR  p: [977, 921], r: 1510981314, e: -769, error: 201
#ERR  p: [977, 922], r: 1510981304, e: -758, error: 202
#ERR  p: [977, 923], r: 1510981294, e: -760, error: 203
#ERR  p: [977, 924], r: 1510981284, e: -754, error: 204
#ERR  p: [977, 925], r: 1510981274, e: -746, error: 205
#ERR  p: [977, 926], r: 1510981264, e: -743, error: 206
#ERR  p: [977, 927], r: 1510981254, e: -743, error: 207
#ERR  p: [977, 928], r: 1510981244, e: -743, error: 208
#ERR  p: [977, 929], r: 1510981234, e: -729, error: 209
#ERR  p: [977, 930], r: 1510981224, e: -739, error: 210
#ERR  p: [977, 931], r: 1510981214, e: -745, error: 211
#ERR  p: [977, 932], r: 1510981204, e: -743, error: 212
#ERR  p: [977, 933], r: 1510981194, e: -737, error: 213
#ERR  p: [977, 934], r: 1510981184, e: -737, error: 214
#ERR  p: [977, 935], r: 1510981174, e: -736, error: 215
#ERR  p: [977, 936], r: 1510981164, e: -729, error: 216
#ERR  p: [977, 937], r: 1510981154, e: -716, error: 217
#ERR  p: [977, 938], r: 1510981144, e: -709, error: 218
#ERR  p: [977, 939], r: 1510981134, e: -711, error: 219
#ERR  p: [977, 940], r: 1510981124, e: -713, error: 220
#ERR  p: [977, 941], r: 1510981114, e: -709, error: 221
#ERR  p: [977, 942], r: 1510981104, e: -698, error: 222
#ERR  p: [977, 943], r: 1510981094, e: -695, error: 223
#ERR  p: [977, 944], r: 1510981084, e: -694, error: 224
#ERR  p: [977, 945], r: 1510981074, e: -684, error: 225
#ERR  p: [977, 946], r: 1510981064, e: -675, error: 226
#ERR  p: [977, 947], r: 1510981054, e: -676, error: 227
#ERR  p: [977, 948], r: 1510981044, e: -686, error: 228
#ERR  p: [977, 949], r: 1510981034, e: -682, error: 229
#ERR  p: [977, 950], r: 1510981024, e: -680, error: 230
#ERR  p: [977, 951], r: 1510981014, e: -674, error: 231
#ERR  p: [977, 952], r: 1510981004, e: -673, error: 232
#ERR  p: [977, 953], r: 1510980994, e: -668, error: 233
#ERR  p: [977, 954], r: 1510980984, e: -678, error: 234
#ERR  p: [977, 955], r: 1510980974, e: -688, error: 235
#ERR  p: [977, 956], r: 1510980964, e: -698, error: 236
#ERR  p: [977, 957], r: 1510980954, e: -708, error: 237
#ERR  p: [977, 958], r: 1510980944, e: -713, error: 238
#ERR  p: [977, 959], r: 1510980934, e: -722, error: 239
#ERR  p: [977, 960], r: 1510980924, e: -727, error: 240
#ERR  p: [977, 961], r: 1510980914, e: -722, error: 241
#ERR  p: [977, 962], r: 1510980904, e: -727, error: 242
#ERR  p: [977, 963], r: 1510980894, e: -737, error: 243
#ERR  p: [977, 964], r: 1510980884, e: -746, error: 244
#ERR  p: [977, 965], r: 1510980874, e: -743, error: 245
#ERR  p: [977, 966], r: 1510980864, e: -746, error: 246
#ERR  p: [977, 967], r: 1510980854, e: -739, error: 247
#ERR  p: [977, 968], r: 1510980844, e: -735, error: 248
#ERR  p: [977, 969], r: 1510980834, e: -728, error: 249
#ERR  p: [977, 970], r: 1510980824, e: -727, error: 250
#ERR  p: [977, 971], r: 1510980814, e: -728, error: 251
#ERR  p: [977, 972], r: 1510980804, e: -719, error: 252
#ERR  p: [977, 973], r: 1510980794, e: -729, error: 253
#ERR  p: [977, 974], r: 1510980784, e: -735, error: 254
#ERR  p: [977, 975], r: 1510980774, e: -728, error: 255
#ERR  p: [977, 976], r: 1510980764, e: -715, error: 256
#ERR  p: [977, 977], r: 1510980754, e: -721, error: 257
#ERR  p: [977, 978], r: 1510980744, e: -727, error: 258
#ERR  p: [977, 979], r: 1510980734, e: -737, error: 259
#ERR  p: [977, 980], r: 1510980724, e: -744, error: 260
#ERR  p: [977, 981], r: 1510980714, e: -748, error: 261
#ERR  p: [977, 982], r: 1510980704, e: -758, error: 262
#ERR  p: [977, 983], r: 1510980694, e: -753, error: 263
#ERR  p: [977, 984], r: 1510980684, e: -763, error: 264
#ERR  p: [977, 985], r: 1510980674, e: -773, error: 265
#ERR  p: [977, 986], r: 1510980664, e: -770, error: 266
#ERR  p: [977, 987], r: 1510980654, e: -764, error: 267
#ERR  p: [977, 988], r: 1510980644, e: -768, error: 268
#ERR  p: [977, 989], r: 1510980634, e: -774, error: 269
#ERR  p: [977, 990], r: 1510980624, e: -783, error: 270
#ERR  p: [977, 991], r: 1510980614, e: -771, error: 271
#ERR  p: [977, 992], r: 1510980604, e: -780, error: 272
#ERR  p: [977, 993], r: 1510980594, e: -771, error: 273
#ERR  p: [977, 994], r: 1510980584, e: -774, error: 274
#ERR  p: [977, 995], r: 1510980574, e: -775, error: 275
#ERR  p: [977, 996], r: 1510980564, e: -785, error: 276
#ERR  p: [977, 997], r: 1510980554, e: -774, error: 277
#ERR  p: [977, 998], r: 1510980544, e: -779, error: 278
#ERR  p: [977, 999], r: 1510980534, e: -772, error: 279
#ERR  p: [977, 1000], r: 1510980524, e: -771, error: 280
#ERR  p: [977, 1001], r: 1510980514, e: -760, error: 281
#ERR  p: [977, 1002], r: 1510980504, e: -764, error: 282
#ERR  p: [977, 1003], r: 1510980494, e: -759, error: 283
#ERR  p: [977, 1004], r: 1510980484, e: -769, error: 284
#ERR  p: [977, 1005], r: 1510980474, e: -766, error: 285
#ERR  p: [977, 1006], r: 1510980464, e: -763, error: 286
#ERR  p: [977, 1007], r: 1510980454, e: -757, error: 287
#ERR  p: [977, 1008], r: 1510980444, e: -755, error: 288
#ERR  p: [977, 1009], r: 1510980434, e: -756, error: 289
#ERR  p: [977, 1010], r: 1510980424, e: -753, error: 290
#ERR  p: [977, 1011], r: 1510980414, e: -746, error: 291
#ERR  p: [977, 1012], r: 1510980404, e: -756, error: 292
#ERR  p: [977, 1013], r: 1510980394, e: -755, error: 293
#ERR  p: [977, 1014], r: 1510980384, e: -745, error: 294
#ERR  p: [977, 1015], r: 1510980374, e: -743, error: 295
#ERR  p: [977, 1016], r: 1510980364, e: -749, error: 296
#ERR  p: [977, 1017], r: 1510980354, e: -759, error: 297
#ERR  p: [977, 1018], r: 1510980344, e: -769, error: 298
#ERR  p: [977, 1019], r: 1510980334, e: -772, error: 299
#ERR  p: [977, 1020], r: 1510980324, e: -779, error: 300
#ERR  p: [977, 1021], r: 1510980314, e: -786, error: 301
#ERR  p: [977, 1022], r: 1510980304, e: -795, error: 302
#ERR  p: [977, 1023], r: 1510980294, e: -805, error: 303
#ERR  p: [977, 1024], r: 1510980284, e: -815, error: 304
#ERR  p: [977, 1025], r: 1510980274, e: -823, error: 305
#ERR  p: [977, 1026], r: 1510980264, e: -833, error: 306
#ERR  p: [977, 1027], r: 1510980254, e: -831, error: 307
#ERR  p: [977, 1028], r: 1510980244, e: -841, error: 308
#ERR  p: [977, 1029], r: 1510980234, e: -843, error: 309
#ERR  p: [977, 1030], r: 1510980224, e: -841, error: 310
#ERR  p: [977, 1031], r: 1510980214, e: -842, error: 311
#ERR  p: [977, 1032], r: 1510980204, e: -841, error: 312
#ERR  p: [977, 1033], r: 1510980194, e: -834, error: 313
#ERR  p: [977, 1034], r: 1510980184, e: -818, error: 314
#ERR  p: [977, 1035], r: 1510980174, e: -828, error: 315
#ERR  p: [977, 1036], r: 1510980164, e: -838, error: 316
#ERR  p: [977, 1037], r: 1510980154, e: -848, error: 317
#ERR  p: [977, 1038], r: 1510980144, e: -849, error: 318
#ERR  p: [977, 1039], r: 1510980134, e: -848, error: 319
#ERR  p: [977, 1040], r: 1510980124, e: -849, error: 320
#ERR  p: [977, 1041], r: 1510980114, e: -843, error: 321
#ERR  p: [977, 1042], r: 1510980104, e: -851, error: 322
#ERR  p: [977, 1043], r: 1510980094, e: -861, error: 323
#ERR  p: [977, 1044], r: 1510980084, e: -871, error: 324
#ERR  p: [977, 1045], r: 1510980074, e: -869, error: 325
#ERR  p: [977, 1046], r: 1510980064, e: -879, error: 326
#ERR  p: [977, 1047], r: 1510980054, e: -887, error: 327
#ERR  p: [977, 1048], r: 1510980044, e: -892, error: 328
#ERR  p: [977, 1049], r: 1510980034, e: -902, error: 329
#ERR  p: [977, 1050], r: 1510980024, e: -909, error: 330
#ERR  p: [977, 1051], r: 1510980014, e: -906, error: 331
#ERR  p: [977, 1052], r: 1510980004, e: -916, error: 332
#ERR  p: [977, 1053], r: 1510979994, e: -919, error: 333
#ERR  p: [977, 1054], r: 1510979984, e: -929, error: 334
#ERR  p: [977, 1055], r: 1510979974, e: -931, error: 335
#ERR  p: [977, 1056], r: 1510979964, e: -941, error: 336
#ERR  p: [977, 1057], r: 1510979954, e: -944, error: 337
#ERR  p: [977, 1058], r: 1510979944, e: -951, error: 338
#ERR  p: [977, 1059], r: 1510979934, e: -949, error: 339
#ERR  p: [977, 1060], r: 1510979924, e: -936, error: 340
#ERR  p: [977, 1061], r: 1510979914, e: -932, error: 341
#ERR  p: [977, 1062], r: 1510979904, e: -918, error: 342
#ERR  p: [977, 1063], r: 1510979894, e: -928, error: 343
#ERR  p: [977, 1064], r: 1510979884, e: -938, error: 344
#ERR  p: [977, 1065], r: 1510979874, e: -940, error: 345
#ERR  p: [977, 1066], r: 1510979864, e: -942, error: 346
#ERR  p: [977, 1067], r: 1510979854, e: -952, error: 347
#ERR  p: [977, 1068], r: 1510979844, e: -948, error: 348
#ERR  p: [977, 1069], r: 1510979834, e: -956, error: 349
#ERR  p: [977, 1070], r: 1510979824, e: -966, error: 350
#ERR  p: [977, 1071], r: 1510979814, e: -976, error: 351
#ERR  p: [977, 1072], r: 1510979804, e: -974, error: 352
#ERR  p: [977, 1073], r: 1510979794, e: -983, error: 353
#ERR  p: [977, 1074], r: 1510979784, e: -989, error: 354
#ERR  p: [977, 1075], r: 1510979774, e: -991, error: 355
#ERR  p: [977, 1076], r: 1510979764, e: -1001, error: 356
#ERR  p: [977, 1077], r: 1510979754, e: -1011, error: 357
#ERR  p: [977, 1078], r: 1510979744, e: -1021, error: 358
#ERR  p: [977, 1079], r: 1510979734, e: -1028, error: 359
#ERR  p: [977, 1080], r: 1510979724, e: -1038, error: 360
#ERR  p: [977, 1081], r: 1510979714, e: -1039, error: 361
#ERR  p: [977, 1082], r: 1510979704, e: -1030, error: 362
#ERR  p: [977, 1083], r: 1510979694, e: -1040, error: 363
#ERR  p: [977, 1084], r: 1510979684, e: -1043, error: 364
#ERR  p: [977, 1085], r: 1510979674, e: -1051, error: 365
#ERR  p: [977, 1086], r: 1510979664, e: -1058, error: 366
#ERR  p: [977, 1087], r: 1510979654, e: -1068, error: 367
#ERR  p: [977, 1088], r: 1510979644, e: -1073, error: 368
#ERR  p: [977, 1089], r: 1510979634, e: -1063, error: 369
#ERR  p: [977, 1090], r: 1510979624, e: -1069, error: 370
#ERR  p: [977, 1091], r: 1510979614, e: -1079, error: 371
#ERR  p: [977, 1092], r: 1510979604, e: -1080, error: 372
#ERR  p: [977, 1093], r: 1510979594, e: -1088, error: 373
#ERR  p: [977, 1094], r: 1510979584, e: -1090, error: 374
#ERR  p: [977, 1095], r: 1510979574, e: -1092, error: 375
#ERR  p: [977, 1096], r: 1510979564, e: -1084, error: 376
#ERR  p: [977, 1097], r: 1510979554, e: -1090, error: 377
#ERR  p: [977, 1098], r: 1510979544, e: -1076, error: 378
#ERR  p: [977, 1099], r: 1510979534, e: -1086, error: 379
#ERR  p: [977, 1100], r: 1510979524, e: -1096, error: 380
#ERR  p: [977, 1101], r: 1510979514, e: -1105, error: 381
#ERR  p: [977, 1102], r: 1510979504, e: -1113, error: 382
#ERR  p: [977, 1103], r: 1510979494, e: -1105, error: 383
#ERR  p: [977, 1104], r: 1510979484, e: -1112, error: 384
#ERR  p: [977, 1105], r: 1510979474, e: -1109, error: 385
#ERR  p: [977, 1106], r: 1510979464, e: -1108, error: 386
#ERR  p: [977, 1107], r: 1510979454, e: -1105, error: 387
#ERR  p: [977, 1108], r: 1510979444, e: -1113, error: 388
#ERR  p: [977, 1109], r: 1510979434, e: -1116, error: 389
#ERR  p: [977, 1110], r: 1510979424, e: -1126, error: 390
#ERR  p: [977, 1111], r: 1510979414, e: -1136, error: 391
#ERR  p: [977, 1112], r: 1510979404, e: -1145, error: 392
#ERR  p: [977, 1113], r: 1510979394, e: -1155, error: 393
#ERR  p: [977, 1114], r: 1510979384, e: -1150, error: 394
#ERR  p: [977, 1115], r: 1510979374, e: -1160, error: 395
#ERR  p: [977, 1116], r: 1510979364, e: -1168, error: 396
#ERR  p: [977, 1117], r: 1510979354, e: -1178, error: 397
#ERR  p: [977, 1118], r: 1510979344, e: -1180, error: 398
#ERR  p: [977, 1119], r: 1510979334, e: -1190, error: 399
#ERR  p: [977, 1120], r: 1510979324, e: -1197, error: 400
#ERR  p: [977, 1121], r: 1510979314, e: -1207, error: 401
#ERR  p: [977, 1122], r: 1510979304, e: -1209, error: 402
#ERR  p: [977, 1123], r: 1510979294, e: -1209, error: 403
#ERR  p: [977, 1124], r: 1510979284, e: -1215, error: 404
#ERR  p: [977, 1125], r: 1510979274, e: -1215, error: 405
#ERR  p: [977, 1126], r: 1510979264, e: -1225, error: 406
#ERR  p: [977, 1127], r: 1510979254, e: -1235, error: 407
#ERR  p: [977, 1128], r: 1510979244, e: -1245, error: 408
#ERR  p: [977, 1129], r: 1510979234, e: -1254, error: 409
#ERR  p: [977, 1130], r: 1510979224, e: -1264, error: 410
#ERR  p: [977, 1131], r: 1510979214, e: -1274, error: 411
#ERR  p: [977, 1132], r: 1510979204, e: -1279, error: 412
#ERR  p: [977, 1133], r: 1510979194, e: -1288, error: 413
#ERR  p: [977, 1134], r: 1510979184, e: -1297, error: 414
#ERR  p: [977, 1135], r: 1510979174, e: -1305, error: 415
#ERR  p: [977, 1136], r: 1510979164, e: -1297, error: 416
#ERR  p: [977, 1137], r: 1510979154, e: -1298, error: 417
#ERR  p: [977, 1138], r: 1510979144, e: -1299, error: 418
#ERR  p: [977, 1139], r: 1510979134, e: -1303, error: 419
#ERR  p: [977, 1140], r: 1510979124, e: -1296, error: 420
#ERR  p: [977, 1141], r: 1510979114, e: -1306, error: 421
#ERR  p: [977, 1142], r: 1510979104, e: -1313, error: 422
#ERR  p: [977, 1143], r: 1510979094, e: -1323, error: 423
#ERR  p: [977, 1144], r: 1510979084, e: -1328, error: 424
#ERR  p: [977, 1145], r: 1510979074, e: -1329, error: 425
#ERR  p: [977, 1146], r: 1510979064, e: -1326, error: 426
#ERR  p: [977, 1147], r: 1510979054, e: -1336, error: 427
#ERR  p: [977, 1148], r: 1510979044, e: -1336, error: 428
#ERR  p: [977, 1149], r: 1510979034, e: -1346, error: 429
#ERR  p: [977, 1150], r: 1510979024, e: -1356, error: 430
#ERR  p: [977, 1151], r: 1510979014, e: -1366, error: 431
#ERR  p: [977, 1152], r: 1510979004, e: -1376, error: 432
#ERR  p: [977, 1153], r: 1510978994, e: -1384, error: 433
#ERR  p: [977, 1154], r: 1510978984, e: -1377, error: 434
#ERR  p: [977, 1155], r: 1510978974, e: -1385, error: 435
#ERR  p: [977, 1156], r: 1510978964, e: -1388, error: 436
#ERR  p: [977, 1157], r: 1510978954, e: -1388, error: 437
#ERR  p: [977, 1158], r: 1510978944, e: -1396, error: 438
#ERR  p: [977, 1159], r: 1510978934, e: -1406, error: 439
#ERR  p: [977, 1160], r: 1510978924, e: -1412, error: 440
#ERR  p: [977, 1161], r: 1510978914, e: -1421, error: 441
#ERR  p: [977, 1162], r: 1510978904, e: -1431, error: 442
#ERR  p: [977, 1163], r: 1510978894, e: -1441, error: 443
#ERR  p: [977, 1164], r: 1510978884, e: -1448, error: 444
#ERR  p: [977, 1165], r: 1510978874, e: -1458, error: 445
#ERR  p: [977, 1166], r: 1510978864, e: -1466, error: 446
#ERR  p: [977, 1167], r: 1510978854, e: -1476, error: 447
#ERR  p: [977, 1168], r: 1510978844, e: -1485, error: 448
#ERR  p: [977, 1169], r: 1510978834, e: -1495, error: 449
#ERR  p: [977, 1170], r: 1510978824, e: -1488, error: 450
#ERR  p: [977, 1171], r: 1510978814, e: -1491, error: 451
#ERR  p: [977, 1172], r: 1510978804, e: -1501, error: 452
#ERR  p: [977, 1173], r: 1510978794, e: -1511, error: 453
#ERR  p: [977, 1174], r: 1510978784, e: -1513, error: 454
#ERR  p: [977, 1175], r: 1510978774, e: -1520, error: 455
#ERR  p: [977, 1176], r: 1510978764, e: -1526, error: 456
#ERR  p: [977, 1177], r: 1510978754, e: -1532, error: 457
#ERR  p: [977, 1178], r: 1510978744, e: -1542, error: 458
#ERR  p: [977, 1179], r: 1510978734, e: -1552, error: 459
#ERR  p: [977, 1180], r: 1510978724, e: -1562, error: 460
#ERR  p: [977, 1181], r: 1510978714, e: -1567, error: 461
#ERR  p: [977, 1182], r: 1510978704, e: -1577, error: 462
#ERR  p: [977, 1183], r: 1510978694, e: -1586, error: 463
#ERR  p: [977, 1184], r: 1510978684, e: -1594, error: 464
#ERR  p: [977, 1185], r: 1510978674, e: -1604, error: 465
#ERR  p: [977, 1186], r: 1510978664, e: -1612, error: 466
#ERR  p: [977, 1187], r: 1510978654, e: -1622, error: 467
#ERR  p: [977, 1188], r: 1510978644, e: -1628, error: 468
#ERR  p: [977, 1189], r: 1510978634, e: -1637, error: 469
#ERR  p: [977, 1190], r: 1510978624, e: -1647, error: 470
#ERR  p: [977, 1191], r: 1510978614, e: -1650, error: 471
#ERR  p: [977, 1192], r: 1510978604, e: -1660, error: 472
#ERR  p: [977, 1193], r: 1510978594, e: -1669, error: 473
#ERR  p: [977, 1194], r: 1510978584, e: -1667, error: 474
#ERR  p: [977, 1195], r: 1510978574, e: -1676, error: 475
#ERR  p: [977, 1196], r: 1510978564, e: -1686, error: 476
#ERR  p: [977, 1197], r: 1510978554, e: -1691, error: 477
#ERR  p: [977, 1198], r: 1510978544, e: -1697, error: 478
#ERR  p: [977, 1199], r: 1510978534, e: -1703, error: 479
#ERR  p: [977, 1200], r: 1510978524, e: -1703, error: 480
#ERR  p: [977, 1201], r: 1510978514, e: -1713, error: 481
#ERR  p: [977, 1202], r: 1510978504, e: -1708, error: 482
#ERR  p: [977, 1203], r: 1510978494, e: -1718, error: 483
#ERR  p: [977, 1204], r: 1510978484, e: -1728, error: 484
#ERR  p: [977, 1205], r: 1510978474, e: -1738, error: 485
#ERR  p: [977, 1206], r: 1510978464, e: -1743, error: 486
#ERR  p: [977, 1207], r: 1510978454, e: -1753, error: 487
#ERR  p: [977, 1208], r: 1510978444, e: -1763, error: 488
#ERR  p: [977, 1209], r: 1510978434, e: -1771, error: 489
#ERR  p: [977, 1210], r: 1510978424, e: -1775, error: 490
#ERR  p: [977, 1211], r: 1510978414, e: -1784, error: 491
#ERR  p: [977, 1212], r: 1510978404, e: -1790, error: 492
#ERR  p: [977, 1213], r: 1510978394, e: -1800, error: 493
#ERR  p: [977, 1214], r: 1510978384, e: -1797, error: 494
#ERR  p: [977, 1215], r: 1510978374, e: -1800, error: 495
#ERR  p: [977, 1216], r: 1510978364, e: -1810, error: 496
#ERR  p: [977, 1217], r: 1510978354, e: -1813, error: 497
#ERR  p: [977, 1218], r: 1510978344, e: -1819, error: 498
#ERR  p: [977, 1219], r: 1510978334, e: -1829, error: 499
#SDC Ite:0 KerTime:0.294738 AccTime:0.294738 KerErr:500 AccErr:500
#END