#HEADER max_rows:2048 max_cols:2048 penalty:10
#BEGIN Y:2016 M:09 D:12 Time:14:50:19
#IT Ite:0 KerTime:0.294862 AccTime:0.294862
#ERR Error detected! kerrors = 11843
#ERR  p: [953, 337], r: -5429, e: -5254, error: 1
#ERR  p: [953, 338], r: -5424, e: -5241, error: 2
#ERR  p: [953, 339], r: -5410, e: -5227, error: 3
#ERR  p: [953, 340], r: -5399, e: -5210, error: 4
#ERR  p: [953, 341], r: -5391, e: -5200, error: 5
#ERR  p: [953, 342], r: -5384, e: -5191, error: 6
#ERR  p: [953, 343], r: -5371, e: -5176, error: 7
#ERR  p: [953, 344], r: -5357, e: -5166, error: 8
#ERR  p: [954, 337], r: -5268, e: -5264, error: 9
#ERR  p: [954, 338], r: -5278, e: -5251, error: 10
#ERR  p: [954, 339], r: -5288, e: -5237, error: 11
#ERR  p: [954, 340], r: -5298, e: -5220, error: 12
#ERR  p: [954, 341], r: -5308, e: -5210, error: 13
#ERR  p: [954, 342], r: -5318, e: -5199, error: 14
#ERR  p: [954, 343], r: -5328, e: -5186, error: 15
#ERR  p: [954, 344], r: -5338, e: -5176, error: 16
#ERR  p: [954, 345], r: -5168, e: -5165, error: 17
#ERR  p: [955, 337], r: -5278, e: -5274, error: 18
#ERR  p: [955, 338], r: -5270, e: -5261, error: 19
#ERR  p: [955, 339], r: -5279, e: -5247, error: 20
#ERR  p: [955, 340], r: -5281, e: -5230, error: 21
#ERR  p: [955, 341], r: -5291, e: -5220, error: 22
#ERR  p: [955, 342], r: -5301, e: -5209, error: 23
#ERR  p: [955, 343], r: -5311, e: -5196, error: 24
#ERR  p: [955, 344], r: -5321, e: -5186, error: 25
#ERR  p: [955, 345], r: -5178, e: -5175, error: 26
#ERR  p: [955, 346], r: -5168, e: -5167, error: 27
#ERR  p: [956, 337], r: -5288, e: -5284, error: 28
#ERR  p: [956, 338], r: -5280, e: -5271, error: 29
#ERR  p: [956, 339], r: -5271, e: -5257, error: 30
#ERR  p: [956, 340], r: -5280, e: -5240, error: 31
#ERR  p: [956, 341], r: -5281, e: -5230, error: 32
#ERR  p: [956, 342], r: -5291, e: -5219, error: 33
#ERR  p: [956, 343], r: -5301, e: -5206, error: 34
#ERR  p: [956, 344], r: -5311, e: -5196, error: 35
#ERR  p: [956, 345], r: -5188, e: -5185, error: 36
#ERR  p: [956, 346], r: -5178, e: -5175, error: 37
#ERR  p: [956, 347], r: -5168, e: -5167, error: 38
#ERR  p: [957, 337], r: -5298, e: -5294, error: 39
#ERR  p: [957, 338], r: -5290, e: -5281, error: 40
#ERR  p: [957, 339], r: -5281, e: -5267, error: 41
#ERR  p: [957, 340], r: -5274, e: -5250, error: 42
#ERR  p: [957, 341], r: -5284, e: -5240, error: 43
#ERR  p: [957, 342], r: -5284, e: -5229, error: 44
#ERR  p: [957, 343], r: -5294, e: -5216, error: 45
#ERR  p: [957, 344], r: -5300, e: -5205, error: 46
#ERR  p: [957, 345], r: -5198, e: -5195, error: 47
#ERR  p: [957, 346], r: -5188, e: -5185, error: 48
#ERR  p: [957, 347], r: -5178, e: -5176, error: 49
#ERR  p: [957, 348], r: -5166, e: -5165, error: 50
#ERR  p: [958, 337], r: -5308, e: -5304, error: 51
#ERR  p: [958, 338], r: -5300, e: -5291, error: 52
#ERR  p: [958, 339], r: -5291, e: -5277, error: 53
#ERR  p: [958, 340], r: -5284, e: -5260, error: 54
#ERR  p: [958, 341], r: -5276, e: -5250, error: 55
#ERR  p: [958, 342], r: -5286, e: -5239, error: 56
#ERR  p: [958, 343], r: -5286, e: -5226, error: 57
#ERR  p: [958, 344], r: -5296, e: -5215, error: 58
#ERR  p: [958, 345], r: -5208, e: -5205, error: 59
#ERR  p: [958, 346], r: -5198, e: -5195, error: 60
#ERR  p: [958, 347], r: -5188, e: -5186, error: 61
#ERR  p: [958, 348], r: -5176, e: -5175, error: 62
#ERR  p: [958, 349], r: -5155, e: -5154, error: 63
#ERR  p: [959, 337], r: -5318, e: -5314, error: 64
#ERR  p: [959, 338], r: -5310, e: -5301, error: 65
#ERR  p: [959, 339], r: -5301, e: -5287, error: 66
#ERR  p: [959, 340], r: -5294, e: -5270, error: 67
#ERR  p: [959, 341], r: -5286, e: -5260, error: 68
#ERR  p: [959, 342], r: -5279, e: -5249, error: 69
#ERR  p: [959, 343], r: -5289, e: -5236, error: 70
#ERR  p: [959, 344], r: -5283, e: -5223, error: 71
#ERR  p: [959, 345], r: -5218, e: -5215, error: 72
#ERR  p: [959, 346], r: -5208, e: -5205, error: 73
#ERR  p: [959, 347], r: -5198, e: -5196, error: 74
#ERR  p: [959, 348], r: -5184, e: -5182, error: 75
#ERR  p: [959, 349], r: -5165, e: -5164, error: 76
#ERR  p: [959, 350], r: -5158, e: -5157, error: 77
#ERR  p: [960, 337], r: -5328, e: -5324, error: 78
#ERR  p: [960, 338], r: -5316, e: -5311, error: 79
#ERR  p: [960, 339], r: -5311, e: -5297, error: 80
#ERR  p: [960, 340], r: -5304, e: -5280, error: 81
#ERR  p: [960, 341], r: -5296, e: -5270, error: 82
#ERR  p: [960, 342], r: -5288, e: -5259, error: 83
#ERR  p: [960, 343], r: -5282, e: -5246, error: 84
#ERR  p: [960, 344], r: -5290, e: -5233, error: 85
#ERR  p: [960, 345], r: -5228, e: -5225, error: 86
#ERR  p: [960, 346], r: -5218, e: -5215, error: 87
#ERR  p: [960, 347], r: -5208, e: -5206, error: 88
#ERR  p: [960, 348], r: -5194, e: -5192, error: 89
#ERR  p: [960, 349], r: -5175, e: -5174, error: 90
#ERR  p: [960, 350], r: -5168, e: -5167, error: 91
#ERR  p: [960, 351], r: -5160, e: -5159, error: 92
#ERR  p: [961, 337], r: -5338, e: -5334, error: 93
#ERR  p: [961, 338], r: -5326, e: -5321, error: 94
#ERR  p: [961, 339], r: -5317, e: -5307, error: 95
#ERR  p: [961, 340], r: -5312, e: -5290, error: 96
#ERR  p: [961, 341], r: -5304, e: -5280, error: 97
#ERR  p: [961, 342], r: -5298, e: -5269, error: 98
#ERR  p: [961, 343], r: -5288, e: -5256, error: 99
#ERR  p: [961, 344], r: -5282, e: -5243, error: 100
#ERR  p: [961, 345], r: -5238, e: -5233, error: 101
#ERR  p: [961, 346], r: -5228, e: -5225, error: 102
#ERR  p: [961, 347], r: -5218, e: -5215, error: 103
#ERR  p: [961, 348], r: -5204, e: -5202, error: 104
#ERR  p: [961, 349], r: -5185, e: -5184, error: 105
#ERR  p: [961, 350], r: -5177, e: -5176, error: 106
#ERR  p: [961, 351], r: -5169, e: -5168, error: 107
#ERR  p: [961, 352], r: -5161, e: -5160, error: 108
#ERR  p: [962, 337], r: -5348, e: -5344, error: 109
#ERR  p: [962, 338], r: -5336, e: -5331, error: 110
#ERR  p: [962, 339], r: -5327, e: -5317, error: 111
#ERR  p: [962, 340], r: -5319, e: -5300, error: 112
#ERR  p: [962, 341], r: -5306, e: -5284, error: 113
#ERR  p: [962, 342], r: -5304, e: -5279, error: 114
#ERR  p: [962, 343], r: -5292, e: -5263, error: 115
#ERR  p: [962, 344], r: -5291, e: -5253, error: 116
#ERR  p: [962, 345], r: -5248, e: -5243, error: 117
#ERR  p: [962, 346], r: -5238, e: -5234, error: 118
#ERR  p: [962, 347], r: -5228, e: -5225, error: 119
#ERR  p: [962, 348], r: -5214, e: -5212, error: 120
#ERR  p: [962, 349], r: -5195, e: -5194, error: 121
#ERR  p: [962, 350], r: -5186, e: -5185, error: 122
#ERR  p: [962, 351], r: -5179, e: -5178, error: 123
#ERR  p: [962, 352], r: -5171, e: -5170, error: 124
#ERR  p: [962, 353], r: -5164, e: -5163, error: 125
#ERR  p: [963, 337], r: -5356, e: -5354, error: 126
#ERR  p: [963, 338], r: -5346, e: -5341, error: 127
#ERR  p: [963, 339], r: -5337, e: -5327, error: 128
#ERR  p: [963, 340], r: -5328, e: -5310, error: 129
#ERR  p: [963, 341], r: -5316, e: -5294, error: 130
#ERR  p: [963, 342], r: -5306, e: -5284, error: 131
#ERR  p: [963, 343], r: -5302, e: -5273, error: 132
#ERR  p: [963, 344], r: -5292, e: -5263, error: 133
#ERR  p: [963, 345], r: -5258, e: -5248, error: 134
#ERR  p: [963, 346], r: -5248, e: -5243, error: 135
#ERR  p: [963, 347], r: -5238, e: -5235, error: 136
#ERR  p: [963, 348], r: -5224, e: -5222, error: 137
#ERR  p: [963, 349], r: -5205, e: -5204, error: 138
#ERR  p: [963, 350], r: -5196, e: -5195, error: 139
#ERR  p: [963, 351], r: -5187, e: -5186, error: 140
#ERR  p: [963, 352], r: -5180, e: -5179, error: 141
#ERR  p: [963, 353], r: -5172, e: -5171, error: 142
#ERR  p: [964, 337], r: -5366, e: -5364, error: 143
#ERR  p: [964, 338], r: -5356, e: -5351, error: 144
#ERR  p: [964, 339], r: -5347, e: -5337, error: 145
#ERR  p: [964, 340], r: -5338, e: -5320, error: 146
#ERR  p: [964, 341], r: -5326, e: -5304, error: 147
#ERR  p: [964, 342], r: -5316, e: -5294, error: 148
#ERR  p: [964, 343], r: -5309, e: -5283, error: 149
#ERR  p: [964, 344], r: -5298, e: -5269, error: 150
#ERR  p: [964, 345], r: -5268, e: -5258, error: 151
#ERR  p: [964, 346], r: -5258, e: -5249, error: 152
#ERR  p: [964, 347], r: -5248, e: -5244, error: 153
#ERR  p: [964, 348], r: -5234, e: -5232, error: 154
#ERR  p: [964, 349], r: -5215, e: -5214, error: 155
#ERR  p: [964, 350], r: -5206, e: -5205, error: 156
#ERR  p: [964, 351], r: -5197, e: -5196, error: 157
#ERR  p: [964, 352], r: -5190, e: -5189, error: 158
#ERR  p: [964, 353], r: -5181, e: -5180, error: 159
#ERR  p: [965, 337], r: -5376, e: -5374, error: 160
#ERR  p: [965, 338], r: -5366, e: -5361, error: 161
#ERR  p: [965, 339], r: -5357, e: -5347, error: 162
#ERR  p: [965, 340], r: -5348, e: -5330, error: 163
#ERR  p: [965, 341], r: -5336, e: -5314, error: 164
#ERR  p: [965, 342], r: -5326, e: -5304, error: 165
#ERR  p: [965, 343], r: -5319, e: -5293, error: 166
#ERR  p: [965, 344], r: -5308, e: -5279, error: 167
#ERR  p: [965, 345], r: -5278, e: -5268, error: 168
#ERR  p: [965, 346], r: -5268, e: -5259, error: 169
#ERR  p: [965, 347], r: -5258, e: -5253, error: 170
#ERR  p: [965, 348], r: -5244, e: -5242, error: 171
#ERR  p: [965, 349], r: -5225, e: -5224, error: 172
#ERR  p: [965, 350], r: -5216, e: -5215, error: 173
#ERR  p: [965, 351], r: -5207, e: -5206, error: 174
#ERR  p: [965, 352], r: -5200, e: -5199, error: 175
#ERR  p: [965, 353], r: -5191, e: -5190, error: 176
#ERR  p: [966, 337], r: -5386, e: -5384, error: 177
#ERR  p: [966, 338], r: -5376, e: -5371, error: 178
#ERR  p: [966, 339], r: -5367, e: -5357, error: 179
#ERR  p: [966, 340], r: -5358, e: -5340, error: 180
#ERR  p: [966, 341], r: -5346, e: -5324, error: 181
#ERR  p: [966, 342], r: -5336, e: -5314, error: 182
#ERR  p: [966, 343], r: -5329, e: -5303, error: 183
#ERR  p: [966, 344], r: -5316, e: -5289, error: 184
#ERR  p: [966, 345], r: -5288, e: -5278, error: 185
#ERR  p: [966, 346], r: -5278, e: -5269, error: 186
#ERR  p: [966, 347], r: -5268, e: -5260, error: 187
#ERR  p: [966, 348], r: -5254, e: -5249, error: 188
#ERR  p: [966, 349], r: -5235, e: -5234, error: 189
#ERR  p: [966, 350], r: -5226, e: -5225, error: 190
#ERR  p: [966, 351], r: -5217, e: -5216, error: 191
#ERR  p: [966, 352], r: -5210, e: -5209, error: 192
#ERR  p: [966, 353], r: -5201, e: -5200, error: 193
#ERR  p: [967, 338], r: -5386, e: -5381, error: 194
#ERR  p: [967, 339], r: -5375, e: -5367, error: 195
#ERR  p: [967, 340], r: -5368, e: -5350, error: 196
#ERR  p: [967, 341], r: -5356, e: -5334, error: 197
#ERR  p: [967, 342], r: -5346, e: -5324, error: 198
#ERR  p: [967, 343], r: -5338, e: -5313, error: 199
#ERR  p: [967, 344], r: -5326, e: -5299, error: 200
#ERR  p: [967, 345], r: -5298, e: -5288, error: 201
#ERR  p: [967, 346], r: -5288, e: -5279, error: 202
#ERR  p: [967, 347], r: -5278, e: -5270, error: 203
#ERR  p: [967, 348], r: -5264, e: -5259, error: 204
#ERR  p: [967, 349], r: -5245, e: -5244, error: 205
#ERR  p: [967, 350], r: -5236, e: -5235, error: 206
#ERR  p: [967, 351], r: -5225, e: -5224, error: 207
#ERR  p: [967, 352], r: -5215, e: -5214, error: 208
#ERR  p: [967, 353], r: -5211, e: -5210, error: 209
#ERR  p: [968, 338], r: -5396, e: -5391, error: 210
#ERR  p: [968, 339], r: -5385, e: -5377, error: 211
#ERR  p: [968, 340], r: -5378, e: -5360, error: 212
#ERR  p: [968, 341], r: -5366, e: -5344, error: 213
#ERR  p: [968, 342], r: -5356, e: -5334, error: 214
#ERR  p: [968, 343], r: -5348, e: -5323, error: 215
#ERR  p: [968, 344], r: -5335, e: -5309, error: 216
#ERR  p: [968, 345], r: -5308, e: -5298, error: 217
#ERR  p: [968, 346], r: -5298, e: -5289, error: 218
#ERR  p: [968, 347], r: -5288, e: -5280, error: 219
#ERR  p: [968, 348], r: -5274, e: -5266, error: 220
#ERR  p: [968, 349], r: -5255, e: -5254, error: 221
#ERR  p: [968, 350], r: -5246, e: -5245, error: 222
#ERR  p: [968, 351], r: -5235, e: -5234, error: 223
#ERR  p: [968, 352], r: -5225, e: -5224, error: 224
#ERR  p: [968, 353], r: -5216, e: -5215, error: 225
#ERR  p: [969, 338], r: -5404, e: -5401, error: 226
#ERR  p: [969, 339], r: -5395, e: -5387, error: 227
#ERR  p: [969, 340], r: -5387, e: -5370, error: 228
#ERR  p: [969, 341], r: -5376, e: -5354, error: 229
#ERR  p: [969, 342], r: -5366, e: -5344, error: 230
#ERR  p: [969, 343], r: -5357, e: -5333, error: 231
#ERR  p: [969, 344], r: -5345, e: -5319, error: 232
#ERR  p: [969, 345], r: -5318, e: -5308, error: 233
#ERR  p: [969, 346], r: -5308, e: -5299, error: 234
#ERR  p: [969, 347], r: -5298, e: -5290, error: 235
#ERR  p: [969, 348], r: -5284, e: -5276, error: 236
#ERR  p: [969, 349], r: -5265, e: -5264, error: 237
#ERR  p: [969, 350], r: -5256, e: -5255, error: 238
#ERR  p: [969, 351], r: -5245, e: -5244, error: 239
#ERR  p: [969, 352], r: -5235, e: -5234, error: 240
#ERR  p: [969, 353], r: -5226, e: -5225, error: 241
#ERR  p: [970, 338], r: -5414, e: -5411, error: 242
#ERR  p: [970, 339], r: -5405, e: -5397, error: 243
#ERR  p: [970, 340], r: -5396, e: -5380, error: 244
#ERR  p: [970, 341], r: -5386, e: -5364, error: 245
#ERR  p: [970, 342], r: -5376, e: -5354, error: 246
#ERR  p: [970, 343], r: -5367, e: -5343, error: 247
#ERR  p: [970, 344], r: -5355, e: -5329, error: 248
#ERR  p: [970, 345], r: -5328, e: -5314, error: 249
#ERR  p: [970, 346], r: -5318, e: -5308, error: 250
#ERR  p: [970, 347], r: -5308, e: -5300, error: 251
#ERR  p: [970, 348], r: -5294, e: -5286, error: 252
#ERR  p: [970, 349], r: -5275, e: -5274, error: 253
#ERR  p: [970, 350], r: -5266, e: -5265, error: 254
#ERR  p: [970, 351], r: -5255, e: -5254, error: 255
#ERR  p: [970, 352], r: -5245, e: -5244, error: 256
#ERR  p: [970, 353], r: -5236, e: -5235, error: 257
#ERR  p: [971, 338], r: -5423, e: -5421, error: 258
#ERR  p: [971, 339], r: -5414, e: -5407, error: 259
#ERR  p: [971, 340], r: -5406, e: -5390, error: 260
#ERR  p: [971, 341], r: -5396, e: -5374, error: 261
#ERR  p: [971, 342], r: -5386, e: -5364, error: 262
#ERR  p: [971, 343], r: -5377, e: -5353, error: 263
#ERR  p: [971, 344], r: -5365, e: -5339, error: 264
#ERR  p: [971, 345], r: -5338, e: -5324, error: 265
#ERR  p: [971, 346], r: -5328, e: -5315, error: 266
#ERR  p: [971, 347], r: -5318, e: -5310, error: 267
#ERR  p: [971, 348], r: -5304, e: -5296, error: 268
#ERR  p: [971, 349], r: -5285, e: -5284, error: 269
#ERR  p: [971, 350], r: -5276, e: -5275, error: 270
#ERR  p: [971, 351], r: -5265, e: -5264, error: 271
#ERR  p: [971, 352], r: -5250, e: -5249, error: 272
#ERR  p: [971, 353], r: -5246, e: -5245, error: 273
#ERR  p: [972, 338], r: -5433, e: -5431, error: 274
#ERR  p: [972, 339], r: -5424, e: -5417, error: 275
#ERR  p: [972, 340], r: -5416, e: -5400, error: 276
#ERR  p: [972, 341], r: -5406, e: -5384, error: 277
#ERR  p: [972, 342], r: -5396, e: -5374, error: 278
#ERR  p: [972, 343], r: -5387, e: -5363, error: 279
#ERR  p: [972, 344], r: -5375, e: -5349, error: 280
#ERR  p: [972, 345], r: -5348, e: -5334, error: 281
#ERR  p: [972, 346], r: -5338, e: -5325, error: 282
#ERR  p: [972, 347], r: -5328, e: -5317, error: 283
#ERR  p: [972, 348], r: -5314, e: -5306, error: 284
#ERR  p: [972, 349], r: -5293, e: -5285, error: 285
#ERR  p: [972, 350], r: -5286, e: -5285, error: 286
#ERR  p: [972, 351], r: -5275, e: -5274, error: 287
#ERR  p: [972, 352], r: -5260, e: -5259, error: 288
#ERR  p: [972, 353], r: -5252, e: -5251, error: 289
#ERR  p: [972, 354], r: -5235, e: -5234, error: 290
#ERR  p: [973, 338], r: -5443, e: -5441, error: 291
#ERR  p: [973, 339], r: -5434, e: -5427, error: 292
#ERR  p: [973, 340], r: -5426, e: -5410, error: 293
#ERR  p: [973, 341], r: -5410, e: -5394, error: 294
#ERR  p: [973, 342], r: -5406, e: -5384, error: 295
#ERR  p: [973, 343], r: -5390, e: -5368, error: 296
#ERR  p: [973, 344], r: -5385, e: -5359, error: 297
#ERR  p: [973, 345], r: -5358, e: -5344, error: 298
#ERR  p: [973, 346], r: -5348, e: -5335, error: 299
#ERR  p: [973, 347], r: -5338, e: -5327, error: 300
#ERR  p: [973, 348], r: -5324, e: -5316, error: 301
#ERR  p: [973, 349], r: -5303, e: -5295, error: 302
#ERR  p: [973, 350], r: -5294, e: -5286, error: 303
#ERR  p: [973, 351], r: -5285, e: -5284, error: 304
#ERR  p: [973, 352], r: -5270, e: -5269, error: 305
#ERR  p: [973, 353], r: -5262, e: -5261, error: 306
#ERR  p: [973, 354], r: -5245, e: -5244, error: 307
#ERR  p: [973, 355], r: -5237, e: -5236, error: 308
#ERR  p: [974, 338], r: -5453, e: -5451, error: 309
#ERR  p: [974, 339], r: -5444, e: -5437, error: 310
#ERR  p: [974, 340], r: -5435, e: -5420, error: 311
#ERR  p: [974, 341], r: -5420, e: -5404, error: 312
#ERR  p: [974, 342], r: -5412, e: -5394, error: 313
#ERR  p: [974, 343], r: -5400, e: -5378, error: 314
#ERR  p: [974, 344], r: -5390, e: -5368, error: 315
#ERR  p: [974, 345], r: -5368, e: -5354, error: 316
#ERR  p: [974, 346], r: -5358, e: -5344, error: 317
#ERR  p: [974, 347], r: -5348, e: -5335, error: 318
#ERR  p: [974, 348], r: -5334, e: -5326, error: 319
#ERR  p: [974, 349], r: -5313, e: -5305, error: 320
#ERR  p: [974, 350], r: -5304, e: -5296, error: 321
#ERR  p: [974, 351], r: -5295, e: -5287, error: 322
#ERR  p: [974, 352], r: -5280, e: -5279, error: 323
#ERR  p: [974, 353], r: -5270, e: -5269, error: 324
#ERR  p: [974, 354], r: -5255, e: -5254, error: 325
#ERR  p: [974, 355], r: -5246, e: -5245, error: 326
#ERR  p: [974, 356], r: -5237, e: -5236, error: 327
#ERR  p: [975, 339], r: -5453, e: -5447, error: 328
#ERR  p: [975, 340], r: -5445, e: -5430, error: 329
#ERR  p: [975, 341], r: -5430, e: -5414, error: 330
#ERR  p: [975, 342], r: -5414, e: -5398, error: 331
#ERR  p: [975, 343], r: -5410, e: -5388, error: 332
#ERR  p: [975, 344], r: -5400, e: -5378, error: 333
#ERR  p: [975, 345], r: -5378, e: -5364, error: 334
#ERR  p: [975, 346], r: -5368, e: -5354, error: 335
#ERR  p: [975, 347], r: -5358, e: -5345, error: 336
#ERR  p: [975, 348], r: -5344, e: -5336, error: 337
#ERR  p: [975, 349], r: -5323, e: -5315, error: 338
#ERR  p: [975, 350], r: -5312, e: -5304, error: 339
#ERR  p: [975, 351], r: -5304, e: -5296, error: 340
#ERR  p: [975, 352], r: -5290, e: -5287, error: 341
#ERR  p: [975, 353], r: -5280, e: -5279, error: 342
#ERR  p: [975, 354], r: -5265, e: -5264, error: 343
#ERR  p: [975, 355], r: -5256, e: -5255, error: 344
#ERR  p: [975, 356], r: -5247, e: -5246, error: 345
#ERR  p: [976, 339], r: -5461, e: -5457, error: 346
#ERR  p: [976, 340], r: -5455, e: -5440, error: 347
#ERR  p: [976, 341], r: -5440, e: -5424, error: 348
#ERR  p: [976, 342], r: -5424, e: -5408, error: 349
#ERR  p: [976, 343], r: -5416, e: -5398, error: 350
#ERR  p: [976, 344], r: -5410, e: -5388, error: 351
#ERR  p: [976, 345], r: -5388, e: -5374, error: 352
#ERR  p: [976, 346], r: -5378, e: -5364, error: 353
#ERR  p: [976, 347], r: -5368, e: -5355, error: 354
#ERR  p: [976, 348], r: -5354, e: -5346, error: 355
#ERR  p: [976, 349], r: -5333, e: -5325, error: 356
#ERR  p: [976, 350], r: -5322, e: -5314, error: 357
#ERR  p: [976, 351], r: -5312, e: -5304, error: 358
#ERR  p: [976, 352], r: -5300, e: -5296, error: 359
#ERR  p: [976, 353], r: -5290, e: -5289, error: 360
#ERR  p: [976, 354], r: -5275, e: -5274, error: 361
#ERR  p: [976, 355], r: -5266, e: -5265, error: 362
#ERR  p: [976, 356], r: -5257, e: -5256, error: 363
#ERR  p: [976, 357], r: -5248, e: -5247, error: 364
#ERR  p: [977, 340], r: -5462, e: -5450, error: 365
#ERR  p: [977, 341], r: -5450, e: -5434, error: 366
#ERR  p: [977, 342], r: -5434, e: -5418, error: 367
#ERR  p: [977, 343], r: -5425, e: -5408, error: 368
#ERR  p: [977, 344], r: -5419, e: -5398, error: 369
#ERR  p: [977, 345], r: -5398, e: -5384, error: 370
#ERR  p: [977, 346], r: -5388, e: -5374, error: 371
#ERR  p: [977, 347], r: -5378, e: -5365, error: 372
#ERR  p: [977, 348], r: -5364, e: -5356, error: 373
#ERR  p: [977, 349], r: -5343, e: -5335, error: 374
#ERR  p: [977, 350], r: -5327, e: -5319, error: 375
#ERR  p: [977, 351], r: -5320, e: -5312, error: 376
#ERR  p: [977, 352], r: -5310, e: -5306, error: 377
#ERR  p: [977, 353], r: -5300, e: -5299, error: 378
#ERR  p: [977, 354], r: -5285, e: -5284, error: 379
#ERR  p: [977, 355], r: -5276, e: -5275, error: 380
#ERR  p: [977, 356], r: -5267, e: -5266, error: 381
#ERR  p: [977, 357], r: -5258, e: -5257, error: 382
#ERR  p: [978, 340], r: -5464, e: -5460, error: 383
#ERR  p: [978, 341], r: -5460, e: -5444, error: 384
#ERR  p: [978, 342], r: -5444, e: -5428, error: 385
#ERR  p: [978, 343], r: -5434, e: -5418, error: 386
#ERR  p: [978, 344], r: -5425, e: -5408, error: 387
#ERR  p: [978, 345], r: -5408, e: -5394, error: 388
#ERR  p: [978, 346], r: -5398, e: -5384, error: 389
#ERR  p: [978, 347], r: -5388, e: -5374, error: 390
#ERR  p: [978, 348], r: -5374, e: -5366, error: 391
#ERR  p: [978, 349], r: -5353, e: -5345, error: 392
#ERR  p: [978, 350], r: -5337, e: -5329, error: 393
#ERR  p: [978, 351], r: -5328, e: -5320, error: 394
#ERR  p: [978, 352], r: -5320, e: -5313, error: 395
#ERR  p: [978, 353], r: -5310, e: -5306, error: 396
#ERR  p: [978, 354], r: -5295, e: -5294, error: 397
#ERR  p: [978, 355], r: -5286, e: -5285, error: 398
#ERR  p: [978, 356], r: -5276, e: -5275, error: 399
#ERR  p: [978, 357], r: -5268, e: -5267, error: 400
#ERR  p: [978, 358], r: -5259, e: -5258, error: 401
#ERR  p: [979, 340], r: -5474, e: -5470, error: 402
#ERR  p: [979, 341], r: -5466, e: -5454, error: 403
#ERR  p: [979, 342], r: -5454, e: -5438, error: 404
#ERR  p: [979, 343], r: -5444, e: -5428, error: 405
#ERR  p: [979, 344], r: -5435, e: -5418, error: 406
#ERR  p: [979, 345], r: -5418, e: -5404, error: 407
#ERR  p: [979, 346], r: -5408, e: -5394, error: 408
#ERR  p: [979, 347], r: -5398, e: -5384, error: 409
#ERR  p: [979, 348], r: -5384, e: -5376, error: 410
#ERR  p: [979, 349], r: -5363, e: -5355, error: 411
#ERR  p: [979, 350], r: -5347, e: -5339, error: 412
#ERR  p: [979, 351], r: -5335, e: -5327, error: 413
#ERR  p: [979, 352], r: -5327, e: -5319, error: 414
#ERR  p: [979, 353], r: -5320, e: -5316, error: 415
#ERR  p: [979, 354], r: -5305, e: -5304, error: 416
#ERR  p: [979, 355], r: -5296, e: -5295, error: 417
#ERR  p: [979, 356], r: -5286, e: -5285, error: 418
#ERR  p: [979, 357], r: -5278, e: -5277, error: 419
#ERR  p: [979, 358], r: -5268, e: -5267, error: 420
#ERR  p: [980, 340], r: -5484, e: -5480, error: 421
#ERR  p: [980, 341], r: -5476, e: -5464, error: 422
#ERR  p: [980, 342], r: -5464, e: -5448, error: 423
#ERR  p: [980, 343], r: -5454, e: -5438, error: 424
#ERR  p: [980, 344], r: -5443, e: -5427, error: 425
#ERR  p: [980, 345], r: -5428, e: -5414, error: 426
#ERR  p: [980, 346], r: -5418, e: -5404, error: 427
#ERR  p: [980, 347], r: -5408, e: -5394, error: 428
#ERR  p: [980, 348], r: -5394, e: -5382, error: 429
#ERR  p: [980, 349], r: -5373, e: -5365, error: 430
#ERR  p: [980, 350], r: -5357, e: -5349, error: 431
#ERR  p: [980, 351], r: -5345, e: -5337, error: 432
#ERR  p: [980, 352], r: -5337, e: -5329, error: 433
#ERR  p: [980, 353], r: -5328, e: -5320, error: 434
#ERR  p: [980, 354], r: -5315, e: -5314, error: 435
#ERR  p: [980, 355], r: -5306, e: -5305, error: 436
#ERR  p: [980, 356], r: -5295, e: -5294, error: 437
#ERR  p: [980, 357], r: -5286, e: -5285, error: 438
#ERR  p: [980, 358], r: -5276, e: -5275, error: 439
#ERR  p: [981, 340], r: -5494, e: -5490, error: 440
#ERR  p: [981, 341], r: -5486, e: -5474, error: 441
#ERR  p: [981, 342], r: -5474, e: -5458, error: 442
#ERR  p: [981, 343], r: -5464, e: -5448, error: 443
#ERR  p: [981, 344], r: -5453, e: -5437, error: 444
#ERR  p: [981, 345], r: -5438, e: -5424, error: 445
#ERR  p: [981, 346], r: -5428, e: -5414, error: 446
#ERR  p: [981, 347], r: -5409, e: -5395, error: 447
#ERR  p: [981, 348], r: -5404, e: -5392, error: 448
#ERR  p: [981, 349], r: -5383, e: -5375, error: 449
#ERR  p: [981, 350], r: -5367, e: -5359, error: 450
#ERR  p: [981, 351], r: -5355, e: -5347, error: 451
#ERR  p: [981, 352], r: -5347, e: -5339, error: 452
#ERR  p: [981, 353], r: -5328, e: -5320, error: 453
#ERR  p: [981, 354], r: -5325, e: -5322, error: 454
#ERR  p: [981, 355], r: -5316, e: -5315, error: 455
#ERR  p: [981, 356], r: -5305, e: -5304, error: 456
#ERR  p: [981, 357], r: -5296, e: -5295, error: 457
#ERR  p: [981, 358], r: -5286, e: -5285, error: 458
#ERR  p: [982, 340], r: -5503, e: -5500, error: 459
#ERR  p: [982, 341], r: -5494, e: -5484, error: 460
#ERR  p: [982, 342], r: -5480, e: -5468, error: 461
#ERR  p: [982, 343], r: -5474, e: -5458, error: 462
#ERR  p: [982, 344], r: -5463, e: -5447, error: 463
#ERR  p: [982, 345], r: -5448, e: -5434, error: 464
#ERR  p: [982, 346], r: -5438, e: -5424, error: 465
#ERR  p: [982, 347], r: -5419, e: -5405, error: 466
#ERR  p: [982, 348], r: -5412, e: -5398, error: 467
#ERR  p: [982, 349], r: -5393, e: -5385, error: 468
#ERR  p: [982, 350], r: -5377, e: -5369, error: 469
#ERR  p: [982, 351], r: -5365, e: -5357, error: 470
#ERR  p: [982, 352], r: -5355, e: -5347, error: 471
#ERR  p: [982, 353], r: -5338, e: -5330, error: 472
#ERR  p: [982, 354], r: -5332, e: -5324, error: 473
#ERR  p: [982, 355], r: -5326, e: -5324, error: 474
#ERR  p: [982, 356], r: -5315, e: -5314, error: 475
#ERR  p: [982, 357], r: -5306, e: -5305, error: 476
#ERR  p: [982, 358], r: -5296, e: -5295, error: 477
#ERR  p: [983, 340], r: -5512, e: -5510, error: 478
#ERR  p: [983, 341], r: -5504, e: -5494, error: 479
#ERR  p: [983, 342], r: -5490, e: -5478, error: 480
#ERR  p: [983, 343], r: -5482, e: -5468, error: 481
#ERR  p: [983, 344], r: -5473, e: -5457, error: 482
#ERR  p: [983, 345], r: -5458, e: -5442, error: 483
#ERR  p: [983, 346], r: -5448, e: -5434, error: 484
#ERR  p: [983, 347], r: -5429, e: -5415, error: 485
#ERR  p: [983, 348], r: -5420, e: -5406, error: 486
#ERR  p: [983, 349], r: -5403, e: -5395, error: 487
#ERR  p: [983, 350], r: -5387, e: -5379, error: 488
#ERR  p: [983, 351], r: -5375, e: -5367, error: 489
#ERR  p: [983, 352], r: -5365, e: -5357, error: 490
#ERR  p: [983, 353], r: -5348, e: -5340, error: 491
#ERR  p: [983, 354], r: -5340, e: -5332, error: 492
#ERR  p: [983, 355], r: -5333, e: -5325, error: 493
#ERR  p: [983, 356], r: -5325, e: -5324, error: 494
#ERR  p: [983, 357], r: -5316, e: -5315, error: 495
#ERR  p: [983, 358], r: -5306, e: -5305, error: 496
#ERR  p: [984, 340], r: -5522, e: -5520, error: 497
#ERR  p: [984, 341], r: -5513, e: -5504, error: 498
#ERR  p: [984, 342], r: -5500, e: -5488, error: 499
#SDC Ite:0 KerTime:0.294862 AccTime:0.294862 KerErr:500 AccErr:500
#END