#HEADER max_rows:2048 max_cols:2048 penalty:10
#BEGIN Y:2016 M:09 D:12 Time:15:38:54
#IT Ite:0 KerTime:0.295050 AccTime:0.295050
#ERR Error detected! kerrors = 48112
#ERR  p: [782, 113], r: -6247, e: -6224, error: 1
#ERR  p: [783, 113], r: -6240, e: -6234, error: 2
#ERR  p: [783, 114], r: -6223, e: -6222, error: 3
#ERR  p: [784, 113], r: -6248, e: -6244, error: 4
#ERR  p: [784, 114], r: -6233, e: -6232, error: 5
#ERR  p: [784, 115], r: -6224, e: -6223, error: 6
#ERR  p: [785, 113], r: -6258, e: -6254, error: 7
#ERR  p: [785, 114], r: -6243, e: -6242, error: 8
#ERR  p: [785, 115], r: -6234, e: -6233, error: 9
#ERR  p: [786, 113], r: -6265, e: -6264, error: 10
#ERR  p: [786, 114], r: -6253, e: -6252, error: 11
#ERR  p: [786, 115], r: -6244, e: -6243, error: 12
#ERR  p: [787, 113], r: -6275, e: -6274, error: 13
#ERR  p: [787, 114], r: -6263, e: -6262, error: 14
#ERR  p: [787, 115], r: -6254, e: -6253, error: 15
#ERR  p: [787, 116], r: -6242, e: -6241, error: 16
#ERR  p: [788, 113], r: -6285, e: -6284, error: 17
#ERR  p: [788, 114], r: -6273, e: -6272, error: 18
#ERR  p: [788, 115], r: -6264, e: -6263, error: 19
#ERR  p: [788, 116], r: -6252, e: -6251, error: 20
#ERR  p: [789, 113], r: -6295, e: -6294, error: 21
#ERR  p: [789, 114], r: -6280, e: -6279, error: 22
#ERR  p: [789, 115], r: -6274, e: -6273, error: 23
#ERR  p: [789, 116], r: -6259, e: -6258, error: 24
#ERR  p: [790, 113], r: -6305, e: -6304, error: 25
#ERR  p: [790, 114], r: -6290, e: -6289, error: 26
#ERR  p: [790, 115], r: -6282, e: -6281, error: 27
#ERR  p: [790, 116], r: -6269, e: -6268, error: 28
#ERR  p: [790, 117], r: -6261, e: -6260, error: 29
#ERR  p: [791, 113], r: -6315, e: -6314, error: 30
#ERR  p: [791, 114], r: -6300, e: -6299, error: 31
#ERR  p: [791, 115], r: -6292, e: -6291, error: 32
#ERR  p: [791, 116], r: -6279, e: -6278, error: 33
#ERR  p: [791, 117], r: -6271, e: -6270, error: 34
#ERR  p: [792, 113], r: -6325, e: -6324, error: 35
#ERR  p: [792, 114], r: -6310, e: -6309, error: 36
#ERR  p: [792, 115], r: -6302, e: -6301, error: 37
#ERR  p: [792, 116], r: -6289, e: -6288, error: 38
#ERR  p: [792, 117], r: -6281, e: -6280, error: 39
#ERR  p: [793, 113], r: -6335, e: -6334, error: 40
#ERR  p: [793, 114], r: -6320, e: -6319, error: 41
#ERR  p: [793, 115], r: -6303, e: -6302, error: 42
#ERR  p: [793, 116], r: -6299, e: -6298, error: 43
#ERR  p: [793, 117], r: -6291, e: -6290, error: 44
#ERR  p: [794, 113], r: -6345, e: -6344, error: 45
#ERR  p: [794, 114], r: -6330, e: -6329, error: 46
#ERR  p: [794, 115], r: -6313, e: -6312, error: 47
#ERR  p: [794, 116], r: -6298, e: -6297, error: 48
#ERR  p: [794, 117], r: -6301, e: -6300, error: 49
#ERR  p: [795, 113], r: -6355, e: -6354, error: 50
#ERR  p: [795, 114], r: -6340, e: -6339, error: 51
#ERR  p: [795, 115], r: -6323, e: -6322, error: 52
#ERR  p: [795, 116], r: -6308, e: -6307, error: 53
#ERR  p: [795, 117], r: -6302, e: -6301, error: 54
#ERR  p: [795, 118], r: -6295, e: -6294, error: 55
#ERR  p: [796, 113], r: -6365, e: -6364, error: 56
#ERR  p: [796, 114], r: -6350, e: -6349, error: 57
#ERR  p: [796, 115], r: -6333, e: -6332, error: 58
#ERR  p: [796, 116], r: -6318, e: -6317, error: 59
#ERR  p: [796, 117], r: -6297, e: -6296, error: 60
#ERR  p: [796, 118], r: -6305, e: -6304, error: 61
#ERR  p: [797, 113], r: -6375, e: -6374, error: 62
#ERR  p: [797, 114], r: -6360, e: -6359, error: 63
#ERR  p: [797, 115], r: -6343, e: -6342, error: 64
#ERR  p: [797, 116], r: -6328, e: -6327, error: 65
#ERR  p: [797, 117], r: -6307, e: -6306, error: 66
#ERR  p: [797, 118], r: -6298, e: -6297, error: 67
#ERR  p: [798, 114], r: -6370, e: -6369, error: 68
#ERR  p: [798, 115], r: -6353, e: -6352, error: 69
#ERR  p: [798, 116], r: -6338, e: -6337, error: 70
#ERR  p: [798, 117], r: -6317, e: -6316, error: 71
#ERR  p: [798, 118], r: -6308, e: -6307, error: 72
#ERR  p: [798, 119], r: -6301, e: -6300, error: 73
#ERR  p: [799, 114], r: -6380, e: -6379, error: 74
#ERR  p: [799, 115], r: -6363, e: -6362, error: 75
#ERR  p: [799, 116], r: -6348, e: -6347, error: 76
#ERR  p: [799, 117], r: -6327, e: -6326, error: 77
#ERR  p: [799, 118], r: -6313, e: -6312, error: 78
#ERR  p: [799, 119], r: -6309, e: -6308, error: 79
#ERR  p: [799, 120], r: -6298, e: -6297, error: 80
#ERR  p: [800, 114], r: -6390, e: -6389, error: 81
#ERR  p: [800, 115], r: -6373, e: -6372, error: 82
#ERR  p: [800, 116], r: -6358, e: -6357, error: 83
#ERR  p: [800, 117], r: -6337, e: -6336, error: 84
#ERR  p: [800, 118], r: -6323, e: -6322, error: 85
#ERR  p: [800, 119], r: -6315, e: -6314, error: 86
#ERR  p: [800, 120], r: -6308, e: -6307, error: 87
#ERR  p: [800, 121], r: -6299, e: -6298, error: 88
#ERR  p: [801, 114], r: -6400, e: -6399, error: 89
#ERR  p: [801, 115], r: -6383, e: -6382, error: 90
#ERR  p: [801, 116], r: -6368, e: -6367, error: 91
#ERR  p: [801, 117], r: -6347, e: -6346, error: 92
#ERR  p: [801, 118], r: -6333, e: -6332, error: 93
#ERR  p: [801, 119], r: -6325, e: -6324, error: 94
#ERR  p: [801, 120], r: -6317, e: -6316, error: 95
#ERR  p: [801, 121], r: -6309, e: -6308, error: 96
#ERR  p: [801, 122], r: -6301, e: -6300, error: 97
#ERR  p: [802, 114], r: -6410, e: -6409, error: 98
#ERR  p: [802, 115], r: -6393, e: -6392, error: 99
#ERR  p: [802, 116], r: -6378, e: -6377, error: 100
#ERR  p: [802, 117], r: -6357, e: -6356, error: 101
#ERR  p: [802, 118], r: -6343, e: -6342, error: 102
#ERR  p: [802, 119], r: -6335, e: -6334, error: 103
#ERR  p: [802, 120], r: -6327, e: -6326, error: 104
#ERR  p: [802, 121], r: -6319, e: -6318, error: 105
#ERR  p: [802, 122], r: -6311, e: -6310, error: 106
#ERR  p: [802, 123], r: -6302, e: -6301, error: 107
#ERR  p: [803, 114], r: -6420, e: -6419, error: 108
#ERR  p: [803, 115], r: -6403, e: -6402, error: 109
#ERR  p: [803, 116], r: -6388, e: -6387, error: 110
#ERR  p: [803, 117], r: -6367, e: -6366, error: 111
#ERR  p: [803, 118], r: -6353, e: -6352, error: 112
#ERR  p: [803, 119], r: -6343, e: -6342, error: 113
#ERR  p: [803, 120], r: -6334, e: -6333, error: 114
#ERR  p: [803, 121], r: -6328, e: -6327, error: 115
#ERR  p: [803, 122], r: -6318, e: -6317, error: 116
#ERR  p: [803, 123], r: -6312, e: -6311, error: 117
#ERR  p: [803, 124], r: -6304, e: -6303, error: 118
#ERR  p: [804, 114], r: -6430, e: -6429, error: 119
#ERR  p: [804, 115], r: -6413, e: -6412, error: 120
#ERR  p: [804, 116], r: -6398, e: -6397, error: 121
#ERR  p: [804, 117], r: -6377, e: -6376, error: 122
#ERR  p: [804, 118], r: -6363, e: -6362, error: 123
#ERR  p: [804, 119], r: -6353, e: -6352, error: 124
#ERR  p: [804, 120], r: -6343, e: -6342, error: 125
#ERR  p: [804, 121], r: -6334, e: -6333, error: 126
#ERR  p: [804, 122], r: -6328, e: -6327, error: 127
#ERR  p: [804, 123], r: -6320, e: -6319, error: 128
#ERR  p: [804, 124], r: -6314, e: -6313, error: 129
#ERR  p: [805, 114], r: -6440, e: -6439, error: 130
#ERR  p: [805, 115], r: -6423, e: -6422, error: 131
#ERR  p: [805, 116], r: -6408, e: -6407, error: 132
#ERR  p: [805, 117], r: -6387, e: -6386, error: 133
#ERR  p: [805, 118], r: -6373, e: -6372, error: 134
#ERR  p: [805, 119], r: -6363, e: -6362, error: 135
#ERR  p: [805, 120], r: -6353, e: -6352, error: 136
#ERR  p: [805, 121], r: -6344, e: -6343, error: 137
#ERR  p: [805, 122], r: -6338, e: -6337, error: 138
#ERR  p: [805, 123], r: -6330, e: -6329, error: 139
#ERR  p: [805, 124], r: -6319, e: -6318, error: 140
#ERR  p: [806, 114], r: -6450, e: -6449, error: 141
#ERR  p: [806, 115], r: -6433, e: -6432, error: 142
#ERR  p: [806, 116], r: -6418, e: -6417, error: 143
#ERR  p: [806, 117], r: -6397, e: -6396, error: 144
#ERR  p: [806, 118], r: -6383, e: -6382, error: 145
#ERR  p: [806, 119], r: -6373, e: -6372, error: 146
#ERR  p: [806, 120], r: -6363, e: -6362, error: 147
#ERR  p: [806, 121], r: -6353, e: -6352, error: 148
#ERR  p: [806, 122], r: -6344, e: -6343, error: 149
#ERR  p: [806, 123], r: -6340, e: -6339, error: 150
#ERR  p: [806, 124], r: -6329, e: -6328, error: 151
#ERR  p: [807, 114], r: -6460, e: -6459, error: 152
#ERR  p: [807, 115], r: -6443, e: -6442, error: 153
#ERR  p: [807, 116], r: -6428, e: -6427, error: 154
#ERR  p: [807, 117], r: -6407, e: -6406, error: 155
#ERR  p: [807, 118], r: -6391, e: -6390, error: 156
#ERR  p: [807, 119], r: -6383, e: -6382, error: 157
#ERR  p: [807, 120], r: -6372, e: -6371, error: 158
#ERR  p: [807, 121], r: -6363, e: -6362, error: 159
#ERR  p: [807, 122], r: -6352, e: -6351, error: 160
#ERR  p: [807, 123], r: -6347, e: -6346, error: 161
#ERR  p: [807, 124], r: -6339, e: -6338, error: 162
#ERR  p: [808, 114], r: -6470, e: -6469, error: 163
#ERR  p: [808, 115], r: -6453, e: -6452, error: 164
#ERR  p: [808, 116], r: -6438, e: -6437, error: 165
#ERR  p: [808, 117], r: -6417, e: -6416, error: 166
#ERR  p: [808, 118], r: -6401, e: -6400, error: 167
#ERR  p: [808, 119], r: -6393, e: -6392, error: 168
#ERR  p: [808, 120], r: -6382, e: -6381, error: 169
#ERR  p: [808, 121], r: -6373, e: -6372, error: 170
#ERR  p: [808, 122], r: -6362, e: -6361, error: 171
#ERR  p: [808, 123], r: -6348, e: -6347, error: 172
#ERR  p: [808, 124], r: -6348, e: -6347, error: 173
#ERR  p: [808, 125], r: -6340, e: -6339, error: 174
#ERR  p: [809, 114], r: -6480, e: -6479, error: 175
#ERR  p: [809, 115], r: -6463, e: -6462, error: 176
#ERR  p: [809, 116], r: -6448, e: -6447, error: 177
#ERR  p: [809, 117], r: -6427, e: -6426, error: 178
#ERR  p: [809, 118], r: -6411, e: -6410, error: 179
#ERR  p: [809, 119], r: -6403, e: -6402, error: 180
#ERR  p: [809, 120], r: -6392, e: -6391, error: 181
#ERR  p: [809, 121], r: -6382, e: -6381, error: 182
#ERR  p: [809, 122], r: -6372, e: -6371, error: 183
#ERR  p: [809, 123], r: -6358, e: -6357, error: 184
#ERR  p: [809, 124], r: -6349, e: -6348, error: 185
#ERR  p: [809, 125], r: -6349, e: -6348, error: 186
#ERR  p: [810, 114], r: -6490, e: -6489, error: 187
#ERR  p: [810, 115], r: -6473, e: -6472, error: 188
#ERR  p: [810, 116], r: -6458, e: -6457, error: 189
#ERR  p: [810, 117], r: -6437, e: -6436, error: 190
#ERR  p: [810, 118], r: -6421, e: -6420, error: 191
#ERR  p: [810, 119], r: -6413, e: -6412, error: 192
#ERR  p: [810, 120], r: -6402, e: -6401, error: 193
#ERR  p: [810, 121], r: -6392, e: -6391, error: 194
#ERR  p: [810, 122], r: -6382, e: -6381, error: 195
#ERR  p: [810, 123], r: -6368, e: -6367, error: 196
#ERR  p: [810, 124], r: -6359, e: -6358, error: 197
#ERR  p: [810, 125], r: -6352, e: -6351, error: 198
#ERR  p: [811, 114], r: -6500, e: -6499, error: 199
#ERR  p: [811, 115], r: -6483, e: -6482, error: 200
#ERR  p: [811, 116], r: -6468, e: -6467, error: 201
#ERR  p: [811, 117], r: -6447, e: -6446, error: 202
#ERR  p: [811, 118], r: -6431, e: -6430, error: 203
#ERR  p: [811, 119], r: -6423, e: -6422, error: 204
#ERR  p: [811, 120], r: -6412, e: -6411, error: 205
#ERR  p: [811, 121], r: -6402, e: -6401, error: 206
#ERR  p: [811, 122], r: -6392, e: -6391, error: 207
#ERR  p: [811, 123], r: -6378, e: -6377, error: 208
#ERR  p: [811, 124], r: -6368, e: -6367, error: 209
#ERR  p: [811, 125], r: -6359, e: -6358, error: 210
#ERR  p: [811, 126], r: -6355, e: -6354, error: 211
#ERR  p: [812, 114], r: -6510, e: -6509, error: 212
#ERR  p: [812, 115], r: -6493, e: -6492, error: 213
#ERR  p: [812, 116], r: -6478, e: -6477, error: 214
#ERR  p: [812, 117], r: -6457, e: -6456, error: 215
#ERR  p: [812, 118], r: -6441, e: -6440, error: 216
#ERR  p: [812, 119], r: -6433, e: -6432, error: 217
#ERR  p: [812, 120], r: -6422, e: -6421, error: 218
#ERR  p: [812, 121], r: -6411, e: -6410, error: 219
#ERR  p: [812, 122], r: -6402, e: -6401, error: 220
#ERR  p: [812, 123], r: -6388, e: -6387, error: 221
#ERR  p: [812, 124], r: -6378, e: -6377, error: 222
#ERR  p: [812, 125], r: -6369, e: -6368, error: 223
#ERR  p: [812, 126], r: -6360, e: -6359, error: 224
#ERR  p: [813, 114], r: -6520, e: -6519, error: 225
#ERR  p: [813, 115], r: -6503, e: -6502, error: 226
#ERR  p: [813, 116], r: -6488, e: -6487, error: 227
#ERR  p: [813, 117], r: -6467, e: -6466, error: 228
#ERR  p: [813, 118], r: -6451, e: -6450, error: 229
#ERR  p: [813, 119], r: -6435, e: -6434, error: 230
#ERR  p: [813, 120], r: -6432, e: -6431, error: 231
#ERR  p: [813, 121], r: -6421, e: -6420, error: 232
#ERR  p: [813, 122], r: -6411, e: -6410, error: 233
#ERR  p: [813, 123], r: -6398, e: -6397, error: 234
#ERR  p: [813, 124], r: -6388, e: -6387, error: 235
#ERR  p: [813, 125], r: -6379, e: -6378, error: 236
#ERR  p: [813, 126], r: -6370, e: -6369, error: 237
#ERR  p: [813, 127], r: -6361, e: -6360, error: 238
#ERR  p: [814, 114], r: -6530, e: -6529, error: 239
#ERR  p: [814, 115], r: -6513, e: -6512, error: 240
#ERR  p: [814, 116], r: -6498, e: -6497, error: 241
#ERR  p: [814, 117], r: -6477, e: -6476, error: 242
#ERR  p: [814, 118], r: -6461, e: -6460, error: 243
#ERR  p: [814, 119], r: -6445, e: -6444, error: 244
#ERR  p: [814, 120], r: -6438, e: -6437, error: 245
#ERR  p: [814, 121], r: -6431, e: -6430, error: 246
#ERR  p: [814, 122], r: -6421, e: -6420, error: 247
#ERR  p: [814, 123], r: -6408, e: -6407, error: 248
#ERR  p: [814, 124], r: -6392, e: -6391, error: 249
#ERR  p: [814, 125], r: -6382, e: -6381, error: 250
#ERR  p: [814, 126], r: -6380, e: -6379, error: 251
#ERR  p: [814, 127], r: -6371, e: -6370, error: 252
#ERR  p: [815, 114], r: -6540, e: -6539, error: 253
#ERR  p: [815, 115], r: -6523, e: -6522, error: 254
#ERR  p: [815, 116], r: -6508, e: -6507, error: 255
#ERR  p: [815, 117], r: -6487, e: -6486, error: 256
#ERR  p: [815, 118], r: -6471, e: -6470, error: 257
#ERR  p: [815, 119], r: -6455, e: -6454, error: 258
#ERR  p: [815, 120], r: -6445, e: -6444, error: 259
#ERR  p: [815, 121], r: -6437, e: -6436, error: 260
#ERR  p: [815, 122], r: -6431, e: -6430, error: 261
#ERR  p: [815, 123], r: -6418, e: -6417, error: 262
#ERR  p: [815, 124], r: -6402, e: -6401, error: 263
#ERR  p: [815, 125], r: -6392, e: -6391, error: 264
#ERR  p: [815, 126], r: -6383, e: -6382, error: 265
#ERR  p: [815, 127], r: -6380, e: -6379, error: 266
#ERR  p: [815, 128], r: -6370, e: -6369, error: 267
#ERR  p: [816, 114], r: -6550, e: -6549, error: 268
#ERR  p: [816, 115], r: -6533, e: -6532, error: 269
#ERR  p: [816, 116], r: -6518, e: -6517, error: 270
#ERR  p: [816, 117], r: -6497, e: -6496, error: 271
#ERR  p: [816, 118], r: -6481, e: -6480, error: 272
#ERR  p: [816, 119], r: -6465, e: -6464, error: 273
#ERR  p: [816, 120], r: -6455, e: -6454, error: 274
#ERR  p: [816, 121], r: -6443, e: -6442, error: 275
#ERR  p: [816, 122], r: -6437, e: -6436, error: 276
#ERR  p: [816, 123], r: -6428, e: -6427, error: 277
#ERR  p: [816, 124], r: -6412, e: -6411, error: 278
#ERR  p: [816, 125], r: -6402, e: -6401, error: 279
#ERR  p: [816, 126], r: -6393, e: -6392, error: 280
#ERR  p: [816, 127], r: -6383, e: -6382, error: 281
#ERR  p: [816, 128], r: -6375, e: -6374, error: 282
#ERR  p: [816, 129], r: -6365, e: -6364, error: 283
#ERR  p: [817, 114], r: -6560, e: -6559, error: 284
#ERR  p: [817, 115], r: -6543, e: -6542, error: 285
#ERR  p: [817, 116], r: -6528, e: -6527, error: 286
#ERR  p: [817, 117], r: -6507, e: -6506, error: 287
#ERR  p: [817, 118], r: -6491, e: -6490, error: 288
#ERR  p: [817, 119], r: -6475, e: -6474, error: 289
#ERR  p: [817, 120], r: -6464, e: -6463, error: 290
#ERR  p: [817, 121], r: -6453, e: -6452, error: 291
#ERR  p: [817, 122], r: -6442, e: -6441, error: 292
#ERR  p: [817, 123], r: -6438, e: -6437, error: 293
#ERR  p: [817, 124], r: -6422, e: -6421, error: 294
#ERR  p: [817, 125], r: -6412, e: -6411, error: 295
#ERR  p: [817, 126], r: -6403, e: -6402, error: 296
#ERR  p: [817, 127], r: -6393, e: -6392, error: 297
#ERR  p: [817, 128], r: -6383, e: -6382, error: 298
#ERR  p: [817, 129], r: -6375, e: -6374, error: 299
#ERR  p: [818, 114], r: -6570, e: -6569, error: 300
#ERR  p: [818, 115], r: -6553, e: -6552, error: 301
#ERR  p: [818, 116], r: -6538, e: -6537, error: 302
#ERR  p: [818, 117], r: -6517, e: -6516, error: 303
#ERR  p: [818, 118], r: -6501, e: -6500, error: 304
#ERR  p: [818, 119], r: -6485, e: -6484, error: 305
#ERR  p: [818, 120], r: -6474, e: -6473, error: 306
#ERR  p: [818, 121], r: -6463, e: -6462, error: 307
#ERR  p: [818, 122], r: -6452, e: -6451, error: 308
#ERR  p: [818, 123], r: -6442, e: -6441, error: 309
#ERR  p: [818, 124], r: -6432, e: -6431, error: 310
#ERR  p: [818, 125], r: -6422, e: -6421, error: 311
#ERR  p: [818, 126], r: -6413, e: -6412, error: 312
#ERR  p: [818, 127], r: -6403, e: -6402, error: 313
#ERR  p: [818, 128], r: -6393, e: -6392, error: 314
#ERR  p: [818, 129], r: -6384, e: -6383, error: 315
#ERR  p: [819, 114], r: -6580, e: -6579, error: 316
#ERR  p: [819, 115], r: -6563, e: -6562, error: 317
#ERR  p: [819, 116], r: -6548, e: -6547, error: 318
#ERR  p: [819, 117], r: -6527, e: -6526, error: 319
#ERR  p: [819, 118], r: -6511, e: -6510, error: 320
#ERR  p: [819, 119], r: -6495, e: -6494, error: 321
#ERR  p: [819, 120], r: -6484, e: -6483, error: 322
#ERR  p: [819, 121], r: -6473, e: -6472, error: 323
#ERR  p: [819, 122], r: -6462, e: -6461, error: 324
#ERR  p: [819, 123], r: -6452, e: -6451, error: 325
#ERR  p: [819, 124], r: -6442, e: -6441, error: 326
#ERR  p: [819, 125], r: -6432, e: -6431, error: 327
#ERR  p: [819, 126], r: -6415, e: -6414, error: 328
#ERR  p: [819, 127], r: -6413, e: -6412, error: 329
#ERR  p: [819, 128], r: -6403, e: -6402, error: 330
#ERR  p: [819, 129], r: -6394, e: -6393, error: 331
#ERR  p: [820, 114], r: -6590, e: -6589, error: 332
#ERR  p: [820, 115], r: -6573, e: -6572, error: 333
#ERR  p: [820, 116], r: -6558, e: -6557, error: 334
#ERR  p: [820, 117], r: -6537, e: -6536, error: 335
#ERR  p: [820, 118], r: -6521, e: -6520, error: 336
#ERR  p: [820, 119], r: -6505, e: -6504, error: 337
#ERR  p: [820, 120], r: -6494, e: -6493, error: 338
#ERR  p: [820, 121], r: -6483, e: -6482, error: 339
#ERR  p: [820, 122], r: -6472, e: -6471, error: 340
#ERR  p: [820, 123], r: -6462, e: -6461, error: 341
#ERR  p: [820, 124], r: -6446, e: -6445, error: 342
#ERR  p: [820, 125], r: -6436, e: -6435, error: 343
#ERR  p: [820, 126], r: -6425, e: -6424, error: 344
#ERR  p: [820, 127], r: -6418, e: -6417, error: 345
#ERR  p: [820, 128], r: -6413, e: -6412, error: 346
#ERR  p: [820, 129], r: -6404, e: -6403, error: 347
#ERR  p: [820, 130], r: -6388, e: -6387, error: 348
#ERR  p: [821, 114], r: -6600, e: -6599, error: 349
#ERR  p: [821, 115], r: -6583, e: -6582, error: 350
#ERR  p: [821, 116], r: -6568, e: -6567, error: 351
#ERR  p: [821, 117], r: -6547, e: -6546, error: 352
#ERR  p: [821, 118], r: -6531, e: -6530, error: 353
#ERR  p: [821, 119], r: -6515, e: -6514, error: 354
#ERR  p: [821, 120], r: -6504, e: -6503, error: 355
#ERR  p: [821, 121], r: -6493, e: -6492, error: 356
#ERR  p: [821, 122], r: -6482, e: -6481, error: 357
#ERR  p: [821, 123], r: -6472, e: -6471, error: 358
#ERR  p: [821, 124], r: -6456, e: -6455, error: 359
#ERR  p: [821, 125], r: -6446, e: -6445, error: 360
#ERR  p: [821, 126], r: -6435, e: -6434, error: 361
#ERR  p: [821, 127], r: -6427, e: -6426, error: 362
#ERR  p: [821, 128], r: -6419, e: -6418, error: 363
#ERR  p: [821, 129], r: -6414, e: -6413, error: 364
#ERR  p: [821, 130], r: -6398, e: -6397, error: 365
#ERR  p: [822, 114], r: -6610, e: -6609, error: 366
#ERR  p: [822, 115], r: -6593, e: -6592, error: 367
#ERR  p: [822, 116], r: -6578, e: -6577, error: 368
#ERR  p: [822, 117], r: -6557, e: -6556, error: 369
#ERR  p: [822, 118], r: -6541, e: -6540, error: 370
#ERR  p: [822, 119], r: -6525, e: -6524, error: 371
#ERR  p: [822, 120], r: -6514, e: -6513, error: 372
#ERR  p: [822, 121], r: -6503, e: -6502, error: 373
#ERR  p: [822, 122], r: -6492, e: -6491, error: 374
#ERR  p: [822, 123], r: -6481, e: -6480, error: 375
#ERR  p: [822, 124], r: -6466, e: -6465, error: 376
#ERR  p: [822, 125], r: -6456, e: -6455, error: 377
#ERR  p: [822, 126], r: -6445, e: -6444, error: 378
#ERR  p: [822, 127], r: -6437, e: -6436, error: 379
#ERR  p: [822, 128], r: -6428, e: -6427, error: 380
#ERR  p: [822, 129], r: -6420, e: -6419, error: 381
#ERR  p: [822, 130], r: -6408, e: -6407, error: 382
#ERR  p: [823, 114], r: -6620, e: -6619, error: 383
#ERR  p: [823, 115], r: -6603, e: -6602, error: 384
#ERR  p: [823, 116], r: -6588, e: -6587, error: 385
#ERR  p: [823, 117], r: -6567, e: -6566, error: 386
#ERR  p: [823, 118], r: -6551, e: -6550, error: 387
#ERR  p: [823, 119], r: -6535, e: -6534, error: 388
#ERR  p: [823, 120], r: -6524, e: -6523, error: 389
#ERR  p: [823, 121], r: -6513, e: -6512, error: 390
#ERR  p: [823, 122], r: -6502, e: -6501, error: 391
#ERR  p: [823, 123], r: -6491, e: -6490, error: 392
#ERR  p: [823, 124], r: -6476, e: -6475, error: 393
#ERR  p: [823, 125], r: -6466, e: -6465, error: 394
#ERR  p: [823, 126], r: -6455, e: -6454, error: 395
#ERR  p: [823, 127], r: -6447, e: -6446, error: 396
#ERR  p: [823, 128], r: -6438, e: -6437, error: 397
#ERR  p: [823, 129], r: -6429, e: -6428, error: 398
#ERR  p: [823, 130], r: -6418, e: -6417, error: 399
#ERR  p: [824, 115], r: -6613, e: -6612, error: 400
#ERR  p: [824, 116], r: -6598, e: -6597, error: 401
#ERR  p: [824, 117], r: -6577, e: -6576, error: 402
#ERR  p: [824, 118], r: -6561, e: -6560, error: 403
#ERR  p: [824, 119], r: -6545, e: -6544, error: 404
#ERR  p: [824, 120], r: -6534, e: -6533, error: 405
#ERR  p: [824, 121], r: -6523, e: -6522, error: 406
#ERR  p: [824, 122], r: -6512, e: -6511, error: 407
#ERR  p: [824, 123], r: -6501, e: -6500, error: 408
#ERR  p: [824, 124], r: -6486, e: -6485, error: 409
#ERR  p: [824, 125], r: -6476, e: -6475, error: 410
#ERR  p: [824, 126], r: -6465, e: -6464, error: 411
#ERR  p: [824, 127], r: -6454, e: -6453, error: 412
#ERR  p: [824, 128], r: -6446, e: -6445, error: 413
#ERR  p: [824, 129], r: -6437, e: -6436, error: 414
#ERR  p: [824, 130], r: -6428, e: -6427, error: 415
#ERR  p: [825, 115], r: -6623, e: -6622, error: 416
#ERR  p: [825, 116], r: -6608, e: -6607, error: 417
#ERR  p: [825, 117], r: -6587, e: -6586, error: 418
#ERR  p: [825, 118], r: -6571, e: -6570, error: 419
#ERR  p: [825, 119], r: -6555, e: -6554, error: 420
#ERR  p: [825, 120], r: -6544, e: -6543, error: 421
#ERR  p: [825, 121], r: -6533, e: -6532, error: 422
#ERR  p: [825, 122], r: -6522, e: -6521, error: 423
#ERR  p: [825, 123], r: -6511, e: -6510, error: 424
#ERR  p: [825, 124], r: -6496, e: -6495, error: 425
#ERR  p: [825, 125], r: -6486, e: -6485, error: 426
#ERR  p: [825, 126], r: -6475, e: -6474, error: 427
#ERR  p: [825, 127], r: -6464, e: -6463, error: 428
#ERR  p: [825, 128], r: -6456, e: -6455, error: 429
#ERR  p: [825, 129], r: -6447, e: -6446, error: 430
#ERR  p: [825, 130], r: -6437, e: -6436, error: 431
#ERR  p: [826, 115], r: -6633, e: -6632, error: 432
#ERR  p: [826, 116], r: -6618, e: -6617, error: 433
#ERR  p: [826, 117], r: -6597, e: -6596, error: 434
#ERR  p: [826, 118], r: -6581, e: -6580, error: 435
#ERR  p: [826, 119], r: -6565, e: -6564, error: 436
#ERR  p: [826, 120], r: -6554, e: -6553, error: 437
#ERR  p: [826, 121], r: -6543, e: -6542, error: 438
#ERR  p: [826, 122], r: -6532, e: -6531, error: 439
#ERR  p: [826, 123], r: -6521, e: -6520, error: 440
#ERR  p: [826, 124], r: -6506, e: -6505, error: 441
#ERR  p: [826, 125], r: -6496, e: -6495, error: 442
#ERR  p: [826, 126], r: -6485, e: -6484, error: 443
#ERR  p: [826, 127], r: -6474, e: -6473, error: 444
#ERR  p: [826, 128], r: -6464, e: -6463, error: 445
#ERR  p: [826, 129], r: -6456, e: -6455, error: 446
#ERR  p: [826, 130], r: -6447, e: -6446, error: 447
#ERR  p: [827, 115], r: -6643, e: -6642, error: 448
#ERR  p: [827, 116], r: -6628, e: -6627, error: 449
#ERR  p: [827, 117], r: -6607, e: -6606, error: 450
#ERR  p: [827, 118], r: -6591, e: -6590, error: 451
#ERR  p: [827, 119], r: -6575, e: -6574, error: 452
#ERR  p: [827, 120], r: -6564, e: -6563, error: 453
#ERR  p: [827, 121], r: -6553, e: -6552, error: 454
#ERR  p: [827, 122], r: -6542, e: -6541, error: 455
#ERR  p: [827, 123], r: -6531, e: -6530, error: 456
#ERR  p: [827, 124], r: -6516, e: -6515, error: 457
#ERR  p: [827, 125], r: -6506, e: -6505, error: 458
#ERR  p: [827, 126], r: -6495, e: -6494, error: 459
#ERR  p: [827, 127], r: -6484, e: -6483, error: 460
#ERR  p: [827, 128], r: -6474, e: -6473, error: 461
#ERR  p: [827, 129], r: -6465, e: -6464, error: 462
#ERR  p: [827, 130], r: -6457, e: -6456, error: 463
#ERR  p: [828, 115], r: -6653, e: -6652, error: 464
#ERR  p: [828, 116], r: -6638, e: -6637, error: 465
#ERR  p: [828, 117], r: -6617, e: -6616, error: 466
#ERR  p: [828, 118], r: -6601, e: -6600, error: 467
#ERR  p: [828, 119], r: -6585, e: -6584, error: 468
#ERR  p: [828, 120], r: -6574, e: -6573, error: 469
#ERR  p: [828, 121], r: -6563, e: -6562, error: 470
#ERR  p: [828, 122], r: -6552, e: -6551, error: 471
#ERR  p: [828, 123], r: -6541, e: -6540, error: 472
#ERR  p: [828, 124], r: -6526, e: -6525, error: 473
#ERR  p: [828, 125], r: -6513, e: -6512, error: 474
#ERR  p: [828, 126], r: -6505, e: -6504, error: 475
#ERR  p: [828, 127], r: -6494, e: -6493, error: 476
#ERR  p: [828, 128], r: -6484, e: -6483, error: 477
#ERR  p: [828, 129], r: -6475, e: -6474, error: 478
#ERR  p: [828, 130], r: -6462, e: -6461, error: 479
#ERR  p: [829, 115], r: -6663, e: -6662, error: 480
#ERR  p: [829, 116], r: -6648, e: -6647, error: 481
#ERR  p: [829, 117], r: -6627, e: -6626, error: 482
#ERR  p: [829, 118], r: -6611, e: -6610, error: 483
#ERR  p: [829, 119], r: -6595, e: -6594, error: 484
#ERR  p: [829, 120], r: -6584, e: -6583, error: 485
#ERR  p: [829, 121], r: -6572, e: -6571, error: 486
#ERR  p: [829, 122], r: -6562, e: -6561, error: 487
#ERR  p: [829, 123], r: -6551, e: -6550, error: 488
#ERR  p: [829, 124], r: -6536, e: -6535, error: 489
#ERR  p: [829, 125], r: -6523, e: -6522, error: 490
#ERR  p: [829, 126], r: -6514, e: -6513, error: 491
#ERR  p: [829, 127], r: -6504, e: -6503, error: 492
#ERR  p: [829, 128], r: -6489, e: -6488, error: 493
#ERR  p: [829, 129], r: -6479, e: -6478, error: 494
#ERR  p: [829, 130], r: -6472, e: -6471, error: 495
#ERR  p: [829, 131], r: -6463, e: -6462, error: 496
#ERR  p: [830, 115], r: -6673, e: -6672, error: 497
#ERR  p: [830, 116], r: -6658, e: -6657, error: 498
#ERR  p: [830, 117], r: -6637, e: -6636, error: 499
#SDC Ite:0 KerTime:0.295050 AccTime:0.295050 KerErr:500 AccErr:500
#END