#HEADER max_rows:2048 max_cols:2048 penalty:10
#BEGIN Y:2016 M:09 D:12 Time:15:01:47
#IT Ite:0 KerTime:0.295637 AccTime:0.295637
#ERR Error detected! kerrors = 584064
#ERR  p: [1697, 384], r: 1172803454, e: -11764, error: 1
#ERR  p: [1697, 385], r: 1172803444, e: -11753, error: 2
#ERR  p: [1697, 386], r: 1172803434, e: -11743, error: 3
#ERR  p: [1697, 387], r: 1172803424, e: -11732, error: 4
#ERR  p: [1697, 388], r: 1172803414, e: -11719, error: 5
#ERR  p: [1697, 389], r: 1172803404, e: -11704, error: 6
#ERR  p: [1697, 390], r: 1172803394, e: -11693, error: 7
#ERR  p: [1697, 391], r: 1172803384, e: -11684, error: 8
#ERR  p: [1697, 392], r: 1172803374, e: -11670, error: 9
#ERR  p: [1697, 393], r: 1172803364, e: -11659, error: 10
#ERR  p: [1697, 394], r: 1172803354, e: -11650, error: 11
#ERR  p: [1697, 395], r: 1172803344, e: -11637, error: 12
#ERR  p: [1697, 396], r: 1172803334, e: -11624, error: 13
#ERR  p: [1697, 397], r: 1172803324, e: -11607, error: 14
#ERR  p: [1697, 398], r: 1172803314, e: -11593, error: 15
#ERR  p: [1697, 399], r: 1172803304, e: -11587, error: 16
#ERR  p: [1697, 400], r: 1172803294, e: -11576, error: 17
#ERR  p: [1697, 401], r: 1172803284, e: -11562, error: 18
#ERR  p: [1697, 402], r: 1172803274, e: -11551, error: 19
#ERR  p: [1697, 403], r: 1172803264, e: -11537, error: 20
#ERR  p: [1697, 404], r: 1172803254, e: -11529, error: 21
#ERR  p: [1697, 405], r: 1172803244, e: -11520, error: 22
#ERR  p: [1697, 406], r: 1172803234, e: -11513, error: 23
#ERR  p: [1697, 407], r: 1172803224, e: -11503, error: 24
#ERR  p: [1697, 408], r: 1172803214, e: -11489, error: 25
#ERR  p: [1697, 409], r: 1172803204, e: -11479, error: 26
#ERR  p: [1697, 410], r: 1172803194, e: -11468, error: 27
#ERR  p: [1697, 411], r: 1172803184, e: -11460, error: 28
#ERR  p: [1697, 412], r: 1172803174, e: -11445, error: 29
#ERR  p: [1697, 413], r: 1172803164, e: -11436, error: 30
#ERR  p: [1697, 414], r: 1172803154, e: -11424, error: 31
#ERR  p: [1697, 415], r: 1172803144, e: -11414, error: 32
#ERR  p: [1697, 416], r: 1172803134, e: -11402, error: 33
#ERR  p: [1697, 417], r: 1172803124, e: -11389, error: 34
#ERR  p: [1697, 418], r: 1172803114, e: -11380, error: 35
#ERR  p: [1697, 419], r: 1172803104, e: -11368, error: 36
#ERR  p: [1697, 420], r: 1172803094, e: -11352, error: 37
#ERR  p: [1697, 421], r: 1172803084, e: -11346, error: 38
#ERR  p: [1697, 422], r: 1172803074, e: -11335, error: 39
#ERR  p: [1697, 423], r: 1172803064, e: -11318, error: 40
#ERR  p: [1697, 424], r: 1172803054, e: -11307, error: 41
#ERR  p: [1697, 425], r: 1172803044, e: -11298, error: 42
#ERR  p: [1697, 426], r: 1172803034, e: -11291, error: 43
#ERR  p: [1697, 427], r: 1172803024, e: -11282, error: 44
#ERR  p: [1697, 428], r: 1172803014, e: -11271, error: 45
#ERR  p: [1697, 429], r: 1172803004, e: -11261, error: 46
#ERR  p: [1697, 430], r: 1172802994, e: -11246, error: 47
#ERR  p: [1697, 431], r: 1172802984, e: -11236, error: 48
#ERR  p: [1697, 432], r: 1172802974, e: -11226, error: 49
#ERR  p: [1697, 433], r: 1172802964, e: -11211, error: 50
#ERR  p: [1697, 434], r: 1172802954, e: -11198, error: 51
#ERR  p: [1697, 435], r: 1172802944, e: -11184, error: 52
#ERR  p: [1697, 436], r: 1172802934, e: -11168, error: 53
#ERR  p: [1697, 437], r: 1172802924, e: -11158, error: 54
#ERR  p: [1697, 438], r: 1172802914, e: -11148, error: 55
#ERR  p: [1697, 439], r: 1172802904, e: -11136, error: 56
#ERR  p: [1697, 440], r: 1172802894, e: -11125, error: 57
#ERR  p: [1697, 441], r: 1172802884, e: -11114, error: 58
#ERR  p: [1697, 442], r: 1172802874, e: -11100, error: 59
#ERR  p: [1697, 443], r: 1172802864, e: -11090, error: 60
#ERR  p: [1697, 444], r: 1172802854, e: -11079, error: 61
#ERR  p: [1697, 445], r: 1172802844, e: -11067, error: 62
#ERR  p: [1697, 446], r: 1172802834, e: -11052, error: 63
#ERR  p: [1697, 447], r: 1172802824, e: -11039, error: 64
#ERR  p: [1697, 448], r: 1172802814, e: -11025, error: 65
#ERR  p: [1697, 449], r: 1172802804, e: -11009, error: 66
#ERR  p: [1697, 450], r: 1172802794, e: -10995, error: 67
#ERR  p: [1697, 451], r: 1172802784, e: -10980, error: 68
#ERR  p: [1697, 452], r: 1172802774, e: -10970, error: 69
#ERR  p: [1697, 453], r: 1172802764, e: -10955, error: 70
#ERR  p: [1697, 454], r: 1172802754, e: -10934, error: 71
#ERR  p: [1697, 455], r: 1172802744, e: -10918, error: 72
#ERR  p: [1697, 456], r: 1172802734, e: -10904, error: 73
#ERR  p: [1697, 457], r: 1172802724, e: -10895, error: 74
#ERR  p: [1697, 458], r: 1172802714, e: -10885, error: 75
#ERR  p: [1697, 459], r: 1172802704, e: -10874, error: 76
#ERR  p: [1697, 460], r: 1172802694, e: -10864, error: 77
#ERR  p: [1697, 461], r: 1172802684, e: -10854, error: 78
#ERR  p: [1697, 462], r: 1172802674, e: -10844, error: 79
#ERR  p: [1697, 463], r: 1172802664, e: -10833, error: 80
#ERR  p: [1697, 464], r: 1172802654, e: -10819, error: 81
#ERR  p: [1697, 465], r: 1172802644, e: -10820, error: 82
#ERR  p: [1697, 466], r: 1172802634, e: -10809, error: 83
#ERR  p: [1697, 467], r: 1172802624, e: -10801, error: 84
#ERR  p: [1697, 468], r: 1172802614, e: -10794, error: 85
#ERR  p: [1697, 469], r: 1172802604, e: -10778, error: 86
#ERR  p: [1697, 470], r: 1172802594, e: -10767, error: 87
#ERR  p: [1697, 471], r: 1172802584, e: -10756, error: 88
#ERR  p: [1697, 472], r: 1172802574, e: -10741, error: 89
#ERR  p: [1697, 473], r: 1172802564, e: -10726, error: 90
#ERR  p: [1697, 474], r: 1172802554, e: -10710, error: 91
#ERR  p: [1697, 475], r: 1172802544, e: -10704, error: 92
#ERR  p: [1697, 476], r: 1172802534, e: -10690, error: 93
#ERR  p: [1697, 477], r: 1172802524, e: -10680, error: 94
#ERR  p: [1697, 478], r: 1172802514, e: -10672, error: 95
#ERR  p: [1697, 479], r: 1172802504, e: -10660, error: 96
#ERR  p: [1697, 480], r: 1172802494, e: -10648, error: 97
#ERR  p: [1697, 481], r: 1172802484, e: -10639, error: 98
#ERR  p: [1697, 482], r: 1172802474, e: -10628, error: 99
#ERR  p: [1697, 483], r: 1172802464, e: -10611, error: 100
#ERR  p: [1697, 484], r: 1172802454, e: -10599, error: 101
#ERR  p: [1697, 485], r: 1172802444, e: -10585, error: 102
#ERR  p: [1697, 486], r: 1172802434, e: -10573, error: 103
#ERR  p: [1697, 487], r: 1172802424, e: -10563, error: 104
#ERR  p: [1697, 488], r: 1172802414, e: -10555, error: 105
#ERR  p: [1697, 489], r: 1172802404, e: -10543, error: 106
#ERR  p: [1697, 490], r: 1172802394, e: -10529, error: 107
#ERR  p: [1697, 491], r: 1172802384, e: -10518, error: 108
#ERR  p: [1697, 492], r: 1172802374, e: -10501, error: 109
#ERR  p: [1697, 493], r: 1172802364, e: -10489, error: 110
#ERR  p: [1697, 494], r: 1172802354, e: -10475, error: 111
#ERR  p: [1697, 495], r: 1172802344, e: -10466, error: 112
#ERR  p: [1697, 496], r: 1172802334, e: -10454, error: 113
#ERR  p: [1697, 497], r: 1172802324, e: -10440, error: 114
#ERR  p: [1697, 498], r: 1172802314, e: -10428, error: 115
#ERR  p: [1697, 499], r: 1172802304, e: -10417, error: 116
#ERR  p: [1697, 500], r: 1172802294, e: -10406, error: 117
#ERR  p: [1697, 501], r: 1172802284, e: -10400, error: 118
#ERR  p: [1697, 502], r: 1172802274, e: -10388, error: 119
#ERR  p: [1697, 503], r: 1172802264, e: -10373, error: 120
#ERR  p: [1697, 504], r: 1172802254, e: -10364, error: 121
#ERR  p: [1697, 505], r: 1172802244, e: -10354, error: 122
#ERR  p: [1697, 506], r: 1172802234, e: -10345, error: 123
#ERR  p: [1697, 507], r: 1172802224, e: -10332, error: 124
#ERR  p: [1697, 508], r: 1172802214, e: -10319, error: 125
#ERR  p: [1697, 509], r: 1172802204, e: -10308, error: 126
#ERR  p: [1697, 510], r: 1172802194, e: -10294, error: 127
#ERR  p: [1697, 511], r: 1172802184, e: -10282, error: 128
#ERR  p: [1697, 512], r: 1172802174, e: -10268, error: 129
#ERR  p: [1697, 513], r: 1172802164, e: -10257, error: 130
#ERR  p: [1697, 514], r: 1172802154, e: -10244, error: 131
#ERR  p: [1697, 515], r: 1172802144, e: -10235, error: 132
#ERR  p: [1697, 516], r: 1172802134, e: -10224, error: 133
#ERR  p: [1697, 517], r: 1172802124, e: -10215, error: 134
#ERR  p: [1697, 518], r: 1172802114, e: -10203, error: 135
#ERR  p: [1697, 519], r: 1172802104, e: -10193, error: 136
#ERR  p: [1697, 520], r: 1172802094, e: -10183, error: 137
#ERR  p: [1697, 521], r: 1172802084, e: -10177, error: 138
#ERR  p: [1697, 522], r: 1172802074, e: -10166, error: 139
#ERR  p: [1697, 523], r: 1172802064, e: -10157, error: 140
#ERR  p: [1697, 524], r: 1172802054, e: -10143, error: 141
#ERR  p: [1697, 525], r: 1172802044, e: -10137, error: 142
#ERR  p: [1697, 526], r: 1172802034, e: -10128, error: 143
#ERR  p: [1697, 527], r: 1172802024, e: -10118, error: 144
#ERR  p: [1697, 528], r: 1172802014, e: -10110, error: 145
#ERR  p: [1697, 529], r: 1172802004, e: -10094, error: 146
#ERR  p: [1697, 530], r: 1172801994, e: -10083, error: 147
#ERR  p: [1697, 531], r: 1172801984, e: -10071, error: 148
#ERR  p: [1697, 532], r: 1172801974, e: -10057, error: 149
#ERR  p: [1697, 533], r: 1172801964, e: -10047, error: 150
#ERR  p: [1697, 534], r: 1172801954, e: -10033, error: 151
#ERR  p: [1697, 535], r: 1172801944, e: -10031, error: 152
#ERR  p: [1697, 536], r: 1172801934, e: -10017, error: 153
#ERR  p: [1697, 537], r: 1172801924, e: -10006, error: 154
#ERR  p: [1697, 538], r: 1172801914, e: -9995, error: 155
#ERR  p: [1697, 539], r: 1172801904, e: -9986, error: 156
#ERR  p: [1697, 540], r: 1172801894, e: -9977, error: 157
#ERR  p: [1697, 541], r: 1172801884, e: -9968, error: 158
#ERR  p: [1697, 542], r: 1172801874, e: -9955, error: 159
#ERR  p: [1697, 543], r: 1172801864, e: -9945, error: 160
#ERR  p: [1697, 544], r: 1172801854, e: -9931, error: 161
#ERR  p: [1697, 545], r: 1172801844, e: -9920, error: 162
#ERR  p: [1697, 546], r: 1172801834, e: -9905, error: 163
#ERR  p: [1697, 547], r: 1172801824, e: -9887, error: 164
#ERR  p: [1697, 548], r: 1172801814, e: -9879, error: 165
#ERR  p: [1697, 549], r: 1172801804, e: -9867, error: 166
#ERR  p: [1697, 550], r: 1172801794, e: -9853, error: 167
#ERR  p: [1697, 551], r: 1172801784, e: -9847, error: 168
#ERR  p: [1697, 552], r: 1172801774, e: -9839, error: 169
#ERR  p: [1697, 553], r: 1172801764, e: -9829, error: 170
#ERR  p: [1697, 554], r: 1172801754, e: -9820, error: 171
#ERR  p: [1697, 555], r: 1172801744, e: -9808, error: 172
#ERR  p: [1697, 556], r: 1172801734, e: -9798, error: 173
#ERR  p: [1697, 557], r: 1172801724, e: -9784, error: 174
#ERR  p: [1697, 558], r: 1172801714, e: -9780, error: 175
#ERR  p: [1697, 559], r: 1172801704, e: -9767, error: 176
#ERR  p: [1697, 560], r: 1172801694, e: -9753, error: 177
#ERR  p: [1697, 561], r: 1172801684, e: -9736, error: 178
#ERR  p: [1697, 562], r: 1172801674, e: -9724, error: 179
#ERR  p: [1697, 563], r: 1172801664, e: -9717, error: 180
#ERR  p: [1697, 564], r: 1172801654, e: -9705, error: 181
#ERR  p: [1697, 565], r: 1172801644, e: -9691, error: 182
#ERR  p: [1697, 566], r: 1172801634, e: -9680, error: 183
#ERR  p: [1697, 567], r: 1172801624, e: -9672, error: 184
#ERR  p: [1697, 568], r: 1172801614, e: -9658, error: 185
#ERR  p: [1697, 569], r: 1172801604, e: -9644, error: 186
#ERR  p: [1697, 570], r: 1172801594, e: -9638, error: 187
#ERR  p: [1697, 571], r: 1172801584, e: -9633, error: 188
#ERR  p: [1697, 572], r: 1172801574, e: -9619, error: 189
#ERR  p: [1697, 573], r: 1172801564, e: -9608, error: 190
#ERR  p: [1697, 574], r: 1172801554, e: -9596, error: 191
#ERR  p: [1697, 575], r: 1172801544, e: -9581, error: 192
#ERR  p: [1697, 576], r: 1172801534, e: -9571, error: 193
#ERR  p: [1697, 577], r: 1172801524, e: -9561, error: 194
#ERR  p: [1697, 578], r: 1172801514, e: -9551, error: 195
#ERR  p: [1697, 579], r: 1172801504, e: -9543, error: 196
#ERR  p: [1697, 580], r: 1172801494, e: -9533, error: 197
#ERR  p: [1697, 581], r: 1172801484, e: -9519, error: 198
#ERR  p: [1697, 582], r: 1172801474, e: -9509, error: 199
#ERR  p: [1697, 583], r: 1172801464, e: -9499, error: 200
#ERR  p: [1697, 584], r: 1172801454, e: -9485, error: 201
#ERR  p: [1697, 585], r: 1172801444, e: -9475, error: 202
#ERR  p: [1697, 586], r: 1172801434, e: -9462, error: 203
#ERR  p: [1697, 587], r: 1172801424, e: -9451, error: 204
#ERR  p: [1697, 588], r: 1172801414, e: -9441, error: 205
#ERR  p: [1697, 589], r: 1172801404, e: -9426, error: 206
#ERR  p: [1697, 590], r: 1172801394, e: -9414, error: 207
#ERR  p: [1697, 591], r: 1172801384, e: -9400, error: 208
#ERR  p: [1697, 592], r: 1172801374, e: -9385, error: 209
#ERR  p: [1697, 593], r: 1172801364, e: -9372, error: 210
#ERR  p: [1697, 594], r: 1172801354, e: -9355, error: 211
#ERR  p: [1697, 595], r: 1172801344, e: -9343, error: 212
#ERR  p: [1697, 596], r: 1172801334, e: -9329, error: 213
#ERR  p: [1697, 597], r: 1172801324, e: -9319, error: 214
#ERR  p: [1697, 598], r: 1172801314, e: -9307, error: 215
#ERR  p: [1697, 599], r: 1172801304, e: -9297, error: 216
#ERR  p: [1697, 600], r: 1172801294, e: -9289, error: 217
#ERR  p: [1697, 601], r: 1172801284, e: -9281, error: 218
#ERR  p: [1697, 602], r: 1172801274, e: -9272, error: 219
#ERR  p: [1697, 603], r: 1172801264, e: -9267, error: 220
#ERR  p: [1697, 604], r: 1172801254, e: -9257, error: 221
#ERR  p: [1697, 605], r: 1172801244, e: -9256, error: 222
#ERR  p: [1697, 606], r: 1172801234, e: -9248, error: 223
#ERR  p: [1697, 607], r: 1172801224, e: -9236, error: 224
#ERR  p: [1697, 608], r: 1172801214, e: -9224, error: 225
#ERR  p: [1697, 609], r: 1172801204, e: -9212, error: 226
#ERR  p: [1697, 610], r: 1172801194, e: -9201, error: 227
#ERR  p: [1697, 611], r: 1172801184, e: -9193, error: 228
#ERR  p: [1697, 612], r: 1172801174, e: -9183, error: 229
#ERR  p: [1697, 613], r: 1172801164, e: -9176, error: 230
#ERR  p: [1697, 614], r: 1172801154, e: -9163, error: 231
#ERR  p: [1697, 615], r: 1172801144, e: -9151, error: 232
#ERR  p: [1697, 616], r: 1172801134, e: -9140, error: 233
#ERR  p: [1697, 617], r: 1172801124, e: -9130, error: 234
#ERR  p: [1697, 618], r: 1172801114, e: -9119, error: 235
#ERR  p: [1697, 619], r: 1172801104, e: -9110, error: 236
#ERR  p: [1697, 620], r: 1172801094, e: -9100, error: 237
#ERR  p: [1697, 621], r: 1172801084, e: -9091, error: 238
#ERR  p: [1697, 622], r: 1172801074, e: -9076, error: 239
#ERR  p: [1697, 623], r: 1172801064, e: -9062, error: 240
#ERR  p: [1697, 624], r: 1172801054, e: -9048, error: 241
#ERR  p: [1697, 625], r: 1172801044, e: -9037, error: 242
#ERR  p: [1697, 626], r: 1172801034, e: -9026, error: 243
#ERR  p: [1697, 627], r: 1172801024, e: -9008, error: 244
#ERR  p: [1697, 628], r: 1172801014, e: -8996, error: 245
#ERR  p: [1697, 629], r: 1172801004, e: -8986, error: 246
#ERR  p: [1697, 630], r: 1172800994, e: -8978, error: 247
#ERR  p: [1697, 631], r: 1172800984, e: -8964, error: 248
#ERR  p: [1697, 632], r: 1172800974, e: -8957, error: 249
#ERR  p: [1697, 633], r: 1172800964, e: -8949, error: 250
#ERR  p: [1697, 634], r: 1172800954, e: -8935, error: 251
#ERR  p: [1697, 635], r: 1172800944, e: -8925, error: 252
#ERR  p: [1697, 636], r: 1172800934, e: -8912, error: 253
#ERR  p: [1697, 637], r: 1172800924, e: -8898, error: 254
#ERR  p: [1697, 638], r: 1172800914, e: -8882, error: 255
#ERR  p: [1697, 639], r: 1172800904, e: -8872, error: 256
#ERR  p: [1697, 640], r: 1172800894, e: -8862, error: 257
#ERR  p: [1697, 641], r: 1172800884, e: -8853, error: 258
#ERR  p: [1697, 642], r: 1172800874, e: -8844, error: 259
#ERR  p: [1697, 643], r: 1172800864, e: -8836, error: 260
#ERR  p: [1697, 644], r: 1172800854, e: -8826, error: 261
#ERR  p: [1697, 645], r: 1172800844, e: -8816, error: 262
#ERR  p: [1697, 646], r: 1172800834, e: -8808, error: 263
#ERR  p: [1697, 647], r: 1172800824, e: -8799, error: 264
#ERR  p: [1697, 648], r: 1172800814, e: -8793, error: 265
#ERR  p: [1697, 649], r: 1172800804, e: -8794, error: 266
#ERR  p: [1697, 650], r: 1172800794, e: -8787, error: 267
#ERR  p: [1697, 651], r: 1172800784, e: -8778, error: 268
#ERR  p: [1697, 652], r: 1172800774, e: -8769, error: 269
#ERR  p: [1697, 653], r: 1172800764, e: -8758, error: 270
#ERR  p: [1697, 654], r: 1172800754, e: -8747, error: 271
#ERR  p: [1697, 655], r: 1172800744, e: -8737, error: 272
#ERR  p: [1697, 656], r: 1172800734, e: -8726, error: 273
#ERR  p: [1697, 657], r: 1172800724, e: -8716, error: 274
#ERR  p: [1697, 658], r: 1172800714, e: -8706, error: 275
#ERR  p: [1697, 659], r: 1172800704, e: -8699, error: 276
#ERR  p: [1697, 660], r: 1172800694, e: -8692, error: 277
#ERR  p: [1697, 661], r: 1172800684, e: -8679, error: 278
#ERR  p: [1697, 662], r: 1172800674, e: -8671, error: 279
#ERR  p: [1697, 663], r: 1172800664, e: -8660, error: 280
#ERR  p: [1697, 664], r: 1172800654, e: -8654, error: 281
#ERR  p: [1697, 665], r: 1172800644, e: -8648, error: 282
#ERR  p: [1697, 666], r: 1172800634, e: -8636, error: 283
#ERR  p: [1697, 667], r: 1172800624, e: -8625, error: 284
#ERR  p: [1697, 668], r: 1172800614, e: -8617, error: 285
#ERR  p: [1697, 669], r: 1172800604, e: -8604, error: 286
#ERR  p: [1697, 670], r: 1172800594, e: -8605, error: 287
#ERR  p: [1697, 671], r: 1172800584, e: -8593, error: 288
#ERR  p: [1697, 672], r: 1172800574, e: -8577, error: 289
#ERR  p: [1697, 673], r: 1172800564, e: -8563, error: 290
#ERR  p: [1697, 674], r: 1172800554, e: -8550, error: 291
#ERR  p: [1697, 675], r: 1172800544, e: -8536, error: 292
#ERR  p: [1697, 676], r: 1172800534, e: -8526, error: 293
#ERR  p: [1697, 677], r: 1172800524, e: -8519, error: 294
#ERR  p: [1697, 678], r: 1172800514, e: -8508, error: 295
#ERR  p: [1697, 679], r: 1172800504, e: -8498, error: 296
#ERR  p: [1697, 680], r: 1172800494, e: -8495, error: 297
#ERR  p: [1697, 681], r: 1172800484, e: -8487, error: 298
#ERR  p: [1697, 682], r: 1172800474, e: -8471, error: 299
#ERR  p: [1697, 683], r: 1172800464, e: -8465, error: 300
#ERR  p: [1697, 684], r: 1172800454, e: -8451, error: 301
#ERR  p: [1697, 685], r: 1172800444, e: -8436, error: 302
#ERR  p: [1697, 686], r: 1172800434, e: -8424, error: 303
#ERR  p: [1697, 687], r: 1172800424, e: -8410, error: 304
#ERR  p: [1697, 688], r: 1172800414, e: -8406, error: 305
#ERR  p: [1697, 689], r: 1172800404, e: -8397, error: 306
#ERR  p: [1697, 690], r: 1172800394, e: -8388, error: 307
#ERR  p: [1697, 691], r: 1172800384, e: -8378, error: 308
#ERR  p: [1697, 692], r: 1172800374, e: -8367, error: 309
#ERR  p: [1697, 693], r: 1172800364, e: -8357, error: 310
#ERR  p: [1697, 694], r: 1172800354, e: -8346, error: 311
#ERR  p: [1697, 695], r: 1172800344, e: -8335, error: 312
#ERR  p: [1697, 696], r: 1172800334, e: -8326, error: 313
#ERR  p: [1697, 697], r: 1172800324, e: -8316, error: 314
#ERR  p: [1697, 698], r: 1172800314, e: -8304, error: 315
#ERR  p: [1697, 699], r: 1172800304, e: -8294, error: 316
#ERR  p: [1697, 700], r: 1172800294, e: -8281, error: 317
#ERR  p: [1697, 701], r: 1172800284, e: -8271, error: 318
#ERR  p: [1697, 702], r: 1172800274, e: -8265, error: 319
#ERR  p: [1697, 703], r: 1172800264, e: -8251, error: 320
#ERR  p: [1697, 704], r: 1172800254, e: -8237, error: 321
#ERR  p: [1697, 705], r: 1172800244, e: -8227, error: 322
#ERR  p: [1697, 706], r: 1172800234, e: -8213, error: 323
#ERR  p: [1697, 707], r: 1172800224, e: -8201, error: 324
#ERR  p: [1697, 708], r: 1172800214, e: -8191, error: 325
#ERR  p: [1697, 709], r: 1172800204, e: -8185, error: 326
#ERR  p: [1697, 710], r: 1172800194, e: -8175, error: 327
#ERR  p: [1697, 711], r: 1172800184, e: -8161, error: 328
#ERR  p: [1697, 712], r: 1172800174, e: -8147, error: 329
#ERR  p: [1697, 713], r: 1172800164, e: -8136, error: 330
#ERR  p: [1697, 714], r: 1172800154, e: -8122, error: 331
#ERR  p: [1697, 715], r: 1172800144, e: -8109, error: 332
#ERR  p: [1697, 716], r: 1172800134, e: -8098, error: 333
#ERR  p: [1697, 717], r: 1172800124, e: -8090, error: 334
#ERR  p: [1697, 718], r: 1172800114, e: -8081, error: 335
#ERR  p: [1697, 719], r: 1172800104, e: -8068, error: 336
#ERR  p: [1697, 720], r: 1172800094, e: -8054, error: 337
#ERR  p: [1697, 721], r: 1172800084, e: -8040, error: 338
#ERR  p: [1697, 722], r: 1172800074, e: -8028, error: 339
#ERR  p: [1697, 723], r: 1172800064, e: -8017, error: 340
#ERR  p: [1697, 724], r: 1172800054, e: -8007, error: 341
#ERR  p: [1697, 725], r: 1172800044, e: -7994, error: 342
#ERR  p: [1697, 726], r: 1172800034, e: -7982, error: 343
#ERR  p: [1697, 727], r: 1172800024, e: -7972, error: 344
#ERR  p: [1697, 728], r: 1172800014, e: -7963, error: 345
#ERR  p: [1697, 729], r: 1172800004, e: -7956, error: 346
#ERR  p: [1697, 730], r: 1172799994, e: -7946, error: 347
#ERR  p: [1697, 731], r: 1172799984, e: -7933, error: 348
#ERR  p: [1697, 732], r: 1172799974, e: -7925, error: 349
#ERR  p: [1697, 733], r: 1172799964, e: -7911, error: 350
#ERR  p: [1697, 734], r: 1172799954, e: -7901, error: 351
#ERR  p: [1697, 735], r: 1172799944, e: -7891, error: 352
#ERR  p: [1697, 736], r: 1172799934, e: -7882, error: 353
#ERR  p: [1697, 737], r: 1172799924, e: -7869, error: 354
#ERR  p: [1697, 738], r: 1172799914, e: -7859, error: 355
#ERR  p: [1697, 739], r: 1172799904, e: -7850, error: 356
#ERR  p: [1697, 740], r: 1172799894, e: -7842, error: 357
#ERR  p: [1697, 741], r: 1172799884, e: -7835, error: 358
#ERR  p: [1697, 742], r: 1172799874, e: -7825, error: 359
#ERR  p: [1697, 743], r: 1172799864, e: -7821, error: 360
#ERR  p: [1697, 744], r: 1172799854, e: -7808, error: 361
#ERR  p: [1697, 745], r: 1172799844, e: -7797, error: 362
#ERR  p: [1697, 746], r: 1172799834, e: -7800, error: 363
#ERR  p: [1697, 747], r: 1172799824, e: -7793, error: 364
#ERR  p: [1697, 748], r: 1172799814, e: -7783, error: 365
#ERR  p: [1697, 749], r: 1172799804, e: -7769, error: 366
#ERR  p: [1697, 750], r: 1172799794, e: -7759, error: 367
#ERR  p: [1697, 751], r: 1172799784, e: -7755, error: 368
#ERR  p: [1697, 752], r: 1172799774, e: -7745, error: 369
#ERR  p: [1697, 753], r: 1172799764, e: -7743, error: 370
#ERR  p: [1697, 754], r: 1172799754, e: -7736, error: 371
#ERR  p: [1697, 755], r: 1172799744, e: -7727, error: 372
#ERR  p: [1697, 756], r: 1172799734, e: -7721, error: 373
#ERR  p: [1697, 757], r: 1172799724, e: -7711, error: 374
#ERR  p: [1697, 758], r: 1172799714, e: -7698, error: 375
#ERR  p: [1697, 759], r: 1172799704, e: -7692, error: 376
#ERR  p: [1697, 760], r: 1172799694, e: -7684, error: 377
#ERR  p: [1697, 761], r: 1172799684, e: -7689, error: 378
#ERR  p: [1697, 762], r: 1172799674, e: -7679, error: 379
#ERR  p: [1697, 763], r: 1172799664, e: -7668, error: 380
#ERR  p: [1697, 764], r: 1172799654, e: -7659, error: 381
#ERR  p: [1697, 765], r: 1172799644, e: -7650, error: 382
#ERR  p: [1697, 766], r: 1172799634, e: -7637, error: 383
#ERR  p: [1697, 767], r: 1172799624, e: -7624, error: 384
#ERR  p: [1697, 768], r: 1172799614, e: -7610, error: 385
#ERR  p: [1697, 769], r: 1172799604, e: -7598, error: 386
#ERR  p: [1697, 770], r: 1172799594, e: -7586, error: 387
#ERR  p: [1697, 771], r: 1172799584, e: -7572, error: 388
#ERR  p: [1697, 772], r: 1172799574, e: -7568, error: 389
#ERR  p: [1697, 773], r: 1172799564, e: -7559, error: 390
#ERR  p: [1697, 774], r: 1172799554, e: -7541, error: 391
#ERR  p: [1697, 775], r: 1172799544, e: -7531, error: 392
#ERR  p: [1697, 776], r: 1172799534, e: -7521, error: 393
#ERR  p: [1697, 777], r: 1172799524, e: -7509, error: 394
#ERR  p: [1697, 778], r: 1172799514, e: -7508, error: 395
#ERR  p: [1697, 779], r: 1172799504, e: -7503, error: 396
#ERR  p: [1697, 780], r: 1172799494, e: -7493, error: 397
#ERR  p: [1697, 781], r: 1172799484, e: -7485, error: 398
#ERR  p: [1697, 782], r: 1172799474, e: -7472, error: 399
#ERR  p: [1697, 783], r: 1172799464, e: -7464, error: 400
#ERR  p: [1697, 784], r: 1172799454, e: -7450, error: 401
#ERR  p: [1697, 785], r: 1172799444, e: -7434, error: 402
#ERR  p: [1697, 786], r: 1172799434, e: -7424, error: 403
#ERR  p: [1697, 787], r: 1172799424, e: -7416, error: 404
#ERR  p: [1697, 788], r: 1172799414, e: -7406, error: 405
#ERR  p: [1697, 789], r: 1172799404, e: -7396, error: 406
#ERR  p: [1697, 790], r: 1172799394, e: -7387, error: 407
#ERR  p: [1697, 791], r: 1172799384, e: -7377, error: 408
#ERR  p: [1697, 792], r: 1172799374, e: -7367, error: 409
#ERR  p: [1697, 793], r: 1172799364, e: -7361, error: 410
#ERR  p: [1697, 794], r: 1172799354, e: -7352, error: 411
#ERR  p: [1697, 795], r: 1172799344, e: -7344, error: 412
#ERR  p: [1697, 796], r: 1172799334, e: -7333, error: 413
#ERR  p: [1697, 797], r: 1172799324, e: -7323, error: 414
#ERR  p: [1697, 798], r: 1172799314, e: -7310, error: 415
#ERR  p: [1697, 799], r: 1172799304, e: -7300, error: 416
#ERR  p: [1697, 800], r: 1172799294, e: -7292, error: 417
#ERR  p: [1697, 801], r: 1172799284, e: -7285, error: 418
#ERR  p: [1697, 802], r: 1172799274, e: -7277, error: 419
#ERR  p: [1697, 803], r: 1172799264, e: -7269, error: 420
#ERR  p: [1697, 804], r: 1172799254, e: -7261, error: 421
#ERR  p: [1697, 805], r: 1172799244, e: -7250, error: 422
#ERR  p: [1697, 806], r: 1172799234, e: -7242, error: 423
#ERR  p: [1697, 807], r: 1172799224, e: -7231, error: 424
#ERR  p: [1697, 808], r: 1172799214, e: -7223, error: 425
#ERR  p: [1697, 809], r: 1172799204, e: -7212, error: 426
#ERR  p: [1697, 810], r: 1172799194, e: -7205, error: 427
#ERR  p: [1697, 811], r: 1172799184, e: -7186, error: 428
#ERR  p: [1697, 812], r: 1172799174, e: -7171, error: 429
#ERR  p: [1697, 813], r: 1172799164, e: -7157, error: 430
#ERR  p: [1697, 814], r: 1172799154, e: -7147, error: 431
#ERR  p: [1697, 815], r: 1172799144, e: -7132, error: 432
#ERR  p: [1697, 816], r: 1172799134, e: -7122, error: 433
#ERR  p: [1697, 817], r: 1172799124, e: -7113, error: 434
#ERR  p: [1697, 818], r: 1172799114, e: -7103, error: 435
#ERR  p: [1697, 819], r: 1172799104, e: -7094, error: 436
#ERR  p: [1697, 820], r: 1172799094, e: -7086, error: 437
#ERR  p: [1697, 821], r: 1172799084, e: -7080, error: 438
#ERR  p: [1697, 822], r: 1172799074, e: -7073, error: 439
#ERR  p: [1697, 823], r: 1172799064, e: -7067, error: 440
#ERR  p: [1697, 824], r: 1172799054, e: -7058, error: 441
#ERR  p: [1697, 825], r: 1172799044, e: -7048, error: 442
#ERR  p: [1697, 826], r: 1172799034, e: -7036, error: 443
#ERR  p: [1697, 827], r: 1172799024, e: -7026, error: 444
#ERR  p: [1697, 828], r: 1172799014, e: -7016, error: 445
#ERR  p: [1697, 829], r: 1172799004, e: -7005, error: 446
#ERR  p: [1697, 830], r: 1172798994, e: -6997, error: 447
#ERR  p: [1697, 831], r: 1172798984, e: -6988, error: 448
#ERR  p: [1697, 832], r: 1172798974, e: -6987, error: 449
#ERR  p: [1697, 833], r: 1172798964, e: -6983, error: 450
#ERR  p: [1697, 834], r: 1172798954, e: -6978, error: 451
#ERR  p: [1697, 835], r: 1172798944, e: -6969, error: 452
#ERR  p: [1697, 836], r: 1172798934, e: -6957, error: 453
#ERR  p: [1697, 837], r: 1172798924, e: -6950, error: 454
#ERR  p: [1697, 838], r: 1172798914, e: -6941, error: 455
#ERR  p: [1697, 839], r: 1172798904, e: -6933, error: 456
#ERR  p: [1697, 840], r: 1172798894, e: -6923, error: 457
#ERR  p: [1697, 841], r: 1172798884, e: -6910, error: 458
#ERR  p: [1697, 842], r: 1172798874, e: -6900, error: 459
#ERR  p: [1697, 843], r: 1172798864, e: -6891, error: 460
#ERR  p: [1697, 844], r: 1172798854, e: -6890, error: 461
#ERR  p: [1697, 845], r: 1172798844, e: -6880, error: 462
#ERR  p: [1697, 846], r: 1172798834, e: -6865, error: 463
#ERR  p: [1697, 847], r: 1172798824, e: -6854, error: 464
#ERR  p: [1697, 848], r: 1172798814, e: -6840, error: 465
#ERR  p: [1697, 849], r: 1172798804, e: -6830, error: 466
#ERR  p: [1697, 850], r: 1172798794, e: -6820, error: 467
#ERR  p: [1697, 851], r: 1172798784, e: -6811, error: 468
#ERR  p: [1697, 852], r: 1172798774, e: -6802, error: 469
#ERR  p: [1697, 853], r: 1172798764, e: -6793, error: 470
#ERR  p: [1697, 854], r: 1172798754, e: -6783, error: 471
#ERR  p: [1697, 855], r: 1172798744, e: -6773, error: 472
#ERR  p: [1697, 856], r: 1172798734, e: -6764, error: 473
#ERR  p: [1697, 857], r: 1172798724, e: -6755, error: 474
#ERR  p: [1697, 858], r: 1172798714, e: -6742, error: 475
#ERR  p: [1697, 859], r: 1172798704, e: -6731, error: 476
#ERR  p: [1697, 860], r: 1172798694, e: -6720, error: 477
#ERR  p: [1697, 861], r: 1172798684, e: -6712, error: 478
#ERR  p: [1697, 862], r: 1172798674, e: -6700, error: 479
#ERR  p: [1697, 863], r: 1172798664, e: -6689, error: 480
#ERR  p: [1697, 864], r: 1172798654, e: -6675, error: 481
#ERR  p: [1697, 865], r: 1172798644, e: -6683, error: 482
#ERR  p: [1697, 866], r: 1172798634, e: -6677, error: 483
#ERR  p: [1697, 867], r: 1172798624, e: -6665, error: 484
#ERR  p: [1697, 868], r: 1172798614, e: -6653, error: 485
#ERR  p: [1697, 869], r: 1172798604, e: -6643, error: 486
#ERR  p: [1697, 870], r: 1172798594, e: -6636, error: 487
#ERR  p: [1697, 871], r: 1172798584, e: -6625, error: 488
#ERR  p: [1697, 872], r: 1172798574, e: -6615, error: 489
#ERR  p: [1697, 873], r: 1172798564, e: -6608, error: 490
#ERR  p: [1697, 874], r: 1172798554, e: -6598, error: 491
#ERR  p: [1697, 875], r: 1172798544, e: -6585, error: 492
#ERR  p: [1697, 876], r: 1172798534, e: -6576, error: 493
#ERR  p: [1697, 877], r: 1172798524, e: -6568, error: 494
#ERR  p: [1697, 878], r: 1172798514, e: -6556, error: 495
#ERR  p: [1697, 879], r: 1172798504, e: -6542, error: 496
#ERR  p: [1697, 880], r: 1172798494, e: -6532, error: 497
#ERR  p: [1697, 881], r: 1172798484, e: -6523, error: 498
#ERR  p: [1697, 882], r: 1172798474, e: -6511, error: 499
#SDC Ite:0 KerTime:0.295637 AccTime:0.295637 KerErr:500 AccErr:500
#END