#HEADER max_rows:2048 max_cols:2048 penalty:10
#BEGIN Y:2016 M:09 D:12 Time:15:48:01
#IT Ite:0 KerTime:0.295070 AccTime:0.295070
#ERR Error detected! kerrors = 1835883
#ERR  p: [599, 781], r: 424877984, e: -1376, error: 1
#ERR  p: [599, 782], r: 424877974, e: -1368, error: 2
#ERR  p: [599, 783], r: 424877964, e: -1377, error: 3
#ERR  p: [599, 784], r: 424877954, e: -1387, error: 4
#ERR  p: [599, 785], r: 424877944, e: -1394, error: 5
#ERR  p: [599, 786], r: 424877934, e: -1400, error: 6
#ERR  p: [599, 787], r: 424877924, e: -1410, error: 7
#ERR  p: [599, 788], r: 424877914, e: -1420, error: 8
#ERR  p: [599, 789], r: 424877904, e: -1430, error: 9
#ERR  p: [599, 790], r: 424877894, e: -1440, error: 10
#ERR  p: [599, 791], r: 424877884, e: -1450, error: 11
#ERR  p: [599, 792], r: 424877874, e: -1457, error: 12
#ERR  p: [599, 793], r: 424877864, e: -1467, error: 13
#ERR  p: [599, 794], r: 424877854, e: -1477, error: 14
#ERR  p: [599, 795], r: 424877844, e: -1487, error: 15
#ERR  p: [599, 796], r: 424877834, e: -1497, error: 16
#ERR  p: [599, 797], r: 424877824, e: -1507, error: 17
#ERR  p: [599, 798], r: 424877814, e: -1517, error: 18
#ERR  p: [599, 799], r: 424877804, e: -1524, error: 19
#ERR  p: [599, 800], r: 424877794, e: -1515, error: 20
#ERR  p: [599, 801], r: 424877784, e: -1525, error: 21
#ERR  p: [599, 802], r: 424877774, e: -1535, error: 22
#ERR  p: [599, 803], r: 424877764, e: -1542, error: 23
#ERR  p: [599, 804], r: 424877754, e: -1543, error: 24
#ERR  p: [599, 805], r: 424877744, e: -1544, error: 25
#ERR  p: [599, 806], r: 424877734, e: -1553, error: 26
#ERR  p: [599, 807], r: 424877724, e: -1561, error: 27
#ERR  p: [599, 808], r: 424877714, e: -1564, error: 28
#ERR  p: [599, 809], r: 424877704, e: -1569, error: 29
#ERR  p: [599, 810], r: 424877694, e: -1579, error: 30
#ERR  p: [599, 811], r: 424877684, e: -1589, error: 31
#ERR  p: [599, 812], r: 424877674, e: -1596, error: 32
#ERR  p: [599, 813], r: 424877664, e: -1602, error: 33
#ERR  p: [599, 814], r: 424877654, e: -1604, error: 34
#ERR  p: [599, 815], r: 424877644, e: -1602, error: 35
#ERR  p: [599, 816], r: 424877634, e: -1610, error: 36
#ERR  p: [599, 817], r: 424877624, e: -1616, error: 37
#ERR  p: [599, 818], r: 424877614, e: -1619, error: 38
#ERR  p: [599, 819], r: 424877604, e: -1618, error: 39
#ERR  p: [599, 820], r: 424877594, e: -1628, error: 40
#ERR  p: [599, 821], r: 424877584, e: -1635, error: 41
#ERR  p: [599, 822], r: 424877574, e: -1643, error: 42
#ERR  p: [599, 823], r: 424877564, e: -1645, error: 43
#ERR  p: [599, 824], r: 424877554, e: -1652, error: 44
#ERR  p: [599, 825], r: 424877544, e: -1662, error: 45
#ERR  p: [599, 826], r: 424877534, e: -1672, error: 46
#ERR  p: [599, 827], r: 424877524, e: -1677, error: 47
#ERR  p: [599, 828], r: 424877514, e: -1684, error: 48
#ERR  p: [599, 829], r: 424877504, e: -1694, error: 49
#ERR  p: [599, 830], r: 424877494, e: -1704, error: 50
#ERR  p: [599, 831], r: 424877484, e: -1710, error: 51
#ERR  p: [599, 832], r: 424877474, e: -1717, error: 52
#ERR  p: [599, 833], r: 424877464, e: -1725, error: 53
#ERR  p: [599, 834], r: 424877454, e: -1733, error: 54
#ERR  p: [599, 835], r: 424877444, e: -1740, error: 55
#ERR  p: [599, 836], r: 424877434, e: -1750, error: 56
#ERR  p: [599, 837], r: 424877424, e: -1760, error: 57
#ERR  p: [599, 838], r: 424877414, e: -1770, error: 58
#ERR  p: [599, 839], r: 424877404, e: -1777, error: 59
#ERR  p: [599, 840], r: 424877394, e: -1787, error: 60
#ERR  p: [599, 841], r: 424877384, e: -1797, error: 61
#ERR  p: [599, 842], r: 424877374, e: -1807, error: 62
#ERR  p: [599, 843], r: 424877364, e: -1808, error: 63
#ERR  p: [599, 844], r: 424877354, e: -1809, error: 64
#ERR  p: [599, 845], r: 424877344, e: -1817, error: 65
#ERR  p: [599, 846], r: 424877334, e: -1826, error: 66
#ERR  p: [599, 847], r: 424877324, e: -1829, error: 67
#ERR  p: [599, 848], r: 424877314, e: -1829, error: 68
#ERR  p: [599, 849], r: 424877304, e: -1838, error: 69
#ERR  p: [599, 850], r: 424877294, e: -1848, error: 70
#ERR  p: [599, 851], r: 424877284, e: -1858, error: 71
#ERR  p: [599, 852], r: 424877274, e: -1868, error: 72
#ERR  p: [599, 853], r: 424877264, e: -1878, error: 73
#ERR  p: [599, 854], r: 424877254, e: -1885, error: 74
#ERR  p: [599, 855], r: 424877244, e: -1895, error: 75
#ERR  p: [599, 856], r: 424877234, e: -1905, error: 76
#ERR  p: [599, 857], r: 424877224, e: -1915, error: 77
#ERR  p: [599, 858], r: 424877214, e: -1925, error: 78
#ERR  p: [599, 859], r: 424877204, e: -1935, error: 79
#ERR  p: [599, 860], r: 424877194, e: -1945, error: 80
#ERR  p: [599, 861], r: 424877184, e: -1955, error: 81
#ERR  p: [599, 862], r: 424877174, e: -1965, error: 82
#ERR  p: [599, 863], r: 424877164, e: -1975, error: 83
#ERR  p: [599, 864], r: 424877154, e: -1977, error: 84
#ERR  p: [599, 865], r: 424877144, e: -1986, error: 85
#ERR  p: [599, 866], r: 424877134, e: -1996, error: 86
#ERR  p: [599, 867], r: 424877124, e: -2002, error: 87
#ERR  p: [599, 868], r: 424877114, e: -2008, error: 88
#ERR  p: [599, 869], r: 424877104, e: -2012, error: 89
#ERR  p: [599, 870], r: 424877094, e: -2022, error: 90
#ERR  p: [599, 871], r: 424877084, e: -2032, error: 91
#ERR  p: [599, 872], r: 424877074, e: -2037, error: 92
#ERR  p: [599, 873], r: 424877064, e: -2047, error: 93
#ERR  p: [599, 874], r: 424877054, e: -2053, error: 94
#ERR  p: [599, 875], r: 424877044, e: -2063, error: 95
#ERR  p: [599, 876], r: 424877034, e: -2073, error: 96
#ERR  p: [599, 877], r: 424877024, e: -2083, error: 97
#ERR  p: [599, 878], r: 424877014, e: -2092, error: 98
#ERR  p: [599, 879], r: 424877004, e: -2102, error: 99
#ERR  p: [599, 880], r: 424876994, e: -2112, error: 100
#ERR  p: [599, 881], r: 424876984, e: -2122, error: 101
#ERR  p: [599, 882], r: 424876974, e: -2131, error: 102
#ERR  p: [599, 883], r: 424876964, e: -2127, error: 103
#ERR  p: [599, 884], r: 424876954, e: -2137, error: 104
#ERR  p: [599, 885], r: 424876944, e: -2140, error: 105
#ERR  p: [599, 886], r: 424876934, e: -2150, error: 106
#ERR  p: [599, 887], r: 424876924, e: -2160, error: 107
#ERR  p: [599, 888], r: 424876914, e: -2164, error: 108
#ERR  p: [599, 889], r: 424876904, e: -2174, error: 109
#ERR  p: [599, 890], r: 424876894, e: -2184, error: 110
#ERR  p: [599, 891], r: 424876884, e: -2194, error: 111
#ERR  p: [599, 892], r: 424876874, e: -2204, error: 112
#ERR  p: [599, 893], r: 424876864, e: -2214, error: 113
#ERR  p: [599, 894], r: 424876854, e: -2224, error: 114
#ERR  p: [599, 895], r: 424876844, e: -2234, error: 115
#ERR  p: [599, 896], r: 424876834, e: -2244, error: 116
#ERR  p: [599, 897], r: 424876824, e: -2254, error: 117
#ERR  p: [599, 898], r: 424876814, e: -2259, error: 118
#ERR  p: [599, 899], r: 424876804, e: -2262, error: 119
#ERR  p: [599, 900], r: 424876794, e: -2260, error: 120
#ERR  p: [599, 901], r: 424876784, e: -2270, error: 121
#ERR  p: [599, 902], r: 424876774, e: -2280, error: 122
#ERR  p: [599, 903], r: 424876764, e: -2290, error: 123
#ERR  p: [599, 904], r: 424876754, e: -2296, error: 124
#ERR  p: [599, 905], r: 424876744, e: -2306, error: 125
#ERR  p: [599, 906], r: 424876734, e: -2315, error: 126
#ERR  p: [599, 907], r: 424876724, e: -2324, error: 127
#ERR  p: [599, 908], r: 424876714, e: -2331, error: 128
#ERR  p: [599, 909], r: 424876704, e: -2341, error: 129
#ERR  p: [599, 910], r: 424876694, e: -2351, error: 130
#ERR  p: [599, 911], r: 424876684, e: -2357, error: 131
#ERR  p: [599, 912], r: 424876674, e: -2365, error: 132
#ERR  p: [599, 913], r: 424876664, e: -2368, error: 133
#ERR  p: [599, 914], r: 424876654, e: -2374, error: 134
#ERR  p: [599, 915], r: 424876644, e: -2381, error: 135
#ERR  p: [599, 916], r: 424876634, e: -2387, error: 136
#ERR  p: [599, 917], r: 424876624, e: -2389, error: 137
#ERR  p: [599, 918], r: 424876614, e: -2395, error: 138
#ERR  p: [599, 919], r: 424876604, e: -2403, error: 139
#ERR  p: [599, 920], r: 424876594, e: -2413, error: 140
#ERR  p: [599, 921], r: 424876584, e: -2421, error: 141
#ERR  p: [599, 922], r: 424876574, e: -2430, error: 142
#ERR  p: [599, 923], r: 424876564, e: -2431, error: 143
#ERR  p: [599, 924], r: 424876554, e: -2441, error: 144
#ERR  p: [599, 925], r: 424876544, e: -2445, error: 145
#ERR  p: [599, 926], r: 424876534, e: -2455, error: 146
#ERR  p: [599, 927], r: 424876524, e: -2465, error: 147
#ERR  p: [599, 928], r: 424876514, e: -2475, error: 148
#ERR  p: [599, 929], r: 424876504, e: -2480, error: 149
#ERR  p: [599, 930], r: 424876494, e: -2489, error: 150
#ERR  p: [599, 931], r: 424876484, e: -2498, error: 151
#ERR  p: [599, 932], r: 424876474, e: -2492, error: 152
#ERR  p: [599, 933], r: 424876464, e: -2491, error: 153
#ERR  p: [599, 934], r: 424876454, e: -2499, error: 154
#ERR  p: [599, 935], r: 424876444, e: -2509, error: 155
#ERR  p: [599, 936], r: 424876434, e: -2515, error: 156
#ERR  p: [599, 937], r: 424876424, e: -2523, error: 157
#ERR  p: [599, 938], r: 424876414, e: -2533, error: 158
#ERR  p: [599, 939], r: 424876404, e: -2541, error: 159
#ERR  p: [599, 940], r: 424876394, e: -2551, error: 160
#ERR  p: [599, 941], r: 424876384, e: -2561, error: 161
#ERR  p: [599, 942], r: 424876374, e: -2567, error: 162
#ERR  p: [599, 943], r: 424876364, e: -2577, error: 163
#ERR  p: [599, 944], r: 424876354, e: -2587, error: 164
#ERR  p: [599, 945], r: 424876344, e: -2597, error: 165
#ERR  p: [599, 946], r: 424876334, e: -2607, error: 166
#ERR  p: [599, 947], r: 424876324, e: -2617, error: 167
#ERR  p: [599, 948], r: 424876314, e: -2627, error: 168
#ERR  p: [599, 949], r: 424876304, e: -2637, error: 169
#ERR  p: [599, 950], r: 424876294, e: -2646, error: 170
#ERR  p: [599, 951], r: 424876284, e: -2656, error: 171
#ERR  p: [599, 952], r: 424876274, e: -2666, error: 172
#ERR  p: [599, 953], r: 424876264, e: -2676, error: 173
#ERR  p: [599, 954], r: 424876254, e: -2686, error: 174
#ERR  p: [599, 955], r: 424876244, e: -2696, error: 175
#ERR  p: [599, 956], r: 424876234, e: -2706, error: 176
#ERR  p: [599, 957], r: 424876224, e: -2716, error: 177
#ERR  p: [599, 958], r: 424876214, e: -2724, error: 178
#ERR  p: [599, 959], r: 424876204, e: -2728, error: 179
#ERR  p: [599, 960], r: 424876194, e: -2734, error: 180
#ERR  p: [599, 961], r: 424876184, e: -2743, error: 181
#ERR  p: [599, 962], r: 424876174, e: -2753, error: 182
#ERR  p: [599, 963], r: 424876164, e: -2755, error: 183
#ERR  p: [599, 964], r: 424876154, e: -2765, error: 184
#ERR  p: [599, 965], r: 424876144, e: -2775, error: 185
#ERR  p: [599, 966], r: 424876134, e: -2785, error: 186
#ERR  p: [599, 967], r: 424876124, e: -2795, error: 187
#ERR  p: [599, 968], r: 424876114, e: -2795, error: 188
#ERR  p: [599, 969], r: 424876104, e: -2804, error: 189
#ERR  p: [599, 970], r: 424876094, e: -2812, error: 190
#ERR  p: [599, 971], r: 424876084, e: -2822, error: 191
#ERR  p: [599, 972], r: 424876074, e: -2831, error: 192
#ERR  p: [599, 973], r: 424876064, e: -2841, error: 193
#ERR  p: [599, 974], r: 424876054, e: -2851, error: 194
#ERR  p: [599, 975], r: 424876044, e: -2861, error: 195
#ERR  p: [599, 976], r: 424876034, e: -2869, error: 196
#ERR  p: [599, 977], r: 424876024, e: -2873, error: 197
#ERR  p: [599, 978], r: 424876014, e: -2883, error: 198
#ERR  p: [599, 979], r: 424876004, e: -2893, error: 199
#ERR  p: [599, 980], r: 424875994, e: -2903, error: 200
#ERR  p: [599, 981], r: 424875984, e: -2913, error: 201
#ERR  p: [599, 982], r: 424875974, e: -2923, error: 202
#ERR  p: [599, 983], r: 424875964, e: -2931, error: 203
#ERR  p: [599, 984], r: 424875954, e: -2933, error: 204
#ERR  p: [599, 985], r: 424875944, e: -2929, error: 205
#ERR  p: [599, 986], r: 424875934, e: -2939, error: 206
#ERR  p: [599, 987], r: 424875924, e: -2949, error: 207
#ERR  p: [599, 988], r: 424875914, e: -2958, error: 208
#ERR  p: [599, 989], r: 424875904, e: -2968, error: 209
#ERR  p: [599, 990], r: 424875894, e: -2978, error: 210
#ERR  p: [599, 991], r: 424875884, e: -2986, error: 211
#ERR  p: [599, 992], r: 424875874, e: -2994, error: 212
#ERR  p: [599, 993], r: 424875864, e: -3003, error: 213
#ERR  p: [599, 994], r: 424875854, e: -3013, error: 214
#ERR  p: [599, 995], r: 424875844, e: -3022, error: 215
#ERR  p: [599, 996], r: 424875834, e: -3032, error: 216
#ERR  p: [599, 997], r: 424875824, e: -3040, error: 217
#ERR  p: [599, 998], r: 424875814, e: -3050, error: 218
#ERR  p: [599, 999], r: 424875804, e: -3060, error: 219
#ERR  p: [599, 1000], r: 424875794, e: -3062, error: 220
#ERR  p: [599, 1001], r: 424875784, e: -3060, error: 221
#ERR  p: [599, 1002], r: 424875774, e: -3069, error: 222
#ERR  p: [599, 1003], r: 424875764, e: -3079, error: 223
#ERR  p: [599, 1004], r: 424875754, e: -3089, error: 224
#ERR  p: [599, 1005], r: 424875744, e: -3099, error: 225
#ERR  p: [599, 1006], r: 424875734, e: -3109, error: 226
#ERR  p: [599, 1007], r: 424875724, e: -3119, error: 227
#ERR  p: [599, 1008], r: 424875714, e: -3128, error: 228
#ERR  p: [599, 1009], r: 424875704, e: -3131, error: 229
#ERR  p: [599, 1010], r: 424875694, e: -3140, error: 230
#ERR  p: [599, 1011], r: 424875684, e: -3149, error: 231
#ERR  p: [599, 1012], r: 424875674, e: -3159, error: 232
#ERR  p: [599, 1013], r: 424875664, e: -3169, error: 233
#ERR  p: [599, 1014], r: 424875654, e: -3176, error: 234
#ERR  p: [599, 1015], r: 424875644, e: -3186, error: 235
#ERR  p: [599, 1016], r: 424875634, e: -3196, error: 236
#ERR  p: [599, 1017], r: 424875624, e: -3206, error: 237
#ERR  p: [599, 1018], r: 424875614, e: -3216, error: 238
#ERR  p: [599, 1019], r: 424875604, e: -3226, error: 239
#ERR  p: [599, 1020], r: 424875594, e: -3236, error: 240
#ERR  p: [599, 1021], r: 424875584, e: -3246, error: 241
#ERR  p: [599, 1022], r: 424875574, e: -3256, error: 242
#ERR  p: [599, 1023], r: 424875564, e: -3266, error: 243
#ERR  p: [599, 1024], r: 424875554, e: -3276, error: 244
#ERR  p: [599, 1025], r: 424875544, e: -3286, error: 245
#ERR  p: [599, 1026], r: 424875534, e: -3296, error: 246
#ERR  p: [599, 1027], r: 424875524, e: -3306, error: 247
#ERR  p: [599, 1028], r: 424875514, e: -3316, error: 248
#ERR  p: [599, 1029], r: 424875504, e: -3326, error: 249
#ERR  p: [599, 1030], r: 424875494, e: -3336, error: 250
#ERR  p: [599, 1031], r: 424875484, e: -3346, error: 251
#ERR  p: [599, 1032], r: 424875474, e: -3348, error: 252
#ERR  p: [599, 1033], r: 424875464, e: -3355, error: 253
#ERR  p: [599, 1034], r: 424875454, e: -3361, error: 254
#ERR  p: [599, 1035], r: 424875444, e: -3370, error: 255
#ERR  p: [599, 1036], r: 424875434, e: -3375, error: 256
#ERR  p: [599, 1037], r: 424875424, e: -3385, error: 257
#ERR  p: [599, 1038], r: 424875414, e: -3395, error: 258
#ERR  p: [599, 1039], r: 424875404, e: -3405, error: 259
#ERR  p: [599, 1040], r: 424875394, e: -3415, error: 260
#ERR  p: [599, 1041], r: 424875384, e: -3425, error: 261
#ERR  p: [599, 1042], r: 424875374, e: -3431, error: 262
#ERR  p: [599, 1043], r: 424875364, e: -3440, error: 263
#ERR  p: [599, 1044], r: 424875354, e: -3450, error: 264
#ERR  p: [599, 1045], r: 424875344, e: -3459, error: 265
#ERR  p: [599, 1046], r: 424875334, e: -3469, error: 266
#ERR  p: [599, 1047], r: 424875324, e: -3479, error: 267
#ERR  p: [599, 1048], r: 424875314, e: -3482, error: 268
#ERR  p: [599, 1049], r: 424875304, e: -3492, error: 269
#ERR  p: [599, 1050], r: 424875294, e: -3501, error: 270
#ERR  p: [599, 1051], r: 424875284, e: -3510, error: 271
#ERR  p: [599, 1052], r: 424875274, e: -3519, error: 272
#ERR  p: [599, 1053], r: 424875264, e: -3522, error: 273
#ERR  p: [599, 1054], r: 424875254, e: -3532, error: 274
#ERR  p: [599, 1055], r: 424875244, e: -3539, error: 275
#ERR  p: [599, 1056], r: 424875234, e: -3541, error: 276
#ERR  p: [599, 1057], r: 424875224, e: -3551, error: 277
#ERR  p: [599, 1058], r: 424875214, e: -3555, error: 278
#ERR  p: [599, 1059], r: 424875204, e: -3558, error: 279
#ERR  p: [599, 1060], r: 424875194, e: -3566, error: 280
#ERR  p: [599, 1061], r: 424875184, e: -3576, error: 281
#ERR  p: [599, 1062], r: 424875174, e: -3586, error: 282
#ERR  p: [599, 1063], r: 424875164, e: -3596, error: 283
#ERR  p: [599, 1064], r: 424875154, e: -3606, error: 284
#ERR  p: [599, 1065], r: 424875144, e: -3616, error: 285
#ERR  p: [599, 1066], r: 424875134, e: -3623, error: 286
#ERR  p: [599, 1067], r: 424875124, e: -3625, error: 287
#ERR  p: [599, 1068], r: 424875114, e: -3632, error: 288
#ERR  p: [599, 1069], r: 424875104, e: -3639, error: 289
#ERR  p: [599, 1070], r: 424875094, e: -3645, error: 290
#ERR  p: [599, 1071], r: 424875084, e: -3655, error: 291
#ERR  p: [599, 1072], r: 424875074, e: -3665, error: 292
#ERR  p: [599, 1073], r: 424875064, e: -3675, error: 293
#ERR  p: [599, 1074], r: 424875054, e: -3685, error: 294
#ERR  p: [599, 1075], r: 424875044, e: -3695, error: 295
#ERR  p: [599, 1076], r: 424875034, e: -3705, error: 296
#ERR  p: [599, 1077], r: 424875024, e: -3715, error: 297
#ERR  p: [599, 1078], r: 424875014, e: -3725, error: 298
#ERR  p: [599, 1079], r: 424875004, e: -3735, error: 299
#ERR  p: [599, 1080], r: 424874994, e: -3745, error: 300
#ERR  p: [599, 1081], r: 424874984, e: -3755, error: 301
#ERR  p: [599, 1082], r: 424874974, e: -3764, error: 302
#ERR  p: [599, 1083], r: 424874964, e: -3774, error: 303
#ERR  p: [599, 1084], r: 424874954, e: -3784, error: 304
#ERR  p: [599, 1085], r: 424874944, e: -3793, error: 305
#ERR  p: [599, 1086], r: 424874934, e: -3798, error: 306
#ERR  p: [599, 1087], r: 424874924, e: -3804, error: 307
#ERR  p: [599, 1088], r: 424874914, e: -3803, error: 308
#ERR  p: [599, 1089], r: 424874904, e: -3807, error: 309
#ERR  p: [599, 1090], r: 424874894, e: -3813, error: 310
#ERR  p: [599, 1091], r: 424874884, e: -3823, error: 311
#ERR  p: [599, 1092], r: 424874874, e: -3833, error: 312
#ERR  p: [599, 1093], r: 424874864, e: -3843, error: 313
#ERR  p: [599, 1094], r: 424874854, e: -3853, error: 314
#ERR  p: [599, 1095], r: 424874844, e: -3859, error: 315
#ERR  p: [599, 1096], r: 424874834, e: -3865, error: 316
#ERR  p: [599, 1097], r: 424874824, e: -3866, error: 317
#ERR  p: [599, 1098], r: 424874814, e: -3872, error: 318
#ERR  p: [599, 1099], r: 424874804, e: -3882, error: 319
#ERR  p: [599, 1100], r: 424874794, e: -3892, error: 320
#ERR  p: [599, 1101], r: 424874784, e: -3902, error: 321
#ERR  p: [599, 1102], r: 424874774, e: -3912, error: 322
#ERR  p: [599, 1103], r: 424874764, e: -3920, error: 323
#ERR  p: [599, 1104], r: 424874754, e: -3923, error: 324
#ERR  p: [599, 1105], r: 424874744, e: -3933, error: 325
#ERR  p: [599, 1106], r: 424874734, e: -3943, error: 326
#ERR  p: [599, 1107], r: 424874724, e: -3949, error: 327
#ERR  p: [599, 1108], r: 424874714, e: -3959, error: 328
#ERR  p: [599, 1109], r: 424874704, e: -3968, error: 329
#ERR  p: [599, 1110], r: 424874694, e: -3978, error: 330
#ERR  p: [599, 1111], r: 424874684, e: -3988, error: 331
#ERR  p: [599, 1112], r: 424874674, e: -3998, error: 332
#ERR  p: [599, 1113], r: 424874664, e: -4008, error: 333
#ERR  p: [599, 1114], r: 424874654, e: -4018, error: 334
#ERR  p: [599, 1115], r: 424874644, e: -4028, error: 335
#ERR  p: [599, 1116], r: 424874634, e: -4038, error: 336
#ERR  p: [599, 1117], r: 424874624, e: -4048, error: 337
#ERR  p: [599, 1118], r: 424874614, e: -4058, error: 338
#ERR  p: [599, 1119], r: 424874604, e: -4068, error: 339
#ERR  p: [599, 1120], r: 424874594, e: -4078, error: 340
#ERR  p: [599, 1121], r: 424874584, e: -4088, error: 341
#ERR  p: [599, 1122], r: 424874574, e: -4098, error: 342
#ERR  p: [599, 1123], r: 424874564, e: -4107, error: 343
#ERR  p: [599, 1124], r: 424874554, e: -4107, error: 344
#ERR  p: [599, 1125], r: 424874544, e: -4112, error: 345
#ERR  p: [599, 1126], r: 424874534, e: -4122, error: 346
#ERR  p: [599, 1127], r: 424874524, e: -4129, error: 347
#ERR  p: [599, 1128], r: 424874514, e: -4139, error: 348
#ERR  p: [599, 1129], r: 424874504, e: -4144, error: 349
#ERR  p: [599, 1130], r: 424874494, e: -4154, error: 350
#ERR  p: [599, 1131], r: 424874484, e: -4162, error: 351
#ERR  p: [599, 1132], r: 424874474, e: -4169, error: 352
#ERR  p: [599, 1133], r: 424874464, e: -4179, error: 353
#ERR  p: [599, 1134], r: 424874454, e: -4189, error: 354
#ERR  p: [599, 1135], r: 424874444, e: -4199, error: 355
#ERR  p: [599, 1136], r: 424874434, e: -4203, error: 356
#ERR  p: [599, 1137], r: 424874424, e: -4212, error: 357
#ERR  p: [599, 1138], r: 424874414, e: -4222, error: 358
#ERR  p: [599, 1139], r: 424874404, e: -4232, error: 359
#ERR  p: [599, 1140], r: 424874394, e: -4242, error: 360
#ERR  p: [599, 1141], r: 424874384, e: -4252, error: 361
#ERR  p: [599, 1142], r: 424874374, e: -4262, error: 362
#ERR  p: [599, 1143], r: 424874364, e: -4272, error: 363
#ERR  p: [599, 1144], r: 424874354, e: -4282, error: 364
#ERR  p: [599, 1145], r: 424874344, e: -4292, error: 365
#ERR  p: [599, 1146], r: 424874334, e: -4302, error: 366
#ERR  p: [599, 1147], r: 424874324, e: -4312, error: 367
#ERR  p: [599, 1148], r: 424874314, e: -4322, error: 368
#ERR  p: [599, 1149], r: 424874304, e: -4332, error: 369
#ERR  p: [599, 1150], r: 424874294, e: -4342, error: 370
#ERR  p: [599, 1151], r: 424874284, e: -4352, error: 371
#ERR  p: [599, 1152], r: 424874274, e: -4362, error: 372
#ERR  p: [599, 1153], r: 424874264, e: -4372, error: 373
#ERR  p: [599, 1154], r: 424874254, e: -4373, error: 374
#ERR  p: [599, 1155], r: 424874244, e: -4381, error: 375
#ERR  p: [599, 1156], r: 424874234, e: -4390, error: 376
#ERR  p: [599, 1157], r: 424874224, e: -4399, error: 377
#ERR  p: [599, 1158], r: 424874214, e: -4403, error: 378
#ERR  p: [599, 1159], r: 424874204, e: -4411, error: 379
#ERR  p: [599, 1160], r: 424874194, e: -4421, error: 380
#ERR  p: [599, 1161], r: 424874184, e: -4431, error: 381
#ERR  p: [599, 1162], r: 424874174, e: -4441, error: 382
#ERR  p: [599, 1163], r: 424874164, e: -4451, error: 383
#ERR  p: [599, 1164], r: 424874154, e: -4456, error: 384
#ERR  p: [599, 1165], r: 424874144, e: -4466, error: 385
#ERR  p: [599, 1166], r: 424874134, e: -4476, error: 386
#ERR  p: [599, 1167], r: 424874124, e: -4486, error: 387
#ERR  p: [599, 1168], r: 424874114, e: -4496, error: 388
#ERR  p: [599, 1169], r: 424874104, e: -4506, error: 389
#ERR  p: [599, 1170], r: 424874094, e: -4516, error: 390
#ERR  p: [599, 1171], r: 424874084, e: -4526, error: 391
#ERR  p: [599, 1172], r: 424874074, e: -4536, error: 392
#ERR  p: [599, 1173], r: 424874064, e: -4546, error: 393
#ERR  p: [599, 1174], r: 424874054, e: -4554, error: 394
#ERR  p: [599, 1175], r: 424874044, e: -4560, error: 395
#ERR  p: [599, 1176], r: 424874034, e: -4570, error: 396
#ERR  p: [599, 1177], r: 424874024, e: -4574, error: 397
#ERR  p: [599, 1178], r: 424874014, e: -4584, error: 398
#ERR  p: [599, 1179], r: 424874004, e: -4594, error: 399
#ERR  p: [599, 1180], r: 424873994, e: -4604, error: 400
#ERR  p: [599, 1181], r: 424873984, e: -4612, error: 401
#ERR  p: [599, 1182], r: 424873974, e: -4622, error: 402
#ERR  p: [599, 1183], r: 424873964, e: -4632, error: 403
#ERR  p: [599, 1184], r: 424873954, e: -4642, error: 404
#ERR  p: [599, 1185], r: 424873944, e: -4652, error: 405
#ERR  p: [599, 1186], r: 424873934, e: -4662, error: 406
#ERR  p: [599, 1187], r: 424873924, e: -4672, error: 407
#ERR  p: [599, 1188], r: 424873914, e: -4682, error: 408
#ERR  p: [599, 1189], r: 424873904, e: -4692, error: 409
#ERR  p: [599, 1190], r: 424873894, e: -4702, error: 410
#ERR  p: [599, 1191], r: 424873884, e: -4707, error: 411
#ERR  p: [599, 1192], r: 424873874, e: -4717, error: 412
#ERR  p: [599, 1193], r: 424873864, e: -4724, error: 413
#ERR  p: [599, 1194], r: 424873854, e: -4734, error: 414
#ERR  p: [599, 1195], r: 424873844, e: -4744, error: 415
#ERR  p: [599, 1196], r: 424873834, e: -4754, error: 416
#ERR  p: [599, 1197], r: 424873824, e: -4764, error: 417
#ERR  p: [599, 1198], r: 424873814, e: -4774, error: 418
#ERR  p: [599, 1199], r: 424873804, e: -4784, error: 419
#ERR  p: [599, 1200], r: 424873794, e: -4792, error: 420
#ERR  p: [599, 1201], r: 424873784, e: -4798, error: 421
#ERR  p: [599, 1202], r: 424873774, e: -4802, error: 422
#ERR  p: [599, 1203], r: 424873764, e: -4810, error: 423
#ERR  p: [599, 1204], r: 424873754, e: -4820, error: 424
#ERR  p: [599, 1205], r: 424873744, e: -4830, error: 425
#ERR  p: [599, 1206], r: 424873734, e: -4839, error: 426
#ERR  p: [599, 1207], r: 424873724, e: -4849, error: 427
#ERR  p: [599, 1208], r: 424873714, e: -4859, error: 428
#ERR  p: [599, 1209], r: 424873704, e: -4869, error: 429
#ERR  p: [599, 1210], r: 424873694, e: -4879, error: 430
#ERR  p: [599, 1211], r: 424873684, e: -4887, error: 431
#ERR  p: [599, 1212], r: 424873674, e: -4887, error: 432
#ERR  p: [599, 1213], r: 424873664, e: -4897, error: 433
#ERR  p: [599, 1214], r: 424873654, e: -4905, error: 434
#ERR  p: [599, 1215], r: 424873644, e: -4914, error: 435
#ERR  p: [599, 1216], r: 424873634, e: -4921, error: 436
#ERR  p: [599, 1217], r: 424873624, e: -4931, error: 437
#ERR  p: [599, 1218], r: 424873614, e: -4937, error: 438
#ERR  p: [599, 1219], r: 424873604, e: -4947, error: 439
#ERR  p: [599, 1220], r: 424873594, e: -4956, error: 440
#ERR  p: [599, 1221], r: 424873584, e: -4966, error: 441
#ERR  p: [599, 1222], r: 424873574, e: -4976, error: 442
#ERR  p: [599, 1223], r: 424873564, e: -4986, error: 443
#ERR  p: [599, 1224], r: 424873554, e: -4996, error: 444
#ERR  p: [599, 1225], r: 424873544, e: -4989, error: 445
#ERR  p: [599, 1226], r: 424873534, e: -4994, error: 446
#ERR  p: [599, 1227], r: 424873524, e: -5004, error: 447
#ERR  p: [599, 1228], r: 424873514, e: -5014, error: 448
#ERR  p: [599, 1229], r: 424873504, e: -5024, error: 449
#ERR  p: [599, 1230], r: 424873494, e: -5034, error: 450
#ERR  p: [599, 1231], r: 424873484, e: -5044, error: 451
#ERR  p: [599, 1232], r: 424873474, e: -5054, error: 452
#ERR  p: [599, 1233], r: 424873464, e: -5063, error: 453
#ERR  p: [599, 1234], r: 424873454, e: -5073, error: 454
#ERR  p: [599, 1235], r: 424873444, e: -5083, error: 455
#ERR  p: [599, 1236], r: 424873434, e: -5093, error: 456
#ERR  p: [599, 1237], r: 424873424, e: -5103, error: 457
#ERR  p: [599, 1238], r: 424873414, e: -5113, error: 458
#ERR  p: [599, 1239], r: 424873404, e: -5123, error: 459
#ERR  p: [599, 1240], r: 424873394, e: -5133, error: 460
#ERR  p: [599, 1241], r: 424873384, e: -5143, error: 461
#ERR  p: [599, 1242], r: 424873374, e: -5153, error: 462
#ERR  p: [599, 1243], r: 424873364, e: -5163, error: 463
#ERR  p: [599, 1244], r: 424873354, e: -5172, error: 464
#ERR  p: [599, 1245], r: 424873344, e: -5182, error: 465
#ERR  p: [599, 1246], r: 424873334, e: -5192, error: 466
#ERR  p: [599, 1247], r: 424873324, e: -5202, error: 467
#ERR  p: [599, 1248], r: 424873314, e: -5212, error: 468
#ERR  p: [599, 1249], r: 424873304, e: -5218, error: 469
#ERR  p: [599, 1250], r: 424873294, e: -5225, error: 470
#ERR  p: [599, 1251], r: 424873284, e: -5234, error: 471
#ERR  p: [599, 1252], r: 424873274, e: -5244, error: 472
#ERR  p: [599, 1253], r: 424873264, e: -5254, error: 473
#ERR  p: [599, 1254], r: 424873254, e: -5262, error: 474
#ERR  p: [599, 1255], r: 424873244, e: -5272, error: 475
#ERR  p: [599, 1256], r: 424873234, e: -5282, error: 476
#ERR  p: [599, 1257], r: 424873224, e: -5292, error: 477
#ERR  p: [599, 1258], r: 424873214, e: -5302, error: 478
#ERR  p: [599, 1259], r: 424873204, e: -5312, error: 479
#ERR  p: [599, 1260], r: 424873194, e: -5317, error: 480
#ERR  p: [599, 1261], r: 424873184, e: -5327, error: 481
#ERR  p: [599, 1262], r: 424873174, e: -5328, error: 482
#ERR  p: [599, 1263], r: 424873164, e: -5338, error: 483
#ERR  p: [599, 1264], r: 424873154, e: -5348, error: 484
#ERR  p: [599, 1265], r: 424873144, e: -5358, error: 485
#ERR  p: [599, 1266], r: 424873134, e: -5368, error: 486
#ERR  p: [599, 1267], r: 424873124, e: -5378, error: 487
#ERR  p: [599, 1268], r: 424873114, e: -5388, error: 488
#ERR  p: [599, 1269], r: 424873104, e: -5398, error: 489
#ERR  p: [599, 1270], r: 424873094, e: -5404, error: 490
#ERR  p: [599, 1271], r: 424873084, e: -5414, error: 491
#ERR  p: [599, 1272], r: 424873074, e: -5424, error: 492
#ERR  p: [599, 1273], r: 424873064, e: -5434, error: 493
#ERR  p: [599, 1274], r: 424873054, e: -5443, error: 494
#ERR  p: [599, 1275], r: 424873044, e: -5451, error: 495
#ERR  p: [599, 1276], r: 424873034, e: -5456, error: 496
#ERR  p: [599, 1277], r: 424873024, e: -5466, error: 497
#ERR  p: [599, 1278], r: 424873014, e: -5476, error: 498
#ERR  p: [599, 1279], r: 424873004, e: -5486, error: 499
#SDC Ite:0 KerTime:0.295070 AccTime:0.295070 KerErr:500 AccErr:500
#END