#HEADER max_rows:2048 max_cols:2048 penalty:10
#BEGIN Y:2016 M:09 D:12 Time:15:38:41
#IT Ite:0 KerTime:0.295500 AccTime:0.295500
#ERR Error detected! kerrors = 123724
#ERR  p: [1726, 817], r: -7410, e: -7393, error: 1
#ERR  p: [1726, 818], r: -7420, e: -7378, error: 2
#ERR  p: [1726, 819], r: -7430, e: -7369, error: 3
#ERR  p: [1726, 820], r: -7440, e: -7361, error: 4
#ERR  p: [1726, 821], r: -7450, e: -7352, error: 5
#ERR  p: [1726, 822], r: -7460, e: -7339, error: 6
#ERR  p: [1726, 823], r: -7470, e: -7328, error: 7
#ERR  p: [1726, 824], r: -7480, e: -7317, error: 8
#ERR  p: [1726, 825], r: -7490, e: -7307, error: 9
#ERR  p: [1726, 826], r: -7500, e: -7297, error: 10
#ERR  p: [1726, 827], r: -7510, e: -7287, error: 11
#ERR  p: [1726, 828], r: -7520, e: -7276, error: 12
#ERR  p: [1726, 829], r: -7530, e: -7264, error: 13
#ERR  p: [1726, 830], r: -7269, e: -7248, error: 14
#ERR  p: [1726, 831], r: -7258, e: -7238, error: 15
#ERR  p: [1726, 832], r: -7247, e: -7227, error: 16
#ERR  p: [1841, 702], r: -7139, e: -9560, error: 17
#ERR  p: [1841, 703], r: -7131, e: -9550, error: 18
#ERR  p: [1841, 704], r: -7141, e: -9539, error: 19
#ERR  p: [1841, 705], r: -7151, e: -9529, error: 20
#ERR  p: [1841, 706], r: -7161, e: -9523, error: 21
#ERR  p: [1841, 707], r: -7171, e: -9513, error: 22
#ERR  p: [1841, 708], r: -7181, e: -9503, error: 23
#ERR  p: [1841, 709], r: -7191, e: -9497, error: 24
#ERR  p: [1841, 710], r: -7201, e: -9484, error: 25
#ERR  p: [1841, 711], r: -7211, e: -9474, error: 26
#ERR  p: [1841, 712], r: -7221, e: -9464, error: 27
#ERR  p: [1841, 713], r: -7231, e: -9456, error: 28
#ERR  p: [1841, 714], r: -7241, e: -9447, error: 29
#ERR  p: [1841, 715], r: -7251, e: -9445, error: 30
#ERR  p: [1841, 716], r: -7261, e: -9431, error: 31
#ERR  p: [1841, 717], r: -7271, e: -9422, error: 32
#ERR  p: [1841, 718], r: -7281, e: -9412, error: 33
#ERR  p: [1841, 719], r: -7291, e: -9405, error: 34
#ERR  p: [1841, 720], r: -7301, e: -9397, error: 35
#ERR  p: [1841, 721], r: -7311, e: -9387, error: 36
#ERR  p: [1841, 722], r: -7321, e: -9377, error: 37
#ERR  p: [1841, 723], r: -7331, e: -9364, error: 38
#ERR  p: [1841, 724], r: -7341, e: -9357, error: 39
#ERR  p: [1841, 725], r: -7351, e: -9354, error: 40
#ERR  p: [1841, 726], r: -7361, e: -9339, error: 41
#ERR  p: [1841, 727], r: -7371, e: -9329, error: 42
#ERR  p: [1841, 728], r: -7381, e: -9315, error: 43
#ERR  p: [1841, 729], r: -7391, e: -9295, error: 44
#ERR  p: [1841, 730], r: -7401, e: -9286, error: 45
#ERR  p: [1841, 731], r: -7411, e: -9288, error: 46
#ERR  p: [1841, 732], r: -7421, e: -9267, error: 47
#ERR  p: [1841, 733], r: -7431, e: -9259, error: 48
#ERR  p: [1841, 734], r: -7441, e: -9254, error: 49
#ERR  p: [1841, 735], r: -7451, e: -9244, error: 50
#ERR  p: [1841, 736], r: -7461, e: -9230, error: 51
#ERR  p: [1841, 737], r: -7471, e: -9219, error: 52
#ERR  p: [1841, 738], r: -7481, e: -9205, error: 53
#ERR  p: [1841, 739], r: -7491, e: -9191, error: 54
#ERR  p: [1841, 740], r: -7501, e: -9180, error: 55
#ERR  p: [1841, 741], r: -7511, e: -9165, error: 56
#ERR  p: [1841, 742], r: -7521, e: -9155, error: 57
#ERR  p: [1841, 743], r: -7531, e: -9134, error: 58
#ERR  p: [1841, 744], r: -7541, e: -9121, error: 59
#ERR  p: [1841, 745], r: -7551, e: -9107, error: 60
#ERR  p: [1841, 746], r: -7561, e: -9095, error: 61
#ERR  p: [1841, 747], r: -7571, e: -9085, error: 62
#ERR  p: [1841, 748], r: -7581, e: -9076, error: 63
#ERR  p: [1841, 749], r: -7591, e: -9066, error: 64
#ERR  p: [1841, 750], r: -7601, e: -9060, error: 65
#ERR  p: [1841, 751], r: -7611, e: -9049, error: 66
#ERR  p: [1841, 752], r: -7621, e: -9038, error: 67
#ERR  p: [1841, 753], r: -7631, e: -9030, error: 68
#ERR  p: [1841, 754], r: -7641, e: -9023, error: 69
#ERR  p: [1841, 755], r: -7651, e: -9018, error: 70
#ERR  p: [1841, 756], r: -7661, e: -9013, error: 71
#ERR  p: [1841, 757], r: -7671, e: -9003, error: 72
#ERR  p: [1841, 758], r: -7681, e: -8994, error: 73
#ERR  p: [1841, 759], r: -7691, e: -8992, error: 74
#ERR  p: [1841, 760], r: -7701, e: -8978, error: 75
#ERR  p: [1841, 761], r: -7711, e: -8983, error: 76
#ERR  p: [1841, 762], r: -7721, e: -8972, error: 77
#ERR  p: [1841, 763], r: -7731, e: -8958, error: 78
#ERR  p: [1841, 764], r: -7741, e: -8950, error: 79
#ERR  p: [1841, 765], r: -7751, e: -8932, error: 80
#ERR  p: [1841, 766], r: -7761, e: -8920, error: 81
#ERR  p: [1841, 767], r: -7771, e: -8908, error: 82
#ERR  p: [1841, 768], r: -7781, e: -8897, error: 83
#ERR  p: [1841, 769], r: -7791, e: -8882, error: 84
#ERR  p: [1841, 770], r: -7801, e: -8873, error: 85
#ERR  p: [1841, 771], r: -7811, e: -8859, error: 86
#ERR  p: [1841, 772], r: -7821, e: -8845, error: 87
#ERR  p: [1841, 773], r: -7831, e: -8837, error: 88
#ERR  p: [1841, 774], r: -7841, e: -8829, error: 89
#ERR  p: [1841, 775], r: -7851, e: -8825, error: 90
#ERR  p: [1841, 776], r: -7861, e: -8818, error: 91
#ERR  p: [1841, 777], r: -7871, e: -8804, error: 92
#ERR  p: [1841, 778], r: -7881, e: -8783, error: 93
#ERR  p: [1841, 779], r: -7891, e: -8775, error: 94
#ERR  p: [1841, 780], r: -7901, e: -8764, error: 95
#ERR  p: [1841, 781], r: -7911, e: -8749, error: 96
#ERR  p: [1841, 782], r: -7921, e: -8738, error: 97
#ERR  p: [1841, 783], r: -7931, e: -8717, error: 98
#ERR  p: [1841, 784], r: -7941, e: -8708, error: 99
#ERR  p: [1841, 785], r: -7951, e: -8706, error: 100
#ERR  p: [1841, 786], r: -7961, e: -8696, error: 101
#ERR  p: [1841, 787], r: -7971, e: -8687, error: 102
#ERR  p: [1841, 788], r: -7981, e: -8677, error: 103
#ERR  p: [1841, 789], r: -7991, e: -8669, error: 104
#ERR  p: [1841, 790], r: -8001, e: -8651, error: 105
#ERR  p: [1841, 791], r: -8011, e: -8640, error: 106
#ERR  p: [1841, 792], r: -8021, e: -8630, error: 107
#ERR  p: [1841, 793], r: -8031, e: -8620, error: 108
#ERR  p: [1841, 794], r: -8041, e: -8610, error: 109
#ERR  p: [1841, 795], r: -8051, e: -8598, error: 110
#ERR  p: [1841, 796], r: -8061, e: -8590, error: 111
#ERR  p: [1841, 797], r: -8071, e: -8581, error: 112
#ERR  p: [1841, 798], r: -8081, e: -8572, error: 113
#ERR  p: [1841, 799], r: -8091, e: -8563, error: 114
#ERR  p: [1841, 800], r: -8101, e: -8553, error: 115
#ERR  p: [1841, 801], r: -8111, e: -8541, error: 116
#ERR  p: [1841, 802], r: -8121, e: -8532, error: 117
#ERR  p: [1841, 803], r: -8131, e: -8526, error: 118
#ERR  p: [1841, 804], r: -8141, e: -8517, error: 119
#ERR  p: [1841, 805], r: -8151, e: -8503, error: 120
#ERR  p: [1841, 806], r: -8161, e: -8493, error: 121
#ERR  p: [1841, 807], r: -8171, e: -8479, error: 122
#ERR  p: [1841, 808], r: -8181, e: -8473, error: 123
#ERR  p: [1841, 809], r: -8191, e: -8464, error: 124
#ERR  p: [1841, 810], r: -8201, e: -8462, error: 125
#ERR  p: [1841, 811], r: -8211, e: -8445, error: 126
#ERR  p: [1841, 812], r: -8221, e: -8436, error: 127
#ERR  p: [1841, 813], r: -8231, e: -8432, error: 128
#ERR  p: [1841, 814], r: -8241, e: -8420, error: 129
#ERR  p: [1841, 815], r: -8251, e: -8411, error: 130
#ERR  p: [1841, 816], r: -8261, e: -8406, error: 131
#ERR  p: [1841, 817], r: -8271, e: -8397, error: 132
#ERR  p: [1841, 818], r: -8281, e: -8386, error: 133
#ERR  p: [1841, 819], r: -8291, e: -8377, error: 134
#ERR  p: [1841, 820], r: -8301, e: -8359, error: 135
#ERR  p: [1841, 821], r: -8311, e: -8353, error: 136
#ERR  p: [1841, 822], r: -8321, e: -8356, error: 137
#ERR  p: [1841, 823], r: -8331, e: -8347, error: 138
#ERR  p: [1842, 702], r: -7149, e: -9570, error: 139
#ERR  p: [1842, 703], r: -7141, e: -9560, error: 140
#ERR  p: [1842, 704], r: -7133, e: -9549, error: 141
#ERR  p: [1842, 705], r: -7142, e: -9539, error: 142
#ERR  p: [1842, 706], r: -7151, e: -9529, error: 143
#ERR  p: [1842, 707], r: -7161, e: -9523, error: 144
#ERR  p: [1842, 708], r: -7171, e: -9513, error: 145
#ERR  p: [1842, 709], r: -7181, e: -9507, error: 146
#ERR  p: [1842, 710], r: -7191, e: -9494, error: 147
#ERR  p: [1842, 711], r: -7201, e: -9484, error: 148
#ERR  p: [1842, 712], r: -7211, e: -9474, error: 149
#ERR  p: [1842, 713], r: -7221, e: -9466, error: 150
#ERR  p: [1842, 714], r: -7231, e: -9457, error: 151
#ERR  p: [1842, 715], r: -7241, e: -9447, error: 152
#ERR  p: [1842, 716], r: -7251, e: -9441, error: 153
#ERR  p: [1842, 717], r: -7261, e: -9432, error: 154
#ERR  p: [1842, 718], r: -7271, e: -9422, error: 155
#ERR  p: [1842, 719], r: -7281, e: -9412, error: 156
#ERR  p: [1842, 720], r: -7291, e: -9407, error: 157
#ERR  p: [1842, 721], r: -7301, e: -9397, error: 158
#ERR  p: [1842, 722], r: -7311, e: -9387, error: 159
#ERR  p: [1842, 723], r: -7321, e: -9374, error: 160
#ERR  p: [1842, 724], r: -7331, e: -9366, error: 161
#ERR  p: [1842, 725], r: -7341, e: -9357, error: 162
#ERR  p: [1842, 726], r: -7351, e: -9349, error: 163
#ERR  p: [1842, 727], r: -7361, e: -9339, error: 164
#ERR  p: [1842, 728], r: -7371, e: -9325, error: 165
#ERR  p: [1842, 729], r: -7380, e: -9305, error: 166
#ERR  p: [1842, 730], r: -7390, e: -9296, error: 167
#ERR  p: [1842, 731], r: -7400, e: -9286, error: 168
#ERR  p: [1842, 732], r: -7410, e: -9277, error: 169
#ERR  p: [1842, 733], r: -7420, e: -9269, error: 170
#ERR  p: [1842, 734], r: -7430, e: -9262, error: 171
#ERR  p: [1842, 735], r: -7440, e: -9254, error: 172
#ERR  p: [1842, 736], r: -7450, e: -9240, error: 173
#ERR  p: [1842, 737], r: -7460, e: -9229, error: 174
#ERR  p: [1842, 738], r: -7470, e: -9215, error: 175
#ERR  p: [1842, 739], r: -7480, e: -9201, error: 176
#ERR  p: [1842, 740], r: -7490, e: -9190, error: 177
#ERR  p: [1842, 741], r: -7500, e: -9175, error: 178
#ERR  p: [1842, 742], r: -7510, e: -9165, error: 179
#ERR  p: [1842, 743], r: -7520, e: -9144, error: 180
#ERR  p: [1842, 744], r: -7530, e: -9131, error: 181
#ERR  p: [1842, 745], r: -7540, e: -9117, error: 182
#ERR  p: [1842, 746], r: -7548, e: -9104, error: 183
#ERR  p: [1842, 747], r: -7558, e: -9095, error: 184
#ERR  p: [1842, 748], r: -7565, e: -9079, error: 185
#ERR  p: [1842, 749], r: -7575, e: -9076, error: 186
#ERR  p: [1842, 750], r: -7585, e: -9069, error: 187
#ERR  p: [1842, 751], r: -7595, e: -9054, error: 188
#ERR  p: [1842, 752], r: -7605, e: -9048, error: 189
#ERR  p: [1842, 753], r: -7615, e: -9040, error: 190
#ERR  p: [1842, 754], r: -7625, e: -9033, error: 191
#ERR  p: [1842, 755], r: -7635, e: -9026, error: 192
#ERR  p: [1842, 756], r: -7645, e: -9022, error: 193
#ERR  p: [1842, 757], r: -7655, e: -9007, error: 194
#ERR  p: [1842, 758], r: -7665, e: -9003, error: 195
#ERR  p: [1842, 759], r: -7675, e: -8998, error: 196
#ERR  p: [1842, 760], r: -7685, e: -8988, error: 197
#ERR  p: [1842, 761], r: -7695, e: -8982, error: 198
#ERR  p: [1842, 762], r: -7705, e: -8977, error: 199
#ERR  p: [1842, 763], r: -7715, e: -8968, error: 200
#ERR  p: [1842, 764], r: -7725, e: -8960, error: 201
#ERR  p: [1842, 765], r: -7735, e: -8942, error: 202
#ERR  p: [1842, 766], r: -7745, e: -8930, error: 203
#ERR  p: [1842, 767], r: -7755, e: -8918, error: 204
#ERR  p: [1842, 768], r: -7765, e: -8907, error: 205
#ERR  p: [1842, 769], r: -7775, e: -8892, error: 206
#ERR  p: [1842, 770], r: -7785, e: -8882, error: 207
#ERR  p: [1842, 771], r: -7795, e: -8869, error: 208
#ERR  p: [1842, 772], r: -7805, e: -8855, error: 209
#ERR  p: [1842, 773], r: -7815, e: -8842, error: 210
#ERR  p: [1842, 774], r: -7825, e: -8838, error: 211
#ERR  p: [1842, 775], r: -7835, e: -8830, error: 212
#ERR  p: [1842, 776], r: -7845, e: -8828, error: 213
#ERR  p: [1842, 777], r: -7855, e: -8814, error: 214
#ERR  p: [1842, 778], r: -7865, e: -8793, error: 215
#ERR  p: [1842, 779], r: -7875, e: -8777, error: 216
#ERR  p: [1842, 780], r: -7885, e: -8774, error: 217
#ERR  p: [1842, 781], r: -7895, e: -8759, error: 218
#ERR  p: [1842, 782], r: -7905, e: -8748, error: 219
#ERR  p: [1842, 783], r: -7915, e: -8727, error: 220
#ERR  p: [1842, 784], r: -7925, e: -8717, error: 221
#ERR  p: [1842, 785], r: -7935, e: -8709, error: 222
#ERR  p: [1842, 786], r: -7945, e: -8706, error: 223
#ERR  p: [1842, 787], r: -7955, e: -8697, error: 224
#ERR  p: [1842, 788], r: -7965, e: -8681, error: 225
#ERR  p: [1842, 789], r: -7975, e: -8671, error: 226
#ERR  p: [1842, 790], r: -7985, e: -8661, error: 227
#ERR  p: [1842, 791], r: -7995, e: -8650, error: 228
#ERR  p: [1842, 792], r: -8005, e: -8640, error: 229
#ERR  p: [1842, 793], r: -8015, e: -8630, error: 230
#ERR  p: [1842, 794], r: -8025, e: -8620, error: 231
#ERR  p: [1842, 795], r: -8035, e: -8607, error: 232
#ERR  p: [1842, 796], r: -8045, e: -8600, error: 233
#ERR  p: [1842, 797], r: -8055, e: -8591, error: 234
#ERR  p: [1842, 798], r: -8065, e: -8581, error: 235
#ERR  p: [1842, 799], r: -8075, e: -8573, error: 236
#ERR  p: [1842, 800], r: -8085, e: -8563, error: 237
#ERR  p: [1842, 801], r: -8095, e: -8550, error: 238
#ERR  p: [1842, 802], r: -8105, e: -8541, error: 239
#ERR  p: [1842, 803], r: -8115, e: -8535, error: 240
#ERR  p: [1842, 804], r: -8125, e: -8526, error: 241
#ERR  p: [1842, 805], r: -8135, e: -8513, error: 242
#ERR  p: [1842, 806], r: -8145, e: -8503, error: 243
#ERR  p: [1842, 807], r: -8155, e: -8489, error: 244
#ERR  p: [1842, 808], r: -8165, e: -8482, error: 245
#ERR  p: [1842, 809], r: -8175, e: -8474, error: 246
#ERR  p: [1842, 810], r: -8185, e: -8467, error: 247
#ERR  p: [1842, 811], r: -8195, e: -8455, error: 248
#ERR  p: [1842, 812], r: -8205, e: -8445, error: 249
#ERR  p: [1842, 813], r: -8215, e: -8438, error: 250
#ERR  p: [1842, 814], r: -8225, e: -8429, error: 251
#ERR  p: [1842, 815], r: -8235, e: -8420, error: 252
#ERR  p: [1842, 816], r: -8245, e: -8412, error: 253
#ERR  p: [1842, 817], r: -8255, e: -8407, error: 254
#ERR  p: [1842, 818], r: -8265, e: -8391, error: 255
#ERR  p: [1842, 819], r: -8275, e: -8387, error: 256
#ERR  p: [1842, 820], r: -8285, e: -8369, error: 257
#ERR  p: [1842, 821], r: -8295, e: -8363, error: 258
#ERR  p: [1842, 822], r: -8305, e: -8350, error: 259
#ERR  p: [1842, 823], r: -8315, e: -8357, error: 260
#ERR  p: [1842, 824], r: -8325, e: -8350, error: 261
#ERR  p: [1842, 825], r: -8335, e: -8342, error: 262
#ERR  p: [1843, 702], r: -7159, e: -9580, error: 263
#ERR  p: [1843, 703], r: -7150, e: -9570, error: 264
#ERR  p: [1843, 704], r: -7142, e: -9559, error: 265
#ERR  p: [1843, 705], r: -7135, e: -9549, error: 266
#ERR  p: [1843, 706], r: -7145, e: -9539, error: 267
#ERR  p: [1843, 707], r: -7152, e: -9530, error: 268
#ERR  p: [1843, 708], r: -7162, e: -9523, error: 269
#ERR  p: [1843, 709], r: -7172, e: -9517, error: 270
#ERR  p: [1843, 710], r: -7182, e: -9504, error: 271
#ERR  p: [1843, 711], r: -7192, e: -9494, error: 272
#ERR  p: [1843, 712], r: -7202, e: -9484, error: 273
#ERR  p: [1843, 713], r: -7212, e: -9475, error: 274
#ERR  p: [1843, 714], r: -7222, e: -9467, error: 275
#ERR  p: [1843, 715], r: -7232, e: -9457, error: 276
#ERR  p: [1843, 716], r: -7242, e: -9448, error: 277
#ERR  p: [1843, 717], r: -7252, e: -9442, error: 278
#ERR  p: [1843, 718], r: -7262, e: -9432, error: 279
#ERR  p: [1843, 719], r: -7272, e: -9422, error: 280
#ERR  p: [1843, 720], r: -7282, e: -9413, error: 281
#ERR  p: [1843, 721], r: -7292, e: -9407, error: 282
#ERR  p: [1843, 722], r: -7302, e: -9397, error: 283
#ERR  p: [1843, 723], r: -7312, e: -9384, error: 284
#ERR  p: [1843, 724], r: -7322, e: -9375, error: 285
#ERR  p: [1843, 725], r: -7332, e: -9367, error: 286
#ERR  p: [1843, 726], r: -7342, e: -9359, error: 287
#ERR  p: [1843, 727], r: -7352, e: -9349, error: 288
#ERR  p: [1843, 728], r: -7362, e: -9335, error: 289
#ERR  p: [1843, 729], r: -7372, e: -9315, error: 290
#ERR  p: [1843, 730], r: -7381, e: -9306, error: 291
#ERR  p: [1843, 731], r: -7391, e: -9296, error: 292
#ERR  p: [1843, 732], r: -7401, e: -9287, error: 293
#ERR  p: [1843, 733], r: -7411, e: -9278, error: 294
#ERR  p: [1843, 734], r: -7421, e: -9270, error: 295
#ERR  p: [1843, 735], r: -7431, e: -9263, error: 296
#ERR  p: [1843, 736], r: -7433, e: -9247, error: 297
#ERR  p: [1843, 737], r: -7443, e: -9239, error: 298
#ERR  p: [1843, 738], r: -7453, e: -9225, error: 299
#ERR  p: [1843, 739], r: -7463, e: -9211, error: 300
#ERR  p: [1843, 740], r: -7473, e: -9200, error: 301
#ERR  p: [1843, 741], r: -7483, e: -9185, error: 302
#ERR  p: [1843, 742], r: -7493, e: -9175, error: 303
#ERR  p: [1843, 743], r: -7503, e: -9154, error: 304
#ERR  p: [1843, 744], r: -7513, e: -9141, error: 305
#ERR  p: [1843, 745], r: -7523, e: -9127, error: 306
#ERR  p: [1843, 746], r: -7533, e: -9114, error: 307
#ERR  p: [1843, 747], r: -7543, e: -9105, error: 308
#ERR  p: [1843, 748], r: -7553, e: -9089, error: 309
#ERR  p: [1843, 749], r: -7563, e: -9081, error: 310
#ERR  p: [1843, 750], r: -7573, e: -9078, error: 311
#ERR  p: [1843, 751], r: -7583, e: -9064, error: 312
#ERR  p: [1843, 752], r: -7593, e: -9055, error: 313
#ERR  p: [1843, 753], r: -7603, e: -9049, error: 314
#ERR  p: [1843, 754], r: -7613, e: -9041, error: 315
#ERR  p: [1843, 755], r: -7623, e: -9035, error: 316
#ERR  p: [1843, 756], r: -7633, e: -9030, error: 317
#ERR  p: [1843, 757], r: -7643, e: -9017, error: 318
#ERR  p: [1843, 758], r: -7653, e: -9010, error: 319
#ERR  p: [1843, 759], r: -7663, e: -9007, error: 320
#ERR  p: [1843, 760], r: -7673, e: -8998, error: 321
#ERR  p: [1843, 761], r: -7683, e: -8992, error: 322
#ERR  p: [1843, 762], r: -7693, e: -8986, error: 323
#ERR  p: [1843, 763], r: -7703, e: -8978, error: 324
#ERR  p: [1843, 764], r: -7713, e: -8969, error: 325
#ERR  p: [1843, 765], r: -7723, e: -8952, error: 326
#ERR  p: [1843, 766], r: -7733, e: -8940, error: 327
#ERR  p: [1843, 767], r: -7743, e: -8928, error: 328
#ERR  p: [1843, 768], r: -7753, e: -8917, error: 329
#ERR  p: [1843, 769], r: -7763, e: -8902, error: 330
#ERR  p: [1843, 770], r: -7773, e: -8892, error: 331
#ERR  p: [1843, 771], r: -7783, e: -8879, error: 332
#ERR  p: [1843, 772], r: -7793, e: -8865, error: 333
#ERR  p: [1843, 773], r: -7803, e: -8852, error: 334
#ERR  p: [1843, 774], r: -7813, e: -8844, error: 335
#ERR  p: [1843, 775], r: -7823, e: -8840, error: 336
#ERR  p: [1843, 776], r: -7833, e: -8831, error: 337
#ERR  p: [1843, 777], r: -7843, e: -8824, error: 338
#ERR  p: [1843, 778], r: -7853, e: -8803, error: 339
#ERR  p: [1843, 779], r: -7863, e: -8787, error: 340
#ERR  p: [1843, 780], r: -7873, e: -8778, error: 341
#ERR  p: [1843, 781], r: -7883, e: -8769, error: 342
#ERR  p: [1843, 782], r: -7893, e: -8758, error: 343
#ERR  p: [1843, 783], r: -7903, e: -8737, error: 344
#ERR  p: [1843, 784], r: -7913, e: -8727, error: 345
#ERR  p: [1843, 785], r: -7923, e: -8719, error: 346
#ERR  p: [1843, 786], r: -7933, e: -8710, error: 347
#ERR  p: [1843, 787], r: -7938, e: -8699, error: 348
#ERR  p: [1843, 788], r: -7948, e: -8691, error: 349
#ERR  p: [1843, 789], r: -7958, e: -8681, error: 350
#ERR  p: [1843, 790], r: -7968, e: -8671, error: 351
#ERR  p: [1843, 791], r: -7978, e: -8660, error: 352
#ERR  p: [1843, 792], r: -7988, e: -8650, error: 353
#ERR  p: [1843, 793], r: -7998, e: -8640, error: 354
#ERR  p: [1843, 794], r: -8008, e: -8630, error: 355
#ERR  p: [1843, 795], r: -8018, e: -8617, error: 356
#ERR  p: [1843, 796], r: -8028, e: -8608, error: 357
#ERR  p: [1843, 797], r: -8038, e: -8601, error: 358
#ERR  p: [1843, 798], r: -8048, e: -8591, error: 359
#ERR  p: [1843, 799], r: -8058, e: -8582, error: 360
#ERR  p: [1843, 800], r: -8068, e: -8573, error: 361
#ERR  p: [1843, 801], r: -8078, e: -8560, error: 362
#ERR  p: [1843, 802], r: -8088, e: -8551, error: 363
#ERR  p: [1843, 803], r: -8098, e: -8542, error: 364
#ERR  p: [1843, 804], r: -8108, e: -8536, error: 365
#ERR  p: [1843, 805], r: -8118, e: -8523, error: 366
#ERR  p: [1843, 806], r: -8128, e: -8513, error: 367
#ERR  p: [1843, 807], r: -8138, e: -8499, error: 368
#ERR  p: [1843, 808], r: -8148, e: -8490, error: 369
#ERR  p: [1843, 809], r: -8158, e: -8483, error: 370
#ERR  p: [1843, 810], r: -8168, e: -8476, error: 371
#ERR  p: [1843, 811], r: -8178, e: -8465, error: 372
#ERR  p: [1843, 812], r: -8188, e: -8455, error: 373
#ERR  p: [1843, 813], r: -8198, e: -8446, error: 374
#ERR  p: [1843, 814], r: -8208, e: -8439, error: 375
#ERR  p: [1843, 815], r: -8218, e: -8430, error: 376
#ERR  p: [1843, 816], r: -8228, e: -8422, error: 377
#ERR  p: [1843, 817], r: -8238, e: -8414, error: 378
#ERR  p: [1843, 818], r: -8248, e: -8401, error: 379
#ERR  p: [1843, 819], r: -8258, e: -8393, error: 380
#ERR  p: [1843, 820], r: -8268, e: -8379, error: 381
#ERR  p: [1843, 821], r: -8278, e: -8373, error: 382
#ERR  p: [1843, 822], r: -8288, e: -8360, error: 383
#ERR  p: [1843, 823], r: -8298, e: -8351, error: 384
#ERR  p: [1843, 824], r: -8308, e: -8358, error: 385
#ERR  p: [1843, 825], r: -8318, e: -8352, error: 386
#ERR  p: [1843, 826], r: -8328, e: -8340, error: 387
#ERR  p: [1844, 702], r: -7169, e: -9590, error: 388
#ERR  p: [1844, 703], r: -7160, e: -9580, error: 389
#ERR  p: [1844, 704], r: -7150, e: -9569, error: 390
#ERR  p: [1844, 705], r: -7143, e: -9559, error: 391
#ERR  p: [1844, 706], r: -7136, e: -9549, error: 392
#ERR  p: [1844, 707], r: -7146, e: -9540, error: 393
#ERR  p: [1844, 708], r: -7153, e: -9531, error: 394
#ERR  p: [1844, 709], r: -7163, e: -9527, error: 395
#ERR  p: [1844, 710], r: -7173, e: -9514, error: 396
#ERR  p: [1844, 711], r: -7183, e: -9504, error: 397
#ERR  p: [1844, 712], r: -7193, e: -9494, error: 398
#ERR  p: [1844, 713], r: -7203, e: -9485, error: 399
#ERR  p: [1844, 714], r: -7213, e: -9476, error: 400
#ERR  p: [1844, 715], r: -7223, e: -9467, error: 401
#ERR  p: [1844, 716], r: -7232, e: -9457, error: 402
#ERR  p: [1844, 717], r: -7242, e: -9449, error: 403
#ERR  p: [1844, 718], r: -7252, e: -9442, error: 404
#ERR  p: [1844, 719], r: -7262, e: -9432, error: 405
#ERR  p: [1844, 720], r: -7272, e: -9423, error: 406
#ERR  p: [1844, 721], r: -7282, e: -9414, error: 407
#ERR  p: [1844, 722], r: -7292, e: -9407, error: 408
#ERR  p: [1844, 723], r: -7302, e: -9394, error: 409
#ERR  p: [1844, 724], r: -7312, e: -9384, error: 410
#ERR  p: [1844, 725], r: -7322, e: -9376, error: 411
#ERR  p: [1844, 726], r: -7332, e: -9368, error: 412
#ERR  p: [1844, 727], r: -7342, e: -9359, error: 413
#ERR  p: [1844, 728], r: -7352, e: -9345, error: 414
#ERR  p: [1844, 729], r: -7362, e: -9325, error: 415
#ERR  p: [1844, 730], r: -7372, e: -9316, error: 416
#ERR  p: [1844, 731], r: -7382, e: -9306, error: 417
#ERR  p: [1844, 732], r: -7392, e: -9297, error: 418
#ERR  p: [1844, 733], r: -7402, e: -9288, error: 419
#ERR  p: [1844, 734], r: -7412, e: -9279, error: 420
#ERR  p: [1844, 735], r: -7422, e: -9271, error: 421
#ERR  p: [1844, 736], r: -7432, e: -9257, error: 422
#ERR  p: [1844, 737], r: -7434, e: -9248, error: 423
#ERR  p: [1844, 738], r: -7444, e: -9235, error: 424
#ERR  p: [1844, 739], r: -7454, e: -9221, error: 425
#ERR  p: [1844, 740], r: -7464, e: -9210, error: 426
#ERR  p: [1844, 741], r: -7474, e: -9195, error: 427
#ERR  p: [1844, 742], r: -7484, e: -9185, error: 428
#ERR  p: [1844, 743], r: -7494, e: -9164, error: 429
#ERR  p: [1844, 744], r: -7504, e: -9151, error: 430
#ERR  p: [1844, 745], r: -7513, e: -9137, error: 431
#ERR  p: [1844, 746], r: -7523, e: -9124, error: 432
#ERR  p: [1844, 747], r: -7533, e: -9115, error: 433
#ERR  p: [1844, 748], r: -7543, e: -9099, error: 434
#ERR  p: [1844, 749], r: -7553, e: -9090, error: 435
#ERR  p: [1844, 750], r: -7563, e: -9082, error: 436
#ERR  p: [1844, 751], r: -7573, e: -9074, error: 437
#ERR  p: [1844, 752], r: -7583, e: -9064, error: 438
#ERR  p: [1844, 753], r: -7593, e: -9056, error: 439
#ERR  p: [1844, 754], r: -7603, e: -9050, error: 440
#ERR  p: [1844, 755], r: -7613, e: -9042, error: 441
#ERR  p: [1844, 756], r: -7623, e: -9039, error: 442
#ERR  p: [1844, 757], r: -7633, e: -9027, error: 443
#ERR  p: [1844, 758], r: -7643, e: -9018, error: 444
#ERR  p: [1844, 759], r: -7653, e: -9014, error: 445
#ERR  p: [1844, 760], r: -7663, e: -9007, error: 446
#ERR  p: [1844, 761], r: -7673, e: -9002, error: 447
#ERR  p: [1844, 762], r: -7683, e: -8993, error: 448
#ERR  p: [1844, 763], r: -7693, e: -8986, error: 449
#ERR  p: [1844, 764], r: -7703, e: -8979, error: 450
#ERR  p: [1844, 765], r: -7713, e: -8962, error: 451
#ERR  p: [1844, 766], r: -7723, e: -8950, error: 452
#ERR  p: [1844, 767], r: -7733, e: -8938, error: 453
#ERR  p: [1844, 768], r: -7743, e: -8927, error: 454
#ERR  p: [1844, 769], r: -7753, e: -8912, error: 455
#ERR  p: [1844, 770], r: -7763, e: -8902, error: 456
#ERR  p: [1844, 771], r: -7773, e: -8889, error: 457
#ERR  p: [1844, 772], r: -7783, e: -8875, error: 458
#ERR  p: [1844, 773], r: -7793, e: -8862, error: 459
#ERR  p: [1844, 774], r: -7803, e: -8853, error: 460
#ERR  p: [1844, 775], r: -7813, e: -8845, error: 461
#ERR  p: [1844, 776], r: -7823, e: -8841, error: 462
#ERR  p: [1844, 777], r: -7833, e: -8831, error: 463
#ERR  p: [1844, 778], r: -7843, e: -8813, error: 464
#ERR  p: [1844, 779], r: -7853, e: -8797, error: 465
#ERR  p: [1844, 780], r: -7863, e: -8788, error: 466
#ERR  p: [1844, 781], r: -7873, e: -8779, error: 467
#ERR  p: [1844, 782], r: -7883, e: -8768, error: 468
#ERR  p: [1844, 783], r: -7893, e: -8747, error: 469
#ERR  p: [1844, 784], r: -7903, e: -8737, error: 470
#ERR  p: [1844, 785], r: -7913, e: -8728, error: 471
#ERR  p: [1844, 786], r: -7923, e: -8720, error: 472
#ERR  p: [1844, 787], r: -7933, e: -8709, error: 473
#ERR  p: [1844, 788], r: -7939, e: -8700, error: 474
#ERR  p: [1844, 789], r: -7949, e: -8691, error: 475
#ERR  p: [1844, 790], r: -7959, e: -8681, error: 476
#ERR  p: [1844, 791], r: -7969, e: -8670, error: 477
#ERR  p: [1844, 792], r: -7979, e: -8660, error: 478
#ERR  p: [1844, 793], r: -7989, e: -8650, error: 479
#ERR  p: [1844, 794], r: -7999, e: -8640, error: 480
#ERR  p: [1844, 795], r: -8009, e: -8627, error: 481
#ERR  p: [1844, 796], r: -8019, e: -8618, error: 482
#ERR  p: [1844, 797], r: -8029, e: -8609, error: 483
#ERR  p: [1844, 798], r: -8039, e: -8601, error: 484
#ERR  p: [1844, 799], r: -8049, e: -8592, error: 485
#ERR  p: [1844, 800], r: -8059, e: -8583, error: 486
#ERR  p: [1844, 801], r: -8069, e: -8570, error: 487
#ERR  p: [1844, 802], r: -8079, e: -8561, error: 488
#ERR  p: [1844, 803], r: -8089, e: -8552, error: 489
#ERR  p: [1844, 804], r: -8099, e: -8543, error: 490
#ERR  p: [1844, 805], r: -8109, e: -8533, error: 491
#ERR  p: [1844, 806], r: -8119, e: -8523, error: 492
#ERR  p: [1844, 807], r: -8128, e: -8509, error: 493
#ERR  p: [1844, 808], r: -8138, e: -8500, error: 494
#ERR  p: [1844, 809], r: -8148, e: -8490, error: 495
#ERR  p: [1844, 810], r: -8158, e: -8484, error: 496
#ERR  p: [1844, 811], r: -8168, e: -8475, error: 497
#ERR  p: [1844, 812], r: -8178, e: -8465, error: 498
#ERR  p: [1844, 813], r: -8188, e: -8455, error: 499
#SDC Ite:0 KerTime:0.295500 AccTime:0.295500 KerErr:500 AccErr:500
#END