#HEADER max_rows:2048 max_cols:2048 penalty:10
#BEGIN Y:2016 M:09 D:12 Time:14:06:47
#IT Ite:0 KerTime:0.294920 AccTime:0.294920
#ERR Error detected! kerrors = 1285920
#ERR  p: [168, 1364], r: 16766035, e: -11176, error: 1
#ERR  p: [168, 1365], r: 16766025, e: -11186, error: 2
#ERR  p: [168, 1366], r: 16766015, e: -11196, error: 3
#ERR  p: [168, 1367], r: 16766005, e: -11206, error: 4
#ERR  p: [168, 1368], r: 16765995, e: -11216, error: 5
#ERR  p: [168, 1369], r: 16765985, e: -11226, error: 6
#ERR  p: [168, 1370], r: 16765975, e: -11236, error: 7
#ERR  p: [168, 1371], r: 16765965, e: -11246, error: 8
#ERR  p: [168, 1372], r: 16765955, e: -11256, error: 9
#ERR  p: [168, 1373], r: 16765945, e: -11266, error: 10
#ERR  p: [168, 1374], r: 16765935, e: -11276, error: 11
#ERR  p: [168, 1375], r: 16765925, e: -11286, error: 12
#ERR  p: [168, 1376], r: 16765915, e: -11296, error: 13
#ERR  p: [168, 1377], r: 16765905, e: -11306, error: 14
#ERR  p: [168, 1378], r: 16765895, e: -11316, error: 15
#ERR  p: [168, 1379], r: 16765885, e: -11326, error: 16
#ERR  p: [168, 1380], r: 16765875, e: -11336, error: 17
#ERR  p: [168, 1381], r: 16765865, e: -11346, error: 18
#ERR  p: [168, 1382], r: 16765855, e: -11356, error: 19
#ERR  p: [168, 1383], r: 16765845, e: -11366, error: 20
#ERR  p: [168, 1384], r: 16765835, e: -11376, error: 21
#ERR  p: [168, 1385], r: 16765825, e: -11386, error: 22
#ERR  p: [168, 1386], r: 16765815, e: -11396, error: 23
#ERR  p: [168, 1387], r: 16765805, e: -11406, error: 24
#ERR  p: [168, 1388], r: 16765795, e: -11416, error: 25
#ERR  p: [168, 1389], r: 16765785, e: -11426, error: 26
#ERR  p: [168, 1390], r: 16765775, e: -11436, error: 27
#ERR  p: [168, 1391], r: 16765765, e: -11446, error: 28
#ERR  p: [168, 1392], r: 16765755, e: -11456, error: 29
#ERR  p: [168, 1393], r: 16765745, e: -11466, error: 30
#ERR  p: [168, 1394], r: 16765735, e: -11476, error: 31
#ERR  p: [168, 1395], r: 16765725, e: -11486, error: 32
#ERR  p: [168, 1396], r: 16765715, e: -11496, error: 33
#ERR  p: [168, 1397], r: 16765705, e: -11506, error: 34
#ERR  p: [168, 1398], r: 16765695, e: -11516, error: 35
#ERR  p: [168, 1399], r: 16765685, e: -11526, error: 36
#ERR  p: [168, 1400], r: 16765675, e: -11536, error: 37
#ERR  p: [168, 1401], r: 16765665, e: -11546, error: 38
#ERR  p: [168, 1402], r: 16765655, e: -11556, error: 39
#ERR  p: [168, 1403], r: 16765645, e: -11566, error: 40
#ERR  p: [168, 1404], r: 16765635, e: -11576, error: 41
#ERR  p: [168, 1405], r: 16765625, e: -11586, error: 42
#ERR  p: [168, 1406], r: 16765615, e: -11596, error: 43
#ERR  p: [168, 1407], r: 16765605, e: -11606, error: 44
#ERR  p: [168, 1408], r: 16765595, e: -11616, error: 45
#ERR  p: [168, 1409], r: 16765585, e: -11626, error: 46
#ERR  p: [168, 1410], r: 16765575, e: -11636, error: 47
#ERR  p: [168, 1411], r: 16765565, e: -11646, error: 48
#ERR  p: [168, 1412], r: 16765555, e: -11656, error: 49
#ERR  p: [168, 1413], r: 16765545, e: -11666, error: 50
#ERR  p: [168, 1414], r: 16765535, e: -11676, error: 51
#ERR  p: [168, 1415], r: 16765525, e: -11686, error: 52
#ERR  p: [168, 1416], r: 16765515, e: -11696, error: 53
#ERR  p: [168, 1417], r: 16765505, e: -11706, error: 54
#ERR  p: [168, 1418], r: 16765495, e: -11716, error: 55
#ERR  p: [168, 1419], r: 16765485, e: -11726, error: 56
#ERR  p: [168, 1420], r: 16765475, e: -11736, error: 57
#ERR  p: [168, 1421], r: 16765465, e: -11746, error: 58
#ERR  p: [168, 1422], r: 16765455, e: -11756, error: 59
#ERR  p: [168, 1423], r: 16765445, e: -11766, error: 60
#ERR  p: [168, 1424], r: 16765435, e: -11776, error: 61
#ERR  p: [168, 1425], r: 16765425, e: -11786, error: 62
#ERR  p: [168, 1426], r: 16765415, e: -11796, error: 63
#ERR  p: [168, 1427], r: 16765405, e: -11805, error: 64
#ERR  p: [168, 1428], r: 16765395, e: -11813, error: 65
#ERR  p: [168, 1429], r: 16765385, e: -11820, error: 66
#ERR  p: [168, 1430], r: 16765375, e: -11830, error: 67
#ERR  p: [168, 1431], r: 16765365, e: -11840, error: 68
#ERR  p: [168, 1432], r: 16765355, e: -11850, error: 69
#ERR  p: [168, 1433], r: 16765345, e: -11860, error: 70
#ERR  p: [168, 1434], r: 16765335, e: -11870, error: 71
#ERR  p: [168, 1435], r: 16765325, e: -11880, error: 72
#ERR  p: [168, 1436], r: 16765315, e: -11890, error: 73
#ERR  p: [168, 1437], r: 16765305, e: -11900, error: 74
#ERR  p: [168, 1438], r: 16765295, e: -11910, error: 75
#ERR  p: [168, 1439], r: 16765285, e: -11920, error: 76
#ERR  p: [168, 1440], r: 16765275, e: -11930, error: 77
#ERR  p: [168, 1441], r: 16765265, e: -11940, error: 78
#ERR  p: [168, 1442], r: 16765255, e: -11950, error: 79
#ERR  p: [168, 1443], r: 16765245, e: -11960, error: 80
#ERR  p: [168, 1444], r: 16765235, e: -11970, error: 81
#ERR  p: [168, 1445], r: 16765225, e: -11980, error: 82
#ERR  p: [168, 1446], r: 16765215, e: -11990, error: 83
#ERR  p: [168, 1447], r: 16765205, e: -12000, error: 84
#ERR  p: [168, 1448], r: 16765195, e: -12010, error: 85
#ERR  p: [168, 1449], r: 16765185, e: -12020, error: 86
#ERR  p: [168, 1450], r: 16765175, e: -12030, error: 87
#ERR  p: [168, 1451], r: 16765165, e: -12040, error: 88
#ERR  p: [168, 1452], r: 16765155, e: -12050, error: 89
#ERR  p: [168, 1453], r: 16765145, e: -12060, error: 90
#ERR  p: [168, 1454], r: 16765135, e: -12070, error: 91
#ERR  p: [168, 1455], r: 16765125, e: -12080, error: 92
#ERR  p: [168, 1456], r: 16765115, e: -12090, error: 93
#ERR  p: [168, 1457], r: 16765105, e: -12100, error: 94
#ERR  p: [168, 1458], r: 16765095, e: -12110, error: 95
#ERR  p: [168, 1459], r: 16765085, e: -12120, error: 96
#ERR  p: [168, 1460], r: 16765075, e: -12130, error: 97
#ERR  p: [168, 1461], r: 16765065, e: -12140, error: 98
#ERR  p: [168, 1462], r: 16765055, e: -12150, error: 99
#ERR  p: [168, 1463], r: 16765045, e: -12160, error: 100
#ERR  p: [168, 1464], r: 16765035, e: -12167, error: 101
#ERR  p: [168, 1465], r: 16765025, e: -12177, error: 102
#ERR  p: [168, 1466], r: 16765015, e: -12187, error: 103
#ERR  p: [168, 1467], r: 16765005, e: -12197, error: 104
#ERR  p: [168, 1468], r: 16764995, e: -12207, error: 105
#ERR  p: [168, 1469], r: 16764985, e: -12217, error: 106
#ERR  p: [168, 1470], r: 16764975, e: -12227, error: 107
#ERR  p: [168, 1471], r: 16764965, e: -12237, error: 108
#ERR  p: [168, 1472], r: 16764955, e: -12247, error: 109
#ERR  p: [168, 1473], r: 16764945, e: -12257, error: 110
#ERR  p: [168, 1474], r: 16764935, e: -12267, error: 111
#ERR  p: [168, 1475], r: 16764925, e: -12277, error: 112
#ERR  p: [168, 1476], r: 16764915, e: -12287, error: 113
#ERR  p: [168, 1477], r: 16764905, e: -12297, error: 114
#ERR  p: [168, 1478], r: 16764895, e: -12307, error: 115
#ERR  p: [168, 1479], r: 16764885, e: -12317, error: 116
#ERR  p: [168, 1480], r: 16764875, e: -12327, error: 117
#ERR  p: [168, 1481], r: 16764865, e: -12337, error: 118
#ERR  p: [168, 1482], r: 16764855, e: -12347, error: 119
#ERR  p: [168, 1483], r: 16764845, e: -12357, error: 120
#ERR  p: [168, 1484], r: 16764835, e: -12364, error: 121
#ERR  p: [168, 1485], r: 16764825, e: -12374, error: 122
#ERR  p: [168, 1486], r: 16764815, e: -12384, error: 123
#ERR  p: [168, 1487], r: 16764805, e: -12385, error: 124
#ERR  p: [168, 1488], r: 16764795, e: -12395, error: 125
#ERR  p: [168, 1489], r: 16764785, e: -12405, error: 126
#ERR  p: [168, 1490], r: 16764775, e: -12415, error: 127
#ERR  p: [168, 1491], r: 16764765, e: -12425, error: 128
#ERR  p: [168, 1492], r: 16764755, e: -12435, error: 129
#ERR  p: [168, 1493], r: 16764745, e: -12445, error: 130
#ERR  p: [168, 1494], r: 16764735, e: -12455, error: 131
#ERR  p: [168, 1495], r: 16764725, e: -12465, error: 132
#ERR  p: [168, 1496], r: 16764715, e: -12475, error: 133
#ERR  p: [168, 1497], r: 16764705, e: -12485, error: 134
#ERR  p: [168, 1498], r: 16764695, e: -12495, error: 135
#ERR  p: [168, 1499], r: 16764685, e: -12505, error: 136
#ERR  p: [168, 1500], r: 16764675, e: -12515, error: 137
#ERR  p: [168, 1501], r: 16764665, e: -12525, error: 138
#ERR  p: [168, 1502], r: 16764655, e: -12535, error: 139
#ERR  p: [168, 1503], r: 16764645, e: -12545, error: 140
#ERR  p: [168, 1504], r: 16764635, e: -12555, error: 141
#ERR  p: [168, 1505], r: 16764625, e: -12565, error: 142
#ERR  p: [168, 1506], r: 16764615, e: -12575, error: 143
#ERR  p: [168, 1507], r: 16764605, e: -12585, error: 144
#ERR  p: [168, 1508], r: 16764595, e: -12595, error: 145
#ERR  p: [168, 1509], r: 16764585, e: -12605, error: 146
#ERR  p: [168, 1510], r: 16764575, e: -12615, error: 147
#ERR  p: [168, 1511], r: 16764565, e: -12625, error: 148
#ERR  p: [168, 1512], r: 16764555, e: -12635, error: 149
#ERR  p: [168, 1513], r: 16764545, e: -12645, error: 150
#ERR  p: [168, 1514], r: 16764535, e: -12655, error: 151
#ERR  p: [168, 1515], r: 16764525, e: -12665, error: 152
#ERR  p: [168, 1516], r: 16764515, e: -12675, error: 153
#ERR  p: [168, 1517], r: 16764505, e: -12685, error: 154
#ERR  p: [168, 1518], r: 16764495, e: -12695, error: 155
#ERR  p: [168, 1519], r: 16764485, e: -12705, error: 156
#ERR  p: [168, 1520], r: 16764475, e: -12715, error: 157
#ERR  p: [168, 1521], r: 16764465, e: -12724, error: 158
#ERR  p: [168, 1522], r: 16764455, e: -12734, error: 159
#ERR  p: [168, 1523], r: 16764445, e: -12744, error: 160
#ERR  p: [168, 1524], r: 16764435, e: -12753, error: 161
#ERR  p: [168, 1525], r: 16764425, e: -12763, error: 162
#ERR  p: [168, 1526], r: 16764415, e: -12773, error: 163
#ERR  p: [168, 1527], r: 16764405, e: -12783, error: 164
#ERR  p: [168, 1528], r: 16764395, e: -12793, error: 165
#ERR  p: [168, 1529], r: 16764385, e: -12803, error: 166
#ERR  p: [168, 1530], r: 16764375, e: -12813, error: 167
#ERR  p: [168, 1531], r: 16764365, e: -12823, error: 168
#ERR  p: [168, 1532], r: 16764355, e: -12833, error: 169
#ERR  p: [168, 1533], r: 16764345, e: -12843, error: 170
#ERR  p: [168, 1534], r: 16764335, e: -12853, error: 171
#ERR  p: [168, 1535], r: 16764325, e: -12863, error: 172
#ERR  p: [168, 1536], r: 16764315, e: -12867, error: 173
#ERR  p: [168, 1537], r: 16764305, e: -12877, error: 174
#ERR  p: [168, 1538], r: 16764295, e: -12887, error: 175
#ERR  p: [168, 1539], r: 16764285, e: -12897, error: 176
#ERR  p: [168, 1540], r: 16764275, e: -12907, error: 177
#ERR  p: [168, 1541], r: 16764265, e: -12917, error: 178
#ERR  p: [168, 1542], r: 16764255, e: -12922, error: 179
#ERR  p: [168, 1543], r: 16764245, e: -12932, error: 180
#ERR  p: [168, 1544], r: 16764235, e: -12942, error: 181
#ERR  p: [168, 1545], r: 16764225, e: -12952, error: 182
#ERR  p: [168, 1546], r: 16764215, e: -12962, error: 183
#ERR  p: [168, 1547], r: 16764205, e: -12972, error: 184
#ERR  p: [168, 1548], r: 16764195, e: -12982, error: 185
#ERR  p: [168, 1549], r: 16764185, e: -12992, error: 186
#ERR  p: [168, 1550], r: 16764175, e: -13002, error: 187
#ERR  p: [168, 1551], r: 16764165, e: -13012, error: 188
#ERR  p: [168, 1552], r: 16764155, e: -13022, error: 189
#ERR  p: [168, 1553], r: 16764145, e: -13032, error: 190
#ERR  p: [168, 1554], r: 16764135, e: -13042, error: 191
#ERR  p: [168, 1555], r: 16764125, e: -13052, error: 192
#ERR  p: [168, 1556], r: 16764115, e: -13062, error: 193
#ERR  p: [168, 1557], r: 16764105, e: -13072, error: 194
#ERR  p: [168, 1558], r: 16764095, e: -13082, error: 195
#ERR  p: [168, 1559], r: 16764085, e: -13092, error: 196
#ERR  p: [168, 1560], r: 16764075, e: -13102, error: 197
#ERR  p: [168, 1561], r: 16764065, e: -13112, error: 198
#ERR  p: [168, 1562], r: 16764055, e: -13122, error: 199
#ERR  p: [168, 1563], r: 16764045, e: -13132, error: 200
#ERR  p: [168, 1564], r: 16764035, e: -13142, error: 201
#ERR  p: [168, 1565], r: 16764025, e: -13152, error: 202
#ERR  p: [168, 1566], r: 16764015, e: -13162, error: 203
#ERR  p: [168, 1567], r: 16764005, e: -13172, error: 204
#ERR  p: [168, 1568], r: 16763995, e: -13182, error: 205
#ERR  p: [168, 1569], r: 16763985, e: -13192, error: 206
#ERR  p: [168, 1570], r: 16763975, e: -13202, error: 207
#ERR  p: [168, 1571], r: 16763965, e: -13212, error: 208
#ERR  p: [168, 1572], r: 16763955, e: -13222, error: 209
#ERR  p: [168, 1573], r: 16763945, e: -13232, error: 210
#ERR  p: [168, 1574], r: 16763935, e: -13242, error: 211
#ERR  p: [168, 1575], r: 16763925, e: -13252, error: 212
#ERR  p: [168, 1576], r: 16763915, e: -13262, error: 213
#ERR  p: [168, 1577], r: 16763905, e: -13272, error: 214
#ERR  p: [168, 1578], r: 16763895, e: -13282, error: 215
#ERR  p: [168, 1579], r: 16763885, e: -13292, error: 216
#ERR  p: [168, 1580], r: 16763875, e: -13302, error: 217
#ERR  p: [168, 1581], r: 16763865, e: -13312, error: 218
#ERR  p: [168, 1582], r: 16763855, e: -13322, error: 219
#ERR  p: [168, 1583], r: 16763845, e: -13332, error: 220
#ERR  p: [168, 1584], r: 16763835, e: -13342, error: 221
#ERR  p: [168, 1585], r: 16763825, e: -13352, error: 222
#ERR  p: [168, 1586], r: 16763815, e: -13362, error: 223
#ERR  p: [168, 1587], r: 16763805, e: -13372, error: 224
#ERR  p: [168, 1588], r: 16763795, e: -13382, error: 225
#ERR  p: [168, 1589], r: 16763785, e: -13392, error: 226
#ERR  p: [168, 1590], r: 16763775, e: -13402, error: 227
#ERR  p: [168, 1591], r: 16763765, e: -13412, error: 228
#ERR  p: [168, 1592], r: 16763755, e: -13422, error: 229
#ERR  p: [168, 1593], r: 16763745, e: -13432, error: 230
#ERR  p: [168, 1594], r: 16763735, e: -13442, error: 231
#ERR  p: [168, 1595], r: 16763725, e: -13452, error: 232
#ERR  p: [168, 1596], r: 16763715, e: -13462, error: 233
#ERR  p: [168, 1597], r: 16763705, e: -13472, error: 234
#ERR  p: [168, 1598], r: 16763695, e: -13482, error: 235
#ERR  p: [168, 1599], r: 16763685, e: -13492, error: 236
#ERR  p: [168, 1600], r: 16763675, e: -13502, error: 237
#ERR  p: [168, 1601], r: 16763665, e: -13504, error: 238
#ERR  p: [168, 1602], r: 16763655, e: -13514, error: 239
#ERR  p: [168, 1603], r: 16763645, e: -13524, error: 240
#ERR  p: [168, 1604], r: 16763635, e: -13534, error: 241
#ERR  p: [168, 1605], r: 16763625, e: -13544, error: 242
#ERR  p: [168, 1606], r: 16763615, e: -13554, error: 243
#ERR  p: [168, 1607], r: 16763605, e: -13564, error: 244
#ERR  p: [168, 1608], r: 16763595, e: -13574, error: 245
#ERR  p: [168, 1609], r: 16763585, e: -13584, error: 246
#ERR  p: [168, 1610], r: 16763575, e: -13594, error: 247
#ERR  p: [168, 1611], r: 16763565, e: -13604, error: 248
#ERR  p: [168, 1612], r: 16763555, e: -13614, error: 249
#ERR  p: [168, 1613], r: 16763545, e: -13624, error: 250
#ERR  p: [168, 1614], r: 16763535, e: -13634, error: 251
#ERR  p: [168, 1615], r: 16763525, e: -13644, error: 252
#ERR  p: [168, 1616], r: 16763515, e: -13654, error: 253
#ERR  p: [168, 1617], r: 16763505, e: -13664, error: 254
#ERR  p: [168, 1618], r: 16763495, e: -13674, error: 255
#ERR  p: [168, 1619], r: 16763485, e: -13684, error: 256
#ERR  p: [168, 1620], r: 16763475, e: -13694, error: 257
#ERR  p: [168, 1621], r: 16763465, e: -13704, error: 258
#ERR  p: [168, 1622], r: 16763455, e: -13714, error: 259
#ERR  p: [168, 1623], r: 16763445, e: -13724, error: 260
#ERR  p: [168, 1624], r: 16763435, e: -13734, error: 261
#ERR  p: [168, 1625], r: 16763425, e: -13744, error: 262
#ERR  p: [168, 1626], r: 16763415, e: -13754, error: 263
#ERR  p: [168, 1627], r: 16763405, e: -13764, error: 264
#ERR  p: [168, 1628], r: 16763395, e: -13774, error: 265
#ERR  p: [168, 1629], r: 16763385, e: -13784, error: 266
#ERR  p: [168, 1630], r: 16763375, e: -13794, error: 267
#ERR  p: [168, 1631], r: 16763365, e: -13804, error: 268
#ERR  p: [168, 1632], r: 16763355, e: -13814, error: 269
#ERR  p: [168, 1633], r: 16763345, e: -13824, error: 270
#ERR  p: [168, 1634], r: 16763335, e: -13834, error: 271
#ERR  p: [168, 1635], r: 16763325, e: -13844, error: 272
#ERR  p: [168, 1636], r: 16763315, e: -13854, error: 273
#ERR  p: [168, 1637], r: 16763305, e: -13864, error: 274
#ERR  p: [168, 1638], r: 16763295, e: -13874, error: 275
#ERR  p: [168, 1639], r: 16763285, e: -13884, error: 276
#ERR  p: [168, 1640], r: 16763275, e: -13894, error: 277
#ERR  p: [168, 1641], r: 16763265, e: -13904, error: 278
#ERR  p: [168, 1642], r: 16763255, e: -13914, error: 279
#ERR  p: [168, 1643], r: 16763245, e: -13924, error: 280
#ERR  p: [168, 1644], r: 16763235, e: -13934, error: 281
#ERR  p: [168, 1645], r: 16763225, e: -13944, error: 282
#ERR  p: [168, 1646], r: 16763215, e: -13954, error: 283
#ERR  p: [168, 1647], r: 16763205, e: -13964, error: 284
#ERR  p: [168, 1648], r: 16763195, e: -13974, error: 285
#ERR  p: [168, 1649], r: 16763185, e: -13984, error: 286
#ERR  p: [168, 1650], r: 16763175, e: -13994, error: 287
#ERR  p: [168, 1651], r: 16763165, e: -14004, error: 288
#ERR  p: [168, 1652], r: 16763155, e: -14014, error: 289
#ERR  p: [168, 1653], r: 16763145, e: -14024, error: 290
#ERR  p: [168, 1654], r: 16763135, e: -14034, error: 291
#ERR  p: [168, 1655], r: 16763125, e: -14044, error: 292
#ERR  p: [168, 1656], r: 16763115, e: -14054, error: 293
#ERR  p: [168, 1657], r: 16763105, e: -14064, error: 294
#ERR  p: [168, 1658], r: 16763095, e: -14074, error: 295
#ERR  p: [168, 1659], r: 16763085, e: -14084, error: 296
#ERR  p: [168, 1660], r: 16763075, e: -14094, error: 297
#ERR  p: [168, 1661], r: 16763065, e: -14104, error: 298
#ERR  p: [168, 1662], r: 16763055, e: -14114, error: 299
#ERR  p: [168, 1663], r: 16763045, e: -14124, error: 300
#ERR  p: [168, 1664], r: 16763035, e: -14134, error: 301
#ERR  p: [168, 1665], r: 16763025, e: -14144, error: 302
#ERR  p: [168, 1666], r: 16763015, e: -14154, error: 303
#ERR  p: [168, 1667], r: 16763005, e: -14164, error: 304
#ERR  p: [168, 1668], r: 16762995, e: -14174, error: 305
#ERR  p: [168, 1669], r: 16762985, e: -14184, error: 306
#ERR  p: [168, 1670], r: 16762975, e: -14194, error: 307
#ERR  p: [168, 1671], r: 16762965, e: -14204, error: 308
#ERR  p: [168, 1672], r: 16762955, e: -14214, error: 309
#ERR  p: [168, 1673], r: 16762945, e: -14224, error: 310
#ERR  p: [168, 1674], r: 16762935, e: -14234, error: 311
#ERR  p: [168, 1675], r: 16762925, e: -14244, error: 312
#ERR  p: [168, 1676], r: 16762915, e: -14254, error: 313
#ERR  p: [168, 1677], r: 16762905, e: -14262, error: 314
#ERR  p: [168, 1678], r: 16762895, e: -14272, error: 315
#ERR  p: [168, 1679], r: 16762885, e: -14282, error: 316
#ERR  p: [168, 1680], r: 16762875, e: -14292, error: 317
#ERR  p: [168, 1681], r: 16762865, e: -14302, error: 318
#ERR  p: [168, 1682], r: 16762855, e: -14312, error: 319
#ERR  p: [168, 1683], r: 16762845, e: -14322, error: 320
#ERR  p: [168, 1684], r: 16762835, e: -14332, error: 321
#ERR  p: [168, 1685], r: 16762825, e: -14342, error: 322
#ERR  p: [168, 1686], r: 16762815, e: -14352, error: 323
#ERR  p: [168, 1687], r: 16762805, e: -14362, error: 324
#ERR  p: [168, 1688], r: 16762795, e: -14372, error: 325
#ERR  p: [168, 1689], r: 16762785, e: -14382, error: 326
#ERR  p: [168, 1690], r: 16762775, e: -14392, error: 327
#ERR  p: [168, 1691], r: 16762765, e: -14402, error: 328
#ERR  p: [168, 1692], r: 16762755, e: -14412, error: 329
#ERR  p: [168, 1693], r: 16762745, e: -14422, error: 330
#ERR  p: [168, 1694], r: 16762735, e: -14432, error: 331
#ERR  p: [168, 1695], r: 16762725, e: -14442, error: 332
#ERR  p: [168, 1696], r: 16762715, e: -14452, error: 333
#ERR  p: [168, 1697], r: 16762705, e: -14462, error: 334
#ERR  p: [168, 1698], r: 16762695, e: -14472, error: 335
#ERR  p: [168, 1699], r: 16762685, e: -14482, error: 336
#ERR  p: [168, 1700], r: 16762675, e: -14492, error: 337
#ERR  p: [168, 1701], r: 16762665, e: -14502, error: 338
#ERR  p: [168, 1702], r: 16762655, e: -14512, error: 339
#ERR  p: [168, 1703], r: 16762645, e: -14522, error: 340
#ERR  p: [168, 1704], r: 16762635, e: -14532, error: 341
#ERR  p: [168, 1705], r: 16762625, e: -14542, error: 342
#ERR  p: [168, 1706], r: 16762615, e: -14552, error: 343
#ERR  p: [168, 1707], r: 16762605, e: -14562, error: 344
#ERR  p: [168, 1708], r: 16762595, e: -14572, error: 345
#ERR  p: [168, 1709], r: 16762585, e: -14582, error: 346
#ERR  p: [168, 1710], r: 16762575, e: -14592, error: 347
#ERR  p: [168, 1711], r: 16762565, e: -14602, error: 348
#ERR  p: [168, 1712], r: 16762555, e: -14612, error: 349
#ERR  p: [168, 1713], r: 16762545, e: -14622, error: 350
#ERR  p: [168, 1714], r: 16762535, e: -14632, error: 351
#ERR  p: [168, 1715], r: 16762525, e: -14642, error: 352
#ERR  p: [168, 1716], r: 16762515, e: -14652, error: 353
#ERR  p: [168, 1717], r: 16762505, e: -14662, error: 354
#ERR  p: [168, 1718], r: 16762495, e: -14672, error: 355
#ERR  p: [168, 1719], r: 16762485, e: -14682, error: 356
#ERR  p: [168, 1720], r: 16762475, e: -14692, error: 357
#ERR  p: [168, 1721], r: 16762465, e: -14702, error: 358
#ERR  p: [168, 1722], r: 16762455, e: -14712, error: 359
#ERR  p: [168, 1723], r: 16762445, e: -14722, error: 360
#ERR  p: [168, 1724], r: 16762435, e: -14732, error: 361
#ERR  p: [168, 1725], r: 16762425, e: -14742, error: 362
#ERR  p: [168, 1726], r: 16762415, e: -14752, error: 363
#ERR  p: [168, 1727], r: 16762405, e: -14762, error: 364
#ERR  p: [168, 1728], r: 16762395, e: -14772, error: 365
#ERR  p: [168, 1729], r: 16762385, e: -14782, error: 366
#ERR  p: [168, 1730], r: 16762375, e: -14792, error: 367
#ERR  p: [168, 1731], r: 16762365, e: -14802, error: 368
#ERR  p: [168, 1732], r: 16762355, e: -14812, error: 369
#ERR  p: [168, 1733], r: 16762345, e: -14822, error: 370
#ERR  p: [168, 1734], r: 16762335, e: -14832, error: 371
#ERR  p: [168, 1735], r: 16762325, e: -14842, error: 372
#ERR  p: [168, 1736], r: 16762315, e: -14852, error: 373
#ERR  p: [168, 1737], r: 16762305, e: -14862, error: 374
#ERR  p: [168, 1738], r: 16762295, e: -14872, error: 375
#ERR  p: [168, 1739], r: 16762285, e: -14882, error: 376
#ERR  p: [168, 1740], r: 16762275, e: -14892, error: 377
#ERR  p: [168, 1741], r: 16762265, e: -14902, error: 378
#ERR  p: [168, 1742], r: 16762255, e: -14912, error: 379
#ERR  p: [168, 1743], r: 16762245, e: -14922, error: 380
#ERR  p: [168, 1744], r: 16762235, e: -14932, error: 381
#ERR  p: [168, 1745], r: 16762225, e: -14942, error: 382
#ERR  p: [168, 1746], r: 16762215, e: -14952, error: 383
#ERR  p: [168, 1747], r: 16762205, e: -14962, error: 384
#ERR  p: [168, 1748], r: 16762195, e: -14972, error: 385
#ERR  p: [168, 1749], r: 16762185, e: -14982, error: 386
#ERR  p: [168, 1750], r: 16762175, e: -14992, error: 387
#ERR  p: [168, 1751], r: 16762165, e: -15002, error: 388
#ERR  p: [168, 1752], r: 16762155, e: -15012, error: 389
#ERR  p: [168, 1753], r: 16762145, e: -15022, error: 390
#ERR  p: [168, 1754], r: 16762135, e: -15032, error: 391
#ERR  p: [168, 1755], r: 16762125, e: -15037, error: 392
#ERR  p: [168, 1756], r: 16762115, e: -15047, error: 393
#ERR  p: [168, 1757], r: 16762105, e: -15057, error: 394
#ERR  p: [168, 1758], r: 16762095, e: -15067, error: 395
#ERR  p: [168, 1759], r: 16762085, e: -15077, error: 396
#ERR  p: [168, 1760], r: 16762075, e: -15087, error: 397
#ERR  p: [168, 1761], r: 16762065, e: -15097, error: 398
#ERR  p: [168, 1762], r: 16762055, e: -15107, error: 399
#ERR  p: [168, 1763], r: 16762045, e: -15117, error: 400
#ERR  p: [168, 1764], r: 16762035, e: -15127, error: 401
#ERR  p: [168, 1765], r: 16762025, e: -15137, error: 402
#ERR  p: [168, 1766], r: 16762015, e: -15147, error: 403
#ERR  p: [168, 1767], r: 16762005, e: -15157, error: 404
#ERR  p: [168, 1768], r: 16761995, e: -15167, error: 405
#ERR  p: [168, 1769], r: 16761985, e: -15177, error: 406
#ERR  p: [168, 1770], r: 16761975, e: -15187, error: 407
#ERR  p: [168, 1771], r: 16761965, e: -15197, error: 408
#ERR  p: [168, 1772], r: 16761955, e: -15207, error: 409
#ERR  p: [168, 1773], r: 16761945, e: -15217, error: 410
#ERR  p: [168, 1774], r: 16761935, e: -15223, error: 411
#ERR  p: [168, 1775], r: 16761925, e: -15233, error: 412
#ERR  p: [168, 1776], r: 16761915, e: -15243, error: 413
#ERR  p: [168, 1777], r: 16761905, e: -15253, error: 414
#ERR  p: [168, 1778], r: 16761895, e: -15263, error: 415
#ERR  p: [168, 1779], r: 16761885, e: -15273, error: 416
#ERR  p: [168, 1780], r: 16761875, e: -15283, error: 417
#ERR  p: [168, 1781], r: 16761865, e: -15293, error: 418
#ERR  p: [168, 1782], r: 16761855, e: -15303, error: 419
#ERR  p: [168, 1783], r: 16761845, e: -15313, error: 420
#ERR  p: [168, 1784], r: 16761835, e: -15323, error: 421
#ERR  p: [168, 1785], r: 16761825, e: -15333, error: 422
#ERR  p: [168, 1786], r: 16761815, e: -15343, error: 423
#ERR  p: [168, 1787], r: 16761805, e: -15353, error: 424
#ERR  p: [168, 1788], r: 16761795, e: -15363, error: 425
#ERR  p: [168, 1789], r: 16761785, e: -15373, error: 426
#ERR  p: [168, 1790], r: 16761775, e: -15383, error: 427
#ERR  p: [168, 1791], r: 16761765, e: -15393, error: 428
#ERR  p: [168, 1792], r: 16761755, e: -15403, error: 429
#ERR  p: [168, 1793], r: 16761745, e: -15413, error: 430
#ERR  p: [168, 1794], r: 16761735, e: -15423, error: 431
#ERR  p: [168, 1795], r: 16761725, e: -15433, error: 432
#ERR  p: [168, 1796], r: 16761715, e: -15443, error: 433
#ERR  p: [168, 1797], r: 16761705, e: -15453, error: 434
#ERR  p: [168, 1798], r: 16761695, e: -15463, error: 435
#ERR  p: [168, 1799], r: 16761685, e: -15473, error: 436
#ERR  p: [168, 1800], r: 16761675, e: -15483, error: 437
#ERR  p: [168, 1801], r: 16761665, e: -15493, error: 438
#ERR  p: [168, 1802], r: 16761655, e: -15503, error: 439
#ERR  p: [168, 1803], r: 16761645, e: -15513, error: 440
#ERR  p: [168, 1804], r: 16761635, e: -15521, error: 441
#ERR  p: [168, 1805], r: 16761625, e: -15531, error: 442
#ERR  p: [168, 1806], r: 16761615, e: -15541, error: 443
#ERR  p: [168, 1807], r: 16761605, e: -15551, error: 444
#ERR  p: [168, 1808], r: 16761595, e: -15561, error: 445
#ERR  p: [168, 1809], r: 16761585, e: -15571, error: 446
#ERR  p: [168, 1810], r: 16761575, e: -15581, error: 447
#ERR  p: [168, 1811], r: 16761565, e: -15591, error: 448
#ERR  p: [168, 1812], r: 16761555, e: -15601, error: 449
#ERR  p: [168, 1813], r: 16761545, e: -15611, error: 450
#ERR  p: [168, 1814], r: 16761535, e: -15621, error: 451
#ERR  p: [168, 1815], r: 16761525, e: -15631, error: 452
#ERR  p: [168, 1816], r: 16761515, e: -15638, error: 453
#ERR  p: [168, 1817], r: 16761505, e: -15648, error: 454
#ERR  p: [168, 1818], r: 16761495, e: -15658, error: 455
#ERR  p: [168, 1819], r: 16761485, e: -15668, error: 456
#ERR  p: [168, 1820], r: 16761475, e: -15678, error: 457
#ERR  p: [168, 1821], r: 16761465, e: -15688, error: 458
#ERR  p: [168, 1822], r: 16761455, e: -15698, error: 459
#ERR  p: [168, 1823], r: 16761445, e: -15708, error: 460
#ERR  p: [168, 1824], r: 16761435, e: -15718, error: 461
#ERR  p: [168, 1825], r: 16761425, e: -15728, error: 462
#ERR  p: [168, 1826], r: 16761415, e: -15738, error: 463
#ERR  p: [168, 1827], r: 16761405, e: -15748, error: 464
#ERR  p: [168, 1828], r: 16761395, e: -15758, error: 465
#ERR  p: [168, 1829], r: 16761385, e: -15768, error: 466
#ERR  p: [168, 1830], r: 16761375, e: -15778, error: 467
#ERR  p: [168, 1831], r: 16761365, e: -15788, error: 468
#ERR  p: [168, 1832], r: 16761355, e: -15798, error: 469
#ERR  p: [168, 1833], r: 16761345, e: -15808, error: 470
#ERR  p: [168, 1834], r: 16761335, e: -15818, error: 471
#ERR  p: [168, 1835], r: 16761325, e: -15828, error: 472
#ERR  p: [168, 1836], r: 16761315, e: -15838, error: 473
#ERR  p: [168, 1837], r: 16761305, e: -15848, error: 474
#ERR  p: [168, 1838], r: 16761295, e: -15858, error: 475
#ERR  p: [168, 1839], r: 16761285, e: -15868, error: 476
#ERR  p: [168, 1840], r: 16761275, e: -15878, error: 477
#ERR  p: [168, 1841], r: 16761265, e: -15888, error: 478
#ERR  p: [168, 1842], r: 16761255, e: -15898, error: 479
#ERR  p: [168, 1843], r: 16761245, e: -15908, error: 480
#ERR  p: [168, 1844], r: 16761235, e: -15918, error: 481
#ERR  p: [168, 1845], r: 16761225, e: -15928, error: 482
#ERR  p: [168, 1846], r: 16761215, e: -15938, error: 483
#ERR  p: [168, 1847], r: 16761205, e: -15948, error: 484
#ERR  p: [168, 1848], r: 16761195, e: -15958, error: 485
#ERR  p: [168, 1849], r: 16761185, e: -15968, error: 486
#ERR  p: [168, 1850], r: 16761175, e: -15978, error: 487
#ERR  p: [168, 1851], r: 16761165, e: -15988, error: 488
#ERR  p: [168, 1852], r: 16761155, e: -15998, error: 489
#ERR  p: [168, 1853], r: 16761145, e: -16008, error: 490
#ERR  p: [168, 1854], r: 16761135, e: -16018, error: 491
#ERR  p: [168, 1855], r: 16761125, e: -16028, error: 492
#ERR  p: [168, 1856], r: 16761115, e: -16038, error: 493
#ERR  p: [168, 1857], r: 16761105, e: -16048, error: 494
#ERR  p: [168, 1858], r: 16761095, e: -16058, error: 495
#ERR  p: [168, 1859], r: 16761085, e: -16068, error: 496
#ERR  p: [168, 1860], r: 16761075, e: -16078, error: 497
#ERR  p: [168, 1861], r: 16761065, e: -16088, error: 498
#ERR  p: [168, 1862], r: 16761055, e: -16098, error: 499
#SDC Ite:0 KerTime:0.294920 AccTime:0.294920 KerErr:500 AccErr:500
#END