#HEADER max_rows:2048 max_cols:2048 penalty:10
#BEGIN Y:2016 M:09 D:12 Time:14:02:18
#IT Ite:0 KerTime:0.294103 AccTime:0.294103
#ERR Error detected! kerrors = 864482
#ERR  p: [527, 537], r: 0, e: -409, error: 1
#ERR  p: [527, 538], r: 0, e: -412, error: 2
#ERR  p: [527, 539], r: 1, e: -407, error: 3
#ERR  p: [527, 540], r: 12, e: -408, error: 4
#ERR  p: [527, 541], r: 13, e: -407, error: 5
#ERR  p: [527, 542], r: 2, e: -416, error: 6
#ERR  p: [527, 543], r: 14, e: -426, error: 7
#ERR  p: [527, 544], r: 18, e: -436, error: 8
#ERR  p: [527, 545], r: 8, e: -446, error: 9
#ERR  p: [527, 546], r: -2, e: -453, error: 10
#ERR  p: [527, 547], r: -12, e: -446, error: 11
#ERR  p: [527, 548], r: -22, e: -445, error: 12
#ERR  p: [527, 549], r: -32, e: -446, error: 13
#ERR  p: [527, 550], r: -42, e: -437, error: 14
#ERR  p: [527, 551], r: -52, e: -441, error: 15
#ERR  p: [527, 552], r: -62, e: -437, error: 16
#ERR  p: [527, 553], r: -72, e: -443, error: 17
#ERR  p: [527, 554], r: -82, e: -435, error: 18
#ERR  p: [527, 555], r: -92, e: -430, error: 19
#ERR  p: [527, 556], r: -102, e: -440, error: 20
#ERR  p: [527, 557], r: -112, e: -450, error: 21
#ERR  p: [527, 558], r: -122, e: -456, error: 22
#ERR  p: [527, 559], r: -132, e: -456, error: 23
#ERR  p: [527, 560], r: -142, e: -464, error: 24
#ERR  p: [527, 561], r: -152, e: -471, error: 25
#ERR  p: [527, 562], r: -162, e: -477, error: 26
#ERR  p: [527, 563], r: -172, e: -481, error: 27
#ERR  p: [527, 564], r: -182, e: -491, error: 28
#ERR  p: [527, 565], r: -192, e: -491, error: 29
#ERR  p: [527, 566], r: -202, e: -501, error: 30
#ERR  p: [527, 567], r: -212, e: -511, error: 31
#ERR  p: [527, 568], r: -222, e: -521, error: 32
#ERR  p: [527, 569], r: -232, e: -513, error: 33
#ERR  p: [527, 570], r: -242, e: -522, error: 34
#ERR  p: [527, 571], r: -252, e: -532, error: 35
#ERR  p: [527, 572], r: -262, e: -533, error: 36
#ERR  p: [527, 573], r: -272, e: -529, error: 37
#ERR  p: [527, 574], r: -282, e: -526, error: 38
#ERR  p: [527, 575], r: -292, e: -536, error: 39
#ERR  p: [527, 576], r: -302, e: -546, error: 40
#ERR  p: [527, 577], r: -312, e: -547, error: 41
#ERR  p: [527, 578], r: -322, e: -557, error: 42
#ERR  p: [527, 579], r: -332, e: -559, error: 43
#ERR  p: [527, 580], r: -342, e: -564, error: 44
#ERR  p: [527, 581], r: -352, e: -572, error: 45
#ERR  p: [527, 582], r: -362, e: -566, error: 46
#ERR  p: [527, 583], r: -372, e: -563, error: 47
#ERR  p: [527, 584], r: -382, e: -556, error: 48
#ERR  p: [527, 585], r: -392, e: -547, error: 49
#ERR  p: [527, 586], r: -402, e: -557, error: 50
#ERR  p: [527, 587], r: -412, e: -566, error: 51
#ERR  p: [527, 588], r: -422, e: -575, error: 52
#ERR  p: [527, 589], r: -432, e: -577, error: 53
#ERR  p: [527, 590], r: -442, e: -580, error: 54
#ERR  p: [527, 591], r: -452, e: -589, error: 55
#ERR  p: [527, 592], r: -462, e: -588, error: 56
#ERR  p: [527, 593], r: -472, e: -580, error: 57
#ERR  p: [527, 594], r: -482, e: -581, error: 58
#ERR  p: [527, 595], r: -492, e: -591, error: 59
#ERR  p: [527, 596], r: -502, e: -590, error: 60
#ERR  p: [527, 597], r: -512, e: -598, error: 61
#ERR  p: [527, 598], r: -522, e: -608, error: 62
#ERR  p: [527, 599], r: -532, e: -618, error: 63
#ERR  p: [527, 600], r: -542, e: -628, error: 64
#ERR  p: [527, 601], r: -552, e: -628, error: 65
#ERR  p: [527, 602], r: -562, e: -629, error: 66
#ERR  p: [527, 603], r: -572, e: -635, error: 67
#ERR  p: [527, 604], r: -582, e: -635, error: 68
#ERR  p: [527, 605], r: -592, e: -633, error: 69
#ERR  p: [527, 606], r: -602, e: -643, error: 70
#ERR  p: [527, 607], r: -612, e: -653, error: 71
#ERR  p: [527, 608], r: -622, e: -658, error: 72
#ERR  p: [527, 609], r: -632, e: -661, error: 73
#ERR  p: [527, 610], r: -642, e: -663, error: 74
#ERR  p: [527, 611], r: -652, e: -660, error: 75
#ERR  p: [528, 545], r: 15, e: -437, error: 76
#ERR  p: [528, 546], r: 5, e: -447, error: 77
#ERR  p: [528, 547], r: -5, e: -456, error: 78
#ERR  p: [528, 548], r: -14, e: -448, error: 79
#ERR  p: [528, 549], r: -24, e: -448, error: 80
#ERR  p: [528, 550], r: -33, e: -447, error: 81
#ERR  p: [528, 551], r: -43, e: -441, error: 82
#ERR  p: [528, 552], r: -53, e: -444, error: 83
#ERR  p: [528, 553], r: -63, e: -440, error: 84
#ERR  p: [528, 554], r: -73, e: -445, error: 85
#ERR  p: [528, 555], r: -83, e: -436, error: 86
#ERR  p: [528, 556], r: -93, e: -431, error: 87
#ERR  p: [528, 557], r: -103, e: -441, error: 88
#ERR  p: [528, 558], r: -113, e: -451, error: 89
#ERR  p: [528, 559], r: -123, e: -459, error: 90
#ERR  p: [528, 560], r: -133, e: -457, error: 91
#ERR  p: [528, 561], r: -143, e: -467, error: 92
#ERR  p: [528, 562], r: -153, e: -472, error: 93
#ERR  p: [528, 563], r: -163, e: -479, error: 94
#ERR  p: [528, 564], r: -173, e: -485, error: 95
#ERR  p: [528, 565], r: -183, e: -492, error: 96
#ERR  p: [528, 566], r: -192, e: -491, error: 97
#ERR  p: [528, 567], r: -202, e: -501, error: 98
#ERR  p: [528, 568], r: -212, e: -511, error: 99
#ERR  p: [528, 569], r: -222, e: -521, error: 100
#ERR  p: [528, 570], r: -232, e: -515, error: 101
#ERR  p: [528, 571], r: -242, e: -525, error: 102
#ERR  p: [528, 572], r: -252, e: -533, error: 103
#ERR  p: [528, 573], r: -262, e: -536, error: 104
#ERR  p: [528, 574], r: -272, e: -530, error: 105
#ERR  p: [528, 575], r: -282, e: -529, error: 106
#ERR  p: [528, 576], r: -292, e: -539, error: 107
#ERR  p: [528, 577], r: -302, e: -548, error: 108
#ERR  p: [528, 578], r: -312, e: -550, error: 109
#ERR  p: [528, 579], r: -322, e: -557, error: 110
#ERR  p: [528, 580], r: -332, e: -561, error: 111
#ERR  p: [528, 581], r: -342, e: -565, error: 112
#ERR  p: [528, 582], r: -352, e: -573, error: 113
#ERR  p: [528, 583], r: -362, e: -569, error: 114
#ERR  p: [528, 584], r: -372, e: -566, error: 115
#ERR  p: [528, 585], r: -382, e: -557, error: 116
#ERR  p: [528, 586], r: -392, e: -548, error: 117
#ERR  p: [528, 587], r: -402, e: -558, error: 118
#ERR  p: [528, 588], r: -412, e: -568, error: 119
#ERR  p: [528, 589], r: -422, e: -578, error: 120
#ERR  p: [528, 590], r: -423, e: -568, error: 121
#ERR  p: [528, 591], r: -433, e: -578, error: 122
#ERR  p: [528, 592], r: -443, e: -588, error: 123
#ERR  p: [528, 593], r: -453, e: -579, error: 124
#ERR  p: [528, 594], r: -463, e: -582, error: 125
#ERR  p: [528, 595], r: -473, e: -585, error: 126
#ERR  p: [528, 596], r: -483, e: -594, error: 127
#ERR  p: [528, 597], r: -493, e: -592, error: 128
#ERR  p: [528, 598], r: -503, e: -601, error: 129
#ERR  p: [528, 599], r: -513, e: -611, error: 130
#ERR  p: [528, 600], r: -523, e: -621, error: 131
#ERR  p: [528, 601], r: -533, e: -631, error: 132
#ERR  p: [528, 602], r: -543, e: -629, error: 133
#ERR  p: [528, 603], r: -553, e: -631, error: 134
#ERR  p: [528, 604], r: -563, e: -638, error: 135
#ERR  p: [528, 605], r: -573, e: -638, error: 136
#ERR  p: [528, 606], r: -583, e: -636, error: 137
#ERR  p: [528, 607], r: -593, e: -646, error: 138
#ERR  p: [528, 608], r: -603, e: -656, error: 139
#ERR  p: [528, 609], r: -613, e: -659, error: 140
#ERR  p: [528, 610], r: -623, e: -663, error: 141
#ERR  p: [528, 611], r: -633, e: -665, error: 142
#ERR  p: [528, 612], r: -643, e: -663, error: 143
#ERR  p: [528, 613], r: -653, e: -656, error: 144
#ERR  p: [529, 545], r: 5, e: -426, error: 145
#ERR  p: [529, 546], r: 13, e: -436, error: 146
#ERR  p: [529, 547], r: 13, e: -439, error: 147
#ERR  p: [529, 548], r: 3, e: -449, error: 148
#ERR  p: [529, 549], r: -7, e: -450, error: 149
#ERR  p: [529, 550], r: -17, e: -451, error: 150
#ERR  p: [529, 551], r: -27, e: -451, error: 151
#ERR  p: [529, 552], r: -37, e: -443, error: 152
#ERR  p: [529, 553], r: -47, e: -445, error: 153
#ERR  p: [529, 554], r: -57, e: -440, error: 154
#ERR  p: [529, 555], r: -67, e: -446, error: 155
#ERR  p: [529, 556], r: -77, e: -439, error: 156
#ERR  p: [529, 557], r: -87, e: -432, error: 157
#ERR  p: [529, 558], r: -97, e: -442, error: 158
#ERR  p: [529, 559], r: -107, e: -452, error: 159
#ERR  p: [529, 560], r: -117, e: -462, error: 160
#ERR  p: [529, 561], r: -125, e: -449, error: 161
#ERR  p: [529, 562], r: -135, e: -459, error: 162
#ERR  p: [529, 563], r: -145, e: -469, error: 163
#ERR  p: [529, 564], r: -155, e: -479, error: 164
#ERR  p: [529, 565], r: -165, e: -488, error: 165
#ERR  p: [529, 566], r: -175, e: -494, error: 166
#ERR  p: [529, 567], r: -185, e: -491, error: 167
#ERR  p: [529, 568], r: -195, e: -501, error: 168
#ERR  p: [529, 569], r: -205, e: -511, error: 169
#ERR  p: [529, 570], r: -215, e: -521, error: 170
#ERR  p: [529, 571], r: -225, e: -519, error: 171
#ERR  p: [529, 572], r: -235, e: -527, error: 172
#ERR  p: [529, 573], r: -245, e: -533, error: 173
#ERR  p: [529, 574], r: -255, e: -538, error: 174
#ERR  p: [529, 575], r: -265, e: -532, error: 175
#ERR  p: [529, 576], r: -275, e: -529, error: 176
#ERR  p: [529, 577], r: -285, e: -539, error: 177
#ERR  p: [529, 578], r: -295, e: -548, error: 178
#ERR  p: [529, 579], r: -305, e: -552, error: 179
#ERR  p: [529, 580], r: -315, e: -558, error: 180
#ERR  p: [529, 581], r: -325, e: -562, error: 181
#ERR  p: [529, 582], r: -335, e: -566, error: 182
#ERR  p: [529, 583], r: -345, e: -574, error: 183
#ERR  p: [529, 584], r: -355, e: -569, error: 184
#ERR  p: [529, 585], r: -365, e: -567, error: 185
#ERR  p: [529, 586], r: -375, e: -558, error: 186
#ERR  p: [529, 587], r: -385, e: -550, error: 187
#ERR  p: [529, 588], r: -395, e: -558, error: 188
#ERR  p: [529, 589], r: -405, e: -568, error: 189
#ERR  p: [529, 590], r: -415, e: -578, error: 190
#ERR  p: [529, 591], r: -425, e: -571, error: 191
#ERR  p: [529, 592], r: -434, e: -579, error: 192
#ERR  p: [529, 593], r: -444, e: -589, error: 193
#ERR  p: [529, 594], r: -451, e: -577, error: 194
#ERR  p: [529, 595], r: -461, e: -582, error: 195
#ERR  p: [529, 596], r: -471, e: -585, error: 196
#ERR  p: [529, 597], r: -481, e: -595, error: 197
#ERR  p: [529, 598], r: -491, e: -594, error: 198
#ERR  p: [529, 599], r: -501, e: -603, error: 199
#ERR  p: [529, 600], r: -511, e: -612, error: 200
#ERR  p: [529, 601], r: -521, e: -621, error: 201
#ERR  p: [529, 602], r: -531, e: -631, error: 202
#ERR  p: [529, 603], r: -541, e: -631, error: 203
#ERR  p: [529, 604], r: -551, e: -631, error: 204
#ERR  p: [529, 605], r: -561, e: -638, error: 205
#ERR  p: [529, 606], r: -571, e: -638, error: 206
#ERR  p: [529, 607], r: -581, e: -638, error: 207
#ERR  p: [529, 608], r: -591, e: -646, error: 208
#ERR  p: [529, 609], r: -601, e: -656, error: 209
#ERR  p: [529, 610], r: -611, e: -657, error: 210
#ERR  p: [529, 611], r: -621, e: -665, error: 211
#ERR  p: [529, 612], r: -631, e: -665, error: 212
#ERR  p: [529, 613], r: -641, e: -666, error: 213
#ERR  p: [529, 614], r: -651, e: -656, error: 214
#ERR  p: [530, 545], r: -5, e: -421, error: 215
#ERR  p: [530, 546], r: 3, e: -429, error: 216
#ERR  p: [530, 547], r: 15, e: -434, error: 217
#ERR  p: [530, 548], r: 15, e: -437, error: 218
#ERR  p: [530, 549], r: 5, e: -447, error: 219
#ERR  p: [530, 550], r: -5, e: -451, error: 220
#ERR  p: [530, 551], r: -15, e: -455, error: 221
#ERR  p: [530, 552], r: -25, e: -453, error: 222
#ERR  p: [530, 553], r: -35, e: -445, error: 223
#ERR  p: [530, 554], r: -45, e: -447, error: 224
#ERR  p: [530, 555], r: -55, e: -441, error: 225
#ERR  p: [530, 556], r: -65, e: -447, error: 226
#ERR  p: [530, 557], r: -75, e: -441, error: 227
#ERR  p: [530, 558], r: -85, e: -434, error: 228
#ERR  p: [530, 559], r: -95, e: -444, error: 229
#ERR  p: [530, 560], r: -105, e: -453, error: 230
#ERR  p: [530, 561], r: -115, e: -459, error: 231
#ERR  p: [530, 562], r: -125, e: -450, error: 232
#ERR  p: [530, 563], r: -133, e: -457, error: 233
#ERR  p: [530, 564], r: -143, e: -467, error: 234
#ERR  p: [530, 565], r: -153, e: -477, error: 235
#ERR  p: [530, 566], r: -163, e: -487, error: 236
#ERR  p: [530, 567], r: -173, e: -496, error: 237
#ERR  p: [530, 568], r: -183, e: -494, error: 238
#ERR  p: [530, 569], r: -193, e: -503, error: 239
#ERR  p: [530, 570], r: -203, e: -512, error: 240
#ERR  p: [530, 571], r: -213, e: -522, error: 241
#ERR  p: [530, 572], r: -223, e: -520, error: 242
#ERR  p: [530, 573], r: -233, e: -529, error: 243
#ERR  p: [530, 574], r: -243, e: -534, error: 244
#ERR  p: [530, 575], r: -253, e: -541, error: 245
#ERR  p: [530, 576], r: -263, e: -535, error: 246
#ERR  p: [530, 577], r: -272, e: -526, error: 247
#ERR  p: [530, 578], r: -282, e: -536, error: 248
#ERR  p: [530, 579], r: -292, e: -546, error: 249
#ERR  p: [530, 580], r: -302, e: -549, error: 250
#ERR  p: [530, 581], r: -312, e: -559, error: 251
#ERR  p: [530, 582], r: -322, e: -564, error: 252
#ERR  p: [530, 583], r: -332, e: -568, error: 253
#ERR  p: [530, 584], r: -342, e: -577, error: 254
#ERR  p: [530, 585], r: -352, e: -570, error: 255
#ERR  p: [530, 586], r: -362, e: -568, error: 256
#ERR  p: [530, 587], r: -372, e: -559, error: 257
#ERR  p: [530, 588], r: -382, e: -551, error: 258
#ERR  p: [530, 589], r: -392, e: -561, error: 259
#ERR  p: [530, 590], r: -402, e: -570, error: 260
#ERR  p: [530, 591], r: -412, e: -579, error: 261
#ERR  p: [530, 592], r: -422, e: -573, error: 262
#ERR  p: [530, 593], r: -432, e: -581, error: 263
#ERR  p: [530, 594], r: -437, e: -582, error: 264
#ERR  p: [530, 595], r: -447, e: -579, error: 265
#ERR  p: [530, 596], r: -457, e: -585, error: 266
#ERR  p: [530, 597], r: -467, e: -586, error: 267
#ERR  p: [530, 598], r: -477, e: -596, error: 268
#ERR  p: [530, 599], r: -487, e: -597, error: 269
#ERR  p: [530, 600], r: -497, e: -605, error: 270
#ERR  p: [530, 601], r: -507, e: -613, error: 271
#ERR  p: [530, 602], r: -517, e: -623, error: 272
#ERR  p: [530, 603], r: -527, e: -629, error: 273
#ERR  p: [530, 604], r: -537, e: -632, error: 274
#ERR  p: [530, 605], r: -547, e: -632, error: 275
#ERR  p: [530, 606], r: -557, e: -639, error: 276
#ERR  p: [530, 607], r: -567, e: -641, error: 277
#ERR  p: [530, 608], r: -577, e: -640, error: 278
#ERR  p: [530, 609], r: -587, e: -647, error: 279
#ERR  p: [530, 610], r: -594, e: -649, error: 280
#ERR  p: [530, 611], r: -604, e: -655, error: 281
#ERR  p: [530, 612], r: -614, e: -665, error: 282
#ERR  p: [530, 613], r: -624, e: -666, error: 283
#ERR  p: [530, 614], r: -634, e: -666, error: 284
#ERR  p: [530, 615], r: -644, e: -657, error: 285
#ERR  p: [531, 545], r: -15, e: -411, error: 286
#ERR  p: [531, 546], r: -7, e: -421, error: 287
#ERR  p: [531, 547], r: 5, e: -429, error: 288
#ERR  p: [531, 548], r: 12, e: -437, error: 289
#ERR  p: [531, 549], r: 13, e: -439, error: 290
#ERR  p: [531, 550], r: 3, e: -449, error: 291
#ERR  p: [531, 551], r: -7, e: -455, error: 292
#ERR  p: [531, 552], r: -17, e: -457, error: 293
#ERR  p: [531, 553], r: -23, e: -451, error: 294
#ERR  p: [531, 554], r: -33, e: -445, error: 295
#ERR  p: [531, 555], r: -43, e: -449, error: 296
#ERR  p: [531, 556], r: -53, e: -444, error: 297
#ERR  p: [531, 557], r: -63, e: -448, error: 298
#ERR  p: [531, 558], r: -73, e: -439, error: 299
#ERR  p: [531, 559], r: -83, e: -436, error: 300
#ERR  p: [531, 560], r: -93, e: -446, error: 301
#ERR  p: [531, 561], r: -103, e: -453, error: 302
#ERR  p: [531, 562], r: -113, e: -460, error: 303
#ERR  p: [531, 563], r: -123, e: -453, error: 304
#ERR  p: [531, 564], r: -133, e: -457, error: 305
#ERR  p: [531, 565], r: -143, e: -467, error: 306
#ERR  p: [531, 566], r: -153, e: -477, error: 307
#ERR  p: [531, 567], r: -158, e: -482, error: 308
#ERR  p: [531, 568], r: -168, e: -492, error: 309
#ERR  p: [531, 569], r: -178, e: -495, error: 310
#ERR  p: [531, 570], r: -188, e: -504, error: 311
#ERR  p: [531, 571], r: -198, e: -514, error: 312
#ERR  p: [531, 572], r: -208, e: -523, error: 313
#ERR  p: [531, 573], r: -218, e: -520, error: 314
#ERR  p: [531, 574], r: -228, e: -530, error: 315
#ERR  p: [531, 575], r: -238, e: -536, error: 316
#ERR  p: [531, 576], r: -248, e: -542, error: 317
#ERR  p: [531, 577], r: -258, e: -536, error: 318
#ERR  p: [531, 578], r: -268, e: -527, error: 319
#ERR  p: [531, 579], r: -278, e: -537, error: 320
#ERR  p: [531, 580], r: -288, e: -547, error: 321
#ERR  p: [531, 581], r: -298, e: -550, error: 322
#ERR  p: [531, 582], r: -308, e: -560, error: 323
#ERR  p: [531, 583], r: -318, e: -562, error: 324
#ERR  p: [531, 584], r: -328, e: -569, error: 325
#ERR  p: [531, 585], r: -338, e: -578, error: 326
#ERR  p: [531, 586], r: -348, e: -571, error: 327
#ERR  p: [531, 587], r: -358, e: -569, error: 328
#ERR  p: [531, 588], r: -368, e: -558, error: 329
#ERR  p: [531, 589], r: -378, e: -553, error: 330
#ERR  p: [531, 590], r: -388, e: -563, error: 331
#ERR  p: [531, 591], r: -398, e: -573, error: 332
#ERR  p: [531, 592], r: -408, e: -577, error: 333
#ERR  p: [531, 593], r: -418, e: -576, error: 334
#ERR  p: [531, 594], r: -428, e: -583, error: 335
#ERR  p: [531, 595], r: -437, e: -582, error: 336
#ERR  p: [531, 596], r: -447, e: -580, error: 337
#ERR  p: [531, 597], r: -457, e: -586, error: 338
#ERR  p: [531, 598], r: -467, e: -588, error: 339
#ERR  p: [531, 599], r: -477, e: -598, error: 340
#ERR  p: [531, 600], r: -485, e: -595, error: 341
#ERR  p: [531, 601], r: -495, e: -604, error: 342
#ERR  p: [531, 602], r: -505, e: -614, error: 343
#ERR  p: [531, 603], r: -515, e: -624, error: 344
#ERR  p: [531, 604], r: -525, e: -628, error: 345
#ERR  p: [531, 605], r: -535, e: -631, error: 346
#ERR  p: [531, 606], r: -545, e: -631, error: 347
#ERR  p: [531, 607], r: -555, e: -641, error: 348
#ERR  p: [531, 608], r: -565, e: -641, error: 349
#ERR  p: [531, 609], r: -575, e: -641, error: 350
#ERR  p: [531, 610], r: -585, e: -649, error: 351
#ERR  p: [531, 611], r: -595, e: -652, error: 352
#ERR  p: [531, 612], r: -604, e: -655, error: 353
#ERR  p: [531, 613], r: -614, e: -665, error: 354
#ERR  p: [531, 614], r: -624, e: -667, error: 355
#ERR  p: [531, 615], r: -634, e: -667, error: 356
#ERR  p: [531, 616], r: -644, e: -658, error: 357
#ERR  p: [532, 545], r: -25, e: -413, error: 358
#ERR  p: [532, 546], r: -17, e: -414, error: 359
#ERR  p: [532, 547], r: -5, e: -419, error: 360
#ERR  p: [532, 548], r: 7, e: -427, error: 361
#ERR  p: [532, 549], r: 9, e: -437, error: 362
#ERR  p: [532, 550], r: 12, e: -440, error: 363
#ERR  p: [532, 551], r: 2, e: -450, error: 364
#ERR  p: [532, 552], r: -8, e: -458, error: 365
#ERR  p: [532, 553], r: -18, e: -459, error: 366
#ERR  p: [532, 554], r: -25, e: -453, error: 367
#ERR  p: [532, 555], r: -34, e: -446, error: 368
#ERR  p: [532, 556], r: -44, e: -450, error: 369
#ERR  p: [532, 557], r: -54, e: -446, error: 370
#ERR  p: [532, 558], r: -64, e: -449, error: 371
#ERR  p: [532, 559], r: -74, e: -442, error: 372
#ERR  p: [532, 560], r: -84, e: -437, error: 373
#ERR  p: [532, 561], r: -91, e: -444, error: 374
#ERR  p: [532, 562], r: -101, e: -454, error: 375
#ERR  p: [532, 563], r: -111, e: -458, error: 376
#ERR  p: [532, 564], r: -121, e: -455, error: 377
#ERR  p: [532, 565], r: -131, e: -458, error: 378
#ERR  p: [532, 566], r: -141, e: -468, error: 379
#ERR  p: [532, 567], r: -151, e: -478, error: 380
#ERR  p: [532, 568], r: -161, e: -485, error: 381
#ERR  p: [532, 569], r: -170, e: -494, error: 382
#ERR  p: [532, 570], r: -179, e: -496, error: 383
#ERR  p: [532, 571], r: -189, e: -506, error: 384
#ERR  p: [532, 572], r: -199, e: -515, error: 385
#ERR  p: [532, 573], r: -209, e: -525, error: 386
#ERR  p: [532, 574], r: -219, e: -521, error: 387
#ERR  p: [532, 575], r: -229, e: -531, error: 388
#ERR  p: [532, 576], r: -239, e: -539, error: 389
#ERR  p: [532, 577], r: -245, e: -539, error: 390
#ERR  p: [532, 578], r: -255, e: -537, error: 391
#ERR  p: [532, 579], r: -265, e: -529, error: 392
#ERR  p: [532, 580], r: -275, e: -534, error: 393
#ERR  p: [532, 581], r: -285, e: -544, error: 394
#ERR  p: [532, 582], r: -295, e: -552, error: 395
#ERR  p: [532, 583], r: -305, e: -562, error: 396
#ERR  p: [532, 584], r: -315, e: -565, error: 397
#ERR  p: [532, 585], r: -325, e: -570, error: 398
#ERR  p: [532, 586], r: -335, e: -580, error: 399
#ERR  p: [532, 587], r: -345, e: -572, error: 400
#ERR  p: [532, 588], r: -355, e: -568, error: 401
#ERR  p: [532, 589], r: -365, e: -561, error: 402
#ERR  p: [532, 590], r: -375, e: -555, error: 403
#ERR  p: [532, 591], r: -385, e: -564, error: 404
#ERR  p: [532, 592], r: -395, e: -574, error: 405
#ERR  p: [532, 593], r: -405, e: -579, error: 406
#ERR  p: [532, 594], r: -411, e: -569, error: 407
#ERR  p: [532, 595], r: -421, e: -579, error: 408
#ERR  p: [532, 596], r: -431, e: -585, error: 409
#ERR  p: [532, 597], r: -441, e: -581, error: 410
#ERR  p: [532, 598], r: -451, e: -589, error: 411
#ERR  p: [532, 599], r: -461, e: -591, error: 412
#ERR  p: [532, 600], r: -471, e: -600, error: 413
#ERR  p: [532, 601], r: -481, e: -596, error: 414
#ERR  p: [532, 602], r: -491, e: -606, error: 415
#ERR  p: [532, 603], r: -501, e: -612, error: 416
#ERR  p: [532, 604], r: -511, e: -622, error: 417
#ERR  p: [532, 605], r: -521, e: -629, error: 418
#ERR  p: [532, 606], r: -531, e: -632, error: 419
#ERR  p: [532, 607], r: -541, e: -634, error: 420
#ERR  p: [532, 608], r: -551, e: -643, error: 421
#ERR  p: [532, 609], r: -561, e: -642, error: 422
#ERR  p: [532, 610], r: -568, e: -634, error: 423
#ERR  p: [532, 611], r: -578, e: -644, error: 424
#ERR  p: [532, 612], r: -588, e: -654, error: 425
#ERR  p: [532, 613], r: -598, e: -656, error: 426
#ERR  p: [532, 614], r: -608, e: -666, error: 427
#ERR  p: [532, 615], r: -618, e: -668, error: 428
#ERR  p: [532, 616], r: -628, e: -668, error: 429
#ERR  p: [532, 617], r: -638, e: -659, error: 430
#ERR  p: [532, 618], r: -648, e: -656, error: 431
#ERR  p: [532, 619], r: -658, e: -662, error: 432
#ERR  p: [532, 620], r: -668, e: -672, error: 433
#ERR  p: [532, 621], r: -678, e: -682, error: 434
#ERR  p: [532, 622], r: -688, e: -692, error: 435
#ERR  p: [532, 623], r: -698, e: -702, error: 436
#ERR  p: [532, 624], r: -708, e: -711, error: 437
#ERR  p: [532, 625], r: -718, e: -719, error: 438
#ERR  p: [533, 545], r: -35, e: -417, error: 439
#ERR  p: [533, 546], r: -27, e: -417, error: 440
#ERR  p: [533, 547], r: -15, e: -417, error: 441
#ERR  p: [533, 548], r: -3, e: -421, error: 442
#ERR  p: [533, 549], r: 4, e: -430, error: 443
#ERR  p: [533, 550], r: 13, e: -433, error: 444
#ERR  p: [533, 551], r: 8, e: -443, error: 445
#ERR  p: [533, 552], r: -2, e: -453, error: 446
#ERR  p: [533, 553], r: -10, e: -460, error: 447
#ERR  p: [533, 554], r: -20, e: -462, error: 448
#ERR  p: [533, 555], r: -21, e: -449, error: 449
#ERR  p: [533, 556], r: -31, e: -445, error: 450
#ERR  p: [533, 557], r: -41, e: -452, error: 451
#ERR  p: [533, 558], r: -51, e: -448, error: 452
#ERR  p: [533, 559], r: -61, e: -452, error: 453
#ERR  p: [533, 560], r: -71, e: -441, error: 454
#ERR  p: [533, 561], r: -81, e: -440, error: 455
#ERR  p: [533, 562], r: -89, e: -442, error: 456
#ERR  p: [533, 563], r: -99, e: -452, error: 457
#ERR  p: [533, 564], r: -109, e: -461, error: 458
#ERR  p: [533, 565], r: -119, e: -454, error: 459
#ERR  p: [533, 566], r: -129, e: -459, error: 460
#ERR  p: [533, 567], r: -139, e: -469, error: 461
#ERR  p: [533, 568], r: -149, e: -479, error: 462
#ERR  p: [533, 569], r: -159, e: -487, error: 463
#ERR  p: [533, 570], r: -169, e: -495, error: 464
#ERR  p: [533, 571], r: -179, e: -500, error: 465
#ERR  p: [533, 572], r: -187, e: -504, error: 466
#ERR  p: [533, 573], r: -197, e: -514, error: 467
#ERR  p: [533, 574], r: -207, e: -523, error: 468
#ERR  p: [533, 575], r: -217, e: -525, error: 469
#ERR  p: [533, 576], r: -227, e: -535, error: 470
#ERR  p: [533, 577], r: -237, e: -539, error: 471
#ERR  p: [533, 578], r: -247, e: -543, error: 472
#ERR  p: [533, 579], r: -256, e: -538, error: 473
#ERR  p: [533, 580], r: -265, e: -529, error: 474
#ERR  p: [533, 581], r: -275, e: -536, error: 475
#ERR  p: [533, 582], r: -285, e: -546, error: 476
#ERR  p: [533, 583], r: -295, e: -554, error: 477
#ERR  p: [533, 584], r: -305, e: -564, error: 478
#ERR  p: [533, 585], r: -315, e: -566, error: 479
#ERR  p: [533, 586], r: -325, e: -572, error: 480
#ERR  p: [533, 587], r: -333, e: -578, error: 481
#ERR  p: [533, 588], r: -343, e: -574, error: 482
#ERR  p: [533, 589], r: -353, e: -571, error: 483
#ERR  p: [533, 590], r: -363, e: -562, error: 484
#ERR  p: [533, 591], r: -373, e: -553, error: 485
#ERR  p: [533, 592], r: -383, e: -563, error: 486
#ERR  p: [533, 593], r: -393, e: -573, error: 487
#ERR  p: [533, 594], r: -403, e: -579, error: 488
#ERR  p: [533, 595], r: -413, e: -572, error: 489
#ERR  p: [533, 596], r: -423, e: -582, error: 490
#ERR  p: [533, 597], r: -432, e: -586, error: 491
#ERR  p: [533, 598], r: -442, e: -585, error: 492
#ERR  p: [533, 599], r: -452, e: -593, error: 493
#ERR  p: [533, 600], r: -462, e: -593, error: 494
#ERR  p: [533, 601], r: -472, e: -602, error: 495
#ERR  p: [533, 602], r: -482, e: -597, error: 496
#ERR  p: [533, 603], r: -492, e: -607, error: 497
#ERR  p: [533, 604], r: -502, e: -614, error: 498
#ERR  p: [533, 605], r: -512, e: -624, error: 499
#SDC Ite:0 KerTime:0.294103 AccTime:0.294103 KerErr:500 AccErr:500
#END