#HEADER max_rows:2048 max_cols:2048 penalty:10
#BEGIN Y:2016 M:09 D:12 Time:15:01:37
#IT Ite:0 KerTime:0.294342 AccTime:0.294342
#ERR Error detected! kerrors = 320260
#ERR  p: [1570, 1378], r: 2061964523, e: -1684, error: 1
#ERR  p: [1570, 1379], r: 2061964513, e: -1680, error: 2
#ERR  p: [1570, 1380], r: 2061964503, e: -1675, error: 3
#ERR  p: [1570, 1381], r: 2061964493, e: -1668, error: 4
#ERR  p: [1570, 1382], r: 2061964483, e: -1658, error: 5
#ERR  p: [1570, 1383], r: 2061964473, e: -1657, error: 6
#ERR  p: [1570, 1384], r: 2061964463, e: -1649, error: 7
#ERR  p: [1570, 1385], r: 2061964453, e: -1637, error: 8
#ERR  p: [1570, 1386], r: 2061964443, e: -1627, error: 9
#ERR  p: [1570, 1387], r: 2061964433, e: -1622, error: 10
#ERR  p: [1570, 1388], r: 2061964423, e: -1610, error: 11
#ERR  p: [1570, 1389], r: 2061964413, e: -1607, error: 12
#ERR  p: [1570, 1390], r: 2061964403, e: -1596, error: 13
#ERR  p: [1570, 1391], r: 2061964393, e: -1598, error: 14
#ERR  p: [1570, 1392], r: 2061964383, e: -1603, error: 15
#ERR  p: [1570, 1393], r: 2061964373, e: -1606, error: 16
#ERR  p: [1570, 1394], r: 2061964363, e: -1606, error: 17
#ERR  p: [1570, 1395], r: 2061964353, e: -1603, error: 18
#ERR  p: [1570, 1396], r: 2061964343, e: -1595, error: 19
#ERR  p: [1570, 1397], r: 2061964333, e: -1604, error: 20
#ERR  p: [1570, 1398], r: 2061964323, e: -1604, error: 21
#ERR  p: [1570, 1399], r: 2061964313, e: -1597, error: 22
#ERR  p: [1570, 1400], r: 2061964303, e: -1600, error: 23
#ERR  p: [1570, 1401], r: 2061964293, e: -1588, error: 24
#ERR  p: [1570, 1402], r: 2061964283, e: -1583, error: 25
#ERR  p: [1570, 1403], r: 2061964273, e: -1577, error: 26
#ERR  p: [1570, 1404], r: 2061964263, e: -1568, error: 27
#ERR  p: [1570, 1405], r: 2061964253, e: -1560, error: 28
#ERR  p: [1570, 1406], r: 2061964243, e: -1549, error: 29
#ERR  p: [1570, 1407], r: 2061964233, e: -1539, error: 30
#ERR  p: [1570, 1408], r: 2061964223, e: -1531, error: 31
#ERR  p: [1570, 1409], r: 2061964213, e: -1523, error: 32
#ERR  p: [1570, 1410], r: 2061964203, e: -1509, error: 33
#ERR  p: [1570, 1411], r: 2061964193, e: -1519, error: 34
#ERR  p: [1570, 1412], r: 2061964183, e: -1519, error: 35
#ERR  p: [1570, 1413], r: 2061964173, e: -1516, error: 36
#ERR  p: [1570, 1414], r: 2061964163, e: -1509, error: 37
#ERR  p: [1570, 1415], r: 2061964153, e: -1511, error: 38
#ERR  p: [1570, 1416], r: 2061964143, e: -1501, error: 39
#ERR  p: [1570, 1417], r: 2061964133, e: -1493, error: 40
#ERR  p: [1570, 1418], r: 2061964123, e: -1485, error: 41
#ERR  p: [1570, 1419], r: 2061964113, e: -1471, error: 42
#ERR  p: [1570, 1420], r: 2061964103, e: -1475, error: 43
#ERR  p: [1570, 1421], r: 2061964093, e: -1485, error: 44
#ERR  p: [1570, 1422], r: 2061964083, e: -1479, error: 45
#ERR  p: [1570, 1423], r: 2061964073, e: -1468, error: 46
#ERR  p: [1570, 1424], r: 2061964063, e: -1466, error: 47
#ERR  p: [1570, 1425], r: 2061964053, e: -1460, error: 48
#ERR  p: [1570, 1426], r: 2061964043, e: -1441, error: 49
#ERR  p: [1570, 1427], r: 2061964033, e: -1433, error: 50
#ERR  p: [1570, 1428], r: 2061964023, e: -1439, error: 51
#ERR  p: [1570, 1429], r: 2061964013, e: -1437, error: 52
#ERR  p: [1570, 1430], r: 2061964003, e: -1424, error: 53
#ERR  p: [1570, 1431], r: 2061963993, e: -1415, error: 54
#ERR  p: [1570, 1432], r: 2061963983, e: -1425, error: 55
#ERR  p: [1570, 1433], r: 2061963973, e: -1426, error: 56
#ERR  p: [1570, 1434], r: 2061963963, e: -1431, error: 57
#ERR  p: [1570, 1435], r: 2061963953, e: -1412, error: 58
#ERR  p: [1570, 1436], r: 2061963943, e: -1403, error: 59
#ERR  p: [1570, 1437], r: 2061963933, e: -1413, error: 60
#ERR  p: [1570, 1438], r: 2061963923, e: -1422, error: 61
#ERR  p: [1570, 1439], r: 2061963913, e: -1423, error: 62
#ERR  p: [1570, 1440], r: 2061963903, e: -1415, error: 63
#ERR  p: [1570, 1441], r: 2061963893, e: -1408, error: 64
#ERR  p: [1570, 1442], r: 2061963883, e: -1401, error: 65
#ERR  p: [1570, 1443], r: 2061963873, e: -1385, error: 66
#ERR  p: [1570, 1444], r: 2061963863, e: -1370, error: 67
#ERR  p: [1570, 1445], r: 2061963853, e: -1377, error: 68
#ERR  p: [1570, 1446], r: 2061963843, e: -1362, error: 69
#ERR  p: [1570, 1447], r: 2061963833, e: -1365, error: 70
#ERR  p: [1570, 1448], r: 2061963823, e: -1358, error: 71
#ERR  p: [1570, 1449], r: 2061963813, e: -1352, error: 72
#ERR  p: [1570, 1450], r: 2061963803, e: -1359, error: 73
#ERR  p: [1570, 1451], r: 2061963793, e: -1347, error: 74
#ERR  p: [1570, 1452], r: 2061963783, e: -1347, error: 75
#ERR  p: [1570, 1453], r: 2061963773, e: -1348, error: 76
#ERR  p: [1570, 1454], r: 2061963763, e: -1344, error: 77
#ERR  p: [1570, 1455], r: 2061963753, e: -1350, error: 78
#ERR  p: [1570, 1456], r: 2061963743, e: -1353, error: 79
#ERR  p: [1570, 1457], r: 2061963733, e: -1351, error: 80
#ERR  p: [1570, 1458], r: 2061963723, e: -1343, error: 81
#ERR  p: [1570, 1459], r: 2061963713, e: -1337, error: 82
#ERR  p: [1570, 1460], r: 2061963703, e: -1347, error: 83
#ERR  p: [1570, 1461], r: 2061963693, e: -1348, error: 84
#ERR  p: [1570, 1462], r: 2061963683, e: -1339, error: 85
#ERR  p: [1570, 1463], r: 2061963673, e: -1327, error: 86
#ERR  p: [1570, 1464], r: 2061963663, e: -1330, error: 87
#ERR  p: [1570, 1465], r: 2061963653, e: -1332, error: 88
#ERR  p: [1570, 1466], r: 2061963643, e: -1329, error: 89
#ERR  p: [1570, 1467], r: 2061963633, e: -1326, error: 90
#ERR  p: [1570, 1468], r: 2061963623, e: -1321, error: 91
#ERR  p: [1570, 1469], r: 2061963613, e: -1313, error: 92
#ERR  p: [1570, 1470], r: 2061963603, e: -1313, error: 93
#ERR  p: [1570, 1471], r: 2061963593, e: -1303, error: 94
#ERR  p: [1570, 1472], r: 2061963583, e: -1301, error: 95
#ERR  p: [1570, 1473], r: 2061963573, e: -1292, error: 96
#ERR  p: [1570, 1474], r: 2061963563, e: -1286, error: 97
#ERR  p: [1570, 1475], r: 2061963553, e: -1274, error: 98
#ERR  p: [1570, 1476], r: 2061963543, e: -1263, error: 99
#ERR  p: [1570, 1477], r: 2061963533, e: -1249, error: 100
#ERR  p: [1570, 1478], r: 2061963523, e: -1237, error: 101
#ERR  p: [1570, 1479], r: 2061963513, e: -1229, error: 102
#ERR  p: [1570, 1480], r: 2061963503, e: -1219, error: 103
#ERR  p: [1570, 1481], r: 2061963493, e: -1225, error: 104
#ERR  p: [1570, 1482], r: 2061963483, e: -1219, error: 105
#ERR  p: [1570, 1483], r: 2061963473, e: -1215, error: 106
#ERR  p: [1570, 1484], r: 2061963463, e: -1207, error: 107
#ERR  p: [1570, 1485], r: 2061963453, e: -1217, error: 108
#ERR  p: [1570, 1486], r: 2061963443, e: -1218, error: 109
#ERR  p: [1570, 1487], r: 2061963433, e: -1205, error: 110
#ERR  p: [1570, 1488], r: 2061963423, e: -1197, error: 111
#ERR  p: [1570, 1489], r: 2061963413, e: -1187, error: 112
#ERR  p: [1570, 1490], r: 2061963403, e: -1194, error: 113
#ERR  p: [1570, 1491], r: 2061963393, e: -1191, error: 114
#ERR  p: [1570, 1492], r: 2061963383, e: -1187, error: 115
#ERR  p: [1570, 1493], r: 2061963373, e: -1182, error: 116
#ERR  p: [1570, 1494], r: 2061963363, e: -1191, error: 117
#ERR  p: [1570, 1495], r: 2061963353, e: -1187, error: 118
#ERR  p: [1570, 1496], r: 2061963343, e: -1182, error: 119
#ERR  p: [1570, 1497], r: 2061963333, e: -1177, error: 120
#ERR  p: [1570, 1498], r: 2061963323, e: -1165, error: 121
#ERR  p: [1570, 1499], r: 2061963313, e: -1160, error: 122
#ERR  p: [1570, 1500], r: 2061963303, e: -1170, error: 123
#ERR  p: [1570, 1501], r: 2061963293, e: -1161, error: 124
#ERR  p: [1570, 1502], r: 2061963283, e: -1154, error: 125
#ERR  p: [1570, 1503], r: 2061963273, e: -1164, error: 126
#ERR  p: [1570, 1504], r: 2061963263, e: -1168, error: 127
#ERR  p: [1570, 1505], r: 2061963253, e: -1166, error: 128
#ERR  p: [1570, 1506], r: 2061963243, e: -1159, error: 129
#ERR  p: [1570, 1507], r: 2061963233, e: -1167, error: 130
#ERR  p: [1570, 1508], r: 2061963223, e: -1167, error: 131
#ERR  p: [1570, 1509], r: 2061963213, e: -1164, error: 132
#ERR  p: [1570, 1510], r: 2061963203, e: -1174, error: 133
#ERR  p: [1570, 1511], r: 2061963193, e: -1168, error: 134
#ERR  p: [1570, 1512], r: 2061963183, e: -1178, error: 135
#ERR  p: [1570, 1513], r: 2061963173, e: -1166, error: 136
#ERR  p: [1570, 1514], r: 2061963163, e: -1169, error: 137
#ERR  p: [1570, 1515], r: 2061963153, e: -1160, error: 138
#ERR  p: [1570, 1516], r: 2061963143, e: -1149, error: 139
#ERR  p: [1570, 1517], r: 2061963133, e: -1159, error: 140
#ERR  p: [1570, 1518], r: 2061963123, e: -1153, error: 141
#ERR  p: [1570, 1519], r: 2061963113, e: -1144, error: 142
#ERR  p: [1570, 1520], r: 2061963103, e: -1153, error: 143
#ERR  p: [1570, 1521], r: 2061963093, e: -1160, error: 144
#ERR  p: [1570, 1522], r: 2061963083, e: -1166, error: 145
#ERR  p: [1570, 1523], r: 2061963073, e: -1160, error: 146
#ERR  p: [1570, 1524], r: 2061963063, e: -1148, error: 147
#ERR  p: [1570, 1525], r: 2061963053, e: -1158, error: 148
#ERR  p: [1570, 1526], r: 2061963043, e: -1167, error: 149
#ERR  p: [1570, 1527], r: 2061963033, e: -1161, error: 150
#ERR  p: [1570, 1528], r: 2061963023, e: -1157, error: 151
#ERR  p: [1570, 1529], r: 2061963013, e: -1149, error: 152
#ERR  p: [1570, 1530], r: 2061963003, e: -1156, error: 153
#ERR  p: [1570, 1531], r: 2061962993, e: -1149, error: 154
#ERR  p: [1570, 1532], r: 2061962983, e: -1140, error: 155
#ERR  p: [1570, 1533], r: 2061962973, e: -1133, error: 156
#ERR  p: [1570, 1534], r: 2061962963, e: -1121, error: 157
#ERR  p: [1570, 1535], r: 2061962953, e: -1129, error: 158
#ERR  p: [1570, 1536], r: 2061962943, e: -1119, error: 159
#ERR  p: [1570, 1537], r: 2061962933, e: -1100, error: 160
#ERR  p: [1570, 1538], r: 2061962923, e: -1093, error: 161
#ERR  p: [1570, 1539], r: 2061962913, e: -1101, error: 162
#ERR  p: [1570, 1540], r: 2061962903, e: -1105, error: 163
#ERR  p: [1570, 1541], r: 2061962893, e: -1115, error: 164
#ERR  p: [1570, 1542], r: 2061962883, e: -1125, error: 165
#ERR  p: [1570, 1543], r: 2061962873, e: -1125, error: 166
#ERR  p: [1570, 1544], r: 2061962863, e: -1133, error: 167
#ERR  p: [1570, 1545], r: 2061962853, e: -1140, error: 168
#ERR  p: [1570, 1546], r: 2061962843, e: -1146, error: 169
#ERR  p: [1570, 1547], r: 2061962833, e: -1156, error: 170
#ERR  p: [1570, 1548], r: 2061962823, e: -1151, error: 171
#ERR  p: [1570, 1549], r: 2061962813, e: -1161, error: 172
#ERR  p: [1570, 1550], r: 2061962803, e: -1165, error: 173
#ERR  p: [1570, 1551], r: 2061962793, e: -1169, error: 174
#ERR  p: [1570, 1552], r: 2061962783, e: -1161, error: 175
#ERR  p: [1570, 1553], r: 2061962773, e: -1149, error: 176
#ERR  p: [1570, 1554], r: 2061962763, e: -1156, error: 177
#ERR  p: [1570, 1555], r: 2061962753, e: -1155, error: 178
#ERR  p: [1570, 1556], r: 2061962743, e: -1161, error: 179
#ERR  p: [1570, 1557], r: 2061962733, e: -1166, error: 180
#ERR  p: [1570, 1558], r: 2061962723, e: -1162, error: 181
#ERR  p: [1570, 1559], r: 2061962713, e: -1155, error: 182
#ERR  p: [1570, 1560], r: 2061962703, e: -1142, error: 183
#ERR  p: [1570, 1561], r: 2061962693, e: -1146, error: 184
#ERR  p: [1570, 1562], r: 2061962683, e: -1151, error: 185
#ERR  p: [1570, 1563], r: 2061962673, e: -1161, error: 186
#ERR  p: [1570, 1564], r: 2061962663, e: -1170, error: 187
#ERR  p: [1570, 1565], r: 2061962653, e: -1176, error: 188
#ERR  p: [1570, 1566], r: 2061962643, e: -1177, error: 189
#ERR  p: [1570, 1567], r: 2061962633, e: -1187, error: 190
#ERR  p: [1570, 1568], r: 2061962623, e: -1188, error: 191
#ERR  p: [1570, 1569], r: 2061962613, e: -1189, error: 192
#ERR  p: [1570, 1570], r: 2061962603, e: -1199, error: 193
#ERR  p: [1570, 1571], r: 2061962593, e: -1196, error: 194
#ERR  p: [1570, 1572], r: 2061962583, e: -1188, error: 195
#ERR  p: [1570, 1573], r: 2061962573, e: -1183, error: 196
#ERR  p: [1570, 1574], r: 2061962563, e: -1174, error: 197
#ERR  p: [1570, 1575], r: 2061962553, e: -1179, error: 198
#ERR  p: [1570, 1576], r: 2061962543, e: -1173, error: 199
#ERR  p: [1570, 1577], r: 2061962533, e: -1175, error: 200
#ERR  p: [1570, 1578], r: 2061962523, e: -1178, error: 201
#ERR  p: [1570, 1579], r: 2061962513, e: -1174, error: 202
#ERR  p: [1570, 1580], r: 2061962503, e: -1184, error: 203
#ERR  p: [1570, 1581], r: 2061962493, e: -1194, error: 204
#ERR  p: [1570, 1582], r: 2061962483, e: -1204, error: 205
#ERR  p: [1570, 1583], r: 2061962473, e: -1210, error: 206
#ERR  p: [1570, 1584], r: 2061962463, e: -1203, error: 207
#ERR  p: [1570, 1585], r: 2061962453, e: -1210, error: 208
#ERR  p: [1570, 1586], r: 2061962443, e: -1207, error: 209
#ERR  p: [1570, 1587], r: 2061962433, e: -1205, error: 210
#ERR  p: [1570, 1588], r: 2061962423, e: -1215, error: 211
#ERR  p: [1570, 1589], r: 2061962413, e: -1213, error: 212
#ERR  p: [1570, 1590], r: 2061962403, e: -1223, error: 213
#ERR  p: [1570, 1591], r: 2061962393, e: -1223, error: 214
#ERR  p: [1570, 1592], r: 2061962383, e: -1233, error: 215
#ERR  p: [1570, 1593], r: 2061962373, e: -1233, error: 216
#ERR  p: [1570, 1594], r: 2061962363, e: -1226, error: 217
#ERR  p: [1570, 1595], r: 2061962353, e: -1233, error: 218
#ERR  p: [1570, 1596], r: 2061962343, e: -1242, error: 219
#ERR  p: [1570, 1597], r: 2061962333, e: -1232, error: 220
#ERR  p: [1570, 1598], r: 2061962323, e: -1242, error: 221
#ERR  p: [1570, 1599], r: 2061962313, e: -1240, error: 222
#ERR  p: [1570, 1600], r: 2061962303, e: -1250, error: 223
#ERR  p: [1570, 1601], r: 2061962293, e: -1240, error: 224
#ERR  p: [1570, 1602], r: 2061962283, e: -1249, error: 225
#ERR  p: [1570, 1603], r: 2061962273, e: -1258, error: 226
#ERR  p: [1570, 1604], r: 2061962263, e: -1250, error: 227
#ERR  p: [1570, 1605], r: 2061962253, e: -1233, error: 228
#ERR  p: [1570, 1606], r: 2061962243, e: -1223, error: 229
#ERR  p: [1570, 1607], r: 2061962233, e: -1233, error: 230
#ERR  p: [1570, 1608], r: 2061962223, e: -1243, error: 231
#ERR  p: [1570, 1609], r: 2061962213, e: -1253, error: 232
#ERR  p: [1570, 1610], r: 2061962203, e: -1244, error: 233
#ERR  p: [1570, 1611], r: 2061962193, e: -1252, error: 234
#ERR  p: [1570, 1612], r: 2061962183, e: -1254, error: 235
#ERR  p: [1570, 1613], r: 2061962173, e: -1244, error: 236
#ERR  p: [1570, 1614], r: 2061962163, e: -1238, error: 237
#ERR  p: [1570, 1615], r: 2061962153, e: -1233, error: 238
#ERR  p: [1570, 1616], r: 2061962143, e: -1226, error: 239
#ERR  p: [1570, 1617], r: 2061962133, e: -1236, error: 240
#ERR  p: [1570, 1618], r: 2061962123, e: -1228, error: 241
#ERR  p: [1570, 1619], r: 2061962113, e: -1237, error: 242
#ERR  p: [1570, 1620], r: 2061962103, e: -1239, error: 243
#ERR  p: [1570, 1621], r: 2061962093, e: -1247, error: 244
#ERR  p: [1570, 1622], r: 2061962083, e: -1241, error: 245
#ERR  p: [1570, 1623], r: 2061962073, e: -1229, error: 246
#ERR  p: [1570, 1624], r: 2061962063, e: -1230, error: 247
#ERR  p: [1570, 1625], r: 2061962053, e: -1221, error: 248
#ERR  p: [1570, 1626], r: 2061962043, e: -1214, error: 249
#ERR  p: [1570, 1627], r: 2061962033, e: -1211, error: 250
#ERR  p: [1570, 1628], r: 2061962023, e: -1202, error: 251
#ERR  p: [1570, 1629], r: 2061962013, e: -1189, error: 252
#ERR  p: [1570, 1630], r: 2061962003, e: -1190, error: 253
#ERR  p: [1570, 1631], r: 2061961993, e: -1189, error: 254
#ERR  p: [1570, 1632], r: 2061961983, e: -1193, error: 255
#ERR  p: [1570, 1633], r: 2061961973, e: -1203, error: 256
#ERR  p: [1570, 1634], r: 2061961963, e: -1206, error: 257
#ERR  p: [1570, 1635], r: 2061961953, e: -1214, error: 258
#ERR  p: [1570, 1636], r: 2061961943, e: -1213, error: 259
#ERR  p: [1570, 1637], r: 2061961933, e: -1220, error: 260
#ERR  p: [1570, 1638], r: 2061961923, e: -1230, error: 261
#ERR  p: [1570, 1639], r: 2061961913, e: -1223, error: 262
#ERR  p: [1570, 1640], r: 2061961903, e: -1221, error: 263
#ERR  p: [1570, 1641], r: 2061961893, e: -1224, error: 264
#ERR  p: [1570, 1642], r: 2061961883, e: -1227, error: 265
#ERR  p: [1570, 1643], r: 2061961873, e: -1227, error: 266
#ERR  p: [1570, 1644], r: 2061961863, e: -1231, error: 267
#ERR  p: [1570, 1645], r: 2061961853, e: -1241, error: 268
#ERR  p: [1570, 1646], r: 2061961843, e: -1249, error: 269
#ERR  p: [1570, 1647], r: 2061961833, e: -1259, error: 270
#ERR  p: [1570, 1648], r: 2061961823, e: -1259, error: 271
#ERR  p: [1570, 1649], r: 2061961813, e: -1269, error: 272
#ERR  p: [1570, 1650], r: 2061961803, e: -1279, error: 273
#ERR  p: [1570, 1651], r: 2061961793, e: -1289, error: 274
#ERR  p: [1570, 1652], r: 2061961783, e: -1299, error: 275
#ERR  p: [1570, 1653], r: 2061961773, e: -1308, error: 276
#ERR  p: [1570, 1654], r: 2061961763, e: -1310, error: 277
#ERR  p: [1570, 1655], r: 2061961753, e: -1318, error: 278
#ERR  p: [1570, 1656], r: 2061961743, e: -1328, error: 279
#ERR  p: [1570, 1657], r: 2061961733, e: -1334, error: 280
#ERR  p: [1570, 1658], r: 2061961723, e: -1342, error: 281
#ERR  p: [1570, 1659], r: 2061961713, e: -1346, error: 282
#ERR  p: [1570, 1660], r: 2061961703, e: -1341, error: 283
#ERR  p: [1570, 1661], r: 2061961693, e: -1349, error: 284
#ERR  p: [1570, 1662], r: 2061961683, e: -1357, error: 285
#ERR  p: [1570, 1663], r: 2061961673, e: -1358, error: 286
#ERR  p: [1570, 1664], r: 2061961663, e: -1362, error: 287
#ERR  p: [1570, 1665], r: 2061961653, e: -1370, error: 288
#ERR  p: [1570, 1666], r: 2061961643, e: -1380, error: 289
#ERR  p: [1570, 1667], r: 2061961633, e: -1390, error: 290
#ERR  p: [1570, 1668], r: 2061961623, e: -1391, error: 291
#ERR  p: [1570, 1669], r: 2061961613, e: -1391, error: 292
#ERR  p: [1570, 1670], r: 2061961603, e: -1389, error: 293
#ERR  p: [1570, 1671], r: 2061961593, e: -1389, error: 294
#ERR  p: [1570, 1672], r: 2061961583, e: -1399, error: 295
#ERR  p: [1570, 1673], r: 2061961573, e: -1409, error: 296
#ERR  p: [1570, 1674], r: 2061961563, e: -1419, error: 297
#ERR  p: [1570, 1675], r: 2061961553, e: -1418, error: 298
#ERR  p: [1570, 1676], r: 2061961543, e: -1424, error: 299
#ERR  p: [1570, 1677], r: 2061961533, e: -1434, error: 300
#ERR  p: [1570, 1678], r: 2061961523, e: -1423, error: 301
#ERR  p: [1570, 1679], r: 2061961513, e: -1414, error: 302
#ERR  p: [1570, 1680], r: 2061961503, e: -1424, error: 303
#ERR  p: [1570, 1681], r: 2061961493, e: -1431, error: 304
#ERR  p: [1570, 1682], r: 2061961483, e: -1435, error: 305
#ERR  p: [1570, 1683], r: 2061961473, e: -1440, error: 306
#ERR  p: [1570, 1684], r: 2061961463, e: -1440, error: 307
#ERR  p: [1570, 1685], r: 2061961453, e: -1437, error: 308
#ERR  p: [1570, 1686], r: 2061961443, e: -1441, error: 309
#ERR  p: [1570, 1687], r: 2061961433, e: -1449, error: 310
#ERR  p: [1570, 1688], r: 2061961423, e: -1442, error: 311
#ERR  p: [1570, 1689], r: 2061961413, e: -1431, error: 312
#ERR  p: [1570, 1690], r: 2061961403, e: -1441, error: 313
#ERR  p: [1570, 1691], r: 2061961393, e: -1449, error: 314
#ERR  p: [1570, 1692], r: 2061961383, e: -1453, error: 315
#ERR  p: [1570, 1693], r: 2061961373, e: -1463, error: 316
#ERR  p: [1570, 1694], r: 2061961363, e: -1453, error: 317
#ERR  p: [1570, 1695], r: 2061961353, e: -1446, error: 318
#ERR  p: [1570, 1696], r: 2061961343, e: -1451, error: 319
#ERR  p: [1570, 1697], r: 2061961333, e: -1458, error: 320
#ERR  p: [1570, 1698], r: 2061961323, e: -1468, error: 321
#ERR  p: [1570, 1699], r: 2061961313, e: -1478, error: 322
#ERR  p: [1570, 1700], r: 2061961303, e: -1468, error: 323
#ERR  p: [1570, 1701], r: 2061961293, e: -1478, error: 324
#ERR  p: [1570, 1702], r: 2061961283, e: -1488, error: 325
#ERR  p: [1570, 1703], r: 2061961273, e: -1496, error: 326
#ERR  p: [1570, 1704], r: 2061961263, e: -1506, error: 327
#ERR  p: [1570, 1705], r: 2061961253, e: -1511, error: 328
#ERR  p: [1570, 1706], r: 2061961243, e: -1512, error: 329
#ERR  p: [1570, 1707], r: 2061961233, e: -1522, error: 330
#ERR  p: [1570, 1708], r: 2061961223, e: -1522, error: 331
#ERR  p: [1570, 1709], r: 2061961213, e: -1519, error: 332
#ERR  p: [1570, 1710], r: 2061961203, e: -1524, error: 333
#ERR  p: [1570, 1711], r: 2061961193, e: -1517, error: 334
#ERR  p: [1570, 1712], r: 2061961183, e: -1512, error: 335
#ERR  p: [1570, 1713], r: 2061961173, e: -1521, error: 336
#ERR  p: [1570, 1714], r: 2061961163, e: -1512, error: 337
#ERR  p: [1570, 1715], r: 2061961153, e: -1500, error: 338
#ERR  p: [1570, 1716], r: 2061961143, e: -1507, error: 339
#ERR  p: [1570, 1717], r: 2061961133, e: -1500, error: 340
#ERR  p: [1570, 1718], r: 2061961123, e: -1510, error: 341
#ERR  p: [1570, 1719], r: 2061961113, e: -1503, error: 342
#ERR  p: [1570, 1720], r: 2061961103, e: -1513, error: 343
#ERR  p: [1570, 1721], r: 2061961093, e: -1522, error: 344
#ERR  p: [1570, 1722], r: 2061961083, e: -1526, error: 345
#ERR  p: [1570, 1723], r: 2061961073, e: -1530, error: 346
#ERR  p: [1570, 1724], r: 2061961063, e: -1521, error: 347
#ERR  p: [1570, 1725], r: 2061961053, e: -1514, error: 348
#ERR  p: [1570, 1726], r: 2061961043, e: -1503, error: 349
#ERR  p: [1570, 1727], r: 2061961033, e: -1497, error: 350
#ERR  p: [1570, 1728], r: 2061961023, e: -1503, error: 351
#ERR  p: [1570, 1729], r: 2061961013, e: -1502, error: 352
#ERR  p: [1570, 1730], r: 2061961003, e: -1504, error: 353
#ERR  p: [1570, 1731], r: 2061960993, e: -1498, error: 354
#ERR  p: [1570, 1732], r: 2061960983, e: -1500, error: 355
#ERR  p: [1570, 1733], r: 2061960973, e: -1499, error: 356
#ERR  p: [1570, 1734], r: 2061960963, e: -1509, error: 357
#ERR  p: [1570, 1735], r: 2061960953, e: -1509, error: 358
#ERR  p: [1570, 1736], r: 2061960943, e: -1515, error: 359
#ERR  p: [1570, 1737], r: 2061960933, e: -1518, error: 360
#ERR  p: [1570, 1738], r: 2061960923, e: -1528, error: 361
#ERR  p: [1570, 1739], r: 2061960913, e: -1531, error: 362
#ERR  p: [1570, 1740], r: 2061960903, e: -1537, error: 363
#ERR  p: [1570, 1741], r: 2061960893, e: -1532, error: 364
#ERR  p: [1570, 1742], r: 2061960883, e: -1542, error: 365
#ERR  p: [1570, 1743], r: 2061960873, e: -1552, error: 366
#ERR  p: [1570, 1744], r: 2061960863, e: -1552, error: 367
#ERR  p: [1570, 1745], r: 2061960853, e: -1562, error: 368
#ERR  p: [1570, 1746], r: 2061960843, e: -1568, error: 369
#ERR  p: [1570, 1747], r: 2061960833, e: -1562, error: 370
#ERR  p: [1570, 1748], r: 2061960823, e: -1572, error: 371
#ERR  p: [1570, 1749], r: 2061960813, e: -1569, error: 372
#ERR  p: [1570, 1750], r: 2061960803, e: -1578, error: 373
#ERR  p: [1570, 1751], r: 2061960793, e: -1583, error: 374
#ERR  p: [1570, 1752], r: 2061960783, e: -1574, error: 375
#ERR  p: [1570, 1753], r: 2061960773, e: -1584, error: 376
#ERR  p: [1570, 1754], r: 2061960763, e: -1594, error: 377
#ERR  p: [1570, 1755], r: 2061960753, e: -1603, error: 378
#ERR  p: [1570, 1756], r: 2061960743, e: -1609, error: 379
#ERR  p: [1570, 1757], r: 2061960733, e: -1597, error: 380
#ERR  p: [1570, 1758], r: 2061960723, e: -1607, error: 381
#ERR  p: [1570, 1759], r: 2061960713, e: -1617, error: 382
#ERR  p: [1570, 1760], r: 2061960703, e: -1627, error: 383
#ERR  p: [1570, 1761], r: 2061960693, e: -1635, error: 384
#ERR  p: [1570, 1762], r: 2061960683, e: -1644, error: 385
#ERR  p: [1570, 1763], r: 2061960673, e: -1654, error: 386
#ERR  p: [1570, 1764], r: 2061960663, e: -1662, error: 387
#ERR  p: [1570, 1765], r: 2061960653, e: -1672, error: 388
#ERR  p: [1570, 1766], r: 2061960643, e: -1681, error: 389
#ERR  p: [1570, 1767], r: 2061960633, e: -1691, error: 390
#ERR  p: [1570, 1768], r: 2061960623, e: -1701, error: 391
#ERR  p: [1570, 1769], r: 2061960613, e: -1711, error: 392
#ERR  p: [1570, 1770], r: 2061960603, e: -1721, error: 393
#ERR  p: [1570, 1771], r: 2061960593, e: -1731, error: 394
#ERR  p: [1570, 1772], r: 2061960583, e: -1741, error: 395
#ERR  p: [1570, 1773], r: 2061960573, e: -1751, error: 396
#ERR  p: [1570, 1774], r: 2061960563, e: -1749, error: 397
#ERR  p: [1570, 1775], r: 2061960553, e: -1759, error: 398
#ERR  p: [1570, 1776], r: 2061960543, e: -1762, error: 399
#ERR  p: [1570, 1777], r: 2061960533, e: -1758, error: 400
#ERR  p: [1570, 1778], r: 2061960523, e: -1754, error: 401
#ERR  p: [1570, 1779], r: 2061960513, e: -1748, error: 402
#ERR  p: [1570, 1780], r: 2061960503, e: -1756, error: 403
#ERR  p: [1570, 1781], r: 2061960493, e: -1766, error: 404
#ERR  p: [1570, 1782], r: 2061960483, e: -1772, error: 405
#ERR  p: [1570, 1783], r: 2061960473, e: -1782, error: 406
#ERR  p: [1570, 1784], r: 2061960463, e: -1792, error: 407
#ERR  p: [1570, 1785], r: 2061960453, e: -1802, error: 408
#ERR  p: [1570, 1786], r: 2061960443, e: -1812, error: 409
#ERR  p: [1570, 1787], r: 2061960433, e: -1821, error: 410
#ERR  p: [1570, 1788], r: 2061960423, e: -1831, error: 411
#ERR  p: [1570, 1789], r: 2061960413, e: -1841, error: 412
#ERR  p: [1570, 1790], r: 2061960403, e: -1851, error: 413
#ERR  p: [1570, 1791], r: 2061960393, e: -1859, error: 414
#ERR  p: [1570, 1792], r: 2061960383, e: -1864, error: 415
#ERR  p: [1570, 1793], r: 2061960373, e: -1874, error: 416
#ERR  p: [1570, 1794], r: 2061960363, e: -1884, error: 417
#ERR  p: [1570, 1795], r: 2061960353, e: -1894, error: 418
#ERR  p: [1570, 1796], r: 2061960343, e: -1904, error: 419
#ERR  p: [1570, 1797], r: 2061960333, e: -1914, error: 420
#ERR  p: [1570, 1798], r: 2061960323, e: -1924, error: 421
#ERR  p: [1570, 1799], r: 2061960313, e: -1919, error: 422
#ERR  p: [1570, 1800], r: 2061960303, e: -1911, error: 423
#ERR  p: [1570, 1801], r: 2061960293, e: -1921, error: 424
#ERR  p: [1570, 1802], r: 2061960283, e: -1930, error: 425
#ERR  p: [1570, 1803], r: 2061960273, e: -1940, error: 426
#ERR  p: [1570, 1804], r: 2061960263, e: -1948, error: 427
#ERR  p: [1570, 1805], r: 2061960253, e: -1953, error: 428
#ERR  p: [1570, 1806], r: 2061960243, e: -1956, error: 429
#ERR  p: [1570, 1807], r: 2061960233, e: -1966, error: 430
#ERR  p: [1570, 1808], r: 2061960223, e: -1974, error: 431
#ERR  p: [1570, 1809], r: 2061960213, e: -1977, error: 432
#ERR  p: [1570, 1810], r: 2061960203, e: -1987, error: 433
#ERR  p: [1570, 1811], r: 2061960193, e: -1996, error: 434
#ERR  p: [1570, 1812], r: 2061960183, e: -1989, error: 435
#ERR  p: [1570, 1813], r: 2061960173, e: -1999, error: 436
#ERR  p: [1570, 1814], r: 2061960163, e: -2009, error: 437
#ERR  p: [1570, 1815], r: 2061960153, e: -2019, error: 438
#ERR  p: [1570, 1816], r: 2061960143, e: -2028, error: 439
#ERR  p: [1570, 1817], r: 2061960133, e: -2038, error: 440
#ERR  p: [1570, 1818], r: 2061960123, e: -2038, error: 441
#ERR  p: [1570, 1819], r: 2061960113, e: -2048, error: 442
#ERR  p: [1570, 1820], r: 2061960103, e: -2057, error: 443
#ERR  p: [1570, 1821], r: 2061960093, e: -2064, error: 444
#ERR  p: [1570, 1822], r: 2061960083, e: -2068, error: 445
#ERR  p: [1570, 1823], r: 2061960073, e: -2065, error: 446
#ERR  p: [1570, 1824], r: 2061960063, e: -2061, error: 447
#ERR  p: [1570, 1825], r: 2061960053, e: -2070, error: 448
#ERR  p: [1570, 1826], r: 2061960043, e: -2080, error: 449
#ERR  p: [1570, 1827], r: 2061960033, e: -2090, error: 450
#ERR  p: [1570, 1828], r: 2061960023, e: -2100, error: 451
#ERR  p: [1570, 1829], r: 2061960013, e: -2110, error: 452
#ERR  p: [1570, 1830], r: 2061960003, e: -2107, error: 453
#ERR  p: [1570, 1831], r: 2061959993, e: -2117, error: 454
#ERR  p: [1570, 1832], r: 2061959983, e: -2124, error: 455
#ERR  p: [1570, 1833], r: 2061959973, e: -2131, error: 456
#ERR  p: [1570, 1834], r: 2061959963, e: -2141, error: 457
#ERR  p: [1570, 1835], r: 2061959953, e: -2145, error: 458
#ERR  p: [1570, 1836], r: 2061959943, e: -2153, error: 459
#ERR  p: [1570, 1837], r: 2061959933, e: -2161, error: 460
#ERR  p: [1570, 1838], r: 2061959923, e: -2167, error: 461
#ERR  p: [1570, 1839], r: 2061959913, e: -2172, error: 462
#ERR  p: [1570, 1840], r: 2061959903, e: -2163, error: 463
#ERR  p: [1570, 1841], r: 2061959893, e: -2166, error: 464
#ERR  p: [1570, 1842], r: 2061959883, e: -2169, error: 465
#ERR  p: [1570, 1843], r: 2061959873, e: -2178, error: 466
#ERR  p: [1570, 1844], r: 2061959863, e: -2188, error: 467
#ERR  p: [1570, 1845], r: 2061959853, e: -2197, error: 468
#ERR  p: [1570, 1846], r: 2061959843, e: -2201, error: 469
#ERR  p: [1570, 1847], r: 2061959833, e: -2211, error: 470
#ERR  p: [1570, 1848], r: 2061959823, e: -2221, error: 471
#ERR  p: [1570, 1849], r: 2061959813, e: -2216, error: 472
#ERR  p: [1570, 1850], r: 2061959803, e: -2226, error: 473
#ERR  p: [1570, 1851], r: 2061959793, e: -2236, error: 474
#ERR  p: [1570, 1852], r: 2061959783, e: -2245, error: 475
#ERR  p: [1570, 1853], r: 2061959773, e: -2255, error: 476
#ERR  p: [1570, 1854], r: 2061959763, e: -2260, error: 477
#ERR  p: [1570, 1855], r: 2061959753, e: -2269, error: 478
#ERR  p: [1570, 1856], r: 2061959743, e: -2271, error: 479
#ERR  p: [1570, 1857], r: 2061959733, e: -2281, error: 480
#ERR  p: [1570, 1858], r: 2061959723, e: -2291, error: 481
#ERR  p: [1570, 1859], r: 2061959713, e: -2301, error: 482
#ERR  p: [1570, 1860], r: 2061959703, e: -2311, error: 483
#ERR  p: [1570, 1861], r: 2061959693, e: -2320, error: 484
#ERR  p: [1570, 1862], r: 2061959683, e: -2330, error: 485
#ERR  p: [1570, 1863], r: 2061959673, e: -2340, error: 486
#ERR  p: [1570, 1864], r: 2061959663, e: -2350, error: 487
#ERR  p: [1570, 1865], r: 2061959653, e: -2355, error: 488
#ERR  p: [1570, 1866], r: 2061959643, e: -2361, error: 489
#ERR  p: [1570, 1867], r: 2061959633, e: -2368, error: 490
#ERR  p: [1570, 1868], r: 2061959623, e: -2357, error: 491
#ERR  p: [1570, 1869], r: 2061959613, e: -2366, error: 492
#ERR  p: [1570, 1870], r: 2061959603, e: -2375, error: 493
#ERR  p: [1570, 1871], r: 2061959593, e: -2385, error: 494
#ERR  p: [1570, 1872], r: 2061959583, e: -2385, error: 495
#ERR  p: [1570, 1873], r: 2061959573, e: -2385, error: 496
#ERR  p: [1570, 1874], r: 2061959563, e: -2391, error: 497
#ERR  p: [1570, 1875], r: 2061959553, e: -2397, error: 498
#ERR  p: [1570, 1876], r: 2061959543, e: -2399, error: 499
#SDC Ite:0 KerTime:0.294342 AccTime:0.294342 KerErr:500 AccErr:500
#END