#HEADER max_rows:2048 max_cols:2048 penalty:10
#BEGIN Y:2016 M:09 D:12 Time:15:54:49
#IT Ite:0 KerTime:0.294795 AccTime:0.294795
#ERR Error detected! kerrors = 2556605
#ERR  p: [463, 435], r: 1733936512, e: -359, error: 1
#ERR  p: [463, 436], r: 1733936502, e: -350, error: 2
#ERR  p: [463, 437], r: 1733936492, e: -350, error: 3
#ERR  p: [463, 438], r: 1733936482, e: -353, error: 4
#ERR  p: [463, 439], r: 1733936472, e: -347, error: 5
#ERR  p: [463, 440], r: 1733936462, e: -344, error: 6
#ERR  p: [463, 441], r: 1733936452, e: -352, error: 7
#ERR  p: [463, 442], r: 1733936442, e: -342, error: 8
#ERR  p: [463, 443], r: 1733936432, e: -335, error: 9
#ERR  p: [463, 444], r: 1733936422, e: -334, error: 10
#ERR  p: [463, 445], r: 1733936412, e: -330, error: 11
#ERR  p: [463, 446], r: 1733936402, e: -326, error: 12
#ERR  p: [463, 447], r: 1733936392, e: -315, error: 13
#ERR  p: [463, 448], r: 1733936382, e: -324, error: 14
#ERR  p: [463, 449], r: 1733936372, e: -327, error: 15
#ERR  p: [463, 450], r: 1733936362, e: -337, error: 16
#ERR  p: [463, 451], r: 1733936352, e: -342, error: 17
#ERR  p: [463, 452], r: 1733936342, e: -335, error: 18
#ERR  p: [463, 453], r: 1733936332, e: -335, error: 19
#ERR  p: [463, 454], r: 1733936322, e: -332, error: 20
#ERR  p: [463, 455], r: 1733936312, e: -330, error: 21
#ERR  p: [463, 456], r: 1733936302, e: -325, error: 22
#ERR  p: [463, 457], r: 1733936292, e: -335, error: 23
#ERR  p: [463, 458], r: 1733936282, e: -345, error: 24
#ERR  p: [463, 459], r: 1733936272, e: -347, error: 25
#ERR  p: [463, 460], r: 1733936262, e: -334, error: 26
#ERR  p: [463, 461], r: 1733936252, e: -331, error: 27
#ERR  p: [463, 462], r: 1733936242, e: -330, error: 28
#ERR  p: [463, 463], r: 1733936232, e: -323, error: 29
#ERR  p: [463, 464], r: 1733936222, e: -319, error: 30
#ERR  p: [463, 465], r: 1733936212, e: -312, error: 31
#ERR  p: [463, 466], r: 1733936202, e: -304, error: 32
#ERR  p: [463, 467], r: 1733936192, e: -314, error: 33
#ERR  p: [463, 468], r: 1733936182, e: -320, error: 34
#ERR  p: [463, 469], r: 1733936172, e: -328, error: 35
#ERR  p: [463, 470], r: 1733936162, e: -326, error: 36
#ERR  p: [463, 471], r: 1733936152, e: -329, error: 37
#ERR  p: [463, 472], r: 1733936142, e: -326, error: 38
#ERR  p: [463, 473], r: 1733936132, e: -334, error: 39
#ERR  p: [463, 474], r: 1733936122, e: -343, error: 40
#ERR  p: [463, 475], r: 1733936112, e: -349, error: 41
#ERR  p: [463, 476], r: 1733936102, e: -351, error: 42
#ERR  p: [463, 477], r: 1733936092, e: -361, error: 43
#ERR  p: [463, 478], r: 1733936082, e: -371, error: 44
#ERR  p: [463, 479], r: 1733936072, e: -377, error: 45
#ERR  p: [463, 480], r: 1733936062, e: -387, error: 46
#ERR  p: [463, 481], r: 1733936052, e: -397, error: 47
#ERR  p: [463, 482], r: 1733936042, e: -397, error: 48
#ERR  p: [463, 483], r: 1733936032, e: -391, error: 49
#ERR  p: [463, 484], r: 1733936022, e: -380, error: 50
#ERR  p: [463, 485], r: 1733936012, e: -383, error: 51
#ERR  p: [463, 486], r: 1733936002, e: -393, error: 52
#ERR  p: [463, 487], r: 1733935992, e: -400, error: 53
#ERR  p: [463, 488], r: 1733935982, e: -390, error: 54
#ERR  p: [463, 489], r: 1733935972, e: -382, error: 55
#ERR  p: [463, 490], r: 1733935962, e: -392, error: 56
#ERR  p: [463, 491], r: 1733935952, e: -402, error: 57
#ERR  p: [463, 492], r: 1733935942, e: -407, error: 58
#ERR  p: [463, 493], r: 1733935932, e: -411, error: 59
#ERR  p: [463, 494], r: 1733935922, e: -415, error: 60
#ERR  p: [463, 495], r: 1733935912, e: -405, error: 61
#ERR  p: [463, 496], r: 1733935902, e: -415, error: 62
#ERR  p: [463, 497], r: 1733935892, e: -425, error: 63
#ERR  p: [463, 498], r: 1733935882, e: -435, error: 64
#ERR  p: [463, 499], r: 1733935872, e: -445, error: 65
#ERR  p: [463, 500], r: 1733935862, e: -443, error: 66
#ERR  p: [463, 501], r: 1733935852, e: -444, error: 67
#ERR  p: [463, 502], r: 1733935842, e: -451, error: 68
#ERR  p: [463, 503], r: 1733935832, e: -447, error: 69
#ERR  p: [463, 504], r: 1733935822, e: -446, error: 70
#ERR  p: [463, 505], r: 1733935812, e: -456, error: 71
#ERR  p: [463, 506], r: 1733935802, e: -460, error: 72
#ERR  p: [463, 507], r: 1733935792, e: -460, error: 73
#ERR  p: [463, 508], r: 1733935782, e: -461, error: 74
#ERR  p: [463, 509], r: 1733935772, e: -471, error: 75
#ERR  p: [463, 510], r: 1733935762, e: -469, error: 76
#ERR  p: [463, 511], r: 1733935752, e: -475, error: 77
#ERR  p: [463, 512], r: 1733935742, e: -475, error: 78
#ERR  p: [463, 513], r: 1733935732, e: -470, error: 79
#ERR  p: [463, 514], r: 1733935722, e: -479, error: 80
#ERR  p: [463, 515], r: 1733935712, e: -488, error: 81
#ERR  p: [463, 516], r: 1733935702, e: -489, error: 82
#ERR  p: [463, 517], r: 1733935692, e: -495, error: 83
#ERR  p: [463, 518], r: 1733935682, e: -497, error: 84
#ERR  p: [463, 519], r: 1733935672, e: -487, error: 85
#ERR  p: [463, 520], r: 1733935662, e: -497, error: 86
#ERR  p: [463, 521], r: 1733935652, e: -501, error: 87
#ERR  p: [463, 522], r: 1733935642, e: -511, error: 88
#ERR  p: [463, 523], r: 1733935632, e: -510, error: 89
#ERR  p: [463, 524], r: 1733935622, e: -503, error: 90
#ERR  p: [463, 525], r: 1733935612, e: -513, error: 91
#ERR  p: [463, 526], r: 1733935602, e: -516, error: 92
#ERR  p: [463, 527], r: 1733935592, e: -526, error: 93
#ERR  p: [463, 528], r: 1733935582, e: -527, error: 94
#ERR  p: [463, 529], r: 1733935572, e: -532, error: 95
#ERR  p: [463, 530], r: 1733935562, e: -537, error: 96
#ERR  p: [463, 531], r: 1733935552, e: -529, error: 97
#ERR  p: [463, 532], r: 1733935542, e: -538, error: 98
#ERR  p: [463, 533], r: 1733935532, e: -548, error: 99
#ERR  p: [463, 534], r: 1733935522, e: -558, error: 100
#ERR  p: [463, 535], r: 1733935512, e: -568, error: 101
#ERR  p: [463, 536], r: 1733935502, e: -568, error: 102
#ERR  p: [463, 537], r: 1733935492, e: -567, error: 103
#ERR  p: [463, 538], r: 1733935482, e: -576, error: 104
#ERR  p: [463, 539], r: 1733935472, e: -585, error: 105
#ERR  p: [463, 540], r: 1733935462, e: -593, error: 106
#ERR  p: [463, 541], r: 1733935452, e: -590, error: 107
#ERR  p: [463, 542], r: 1733935442, e: -597, error: 108
#ERR  p: [463, 543], r: 1733935432, e: -591, error: 109
#ERR  p: [463, 544], r: 1733935422, e: -601, error: 110
#ERR  p: [463, 545], r: 1733935412, e: -611, error: 111
#ERR  p: [463, 546], r: 1733935402, e: -621, error: 112
#ERR  p: [463, 547], r: 1733935392, e: -631, error: 113
#ERR  p: [463, 548], r: 1733935382, e: -641, error: 114
#ERR  p: [463, 549], r: 1733935372, e: -651, error: 115
#ERR  p: [463, 550], r: 1733935362, e: -658, error: 116
#ERR  p: [463, 551], r: 1733935352, e: -668, error: 117
#ERR  p: [463, 552], r: 1733935342, e: -675, error: 118
#ERR  p: [463, 553], r: 1733935332, e: -684, error: 119
#ERR  p: [463, 554], r: 1733935322, e: -694, error: 120
#ERR  p: [463, 555], r: 1733935312, e: -703, error: 121
#ERR  p: [463, 556], r: 1733935302, e: -713, error: 122
#ERR  p: [463, 557], r: 1733935292, e: -723, error: 123
#ERR  p: [463, 558], r: 1733935282, e: -733, error: 124
#ERR  p: [463, 559], r: 1733935272, e: -743, error: 125
#ERR  p: [463, 560], r: 1733935262, e: -753, error: 126
#ERR  p: [463, 561], r: 1733935252, e: -759, error: 127
#ERR  p: [463, 562], r: 1733935242, e: -769, error: 128
#ERR  p: [463, 563], r: 1733935232, e: -773, error: 129
#ERR  p: [463, 564], r: 1733935222, e: -781, error: 130
#ERR  p: [463, 565], r: 1733935212, e: -774, error: 131
#ERR  p: [463, 566], r: 1733935202, e: -784, error: 132
#ERR  p: [463, 567], r: 1733935192, e: -794, error: 133
#ERR  p: [463, 568], r: 1733935182, e: -804, error: 134
#ERR  p: [463, 569], r: 1733935172, e: -814, error: 135
#ERR  p: [463, 570], r: 1733935162, e: -824, error: 136
#ERR  p: [463, 571], r: 1733935152, e: -834, error: 137
#ERR  p: [463, 572], r: 1733935142, e: -828, error: 138
#ERR  p: [463, 573], r: 1733935132, e: -838, error: 139
#ERR  p: [463, 574], r: 1733935122, e: -848, error: 140
#ERR  p: [463, 575], r: 1733935112, e: -858, error: 141
#ERR  p: [463, 576], r: 1733935102, e: -868, error: 142
#ERR  p: [463, 577], r: 1733935092, e: -869, error: 143
#ERR  p: [463, 578], r: 1733935082, e: -879, error: 144
#ERR  p: [463, 579], r: 1733935072, e: -876, error: 145
#ERR  p: [463, 580], r: 1733935062, e: -881, error: 146
#ERR  p: [463, 581], r: 1733935052, e: -891, error: 147
#ERR  p: [463, 582], r: 1733935042, e: -889, error: 148
#ERR  p: [463, 583], r: 1733935032, e: -899, error: 149
#ERR  p: [463, 584], r: 1733935022, e: -909, error: 150
#ERR  p: [463, 585], r: 1733935012, e: -918, error: 151
#ERR  p: [463, 586], r: 1733935002, e: -928, error: 152
#ERR  p: [463, 587], r: 1733934992, e: -935, error: 153
#ERR  p: [463, 588], r: 1733934982, e: -945, error: 154
#ERR  p: [463, 589], r: 1733934972, e: -955, error: 155
#ERR  p: [463, 590], r: 1733934962, e: -965, error: 156
#ERR  p: [463, 591], r: 1733934952, e: -974, error: 157
#ERR  p: [463, 592], r: 1733934942, e: -978, error: 158
#ERR  p: [463, 593], r: 1733934932, e: -988, error: 159
#ERR  p: [463, 594], r: 1733934922, e: -989, error: 160
#ERR  p: [463, 595], r: 1733934912, e: -999, error: 161
#ERR  p: [463, 596], r: 1733934902, e: -1009, error: 162
#ERR  p: [463, 597], r: 1733934892, e: -1018, error: 163
#ERR  p: [463, 598], r: 1733934882, e: -1028, error: 164
#ERR  p: [463, 599], r: 1733934872, e: -1025, error: 165
#ERR  p: [463, 600], r: 1733934862, e: -1033, error: 166
#ERR  p: [463, 601], r: 1733934852, e: -1042, error: 167
#ERR  p: [463, 602], r: 1733934842, e: -1051, error: 168
#ERR  p: [463, 603], r: 1733934832, e: -1045, error: 169
#ERR  p: [463, 604], r: 1733934822, e: -1055, error: 170
#ERR  p: [463, 605], r: 1733934812, e: -1051, error: 171
#ERR  p: [463, 606], r: 1733934802, e: -1061, error: 172
#ERR  p: [463, 607], r: 1733934792, e: -1071, error: 173
#ERR  p: [463, 608], r: 1733934782, e: -1080, error: 174
#ERR  p: [463, 609], r: 1733934772, e: -1089, error: 175
#ERR  p: [463, 610], r: 1733934762, e: -1090, error: 176
#ERR  p: [463, 611], r: 1733934752, e: -1100, error: 177
#ERR  p: [463, 612], r: 1733934742, e: -1110, error: 178
#ERR  p: [463, 613], r: 1733934732, e: -1110, error: 179
#ERR  p: [463, 614], r: 1733934722, e: -1120, error: 180
#ERR  p: [463, 615], r: 1733934712, e: -1130, error: 181
#ERR  p: [463, 616], r: 1733934702, e: -1140, error: 182
#ERR  p: [463, 617], r: 1733934692, e: -1142, error: 183
#ERR  p: [463, 618], r: 1733934682, e: -1152, error: 184
#ERR  p: [463, 619], r: 1733934672, e: -1161, error: 185
#ERR  p: [463, 620], r: 1733934662, e: -1160, error: 186
#ERR  p: [463, 621], r: 1733934652, e: -1167, error: 187
#ERR  p: [463, 622], r: 1733934642, e: -1177, error: 188
#ERR  p: [463, 623], r: 1733934632, e: -1187, error: 189
#ERR  p: [463, 624], r: 1733934622, e: -1195, error: 190
#ERR  p: [463, 625], r: 1733934612, e: -1202, error: 191
#ERR  p: [463, 626], r: 1733934602, e: -1211, error: 192
#ERR  p: [463, 627], r: 1733934592, e: -1199, error: 193
#ERR  p: [463, 628], r: 1733934582, e: -1209, error: 194
#ERR  p: [463, 629], r: 1733934572, e: -1216, error: 195
#ERR  p: [463, 630], r: 1733934562, e: -1216, error: 196
#ERR  p: [463, 631], r: 1733934552, e: -1224, error: 197
#ERR  p: [463, 632], r: 1733934542, e: -1230, error: 198
#ERR  p: [463, 633], r: 1733934532, e: -1235, error: 199
#ERR  p: [463, 634], r: 1733934522, e: -1243, error: 200
#ERR  p: [463, 635], r: 1733934512, e: -1237, error: 201
#ERR  p: [463, 636], r: 1733934502, e: -1247, error: 202
#ERR  p: [463, 637], r: 1733934492, e: -1257, error: 203
#ERR  p: [463, 638], r: 1733934482, e: -1267, error: 204
#ERR  p: [463, 639], r: 1733934472, e: -1277, error: 205
#ERR  p: [463, 640], r: 1733934462, e: -1287, error: 206
#ERR  p: [463, 641], r: 1733934452, e: -1294, error: 207
#ERR  p: [463, 642], r: 1733934442, e: -1289, error: 208
#ERR  p: [463, 643], r: 1733934432, e: -1299, error: 209
#ERR  p: [463, 644], r: 1733934422, e: -1309, error: 210
#ERR  p: [463, 645], r: 1733934412, e: -1318, error: 211
#ERR  p: [463, 646], r: 1733934402, e: -1327, error: 212
#ERR  p: [463, 647], r: 1733934392, e: -1337, error: 213
#ERR  p: [463, 648], r: 1733934382, e: -1347, error: 214
#ERR  p: [463, 649], r: 1733934372, e: -1357, error: 215
#ERR  p: [463, 650], r: 1733934362, e: -1365, error: 216
#ERR  p: [463, 651], r: 1733934352, e: -1372, error: 217
#ERR  p: [463, 652], r: 1733934342, e: -1382, error: 218
#ERR  p: [463, 653], r: 1733934332, e: -1392, error: 219
#ERR  p: [463, 654], r: 1733934322, e: -1402, error: 220
#ERR  p: [463, 655], r: 1733934312, e: -1412, error: 221
#ERR  p: [463, 656], r: 1733934302, e: -1422, error: 222
#ERR  p: [463, 657], r: 1733934292, e: -1428, error: 223
#ERR  p: [463, 658], r: 1733934282, e: -1438, error: 224
#ERR  p: [463, 659], r: 1733934272, e: -1448, error: 225
#ERR  p: [463, 660], r: 1733934262, e: -1458, error: 226
#ERR  p: [463, 661], r: 1733934252, e: -1466, error: 227
#ERR  p: [463, 662], r: 1733934242, e: -1475, error: 228
#ERR  p: [463, 663], r: 1733934232, e: -1482, error: 229
#ERR  p: [463, 664], r: 1733934222, e: -1477, error: 230
#ERR  p: [463, 665], r: 1733934212, e: -1481, error: 231
#ERR  p: [463, 666], r: 1733934202, e: -1487, error: 232
#ERR  p: [463, 667], r: 1733934192, e: -1497, error: 233
#ERR  p: [463, 668], r: 1733934182, e: -1507, error: 234
#ERR  p: [463, 669], r: 1733934172, e: -1517, error: 235
#ERR  p: [463, 670], r: 1733934162, e: -1527, error: 236
#ERR  p: [463, 671], r: 1733934152, e: -1537, error: 237
#ERR  p: [463, 672], r: 1733934142, e: -1547, error: 238
#ERR  p: [463, 673], r: 1733934132, e: -1557, error: 239
#ERR  p: [463, 674], r: 1733934122, e: -1567, error: 240
#ERR  p: [463, 675], r: 1733934112, e: -1577, error: 241
#ERR  p: [463, 676], r: 1733934102, e: -1587, error: 242
#ERR  p: [463, 677], r: 1733934092, e: -1597, error: 243
#ERR  p: [463, 678], r: 1733934082, e: -1607, error: 244
#ERR  p: [463, 679], r: 1733934072, e: -1617, error: 245
#ERR  p: [463, 680], r: 1733934062, e: -1627, error: 246
#ERR  p: [463, 681], r: 1733934052, e: -1637, error: 247
#ERR  p: [463, 682], r: 1733934042, e: -1647, error: 248
#ERR  p: [463, 683], r: 1733934032, e: -1650, error: 249
#ERR  p: [463, 684], r: 1733934022, e: -1652, error: 250
#ERR  p: [463, 685], r: 1733934012, e: -1662, error: 251
#ERR  p: [463, 686], r: 1733934002, e: -1672, error: 252
#ERR  p: [463, 687], r: 1733933992, e: -1682, error: 253
#ERR  p: [463, 688], r: 1733933982, e: -1692, error: 254
#ERR  p: [463, 689], r: 1733933972, e: -1702, error: 255
#ERR  p: [463, 690], r: 1733933962, e: -1708, error: 256
#ERR  p: [463, 691], r: 1733933952, e: -1718, error: 257
#ERR  p: [463, 692], r: 1733933942, e: -1728, error: 258
#ERR  p: [463, 693], r: 1733933932, e: -1738, error: 259
#ERR  p: [463, 694], r: 1733933922, e: -1748, error: 260
#ERR  p: [463, 695], r: 1733933912, e: -1758, error: 261
#ERR  p: [463, 696], r: 1733933902, e: -1767, error: 262
#ERR  p: [463, 697], r: 1733933892, e: -1776, error: 263
#ERR  p: [463, 698], r: 1733933882, e: -1785, error: 264
#ERR  p: [463, 699], r: 1733933872, e: -1791, error: 265
#ERR  p: [463, 700], r: 1733933862, e: -1801, error: 266
#ERR  p: [463, 701], r: 1733933852, e: -1809, error: 267
#ERR  p: [463, 702], r: 1733933842, e: -1819, error: 268
#ERR  p: [463, 703], r: 1733933832, e: -1829, error: 269
#ERR  p: [463, 704], r: 1733933822, e: -1839, error: 270
#ERR  p: [463, 705], r: 1733933812, e: -1848, error: 271
#ERR  p: [463, 706], r: 1733933802, e: -1852, error: 272
#ERR  p: [463, 707], r: 1733933792, e: -1861, error: 273
#ERR  p: [463, 708], r: 1733933782, e: -1869, error: 274
#ERR  p: [463, 709], r: 1733933772, e: -1879, error: 275
#ERR  p: [463, 710], r: 1733933762, e: -1882, error: 276
#ERR  p: [463, 711], r: 1733933752, e: -1890, error: 277
#ERR  p: [463, 712], r: 1733933742, e: -1900, error: 278
#ERR  p: [463, 713], r: 1733933732, e: -1904, error: 279
#ERR  p: [463, 714], r: 1733933722, e: -1913, error: 280
#ERR  p: [463, 715], r: 1733933712, e: -1923, error: 281
#ERR  p: [463, 716], r: 1733933702, e: -1922, error: 282
#ERR  p: [463, 717], r: 1733933692, e: -1932, error: 283
#ERR  p: [463, 718], r: 1733933682, e: -1941, error: 284
#ERR  p: [463, 719], r: 1733933672, e: -1950, error: 285
#ERR  p: [463, 720], r: 1733933662, e: -1960, error: 286
#ERR  p: [463, 721], r: 1733933652, e: -1968, error: 287
#ERR  p: [463, 722], r: 1733933642, e: -1978, error: 288
#ERR  p: [463, 723], r: 1733933632, e: -1981, error: 289
#ERR  p: [463, 724], r: 1733933622, e: -1986, error: 290
#ERR  p: [463, 725], r: 1733933612, e: -1995, error: 291
#ERR  p: [463, 726], r: 1733933602, e: -2005, error: 292
#ERR  p: [463, 727], r: 1733933592, e: -2013, error: 293
#ERR  p: [463, 728], r: 1733933582, e: -2023, error: 294
#ERR  p: [463, 729], r: 1733933572, e: -2030, error: 295
#ERR  p: [463, 730], r: 1733933562, e: -2038, error: 296
#ERR  p: [463, 731], r: 1733933552, e: -2032, error: 297
#ERR  p: [463, 732], r: 1733933542, e: -2039, error: 298
#ERR  p: [463, 733], r: 1733933532, e: -2049, error: 299
#ERR  p: [463, 734], r: 1733933522, e: -2047, error: 300
#ERR  p: [463, 735], r: 1733933512, e: -2057, error: 301
#ERR  p: [463, 736], r: 1733933502, e: -2057, error: 302
#ERR  p: [463, 737], r: 1733933492, e: -2060, error: 303
#ERR  p: [463, 738], r: 1733933482, e: -2070, error: 304
#ERR  p: [463, 739], r: 1733933472, e: -2080, error: 305
#ERR  p: [463, 740], r: 1733933462, e: -2090, error: 306
#ERR  p: [463, 741], r: 1733933452, e: -2099, error: 307
#ERR  p: [463, 742], r: 1733933442, e: -2109, error: 308
#ERR  p: [463, 743], r: 1733933432, e: -2114, error: 309
#ERR  p: [463, 744], r: 1733933422, e: -2124, error: 310
#ERR  p: [463, 745], r: 1733933412, e: -2126, error: 311
#ERR  p: [463, 746], r: 1733933402, e: -2127, error: 312
#ERR  p: [463, 747], r: 1733933392, e: -2137, error: 313
#ERR  p: [463, 748], r: 1733933382, e: -2147, error: 314
#ERR  p: [463, 749], r: 1733933372, e: -2157, error: 315
#ERR  p: [463, 750], r: 1733933362, e: -2167, error: 316
#ERR  p: [463, 751], r: 1733933352, e: -2177, error: 317
#ERR  p: [463, 752], r: 1733933342, e: -2187, error: 318
#ERR  p: [463, 753], r: 1733933332, e: -2192, error: 319
#ERR  p: [463, 754], r: 1733933322, e: -2202, error: 320
#ERR  p: [463, 755], r: 1733933312, e: -2212, error: 321
#ERR  p: [463, 756], r: 1733933302, e: -2222, error: 322
#ERR  p: [463, 757], r: 1733933292, e: -2220, error: 323
#ERR  p: [463, 758], r: 1733933282, e: -2230, error: 324
#ERR  p: [463, 759], r: 1733933272, e: -2240, error: 325
#ERR  p: [463, 760], r: 1733933262, e: -2250, error: 326
#ERR  p: [463, 761], r: 1733933252, e: -2260, error: 327
#ERR  p: [463, 762], r: 1733933242, e: -2267, error: 328
#ERR  p: [463, 763], r: 1733933232, e: -2277, error: 329
#ERR  p: [463, 764], r: 1733933222, e: -2287, error: 330
#ERR  p: [463, 765], r: 1733933212, e: -2297, error: 331
#ERR  p: [463, 766], r: 1733933202, e: -2307, error: 332
#ERR  p: [463, 767], r: 1733933192, e: -2317, error: 333
#ERR  p: [463, 768], r: 1733933182, e: -2327, error: 334
#ERR  p: [463, 769], r: 1733933172, e: -2337, error: 335
#ERR  p: [463, 770], r: 1733933162, e: -2347, error: 336
#ERR  p: [463, 771], r: 1733933152, e: -2356, error: 337
#ERR  p: [463, 772], r: 1733933142, e: -2366, error: 338
#ERR  p: [463, 773], r: 1733933132, e: -2367, error: 339
#ERR  p: [463, 774], r: 1733933122, e: -2377, error: 340
#ERR  p: [463, 775], r: 1733933112, e: -2384, error: 341
#ERR  p: [463, 776], r: 1733933102, e: -2394, error: 342
#ERR  p: [463, 777], r: 1733933092, e: -2404, error: 343
#ERR  p: [463, 778], r: 1733933082, e: -2405, error: 344
#ERR  p: [463, 779], r: 1733933072, e: -2412, error: 345
#ERR  p: [463, 780], r: 1733933062, e: -2411, error: 346
#ERR  p: [463, 781], r: 1733933052, e: -2421, error: 347
#ERR  p: [463, 782], r: 1733933042, e: -2431, error: 348
#ERR  p: [463, 783], r: 1733933032, e: -2437, error: 349
#ERR  p: [463, 784], r: 1733933022, e: -2447, error: 350
#ERR  p: [463, 785], r: 1733933012, e: -2451, error: 351
#ERR  p: [463, 786], r: 1733933002, e: -2461, error: 352
#ERR  p: [463, 787], r: 1733932992, e: -2471, error: 353
#ERR  p: [463, 788], r: 1733932982, e: -2480, error: 354
#ERR  p: [463, 789], r: 1733932972, e: -2490, error: 355
#ERR  p: [463, 790], r: 1733932962, e: -2500, error: 356
#ERR  p: [463, 791], r: 1733932952, e: -2510, error: 357
#ERR  p: [463, 792], r: 1733932942, e: -2520, error: 358
#ERR  p: [463, 793], r: 1733932932, e: -2530, error: 359
#ERR  p: [463, 794], r: 1733932922, e: -2540, error: 360
#ERR  p: [463, 795], r: 1733932912, e: -2545, error: 361
#ERR  p: [463, 796], r: 1733932902, e: -2555, error: 362
#ERR  p: [463, 797], r: 1733932892, e: -2562, error: 363
#ERR  p: [463, 798], r: 1733932882, e: -2572, error: 364
#ERR  p: [463, 799], r: 1733932872, e: -2568, error: 365
#ERR  p: [463, 800], r: 1733932862, e: -2573, error: 366
#ERR  p: [463, 801], r: 1733932852, e: -2575, error: 367
#ERR  p: [463, 802], r: 1733932842, e: -2585, error: 368
#ERR  p: [463, 803], r: 1733932832, e: -2595, error: 369
#ERR  p: [463, 804], r: 1733932822, e: -2604, error: 370
#ERR  p: [463, 805], r: 1733932812, e: -2614, error: 371
#ERR  p: [463, 806], r: 1733932802, e: -2624, error: 372
#ERR  p: [463, 807], r: 1733932792, e: -2634, error: 373
#ERR  p: [463, 808], r: 1733932782, e: -2644, error: 374
#ERR  p: [463, 809], r: 1733932772, e: -2654, error: 375
#ERR  p: [463, 810], r: 1733932762, e: -2664, error: 376
#ERR  p: [463, 811], r: 1733932752, e: -2669, error: 377
#ERR  p: [463, 812], r: 1733932742, e: -2679, error: 378
#ERR  p: [463, 813], r: 1733932732, e: -2677, error: 379
#ERR  p: [463, 814], r: 1733932722, e: -2678, error: 380
#ERR  p: [463, 815], r: 1733932712, e: -2688, error: 381
#ERR  p: [463, 816], r: 1733932702, e: -2698, error: 382
#ERR  p: [463, 817], r: 1733932692, e: -2708, error: 383
#ERR  p: [463, 818], r: 1733932682, e: -2718, error: 384
#ERR  p: [463, 819], r: 1733932672, e: -2728, error: 385
#ERR  p: [463, 820], r: 1733932662, e: -2738, error: 386
#ERR  p: [463, 821], r: 1733932652, e: -2748, error: 387
#ERR  p: [463, 822], r: 1733932642, e: -2748, error: 388
#ERR  p: [463, 823], r: 1733932632, e: -2758, error: 389
#ERR  p: [463, 824], r: 1733932622, e: -2768, error: 390
#ERR  p: [463, 825], r: 1733932612, e: -2778, error: 391
#ERR  p: [463, 826], r: 1733932602, e: -2788, error: 392
#ERR  p: [463, 827], r: 1733932592, e: -2798, error: 393
#ERR  p: [463, 828], r: 1733932582, e: -2808, error: 394
#ERR  p: [463, 829], r: 1733932572, e: -2818, error: 395
#ERR  p: [463, 830], r: 1733932562, e: -2828, error: 396
#ERR  p: [463, 831], r: 1733932552, e: -2838, error: 397
#ERR  p: [463, 832], r: 1733932542, e: -2848, error: 398
#ERR  p: [463, 833], r: 1733932532, e: -2858, error: 399
#ERR  p: [463, 834], r: 1733932522, e: -2868, error: 400
#ERR  p: [463, 835], r: 1733932512, e: -2878, error: 401
#ERR  p: [463, 836], r: 1733932502, e: -2888, error: 402
#ERR  p: [463, 837], r: 1733932492, e: -2898, error: 403
#ERR  p: [463, 838], r: 1733932482, e: -2908, error: 404
#ERR  p: [463, 839], r: 1733932472, e: -2918, error: 405
#ERR  p: [463, 840], r: 1733932462, e: -2928, error: 406
#ERR  p: [463, 841], r: 1733932452, e: -2938, error: 407
#ERR  p: [463, 842], r: 1733932442, e: -2948, error: 408
#ERR  p: [463, 843], r: 1733932432, e: -2958, error: 409
#ERR  p: [463, 844], r: 1733932422, e: -2968, error: 410
#ERR  p: [463, 845], r: 1733932412, e: -2978, error: 411
#ERR  p: [463, 846], r: 1733932402, e: -2986, error: 412
#ERR  p: [463, 847], r: 1733932392, e: -2996, error: 413
#ERR  p: [463, 848], r: 1733932382, e: -3005, error: 414
#ERR  p: [463, 849], r: 1733932372, e: -3015, error: 415
#ERR  p: [463, 850], r: 1733932362, e: -3025, error: 416
#ERR  p: [463, 851], r: 1733932352, e: -3035, error: 417
#ERR  p: [463, 852], r: 1733932342, e: -3045, error: 418
#ERR  p: [463, 853], r: 1733932332, e: -3055, error: 419
#ERR  p: [463, 854], r: 1733932322, e: -3065, error: 420
#ERR  p: [463, 855], r: 1733932312, e: -3075, error: 421
#ERR  p: [463, 856], r: 1733932302, e: -3085, error: 422
#ERR  p: [463, 857], r: 1733932292, e: -3095, error: 423
#ERR  p: [463, 858], r: 1733932282, e: -3101, error: 424
#ERR  p: [463, 859], r: 1733932272, e: -3110, error: 425
#ERR  p: [463, 860], r: 1733932262, e: -3119, error: 426
#ERR  p: [463, 861], r: 1733932252, e: -3118, error: 427
#ERR  p: [463, 862], r: 1733932242, e: -3128, error: 428
#ERR  p: [463, 863], r: 1733932232, e: -3138, error: 429
#ERR  p: [463, 864], r: 1733932222, e: -3148, error: 430
#ERR  p: [463, 865], r: 1733932212, e: -3151, error: 431
#ERR  p: [463, 866], r: 1733932202, e: -3161, error: 432
#ERR  p: [463, 867], r: 1733932192, e: -3171, error: 433
#ERR  p: [463, 868], r: 1733932182, e: -3175, error: 434
#ERR  p: [463, 869], r: 1733932172, e: -3185, error: 435
#ERR  p: [463, 870], r: 1733932162, e: -3195, error: 436
#ERR  p: [463, 871], r: 1733932152, e: -3204, error: 437
#ERR  p: [463, 872], r: 1733932142, e: -3214, error: 438
#ERR  p: [463, 873], r: 1733932132, e: -3222, error: 439
#ERR  p: [463, 874], r: 1733932122, e: -3232, error: 440
#ERR  p: [463, 875], r: 1733932112, e: -3235, error: 441
#ERR  p: [463, 876], r: 1733932102, e: -3245, error: 442
#ERR  p: [463, 877], r: 1733932092, e: -3245, error: 443
#ERR  p: [463, 878], r: 1733932082, e: -3255, error: 444
#ERR  p: [463, 879], r: 1733932072, e: -3254, error: 445
#ERR  p: [463, 880], r: 1733932062, e: -3260, error: 446
#ERR  p: [463, 881], r: 1733932052, e: -3270, error: 447
#ERR  p: [463, 882], r: 1733932042, e: -3280, error: 448
#ERR  p: [463, 883], r: 1733932032, e: -3290, error: 449
#ERR  p: [463, 884], r: 1733932022, e: -3300, error: 450
#ERR  p: [463, 885], r: 1733932012, e: -3310, error: 451
#ERR  p: [463, 886], r: 1733932002, e: -3320, error: 452
#ERR  p: [463, 887], r: 1733931992, e: -3330, error: 453
#ERR  p: [463, 888], r: 1733931982, e: -3340, error: 454
#ERR  p: [463, 889], r: 1733931972, e: -3350, error: 455
#ERR  p: [463, 890], r: 1733931962, e: -3360, error: 456
#ERR  p: [463, 891], r: 1733931952, e: -3370, error: 457
#ERR  p: [463, 892], r: 1733931942, e: -3371, error: 458
#ERR  p: [463, 893], r: 1733931932, e: -3380, error: 459
#ERR  p: [463, 894], r: 1733931922, e: -3389, error: 460
#ERR  p: [463, 895], r: 1733931912, e: -3399, error: 461
#ERR  p: [463, 896], r: 1733931902, e: -3406, error: 462
#ERR  p: [463, 897], r: 1733931892, e: -3416, error: 463
#ERR  p: [463, 898], r: 1733931882, e: -3413, error: 464
#ERR  p: [463, 899], r: 1733931872, e: -3423, error: 465
#ERR  p: [463, 900], r: 1733931862, e: -3433, error: 466
#ERR  p: [463, 901], r: 1733931852, e: -3443, error: 467
#ERR  p: [463, 902], r: 1733931842, e: -3453, error: 468
#ERR  p: [463, 903], r: 1733931832, e: -3463, error: 469
#ERR  p: [463, 904], r: 1733931822, e: -3473, error: 470
#ERR  p: [463, 905], r: 1733931812, e: -3483, error: 471
#ERR  p: [463, 906], r: 1733931802, e: -3493, error: 472
#ERR  p: [463, 907], r: 1733931792, e: -3503, error: 473
#ERR  p: [463, 908], r: 1733931782, e: -3513, error: 474
#ERR  p: [463, 909], r: 1733931772, e: -3523, error: 475
#ERR  p: [463, 910], r: 1733931762, e: -3531, error: 476
#ERR  p: [463, 911], r: 1733931752, e: -3538, error: 477
#ERR  p: [463, 912], r: 1733931742, e: -3548, error: 478
#ERR  p: [463, 913], r: 1733931732, e: -3558, error: 479
#ERR  p: [463, 914], r: 1733931722, e: -3568, error: 480
#ERR  p: [463, 915], r: 1733931712, e: -3574, error: 481
#ERR  p: [463, 916], r: 1733931702, e: -3582, error: 482
#ERR  p: [463, 917], r: 1733931692, e: -3592, error: 483
#ERR  p: [463, 918], r: 1733931682, e: -3602, error: 484
#ERR  p: [463, 919], r: 1733931672, e: -3612, error: 485
#ERR  p: [463, 920], r: 1733931662, e: -3618, error: 486
#ERR  p: [463, 921], r: 1733931652, e: -3628, error: 487
#ERR  p: [463, 922], r: 1733931642, e: -3638, error: 488
#ERR  p: [463, 923], r: 1733931632, e: -3648, error: 489
#ERR  p: [463, 924], r: 1733931622, e: -3657, error: 490
#ERR  p: [463, 925], r: 1733931612, e: -3667, error: 491
#ERR  p: [463, 926], r: 1733931602, e: -3670, error: 492
#ERR  p: [463, 927], r: 1733931592, e: -3672, error: 493
#ERR  p: [463, 928], r: 1733931582, e: -3682, error: 494
#ERR  p: [463, 929], r: 1733931572, e: -3692, error: 495
#ERR  p: [463, 930], r: 1733931562, e: -3701, error: 496
#ERR  p: [463, 931], r: 1733931552, e: -3711, error: 497
#ERR  p: [463, 932], r: 1733931542, e: -3721, error: 498
#ERR  p: [463, 933], r: 1733931532, e: -3727, error: 499
#SDC Ite:0 KerTime:0.294795 AccTime:0.294795 KerErr:500 AccErr:500
#END