#HEADER max_rows:2048 max_cols:2048 penalty:10
#BEGIN Y:2016 M:09 D:12 Time:15:46:36
#IT Ite:0 KerTime:0.294972 AccTime:0.294972
#ERR Error detected! kerrors = 1676920
#ERR  p: [918, 564], r: 1319576438, e: -2778, error: 1
#ERR  p: [918, 565], r: 1319576428, e: -2765, error: 2
#ERR  p: [918, 566], r: 1319576418, e: -2754, error: 3
#ERR  p: [918, 567], r: 1319576408, e: -2744, error: 4
#ERR  p: [918, 568], r: 1319576398, e: -2731, error: 5
#ERR  p: [918, 569], r: 1319576388, e: -2717, error: 6
#ERR  p: [918, 570], r: 1319576378, e: -2708, error: 7
#ERR  p: [918, 571], r: 1319576368, e: -2702, error: 8
#ERR  p: [918, 572], r: 1319576358, e: -2687, error: 9
#ERR  p: [918, 573], r: 1319576348, e: -2682, error: 10
#ERR  p: [918, 574], r: 1319576338, e: -2667, error: 11
#ERR  p: [918, 575], r: 1319576328, e: -2666, error: 12
#ERR  p: [918, 576], r: 1319576318, e: -2659, error: 13
#ERR  p: [918, 577], r: 1319576308, e: -2649, error: 14
#ERR  p: [918, 578], r: 1319576298, e: -2644, error: 15
#ERR  p: [918, 579], r: 1319576288, e: -2635, error: 16
#ERR  p: [918, 580], r: 1319576278, e: -2627, error: 17
#ERR  p: [918, 581], r: 1319576268, e: -2619, error: 18
#ERR  p: [918, 582], r: 1319576258, e: -2610, error: 19
#ERR  p: [918, 583], r: 1319576248, e: -2601, error: 20
#ERR  p: [918, 584], r: 1319576238, e: -2596, error: 21
#ERR  p: [918, 585], r: 1319576228, e: -2587, error: 22
#ERR  p: [918, 586], r: 1319576218, e: -2579, error: 23
#ERR  p: [918, 587], r: 1319576208, e: -2564, error: 24
#ERR  p: [918, 588], r: 1319576198, e: -2561, error: 25
#ERR  p: [918, 589], r: 1319576188, e: -2557, error: 26
#ERR  p: [918, 590], r: 1319576178, e: -2540, error: 27
#ERR  p: [918, 591], r: 1319576168, e: -2529, error: 28
#ERR  p: [918, 592], r: 1319576158, e: -2524, error: 29
#ERR  p: [918, 593], r: 1319576148, e: -2518, error: 30
#ERR  p: [918, 594], r: 1319576138, e: -2510, error: 31
#ERR  p: [918, 595], r: 1319576128, e: -2503, error: 32
#ERR  p: [918, 596], r: 1319576118, e: -2498, error: 33
#ERR  p: [918, 597], r: 1319576108, e: -2490, error: 34
#ERR  p: [918, 598], r: 1319576098, e: -2484, error: 35
#ERR  p: [918, 599], r: 1319576088, e: -2482, error: 36
#ERR  p: [918, 600], r: 1319576078, e: -2473, error: 37
#ERR  p: [918, 601], r: 1319576068, e: -2465, error: 38
#ERR  p: [918, 602], r: 1319576058, e: -2460, error: 39
#ERR  p: [918, 603], r: 1319576048, e: -2453, error: 40
#ERR  p: [918, 604], r: 1319576038, e: -2444, error: 41
#ERR  p: [918, 605], r: 1319576028, e: -2436, error: 42
#ERR  p: [918, 606], r: 1319576018, e: -2424, error: 43
#ERR  p: [918, 607], r: 1319576008, e: -2415, error: 44
#ERR  p: [918, 608], r: 1319575998, e: -2404, error: 45
#ERR  p: [918, 609], r: 1319575988, e: -2389, error: 46
#ERR  p: [918, 610], r: 1319575978, e: -2377, error: 47
#ERR  p: [918, 611], r: 1319575968, e: -2366, error: 48
#ERR  p: [918, 612], r: 1319575958, e: -2353, error: 49
#ERR  p: [918, 613], r: 1319575948, e: -2342, error: 50
#ERR  p: [918, 614], r: 1319575938, e: -2331, error: 51
#ERR  p: [918, 615], r: 1319575928, e: -2316, error: 52
#ERR  p: [918, 616], r: 1319575918, e: -2313, error: 53
#ERR  p: [918, 617], r: 1319575908, e: -2298, error: 54
#ERR  p: [918, 618], r: 1319575898, e: -2294, error: 55
#ERR  p: [918, 619], r: 1319575888, e: -2279, error: 56
#ERR  p: [918, 620], r: 1319575878, e: -2277, error: 57
#ERR  p: [918, 621], r: 1319575868, e: -2276, error: 58
#ERR  p: [918, 622], r: 1319575858, e: -2263, error: 59
#ERR  p: [918, 623], r: 1319575848, e: -2254, error: 60
#ERR  p: [918, 624], r: 1319575838, e: -2257, error: 61
#ERR  p: [918, 625], r: 1319575828, e: -2252, error: 62
#ERR  p: [918, 626], r: 1319575818, e: -2253, error: 63
#ERR  p: [918, 627], r: 1319575808, e: -2261, error: 64
#ERR  p: [918, 628], r: 1319575798, e: -2256, error: 65
#ERR  p: [918, 629], r: 1319575788, e: -2255, error: 66
#ERR  p: [918, 630], r: 1319575778, e: -2247, error: 67
#ERR  p: [918, 631], r: 1319575768, e: -2236, error: 68
#ERR  p: [918, 632], r: 1319575758, e: -2227, error: 69
#ERR  p: [918, 633], r: 1319575748, e: -2216, error: 70
#ERR  p: [918, 634], r: 1319575738, e: -2205, error: 71
#ERR  p: [918, 635], r: 1319575728, e: -2196, error: 72
#ERR  p: [918, 636], r: 1319575718, e: -2185, error: 73
#ERR  p: [918, 637], r: 1319575708, e: -2174, error: 74
#ERR  p: [918, 638], r: 1319575698, e: -2168, error: 75
#ERR  p: [918, 639], r: 1319575688, e: -2160, error: 76
#ERR  p: [918, 640], r: 1319575678, e: -2152, error: 77
#ERR  p: [918, 641], r: 1319575668, e: -2143, error: 78
#ERR  p: [918, 642], r: 1319575658, e: -2135, error: 79
#ERR  p: [918, 643], r: 1319575648, e: -2126, error: 80
#ERR  p: [918, 644], r: 1319575638, e: -2116, error: 81
#ERR  p: [918, 645], r: 1319575628, e: -2107, error: 82
#ERR  p: [918, 646], r: 1319575618, e: -2098, error: 83
#ERR  p: [918, 647], r: 1319575608, e: -2090, error: 84
#ERR  p: [918, 648], r: 1319575598, e: -2087, error: 85
#ERR  p: [918, 649], r: 1319575588, e: -2080, error: 86
#ERR  p: [918, 650], r: 1319575578, e: -2071, error: 87
#ERR  p: [918, 651], r: 1319575568, e: -2065, error: 88
#ERR  p: [918, 652], r: 1319575558, e: -2057, error: 89
#ERR  p: [918, 653], r: 1319575548, e: -2051, error: 90
#ERR  p: [918, 654], r: 1319575538, e: -2047, error: 91
#ERR  p: [918, 655], r: 1319575528, e: -2038, error: 92
#ERR  p: [918, 656], r: 1319575518, e: -2029, error: 93
#ERR  p: [918, 657], r: 1319575508, e: -2017, error: 94
#ERR  p: [918, 658], r: 1319575498, e: -2002, error: 95
#ERR  p: [918, 659], r: 1319575488, e: -1988, error: 96
#ERR  p: [918, 660], r: 1319575478, e: -1978, error: 97
#ERR  p: [918, 661], r: 1319575468, e: -1966, error: 98
#ERR  p: [918, 662], r: 1319575458, e: -1957, error: 99
#ERR  p: [918, 663], r: 1319575448, e: -1948, error: 100
#ERR  p: [918, 664], r: 1319575438, e: -1940, error: 101
#ERR  p: [918, 665], r: 1319575428, e: -1931, error: 102
#ERR  p: [918, 666], r: 1319575418, e: -1922, error: 103
#ERR  p: [918, 667], r: 1319575408, e: -1912, error: 104
#ERR  p: [918, 668], r: 1319575398, e: -1903, error: 105
#ERR  p: [918, 669], r: 1319575388, e: -1896, error: 106
#ERR  p: [918, 670], r: 1319575378, e: -1887, error: 107
#ERR  p: [918, 671], r: 1319575368, e: -1878, error: 108
#ERR  p: [918, 672], r: 1319575358, e: -1871, error: 109
#ERR  p: [918, 673], r: 1319575348, e: -1860, error: 110
#ERR  p: [918, 674], r: 1319575338, e: -1851, error: 111
#ERR  p: [918, 675], r: 1319575328, e: -1841, error: 112
#ERR  p: [918, 676], r: 1319575318, e: -1842, error: 113
#ERR  p: [918, 677], r: 1319575308, e: -1838, error: 114
#ERR  p: [918, 678], r: 1319575298, e: -1837, error: 115
#ERR  p: [918, 679], r: 1319575288, e: -1830, error: 116
#ERR  p: [918, 680], r: 1319575278, e: -1820, error: 117
#ERR  p: [918, 681], r: 1319575268, e: -1801, error: 118
#ERR  p: [918, 682], r: 1319575258, e: -1793, error: 119
#ERR  p: [918, 683], r: 1319575248, e: -1788, error: 120
#ERR  p: [918, 684], r: 1319575238, e: -1776, error: 121
#ERR  p: [918, 685], r: 1319575228, e: -1782, error: 122
#ERR  p: [918, 686], r: 1319575218, e: -1772, error: 123
#ERR  p: [918, 687], r: 1319575208, e: -1770, error: 124
#ERR  p: [918, 688], r: 1319575198, e: -1761, error: 125
#ERR  p: [918, 689], r: 1319575188, e: -1753, error: 126
#ERR  p: [918, 690], r: 1319575178, e: -1743, error: 127
#ERR  p: [918, 691], r: 1319575168, e: -1738, error: 128
#ERR  p: [918, 692], r: 1319575158, e: -1733, error: 129
#ERR  p: [918, 693], r: 1319575148, e: -1725, error: 130
#ERR  p: [918, 694], r: 1319575138, e: -1714, error: 131
#ERR  p: [918, 695], r: 1319575128, e: -1705, error: 132
#ERR  p: [918, 696], r: 1319575118, e: -1696, error: 133
#ERR  p: [918, 697], r: 1319575108, e: -1688, error: 134
#ERR  p: [918, 698], r: 1319575098, e: -1677, error: 135
#ERR  p: [918, 699], r: 1319575088, e: -1670, error: 136
#ERR  p: [918, 700], r: 1319575078, e: -1660, error: 137
#ERR  p: [918, 701], r: 1319575068, e: -1659, error: 138
#ERR  p: [918, 702], r: 1319575058, e: -1650, error: 139
#ERR  p: [918, 703], r: 1319575048, e: -1643, error: 140
#ERR  p: [918, 704], r: 1319575038, e: -1641, error: 141
#ERR  p: [918, 705], r: 1319575028, e: -1633, error: 142
#ERR  p: [918, 706], r: 1319575018, e: -1631, error: 143
#ERR  p: [918, 707], r: 1319575008, e: -1627, error: 144
#ERR  p: [918, 708], r: 1319574998, e: -1618, error: 145
#ERR  p: [918, 709], r: 1319574988, e: -1614, error: 146
#ERR  p: [918, 710], r: 1319574978, e: -1619, error: 147
#ERR  p: [918, 711], r: 1319574968, e: -1608, error: 148
#ERR  p: [918, 712], r: 1319574958, e: -1591, error: 149
#ERR  p: [918, 713], r: 1319574948, e: -1581, error: 150
#ERR  p: [918, 714], r: 1319574938, e: -1585, error: 151
#ERR  p: [918, 715], r: 1319574928, e: -1577, error: 152
#ERR  p: [918, 716], r: 1319574918, e: -1583, error: 153
#ERR  p: [918, 717], r: 1319574908, e: -1574, error: 154
#ERR  p: [918, 718], r: 1319574898, e: -1569, error: 155
#ERR  p: [918, 719], r: 1319574888, e: -1566, error: 156
#ERR  p: [918, 720], r: 1319574878, e: -1561, error: 157
#ERR  p: [918, 721], r: 1319574868, e: -1550, error: 158
#ERR  p: [918, 722], r: 1319574858, e: -1536, error: 159
#ERR  p: [918, 723], r: 1319574848, e: -1526, error: 160
#ERR  p: [918, 724], r: 1319574838, e: -1516, error: 161
#ERR  p: [918, 725], r: 1319574828, e: -1501, error: 162
#ERR  p: [918, 726], r: 1319574818, e: -1511, error: 163
#ERR  p: [918, 727], r: 1319574808, e: -1510, error: 164
#ERR  p: [918, 728], r: 1319574798, e: -1500, error: 165
#ERR  p: [918, 729], r: 1319574788, e: -1488, error: 166
#ERR  p: [918, 730], r: 1319574778, e: -1479, error: 167
#ERR  p: [918, 731], r: 1319574768, e: -1470, error: 168
#ERR  p: [918, 732], r: 1319574758, e: -1463, error: 169
#ERR  p: [918, 733], r: 1319574748, e: -1457, error: 170
#ERR  p: [918, 734], r: 1319574738, e: -1456, error: 171
#ERR  p: [918, 735], r: 1319574728, e: -1450, error: 172
#ERR  p: [918, 736], r: 1319574718, e: -1451, error: 173
#ERR  p: [918, 737], r: 1319574708, e: -1440, error: 174
#ERR  p: [918, 738], r: 1319574698, e: -1433, error: 175
#ERR  p: [918, 739], r: 1319574688, e: -1427, error: 176
#ERR  p: [918, 740], r: 1319574678, e: -1421, error: 177
#ERR  p: [918, 741], r: 1319574668, e: -1406, error: 178
#ERR  p: [918, 742], r: 1319574658, e: -1400, error: 179
#ERR  p: [918, 743], r: 1319574648, e: -1388, error: 180
#ERR  p: [918, 744], r: 1319574638, e: -1376, error: 181
#ERR  p: [918, 745], r: 1319574628, e: -1369, error: 182
#ERR  p: [918, 746], r: 1319574618, e: -1360, error: 183
#ERR  p: [918, 747], r: 1319574608, e: -1354, error: 184
#ERR  p: [918, 748], r: 1319574598, e: -1346, error: 185
#ERR  p: [918, 749], r: 1319574588, e: -1337, error: 186
#ERR  p: [918, 750], r: 1319574578, e: -1332, error: 187
#ERR  p: [918, 751], r: 1319574568, e: -1330, error: 188
#ERR  p: [918, 752], r: 1319574558, e: -1321, error: 189
#ERR  p: [918, 753], r: 1319574548, e: -1312, error: 190
#ERR  p: [918, 754], r: 1319574538, e: -1305, error: 191
#ERR  p: [918, 755], r: 1319574528, e: -1300, error: 192
#ERR  p: [918, 756], r: 1319574518, e: -1294, error: 193
#ERR  p: [918, 757], r: 1319574508, e: -1284, error: 194
#ERR  p: [918, 758], r: 1319574498, e: -1275, error: 195
#ERR  p: [918, 759], r: 1319574488, e: -1281, error: 196
#ERR  p: [918, 760], r: 1319574478, e: -1272, error: 197
#ERR  p: [918, 761], r: 1319574468, e: -1269, error: 198
#ERR  p: [918, 762], r: 1319574458, e: -1272, error: 199
#ERR  p: [918, 763], r: 1319574448, e: -1271, error: 200
#ERR  p: [918, 764], r: 1319574438, e: -1264, error: 201
#ERR  p: [918, 765], r: 1319574428, e: -1251, error: 202
#ERR  p: [918, 766], r: 1319574418, e: -1240, error: 203
#ERR  p: [918, 767], r: 1319574408, e: -1243, error: 204
#ERR  p: [918, 768], r: 1319574398, e: -1234, error: 205
#ERR  p: [918, 769], r: 1319574388, e: -1231, error: 206
#ERR  p: [918, 770], r: 1319574378, e: -1225, error: 207
#ERR  p: [918, 771], r: 1319574368, e: -1221, error: 208
#ERR  p: [918, 772], r: 1319574358, e: -1212, error: 209
#ERR  p: [918, 773], r: 1319574348, e: -1216, error: 210
#ERR  p: [918, 774], r: 1319574338, e: -1209, error: 211
#ERR  p: [918, 775], r: 1319574328, e: -1202, error: 212
#ERR  p: [918, 776], r: 1319574318, e: -1194, error: 213
#ERR  p: [918, 777], r: 1319574308, e: -1187, error: 214
#ERR  p: [918, 778], r: 1319574298, e: -1193, error: 215
#ERR  p: [918, 779], r: 1319574288, e: -1190, error: 216
#ERR  p: [918, 780], r: 1319574278, e: -1183, error: 217
#ERR  p: [918, 781], r: 1319574268, e: -1176, error: 218
#ERR  p: [918, 782], r: 1319574258, e: -1171, error: 219
#ERR  p: [918, 783], r: 1319574248, e: -1167, error: 220
#ERR  p: [918, 784], r: 1319574238, e: -1154, error: 221
#ERR  p: [918, 785], r: 1319574228, e: -1142, error: 222
#ERR  p: [918, 786], r: 1319574218, e: -1133, error: 223
#ERR  p: [918, 787], r: 1319574208, e: -1126, error: 224
#ERR  p: [918, 788], r: 1319574198, e: -1113, error: 225
#ERR  p: [918, 789], r: 1319574188, e: -1103, error: 226
#ERR  p: [918, 790], r: 1319574178, e: -1086, error: 227
#ERR  p: [918, 791], r: 1319574168, e: -1075, error: 228
#ERR  p: [918, 792], r: 1319574158, e: -1068, error: 229
#ERR  p: [918, 793], r: 1319574148, e: -1064, error: 230
#ERR  p: [918, 794], r: 1319574138, e: -1061, error: 231
#ERR  p: [918, 795], r: 1319574128, e: -1054, error: 232
#ERR  p: [918, 796], r: 1319574118, e: -1048, error: 233
#ERR  p: [918, 797], r: 1319574108, e: -1039, error: 234
#ERR  p: [918, 798], r: 1319574098, e: -1028, error: 235
#ERR  p: [918, 799], r: 1319574088, e: -1026, error: 236
#ERR  p: [918, 800], r: 1319574078, e: -1021, error: 237
#ERR  p: [918, 801], r: 1319574068, e: -1012, error: 238
#ERR  p: [918, 802], r: 1319574058, e: -1001, error: 239
#ERR  p: [918, 803], r: 1319574048, e: -994, error: 240
#ERR  p: [918, 804], r: 1319574038, e: -985, error: 241
#ERR  p: [918, 805], r: 1319574028, e: -979, error: 242
#ERR  p: [918, 806], r: 1319574018, e: -984, error: 243
#ERR  p: [918, 807], r: 1319574008, e: -981, error: 244
#ERR  p: [918, 808], r: 1319573998, e: -982, error: 245
#ERR  p: [918, 809], r: 1319573988, e: -986, error: 246
#ERR  p: [918, 810], r: 1319573978, e: -977, error: 247
#ERR  p: [918, 811], r: 1319573968, e: -969, error: 248
#ERR  p: [918, 812], r: 1319573958, e: -955, error: 249
#ERR  p: [918, 813], r: 1319573948, e: -952, error: 250
#ERR  p: [918, 814], r: 1319573938, e: -943, error: 251
#ERR  p: [918, 815], r: 1319573928, e: -929, error: 252
#ERR  p: [918, 816], r: 1319573918, e: -932, error: 253
#ERR  p: [918, 817], r: 1319573908, e: -928, error: 254
#ERR  p: [918, 818], r: 1319573898, e: -920, error: 255
#ERR  p: [918, 819], r: 1319573888, e: -920, error: 256
#ERR  p: [918, 820], r: 1319573878, e: -912, error: 257
#ERR  p: [918, 821], r: 1319573868, e: -906, error: 258
#ERR  p: [918, 822], r: 1319573858, e: -897, error: 259
#ERR  p: [918, 823], r: 1319573848, e: -890, error: 260
#ERR  p: [918, 824], r: 1319573838, e: -882, error: 261
#ERR  p: [918, 825], r: 1319573828, e: -881, error: 262
#ERR  p: [918, 826], r: 1319573818, e: -876, error: 263
#ERR  p: [918, 827], r: 1319573808, e: -875, error: 264
#ERR  p: [918, 828], r: 1319573798, e: -868, error: 265
#ERR  p: [918, 829], r: 1319573788, e: -860, error: 266
#ERR  p: [918, 830], r: 1319573778, e: -860, error: 267
#ERR  p: [918, 831], r: 1319573768, e: -857, error: 268
#ERR  p: [918, 832], r: 1319573758, e: -854, error: 269
#ERR  p: [918, 833], r: 1319573748, e: -857, error: 270
#ERR  p: [918, 834], r: 1319573738, e: -850, error: 271
#ERR  p: [918, 835], r: 1319573728, e: -843, error: 272
#ERR  p: [918, 836], r: 1319573718, e: -834, error: 273
#ERR  p: [918, 837], r: 1319573708, e: -825, error: 274
#ERR  p: [918, 838], r: 1319573698, e: -821, error: 275
#ERR  p: [918, 839], r: 1319573688, e: -813, error: 276
#ERR  p: [918, 840], r: 1319573678, e: -804, error: 277
#ERR  p: [918, 841], r: 1319573668, e: -796, error: 278
#ERR  p: [918, 842], r: 1319573658, e: -791, error: 279
#ERR  p: [918, 843], r: 1319573648, e: -784, error: 280
#ERR  p: [918, 844], r: 1319573638, e: -791, error: 281
#ERR  p: [918, 845], r: 1319573628, e: -795, error: 282
#ERR  p: [918, 846], r: 1319573618, e: -795, error: 283
#ERR  p: [918, 847], r: 1319573608, e: -787, error: 284
#ERR  p: [918, 848], r: 1319573598, e: -779, error: 285
#ERR  p: [918, 849], r: 1319573588, e: -772, error: 286
#ERR  p: [918, 850], r: 1319573578, e: -763, error: 287
#ERR  p: [918, 851], r: 1319573568, e: -753, error: 288
#ERR  p: [918, 852], r: 1319573558, e: -744, error: 289
#ERR  p: [918, 853], r: 1319573548, e: -729, error: 290
#ERR  p: [918, 854], r: 1319573538, e: -736, error: 291
#ERR  p: [918, 855], r: 1319573528, e: -733, error: 292
#ERR  p: [918, 856], r: 1319573518, e: -743, error: 293
#ERR  p: [918, 857], r: 1319573508, e: -750, error: 294
#ERR  p: [918, 858], r: 1319573498, e: -756, error: 295
#ERR  p: [918, 859], r: 1319573488, e: -751, error: 296
#ERR  p: [918, 860], r: 1319573478, e: -743, error: 297
#ERR  p: [918, 861], r: 1319573468, e: -740, error: 298
#ERR  p: [918, 862], r: 1319573458, e: -730, error: 299
#ERR  p: [918, 863], r: 1319573448, e: -726, error: 300
#ERR  p: [918, 864], r: 1319573438, e: -720, error: 301
#ERR  p: [918, 865], r: 1319573428, e: -711, error: 302
#ERR  p: [918, 866], r: 1319573418, e: -721, error: 303
#ERR  p: [918, 867], r: 1319573408, e: -722, error: 304
#ERR  p: [918, 868], r: 1319573398, e: -713, error: 305
#ERR  p: [918, 869], r: 1319573388, e: -705, error: 306
#ERR  p: [918, 870], r: 1319573378, e: -695, error: 307
#ERR  p: [918, 871], r: 1319573368, e: -684, error: 308
#ERR  p: [918, 872], r: 1319573358, e: -679, error: 309
#ERR  p: [918, 873], r: 1319573348, e: -678, error: 310
#ERR  p: [918, 874], r: 1319573338, e: -688, error: 311
#ERR  p: [918, 875], r: 1319573328, e: -696, error: 312
#ERR  p: [918, 876], r: 1319573318, e: -696, error: 313
#ERR  p: [918, 877], r: 1319573308, e: -688, error: 314
#ERR  p: [918, 878], r: 1319573298, e: -682, error: 315
#ERR  p: [918, 879], r: 1319573288, e: -671, error: 316
#ERR  p: [918, 880], r: 1319573278, e: -664, error: 317
#ERR  p: [918, 881], r: 1319573268, e: -669, error: 318
#ERR  p: [918, 882], r: 1319573258, e: -665, error: 319
#ERR  p: [918, 883], r: 1319573248, e: -663, error: 320
#ERR  p: [918, 884], r: 1319573238, e: -661, error: 321
#ERR  p: [918, 885], r: 1319573228, e: -670, error: 322
#ERR  p: [918, 886], r: 1319573218, e: -658, error: 323
#ERR  p: [918, 887], r: 1319573208, e: -649, error: 324
#ERR  p: [918, 888], r: 1319573198, e: -647, error: 325
#ERR  p: [918, 889], r: 1319573188, e: -643, error: 326
#ERR  p: [918, 890], r: 1319573178, e: -650, error: 327
#ERR  p: [918, 891], r: 1319573168, e: -645, error: 328
#ERR  p: [918, 892], r: 1319573158, e: -642, error: 329
#ERR  p: [918, 893], r: 1319573148, e: -635, error: 330
#ERR  p: [918, 894], r: 1319573138, e: -637, error: 331
#ERR  p: [918, 895], r: 1319573128, e: -644, error: 332
#ERR  p: [918, 896], r: 1319573118, e: -654, error: 333
#ERR  p: [918, 897], r: 1319573108, e: -661, error: 334
#ERR  p: [918, 898], r: 1319573098, e: -671, error: 335
#ERR  p: [918, 899], r: 1319573088, e: -671, error: 336
#ERR  p: [918, 900], r: 1319573078, e: -676, error: 337
#ERR  p: [918, 901], r: 1319573068, e: -676, error: 338
#ERR  p: [918, 902], r: 1319573058, e: -668, error: 339
#ERR  p: [918, 903], r: 1319573048, e: -676, error: 340
#ERR  p: [918, 904], r: 1319573038, e: -674, error: 341
#ERR  p: [918, 905], r: 1319573028, e: -667, error: 342
#ERR  p: [918, 906], r: 1319573018, e: -676, error: 343
#ERR  p: [918, 907], r: 1319573008, e: -682, error: 344
#ERR  p: [918, 908], r: 1319572998, e: -681, error: 345
#ERR  p: [918, 909], r: 1319572988, e: -675, error: 346
#ERR  p: [918, 910], r: 1319572978, e: -675, error: 347
#ERR  p: [918, 911], r: 1319572968, e: -684, error: 348
#ERR  p: [918, 912], r: 1319572958, e: -694, error: 349
#ERR  p: [918, 913], r: 1319572948, e: -690, error: 350
#ERR  p: [918, 914], r: 1319572938, e: -700, error: 351
#ERR  p: [918, 915], r: 1319572928, e: -693, error: 352
#ERR  p: [918, 916], r: 1319572918, e: -682, error: 353
#ERR  p: [918, 917], r: 1319572908, e: -675, error: 354
#ERR  p: [918, 918], r: 1319572898, e: -683, error: 355
#ERR  p: [918, 919], r: 1319572888, e: -693, error: 356
#ERR  p: [918, 920], r: 1319572878, e: -699, error: 357
#ERR  p: [918, 921], r: 1319572868, e: -709, error: 358
#ERR  p: [918, 922], r: 1319572858, e: -712, error: 359
#ERR  p: [918, 923], r: 1319572848, e: -708, error: 360
#ERR  p: [918, 924], r: 1319572838, e: -709, error: 361
#ERR  p: [918, 925], r: 1319572828, e: -714, error: 362
#ERR  p: [918, 926], r: 1319572818, e: -714, error: 363
#ERR  p: [918, 927], r: 1319572808, e: -718, error: 364
#ERR  p: [918, 928], r: 1319572798, e: -711, error: 365
#ERR  p: [918, 929], r: 1319572788, e: -721, error: 366
#ERR  p: [918, 930], r: 1319572778, e: -717, error: 367
#ERR  p: [918, 931], r: 1319572768, e: -712, error: 368
#ERR  p: [918, 932], r: 1319572758, e: -711, error: 369
#ERR  p: [918, 933], r: 1319572748, e: -713, error: 370
#ERR  p: [918, 934], r: 1319572738, e: -710, error: 371
#ERR  p: [918, 935], r: 1319572728, e: -720, error: 372
#ERR  p: [918, 936], r: 1319572718, e: -726, error: 373
#ERR  p: [918, 937], r: 1319572708, e: -722, error: 374
#ERR  p: [918, 938], r: 1319572698, e: -717, error: 375
#ERR  p: [918, 939], r: 1319572688, e: -709, error: 376
#ERR  p: [918, 940], r: 1319572678, e: -715, error: 377
#ERR  p: [918, 941], r: 1319572668, e: -717, error: 378
#ERR  p: [918, 942], r: 1319572658, e: -722, error: 379
#ERR  p: [918, 943], r: 1319572648, e: -717, error: 380
#ERR  p: [918, 944], r: 1319572638, e: -714, error: 381
#ERR  p: [918, 945], r: 1319572628, e: -709, error: 382
#ERR  p: [918, 946], r: 1319572618, e: -719, error: 383
#ERR  p: [918, 947], r: 1319572608, e: -713, error: 384
#ERR  p: [918, 948], r: 1319572598, e: -704, error: 385
#ERR  p: [918, 949], r: 1319572588, e: -714, error: 386
#ERR  p: [918, 950], r: 1319572578, e: -710, error: 387
#ERR  p: [918, 951], r: 1319572568, e: -717, error: 388
#ERR  p: [918, 952], r: 1319572558, e: -715, error: 389
#ERR  p: [918, 953], r: 1319572548, e: -717, error: 390
#ERR  p: [918, 954], r: 1319572538, e: -725, error: 391
#ERR  p: [918, 955], r: 1319572528, e: -731, error: 392
#ERR  p: [918, 956], r: 1319572518, e: -730, error: 393
#ERR  p: [918, 957], r: 1319572508, e: -740, error: 394
#ERR  p: [918, 958], r: 1319572498, e: -743, error: 395
#ERR  p: [918, 959], r: 1319572488, e: -747, error: 396
#ERR  p: [918, 960], r: 1319572478, e: -755, error: 397
#ERR  p: [918, 961], r: 1319572468, e: -764, error: 398
#ERR  p: [918, 962], r: 1319572458, e: -774, error: 399
#ERR  p: [918, 963], r: 1319572448, e: -782, error: 400
#ERR  p: [918, 964], r: 1319572438, e: -777, error: 401
#ERR  p: [918, 965], r: 1319572428, e: -782, error: 402
#ERR  p: [918, 966], r: 1319572418, e: -774, error: 403
#ERR  p: [918, 967], r: 1319572408, e: -769, error: 404
#ERR  p: [918, 968], r: 1319572398, e: -770, error: 405
#ERR  p: [918, 969], r: 1319572388, e: -775, error: 406
#ERR  p: [918, 970], r: 1319572378, e: -782, error: 407
#ERR  p: [918, 971], r: 1319572368, e: -786, error: 408
#ERR  p: [918, 972], r: 1319572358, e: -788, error: 409
#ERR  p: [918, 973], r: 1319572348, e: -779, error: 410
#ERR  p: [918, 974], r: 1319572338, e: -778, error: 411
#ERR  p: [918, 975], r: 1319572328, e: -773, error: 412
#ERR  p: [918, 976], r: 1319572318, e: -783, error: 413
#ERR  p: [918, 977], r: 1319572308, e: -792, error: 414
#ERR  p: [918, 978], r: 1319572298, e: -801, error: 415
#ERR  p: [918, 979], r: 1319572288, e: -810, error: 416
#ERR  p: [918, 980], r: 1319572278, e: -819, error: 417
#ERR  p: [918, 981], r: 1319572268, e: -813, error: 418
#ERR  p: [918, 982], r: 1319572258, e: -819, error: 419
#ERR  p: [918, 983], r: 1319572248, e: -821, error: 420
#ERR  p: [918, 984], r: 1319572238, e: -831, error: 421
#ERR  p: [918, 985], r: 1319572228, e: -841, error: 422
#ERR  p: [918, 986], r: 1319572218, e: -844, error: 423
#ERR  p: [918, 987], r: 1319572208, e: -843, error: 424
#ERR  p: [918, 988], r: 1319572198, e: -841, error: 425
#ERR  p: [918, 989], r: 1319572188, e: -849, error: 426
#ERR  p: [918, 990], r: 1319572178, e: -859, error: 427
#ERR  p: [918, 991], r: 1319572168, e: -868, error: 428
#ERR  p: [918, 992], r: 1319572158, e: -876, error: 429
#ERR  p: [918, 993], r: 1319572148, e: -886, error: 430
#ERR  p: [918, 994], r: 1319572138, e: -893, error: 431
#ERR  p: [918, 995], r: 1319572128, e: -903, error: 432
#ERR  p: [918, 996], r: 1319572118, e: -898, error: 433
#ERR  p: [918, 997], r: 1319572108, e: -892, error: 434
#ERR  p: [918, 998], r: 1319572098, e: -900, error: 435
#ERR  p: [918, 999], r: 1319572088, e: -893, error: 436
#ERR  p: [918, 1000], r: 1319572078, e: -886, error: 437
#ERR  p: [918, 1001], r: 1319572068, e: -890, error: 438
#ERR  p: [918, 1002], r: 1319572058, e: -886, error: 439
#ERR  p: [918, 1003], r: 1319572048, e: -890, error: 440
#ERR  p: [918, 1004], r: 1319572038, e: -888, error: 441
#ERR  p: [918, 1005], r: 1319572028, e: -883, error: 442
#ERR  p: [918, 1006], r: 1319572018, e: -877, error: 443
#ERR  p: [918, 1007], r: 1319572008, e: -885, error: 444
#ERR  p: [918, 1008], r: 1319571998, e: -895, error: 445
#ERR  p: [918, 1009], r: 1319571988, e: -905, error: 446
#ERR  p: [918, 1010], r: 1319571978, e: -915, error: 447
#ERR  p: [918, 1011], r: 1319571968, e: -925, error: 448
#ERR  p: [918, 1012], r: 1319571958, e: -935, error: 449
#ERR  p: [918, 1013], r: 1319571948, e: -945, error: 450
#ERR  p: [918, 1014], r: 1319571938, e: -954, error: 451
#ERR  p: [918, 1015], r: 1319571928, e: -948, error: 452
#ERR  p: [918, 1016], r: 1319571918, e: -950, error: 453
#ERR  p: [918, 1017], r: 1319571908, e: -946, error: 454
#ERR  p: [918, 1018], r: 1319571898, e: -951, error: 455
#ERR  p: [918, 1019], r: 1319571888, e: -961, error: 456
#ERR  p: [918, 1020], r: 1319571878, e: -967, error: 457
#ERR  p: [918, 1021], r: 1319571868, e: -975, error: 458
#ERR  p: [918, 1022], r: 1319571858, e: -985, error: 459
#ERR  p: [918, 1023], r: 1319571848, e: -995, error: 460
#ERR  p: [918, 1024], r: 1319571838, e: -1002, error: 461
#ERR  p: [918, 1025], r: 1319571828, e: -1004, error: 462
#ERR  p: [918, 1026], r: 1319571818, e: -1010, error: 463
#ERR  p: [918, 1027], r: 1319571808, e: -1020, error: 464
#ERR  p: [918, 1028], r: 1319571798, e: -1029, error: 465
#ERR  p: [918, 1029], r: 1319571788, e: -1038, error: 466
#ERR  p: [918, 1030], r: 1319571778, e: -1033, error: 467
#ERR  p: [918, 1031], r: 1319571768, e: -1037, error: 468
#ERR  p: [918, 1032], r: 1319571758, e: -1027, error: 469
#ERR  p: [918, 1033], r: 1319571748, e: -1025, error: 470
#ERR  p: [918, 1034], r: 1319571738, e: -1035, error: 471
#ERR  p: [918, 1035], r: 1319571728, e: -1045, error: 472
#ERR  p: [918, 1036], r: 1319571718, e: -1054, error: 473
#ERR  p: [918, 1037], r: 1319571708, e: -1064, error: 474
#ERR  p: [918, 1038], r: 1319571698, e: -1062, error: 475
#ERR  p: [918, 1039], r: 1319571688, e: -1067, error: 476
#ERR  p: [918, 1040], r: 1319571678, e: -1069, error: 477
#ERR  p: [918, 1041], r: 1319571668, e: -1065, error: 478
#ERR  p: [918, 1042], r: 1319571658, e: -1057, error: 479
#ERR  p: [918, 1043], r: 1319571648, e: -1055, error: 480
#ERR  p: [918, 1044], r: 1319571638, e: -1045, error: 481
#ERR  p: [918, 1045], r: 1319571628, e: -1051, error: 482
#ERR  p: [918, 1046], r: 1319571618, e: -1059, error: 483
#ERR  p: [918, 1047], r: 1319571608, e: -1065, error: 484
#ERR  p: [918, 1048], r: 1319571598, e: -1074, error: 485
#ERR  p: [918, 1049], r: 1319571588, e: -1084, error: 486
#ERR  p: [918, 1050], r: 1319571578, e: -1086, error: 487
#ERR  p: [918, 1051], r: 1319571568, e: -1096, error: 488
#ERR  p: [918, 1052], r: 1319571558, e: -1106, error: 489
#ERR  p: [918, 1053], r: 1319571548, e: -1109, error: 490
#ERR  p: [918, 1054], r: 1319571538, e: -1108, error: 491
#ERR  p: [918, 1055], r: 1319571528, e: -1118, error: 492
#ERR  p: [918, 1056], r: 1319571518, e: -1122, error: 493
#ERR  p: [918, 1057], r: 1319571508, e: -1132, error: 494
#ERR  p: [918, 1058], r: 1319571498, e: -1141, error: 495
#ERR  p: [918, 1059], r: 1319571488, e: -1150, error: 496
#ERR  p: [918, 1060], r: 1319571478, e: -1160, error: 497
#ERR  p: [918, 1061], r: 1319571468, e: -1163, error: 498
#ERR  p: [918, 1062], r: 1319571458, e: -1163, error: 499
#SDC Ite:0 KerTime:0.294972 AccTime:0.294972 KerErr:500 AccErr:500
#END