#HEADER max_rows:2048 max_cols:2048 penalty:10
#BEGIN Y:2016 M:09 D:12 Time:14:01:57
#IT Ite:0 KerTime:0.293960 AccTime:0.293960
#ERR Error detected! kerrors = 1216376
#ERR  p: [294, 667], r: 7, e: -3035, error: 1
#ERR  p: [294, 668], r: 6, e: -3045, error: 2
#ERR  p: [294, 669], r: 10, e: -3055, error: 3
#ERR  p: [294, 670], r: 7, e: -3065, error: 4
#ERR  p: [294, 671], r: 18, e: -3075, error: 5
#ERR  p: [294, 672], r: 11, e: -3085, error: 6
#ERR  p: [294, 673], r: 1, e: -3095, error: 7
#ERR  p: [294, 674], r: -9, e: -3105, error: 8
#ERR  p: [294, 675], r: -19, e: -3115, error: 9
#ERR  p: [294, 676], r: -29, e: -3124, error: 10
#ERR  p: [294, 677], r: -39, e: -3134, error: 11
#ERR  p: [294, 678], r: -49, e: -3144, error: 12
#ERR  p: [294, 679], r: -59, e: -3152, error: 13
#ERR  p: [294, 680], r: -69, e: -3162, error: 14
#ERR  p: [294, 681], r: -79, e: -3172, error: 15
#ERR  p: [294, 682], r: -89, e: -3182, error: 16
#ERR  p: [294, 683], r: -99, e: -3192, error: 17
#ERR  p: [294, 684], r: -109, e: -3202, error: 18
#ERR  p: [294, 685], r: -119, e: -3200, error: 19
#ERR  p: [294, 686], r: -129, e: -3210, error: 20
#ERR  p: [294, 687], r: -139, e: -3214, error: 21
#ERR  p: [294, 688], r: -149, e: -3224, error: 22
#ERR  p: [294, 689], r: -159, e: -3234, error: 23
#ERR  p: [294, 690], r: -169, e: -3244, error: 24
#ERR  p: [294, 691], r: -179, e: -3250, error: 25
#ERR  p: [294, 692], r: -189, e: -3255, error: 26
#ERR  p: [294, 693], r: -199, e: -3264, error: 27
#ERR  p: [294, 694], r: -209, e: -3274, error: 28
#ERR  p: [294, 695], r: -219, e: -3284, error: 29
#ERR  p: [294, 696], r: -229, e: -3294, error: 30
#ERR  p: [294, 697], r: -239, e: -3303, error: 31
#ERR  p: [294, 698], r: -249, e: -3313, error: 32
#ERR  p: [294, 699], r: -259, e: -3323, error: 33
#ERR  p: [294, 700], r: -269, e: -3333, error: 34
#ERR  p: [294, 701], r: -279, e: -3340, error: 35
#ERR  p: [294, 702], r: -289, e: -3350, error: 36
#ERR  p: [294, 703], r: -299, e: -3360, error: 37
#ERR  p: [294, 704], r: -309, e: -3370, error: 38
#ERR  p: [294, 705], r: -319, e: -3380, error: 39
#ERR  p: [294, 706], r: -329, e: -3390, error: 40
#ERR  p: [294, 707], r: -339, e: -3399, error: 41
#ERR  p: [294, 708], r: -349, e: -3409, error: 42
#ERR  p: [294, 709], r: -359, e: -3419, error: 43
#ERR  p: [294, 710], r: -369, e: -3429, error: 44
#ERR  p: [294, 711], r: -379, e: -3439, error: 45
#ERR  p: [294, 712], r: -389, e: -3449, error: 46
#ERR  p: [294, 713], r: -399, e: -3452, error: 47
#ERR  p: [294, 714], r: -409, e: -3460, error: 48
#ERR  p: [294, 715], r: -419, e: -3470, error: 49
#ERR  p: [294, 716], r: -429, e: -3470, error: 50
#ERR  p: [294, 717], r: -439, e: -3476, error: 51
#ERR  p: [294, 718], r: -449, e: -3486, error: 52
#ERR  p: [294, 719], r: -459, e: -3496, error: 53
#ERR  p: [294, 720], r: -469, e: -3501, error: 54
#ERR  p: [294, 721], r: -479, e: -3511, error: 55
#ERR  p: [294, 722], r: -489, e: -3521, error: 56
#ERR  p: [294, 723], r: -499, e: -3530, error: 57
#ERR  p: [294, 724], r: -509, e: -3540, error: 58
#ERR  p: [294, 725], r: -519, e: -3550, error: 59
#ERR  p: [294, 726], r: -529, e: -3557, error: 60
#ERR  p: [294, 727], r: -539, e: -3563, error: 61
#ERR  p: [294, 728], r: -549, e: -3572, error: 62
#ERR  p: [294, 729], r: -559, e: -3582, error: 63
#ERR  p: [294, 730], r: -569, e: -3592, error: 64
#ERR  p: [294, 731], r: -579, e: -3602, error: 65
#ERR  p: [294, 732], r: -589, e: -3612, error: 66
#ERR  p: [294, 733], r: -599, e: -3622, error: 67
#ERR  p: [294, 734], r: -609, e: -3632, error: 68
#ERR  p: [294, 735], r: -619, e: -3642, error: 69
#ERR  p: [294, 736], r: -629, e: -3644, error: 70
#ERR  p: [294, 737], r: -639, e: -3654, error: 71
#ERR  p: [294, 738], r: -649, e: -3664, error: 72
#ERR  p: [294, 739], r: -659, e: -3674, error: 73
#ERR  p: [294, 740], r: -669, e: -3684, error: 74
#ERR  p: [294, 741], r: -679, e: -3694, error: 75
#ERR  p: [294, 742], r: -689, e: -3704, error: 76
#ERR  p: [294, 743], r: -699, e: -3714, error: 77
#ERR  p: [294, 744], r: -709, e: -3724, error: 78
#ERR  p: [294, 745], r: -719, e: -3734, error: 79
#ERR  p: [294, 746], r: -729, e: -3744, error: 80
#ERR  p: [294, 747], r: -739, e: -3754, error: 81
#ERR  p: [294, 748], r: -749, e: -3764, error: 82
#ERR  p: [294, 749], r: -759, e: -3774, error: 83
#ERR  p: [294, 750], r: -769, e: -3783, error: 84
#ERR  p: [294, 751], r: -779, e: -3793, error: 85
#ERR  p: [294, 752], r: -789, e: -3802, error: 86
#ERR  p: [294, 753], r: -799, e: -3812, error: 87
#ERR  p: [294, 754], r: -809, e: -3822, error: 88
#ERR  p: [294, 755], r: -819, e: -3832, error: 89
#ERR  p: [294, 756], r: -829, e: -3842, error: 90
#ERR  p: [294, 757], r: -839, e: -3852, error: 91
#ERR  p: [294, 758], r: -849, e: -3862, error: 92
#ERR  p: [294, 759], r: -859, e: -3867, error: 93
#ERR  p: [294, 760], r: -869, e: -3874, error: 94
#ERR  p: [294, 761], r: -879, e: -3884, error: 95
#ERR  p: [294, 762], r: -889, e: -3894, error: 96
#ERR  p: [294, 763], r: -899, e: -3904, error: 97
#ERR  p: [294, 764], r: -909, e: -3914, error: 98
#ERR  p: [294, 765], r: -919, e: -3924, error: 99
#ERR  p: [294, 766], r: -929, e: -3934, error: 100
#ERR  p: [294, 767], r: -939, e: -3944, error: 101
#ERR  p: [294, 768], r: -949, e: -3954, error: 102
#ERR  p: [294, 769], r: -959, e: -3964, error: 103
#ERR  p: [294, 770], r: -969, e: -3969, error: 104
#ERR  p: [294, 771], r: -979, e: -3977, error: 105
#ERR  p: [294, 772], r: -989, e: -3987, error: 106
#ERR  p: [294, 773], r: -999, e: -3997, error: 107
#ERR  p: [294, 774], r: -1009, e: -4007, error: 108
#ERR  p: [294, 775], r: -1019, e: -4017, error: 109
#ERR  p: [294, 776], r: -1029, e: -4026, error: 110
#ERR  p: [294, 777], r: -1039, e: -4035, error: 111
#ERR  p: [294, 778], r: -1049, e: -4045, error: 112
#ERR  p: [294, 779], r: -1059, e: -4055, error: 113
#ERR  p: [294, 780], r: -1069, e: -4061, error: 114
#ERR  p: [294, 781], r: -1079, e: -4068, error: 115
#ERR  p: [294, 782], r: -1089, e: -4077, error: 116
#ERR  p: [294, 783], r: -1099, e: -4087, error: 117
#ERR  p: [294, 784], r: -1109, e: -4097, error: 118
#ERR  p: [294, 785], r: -1119, e: -4105, error: 119
#ERR  p: [294, 786], r: -1129, e: -4114, error: 120
#ERR  p: [294, 787], r: -1139, e: -4116, error: 121
#ERR  p: [294, 788], r: -1149, e: -4126, error: 122
#ERR  p: [294, 789], r: -1159, e: -4136, error: 123
#ERR  p: [294, 790], r: -1169, e: -4146, error: 124
#ERR  p: [294, 791], r: -1179, e: -4156, error: 125
#ERR  p: [294, 792], r: -1189, e: -4164, error: 126
#ERR  p: [294, 793], r: -1199, e: -4174, error: 127
#ERR  p: [294, 794], r: -1209, e: -4184, error: 128
#ERR  p: [294, 795], r: -1219, e: -4190, error: 129
#ERR  p: [294, 796], r: -1229, e: -4198, error: 130
#ERR  p: [294, 797], r: -1239, e: -4208, error: 131
#ERR  p: [294, 798], r: -1249, e: -4218, error: 132
#ERR  p: [294, 799], r: -1259, e: -4223, error: 133
#ERR  p: [294, 800], r: -1269, e: -4233, error: 134
#ERR  p: [294, 801], r: -1279, e: -4243, error: 135
#ERR  p: [294, 802], r: -1289, e: -4253, error: 136
#ERR  p: [294, 803], r: -1299, e: -4260, error: 137
#ERR  p: [294, 804], r: -1309, e: -4270, error: 138
#ERR  p: [294, 805], r: -1319, e: -4280, error: 139
#ERR  p: [294, 806], r: -1329, e: -4290, error: 140
#ERR  p: [294, 807], r: -1339, e: -4299, error: 141
#ERR  p: [294, 808], r: -1349, e: -4309, error: 142
#ERR  p: [294, 809], r: -1359, e: -4315, error: 143
#ERR  p: [294, 810], r: -1369, e: -4325, error: 144
#ERR  p: [294, 811], r: -1379, e: -4332, error: 145
#ERR  p: [294, 812], r: -1389, e: -4340, error: 146
#ERR  p: [294, 813], r: -1399, e: -4340, error: 147
#ERR  p: [294, 814], r: -1409, e: -4350, error: 148
#ERR  p: [294, 815], r: -1419, e: -4360, error: 149
#ERR  p: [294, 816], r: -1429, e: -4369, error: 150
#ERR  p: [294, 817], r: -1439, e: -4379, error: 151
#ERR  p: [294, 818], r: -1449, e: -4389, error: 152
#ERR  p: [294, 819], r: -1459, e: -4399, error: 153
#ERR  p: [294, 820], r: -1469, e: -4409, error: 154
#ERR  p: [294, 821], r: -1479, e: -4419, error: 155
#ERR  p: [294, 822], r: -1489, e: -4429, error: 156
#ERR  p: [294, 823], r: -1499, e: -4438, error: 157
#ERR  p: [294, 824], r: -1509, e: -4448, error: 158
#ERR  p: [294, 825], r: -1519, e: -4458, error: 159
#ERR  p: [294, 826], r: -1529, e: -4468, error: 160
#ERR  p: [294, 827], r: -1539, e: -4478, error: 161
#ERR  p: [294, 828], r: -1549, e: -4488, error: 162
#ERR  p: [294, 829], r: -1559, e: -4498, error: 163
#ERR  p: [294, 830], r: -1569, e: -4508, error: 164
#ERR  p: [294, 831], r: -1579, e: -4518, error: 165
#ERR  p: [294, 832], r: -1589, e: -4527, error: 166
#ERR  p: [294, 833], r: -1599, e: -4537, error: 167
#ERR  p: [294, 834], r: -1609, e: -4546, error: 168
#ERR  p: [294, 835], r: -1619, e: -4556, error: 169
#ERR  p: [294, 836], r: -1629, e: -4566, error: 170
#ERR  p: [294, 837], r: -1639, e: -4576, error: 171
#ERR  p: [294, 838], r: -1649, e: -4586, error: 172
#ERR  p: [294, 839], r: -1659, e: -4596, error: 173
#ERR  p: [294, 840], r: -1669, e: -4606, error: 174
#ERR  p: [294, 841], r: -1679, e: -4616, error: 175
#ERR  p: [294, 842], r: -1689, e: -4626, error: 176
#ERR  p: [294, 843], r: -1699, e: -4635, error: 177
#ERR  p: [294, 844], r: -1709, e: -4645, error: 178
#ERR  p: [294, 845], r: -1719, e: -4655, error: 179
#ERR  p: [294, 846], r: -1729, e: -4665, error: 180
#ERR  p: [294, 847], r: -1739, e: -4675, error: 181
#ERR  p: [294, 848], r: -1749, e: -4685, error: 182
#ERR  p: [294, 849], r: -1759, e: -4695, error: 183
#ERR  p: [294, 850], r: -1769, e: -4705, error: 184
#ERR  p: [294, 851], r: -1779, e: -4715, error: 185
#ERR  p: [294, 852], r: -1789, e: -4725, error: 186
#ERR  p: [294, 853], r: -1799, e: -4735, error: 187
#ERR  p: [294, 854], r: -1809, e: -4741, error: 188
#ERR  p: [294, 855], r: -1819, e: -4751, error: 189
#ERR  p: [294, 856], r: -1829, e: -4753, error: 190
#ERR  p: [294, 857], r: -1839, e: -4763, error: 191
#ERR  p: [294, 858], r: -1849, e: -4773, error: 192
#ERR  p: [294, 859], r: -1859, e: -4783, error: 193
#ERR  p: [294, 860], r: -1869, e: -4793, error: 194
#ERR  p: [294, 861], r: -1879, e: -4803, error: 195
#ERR  p: [294, 862], r: -1889, e: -4813, error: 196
#ERR  p: [294, 863], r: -1899, e: -4823, error: 197
#ERR  p: [294, 864], r: -1909, e: -4833, error: 198
#ERR  p: [294, 865], r: -1919, e: -4843, error: 199
#ERR  p: [294, 866], r: -1929, e: -4853, error: 200
#ERR  p: [294, 867], r: -1939, e: -4863, error: 201
#ERR  p: [294, 868], r: -1949, e: -4873, error: 202
#ERR  p: [294, 869], r: -1959, e: -4883, error: 203
#ERR  p: [294, 870], r: -1969, e: -4893, error: 204
#ERR  p: [294, 871], r: -1979, e: -4903, error: 205
#ERR  p: [294, 872], r: -1989, e: -4913, error: 206
#ERR  p: [294, 873], r: -1999, e: -4923, error: 207
#ERR  p: [294, 874], r: -2009, e: -4933, error: 208
#ERR  p: [294, 875], r: -2019, e: -4943, error: 209
#ERR  p: [294, 876], r: -2029, e: -4942, error: 210
#ERR  p: [294, 877], r: -2039, e: -4952, error: 211
#ERR  p: [294, 878], r: -2049, e: -4962, error: 212
#ERR  p: [294, 879], r: -2059, e: -4972, error: 213
#ERR  p: [294, 880], r: -2069, e: -4982, error: 214
#ERR  p: [294, 881], r: -2079, e: -4992, error: 215
#ERR  p: [294, 882], r: -2089, e: -5002, error: 216
#ERR  p: [294, 883], r: -2099, e: -5012, error: 217
#ERR  p: [294, 884], r: -2109, e: -5022, error: 218
#ERR  p: [294, 885], r: -2119, e: -5031, error: 219
#ERR  p: [294, 886], r: -2129, e: -5041, error: 220
#ERR  p: [294, 887], r: -2139, e: -5048, error: 221
#ERR  p: [294, 888], r: -2149, e: -5051, error: 222
#ERR  p: [294, 889], r: -2159, e: -5061, error: 223
#ERR  p: [294, 890], r: -2169, e: -5071, error: 224
#ERR  p: [294, 891], r: -2179, e: -5081, error: 225
#ERR  p: [294, 892], r: -2189, e: -5083, error: 226
#ERR  p: [294, 893], r: -2199, e: -5093, error: 227
#ERR  p: [294, 894], r: -2209, e: -5103, error: 228
#ERR  p: [294, 895], r: -2219, e: -5113, error: 229
#ERR  p: [294, 896], r: -2229, e: -5123, error: 230
#ERR  p: [294, 897], r: -2239, e: -5133, error: 231
#ERR  p: [294, 898], r: -2249, e: -5143, error: 232
#ERR  p: [294, 899], r: -2259, e: -5153, error: 233
#ERR  p: [294, 900], r: -2269, e: -5163, error: 234
#ERR  p: [294, 901], r: -2279, e: -5173, error: 235
#ERR  p: [294, 902], r: -2289, e: -5183, error: 236
#ERR  p: [294, 903], r: -2299, e: -5193, error: 237
#ERR  p: [294, 904], r: -2309, e: -5203, error: 238
#ERR  p: [294, 905], r: -2319, e: -5213, error: 239
#ERR  p: [294, 906], r: -2329, e: -5223, error: 240
#ERR  p: [294, 907], r: -2339, e: -5233, error: 241
#ERR  p: [294, 908], r: -2349, e: -5243, error: 242
#ERR  p: [294, 909], r: -2359, e: -5253, error: 243
#ERR  p: [294, 910], r: -2369, e: -5263, error: 244
#ERR  p: [294, 911], r: -2379, e: -5273, error: 245
#ERR  p: [294, 912], r: -2389, e: -5283, error: 246
#ERR  p: [294, 913], r: -2399, e: -5293, error: 247
#ERR  p: [294, 914], r: -2409, e: -5303, error: 248
#ERR  p: [294, 915], r: -2419, e: -5312, error: 249
#ERR  p: [294, 916], r: -2429, e: -5322, error: 250
#ERR  p: [294, 917], r: -2439, e: -5327, error: 251
#ERR  p: [294, 918], r: -2449, e: -5337, error: 252
#ERR  p: [294, 919], r: -2459, e: -5347, error: 253
#ERR  p: [294, 920], r: -2469, e: -5357, error: 254
#ERR  p: [294, 921], r: -2479, e: -5367, error: 255
#ERR  p: [294, 922], r: -2489, e: -5374, error: 256
#ERR  p: [294, 923], r: -2499, e: -5383, error: 257
#ERR  p: [294, 924], r: -2509, e: -5393, error: 258
#ERR  p: [294, 925], r: -2519, e: -5402, error: 259
#ERR  p: [294, 926], r: -2529, e: -5412, error: 260
#ERR  p: [294, 927], r: -2539, e: -5422, error: 261
#ERR  p: [294, 928], r: -2549, e: -5432, error: 262
#ERR  p: [294, 929], r: -2559, e: -5439, error: 263
#ERR  p: [294, 930], r: -2569, e: -5449, error: 264
#ERR  p: [294, 931], r: -2579, e: -5459, error: 265
#ERR  p: [294, 932], r: -2589, e: -5465, error: 266
#ERR  p: [294, 933], r: -2599, e: -5472, error: 267
#ERR  p: [294, 934], r: -2609, e: -5481, error: 268
#ERR  p: [294, 935], r: -2619, e: -5491, error: 269
#ERR  p: [294, 936], r: -2629, e: -5500, error: 270
#ERR  p: [294, 937], r: -2639, e: -5510, error: 271
#ERR  p: [294, 938], r: -2649, e: -5520, error: 272
#ERR  p: [294, 939], r: -2659, e: -5530, error: 273
#ERR  p: [294, 940], r: -2669, e: -5540, error: 274
#ERR  p: [294, 941], r: -2679, e: -5550, error: 275
#ERR  p: [294, 942], r: -2689, e: -5560, error: 276
#ERR  p: [294, 943], r: -2699, e: -5570, error: 277
#ERR  p: [294, 944], r: -2709, e: -5580, error: 278
#ERR  p: [294, 945], r: -2719, e: -5590, error: 279
#ERR  p: [294, 946], r: -2729, e: -5600, error: 280
#ERR  p: [294, 947], r: -2739, e: -5610, error: 281
#ERR  p: [294, 948], r: -2749, e: -5620, error: 282
#ERR  p: [294, 949], r: -2759, e: -5630, error: 283
#ERR  p: [294, 950], r: -2769, e: -5638, error: 284
#ERR  p: [294, 951], r: -2779, e: -5640, error: 285
#ERR  p: [294, 952], r: -2789, e: -5650, error: 286
#ERR  p: [294, 953], r: -2799, e: -5660, error: 287
#ERR  p: [294, 954], r: -2809, e: -5670, error: 288
#ERR  p: [294, 955], r: -2819, e: -5680, error: 289
#ERR  p: [294, 956], r: -2829, e: -5689, error: 290
#ERR  p: [294, 957], r: -2839, e: -5699, error: 291
#ERR  p: [294, 958], r: -2849, e: -5709, error: 292
#ERR  p: [294, 959], r: -2859, e: -5719, error: 293
#ERR  p: [294, 960], r: -2869, e: -5729, error: 294
#ERR  p: [294, 961], r: -2879, e: -5739, error: 295
#ERR  p: [294, 962], r: -2889, e: -5749, error: 296
#ERR  p: [294, 963], r: -2899, e: -5759, error: 297
#ERR  p: [294, 964], r: -2909, e: -5769, error: 298
#ERR  p: [294, 965], r: -2919, e: -5779, error: 299
#ERR  p: [294, 966], r: -2929, e: -5786, error: 300
#ERR  p: [294, 967], r: -2939, e: -5796, error: 301
#ERR  p: [294, 968], r: -2949, e: -5803, error: 302
#ERR  p: [294, 969], r: -2959, e: -5804, error: 303
#ERR  p: [294, 970], r: -2969, e: -5814, error: 304
#ERR  p: [294, 971], r: -2979, e: -5824, error: 305
#ERR  p: [294, 972], r: -2989, e: -5834, error: 306
#ERR  p: [294, 973], r: -2999, e: -5844, error: 307
#ERR  p: [294, 974], r: -3009, e: -5854, error: 308
#ERR  p: [294, 975], r: -3019, e: -5864, error: 309
#ERR  p: [294, 976], r: -3029, e: -5874, error: 310
#ERR  p: [294, 977], r: -3039, e: -5884, error: 311
#ERR  p: [294, 978], r: -3049, e: -5894, error: 312
#ERR  p: [294, 979], r: -3059, e: -5897, error: 313
#ERR  p: [294, 980], r: -3069, e: -5907, error: 314
#ERR  p: [294, 981], r: -3079, e: -5917, error: 315
#ERR  p: [294, 982], r: -3089, e: -5927, error: 316
#ERR  p: [294, 983], r: -3099, e: -5937, error: 317
#ERR  p: [294, 984], r: -3109, e: -5947, error: 318
#ERR  p: [294, 985], r: -3119, e: -5957, error: 319
#ERR  p: [294, 986], r: -3129, e: -5967, error: 320
#ERR  p: [294, 987], r: -3139, e: -5977, error: 321
#ERR  p: [294, 988], r: -3149, e: -5987, error: 322
#ERR  p: [294, 989], r: -3159, e: -5997, error: 323
#ERR  p: [294, 990], r: -3169, e: -6007, error: 324
#ERR  p: [294, 991], r: -3179, e: -6017, error: 325
#ERR  p: [294, 992], r: -3189, e: -6027, error: 326
#ERR  p: [294, 993], r: -3199, e: -6037, error: 327
#ERR  p: [294, 994], r: -3209, e: -6047, error: 328
#ERR  p: [294, 995], r: -3219, e: -6057, error: 329
#ERR  p: [294, 996], r: -3229, e: -6067, error: 330
#ERR  p: [294, 997], r: -3239, e: -6077, error: 331
#ERR  p: [294, 998], r: -3249, e: -6087, error: 332
#ERR  p: [294, 999], r: -3259, e: -6097, error: 333
#ERR  p: [294, 1000], r: -3269, e: -6103, error: 334
#ERR  p: [294, 1001], r: -3279, e: -6112, error: 335
#ERR  p: [294, 1002], r: -3289, e: -6122, error: 336
#ERR  p: [294, 1003], r: -3299, e: -6132, error: 337
#ERR  p: [294, 1004], r: -3309, e: -6142, error: 338
#ERR  p: [294, 1005], r: -3319, e: -6152, error: 339
#ERR  p: [294, 1006], r: -3329, e: -6162, error: 340
#ERR  p: [294, 1007], r: -3339, e: -6168, error: 341
#ERR  p: [294, 1008], r: -3349, e: -6171, error: 342
#ERR  p: [294, 1009], r: -3359, e: -6181, error: 343
#ERR  p: [294, 1010], r: -3369, e: -6191, error: 344
#ERR  p: [294, 1011], r: -3379, e: -6201, error: 345
#ERR  p: [294, 1012], r: -3389, e: -6211, error: 346
#ERR  p: [294, 1013], r: -3399, e: -6221, error: 347
#ERR  p: [294, 1014], r: -3409, e: -6231, error: 348
#ERR  p: [294, 1015], r: -3419, e: -6241, error: 349
#ERR  p: [294, 1016], r: -3429, e: -6251, error: 350
#ERR  p: [294, 1017], r: -3439, e: -6261, error: 351
#ERR  p: [294, 1018], r: -3449, e: -6271, error: 352
#ERR  p: [294, 1019], r: -3459, e: -6280, error: 353
#ERR  p: [294, 1020], r: -3469, e: -6290, error: 354
#ERR  p: [294, 1021], r: -3479, e: -6300, error: 355
#ERR  p: [294, 1022], r: -3489, e: -6310, error: 356
#ERR  p: [294, 1023], r: -3499, e: -6320, error: 357
#ERR  p: [294, 1024], r: -3509, e: -6330, error: 358
#ERR  p: [294, 1025], r: -3519, e: -6340, error: 359
#ERR  p: [294, 1026], r: -3529, e: -6350, error: 360
#ERR  p: [294, 1027], r: -3539, e: -6358, error: 361
#ERR  p: [294, 1028], r: -3549, e: -6368, error: 362
#ERR  p: [294, 1029], r: -3559, e: -6378, error: 363
#ERR  p: [294, 1030], r: -3569, e: -6388, error: 364
#ERR  p: [294, 1031], r: -3579, e: -6398, error: 365
#ERR  p: [294, 1032], r: -3589, e: -6406, error: 366
#ERR  p: [294, 1033], r: -3599, e: -6414, error: 367
#ERR  p: [294, 1034], r: -3609, e: -6423, error: 368
#ERR  p: [294, 1035], r: -3619, e: -6425, error: 369
#ERR  p: [294, 1036], r: -3629, e: -6435, error: 370
#ERR  p: [294, 1037], r: -3639, e: -6445, error: 371
#ERR  p: [294, 1038], r: -3649, e: -6455, error: 372
#ERR  p: [294, 1039], r: -3659, e: -6465, error: 373
#ERR  p: [294, 1040], r: -3669, e: -6475, error: 374
#ERR  p: [294, 1041], r: -3679, e: -6478, error: 375
#ERR  p: [294, 1042], r: -3689, e: -6488, error: 376
#ERR  p: [294, 1043], r: -3699, e: -6498, error: 377
#ERR  p: [294, 1044], r: -3709, e: -6508, error: 378
#ERR  p: [294, 1045], r: -3719, e: -6518, error: 379
#ERR  p: [294, 1046], r: -3729, e: -6528, error: 380
#ERR  p: [294, 1047], r: -3739, e: -6538, error: 381
#ERR  p: [294, 1048], r: -3749, e: -6548, error: 382
#ERR  p: [294, 1049], r: -3759, e: -6558, error: 383
#ERR  p: [294, 1050], r: -3769, e: -6568, error: 384
#ERR  p: [294, 1051], r: -3779, e: -6578, error: 385
#ERR  p: [294, 1052], r: -3789, e: -6588, error: 386
#ERR  p: [294, 1053], r: -3799, e: -6598, error: 387
#ERR  p: [294, 1054], r: -3809, e: -6608, error: 388
#ERR  p: [294, 1055], r: -3819, e: -6618, error: 389
#ERR  p: [294, 1056], r: -3829, e: -6628, error: 390
#ERR  p: [294, 1057], r: -3839, e: -6638, error: 391
#ERR  p: [294, 1058], r: -3849, e: -6648, error: 392
#ERR  p: [294, 1059], r: -3859, e: -6658, error: 393
#ERR  p: [294, 1060], r: -3869, e: -6668, error: 394
#ERR  p: [294, 1061], r: -3879, e: -6678, error: 395
#ERR  p: [294, 1062], r: -3889, e: -6688, error: 396
#ERR  p: [294, 1063], r: -3899, e: -6698, error: 397
#ERR  p: [294, 1064], r: -3909, e: -6708, error: 398
#ERR  p: [294, 1065], r: -3919, e: -6718, error: 399
#ERR  p: [294, 1066], r: -3929, e: -6728, error: 400
#ERR  p: [294, 1067], r: -3939, e: -6738, error: 401
#ERR  p: [294, 1068], r: -3949, e: -6748, error: 402
#ERR  p: [294, 1069], r: -3959, e: -6758, error: 403
#ERR  p: [294, 1070], r: -3969, e: -6761, error: 404
#ERR  p: [294, 1071], r: -3979, e: -6771, error: 405
#ERR  p: [294, 1072], r: -3989, e: -6781, error: 406
#ERR  p: [294, 1073], r: -3999, e: -6791, error: 407
#ERR  p: [294, 1074], r: -4009, e: -6801, error: 408
#ERR  p: [294, 1075], r: -4019, e: -6811, error: 409
#ERR  p: [294, 1076], r: -4029, e: -6821, error: 410
#ERR  p: [294, 1077], r: -4039, e: -6831, error: 411
#ERR  p: [294, 1078], r: -4049, e: -6841, error: 412
#ERR  p: [294, 1079], r: -4059, e: -6851, error: 413
#ERR  p: [294, 1080], r: -4069, e: -6861, error: 414
#ERR  p: [294, 1081], r: -4079, e: -6871, error: 415
#ERR  p: [294, 1082], r: -4089, e: -6881, error: 416
#ERR  p: [294, 1083], r: -4099, e: -6891, error: 417
#ERR  p: [294, 1084], r: -4109, e: -6901, error: 418
#ERR  p: [294, 1085], r: -4119, e: -6911, error: 419
#ERR  p: [294, 1086], r: -4129, e: -6921, error: 420
#ERR  p: [294, 1087], r: -4139, e: -6931, error: 421
#ERR  p: [294, 1088], r: -4149, e: -6941, error: 422
#ERR  p: [294, 1089], r: -4159, e: -6951, error: 423
#ERR  p: [294, 1090], r: -4169, e: -6961, error: 424
#ERR  p: [294, 1091], r: -4179, e: -6971, error: 425
#ERR  p: [294, 1092], r: -4189, e: -6981, error: 426
#ERR  p: [294, 1093], r: -4199, e: -6991, error: 427
#ERR  p: [294, 1094], r: -4209, e: -7001, error: 428
#ERR  p: [294, 1095], r: -4219, e: -7011, error: 429
#ERR  p: [294, 1096], r: -4229, e: -7021, error: 430
#ERR  p: [294, 1097], r: -4239, e: -7031, error: 431
#ERR  p: [294, 1098], r: -4249, e: -7041, error: 432
#ERR  p: [294, 1099], r: -4259, e: -7051, error: 433
#ERR  p: [294, 1100], r: -4269, e: -7061, error: 434
#ERR  p: [294, 1101], r: -4279, e: -7071, error: 435
#ERR  p: [294, 1102], r: -4289, e: -7081, error: 436
#ERR  p: [294, 1103], r: -4299, e: -7091, error: 437
#ERR  p: [294, 1104], r: -4309, e: -7101, error: 438
#ERR  p: [294, 1105], r: -4319, e: -7111, error: 439
#ERR  p: [294, 1106], r: -4329, e: -7121, error: 440
#ERR  p: [294, 1107], r: -4339, e: -7131, error: 441
#ERR  p: [294, 1108], r: -4349, e: -7141, error: 442
#ERR  p: [294, 1109], r: -4359, e: -7151, error: 443
#ERR  p: [294, 1110], r: -4369, e: -7161, error: 444
#ERR  p: [294, 1111], r: -4379, e: -7171, error: 445
#ERR  p: [294, 1112], r: -4389, e: -7181, error: 446
#ERR  p: [294, 1113], r: -4399, e: -7191, error: 447
#ERR  p: [294, 1114], r: -4409, e: -7201, error: 448
#ERR  p: [294, 1115], r: -4419, e: -7211, error: 449
#ERR  p: [294, 1116], r: -4429, e: -7221, error: 450
#ERR  p: [294, 1117], r: -4439, e: -7231, error: 451
#ERR  p: [294, 1118], r: -4449, e: -7233, error: 452
#ERR  p: [294, 1119], r: -4459, e: -7243, error: 453
#ERR  p: [294, 1120], r: -4469, e: -7253, error: 454
#ERR  p: [294, 1121], r: -4479, e: -7263, error: 455
#ERR  p: [294, 1122], r: -4489, e: -7273, error: 456
#ERR  p: [294, 1123], r: -4499, e: -7283, error: 457
#ERR  p: [294, 1124], r: -4509, e: -7293, error: 458
#ERR  p: [294, 1125], r: -4519, e: -7303, error: 459
#ERR  p: [294, 1126], r: -4529, e: -7313, error: 460
#ERR  p: [294, 1127], r: -4539, e: -7323, error: 461
#ERR  p: [294, 1128], r: -4549, e: -7333, error: 462
#ERR  p: [294, 1129], r: -4559, e: -7343, error: 463
#ERR  p: [294, 1130], r: -4569, e: -7353, error: 464
#ERR  p: [294, 1131], r: -4579, e: -7363, error: 465
#ERR  p: [294, 1132], r: -4589, e: -7373, error: 466
#ERR  p: [294, 1133], r: -4599, e: -7383, error: 467
#ERR  p: [294, 1134], r: -4609, e: -7393, error: 468
#ERR  p: [294, 1135], r: -4619, e: -7403, error: 469
#ERR  p: [294, 1136], r: -4629, e: -7412, error: 470
#ERR  p: [294, 1137], r: -4639, e: -7422, error: 471
#ERR  p: [294, 1138], r: -4649, e: -7432, error: 472
#ERR  p: [294, 1139], r: -4659, e: -7442, error: 473
#ERR  p: [294, 1140], r: -4669, e: -7452, error: 474
#ERR  p: [294, 1141], r: -4679, e: -7462, error: 475
#ERR  p: [294, 1142], r: -4689, e: -7472, error: 476
#ERR  p: [294, 1143], r: -4699, e: -7482, error: 477
#ERR  p: [294, 1144], r: -4709, e: -7488, error: 478
#ERR  p: [294, 1145], r: -4719, e: -7489, error: 479
#ERR  p: [294, 1146], r: -4729, e: -7499, error: 480
#ERR  p: [294, 1147], r: -4739, e: -7509, error: 481
#ERR  p: [294, 1148], r: -4749, e: -7519, error: 482
#ERR  p: [294, 1149], r: -4759, e: -7529, error: 483
#ERR  p: [294, 1150], r: -4769, e: -7539, error: 484
#ERR  p: [294, 1151], r: -4779, e: -7549, error: 485
#ERR  p: [294, 1152], r: -4789, e: -7559, error: 486
#ERR  p: [294, 1153], r: -4799, e: -7569, error: 487
#ERR  p: [294, 1154], r: -4809, e: -7579, error: 488
#ERR  p: [294, 1155], r: -4819, e: -7589, error: 489
#ERR  p: [294, 1156], r: -4829, e: -7599, error: 490
#ERR  p: [294, 1157], r: -4839, e: -7609, error: 491
#ERR  p: [294, 1158], r: -4849, e: -7619, error: 492
#ERR  p: [294, 1159], r: -4859, e: -7629, error: 493
#ERR  p: [294, 1160], r: -4869, e: -7639, error: 494
#ERR  p: [294, 1161], r: -4879, e: -7649, error: 495
#ERR  p: [294, 1162], r: -4889, e: -7659, error: 496
#ERR  p: [294, 1163], r: -4899, e: -7669, error: 497
#ERR  p: [294, 1164], r: -4909, e: -7679, error: 498
#ERR  p: [294, 1165], r: -4919, e: -7689, error: 499
#SDC Ite:0 KerTime:0.293960 AccTime:0.293960 KerErr:500 AccErr:500
#END