#HEADER max_rows:2048 max_cols:2048 penalty:10
#BEGIN Y:2016 M:09 D:12 Time:15:02:17
#IT Ite:0 KerTime:0.294776 AccTime:0.294776
#ERR Error detected! kerrors = 30662
#ERR  p: [1299, 137], r: -10981, e: -10979, error: 1
#ERR  p: [1300, 137], r: -10991, e: -10989, error: 2
#ERR  p: [1301, 137], r: -11001, e: -10999, error: 3
#ERR  p: [1301, 138], r: -10987, e: -10985, error: 4
#ERR  p: [1302, 137], r: -11011, e: -11009, error: 5
#ERR  p: [1302, 138], r: -10997, e: -10995, error: 6
#ERR  p: [1303, 137], r: -11021, e: -11019, error: 7
#ERR  p: [1303, 138], r: -11007, e: -11005, error: 8
#ERR  p: [1304, 137], r: -11031, e: -11029, error: 9
#ERR  p: [1304, 138], r: -11017, e: -11015, error: 10
#ERR  p: [1305, 137], r: -11041, e: -11039, error: 11
#ERR  p: [1305, 138], r: -11027, e: -11025, error: 12
#ERR  p: [1306, 137], r: -11051, e: -11049, error: 13
#ERR  p: [1306, 138], r: -11037, e: -11035, error: 14
#ERR  p: [1307, 137], r: -11061, e: -11059, error: 15
#ERR  p: [1307, 138], r: -11047, e: -11045, error: 16
#ERR  p: [1308, 137], r: -11071, e: -11069, error: 17
#ERR  p: [1308, 138], r: -11057, e: -11055, error: 18
#ERR  p: [1309, 137], r: -11081, e: -11079, error: 19
#ERR  p: [1309, 138], r: -11067, e: -11065, error: 20
#ERR  p: [1310, 138], r: -11077, e: -11075, error: 21
#ERR  p: [1310, 139], r: -11066, e: -11065, error: 22
#ERR  p: [1311, 138], r: -11087, e: -11085, error: 23
#ERR  p: [1311, 139], r: -11076, e: -11075, error: 24
#ERR  p: [1312, 138], r: -11097, e: -11095, error: 25
#ERR  p: [1312, 139], r: -11086, e: -11085, error: 26
#ERR  p: [1313, 138], r: -11107, e: -11105, error: 27
#ERR  p: [1313, 139], r: -11096, e: -11095, error: 28
#ERR  p: [1314, 138], r: -11117, e: -11115, error: 29
#ERR  p: [1314, 139], r: -11106, e: -11105, error: 30
#ERR  p: [1315, 138], r: -11127, e: -11125, error: 31
#ERR  p: [1315, 139], r: -11116, e: -11115, error: 32
#ERR  p: [1316, 138], r: -11137, e: -11135, error: 33
#ERR  p: [1316, 139], r: -11123, e: -11121, error: 34
#ERR  p: [1317, 138], r: -11147, e: -11145, error: 35
#ERR  p: [1317, 139], r: -11133, e: -11131, error: 36
#ERR  p: [1318, 138], r: -11157, e: -11155, error: 37
#ERR  p: [1318, 139], r: -11143, e: -11141, error: 38
#ERR  p: [1319, 138], r: -11167, e: -11165, error: 39
#ERR  p: [1319, 139], r: -11153, e: -11151, error: 40
#ERR  p: [1320, 138], r: -11177, e: -11175, error: 41
#ERR  p: [1320, 139], r: -11163, e: -11161, error: 42
#ERR  p: [1321, 138], r: -11187, e: -11185, error: 43
#ERR  p: [1321, 139], r: -11173, e: -11171, error: 44
#ERR  p: [1322, 138], r: -11197, e: -11195, error: 45
#ERR  p: [1322, 139], r: -11183, e: -11181, error: 46
#ERR  p: [1323, 138], r: -11207, e: -11205, error: 47
#ERR  p: [1323, 139], r: -11193, e: -11191, error: 48
#ERR  p: [1324, 138], r: -11217, e: -11215, error: 49
#ERR  p: [1324, 139], r: -11203, e: -11201, error: 50
#ERR  p: [1325, 138], r: -11227, e: -11225, error: 51
#ERR  p: [1325, 139], r: -11213, e: -11211, error: 52
#ERR  p: [1326, 138], r: -11237, e: -11235, error: 53
#ERR  p: [1326, 139], r: -11223, e: -11221, error: 54
#ERR  p: [1327, 138], r: -11247, e: -11245, error: 55
#ERR  p: [1327, 139], r: -11233, e: -11231, error: 56
#ERR  p: [1327, 140], r: -11220, e: -11218, error: 57
#ERR  p: [1328, 138], r: -11257, e: -11255, error: 58
#ERR  p: [1328, 139], r: -11243, e: -11241, error: 59
#ERR  p: [1328, 140], r: -11230, e: -11228, error: 60
#ERR  p: [1328, 141], r: -11217, e: -11215, error: 61
#ERR  p: [1329, 138], r: -11267, e: -11265, error: 62
#ERR  p: [1329, 139], r: -11253, e: -11251, error: 63
#ERR  p: [1329, 140], r: -11240, e: -11238, error: 64
#ERR  p: [1329, 141], r: -11227, e: -11225, error: 65
#ERR  p: [1330, 138], r: -11277, e: -11275, error: 66
#ERR  p: [1330, 139], r: -11263, e: -11261, error: 67
#ERR  p: [1330, 140], r: -11250, e: -11248, error: 68
#ERR  p: [1330, 141], r: -11237, e: -11235, error: 69
#ERR  p: [1331, 138], r: -11287, e: -11285, error: 70
#ERR  p: [1331, 139], r: -11273, e: -11271, error: 71
#ERR  p: [1331, 140], r: -11260, e: -11258, error: 72
#ERR  p: [1331, 141], r: -11247, e: -11245, error: 73
#ERR  p: [1331, 142], r: -11229, e: -11227, error: 74
#ERR  p: [1332, 138], r: -11297, e: -11295, error: 75
#ERR  p: [1332, 139], r: -11283, e: -11281, error: 76
#ERR  p: [1332, 140], r: -11270, e: -11268, error: 77
#ERR  p: [1332, 141], r: -11257, e: -11255, error: 78
#ERR  p: [1332, 142], r: -11239, e: -11237, error: 79
#ERR  p: [1333, 138], r: -11307, e: -11305, error: 80
#ERR  p: [1333, 139], r: -11293, e: -11291, error: 81
#ERR  p: [1333, 140], r: -11280, e: -11278, error: 82
#ERR  p: [1333, 141], r: -11267, e: -11265, error: 83
#ERR  p: [1333, 142], r: -11249, e: -11247, error: 84
#ERR  p: [1334, 138], r: -11317, e: -11315, error: 85
#ERR  p: [1334, 139], r: -11303, e: -11301, error: 86
#ERR  p: [1334, 140], r: -11290, e: -11288, error: 87
#ERR  p: [1334, 141], r: -11277, e: -11275, error: 88
#ERR  p: [1334, 142], r: -11259, e: -11257, error: 89
#ERR  p: [1334, 143], r: -11247, e: -11245, error: 90
#ERR  p: [1335, 138], r: -11327, e: -11325, error: 91
#ERR  p: [1335, 139], r: -11313, e: -11311, error: 92
#ERR  p: [1335, 140], r: -11300, e: -11298, error: 93
#ERR  p: [1335, 141], r: -11287, e: -11285, error: 94
#ERR  p: [1335, 142], r: -11269, e: -11267, error: 95
#ERR  p: [1335, 143], r: -11257, e: -11255, error: 96
#ERR  p: [1336, 138], r: -11337, e: -11335, error: 97
#ERR  p: [1336, 139], r: -11323, e: -11321, error: 98
#ERR  p: [1336, 140], r: -11310, e: -11308, error: 99
#ERR  p: [1336, 141], r: -11297, e: -11295, error: 100
#ERR  p: [1336, 142], r: -11279, e: -11277, error: 101
#ERR  p: [1336, 143], r: -11267, e: -11265, error: 102
#ERR  p: [1337, 138], r: -11347, e: -11345, error: 103
#ERR  p: [1337, 139], r: -11333, e: -11331, error: 104
#ERR  p: [1337, 140], r: -11320, e: -11318, error: 105
#ERR  p: [1337, 141], r: -11307, e: -11305, error: 106
#ERR  p: [1337, 142], r: -11289, e: -11287, error: 107
#ERR  p: [1337, 143], r: -11277, e: -11275, error: 108
#ERR  p: [1338, 138], r: -11357, e: -11355, error: 109
#ERR  p: [1338, 139], r: -11343, e: -11341, error: 110
#ERR  p: [1338, 140], r: -11330, e: -11328, error: 111
#ERR  p: [1338, 141], r: -11317, e: -11315, error: 112
#ERR  p: [1338, 142], r: -11299, e: -11297, error: 113
#ERR  p: [1338, 143], r: -11284, e: -11282, error: 114
#ERR  p: [1339, 138], r: -11367, e: -11365, error: 115
#ERR  p: [1339, 139], r: -11353, e: -11351, error: 116
#ERR  p: [1339, 140], r: -11340, e: -11338, error: 117
#ERR  p: [1339, 141], r: -11327, e: -11325, error: 118
#ERR  p: [1339, 142], r: -11309, e: -11307, error: 119
#ERR  p: [1339, 143], r: -11294, e: -11292, error: 120
#ERR  p: [1340, 138], r: -11377, e: -11375, error: 121
#ERR  p: [1340, 139], r: -11363, e: -11361, error: 122
#ERR  p: [1340, 140], r: -11350, e: -11348, error: 123
#ERR  p: [1340, 141], r: -11337, e: -11335, error: 124
#ERR  p: [1340, 142], r: -11319, e: -11317, error: 125
#ERR  p: [1340, 143], r: -11304, e: -11302, error: 126
#ERR  p: [1340, 144], r: -11292, e: -11291, error: 127
#ERR  p: [1341, 138], r: -11387, e: -11385, error: 128
#ERR  p: [1341, 139], r: -11373, e: -11371, error: 129
#ERR  p: [1341, 140], r: -11360, e: -11358, error: 130
#ERR  p: [1341, 141], r: -11347, e: -11345, error: 131
#ERR  p: [1341, 142], r: -11329, e: -11327, error: 132
#ERR  p: [1341, 143], r: -11314, e: -11312, error: 133
#ERR  p: [1341, 144], r: -11302, e: -11301, error: 134
#ERR  p: [1342, 138], r: -11397, e: -11395, error: 135
#ERR  p: [1342, 139], r: -11383, e: -11381, error: 136
#ERR  p: [1342, 140], r: -11370, e: -11368, error: 137
#ERR  p: [1342, 141], r: -11357, e: -11355, error: 138
#ERR  p: [1342, 142], r: -11339, e: -11337, error: 139
#ERR  p: [1342, 143], r: -11324, e: -11322, error: 140
#ERR  p: [1342, 144], r: -11312, e: -11311, error: 141
#ERR  p: [1343, 138], r: -11407, e: -11405, error: 142
#ERR  p: [1343, 139], r: -11393, e: -11391, error: 143
#ERR  p: [1343, 140], r: -11380, e: -11378, error: 144
#ERR  p: [1343, 141], r: -11367, e: -11365, error: 145
#ERR  p: [1343, 142], r: -11349, e: -11347, error: 146
#ERR  p: [1343, 143], r: -11334, e: -11332, error: 147
#ERR  p: [1343, 144], r: -11322, e: -11321, error: 148
#ERR  p: [1344, 138], r: -11417, e: -11415, error: 149
#ERR  p: [1344, 139], r: -11403, e: -11401, error: 150
#ERR  p: [1344, 140], r: -11390, e: -11388, error: 151
#ERR  p: [1344, 141], r: -11377, e: -11375, error: 152
#ERR  p: [1344, 142], r: -11359, e: -11357, error: 153
#ERR  p: [1344, 143], r: -11344, e: -11342, error: 154
#ERR  p: [1344, 144], r: -11332, e: -11331, error: 155
#ERR  p: [1345, 138], r: -11427, e: -11425, error: 156
#ERR  p: [1345, 139], r: -11413, e: -11411, error: 157
#ERR  p: [1345, 140], r: -11400, e: -11398, error: 158
#ERR  p: [1345, 141], r: -11387, e: -11385, error: 159
#ERR  p: [1345, 142], r: -11369, e: -11367, error: 160
#ERR  p: [1345, 143], r: -11354, e: -11352, error: 161
#ERR  p: [1345, 144], r: -11338, e: -11336, error: 162
#ERR  p: [1346, 138], r: -11437, e: -11435, error: 163
#ERR  p: [1346, 139], r: -11423, e: -11421, error: 164
#ERR  p: [1346, 140], r: -11410, e: -11408, error: 165
#ERR  p: [1346, 141], r: -11397, e: -11395, error: 166
#ERR  p: [1346, 142], r: -11379, e: -11377, error: 167
#ERR  p: [1346, 143], r: -11364, e: -11362, error: 168
#ERR  p: [1346, 144], r: -11348, e: -11346, error: 169
#ERR  p: [1346, 145], r: -11337, e: -11335, error: 170
#ERR  p: [1347, 138], r: -11447, e: -11445, error: 171
#ERR  p: [1347, 139], r: -11433, e: -11431, error: 172
#ERR  p: [1347, 140], r: -11420, e: -11418, error: 173
#ERR  p: [1347, 141], r: -11407, e: -11405, error: 174
#ERR  p: [1347, 142], r: -11389, e: -11387, error: 175
#ERR  p: [1347, 143], r: -11374, e: -11372, error: 176
#ERR  p: [1347, 144], r: -11358, e: -11356, error: 177
#ERR  p: [1347, 145], r: -11347, e: -11345, error: 178
#ERR  p: [1347, 146], r: -11334, e: -11332, error: 179
#ERR  p: [1348, 138], r: -11457, e: -11455, error: 180
#ERR  p: [1348, 139], r: -11443, e: -11441, error: 181
#ERR  p: [1348, 140], r: -11429, e: -11427, error: 182
#ERR  p: [1348, 141], r: -11417, e: -11415, error: 183
#ERR  p: [1348, 142], r: -11399, e: -11397, error: 184
#ERR  p: [1348, 143], r: -11384, e: -11382, error: 185
#ERR  p: [1348, 144], r: -11368, e: -11366, error: 186
#ERR  p: [1348, 145], r: -11357, e: -11355, error: 187
#ERR  p: [1348, 146], r: -11344, e: -11342, error: 188
#ERR  p: [1348, 147], r: -11336, e: -11334, error: 189
#ERR  p: [1349, 138], r: -11467, e: -11465, error: 190
#ERR  p: [1349, 139], r: -11453, e: -11451, error: 191
#ERR  p: [1349, 140], r: -11439, e: -11437, error: 192
#ERR  p: [1349, 141], r: -11427, e: -11425, error: 193
#ERR  p: [1349, 142], r: -11409, e: -11407, error: 194
#ERR  p: [1349, 143], r: -11394, e: -11392, error: 195
#ERR  p: [1349, 144], r: -11378, e: -11376, error: 196
#ERR  p: [1349, 145], r: -11367, e: -11365, error: 197
#ERR  p: [1349, 146], r: -11354, e: -11352, error: 198
#ERR  p: [1349, 147], r: -11346, e: -11344, error: 199
#ERR  p: [1349, 148], r: -11333, e: -11331, error: 200
#ERR  p: [1350, 139], r: -11463, e: -11461, error: 201
#ERR  p: [1350, 140], r: -11449, e: -11447, error: 202
#ERR  p: [1350, 141], r: -11437, e: -11435, error: 203
#ERR  p: [1350, 142], r: -11419, e: -11417, error: 204
#ERR  p: [1350, 143], r: -11404, e: -11402, error: 205
#ERR  p: [1350, 144], r: -11388, e: -11386, error: 206
#ERR  p: [1350, 145], r: -11377, e: -11375, error: 207
#ERR  p: [1350, 146], r: -11364, e: -11362, error: 208
#ERR  p: [1350, 147], r: -11354, e: -11352, error: 209
#ERR  p: [1350, 148], r: -11343, e: -11341, error: 210
#ERR  p: [1350, 149], r: -11329, e: -11327, error: 211
#ERR  p: [1351, 139], r: -11473, e: -11471, error: 212
#ERR  p: [1351, 140], r: -11459, e: -11457, error: 213
#ERR  p: [1351, 141], r: -11447, e: -11445, error: 214
#ERR  p: [1351, 142], r: -11429, e: -11427, error: 215
#ERR  p: [1351, 143], r: -11414, e: -11412, error: 216
#ERR  p: [1351, 144], r: -11398, e: -11396, error: 217
#ERR  p: [1351, 145], r: -11387, e: -11385, error: 218
#ERR  p: [1351, 146], r: -11374, e: -11372, error: 219
#ERR  p: [1351, 147], r: -11364, e: -11362, error: 220
#ERR  p: [1351, 148], r: -11353, e: -11351, error: 221
#ERR  p: [1351, 149], r: -11339, e: -11337, error: 222
#ERR  p: [1351, 150], r: -11330, e: -11328, error: 223
#ERR  p: [1352, 139], r: -11483, e: -11481, error: 224
#ERR  p: [1352, 140], r: -11469, e: -11467, error: 225
#ERR  p: [1352, 141], r: -11455, e: -11453, error: 226
#ERR  p: [1352, 142], r: -11439, e: -11437, error: 227
#ERR  p: [1352, 143], r: -11424, e: -11422, error: 228
#ERR  p: [1352, 144], r: -11408, e: -11406, error: 229
#ERR  p: [1352, 145], r: -11397, e: -11395, error: 230
#ERR  p: [1352, 146], r: -11384, e: -11382, error: 231
#ERR  p: [1352, 147], r: -11372, e: -11370, error: 232
#ERR  p: [1352, 148], r: -11363, e: -11361, error: 233
#ERR  p: [1352, 149], r: -11349, e: -11347, error: 234
#ERR  p: [1352, 150], r: -11340, e: -11338, error: 235
#ERR  p: [1352, 151], r: -11331, e: -11329, error: 236
#ERR  p: [1353, 139], r: -11493, e: -11491, error: 237
#ERR  p: [1353, 140], r: -11479, e: -11477, error: 238
#ERR  p: [1353, 141], r: -11465, e: -11463, error: 239
#ERR  p: [1353, 142], r: -11449, e: -11447, error: 240
#ERR  p: [1353, 143], r: -11434, e: -11432, error: 241
#ERR  p: [1353, 144], r: -11418, e: -11416, error: 242
#ERR  p: [1353, 145], r: -11407, e: -11405, error: 243
#ERR  p: [1353, 146], r: -11394, e: -11392, error: 244
#ERR  p: [1353, 147], r: -11382, e: -11380, error: 245
#ERR  p: [1353, 148], r: -11371, e: -11369, error: 246
#ERR  p: [1353, 149], r: -11359, e: -11357, error: 247
#ERR  p: [1353, 150], r: -11350, e: -11348, error: 248
#ERR  p: [1353, 151], r: -11341, e: -11339, error: 249
#ERR  p: [1353, 152], r: -11332, e: -11330, error: 250
#ERR  p: [1354, 139], r: -11503, e: -11501, error: 251
#ERR  p: [1354, 140], r: -11489, e: -11487, error: 252
#ERR  p: [1354, 141], r: -11475, e: -11473, error: 253
#ERR  p: [1354, 142], r: -11459, e: -11457, error: 254
#ERR  p: [1354, 143], r: -11444, e: -11442, error: 255
#ERR  p: [1354, 144], r: -11428, e: -11426, error: 256
#ERR  p: [1354, 145], r: -11417, e: -11415, error: 257
#ERR  p: [1354, 146], r: -11404, e: -11402, error: 258
#ERR  p: [1354, 147], r: -11392, e: -11390, error: 259
#ERR  p: [1354, 148], r: -11381, e: -11379, error: 260
#ERR  p: [1354, 149], r: -11369, e: -11367, error: 261
#ERR  p: [1354, 150], r: -11360, e: -11358, error: 262
#ERR  p: [1354, 151], r: -11351, e: -11349, error: 263
#ERR  p: [1354, 152], r: -11342, e: -11340, error: 264
#ERR  p: [1355, 139], r: -11513, e: -11511, error: 265
#ERR  p: [1355, 140], r: -11499, e: -11497, error: 266
#ERR  p: [1355, 141], r: -11485, e: -11483, error: 267
#ERR  p: [1355, 142], r: -11469, e: -11467, error: 268
#ERR  p: [1355, 143], r: -11454, e: -11452, error: 269
#ERR  p: [1355, 144], r: -11438, e: -11436, error: 270
#ERR  p: [1355, 145], r: -11427, e: -11425, error: 271
#ERR  p: [1355, 146], r: -11414, e: -11412, error: 272
#ERR  p: [1355, 147], r: -11402, e: -11400, error: 273
#ERR  p: [1355, 148], r: -11391, e: -11389, error: 274
#ERR  p: [1355, 149], r: -11379, e: -11377, error: 275
#ERR  p: [1355, 150], r: -11370, e: -11368, error: 276
#ERR  p: [1355, 151], r: -11360, e: -11358, error: 277
#ERR  p: [1355, 152], r: -11352, e: -11350, error: 278
#ERR  p: [1356, 139], r: -11523, e: -11521, error: 279
#ERR  p: [1356, 140], r: -11509, e: -11507, error: 280
#ERR  p: [1356, 141], r: -11495, e: -11493, error: 281
#ERR  p: [1356, 142], r: -11479, e: -11477, error: 282
#ERR  p: [1356, 143], r: -11464, e: -11462, error: 283
#ERR  p: [1356, 144], r: -11448, e: -11446, error: 284
#ERR  p: [1356, 145], r: -11437, e: -11435, error: 285
#ERR  p: [1356, 146], r: -11424, e: -11422, error: 286
#ERR  p: [1356, 147], r: -11412, e: -11410, error: 287
#ERR  p: [1356, 148], r: -11401, e: -11399, error: 288
#ERR  p: [1356, 149], r: -11389, e: -11387, error: 289
#ERR  p: [1356, 150], r: -11380, e: -11378, error: 290
#ERR  p: [1356, 151], r: -11370, e: -11368, error: 291
#ERR  p: [1356, 152], r: -11361, e: -11359, error: 292
#ERR  p: [1356, 153], r: -11351, e: -11350, error: 293
#ERR  p: [1357, 139], r: -11533, e: -11531, error: 294
#ERR  p: [1357, 140], r: -11519, e: -11517, error: 295
#ERR  p: [1357, 141], r: -11505, e: -11503, error: 296
#ERR  p: [1357, 142], r: -11489, e: -11487, error: 297
#ERR  p: [1357, 143], r: -11474, e: -11472, error: 298
#ERR  p: [1357, 144], r: -11458, e: -11456, error: 299
#ERR  p: [1357, 145], r: -11447, e: -11445, error: 300
#ERR  p: [1357, 146], r: -11434, e: -11432, error: 301
#ERR  p: [1357, 147], r: -11421, e: -11419, error: 302
#ERR  p: [1357, 148], r: -11411, e: -11409, error: 303
#ERR  p: [1357, 149], r: -11399, e: -11397, error: 304
#ERR  p: [1357, 150], r: -11390, e: -11388, error: 305
#ERR  p: [1357, 151], r: -11380, e: -11378, error: 306
#ERR  p: [1357, 152], r: -11371, e: -11369, error: 307
#ERR  p: [1357, 153], r: -11361, e: -11359, error: 308
#ERR  p: [1358, 139], r: -11543, e: -11541, error: 309
#ERR  p: [1358, 140], r: -11529, e: -11527, error: 310
#ERR  p: [1358, 141], r: -11515, e: -11513, error: 311
#ERR  p: [1358, 142], r: -11499, e: -11497, error: 312
#ERR  p: [1358, 143], r: -11484, e: -11482, error: 313
#ERR  p: [1358, 144], r: -11468, e: -11466, error: 314
#ERR  p: [1358, 145], r: -11457, e: -11455, error: 315
#ERR  p: [1358, 146], r: -11444, e: -11442, error: 316
#ERR  p: [1358, 147], r: -11431, e: -11429, error: 317
#ERR  p: [1358, 148], r: -11421, e: -11419, error: 318
#ERR  p: [1358, 149], r: -11409, e: -11407, error: 319
#ERR  p: [1358, 150], r: -11400, e: -11398, error: 320
#ERR  p: [1358, 151], r: -11390, e: -11388, error: 321
#ERR  p: [1358, 152], r: -11381, e: -11379, error: 322
#ERR  p: [1358, 153], r: -11371, e: -11369, error: 323
#ERR  p: [1359, 139], r: -11553, e: -11551, error: 324
#ERR  p: [1359, 140], r: -11539, e: -11537, error: 325
#ERR  p: [1359, 141], r: -11525, e: -11523, error: 326
#ERR  p: [1359, 142], r: -11509, e: -11507, error: 327
#ERR  p: [1359, 143], r: -11494, e: -11492, error: 328
#ERR  p: [1359, 144], r: -11478, e: -11476, error: 329
#ERR  p: [1359, 145], r: -11467, e: -11465, error: 330
#ERR  p: [1359, 146], r: -11454, e: -11452, error: 331
#ERR  p: [1359, 147], r: -11441, e: -11439, error: 332
#ERR  p: [1359, 148], r: -11431, e: -11429, error: 333
#ERR  p: [1359, 149], r: -11419, e: -11417, error: 334
#ERR  p: [1359, 150], r: -11410, e: -11408, error: 335
#ERR  p: [1359, 151], r: -11400, e: -11398, error: 336
#ERR  p: [1359, 152], r: -11391, e: -11389, error: 337
#ERR  p: [1359, 153], r: -11381, e: -11379, error: 338
#ERR  p: [1360, 139], r: -11563, e: -11561, error: 339
#ERR  p: [1360, 140], r: -11549, e: -11547, error: 340
#ERR  p: [1360, 141], r: -11535, e: -11533, error: 341
#ERR  p: [1360, 142], r: -11519, e: -11517, error: 342
#ERR  p: [1360, 143], r: -11504, e: -11502, error: 343
#ERR  p: [1360, 144], r: -11488, e: -11486, error: 344
#ERR  p: [1360, 145], r: -11477, e: -11475, error: 345
#ERR  p: [1360, 146], r: -11464, e: -11462, error: 346
#ERR  p: [1360, 147], r: -11451, e: -11449, error: 347
#ERR  p: [1360, 148], r: -11441, e: -11439, error: 348
#ERR  p: [1360, 149], r: -11429, e: -11427, error: 349
#ERR  p: [1360, 150], r: -11420, e: -11418, error: 350
#ERR  p: [1360, 151], r: -11410, e: -11408, error: 351
#ERR  p: [1360, 152], r: -11401, e: -11399, error: 352
#ERR  p: [1360, 153], r: -11391, e: -11389, error: 353
#ERR  p: [1361, 139], r: -11573, e: -11571, error: 354
#ERR  p: [1361, 140], r: -11559, e: -11557, error: 355
#ERR  p: [1361, 141], r: -11545, e: -11543, error: 356
#ERR  p: [1361, 142], r: -11529, e: -11527, error: 357
#ERR  p: [1361, 143], r: -11514, e: -11512, error: 358
#ERR  p: [1361, 144], r: -11498, e: -11496, error: 359
#ERR  p: [1361, 145], r: -11487, e: -11485, error: 360
#ERR  p: [1361, 146], r: -11474, e: -11472, error: 361
#ERR  p: [1361, 147], r: -11461, e: -11459, error: 362
#ERR  p: [1361, 148], r: -11450, e: -11448, error: 363
#ERR  p: [1361, 149], r: -11439, e: -11437, error: 364
#ERR  p: [1361, 150], r: -11430, e: -11428, error: 365
#ERR  p: [1361, 151], r: -11420, e: -11418, error: 366
#ERR  p: [1361, 152], r: -11411, e: -11409, error: 367
#ERR  p: [1361, 153], r: -11401, e: -11399, error: 368
#ERR  p: [1361, 154], r: -11389, e: -11387, error: 369
#ERR  p: [1362, 139], r: -11583, e: -11581, error: 370
#ERR  p: [1362, 140], r: -11569, e: -11567, error: 371
#ERR  p: [1362, 141], r: -11555, e: -11553, error: 372
#ERR  p: [1362, 142], r: -11539, e: -11537, error: 373
#ERR  p: [1362, 143], r: -11524, e: -11522, error: 374
#ERR  p: [1362, 144], r: -11508, e: -11506, error: 375
#ERR  p: [1362, 145], r: -11497, e: -11495, error: 376
#ERR  p: [1362, 146], r: -11481, e: -11479, error: 377
#ERR  p: [1362, 147], r: -11471, e: -11469, error: 378
#ERR  p: [1362, 148], r: -11460, e: -11458, error: 379
#ERR  p: [1362, 149], r: -11449, e: -11447, error: 380
#ERR  p: [1362, 150], r: -11439, e: -11437, error: 381
#ERR  p: [1362, 151], r: -11430, e: -11428, error: 382
#ERR  p: [1362, 152], r: -11420, e: -11418, error: 383
#ERR  p: [1362, 153], r: -11410, e: -11408, error: 384
#ERR  p: [1362, 154], r: -11399, e: -11397, error: 385
#ERR  p: [1363, 139], r: -11593, e: -11591, error: 386
#ERR  p: [1363, 140], r: -11579, e: -11577, error: 387
#ERR  p: [1363, 141], r: -11565, e: -11563, error: 388
#ERR  p: [1363, 142], r: -11549, e: -11547, error: 389
#ERR  p: [1363, 143], r: -11534, e: -11532, error: 390
#ERR  p: [1363, 144], r: -11518, e: -11516, error: 391
#ERR  p: [1363, 145], r: -11507, e: -11505, error: 392
#ERR  p: [1363, 146], r: -11491, e: -11489, error: 393
#ERR  p: [1363, 147], r: -11481, e: -11479, error: 394
#ERR  p: [1363, 148], r: -11470, e: -11468, error: 395
#ERR  p: [1363, 149], r: -11459, e: -11457, error: 396
#ERR  p: [1363, 150], r: -11449, e: -11447, error: 397
#ERR  p: [1363, 151], r: -11439, e: -11437, error: 398
#ERR  p: [1363, 152], r: -11425, e: -11423, error: 399
#ERR  p: [1363, 153], r: -11419, e: -11417, error: 400
#ERR  p: [1363, 154], r: -11409, e: -11407, error: 401
#ERR  p: [1364, 139], r: -11603, e: -11601, error: 402
#ERR  p: [1364, 140], r: -11589, e: -11587, error: 403
#ERR  p: [1364, 141], r: -11575, e: -11573, error: 404
#ERR  p: [1364, 142], r: -11559, e: -11557, error: 405
#ERR  p: [1364, 143], r: -11544, e: -11542, error: 406
#ERR  p: [1364, 144], r: -11528, e: -11526, error: 407
#ERR  p: [1364, 145], r: -11517, e: -11515, error: 408
#ERR  p: [1364, 146], r: -11501, e: -11499, error: 409
#ERR  p: [1364, 147], r: -11491, e: -11489, error: 410
#ERR  p: [1364, 148], r: -11477, e: -11475, error: 411
#ERR  p: [1364, 149], r: -11469, e: -11467, error: 412
#ERR  p: [1364, 150], r: -11459, e: -11457, error: 413
#ERR  p: [1364, 151], r: -11449, e: -11447, error: 414
#ERR  p: [1364, 152], r: -11435, e: -11433, error: 415
#ERR  p: [1364, 153], r: -11427, e: -11425, error: 416
#ERR  p: [1364, 154], r: -11416, e: -11414, error: 417
#ERR  p: [1365, 139], r: -11613, e: -11611, error: 418
#ERR  p: [1365, 140], r: -11599, e: -11597, error: 419
#ERR  p: [1365, 141], r: -11585, e: -11583, error: 420
#ERR  p: [1365, 142], r: -11569, e: -11567, error: 421
#ERR  p: [1365, 143], r: -11554, e: -11552, error: 422
#ERR  p: [1365, 144], r: -11538, e: -11536, error: 423
#ERR  p: [1365, 145], r: -11527, e: -11525, error: 424
#ERR  p: [1365, 146], r: -11511, e: -11509, error: 425
#ERR  p: [1365, 147], r: -11496, e: -11494, error: 426
#ERR  p: [1365, 148], r: -11487, e: -11485, error: 427
#ERR  p: [1365, 149], r: -11477, e: -11475, error: 428
#ERR  p: [1365, 150], r: -11469, e: -11467, error: 429
#ERR  p: [1365, 151], r: -11459, e: -11457, error: 430
#ERR  p: [1365, 152], r: -11445, e: -11443, error: 431
#ERR  p: [1365, 153], r: -11435, e: -11433, error: 432
#ERR  p: [1365, 154], r: -11426, e: -11424, error: 433
#ERR  p: [1365, 155], r: -11414, e: -11413, error: 434
#ERR  p: [1366, 139], r: -11623, e: -11621, error: 435
#ERR  p: [1366, 140], r: -11609, e: -11607, error: 436
#ERR  p: [1366, 141], r: -11595, e: -11593, error: 437
#ERR  p: [1366, 142], r: -11579, e: -11577, error: 438
#ERR  p: [1366, 143], r: -11564, e: -11562, error: 439
#ERR  p: [1366, 144], r: -11548, e: -11546, error: 440
#ERR  p: [1366, 145], r: -11537, e: -11535, error: 441
#ERR  p: [1366, 146], r: -11521, e: -11519, error: 442
#ERR  p: [1366, 147], r: -11506, e: -11504, error: 443
#ERR  p: [1366, 148], r: -11497, e: -11495, error: 444
#ERR  p: [1366, 149], r: -11487, e: -11485, error: 445
#ERR  p: [1366, 150], r: -11478, e: -11476, error: 446
#ERR  p: [1366, 151], r: -11469, e: -11467, error: 447
#ERR  p: [1366, 152], r: -11455, e: -11453, error: 448
#ERR  p: [1366, 153], r: -11445, e: -11443, error: 449
#ERR  p: [1366, 154], r: -11436, e: -11434, error: 450
#ERR  p: [1366, 155], r: -11424, e: -11423, error: 451
#ERR  p: [1367, 139], r: -11633, e: -11631, error: 452
#ERR  p: [1367, 140], r: -11619, e: -11617, error: 453
#ERR  p: [1367, 141], r: -11605, e: -11603, error: 454
#ERR  p: [1367, 142], r: -11589, e: -11587, error: 455
#ERR  p: [1367, 143], r: -11574, e: -11572, error: 456
#ERR  p: [1367, 144], r: -11558, e: -11556, error: 457
#ERR  p: [1367, 145], r: -11547, e: -11545, error: 458
#ERR  p: [1367, 146], r: -11531, e: -11529, error: 459
#ERR  p: [1367, 147], r: -11516, e: -11514, error: 460
#ERR  p: [1367, 148], r: -11507, e: -11505, error: 461
#ERR  p: [1367, 149], r: -11497, e: -11495, error: 462
#ERR  p: [1367, 150], r: -11488, e: -11486, error: 463
#ERR  p: [1367, 151], r: -11479, e: -11477, error: 464
#ERR  p: [1367, 152], r: -11465, e: -11463, error: 465
#ERR  p: [1367, 153], r: -11455, e: -11453, error: 466
#ERR  p: [1367, 154], r: -11446, e: -11444, error: 467
#ERR  p: [1367, 155], r: -11434, e: -11433, error: 468
#ERR  p: [1368, 139], r: -11643, e: -11641, error: 469
#ERR  p: [1368, 140], r: -11629, e: -11627, error: 470
#ERR  p: [1368, 141], r: -11615, e: -11613, error: 471
#ERR  p: [1368, 142], r: -11599, e: -11597, error: 472
#ERR  p: [1368, 143], r: -11584, e: -11582, error: 473
#ERR  p: [1368, 144], r: -11568, e: -11566, error: 474
#ERR  p: [1368, 145], r: -11557, e: -11555, error: 475
#ERR  p: [1368, 146], r: -11541, e: -11539, error: 476
#ERR  p: [1368, 147], r: -11526, e: -11524, error: 477
#ERR  p: [1368, 148], r: -11517, e: -11515, error: 478
#ERR  p: [1368, 149], r: -11507, e: -11505, error: 479
#ERR  p: [1368, 150], r: -11498, e: -11496, error: 480
#ERR  p: [1368, 151], r: -11489, e: -11487, error: 481
#ERR  p: [1368, 152], r: -11475, e: -11473, error: 482
#ERR  p: [1368, 153], r: -11465, e: -11463, error: 483
#ERR  p: [1368, 154], r: -11456, e: -11454, error: 484
#ERR  p: [1368, 155], r: -11444, e: -11443, error: 485
#ERR  p: [1369, 139], r: -11653, e: -11651, error: 486
#ERR  p: [1369, 140], r: -11639, e: -11637, error: 487
#ERR  p: [1369, 141], r: -11625, e: -11623, error: 488
#ERR  p: [1369, 142], r: -11609, e: -11607, error: 489
#ERR  p: [1369, 143], r: -11594, e: -11592, error: 490
#ERR  p: [1369, 144], r: -11578, e: -11576, error: 491
#ERR  p: [1369, 145], r: -11567, e: -11565, error: 492
#ERR  p: [1369, 146], r: -11551, e: -11549, error: 493
#ERR  p: [1369, 147], r: -11536, e: -11534, error: 494
#ERR  p: [1369, 148], r: -11527, e: -11525, error: 495
#ERR  p: [1369, 149], r: -11513, e: -11511, error: 496
#ERR  p: [1369, 150], r: -11507, e: -11505, error: 497
#ERR  p: [1369, 151], r: -11497, e: -11495, error: 498
#ERR  p: [1369, 152], r: -11485, e: -11483, error: 499
#SDC Ite:0 KerTime:0.294776 AccTime:0.294776 KerErr:500 AccErr:500
#END