#HEADER max_rows:2048 max_cols:2048 penalty:10
#BEGIN Y:2016 M:09 D:12 Time:15:46:50
#IT Ite:0 KerTime:0.294945 AccTime:0.294945
#ERR Error detected! kerrors = 701217
#ERR  p: [1261, 1157], r: 1570310569, e: -1113, error: 1
#ERR  p: [1261, 1158], r: 1570310559, e: -1106, error: 2
#ERR  p: [1261, 1159], r: 1570310549, e: -1116, error: 3
#ERR  p: [1261, 1160], r: 1570310539, e: -1118, error: 4
#ERR  p: [1261, 1161], r: 1570310529, e: -1112, error: 5
#ERR  p: [1261, 1162], r: 1570310519, e: -1105, error: 6
#ERR  p: [1261, 1163], r: 1570310509, e: -1107, error: 7
#ERR  p: [1261, 1164], r: 1570310499, e: -1103, error: 8
#ERR  p: [1261, 1165], r: 1570310489, e: -1093, error: 9
#ERR  p: [1261, 1166], r: 1570310479, e: -1084, error: 10
#ERR  p: [1261, 1167], r: 1570310469, e: -1077, error: 11
#ERR  p: [1261, 1168], r: 1570310459, e: -1087, error: 12
#ERR  p: [1261, 1169], r: 1570310449, e: -1093, error: 13
#ERR  p: [1261, 1170], r: 1570310439, e: -1087, error: 14
#ERR  p: [1261, 1171], r: 1570310429, e: -1084, error: 15
#ERR  p: [1261, 1172], r: 1570310419, e: -1077, error: 16
#ERR  p: [1261, 1173], r: 1570310409, e: -1069, error: 17
#ERR  p: [1261, 1174], r: 1570310399, e: -1069, error: 18
#ERR  p: [1261, 1175], r: 1570310389, e: -1062, error: 19
#ERR  p: [1261, 1176], r: 1570310379, e: -1043, error: 20
#ERR  p: [1261, 1177], r: 1570310369, e: -1047, error: 21
#ERR  p: [1261, 1178], r: 1570310359, e: -1045, error: 22
#ERR  p: [1261, 1179], r: 1570310349, e: -1048, error: 23
#ERR  p: [1261, 1180], r: 1570310339, e: -1040, error: 24
#ERR  p: [1261, 1181], r: 1570310329, e: -1050, error: 25
#ERR  p: [1261, 1182], r: 1570310319, e: -1051, error: 26
#ERR  p: [1261, 1183], r: 1570310309, e: -1040, error: 27
#ERR  p: [1261, 1184], r: 1570310299, e: -1021, error: 28
#ERR  p: [1261, 1185], r: 1570310289, e: -1023, error: 29
#ERR  p: [1261, 1186], r: 1570310279, e: -1020, error: 30
#ERR  p: [1261, 1187], r: 1570310269, e: -1014, error: 31
#ERR  p: [1261, 1188], r: 1570310259, e: -1012, error: 32
#ERR  p: [1261, 1189], r: 1570310249, e: -1009, error: 33
#ERR  p: [1261, 1190], r: 1570310239, e: -1019, error: 34
#ERR  p: [1261, 1191], r: 1570310229, e: -1020, error: 35
#ERR  p: [1261, 1192], r: 1570310219, e: -1011, error: 36
#ERR  p: [1261, 1193], r: 1570310209, e: -1021, error: 37
#ERR  p: [1261, 1194], r: 1570310199, e: -1020, error: 38
#ERR  p: [1261, 1195], r: 1570310189, e: -1015, error: 39
#ERR  p: [1261, 1196], r: 1570310179, e: -1002, error: 40
#ERR  p: [1261, 1197], r: 1570310169, e: -983, error: 41
#ERR  p: [1261, 1198], r: 1570310159, e: -987, error: 42
#ERR  p: [1261, 1199], r: 1570310149, e: -969, error: 43
#ERR  p: [1261, 1200], r: 1570310139, e: -971, error: 44
#ERR  p: [1261, 1201], r: 1570310129, e: -970, error: 45
#ERR  p: [1261, 1202], r: 1570310119, e: -975, error: 46
#ERR  p: [1261, 1203], r: 1570310109, e: -982, error: 47
#ERR  p: [1261, 1204], r: 1570310099, e: -976, error: 48
#ERR  p: [1261, 1205], r: 1570310089, e: -983, error: 49
#ERR  p: [1261, 1206], r: 1570310079, e: -982, error: 50
#ERR  p: [1261, 1207], r: 1570310069, e: -976, error: 51
#ERR  p: [1261, 1208], r: 1570310059, e: -968, error: 52
#ERR  p: [1261, 1209], r: 1570310049, e: -959, error: 53
#ERR  p: [1261, 1210], r: 1570310039, e: -952, error: 54
#ERR  p: [1261, 1211], r: 1570310029, e: -948, error: 55
#ERR  p: [1261, 1212], r: 1570310019, e: -949, error: 56
#ERR  p: [1261, 1213], r: 1570310009, e: -941, error: 57
#ERR  p: [1261, 1214], r: 1570309999, e: -951, error: 58
#ERR  p: [1261, 1215], r: 1570309989, e: -958, error: 59
#ERR  p: [1261, 1216], r: 1570309979, e: -968, error: 60
#ERR  p: [1261, 1217], r: 1570309969, e: -959, error: 61
#ERR  p: [1261, 1218], r: 1570309959, e: -952, error: 62
#ERR  p: [1261, 1219], r: 1570309949, e: -939, error: 63
#ERR  p: [1261, 1220], r: 1570309939, e: -949, error: 64
#ERR  p: [1261, 1221], r: 1570309929, e: -950, error: 65
#ERR  p: [1261, 1222], r: 1570309919, e: -943, error: 66
#ERR  p: [1261, 1223], r: 1570309909, e: -953, error: 67
#ERR  p: [1261, 1224], r: 1570309899, e: -951, error: 68
#ERR  p: [1261, 1225], r: 1570309889, e: -944, error: 69
#ERR  p: [1261, 1226], r: 1570309879, e: -949, error: 70
#ERR  p: [1261, 1227], r: 1570309869, e: -941, error: 71
#ERR  p: [1261, 1228], r: 1570309859, e: -948, error: 72
#ERR  p: [1261, 1229], r: 1570309849, e: -949, error: 73
#ERR  p: [1261, 1230], r: 1570309839, e: -946, error: 74
#ERR  p: [1261, 1231], r: 1570309829, e: -950, error: 75
#ERR  p: [1261, 1232], r: 1570309819, e: -942, error: 76
#ERR  p: [1261, 1233], r: 1570309809, e: -952, error: 77
#ERR  p: [1261, 1234], r: 1570309799, e: -959, error: 78
#ERR  p: [1261, 1235], r: 1570309789, e: -959, error: 79
#ERR  p: [1261, 1236], r: 1570309779, e: -961, error: 80
#ERR  p: [1261, 1237], r: 1570309769, e: -952, error: 81
#ERR  p: [1261, 1238], r: 1570309759, e: -944, error: 82
#ERR  p: [1261, 1239], r: 1570309749, e: -943, error: 83
#ERR  p: [1261, 1240], r: 1570309739, e: -935, error: 84
#ERR  p: [1261, 1241], r: 1570309729, e: -943, error: 85
#ERR  p: [1261, 1242], r: 1570309719, e: -939, error: 86
#ERR  p: [1261, 1243], r: 1570309709, e: -944, error: 87
#ERR  p: [1261, 1244], r: 1570309699, e: -949, error: 88
#ERR  p: [1261, 1245], r: 1570309689, e: -943, error: 89
#ERR  p: [1261, 1246], r: 1570309679, e: -953, error: 90
#ERR  p: [1261, 1247], r: 1570309669, e: -949, error: 91
#ERR  p: [1261, 1248], r: 1570309659, e: -943, error: 92
#ERR  p: [1261, 1249], r: 1570309649, e: -950, error: 93
#ERR  p: [1261, 1250], r: 1570309639, e: -960, error: 94
#ERR  p: [1261, 1251], r: 1570309629, e: -959, error: 95
#ERR  p: [1261, 1252], r: 1570309619, e: -969, error: 96
#ERR  p: [1261, 1253], r: 1570309609, e: -971, error: 97
#ERR  p: [1261, 1254], r: 1570309599, e: -967, error: 98
#ERR  p: [1261, 1255], r: 1570309589, e: -974, error: 99
#ERR  p: [1261, 1256], r: 1570309579, e: -970, error: 100
#ERR  p: [1261, 1257], r: 1570309569, e: -977, error: 101
#ERR  p: [1261, 1258], r: 1570309559, e: -975, error: 102
#ERR  p: [1261, 1259], r: 1570309549, e: -964, error: 103
#ERR  p: [1261, 1260], r: 1570309539, e: -957, error: 104
#ERR  p: [1261, 1261], r: 1570309529, e: -950, error: 105
#ERR  p: [1261, 1262], r: 1570309519, e: -960, error: 106
#ERR  p: [1261, 1263], r: 1570309509, e: -955, error: 107
#ERR  p: [1261, 1264], r: 1570309499, e: -948, error: 108
#ERR  p: [1261, 1265], r: 1570309489, e: -955, error: 109
#ERR  p: [1261, 1266], r: 1570309479, e: -962, error: 110
#ERR  p: [1261, 1267], r: 1570309469, e: -972, error: 111
#ERR  p: [1261, 1268], r: 1570309459, e: -974, error: 112
#ERR  p: [1261, 1269], r: 1570309449, e: -979, error: 113
#ERR  p: [1261, 1270], r: 1570309439, e: -987, error: 114
#ERR  p: [1261, 1271], r: 1570309429, e: -990, error: 115
#ERR  p: [1261, 1272], r: 1570309419, e: -995, error: 116
#ERR  p: [1261, 1273], r: 1570309409, e: -995, error: 117
#ERR  p: [1261, 1274], r: 1570309399, e: -994, error: 118
#ERR  p: [1261, 1275], r: 1570309389, e: -994, error: 119
#ERR  p: [1261, 1276], r: 1570309379, e: -1004, error: 120
#ERR  p: [1261, 1277], r: 1570309369, e: -1010, error: 121
#ERR  p: [1261, 1278], r: 1570309359, e: -1013, error: 122
#ERR  p: [1261, 1279], r: 1570309349, e: -1022, error: 123
#ERR  p: [1261, 1280], r: 1570309339, e: -1018, error: 124
#ERR  p: [1261, 1281], r: 1570309329, e: -1011, error: 125
#ERR  p: [1261, 1282], r: 1570309319, e: -1015, error: 126
#ERR  p: [1261, 1283], r: 1570309309, e: -1019, error: 127
#ERR  p: [1261, 1284], r: 1570309299, e: -1023, error: 128
#ERR  p: [1261, 1285], r: 1570309289, e: -1018, error: 129
#ERR  p: [1261, 1286], r: 1570309279, e: -1005, error: 130
#ERR  p: [1261, 1287], r: 1570309269, e: -996, error: 131
#ERR  p: [1261, 1288], r: 1570309259, e: -990, error: 132
#ERR  p: [1261, 1289], r: 1570309249, e: -998, error: 133
#ERR  p: [1261, 1290], r: 1570309239, e: -1007, error: 134
#ERR  p: [1261, 1291], r: 1570309229, e: -1017, error: 135
#ERR  p: [1261, 1292], r: 1570309219, e: -1027, error: 136
#ERR  p: [1261, 1293], r: 1570309209, e: -1034, error: 137
#ERR  p: [1261, 1294], r: 1570309199, e: -1026, error: 138
#ERR  p: [1261, 1295], r: 1570309189, e: -1029, error: 139
#ERR  p: [1261, 1296], r: 1570309179, e: -1035, error: 140
#ERR  p: [1261, 1297], r: 1570309169, e: -1020, error: 141
#ERR  p: [1261, 1298], r: 1570309159, e: -1026, error: 142
#ERR  p: [1261, 1299], r: 1570309149, e: -1019, error: 143
#ERR  p: [1261, 1300], r: 1570309139, e: -1022, error: 144
#ERR  p: [1261, 1301], r: 1570309129, e: -1032, error: 145
#ERR  p: [1261, 1302], r: 1570309119, e: -1031, error: 146
#ERR  p: [1261, 1303], r: 1570309109, e: -1041, error: 147
#ERR  p: [1261, 1304], r: 1570309099, e: -1048, error: 148
#ERR  p: [1261, 1305], r: 1570309089, e: -1042, error: 149
#ERR  p: [1261, 1306], r: 1570309079, e: -1048, error: 150
#ERR  p: [1261, 1307], r: 1570309069, e: -1043, error: 151
#ERR  p: [1261, 1308], r: 1570309059, e: -1034, error: 152
#ERR  p: [1261, 1309], r: 1570309049, e: -1032, error: 153
#ERR  p: [1261, 1310], r: 1570309039, e: -1037, error: 154
#ERR  p: [1261, 1311], r: 1570309029, e: -1042, error: 155
#ERR  p: [1261, 1312], r: 1570309019, e: -1047, error: 156
#ERR  p: [1261, 1313], r: 1570309009, e: -1043, error: 157
#ERR  p: [1261, 1314], r: 1570308999, e: -1036, error: 158
#ERR  p: [1261, 1315], r: 1570308989, e: -1026, error: 159
#ERR  p: [1261, 1316], r: 1570308979, e: -1009, error: 160
#ERR  p: [1261, 1317], r: 1570308969, e: -1011, error: 161
#ERR  p: [1261, 1318], r: 1570308959, e: -1012, error: 162
#ERR  p: [1261, 1319], r: 1570308949, e: -1019, error: 163
#ERR  p: [1261, 1320], r: 1570308939, e: -1013, error: 164
#ERR  p: [1261, 1321], r: 1570308929, e: -1022, error: 165
#ERR  p: [1261, 1322], r: 1570308919, e: -1032, error: 166
#ERR  p: [1261, 1323], r: 1570308909, e: -1042, error: 167
#ERR  p: [1261, 1324], r: 1570308899, e: -1052, error: 168
#ERR  p: [1261, 1325], r: 1570308889, e: -1059, error: 169
#ERR  p: [1261, 1326], r: 1570308879, e: -1063, error: 170
#ERR  p: [1261, 1327], r: 1570308869, e: -1054, error: 171
#ERR  p: [1261, 1328], r: 1570308859, e: -1064, error: 172
#ERR  p: [1261, 1329], r: 1570308849, e: -1071, error: 173
#ERR  p: [1261, 1330], r: 1570308839, e: -1065, error: 174
#ERR  p: [1261, 1331], r: 1570308829, e: -1073, error: 175
#ERR  p: [1261, 1332], r: 1570308819, e: -1079, error: 176
#ERR  p: [1261, 1333], r: 1570308809, e: -1075, error: 177
#ERR  p: [1261, 1334], r: 1570308799, e: -1085, error: 178
#ERR  p: [1261, 1335], r: 1570308789, e: -1095, error: 179
#ERR  p: [1261, 1336], r: 1570308779, e: -1105, error: 180
#ERR  p: [1261, 1337], r: 1570308769, e: -1115, error: 181
#ERR  p: [1261, 1338], r: 1570308759, e: -1125, error: 182
#ERR  p: [1261, 1339], r: 1570308749, e: -1135, error: 183
#ERR  p: [1261, 1340], r: 1570308739, e: -1145, error: 184
#ERR  p: [1261, 1341], r: 1570308729, e: -1144, error: 185
#ERR  p: [1261, 1342], r: 1570308719, e: -1154, error: 186
#ERR  p: [1261, 1343], r: 1570308709, e: -1147, error: 187
#ERR  p: [1261, 1344], r: 1570308699, e: -1155, error: 188
#ERR  p: [1261, 1345], r: 1570308689, e: -1164, error: 189
#ERR  p: [1261, 1346], r: 1570308679, e: -1161, error: 190
#ERR  p: [1261, 1347], r: 1570308669, e: -1165, error: 191
#ERR  p: [1261, 1348], r: 1570308659, e: -1169, error: 192
#ERR  p: [1261, 1349], r: 1570308649, e: -1170, error: 193
#ERR  p: [1261, 1350], r: 1570308639, e: -1175, error: 194
#ERR  p: [1261, 1351], r: 1570308629, e: -1173, error: 195
#ERR  p: [1261, 1352], r: 1570308619, e: -1180, error: 196
#ERR  p: [1261, 1353], r: 1570308609, e: -1187, error: 197
#ERR  p: [1261, 1354], r: 1570308599, e: -1184, error: 198
#ERR  p: [1261, 1355], r: 1570308589, e: -1194, error: 199
#ERR  p: [1261, 1356], r: 1570308579, e: -1193, error: 200
#ERR  p: [1261, 1357], r: 1570308569, e: -1190, error: 201
#ERR  p: [1261, 1358], r: 1570308559, e: -1183, error: 202
#ERR  p: [1261, 1359], r: 1570308549, e: -1178, error: 203
#ERR  p: [1261, 1360], r: 1570308539, e: -1185, error: 204
#ERR  p: [1261, 1361], r: 1570308529, e: -1194, error: 205
#ERR  p: [1261, 1362], r: 1570308519, e: -1203, error: 206
#ERR  p: [1261, 1363], r: 1570308509, e: -1185, error: 207
#ERR  p: [1261, 1364], r: 1570308499, e: -1178, error: 208
#ERR  p: [1261, 1365], r: 1570308489, e: -1187, error: 209
#ERR  p: [1261, 1366], r: 1570308479, e: -1197, error: 210
#ERR  p: [1261, 1367], r: 1570308469, e: -1196, error: 211
#ERR  p: [1261, 1368], r: 1570308459, e: -1204, error: 212
#ERR  p: [1261, 1369], r: 1570308449, e: -1200, error: 213
#ERR  p: [1261, 1370], r: 1570308439, e: -1196, error: 214
#ERR  p: [1261, 1371], r: 1570308429, e: -1192, error: 215
#ERR  p: [1261, 1372], r: 1570308419, e: -1197, error: 216
#ERR  p: [1261, 1373], r: 1570308409, e: -1197, error: 217
#ERR  p: [1261, 1374], r: 1570308399, e: -1201, error: 218
#ERR  p: [1261, 1375], r: 1570308389, e: -1205, error: 219
#ERR  p: [1261, 1376], r: 1570308379, e: -1214, error: 220
#ERR  p: [1261, 1377], r: 1570308369, e: -1224, error: 221
#ERR  p: [1261, 1378], r: 1570308359, e: -1234, error: 222
#ERR  p: [1261, 1379], r: 1570308349, e: -1243, error: 223
#ERR  p: [1261, 1380], r: 1570308339, e: -1253, error: 224
#ERR  p: [1261, 1381], r: 1570308329, e: -1249, error: 225
#ERR  p: [1261, 1382], r: 1570308319, e: -1259, error: 226
#ERR  p: [1261, 1383], r: 1570308309, e: -1267, error: 227
#ERR  p: [1261, 1384], r: 1570308299, e: -1258, error: 228
#ERR  p: [1261, 1385], r: 1570308289, e: -1264, error: 229
#ERR  p: [1261, 1386], r: 1570308279, e: -1274, error: 230
#ERR  p: [1261, 1387], r: 1570308269, e: -1282, error: 231
#ERR  p: [1261, 1388], r: 1570308259, e: -1292, error: 232
#ERR  p: [1261, 1389], r: 1570308249, e: -1302, error: 233
#ERR  p: [1261, 1390], r: 1570308239, e: -1312, error: 234
#ERR  p: [1261, 1391], r: 1570308229, e: -1322, error: 235
#ERR  p: [1261, 1392], r: 1570308219, e: -1332, error: 236
#ERR  p: [1261, 1393], r: 1570308209, e: -1342, error: 237
#ERR  p: [1261, 1394], r: 1570308199, e: -1352, error: 238
#ERR  p: [1261, 1395], r: 1570308189, e: -1345, error: 239
#ERR  p: [1261, 1396], r: 1570308179, e: -1350, error: 240
#ERR  p: [1261, 1397], r: 1570308169, e: -1344, error: 241
#ERR  p: [1261, 1398], r: 1570308159, e: -1351, error: 242
#ERR  p: [1261, 1399], r: 1570308149, e: -1359, error: 243
#ERR  p: [1261, 1400], r: 1570308139, e: -1364, error: 244
#ERR  p: [1261, 1401], r: 1570308129, e: -1361, error: 245
#ERR  p: [1261, 1402], r: 1570308119, e: -1370, error: 246
#ERR  p: [1261, 1403], r: 1570308109, e: -1362, error: 247
#ERR  p: [1261, 1404], r: 1570308099, e: -1354, error: 248
#ERR  p: [1261, 1405], r: 1570308089, e: -1360, error: 249
#ERR  p: [1261, 1406], r: 1570308079, e: -1365, error: 250
#ERR  p: [1261, 1407], r: 1570308069, e: -1368, error: 251
#ERR  p: [1261, 1408], r: 1570308059, e: -1371, error: 252
#ERR  p: [1261, 1409], r: 1570308049, e: -1364, error: 253
#ERR  p: [1261, 1410], r: 1570308039, e: -1373, error: 254
#ERR  p: [1261, 1411], r: 1570308029, e: -1380, error: 255
#ERR  p: [1261, 1412], r: 1570308019, e: -1387, error: 256
#ERR  p: [1261, 1413], r: 1570308009, e: -1391, error: 257
#ERR  p: [1261, 1414], r: 1570307999, e: -1398, error: 258
#ERR  p: [1261, 1415], r: 1570307989, e: -1397, error: 259
#ERR  p: [1261, 1416], r: 1570307979, e: -1403, error: 260
#ERR  p: [1261, 1417], r: 1570307969, e: -1413, error: 261
#ERR  p: [1261, 1418], r: 1570307959, e: -1422, error: 262
#ERR  p: [1261, 1419], r: 1570307949, e: -1429, error: 263
#ERR  p: [1261, 1420], r: 1570307939, e: -1434, error: 264
#ERR  p: [1261, 1421], r: 1570307929, e: -1443, error: 265
#ERR  p: [1261, 1422], r: 1570307919, e: -1443, error: 266
#ERR  p: [1261, 1423], r: 1570307909, e: -1448, error: 267
#ERR  p: [1261, 1424], r: 1570307899, e: -1458, error: 268
#ERR  p: [1261, 1425], r: 1570307889, e: -1468, error: 269
#ERR  p: [1261, 1426], r: 1570307879, e: -1461, error: 270
#ERR  p: [1261, 1427], r: 1570307869, e: -1471, error: 271
#ERR  p: [1261, 1428], r: 1570307859, e: -1481, error: 272
#ERR  p: [1261, 1429], r: 1570307849, e: -1490, error: 273
#ERR  p: [1261, 1430], r: 1570307839, e: -1488, error: 274
#ERR  p: [1261, 1431], r: 1570307829, e: -1493, error: 275
#ERR  p: [1261, 1432], r: 1570307819, e: -1501, error: 276
#ERR  p: [1261, 1433], r: 1570307809, e: -1511, error: 277
#ERR  p: [1261, 1434], r: 1570307799, e: -1510, error: 278
#ERR  p: [1261, 1435], r: 1570307789, e: -1497, error: 279
#ERR  p: [1261, 1436], r: 1570307779, e: -1507, error: 280
#ERR  p: [1261, 1437], r: 1570307769, e: -1515, error: 281
#ERR  p: [1261, 1438], r: 1570307759, e: -1513, error: 282
#ERR  p: [1261, 1439], r: 1570307749, e: -1521, error: 283
#ERR  p: [1261, 1440], r: 1570307739, e: -1526, error: 284
#ERR  p: [1261, 1441], r: 1570307729, e: -1535, error: 285
#ERR  p: [1261, 1442], r: 1570307719, e: -1543, error: 286
#ERR  p: [1261, 1443], r: 1570307709, e: -1538, error: 287
#ERR  p: [1261, 1444], r: 1570307699, e: -1548, error: 288
#ERR  p: [1261, 1445], r: 1570307689, e: -1558, error: 289
#ERR  p: [1261, 1446], r: 1570307679, e: -1568, error: 290
#ERR  p: [1261, 1447], r: 1570307669, e: -1578, error: 291
#ERR  p: [1261, 1448], r: 1570307659, e: -1577, error: 292
#ERR  p: [1261, 1449], r: 1570307649, e: -1586, error: 293
#ERR  p: [1261, 1450], r: 1570307639, e: -1590, error: 294
#ERR  p: [1261, 1451], r: 1570307629, e: -1587, error: 295
#ERR  p: [1261, 1452], r: 1570307619, e: -1591, error: 296
#ERR  p: [1261, 1453], r: 1570307609, e: -1601, error: 297
#ERR  p: [1261, 1454], r: 1570307599, e: -1604, error: 298
#ERR  p: [1261, 1455], r: 1570307589, e: -1614, error: 299
#ERR  p: [1261, 1456], r: 1570307579, e: -1624, error: 300
#ERR  p: [1261, 1457], r: 1570307569, e: -1630, error: 301
#ERR  p: [1261, 1458], r: 1570307559, e: -1635, error: 302
#ERR  p: [1261, 1459], r: 1570307549, e: -1633, error: 303
#ERR  p: [1261, 1460], r: 1570307539, e: -1636, error: 304
#ERR  p: [1261, 1461], r: 1570307529, e: -1642, error: 305
#ERR  p: [1261, 1462], r: 1570307519, e: -1644, error: 306
#ERR  p: [1261, 1463], r: 1570307509, e: -1645, error: 307
#ERR  p: [1261, 1464], r: 1570307499, e: -1650, error: 308
#ERR  p: [1261, 1465], r: 1570307489, e: -1657, error: 309
#ERR  p: [1261, 1466], r: 1570307479, e: -1658, error: 310
#ERR  p: [1261, 1467], r: 1570307469, e: -1663, error: 311
#ERR  p: [1261, 1468], r: 1570307459, e: -1668, error: 312
#ERR  p: [1261, 1469], r: 1570307449, e: -1676, error: 313
#ERR  p: [1261, 1470], r: 1570307439, e: -1673, error: 314
#ERR  p: [1261, 1471], r: 1570307429, e: -1679, error: 315
#ERR  p: [1261, 1472], r: 1570307419, e: -1684, error: 316
#ERR  p: [1261, 1473], r: 1570307409, e: -1690, error: 317
#ERR  p: [1261, 1474], r: 1570307399, e: -1692, error: 318
#ERR  p: [1261, 1475], r: 1570307389, e: -1702, error: 319
#ERR  p: [1261, 1476], r: 1570307379, e: -1704, error: 320
#ERR  p: [1261, 1477], r: 1570307369, e: -1714, error: 321
#ERR  p: [1261, 1478], r: 1570307359, e: -1719, error: 322
#ERR  p: [1261, 1479], r: 1570307349, e: -1722, error: 323
#ERR  p: [1261, 1480], r: 1570307339, e: -1728, error: 324
#ERR  p: [1261, 1481], r: 1570307329, e: -1732, error: 325
#ERR  p: [1261, 1482], r: 1570307319, e: -1742, error: 326
#ERR  p: [1261, 1483], r: 1570307309, e: -1740, error: 327
#ERR  p: [1261, 1484], r: 1570307299, e: -1750, error: 328
#ERR  p: [1261, 1485], r: 1570307289, e: -1760, error: 329
#ERR  p: [1261, 1486], r: 1570307279, e: -1767, error: 330
#ERR  p: [1261, 1487], r: 1570307269, e: -1776, error: 331
#ERR  p: [1261, 1488], r: 1570307259, e: -1782, error: 332
#ERR  p: [1261, 1489], r: 1570307249, e: -1779, error: 333
#ERR  p: [1261, 1490], r: 1570307239, e: -1784, error: 334
#ERR  p: [1261, 1491], r: 1570307229, e: -1791, error: 335
#ERR  p: [1261, 1492], r: 1570307219, e: -1801, error: 336
#ERR  p: [1261, 1493], r: 1570307209, e: -1808, error: 337
#ERR  p: [1261, 1494], r: 1570307199, e: -1810, error: 338
#ERR  p: [1261, 1495], r: 1570307189, e: -1820, error: 339
#ERR  p: [1261, 1496], r: 1570307179, e: -1827, error: 340
#ERR  p: [1261, 1497], r: 1570307169, e: -1830, error: 341
#ERR  p: [1261, 1498], r: 1570307159, e: -1839, error: 342
#ERR  p: [1261, 1499], r: 1570307149, e: -1849, error: 343
#ERR  p: [1261, 1500], r: 1570307139, e: -1858, error: 344
#ERR  p: [1261, 1501], r: 1570307129, e: -1866, error: 345
#ERR  p: [1261, 1502], r: 1570307119, e: -1876, error: 346
#ERR  p: [1261, 1503], r: 1570307109, e: -1884, error: 347
#ERR  p: [1261, 1504], r: 1570307099, e: -1887, error: 348
#ERR  p: [1261, 1505], r: 1570307089, e: -1883, error: 349
#ERR  p: [1261, 1506], r: 1570307079, e: -1892, error: 350
#ERR  p: [1261, 1507], r: 1570307069, e: -1902, error: 351
#ERR  p: [1261, 1508], r: 1570307059, e: -1911, error: 352
#ERR  p: [1261, 1509], r: 1570307049, e: -1905, error: 353
#ERR  p: [1261, 1510], r: 1570307039, e: -1904, error: 354
#ERR  p: [1261, 1511], r: 1570307029, e: -1914, error: 355
#ERR  p: [1261, 1512], r: 1570307019, e: -1924, error: 356
#ERR  p: [1261, 1513], r: 1570307009, e: -1934, error: 357
#ERR  p: [1261, 1514], r: 1570306999, e: -1944, error: 358
#ERR  p: [1261, 1515], r: 1570306989, e: -1954, error: 359
#ERR  p: [1261, 1516], r: 1570306979, e: -1964, error: 360
#ERR  p: [1261, 1517], r: 1570306969, e: -1974, error: 361
#ERR  p: [1261, 1518], r: 1570306959, e: -1984, error: 362
#ERR  p: [1261, 1519], r: 1570306949, e: -1994, error: 363
#ERR  p: [1261, 1520], r: 1570306939, e: -2004, error: 364
#ERR  p: [1261, 1521], r: 1570306929, e: -2014, error: 365
#ERR  p: [1261, 1522], r: 1570306919, e: -2023, error: 366
#ERR  p: [1261, 1523], r: 1570306909, e: -2019, error: 367
#ERR  p: [1261, 1524], r: 1570306899, e: -2029, error: 368
#ERR  p: [1261, 1525], r: 1570306889, e: -2039, error: 369
#ERR  p: [1261, 1526], r: 1570306879, e: -2049, error: 370
#ERR  p: [1261, 1527], r: 1570306869, e: -2045, error: 371
#ERR  p: [1261, 1528], r: 1570306859, e: -2052, error: 372
#ERR  p: [1261, 1529], r: 1570306849, e: -2049, error: 373
#ERR  p: [1261, 1530], r: 1570306839, e: -2057, error: 374
#ERR  p: [1261, 1531], r: 1570306829, e: -2065, error: 375
#ERR  p: [1261, 1532], r: 1570306819, e: -2075, error: 376
#ERR  p: [1261, 1533], r: 1570306809, e: -2083, error: 377
#ERR  p: [1261, 1534], r: 1570306799, e: -2093, error: 378
#ERR  p: [1261, 1535], r: 1570306789, e: -2103, error: 379
#ERR  p: [1261, 1536], r: 1570306779, e: -2113, error: 380
#ERR  p: [1261, 1537], r: 1570306769, e: -2113, error: 381
#ERR  p: [1261, 1538], r: 1570306759, e: -2123, error: 382
#ERR  p: [1261, 1539], r: 1570306749, e: -2133, error: 383
#ERR  p: [1261, 1540], r: 1570306739, e: -2143, error: 384
#ERR  p: [1261, 1541], r: 1570306729, e: -2153, error: 385
#ERR  p: [1261, 1542], r: 1570306719, e: -2163, error: 386
#ERR  p: [1261, 1543], r: 1570306709, e: -2173, error: 387
#ERR  p: [1261, 1544], r: 1570306699, e: -2183, error: 388
#ERR  p: [1261, 1545], r: 1570306689, e: -2193, error: 389
#ERR  p: [1261, 1546], r: 1570306679, e: -2203, error: 390
#ERR  p: [1261, 1547], r: 1570306669, e: -2213, error: 391
#ERR  p: [1261, 1548], r: 1570306659, e: -2223, error: 392
#ERR  p: [1261, 1549], r: 1570306649, e: -2223, error: 393
#ERR  p: [1261, 1550], r: 1570306639, e: -2231, error: 394
#ERR  p: [1261, 1551], r: 1570306629, e: -2241, error: 395
#ERR  p: [1261, 1552], r: 1570306619, e: -2249, error: 396
#ERR  p: [1261, 1553], r: 1570306609, e: -2254, error: 397
#ERR  p: [1261, 1554], r: 1570306599, e: -2260, error: 398
#ERR  p: [1261, 1555], r: 1570306589, e: -2261, error: 399
#ERR  p: [1261, 1556], r: 1570306579, e: -2267, error: 400
#ERR  p: [1261, 1557], r: 1570306569, e: -2276, error: 401
#ERR  p: [1261, 1558], r: 1570306559, e: -2284, error: 402
#ERR  p: [1261, 1559], r: 1570306549, e: -2284, error: 403
#ERR  p: [1261, 1560], r: 1570306539, e: -2292, error: 404
#ERR  p: [1261, 1561], r: 1570306529, e: -2297, error: 405
#ERR  p: [1261, 1562], r: 1570306519, e: -2303, error: 406
#ERR  p: [1261, 1563], r: 1570306509, e: -2312, error: 407
#ERR  p: [1261, 1564], r: 1570306499, e: -2308, error: 408
#ERR  p: [1261, 1565], r: 1570306489, e: -2316, error: 409
#ERR  p: [1261, 1566], r: 1570306479, e: -2323, error: 410
#ERR  p: [1261, 1567], r: 1570306469, e: -2327, error: 411
#ERR  p: [1261, 1568], r: 1570306459, e: -2337, error: 412
#ERR  p: [1261, 1569], r: 1570306449, e: -2345, error: 413
#ERR  p: [1261, 1570], r: 1570306439, e: -2351, error: 414
#ERR  p: [1261, 1571], r: 1570306429, e: -2361, error: 415
#ERR  p: [1261, 1572], r: 1570306419, e: -2362, error: 416
#ERR  p: [1261, 1573], r: 1570306409, e: -2372, error: 417
#ERR  p: [1261, 1574], r: 1570306399, e: -2375, error: 418
#ERR  p: [1261, 1575], r: 1570306389, e: -2374, error: 419
#ERR  p: [1261, 1576], r: 1570306379, e: -2383, error: 420
#ERR  p: [1261, 1577], r: 1570306369, e: -2391, error: 421
#ERR  p: [1261, 1578], r: 1570306359, e: -2399, error: 422
#ERR  p: [1261, 1579], r: 1570306349, e: -2409, error: 423
#ERR  p: [1261, 1580], r: 1570306339, e: -2408, error: 424
#ERR  p: [1261, 1581], r: 1570306329, e: -2412, error: 425
#ERR  p: [1261, 1582], r: 1570306319, e: -2417, error: 426
#ERR  p: [1261, 1583], r: 1570306309, e: -2427, error: 427
#ERR  p: [1261, 1584], r: 1570306299, e: -2426, error: 428
#ERR  p: [1261, 1585], r: 1570306289, e: -2429, error: 429
#ERR  p: [1261, 1586], r: 1570306279, e: -2437, error: 430
#ERR  p: [1261, 1587], r: 1570306269, e: -2447, error: 431
#ERR  p: [1261, 1588], r: 1570306259, e: -2457, error: 432
#ERR  p: [1261, 1589], r: 1570306249, e: -2467, error: 433
#ERR  p: [1261, 1590], r: 1570306239, e: -2477, error: 434
#ERR  p: [1261, 1591], r: 1570306229, e: -2487, error: 435
#ERR  p: [1261, 1592], r: 1570306219, e: -2497, error: 436
#ERR  p: [1261, 1593], r: 1570306209, e: -2490, error: 437
#ERR  p: [1261, 1594], r: 1570306199, e: -2489, error: 438
#ERR  p: [1261, 1595], r: 1570306189, e: -2481, error: 439
#ERR  p: [1261, 1596], r: 1570306179, e: -2491, error: 440
#ERR  p: [1261, 1597], r: 1570306169, e: -2489, error: 441
#ERR  p: [1261, 1598], r: 1570306159, e: -2493, error: 442
#ERR  p: [1261, 1599], r: 1570306149, e: -2503, error: 443
#ERR  p: [1261, 1600], r: 1570306139, e: -2501, error: 444
#ERR  p: [1261, 1601], r: 1570306129, e: -2511, error: 445
#ERR  p: [1261, 1602], r: 1570306119, e: -2521, error: 446
#ERR  p: [1261, 1603], r: 1570306109, e: -2531, error: 447
#ERR  p: [1261, 1604], r: 1570306099, e: -2541, error: 448
#ERR  p: [1261, 1605], r: 1570306089, e: -2549, error: 449
#ERR  p: [1261, 1606], r: 1570306079, e: -2559, error: 450
#ERR  p: [1261, 1607], r: 1570306069, e: -2569, error: 451
#ERR  p: [1261, 1608], r: 1570306059, e: -2579, error: 452
#ERR  p: [1261, 1609], r: 1570306049, e: -2588, error: 453
#ERR  p: [1261, 1610], r: 1570306039, e: -2596, error: 454
#ERR  p: [1261, 1611], r: 1570306029, e: -2606, error: 455
#ERR  p: [1261, 1612], r: 1570306019, e: -2616, error: 456
#ERR  p: [1261, 1613], r: 1570306009, e: -2624, error: 457
#ERR  p: [1261, 1614], r: 1570305999, e: -2626, error: 458
#ERR  p: [1261, 1615], r: 1570305989, e: -2633, error: 459
#ERR  p: [1261, 1616], r: 1570305979, e: -2641, error: 460
#ERR  p: [1261, 1617], r: 1570305969, e: -2637, error: 461
#ERR  p: [1261, 1618], r: 1570305959, e: -2641, error: 462
#ERR  p: [1261, 1619], r: 1570305949, e: -2645, error: 463
#ERR  p: [1261, 1620], r: 1570305939, e: -2654, error: 464
#ERR  p: [1261, 1621], r: 1570305929, e: -2664, error: 465
#ERR  p: [1261, 1622], r: 1570305919, e: -2672, error: 466
#ERR  p: [1261, 1623], r: 1570305909, e: -2680, error: 467
#ERR  p: [1261, 1624], r: 1570305899, e: -2685, error: 468
#ERR  p: [1261, 1625], r: 1570305889, e: -2695, error: 469
#ERR  p: [1261, 1626], r: 1570305879, e: -2705, error: 470
#ERR  p: [1261, 1627], r: 1570305869, e: -2712, error: 471
#ERR  p: [1261, 1628], r: 1570305859, e: -2722, error: 472
#ERR  p: [1261, 1629], r: 1570305849, e: -2729, error: 473
#ERR  p: [1261, 1630], r: 1570305839, e: -2721, error: 474
#ERR  p: [1261, 1631], r: 1570305829, e: -2722, error: 475
#ERR  p: [1261, 1632], r: 1570305819, e: -2715, error: 476
#ERR  p: [1261, 1633], r: 1570305809, e: -2725, error: 477
#ERR  p: [1261, 1634], r: 1570305799, e: -2734, error: 478
#ERR  p: [1261, 1635], r: 1570305789, e: -2734, error: 479
#ERR  p: [1261, 1636], r: 1570305779, e: -2738, error: 480
#ERR  p: [1261, 1637], r: 1570305769, e: -2748, error: 481
#ERR  p: [1261, 1638], r: 1570305759, e: -2758, error: 482
#ERR  p: [1261, 1639], r: 1570305749, e: -2767, error: 483
#ERR  p: [1261, 1640], r: 1570305739, e: -2777, error: 484
#ERR  p: [1261, 1641], r: 1570305729, e: -2787, error: 485
#ERR  p: [1261, 1642], r: 1570305719, e: -2797, error: 486
#ERR  p: [1261, 1643], r: 1570305709, e: -2801, error: 487
#ERR  p: [1261, 1644], r: 1570305699, e: -2811, error: 488
#ERR  p: [1261, 1645], r: 1570305689, e: -2816, error: 489
#ERR  p: [1261, 1646], r: 1570305679, e: -2822, error: 490
#ERR  p: [1261, 1647], r: 1570305669, e: -2820, error: 491
#ERR  p: [1261, 1648], r: 1570305659, e: -2830, error: 492
#ERR  p: [1261, 1649], r: 1570305649, e: -2840, error: 493
#ERR  p: [1261, 1650], r: 1570305639, e: -2850, error: 494
#ERR  p: [1261, 1651], r: 1570305629, e: -2859, error: 495
#ERR  p: [1261, 1652], r: 1570305619, e: -2869, error: 496
#ERR  p: [1261, 1653], r: 1570305609, e: -2870, error: 497
#ERR  p: [1261, 1654], r: 1570305599, e: -2880, error: 498
#ERR  p: [1261, 1655], r: 1570305589, e: -2888, error: 499
#SDC Ite:0 KerTime:0.294945 AccTime:0.294945 KerErr:500 AccErr:500
#END