#HEADER max_rows:2048 max_cols:2048 penalty:10
#BEGIN Y:2016 M:09 D:12 Time:13:59:15
#IT Ite:0 KerTime:0.294038 AccTime:0.294038
#ERR Error detected! kerrors = 45590
#ERR  p: [1854, 1813], r: 268434149, e: -1307, error: 1
#ERR  p: [1854, 1814], r: 268434139, e: -1299, error: 2
#ERR  p: [1854, 1815], r: 268434129, e: -1298, error: 3
#ERR  p: [1854, 1816], r: 268434119, e: -1303, error: 4
#ERR  p: [1854, 1817], r: 268434109, e: -1308, error: 5
#ERR  p: [1854, 1818], r: 268434099, e: -1310, error: 6
#ERR  p: [1854, 1819], r: 268434089, e: -1314, error: 7
#ERR  p: [1854, 1820], r: 268434079, e: -1315, error: 8
#ERR  p: [1854, 1821], r: 268434069, e: -1325, error: 9
#ERR  p: [1854, 1822], r: 268434059, e: -1335, error: 10
#ERR  p: [1854, 1823], r: 268434049, e: -1324, error: 11
#ERR  p: [1854, 1824], r: 268434039, e: -1323, error: 12
#ERR  p: [1854, 1825], r: 268434029, e: -1316, error: 13
#ERR  p: [1854, 1826], r: 268434019, e: -1303, error: 14
#ERR  p: [1854, 1827], r: 268434009, e: -1313, error: 15
#ERR  p: [1854, 1828], r: 268433999, e: -1322, error: 16
#ERR  p: [1854, 1829], r: 268433989, e: -1332, error: 17
#ERR  p: [1854, 1830], r: 268433979, e: -1342, error: 18
#ERR  p: [1854, 1831], r: 268433969, e: -1352, error: 19
#ERR  p: [1854, 1832], r: 268433959, e: -1362, error: 20
#ERR  p: [1854, 1833], r: 268433949, e: -1371, error: 21
#ERR  p: [1854, 1834], r: 268433939, e: -1364, error: 22
#ERR  p: [1854, 1835], r: 268433929, e: -1369, error: 23
#ERR  p: [1854, 1836], r: 268433919, e: -1375, error: 24
#ERR  p: [1854, 1837], r: 268433909, e: -1371, error: 25
#ERR  p: [1854, 1838], r: 268433899, e: -1357, error: 26
#ERR  p: [1854, 1839], r: 268433889, e: -1363, error: 27
#ERR  p: [1854, 1840], r: 268433879, e: -1369, error: 28
#ERR  p: [1854, 1841], r: 268433869, e: -1370, error: 29
#ERR  p: [1854, 1842], r: 268433859, e: -1374, error: 30
#ERR  p: [1854, 1843], r: 268433849, e: -1380, error: 31
#ERR  p: [1854, 1844], r: 268433839, e: -1387, error: 32
#ERR  p: [1854, 1845], r: 268433829, e: -1394, error: 33
#ERR  p: [1854, 1846], r: 268433819, e: -1404, error: 34
#ERR  p: [1854, 1847], r: 268433809, e: -1414, error: 35
#ERR  p: [1854, 1848], r: 268433799, e: -1419, error: 36
#ERR  p: [1854, 1849], r: 268433789, e: -1429, error: 37
#ERR  p: [1854, 1850], r: 268433779, e: -1424, error: 38
#ERR  p: [1854, 1851], r: 268433769, e: -1422, error: 39
#ERR  p: [1854, 1852], r: 268433759, e: -1430, error: 40
#ERR  p: [1854, 1853], r: 268433749, e: -1438, error: 41
#ERR  p: [1854, 1854], r: 268433739, e: -1447, error: 42
#ERR  p: [1854, 1855], r: 268433729, e: -1445, error: 43
#ERR  p: [1854, 1856], r: 268433719, e: -1437, error: 44
#ERR  p: [1854, 1857], r: 268433709, e: -1430, error: 45
#ERR  p: [1854, 1858], r: 268433699, e: -1435, error: 46
#ERR  p: [1854, 1859], r: 268433689, e: -1439, error: 47
#ERR  p: [1854, 1860], r: 268433679, e: -1430, error: 48
#ERR  p: [1854, 1861], r: 268433669, e: -1439, error: 49
#ERR  p: [1854, 1862], r: 268433659, e: -1442, error: 50
#ERR  p: [1854, 1863], r: 268433649, e: -1451, error: 51
#ERR  p: [1854, 1864], r: 268433639, e: -1452, error: 52
#ERR  p: [1854, 1865], r: 268433629, e: -1444, error: 53
#ERR  p: [1854, 1866], r: 268433619, e: -1445, error: 54
#ERR  p: [1854, 1867], r: 268433609, e: -1436, error: 55
#ERR  p: [1854, 1868], r: 268433599, e: -1427, error: 56
#ERR  p: [1854, 1869], r: 268433589, e: -1418, error: 57
#ERR  p: [1854, 1870], r: 268433579, e: -1411, error: 58
#ERR  p: [1854, 1871], r: 268433569, e: -1408, error: 59
#ERR  p: [1854, 1872], r: 268433559, e: -1402, error: 60
#ERR  p: [1854, 1873], r: 268433549, e: -1408, error: 61
#ERR  p: [1854, 1874], r: 268433539, e: -1412, error: 62
#ERR  p: [1854, 1875], r: 268433529, e: -1407, error: 63
#ERR  p: [1854, 1876], r: 268433519, e: -1417, error: 64
#ERR  p: [1854, 1877], r: 268433509, e: -1418, error: 65
#ERR  p: [1854, 1878], r: 268433499, e: -1413, error: 66
#ERR  p: [1854, 1879], r: 268433489, e: -1414, error: 67
#ERR  p: [1854, 1880], r: 268433479, e: -1415, error: 68
#ERR  p: [1854, 1881], r: 268433469, e: -1418, error: 69
#ERR  p: [1854, 1882], r: 268433459, e: -1424, error: 70
#ERR  p: [1854, 1883], r: 268433449, e: -1429, error: 71
#ERR  p: [1854, 1884], r: 268433439, e: -1428, error: 72
#ERR  p: [1854, 1885], r: 268433429, e: -1435, error: 73
#ERR  p: [1854, 1886], r: 268433419, e: -1445, error: 74
#ERR  p: [1854, 1887], r: 268433409, e: -1455, error: 75
#ERR  p: [1854, 1888], r: 268433399, e: -1456, error: 76
#ERR  p: [1854, 1889], r: 268433389, e: -1460, error: 77
#ERR  p: [1854, 1890], r: 268433379, e: -1470, error: 78
#ERR  p: [1854, 1891], r: 268433369, e: -1480, error: 79
#ERR  p: [1854, 1892], r: 268433359, e: -1488, error: 80
#ERR  p: [1854, 1893], r: 268433349, e: -1485, error: 81
#ERR  p: [1854, 1894], r: 268433339, e: -1487, error: 82
#ERR  p: [1854, 1895], r: 268433329, e: -1490, error: 83
#ERR  p: [1854, 1896], r: 268433319, e: -1495, error: 84
#ERR  p: [1854, 1897], r: 268433309, e: -1494, error: 85
#ERR  p: [1854, 1898], r: 268433299, e: -1503, error: 86
#ERR  p: [1854, 1899], r: 268433289, e: -1499, error: 87
#ERR  p: [1854, 1900], r: 268433279, e: -1502, error: 88
#ERR  p: [1854, 1901], r: 268433269, e: -1499, error: 89
#ERR  p: [1854, 1902], r: 268433259, e: -1488, error: 90
#ERR  p: [1854, 1903], r: 268433249, e: -1480, error: 91
#ERR  p: [1854, 1904], r: 268433239, e: -1470, error: 92
#ERR  p: [1854, 1905], r: 268433229, e: -1463, error: 93
#ERR  p: [1854, 1906], r: 268433219, e: -1455, error: 94
#ERR  p: [1854, 1907], r: 268433209, e: -1450, error: 95
#ERR  p: [1854, 1908], r: 268433199, e: -1448, error: 96
#ERR  p: [1854, 1909], r: 268433189, e: -1450, error: 97
#ERR  p: [1854, 1910], r: 268433179, e: -1456, error: 98
#ERR  p: [1854, 1911], r: 268433169, e: -1460, error: 99
#ERR  p: [1854, 1912], r: 268433159, e: -1469, error: 100
#ERR  p: [1854, 1913], r: 268433149, e: -1462, error: 101
#ERR  p: [1854, 1914], r: 268433139, e: -1456, error: 102
#ERR  p: [1854, 1915], r: 268433129, e: -1466, error: 103
#ERR  p: [1854, 1916], r: 268433119, e: -1474, error: 104
#ERR  p: [1854, 1917], r: 268433109, e: -1478, error: 105
#ERR  p: [1854, 1918], r: 268433099, e: -1488, error: 106
#ERR  p: [1854, 1919], r: 268433089, e: -1485, error: 107
#ERR  p: [1854, 1920], r: 268433079, e: -1470, error: 108
#ERR  p: [1854, 1921], r: 268433069, e: -1464, error: 109
#ERR  p: [1854, 1922], r: 268433059, e: -1465, error: 110
#ERR  p: [1854, 1923], r: 268433049, e: -1464, error: 111
#ERR  p: [1854, 1924], r: 268433039, e: -1470, error: 112
#ERR  p: [1854, 1925], r: 268433029, e: -1480, error: 113
#ERR  p: [1854, 1926], r: 268433019, e: -1490, error: 114
#ERR  p: [1854, 1927], r: 268433009, e: -1496, error: 115
#ERR  p: [1854, 1928], r: 268432999, e: -1492, error: 116
#ERR  p: [1854, 1929], r: 268432989, e: -1487, error: 117
#ERR  p: [1854, 1930], r: 268432979, e: -1475, error: 118
#ERR  p: [1854, 1931], r: 268432969, e: -1485, error: 119
#ERR  p: [1854, 1932], r: 268432959, e: -1485, error: 120
#ERR  p: [1854, 1933], r: 268432949, e: -1482, error: 121
#ERR  p: [1854, 1934], r: 268432939, e: -1487, error: 122
#ERR  p: [1854, 1935], r: 268432929, e: -1497, error: 123
#ERR  p: [1854, 1936], r: 268432919, e: -1495, error: 124
#ERR  p: [1854, 1937], r: 268432909, e: -1490, error: 125
#ERR  p: [1854, 1938], r: 268432899, e: -1483, error: 126
#ERR  p: [1854, 1939], r: 268432889, e: -1474, error: 127
#ERR  p: [1854, 1940], r: 268432879, e: -1481, error: 128
#ERR  p: [1854, 1941], r: 268432869, e: -1489, error: 129
#ERR  p: [1854, 1942], r: 268432859, e: -1490, error: 130
#ERR  p: [1854, 1943], r: 268432849, e: -1481, error: 131
#ERR  p: [1854, 1944], r: 268432839, e: -1485, error: 132
#ERR  p: [1854, 1945], r: 268432829, e: -1495, error: 133
#ERR  p: [1854, 1946], r: 268432819, e: -1505, error: 134
#ERR  p: [1854, 1947], r: 268432809, e: -1515, error: 135
#ERR  p: [1854, 1948], r: 268432799, e: -1522, error: 136
#ERR  p: [1854, 1949], r: 268432789, e: -1516, error: 137
#ERR  p: [1854, 1950], r: 268432779, e: -1526, error: 138
#ERR  p: [1854, 1951], r: 268432769, e: -1520, error: 139
#ERR  p: [1854, 1952], r: 268432759, e: -1523, error: 140
#ERR  p: [1854, 1953], r: 268432749, e: -1527, error: 141
#ERR  p: [1854, 1954], r: 268432739, e: -1537, error: 142
#ERR  p: [1854, 1955], r: 268432729, e: -1541, error: 143
#ERR  p: [1854, 1956], r: 268432719, e: -1551, error: 144
#ERR  p: [1854, 1957], r: 268432709, e: -1559, error: 145
#ERR  p: [1854, 1958], r: 268432699, e: -1558, error: 146
#ERR  p: [1854, 1959], r: 268432689, e: -1560, error: 147
#ERR  p: [1854, 1960], r: 268432679, e: -1557, error: 148
#ERR  p: [1854, 1961], r: 268432669, e: -1567, error: 149
#ERR  p: [1854, 1962], r: 268432659, e: -1577, error: 150
#ERR  p: [1854, 1963], r: 268432649, e: -1587, error: 151
#ERR  p: [1854, 1964], r: 268432639, e: -1597, error: 152
#ERR  p: [1854, 1965], r: 268432629, e: -1607, error: 153
#ERR  p: [1854, 1966], r: 268432619, e: -1617, error: 154
#ERR  p: [1854, 1967], r: 268432609, e: -1627, error: 155
#ERR  p: [1854, 1968], r: 268432599, e: -1637, error: 156
#ERR  p: [1854, 1969], r: 268432589, e: -1647, error: 157
#ERR  p: [1854, 1970], r: 268432579, e: -1657, error: 158
#ERR  p: [1854, 1971], r: 268432569, e: -1654, error: 159
#ERR  p: [1854, 1972], r: 268432559, e: -1662, error: 160
#ERR  p: [1854, 1973], r: 268432549, e: -1668, error: 161
#ERR  p: [1854, 1974], r: 268432539, e: -1678, error: 162
#ERR  p: [1854, 1975], r: 268432529, e: -1688, error: 163
#ERR  p: [1854, 1976], r: 268432519, e: -1698, error: 164
#ERR  p: [1854, 1977], r: 268432509, e: -1705, error: 165
#ERR  p: [1854, 1978], r: 268432499, e: -1697, error: 166
#ERR  p: [1854, 1979], r: 268432489, e: -1699, error: 167
#ERR  p: [1854, 1980], r: 268432479, e: -1704, error: 168
#ERR  p: [1854, 1981], r: 268432469, e: -1712, error: 169
#ERR  p: [1854, 1982], r: 268432459, e: -1714, error: 170
#ERR  p: [1854, 1983], r: 268432449, e: -1714, error: 171
#ERR  p: [1854, 1984], r: 268432439, e: -1721, error: 172
#ERR  p: [1854, 1985], r: 268432429, e: -1715, error: 173
#ERR  p: [1854, 1986], r: 268432419, e: -1707, error: 174
#ERR  p: [1854, 1987], r: 268432409, e: -1701, error: 175
#ERR  p: [1854, 1988], r: 268432399, e: -1711, error: 176
#ERR  p: [1854, 1989], r: 268432389, e: -1711, error: 177
#ERR  p: [1854, 1990], r: 268432379, e: -1700, error: 178
#ERR  p: [1854, 1991], r: 268432369, e: -1710, error: 179
#ERR  p: [1854, 1992], r: 268432359, e: -1707, error: 180
#ERR  p: [1854, 1993], r: 268432349, e: -1705, error: 181
#ERR  p: [1854, 1994], r: 268432339, e: -1715, error: 182
#ERR  p: [1854, 1995], r: 268432329, e: -1725, error: 183
#ERR  p: [1854, 1996], r: 268432319, e: -1727, error: 184
#ERR  p: [1854, 1997], r: 268432309, e: -1733, error: 185
#ERR  p: [1854, 1998], r: 268432299, e: -1736, error: 186
#ERR  p: [1854, 1999], r: 268432289, e: -1734, error: 187
#ERR  p: [1854, 2000], r: 268432279, e: -1744, error: 188
#ERR  p: [1854, 2001], r: 268432269, e: -1752, error: 189
#ERR  p: [1854, 2002], r: 268432259, e: -1762, error: 190
#ERR  p: [1854, 2003], r: 268432249, e: -1761, error: 191
#ERR  p: [1854, 2004], r: 268432239, e: -1771, error: 192
#ERR  p: [1854, 2005], r: 268432229, e: -1780, error: 193
#ERR  p: [1854, 2006], r: 268432219, e: -1782, error: 194
#ERR  p: [1854, 2007], r: 268432209, e: -1782, error: 195
#ERR  p: [1854, 2008], r: 268432199, e: -1774, error: 196
#ERR  p: [1854, 2009], r: 268432189, e: -1784, error: 197
#ERR  p: [1854, 2010], r: 268432179, e: -1790, error: 198
#ERR  p: [1854, 2011], r: 268432169, e: -1783, error: 199
#ERR  p: [1854, 2012], r: 268432159, e: -1784, error: 200
#ERR  p: [1854, 2013], r: 268432149, e: -1786, error: 201
#ERR  p: [1854, 2014], r: 268432139, e: -1779, error: 202
#ERR  p: [1854, 2015], r: 268432129, e: -1783, error: 203
#ERR  p: [1854, 2016], r: 268432119, e: -1777, error: 204
#ERR  p: [1854, 2017], r: 268432109, e: -1777, error: 205
#ERR  p: [1854, 2018], r: 268432099, e: -1778, error: 206
#ERR  p: [1854, 2019], r: 268432089, e: -1769, error: 207
#ERR  p: [1854, 2020], r: 268432079, e: -1759, error: 208
#ERR  p: [1854, 2021], r: 268432069, e: -1769, error: 209
#ERR  p: [1854, 2022], r: 268432059, e: -1771, error: 210
#ERR  p: [1854, 2023], r: 268432049, e: -1778, error: 211
#ERR  p: [1854, 2024], r: 268432039, e: -1776, error: 212
#ERR  p: [1854, 2025], r: 268432029, e: -1769, error: 213
#ERR  p: [1854, 2026], r: 268432019, e: -1759, error: 214
#ERR  p: [1854, 2027], r: 268432009, e: -1769, error: 215
#ERR  p: [1854, 2028], r: 268431999, e: -1768, error: 216
#ERR  p: [1854, 2029], r: 268431989, e: -1772, error: 217
#ERR  p: [1854, 2030], r: 268431979, e: -1782, error: 218
#ERR  p: [1854, 2031], r: 268431969, e: -1789, error: 219
#ERR  p: [1854, 2032], r: 268431959, e: -1786, error: 220
#ERR  p: [1854, 2033], r: 268431949, e: -1777, error: 221
#ERR  p: [1854, 2034], r: 268431939, e: -1775, error: 222
#ERR  p: [1854, 2035], r: 268431929, e: -1770, error: 223
#ERR  p: [1854, 2036], r: 268431919, e: -1767, error: 224
#ERR  p: [1854, 2037], r: 268431909, e: -1752, error: 225
#ERR  p: [1854, 2038], r: 268431899, e: -1762, error: 226
#ERR  p: [1854, 2039], r: 268431889, e: -1766, error: 227
#ERR  p: [1854, 2040], r: 268431879, e: -1768, error: 228
#ERR  p: [1854, 2041], r: 268431869, e: -1774, error: 229
#ERR  p: [1854, 2042], r: 268431859, e: -1773, error: 230
#ERR  p: [1854, 2043], r: 268431849, e: -1783, error: 231
#ERR  p: [1854, 2044], r: 268431839, e: -1785, error: 232
#ERR  p: [1854, 2045], r: 268431829, e: -1794, error: 233
#ERR  p: [1854, 2046], r: 268431819, e: -1800, error: 234
#ERR  p: [1854, 2047], r: 268431809, e: -1805, error: 235
#ERR  p: [1854, 2048], r: 268431799, e: -1810, error: 236
#ERR  p: [1855, 1813], r: 268434139, e: -1317, error: 237
#ERR  p: [1855, 1814], r: 268434146, e: -1309, error: 238
#ERR  p: [1855, 1815], r: 268434136, e: -1303, error: 239
#ERR  p: [1855, 1816], r: 268434129, e: -1298, error: 240
#ERR  p: [1855, 1817], r: 268434119, e: -1306, error: 241
#ERR  p: [1855, 1818], r: 268434109, e: -1309, error: 242
#ERR  p: [1855, 1819], r: 268434099, e: -1313, error: 243
#ERR  p: [1855, 1820], r: 268434089, e: -1316, error: 244
#ERR  p: [1855, 1821], r: 268434080, e: -1314, error: 245
#ERR  p: [1855, 1822], r: 268434070, e: -1324, error: 246
#ERR  p: [1855, 1823], r: 268434060, e: -1334, error: 247
#ERR  p: [1855, 1824], r: 268434050, e: -1327, error: 248
#ERR  p: [1855, 1825], r: 268434040, e: -1325, error: 249
#ERR  p: [1855, 1826], r: 268434030, e: -1313, error: 250
#ERR  p: [1855, 1827], r: 268434020, e: -1306, error: 251
#ERR  p: [1855, 1828], r: 268434010, e: -1315, error: 252
#ERR  p: [1855, 1829], r: 268434000, e: -1325, error: 253
#ERR  p: [1855, 1830], r: 268433990, e: -1333, error: 254
#ERR  p: [1855, 1831], r: 268433980, e: -1343, error: 255
#ERR  p: [1855, 1832], r: 268433970, e: -1353, error: 256
#ERR  p: [1855, 1833], r: 268433960, e: -1361, error: 257
#ERR  p: [1855, 1834], r: 268433950, e: -1371, error: 258
#ERR  p: [1855, 1835], r: 268433940, e: -1365, error: 259
#ERR  p: [1855, 1836], r: 268433930, e: -1369, error: 260
#ERR  p: [1855, 1837], r: 268433921, e: -1373, error: 261
#ERR  p: [1855, 1838], r: 268433911, e: -1367, error: 262
#ERR  p: [1855, 1839], r: 268433901, e: -1360, error: 263
#ERR  p: [1855, 1840], r: 268433891, e: -1363, error: 264
#ERR  p: [1855, 1841], r: 268433881, e: -1370, error: 265
#ERR  p: [1855, 1842], r: 268433871, e: -1369, error: 266
#ERR  p: [1855, 1843], r: 268433861, e: -1372, error: 267
#ERR  p: [1855, 1844], r: 268433851, e: -1382, error: 268
#ERR  p: [1855, 1845], r: 268433841, e: -1388, error: 269
#ERR  p: [1855, 1846], r: 268433831, e: -1394, error: 270
#ERR  p: [1855, 1847], r: 268433821, e: -1404, error: 271
#ERR  p: [1855, 1848], r: 268433811, e: -1414, error: 272
#ERR  p: [1855, 1849], r: 268433801, e: -1420, error: 273
#ERR  p: [1855, 1850], r: 268433791, e: -1430, error: 274
#ERR  p: [1855, 1851], r: 268433781, e: -1428, error: 275
#ERR  p: [1855, 1852], r: 268433771, e: -1422, error: 276
#ERR  p: [1855, 1853], r: 268433761, e: -1430, error: 277
#ERR  p: [1855, 1854], r: 268433751, e: -1436, error: 278
#ERR  p: [1855, 1855], r: 268433741, e: -1446, error: 279
#ERR  p: [1855, 1856], r: 268433734, e: -1440, error: 280
#ERR  p: [1855, 1857], r: 268433724, e: -1439, error: 281
#ERR  p: [1855, 1858], r: 268433714, e: -1431, error: 282
#ERR  p: [1855, 1859], r: 268433704, e: -1437, error: 283
#ERR  p: [1855, 1860], r: 268433694, e: -1440, error: 284
#ERR  p: [1855, 1861], r: 268433684, e: -1431, error: 285
#ERR  p: [1855, 1862], r: 268433674, e: -1441, error: 286
#ERR  p: [1855, 1863], r: 268433664, e: -1444, error: 287
#ERR  p: [1855, 1864], r: 268433654, e: -1454, error: 288
#ERR  p: [1855, 1865], r: 268433644, e: -1448, error: 289
#ERR  p: [1855, 1866], r: 268433634, e: -1439, error: 290
#ERR  p: [1855, 1867], r: 268433624, e: -1445, error: 291
#ERR  p: [1855, 1868], r: 268433614, e: -1432, error: 292
#ERR  p: [1855, 1869], r: 268433604, e: -1428, error: 293
#ERR  p: [1855, 1870], r: 268433594, e: -1421, error: 294
#ERR  p: [1855, 1871], r: 268433584, e: -1415, error: 295
#ERR  p: [1855, 1872], r: 268433574, e: -1412, error: 296
#ERR  p: [1855, 1873], r: 268433564, e: -1402, error: 297
#ERR  p: [1855, 1874], r: 268433554, e: -1404, error: 298
#ERR  p: [1855, 1875], r: 268433544, e: -1412, error: 299
#ERR  p: [1855, 1876], r: 268433534, e: -1405, error: 300
#ERR  p: [1855, 1877], r: 268433524, e: -1415, error: 301
#ERR  p: [1855, 1878], r: 268433514, e: -1420, error: 302
#ERR  p: [1855, 1879], r: 268433504, e: -1413, error: 303
#ERR  p: [1855, 1880], r: 268433494, e: -1413, error: 304
#ERR  p: [1855, 1881], r: 268433484, e: -1416, error: 305
#ERR  p: [1855, 1882], r: 268433474, e: -1416, error: 306
#ERR  p: [1855, 1883], r: 268433464, e: -1423, error: 307
#ERR  p: [1855, 1884], r: 268433454, e: -1433, error: 308
#ERR  p: [1855, 1885], r: 268433444, e: -1431, error: 309
#ERR  p: [1855, 1886], r: 268433434, e: -1436, error: 310
#ERR  p: [1855, 1887], r: 268433424, e: -1445, error: 311
#ERR  p: [1855, 1888], r: 268433414, e: -1455, error: 312
#ERR  p: [1855, 1889], r: 268433404, e: -1458, error: 313
#ERR  p: [1855, 1890], r: 268433394, e: -1463, error: 314
#ERR  p: [1855, 1891], r: 268433384, e: -1468, error: 315
#ERR  p: [1855, 1892], r: 268433374, e: -1478, error: 316
#ERR  p: [1855, 1893], r: 268433364, e: -1488, error: 317
#ERR  p: [1855, 1894], r: 268433354, e: -1488, error: 318
#ERR  p: [1855, 1895], r: 268433344, e: -1489, error: 319
#ERR  p: [1855, 1896], r: 268433334, e: -1490, error: 320
#ERR  p: [1855, 1897], r: 268433324, e: -1495, error: 321
#ERR  p: [1855, 1898], r: 268433314, e: -1494, error: 322
#ERR  p: [1855, 1899], r: 268433304, e: -1504, error: 323
#ERR  p: [1855, 1900], r: 268433294, e: -1497, error: 324
#ERR  p: [1855, 1901], r: 268433284, e: -1506, error: 325
#ERR  p: [1855, 1902], r: 268433274, e: -1498, error: 326
#ERR  p: [1855, 1903], r: 268433264, e: -1489, error: 327
#ERR  p: [1855, 1904], r: 268433254, e: -1480, error: 328
#ERR  p: [1855, 1905], r: 268433244, e: -1468, error: 329
#ERR  p: [1855, 1906], r: 268433234, e: -1465, error: 330
#ERR  p: [1855, 1907], r: 268433224, e: -1458, error: 331
#ERR  p: [1855, 1908], r: 268433214, e: -1452, error: 332
#ERR  p: [1855, 1909], r: 268433204, e: -1450, error: 333
#ERR  p: [1855, 1910], r: 268433194, e: -1451, error: 334
#ERR  p: [1855, 1911], r: 268433184, e: -1458, error: 335
#ERR  p: [1855, 1912], r: 268433174, e: -1464, error: 336
#ERR  p: [1855, 1913], r: 268433164, e: -1471, error: 337
#ERR  p: [1855, 1914], r: 268433154, e: -1463, error: 338
#ERR  p: [1855, 1915], r: 268433144, e: -1454, error: 339
#ERR  p: [1855, 1916], r: 268433134, e: -1464, error: 340
#ERR  p: [1855, 1917], r: 268433124, e: -1470, error: 341
#ERR  p: [1855, 1918], r: 268433114, e: -1473, error: 342
#ERR  p: [1855, 1919], r: 268433104, e: -1483, error: 343
#ERR  p: [1855, 1920], r: 268433094, e: -1480, error: 344
#ERR  p: [1855, 1921], r: 268433084, e: -1473, error: 345
#ERR  p: [1855, 1922], r: 268433074, e: -1459, error: 346
#ERR  p: [1855, 1923], r: 268433064, e: -1465, error: 347
#ERR  p: [1855, 1924], r: 268433054, e: -1468, error: 348
#ERR  p: [1855, 1925], r: 268433044, e: -1473, error: 349
#ERR  p: [1855, 1926], r: 268433034, e: -1481, error: 350
#ERR  p: [1855, 1927], r: 268433024, e: -1491, error: 351
#ERR  p: [1855, 1928], r: 268433014, e: -1495, error: 352
#ERR  p: [1855, 1929], r: 268433004, e: -1495, error: 353
#ERR  p: [1855, 1930], r: 268432994, e: -1485, error: 354
#ERR  p: [1855, 1931], r: 268432984, e: -1477, error: 355
#ERR  p: [1855, 1932], r: 268432974, e: -1486, error: 356
#ERR  p: [1855, 1933], r: 268432964, e: -1488, error: 357
#ERR  p: [1855, 1934], r: 268432954, e: -1482, error: 358
#ERR  p: [1855, 1935], r: 268432944, e: -1487, error: 359
#ERR  p: [1855, 1936], r: 268432934, e: -1497, error: 360
#ERR  p: [1855, 1937], r: 268432924, e: -1495, error: 361
#ERR  p: [1855, 1938], r: 268432914, e: -1492, error: 362
#ERR  p: [1855, 1939], r: 268432904, e: -1483, error: 363
#ERR  p: [1855, 1940], r: 268432894, e: -1475, error: 364
#ERR  p: [1855, 1941], r: 268432884, e: -1481, error: 365
#ERR  p: [1855, 1942], r: 268432874, e: -1491, error: 366
#ERR  p: [1855, 1943], r: 268432864, e: -1489, error: 367
#ERR  p: [1855, 1944], r: 268432854, e: -1483, error: 368
#ERR  p: [1855, 1945], r: 268432844, e: -1480, error: 369
#ERR  p: [1855, 1946], r: 268432834, e: -1490, error: 370
#ERR  p: [1855, 1947], r: 268432824, e: -1500, error: 371
#ERR  p: [1855, 1948], r: 268432814, e: -1510, error: 372
#ERR  p: [1855, 1949], r: 268432804, e: -1520, error: 373
#ERR  p: [1855, 1950], r: 268432794, e: -1520, error: 374
#ERR  p: [1855, 1951], r: 268432784, e: -1526, error: 375
#ERR  p: [1855, 1952], r: 268432774, e: -1523, error: 376
#ERR  p: [1855, 1953], r: 268432764, e: -1523, error: 377
#ERR  p: [1855, 1954], r: 268432754, e: -1522, error: 378
#ERR  p: [1855, 1955], r: 268432744, e: -1532, error: 379
#ERR  p: [1855, 1956], r: 268432734, e: -1542, error: 380
#ERR  p: [1855, 1957], r: 268432724, e: -1552, error: 381
#ERR  p: [1855, 1958], r: 268432714, e: -1558, error: 382
#ERR  p: [1855, 1959], r: 268432704, e: -1562, error: 383
#ERR  p: [1855, 1960], r: 268432694, e: -1562, error: 384
#ERR  p: [1855, 1961], r: 268432684, e: -1559, error: 385
#ERR  p: [1855, 1962], r: 268432674, e: -1563, error: 386
#ERR  p: [1855, 1963], r: 268432664, e: -1573, error: 387
#ERR  p: [1855, 1964], r: 268432654, e: -1583, error: 388
#ERR  p: [1855, 1965], r: 268432644, e: -1593, error: 389
#ERR  p: [1855, 1966], r: 268432634, e: -1603, error: 390
#ERR  p: [1855, 1967], r: 268432624, e: -1612, error: 391
#ERR  p: [1855, 1968], r: 268432614, e: -1622, error: 392
#ERR  p: [1855, 1969], r: 268432604, e: -1632, error: 393
#ERR  p: [1855, 1970], r: 268432594, e: -1642, error: 394
#ERR  p: [1855, 1971], r: 268432584, e: -1652, error: 395
#ERR  p: [1855, 1972], r: 268432574, e: -1656, error: 396
#ERR  p: [1855, 1973], r: 268432564, e: -1664, error: 397
#ERR  p: [1855, 1974], r: 268432554, e: -1663, error: 398
#ERR  p: [1855, 1975], r: 268432544, e: -1673, error: 399
#ERR  p: [1855, 1976], r: 268432534, e: -1683, error: 400
#ERR  p: [1855, 1977], r: 268432524, e: -1693, error: 401
#ERR  p: [1855, 1978], r: 268432514, e: -1703, error: 402
#ERR  p: [1855, 1979], r: 268432504, e: -1698, error: 403
#ERR  p: [1855, 1980], r: 268432494, e: -1702, error: 404
#ERR  p: [1855, 1981], r: 268432484, e: -1703, error: 405
#ERR  p: [1855, 1982], r: 268432474, e: -1713, error: 406
#ERR  p: [1855, 1983], r: 268432464, e: -1716, error: 407
#ERR  p: [1855, 1984], r: 268432454, e: -1717, error: 408
#ERR  p: [1855, 1985], r: 268432444, e: -1721, error: 409
#ERR  p: [1855, 1986], r: 268432434, e: -1713, error: 410
#ERR  p: [1855, 1987], r: 268432424, e: -1709, error: 411
#ERR  p: [1855, 1988], r: 268432414, e: -1702, error: 412
#ERR  p: [1855, 1989], r: 268432404, e: -1712, error: 413
#ERR  p: [1855, 1990], r: 268432394, e: -1710, error: 414
#ERR  p: [1855, 1991], r: 268432384, e: -1700, error: 415
#ERR  p: [1855, 1992], r: 268432374, e: -1710, error: 416
#ERR  p: [1855, 1993], r: 268432364, e: -1705, error: 417
#ERR  p: [1855, 1994], r: 268432354, e: -1704, error: 418
#ERR  p: [1855, 1995], r: 268432344, e: -1714, error: 419
#ERR  p: [1855, 1996], r: 268432334, e: -1724, error: 420
#ERR  p: [1855, 1997], r: 268432324, e: -1728, error: 421
#ERR  p: [1855, 1998], r: 268432314, e: -1733, error: 422
#ERR  p: [1855, 1999], r: 268432304, e: -1736, error: 423
#ERR  p: [1855, 2000], r: 268432294, e: -1738, error: 424
#ERR  p: [1855, 2001], r: 268432284, e: -1744, error: 425
#ERR  p: [1855, 2002], r: 268432274, e: -1747, error: 426
#ERR  p: [1855, 2003], r: 268432264, e: -1757, error: 427
#ERR  p: [1855, 2004], r: 268432254, e: -1761, error: 428
#ERR  p: [1855, 2005], r: 268432244, e: -1771, error: 429
#ERR  p: [1855, 2006], r: 268432234, e: -1779, error: 430
#ERR  p: [1855, 2007], r: 268432224, e: -1786, error: 431
#ERR  p: [1855, 2008], r: 268432214, e: -1784, error: 432
#ERR  p: [1855, 2009], r: 268432204, e: -1773, error: 433
#ERR  p: [1855, 2010], r: 268432194, e: -1783, error: 434
#ERR  p: [1855, 2011], r: 268432184, e: -1791, error: 435
#ERR  p: [1855, 2012], r: 268432174, e: -1783, error: 436
#ERR  p: [1855, 2013], r: 268432164, e: -1783, error: 437
#ERR  p: [1855, 2014], r: 268432154, e: -1785, error: 438
#ERR  p: [1855, 2015], r: 268432144, e: -1780, error: 439
#ERR  p: [1855, 2016], r: 268432134, e: -1782, error: 440
#ERR  p: [1855, 2017], r: 268432124, e: -1779, error: 441
#ERR  p: [1855, 2018], r: 268432114, e: -1776, error: 442
#ERR  p: [1855, 2019], r: 268432104, e: -1779, error: 443
#ERR  p: [1855, 2020], r: 268432094, e: -1769, error: 444
#ERR  p: [1855, 2021], r: 268432084, e: -1763, error: 445
#ERR  p: [1855, 2022], r: 268432074, e: -1767, error: 446
#ERR  p: [1855, 2023], r: 268432064, e: -1775, error: 447
#ERR  p: [1855, 2024], r: 268432054, e: -1778, error: 448
#ERR  p: [1855, 2025], r: 268432044, e: -1779, error: 449
#ERR  p: [1855, 2026], r: 268432034, e: -1769, error: 450
#ERR  p: [1855, 2027], r: 268432024, e: -1760, error: 451
#ERR  p: [1855, 2028], r: 268432014, e: -1770, error: 452
#ERR  p: [1855, 2029], r: 268432004, e: -1764, error: 453
#ERR  p: [1855, 2030], r: 268431994, e: -1774, error: 454
#ERR  p: [1855, 2031], r: 268431984, e: -1782, error: 455
#ERR  p: [1855, 2032], r: 268431974, e: -1791, error: 456
#ERR  p: [1855, 2033], r: 268431964, e: -1785, error: 457
#ERR  p: [1855, 2034], r: 268431954, e: -1776, error: 458
#ERR  p: [1855, 2035], r: 268431944, e: -1770, error: 459
#ERR  p: [1855, 2036], r: 268431934, e: -1772, error: 460
#ERR  p: [1855, 2037], r: 268431924, e: -1762, error: 461
#ERR  p: [1855, 2038], r: 268431914, e: -1752, error: 462
#ERR  p: [1855, 2039], r: 268431904, e: -1762, error: 463
#ERR  p: [1855, 2040], r: 268431894, e: -1765, error: 464
#ERR  p: [1855, 2041], r: 268431884, e: -1771, error: 465
#ERR  p: [1855, 2042], r: 268431874, e: -1776, error: 466
#ERR  p: [1855, 2043], r: 268431864, e: -1774, error: 467
#ERR  p: [1855, 2044], r: 268431854, e: -1784, error: 468
#ERR  p: [1855, 2045], r: 268431844, e: -1786, error: 469
#ERR  p: [1855, 2046], r: 268431834, e: -1795, error: 470
#ERR  p: [1855, 2047], r: 268431824, e: -1799, error: 471
#ERR  p: [1855, 2048], r: 268431814, e: -1806, error: 472
#ERR  p: [1856, 1813], r: 268434129, e: -1327, error: 473
#ERR  p: [1856, 1814], r: 268434136, e: -1319, error: 474
#ERR  p: [1856, 1815], r: 268434142, e: -1313, error: 475
#ERR  p: [1856, 1816], r: 268434136, e: -1303, error: 476
#ERR  p: [1856, 1817], r: 268434126, e: -1301, error: 477
#ERR  p: [1856, 1818], r: 268434118, e: -1307, error: 478
#ERR  p: [1856, 1819], r: 268434108, e: -1311, error: 479
#ERR  p: [1856, 1820], r: 268434098, e: -1314, error: 480
#ERR  p: [1856, 1821], r: 268434094, e: -1311, error: 481
#ERR  p: [1856, 1822], r: 268434084, e: -1314, error: 482
#ERR  p: [1856, 1823], r: 268434074, e: -1324, error: 483
#ERR  p: [1856, 1824], r: 268434064, e: -1334, error: 484
#ERR  p: [1856, 1825], r: 268434054, e: -1329, error: 485
#ERR  p: [1856, 1826], r: 268434044, e: -1323, error: 486
#ERR  p: [1856, 1827], r: 268434034, e: -1316, error: 487
#ERR  p: [1856, 1828], r: 268434024, e: -1307, error: 488
#ERR  p: [1856, 1829], r: 268434014, e: -1317, error: 489
#ERR  p: [1856, 1830], r: 268434004, e: -1326, error: 490
#ERR  p: [1856, 1831], r: 268433994, e: -1336, error: 491
#ERR  p: [1856, 1832], r: 268433984, e: -1344, error: 492
#ERR  p: [1856, 1833], r: 268433974, e: -1353, error: 493
#ERR  p: [1856, 1834], r: 268433964, e: -1363, error: 494
#ERR  p: [1856, 1835], r: 268433954, e: -1372, error: 495
#ERR  p: [1856, 1836], r: 268433944, e: -1365, error: 496
#ERR  p: [1856, 1837], r: 268433934, e: -1368, error: 497
#ERR  p: [1856, 1838], r: 268433924, e: -1374, error: 498
#ERR  p: [1856, 1839], r: 268433914, e: -1370, error: 499
#SDC Ite:0 KerTime:0.294038 AccTime:0.294038 KerErr:500 AccErr:500
#END