#HEADER max_rows:2048 max_cols:2048 penalty:10
#BEGIN Y:2016 M:09 D:12 Time:15:33:56
#IT Ite:0 KerTime:0.294441 AccTime:0.294441
#ERR Error detected! kerrors = 117402
#ERR  p: [1360, 316], r: -9239, e: -9367, error: 1
#ERR  p: [1360, 317], r: -9249, e: -9353, error: 2
#ERR  p: [1360, 318], r: -9259, e: -9338, error: 3
#ERR  p: [1360, 319], r: -9269, e: -9329, error: 4
#ERR  p: [1360, 320], r: -9279, e: -9319, error: 5
#ERR  p: [1360, 321], r: -9289, e: -9305, error: 6
#ERR  p: [1361, 316], r: -9249, e: -9377, error: 7
#ERR  p: [1361, 317], r: -9241, e: -9363, error: 8
#ERR  p: [1361, 318], r: -9247, e: -9348, error: 9
#ERR  p: [1361, 319], r: -9257, e: -9339, error: 10
#ERR  p: [1361, 320], r: -9265, e: -9325, error: 11
#ERR  p: [1361, 321], r: -9275, e: -9315, error: 12
#ERR  p: [1361, 322], r: -9285, e: -9309, error: 13
#ERR  p: [1362, 316], r: -9259, e: -9387, error: 14
#ERR  p: [1362, 317], r: -9248, e: -9373, error: 15
#ERR  p: [1362, 318], r: -9243, e: -9358, error: 16
#ERR  p: [1362, 319], r: -9247, e: -9348, error: 17
#ERR  p: [1362, 320], r: -9257, e: -9335, error: 18
#ERR  p: [1362, 321], r: -9267, e: -9325, error: 19
#ERR  p: [1362, 322], r: -9277, e: -9319, error: 20
#ERR  p: [1362, 323], r: -9282, e: -9305, error: 21
#ERR  p: [1362, 324], r: -9292, e: -9294, error: 22
#ERR  p: [1363, 316], r: -9269, e: -9397, error: 23
#ERR  p: [1363, 317], r: -9258, e: -9383, error: 24
#ERR  p: [1363, 318], r: -9249, e: -9368, error: 25
#ERR  p: [1363, 319], r: -9238, e: -9353, error: 26
#ERR  p: [1363, 320], r: -9248, e: -9345, error: 27
#ERR  p: [1363, 321], r: -9258, e: -9335, error: 28
#ERR  p: [1363, 322], r: -9268, e: -9329, error: 29
#ERR  p: [1363, 323], r: -9278, e: -9315, error: 30
#ERR  p: [1363, 324], r: -9281, e: -9304, error: 31
#ERR  p: [1363, 325], r: -9291, e: -9294, error: 32
#ERR  p: [1364, 316], r: -9279, e: -9407, error: 33
#ERR  p: [1364, 317], r: -9268, e: -9393, error: 34
#ERR  p: [1364, 318], r: -9257, e: -9378, error: 35
#ERR  p: [1364, 319], r: -9248, e: -9363, error: 36
#ERR  p: [1364, 320], r: -9237, e: -9352, error: 37
#ERR  p: [1364, 321], r: -9247, e: -9345, error: 38
#ERR  p: [1364, 322], r: -9257, e: -9339, error: 39
#ERR  p: [1364, 323], r: -9267, e: -9325, error: 40
#ERR  p: [1364, 324], r: -9277, e: -9314, error: 41
#ERR  p: [1364, 325], r: -9283, e: -9304, error: 42
#ERR  p: [1365, 316], r: -9289, e: -9416, error: 43
#ERR  p: [1365, 317], r: -9278, e: -9403, error: 44
#ERR  p: [1365, 318], r: -9267, e: -9388, error: 45
#ERR  p: [1365, 319], r: -9258, e: -9373, error: 46
#ERR  p: [1365, 320], r: -9247, e: -9362, error: 47
#ERR  p: [1365, 321], r: -9240, e: -9355, error: 48
#ERR  p: [1365, 322], r: -9250, e: -9349, error: 49
#ERR  p: [1365, 323], r: -9257, e: -9335, error: 50
#ERR  p: [1365, 324], r: -9267, e: -9324, error: 51
#ERR  p: [1365, 325], r: -9272, e: -9309, error: 52
#ERR  p: [1365, 326], r: -9282, e: -9302, error: 53
#ERR  p: [1366, 316], r: -9299, e: -9426, error: 54
#ERR  p: [1366, 317], r: -9288, e: -9413, error: 55
#ERR  p: [1366, 318], r: -9277, e: -9398, error: 56
#ERR  p: [1366, 319], r: -9267, e: -9383, error: 57
#ERR  p: [1366, 320], r: -9257, e: -9372, error: 58
#ERR  p: [1366, 321], r: -9248, e: -9363, error: 59
#ERR  p: [1366, 322], r: -9244, e: -9359, error: 60
#ERR  p: [1366, 323], r: -9251, e: -9345, error: 61
#ERR  p: [1366, 324], r: -9257, e: -9334, error: 62
#ERR  p: [1366, 325], r: -9267, e: -9319, error: 63
#ERR  p: [1366, 326], r: -9274, e: -9311, error: 64
#ERR  p: [1366, 327], r: -9282, e: -9301, error: 65
#ERR  p: [1367, 316], r: -9309, e: -9436, error: 66
#ERR  p: [1367, 317], r: -9298, e: -9423, error: 67
#ERR  p: [1367, 318], r: -9287, e: -9408, error: 68
#ERR  p: [1367, 319], r: -9277, e: -9393, error: 69
#ERR  p: [1367, 320], r: -9267, e: -9382, error: 70
#ERR  p: [1367, 321], r: -9258, e: -9373, error: 71
#ERR  p: [1367, 322], r: -9247, e: -9362, error: 72
#ERR  p: [1367, 323], r: -9248, e: -9355, error: 73
#ERR  p: [1367, 324], r: -9255, e: -9344, error: 74
#ERR  p: [1367, 325], r: -9261, e: -9329, error: 75
#ERR  p: [1367, 326], r: -9271, e: -9321, error: 76
#ERR  p: [1367, 327], r: -9278, e: -9311, error: 77
#ERR  p: [1367, 328], r: -9286, e: -9299, error: 78
#ERR  p: [1368, 316], r: -9319, e: -9446, error: 79
#ERR  p: [1368, 317], r: -9308, e: -9433, error: 80
#ERR  p: [1368, 318], r: -9297, e: -9418, error: 81
#ERR  p: [1368, 319], r: -9287, e: -9403, error: 82
#ERR  p: [1368, 320], r: -9277, e: -9392, error: 83
#ERR  p: [1368, 321], r: -9268, e: -9383, error: 84
#ERR  p: [1368, 322], r: -9257, e: -9372, error: 85
#ERR  p: [1368, 323], r: -9247, e: -9362, error: 86
#ERR  p: [1368, 324], r: -9248, e: -9354, error: 87
#ERR  p: [1368, 325], r: -9250, e: -9339, error: 88
#ERR  p: [1368, 326], r: -9260, e: -9331, error: 89
#ERR  p: [1368, 327], r: -9270, e: -9321, error: 90
#ERR  p: [1368, 328], r: -9278, e: -9309, error: 91
#ERR  p: [1368, 329], r: -9285, e: -9298, error: 92
#ERR  p: [1369, 316], r: -9329, e: -9456, error: 93
#ERR  p: [1369, 317], r: -9315, e: -9442, error: 94
#ERR  p: [1369, 318], r: -9307, e: -9428, error: 95
#ERR  p: [1369, 319], r: -9296, e: -9413, error: 96
#ERR  p: [1369, 320], r: -9287, e: -9402, error: 97
#ERR  p: [1369, 321], r: -9278, e: -9393, error: 98
#ERR  p: [1369, 322], r: -9267, e: -9382, error: 99
#ERR  p: [1369, 323], r: -9257, e: -9372, error: 100
#ERR  p: [1369, 324], r: -9243, e: -9358, error: 101
#ERR  p: [1369, 325], r: -9248, e: -9349, error: 102
#ERR  p: [1369, 326], r: -9253, e: -9341, error: 103
#ERR  p: [1369, 327], r: -9256, e: -9327, error: 104
#ERR  p: [1369, 328], r: -9266, e: -9319, error: 105
#ERR  p: [1369, 329], r: -9276, e: -9308, error: 106
#ERR  p: [1369, 330], r: -9286, e: -9298, error: 107
#ERR  p: [1370, 316], r: -9339, e: -9464, error: 108
#ERR  p: [1370, 317], r: -9325, e: -9452, error: 109
#ERR  p: [1370, 318], r: -9316, e: -9438, error: 110
#ERR  p: [1370, 319], r: -9306, e: -9423, error: 111
#ERR  p: [1370, 320], r: -9297, e: -9412, error: 112
#ERR  p: [1370, 321], r: -9288, e: -9403, error: 113
#ERR  p: [1370, 322], r: -9277, e: -9392, error: 114
#ERR  p: [1370, 323], r: -9267, e: -9382, error: 115
#ERR  p: [1370, 324], r: -9253, e: -9368, error: 116
#ERR  p: [1370, 325], r: -9244, e: -9359, error: 117
#ERR  p: [1370, 326], r: -9250, e: -9351, error: 118
#ERR  p: [1370, 327], r: -9253, e: -9337, error: 119
#ERR  p: [1370, 328], r: -9257, e: -9328, error: 120
#ERR  p: [1370, 329], r: -9267, e: -9318, error: 121
#ERR  p: [1370, 330], r: -9277, e: -9308, error: 122
#ERR  p: [1370, 331], r: -9287, e: -9293, error: 123
#ERR  p: [1371, 316], r: -9349, e: -9474, error: 124
#ERR  p: [1371, 317], r: -9335, e: -9462, error: 125
#ERR  p: [1371, 318], r: -9326, e: -9448, error: 126
#ERR  p: [1371, 319], r: -9316, e: -9433, error: 127
#ERR  p: [1371, 320], r: -9307, e: -9422, error: 128
#ERR  p: [1371, 321], r: -9298, e: -9413, error: 129
#ERR  p: [1371, 322], r: -9287, e: -9402, error: 130
#ERR  p: [1371, 323], r: -9277, e: -9392, error: 131
#ERR  p: [1371, 324], r: -9263, e: -9378, error: 132
#ERR  p: [1371, 325], r: -9254, e: -9369, error: 133
#ERR  p: [1371, 326], r: -9248, e: -9361, error: 134
#ERR  p: [1371, 327], r: -9251, e: -9347, error: 135
#ERR  p: [1371, 328], r: -9255, e: -9338, error: 136
#ERR  p: [1371, 329], r: -9258, e: -9328, error: 137
#ERR  p: [1371, 330], r: -9268, e: -9318, error: 138
#ERR  p: [1371, 331], r: -9278, e: -9303, error: 139
#ERR  p: [1371, 332], r: -9288, e: -9290, error: 140
#ERR  p: [1372, 316], r: -9359, e: -9481, error: 141
#ERR  p: [1372, 317], r: -9345, e: -9472, error: 142
#ERR  p: [1372, 318], r: -9336, e: -9458, error: 143
#ERR  p: [1372, 319], r: -9326, e: -9443, error: 144
#ERR  p: [1372, 320], r: -9317, e: -9432, error: 145
#ERR  p: [1372, 321], r: -9308, e: -9423, error: 146
#ERR  p: [1372, 322], r: -9297, e: -9412, error: 147
#ERR  p: [1372, 323], r: -9287, e: -9402, error: 148
#ERR  p: [1372, 324], r: -9273, e: -9388, error: 149
#ERR  p: [1372, 325], r: -9262, e: -9377, error: 150
#ERR  p: [1372, 326], r: -9257, e: -9371, error: 151
#ERR  p: [1372, 327], r: -9248, e: -9357, error: 152
#ERR  p: [1372, 328], r: -9251, e: -9347, error: 153
#ERR  p: [1372, 329], r: -9250, e: -9333, error: 154
#ERR  p: [1372, 330], r: -9260, e: -9328, error: 155
#ERR  p: [1372, 331], r: -9267, e: -9313, error: 156
#ERR  p: [1372, 332], r: -9277, e: -9300, error: 157
#ERR  p: [1372, 333], r: -9287, e: -9289, error: 158
#ERR  p: [1373, 316], r: -9369, e: -9491, error: 159
#ERR  p: [1373, 317], r: -9355, e: -9482, error: 160
#ERR  p: [1373, 318], r: -9343, e: -9468, error: 161
#ERR  p: [1373, 319], r: -9336, e: -9453, error: 162
#ERR  p: [1373, 320], r: -9322, e: -9439, error: 163
#ERR  p: [1373, 321], r: -9317, e: -9432, error: 164
#ERR  p: [1373, 322], r: -9307, e: -9422, error: 165
#ERR  p: [1373, 323], r: -9297, e: -9412, error: 166
#ERR  p: [1373, 324], r: -9283, e: -9398, error: 167
#ERR  p: [1373, 325], r: -9272, e: -9387, error: 168
#ERR  p: [1373, 326], r: -9264, e: -9379, error: 169
#ERR  p: [1373, 327], r: -9258, e: -9367, error: 170
#ERR  p: [1373, 328], r: -9252, e: -9357, error: 171
#ERR  p: [1373, 329], r: -9253, e: -9343, error: 172
#ERR  p: [1373, 330], r: -9251, e: -9334, error: 173
#ERR  p: [1373, 331], r: -9261, e: -9323, error: 174
#ERR  p: [1373, 332], r: -9270, e: -9310, error: 175
#ERR  p: [1373, 333], r: -9280, e: -9299, error: 176
#ERR  p: [1374, 316], r: -9379, e: -9501, error: 177
#ERR  p: [1374, 317], r: -9365, e: -9492, error: 178
#ERR  p: [1374, 318], r: -9353, e: -9478, error: 179
#ERR  p: [1374, 319], r: -9345, e: -9463, error: 180
#ERR  p: [1374, 320], r: -9332, e: -9449, error: 181
#ERR  p: [1374, 321], r: -9321, e: -9438, error: 182
#ERR  p: [1374, 322], r: -9317, e: -9432, error: 183
#ERR  p: [1374, 323], r: -9307, e: -9422, error: 184
#ERR  p: [1374, 324], r: -9293, e: -9408, error: 185
#ERR  p: [1374, 325], r: -9282, e: -9397, error: 186
#ERR  p: [1374, 326], r: -9261, e: -9376, error: 187
#ERR  p: [1374, 327], r: -9267, e: -9377, error: 188
#ERR  p: [1374, 328], r: -9262, e: -9367, error: 189
#ERR  p: [1374, 329], r: -9255, e: -9353, error: 190
#ERR  p: [1374, 330], r: -9255, e: -9344, error: 191
#ERR  p: [1374, 331], r: -9253, e: -9333, error: 192
#ERR  p: [1374, 332], r: -9263, e: -9320, error: 193
#ERR  p: [1374, 333], r: -9273, e: -9309, error: 194
#ERR  p: [1374, 334], r: -9278, e: -9293, error: 195
#ERR  p: [1375, 316], r: -9389, e: -9511, error: 196
#ERR  p: [1375, 317], r: -9375, e: -9501, error: 197
#ERR  p: [1375, 318], r: -9363, e: -9488, error: 198
#ERR  p: [1375, 319], r: -9355, e: -9473, error: 199
#ERR  p: [1375, 320], r: -9342, e: -9459, error: 200
#ERR  p: [1375, 321], r: -9331, e: -9448, error: 201
#ERR  p: [1375, 322], r: -9325, e: -9442, error: 202
#ERR  p: [1375, 323], r: -9317, e: -9432, error: 203
#ERR  p: [1375, 324], r: -9303, e: -9418, error: 204
#ERR  p: [1375, 325], r: -9292, e: -9407, error: 205
#ERR  p: [1375, 326], r: -9271, e: -9386, error: 206
#ERR  p: [1375, 327], r: -9261, e: -9376, error: 207
#ERR  p: [1375, 328], r: -9268, e: -9377, error: 208
#ERR  p: [1375, 329], r: -9264, e: -9363, error: 209
#ERR  p: [1375, 330], r: -9258, e: -9354, error: 210
#ERR  p: [1375, 331], r: -9257, e: -9343, error: 211
#ERR  p: [1375, 332], r: -9255, e: -9330, error: 212
#ERR  p: [1375, 333], r: -9265, e: -9319, error: 213
#ERR  p: [1375, 334], r: -9275, e: -9303, error: 214
#ERR  p: [1375, 335], r: -9281, e: -9287, error: 215
#ERR  p: [1376, 316], r: -9399, e: -9521, error: 216
#ERR  p: [1376, 317], r: -9385, e: -9510, error: 217
#ERR  p: [1376, 318], r: -9373, e: -9498, error: 218
#ERR  p: [1376, 319], r: -9363, e: -9483, error: 219
#ERR  p: [1376, 320], r: -9352, e: -9469, error: 220
#ERR  p: [1376, 321], r: -9341, e: -9458, error: 221
#ERR  p: [1376, 322], r: -9335, e: -9452, error: 222
#ERR  p: [1376, 323], r: -9327, e: -9442, error: 223
#ERR  p: [1376, 324], r: -9313, e: -9428, error: 224
#ERR  p: [1376, 325], r: -9302, e: -9417, error: 225
#ERR  p: [1376, 326], r: -9281, e: -9396, error: 226
#ERR  p: [1376, 327], r: -9270, e: -9385, error: 227
#ERR  p: [1376, 328], r: -9263, e: -9378, error: 228
#ERR  p: [1376, 329], r: -9269, e: -9373, error: 229
#ERR  p: [1376, 330], r: -9264, e: -9363, error: 230
#ERR  p: [1376, 331], r: -9259, e: -9353, error: 231
#ERR  p: [1376, 332], r: -9258, e: -9340, error: 232
#ERR  p: [1376, 333], r: -9256, e: -9329, error: 233
#ERR  p: [1376, 334], r: -9266, e: -9313, error: 234
#ERR  p: [1376, 335], r: -9275, e: -9297, error: 235
#ERR  p: [1376, 336], r: -9282, e: -9283, error: 236
#ERR  p: [1377, 316], r: -9409, e: -9531, error: 237
#ERR  p: [1377, 317], r: -9395, e: -9520, error: 238
#ERR  p: [1377, 318], r: -9383, e: -9508, error: 239
#ERR  p: [1377, 319], r: -9373, e: -9493, error: 240
#ERR  p: [1377, 320], r: -9362, e: -9479, error: 241
#ERR  p: [1377, 321], r: -9351, e: -9468, error: 242
#ERR  p: [1377, 322], r: -9345, e: -9462, error: 243
#ERR  p: [1377, 323], r: -9337, e: -9452, error: 244
#ERR  p: [1377, 324], r: -9323, e: -9438, error: 245
#ERR  p: [1377, 325], r: -9312, e: -9427, error: 246
#ERR  p: [1377, 326], r: -9291, e: -9406, error: 247
#ERR  p: [1377, 327], r: -9280, e: -9395, error: 248
#ERR  p: [1377, 328], r: -9273, e: -9388, error: 249
#ERR  p: [1377, 329], r: -9266, e: -9381, error: 250
#ERR  p: [1377, 330], r: -9271, e: -9373, error: 251
#ERR  p: [1377, 331], r: -9266, e: -9363, error: 252
#ERR  p: [1377, 332], r: -9262, e: -9350, error: 253
#ERR  p: [1377, 333], r: -9261, e: -9339, error: 254
#ERR  p: [1377, 334], r: -9254, e: -9323, error: 255
#ERR  p: [1377, 335], r: -9264, e: -9307, error: 256
#ERR  p: [1377, 336], r: -9274, e: -9293, error: 257
#ERR  p: [1378, 316], r: -9419, e: -9541, error: 258
#ERR  p: [1378, 317], r: -9405, e: -9530, error: 259
#ERR  p: [1378, 318], r: -9393, e: -9518, error: 260
#ERR  p: [1378, 319], r: -9383, e: -9503, error: 261
#ERR  p: [1378, 320], r: -9372, e: -9489, error: 262
#ERR  p: [1378, 321], r: -9361, e: -9478, error: 263
#ERR  p: [1378, 322], r: -9355, e: -9472, error: 264
#ERR  p: [1378, 323], r: -9347, e: -9462, error: 265
#ERR  p: [1378, 324], r: -9333, e: -9448, error: 266
#ERR  p: [1378, 325], r: -9322, e: -9437, error: 267
#ERR  p: [1378, 326], r: -9301, e: -9416, error: 268
#ERR  p: [1378, 327], r: -9290, e: -9405, error: 269
#ERR  p: [1378, 328], r: -9283, e: -9398, error: 270
#ERR  p: [1378, 329], r: -9276, e: -9391, error: 271
#ERR  p: [1378, 330], r: -9257, e: -9372, error: 272
#ERR  p: [1378, 331], r: -9267, e: -9373, error: 273
#ERR  p: [1378, 332], r: -9269, e: -9360, error: 274
#ERR  p: [1378, 333], r: -9266, e: -9349, error: 275
#ERR  p: [1378, 334], r: -9263, e: -9333, error: 276
#ERR  p: [1378, 335], r: -9245, e: -9314, error: 277
#ERR  p: [1378, 336], r: -9255, e: -9303, error: 278
#ERR  p: [1378, 337], r: -9265, e: -9290, error: 279
#ERR  p: [1378, 338], r: -9275, e: -9280, error: 280
#ERR  p: [1379, 316], r: -9429, e: -9548, error: 281
#ERR  p: [1379, 317], r: -9415, e: -9540, error: 282
#ERR  p: [1379, 318], r: -9403, e: -9528, error: 283
#ERR  p: [1379, 319], r: -9393, e: -9513, error: 284
#ERR  p: [1379, 320], r: -9382, e: -9499, error: 285
#ERR  p: [1379, 321], r: -9371, e: -9488, error: 286
#ERR  p: [1379, 322], r: -9365, e: -9482, error: 287
#ERR  p: [1379, 323], r: -9355, e: -9472, error: 288
#ERR  p: [1379, 324], r: -9343, e: -9458, error: 289
#ERR  p: [1379, 325], r: -9332, e: -9447, error: 290
#ERR  p: [1379, 326], r: -9311, e: -9426, error: 291
#ERR  p: [1379, 327], r: -9300, e: -9415, error: 292
#ERR  p: [1379, 328], r: -9290, e: -9405, error: 293
#ERR  p: [1379, 329], r: -9278, e: -9393, error: 294
#ERR  p: [1379, 330], r: -9267, e: -9382, error: 295
#ERR  p: [1379, 331], r: -9256, e: -9371, error: 296
#ERR  p: [1379, 332], r: -9266, e: -9370, error: 297
#ERR  p: [1379, 333], r: -9268, e: -9359, error: 298
#ERR  p: [1379, 334], r: -9268, e: -9343, error: 299
#ERR  p: [1379, 335], r: -9255, e: -9324, error: 300
#ERR  p: [1379, 336], r: -9244, e: -9313, error: 301
#ERR  p: [1379, 337], r: -9254, e: -9300, error: 302
#ERR  p: [1379, 338], r: -9264, e: -9290, error: 303
#ERR  p: [1379, 339], r: -9274, e: -9277, error: 304
#ERR  p: [1380, 316], r: -9439, e: -9558, error: 305
#ERR  p: [1380, 317], r: -9425, e: -9547, error: 306
#ERR  p: [1380, 318], r: -9413, e: -9538, error: 307
#ERR  p: [1380, 319], r: -9403, e: -9523, error: 308
#ERR  p: [1380, 320], r: -9392, e: -9509, error: 309
#ERR  p: [1380, 321], r: -9381, e: -9498, error: 310
#ERR  p: [1380, 322], r: -9375, e: -9492, error: 311
#ERR  p: [1380, 323], r: -9362, e: -9479, error: 312
#ERR  p: [1380, 324], r: -9353, e: -9468, error: 313
#ERR  p: [1380, 325], r: -9342, e: -9457, error: 314
#ERR  p: [1380, 326], r: -9321, e: -9436, error: 315
#ERR  p: [1380, 327], r: -9310, e: -9425, error: 316
#ERR  p: [1380, 328], r: -9297, e: -9412, error: 317
#ERR  p: [1380, 329], r: -9288, e: -9403, error: 318
#ERR  p: [1380, 330], r: -9277, e: -9392, error: 319
#ERR  p: [1380, 331], r: -9266, e: -9381, error: 320
#ERR  p: [1380, 332], r: -9256, e: -9371, error: 321
#ERR  p: [1380, 333], r: -9266, e: -9369, error: 322
#ERR  p: [1380, 334], r: -9270, e: -9353, error: 323
#ERR  p: [1380, 335], r: -9265, e: -9334, error: 324
#ERR  p: [1380, 336], r: -9254, e: -9323, error: 325
#ERR  p: [1380, 337], r: -9244, e: -9310, error: 326
#ERR  p: [1380, 338], r: -9253, e: -9299, error: 327
#ERR  p: [1380, 339], r: -9263, e: -9287, error: 328
#ERR  p: [1381, 316], r: -9449, e: -9568, error: 329
#ERR  p: [1381, 317], r: -9435, e: -9557, error: 330
#ERR  p: [1381, 318], r: -9423, e: -9548, error: 331
#ERR  p: [1381, 319], r: -9413, e: -9533, error: 332
#ERR  p: [1381, 320], r: -9402, e: -9519, error: 333
#ERR  p: [1381, 321], r: -9391, e: -9508, error: 334
#ERR  p: [1381, 322], r: -9385, e: -9502, error: 335
#ERR  p: [1381, 323], r: -9372, e: -9489, error: 336
#ERR  p: [1381, 324], r: -9362, e: -9478, error: 337
#ERR  p: [1381, 325], r: -9352, e: -9467, error: 338
#ERR  p: [1381, 326], r: -9331, e: -9446, error: 339
#ERR  p: [1381, 327], r: -9320, e: -9435, error: 340
#ERR  p: [1381, 328], r: -9307, e: -9422, error: 341
#ERR  p: [1381, 329], r: -9292, e: -9407, error: 342
#ERR  p: [1381, 330], r: -9287, e: -9402, error: 343
#ERR  p: [1381, 331], r: -9276, e: -9391, error: 344
#ERR  p: [1381, 332], r: -9265, e: -9380, error: 345
#ERR  p: [1381, 333], r: -9255, e: -9370, error: 346
#ERR  p: [1381, 334], r: -9265, e: -9363, error: 347
#ERR  p: [1381, 335], r: -9273, e: -9344, error: 348
#ERR  p: [1381, 336], r: -9264, e: -9333, error: 349
#ERR  p: [1381, 337], r: -9253, e: -9320, error: 350
#ERR  p: [1381, 338], r: -9245, e: -9309, error: 351
#ERR  p: [1381, 339], r: -9252, e: -9297, error: 352
#ERR  p: [1381, 340], r: -9262, e: -9280, error: 353
#ERR  p: [1382, 316], r: -9459, e: -9578, error: 354
#ERR  p: [1382, 317], r: -9445, e: -9567, error: 355
#ERR  p: [1382, 318], r: -9433, e: -9555, error: 356
#ERR  p: [1382, 319], r: -9423, e: -9543, error: 357
#ERR  p: [1382, 320], r: -9409, e: -9529, error: 358
#ERR  p: [1382, 321], r: -9401, e: -9518, error: 359
#ERR  p: [1382, 322], r: -9395, e: -9512, error: 360
#ERR  p: [1382, 323], r: -9382, e: -9499, error: 361
#ERR  p: [1382, 324], r: -9372, e: -9488, error: 362
#ERR  p: [1382, 325], r: -9362, e: -9477, error: 363
#ERR  p: [1382, 326], r: -9341, e: -9456, error: 364
#ERR  p: [1382, 327], r: -9330, e: -9445, error: 365
#ERR  p: [1382, 328], r: -9317, e: -9432, error: 366
#ERR  p: [1382, 329], r: -9302, e: -9417, error: 367
#ERR  p: [1382, 330], r: -9293, e: -9408, error: 368
#ERR  p: [1382, 331], r: -9286, e: -9401, error: 369
#ERR  p: [1382, 332], r: -9275, e: -9390, error: 370
#ERR  p: [1382, 333], r: -9265, e: -9380, error: 371
#ERR  p: [1382, 334], r: -9256, e: -9371, error: 372
#ERR  p: [1382, 335], r: -9266, e: -9354, error: 373
#ERR  p: [1382, 336], r: -9274, e: -9343, error: 374
#ERR  p: [1382, 337], r: -9263, e: -9330, error: 375
#ERR  p: [1382, 338], r: -9255, e: -9319, error: 376
#ERR  p: [1382, 339], r: -9248, e: -9307, error: 377
#ERR  p: [1382, 340], r: -9255, e: -9290, error: 378
#ERR  p: [1382, 341], r: -9265, e: -9274, error: 379
#ERR  p: [1383, 316], r: -9469, e: -9588, error: 380
#ERR  p: [1383, 317], r: -9455, e: -9577, error: 381
#ERR  p: [1383, 318], r: -9443, e: -9565, error: 382
#ERR  p: [1383, 319], r: -9433, e: -9553, error: 383
#ERR  p: [1383, 320], r: -9419, e: -9539, error: 384
#ERR  p: [1383, 321], r: -9409, e: -9528, error: 385
#ERR  p: [1383, 322], r: -9405, e: -9522, error: 386
#ERR  p: [1383, 323], r: -9392, e: -9509, error: 387
#ERR  p: [1383, 324], r: -9382, e: -9498, error: 388
#ERR  p: [1383, 325], r: -9372, e: -9487, error: 389
#ERR  p: [1383, 326], r: -9351, e: -9466, error: 390
#ERR  p: [1383, 327], r: -9340, e: -9455, error: 391
#ERR  p: [1383, 328], r: -9327, e: -9442, error: 392
#ERR  p: [1383, 329], r: -9312, e: -9427, error: 393
#ERR  p: [1383, 330], r: -9303, e: -9418, error: 394
#ERR  p: [1383, 331], r: -9296, e: -9411, error: 395
#ERR  p: [1383, 332], r: -9285, e: -9400, error: 396
#ERR  p: [1383, 333], r: -9275, e: -9390, error: 397
#ERR  p: [1383, 334], r: -9266, e: -9381, error: 398
#ERR  p: [1383, 335], r: -9257, e: -9364, error: 399
#ERR  p: [1383, 336], r: -9267, e: -9353, error: 400
#ERR  p: [1383, 337], r: -9273, e: -9340, error: 401
#ERR  p: [1383, 338], r: -9265, e: -9329, error: 402
#ERR  p: [1383, 339], r: -9258, e: -9317, error: 403
#ERR  p: [1383, 340], r: -9251, e: -9300, error: 404
#ERR  p: [1383, 341], r: -9259, e: -9284, error: 405
#ERR  p: [1384, 316], r: -9479, e: -9598, error: 406
#ERR  p: [1384, 317], r: -9465, e: -9587, error: 407
#ERR  p: [1384, 318], r: -9453, e: -9575, error: 408
#ERR  p: [1384, 319], r: -9443, e: -9563, error: 409
#ERR  p: [1384, 320], r: -9429, e: -9549, error: 410
#ERR  p: [1384, 321], r: -9419, e: -9538, error: 411
#ERR  p: [1384, 322], r: -9408, e: -9527, error: 412
#ERR  p: [1384, 323], r: -9402, e: -9519, error: 413
#ERR  p: [1384, 324], r: -9392, e: -9508, error: 414
#ERR  p: [1384, 325], r: -9382, e: -9497, error: 415
#ERR  p: [1384, 326], r: -9361, e: -9476, error: 416
#ERR  p: [1384, 327], r: -9350, e: -9465, error: 417
#ERR  p: [1384, 328], r: -9337, e: -9452, error: 418
#ERR  p: [1384, 329], r: -9322, e: -9437, error: 419
#ERR  p: [1384, 330], r: -9313, e: -9428, error: 420
#ERR  p: [1384, 331], r: -9306, e: -9421, error: 421
#ERR  p: [1384, 332], r: -9295, e: -9410, error: 422
#ERR  p: [1384, 333], r: -9285, e: -9400, error: 423
#ERR  p: [1384, 334], r: -9276, e: -9391, error: 424
#ERR  p: [1384, 335], r: -9267, e: -9374, error: 425
#ERR  p: [1384, 336], r: -9261, e: -9363, error: 426
#ERR  p: [1384, 337], r: -9271, e: -9350, error: 427
#ERR  p: [1384, 338], r: -9275, e: -9339, error: 428
#ERR  p: [1384, 339], r: -9268, e: -9327, error: 429
#ERR  p: [1384, 340], r: -9261, e: -9310, error: 430
#ERR  p: [1384, 341], r: -9255, e: -9294, error: 431
#ERR  p: [1384, 342], r: -9263, e: -9278, error: 432
#ERR  p: [1385, 316], r: -9489, e: -9607, error: 433
#ERR  p: [1385, 317], r: -9475, e: -9597, error: 434
#ERR  p: [1385, 318], r: -9463, e: -9585, error: 435
#ERR  p: [1385, 319], r: -9453, e: -9573, error: 436
#ERR  p: [1385, 320], r: -9439, e: -9559, error: 437
#ERR  p: [1385, 321], r: -9429, e: -9548, error: 438
#ERR  p: [1385, 322], r: -9418, e: -9537, error: 439
#ERR  p: [1385, 323], r: -9404, e: -9523, error: 440
#ERR  p: [1385, 324], r: -9402, e: -9518, error: 441
#ERR  p: [1385, 325], r: -9392, e: -9507, error: 442
#ERR  p: [1385, 326], r: -9371, e: -9486, error: 443
#ERR  p: [1385, 327], r: -9360, e: -9475, error: 444
#ERR  p: [1385, 328], r: -9346, e: -9461, error: 445
#ERR  p: [1385, 329], r: -9332, e: -9447, error: 446
#ERR  p: [1385, 330], r: -9323, e: -9438, error: 447
#ERR  p: [1385, 331], r: -9313, e: -9428, error: 448
#ERR  p: [1385, 332], r: -9305, e: -9420, error: 449
#ERR  p: [1385, 333], r: -9294, e: -9409, error: 450
#ERR  p: [1385, 334], r: -9286, e: -9401, error: 451
#ERR  p: [1385, 335], r: -9277, e: -9384, error: 452
#ERR  p: [1385, 336], r: -9266, e: -9373, error: 453
#ERR  p: [1385, 337], r: -9260, e: -9360, error: 454
#ERR  p: [1385, 338], r: -9270, e: -9349, error: 455
#ERR  p: [1385, 339], r: -9274, e: -9337, error: 456
#ERR  p: [1385, 340], r: -9270, e: -9320, error: 457
#ERR  p: [1385, 341], r: -9262, e: -9304, error: 458
#ERR  p: [1385, 342], r: -9252, e: -9288, error: 459
#ERR  p: [1385, 343], r: -9262, e: -9279, error: 460
#ERR  p: [1386, 316], r: -9499, e: -9617, error: 461
#ERR  p: [1386, 317], r: -9485, e: -9607, error: 462
#ERR  p: [1386, 318], r: -9473, e: -9595, error: 463
#ERR  p: [1386, 319], r: -9463, e: -9583, error: 464
#ERR  p: [1386, 320], r: -9449, e: -9569, error: 465
#ERR  p: [1386, 321], r: -9433, e: -9553, error: 466
#ERR  p: [1386, 322], r: -9428, e: -9547, error: 467
#ERR  p: [1386, 323], r: -9414, e: -9533, error: 468
#ERR  p: [1386, 324], r: -9406, e: -9525, error: 469
#ERR  p: [1386, 325], r: -9402, e: -9517, error: 470
#ERR  p: [1386, 326], r: -9381, e: -9496, error: 471
#ERR  p: [1386, 327], r: -9370, e: -9485, error: 472
#ERR  p: [1386, 328], r: -9356, e: -9471, error: 473
#ERR  p: [1386, 329], r: -9342, e: -9457, error: 474
#ERR  p: [1386, 330], r: -9333, e: -9448, error: 475
#ERR  p: [1386, 331], r: -9323, e: -9438, error: 476
#ERR  p: [1386, 332], r: -9315, e: -9430, error: 477
#ERR  p: [1386, 333], r: -9304, e: -9419, error: 478
#ERR  p: [1386, 334], r: -9291, e: -9406, error: 479
#ERR  p: [1386, 335], r: -9287, e: -9394, error: 480
#ERR  p: [1386, 336], r: -9276, e: -9383, error: 481
#ERR  p: [1386, 337], r: -9269, e: -9370, error: 482
#ERR  p: [1386, 338], r: -9261, e: -9359, error: 483
#ERR  p: [1386, 339], r: -9271, e: -9347, error: 484
#ERR  p: [1386, 340], r: -9278, e: -9330, error: 485
#ERR  p: [1386, 341], r: -9272, e: -9314, error: 486
#ERR  p: [1386, 342], r: -9262, e: -9298, error: 487
#ERR  p: [1386, 343], r: -9255, e: -9289, error: 488
#ERR  p: [1386, 344], r: -9263, e: -9277, error: 489
#ERR  p: [1387, 316], r: -9509, e: -9627, error: 490
#ERR  p: [1387, 317], r: -9495, e: -9617, error: 491
#ERR  p: [1387, 318], r: -9480, e: -9602, error: 492
#ERR  p: [1387, 319], r: -9473, e: -9593, error: 493
#ERR  p: [1387, 320], r: -9459, e: -9579, error: 494
#ERR  p: [1387, 321], r: -9443, e: -9563, error: 495
#ERR  p: [1387, 322], r: -9437, e: -9557, error: 496
#ERR  p: [1387, 323], r: -9424, e: -9543, error: 497
#ERR  p: [1387, 324], r: -9415, e: -9534, error: 498
#ERR  p: [1387, 325], r: -9406, e: -9525, error: 499
#SDC Ite:0 KerTime:0.294441 AccTime:0.294441 KerErr:500 AccErr:500
#END