#HEADER max_rows:2048 max_cols:2048 penalty:10
#BEGIN Y:2016 M:09 D:12 Time:14:50:42
#IT Ite:0 KerTime:0.294050 AccTime:0.294050
#ERR Error detected! kerrors = 2086753
#ERR  p: [517, 685], r: 2147482376, e: -1263, error: 1
#ERR  p: [517, 686], r: 2147482366, e: -1263, error: 2
#ERR  p: [517, 687], r: 2147482356, e: -1273, error: 3
#ERR  p: [517, 688], r: 2147482346, e: -1278, error: 4
#ERR  p: [517, 689], r: 2147482336, e: -1288, error: 5
#ERR  p: [517, 690], r: 2147482326, e: -1293, error: 6
#ERR  p: [517, 691], r: 2147482316, e: -1303, error: 7
#ERR  p: [517, 692], r: 2147482306, e: -1313, error: 8
#ERR  p: [517, 693], r: 2147482296, e: -1315, error: 9
#ERR  p: [517, 694], r: 2147482286, e: -1325, error: 10
#ERR  p: [517, 695], r: 2147482276, e: -1332, error: 11
#ERR  p: [517, 696], r: 2147482266, e: -1338, error: 12
#ERR  p: [517, 697], r: 2147482256, e: -1346, error: 13
#ERR  p: [517, 698], r: 2147482246, e: -1348, error: 14
#ERR  p: [517, 699], r: 2147482236, e: -1353, error: 15
#ERR  p: [517, 700], r: 2147482226, e: -1363, error: 16
#ERR  p: [517, 701], r: 2147482216, e: -1373, error: 17
#ERR  p: [517, 702], r: 2147482206, e: -1372, error: 18
#ERR  p: [517, 703], r: 2147482196, e: -1372, error: 19
#ERR  p: [517, 704], r: 2147482186, e: -1381, error: 20
#ERR  p: [517, 705], r: 2147482176, e: -1391, error: 21
#ERR  p: [517, 706], r: 2147482166, e: -1400, error: 22
#ERR  p: [517, 707], r: 2147482156, e: -1410, error: 23
#ERR  p: [517, 708], r: 2147482146, e: -1417, error: 24
#ERR  p: [517, 709], r: 2147482136, e: -1427, error: 25
#ERR  p: [517, 710], r: 2147482126, e: -1433, error: 26
#ERR  p: [517, 711], r: 2147482116, e: -1441, error: 27
#ERR  p: [517, 712], r: 2147482106, e: -1448, error: 28
#ERR  p: [517, 713], r: 2147482096, e: -1444, error: 29
#ERR  p: [517, 714], r: 2147482086, e: -1454, error: 30
#ERR  p: [517, 715], r: 2147482076, e: -1464, error: 31
#ERR  p: [517, 716], r: 2147482066, e: -1474, error: 32
#ERR  p: [517, 717], r: 2147482056, e: -1478, error: 33
#ERR  p: [517, 718], r: 2147482046, e: -1484, error: 34
#ERR  p: [517, 719], r: 2147482036, e: -1494, error: 35
#ERR  p: [517, 720], r: 2147482026, e: -1504, error: 36
#ERR  p: [517, 721], r: 2147482016, e: -1512, error: 37
#ERR  p: [517, 722], r: 2147482006, e: -1519, error: 38
#ERR  p: [517, 723], r: 2147481996, e: -1519, error: 39
#ERR  p: [517, 724], r: 2147481986, e: -1529, error: 40
#ERR  p: [517, 725], r: 2147481976, e: -1537, error: 41
#ERR  p: [517, 726], r: 2147481966, e: -1547, error: 42
#ERR  p: [517, 727], r: 2147481956, e: -1557, error: 43
#ERR  p: [517, 728], r: 2147481946, e: -1567, error: 44
#ERR  p: [517, 729], r: 2147481936, e: -1565, error: 45
#ERR  p: [517, 730], r: 2147481926, e: -1575, error: 46
#ERR  p: [517, 731], r: 2147481916, e: -1585, error: 47
#ERR  p: [517, 732], r: 2147481906, e: -1595, error: 48
#ERR  p: [517, 733], r: 2147481896, e: -1605, error: 49
#ERR  p: [517, 734], r: 2147481886, e: -1615, error: 50
#ERR  p: [517, 735], r: 2147481876, e: -1625, error: 51
#ERR  p: [517, 736], r: 2147481866, e: -1635, error: 52
#ERR  p: [517, 737], r: 2147481856, e: -1645, error: 53
#ERR  p: [517, 738], r: 2147481846, e: -1655, error: 54
#ERR  p: [517, 739], r: 2147481836, e: -1665, error: 55
#ERR  p: [517, 740], r: 2147481826, e: -1675, error: 56
#ERR  p: [517, 741], r: 2147481816, e: -1685, error: 57
#ERR  p: [517, 742], r: 2147481806, e: -1695, error: 58
#ERR  p: [517, 743], r: 2147481796, e: -1684, error: 59
#ERR  p: [517, 744], r: 2147481786, e: -1694, error: 60
#ERR  p: [517, 745], r: 2147481776, e: -1700, error: 61
#ERR  p: [517, 746], r: 2147481766, e: -1694, error: 62
#ERR  p: [517, 747], r: 2147481756, e: -1704, error: 63
#ERR  p: [517, 748], r: 2147481746, e: -1714, error: 64
#ERR  p: [517, 749], r: 2147481736, e: -1724, error: 65
#ERR  p: [517, 750], r: 2147481726, e: -1734, error: 66
#ERR  p: [517, 751], r: 2147481716, e: -1741, error: 67
#ERR  p: [517, 752], r: 2147481706, e: -1751, error: 68
#ERR  p: [517, 753], r: 2147481696, e: -1761, error: 69
#ERR  p: [517, 754], r: 2147481686, e: -1771, error: 70
#ERR  p: [517, 755], r: 2147481676, e: -1781, error: 71
#ERR  p: [517, 756], r: 2147481666, e: -1791, error: 72
#ERR  p: [517, 757], r: 2147481656, e: -1799, error: 73
#ERR  p: [517, 758], r: 2147481646, e: -1809, error: 74
#ERR  p: [517, 759], r: 2147481636, e: -1819, error: 75
#ERR  p: [517, 760], r: 2147481626, e: -1825, error: 76
#ERR  p: [517, 761], r: 2147481616, e: -1832, error: 77
#ERR  p: [517, 762], r: 2147481606, e: -1837, error: 78
#ERR  p: [517, 763], r: 2147481596, e: -1847, error: 79
#ERR  p: [517, 764], r: 2147481586, e: -1857, error: 80
#ERR  p: [517, 765], r: 2147481576, e: -1867, error: 81
#ERR  p: [517, 766], r: 2147481566, e: -1871, error: 82
#ERR  p: [517, 767], r: 2147481556, e: -1881, error: 83
#ERR  p: [517, 768], r: 2147481546, e: -1891, error: 84
#ERR  p: [517, 769], r: 2147481536, e: -1899, error: 85
#ERR  p: [517, 770], r: 2147481526, e: -1909, error: 86
#ERR  p: [517, 771], r: 2147481516, e: -1919, error: 87
#ERR  p: [517, 772], r: 2147481506, e: -1929, error: 88
#ERR  p: [517, 773], r: 2147481496, e: -1936, error: 89
#ERR  p: [517, 774], r: 2147481486, e: -1946, error: 90
#ERR  p: [517, 775], r: 2147481476, e: -1956, error: 91
#ERR  p: [517, 776], r: 2147481466, e: -1966, error: 92
#ERR  p: [517, 777], r: 2147481456, e: -1975, error: 93
#ERR  p: [517, 778], r: 2147481446, e: -1969, error: 94
#ERR  p: [517, 779], r: 2147481436, e: -1979, error: 95
#ERR  p: [517, 780], r: 2147481426, e: -1989, error: 96
#ERR  p: [517, 781], r: 2147481416, e: -1999, error: 97
#ERR  p: [517, 782], r: 2147481406, e: -2009, error: 98
#ERR  p: [517, 783], r: 2147481396, e: -2018, error: 99
#ERR  p: [517, 784], r: 2147481386, e: -2028, error: 100
#ERR  p: [517, 785], r: 2147481376, e: -2038, error: 101
#ERR  p: [517, 786], r: 2147481366, e: -2048, error: 102
#ERR  p: [517, 787], r: 2147481356, e: -2058, error: 103
#ERR  p: [517, 788], r: 2147481346, e: -2068, error: 104
#ERR  p: [517, 789], r: 2147481336, e: -2063, error: 105
#ERR  p: [517, 790], r: 2147481326, e: -2062, error: 106
#ERR  p: [517, 791], r: 2147481316, e: -2055, error: 107
#ERR  p: [517, 792], r: 2147481306, e: -2064, error: 108
#ERR  p: [517, 793], r: 2147481296, e: -2073, error: 109
#ERR  p: [517, 794], r: 2147481286, e: -2083, error: 110
#ERR  p: [517, 795], r: 2147481276, e: -2087, error: 111
#ERR  p: [517, 796], r: 2147481266, e: -2097, error: 112
#ERR  p: [517, 797], r: 2147481256, e: -2107, error: 113
#ERR  p: [517, 798], r: 2147481246, e: -2117, error: 114
#ERR  p: [517, 799], r: 2147481236, e: -2125, error: 115
#ERR  p: [517, 800], r: 2147481226, e: -2130, error: 116
#ERR  p: [517, 801], r: 2147481216, e: -2135, error: 117
#ERR  p: [517, 802], r: 2147481206, e: -2145, error: 118
#ERR  p: [517, 803], r: 2147481196, e: -2155, error: 119
#ERR  p: [517, 804], r: 2147481186, e: -2161, error: 120
#ERR  p: [517, 805], r: 2147481176, e: -2170, error: 121
#ERR  p: [517, 806], r: 2147481166, e: -2178, error: 122
#ERR  p: [517, 807], r: 2147481156, e: -2186, error: 123
#ERR  p: [517, 808], r: 2147481146, e: -2195, error: 124
#ERR  p: [517, 809], r: 2147481136, e: -2205, error: 125
#ERR  p: [517, 810], r: 2147481126, e: -2215, error: 126
#ERR  p: [517, 811], r: 2147481116, e: -2211, error: 127
#ERR  p: [517, 812], r: 2147481106, e: -2221, error: 128
#ERR  p: [517, 813], r: 2147481096, e: -2231, error: 129
#ERR  p: [517, 814], r: 2147481086, e: -2240, error: 130
#ERR  p: [517, 815], r: 2147481076, e: -2250, error: 131
#ERR  p: [517, 816], r: 2147481066, e: -2260, error: 132
#ERR  p: [517, 817], r: 2147481056, e: -2266, error: 133
#ERR  p: [517, 818], r: 2147481046, e: -2272, error: 134
#ERR  p: [517, 819], r: 2147481036, e: -2282, error: 135
#ERR  p: [517, 820], r: 2147481026, e: -2282, error: 136
#ERR  p: [517, 821], r: 2147481016, e: -2292, error: 137
#ERR  p: [517, 822], r: 2147481006, e: -2302, error: 138
#ERR  p: [517, 823], r: 2147480996, e: -2312, error: 139
#ERR  p: [517, 824], r: 2147480986, e: -2322, error: 140
#ERR  p: [517, 825], r: 2147480976, e: -2328, error: 141
#ERR  p: [517, 826], r: 2147480966, e: -2336, error: 142
#ERR  p: [517, 827], r: 2147480956, e: -2346, error: 143
#ERR  p: [517, 828], r: 2147480946, e: -2356, error: 144
#ERR  p: [517, 829], r: 2147480936, e: -2364, error: 145
#ERR  p: [517, 830], r: 2147480926, e: -2370, error: 146
#ERR  p: [517, 831], r: 2147480916, e: -2380, error: 147
#ERR  p: [517, 832], r: 2147480906, e: -2390, error: 148
#ERR  p: [517, 833], r: 2147480896, e: -2398, error: 149
#ERR  p: [517, 834], r: 2147480886, e: -2408, error: 150
#ERR  p: [517, 835], r: 2147480876, e: -2418, error: 151
#ERR  p: [517, 836], r: 2147480866, e: -2427, error: 152
#ERR  p: [517, 837], r: 2147480856, e: -2434, error: 153
#ERR  p: [517, 838], r: 2147480846, e: -2444, error: 154
#ERR  p: [517, 839], r: 2147480836, e: -2454, error: 155
#ERR  p: [517, 840], r: 2147480826, e: -2464, error: 156
#ERR  p: [517, 841], r: 2147480816, e: -2474, error: 157
#ERR  p: [517, 842], r: 2147480806, e: -2478, error: 158
#ERR  p: [517, 843], r: 2147480796, e: -2487, error: 159
#ERR  p: [517, 844], r: 2147480786, e: -2483, error: 160
#ERR  p: [517, 845], r: 2147480776, e: -2493, error: 161
#ERR  p: [517, 846], r: 2147480766, e: -2503, error: 162
#ERR  p: [517, 847], r: 2147480756, e: -2513, error: 163
#ERR  p: [517, 848], r: 2147480746, e: -2523, error: 164
#ERR  p: [517, 849], r: 2147480736, e: -2533, error: 165
#ERR  p: [517, 850], r: 2147480726, e: -2543, error: 166
#ERR  p: [517, 851], r: 2147480716, e: -2553, error: 167
#ERR  p: [517, 852], r: 2147480706, e: -2563, error: 168
#ERR  p: [517, 853], r: 2147480696, e: -2573, error: 169
#ERR  p: [517, 854], r: 2147480686, e: -2583, error: 170
#ERR  p: [517, 855], r: 2147480676, e: -2593, error: 171
#ERR  p: [517, 856], r: 2147480666, e: -2603, error: 172
#ERR  p: [517, 857], r: 2147480656, e: -2611, error: 173
#ERR  p: [517, 858], r: 2147480646, e: -2621, error: 174
#ERR  p: [517, 859], r: 2147480636, e: -2629, error: 175
#ERR  p: [517, 860], r: 2147480626, e: -2636, error: 176
#ERR  p: [517, 861], r: 2147480616, e: -2639, error: 177
#ERR  p: [517, 862], r: 2147480606, e: -2648, error: 178
#ERR  p: [517, 863], r: 2147480596, e: -2656, error: 179
#ERR  p: [517, 864], r: 2147480586, e: -2657, error: 180
#ERR  p: [517, 865], r: 2147480576, e: -2656, error: 181
#ERR  p: [517, 866], r: 2147480566, e: -2666, error: 182
#ERR  p: [517, 867], r: 2147480556, e: -2676, error: 183
#ERR  p: [517, 868], r: 2147480546, e: -2686, error: 184
#ERR  p: [517, 869], r: 2147480536, e: -2696, error: 185
#ERR  p: [517, 870], r: 2147480526, e: -2706, error: 186
#ERR  p: [517, 871], r: 2147480516, e: -2706, error: 187
#ERR  p: [517, 872], r: 2147480506, e: -2716, error: 188
#ERR  p: [517, 873], r: 2147480496, e: -2726, error: 189
#ERR  p: [517, 874], r: 2147480486, e: -2736, error: 190
#ERR  p: [517, 875], r: 2147480476, e: -2746, error: 191
#ERR  p: [517, 876], r: 2147480466, e: -2756, error: 192
#ERR  p: [517, 877], r: 2147480456, e: -2752, error: 193
#ERR  p: [517, 878], r: 2147480446, e: -2762, error: 194
#ERR  p: [517, 879], r: 2147480436, e: -2772, error: 195
#ERR  p: [517, 880], r: 2147480426, e: -2782, error: 196
#ERR  p: [517, 881], r: 2147480416, e: -2792, error: 197
#ERR  p: [517, 882], r: 2147480406, e: -2802, error: 198
#ERR  p: [517, 883], r: 2147480396, e: -2812, error: 199
#ERR  p: [517, 884], r: 2147480386, e: -2822, error: 200
#ERR  p: [517, 885], r: 2147480376, e: -2832, error: 201
#ERR  p: [517, 886], r: 2147480366, e: -2842, error: 202
#ERR  p: [517, 887], r: 2147480356, e: -2852, error: 203
#ERR  p: [517, 888], r: 2147480346, e: -2862, error: 204
#ERR  p: [517, 889], r: 2147480336, e: -2872, error: 205
#ERR  p: [517, 890], r: 2147480326, e: -2882, error: 206
#ERR  p: [517, 891], r: 2147480316, e: -2892, error: 207
#ERR  p: [517, 892], r: 2147480306, e: -2902, error: 208
#ERR  p: [517, 893], r: 2147480296, e: -2912, error: 209
#ERR  p: [517, 894], r: 2147480286, e: -2922, error: 210
#ERR  p: [517, 895], r: 2147480276, e: -2932, error: 211
#ERR  p: [517, 896], r: 2147480266, e: -2927, error: 212
#ERR  p: [517, 897], r: 2147480256, e: -2937, error: 213
#ERR  p: [517, 898], r: 2147480246, e: -2947, error: 214
#ERR  p: [517, 899], r: 2147480236, e: -2957, error: 215
#ERR  p: [517, 900], r: 2147480226, e: -2967, error: 216
#ERR  p: [517, 901], r: 2147480216, e: -2977, error: 217
#ERR  p: [517, 902], r: 2147480206, e: -2987, error: 218
#ERR  p: [517, 903], r: 2147480196, e: -2996, error: 219
#ERR  p: [517, 904], r: 2147480186, e: -3003, error: 220
#ERR  p: [517, 905], r: 2147480176, e: -3013, error: 221
#ERR  p: [517, 906], r: 2147480166, e: -3023, error: 222
#ERR  p: [517, 907], r: 2147480156, e: -3032, error: 223
#ERR  p: [517, 908], r: 2147480146, e: -3042, error: 224
#ERR  p: [517, 909], r: 2147480136, e: -3048, error: 225
#ERR  p: [517, 910], r: 2147480126, e: -3056, error: 226
#ERR  p: [517, 911], r: 2147480116, e: -3062, error: 227
#ERR  p: [517, 912], r: 2147480106, e: -3066, error: 228
#ERR  p: [517, 913], r: 2147480096, e: -3063, error: 229
#ERR  p: [517, 914], r: 2147480086, e: -3073, error: 230
#ERR  p: [517, 915], r: 2147480076, e: -3083, error: 231
#ERR  p: [517, 916], r: 2147480066, e: -3093, error: 232
#ERR  p: [517, 917], r: 2147480056, e: -3103, error: 233
#ERR  p: [517, 918], r: 2147480046, e: -3113, error: 234
#ERR  p: [517, 919], r: 2147480036, e: -3123, error: 235
#ERR  p: [517, 920], r: 2147480026, e: -3131, error: 236
#ERR  p: [517, 921], r: 2147480016, e: -3141, error: 237
#ERR  p: [517, 922], r: 2147480006, e: -3151, error: 238
#ERR  p: [517, 923], r: 2147479996, e: -3161, error: 239
#ERR  p: [517, 924], r: 2147479986, e: -3155, error: 240
#ERR  p: [517, 925], r: 2147479976, e: -3165, error: 241
#ERR  p: [517, 926], r: 2147479966, e: -3175, error: 242
#ERR  p: [517, 927], r: 2147479956, e: -3185, error: 243
#ERR  p: [517, 928], r: 2147479946, e: -3187, error: 244
#ERR  p: [517, 929], r: 2147479936, e: -3197, error: 245
#ERR  p: [517, 930], r: 2147479926, e: -3207, error: 246
#ERR  p: [517, 931], r: 2147479916, e: -3217, error: 247
#ERR  p: [517, 932], r: 2147479906, e: -3225, error: 248
#ERR  p: [517, 933], r: 2147479896, e: -3229, error: 249
#ERR  p: [517, 934], r: 2147479886, e: -3239, error: 250
#ERR  p: [517, 935], r: 2147479876, e: -3249, error: 251
#ERR  p: [517, 936], r: 2147479866, e: -3259, error: 252
#ERR  p: [517, 937], r: 2147479856, e: -3269, error: 253
#ERR  p: [517, 938], r: 2147479846, e: -3277, error: 254
#ERR  p: [517, 939], r: 2147479836, e: -3287, error: 255
#ERR  p: [517, 940], r: 2147479826, e: -3297, error: 256
#ERR  p: [517, 941], r: 2147479816, e: -3305, error: 257
#ERR  p: [517, 942], r: 2147479806, e: -3315, error: 258
#ERR  p: [517, 943], r: 2147479796, e: -3325, error: 259
#ERR  p: [517, 944], r: 2147479786, e: -3335, error: 260
#ERR  p: [517, 945], r: 2147479776, e: -3345, error: 261
#ERR  p: [517, 946], r: 2147479766, e: -3355, error: 262
#ERR  p: [517, 947], r: 2147479756, e: -3365, error: 263
#ERR  p: [517, 948], r: 2147479746, e: -3373, error: 264
#ERR  p: [517, 949], r: 2147479736, e: -3383, error: 265
#ERR  p: [517, 950], r: 2147479726, e: -3393, error: 266
#ERR  p: [517, 951], r: 2147479716, e: -3403, error: 267
#ERR  p: [517, 952], r: 2147479706, e: -3407, error: 268
#ERR  p: [517, 953], r: 2147479696, e: -3417, error: 269
#ERR  p: [517, 954], r: 2147479686, e: -3427, error: 270
#ERR  p: [517, 955], r: 2147479676, e: -3417, error: 271
#ERR  p: [517, 956], r: 2147479666, e: -3427, error: 272
#ERR  p: [517, 957], r: 2147479656, e: -3437, error: 273
#ERR  p: [517, 958], r: 2147479646, e: -3447, error: 274
#ERR  p: [517, 959], r: 2147479636, e: -3457, error: 275
#ERR  p: [517, 960], r: 2147479626, e: -3467, error: 276
#ERR  p: [517, 961], r: 2147479616, e: -3477, error: 277
#ERR  p: [517, 962], r: 2147479606, e: -3487, error: 278
#ERR  p: [517, 963], r: 2147479596, e: -3497, error: 279
#ERR  p: [517, 964], r: 2147479586, e: -3500, error: 280
#ERR  p: [517, 965], r: 2147479576, e: -3510, error: 281
#ERR  p: [517, 966], r: 2147479566, e: -3520, error: 282
#ERR  p: [517, 967], r: 2147479556, e: -3530, error: 283
#ERR  p: [517, 968], r: 2147479546, e: -3540, error: 284
#ERR  p: [517, 969], r: 2147479536, e: -3550, error: 285
#ERR  p: [517, 970], r: 2147479526, e: -3560, error: 286
#ERR  p: [517, 971], r: 2147479516, e: -3568, error: 287
#ERR  p: [517, 972], r: 2147479506, e: -3578, error: 288
#ERR  p: [517, 973], r: 2147479496, e: -3588, error: 289
#ERR  p: [517, 974], r: 2147479486, e: -3595, error: 290
#ERR  p: [517, 975], r: 2147479476, e: -3602, error: 291
#ERR  p: [517, 976], r: 2147479466, e: -3612, error: 292
#ERR  p: [517, 977], r: 2147479456, e: -3622, error: 293
#ERR  p: [517, 978], r: 2147479446, e: -3632, error: 294
#ERR  p: [517, 979], r: 2147479436, e: -3642, error: 295
#ERR  p: [517, 980], r: 2147479426, e: -3650, error: 296
#ERR  p: [517, 981], r: 2147479416, e: -3660, error: 297
#ERR  p: [517, 982], r: 2147479406, e: -3670, error: 298
#ERR  p: [517, 983], r: 2147479396, e: -3680, error: 299
#ERR  p: [517, 984], r: 2147479386, e: -3690, error: 300
#ERR  p: [517, 985], r: 2147479376, e: -3699, error: 301
#ERR  p: [517, 986], r: 2147479366, e: -3709, error: 302
#ERR  p: [517, 987], r: 2147479356, e: -3717, error: 303
#ERR  p: [517, 988], r: 2147479346, e: -3715, error: 304
#ERR  p: [517, 989], r: 2147479336, e: -3725, error: 305
#ERR  p: [517, 990], r: 2147479326, e: -3735, error: 306
#ERR  p: [517, 991], r: 2147479316, e: -3745, error: 307
#ERR  p: [517, 992], r: 2147479306, e: -3755, error: 308
#ERR  p: [517, 993], r: 2147479296, e: -3765, error: 309
#ERR  p: [517, 994], r: 2147479286, e: -3775, error: 310
#ERR  p: [517, 995], r: 2147479276, e: -3785, error: 311
#ERR  p: [517, 996], r: 2147479266, e: -3782, error: 312
#ERR  p: [517, 997], r: 2147479256, e: -3792, error: 313
#ERR  p: [517, 998], r: 2147479246, e: -3802, error: 314
#ERR  p: [517, 999], r: 2147479236, e: -3812, error: 315
#ERR  p: [517, 1000], r: 2147479226, e: -3822, error: 316
#ERR  p: [517, 1001], r: 2147479216, e: -3832, error: 317
#ERR  p: [517, 1002], r: 2147479206, e: -3842, error: 318
#ERR  p: [517, 1003], r: 2147479196, e: -3852, error: 319
#ERR  p: [517, 1004], r: 2147479186, e: -3858, error: 320
#ERR  p: [517, 1005], r: 2147479176, e: -3865, error: 321
#ERR  p: [517, 1006], r: 2147479166, e: -3875, error: 322
#ERR  p: [517, 1007], r: 2147479156, e: -3885, error: 323
#ERR  p: [517, 1008], r: 2147479146, e: -3895, error: 324
#ERR  p: [517, 1009], r: 2147479136, e: -3905, error: 325
#ERR  p: [517, 1010], r: 2147479126, e: -3915, error: 326
#ERR  p: [517, 1011], r: 2147479116, e: -3925, error: 327
#ERR  p: [517, 1012], r: 2147479106, e: -3935, error: 328
#ERR  p: [517, 1013], r: 2147479096, e: -3945, error: 329
#ERR  p: [517, 1014], r: 2147479086, e: -3955, error: 330
#ERR  p: [517, 1015], r: 2147479076, e: -3965, error: 331
#ERR  p: [517, 1016], r: 2147479066, e: -3975, error: 332
#ERR  p: [517, 1017], r: 2147479056, e: -3985, error: 333
#ERR  p: [517, 1018], r: 2147479046, e: -3995, error: 334
#ERR  p: [517, 1019], r: 2147479036, e: -4005, error: 335
#ERR  p: [517, 1020], r: 2147479026, e: -4014, error: 336
#ERR  p: [517, 1021], r: 2147479016, e: -4023, error: 337
#ERR  p: [517, 1022], r: 2147479006, e: -4033, error: 338
#ERR  p: [517, 1023], r: 2147478996, e: -4043, error: 339
#ERR  p: [517, 1024], r: 2147478986, e: -4053, error: 340
#ERR  p: [517, 1025], r: 2147478976, e: -4063, error: 341
#ERR  p: [517, 1026], r: 2147478966, e: -4073, error: 342
#ERR  p: [517, 1027], r: 2147478956, e: -4083, error: 343
#ERR  p: [517, 1028], r: 2147478946, e: -4077, error: 344
#ERR  p: [517, 1029], r: 2147478936, e: -4087, error: 345
#ERR  p: [517, 1030], r: 2147478926, e: -4097, error: 346
#ERR  p: [517, 1031], r: 2147478916, e: -4107, error: 347
#ERR  p: [517, 1032], r: 2147478906, e: -4117, error: 348
#ERR  p: [517, 1033], r: 2147478896, e: -4127, error: 349
#ERR  p: [517, 1034], r: 2147478886, e: -4137, error: 350
#ERR  p: [517, 1035], r: 2147478876, e: -4147, error: 351
#ERR  p: [517, 1036], r: 2147478866, e: -4157, error: 352
#ERR  p: [517, 1037], r: 2147478856, e: -4167, error: 353
#ERR  p: [517, 1038], r: 2147478846, e: -4177, error: 354
#ERR  p: [517, 1039], r: 2147478836, e: -4187, error: 355
#ERR  p: [517, 1040], r: 2147478826, e: -4197, error: 356
#ERR  p: [517, 1041], r: 2147478816, e: -4207, error: 357
#ERR  p: [517, 1042], r: 2147478806, e: -4217, error: 358
#ERR  p: [517, 1043], r: 2147478796, e: -4225, error: 359
#ERR  p: [517, 1044], r: 2147478786, e: -4234, error: 360
#ERR  p: [517, 1045], r: 2147478776, e: -4242, error: 361
#ERR  p: [517, 1046], r: 2147478766, e: -4234, error: 362
#ERR  p: [517, 1047], r: 2147478756, e: -4244, error: 363
#ERR  p: [517, 1048], r: 2147478746, e: -4254, error: 364
#ERR  p: [517, 1049], r: 2147478736, e: -4264, error: 365
#ERR  p: [517, 1050], r: 2147478726, e: -4274, error: 366
#ERR  p: [517, 1051], r: 2147478716, e: -4284, error: 367
#ERR  p: [517, 1052], r: 2147478706, e: -4289, error: 368
#ERR  p: [517, 1053], r: 2147478696, e: -4299, error: 369
#ERR  p: [517, 1054], r: 2147478686, e: -4309, error: 370
#ERR  p: [517, 1055], r: 2147478676, e: -4319, error: 371
#ERR  p: [517, 1056], r: 2147478666, e: -4329, error: 372
#ERR  p: [517, 1057], r: 2147478656, e: -4338, error: 373
#ERR  p: [517, 1058], r: 2147478646, e: -4348, error: 374
#ERR  p: [517, 1059], r: 2147478636, e: -4358, error: 375
#ERR  p: [517, 1060], r: 2147478626, e: -4366, error: 376
#ERR  p: [517, 1061], r: 2147478616, e: -4372, error: 377
#ERR  p: [517, 1062], r: 2147478606, e: -4367, error: 378
#ERR  p: [517, 1063], r: 2147478596, e: -4362, error: 379
#ERR  p: [517, 1064], r: 2147478586, e: -4372, error: 380
#ERR  p: [517, 1065], r: 2147478576, e: -4382, error: 381
#ERR  p: [517, 1066], r: 2147478566, e: -4392, error: 382
#ERR  p: [517, 1067], r: 2147478556, e: -4402, error: 383
#ERR  p: [517, 1068], r: 2147478546, e: -4412, error: 384
#ERR  p: [517, 1069], r: 2147478536, e: -4422, error: 385
#ERR  p: [517, 1070], r: 2147478526, e: -4432, error: 386
#ERR  p: [517, 1071], r: 2147478516, e: -4442, error: 387
#ERR  p: [517, 1072], r: 2147478506, e: -4452, error: 388
#ERR  p: [517, 1073], r: 2147478496, e: -4462, error: 389
#ERR  p: [517, 1074], r: 2147478486, e: -4467, error: 390
#ERR  p: [517, 1075], r: 2147478476, e: -4477, error: 391
#ERR  p: [517, 1076], r: 2147478466, e: -4480, error: 392
#ERR  p: [517, 1077], r: 2147478456, e: -4490, error: 393
#ERR  p: [517, 1078], r: 2147478446, e: -4500, error: 394
#ERR  p: [517, 1079], r: 2147478436, e: -4504, error: 395
#ERR  p: [517, 1080], r: 2147478426, e: -4514, error: 396
#ERR  p: [517, 1081], r: 2147478416, e: -4524, error: 397
#ERR  p: [517, 1082], r: 2147478406, e: -4534, error: 398
#ERR  p: [517, 1083], r: 2147478396, e: -4544, error: 399
#ERR  p: [517, 1084], r: 2147478386, e: -4541, error: 400
#ERR  p: [517, 1085], r: 2147478376, e: -4551, error: 401
#ERR  p: [517, 1086], r: 2147478366, e: -4561, error: 402
#ERR  p: [517, 1087], r: 2147478356, e: -4571, error: 403
#ERR  p: [517, 1088], r: 2147478346, e: -4581, error: 404
#ERR  p: [517, 1089], r: 2147478336, e: -4591, error: 405
#ERR  p: [517, 1090], r: 2147478326, e: -4601, error: 406
#ERR  p: [517, 1091], r: 2147478316, e: -4611, error: 407
#ERR  p: [517, 1092], r: 2147478306, e: -4621, error: 408
#ERR  p: [517, 1093], r: 2147478296, e: -4631, error: 409
#ERR  p: [517, 1094], r: 2147478286, e: -4641, error: 410
#ERR  p: [517, 1095], r: 2147478276, e: -4651, error: 411
#ERR  p: [517, 1096], r: 2147478266, e: -4661, error: 412
#ERR  p: [517, 1097], r: 2147478256, e: -4671, error: 413
#ERR  p: [517, 1098], r: 2147478246, e: -4681, error: 414
#ERR  p: [517, 1099], r: 2147478236, e: -4691, error: 415
#ERR  p: [517, 1100], r: 2147478226, e: -4701, error: 416
#ERR  p: [517, 1101], r: 2147478216, e: -4711, error: 417
#ERR  p: [517, 1102], r: 2147478206, e: -4721, error: 418
#ERR  p: [517, 1103], r: 2147478196, e: -4731, error: 419
#ERR  p: [517, 1104], r: 2147478186, e: -4741, error: 420
#ERR  p: [517, 1105], r: 2147478176, e: -4751, error: 421
#ERR  p: [517, 1106], r: 2147478166, e: -4761, error: 422
#ERR  p: [517, 1107], r: 2147478156, e: -4771, error: 423
#ERR  p: [517, 1108], r: 2147478146, e: -4781, error: 424
#ERR  p: [517, 1109], r: 2147478136, e: -4791, error: 425
#ERR  p: [517, 1110], r: 2147478126, e: -4801, error: 426
#ERR  p: [517, 1111], r: 2147478116, e: -4811, error: 427
#ERR  p: [517, 1112], r: 2147478106, e: -4821, error: 428
#ERR  p: [517, 1113], r: 2147478096, e: -4831, error: 429
#ERR  p: [517, 1114], r: 2147478086, e: -4841, error: 430
#ERR  p: [517, 1115], r: 2147478076, e: -4851, error: 431
#ERR  p: [517, 1116], r: 2147478066, e: -4861, error: 432
#ERR  p: [517, 1117], r: 2147478056, e: -4871, error: 433
#ERR  p: [517, 1118], r: 2147478046, e: -4881, error: 434
#ERR  p: [517, 1119], r: 2147478036, e: -4891, error: 435
#ERR  p: [517, 1120], r: 2147478026, e: -4901, error: 436
#ERR  p: [517, 1121], r: 2147478016, e: -4911, error: 437
#ERR  p: [517, 1122], r: 2147478006, e: -4921, error: 438
#ERR  p: [517, 1123], r: 2147477996, e: -4931, error: 439
#ERR  p: [517, 1124], r: 2147477986, e: -4935, error: 440
#ERR  p: [517, 1125], r: 2147477976, e: -4945, error: 441
#ERR  p: [517, 1126], r: 2147477966, e: -4955, error: 442
#ERR  p: [517, 1127], r: 2147477956, e: -4965, error: 443
#ERR  p: [517, 1128], r: 2147477946, e: -4975, error: 444
#ERR  p: [517, 1129], r: 2147477936, e: -4972, error: 445
#ERR  p: [517, 1130], r: 2147477926, e: -4982, error: 446
#ERR  p: [517, 1131], r: 2147477916, e: -4992, error: 447
#ERR  p: [517, 1132], r: 2147477906, e: -5002, error: 448
#ERR  p: [517, 1133], r: 2147477896, e: -5011, error: 449
#ERR  p: [517, 1134], r: 2147477886, e: -5021, error: 450
#ERR  p: [517, 1135], r: 2147477876, e: -5019, error: 451
#ERR  p: [517, 1136], r: 2147477866, e: -5029, error: 452
#ERR  p: [517, 1137], r: 2147477856, e: -5039, error: 453
#ERR  p: [517, 1138], r: 2147477846, e: -5049, error: 454
#ERR  p: [517, 1139], r: 2147477836, e: -5059, error: 455
#ERR  p: [517, 1140], r: 2147477826, e: -5069, error: 456
#ERR  p: [517, 1141], r: 2147477816, e: -5079, error: 457
#ERR  p: [517, 1142], r: 2147477806, e: -5089, error: 458
#ERR  p: [517, 1143], r: 2147477796, e: -5099, error: 459
#ERR  p: [517, 1144], r: 2147477786, e: -5109, error: 460
#ERR  p: [517, 1145], r: 2147477776, e: -5119, error: 461
#ERR  p: [517, 1146], r: 2147477766, e: -5129, error: 462
#ERR  p: [517, 1147], r: 2147477756, e: -5139, error: 463
#ERR  p: [517, 1148], r: 2147477746, e: -5149, error: 464
#ERR  p: [517, 1149], r: 2147477736, e: -5159, error: 465
#ERR  p: [517, 1150], r: 2147477726, e: -5169, error: 466
#ERR  p: [517, 1151], r: 2147477716, e: -5179, error: 467
#ERR  p: [517, 1152], r: 2147477706, e: -5189, error: 468
#ERR  p: [517, 1153], r: 2147477696, e: -5199, error: 469
#ERR  p: [517, 1154], r: 2147477686, e: -5205, error: 470
#ERR  p: [517, 1155], r: 2147477676, e: -5197, error: 471
#ERR  p: [517, 1156], r: 2147477666, e: -5203, error: 472
#ERR  p: [517, 1157], r: 2147477656, e: -5213, error: 473
#ERR  p: [517, 1158], r: 2147477646, e: -5223, error: 474
#ERR  p: [517, 1159], r: 2147477636, e: -5233, error: 475
#ERR  p: [517, 1160], r: 2147477626, e: -5243, error: 476
#ERR  p: [517, 1161], r: 2147477616, e: -5253, error: 477
#ERR  p: [517, 1162], r: 2147477606, e: -5263, error: 478
#ERR  p: [517, 1163], r: 2147477596, e: -5273, error: 479
#ERR  p: [517, 1164], r: 2147477586, e: -5283, error: 480
#ERR  p: [517, 1165], r: 2147477576, e: -5293, error: 481
#ERR  p: [517, 1166], r: 2147477566, e: -5303, error: 482
#ERR  p: [517, 1167], r: 2147477556, e: -5313, error: 483
#ERR  p: [517, 1168], r: 2147477546, e: -5323, error: 484
#ERR  p: [517, 1169], r: 2147477536, e: -5324, error: 485
#ERR  p: [517, 1170], r: 2147477526, e: -5334, error: 486
#ERR  p: [517, 1171], r: 2147477516, e: -5344, error: 487
#ERR  p: [517, 1172], r: 2147477506, e: -5354, error: 488
#ERR  p: [517, 1173], r: 2147477496, e: -5364, error: 489
#ERR  p: [517, 1174], r: 2147477486, e: -5374, error: 490
#ERR  p: [517, 1175], r: 2147477476, e: -5384, error: 491
#ERR  p: [517, 1176], r: 2147477466, e: -5394, error: 492
#ERR  p: [517, 1177], r: 2147477456, e: -5404, error: 493
#ERR  p: [517, 1178], r: 2147477446, e: -5413, error: 494
#ERR  p: [517, 1179], r: 2147477436, e: -5423, error: 495
#ERR  p: [517, 1180], r: 2147477426, e: -5433, error: 496
#ERR  p: [517, 1181], r: 2147477416, e: -5433, error: 497
#ERR  p: [517, 1182], r: 2147477406, e: -5442, error: 498
#ERR  p: [517, 1183], r: 2147477396, e: -5447, error: 499
#SDC Ite:0 KerTime:0.294050 AccTime:0.294050 KerErr:500 AccErr:500
#END