#HEADER max_rows:2048 max_cols:2048 penalty:10
#BEGIN Y:2016 M:09 D:12 Time:15:32:43
#IT Ite:0 KerTime:0.294602 AccTime:0.294602
#ERR Error detected! kerrors = 174424
#ERR  p: [766, 1642], r: -2984, e: -7080, error: 1
#ERR  p: [766, 1643], r: -2994, e: -7089, error: 2
#ERR  p: [766, 1644], r: -3004, e: -7096, error: 3
#ERR  p: [766, 1645], r: -3014, e: -7106, error: 4
#ERR  p: [766, 1646], r: -3024, e: -7116, error: 5
#ERR  p: [766, 1647], r: -3034, e: -7126, error: 6
#ERR  p: [766, 1648], r: -3044, e: -7136, error: 7
#ERR  p: [766, 1649], r: -3054, e: -7132, error: 8
#ERR  p: [766, 1650], r: -3064, e: -7142, error: 9
#ERR  p: [766, 1651], r: -3074, e: -7152, error: 10
#ERR  p: [766, 1652], r: -3084, e: -7162, error: 11
#ERR  p: [766, 1653], r: -3094, e: -7172, error: 12
#ERR  p: [766, 1654], r: -3104, e: -7182, error: 13
#ERR  p: [766, 1655], r: -3114, e: -7192, error: 14
#ERR  p: [766, 1656], r: -3124, e: -7202, error: 15
#ERR  p: [766, 1657], r: -3134, e: -7210, error: 16
#ERR  p: [766, 1658], r: -3144, e: -7220, error: 17
#ERR  p: [766, 1659], r: -3154, e: -7230, error: 18
#ERR  p: [766, 1660], r: -3164, e: -7240, error: 19
#ERR  p: [766, 1661], r: -3174, e: -7248, error: 20
#ERR  p: [766, 1662], r: -3184, e: -7258, error: 21
#ERR  p: [766, 1663], r: -3194, e: -7268, error: 22
#ERR  p: [766, 1664], r: -3204, e: -7277, error: 23
#ERR  p: [766, 1665], r: -3214, e: -7287, error: 24
#ERR  p: [766, 1666], r: -3224, e: -7293, error: 25
#ERR  p: [766, 1667], r: -3234, e: -7303, error: 26
#ERR  p: [766, 1668], r: -3244, e: -7313, error: 27
#ERR  p: [766, 1669], r: -3254, e: -7323, error: 28
#ERR  p: [766, 1670], r: -3264, e: -7333, error: 29
#ERR  p: [766, 1671], r: -3274, e: -7343, error: 30
#ERR  p: [766, 1672], r: -3284, e: -7350, error: 31
#ERR  p: [766, 1673], r: -3294, e: -7360, error: 32
#ERR  p: [766, 1674], r: -3304, e: -7370, error: 33
#ERR  p: [766, 1675], r: -3314, e: -7380, error: 34
#ERR  p: [766, 1676], r: -3324, e: -7390, error: 35
#ERR  p: [766, 1677], r: -3334, e: -7398, error: 36
#ERR  p: [766, 1678], r: -3344, e: -7408, error: 37
#ERR  p: [766, 1679], r: -3354, e: -7417, error: 38
#ERR  p: [766, 1680], r: -3364, e: -7423, error: 39
#ERR  p: [766, 1681], r: -3374, e: -7433, error: 40
#ERR  p: [766, 1682], r: -3384, e: -7443, error: 41
#ERR  p: [766, 1683], r: -3394, e: -7453, error: 42
#ERR  p: [766, 1684], r: -3404, e: -7463, error: 43
#ERR  p: [766, 1685], r: -3414, e: -7473, error: 44
#ERR  p: [766, 1686], r: -3424, e: -7483, error: 45
#ERR  p: [766, 1687], r: -3434, e: -7493, error: 46
#ERR  p: [766, 1688], r: -3444, e: -7502, error: 47
#ERR  p: [766, 1689], r: -3454, e: -7512, error: 48
#ERR  p: [766, 1690], r: -3464, e: -7512, error: 49
#ERR  p: [766, 1691], r: -3474, e: -7522, error: 50
#ERR  p: [766, 1692], r: -3484, e: -7532, error: 51
#ERR  p: [766, 1693], r: -3494, e: -7542, error: 52
#ERR  p: [766, 1694], r: -3504, e: -7552, error: 53
#ERR  p: [766, 1695], r: -3514, e: -7558, error: 54
#ERR  p: [766, 1696], r: -3524, e: -7568, error: 55
#ERR  p: [766, 1697], r: -3534, e: -7578, error: 56
#ERR  p: [766, 1698], r: -3544, e: -7584, error: 57
#ERR  p: [766, 1699], r: -3554, e: -7594, error: 58
#ERR  p: [766, 1700], r: -3564, e: -7604, error: 59
#ERR  p: [766, 1701], r: -3574, e: -7614, error: 60
#ERR  p: [766, 1702], r: -3584, e: -7623, error: 61
#ERR  p: [766, 1703], r: -3594, e: -7633, error: 62
#ERR  p: [766, 1704], r: -3604, e: -7643, error: 63
#ERR  p: [766, 1705], r: -3614, e: -7653, error: 64
#ERR  p: [766, 1706], r: -3624, e: -7663, error: 65
#ERR  p: [766, 1707], r: -3634, e: -7673, error: 66
#ERR  p: [766, 1708], r: -3644, e: -7683, error: 67
#ERR  p: [766, 1709], r: -3654, e: -7693, error: 68
#ERR  p: [766, 1710], r: -3664, e: -7703, error: 69
#ERR  p: [766, 1711], r: -3674, e: -7713, error: 70
#ERR  p: [766, 1712], r: -3684, e: -7723, error: 71
#ERR  p: [766, 1713], r: -3694, e: -7733, error: 72
#ERR  p: [766, 1714], r: -3704, e: -7743, error: 73
#ERR  p: [766, 1715], r: -3714, e: -7753, error: 74
#ERR  p: [766, 1716], r: -3724, e: -7756, error: 75
#ERR  p: [766, 1717], r: -3734, e: -7766, error: 76
#ERR  p: [766, 1718], r: -3744, e: -7776, error: 77
#ERR  p: [766, 1719], r: -3754, e: -7786, error: 78
#ERR  p: [766, 1720], r: -3764, e: -7796, error: 79
#ERR  p: [766, 1721], r: -3774, e: -7804, error: 80
#ERR  p: [766, 1722], r: -3784, e: -7809, error: 81
#ERR  p: [766, 1723], r: -3794, e: -7819, error: 82
#ERR  p: [766, 1724], r: -3804, e: -7829, error: 83
#ERR  p: [766, 1725], r: -3814, e: -7839, error: 84
#ERR  p: [766, 1726], r: -3824, e: -7849, error: 85
#ERR  p: [766, 1727], r: -3834, e: -7859, error: 86
#ERR  p: [766, 1728], r: -3844, e: -7869, error: 87
#ERR  p: [766, 1729], r: -3854, e: -7879, error: 88
#ERR  p: [766, 1730], r: -3864, e: -7881, error: 89
#ERR  p: [766, 1731], r: -3874, e: -7891, error: 90
#ERR  p: [766, 1732], r: -3884, e: -7901, error: 91
#ERR  p: [766, 1733], r: -3894, e: -7911, error: 92
#ERR  p: [766, 1734], r: -3904, e: -7921, error: 93
#ERR  p: [766, 1735], r: -3914, e: -7931, error: 94
#ERR  p: [766, 1736], r: -3924, e: -7941, error: 95
#ERR  p: [766, 1737], r: -3934, e: -7951, error: 96
#ERR  p: [766, 1738], r: -3944, e: -7960, error: 97
#ERR  p: [766, 1739], r: -3954, e: -7970, error: 98
#ERR  p: [766, 1740], r: -3964, e: -7980, error: 99
#ERR  p: [766, 1741], r: -3974, e: -7988, error: 100
#ERR  p: [766, 1742], r: -3984, e: -7993, error: 101
#ERR  p: [766, 1743], r: -3994, e: -8002, error: 102
#ERR  p: [766, 1744], r: -4004, e: -8012, error: 103
#ERR  p: [766, 1745], r: -4014, e: -8018, error: 104
#ERR  p: [766, 1746], r: -4024, e: -8025, error: 105
#ERR  p: [766, 1747], r: -4034, e: -8035, error: 106
#ERR  p: [766, 1748], r: -4044, e: -8045, error: 107
#ERR  p: [766, 1749], r: -4054, e: -8055, error: 108
#ERR  p: [766, 1750], r: -4064, e: -8065, error: 109
#ERR  p: [766, 1751], r: -4074, e: -8075, error: 110
#ERR  p: [766, 1752], r: -4084, e: -8085, error: 111
#ERR  p: [766, 1753], r: -4094, e: -8091, error: 112
#ERR  p: [766, 1754], r: -4104, e: -8097, error: 113
#ERR  p: [766, 1755], r: -4114, e: -8107, error: 114
#ERR  p: [766, 1756], r: -4124, e: -8117, error: 115
#ERR  p: [766, 1757], r: -4134, e: -8127, error: 116
#ERR  p: [766, 1758], r: -4144, e: -8137, error: 117
#ERR  p: [766, 1759], r: -4154, e: -8147, error: 118
#ERR  p: [766, 1760], r: -4164, e: -8157, error: 119
#ERR  p: [766, 1761], r: -4174, e: -8167, error: 120
#ERR  p: [766, 1762], r: -4184, e: -8177, error: 121
#ERR  p: [766, 1763], r: -4194, e: -8187, error: 122
#ERR  p: [766, 1764], r: -4204, e: -8197, error: 123
#ERR  p: [766, 1765], r: -4214, e: -8199, error: 124
#ERR  p: [766, 1766], r: -4224, e: -8209, error: 125
#ERR  p: [766, 1767], r: -4234, e: -8216, error: 126
#ERR  p: [766, 1768], r: -4244, e: -8222, error: 127
#ERR  p: [766, 1769], r: -4254, e: -8232, error: 128
#ERR  p: [766, 1770], r: -4264, e: -8242, error: 129
#ERR  p: [766, 1771], r: -4274, e: -8252, error: 130
#ERR  p: [766, 1772], r: -4284, e: -8262, error: 131
#ERR  p: [766, 1773], r: -4294, e: -8272, error: 132
#ERR  p: [766, 1774], r: -4304, e: -8281, error: 133
#ERR  p: [766, 1775], r: -4314, e: -8273, error: 134
#ERR  p: [766, 1776], r: -4324, e: -8283, error: 135
#ERR  p: [766, 1777], r: -4334, e: -8287, error: 136
#ERR  p: [766, 1778], r: -4344, e: -8296, error: 137
#ERR  p: [766, 1779], r: -4354, e: -8306, error: 138
#ERR  p: [766, 1780], r: -4364, e: -8316, error: 139
#ERR  p: [766, 1781], r: -4374, e: -8326, error: 140
#ERR  p: [766, 1782], r: -4384, e: -8336, error: 141
#ERR  p: [766, 1783], r: -4394, e: -8346, error: 142
#ERR  p: [766, 1784], r: -4404, e: -8356, error: 143
#ERR  p: [766, 1785], r: -4414, e: -8366, error: 144
#ERR  p: [766, 1786], r: -4424, e: -8376, error: 145
#ERR  p: [766, 1787], r: -4434, e: -8386, error: 146
#ERR  p: [766, 1788], r: -4444, e: -8396, error: 147
#ERR  p: [766, 1789], r: -4454, e: -8406, error: 148
#ERR  p: [766, 1790], r: -4464, e: -8416, error: 149
#ERR  p: [766, 1791], r: -4474, e: -8426, error: 150
#ERR  p: [766, 1792], r: -4484, e: -8436, error: 151
#ERR  p: [766, 1793], r: -4494, e: -8446, error: 152
#ERR  p: [766, 1794], r: -4504, e: -8456, error: 153
#ERR  p: [766, 1795], r: -4514, e: -8466, error: 154
#ERR  p: [766, 1796], r: -4524, e: -8476, error: 155
#ERR  p: [766, 1797], r: -4534, e: -8486, error: 156
#ERR  p: [766, 1798], r: -4544, e: -8496, error: 157
#ERR  p: [766, 1799], r: -4554, e: -8506, error: 158
#ERR  p: [766, 1800], r: -4564, e: -8512, error: 159
#ERR  p: [766, 1801], r: -4574, e: -8522, error: 160
#ERR  p: [766, 1802], r: -4584, e: -8532, error: 161
#ERR  p: [766, 1803], r: -4594, e: -8542, error: 162
#ERR  p: [766, 1804], r: -4604, e: -8552, error: 163
#ERR  p: [766, 1805], r: -4614, e: -8560, error: 164
#ERR  p: [766, 1806], r: -4624, e: -8569, error: 165
#ERR  p: [766, 1807], r: -4634, e: -8579, error: 166
#ERR  p: [766, 1808], r: -4644, e: -8589, error: 167
#ERR  p: [766, 1809], r: -4654, e: -8599, error: 168
#ERR  p: [766, 1810], r: -4664, e: -8609, error: 169
#ERR  p: [766, 1811], r: -4674, e: -8619, error: 170
#ERR  p: [766, 1812], r: -4684, e: -8629, error: 171
#ERR  p: [766, 1813], r: -4694, e: -8638, error: 172
#ERR  p: [766, 1814], r: -4704, e: -8644, error: 173
#ERR  p: [766, 1815], r: -4714, e: -8654, error: 174
#ERR  p: [766, 1816], r: -4724, e: -8664, error: 175
#ERR  p: [766, 1817], r: -4734, e: -8674, error: 176
#ERR  p: [766, 1818], r: -4744, e: -8684, error: 177
#ERR  p: [766, 1819], r: -4754, e: -8692, error: 178
#ERR  p: [766, 1820], r: -4764, e: -8701, error: 179
#ERR  p: [766, 1821], r: -4774, e: -8711, error: 180
#ERR  p: [766, 1822], r: -4784, e: -8716, error: 181
#ERR  p: [766, 1823], r: -4794, e: -8724, error: 182
#ERR  p: [766, 1824], r: -4804, e: -8734, error: 183
#ERR  p: [766, 1825], r: -4814, e: -8736, error: 184
#ERR  p: [766, 1826], r: -4824, e: -8746, error: 185
#ERR  p: [766, 1827], r: -4834, e: -8756, error: 186
#ERR  p: [766, 1828], r: -4844, e: -8766, error: 187
#ERR  p: [766, 1829], r: -4854, e: -8776, error: 188
#ERR  p: [766, 1830], r: -4864, e: -8786, error: 189
#ERR  p: [766, 1831], r: -4874, e: -8796, error: 190
#ERR  p: [766, 1832], r: -4884, e: -8806, error: 191
#ERR  p: [766, 1833], r: -4894, e: -8816, error: 192
#ERR  p: [766, 1834], r: -4904, e: -8826, error: 193
#ERR  p: [766, 1835], r: -4914, e: -8836, error: 194
#ERR  p: [766, 1836], r: -4924, e: -8841, error: 195
#ERR  p: [766, 1837], r: -4934, e: -8848, error: 196
#ERR  p: [766, 1838], r: -4944, e: -8857, error: 197
#ERR  p: [766, 1839], r: -4954, e: -8867, error: 198
#ERR  p: [766, 1840], r: -4964, e: -8877, error: 199
#ERR  p: [766, 1841], r: -4974, e: -8887, error: 200
#ERR  p: [766, 1842], r: -4984, e: -8897, error: 201
#ERR  p: [766, 1843], r: -4994, e: -8902, error: 202
#ERR  p: [766, 1844], r: -5004, e: -8912, error: 203
#ERR  p: [766, 1845], r: -5014, e: -8922, error: 204
#ERR  p: [766, 1846], r: -5024, e: -8929, error: 205
#ERR  p: [766, 1847], r: -5034, e: -8939, error: 206
#ERR  p: [766, 1848], r: -5044, e: -8949, error: 207
#ERR  p: [766, 1849], r: -5054, e: -8959, error: 208
#ERR  p: [766, 1850], r: -5064, e: -8962, error: 209
#ERR  p: [766, 1851], r: -5074, e: -8972, error: 210
#ERR  p: [766, 1852], r: -5084, e: -8979, error: 211
#ERR  p: [766, 1853], r: -5094, e: -8989, error: 212
#ERR  p: [766, 1854], r: -5104, e: -8999, error: 213
#ERR  p: [766, 1855], r: -5114, e: -9009, error: 214
#ERR  p: [766, 1856], r: -5124, e: -9019, error: 215
#ERR  p: [766, 1857], r: -5134, e: -9019, error: 216
#ERR  p: [766, 1858], r: -5144, e: -9029, error: 217
#ERR  p: [766, 1859], r: -5154, e: -9039, error: 218
#ERR  p: [766, 1860], r: -5164, e: -9049, error: 219
#ERR  p: [766, 1861], r: -5174, e: -9059, error: 220
#ERR  p: [766, 1862], r: -5184, e: -9069, error: 221
#ERR  p: [766, 1863], r: -5194, e: -9073, error: 222
#ERR  p: [766, 1864], r: -5204, e: -9080, error: 223
#ERR  p: [766, 1865], r: -5214, e: -9085, error: 224
#ERR  p: [766, 1866], r: -5224, e: -9087, error: 225
#ERR  p: [766, 1867], r: -5234, e: -9096, error: 226
#ERR  p: [766, 1868], r: -5244, e: -9105, error: 227
#ERR  p: [766, 1869], r: -5254, e: -9110, error: 228
#ERR  p: [766, 1870], r: -5264, e: -9120, error: 229
#ERR  p: [766, 1871], r: -5274, e: -9130, error: 230
#ERR  p: [766, 1872], r: -5284, e: -9140, error: 231
#ERR  p: [766, 1873], r: -5294, e: -9148, error: 232
#ERR  p: [766, 1874], r: -5304, e: -9155, error: 233
#ERR  p: [766, 1875], r: -5314, e: -9160, error: 234
#ERR  p: [766, 1876], r: -5324, e: -9170, error: 235
#ERR  p: [766, 1877], r: -5334, e: -9180, error: 236
#ERR  p: [766, 1878], r: -5344, e: -9181, error: 237
#ERR  p: [766, 1879], r: -5354, e: -9186, error: 238
#ERR  p: [766, 1880], r: -5364, e: -9196, error: 239
#ERR  p: [766, 1881], r: -5374, e: -9206, error: 240
#ERR  p: [766, 1882], r: -5384, e: -9216, error: 241
#ERR  p: [766, 1883], r: -5394, e: -9225, error: 242
#ERR  p: [766, 1884], r: -5404, e: -9235, error: 243
#ERR  p: [766, 1885], r: -5414, e: -9244, error: 244
#ERR  p: [766, 1886], r: -5424, e: -9250, error: 245
#ERR  p: [766, 1887], r: -5434, e: -9259, error: 246
#ERR  p: [766, 1888], r: -5444, e: -9267, error: 247
#ERR  p: [766, 1889], r: -5454, e: -9277, error: 248
#ERR  p: [766, 1890], r: -5464, e: -9287, error: 249
#ERR  p: [766, 1891], r: -5474, e: -9297, error: 250
#ERR  p: [766, 1892], r: -5484, e: -9304, error: 251
#ERR  p: [766, 1893], r: -5494, e: -9314, error: 252
#ERR  p: [766, 1894], r: -5504, e: -9322, error: 253
#ERR  p: [766, 1895], r: -5514, e: -9332, error: 254
#ERR  p: [766, 1896], r: -5524, e: -9339, error: 255
#ERR  p: [766, 1897], r: -5534, e: -9349, error: 256
#ERR  p: [766, 1898], r: -5544, e: -9359, error: 257
#ERR  p: [766, 1899], r: -5554, e: -9354, error: 258
#ERR  p: [766, 1900], r: -5564, e: -9364, error: 259
#ERR  p: [766, 1901], r: -5574, e: -9374, error: 260
#ERR  p: [766, 1902], r: -5584, e: -9384, error: 261
#ERR  p: [766, 1903], r: -5594, e: -9394, error: 262
#ERR  p: [766, 1904], r: -5604, e: -9404, error: 263
#ERR  p: [766, 1905], r: -5614, e: -9414, error: 264
#ERR  p: [766, 1906], r: -5624, e: -9424, error: 265
#ERR  p: [766, 1907], r: -5634, e: -9434, error: 266
#ERR  p: [766, 1908], r: -5644, e: -9442, error: 267
#ERR  p: [766, 1909], r: -5654, e: -9452, error: 268
#ERR  p: [766, 1910], r: -5664, e: -9462, error: 269
#ERR  p: [766, 1911], r: -5674, e: -9472, error: 270
#ERR  p: [766, 1912], r: -5684, e: -9482, error: 271
#ERR  p: [766, 1913], r: -5694, e: -9492, error: 272
#ERR  p: [766, 1914], r: -5704, e: -9498, error: 273
#ERR  p: [766, 1915], r: -5714, e: -9508, error: 274
#ERR  p: [766, 1916], r: -5724, e: -9518, error: 275
#ERR  p: [766, 1917], r: -5734, e: -9527, error: 276
#ERR  p: [766, 1918], r: -5744, e: -9535, error: 277
#ERR  p: [766, 1919], r: -5754, e: -9541, error: 278
#ERR  p: [766, 1920], r: -5764, e: -9551, error: 279
#ERR  p: [766, 1921], r: -5774, e: -9561, error: 280
#ERR  p: [766, 1922], r: -5784, e: -9571, error: 281
#ERR  p: [766, 1923], r: -5794, e: -9581, error: 282
#ERR  p: [766, 1924], r: -5804, e: -9591, error: 283
#ERR  p: [766, 1925], r: -5814, e: -9601, error: 284
#ERR  p: [766, 1926], r: -5824, e: -9606, error: 285
#ERR  p: [766, 1927], r: -5834, e: -9613, error: 286
#ERR  p: [766, 1928], r: -5844, e: -9623, error: 287
#ERR  p: [766, 1929], r: -5854, e: -9627, error: 288
#ERR  p: [766, 1930], r: -5864, e: -9637, error: 289
#ERR  p: [766, 1931], r: -5874, e: -9647, error: 290
#ERR  p: [766, 1932], r: -5884, e: -9657, error: 291
#ERR  p: [766, 1933], r: -5894, e: -9667, error: 292
#ERR  p: [766, 1934], r: -5904, e: -9674, error: 293
#ERR  p: [766, 1935], r: -5914, e: -9684, error: 294
#ERR  p: [766, 1936], r: -5924, e: -9694, error: 295
#ERR  p: [766, 1937], r: -5934, e: -9704, error: 296
#ERR  p: [766, 1938], r: -5944, e: -9714, error: 297
#ERR  p: [766, 1939], r: -5954, e: -9724, error: 298
#ERR  p: [766, 1940], r: -5964, e: -9734, error: 299
#ERR  p: [766, 1941], r: -5974, e: -9744, error: 300
#ERR  p: [766, 1942], r: -5984, e: -9749, error: 301
#ERR  p: [766, 1943], r: -5994, e: -9759, error: 302
#ERR  p: [766, 1944], r: -6004, e: -9769, error: 303
#ERR  p: [766, 1945], r: -6014, e: -9779, error: 304
#ERR  p: [766, 1946], r: -6024, e: -9789, error: 305
#ERR  p: [766, 1947], r: -6034, e: -9799, error: 306
#ERR  p: [766, 1948], r: -6044, e: -9809, error: 307
#ERR  p: [766, 1949], r: -6054, e: -9819, error: 308
#ERR  p: [766, 1950], r: -6064, e: -9829, error: 309
#ERR  p: [766, 1951], r: -6074, e: -9839, error: 310
#ERR  p: [766, 1952], r: -6084, e: -9849, error: 311
#ERR  p: [766, 1953], r: -6094, e: -9859, error: 312
#ERR  p: [766, 1954], r: -6104, e: -9869, error: 313
#ERR  p: [766, 1955], r: -6114, e: -9879, error: 314
#ERR  p: [766, 1956], r: -6124, e: -9889, error: 315
#ERR  p: [766, 1957], r: -6134, e: -9899, error: 316
#ERR  p: [766, 1958], r: -6144, e: -9909, error: 317
#ERR  p: [766, 1959], r: -6154, e: -9919, error: 318
#ERR  p: [766, 1960], r: -6164, e: -9929, error: 319
#ERR  p: [766, 1961], r: -6174, e: -9939, error: 320
#ERR  p: [766, 1962], r: -6184, e: -9949, error: 321
#ERR  p: [766, 1963], r: -6194, e: -9958, error: 322
#ERR  p: [766, 1964], r: -6204, e: -9965, error: 323
#ERR  p: [766, 1965], r: -6214, e: -9974, error: 324
#ERR  p: [766, 1966], r: -6224, e: -9984, error: 325
#ERR  p: [766, 1967], r: -6234, e: -9994, error: 326
#ERR  p: [766, 1968], r: -6244, e: -10004, error: 327
#ERR  p: [766, 1969], r: -6254, e: -10010, error: 328
#ERR  p: [766, 1970], r: -6264, e: -10020, error: 329
#ERR  p: [766, 1971], r: -6274, e: -10030, error: 330
#ERR  p: [766, 1972], r: -6284, e: -10040, error: 331
#ERR  p: [766, 1973], r: -6294, e: -10050, error: 332
#ERR  p: [766, 1974], r: -6304, e: -10060, error: 333
#ERR  p: [766, 1975], r: -6314, e: -10070, error: 334
#ERR  p: [766, 1976], r: -6324, e: -10080, error: 335
#ERR  p: [766, 1977], r: -6334, e: -10090, error: 336
#ERR  p: [766, 1978], r: -6344, e: -10100, error: 337
#ERR  p: [766, 1979], r: -6354, e: -10110, error: 338
#ERR  p: [766, 1980], r: -6364, e: -10109, error: 339
#ERR  p: [766, 1981], r: -6374, e: -10119, error: 340
#ERR  p: [766, 1982], r: -6384, e: -10129, error: 341
#ERR  p: [766, 1983], r: -6394, e: -10139, error: 342
#ERR  p: [766, 1984], r: -6404, e: -10149, error: 343
#ERR  p: [766, 1985], r: -6414, e: -10159, error: 344
#ERR  p: [766, 1986], r: -6424, e: -10169, error: 345
#ERR  p: [766, 1987], r: -6434, e: -10179, error: 346
#ERR  p: [766, 1988], r: -6444, e: -10189, error: 347
#ERR  p: [766, 1989], r: -6454, e: -10199, error: 348
#ERR  p: [766, 1990], r: -6464, e: -10209, error: 349
#ERR  p: [766, 1991], r: -6474, e: -10217, error: 350
#ERR  p: [766, 1992], r: -6484, e: -10227, error: 351
#ERR  p: [766, 1993], r: -6494, e: -10237, error: 352
#ERR  p: [766, 1994], r: -6504, e: -10238, error: 353
#ERR  p: [766, 1995], r: -6514, e: -10244, error: 354
#ERR  p: [766, 1996], r: -6524, e: -10245, error: 355
#ERR  p: [766, 1997], r: -6534, e: -10255, error: 356
#ERR  p: [766, 1998], r: -6544, e: -10265, error: 357
#ERR  p: [766, 1999], r: -6554, e: -10275, error: 358
#ERR  p: [766, 2000], r: -6564, e: -10285, error: 359
#ERR  p: [766, 2001], r: -6574, e: -10295, error: 360
#ERR  p: [766, 2002], r: -6584, e: -10305, error: 361
#ERR  p: [766, 2003], r: -6594, e: -10315, error: 362
#ERR  p: [766, 2004], r: -6604, e: -10325, error: 363
#ERR  p: [766, 2005], r: -6614, e: -10335, error: 364
#ERR  p: [766, 2006], r: -6624, e: -10345, error: 365
#ERR  p: [766, 2007], r: -6634, e: -10354, error: 366
#ERR  p: [766, 2008], r: -6644, e: -10360, error: 367
#ERR  p: [766, 2009], r: -6654, e: -10370, error: 368
#ERR  p: [766, 2010], r: -6664, e: -10380, error: 369
#ERR  p: [766, 2011], r: -6674, e: -10390, error: 370
#ERR  p: [766, 2012], r: -6684, e: -10400, error: 371
#ERR  p: [766, 2013], r: -6694, e: -10410, error: 372
#ERR  p: [766, 2014], r: -6704, e: -10420, error: 373
#ERR  p: [766, 2015], r: -6714, e: -10430, error: 374
#ERR  p: [766, 2016], r: -6724, e: -10440, error: 375
#ERR  p: [766, 2017], r: -6734, e: -10450, error: 376
#ERR  p: [766, 2018], r: -6744, e: -10460, error: 377
#ERR  p: [766, 2019], r: -6754, e: -10465, error: 378
#ERR  p: [766, 2020], r: -6764, e: -10475, error: 379
#ERR  p: [766, 2021], r: -6774, e: -10485, error: 380
#ERR  p: [766, 2022], r: -6784, e: -10495, error: 381
#ERR  p: [766, 2023], r: -6794, e: -10505, error: 382
#ERR  p: [766, 2024], r: -6804, e: -10515, error: 383
#ERR  p: [766, 2025], r: -6814, e: -10525, error: 384
#ERR  p: [766, 2026], r: -6824, e: -10535, error: 385
#ERR  p: [766, 2027], r: -6834, e: -10545, error: 386
#ERR  p: [766, 2028], r: -6844, e: -10555, error: 387
#ERR  p: [766, 2029], r: -6854, e: -10565, error: 388
#ERR  p: [766, 2030], r: -6864, e: -10575, error: 389
#ERR  p: [766, 2031], r: -6874, e: -10585, error: 390
#ERR  p: [766, 2032], r: -6884, e: -10595, error: 391
#ERR  p: [766, 2033], r: -6894, e: -10605, error: 392
#ERR  p: [766, 2034], r: -6904, e: -10615, error: 393
#ERR  p: [766, 2035], r: -6914, e: -10625, error: 394
#ERR  p: [766, 2036], r: -6924, e: -10635, error: 395
#ERR  p: [766, 2037], r: -6934, e: -10645, error: 396
#ERR  p: [766, 2038], r: -6944, e: -10655, error: 397
#ERR  p: [766, 2039], r: -6954, e: -10665, error: 398
#ERR  p: [766, 2040], r: -6964, e: -10675, error: 399
#ERR  p: [766, 2041], r: -6974, e: -10685, error: 400
#ERR  p: [766, 2042], r: -6984, e: -10695, error: 401
#ERR  p: [766, 2043], r: -6994, e: -10705, error: 402
#ERR  p: [766, 2044], r: -7004, e: -10715, error: 403
#ERR  p: [766, 2045], r: -7014, e: -10725, error: 404
#ERR  p: [766, 2046], r: -7024, e: -10735, error: 405
#ERR  p: [766, 2047], r: -7034, e: -10745, error: 406
#ERR  p: [766, 2048], r: -7044, e: -10755, error: 407
#ERR  p: [767, 1642], r: -2994, e: -7074, error: 408
#ERR  p: [767, 1643], r: -2985, e: -7081, error: 409
#ERR  p: [767, 1644], r: -2995, e: -7091, error: 410
#ERR  p: [767, 1645], r: -3004, e: -7096, error: 411
#ERR  p: [767, 1646], r: -3014, e: -7106, error: 412
#ERR  p: [767, 1647], r: -3024, e: -7116, error: 413
#ERR  p: [767, 1648], r: -3034, e: -7126, error: 414
#ERR  p: [767, 1649], r: -3044, e: -7136, error: 415
#ERR  p: [767, 1650], r: -3054, e: -7132, error: 416
#ERR  p: [767, 1651], r: -3064, e: -7142, error: 417
#ERR  p: [767, 1652], r: -3074, e: -7152, error: 418
#ERR  p: [767, 1653], r: -3084, e: -7162, error: 419
#ERR  p: [767, 1654], r: -3094, e: -7172, error: 420
#ERR  p: [767, 1655], r: -3104, e: -7182, error: 421
#ERR  p: [767, 1656], r: -3114, e: -7192, error: 422
#ERR  p: [767, 1657], r: -3124, e: -7202, error: 423
#ERR  p: [767, 1658], r: -3134, e: -7210, error: 424
#ERR  p: [767, 1659], r: -3144, e: -7220, error: 425
#ERR  p: [767, 1660], r: -3154, e: -7230, error: 426
#ERR  p: [767, 1661], r: -3164, e: -7240, error: 427
#ERR  p: [767, 1662], r: -3174, e: -7249, error: 428
#ERR  p: [767, 1663], r: -3183, e: -7257, error: 429
#ERR  p: [767, 1664], r: -3193, e: -7267, error: 430
#ERR  p: [767, 1665], r: -3203, e: -7277, error: 431
#ERR  p: [767, 1666], r: -3213, e: -7287, error: 432
#ERR  p: [767, 1667], r: -3223, e: -7294, error: 433
#ERR  p: [767, 1668], r: -3233, e: -7304, error: 434
#ERR  p: [767, 1669], r: -3243, e: -7314, error: 435
#ERR  p: [767, 1670], r: -3253, e: -7324, error: 436
#ERR  p: [767, 1671], r: -3263, e: -7334, error: 437
#ERR  p: [767, 1672], r: -3273, e: -7344, error: 438
#ERR  p: [767, 1673], r: -3283, e: -7351, error: 439
#ERR  p: [767, 1674], r: -3293, e: -7361, error: 440
#ERR  p: [767, 1675], r: -3299, e: -7365, error: 441
#ERR  p: [767, 1676], r: -3309, e: -7375, error: 442
#ERR  p: [767, 1677], r: -3319, e: -7385, error: 443
#ERR  p: [767, 1678], r: -3329, e: -7395, error: 444
#ERR  p: [767, 1679], r: -3339, e: -7405, error: 445
#ERR  p: [767, 1680], r: -3349, e: -7415, error: 446
#ERR  p: [767, 1681], r: -3359, e: -7425, error: 447
#ERR  p: [767, 1682], r: -3369, e: -7434, error: 448
#ERR  p: [767, 1683], r: -3379, e: -7443, error: 449
#ERR  p: [767, 1684], r: -3389, e: -7453, error: 450
#ERR  p: [767, 1685], r: -3399, e: -7463, error: 451
#ERR  p: [767, 1686], r: -3409, e: -7473, error: 452
#ERR  p: [767, 1687], r: -3419, e: -7483, error: 453
#ERR  p: [767, 1688], r: -3429, e: -7493, error: 454
#ERR  p: [767, 1689], r: -3439, e: -7503, error: 455
#ERR  p: [767, 1690], r: -3449, e: -7513, error: 456
#ERR  p: [767, 1691], r: -3459, e: -7511, error: 457
#ERR  p: [767, 1692], r: -3469, e: -7521, error: 458
#ERR  p: [767, 1693], r: -3479, e: -7531, error: 459
#ERR  p: [767, 1694], r: -3489, e: -7541, error: 460
#ERR  p: [767, 1695], r: -3499, e: -7551, error: 461
#ERR  p: [767, 1696], r: -3509, e: -7559, error: 462
#ERR  p: [767, 1697], r: -3519, e: -7569, error: 463
#ERR  p: [767, 1698], r: -3529, e: -7579, error: 464
#ERR  p: [767, 1699], r: -3539, e: -7585, error: 465
#ERR  p: [767, 1700], r: -3549, e: -7595, error: 466
#ERR  p: [767, 1701], r: -3559, e: -7599, error: 467
#ERR  p: [767, 1702], r: -3569, e: -7609, error: 468
#ERR  p: [767, 1703], r: -3579, e: -7619, error: 469
#ERR  p: [767, 1704], r: -3589, e: -7629, error: 470
#ERR  p: [767, 1705], r: -3599, e: -7639, error: 471
#ERR  p: [767, 1706], r: -3609, e: -7649, error: 472
#ERR  p: [767, 1707], r: -3619, e: -7659, error: 473
#ERR  p: [767, 1708], r: -3629, e: -7669, error: 474
#ERR  p: [767, 1709], r: -3639, e: -7679, error: 475
#ERR  p: [767, 1710], r: -3649, e: -7689, error: 476
#ERR  p: [767, 1711], r: -3659, e: -7699, error: 477
#ERR  p: [767, 1712], r: -3669, e: -7709, error: 478
#ERR  p: [767, 1713], r: -3679, e: -7719, error: 479
#ERR  p: [767, 1714], r: -3689, e: -7729, error: 480
#ERR  p: [767, 1715], r: -3699, e: -7739, error: 481
#ERR  p: [767, 1716], r: -3709, e: -7749, error: 482
#ERR  p: [767, 1717], r: -3719, e: -7756, error: 483
#ERR  p: [767, 1718], r: -3729, e: -7766, error: 484
#ERR  p: [767, 1719], r: -3739, e: -7776, error: 485
#ERR  p: [767, 1720], r: -3749, e: -7786, error: 486
#ERR  p: [767, 1721], r: -3759, e: -7796, error: 487
#ERR  p: [767, 1722], r: -3769, e: -7806, error: 488
#ERR  p: [767, 1723], r: -3779, e: -7810, error: 489
#ERR  p: [767, 1724], r: -3789, e: -7819, error: 490
#ERR  p: [767, 1725], r: -3799, e: -7829, error: 491
#ERR  p: [767, 1726], r: -3809, e: -7839, error: 492
#ERR  p: [767, 1727], r: -3819, e: -7849, error: 493
#ERR  p: [767, 1728], r: -3829, e: -7859, error: 494
#ERR  p: [767, 1729], r: -3839, e: -7869, error: 495
#ERR  p: [767, 1730], r: -3849, e: -7879, error: 496
#ERR  p: [767, 1731], r: -3859, e: -7881, error: 497
#ERR  p: [767, 1732], r: -3869, e: -7891, error: 498
#ERR  p: [767, 1733], r: -3879, e: -7901, error: 499
#SDC Ite:0 KerTime:0.294602 AccTime:0.294602 KerErr:500 AccErr:500
#END