#HEADER max_rows:2048 max_cols:2048 penalty:10
#BEGIN Y:2016 M:09 D:12 Time:14:07:16
#IT Ite:0 KerTime:0.294018 AccTime:0.294018
#ERR Error detected! kerrors = 5117
#ERR  p: [839, 1809], r: -8011, e: -7843, error: 1
#ERR  p: [839, 1810], r: -8021, e: -7849, error: 2
#ERR  p: [839, 1811], r: -8029, e: -7859, error: 3
#ERR  p: [839, 1812], r: -8038, e: -7869, error: 4
#ERR  p: [839, 1813], r: -8046, e: -7879, error: 5
#ERR  p: [839, 1814], r: -8055, e: -7889, error: 6
#ERR  p: [839, 1815], r: -8065, e: -7899, error: 7
#ERR  p: [839, 1816], r: -8075, e: -7907, error: 8
#ERR  p: [839, 1817], r: -8085, e: -7917, error: 9
#ERR  p: [839, 1818], r: -8095, e: -7926, error: 10
#ERR  p: [839, 1819], r: -7935, e: -7936, error: 11
#ERR  p: [839, 1820], r: -7945, e: -7946, error: 12
#ERR  p: [839, 1821], r: -7947, e: -7945, error: 13
#ERR  p: [839, 1822], r: -7957, e: -7950, error: 14
#ERR  p: [839, 1823], r: -7967, e: -7960, error: 15
#ERR  p: [839, 1824], r: -7973, e: -7970, error: 16
#ERR  p: [839, 1825], r: -7983, e: -7980, error: 17
#ERR  p: [839, 1826], r: -7993, e: -7990, error: 18
#ERR  p: [839, 1827], r: -8003, e: -8000, error: 19
#ERR  p: [839, 1828], r: -8011, e: -8010, error: 20
#ERR  p: [839, 1829], r: -8021, e: -8020, error: 21
#ERR  p: [840, 1810], r: -7846, e: -7845, error: 22
#ERR  p: [840, 1811], r: -7856, e: -7850, error: 23
#ERR  p: [840, 1812], r: -7866, e: -7860, error: 24
#ERR  p: [840, 1813], r: -7876, e: -7869, error: 25
#ERR  p: [840, 1814], r: -7886, e: -7879, error: 26
#ERR  p: [840, 1815], r: -7896, e: -7889, error: 27
#ERR  p: [840, 1816], r: -7906, e: -7899, error: 28
#ERR  p: [840, 1817], r: -7916, e: -7909, error: 29
#ERR  p: [840, 1818], r: -7926, e: -7913, error: 30
#ERR  p: [840, 1819], r: -7936, e: -7923, error: 31
#ERR  p: [840, 1820], r: -7936, e: -7933, error: 32
#ERR  p: [840, 1821], r: -7946, e: -7943, error: 33
#ERR  p: [840, 1822], r: -7949, e: -7947, error: 34
#ERR  p: [840, 1823], r: -7958, e: -7951, error: 35
#ERR  p: [840, 1824], r: -7968, e: -7961, error: 36
#ERR  p: [840, 1825], r: -7975, e: -7971, error: 37
#ERR  p: [840, 1826], r: -7984, e: -7981, error: 38
#ERR  p: [840, 1827], r: -7994, e: -7991, error: 39
#ERR  p: [840, 1828], r: -8004, e: -8001, error: 40
#ERR  p: [840, 1829], r: -8014, e: -8011, error: 41
#ERR  p: [840, 1830], r: -8021, e: -8020, error: 42
#ERR  p: [840, 1831], r: -8031, e: -8030, error: 43
#ERR  p: [841, 1812], r: -7856, e: -7852, error: 44
#ERR  p: [841, 1813], r: -7865, e: -7859, error: 45
#ERR  p: [841, 1814], r: -7875, e: -7869, error: 46
#ERR  p: [841, 1815], r: -7885, e: -7879, error: 47
#ERR  p: [841, 1816], r: -7895, e: -7889, error: 48
#ERR  p: [841, 1817], r: -7905, e: -7899, error: 49
#ERR  p: [841, 1818], r: -7915, e: -7909, error: 50
#ERR  p: [841, 1819], r: -7922, e: -7909, error: 51
#ERR  p: [841, 1820], r: -7932, e: -7919, error: 52
#ERR  p: [841, 1821], r: -7938, e: -7929, error: 53
#ERR  p: [841, 1822], r: -7948, e: -7939, error: 54
#ERR  p: [841, 1823], r: -7947, e: -7945, error: 55
#ERR  p: [841, 1824], r: -7956, e: -7949, error: 56
#ERR  p: [841, 1825], r: -7966, e: -7959, error: 57
#ERR  p: [841, 1826], r: -7973, e: -7969, error: 58
#ERR  p: [841, 1827], r: -7983, e: -7979, error: 59
#ERR  p: [841, 1828], r: -7992, e: -7989, error: 60
#ERR  p: [841, 1829], r: -8002, e: -7999, error: 61
#ERR  p: [841, 1830], r: -8012, e: -8009, error: 62
#ERR  p: [841, 1831], r: -8022, e: -8019, error: 63
#ERR  p: [841, 1832], r: -8032, e: -8029, error: 64
#ERR  p: [841, 1833], r: -8042, e: -8039, error: 65
#ERR  p: [842, 1814], r: -7864, e: -7862, error: 66
#ERR  p: [842, 1815], r: -7874, e: -7872, error: 67
#ERR  p: [842, 1816], r: -7884, e: -7879, error: 68
#ERR  p: [842, 1817], r: -7894, e: -7889, error: 69
#ERR  p: [842, 1818], r: -7904, e: -7899, error: 70
#ERR  p: [842, 1819], r: -7914, e: -7909, error: 71
#ERR  p: [842, 1820], r: -7922, e: -7909, error: 72
#ERR  p: [842, 1821], r: -7931, e: -7918, error: 73
#ERR  p: [842, 1822], r: -7938, e: -7928, error: 74
#ERR  p: [842, 1823], r: -7948, e: -7938, error: 75
#ERR  p: [842, 1824], r: -7950, e: -7948, error: 76
#ERR  p: [842, 1825], r: -7957, e: -7950, error: 77
#ERR  p: [842, 1826], r: -7966, e: -7959, error: 78
#ERR  p: [842, 1827], r: -7976, e: -7969, error: 79
#ERR  p: [842, 1828], r: -7983, e: -7979, error: 80
#ERR  p: [842, 1829], r: -7993, e: -7989, error: 81
#ERR  p: [842, 1830], r: -8003, e: -7999, error: 82
#ERR  p: [842, 1831], r: -8013, e: -8009, error: 83
#ERR  p: [842, 1832], r: -8023, e: -8019, error: 84
#ERR  p: [842, 1833], r: -8032, e: -8029, error: 85
#ERR  p: [842, 1834], r: -8042, e: -8039, error: 86
#ERR  p: [843, 1818], r: -7892, e: -7890, error: 87
#ERR  p: [843, 1819], r: -7902, e: -7900, error: 88
#ERR  p: [843, 1820], r: -7912, e: -7910, error: 89
#ERR  p: [843, 1821], r: -7921, e: -7908, error: 90
#ERR  p: [843, 1822], r: -7930, e: -7917, error: 91
#ERR  p: [843, 1823], r: -7940, e: -7927, error: 92
#ERR  p: [843, 1824], r: -7950, e: -7937, error: 93
#ERR  p: [843, 1825], r: -7952, e: -7947, error: 94
#ERR  p: [843, 1826], r: -7958, e: -7951, error: 95
#ERR  p: [843, 1827], r: -7968, e: -7961, error: 96
#ERR  p: [843, 1828], r: -7977, e: -7970, error: 97
#ERR  p: [843, 1829], r: -7987, e: -7980, error: 98
#ERR  p: [843, 1830], r: -7994, e: -7990, error: 99
#ERR  p: [843, 1831], r: -8004, e: -8000, error: 100
#ERR  p: [843, 1832], r: -8014, e: -8010, error: 101
#ERR  p: [843, 1833], r: -8022, e: -8018, error: 102
#ERR  p: [843, 1834], r: -8032, e: -8028, error: 103
#ERR  p: [843, 1835], r: -8042, e: -8038, error: 104
#ERR  p: [843, 1836], r: -8049, e: -8048, error: 105
#ERR  p: [844, 1822], r: -7917, e: -7912, error: 106
#ERR  p: [844, 1823], r: -7927, e: -7920, error: 107
#ERR  p: [844, 1824], r: -7937, e: -7930, error: 108
#ERR  p: [844, 1825], r: -7947, e: -7935, error: 109
#ERR  p: [844, 1826], r: -7953, e: -7945, error: 110
#ERR  p: [844, 1827], r: -7957, e: -7950, error: 111
#ERR  p: [844, 1828], r: -7967, e: -7960, error: 112
#ERR  p: [844, 1829], r: -7977, e: -7970, error: 113
#ERR  p: [844, 1830], r: -7987, e: -7980, error: 114
#ERR  p: [844, 1831], r: -7997, e: -7990, error: 115
#ERR  p: [844, 1832], r: -8007, e: -8000, error: 116
#ERR  p: [844, 1833], r: -8017, e: -8010, error: 117
#ERR  p: [844, 1834], r: -8025, e: -8020, error: 118
#ERR  p: [844, 1835], r: -8035, e: -8030, error: 119
#ERR  p: [844, 1836], r: -8045, e: -8040, error: 120
#ERR  p: [844, 1837], r: -8051, e: -8050, error: 121
#ERR  p: [845, 1823], r: -7913, e: -7910, error: 122
#ERR  p: [845, 1824], r: -7923, e: -7918, error: 123
#ERR  p: [845, 1825], r: -7933, e: -7928, error: 124
#ERR  p: [845, 1826], r: -7943, e: -7933, error: 125
#ERR  p: [845, 1827], r: -7953, e: -7943, error: 126
#ERR  p: [845, 1828], r: -7955, e: -7948, error: 127
#ERR  p: [845, 1829], r: -7965, e: -7958, error: 128
#ERR  p: [845, 1830], r: -7975, e: -7968, error: 129
#ERR  p: [845, 1831], r: -7985, e: -7978, error: 130
#ERR  p: [845, 1832], r: -7995, e: -7988, error: 131
#ERR  p: [845, 1833], r: -8005, e: -7998, error: 132
#ERR  p: [845, 1834], r: -8015, e: -8008, error: 133
#ERR  p: [845, 1835], r: -8025, e: -8018, error: 134
#ERR  p: [845, 1836], r: -8035, e: -8028, error: 135
#ERR  p: [845, 1837], r: -8045, e: -8038, error: 136
#ERR  p: [845, 1838], r: -8049, e: -8048, error: 137
#ERR  p: [846, 1824], r: -7913, e: -7911, error: 138
#ERR  p: [846, 1825], r: -7916, e: -7911, error: 139
#ERR  p: [846, 1826], r: -7926, e: -7921, error: 140
#ERR  p: [846, 1827], r: -7936, e: -7930, error: 141
#ERR  p: [846, 1828], r: -7946, e: -7940, error: 142
#ERR  p: [846, 1829], r: -7956, e: -7950, error: 143
#ERR  p: [846, 1830], r: -7966, e: -7959, error: 144
#ERR  p: [846, 1831], r: -7976, e: -7969, error: 145
#ERR  p: [846, 1832], r: -7986, e: -7979, error: 146
#ERR  p: [846, 1833], r: -7996, e: -7989, error: 147
#ERR  p: [846, 1834], r: -8006, e: -7999, error: 148
#ERR  p: [846, 1835], r: -8016, e: -8009, error: 149
#ERR  p: [846, 1836], r: -8026, e: -8019, error: 150
#ERR  p: [846, 1837], r: -8036, e: -8029, error: 151
#ERR  p: [846, 1838], r: -8046, e: -8039, error: 152
#ERR  p: [846, 1839], r: -8050, e: -8049, error: 153
#ERR  p: [847, 1826], r: -7916, e: -7911, error: 154
#ERR  p: [847, 1827], r: -7926, e: -7921, error: 155
#ERR  p: [847, 1828], r: -7936, e: -7930, error: 156
#ERR  p: [847, 1829], r: -7946, e: -7940, error: 157
#ERR  p: [847, 1830], r: -7956, e: -7950, error: 158
#ERR  p: [847, 1831], r: -7966, e: -7960, error: 159
#ERR  p: [847, 1832], r: -7976, e: -7970, error: 160
#ERR  p: [847, 1833], r: -7986, e: -7979, error: 161
#ERR  p: [847, 1834], r: -7996, e: -7989, error: 162
#ERR  p: [847, 1835], r: -8006, e: -7999, error: 163
#ERR  p: [847, 1836], r: -8016, e: -8009, error: 164
#ERR  p: [847, 1837], r: -8021, e: -8014, error: 165
#ERR  p: [847, 1838], r: -8031, e: -8024, error: 166
#ERR  p: [847, 1839], r: -8041, e: -8034, error: 167
#ERR  p: [847, 1840], r: -8050, e: -8044, error: 168
#ERR  p: [847, 1841], r: -8055, e: -8054, error: 169
#ERR  p: [848, 1827], r: -7913, e: -7908, error: 170
#ERR  p: [848, 1828], r: -7923, e: -7918, error: 171
#ERR  p: [848, 1829], r: -7933, e: -7928, error: 172
#ERR  p: [848, 1830], r: -7943, e: -7938, error: 173
#ERR  p: [848, 1831], r: -7953, e: -7948, error: 174
#ERR  p: [848, 1832], r: -7963, e: -7958, error: 175
#ERR  p: [848, 1833], r: -7973, e: -7968, error: 176
#ERR  p: [848, 1834], r: -7983, e: -7978, error: 177
#ERR  p: [848, 1835], r: -7993, e: -7988, error: 178
#ERR  p: [848, 1836], r: -8003, e: -7998, error: 179
#ERR  p: [848, 1837], r: -8013, e: -8008, error: 180
#ERR  p: [848, 1838], r: -8022, e: -8015, error: 181
#ERR  p: [848, 1839], r: -8032, e: -8025, error: 182
#ERR  p: [848, 1840], r: -8042, e: -8035, error: 183
#ERR  p: [848, 1841], r: -8052, e: -8045, error: 184
#ERR  p: [848, 1842], r: -8057, e: -8055, error: 185
#ERR  p: [849, 1828], r: -7912, e: -7907, error: 186
#ERR  p: [849, 1829], r: -7922, e: -7917, error: 187
#ERR  p: [849, 1830], r: -7932, e: -7927, error: 188
#ERR  p: [849, 1831], r: -7942, e: -7937, error: 189
#ERR  p: [849, 1832], r: -7952, e: -7947, error: 190
#ERR  p: [849, 1833], r: -7962, e: -7957, error: 191
#ERR  p: [849, 1834], r: -7970, e: -7965, error: 192
#ERR  p: [849, 1835], r: -7980, e: -7975, error: 193
#ERR  p: [849, 1836], r: -7990, e: -7985, error: 194
#ERR  p: [849, 1837], r: -8000, e: -7995, error: 195
#ERR  p: [849, 1838], r: -8010, e: -8005, error: 196
#ERR  p: [849, 1839], r: -8019, e: -8012, error: 197
#ERR  p: [849, 1840], r: -8029, e: -8022, error: 198
#ERR  p: [849, 1841], r: -8039, e: -8032, error: 199
#ERR  p: [849, 1842], r: -8049, e: -8042, error: 200
#ERR  p: [849, 1843], r: -8059, e: -8052, error: 201
#ERR  p: [849, 1844], r: -8068, e: -8062, error: 202
#ERR  p: [849, 1845], r: -8074, e: -8072, error: 203
#ERR  p: [849, 1846], r: -8083, e: -8082, error: 204
#ERR  p: [850, 1829], r: -7912, e: -7911, error: 205
#ERR  p: [850, 1830], r: -7922, e: -7918, error: 206
#ERR  p: [850, 1831], r: -7932, e: -7928, error: 207
#ERR  p: [850, 1832], r: -7942, e: -7938, error: 208
#ERR  p: [850, 1833], r: -7952, e: -7947, error: 209
#ERR  p: [850, 1834], r: -7962, e: -7957, error: 210
#ERR  p: [850, 1835], r: -7971, e: -7966, error: 211
#ERR  p: [850, 1836], r: -7980, e: -7975, error: 212
#ERR  p: [850, 1837], r: -7989, e: -7984, error: 213
#ERR  p: [850, 1838], r: -7999, e: -7994, error: 214
#ERR  p: [850, 1839], r: -8009, e: -8004, error: 215
#ERR  p: [850, 1840], r: -8019, e: -8012, error: 216
#ERR  p: [850, 1841], r: -8029, e: -8022, error: 217
#ERR  p: [850, 1842], r: -8034, e: -8027, error: 218
#ERR  p: [850, 1843], r: -8044, e: -8037, error: 219
#ERR  p: [850, 1844], r: -8054, e: -8047, error: 220
#ERR  p: [850, 1845], r: -8064, e: -8057, error: 221
#ERR  p: [850, 1846], r: -8074, e: -8067, error: 222
#ERR  p: [850, 1847], r: -8084, e: -8077, error: 223
#ERR  p: [850, 1848], r: -8093, e: -8087, error: 224
#ERR  p: [850, 1849], r: -8099, e: -8097, error: 225
#ERR  p: [850, 1850], r: -8108, e: -8107, error: 226
#ERR  p: [850, 1851], r: -8118, e: -8117, error: 227
#ERR  p: [850, 1852], r: -8128, e: -8127, error: 228
#ERR  p: [851, 1830], r: -7913, e: -7912, error: 229
#ERR  p: [851, 1831], r: -7923, e: -7922, error: 230
#ERR  p: [851, 1832], r: -7933, e: -7930, error: 231
#ERR  p: [851, 1833], r: -7943, e: -7939, error: 232
#ERR  p: [851, 1834], r: -7953, e: -7949, error: 233
#ERR  p: [851, 1835], r: -7962, e: -7957, error: 234
#ERR  p: [851, 1836], r: -7971, e: -7966, error: 235
#ERR  p: [851, 1837], r: -7981, e: -7976, error: 236
#ERR  p: [851, 1838], r: -7991, e: -7986, error: 237
#ERR  p: [851, 1839], r: -8001, e: -7996, error: 238
#ERR  p: [851, 1840], r: -8009, e: -8004, error: 239
#ERR  p: [851, 1841], r: -8019, e: -8012, error: 240
#ERR  p: [851, 1842], r: -8029, e: -8022, error: 241
#ERR  p: [851, 1843], r: -8036, e: -8029, error: 242
#ERR  p: [851, 1844], r: -8046, e: -8039, error: 243
#ERR  p: [851, 1845], r: -8055, e: -8048, error: 244
#ERR  p: [851, 1846], r: -8065, e: -8058, error: 245
#ERR  p: [851, 1847], r: -8068, e: -8061, error: 246
#ERR  p: [851, 1848], r: -8078, e: -8071, error: 247
#ERR  p: [851, 1849], r: -8088, e: -8081, error: 248
#ERR  p: [851, 1850], r: -8098, e: -8091, error: 249
#ERR  p: [851, 1851], r: -8108, e: -8101, error: 250
#ERR  p: [851, 1852], r: -8118, e: -8111, error: 251
#ERR  p: [851, 1853], r: -8128, e: -8121, error: 252
#ERR  p: [851, 1854], r: -8136, e: -8131, error: 253
#ERR  p: [851, 1855], r: -8145, e: -8141, error: 254
#ERR  p: [851, 1856], r: -8155, e: -8151, error: 255
#ERR  p: [851, 1857], r: -8165, e: -8161, error: 256
#ERR  p: [851, 1858], r: -8175, e: -8171, error: 257
#ERR  p: [851, 1859], r: -8185, e: -8181, error: 258
#ERR  p: [852, 1834], r: -7940, e: -7936, error: 259
#ERR  p: [852, 1835], r: -7950, e: -7946, error: 260
#ERR  p: [852, 1836], r: -7960, e: -7956, error: 261
#ERR  p: [852, 1837], r: -7970, e: -7966, error: 262
#ERR  p: [852, 1838], r: -7980, e: -7975, error: 263
#ERR  p: [852, 1839], r: -7988, e: -7983, error: 264
#ERR  p: [852, 1840], r: -7998, e: -7993, error: 265
#ERR  p: [852, 1841], r: -8008, e: -8003, error: 266
#ERR  p: [852, 1842], r: -8018, e: -8013, error: 267
#ERR  p: [852, 1843], r: -8028, e: -8023, error: 268
#ERR  p: [852, 1844], r: -8038, e: -8033, error: 269
#ERR  p: [852, 1845], r: -8047, e: -8040, error: 270
#ERR  p: [852, 1846], r: -8057, e: -8050, error: 271
#ERR  p: [852, 1847], r: -8067, e: -8060, error: 272
#ERR  p: [852, 1848], r: -8069, e: -8062, error: 273
#ERR  p: [852, 1849], r: -8078, e: -8071, error: 274
#ERR  p: [852, 1850], r: -8088, e: -8081, error: 275
#ERR  p: [852, 1851], r: -8098, e: -8091, error: 276
#ERR  p: [852, 1852], r: -8108, e: -8101, error: 277
#ERR  p: [852, 1853], r: -8118, e: -8111, error: 278
#ERR  p: [852, 1854], r: -8128, e: -8121, error: 279
#ERR  p: [852, 1855], r: -8138, e: -8131, error: 280
#ERR  p: [852, 1856], r: -8147, e: -8141, error: 281
#ERR  p: [852, 1857], r: -8156, e: -8151, error: 282
#ERR  p: [852, 1858], r: -8165, e: -8161, error: 283
#ERR  p: [852, 1859], r: -8171, e: -8167, error: 284
#ERR  p: [852, 1860], r: -8181, e: -8177, error: 285
#ERR  p: [852, 1861], r: -8191, e: -8187, error: 286
#ERR  p: [853, 1840], r: -7989, e: -7987, error: 287
#ERR  p: [853, 1841], r: -7999, e: -7997, error: 288
#ERR  p: [853, 1842], r: -8009, e: -8007, error: 289
#ERR  p: [853, 1843], r: -8019, e: -8017, error: 290
#ERR  p: [853, 1844], r: -8027, e: -8022, error: 291
#ERR  p: [853, 1845], r: -8037, e: -8032, error: 292
#ERR  p: [853, 1846], r: -8047, e: -8042, error: 293
#ERR  p: [853, 1847], r: -8057, e: -8052, error: 294
#ERR  p: [853, 1848], r: -8067, e: -8062, error: 295
#ERR  p: [853, 1849], r: -8073, e: -8066, error: 296
#ERR  p: [853, 1850], r: -8082, e: -8075, error: 297
#ERR  p: [853, 1851], r: -8087, e: -8080, error: 298
#ERR  p: [853, 1852], r: -8097, e: -8090, error: 299
#ERR  p: [853, 1853], r: -8107, e: -8100, error: 300
#ERR  p: [853, 1854], r: -8117, e: -8110, error: 301
#ERR  p: [853, 1855], r: -8127, e: -8120, error: 302
#ERR  p: [853, 1856], r: -8137, e: -8130, error: 303
#ERR  p: [853, 1857], r: -8147, e: -8140, error: 304
#ERR  p: [853, 1858], r: -8157, e: -8150, error: 305
#ERR  p: [853, 1859], r: -8167, e: -8160, error: 306
#ERR  p: [853, 1860], r: -8175, e: -8170, error: 307
#ERR  p: [853, 1861], r: -8185, e: -8180, error: 308
#ERR  p: [853, 1862], r: -8195, e: -8190, error: 309
#ERR  p: [854, 1845], r: -8025, e: -8023, error: 310
#ERR  p: [854, 1846], r: -8035, e: -8032, error: 311
#ERR  p: [854, 1847], r: -8045, e: -8042, error: 312
#ERR  p: [854, 1848], r: -8055, e: -8052, error: 313
#ERR  p: [854, 1849], r: -8065, e: -8062, error: 314
#ERR  p: [854, 1850], r: -8074, e: -8067, error: 315
#ERR  p: [854, 1851], r: -8084, e: -8077, error: 316
#ERR  p: [854, 1852], r: -8087, e: -8080, error: 317
#ERR  p: [854, 1853], r: -8097, e: -8090, error: 318
#ERR  p: [854, 1854], r: -8103, e: -8096, error: 319
#ERR  p: [854, 1855], r: -8113, e: -8106, error: 320
#ERR  p: [854, 1856], r: -8123, e: -8116, error: 321
#ERR  p: [854, 1857], r: -8133, e: -8126, error: 322
#ERR  p: [854, 1858], r: -8143, e: -8136, error: 323
#ERR  p: [854, 1859], r: -8153, e: -8146, error: 324
#ERR  p: [854, 1860], r: -8163, e: -8156, error: 325
#ERR  p: [854, 1861], r: -8173, e: -8166, error: 326
#ERR  p: [854, 1862], r: -8183, e: -8176, error: 327
#ERR  p: [854, 1863], r: -8193, e: -8186, error: 328
#ERR  p: [854, 1864], r: -8200, e: -8196, error: 329
#ERR  p: [855, 1852], r: -8079, e: -8076, error: 330
#ERR  p: [855, 1853], r: -8087, e: -8080, error: 331
#ERR  p: [855, 1854], r: -8096, e: -8089, error: 332
#ERR  p: [855, 1855], r: -8102, e: -8095, error: 333
#ERR  p: [855, 1856], r: -8112, e: -8105, error: 334
#ERR  p: [855, 1857], r: -8122, e: -8115, error: 335
#ERR  p: [855, 1858], r: -8132, e: -8125, error: 336
#ERR  p: [855, 1859], r: -8142, e: -8135, error: 337
#ERR  p: [855, 1860], r: -8152, e: -8145, error: 338
#ERR  p: [855, 1861], r: -8162, e: -8155, error: 339
#ERR  p: [855, 1862], r: -8172, e: -8165, error: 340
#ERR  p: [855, 1863], r: -8182, e: -8175, error: 341
#ERR  p: [855, 1864], r: -8192, e: -8185, error: 342
#ERR  p: [855, 1865], r: -8200, e: -8195, error: 343
#ERR  p: [856, 1853], r: -8074, e: -8071, error: 344
#ERR  p: [856, 1854], r: -8084, e: -8081, error: 345
#ERR  p: [856, 1855], r: -8094, e: -8090, error: 346
#ERR  p: [856, 1856], r: -8102, e: -8095, error: 347
#ERR  p: [856, 1857], r: -8112, e: -8105, error: 348
#ERR  p: [856, 1858], r: -8122, e: -8115, error: 349
#ERR  p: [856, 1859], r: -8132, e: -8125, error: 350
#ERR  p: [856, 1860], r: -8142, e: -8135, error: 351
#ERR  p: [856, 1861], r: -8152, e: -8145, error: 352
#ERR  p: [856, 1862], r: -8162, e: -8155, error: 353
#ERR  p: [856, 1863], r: -8172, e: -8165, error: 354
#ERR  p: [856, 1864], r: -8182, e: -8175, error: 355
#ERR  p: [856, 1865], r: -8192, e: -8185, error: 356
#ERR  p: [856, 1866], r: -8200, e: -8195, error: 357
#ERR  p: [857, 1854], r: -8068, e: -8065, error: 358
#ERR  p: [857, 1855], r: -8078, e: -8075, error: 359
#ERR  p: [857, 1856], r: -8088, e: -8085, error: 360
#ERR  p: [857, 1857], r: -8098, e: -8095, error: 361
#ERR  p: [857, 1858], r: -8108, e: -8105, error: 362
#ERR  p: [857, 1859], r: -8118, e: -8115, error: 363
#ERR  p: [857, 1860], r: -8128, e: -8125, error: 364
#ERR  p: [857, 1861], r: -8138, e: -8135, error: 365
#ERR  p: [857, 1862], r: -8148, e: -8145, error: 366
#ERR  p: [857, 1863], r: -8158, e: -8155, error: 367
#ERR  p: [857, 1864], r: -8168, e: -8165, error: 368
#ERR  p: [857, 1865], r: -8178, e: -8174, error: 369
#ERR  p: [857, 1866], r: -8188, e: -8183, error: 370
#ERR  p: [857, 1867], r: -8198, e: -8193, error: 371
#ERR  p: [858, 1855], r: -8070, e: -8067, error: 372
#ERR  p: [858, 1856], r: -8080, e: -8077, error: 373
#ERR  p: [858, 1857], r: -8081, e: -8078, error: 374
#ERR  p: [858, 1858], r: -8091, e: -8088, error: 375
#ERR  p: [858, 1859], r: -8101, e: -8098, error: 376
#ERR  p: [858, 1860], r: -8111, e: -8108, error: 377
#ERR  p: [858, 1861], r: -8121, e: -8118, error: 378
#ERR  p: [858, 1862], r: -8131, e: -8128, error: 379
#ERR  p: [858, 1863], r: -8141, e: -8138, error: 380
#ERR  p: [858, 1864], r: -8151, e: -8148, error: 381
#ERR  p: [858, 1865], r: -8161, e: -8158, error: 382
#ERR  p: [858, 1866], r: -8171, e: -8168, error: 383
#ERR  p: [858, 1867], r: -8181, e: -8178, error: 384
#ERR  p: [858, 1868], r: -8191, e: -8188, error: 385
#ERR  p: [859, 1856], r: -8072, e: -8069, error: 386
#ERR  p: [859, 1857], r: -8081, e: -8078, error: 387
#ERR  p: [859, 1858], r: -8081, e: -8078, error: 388
#ERR  p: [859, 1859], r: -8087, e: -8084, error: 389
#ERR  p: [859, 1860], r: -8097, e: -8094, error: 390
#ERR  p: [859, 1861], r: -8107, e: -8104, error: 391
#ERR  p: [859, 1862], r: -8117, e: -8114, error: 392
#ERR  p: [859, 1863], r: -8127, e: -8124, error: 393
#ERR  p: [859, 1864], r: -8137, e: -8134, error: 394
#ERR  p: [859, 1865], r: -8147, e: -8144, error: 395
#ERR  p: [859, 1866], r: -8157, e: -8154, error: 396
#ERR  p: [859, 1867], r: -8167, e: -8164, error: 397
#ERR  p: [859, 1868], r: -8177, e: -8174, error: 398
#ERR  p: [859, 1869], r: -8187, e: -8184, error: 399
#ERR  p: [860, 1857], r: -8074, e: -8072, error: 400
#ERR  p: [860, 1858], r: -8082, e: -8079, error: 401
#ERR  p: [860, 1859], r: -8083, e: -8080, error: 402
#ERR  p: [860, 1860], r: -8090, e: -8087, error: 403
#ERR  p: [860, 1861], r: -8099, e: -8096, error: 404
#ERR  p: [860, 1862], r: -8109, e: -8106, error: 405
#ERR  p: [860, 1863], r: -8119, e: -8116, error: 406
#ERR  p: [860, 1864], r: -8129, e: -8126, error: 407
#ERR  p: [860, 1865], r: -8138, e: -8135, error: 408
#ERR  p: [860, 1866], r: -8148, e: -8145, error: 409
#ERR  p: [860, 1867], r: -8158, e: -8155, error: 410
#ERR  p: [860, 1868], r: -8168, e: -8165, error: 411
#ERR  p: [860, 1869], r: -8178, e: -8175, error: 412
#ERR  p: [860, 1870], r: -8188, e: -8185, error: 413
#ERR  p: [861, 1858], r: -8074, e: -8072, error: 414
#ERR  p: [861, 1859], r: -8083, e: -8080, error: 415
#ERR  p: [861, 1860], r: -8084, e: -8081, error: 416
#ERR  p: [861, 1861], r: -8091, e: -8088, error: 417
#ERR  p: [861, 1862], r: -8100, e: -8097, error: 418
#ERR  p: [861, 1863], r: -8110, e: -8107, error: 419
#ERR  p: [861, 1864], r: -8120, e: -8117, error: 420
#ERR  p: [861, 1865], r: -8130, e: -8127, error: 421
#ERR  p: [861, 1866], r: -8139, e: -8136, error: 422
#ERR  p: [861, 1867], r: -8149, e: -8146, error: 423
#ERR  p: [861, 1868], r: -8159, e: -8156, error: 424
#ERR  p: [861, 1869], r: -8169, e: -8166, error: 425
#ERR  p: [861, 1870], r: -8179, e: -8176, error: 426
#ERR  p: [861, 1871], r: -8189, e: -8186, error: 427
#ERR  p: [862, 1861], r: -8085, e: -8082, error: 428
#ERR  p: [862, 1862], r: -8094, e: -8091, error: 429
#ERR  p: [862, 1863], r: -8102, e: -8099, error: 430
#ERR  p: [862, 1864], r: -8112, e: -8109, error: 431
#ERR  p: [862, 1865], r: -8116, e: -8113, error: 432
#ERR  p: [862, 1866], r: -8125, e: -8122, error: 433
#ERR  p: [862, 1867], r: -8135, e: -8132, error: 434
#ERR  p: [862, 1868], r: -8145, e: -8142, error: 435
#ERR  p: [862, 1869], r: -8155, e: -8152, error: 436
#ERR  p: [862, 1870], r: -8165, e: -8162, error: 437
#ERR  p: [862, 1871], r: -8175, e: -8172, error: 438
#ERR  p: [862, 1872], r: -8185, e: -8182, error: 439
#ERR  p: [862, 1873], r: -8195, e: -8192, error: 440
#ERR  p: [863, 1862], r: -8086, e: -8085, error: 441
#ERR  p: [863, 1863], r: -8096, e: -8094, error: 442
#ERR  p: [863, 1864], r: -8106, e: -8103, error: 443
#ERR  p: [863, 1865], r: -8111, e: -8108, error: 444
#ERR  p: [863, 1866], r: -8114, e: -8111, error: 445
#ERR  p: [863, 1867], r: -8124, e: -8121, error: 446
#ERR  p: [863, 1868], r: -8134, e: -8131, error: 447
#ERR  p: [863, 1869], r: -8144, e: -8141, error: 448
#ERR  p: [863, 1870], r: -8154, e: -8151, error: 449
#ERR  p: [863, 1871], r: -8164, e: -8161, error: 450
#ERR  p: [863, 1872], r: -8174, e: -8171, error: 451
#ERR  p: [863, 1873], r: -8184, e: -8181, error: 452
#ERR  p: [863, 1874], r: -8194, e: -8191, error: 453
#ERR  p: [864, 1865], r: -8102, e: -8099, error: 454
#ERR  p: [864, 1866], r: -8107, e: -8104, error: 455
#ERR  p: [864, 1867], r: -8114, e: -8111, error: 456
#ERR  p: [864, 1868], r: -8120, e: -8117, error: 457
#ERR  p: [864, 1869], r: -8130, e: -8127, error: 458
#ERR  p: [864, 1870], r: -8140, e: -8137, error: 459
#ERR  p: [864, 1871], r: -8150, e: -8147, error: 460
#ERR  p: [864, 1872], r: -8160, e: -8157, error: 461
#ERR  p: [864, 1873], r: -8170, e: -8167, error: 462
#ERR  p: [864, 1874], r: -8180, e: -8177, error: 463
#ERR  p: [864, 1875], r: -8190, e: -8187, error: 464
#ERR  p: [864, 1876], r: -8200, e: -8197, error: 465
#ERR  p: [865, 1867], r: -8108, e: -8107, error: 466
#ERR  p: [865, 1868], r: -8117, e: -8114, error: 467
#ERR  p: [865, 1869], r: -8120, e: -8117, error: 468
#ERR  p: [865, 1870], r: -8128, e: -8125, error: 469
#ERR  p: [865, 1871], r: -8138, e: -8135, error: 470
#ERR  p: [865, 1872], r: -8148, e: -8145, error: 471
#ERR  p: [865, 1873], r: -8158, e: -8155, error: 472
#ERR  p: [865, 1874], r: -8168, e: -8165, error: 473
#ERR  p: [865, 1875], r: -8178, e: -8175, error: 474
#ERR  p: [865, 1876], r: -8188, e: -8185, error: 475
#ERR  p: [865, 1877], r: -8198, e: -8195, error: 476
#ERR  p: [865, 1878], r: -8207, e: -8205, error: 477
#ERR  p: [865, 1879], r: -8216, e: -8215, error: 478
#ERR  p: [865, 1880], r: -8226, e: -8225, error: 479
#ERR  p: [865, 1881], r: -8236, e: -8235, error: 480
#ERR  p: [865, 1882], r: -8246, e: -8245, error: 481
#ERR  p: [865, 1883], r: -8256, e: -8255, error: 482
#ERR  p: [866, 1868], r: -8109, e: -8108, error: 483
#ERR  p: [866, 1869], r: -8119, e: -8118, error: 484
#ERR  p: [866, 1870], r: -8123, e: -8120, error: 485
#ERR  p: [866, 1871], r: -8131, e: -8128, error: 486
#ERR  p: [866, 1872], r: -8141, e: -8138, error: 487
#ERR  p: [866, 1873], r: -8150, e: -8147, error: 488
#ERR  p: [866, 1874], r: -8159, e: -8156, error: 489
#ERR  p: [866, 1875], r: -8169, e: -8166, error: 490
#ERR  p: [866, 1876], r: -8179, e: -8176, error: 491
#ERR  p: [866, 1877], r: -8189, e: -8186, error: 492
#ERR  p: [866, 1878], r: -8199, e: -8196, error: 493
#ERR  p: [866, 1879], r: -8209, e: -8206, error: 494
#ERR  p: [866, 1880], r: -8217, e: -8216, error: 495
#ERR  p: [866, 1881], r: -8219, e: -8218, error: 496
#ERR  p: [866, 1882], r: -8229, e: -8228, error: 497
#ERR  p: [866, 1883], r: -8239, e: -8238, error: 498
#ERR  p: [866, 1884], r: -8249, e: -8248, error: 499
#SDC Ite:0 KerTime:0.294018 AccTime:0.294018 KerErr:500 AccErr:500
#END