#HEADER max_rows:2048 max_cols:2048 penalty:10
#BEGIN Y:2016 M:09 D:12 Time:15:31:05
#IT Ite:0 KerTime:0.295671 AccTime:0.295671
#ERR Error detected! kerrors = 419510
#ERR  p: [1452, 256], r: -2800, e: -10969, error: 1
#ERR  p: [1452, 257], r: -2810, e: -10955, error: 2
#ERR  p: [1452, 258], r: -2820, e: -10941, error: 3
#ERR  p: [1452, 259], r: -2830, e: -10927, error: 4
#ERR  p: [1452, 260], r: -2840, e: -10912, error: 5
#ERR  p: [1452, 261], r: -2850, e: -10896, error: 6
#ERR  p: [1452, 262], r: -2860, e: -10889, error: 7
#ERR  p: [1452, 263], r: -2870, e: -10878, error: 8
#ERR  p: [1452, 264], r: -2880, e: -10865, error: 9
#ERR  p: [1452, 265], r: -2890, e: -10854, error: 10
#ERR  p: [1452, 266], r: -2900, e: -10844, error: 11
#ERR  p: [1452, 267], r: -2910, e: -10829, error: 12
#ERR  p: [1452, 268], r: -2920, e: -10823, error: 13
#ERR  p: [1452, 269], r: -2930, e: -10817, error: 14
#ERR  p: [1452, 270], r: -2940, e: -10802, error: 15
#ERR  p: [1452, 271], r: -2950, e: -10791, error: 16
#ERR  p: [1452, 272], r: -2960, e: -10781, error: 17
#ERR  p: [1452, 273], r: -2970, e: -10767, error: 18
#ERR  p: [1452, 274], r: -2980, e: -10753, error: 19
#ERR  p: [1452, 275], r: -2990, e: -10741, error: 20
#ERR  p: [1452, 276], r: -3000, e: -10727, error: 21
#ERR  p: [1452, 277], r: -3010, e: -10718, error: 22
#ERR  p: [1452, 278], r: -3020, e: -10706, error: 23
#ERR  p: [1452, 279], r: -3030, e: -10693, error: 24
#ERR  p: [1452, 280], r: -3040, e: -10682, error: 25
#ERR  p: [1452, 281], r: -3050, e: -10667, error: 26
#ERR  p: [1452, 282], r: -3060, e: -10653, error: 27
#ERR  p: [1452, 283], r: -3070, e: -10637, error: 28
#ERR  p: [1452, 284], r: -3080, e: -10624, error: 29
#ERR  p: [1452, 285], r: -3090, e: -10613, error: 30
#ERR  p: [1452, 286], r: -3100, e: -10599, error: 31
#ERR  p: [1452, 287], r: -3110, e: -10588, error: 32
#ERR  p: [1452, 288], r: -3120, e: -10574, error: 33
#ERR  p: [1452, 289], r: -3130, e: -10561, error: 34
#ERR  p: [1452, 290], r: -3140, e: -10551, error: 35
#ERR  p: [1452, 291], r: -3150, e: -10543, error: 36
#ERR  p: [1452, 292], r: -3160, e: -10530, error: 37
#ERR  p: [1452, 293], r: -3170, e: -10516, error: 38
#ERR  p: [1452, 294], r: -3180, e: -10507, error: 39
#ERR  p: [1452, 295], r: -3190, e: -10494, error: 40
#ERR  p: [1452, 296], r: -3200, e: -10485, error: 41
#ERR  p: [1452, 297], r: -3210, e: -10466, error: 42
#ERR  p: [1452, 298], r: -3220, e: -10454, error: 43
#ERR  p: [1452, 299], r: -3230, e: -10444, error: 44
#ERR  p: [1452, 300], r: -3240, e: -10431, error: 45
#ERR  p: [1452, 301], r: -3250, e: -10417, error: 46
#ERR  p: [1452, 302], r: -3260, e: -10407, error: 47
#ERR  p: [1452, 303], r: -3270, e: -10393, error: 48
#ERR  p: [1452, 304], r: -3280, e: -10379, error: 49
#ERR  p: [1452, 305], r: -3290, e: -10367, error: 50
#ERR  p: [1452, 306], r: -3300, e: -10353, error: 51
#ERR  p: [1452, 307], r: -3310, e: -10340, error: 52
#ERR  p: [1452, 308], r: -3320, e: -10328, error: 53
#ERR  p: [1452, 309], r: -3330, e: -10314, error: 54
#ERR  p: [1452, 310], r: -3340, e: -10302, error: 55
#ERR  p: [1452, 311], r: -3350, e: -10291, error: 56
#ERR  p: [1452, 312], r: -3360, e: -10278, error: 57
#ERR  p: [1452, 313], r: -3370, e: -10270, error: 58
#ERR  p: [1452, 314], r: -3380, e: -10260, error: 59
#ERR  p: [1452, 315], r: -3390, e: -10249, error: 60
#ERR  p: [1452, 316], r: -3400, e: -10241, error: 61
#ERR  p: [1452, 317], r: -3410, e: -10231, error: 62
#ERR  p: [1452, 318], r: -3420, e: -10220, error: 63
#ERR  p: [1452, 319], r: -3430, e: -10210, error: 64
#ERR  p: [1452, 320], r: -3440, e: -10199, error: 65
#ERR  p: [1452, 321], r: -3450, e: -10190, error: 66
#ERR  p: [1452, 322], r: -3460, e: -10185, error: 67
#ERR  p: [1452, 323], r: -3470, e: -10171, error: 68
#ERR  p: [1452, 324], r: -3480, e: -10157, error: 69
#ERR  p: [1452, 325], r: -3490, e: -10147, error: 70
#ERR  p: [1452, 326], r: -3500, e: -10131, error: 71
#ERR  p: [1452, 327], r: -3510, e: -10117, error: 72
#ERR  p: [1452, 328], r: -3520, e: -10104, error: 73
#ERR  p: [1452, 329], r: -3530, e: -10096, error: 74
#ERR  p: [1452, 330], r: -3540, e: -10080, error: 75
#ERR  p: [1452, 331], r: -3550, e: -10065, error: 76
#ERR  p: [1452, 332], r: -3560, e: -10055, error: 77
#ERR  p: [1452, 333], r: -3570, e: -10045, error: 78
#ERR  p: [1452, 334], r: -3580, e: -10036, error: 79
#ERR  p: [1452, 335], r: -3590, e: -10022, error: 80
#ERR  p: [1452, 336], r: -3600, e: -10010, error: 81
#ERR  p: [1452, 337], r: -3610, e: -9997, error: 82
#ERR  p: [1452, 338], r: -3620, e: -9981, error: 83
#ERR  p: [1452, 339], r: -3630, e: -9968, error: 84
#ERR  p: [1452, 340], r: -3640, e: -9952, error: 85
#ERR  p: [1452, 341], r: -3650, e: -9942, error: 86
#ERR  p: [1452, 342], r: -3660, e: -9926, error: 87
#ERR  p: [1452, 343], r: -3670, e: -9919, error: 88
#ERR  p: [1452, 344], r: -3680, e: -9905, error: 89
#ERR  p: [1452, 345], r: -3690, e: -9893, error: 90
#ERR  p: [1452, 346], r: -3700, e: -9883, error: 91
#ERR  p: [1452, 347], r: -3710, e: -9864, error: 92
#ERR  p: [1452, 348], r: -3720, e: -9851, error: 93
#ERR  p: [1452, 349], r: -3730, e: -9843, error: 94
#ERR  p: [1452, 350], r: -3740, e: -9831, error: 95
#ERR  p: [1452, 351], r: -3750, e: -9819, error: 96
#ERR  p: [1452, 352], r: -3760, e: -9809, error: 97
#ERR  p: [1452, 353], r: -3770, e: -9798, error: 98
#ERR  p: [1452, 354], r: -3780, e: -9788, error: 99
#ERR  p: [1452, 355], r: -3790, e: -9771, error: 100
#ERR  p: [1452, 356], r: -3800, e: -9757, error: 101
#ERR  p: [1452, 357], r: -3810, e: -9748, error: 102
#ERR  p: [1452, 358], r: -3820, e: -9738, error: 103
#ERR  p: [1452, 359], r: -3830, e: -9733, error: 104
#ERR  p: [1452, 360], r: -3840, e: -9720, error: 105
#ERR  p: [1452, 361], r: -3850, e: -9705, error: 106
#ERR  p: [1452, 362], r: -3860, e: -9694, error: 107
#ERR  p: [1452, 363], r: -3870, e: -9684, error: 108
#ERR  p: [1452, 364], r: -3880, e: -9670, error: 109
#ERR  p: [1452, 365], r: -3890, e: -9658, error: 110
#ERR  p: [1452, 366], r: -3900, e: -9645, error: 111
#ERR  p: [1452, 367], r: -3910, e: -9638, error: 112
#ERR  p: [1452, 368], r: -3920, e: -9624, error: 113
#ERR  p: [1452, 369], r: -3930, e: -9615, error: 114
#ERR  p: [1452, 370], r: -3940, e: -9606, error: 115
#ERR  p: [1452, 371], r: -3950, e: -9593, error: 116
#ERR  p: [1452, 372], r: -3960, e: -9590, error: 117
#ERR  p: [1452, 373], r: -3970, e: -9579, error: 118
#ERR  p: [1452, 374], r: -3980, e: -9568, error: 119
#ERR  p: [1452, 375], r: -3990, e: -9561, error: 120
#ERR  p: [1452, 376], r: -4000, e: -9547, error: 121
#ERR  p: [1452, 377], r: -4010, e: -9537, error: 122
#ERR  p: [1452, 378], r: -4020, e: -9526, error: 123
#ERR  p: [1452, 379], r: -4030, e: -9513, error: 124
#ERR  p: [1452, 380], r: -4040, e: -9501, error: 125
#ERR  p: [1452, 381], r: -4050, e: -9487, error: 126
#ERR  p: [1452, 382], r: -4060, e: -9477, error: 127
#ERR  p: [1452, 383], r: -4070, e: -9463, error: 128
#ERR  p: [1452, 384], r: -4080, e: -9452, error: 129
#ERR  p: [1452, 385], r: -4090, e: -9439, error: 130
#ERR  p: [1452, 386], r: -4100, e: -9420, error: 131
#ERR  p: [1452, 387], r: -4110, e: -9409, error: 132
#ERR  p: [1452, 388], r: -4120, e: -9400, error: 133
#ERR  p: [1452, 389], r: -4130, e: -9393, error: 134
#ERR  p: [1452, 390], r: -4140, e: -9381, error: 135
#ERR  p: [1452, 391], r: -4150, e: -9368, error: 136
#ERR  p: [1452, 392], r: -4160, e: -9353, error: 137
#ERR  p: [1452, 393], r: -4170, e: -9340, error: 138
#ERR  p: [1452, 394], r: -4180, e: -9327, error: 139
#ERR  p: [1452, 395], r: -4190, e: -9313, error: 140
#ERR  p: [1452, 396], r: -4200, e: -9299, error: 141
#ERR  p: [1452, 397], r: -4210, e: -9282, error: 142
#ERR  p: [1452, 398], r: -4220, e: -9268, error: 143
#ERR  p: [1452, 399], r: -4230, e: -9259, error: 144
#ERR  p: [1452, 400], r: -4240, e: -9248, error: 145
#ERR  p: [1452, 401], r: -4250, e: -9234, error: 146
#ERR  p: [1452, 402], r: -4260, e: -9217, error: 147
#ERR  p: [1452, 403], r: -4270, e: -9203, error: 148
#ERR  p: [1452, 404], r: -4280, e: -9190, error: 149
#ERR  p: [1452, 405], r: -4290, e: -9178, error: 150
#ERR  p: [1452, 406], r: -4300, e: -9159, error: 151
#ERR  p: [1452, 407], r: -4310, e: -9148, error: 152
#ERR  p: [1452, 408], r: -4320, e: -9135, error: 153
#ERR  p: [1452, 409], r: -4330, e: -9125, error: 154
#ERR  p: [1452, 410], r: -4340, e: -9114, error: 155
#ERR  p: [1452, 411], r: -4350, e: -9104, error: 156
#ERR  p: [1452, 412], r: -4360, e: -9095, error: 157
#ERR  p: [1452, 413], r: -4370, e: -9083, error: 158
#ERR  p: [1452, 414], r: -4380, e: -9071, error: 159
#ERR  p: [1452, 415], r: -4390, e: -9061, error: 160
#ERR  p: [1452, 416], r: -4400, e: -9042, error: 161
#ERR  p: [1452, 417], r: -4410, e: -9033, error: 162
#ERR  p: [1452, 418], r: -4420, e: -9027, error: 163
#ERR  p: [1452, 419], r: -4430, e: -9017, error: 164
#ERR  p: [1452, 420], r: -4440, e: -9008, error: 165
#ERR  p: [1452, 421], r: -4450, e: -9003, error: 166
#ERR  p: [1452, 422], r: -4460, e: -8993, error: 167
#ERR  p: [1452, 423], r: -4470, e: -8975, error: 168
#ERR  p: [1452, 424], r: -4480, e: -8960, error: 169
#ERR  p: [1452, 425], r: -4490, e: -8948, error: 170
#ERR  p: [1452, 426], r: -4500, e: -8938, error: 171
#ERR  p: [1452, 427], r: -4510, e: -8927, error: 172
#ERR  p: [1452, 428], r: -4520, e: -8916, error: 173
#ERR  p: [1452, 429], r: -4530, e: -8906, error: 174
#ERR  p: [1452, 430], r: -4540, e: -8893, error: 175
#ERR  p: [1452, 431], r: -4550, e: -8874, error: 176
#ERR  p: [1452, 432], r: -4560, e: -8864, error: 177
#ERR  p: [1452, 433], r: -4570, e: -8854, error: 178
#ERR  p: [1452, 434], r: -4580, e: -8839, error: 179
#ERR  p: [1452, 435], r: -4590, e: -8828, error: 180
#ERR  p: [1452, 436], r: -4600, e: -8817, error: 181
#ERR  p: [1452, 437], r: -4610, e: -8808, error: 182
#ERR  p: [1452, 438], r: -4620, e: -8796, error: 183
#ERR  p: [1452, 439], r: -4630, e: -8787, error: 184
#ERR  p: [1452, 440], r: -4640, e: -8780, error: 185
#ERR  p: [1452, 441], r: -4650, e: -8764, error: 186
#ERR  p: [1452, 442], r: -4660, e: -8749, error: 187
#ERR  p: [1452, 443], r: -4670, e: -8738, error: 188
#ERR  p: [1452, 444], r: -4680, e: -8727, error: 189
#ERR  p: [1452, 445], r: -4690, e: -8717, error: 190
#ERR  p: [1452, 446], r: -4700, e: -8706, error: 191
#ERR  p: [1452, 447], r: -4710, e: -8696, error: 192
#ERR  p: [1452, 448], r: -4720, e: -8685, error: 193
#ERR  p: [1452, 449], r: -4730, e: -8674, error: 194
#ERR  p: [1452, 450], r: -4740, e: -8663, error: 195
#ERR  p: [1452, 451], r: -4750, e: -8651, error: 196
#ERR  p: [1452, 452], r: -4760, e: -8640, error: 197
#ERR  p: [1452, 453], r: -4770, e: -8623, error: 198
#ERR  p: [1452, 454], r: -4780, e: -8611, error: 199
#ERR  p: [1452, 455], r: -4790, e: -8595, error: 200
#ERR  p: [1452, 456], r: -4800, e: -8581, error: 201
#ERR  p: [1452, 457], r: -4810, e: -8569, error: 202
#ERR  p: [1452, 458], r: -4820, e: -8558, error: 203
#ERR  p: [1452, 459], r: -4830, e: -8547, error: 204
#ERR  p: [1452, 460], r: -4840, e: -8538, error: 205
#ERR  p: [1452, 461], r: -4850, e: -8530, error: 206
#ERR  p: [1452, 462], r: -4860, e: -8522, error: 207
#ERR  p: [1452, 463], r: -4870, e: -8511, error: 208
#ERR  p: [1452, 464], r: -4880, e: -8497, error: 209
#ERR  p: [1452, 465], r: -4890, e: -8491, error: 210
#ERR  p: [1452, 466], r: -4900, e: -8481, error: 211
#ERR  p: [1452, 467], r: -4910, e: -8473, error: 212
#ERR  p: [1452, 468], r: -4920, e: -8463, error: 213
#ERR  p: [1452, 469], r: -4930, e: -8448, error: 214
#ERR  p: [1452, 470], r: -4940, e: -8437, error: 215
#ERR  p: [1452, 471], r: -4950, e: -8423, error: 216
#ERR  p: [1452, 472], r: -4960, e: -8407, error: 217
#ERR  p: [1452, 473], r: -4970, e: -8399, error: 218
#ERR  p: [1452, 474], r: -4980, e: -8394, error: 219
#ERR  p: [1452, 475], r: -4990, e: -8388, error: 220
#ERR  p: [1452, 476], r: -5000, e: -8375, error: 221
#ERR  p: [1452, 477], r: -5010, e: -8365, error: 222
#ERR  p: [1452, 478], r: -5020, e: -8355, error: 223
#ERR  p: [1452, 479], r: -5030, e: -8341, error: 224
#ERR  p: [1452, 480], r: -5040, e: -8330, error: 225
#ERR  p: [1452, 481], r: -5050, e: -8318, error: 226
#ERR  p: [1452, 482], r: -5060, e: -8308, error: 227
#ERR  p: [1452, 483], r: -5070, e: -8299, error: 228
#ERR  p: [1452, 484], r: -5080, e: -8290, error: 229
#ERR  p: [1452, 485], r: -5090, e: -8276, error: 230
#ERR  p: [1452, 486], r: -5100, e: -8266, error: 231
#ERR  p: [1452, 487], r: -5110, e: -8257, error: 232
#ERR  p: [1452, 488], r: -5120, e: -8251, error: 233
#ERR  p: [1452, 489], r: -5130, e: -8239, error: 234
#ERR  p: [1452, 490], r: -5140, e: -8220, error: 235
#ERR  p: [1452, 491], r: -5150, e: -8209, error: 236
#ERR  p: [1452, 492], r: -5160, e: -8199, error: 237
#ERR  p: [1452, 493], r: -5170, e: -8186, error: 238
#ERR  p: [1452, 494], r: -5180, e: -8172, error: 239
#ERR  p: [1452, 495], r: -5190, e: -8152, error: 240
#ERR  p: [1452, 496], r: -5200, e: -8140, error: 241
#ERR  p: [1452, 497], r: -5210, e: -8127, error: 242
#ERR  p: [1452, 498], r: -5220, e: -8116, error: 243
#ERR  p: [1452, 499], r: -5230, e: -8106, error: 244
#ERR  p: [1452, 500], r: -5240, e: -8098, error: 245
#ERR  p: [1452, 501], r: -5250, e: -8091, error: 246
#ERR  p: [1452, 502], r: -5260, e: -8083, error: 247
#ERR  p: [1452, 503], r: -5270, e: -8072, error: 248
#ERR  p: [1452, 504], r: -5280, e: -8053, error: 249
#ERR  p: [1452, 505], r: -5290, e: -8040, error: 250
#ERR  p: [1452, 506], r: -5300, e: -8030, error: 251
#ERR  p: [1452, 507], r: -5310, e: -8022, error: 252
#ERR  p: [1452, 508], r: -5320, e: -8012, error: 253
#ERR  p: [1452, 509], r: -5330, e: -7997, error: 254
#ERR  p: [1452, 510], r: -5340, e: -7983, error: 255
#ERR  p: [1452, 511], r: -5350, e: -7978, error: 256
#ERR  p: [1452, 512], r: -5360, e: -7965, error: 257
#ERR  p: [1452, 513], r: -5370, e: -7951, error: 258
#ERR  p: [1452, 514], r: -5380, e: -7940, error: 259
#ERR  p: [1452, 515], r: -5390, e: -7935, error: 260
#ERR  p: [1452, 516], r: -5400, e: -7924, error: 261
#ERR  p: [1452, 517], r: -5410, e: -7915, error: 262
#ERR  p: [1452, 518], r: -5420, e: -7902, error: 263
#ERR  p: [1452, 519], r: -5430, e: -7894, error: 264
#ERR  p: [1452, 520], r: -5440, e: -7884, error: 265
#ERR  p: [1452, 521], r: -5450, e: -7871, error: 266
#ERR  p: [1452, 522], r: -5460, e: -7855, error: 267
#ERR  p: [1452, 523], r: -5470, e: -7848, error: 268
#ERR  p: [1452, 524], r: -5480, e: -7836, error: 269
#ERR  p: [1452, 525], r: -5490, e: -7830, error: 270
#ERR  p: [1452, 526], r: -5500, e: -7817, error: 271
#ERR  p: [1452, 527], r: -5510, e: -7803, error: 272
#ERR  p: [1452, 528], r: -5520, e: -7793, error: 273
#ERR  p: [1452, 529], r: -5530, e: -7784, error: 274
#ERR  p: [1452, 530], r: -5540, e: -7778, error: 275
#ERR  p: [1452, 531], r: -5550, e: -7767, error: 276
#ERR  p: [1452, 532], r: -5560, e: -7753, error: 277
#ERR  p: [1452, 533], r: -5570, e: -7744, error: 278
#ERR  p: [1452, 534], r: -5580, e: -7730, error: 279
#ERR  p: [1452, 535], r: -5590, e: -7724, error: 280
#ERR  p: [1452, 536], r: -5600, e: -7713, error: 281
#ERR  p: [1452, 537], r: -5610, e: -7715, error: 282
#ERR  p: [1452, 538], r: -5620, e: -7706, error: 283
#ERR  p: [1452, 539], r: -5630, e: -7697, error: 284
#ERR  p: [1452, 540], r: -5640, e: -7688, error: 285
#ERR  p: [1452, 541], r: -5650, e: -7681, error: 286
#ERR  p: [1452, 542], r: -5660, e: -7676, error: 287
#ERR  p: [1452, 543], r: -5670, e: -7669, error: 288
#ERR  p: [1452, 544], r: -5680, e: -7661, error: 289
#ERR  p: [1452, 545], r: -5690, e: -7652, error: 290
#ERR  p: [1452, 546], r: -5700, e: -7645, error: 291
#ERR  p: [1452, 547], r: -5710, e: -7637, error: 292
#ERR  p: [1452, 548], r: -5720, e: -7630, error: 293
#ERR  p: [1452, 549], r: -5730, e: -7619, error: 294
#ERR  p: [1452, 550], r: -5740, e: -7608, error: 295
#ERR  p: [1452, 551], r: -5750, e: -7602, error: 296
#ERR  p: [1452, 552], r: -5760, e: -7592, error: 297
#ERR  p: [1452, 553], r: -5770, e: -7582, error: 298
#ERR  p: [1452, 554], r: -5780, e: -7574, error: 299
#ERR  p: [1452, 555], r: -5790, e: -7565, error: 300
#ERR  p: [1452, 556], r: -5800, e: -7553, error: 301
#ERR  p: [1452, 557], r: -5810, e: -7539, error: 302
#ERR  p: [1452, 558], r: -5820, e: -7529, error: 303
#ERR  p: [1452, 559], r: -5830, e: -7520, error: 304
#ERR  p: [1452, 560], r: -5840, e: -7506, error: 305
#ERR  p: [1452, 561], r: -5850, e: -7495, error: 306
#ERR  p: [1452, 562], r: -5860, e: -7484, error: 307
#ERR  p: [1452, 563], r: -5870, e: -7472, error: 308
#ERR  p: [1452, 564], r: -5880, e: -7460, error: 309
#ERR  p: [1452, 565], r: -5890, e: -7446, error: 310
#ERR  p: [1452, 566], r: -5900, e: -7435, error: 311
#ERR  p: [1452, 567], r: -5910, e: -7425, error: 312
#ERR  p: [1452, 568], r: -5920, e: -7413, error: 313
#ERR  p: [1452, 569], r: -5930, e: -7399, error: 314
#ERR  p: [1452, 570], r: -5940, e: -7389, error: 315
#ERR  p: [1452, 571], r: -5950, e: -7383, error: 316
#ERR  p: [1452, 572], r: -5960, e: -7372, error: 317
#ERR  p: [1452, 573], r: -5970, e: -7360, error: 318
#ERR  p: [1452, 574], r: -5980, e: -7349, error: 319
#ERR  p: [1452, 575], r: -5990, e: -7341, error: 320
#ERR  p: [1452, 576], r: -6000, e: -7330, error: 321
#ERR  p: [1452, 577], r: -6010, e: -7321, error: 322
#ERR  p: [1452, 578], r: -6020, e: -7321, error: 323
#ERR  p: [1452, 579], r: -6030, e: -7314, error: 324
#ERR  p: [1452, 580], r: -6040, e: -7306, error: 325
#ERR  p: [1452, 581], r: -6050, e: -7292, error: 326
#ERR  p: [1452, 582], r: -6060, e: -7281, error: 327
#ERR  p: [1452, 583], r: -6070, e: -7272, error: 328
#ERR  p: [1452, 584], r: -6080, e: -7261, error: 329
#ERR  p: [1452, 585], r: -6090, e: -7251, error: 330
#ERR  p: [1452, 586], r: -6100, e: -7237, error: 331
#ERR  p: [1452, 587], r: -6110, e: -7226, error: 332
#ERR  p: [1452, 588], r: -6120, e: -7215, error: 333
#ERR  p: [1452, 589], r: -6130, e: -7204, error: 334
#ERR  p: [1452, 590], r: -6140, e: -7195, error: 335
#ERR  p: [1452, 591], r: -6150, e: -7185, error: 336
#ERR  p: [1452, 592], r: -6160, e: -7175, error: 337
#ERR  p: [1452, 593], r: -6170, e: -7166, error: 338
#ERR  p: [1452, 594], r: -6180, e: -7157, error: 339
#ERR  p: [1452, 595], r: -6190, e: -7145, error: 340
#ERR  p: [1452, 596], r: -6200, e: -7132, error: 341
#ERR  p: [1452, 597], r: -6210, e: -7123, error: 342
#ERR  p: [1452, 598], r: -6220, e: -7119, error: 343
#ERR  p: [1452, 599], r: -6230, e: -7112, error: 344
#ERR  p: [1452, 600], r: -6240, e: -7097, error: 345
#ERR  p: [1452, 601], r: -6250, e: -7082, error: 346
#ERR  p: [1452, 602], r: -6260, e: -7069, error: 347
#ERR  p: [1452, 603], r: -6270, e: -7048, error: 348
#ERR  p: [1452, 604], r: -6280, e: -7033, error: 349
#ERR  p: [1452, 605], r: -6290, e: -7023, error: 350
#ERR  p: [1452, 606], r: -6300, e: -7013, error: 351
#ERR  p: [1452, 607], r: -6310, e: -7005, error: 352
#ERR  p: [1452, 608], r: -6320, e: -6993, error: 353
#ERR  p: [1452, 609], r: -6330, e: -6982, error: 354
#ERR  p: [1452, 610], r: -6340, e: -6973, error: 355
#ERR  p: [1452, 611], r: -6350, e: -6960, error: 356
#ERR  p: [1452, 612], r: -6360, e: -6947, error: 357
#ERR  p: [1452, 613], r: -6370, e: -6934, error: 358
#ERR  p: [1452, 614], r: -6380, e: -6923, error: 359
#ERR  p: [1452, 615], r: -6390, e: -6912, error: 360
#ERR  p: [1452, 616], r: -6400, e: -6906, error: 361
#ERR  p: [1452, 617], r: -6410, e: -6895, error: 362
#ERR  p: [1452, 618], r: -6420, e: -6888, error: 363
#ERR  p: [1452, 619], r: -6430, e: -6880, error: 364
#ERR  p: [1452, 620], r: -6440, e: -6876, error: 365
#ERR  p: [1452, 621], r: -6450, e: -6867, error: 366
#ERR  p: [1452, 622], r: -6460, e: -6854, error: 367
#ERR  p: [1452, 623], r: -6470, e: -6840, error: 368
#ERR  p: [1452, 624], r: -6480, e: -6824, error: 369
#ERR  p: [1452, 625], r: -6490, e: -6815, error: 370
#ERR  p: [1452, 626], r: -6500, e: -6819, error: 371
#ERR  p: [1452, 627], r: -6510, e: -6811, error: 372
#ERR  p: [1452, 628], r: -6520, e: -6800, error: 373
#ERR  p: [1452, 629], r: -6530, e: -6786, error: 374
#ERR  p: [1452, 630], r: -6540, e: -6769, error: 375
#ERR  p: [1452, 631], r: -6550, e: -6755, error: 376
#ERR  p: [1452, 632], r: -6560, e: -6745, error: 377
#ERR  p: [1452, 633], r: -6570, e: -6736, error: 378
#ERR  p: [1452, 634], r: -6580, e: -6722, error: 379
#ERR  p: [1452, 635], r: -6590, e: -6707, error: 380
#ERR  p: [1452, 636], r: -6600, e: -6691, error: 381
#ERR  p: [1452, 637], r: -6610, e: -6678, error: 382
#ERR  p: [1452, 638], r: -6620, e: -6681, error: 383
#ERR  p: [1452, 639], r: -6630, e: -6674, error: 384
#ERR  p: [1452, 640], r: -6640, e: -6664, error: 385
#ERR  p: [1452, 641], r: -6650, e: -6655, error: 386
#ERR  p: [1453, 256], r: -2810, e: -10979, error: 387
#ERR  p: [1453, 257], r: -2799, e: -10965, error: 388
#ERR  p: [1453, 258], r: -2809, e: -10951, error: 389
#ERR  p: [1453, 259], r: -2819, e: -10937, error: 390
#ERR  p: [1453, 260], r: -2829, e: -10922, error: 391
#ERR  p: [1453, 261], r: -2839, e: -10906, error: 392
#ERR  p: [1453, 262], r: -2849, e: -10898, error: 393
#ERR  p: [1453, 263], r: -2859, e: -10888, error: 394
#ERR  p: [1453, 264], r: -2869, e: -10875, error: 395
#ERR  p: [1453, 265], r: -2879, e: -10864, error: 396
#ERR  p: [1453, 266], r: -2889, e: -10854, error: 397
#ERR  p: [1453, 267], r: -2899, e: -10839, error: 398
#ERR  p: [1453, 268], r: -2909, e: -10833, error: 399
#ERR  p: [1453, 269], r: -2919, e: -10827, error: 400
#ERR  p: [1453, 270], r: -2929, e: -10812, error: 401
#ERR  p: [1453, 271], r: -2939, e: -10801, error: 402
#ERR  p: [1453, 272], r: -2949, e: -10790, error: 403
#ERR  p: [1453, 273], r: -2959, e: -10777, error: 404
#ERR  p: [1453, 274], r: -2969, e: -10763, error: 405
#ERR  p: [1453, 275], r: -2979, e: -10751, error: 406
#ERR  p: [1453, 276], r: -2989, e: -10737, error: 407
#ERR  p: [1453, 277], r: -2999, e: -10728, error: 408
#ERR  p: [1453, 278], r: -3009, e: -10716, error: 409
#ERR  p: [1453, 279], r: -3019, e: -10703, error: 410
#ERR  p: [1453, 280], r: -3029, e: -10692, error: 411
#ERR  p: [1453, 281], r: -3035, e: -10677, error: 412
#ERR  p: [1453, 282], r: -3045, e: -10663, error: 413
#ERR  p: [1453, 283], r: -3055, e: -10647, error: 414
#ERR  p: [1453, 284], r: -3065, e: -10634, error: 415
#ERR  p: [1453, 285], r: -3075, e: -10623, error: 416
#ERR  p: [1453, 286], r: -3085, e: -10609, error: 417
#ERR  p: [1453, 287], r: -3095, e: -10598, error: 418
#ERR  p: [1453, 288], r: -3105, e: -10584, error: 419
#ERR  p: [1453, 289], r: -3115, e: -10571, error: 420
#ERR  p: [1453, 290], r: -3125, e: -10561, error: 421
#ERR  p: [1453, 291], r: -3135, e: -10552, error: 422
#ERR  p: [1453, 292], r: -3145, e: -10540, error: 423
#ERR  p: [1453, 293], r: -3155, e: -10526, error: 424
#ERR  p: [1453, 294], r: -3165, e: -10517, error: 425
#ERR  p: [1453, 295], r: -3175, e: -10504, error: 426
#ERR  p: [1453, 296], r: -3185, e: -10495, error: 427
#ERR  p: [1453, 297], r: -3195, e: -10476, error: 428
#ERR  p: [1453, 298], r: -3205, e: -10464, error: 429
#ERR  p: [1453, 299], r: -3215, e: -10454, error: 430
#ERR  p: [1453, 300], r: -3225, e: -10441, error: 431
#ERR  p: [1453, 301], r: -3235, e: -10427, error: 432
#ERR  p: [1453, 302], r: -3245, e: -10417, error: 433
#ERR  p: [1453, 303], r: -3255, e: -10403, error: 434
#ERR  p: [1453, 304], r: -3265, e: -10389, error: 435
#ERR  p: [1453, 305], r: -3275, e: -10377, error: 436
#ERR  p: [1453, 306], r: -3285, e: -10363, error: 437
#ERR  p: [1453, 307], r: -3295, e: -10350, error: 438
#ERR  p: [1453, 308], r: -3305, e: -10338, error: 439
#ERR  p: [1453, 309], r: -3315, e: -10324, error: 440
#ERR  p: [1453, 310], r: -3325, e: -10312, error: 441
#ERR  p: [1453, 311], r: -3335, e: -10301, error: 442
#ERR  p: [1453, 312], r: -3345, e: -10288, error: 443
#ERR  p: [1453, 313], r: -3355, e: -10279, error: 444
#ERR  p: [1453, 314], r: -3365, e: -10270, error: 445
#ERR  p: [1453, 315], r: -3375, e: -10259, error: 446
#ERR  p: [1453, 316], r: -3385, e: -10250, error: 447
#ERR  p: [1453, 317], r: -3395, e: -10240, error: 448
#ERR  p: [1453, 318], r: -3405, e: -10230, error: 449
#ERR  p: [1453, 319], r: -3415, e: -10215, error: 450
#ERR  p: [1453, 320], r: -3425, e: -10209, error: 451
#ERR  p: [1453, 321], r: -3435, e: -10200, error: 452
#ERR  p: [1453, 322], r: -3445, e: -10194, error: 453
#ERR  p: [1453, 323], r: -3455, e: -10181, error: 454
#ERR  p: [1453, 324], r: -3465, e: -10167, error: 455
#ERR  p: [1453, 325], r: -3475, e: -10157, error: 456
#ERR  p: [1453, 326], r: -3485, e: -10141, error: 457
#ERR  p: [1453, 327], r: -3495, e: -10127, error: 458
#ERR  p: [1453, 328], r: -3505, e: -10114, error: 459
#ERR  p: [1453, 329], r: -3515, e: -10105, error: 460
#ERR  p: [1453, 330], r: -3525, e: -10090, error: 461
#ERR  p: [1453, 331], r: -3535, e: -10075, error: 462
#ERR  p: [1453, 332], r: -3545, e: -10065, error: 463
#ERR  p: [1453, 333], r: -3555, e: -10055, error: 464
#ERR  p: [1453, 334], r: -3565, e: -10046, error: 465
#ERR  p: [1453, 335], r: -3575, e: -10032, error: 466
#ERR  p: [1453, 336], r: -3585, e: -10020, error: 467
#ERR  p: [1453, 337], r: -3595, e: -10007, error: 468
#ERR  p: [1453, 338], r: -3605, e: -9991, error: 469
#ERR  p: [1453, 339], r: -3615, e: -9978, error: 470
#ERR  p: [1453, 340], r: -3625, e: -9962, error: 471
#ERR  p: [1453, 341], r: -3635, e: -9952, error: 472
#ERR  p: [1453, 342], r: -3645, e: -9936, error: 473
#ERR  p: [1453, 343], r: -3655, e: -9928, error: 474
#ERR  p: [1453, 344], r: -3665, e: -9915, error: 475
#ERR  p: [1453, 345], r: -3675, e: -9900, error: 476
#ERR  p: [1453, 346], r: -3685, e: -9893, error: 477
#ERR  p: [1453, 347], r: -3695, e: -9874, error: 478
#ERR  p: [1453, 348], r: -3705, e: -9861, error: 479
#ERR  p: [1453, 349], r: -3715, e: -9853, error: 480
#ERR  p: [1453, 350], r: -3725, e: -9841, error: 481
#ERR  p: [1453, 351], r: -3735, e: -9829, error: 482
#ERR  p: [1453, 352], r: -3745, e: -9819, error: 483
#ERR  p: [1453, 353], r: -3755, e: -9808, error: 484
#ERR  p: [1453, 354], r: -3765, e: -9798, error: 485
#ERR  p: [1453, 355], r: -3775, e: -9781, error: 486
#ERR  p: [1453, 356], r: -3785, e: -9767, error: 487
#ERR  p: [1453, 357], r: -3795, e: -9758, error: 488
#ERR  p: [1453, 358], r: -3805, e: -9748, error: 489
#ERR  p: [1453, 359], r: -3815, e: -9740, error: 490
#ERR  p: [1453, 360], r: -3825, e: -9730, error: 491
#ERR  p: [1453, 361], r: -3835, e: -9715, error: 492
#ERR  p: [1453, 362], r: -3845, e: -9700, error: 493
#ERR  p: [1453, 363], r: -3855, e: -9694, error: 494
#ERR  p: [1453, 364], r: -3865, e: -9680, error: 495
#ERR  p: [1453, 365], r: -3875, e: -9668, error: 496
#ERR  p: [1453, 366], r: -3885, e: -9655, error: 497
#ERR  p: [1453, 367], r: -3895, e: -9647, error: 498
#ERR  p: [1453, 368], r: -3905, e: -9634, error: 499
#SDC Ite:0 KerTime:0.295671 AccTime:0.295671 KerErr:500 AccErr:500
#END