#HEADER max_rows:2048 max_cols:2048 penalty:10
#BEGIN Y:2016 M:09 D:12 Time:14:51:36
#IT Ite:0 KerTime:0.294061 AccTime:0.294061
#ERR Error detected! kerrors = 63
#ERR  p: [141, 1786], r: -15725, e: -15720, error: 1
#ERR  p: [141, 1787], r: -15732, e: -15730, error: 2
#ERR  p: [141, 1788], r: -15742, e: -15740, error: 3
#ERR  p: [141, 1789], r: -15752, e: -15750, error: 4
#ERR  p: [141, 1790], r: -15762, e: -15760, error: 5
#ERR  p: [141, 1791], r: -15772, e: -15770, error: 6
#ERR  p: [141, 1792], r: -15781, e: -15780, error: 7
#ERR  p: [141, 1793], r: -15791, e: -15790, error: 8
#ERR  p: [142, 1792], r: -15770, e: -15769, error: 9
#ERR  p: [142, 1793], r: -15780, e: -15779, error: 10
#ERR  p: [142, 1794], r: -15790, e: -15789, error: 11
#ERR  p: [142, 1795], r: -15800, e: -15799, error: 12
#ERR  p: [142, 1796], r: -15810, e: -15809, error: 13
#ERR  p: [142, 1797], r: -15820, e: -15819, error: 14
#ERR  p: [142, 1798], r: -15830, e: -15829, error: 15
#ERR  p: [142, 1799], r: -15840, e: -15839, error: 16
#ERR  p: [142, 1800], r: -15850, e: -15849, error: 17
#ERR  p: [142, 1801], r: -15860, e: -15859, error: 18
#ERR  p: [142, 1802], r: -15870, e: -15869, error: 19
#ERR  p: [142, 1803], r: -15880, e: -15879, error: 20
#ERR  p: [143, 1795], r: -15785, e: -15784, error: 21
#ERR  p: [143, 1796], r: -15795, e: -15794, error: 22
#ERR  p: [143, 1797], r: -15805, e: -15804, error: 23
#ERR  p: [143, 1798], r: -15815, e: -15814, error: 24
#ERR  p: [143, 1799], r: -15825, e: -15824, error: 25
#ERR  p: [143, 1800], r: -15835, e: -15834, error: 26
#ERR  p: [143, 1801], r: -15845, e: -15844, error: 27
#ERR  p: [143, 1802], r: -15855, e: -15854, error: 28
#ERR  p: [143, 1803], r: -15865, e: -15864, error: 29
#ERR  p: [143, 1804], r: -15875, e: -15874, error: 30
#ERR  p: [143, 1805], r: -15885, e: -15884, error: 31
#ERR  p: [143, 1806], r: -15895, e: -15894, error: 32
#ERR  p: [143, 1807], r: -15905, e: -15904, error: 33
#ERR  p: [143, 1808], r: -15915, e: -15914, error: 34
#ERR  p: [144, 1797], r: -15795, e: -15794, error: 35
#ERR  p: [144, 1798], r: -15804, e: -15803, error: 36
#ERR  p: [144, 1799], r: -15814, e: -15813, error: 37
#ERR  p: [144, 1800], r: -15824, e: -15823, error: 38
#ERR  p: [144, 1801], r: -15834, e: -15833, error: 39
#ERR  p: [144, 1802], r: -15844, e: -15843, error: 40
#ERR  p: [144, 1803], r: -15854, e: -15853, error: 41
#ERR  p: [144, 1804], r: -15864, e: -15863, error: 42
#ERR  p: [144, 1805], r: -15874, e: -15873, error: 43
#ERR  p: [144, 1806], r: -15884, e: -15883, error: 44
#ERR  p: [144, 1807], r: -15894, e: -15893, error: 45
#ERR  p: [144, 1808], r: -15904, e: -15903, error: 46
#ERR  p: [144, 1809], r: -15914, e: -15913, error: 47
#ERR  p: [144, 1810], r: -15924, e: -15923, error: 48
#ERR  p: [144, 1811], r: -15934, e: -15933, error: 49
#ERR  p: [144, 1812], r: -15944, e: -15943, error: 50
#ERR  p: [144, 1813], r: -15954, e: -15953, error: 51
#ERR  p: [144, 1814], r: -15964, e: -15963, error: 52
#ERR  p: [144, 1815], r: -15974, e: -15973, error: 53
#ERR  p: [145, 1811], r: -15919, e: -15918, error: 54
#ERR  p: [145, 1812], r: -15929, e: -15928, error: 55
#ERR  p: [145, 1813], r: -15939, e: -15938, error: 56
#ERR  p: [145, 1814], r: -15949, e: -15948, error: 57
#ERR  p: [145, 1815], r: -15959, e: -15958, error: 58
#ERR  p: [145, 1816], r: -15969, e: -15968, error: 59
#ERR  p: [145, 1817], r: -15979, e: -15978, error: 60
#ERR  p: [145, 1818], r: -15989, e: -15988, error: 61
#ERR  p: [145, 1819], r: -15999, e: -15998, error: 62
#ERR  p: [145, 1820], r: -16009, e: -16008, error: 63
#SDC Ite:0 KerTime:0.294061 AccTime:0.294061 KerErr:63 AccErr:63
#END