#HEADER max_rows:2048 max_cols:2048 penalty:10
#BEGIN Y:2016 M:09 D:12 Time:14:59:32
#IT Ite:0 KerTime:0.294486 AccTime:0.294486
#ERR Error detected! kerrors = 765856
#ERR  p: [207, 1632], r: 155395280, e: -13290, error: 1
#ERR  p: [207, 1633], r: 155395270, e: -13300, error: 2
#ERR  p: [207, 1634], r: 155395260, e: -13310, error: 3
#ERR  p: [207, 1635], r: 155395250, e: -13320, error: 4
#ERR  p: [207, 1636], r: 155395240, e: -13330, error: 5
#ERR  p: [207, 1637], r: 155395230, e: -13340, error: 6
#ERR  p: [207, 1638], r: 155395220, e: -13350, error: 7
#ERR  p: [207, 1639], r: 155395210, e: -13360, error: 8
#ERR  p: [207, 1640], r: 155395200, e: -13370, error: 9
#ERR  p: [207, 1641], r: 155395190, e: -13380, error: 10
#ERR  p: [207, 1642], r: 155395180, e: -13390, error: 11
#ERR  p: [207, 1643], r: 155395170, e: -13400, error: 12
#ERR  p: [207, 1644], r: 155395160, e: -13410, error: 13
#ERR  p: [207, 1645], r: 155395150, e: -13420, error: 14
#ERR  p: [207, 1646], r: 155395140, e: -13430, error: 15
#ERR  p: [207, 1647], r: 155395130, e: -13440, error: 16
#ERR  p: [207, 1648], r: 155395120, e: -13450, error: 17
#ERR  p: [207, 1649], r: 155395110, e: -13460, error: 18
#ERR  p: [207, 1650], r: 155395100, e: -13470, error: 19
#ERR  p: [207, 1651], r: 155395090, e: -13480, error: 20
#ERR  p: [207, 1652], r: 155395080, e: -13490, error: 21
#ERR  p: [207, 1653], r: 155395070, e: -13500, error: 22
#ERR  p: [207, 1654], r: 155395060, e: -13510, error: 23
#ERR  p: [207, 1655], r: 155395050, e: -13520, error: 24
#ERR  p: [207, 1656], r: 155395040, e: -13530, error: 25
#ERR  p: [207, 1657], r: 155395030, e: -13540, error: 26
#ERR  p: [207, 1658], r: 155395020, e: -13550, error: 27
#ERR  p: [207, 1659], r: 155395010, e: -13560, error: 28
#ERR  p: [207, 1660], r: 155395000, e: -13570, error: 29
#ERR  p: [207, 1661], r: 155394990, e: -13580, error: 30
#ERR  p: [207, 1662], r: 155394980, e: -13590, error: 31
#ERR  p: [207, 1663], r: 155394970, e: -13600, error: 32
#ERR  p: [207, 1664], r: 155394960, e: -13610, error: 33
#ERR  p: [207, 1665], r: 155394950, e: -13620, error: 34
#ERR  p: [207, 1666], r: 155394940, e: -13630, error: 35
#ERR  p: [207, 1667], r: 155394930, e: -13640, error: 36
#ERR  p: [207, 1668], r: 155394920, e: -13650, error: 37
#ERR  p: [207, 1669], r: 155394910, e: -13660, error: 38
#ERR  p: [207, 1670], r: 155394900, e: -13670, error: 39
#ERR  p: [207, 1671], r: 155394890, e: -13680, error: 40
#ERR  p: [207, 1672], r: 155394880, e: -13690, error: 41
#ERR  p: [207, 1673], r: 155394870, e: -13700, error: 42
#ERR  p: [207, 1674], r: 155394860, e: -13710, error: 43
#ERR  p: [207, 1675], r: 155394850, e: -13720, error: 44
#ERR  p: [207, 1676], r: 155394840, e: -13730, error: 45
#ERR  p: [207, 1677], r: 155394830, e: -13740, error: 46
#ERR  p: [207, 1678], r: 155394820, e: -13750, error: 47
#ERR  p: [207, 1679], r: 155394810, e: -13760, error: 48
#ERR  p: [207, 1680], r: 155394800, e: -13770, error: 49
#ERR  p: [207, 1681], r: 155394790, e: -13780, error: 50
#ERR  p: [207, 1682], r: 155394780, e: -13790, error: 51
#ERR  p: [207, 1683], r: 155394770, e: -13800, error: 52
#ERR  p: [207, 1684], r: 155394760, e: -13810, error: 53
#ERR  p: [207, 1685], r: 155394750, e: -13820, error: 54
#ERR  p: [207, 1686], r: 155394740, e: -13830, error: 55
#ERR  p: [207, 1687], r: 155394730, e: -13840, error: 56
#ERR  p: [207, 1688], r: 155394720, e: -13850, error: 57
#ERR  p: [207, 1689], r: 155394710, e: -13860, error: 58
#ERR  p: [207, 1690], r: 155394700, e: -13870, error: 59
#ERR  p: [207, 1691], r: 155394690, e: -13880, error: 60
#ERR  p: [207, 1692], r: 155394680, e: -13890, error: 61
#ERR  p: [207, 1693], r: 155394670, e: -13900, error: 62
#ERR  p: [207, 1694], r: 155394660, e: -13910, error: 63
#ERR  p: [207, 1695], r: 155394650, e: -13920, error: 64
#ERR  p: [207, 1696], r: 155394640, e: -13930, error: 65
#ERR  p: [207, 1697], r: 155394630, e: -13940, error: 66
#ERR  p: [207, 1698], r: 155394620, e: -13950, error: 67
#ERR  p: [207, 1699], r: 155394610, e: -13960, error: 68
#ERR  p: [207, 1700], r: 155394600, e: -13967, error: 69
#ERR  p: [207, 1701], r: 155394590, e: -13971, error: 70
#ERR  p: [207, 1702], r: 155394580, e: -13981, error: 71
#ERR  p: [207, 1703], r: 155394570, e: -13991, error: 72
#ERR  p: [207, 1704], r: 155394560, e: -14001, error: 73
#ERR  p: [207, 1705], r: 155394550, e: -14011, error: 74
#ERR  p: [207, 1706], r: 155394540, e: -14021, error: 75
#ERR  p: [207, 1707], r: 155394530, e: -14031, error: 76
#ERR  p: [207, 1708], r: 155394520, e: -14041, error: 77
#ERR  p: [207, 1709], r: 155394510, e: -14051, error: 78
#ERR  p: [207, 1710], r: 155394500, e: -14061, error: 79
#ERR  p: [207, 1711], r: 155394490, e: -14071, error: 80
#ERR  p: [207, 1712], r: 155394480, e: -14081, error: 81
#ERR  p: [207, 1713], r: 155394470, e: -14091, error: 82
#ERR  p: [207, 1714], r: 155394460, e: -14101, error: 83
#ERR  p: [207, 1715], r: 155394450, e: -14111, error: 84
#ERR  p: [207, 1716], r: 155394440, e: -14121, error: 85
#ERR  p: [207, 1717], r: 155394430, e: -14131, error: 86
#ERR  p: [207, 1718], r: 155394420, e: -14141, error: 87
#ERR  p: [207, 1719], r: 155394410, e: -14151, error: 88
#ERR  p: [207, 1720], r: 155394400, e: -14161, error: 89
#ERR  p: [207, 1721], r: 155394390, e: -14171, error: 90
#ERR  p: [207, 1722], r: 155394380, e: -14181, error: 91
#ERR  p: [207, 1723], r: 155394370, e: -14191, error: 92
#ERR  p: [207, 1724], r: 155394360, e: -14201, error: 93
#ERR  p: [207, 1725], r: 155394350, e: -14211, error: 94
#ERR  p: [207, 1726], r: 155394340, e: -14221, error: 95
#ERR  p: [207, 1727], r: 155394330, e: -14231, error: 96
#ERR  p: [207, 1728], r: 155394320, e: -14241, error: 97
#ERR  p: [207, 1729], r: 155394310, e: -14251, error: 98
#ERR  p: [207, 1730], r: 155394300, e: -14261, error: 99
#ERR  p: [207, 1731], r: 155394290, e: -14271, error: 100
#ERR  p: [207, 1732], r: 155394280, e: -14281, error: 101
#ERR  p: [207, 1733], r: 155394270, e: -14291, error: 102
#ERR  p: [207, 1734], r: 155394260, e: -14301, error: 103
#ERR  p: [207, 1735], r: 155394250, e: -14311, error: 104
#ERR  p: [207, 1736], r: 155394240, e: -14321, error: 105
#ERR  p: [207, 1737], r: 155394230, e: -14331, error: 106
#ERR  p: [207, 1738], r: 155394220, e: -14341, error: 107
#ERR  p: [207, 1739], r: 155394210, e: -14351, error: 108
#ERR  p: [207, 1740], r: 155394200, e: -14361, error: 109
#ERR  p: [207, 1741], r: 155394190, e: -14371, error: 110
#ERR  p: [207, 1742], r: 155394180, e: -14381, error: 111
#ERR  p: [207, 1743], r: 155394170, e: -14391, error: 112
#ERR  p: [207, 1744], r: 155394160, e: -14401, error: 113
#ERR  p: [207, 1745], r: 155394150, e: -14411, error: 114
#ERR  p: [207, 1746], r: 155394140, e: -14421, error: 115
#ERR  p: [207, 1747], r: 155394130, e: -14431, error: 116
#ERR  p: [207, 1748], r: 155394120, e: -14441, error: 117
#ERR  p: [207, 1749], r: 155394110, e: -14451, error: 118
#ERR  p: [207, 1750], r: 155394100, e: -14461, error: 119
#ERR  p: [207, 1751], r: 155394090, e: -14471, error: 120
#ERR  p: [207, 1752], r: 155394080, e: -14481, error: 121
#ERR  p: [207, 1753], r: 155394070, e: -14491, error: 122
#ERR  p: [207, 1754], r: 155394060, e: -14501, error: 123
#ERR  p: [207, 1755], r: 155394050, e: -14511, error: 124
#ERR  p: [207, 1756], r: 155394040, e: -14521, error: 125
#ERR  p: [207, 1757], r: 155394030, e: -14531, error: 126
#ERR  p: [207, 1758], r: 155394020, e: -14541, error: 127
#ERR  p: [207, 1759], r: 155394010, e: -14551, error: 128
#ERR  p: [207, 1760], r: 155394000, e: -14561, error: 129
#ERR  p: [207, 1761], r: 155393990, e: -14571, error: 130
#ERR  p: [207, 1762], r: 155393980, e: -14581, error: 131
#ERR  p: [207, 1763], r: 155393970, e: -14591, error: 132
#ERR  p: [207, 1764], r: 155393960, e: -14601, error: 133
#ERR  p: [207, 1765], r: 155393950, e: -14611, error: 134
#ERR  p: [207, 1766], r: 155393940, e: -14621, error: 135
#ERR  p: [207, 1767], r: 155393930, e: -14631, error: 136
#ERR  p: [207, 1768], r: 155393920, e: -14641, error: 137
#ERR  p: [207, 1769], r: 155393910, e: -14651, error: 138
#ERR  p: [207, 1770], r: 155393900, e: -14657, error: 139
#ERR  p: [207, 1771], r: 155393890, e: -14667, error: 140
#ERR  p: [207, 1772], r: 155393880, e: -14677, error: 141
#ERR  p: [207, 1773], r: 155393870, e: -14687, error: 142
#ERR  p: [207, 1774], r: 155393860, e: -14696, error: 143
#ERR  p: [207, 1775], r: 155393850, e: -14706, error: 144
#ERR  p: [207, 1776], r: 155393840, e: -14716, error: 145
#ERR  p: [207, 1777], r: 155393830, e: -14726, error: 146
#ERR  p: [207, 1778], r: 155393820, e: -14736, error: 147
#ERR  p: [207, 1779], r: 155393810, e: -14741, error: 148
#ERR  p: [207, 1780], r: 155393800, e: -14751, error: 149
#ERR  p: [207, 1781], r: 155393790, e: -14761, error: 150
#ERR  p: [207, 1782], r: 155393780, e: -14771, error: 151
#ERR  p: [207, 1783], r: 155393770, e: -14781, error: 152
#ERR  p: [207, 1784], r: 155393760, e: -14791, error: 153
#ERR  p: [207, 1785], r: 155393750, e: -14801, error: 154
#ERR  p: [207, 1786], r: 155393740, e: -14811, error: 155
#ERR  p: [207, 1787], r: 155393730, e: -14821, error: 156
#ERR  p: [207, 1788], r: 155393720, e: -14831, error: 157
#ERR  p: [207, 1789], r: 155393710, e: -14841, error: 158
#ERR  p: [207, 1790], r: 155393700, e: -14851, error: 159
#ERR  p: [207, 1791], r: 155393690, e: -14861, error: 160
#ERR  p: [207, 1792], r: 155393680, e: -14871, error: 161
#ERR  p: [207, 1793], r: 155393670, e: -14881, error: 162
#ERR  p: [207, 1794], r: 155393660, e: -14891, error: 163
#ERR  p: [207, 1795], r: 155393650, e: -14901, error: 164
#ERR  p: [207, 1796], r: 155393640, e: -14911, error: 165
#ERR  p: [207, 1797], r: 155393630, e: -14921, error: 166
#ERR  p: [207, 1798], r: 155393620, e: -14931, error: 167
#ERR  p: [207, 1799], r: 155393610, e: -14941, error: 168
#ERR  p: [207, 1800], r: 155393600, e: -14951, error: 169
#ERR  p: [207, 1801], r: 155393590, e: -14961, error: 170
#ERR  p: [207, 1802], r: 155393580, e: -14971, error: 171
#ERR  p: [207, 1803], r: 155393570, e: -14981, error: 172
#ERR  p: [207, 1804], r: 155393560, e: -14991, error: 173
#ERR  p: [207, 1805], r: 155393550, e: -15001, error: 174
#ERR  p: [207, 1806], r: 155393540, e: -15011, error: 175
#ERR  p: [207, 1807], r: 155393530, e: -15021, error: 176
#ERR  p: [207, 1808], r: 155393520, e: -15030, error: 177
#ERR  p: [207, 1809], r: 155393510, e: -15040, error: 178
#ERR  p: [207, 1810], r: 155393500, e: -15050, error: 179
#ERR  p: [207, 1811], r: 155393490, e: -15060, error: 180
#ERR  p: [207, 1812], r: 155393480, e: -15070, error: 181
#ERR  p: [207, 1813], r: 155393470, e: -15080, error: 182
#ERR  p: [207, 1814], r: 155393460, e: -15090, error: 183
#ERR  p: [207, 1815], r: 155393450, e: -15100, error: 184
#ERR  p: [207, 1816], r: 155393440, e: -15110, error: 185
#ERR  p: [207, 1817], r: 155393430, e: -15120, error: 186
#ERR  p: [207, 1818], r: 155393420, e: -15130, error: 187
#ERR  p: [207, 1819], r: 155393410, e: -15140, error: 188
#ERR  p: [207, 1820], r: 155393400, e: -15150, error: 189
#ERR  p: [207, 1821], r: 155393390, e: -15160, error: 190
#ERR  p: [207, 1822], r: 155393380, e: -15170, error: 191
#ERR  p: [207, 1823], r: 155393370, e: -15180, error: 192
#ERR  p: [207, 1824], r: 155393360, e: -15190, error: 193
#ERR  p: [207, 1825], r: 155393350, e: -15200, error: 194
#ERR  p: [207, 1826], r: 155393340, e: -15210, error: 195
#ERR  p: [207, 1827], r: 155393330, e: -15220, error: 196
#ERR  p: [207, 1828], r: 155393320, e: -15230, error: 197
#ERR  p: [207, 1829], r: 155393310, e: -15240, error: 198
#ERR  p: [207, 1830], r: 155393300, e: -15250, error: 199
#ERR  p: [207, 1831], r: 155393290, e: -15260, error: 200
#ERR  p: [207, 1832], r: 155393280, e: -15270, error: 201
#ERR  p: [207, 1833], r: 155393270, e: -15280, error: 202
#ERR  p: [207, 1834], r: 155393260, e: -15290, error: 203
#ERR  p: [207, 1835], r: 155393250, e: -15299, error: 204
#ERR  p: [207, 1836], r: 155393240, e: -15309, error: 205
#ERR  p: [207, 1837], r: 155393230, e: -15319, error: 206
#ERR  p: [207, 1838], r: 155393220, e: -15329, error: 207
#ERR  p: [207, 1839], r: 155393210, e: -15339, error: 208
#ERR  p: [207, 1840], r: 155393200, e: -15348, error: 209
#ERR  p: [207, 1841], r: 155393190, e: -15358, error: 210
#ERR  p: [207, 1842], r: 155393180, e: -15368, error: 211
#ERR  p: [207, 1843], r: 155393170, e: -15378, error: 212
#ERR  p: [207, 1844], r: 155393160, e: -15388, error: 213
#ERR  p: [207, 1845], r: 155393150, e: -15398, error: 214
#ERR  p: [207, 1846], r: 155393140, e: -15408, error: 215
#ERR  p: [207, 1847], r: 155393130, e: -15418, error: 216
#ERR  p: [207, 1848], r: 155393120, e: -15428, error: 217
#ERR  p: [207, 1849], r: 155393110, e: -15434, error: 218
#ERR  p: [207, 1850], r: 155393100, e: -15444, error: 219
#ERR  p: [207, 1851], r: 155393090, e: -15454, error: 220
#ERR  p: [207, 1852], r: 155393080, e: -15464, error: 221
#ERR  p: [207, 1853], r: 155393070, e: -15474, error: 222
#ERR  p: [207, 1854], r: 155393060, e: -15484, error: 223
#ERR  p: [207, 1855], r: 155393050, e: -15494, error: 224
#ERR  p: [207, 1856], r: 155393040, e: -15504, error: 225
#ERR  p: [207, 1857], r: 155393030, e: -15514, error: 226
#ERR  p: [207, 1858], r: 155393020, e: -15524, error: 227
#ERR  p: [207, 1859], r: 155393010, e: -15534, error: 228
#ERR  p: [207, 1860], r: 155393000, e: -15544, error: 229
#ERR  p: [207, 1861], r: 155392990, e: -15554, error: 230
#ERR  p: [207, 1862], r: 155392980, e: -15564, error: 231
#ERR  p: [207, 1863], r: 155392970, e: -15574, error: 232
#ERR  p: [207, 1864], r: 155392960, e: -15584, error: 233
#ERR  p: [207, 1865], r: 155392950, e: -15594, error: 234
#ERR  p: [207, 1866], r: 155392940, e: -15604, error: 235
#ERR  p: [207, 1867], r: 155392930, e: -15614, error: 236
#ERR  p: [207, 1868], r: 155392920, e: -15624, error: 237
#ERR  p: [207, 1869], r: 155392910, e: -15634, error: 238
#ERR  p: [207, 1870], r: 155392900, e: -15644, error: 239
#ERR  p: [207, 1871], r: 155392890, e: -15654, error: 240
#ERR  p: [207, 1872], r: 155392880, e: -15664, error: 241
#ERR  p: [207, 1873], r: 155392870, e: -15674, error: 242
#ERR  p: [207, 1874], r: 155392860, e: -15684, error: 243
#ERR  p: [207, 1875], r: 155392850, e: -15690, error: 244
#ERR  p: [207, 1876], r: 155392840, e: -15699, error: 245
#ERR  p: [207, 1877], r: 155392830, e: -15709, error: 246
#ERR  p: [207, 1878], r: 155392820, e: -15719, error: 247
#ERR  p: [207, 1879], r: 155392810, e: -15729, error: 248
#ERR  p: [207, 1880], r: 155392800, e: -15739, error: 249
#ERR  p: [207, 1881], r: 155392790, e: -15749, error: 250
#ERR  p: [207, 1882], r: 155392780, e: -15751, error: 251
#ERR  p: [207, 1883], r: 155392770, e: -15761, error: 252
#ERR  p: [207, 1884], r: 155392760, e: -15771, error: 253
#ERR  p: [207, 1885], r: 155392750, e: -15781, error: 254
#ERR  p: [207, 1886], r: 155392740, e: -15785, error: 255
#ERR  p: [207, 1887], r: 155392730, e: -15795, error: 256
#ERR  p: [207, 1888], r: 155392720, e: -15805, error: 257
#ERR  p: [207, 1889], r: 155392710, e: -15815, error: 258
#ERR  p: [207, 1890], r: 155392700, e: -15825, error: 259
#ERR  p: [207, 1891], r: 155392690, e: -15835, error: 260
#ERR  p: [207, 1892], r: 155392680, e: -15845, error: 261
#ERR  p: [207, 1893], r: 155392670, e: -15855, error: 262
#ERR  p: [207, 1894], r: 155392660, e: -15865, error: 263
#ERR  p: [207, 1895], r: 155392650, e: -15875, error: 264
#ERR  p: [207, 1896], r: 155392640, e: -15885, error: 265
#ERR  p: [207, 1897], r: 155392630, e: -15895, error: 266
#ERR  p: [207, 1898], r: 155392620, e: -15905, error: 267
#ERR  p: [207, 1899], r: 155392610, e: -15915, error: 268
#ERR  p: [207, 1900], r: 155392600, e: -15925, error: 269
#ERR  p: [207, 1901], r: 155392590, e: -15935, error: 270
#ERR  p: [207, 1902], r: 155392580, e: -15945, error: 271
#ERR  p: [207, 1903], r: 155392570, e: -15955, error: 272
#ERR  p: [207, 1904], r: 155392560, e: -15965, error: 273
#ERR  p: [207, 1905], r: 155392550, e: -15975, error: 274
#ERR  p: [207, 1906], r: 155392540, e: -15985, error: 275
#ERR  p: [207, 1907], r: 155392530, e: -15995, error: 276
#ERR  p: [207, 1908], r: 155392520, e: -16005, error: 277
#ERR  p: [207, 1909], r: 155392510, e: -16015, error: 278
#ERR  p: [207, 1910], r: 155392500, e: -16025, error: 279
#ERR  p: [207, 1911], r: 155392490, e: -16035, error: 280
#ERR  p: [207, 1912], r: 155392480, e: -16045, error: 281
#ERR  p: [207, 1913], r: 155392470, e: -16055, error: 282
#ERR  p: [207, 1914], r: 155392460, e: -16063, error: 283
#ERR  p: [207, 1915], r: 155392450, e: -16073, error: 284
#ERR  p: [207, 1916], r: 155392440, e: -16083, error: 285
#ERR  p: [207, 1917], r: 155392430, e: -16093, error: 286
#ERR  p: [207, 1918], r: 155392420, e: -16103, error: 287
#ERR  p: [207, 1919], r: 155392410, e: -16113, error: 288
#ERR  p: [207, 1920], r: 155392400, e: -16123, error: 289
#ERR  p: [207, 1921], r: 155392390, e: -16133, error: 290
#ERR  p: [207, 1922], r: 155392380, e: -16143, error: 291
#ERR  p: [207, 1923], r: 155392370, e: -16153, error: 292
#ERR  p: [207, 1924], r: 155392360, e: -16163, error: 293
#ERR  p: [207, 1925], r: 155392350, e: -16173, error: 294
#ERR  p: [207, 1926], r: 155392340, e: -16183, error: 295
#ERR  p: [207, 1927], r: 155392330, e: -16193, error: 296
#ERR  p: [207, 1928], r: 155392320, e: -16203, error: 297
#ERR  p: [207, 1929], r: 155392310, e: -16213, error: 298
#ERR  p: [207, 1930], r: 155392300, e: -16223, error: 299
#ERR  p: [207, 1931], r: 155392290, e: -16233, error: 300
#ERR  p: [207, 1932], r: 155392280, e: -16243, error: 301
#ERR  p: [207, 1933], r: 155392270, e: -16253, error: 302
#ERR  p: [207, 1934], r: 155392260, e: -16263, error: 303
#ERR  p: [207, 1935], r: 155392250, e: -16273, error: 304
#ERR  p: [207, 1936], r: 155392240, e: -16283, error: 305
#ERR  p: [207, 1937], r: 155392230, e: -16293, error: 306
#ERR  p: [207, 1938], r: 155392220, e: -16303, error: 307
#ERR  p: [207, 1939], r: 155392210, e: -16313, error: 308
#ERR  p: [207, 1940], r: 155392200, e: -16323, error: 309
#ERR  p: [207, 1941], r: 155392190, e: -16333, error: 310
#ERR  p: [207, 1942], r: 155392180, e: -16343, error: 311
#ERR  p: [207, 1943], r: 155392170, e: -16353, error: 312
#ERR  p: [207, 1944], r: 155392160, e: -16363, error: 313
#ERR  p: [207, 1945], r: 155392150, e: -16373, error: 314
#ERR  p: [207, 1946], r: 155392140, e: -16383, error: 315
#ERR  p: [207, 1947], r: 155392130, e: -16392, error: 316
#ERR  p: [207, 1948], r: 155392120, e: -16402, error: 317
#ERR  p: [207, 1949], r: 155392110, e: -16412, error: 318
#ERR  p: [207, 1950], r: 155392100, e: -16422, error: 319
#ERR  p: [207, 1951], r: 155392090, e: -16432, error: 320
#ERR  p: [207, 1952], r: 155392080, e: -16442, error: 321
#ERR  p: [207, 1953], r: 155392070, e: -16452, error: 322
#ERR  p: [207, 1954], r: 155392060, e: -16462, error: 323
#ERR  p: [207, 1955], r: 155392050, e: -16472, error: 324
#ERR  p: [207, 1956], r: 155392040, e: -16482, error: 325
#ERR  p: [207, 1957], r: 155392030, e: -16492, error: 326
#ERR  p: [207, 1958], r: 155392020, e: -16502, error: 327
#ERR  p: [207, 1959], r: 155392010, e: -16512, error: 328
#ERR  p: [207, 1960], r: 155392000, e: -16522, error: 329
#ERR  p: [207, 1961], r: 155391990, e: -16532, error: 330
#ERR  p: [207, 1962], r: 155391980, e: -16542, error: 331
#ERR  p: [207, 1963], r: 155391970, e: -16552, error: 332
#ERR  p: [207, 1964], r: 155391960, e: -16562, error: 333
#ERR  p: [207, 1965], r: 155391950, e: -16572, error: 334
#ERR  p: [207, 1966], r: 155391940, e: -16582, error: 335
#ERR  p: [207, 1967], r: 155391930, e: -16592, error: 336
#ERR  p: [207, 1968], r: 155391920, e: -16602, error: 337
#ERR  p: [207, 1969], r: 155391910, e: -16612, error: 338
#ERR  p: [207, 1970], r: 155391900, e: -16622, error: 339
#ERR  p: [207, 1971], r: 155391890, e: -16632, error: 340
#ERR  p: [207, 1972], r: 155391880, e: -16642, error: 341
#ERR  p: [207, 1973], r: 155391870, e: -16652, error: 342
#ERR  p: [207, 1974], r: 155391860, e: -16662, error: 343
#ERR  p: [207, 1975], r: 155391850, e: -16672, error: 344
#ERR  p: [207, 1976], r: 155391840, e: -16682, error: 345
#ERR  p: [207, 1977], r: 155391830, e: -16690, error: 346
#ERR  p: [207, 1978], r: 155391820, e: -16700, error: 347
#ERR  p: [207, 1979], r: 155391810, e: -16710, error: 348
#ERR  p: [207, 1980], r: 155391800, e: -16719, error: 349
#ERR  p: [207, 1981], r: 155391790, e: -16728, error: 350
#ERR  p: [207, 1982], r: 155391780, e: -16738, error: 351
#ERR  p: [207, 1983], r: 155391770, e: -16747, error: 352
#ERR  p: [207, 1984], r: 155391760, e: -16757, error: 353
#ERR  p: [207, 1985], r: 155391750, e: -16767, error: 354
#ERR  p: [207, 1986], r: 155391740, e: -16777, error: 355
#ERR  p: [207, 1987], r: 155391730, e: -16787, error: 356
#ERR  p: [207, 1988], r: 155391720, e: -16797, error: 357
#ERR  p: [207, 1989], r: 155391710, e: -16807, error: 358
#ERR  p: [207, 1990], r: 155391700, e: -16817, error: 359
#ERR  p: [207, 1991], r: 155391690, e: -16827, error: 360
#ERR  p: [207, 1992], r: 155391680, e: -16832, error: 361
#ERR  p: [207, 1993], r: 155391670, e: -16842, error: 362
#ERR  p: [207, 1994], r: 155391660, e: -16852, error: 363
#ERR  p: [207, 1995], r: 155391650, e: -16862, error: 364
#ERR  p: [207, 1996], r: 155391640, e: -16872, error: 365
#ERR  p: [207, 1997], r: 155391630, e: -16882, error: 366
#ERR  p: [207, 1998], r: 155391620, e: -16892, error: 367
#ERR  p: [207, 1999], r: 155391610, e: -16902, error: 368
#ERR  p: [207, 2000], r: 155391600, e: -16912, error: 369
#ERR  p: [207, 2001], r: 155391590, e: -16922, error: 370
#ERR  p: [207, 2002], r: 155391580, e: -16932, error: 371
#ERR  p: [207, 2003], r: 155391570, e: -16942, error: 372
#ERR  p: [207, 2004], r: 155391560, e: -16952, error: 373
#ERR  p: [207, 2005], r: 155391550, e: -16962, error: 374
#ERR  p: [207, 2006], r: 155391540, e: -16972, error: 375
#ERR  p: [207, 2007], r: 155391530, e: -16982, error: 376
#ERR  p: [207, 2008], r: 155391520, e: -16992, error: 377
#ERR  p: [207, 2009], r: 155391510, e: -17002, error: 378
#ERR  p: [207, 2010], r: 155391500, e: -17012, error: 379
#ERR  p: [207, 2011], r: 155391490, e: -17022, error: 380
#ERR  p: [207, 2012], r: 155391480, e: -17031, error: 381
#ERR  p: [207, 2013], r: 155391470, e: -17041, error: 382
#ERR  p: [207, 2014], r: 155391460, e: -17051, error: 383
#ERR  p: [207, 2015], r: 155391450, e: -17061, error: 384
#ERR  p: [207, 2016], r: 155391440, e: -17071, error: 385
#ERR  p: [207, 2017], r: 155391430, e: -17081, error: 386
#ERR  p: [207, 2018], r: 155391420, e: -17091, error: 387
#ERR  p: [207, 2019], r: 155391410, e: -17101, error: 388
#ERR  p: [207, 2020], r: 155391400, e: -17111, error: 389
#ERR  p: [207, 2021], r: 155391390, e: -17121, error: 390
#ERR  p: [207, 2022], r: 155391380, e: -17131, error: 391
#ERR  p: [207, 2023], r: 155391370, e: -17141, error: 392
#ERR  p: [207, 2024], r: 155391360, e: -17151, error: 393
#ERR  p: [207, 2025], r: 155391350, e: -17161, error: 394
#ERR  p: [207, 2026], r: 155391340, e: -17171, error: 395
#ERR  p: [207, 2027], r: 155391330, e: -17177, error: 396
#ERR  p: [207, 2028], r: 155391320, e: -17187, error: 397
#ERR  p: [207, 2029], r: 155391310, e: -17197, error: 398
#ERR  p: [207, 2030], r: 155391300, e: -17207, error: 399
#ERR  p: [207, 2031], r: 155391290, e: -17217, error: 400
#ERR  p: [207, 2032], r: 155391280, e: -17227, error: 401
#ERR  p: [207, 2033], r: 155391270, e: -17237, error: 402
#ERR  p: [207, 2034], r: 155391260, e: -17247, error: 403
#ERR  p: [207, 2035], r: 155391250, e: -17257, error: 404
#ERR  p: [207, 2036], r: 155391240, e: -17267, error: 405
#ERR  p: [207, 2037], r: 155391230, e: -17277, error: 406
#ERR  p: [207, 2038], r: 155391220, e: -17287, error: 407
#ERR  p: [207, 2039], r: 155391210, e: -17297, error: 408
#ERR  p: [207, 2040], r: 155391200, e: -17307, error: 409
#ERR  p: [207, 2041], r: 155391190, e: -17317, error: 410
#ERR  p: [207, 2042], r: 155391180, e: -17327, error: 411
#ERR  p: [207, 2043], r: 155391170, e: -17337, error: 412
#ERR  p: [207, 2044], r: 155391160, e: -17347, error: 413
#ERR  p: [207, 2045], r: 155391150, e: -17357, error: 414
#ERR  p: [207, 2046], r: 155391140, e: -17367, error: 415
#ERR  p: [207, 2047], r: 155391130, e: -17377, error: 416
#ERR  p: [207, 2048], r: 155391120, e: -17387, error: 417
#ERR  p: [208, 1632], r: 155395270, e: -13275, error: 418
#ERR  p: [208, 1633], r: 155395279, e: -13285, error: 419
#ERR  p: [208, 1634], r: 155395269, e: -13295, error: 420
#ERR  p: [208, 1635], r: 155395260, e: -13305, error: 421
#ERR  p: [208, 1636], r: 155395250, e: -13315, error: 422
#ERR  p: [208, 1637], r: 155395241, e: -13325, error: 423
#ERR  p: [208, 1638], r: 155395235, e: -13335, error: 424
#ERR  p: [208, 1639], r: 155395225, e: -13345, error: 425
#ERR  p: [208, 1640], r: 155395215, e: -13355, error: 426
#ERR  p: [208, 1641], r: 155395205, e: -13365, error: 427
#ERR  p: [208, 1642], r: 155395195, e: -13375, error: 428
#ERR  p: [208, 1643], r: 155395185, e: -13385, error: 429
#ERR  p: [208, 1644], r: 155395175, e: -13395, error: 430
#ERR  p: [208, 1645], r: 155395165, e: -13405, error: 431
#ERR  p: [208, 1646], r: 155395155, e: -13415, error: 432
#ERR  p: [208, 1647], r: 155395145, e: -13425, error: 433
#ERR  p: [208, 1648], r: 155395135, e: -13435, error: 434
#ERR  p: [208, 1649], r: 155395125, e: -13445, error: 435
#ERR  p: [208, 1650], r: 155395115, e: -13455, error: 436
#ERR  p: [208, 1651], r: 155395105, e: -13465, error: 437
#ERR  p: [208, 1652], r: 155395095, e: -13475, error: 438
#ERR  p: [208, 1653], r: 155395085, e: -13485, error: 439
#ERR  p: [208, 1654], r: 155395075, e: -13495, error: 440
#ERR  p: [208, 1655], r: 155395065, e: -13505, error: 441
#ERR  p: [208, 1656], r: 155395055, e: -13515, error: 442
#ERR  p: [208, 1657], r: 155395045, e: -13525, error: 443
#ERR  p: [208, 1658], r: 155395035, e: -13535, error: 444
#ERR  p: [208, 1659], r: 155395025, e: -13545, error: 445
#ERR  p: [208, 1660], r: 155395015, e: -13555, error: 446
#ERR  p: [208, 1661], r: 155395005, e: -13565, error: 447
#ERR  p: [208, 1662], r: 155394995, e: -13575, error: 448
#ERR  p: [208, 1663], r: 155394985, e: -13585, error: 449
#ERR  p: [208, 1664], r: 155394975, e: -13595, error: 450
#ERR  p: [208, 1665], r: 155394965, e: -13605, error: 451
#ERR  p: [208, 1666], r: 155394955, e: -13615, error: 452
#ERR  p: [208, 1667], r: 155394945, e: -13625, error: 453
#ERR  p: [208, 1668], r: 155394935, e: -13635, error: 454
#ERR  p: [208, 1669], r: 155394925, e: -13645, error: 455
#ERR  p: [208, 1670], r: 155394915, e: -13655, error: 456
#ERR  p: [208, 1671], r: 155394905, e: -13665, error: 457
#ERR  p: [208, 1672], r: 155394895, e: -13675, error: 458
#ERR  p: [208, 1673], r: 155394885, e: -13685, error: 459
#ERR  p: [208, 1674], r: 155394875, e: -13695, error: 460
#ERR  p: [208, 1675], r: 155394865, e: -13705, error: 461
#ERR  p: [208, 1676], r: 155394855, e: -13715, error: 462
#ERR  p: [208, 1677], r: 155394845, e: -13725, error: 463
#ERR  p: [208, 1678], r: 155394835, e: -13735, error: 464
#ERR  p: [208, 1679], r: 155394825, e: -13745, error: 465
#ERR  p: [208, 1680], r: 155394815, e: -13755, error: 466
#ERR  p: [208, 1681], r: 155394805, e: -13765, error: 467
#ERR  p: [208, 1682], r: 155394795, e: -13775, error: 468
#ERR  p: [208, 1683], r: 155394785, e: -13785, error: 469
#ERR  p: [208, 1684], r: 155394775, e: -13795, error: 470
#ERR  p: [208, 1685], r: 155394765, e: -13805, error: 471
#ERR  p: [208, 1686], r: 155394755, e: -13815, error: 472
#ERR  p: [208, 1687], r: 155394745, e: -13825, error: 473
#ERR  p: [208, 1688], r: 155394735, e: -13835, error: 474
#ERR  p: [208, 1689], r: 155394725, e: -13845, error: 475
#ERR  p: [208, 1690], r: 155394715, e: -13855, error: 476
#ERR  p: [208, 1691], r: 155394705, e: -13865, error: 477
#ERR  p: [208, 1692], r: 155394695, e: -13875, error: 478
#ERR  p: [208, 1693], r: 155394685, e: -13885, error: 479
#ERR  p: [208, 1694], r: 155394675, e: -13895, error: 480
#ERR  p: [208, 1695], r: 155394665, e: -13905, error: 481
#ERR  p: [208, 1696], r: 155394655, e: -13915, error: 482
#ERR  p: [208, 1697], r: 155394645, e: -13925, error: 483
#ERR  p: [208, 1698], r: 155394635, e: -13935, error: 484
#ERR  p: [208, 1699], r: 155394625, e: -13945, error: 485
#ERR  p: [208, 1700], r: 155394615, e: -13955, error: 486
#ERR  p: [208, 1701], r: 155394605, e: -13962, error: 487
#ERR  p: [208, 1702], r: 155394595, e: -13972, error: 488
#ERR  p: [208, 1703], r: 155394585, e: -13980, error: 489
#ERR  p: [208, 1704], r: 155394575, e: -13990, error: 490
#ERR  p: [208, 1705], r: 155394565, e: -14000, error: 491
#ERR  p: [208, 1706], r: 155394555, e: -14010, error: 492
#ERR  p: [208, 1707], r: 155394545, e: -14020, error: 493
#ERR  p: [208, 1708], r: 155394535, e: -14030, error: 494
#ERR  p: [208, 1709], r: 155394525, e: -14040, error: 495
#ERR  p: [208, 1710], r: 155394515, e: -14050, error: 496
#ERR  p: [208, 1711], r: 155394505, e: -14060, error: 497
#ERR  p: [208, 1712], r: 155394495, e: -14070, error: 498
#ERR  p: [208, 1713], r: 155394485, e: -14080, error: 499
#SDC Ite:0 KerTime:0.294486 AccTime:0.294486 KerErr:500 AccErr:500
#END