#HEADER max_rows:2048 max_cols:2048 penalty:10
#BEGIN Y:2016 M:09 D:12 Time:15:20:09
#IT Ite:0 KerTime:0.295073 AccTime:0.295073
#ERR Error detected! kerrors = 1526940
#ERR  p: [551, 1028], r: 484441216, e: -3743, error: 1
#ERR  p: [551, 1029], r: 484441206, e: -3744, error: 2
#ERR  p: [551, 1030], r: 484441196, e: -3752, error: 3
#ERR  p: [551, 1031], r: 484441186, e: -3760, error: 4
#ERR  p: [551, 1032], r: 484441176, e: -3770, error: 5
#ERR  p: [551, 1033], r: 484441166, e: -3777, error: 6
#ERR  p: [551, 1034], r: 484441156, e: -3787, error: 7
#ERR  p: [551, 1035], r: 484441146, e: -3797, error: 8
#ERR  p: [551, 1036], r: 484441136, e: -3806, error: 9
#ERR  p: [551, 1037], r: 484441126, e: -3816, error: 10
#ERR  p: [551, 1038], r: 484441116, e: -3823, error: 11
#ERR  p: [551, 1039], r: 484441106, e: -3831, error: 12
#ERR  p: [551, 1040], r: 484441096, e: -3840, error: 13
#ERR  p: [551, 1041], r: 484441086, e: -3846, error: 14
#ERR  p: [551, 1042], r: 484441076, e: -3854, error: 15
#ERR  p: [551, 1043], r: 484441066, e: -3859, error: 16
#ERR  p: [551, 1044], r: 484441056, e: -3869, error: 17
#ERR  p: [551, 1045], r: 484441046, e: -3879, error: 18
#ERR  p: [551, 1046], r: 484441036, e: -3889, error: 19
#ERR  p: [551, 1047], r: 484441026, e: -3899, error: 20
#ERR  p: [551, 1048], r: 484441016, e: -3909, error: 21
#ERR  p: [551, 1049], r: 484441006, e: -3919, error: 22
#ERR  p: [551, 1050], r: 484440996, e: -3929, error: 23
#ERR  p: [551, 1051], r: 484440986, e: -3939, error: 24
#ERR  p: [551, 1052], r: 484440976, e: -3949, error: 25
#ERR  p: [551, 1053], r: 484440966, e: -3959, error: 26
#ERR  p: [551, 1054], r: 484440956, e: -3969, error: 27
#ERR  p: [551, 1055], r: 484440946, e: -3979, error: 28
#ERR  p: [551, 1056], r: 484440936, e: -3980, error: 29
#ERR  p: [551, 1057], r: 484440926, e: -3990, error: 30
#ERR  p: [551, 1058], r: 484440916, e: -4000, error: 31
#ERR  p: [551, 1059], r: 484440906, e: -4010, error: 32
#ERR  p: [551, 1060], r: 484440896, e: -4020, error: 33
#ERR  p: [551, 1061], r: 484440886, e: -4030, error: 34
#ERR  p: [551, 1062], r: 484440876, e: -4040, error: 35
#ERR  p: [551, 1063], r: 484440866, e: -4050, error: 36
#ERR  p: [551, 1064], r: 484440856, e: -4060, error: 37
#ERR  p: [551, 1065], r: 484440846, e: -4070, error: 38
#ERR  p: [551, 1066], r: 484440836, e: -4080, error: 39
#ERR  p: [551, 1067], r: 484440826, e: -4090, error: 40
#ERR  p: [551, 1068], r: 484440816, e: -4098, error: 41
#ERR  p: [551, 1069], r: 484440806, e: -4108, error: 42
#ERR  p: [551, 1070], r: 484440796, e: -4118, error: 43
#ERR  p: [551, 1071], r: 484440786, e: -4128, error: 44
#ERR  p: [551, 1072], r: 484440776, e: -4138, error: 45
#ERR  p: [551, 1073], r: 484440766, e: -4148, error: 46
#ERR  p: [551, 1074], r: 484440756, e: -4158, error: 47
#ERR  p: [551, 1075], r: 484440746, e: -4168, error: 48
#ERR  p: [551, 1076], r: 484440736, e: -4178, error: 49
#ERR  p: [551, 1077], r: 484440726, e: -4188, error: 50
#ERR  p: [551, 1078], r: 484440716, e: -4198, error: 51
#ERR  p: [551, 1079], r: 484440706, e: -4208, error: 52
#ERR  p: [551, 1080], r: 484440696, e: -4218, error: 53
#ERR  p: [551, 1081], r: 484440686, e: -4228, error: 54
#ERR  p: [551, 1082], r: 484440676, e: -4238, error: 55
#ERR  p: [551, 1083], r: 484440666, e: -4248, error: 56
#ERR  p: [551, 1084], r: 484440656, e: -4258, error: 57
#ERR  p: [551, 1085], r: 484440646, e: -4268, error: 58
#ERR  p: [551, 1086], r: 484440636, e: -4278, error: 59
#ERR  p: [551, 1087], r: 484440626, e: -4287, error: 60
#ERR  p: [551, 1088], r: 484440616, e: -4297, error: 61
#ERR  p: [551, 1089], r: 484440606, e: -4306, error: 62
#ERR  p: [551, 1090], r: 484440596, e: -4313, error: 63
#ERR  p: [551, 1091], r: 484440586, e: -4323, error: 64
#ERR  p: [551, 1092], r: 484440576, e: -4326, error: 65
#ERR  p: [551, 1093], r: 484440566, e: -4336, error: 66
#ERR  p: [551, 1094], r: 484440556, e: -4346, error: 67
#ERR  p: [551, 1095], r: 484440546, e: -4356, error: 68
#ERR  p: [551, 1096], r: 484440536, e: -4366, error: 69
#ERR  p: [551, 1097], r: 484440526, e: -4375, error: 70
#ERR  p: [551, 1098], r: 484440516, e: -4384, error: 71
#ERR  p: [551, 1099], r: 484440506, e: -4394, error: 72
#ERR  p: [551, 1100], r: 484440496, e: -4399, error: 73
#ERR  p: [551, 1101], r: 484440486, e: -4407, error: 74
#ERR  p: [551, 1102], r: 484440476, e: -4410, error: 75
#ERR  p: [551, 1103], r: 484440466, e: -4413, error: 76
#ERR  p: [551, 1104], r: 484440456, e: -4423, error: 77
#ERR  p: [551, 1105], r: 484440446, e: -4433, error: 78
#ERR  p: [551, 1106], r: 484440436, e: -4443, error: 79
#ERR  p: [551, 1107], r: 484440426, e: -4449, error: 80
#ERR  p: [551, 1108], r: 484440416, e: -4456, error: 81
#ERR  p: [551, 1109], r: 484440406, e: -4465, error: 82
#ERR  p: [551, 1110], r: 484440396, e: -4473, error: 83
#ERR  p: [551, 1111], r: 484440386, e: -4476, error: 84
#ERR  p: [551, 1112], r: 484440376, e: -4481, error: 85
#ERR  p: [551, 1113], r: 484440366, e: -4491, error: 86
#ERR  p: [551, 1114], r: 484440356, e: -4497, error: 87
#ERR  p: [551, 1115], r: 484440346, e: -4501, error: 88
#ERR  p: [551, 1116], r: 484440336, e: -4503, error: 89
#ERR  p: [551, 1117], r: 484440326, e: -4508, error: 90
#ERR  p: [551, 1118], r: 484440316, e: -4516, error: 91
#ERR  p: [551, 1119], r: 484440306, e: -4526, error: 92
#ERR  p: [551, 1120], r: 484440296, e: -4529, error: 93
#ERR  p: [551, 1121], r: 484440286, e: -4539, error: 94
#ERR  p: [551, 1122], r: 484440276, e: -4549, error: 95
#ERR  p: [551, 1123], r: 484440266, e: -4559, error: 96
#ERR  p: [551, 1124], r: 484440256, e: -4569, error: 97
#ERR  p: [551, 1125], r: 484440246, e: -4579, error: 98
#ERR  p: [551, 1126], r: 484440236, e: -4589, error: 99
#ERR  p: [551, 1127], r: 484440226, e: -4599, error: 100
#ERR  p: [551, 1128], r: 484440216, e: -4609, error: 101
#ERR  p: [551, 1129], r: 484440206, e: -4619, error: 102
#ERR  p: [551, 1130], r: 484440196, e: -4628, error: 103
#ERR  p: [551, 1131], r: 484440186, e: -4637, error: 104
#ERR  p: [551, 1132], r: 484440176, e: -4646, error: 105
#ERR  p: [551, 1133], r: 484440166, e: -4652, error: 106
#ERR  p: [551, 1134], r: 484440156, e: -4662, error: 107
#ERR  p: [551, 1135], r: 484440146, e: -4672, error: 108
#ERR  p: [551, 1136], r: 484440136, e: -4681, error: 109
#ERR  p: [551, 1137], r: 484440126, e: -4691, error: 110
#ERR  p: [551, 1138], r: 484440116, e: -4701, error: 111
#ERR  p: [551, 1139], r: 484440106, e: -4710, error: 112
#ERR  p: [551, 1140], r: 484440096, e: -4720, error: 113
#ERR  p: [551, 1141], r: 484440086, e: -4727, error: 114
#ERR  p: [551, 1142], r: 484440076, e: -4737, error: 115
#ERR  p: [551, 1143], r: 484440066, e: -4747, error: 116
#ERR  p: [551, 1144], r: 484440056, e: -4757, error: 117
#ERR  p: [551, 1145], r: 484440046, e: -4767, error: 118
#ERR  p: [551, 1146], r: 484440036, e: -4777, error: 119
#ERR  p: [551, 1147], r: 484440026, e: -4787, error: 120
#ERR  p: [551, 1148], r: 484440016, e: -4797, error: 121
#ERR  p: [551, 1149], r: 484440006, e: -4806, error: 122
#ERR  p: [551, 1150], r: 484439996, e: -4816, error: 123
#ERR  p: [551, 1151], r: 484439986, e: -4826, error: 124
#ERR  p: [551, 1152], r: 484439976, e: -4835, error: 125
#ERR  p: [551, 1153], r: 484439966, e: -4845, error: 126
#ERR  p: [551, 1154], r: 484439956, e: -4855, error: 127
#ERR  p: [551, 1155], r: 484439946, e: -4865, error: 128
#ERR  p: [551, 1156], r: 484439936, e: -4875, error: 129
#ERR  p: [551, 1157], r: 484439926, e: -4884, error: 130
#ERR  p: [551, 1158], r: 484439916, e: -4893, error: 131
#ERR  p: [551, 1159], r: 484439906, e: -4903, error: 132
#ERR  p: [551, 1160], r: 484439896, e: -4913, error: 133
#ERR  p: [551, 1161], r: 484439886, e: -4923, error: 134
#ERR  p: [551, 1162], r: 484439876, e: -4933, error: 135
#ERR  p: [551, 1163], r: 484439866, e: -4943, error: 136
#ERR  p: [551, 1164], r: 484439856, e: -4953, error: 137
#ERR  p: [551, 1165], r: 484439846, e: -4963, error: 138
#ERR  p: [551, 1166], r: 484439836, e: -4973, error: 139
#ERR  p: [551, 1167], r: 484439826, e: -4980, error: 140
#ERR  p: [551, 1168], r: 484439816, e: -4988, error: 141
#ERR  p: [551, 1169], r: 484439806, e: -4993, error: 142
#ERR  p: [551, 1170], r: 484439796, e: -5001, error: 143
#ERR  p: [551, 1171], r: 484439786, e: -5011, error: 144
#ERR  p: [551, 1172], r: 484439776, e: -5014, error: 145
#ERR  p: [551, 1173], r: 484439766, e: -5024, error: 146
#ERR  p: [551, 1174], r: 484439756, e: -5034, error: 147
#ERR  p: [551, 1175], r: 484439746, e: -5044, error: 148
#ERR  p: [551, 1176], r: 484439736, e: -5054, error: 149
#ERR  p: [551, 1177], r: 484439726, e: -5064, error: 150
#ERR  p: [551, 1178], r: 484439716, e: -5074, error: 151
#ERR  p: [551, 1179], r: 484439706, e: -5084, error: 152
#ERR  p: [551, 1180], r: 484439696, e: -5094, error: 153
#ERR  p: [551, 1181], r: 484439686, e: -5104, error: 154
#ERR  p: [551, 1182], r: 484439676, e: -5112, error: 155
#ERR  p: [551, 1183], r: 484439666, e: -5122, error: 156
#ERR  p: [551, 1184], r: 484439656, e: -5132, error: 157
#ERR  p: [551, 1185], r: 484439646, e: -5142, error: 158
#ERR  p: [551, 1186], r: 484439636, e: -5152, error: 159
#ERR  p: [551, 1187], r: 484439626, e: -5162, error: 160
#ERR  p: [551, 1188], r: 484439616, e: -5172, error: 161
#ERR  p: [551, 1189], r: 484439606, e: -5182, error: 162
#ERR  p: [551, 1190], r: 484439596, e: -5192, error: 163
#ERR  p: [551, 1191], r: 484439586, e: -5200, error: 164
#ERR  p: [551, 1192], r: 484439576, e: -5208, error: 165
#ERR  p: [551, 1193], r: 484439566, e: -5214, error: 166
#ERR  p: [551, 1194], r: 484439556, e: -5224, error: 167
#ERR  p: [551, 1195], r: 484439546, e: -5227, error: 168
#ERR  p: [551, 1196], r: 484439536, e: -5237, error: 169
#ERR  p: [551, 1197], r: 484439526, e: -5247, error: 170
#ERR  p: [551, 1198], r: 484439516, e: -5249, error: 171
#ERR  p: [551, 1199], r: 484439506, e: -5251, error: 172
#ERR  p: [551, 1200], r: 484439496, e: -5259, error: 173
#ERR  p: [551, 1201], r: 484439486, e: -5269, error: 174
#ERR  p: [551, 1202], r: 484439476, e: -5279, error: 175
#ERR  p: [551, 1203], r: 484439466, e: -5287, error: 176
#ERR  p: [551, 1204], r: 484439456, e: -5296, error: 177
#ERR  p: [551, 1205], r: 484439446, e: -5304, error: 178
#ERR  p: [551, 1206], r: 484439436, e: -5314, error: 179
#ERR  p: [551, 1207], r: 484439426, e: -5324, error: 180
#ERR  p: [551, 1208], r: 484439416, e: -5334, error: 181
#ERR  p: [551, 1209], r: 484439406, e: -5344, error: 182
#ERR  p: [551, 1210], r: 484439396, e: -5353, error: 183
#ERR  p: [551, 1211], r: 484439386, e: -5361, error: 184
#ERR  p: [551, 1212], r: 484439376, e: -5371, error: 185
#ERR  p: [551, 1213], r: 484439366, e: -5381, error: 186
#ERR  p: [551, 1214], r: 484439356, e: -5388, error: 187
#ERR  p: [551, 1215], r: 484439346, e: -5398, error: 188
#ERR  p: [551, 1216], r: 484439336, e: -5405, error: 189
#ERR  p: [551, 1217], r: 484439326, e: -5415, error: 190
#ERR  p: [551, 1218], r: 484439316, e: -5425, error: 191
#ERR  p: [551, 1219], r: 484439306, e: -5435, error: 192
#ERR  p: [551, 1220], r: 484439296, e: -5445, error: 193
#ERR  p: [551, 1221], r: 484439286, e: -5455, error: 194
#ERR  p: [551, 1222], r: 484439276, e: -5464, error: 195
#ERR  p: [551, 1223], r: 484439266, e: -5467, error: 196
#ERR  p: [551, 1224], r: 484439256, e: -5477, error: 197
#ERR  p: [551, 1225], r: 484439246, e: -5487, error: 198
#ERR  p: [551, 1226], r: 484439236, e: -5497, error: 199
#ERR  p: [551, 1227], r: 484439226, e: -5507, error: 200
#ERR  p: [551, 1228], r: 484439216, e: -5517, error: 201
#ERR  p: [551, 1229], r: 484439206, e: -5527, error: 202
#ERR  p: [551, 1230], r: 484439196, e: -5537, error: 203
#ERR  p: [551, 1231], r: 484439186, e: -5547, error: 204
#ERR  p: [551, 1232], r: 484439176, e: -5557, error: 205
#ERR  p: [551, 1233], r: 484439166, e: -5567, error: 206
#ERR  p: [551, 1234], r: 484439156, e: -5576, error: 207
#ERR  p: [551, 1235], r: 484439146, e: -5585, error: 208
#ERR  p: [551, 1236], r: 484439136, e: -5595, error: 209
#ERR  p: [551, 1237], r: 484439126, e: -5605, error: 210
#ERR  p: [551, 1238], r: 484439116, e: -5615, error: 211
#ERR  p: [551, 1239], r: 484439106, e: -5625, error: 212
#ERR  p: [551, 1240], r: 484439096, e: -5628, error: 213
#ERR  p: [551, 1241], r: 484439086, e: -5635, error: 214
#ERR  p: [551, 1242], r: 484439076, e: -5645, error: 215
#ERR  p: [551, 1243], r: 484439066, e: -5655, error: 216
#ERR  p: [551, 1244], r: 484439056, e: -5664, error: 217
#ERR  p: [551, 1245], r: 484439046, e: -5671, error: 218
#ERR  p: [551, 1246], r: 484439036, e: -5681, error: 219
#ERR  p: [551, 1247], r: 484439026, e: -5690, error: 220
#ERR  p: [551, 1248], r: 484439016, e: -5693, error: 221
#ERR  p: [551, 1249], r: 484439006, e: -5702, error: 222
#ERR  p: [551, 1250], r: 484438996, e: -5709, error: 223
#ERR  p: [551, 1251], r: 484438986, e: -5719, error: 224
#ERR  p: [551, 1252], r: 484438976, e: -5729, error: 225
#ERR  p: [551, 1253], r: 484438966, e: -5739, error: 226
#ERR  p: [551, 1254], r: 484438956, e: -5749, error: 227
#ERR  p: [551, 1255], r: 484438946, e: -5759, error: 228
#ERR  p: [551, 1256], r: 484438936, e: -5769, error: 229
#ERR  p: [551, 1257], r: 484438926, e: -5779, error: 230
#ERR  p: [551, 1258], r: 484438916, e: -5789, error: 231
#ERR  p: [551, 1259], r: 484438906, e: -5799, error: 232
#ERR  p: [551, 1260], r: 484438896, e: -5809, error: 233
#ERR  p: [551, 1261], r: 484438886, e: -5819, error: 234
#ERR  p: [551, 1262], r: 484438876, e: -5825, error: 235
#ERR  p: [551, 1263], r: 484438866, e: -5830, error: 236
#ERR  p: [551, 1264], r: 484438856, e: -5840, error: 237
#ERR  p: [551, 1265], r: 484438846, e: -5850, error: 238
#ERR  p: [551, 1266], r: 484438836, e: -5860, error: 239
#ERR  p: [551, 1267], r: 484438826, e: -5861, error: 240
#ERR  p: [551, 1268], r: 484438816, e: -5871, error: 241
#ERR  p: [551, 1269], r: 484438806, e: -5881, error: 242
#ERR  p: [551, 1270], r: 484438796, e: -5891, error: 243
#ERR  p: [551, 1271], r: 484438786, e: -5901, error: 244
#ERR  p: [551, 1272], r: 484438776, e: -5911, error: 245
#ERR  p: [551, 1273], r: 484438766, e: -5921, error: 246
#ERR  p: [551, 1274], r: 484438756, e: -5930, error: 247
#ERR  p: [551, 1275], r: 484438746, e: -5940, error: 248
#ERR  p: [551, 1276], r: 484438736, e: -5949, error: 249
#ERR  p: [551, 1277], r: 484438726, e: -5956, error: 250
#ERR  p: [551, 1278], r: 484438716, e: -5966, error: 251
#ERR  p: [551, 1279], r: 484438706, e: -5975, error: 252
#ERR  p: [551, 1280], r: 484438696, e: -5983, error: 253
#ERR  p: [551, 1281], r: 484438686, e: -5990, error: 254
#ERR  p: [551, 1282], r: 484438676, e: -6000, error: 255
#ERR  p: [551, 1283], r: 484438666, e: -6010, error: 256
#ERR  p: [551, 1284], r: 484438656, e: -6020, error: 257
#ERR  p: [551, 1285], r: 484438646, e: -6030, error: 258
#ERR  p: [551, 1286], r: 484438636, e: -6040, error: 259
#ERR  p: [551, 1287], r: 484438626, e: -6050, error: 260
#ERR  p: [551, 1288], r: 484438616, e: -6060, error: 261
#ERR  p: [551, 1289], r: 484438606, e: -6067, error: 262
#ERR  p: [551, 1290], r: 484438596, e: -6077, error: 263
#ERR  p: [551, 1291], r: 484438586, e: -6086, error: 264
#ERR  p: [551, 1292], r: 484438576, e: -6096, error: 265
#ERR  p: [551, 1293], r: 484438566, e: -6102, error: 266
#ERR  p: [551, 1294], r: 484438556, e: -6111, error: 267
#ERR  p: [551, 1295], r: 484438546, e: -6121, error: 268
#ERR  p: [551, 1296], r: 484438536, e: -6131, error: 269
#ERR  p: [551, 1297], r: 484438526, e: -6141, error: 270
#ERR  p: [551, 1298], r: 484438516, e: -6151, error: 271
#ERR  p: [551, 1299], r: 484438506, e: -6159, error: 272
#ERR  p: [551, 1300], r: 484438496, e: -6169, error: 273
#ERR  p: [551, 1301], r: 484438486, e: -6179, error: 274
#ERR  p: [551, 1302], r: 484438476, e: -6187, error: 275
#ERR  p: [551, 1303], r: 484438466, e: -6195, error: 276
#ERR  p: [551, 1304], r: 484438456, e: -6204, error: 277
#ERR  p: [551, 1305], r: 484438446, e: -6198, error: 278
#ERR  p: [551, 1306], r: 484438436, e: -6208, error: 279
#ERR  p: [551, 1307], r: 484438426, e: -6218, error: 280
#ERR  p: [551, 1308], r: 484438416, e: -6228, error: 281
#ERR  p: [551, 1309], r: 484438406, e: -6238, error: 282
#ERR  p: [551, 1310], r: 484438396, e: -6246, error: 283
#ERR  p: [551, 1311], r: 484438386, e: -6256, error: 284
#ERR  p: [551, 1312], r: 484438376, e: -6266, error: 285
#ERR  p: [551, 1313], r: 484438366, e: -6276, error: 286
#ERR  p: [551, 1314], r: 484438356, e: -6284, error: 287
#ERR  p: [551, 1315], r: 484438346, e: -6292, error: 288
#ERR  p: [551, 1316], r: 484438336, e: -6302, error: 289
#ERR  p: [551, 1317], r: 484438326, e: -6312, error: 290
#ERR  p: [551, 1318], r: 484438316, e: -6322, error: 291
#ERR  p: [551, 1319], r: 484438306, e: -6332, error: 292
#ERR  p: [551, 1320], r: 484438296, e: -6342, error: 293
#ERR  p: [551, 1321], r: 484438286, e: -6352, error: 294
#ERR  p: [551, 1322], r: 484438276, e: -6361, error: 295
#ERR  p: [551, 1323], r: 484438266, e: -6367, error: 296
#ERR  p: [551, 1324], r: 484438256, e: -6377, error: 297
#ERR  p: [551, 1325], r: 484438246, e: -6387, error: 298
#ERR  p: [551, 1326], r: 484438236, e: -6392, error: 299
#ERR  p: [551, 1327], r: 484438226, e: -6400, error: 300
#ERR  p: [551, 1328], r: 484438216, e: -6408, error: 301
#ERR  p: [551, 1329], r: 484438206, e: -6417, error: 302
#ERR  p: [551, 1330], r: 484438196, e: -6424, error: 303
#ERR  p: [551, 1331], r: 484438186, e: -6434, error: 304
#ERR  p: [551, 1332], r: 484438176, e: -6437, error: 305
#ERR  p: [551, 1333], r: 484438166, e: -6447, error: 306
#ERR  p: [551, 1334], r: 484438156, e: -6457, error: 307
#ERR  p: [551, 1335], r: 484438146, e: -6460, error: 308
#ERR  p: [551, 1336], r: 484438136, e: -6470, error: 309
#ERR  p: [551, 1337], r: 484438126, e: -6480, error: 310
#ERR  p: [551, 1338], r: 484438116, e: -6485, error: 311
#ERR  p: [551, 1339], r: 484438106, e: -6493, error: 312
#ERR  p: [551, 1340], r: 484438096, e: -6503, error: 313
#ERR  p: [551, 1341], r: 484438086, e: -6513, error: 314
#ERR  p: [551, 1342], r: 484438076, e: -6523, error: 315
#ERR  p: [551, 1343], r: 484438066, e: -6533, error: 316
#ERR  p: [551, 1344], r: 484438056, e: -6543, error: 317
#ERR  p: [551, 1345], r: 484438046, e: -6551, error: 318
#ERR  p: [551, 1346], r: 484438036, e: -6557, error: 319
#ERR  p: [551, 1347], r: 484438026, e: -6567, error: 320
#ERR  p: [551, 1348], r: 484438016, e: -6577, error: 321
#ERR  p: [551, 1349], r: 484438006, e: -6587, error: 322
#ERR  p: [551, 1350], r: 484437996, e: -6597, error: 323
#ERR  p: [551, 1351], r: 484437986, e: -6605, error: 324
#ERR  p: [551, 1352], r: 484437976, e: -6611, error: 325
#ERR  p: [551, 1353], r: 484437966, e: -6621, error: 326
#ERR  p: [551, 1354], r: 484437956, e: -6631, error: 327
#ERR  p: [551, 1355], r: 484437946, e: -6640, error: 328
#ERR  p: [551, 1356], r: 484437936, e: -6649, error: 329
#ERR  p: [551, 1357], r: 484437926, e: -6658, error: 330
#ERR  p: [551, 1358], r: 484437916, e: -6665, error: 331
#ERR  p: [551, 1359], r: 484437906, e: -6674, error: 332
#ERR  p: [551, 1360], r: 484437896, e: -6683, error: 333
#ERR  p: [551, 1361], r: 484437886, e: -6693, error: 334
#ERR  p: [551, 1362], r: 484437876, e: -6701, error: 335
#ERR  p: [551, 1363], r: 484437866, e: -6707, error: 336
#ERR  p: [551, 1364], r: 484437856, e: -6714, error: 337
#ERR  p: [551, 1365], r: 484437846, e: -6724, error: 338
#ERR  p: [551, 1366], r: 484437836, e: -6734, error: 339
#ERR  p: [551, 1367], r: 484437826, e: -6744, error: 340
#ERR  p: [551, 1368], r: 484437816, e: -6752, error: 341
#ERR  p: [551, 1369], r: 484437806, e: -6761, error: 342
#ERR  p: [551, 1370], r: 484437796, e: -6768, error: 343
#ERR  p: [551, 1371], r: 484437786, e: -6775, error: 344
#ERR  p: [551, 1372], r: 484437776, e: -6782, error: 345
#ERR  p: [551, 1373], r: 484437766, e: -6786, error: 346
#ERR  p: [551, 1374], r: 484437756, e: -6796, error: 347
#ERR  p: [551, 1375], r: 484437746, e: -6804, error: 348
#ERR  p: [551, 1376], r: 484437736, e: -6814, error: 349
#ERR  p: [551, 1377], r: 484437726, e: -6822, error: 350
#ERR  p: [551, 1378], r: 484437716, e: -6823, error: 351
#ERR  p: [551, 1379], r: 484437706, e: -6833, error: 352
#ERR  p: [551, 1380], r: 484437696, e: -6843, error: 353
#ERR  p: [551, 1381], r: 484437686, e: -6853, error: 354
#ERR  p: [551, 1382], r: 484437676, e: -6863, error: 355
#ERR  p: [551, 1383], r: 484437666, e: -6873, error: 356
#ERR  p: [551, 1384], r: 484437656, e: -6883, error: 357
#ERR  p: [551, 1385], r: 484437646, e: -6891, error: 358
#ERR  p: [551, 1386], r: 484437636, e: -6893, error: 359
#ERR  p: [551, 1387], r: 484437626, e: -6903, error: 360
#ERR  p: [551, 1388], r: 484437616, e: -6913, error: 361
#ERR  p: [551, 1389], r: 484437606, e: -6923, error: 362
#ERR  p: [551, 1390], r: 484437596, e: -6933, error: 363
#ERR  p: [551, 1391], r: 484437586, e: -6943, error: 364
#ERR  p: [551, 1392], r: 484437576, e: -6953, error: 365
#ERR  p: [551, 1393], r: 484437566, e: -6958, error: 366
#ERR  p: [551, 1394], r: 484437556, e: -6968, error: 367
#ERR  p: [551, 1395], r: 484437546, e: -6978, error: 368
#ERR  p: [551, 1396], r: 484437536, e: -6988, error: 369
#ERR  p: [551, 1397], r: 484437526, e: -6998, error: 370
#ERR  p: [551, 1398], r: 484437516, e: -7008, error: 371
#ERR  p: [551, 1399], r: 484437506, e: -7016, error: 372
#ERR  p: [551, 1400], r: 484437496, e: -7026, error: 373
#ERR  p: [551, 1401], r: 484437486, e: -7036, error: 374
#ERR  p: [551, 1402], r: 484437476, e: -7046, error: 375
#ERR  p: [551, 1403], r: 484437466, e: -7056, error: 376
#ERR  p: [551, 1404], r: 484437456, e: -7066, error: 377
#ERR  p: [551, 1405], r: 484437446, e: -7076, error: 378
#ERR  p: [551, 1406], r: 484437436, e: -7086, error: 379
#ERR  p: [551, 1407], r: 484437426, e: -7088, error: 380
#ERR  p: [551, 1408], r: 484437416, e: -7098, error: 381
#ERR  p: [551, 1409], r: 484437406, e: -7108, error: 382
#ERR  p: [551, 1410], r: 484437396, e: -7118, error: 383
#ERR  p: [551, 1411], r: 484437386, e: -7128, error: 384
#ERR  p: [551, 1412], r: 484437376, e: -7138, error: 385
#ERR  p: [551, 1413], r: 484437366, e: -7148, error: 386
#ERR  p: [551, 1414], r: 484437356, e: -7158, error: 387
#ERR  p: [551, 1415], r: 484437346, e: -7168, error: 388
#ERR  p: [551, 1416], r: 484437336, e: -7177, error: 389
#ERR  p: [551, 1417], r: 484437326, e: -7186, error: 390
#ERR  p: [551, 1418], r: 484437316, e: -7193, error: 391
#ERR  p: [551, 1419], r: 484437306, e: -7200, error: 392
#ERR  p: [551, 1420], r: 484437296, e: -7210, error: 393
#ERR  p: [551, 1421], r: 484437286, e: -7219, error: 394
#ERR  p: [551, 1422], r: 484437276, e: -7227, error: 395
#ERR  p: [551, 1423], r: 484437266, e: -7237, error: 396
#ERR  p: [551, 1424], r: 484437256, e: -7243, error: 397
#ERR  p: [551, 1425], r: 484437246, e: -7253, error: 398
#ERR  p: [551, 1426], r: 484437236, e: -7263, error: 399
#ERR  p: [551, 1427], r: 484437226, e: -7273, error: 400
#ERR  p: [551, 1428], r: 484437216, e: -7280, error: 401
#ERR  p: [551, 1429], r: 484437206, e: -7290, error: 402
#ERR  p: [551, 1430], r: 484437196, e: -7300, error: 403
#ERR  p: [551, 1431], r: 484437186, e: -7309, error: 404
#ERR  p: [551, 1432], r: 484437176, e: -7319, error: 405
#ERR  p: [551, 1433], r: 484437166, e: -7328, error: 406
#ERR  p: [551, 1434], r: 484437156, e: -7338, error: 407
#ERR  p: [551, 1435], r: 484437146, e: -7348, error: 408
#ERR  p: [551, 1436], r: 484437136, e: -7358, error: 409
#ERR  p: [551, 1437], r: 484437126, e: -7368, error: 410
#ERR  p: [551, 1438], r: 484437116, e: -7378, error: 411
#ERR  p: [551, 1439], r: 484437106, e: -7388, error: 412
#ERR  p: [551, 1440], r: 484437096, e: -7398, error: 413
#ERR  p: [551, 1441], r: 484437086, e: -7408, error: 414
#ERR  p: [551, 1442], r: 484437076, e: -7413, error: 415
#ERR  p: [551, 1443], r: 484437066, e: -7423, error: 416
#ERR  p: [551, 1444], r: 484437056, e: -7433, error: 417
#ERR  p: [551, 1445], r: 484437046, e: -7443, error: 418
#ERR  p: [551, 1446], r: 484437036, e: -7453, error: 419
#ERR  p: [551, 1447], r: 484437026, e: -7463, error: 420
#ERR  p: [551, 1448], r: 484437016, e: -7473, error: 421
#ERR  p: [551, 1449], r: 484437006, e: -7483, error: 422
#ERR  p: [551, 1450], r: 484436996, e: -7493, error: 423
#ERR  p: [551, 1451], r: 484436986, e: -7501, error: 424
#ERR  p: [551, 1452], r: 484436976, e: -7505, error: 425
#ERR  p: [551, 1453], r: 484436966, e: -7510, error: 426
#ERR  p: [551, 1454], r: 484436956, e: -7520, error: 427
#ERR  p: [551, 1455], r: 484436946, e: -7527, error: 428
#ERR  p: [551, 1456], r: 484436936, e: -7534, error: 429
#ERR  p: [551, 1457], r: 484436926, e: -7543, error: 430
#ERR  p: [551, 1458], r: 484436916, e: -7552, error: 431
#ERR  p: [551, 1459], r: 484436906, e: -7562, error: 432
#ERR  p: [551, 1460], r: 484436896, e: -7568, error: 433
#ERR  p: [551, 1461], r: 484436886, e: -7578, error: 434
#ERR  p: [551, 1462], r: 484436876, e: -7588, error: 435
#ERR  p: [551, 1463], r: 484436866, e: -7596, error: 436
#ERR  p: [551, 1464], r: 484436856, e: -7604, error: 437
#ERR  p: [551, 1465], r: 484436846, e: -7607, error: 438
#ERR  p: [551, 1466], r: 484436836, e: -7617, error: 439
#ERR  p: [551, 1467], r: 484436826, e: -7627, error: 440
#ERR  p: [551, 1468], r: 484436816, e: -7636, error: 441
#ERR  p: [551, 1469], r: 484436806, e: -7644, error: 442
#ERR  p: [551, 1470], r: 484436796, e: -7654, error: 443
#ERR  p: [551, 1471], r: 484436786, e: -7657, error: 444
#ERR  p: [551, 1472], r: 484436776, e: -7667, error: 445
#ERR  p: [551, 1473], r: 484436766, e: -7677, error: 446
#ERR  p: [551, 1474], r: 484436756, e: -7687, error: 447
#ERR  p: [551, 1475], r: 484436746, e: -7697, error: 448
#ERR  p: [551, 1476], r: 484436736, e: -7707, error: 449
#ERR  p: [551, 1477], r: 484436726, e: -7717, error: 450
#ERR  p: [551, 1478], r: 484436716, e: -7727, error: 451
#ERR  p: [551, 1479], r: 484436706, e: -7736, error: 452
#ERR  p: [551, 1480], r: 484436696, e: -7743, error: 453
#ERR  p: [551, 1481], r: 484436686, e: -7753, error: 454
#ERR  p: [551, 1482], r: 484436676, e: -7763, error: 455
#ERR  p: [551, 1483], r: 484436666, e: -7773, error: 456
#ERR  p: [551, 1484], r: 484436656, e: -7783, error: 457
#ERR  p: [551, 1485], r: 484436646, e: -7793, error: 458
#ERR  p: [551, 1486], r: 484436636, e: -7803, error: 459
#ERR  p: [551, 1487], r: 484436626, e: -7813, error: 460
#ERR  p: [551, 1488], r: 484436616, e: -7819, error: 461
#ERR  p: [551, 1489], r: 484436606, e: -7821, error: 462
#ERR  p: [551, 1490], r: 484436596, e: -7831, error: 463
#ERR  p: [551, 1491], r: 484436586, e: -7841, error: 464
#ERR  p: [551, 1492], r: 484436576, e: -7851, error: 465
#ERR  p: [551, 1493], r: 484436566, e: -7861, error: 466
#ERR  p: [551, 1494], r: 484436556, e: -7871, error: 467
#ERR  p: [551, 1495], r: 484436546, e: -7878, error: 468
#ERR  p: [551, 1496], r: 484436536, e: -7888, error: 469
#ERR  p: [551, 1497], r: 484436526, e: -7898, error: 470
#ERR  p: [551, 1498], r: 484436516, e: -7908, error: 471
#ERR  p: [551, 1499], r: 484436506, e: -7918, error: 472
#ERR  p: [551, 1500], r: 484436496, e: -7928, error: 473
#ERR  p: [551, 1501], r: 484436486, e: -7938, error: 474
#ERR  p: [551, 1502], r: 484436476, e: -7948, error: 475
#ERR  p: [551, 1503], r: 484436466, e: -7958, error: 476
#ERR  p: [551, 1504], r: 484436456, e: -7968, error: 477
#ERR  p: [551, 1505], r: 484436446, e: -7976, error: 478
#ERR  p: [551, 1506], r: 484436436, e: -7986, error: 479
#ERR  p: [551, 1507], r: 484436426, e: -7994, error: 480
#ERR  p: [551, 1508], r: 484436416, e: -8004, error: 481
#ERR  p: [551, 1509], r: 484436406, e: -8013, error: 482
#ERR  p: [551, 1510], r: 484436396, e: -8023, error: 483
#ERR  p: [551, 1511], r: 484436386, e: -8032, error: 484
#ERR  p: [551, 1512], r: 484436376, e: -8041, error: 485
#ERR  p: [551, 1513], r: 484436366, e: -8050, error: 486
#ERR  p: [551, 1514], r: 484436356, e: -8060, error: 487
#ERR  p: [551, 1515], r: 484436346, e: -8066, error: 488
#ERR  p: [551, 1516], r: 484436336, e: -8071, error: 489
#ERR  p: [551, 1517], r: 484436326, e: -8081, error: 490
#ERR  p: [551, 1518], r: 484436316, e: -8084, error: 491
#ERR  p: [551, 1519], r: 484436306, e: -8094, error: 492
#ERR  p: [551, 1520], r: 484436296, e: -8104, error: 493
#ERR  p: [551, 1521], r: 484436286, e: -8114, error: 494
#ERR  p: [551, 1522], r: 484436276, e: -8124, error: 495
#ERR  p: [551, 1523], r: 484436266, e: -8134, error: 496
#ERR  p: [551, 1524], r: 484436256, e: -8144, error: 497
#ERR  p: [551, 1525], r: 484436246, e: -8154, error: 498
#ERR  p: [551, 1526], r: 484436236, e: -8164, error: 499
#SDC Ite:0 KerTime:0.295073 AccTime:0.295073 KerErr:500 AccErr:500
#END