#HEADER max_rows:2048 max_cols:2048 penalty:10
#BEGIN Y:2016 M:09 D:12 Time:14:03:19
#IT Ite:0 KerTime:0.294371 AccTime:0.294371
#ERR Error detected! kerrors = 327
#ERR  p: [1365, 1646], r: -2169, e: -2165, error: 1
#ERR  p: [1365, 1647], r: -2178, e: -2175, error: 2
#ERR  p: [1366, 1647], r: -2170, e: -2167, error: 3
#ERR  p: [1366, 1648], r: -2179, e: -2176, error: 4
#ERR  p: [1367, 1648], r: -2174, e: -2171, error: 5
#ERR  p: [1367, 1649], r: -2183, e: -2180, error: 6
#ERR  p: [1368, 1649], r: -2174, e: -2171, error: 7
#ERR  p: [1368, 1650], r: -2184, e: -2181, error: 8
#ERR  p: [1368, 1651], r: -2192, e: -2191, error: 9
#ERR  p: [1368, 1652], r: -2202, e: -2201, error: 10
#ERR  p: [1369, 1650], r: -2174, e: -2171, error: 11
#ERR  p: [1369, 1651], r: -2184, e: -2181, error: 12
#ERR  p: [1369, 1652], r: -2194, e: -2191, error: 13
#ERR  p: [1369, 1653], r: -2204, e: -2201, error: 14
#ERR  p: [1370, 1651], r: -2175, e: -2172, error: 15
#ERR  p: [1370, 1652], r: -2185, e: -2182, error: 16
#ERR  p: [1370, 1653], r: -2195, e: -2192, error: 17
#ERR  p: [1370, 1654], r: -2205, e: -2202, error: 18
#ERR  p: [1371, 1652], r: -2179, e: -2176, error: 19
#ERR  p: [1371, 1653], r: -2188, e: -2185, error: 20
#ERR  p: [1371, 1654], r: -2196, e: -2193, error: 21
#ERR  p: [1371, 1655], r: -2206, e: -2203, error: 22
#ERR  p: [1372, 1653], r: -2181, e: -2178, error: 23
#ERR  p: [1372, 1654], r: -2187, e: -2184, error: 24
#ERR  p: [1372, 1655], r: -2195, e: -2192, error: 25
#ERR  p: [1372, 1656], r: -2205, e: -2202, error: 26
#ERR  p: [1373, 1655], r: -2188, e: -2187, error: 27
#ERR  p: [1373, 1656], r: -2193, e: -2190, error: 28
#ERR  p: [1373, 1657], r: -2203, e: -2200, error: 29
#ERR  p: [1373, 1658], r: -2213, e: -2210, error: 30
#ERR  p: [1374, 1657], r: -2195, e: -2192, error: 31
#ERR  p: [1374, 1658], r: -2205, e: -2202, error: 32
#ERR  p: [1374, 1659], r: -2215, e: -2212, error: 33
#ERR  p: [1375, 1658], r: -2196, e: -2193, error: 34
#ERR  p: [1375, 1659], r: -2206, e: -2203, error: 35
#ERR  p: [1375, 1660], r: -2216, e: -2213, error: 36
#ERR  p: [1376, 1659], r: -2196, e: -2193, error: 37
#ERR  p: [1376, 1660], r: -2206, e: -2203, error: 38
#ERR  p: [1376, 1661], r: -2216, e: -2213, error: 39
#ERR  p: [1377, 1660], r: -2198, e: -2195, error: 40
#ERR  p: [1377, 1661], r: -2208, e: -2205, error: 41
#ERR  p: [1377, 1662], r: -2218, e: -2215, error: 42
#ERR  p: [1378, 1661], r: -2201, e: -2198, error: 43
#ERR  p: [1378, 1662], r: -2211, e: -2208, error: 44
#ERR  p: [1378, 1663], r: -2219, e: -2216, error: 45
#ERR  p: [1379, 1662], r: -2202, e: -2199, error: 46
#ERR  p: [1379, 1663], r: -2211, e: -2208, error: 47
#ERR  p: [1379, 1664], r: -2220, e: -2217, error: 48
#ERR  p: [1380, 1663], r: -2201, e: -2198, error: 49
#ERR  p: [1380, 1664], r: -2211, e: -2208, error: 50
#ERR  p: [1380, 1665], r: -2220, e: -2217, error: 51
#ERR  p: [1381, 1664], r: -2202, e: -2199, error: 52
#ERR  p: [1381, 1665], r: -2206, e: -2203, error: 53
#ERR  p: [1381, 1666], r: -2216, e: -2213, error: 54
#ERR  p: [1382, 1665], r: -2204, e: -2201, error: 55
#ERR  p: [1382, 1666], r: -2202, e: -2199, error: 56
#ERR  p: [1382, 1667], r: -2212, e: -2209, error: 57
#ERR  p: [1382, 1668], r: -2222, e: -2219, error: 58
#ERR  p: [1383, 1666], r: -2202, e: -2199, error: 59
#ERR  p: [1383, 1667], r: -2205, e: -2202, error: 60
#ERR  p: [1383, 1668], r: -2215, e: -2212, error: 61
#ERR  p: [1383, 1669], r: -2225, e: -2222, error: 62
#ERR  p: [1384, 1667], r: -2206, e: -2203, error: 63
#ERR  p: [1384, 1668], r: -2209, e: -2206, error: 64
#ERR  p: [1384, 1669], r: -2219, e: -2216, error: 65
#ERR  p: [1384, 1670], r: -2229, e: -2226, error: 66
#ERR  p: [1385, 1668], r: -2202, e: -2199, error: 67
#ERR  p: [1385, 1669], r: -2209, e: -2206, error: 68
#ERR  p: [1385, 1670], r: -2219, e: -2216, error: 69
#ERR  p: [1385, 1671], r: -2228, e: -2225, error: 70
#ERR  p: [1386, 1669], r: -2205, e: -2202, error: 71
#ERR  p: [1386, 1670], r: -2209, e: -2206, error: 72
#ERR  p: [1386, 1671], r: -2219, e: -2216, error: 73
#ERR  p: [1386, 1672], r: -2229, e: -2226, error: 74
#ERR  p: [1387, 1670], r: -2203, e: -2200, error: 75
#ERR  p: [1387, 1671], r: -2211, e: -2208, error: 76
#ERR  p: [1387, 1672], r: -2221, e: -2218, error: 77
#ERR  p: [1387, 1673], r: -2230, e: -2227, error: 78
#ERR  p: [1388, 1671], r: -2206, e: -2203, error: 79
#ERR  p: [1388, 1672], r: -2214, e: -2211, error: 80
#ERR  p: [1388, 1673], r: -2223, e: -2220, error: 81
#ERR  p: [1388, 1674], r: -2228, e: -2225, error: 82
#ERR  p: [1389, 1672], r: -2205, e: -2202, error: 83
#ERR  p: [1389, 1673], r: -2214, e: -2211, error: 84
#ERR  p: [1389, 1674], r: -2224, e: -2221, error: 85
#ERR  p: [1389, 1675], r: -2228, e: -2225, error: 86
#ERR  p: [1390, 1673], r: -2204, e: -2201, error: 87
#ERR  p: [1390, 1674], r: -2214, e: -2211, error: 88
#ERR  p: [1390, 1675], r: -2224, e: -2221, error: 89
#ERR  p: [1390, 1676], r: -2227, e: -2224, error: 90
#ERR  p: [1391, 1674], r: -2204, e: -2201, error: 91
#ERR  p: [1391, 1675], r: -2214, e: -2211, error: 92
#ERR  p: [1391, 1676], r: -2224, e: -2221, error: 93
#ERR  p: [1391, 1677], r: -2230, e: -2227, error: 94
#ERR  p: [1392, 1675], r: -2205, e: -2202, error: 95
#ERR  p: [1392, 1676], r: -2215, e: -2212, error: 96
#ERR  p: [1392, 1677], r: -2225, e: -2222, error: 97
#ERR  p: [1392, 1678], r: -2221, e: -2218, error: 98
#ERR  p: [1392, 1679], r: -2231, e: -2228, error: 99
#ERR  p: [1392, 1680], r: -2240, e: -2238, error: 100
#ERR  p: [1392, 1681], r: -2250, e: -2248, error: 101
#ERR  p: [1392, 1682], r: -2259, e: -2258, error: 102
#ERR  p: [1393, 1676], r: -2206, e: -2203, error: 103
#ERR  p: [1393, 1677], r: -2214, e: -2211, error: 104
#ERR  p: [1393, 1678], r: -2224, e: -2221, error: 105
#ERR  p: [1393, 1679], r: -2222, e: -2219, error: 106
#ERR  p: [1393, 1680], r: -2232, e: -2229, error: 107
#ERR  p: [1393, 1681], r: -2242, e: -2239, error: 108
#ERR  p: [1393, 1682], r: -2251, e: -2249, error: 109
#ERR  p: [1393, 1683], r: -2258, e: -2257, error: 110
#ERR  p: [1394, 1677], r: -2206, e: -2203, error: 111
#ERR  p: [1394, 1678], r: -2216, e: -2213, error: 112
#ERR  p: [1394, 1679], r: -2225, e: -2222, error: 113
#ERR  p: [1394, 1680], r: -2224, e: -2221, error: 114
#ERR  p: [1394, 1681], r: -2234, e: -2231, error: 115
#ERR  p: [1394, 1682], r: -2241, e: -2238, error: 116
#ERR  p: [1394, 1683], r: -2251, e: -2248, error: 117
#ERR  p: [1394, 1684], r: -2261, e: -2258, error: 118
#ERR  p: [1395, 1678], r: -2206, e: -2203, error: 119
#ERR  p: [1395, 1679], r: -2216, e: -2213, error: 120
#ERR  p: [1395, 1680], r: -2225, e: -2222, error: 121
#ERR  p: [1395, 1681], r: -2228, e: -2225, error: 122
#ERR  p: [1395, 1682], r: -2236, e: -2233, error: 123
#ERR  p: [1395, 1683], r: -2243, e: -2240, error: 124
#ERR  p: [1395, 1684], r: -2253, e: -2250, error: 125
#ERR  p: [1395, 1685], r: -2263, e: -2260, error: 126
#ERR  p: [1396, 1679], r: -2206, e: -2204, error: 127
#ERR  p: [1396, 1680], r: -2216, e: -2214, error: 128
#ERR  p: [1396, 1681], r: -2226, e: -2224, error: 129
#ERR  p: [1396, 1682], r: -2226, e: -2223, error: 130
#ERR  p: [1396, 1683], r: -2236, e: -2233, error: 131
#ERR  p: [1396, 1684], r: -2246, e: -2243, error: 132
#ERR  p: [1396, 1685], r: -2253, e: -2250, error: 133
#ERR  p: [1396, 1686], r: -2258, e: -2255, error: 134
#ERR  p: [1397, 1683], r: -2226, e: -2223, error: 135
#ERR  p: [1397, 1684], r: -2236, e: -2233, error: 136
#ERR  p: [1397, 1685], r: -2246, e: -2243, error: 137
#ERR  p: [1397, 1686], r: -2252, e: -2249, error: 138
#ERR  p: [1397, 1687], r: -2260, e: -2257, error: 139
#ERR  p: [1398, 1684], r: -2225, e: -2222, error: 140
#ERR  p: [1398, 1685], r: -2235, e: -2232, error: 141
#ERR  p: [1398, 1686], r: -2245, e: -2242, error: 142
#ERR  p: [1398, 1687], r: -2255, e: -2252, error: 143
#ERR  p: [1398, 1688], r: -2264, e: -2261, error: 144
#ERR  p: [1399, 1685], r: -2225, e: -2222, error: 145
#ERR  p: [1399, 1686], r: -2234, e: -2231, error: 146
#ERR  p: [1399, 1687], r: -2244, e: -2241, error: 147
#ERR  p: [1399, 1688], r: -2254, e: -2251, error: 148
#ERR  p: [1399, 1689], r: -2259, e: -2256, error: 149
#ERR  p: [1400, 1686], r: -2223, e: -2220, error: 150
#ERR  p: [1400, 1687], r: -2233, e: -2230, error: 151
#ERR  p: [1400, 1688], r: -2243, e: -2240, error: 152
#ERR  p: [1400, 1689], r: -2253, e: -2250, error: 153
#ERR  p: [1400, 1690], r: -2263, e: -2260, error: 154
#ERR  p: [1401, 1687], r: -2226, e: -2223, error: 155
#ERR  p: [1401, 1688], r: -2235, e: -2232, error: 156
#ERR  p: [1401, 1689], r: -2245, e: -2242, error: 157
#ERR  p: [1401, 1690], r: -2253, e: -2250, error: 158
#ERR  p: [1401, 1691], r: -2263, e: -2260, error: 159
#ERR  p: [1402, 1688], r: -2228, e: -2225, error: 160
#ERR  p: [1402, 1689], r: -2238, e: -2235, error: 161
#ERR  p: [1402, 1690], r: -2247, e: -2244, error: 162
#ERR  p: [1402, 1691], r: -2256, e: -2253, error: 163
#ERR  p: [1402, 1692], r: -2266, e: -2263, error: 164
#ERR  p: [1403, 1689], r: -2229, e: -2226, error: 165
#ERR  p: [1403, 1690], r: -2239, e: -2236, error: 166
#ERR  p: [1403, 1691], r: -2248, e: -2245, error: 167
#ERR  p: [1403, 1692], r: -2257, e: -2254, error: 168
#ERR  p: [1403, 1693], r: -2267, e: -2264, error: 169
#ERR  p: [1404, 1690], r: -2230, e: -2227, error: 170
#ERR  p: [1404, 1691], r: -2238, e: -2235, error: 171
#ERR  p: [1404, 1692], r: -2248, e: -2245, error: 172
#ERR  p: [1404, 1693], r: -2256, e: -2253, error: 173
#ERR  p: [1404, 1694], r: -2266, e: -2263, error: 174
#ERR  p: [1405, 1691], r: -2230, e: -2227, error: 175
#ERR  p: [1405, 1692], r: -2237, e: -2234, error: 176
#ERR  p: [1405, 1693], r: -2247, e: -2244, error: 177
#ERR  p: [1405, 1694], r: -2257, e: -2254, error: 178
#ERR  p: [1405, 1695], r: -2267, e: -2264, error: 179
#ERR  p: [1406, 1692], r: -2231, e: -2228, error: 180
#ERR  p: [1406, 1693], r: -2237, e: -2234, error: 181
#ERR  p: [1406, 1694], r: -2247, e: -2244, error: 182
#ERR  p: [1406, 1695], r: -2257, e: -2254, error: 183
#ERR  p: [1406, 1696], r: -2267, e: -2264, error: 184
#ERR  p: [1407, 1693], r: -2230, e: -2227, error: 185
#ERR  p: [1407, 1694], r: -2238, e: -2235, error: 186
#ERR  p: [1407, 1695], r: -2248, e: -2245, error: 187
#ERR  p: [1407, 1696], r: -2258, e: -2255, error: 188
#ERR  p: [1407, 1697], r: -2268, e: -2265, error: 189
#ERR  p: [1408, 1694], r: -2221, e: -2218, error: 190
#ERR  p: [1408, 1695], r: -2231, e: -2228, error: 191
#ERR  p: [1408, 1696], r: -2241, e: -2238, error: 192
#ERR  p: [1408, 1697], r: -2251, e: -2248, error: 193
#ERR  p: [1408, 1698], r: -2261, e: -2258, error: 194
#ERR  p: [1408, 1699], r: -2269, e: -2268, error: 195
#ERR  p: [1409, 1694], r: -2230, e: -2228, error: 196
#ERR  p: [1409, 1695], r: -2218, e: -2215, error: 197
#ERR  p: [1409, 1696], r: -2228, e: -2225, error: 198
#ERR  p: [1409, 1697], r: -2238, e: -2235, error: 199
#ERR  p: [1409, 1698], r: -2248, e: -2245, error: 200
#ERR  p: [1409, 1699], r: -2258, e: -2255, error: 201
#ERR  p: [1409, 1700], r: -2268, e: -2265, error: 202
#ERR  p: [1410, 1695], r: -2228, e: -2225, error: 203
#ERR  p: [1410, 1696], r: -2220, e: -2217, error: 204
#ERR  p: [1410, 1697], r: -2230, e: -2227, error: 205
#ERR  p: [1410, 1698], r: -2240, e: -2237, error: 206
#ERR  p: [1410, 1699], r: -2250, e: -2247, error: 207
#ERR  p: [1410, 1700], r: -2260, e: -2257, error: 208
#ERR  p: [1410, 1701], r: -2268, e: -2265, error: 209
#ERR  p: [1411, 1696], r: -2229, e: -2226, error: 210
#ERR  p: [1411, 1697], r: -2221, e: -2218, error: 211
#ERR  p: [1411, 1698], r: -2231, e: -2228, error: 212
#ERR  p: [1411, 1699], r: -2241, e: -2238, error: 213
#ERR  p: [1411, 1700], r: -2251, e: -2248, error: 214
#ERR  p: [1411, 1701], r: -2260, e: -2257, error: 215
#ERR  p: [1411, 1702], r: -2269, e: -2266, error: 216
#ERR  p: [1412, 1697], r: -2227, e: -2224, error: 217
#ERR  p: [1412, 1698], r: -2221, e: -2218, error: 218
#ERR  p: [1412, 1699], r: -2231, e: -2228, error: 219
#ERR  p: [1412, 1700], r: -2239, e: -2236, error: 220
#ERR  p: [1412, 1701], r: -2249, e: -2246, error: 221
#ERR  p: [1412, 1702], r: -2259, e: -2256, error: 222
#ERR  p: [1412, 1703], r: -2269, e: -2266, error: 223
#ERR  p: [1413, 1699], r: -2222, e: -2219, error: 224
#ERR  p: [1413, 1700], r: -2227, e: -2224, error: 225
#ERR  p: [1413, 1701], r: -2237, e: -2234, error: 226
#ERR  p: [1413, 1702], r: -2247, e: -2244, error: 227
#ERR  p: [1413, 1703], r: -2257, e: -2254, error: 228
#ERR  p: [1413, 1704], r: -2267, e: -2264, error: 229
#ERR  p: [1414, 1700], r: -2224, e: -2221, error: 230
#ERR  p: [1414, 1701], r: -2229, e: -2226, error: 231
#ERR  p: [1414, 1702], r: -2239, e: -2236, error: 232
#ERR  p: [1414, 1703], r: -2247, e: -2244, error: 233
#ERR  p: [1414, 1704], r: -2257, e: -2254, error: 234
#ERR  p: [1414, 1705], r: -2267, e: -2264, error: 235
#ERR  p: [1415, 1701], r: -2225, e: -2222, error: 236
#ERR  p: [1415, 1702], r: -2232, e: -2229, error: 237
#ERR  p: [1415, 1703], r: -2239, e: -2236, error: 238
#ERR  p: [1415, 1704], r: -2249, e: -2246, error: 239
#ERR  p: [1415, 1705], r: -2259, e: -2256, error: 240
#ERR  p: [1415, 1706], r: -2266, e: -2263, error: 241
#ERR  p: [1415, 1707], r: -2275, e: -2273, error: 242
#ERR  p: [1416, 1702], r: -2225, e: -2222, error: 243
#ERR  p: [1416, 1703], r: -2234, e: -2231, error: 244
#ERR  p: [1416, 1704], r: -2241, e: -2238, error: 245
#ERR  p: [1416, 1705], r: -2251, e: -2248, error: 246
#ERR  p: [1416, 1706], r: -2261, e: -2258, error: 247
#ERR  p: [1416, 1707], r: -2267, e: -2264, error: 248
#ERR  p: [1416, 1708], r: -2274, e: -2272, error: 249
#ERR  p: [1417, 1703], r: -2226, e: -2223, error: 250
#ERR  p: [1417, 1704], r: -2235, e: -2232, error: 251
#ERR  p: [1417, 1705], r: -2242, e: -2239, error: 252
#ERR  p: [1417, 1706], r: -2252, e: -2249, error: 253
#ERR  p: [1417, 1707], r: -2262, e: -2259, error: 254
#ERR  p: [1417, 1708], r: -2266, e: -2263, error: 255
#ERR  p: [1417, 1709], r: -2276, e: -2273, error: 256
#ERR  p: [1418, 1704], r: -2228, e: -2225, error: 257
#ERR  p: [1418, 1705], r: -2237, e: -2234, error: 258
#ERR  p: [1418, 1706], r: -2242, e: -2239, error: 259
#ERR  p: [1418, 1707], r: -2252, e: -2249, error: 260
#ERR  p: [1418, 1708], r: -2262, e: -2259, error: 261
#ERR  p: [1418, 1709], r: -2270, e: -2267, error: 262
#ERR  p: [1418, 1710], r: -2279, e: -2276, error: 263
#ERR  p: [1419, 1705], r: -2232, e: -2229, error: 264
#ERR  p: [1419, 1706], r: -2236, e: -2233, error: 265
#ERR  p: [1419, 1707], r: -2244, e: -2241, error: 266
#ERR  p: [1419, 1708], r: -2254, e: -2251, error: 267
#ERR  p: [1419, 1709], r: -2264, e: -2261, error: 268
#ERR  p: [1419, 1710], r: -2273, e: -2270, error: 269
#ERR  p: [1419, 1711], r: -2283, e: -2280, error: 270
#ERR  p: [1420, 1706], r: -2234, e: -2231, error: 271
#ERR  p: [1420, 1707], r: -2236, e: -2233, error: 272
#ERR  p: [1420, 1708], r: -2246, e: -2243, error: 273
#ERR  p: [1420, 1709], r: -2256, e: -2253, error: 274
#ERR  p: [1420, 1710], r: -2266, e: -2263, error: 275
#ERR  p: [1420, 1711], r: -2276, e: -2273, error: 276
#ERR  p: [1420, 1712], r: -2285, e: -2282, error: 277
#ERR  p: [1421, 1707], r: -2235, e: -2232, error: 278
#ERR  p: [1421, 1708], r: -2238, e: -2235, error: 279
#ERR  p: [1421, 1709], r: -2248, e: -2245, error: 280
#ERR  p: [1421, 1710], r: -2258, e: -2255, error: 281
#ERR  p: [1421, 1711], r: -2268, e: -2265, error: 282
#ERR  p: [1421, 1712], r: -2278, e: -2275, error: 283
#ERR  p: [1421, 1713], r: -2288, e: -2285, error: 284
#ERR  p: [1422, 1708], r: -2238, e: -2235, error: 285
#ERR  p: [1422, 1709], r: -2242, e: -2239, error: 286
#ERR  p: [1422, 1710], r: -2251, e: -2248, error: 287
#ERR  p: [1422, 1711], r: -2260, e: -2257, error: 288
#ERR  p: [1422, 1712], r: -2263, e: -2260, error: 289
#ERR  p: [1422, 1713], r: -2273, e: -2270, error: 290
#ERR  p: [1422, 1714], r: -2283, e: -2280, error: 291
#ERR  p: [1423, 1710], r: -2244, e: -2241, error: 292
#ERR  p: [1423, 1711], r: -2253, e: -2250, error: 293
#ERR  p: [1423, 1712], r: -2258, e: -2255, error: 294
#ERR  p: [1423, 1713], r: -2267, e: -2264, error: 295
#ERR  p: [1423, 1714], r: -2275, e: -2272, error: 296
#ERR  p: [1423, 1715], r: -2282, e: -2279, error: 297
#ERR  p: [1424, 1711], r: -2246, e: -2243, error: 298
#ERR  p: [1424, 1712], r: -2254, e: -2251, error: 299
#ERR  p: [1424, 1713], r: -2262, e: -2259, error: 300
#ERR  p: [1424, 1714], r: -2269, e: -2266, error: 301
#ERR  p: [1424, 1715], r: -2275, e: -2272, error: 302
#ERR  p: [1424, 1716], r: -2285, e: -2282, error: 303
#ERR  p: [1425, 1712], r: -2246, e: -2244, error: 304
#ERR  p: [1425, 1713], r: -2256, e: -2254, error: 305
#ERR  p: [1425, 1714], r: -2263, e: -2260, error: 306
#ERR  p: [1425, 1715], r: -2270, e: -2267, error: 307
#ERR  p: [1425, 1716], r: -2277, e: -2274, error: 308
#ERR  p: [1425, 1717], r: -2286, e: -2283, error: 309
#ERR  p: [1426, 1715], r: -2262, e: -2259, error: 310
#ERR  p: [1426, 1716], r: -2272, e: -2269, error: 311
#ERR  p: [1426, 1717], r: -2277, e: -2274, error: 312
#ERR  p: [1426, 1718], r: -2287, e: -2284, error: 313
#ERR  p: [1427, 1717], r: -2271, e: -2269, error: 314
#ERR  p: [1427, 1718], r: -2280, e: -2277, error: 315
#ERR  p: [1427, 1719], r: -2283, e: -2280, error: 316
#ERR  p: [1428, 1718], r: -2274, e: -2272, error: 317
#ERR  p: [1428, 1719], r: -2283, e: -2280, error: 318
#ERR  p: [1428, 1720], r: -2281, e: -2278, error: 319
#ERR  p: [1428, 1721], r: -2290, e: -2288, error: 320
#ERR  p: [1429, 1721], r: -2285, e: -2282, error: 321
#ERR  p: [1429, 1722], r: -2292, e: -2290, error: 322
#ERR  p: [1430, 1722], r: -2287, e: -2284, error: 323
#ERR  p: [1430, 1723], r: -2293, e: -2291, error: 324
#ERR  p: [1431, 1723], r: -2287, e: -2286, error: 325
#ERR  p: [1431, 1724], r: -2292, e: -2290, error: 326
#ERR  p: [1432, 1725], r: -2293, e: -2291, error: 327
#SDC Ite:0 KerTime:0.294371 AccTime:0.294371 KerErr:327 AccErr:327
#END