#HEADER max_rows:2048 max_cols:2048 penalty:10
#BEGIN Y:2016 M:09 D:12 Time:15:46:27
#IT Ite:0 KerTime:0.295168 AccTime:0.295168
#ERR Error detected! kerrors = 1091340
#ERR  p: [27, 1508], r: 1065889792, e: -14664, error: 1
#ERR  p: [27, 1509], r: 1065889782, e: -14674, error: 2
#ERR  p: [27, 1510], r: 1065889772, e: -14684, error: 3
#ERR  p: [27, 1511], r: 1065889762, e: -14694, error: 4
#ERR  p: [27, 1512], r: 1065889752, e: -14704, error: 5
#ERR  p: [27, 1513], r: 1065889742, e: -14714, error: 6
#ERR  p: [27, 1514], r: 1065889732, e: -14724, error: 7
#ERR  p: [27, 1515], r: 1065889722, e: -14734, error: 8
#ERR  p: [27, 1516], r: 1065889712, e: -14744, error: 9
#ERR  p: [27, 1517], r: 1065889702, e: -14754, error: 10
#ERR  p: [27, 1518], r: 1065889692, e: -14764, error: 11
#ERR  p: [27, 1519], r: 1065889682, e: -14774, error: 12
#ERR  p: [27, 1520], r: 1065889672, e: -14784, error: 13
#ERR  p: [27, 1521], r: 1065889662, e: -14794, error: 14
#ERR  p: [27, 1522], r: 1065889652, e: -14804, error: 15
#ERR  p: [27, 1523], r: 1065889642, e: -14814, error: 16
#ERR  p: [27, 1524], r: 1065889632, e: -14824, error: 17
#ERR  p: [27, 1525], r: 1065889622, e: -14834, error: 18
#ERR  p: [27, 1526], r: 1065889612, e: -14844, error: 19
#ERR  p: [27, 1527], r: 1065889602, e: -14854, error: 20
#ERR  p: [27, 1528], r: 1065889592, e: -14864, error: 21
#ERR  p: [27, 1529], r: 1065889582, e: -14874, error: 22
#ERR  p: [27, 1530], r: 1065889572, e: -14884, error: 23
#ERR  p: [27, 1531], r: 1065889562, e: -14894, error: 24
#ERR  p: [27, 1532], r: 1065889552, e: -14904, error: 25
#ERR  p: [27, 1533], r: 1065889542, e: -14914, error: 26
#ERR  p: [27, 1534], r: 1065889532, e: -14924, error: 27
#ERR  p: [27, 1535], r: 1065889522, e: -14934, error: 28
#ERR  p: [27, 1536], r: 1065889512, e: -14944, error: 29
#ERR  p: [27, 1537], r: 1065889502, e: -14954, error: 30
#ERR  p: [27, 1538], r: 1065889492, e: -14964, error: 31
#ERR  p: [27, 1539], r: 1065889482, e: -14974, error: 32
#ERR  p: [27, 1540], r: 1065889472, e: -14984, error: 33
#ERR  p: [27, 1541], r: 1065889462, e: -14994, error: 34
#ERR  p: [27, 1542], r: 1065889452, e: -15004, error: 35
#ERR  p: [27, 1543], r: 1065889442, e: -15014, error: 36
#ERR  p: [27, 1544], r: 1065889432, e: -15024, error: 37
#ERR  p: [27, 1545], r: 1065889422, e: -15034, error: 38
#ERR  p: [27, 1546], r: 1065889412, e: -15044, error: 39
#ERR  p: [27, 1547], r: 1065889402, e: -15054, error: 40
#ERR  p: [27, 1548], r: 1065889392, e: -15064, error: 41
#ERR  p: [27, 1549], r: 1065889382, e: -15074, error: 42
#ERR  p: [27, 1550], r: 1065889372, e: -15084, error: 43
#ERR  p: [27, 1551], r: 1065889362, e: -15094, error: 44
#ERR  p: [27, 1552], r: 1065889352, e: -15104, error: 45
#ERR  p: [27, 1553], r: 1065889342, e: -15114, error: 46
#ERR  p: [27, 1554], r: 1065889332, e: -15124, error: 47
#ERR  p: [27, 1555], r: 1065889322, e: -15134, error: 48
#ERR  p: [27, 1556], r: 1065889312, e: -15144, error: 49
#ERR  p: [27, 1557], r: 1065889302, e: -15154, error: 50
#ERR  p: [27, 1558], r: 1065889292, e: -15164, error: 51
#ERR  p: [27, 1559], r: 1065889282, e: -15174, error: 52
#ERR  p: [27, 1560], r: 1065889272, e: -15184, error: 53
#ERR  p: [27, 1561], r: 1065889262, e: -15194, error: 54
#ERR  p: [27, 1562], r: 1065889252, e: -15204, error: 55
#ERR  p: [27, 1563], r: 1065889242, e: -15214, error: 56
#ERR  p: [27, 1564], r: 1065889232, e: -15224, error: 57
#ERR  p: [27, 1565], r: 1065889222, e: -15234, error: 58
#ERR  p: [27, 1566], r: 1065889212, e: -15244, error: 59
#ERR  p: [27, 1567], r: 1065889202, e: -15254, error: 60
#ERR  p: [27, 1568], r: 1065889192, e: -15264, error: 61
#ERR  p: [27, 1569], r: 1065889182, e: -15274, error: 62
#ERR  p: [27, 1570], r: 1065889172, e: -15284, error: 63
#ERR  p: [27, 1571], r: 1065889162, e: -15294, error: 64
#ERR  p: [27, 1572], r: 1065889152, e: -15304, error: 65
#ERR  p: [27, 1573], r: 1065889142, e: -15314, error: 66
#ERR  p: [27, 1574], r: 1065889132, e: -15324, error: 67
#ERR  p: [27, 1575], r: 1065889122, e: -15334, error: 68
#ERR  p: [27, 1576], r: 1065889112, e: -15344, error: 69
#ERR  p: [27, 1577], r: 1065889102, e: -15354, error: 70
#ERR  p: [27, 1578], r: 1065889092, e: -15364, error: 71
#ERR  p: [27, 1579], r: 1065889082, e: -15374, error: 72
#ERR  p: [27, 1580], r: 1065889072, e: -15384, error: 73
#ERR  p: [27, 1581], r: 1065889062, e: -15394, error: 74
#ERR  p: [27, 1582], r: 1065889052, e: -15404, error: 75
#ERR  p: [27, 1583], r: 1065889042, e: -15414, error: 76
#ERR  p: [27, 1584], r: 1065889032, e: -15424, error: 77
#ERR  p: [27, 1585], r: 1065889022, e: -15434, error: 78
#ERR  p: [27, 1586], r: 1065889012, e: -15444, error: 79
#ERR  p: [27, 1587], r: 1065889002, e: -15454, error: 80
#ERR  p: [27, 1588], r: 1065888992, e: -15464, error: 81
#ERR  p: [27, 1589], r: 1065888982, e: -15474, error: 82
#ERR  p: [27, 1590], r: 1065888972, e: -15484, error: 83
#ERR  p: [27, 1591], r: 1065888962, e: -15494, error: 84
#ERR  p: [27, 1592], r: 1065888952, e: -15504, error: 85
#ERR  p: [27, 1593], r: 1065888942, e: -15514, error: 86
#ERR  p: [27, 1594], r: 1065888932, e: -15524, error: 87
#ERR  p: [27, 1595], r: 1065888922, e: -15534, error: 88
#ERR  p: [27, 1596], r: 1065888912, e: -15544, error: 89
#ERR  p: [27, 1597], r: 1065888902, e: -15554, error: 90
#ERR  p: [27, 1598], r: 1065888892, e: -15564, error: 91
#ERR  p: [27, 1599], r: 1065888882, e: -15574, error: 92
#ERR  p: [27, 1600], r: 1065888872, e: -15584, error: 93
#ERR  p: [27, 1601], r: 1065888862, e: -15594, error: 94
#ERR  p: [27, 1602], r: 1065888852, e: -15604, error: 95
#ERR  p: [27, 1603], r: 1065888842, e: -15614, error: 96
#ERR  p: [27, 1604], r: 1065888832, e: -15624, error: 97
#ERR  p: [27, 1605], r: 1065888822, e: -15634, error: 98
#ERR  p: [27, 1606], r: 1065888812, e: -15644, error: 99
#ERR  p: [27, 1607], r: 1065888802, e: -15654, error: 100
#ERR  p: [27, 1608], r: 1065888792, e: -15664, error: 101
#ERR  p: [27, 1609], r: 1065888782, e: -15674, error: 102
#ERR  p: [27, 1610], r: 1065888772, e: -15684, error: 103
#ERR  p: [27, 1611], r: 1065888762, e: -15694, error: 104
#ERR  p: [27, 1612], r: 1065888752, e: -15704, error: 105
#ERR  p: [27, 1613], r: 1065888742, e: -15714, error: 106
#ERR  p: [27, 1614], r: 1065888732, e: -15724, error: 107
#ERR  p: [27, 1615], r: 1065888722, e: -15734, error: 108
#ERR  p: [27, 1616], r: 1065888712, e: -15744, error: 109
#ERR  p: [27, 1617], r: 1065888702, e: -15754, error: 110
#ERR  p: [27, 1618], r: 1065888692, e: -15764, error: 111
#ERR  p: [27, 1619], r: 1065888682, e: -15774, error: 112
#ERR  p: [27, 1620], r: 1065888672, e: -15784, error: 113
#ERR  p: [27, 1621], r: 1065888662, e: -15794, error: 114
#ERR  p: [27, 1622], r: 1065888652, e: -15804, error: 115
#ERR  p: [27, 1623], r: 1065888642, e: -15814, error: 116
#ERR  p: [27, 1624], r: 1065888632, e: -15824, error: 117
#ERR  p: [27, 1625], r: 1065888622, e: -15834, error: 118
#ERR  p: [27, 1626], r: 1065888612, e: -15844, error: 119
#ERR  p: [27, 1627], r: 1065888602, e: -15854, error: 120
#ERR  p: [27, 1628], r: 1065888592, e: -15864, error: 121
#ERR  p: [27, 1629], r: 1065888582, e: -15874, error: 122
#ERR  p: [27, 1630], r: 1065888572, e: -15884, error: 123
#ERR  p: [27, 1631], r: 1065888562, e: -15894, error: 124
#ERR  p: [27, 1632], r: 1065888552, e: -15904, error: 125
#ERR  p: [27, 1633], r: 1065888542, e: -15914, error: 126
#ERR  p: [27, 1634], r: 1065888532, e: -15924, error: 127
#ERR  p: [27, 1635], r: 1065888522, e: -15934, error: 128
#ERR  p: [27, 1636], r: 1065888512, e: -15944, error: 129
#ERR  p: [27, 1637], r: 1065888502, e: -15954, error: 130
#ERR  p: [27, 1638], r: 1065888492, e: -15964, error: 131
#ERR  p: [27, 1639], r: 1065888482, e: -15974, error: 132
#ERR  p: [27, 1640], r: 1065888472, e: -15984, error: 133
#ERR  p: [27, 1641], r: 1065888462, e: -15994, error: 134
#ERR  p: [27, 1642], r: 1065888452, e: -16004, error: 135
#ERR  p: [27, 1643], r: 1065888442, e: -16014, error: 136
#ERR  p: [27, 1644], r: 1065888432, e: -16024, error: 137
#ERR  p: [27, 1645], r: 1065888422, e: -16034, error: 138
#ERR  p: [27, 1646], r: 1065888412, e: -16044, error: 139
#ERR  p: [27, 1647], r: 1065888402, e: -16054, error: 140
#ERR  p: [27, 1648], r: 1065888392, e: -16064, error: 141
#ERR  p: [27, 1649], r: 1065888382, e: -16074, error: 142
#ERR  p: [27, 1650], r: 1065888372, e: -16084, error: 143
#ERR  p: [27, 1651], r: 1065888362, e: -16094, error: 144
#ERR  p: [27, 1652], r: 1065888352, e: -16104, error: 145
#ERR  p: [27, 1653], r: 1065888342, e: -16114, error: 146
#ERR  p: [27, 1654], r: 1065888332, e: -16124, error: 147
#ERR  p: [27, 1655], r: 1065888322, e: -16134, error: 148
#ERR  p: [27, 1656], r: 1065888312, e: -16144, error: 149
#ERR  p: [27, 1657], r: 1065888302, e: -16154, error: 150
#ERR  p: [27, 1658], r: 1065888292, e: -16164, error: 151
#ERR  p: [27, 1659], r: 1065888282, e: -16174, error: 152
#ERR  p: [27, 1660], r: 1065888272, e: -16184, error: 153
#ERR  p: [27, 1661], r: 1065888262, e: -16194, error: 154
#ERR  p: [27, 1662], r: 1065888252, e: -16204, error: 155
#ERR  p: [27, 1663], r: 1065888242, e: -16214, error: 156
#ERR  p: [27, 1664], r: 1065888232, e: -16224, error: 157
#ERR  p: [27, 1665], r: 1065888222, e: -16234, error: 158
#ERR  p: [27, 1666], r: 1065888212, e: -16244, error: 159
#ERR  p: [27, 1667], r: 1065888202, e: -16254, error: 160
#ERR  p: [27, 1668], r: 1065888192, e: -16264, error: 161
#ERR  p: [27, 1669], r: 1065888182, e: -16274, error: 162
#ERR  p: [27, 1670], r: 1065888172, e: -16284, error: 163
#ERR  p: [27, 1671], r: 1065888162, e: -16294, error: 164
#ERR  p: [27, 1672], r: 1065888152, e: -16304, error: 165
#ERR  p: [27, 1673], r: 1065888142, e: -16314, error: 166
#ERR  p: [27, 1674], r: 1065888132, e: -16324, error: 167
#ERR  p: [27, 1675], r: 1065888122, e: -16334, error: 168
#ERR  p: [27, 1676], r: 1065888112, e: -16344, error: 169
#ERR  p: [27, 1677], r: 1065888102, e: -16354, error: 170
#ERR  p: [27, 1678], r: 1065888092, e: -16364, error: 171
#ERR  p: [27, 1679], r: 1065888082, e: -16374, error: 172
#ERR  p: [27, 1680], r: 1065888072, e: -16384, error: 173
#ERR  p: [27, 1681], r: 1065888062, e: -16394, error: 174
#ERR  p: [27, 1682], r: 1065888052, e: -16404, error: 175
#ERR  p: [27, 1683], r: 1065888042, e: -16414, error: 176
#ERR  p: [27, 1684], r: 1065888032, e: -16424, error: 177
#ERR  p: [27, 1685], r: 1065888022, e: -16434, error: 178
#ERR  p: [27, 1686], r: 1065888012, e: -16444, error: 179
#ERR  p: [27, 1687], r: 1065888002, e: -16454, error: 180
#ERR  p: [27, 1688], r: 1065887992, e: -16464, error: 181
#ERR  p: [27, 1689], r: 1065887982, e: -16474, error: 182
#ERR  p: [27, 1690], r: 1065887972, e: -16484, error: 183
#ERR  p: [27, 1691], r: 1065887962, e: -16494, error: 184
#ERR  p: [27, 1692], r: 1065887952, e: -16504, error: 185
#ERR  p: [27, 1693], r: 1065887942, e: -16514, error: 186
#ERR  p: [27, 1694], r: 1065887932, e: -16524, error: 187
#ERR  p: [27, 1695], r: 1065887922, e: -16534, error: 188
#ERR  p: [27, 1696], r: 1065887912, e: -16544, error: 189
#ERR  p: [27, 1697], r: 1065887902, e: -16554, error: 190
#ERR  p: [27, 1698], r: 1065887892, e: -16564, error: 191
#ERR  p: [27, 1699], r: 1065887882, e: -16574, error: 192
#ERR  p: [27, 1700], r: 1065887872, e: -16584, error: 193
#ERR  p: [27, 1701], r: 1065887862, e: -16594, error: 194
#ERR  p: [27, 1702], r: 1065887852, e: -16604, error: 195
#ERR  p: [27, 1703], r: 1065887842, e: -16614, error: 196
#ERR  p: [27, 1704], r: 1065887832, e: -16624, error: 197
#ERR  p: [27, 1705], r: 1065887822, e: -16634, error: 198
#ERR  p: [27, 1706], r: 1065887812, e: -16644, error: 199
#ERR  p: [27, 1707], r: 1065887802, e: -16654, error: 200
#ERR  p: [27, 1708], r: 1065887792, e: -16664, error: 201
#ERR  p: [27, 1709], r: 1065887782, e: -16674, error: 202
#ERR  p: [27, 1710], r: 1065887772, e: -16684, error: 203
#ERR  p: [27, 1711], r: 1065887762, e: -16694, error: 204
#ERR  p: [27, 1712], r: 1065887752, e: -16704, error: 205
#ERR  p: [27, 1713], r: 1065887742, e: -16714, error: 206
#ERR  p: [27, 1714], r: 1065887732, e: -16724, error: 207
#ERR  p: [27, 1715], r: 1065887722, e: -16734, error: 208
#ERR  p: [27, 1716], r: 1065887712, e: -16744, error: 209
#ERR  p: [27, 1717], r: 1065887702, e: -16754, error: 210
#ERR  p: [27, 1718], r: 1065887692, e: -16764, error: 211
#ERR  p: [27, 1719], r: 1065887682, e: -16774, error: 212
#ERR  p: [27, 1720], r: 1065887672, e: -16784, error: 213
#ERR  p: [27, 1721], r: 1065887662, e: -16794, error: 214
#ERR  p: [27, 1722], r: 1065887652, e: -16804, error: 215
#ERR  p: [27, 1723], r: 1065887642, e: -16814, error: 216
#ERR  p: [27, 1724], r: 1065887632, e: -16824, error: 217
#ERR  p: [27, 1725], r: 1065887622, e: -16834, error: 218
#ERR  p: [27, 1726], r: 1065887612, e: -16844, error: 219
#ERR  p: [27, 1727], r: 1065887602, e: -16854, error: 220
#ERR  p: [27, 1728], r: 1065887592, e: -16864, error: 221
#ERR  p: [27, 1729], r: 1065887582, e: -16874, error: 222
#ERR  p: [27, 1730], r: 1065887572, e: -16884, error: 223
#ERR  p: [27, 1731], r: 1065887562, e: -16894, error: 224
#ERR  p: [27, 1732], r: 1065887552, e: -16904, error: 225
#ERR  p: [27, 1733], r: 1065887542, e: -16914, error: 226
#ERR  p: [27, 1734], r: 1065887532, e: -16924, error: 227
#ERR  p: [27, 1735], r: 1065887522, e: -16934, error: 228
#ERR  p: [27, 1736], r: 1065887512, e: -16944, error: 229
#ERR  p: [27, 1737], r: 1065887502, e: -16954, error: 230
#ERR  p: [27, 1738], r: 1065887492, e: -16964, error: 231
#ERR  p: [27, 1739], r: 1065887482, e: -16974, error: 232
#ERR  p: [27, 1740], r: 1065887472, e: -16984, error: 233
#ERR  p: [27, 1741], r: 1065887462, e: -16994, error: 234
#ERR  p: [27, 1742], r: 1065887452, e: -17004, error: 235
#ERR  p: [27, 1743], r: 1065887442, e: -17014, error: 236
#ERR  p: [27, 1744], r: 1065887432, e: -17024, error: 237
#ERR  p: [27, 1745], r: 1065887422, e: -17034, error: 238
#ERR  p: [27, 1746], r: 1065887412, e: -17044, error: 239
#ERR  p: [27, 1747], r: 1065887402, e: -17054, error: 240
#ERR  p: [27, 1748], r: 1065887392, e: -17064, error: 241
#ERR  p: [27, 1749], r: 1065887382, e: -17074, error: 242
#ERR  p: [27, 1750], r: 1065887372, e: -17084, error: 243
#ERR  p: [27, 1751], r: 1065887362, e: -17094, error: 244
#ERR  p: [27, 1752], r: 1065887352, e: -17104, error: 245
#ERR  p: [27, 1753], r: 1065887342, e: -17114, error: 246
#ERR  p: [27, 1754], r: 1065887332, e: -17124, error: 247
#ERR  p: [27, 1755], r: 1065887322, e: -17134, error: 248
#ERR  p: [27, 1756], r: 1065887312, e: -17144, error: 249
#ERR  p: [27, 1757], r: 1065887302, e: -17154, error: 250
#ERR  p: [27, 1758], r: 1065887292, e: -17164, error: 251
#ERR  p: [27, 1759], r: 1065887282, e: -17174, error: 252
#ERR  p: [27, 1760], r: 1065887272, e: -17184, error: 253
#ERR  p: [27, 1761], r: 1065887262, e: -17194, error: 254
#ERR  p: [27, 1762], r: 1065887252, e: -17204, error: 255
#ERR  p: [27, 1763], r: 1065887242, e: -17214, error: 256
#ERR  p: [27, 1764], r: 1065887232, e: -17224, error: 257
#ERR  p: [27, 1765], r: 1065887222, e: -17234, error: 258
#ERR  p: [27, 1766], r: 1065887212, e: -17244, error: 259
#ERR  p: [27, 1767], r: 1065887202, e: -17254, error: 260
#ERR  p: [27, 1768], r: 1065887192, e: -17264, error: 261
#ERR  p: [27, 1769], r: 1065887182, e: -17274, error: 262
#ERR  p: [27, 1770], r: 1065887172, e: -17284, error: 263
#ERR  p: [27, 1771], r: 1065887162, e: -17294, error: 264
#ERR  p: [27, 1772], r: 1065887152, e: -17304, error: 265
#ERR  p: [27, 1773], r: 1065887142, e: -17314, error: 266
#ERR  p: [27, 1774], r: 1065887132, e: -17324, error: 267
#ERR  p: [27, 1775], r: 1065887122, e: -17334, error: 268
#ERR  p: [27, 1776], r: 1065887112, e: -17344, error: 269
#ERR  p: [27, 1777], r: 1065887102, e: -17354, error: 270
#ERR  p: [27, 1778], r: 1065887092, e: -17364, error: 271
#ERR  p: [27, 1779], r: 1065887082, e: -17374, error: 272
#ERR  p: [27, 1780], r: 1065887072, e: -17384, error: 273
#ERR  p: [27, 1781], r: 1065887062, e: -17394, error: 274
#ERR  p: [27, 1782], r: 1065887052, e: -17404, error: 275
#ERR  p: [27, 1783], r: 1065887042, e: -17414, error: 276
#ERR  p: [27, 1784], r: 1065887032, e: -17424, error: 277
#ERR  p: [27, 1785], r: 1065887022, e: -17434, error: 278
#ERR  p: [27, 1786], r: 1065887012, e: -17444, error: 279
#ERR  p: [27, 1787], r: 1065887002, e: -17454, error: 280
#ERR  p: [27, 1788], r: 1065886992, e: -17464, error: 281
#ERR  p: [27, 1789], r: 1065886982, e: -17474, error: 282
#ERR  p: [27, 1790], r: 1065886972, e: -17484, error: 283
#ERR  p: [27, 1791], r: 1065886962, e: -17494, error: 284
#ERR  p: [27, 1792], r: 1065886952, e: -17504, error: 285
#ERR  p: [27, 1793], r: 1065886942, e: -17514, error: 286
#ERR  p: [27, 1794], r: 1065886932, e: -17524, error: 287
#ERR  p: [27, 1795], r: 1065886922, e: -17534, error: 288
#ERR  p: [27, 1796], r: 1065886912, e: -17544, error: 289
#ERR  p: [27, 1797], r: 1065886902, e: -17554, error: 290
#ERR  p: [27, 1798], r: 1065886892, e: -17564, error: 291
#ERR  p: [27, 1799], r: 1065886882, e: -17574, error: 292
#ERR  p: [27, 1800], r: 1065886872, e: -17584, error: 293
#ERR  p: [27, 1801], r: 1065886862, e: -17594, error: 294
#ERR  p: [27, 1802], r: 1065886852, e: -17604, error: 295
#ERR  p: [27, 1803], r: 1065886842, e: -17614, error: 296
#ERR  p: [27, 1804], r: 1065886832, e: -17624, error: 297
#ERR  p: [27, 1805], r: 1065886822, e: -17634, error: 298
#ERR  p: [27, 1806], r: 1065886812, e: -17644, error: 299
#ERR  p: [27, 1807], r: 1065886802, e: -17654, error: 300
#ERR  p: [27, 1808], r: 1065886792, e: -17664, error: 301
#ERR  p: [27, 1809], r: 1065886782, e: -17674, error: 302
#ERR  p: [27, 1810], r: 1065886772, e: -17684, error: 303
#ERR  p: [27, 1811], r: 1065886762, e: -17694, error: 304
#ERR  p: [27, 1812], r: 1065886752, e: -17704, error: 305
#ERR  p: [27, 1813], r: 1065886742, e: -17714, error: 306
#ERR  p: [27, 1814], r: 1065886732, e: -17724, error: 307
#ERR  p: [27, 1815], r: 1065886722, e: -17734, error: 308
#ERR  p: [27, 1816], r: 1065886712, e: -17744, error: 309
#ERR  p: [27, 1817], r: 1065886702, e: -17754, error: 310
#ERR  p: [27, 1818], r: 1065886692, e: -17764, error: 311
#ERR  p: [27, 1819], r: 1065886682, e: -17774, error: 312
#ERR  p: [27, 1820], r: 1065886672, e: -17784, error: 313
#ERR  p: [27, 1821], r: 1065886662, e: -17794, error: 314
#ERR  p: [27, 1822], r: 1065886652, e: -17804, error: 315
#ERR  p: [27, 1823], r: 1065886642, e: -17814, error: 316
#ERR  p: [27, 1824], r: 1065886632, e: -17824, error: 317
#ERR  p: [27, 1825], r: 1065886622, e: -17834, error: 318
#ERR  p: [27, 1826], r: 1065886612, e: -17844, error: 319
#ERR  p: [27, 1827], r: 1065886602, e: -17854, error: 320
#ERR  p: [27, 1828], r: 1065886592, e: -17864, error: 321
#ERR  p: [27, 1829], r: 1065886582, e: -17874, error: 322
#ERR  p: [27, 1830], r: 1065886572, e: -17884, error: 323
#ERR  p: [27, 1831], r: 1065886562, e: -17894, error: 324
#ERR  p: [27, 1832], r: 1065886552, e: -17904, error: 325
#ERR  p: [27, 1833], r: 1065886542, e: -17914, error: 326
#ERR  p: [27, 1834], r: 1065886532, e: -17924, error: 327
#ERR  p: [27, 1835], r: 1065886522, e: -17934, error: 328
#ERR  p: [27, 1836], r: 1065886512, e: -17944, error: 329
#ERR  p: [27, 1837], r: 1065886502, e: -17954, error: 330
#ERR  p: [27, 1838], r: 1065886492, e: -17964, error: 331
#ERR  p: [27, 1839], r: 1065886482, e: -17974, error: 332
#ERR  p: [27, 1840], r: 1065886472, e: -17984, error: 333
#ERR  p: [27, 1841], r: 1065886462, e: -17994, error: 334
#ERR  p: [27, 1842], r: 1065886452, e: -18004, error: 335
#ERR  p: [27, 1843], r: 1065886442, e: -18014, error: 336
#ERR  p: [27, 1844], r: 1065886432, e: -18024, error: 337
#ERR  p: [27, 1845], r: 1065886422, e: -18034, error: 338
#ERR  p: [27, 1846], r: 1065886412, e: -18044, error: 339
#ERR  p: [27, 1847], r: 1065886402, e: -18054, error: 340
#ERR  p: [27, 1848], r: 1065886392, e: -18064, error: 341
#ERR  p: [27, 1849], r: 1065886382, e: -18074, error: 342
#ERR  p: [27, 1850], r: 1065886372, e: -18084, error: 343
#ERR  p: [27, 1851], r: 1065886362, e: -18094, error: 344
#ERR  p: [27, 1852], r: 1065886352, e: -18104, error: 345
#ERR  p: [27, 1853], r: 1065886342, e: -18114, error: 346
#ERR  p: [27, 1854], r: 1065886332, e: -18124, error: 347
#ERR  p: [27, 1855], r: 1065886322, e: -18134, error: 348
#ERR  p: [27, 1856], r: 1065886312, e: -18144, error: 349
#ERR  p: [27, 1857], r: 1065886302, e: -18154, error: 350
#ERR  p: [27, 1858], r: 1065886292, e: -18164, error: 351
#ERR  p: [27, 1859], r: 1065886282, e: -18174, error: 352
#ERR  p: [27, 1860], r: 1065886272, e: -18184, error: 353
#ERR  p: [27, 1861], r: 1065886262, e: -18194, error: 354
#ERR  p: [27, 1862], r: 1065886252, e: -18204, error: 355
#ERR  p: [27, 1863], r: 1065886242, e: -18214, error: 356
#ERR  p: [27, 1864], r: 1065886232, e: -18224, error: 357
#ERR  p: [27, 1865], r: 1065886222, e: -18234, error: 358
#ERR  p: [27, 1866], r: 1065886212, e: -18244, error: 359
#ERR  p: [27, 1867], r: 1065886202, e: -18254, error: 360
#ERR  p: [27, 1868], r: 1065886192, e: -18264, error: 361
#ERR  p: [27, 1869], r: 1065886182, e: -18274, error: 362
#ERR  p: [27, 1870], r: 1065886172, e: -18284, error: 363
#ERR  p: [27, 1871], r: 1065886162, e: -18294, error: 364
#ERR  p: [27, 1872], r: 1065886152, e: -18304, error: 365
#ERR  p: [27, 1873], r: 1065886142, e: -18314, error: 366
#ERR  p: [27, 1874], r: 1065886132, e: -18324, error: 367
#ERR  p: [27, 1875], r: 1065886122, e: -18334, error: 368
#ERR  p: [27, 1876], r: 1065886112, e: -18344, error: 369
#ERR  p: [27, 1877], r: 1065886102, e: -18354, error: 370
#ERR  p: [27, 1878], r: 1065886092, e: -18364, error: 371
#ERR  p: [27, 1879], r: 1065886082, e: -18374, error: 372
#ERR  p: [27, 1880], r: 1065886072, e: -18384, error: 373
#ERR  p: [27, 1881], r: 1065886062, e: -18394, error: 374
#ERR  p: [27, 1882], r: 1065886052, e: -18404, error: 375
#ERR  p: [27, 1883], r: 1065886042, e: -18414, error: 376
#ERR  p: [27, 1884], r: 1065886032, e: -18424, error: 377
#ERR  p: [27, 1885], r: 1065886022, e: -18434, error: 378
#ERR  p: [27, 1886], r: 1065886012, e: -18444, error: 379
#ERR  p: [27, 1887], r: 1065886002, e: -18454, error: 380
#ERR  p: [27, 1888], r: 1065885992, e: -18464, error: 381
#ERR  p: [27, 1889], r: 1065885982, e: -18474, error: 382
#ERR  p: [27, 1890], r: 1065885972, e: -18484, error: 383
#ERR  p: [27, 1891], r: 1065885962, e: -18494, error: 384
#ERR  p: [27, 1892], r: 1065885952, e: -18504, error: 385
#ERR  p: [27, 1893], r: 1065885942, e: -18514, error: 386
#ERR  p: [27, 1894], r: 1065885932, e: -18524, error: 387
#ERR  p: [27, 1895], r: 1065885922, e: -18534, error: 388
#ERR  p: [27, 1896], r: 1065885912, e: -18544, error: 389
#ERR  p: [27, 1897], r: 1065885902, e: -18554, error: 390
#ERR  p: [27, 1898], r: 1065885892, e: -18564, error: 391
#ERR  p: [27, 1899], r: 1065885882, e: -18574, error: 392
#ERR  p: [27, 1900], r: 1065885872, e: -18584, error: 393
#ERR  p: [27, 1901], r: 1065885862, e: -18594, error: 394
#ERR  p: [27, 1902], r: 1065885852, e: -18604, error: 395
#ERR  p: [27, 1903], r: 1065885842, e: -18614, error: 396
#ERR  p: [27, 1904], r: 1065885832, e: -18624, error: 397
#ERR  p: [27, 1905], r: 1065885822, e: -18634, error: 398
#ERR  p: [27, 1906], r: 1065885812, e: -18644, error: 399
#ERR  p: [27, 1907], r: 1065885802, e: -18654, error: 400
#ERR  p: [27, 1908], r: 1065885792, e: -18664, error: 401
#ERR  p: [27, 1909], r: 1065885782, e: -18674, error: 402
#ERR  p: [27, 1910], r: 1065885772, e: -18684, error: 403
#ERR  p: [27, 1911], r: 1065885762, e: -18694, error: 404
#ERR  p: [27, 1912], r: 1065885752, e: -18704, error: 405
#ERR  p: [27, 1913], r: 1065885742, e: -18714, error: 406
#ERR  p: [27, 1914], r: 1065885732, e: -18724, error: 407
#ERR  p: [27, 1915], r: 1065885722, e: -18734, error: 408
#ERR  p: [27, 1916], r: 1065885712, e: -18744, error: 409
#ERR  p: [27, 1917], r: 1065885702, e: -18754, error: 410
#ERR  p: [27, 1918], r: 1065885692, e: -18764, error: 411
#ERR  p: [27, 1919], r: 1065885682, e: -18774, error: 412
#ERR  p: [27, 1920], r: 1065885672, e: -18784, error: 413
#ERR  p: [27, 1921], r: 1065885662, e: -18794, error: 414
#ERR  p: [27, 1922], r: 1065885652, e: -18804, error: 415
#ERR  p: [27, 1923], r: 1065885642, e: -18814, error: 416
#ERR  p: [27, 1924], r: 1065885632, e: -18824, error: 417
#ERR  p: [27, 1925], r: 1065885622, e: -18834, error: 418
#ERR  p: [27, 1926], r: 1065885612, e: -18844, error: 419
#ERR  p: [27, 1927], r: 1065885602, e: -18854, error: 420
#ERR  p: [27, 1928], r: 1065885592, e: -18864, error: 421
#ERR  p: [27, 1929], r: 1065885582, e: -18874, error: 422
#ERR  p: [27, 1930], r: 1065885572, e: -18884, error: 423
#ERR  p: [27, 1931], r: 1065885562, e: -18894, error: 424
#ERR  p: [27, 1932], r: 1065885552, e: -18904, error: 425
#ERR  p: [27, 1933], r: 1065885542, e: -18914, error: 426
#ERR  p: [27, 1934], r: 1065885532, e: -18924, error: 427
#ERR  p: [27, 1935], r: 1065885522, e: -18934, error: 428
#ERR  p: [27, 1936], r: 1065885512, e: -18944, error: 429
#ERR  p: [27, 1937], r: 1065885502, e: -18954, error: 430
#ERR  p: [27, 1938], r: 1065885492, e: -18964, error: 431
#ERR  p: [27, 1939], r: 1065885482, e: -18974, error: 432
#ERR  p: [27, 1940], r: 1065885472, e: -18984, error: 433
#ERR  p: [27, 1941], r: 1065885462, e: -18994, error: 434
#ERR  p: [27, 1942], r: 1065885452, e: -19004, error: 435
#ERR  p: [27, 1943], r: 1065885442, e: -19014, error: 436
#ERR  p: [27, 1944], r: 1065885432, e: -19024, error: 437
#ERR  p: [27, 1945], r: 1065885422, e: -19034, error: 438
#ERR  p: [27, 1946], r: 1065885412, e: -19044, error: 439
#ERR  p: [27, 1947], r: 1065885402, e: -19054, error: 440
#ERR  p: [27, 1948], r: 1065885392, e: -19064, error: 441
#ERR  p: [27, 1949], r: 1065885382, e: -19074, error: 442
#ERR  p: [27, 1950], r: 1065885372, e: -19084, error: 443
#ERR  p: [27, 1951], r: 1065885362, e: -19094, error: 444
#ERR  p: [27, 1952], r: 1065885352, e: -19104, error: 445
#ERR  p: [27, 1953], r: 1065885342, e: -19114, error: 446
#ERR  p: [27, 1954], r: 1065885332, e: -19124, error: 447
#ERR  p: [27, 1955], r: 1065885322, e: -19134, error: 448
#ERR  p: [27, 1956], r: 1065885312, e: -19144, error: 449
#ERR  p: [27, 1957], r: 1065885302, e: -19154, error: 450
#ERR  p: [27, 1958], r: 1065885292, e: -19164, error: 451
#ERR  p: [27, 1959], r: 1065885282, e: -19174, error: 452
#ERR  p: [27, 1960], r: 1065885272, e: -19184, error: 453
#ERR  p: [27, 1961], r: 1065885262, e: -19194, error: 454
#ERR  p: [27, 1962], r: 1065885252, e: -19204, error: 455
#ERR  p: [27, 1963], r: 1065885242, e: -19214, error: 456
#ERR  p: [27, 1964], r: 1065885232, e: -19224, error: 457
#ERR  p: [27, 1965], r: 1065885222, e: -19234, error: 458
#ERR  p: [27, 1966], r: 1065885212, e: -19244, error: 459
#ERR  p: [27, 1967], r: 1065885202, e: -19254, error: 460
#ERR  p: [27, 1968], r: 1065885192, e: -19264, error: 461
#ERR  p: [27, 1969], r: 1065885182, e: -19274, error: 462
#ERR  p: [27, 1970], r: 1065885172, e: -19284, error: 463
#ERR  p: [27, 1971], r: 1065885162, e: -19294, error: 464
#ERR  p: [27, 1972], r: 1065885152, e: -19304, error: 465
#ERR  p: [27, 1973], r: 1065885142, e: -19314, error: 466
#ERR  p: [27, 1974], r: 1065885132, e: -19324, error: 467
#ERR  p: [27, 1975], r: 1065885122, e: -19334, error: 468
#ERR  p: [27, 1976], r: 1065885112, e: -19344, error: 469
#ERR  p: [27, 1977], r: 1065885102, e: -19354, error: 470
#ERR  p: [27, 1978], r: 1065885092, e: -19364, error: 471
#ERR  p: [27, 1979], r: 1065885082, e: -19374, error: 472
#ERR  p: [27, 1980], r: 1065885072, e: -19384, error: 473
#ERR  p: [27, 1981], r: 1065885062, e: -19394, error: 474
#ERR  p: [27, 1982], r: 1065885052, e: -19404, error: 475
#ERR  p: [27, 1983], r: 1065885042, e: -19414, error: 476
#ERR  p: [27, 1984], r: 1065885032, e: -19424, error: 477
#ERR  p: [27, 1985], r: 1065885022, e: -19434, error: 478
#ERR  p: [27, 1986], r: 1065885012, e: -19444, error: 479
#ERR  p: [27, 1987], r: 1065885002, e: -19454, error: 480
#ERR  p: [27, 1988], r: 1065884992, e: -19464, error: 481
#ERR  p: [27, 1989], r: 1065884982, e: -19474, error: 482
#ERR  p: [27, 1990], r: 1065884972, e: -19484, error: 483
#ERR  p: [27, 1991], r: 1065884962, e: -19494, error: 484
#ERR  p: [27, 1992], r: 1065884952, e: -19504, error: 485
#ERR  p: [27, 1993], r: 1065884942, e: -19514, error: 486
#ERR  p: [27, 1994], r: 1065884932, e: -19524, error: 487
#ERR  p: [27, 1995], r: 1065884922, e: -19534, error: 488
#ERR  p: [27, 1996], r: 1065884912, e: -19544, error: 489
#ERR  p: [27, 1997], r: 1065884902, e: -19554, error: 490
#ERR  p: [27, 1998], r: 1065884892, e: -19564, error: 491
#ERR  p: [27, 1999], r: 1065884882, e: -19574, error: 492
#ERR  p: [27, 2000], r: 1065884872, e: -19584, error: 493
#ERR  p: [27, 2001], r: 1065884862, e: -19594, error: 494
#ERR  p: [27, 2002], r: 1065884852, e: -19604, error: 495
#ERR  p: [27, 2003], r: 1065884842, e: -19614, error: 496
#ERR  p: [27, 2004], r: 1065884832, e: -19624, error: 497
#ERR  p: [27, 2005], r: 1065884822, e: -19634, error: 498
#ERR  p: [27, 2006], r: 1065884812, e: -19644, error: 499
#SDC Ite:0 KerTime:0.295168 AccTime:0.295168 KerErr:500 AccErr:500
#END