#HEADER max_rows:2048 max_cols:2048 penalty:10
#BEGIN Y:2016 M:09 D:12 Time:13:50:52
#IT Ite:0 KerTime:0.294147 AccTime:0.294147
#ERR Error detected! kerrors = 231055
#ERR  p: [1718, 545], r: -8, e: -10116, error: 1
#ERR  p: [1718, 546], r: -18, e: -10100, error: 2
#ERR  p: [1718, 547], r: -28, e: -10082, error: 3
#ERR  p: [1718, 548], r: -38, e: -10075, error: 4
#ERR  p: [1718, 549], r: -48, e: -10067, error: 5
#ERR  p: [1718, 550], r: -58, e: -10055, error: 6
#ERR  p: [1718, 551], r: -68, e: -10044, error: 7
#ERR  p: [1718, 552], r: -78, e: -10033, error: 8
#ERR  p: [1718, 553], r: -88, e: -10022, error: 9
#ERR  p: [1718, 554], r: -98, e: -10008, error: 10
#ERR  p: [1718, 555], r: -108, e: -9996, error: 11
#ERR  p: [1718, 556], r: -118, e: -9990, error: 12
#ERR  p: [1718, 557], r: -128, e: -9986, error: 13
#ERR  p: [1718, 558], r: -138, e: -9972, error: 14
#ERR  p: [1718, 559], r: -148, e: -9956, error: 15
#ERR  p: [1718, 560], r: -158, e: -9943, error: 16
#ERR  p: [1718, 561], r: -168, e: -9930, error: 17
#ERR  p: [1718, 562], r: -178, e: -9919, error: 18
#ERR  p: [1718, 563], r: -188, e: -9913, error: 19
#ERR  p: [1718, 564], r: -198, e: -9898, error: 20
#ERR  p: [1718, 565], r: -208, e: -9885, error: 21
#ERR  p: [1718, 566], r: -218, e: -9875, error: 22
#ERR  p: [1718, 567], r: -228, e: -9864, error: 23
#ERR  p: [1718, 568], r: -238, e: -9848, error: 24
#ERR  p: [1718, 569], r: -248, e: -9838, error: 25
#ERR  p: [1718, 570], r: -258, e: -9829, error: 26
#ERR  p: [1718, 571], r: -268, e: -9821, error: 27
#ERR  p: [1718, 572], r: -278, e: -9810, error: 28
#ERR  p: [1718, 573], r: -288, e: -9800, error: 29
#ERR  p: [1718, 574], r: -298, e: -9789, error: 30
#ERR  p: [1718, 575], r: -308, e: -9783, error: 31
#ERR  p: [1718, 576], r: -318, e: -9769, error: 32
#ERR  p: [1718, 577], r: -328, e: -9759, error: 33
#ERR  p: [1718, 578], r: -338, e: -9745, error: 34
#ERR  p: [1718, 579], r: -348, e: -9736, error: 35
#ERR  p: [1718, 580], r: -358, e: -9726, error: 36
#ERR  p: [1718, 581], r: -368, e: -9719, error: 37
#ERR  p: [1718, 582], r: -378, e: -9709, error: 38
#ERR  p: [1718, 583], r: -388, e: -9698, error: 39
#ERR  p: [1718, 584], r: -398, e: -9684, error: 40
#ERR  p: [1718, 585], r: -408, e: -9675, error: 41
#ERR  p: [1718, 586], r: -418, e: -9665, error: 42
#ERR  p: [1718, 587], r: -428, e: -9654, error: 43
#ERR  p: [1718, 588], r: -438, e: -9642, error: 44
#ERR  p: [1718, 589], r: -448, e: -9626, error: 45
#ERR  p: [1718, 590], r: -458, e: -9617, error: 46
#ERR  p: [1718, 591], r: -468, e: -9605, error: 47
#ERR  p: [1718, 592], r: -478, e: -9595, error: 48
#ERR  p: [1718, 593], r: -488, e: -9582, error: 49
#ERR  p: [1718, 594], r: -498, e: -9565, error: 50
#ERR  p: [1718, 595], r: -508, e: -9550, error: 51
#ERR  p: [1718, 596], r: -518, e: -9536, error: 52
#ERR  p: [1718, 597], r: -528, e: -9527, error: 53
#ERR  p: [1718, 598], r: -538, e: -9512, error: 54
#ERR  p: [1718, 599], r: -548, e: -9501, error: 55
#ERR  p: [1718, 600], r: -558, e: -9490, error: 56
#ERR  p: [1718, 601], r: -568, e: -9477, error: 57
#ERR  p: [1718, 602], r: -578, e: -9468, error: 58
#ERR  p: [1718, 603], r: -588, e: -9460, error: 59
#ERR  p: [1718, 604], r: -598, e: -9446, error: 60
#ERR  p: [1718, 605], r: -608, e: -9433, error: 61
#ERR  p: [1718, 606], r: -618, e: -9421, error: 62
#ERR  p: [1718, 607], r: -628, e: -9412, error: 63
#ERR  p: [1718, 608], r: -638, e: -9397, error: 64
#ERR  p: [1718, 609], r: -648, e: -9386, error: 65
#ERR  p: [1718, 610], r: -658, e: -9380, error: 66
#ERR  p: [1718, 611], r: -668, e: -9373, error: 67
#ERR  p: [1718, 612], r: -678, e: -9360, error: 68
#ERR  p: [1718, 613], r: -688, e: -9346, error: 69
#ERR  p: [1718, 614], r: -698, e: -9344, error: 70
#ERR  p: [1718, 615], r: -708, e: -9333, error: 71
#ERR  p: [1718, 616], r: -718, e: -9327, error: 72
#ERR  p: [1718, 617], r: -728, e: -9317, error: 73
#ERR  p: [1718, 618], r: -738, e: -9311, error: 74
#ERR  p: [1718, 619], r: -748, e: -9300, error: 75
#ERR  p: [1718, 620], r: -758, e: -9294, error: 76
#ERR  p: [1718, 621], r: -768, e: -9285, error: 77
#ERR  p: [1718, 622], r: -778, e: -9276, error: 78
#ERR  p: [1718, 623], r: -788, e: -9268, error: 79
#ERR  p: [1718, 624], r: -798, e: -9256, error: 80
#ERR  p: [1718, 625], r: -808, e: -9247, error: 81
#ERR  p: [1718, 626], r: -818, e: -9236, error: 82
#ERR  p: [1718, 627], r: -828, e: -9218, error: 83
#ERR  p: [1718, 628], r: -838, e: -9200, error: 84
#ERR  p: [1718, 629], r: -848, e: -9186, error: 85
#ERR  p: [1718, 630], r: -858, e: -9177, error: 86
#ERR  p: [1718, 631], r: -868, e: -9167, error: 87
#ERR  p: [1718, 632], r: -878, e: -9156, error: 88
#ERR  p: [1718, 633], r: -888, e: -9146, error: 89
#ERR  p: [1718, 634], r: -898, e: -9132, error: 90
#ERR  p: [1718, 635], r: -908, e: -9117, error: 91
#ERR  p: [1718, 636], r: -918, e: -9104, error: 92
#ERR  p: [1718, 637], r: -928, e: -9090, error: 93
#ERR  p: [1718, 638], r: -938, e: -9085, error: 94
#ERR  p: [1718, 639], r: -948, e: -9076, error: 95
#ERR  p: [1718, 640], r: -958, e: -9067, error: 96
#ERR  p: [1718, 641], r: -968, e: -9058, error: 97
#ERR  p: [1718, 642], r: -978, e: -9047, error: 98
#ERR  p: [1718, 643], r: -988, e: -9032, error: 99
#ERR  p: [1718, 644], r: -998, e: -9023, error: 100
#ERR  p: [1718, 645], r: -1008, e: -9014, error: 101
#ERR  p: [1718, 646], r: -1018, e: -9005, error: 102
#ERR  p: [1718, 647], r: -1028, e: -8994, error: 103
#ERR  p: [1718, 648], r: -1038, e: -8984, error: 104
#ERR  p: [1718, 649], r: -1048, e: -8972, error: 105
#ERR  p: [1718, 650], r: -1058, e: -8958, error: 106
#ERR  p: [1718, 651], r: -1068, e: -8947, error: 107
#ERR  p: [1718, 652], r: -1078, e: -8937, error: 108
#ERR  p: [1718, 653], r: -1088, e: -8930, error: 109
#ERR  p: [1718, 654], r: -1098, e: -8921, error: 110
#ERR  p: [1718, 655], r: -1108, e: -8912, error: 111
#ERR  p: [1718, 656], r: -1118, e: -8901, error: 112
#ERR  p: [1718, 657], r: -1128, e: -8905, error: 113
#ERR  p: [1718, 658], r: -1138, e: -8894, error: 114
#ERR  p: [1718, 659], r: -1148, e: -8880, error: 115
#ERR  p: [1718, 660], r: -1158, e: -8864, error: 116
#ERR  p: [1718, 661], r: -1168, e: -8848, error: 117
#ERR  p: [1718, 662], r: -1178, e: -8841, error: 118
#ERR  p: [1718, 663], r: -1188, e: -8832, error: 119
#ERR  p: [1718, 664], r: -1198, e: -8825, error: 120
#ERR  p: [1718, 665], r: -1208, e: -8815, error: 121
#ERR  p: [1718, 666], r: -1218, e: -8811, error: 122
#ERR  p: [1718, 667], r: -1228, e: -8812, error: 123
#ERR  p: [1718, 668], r: -1238, e: -8803, error: 124
#ERR  p: [1718, 669], r: -1248, e: -8794, error: 125
#ERR  p: [1718, 670], r: -1258, e: -8785, error: 126
#ERR  p: [1718, 671], r: -1268, e: -8778, error: 127
#ERR  p: [1718, 672], r: -1278, e: -8763, error: 128
#ERR  p: [1718, 673], r: -1288, e: -8749, error: 129
#ERR  p: [1718, 674], r: -1298, e: -8742, error: 130
#ERR  p: [1718, 675], r: -1308, e: -8741, error: 131
#ERR  p: [1718, 676], r: -1318, e: -8729, error: 132
#ERR  p: [1718, 677], r: -1328, e: -8717, error: 133
#ERR  p: [1718, 678], r: -1338, e: -8709, error: 134
#ERR  p: [1718, 679], r: -1348, e: -8695, error: 135
#ERR  p: [1718, 680], r: -1358, e: -8679, error: 136
#ERR  p: [1718, 681], r: -1368, e: -8670, error: 137
#ERR  p: [1718, 682], r: -1378, e: -8662, error: 138
#ERR  p: [1718, 683], r: -1388, e: -8652, error: 139
#ERR  p: [1718, 684], r: -1398, e: -8640, error: 140
#ERR  p: [1718, 685], r: -1408, e: -8637, error: 141
#ERR  p: [1718, 686], r: -1418, e: -8626, error: 142
#ERR  p: [1718, 687], r: -1428, e: -8620, error: 143
#ERR  p: [1718, 688], r: -1438, e: -8606, error: 144
#ERR  p: [1718, 689], r: -1448, e: -8596, error: 145
#ERR  p: [1718, 690], r: -1458, e: -8580, error: 146
#ERR  p: [1718, 691], r: -1468, e: -8565, error: 147
#ERR  p: [1718, 692], r: -1478, e: -8552, error: 148
#ERR  p: [1718, 693], r: -1488, e: -8537, error: 149
#ERR  p: [1718, 694], r: -1498, e: -8524, error: 150
#ERR  p: [1718, 695], r: -1508, e: -8515, error: 151
#ERR  p: [1718, 696], r: -1518, e: -8506, error: 152
#ERR  p: [1718, 697], r: -1528, e: -8497, error: 153
#ERR  p: [1718, 698], r: -1538, e: -8483, error: 154
#ERR  p: [1718, 699], r: -1548, e: -8481, error: 155
#ERR  p: [1718, 700], r: -1558, e: -8475, error: 156
#ERR  p: [1718, 701], r: -1568, e: -8472, error: 157
#ERR  p: [1718, 702], r: -1578, e: -8463, error: 158
#ERR  p: [1718, 703], r: -1588, e: -8449, error: 159
#ERR  p: [1718, 704], r: -1598, e: -8439, error: 160
#ERR  p: [1718, 705], r: -1608, e: -8426, error: 161
#ERR  p: [1718, 706], r: -1618, e: -8419, error: 162
#ERR  p: [1718, 707], r: -1628, e: -8406, error: 163
#ERR  p: [1718, 708], r: -1638, e: -8396, error: 164
#ERR  p: [1718, 709], r: -1648, e: -8385, error: 165
#ERR  p: [1718, 710], r: -1658, e: -8371, error: 166
#ERR  p: [1718, 711], r: -1668, e: -8358, error: 167
#ERR  p: [1718, 712], r: -1678, e: -8354, error: 168
#ERR  p: [1718, 713], r: -1688, e: -8342, error: 169
#ERR  p: [1718, 714], r: -1698, e: -8329, error: 170
#ERR  p: [1718, 715], r: -1708, e: -8316, error: 171
#ERR  p: [1718, 716], r: -1718, e: -8308, error: 172
#ERR  p: [1718, 717], r: -1728, e: -8296, error: 173
#ERR  p: [1718, 718], r: -1738, e: -8287, error: 174
#ERR  p: [1718, 719], r: -1748, e: -8273, error: 175
#ERR  p: [1718, 720], r: -1758, e: -8259, error: 176
#ERR  p: [1718, 721], r: -1768, e: -8246, error: 177
#ERR  p: [1718, 722], r: -1778, e: -8238, error: 178
#ERR  p: [1718, 723], r: -1788, e: -8227, error: 179
#ERR  p: [1718, 724], r: -1798, e: -8217, error: 180
#ERR  p: [1718, 725], r: -1808, e: -8202, error: 181
#ERR  p: [1718, 726], r: -1818, e: -8189, error: 182
#ERR  p: [1718, 727], r: -1828, e: -8180, error: 183
#ERR  p: [1718, 728], r: -1838, e: -8170, error: 184
#ERR  p: [1718, 729], r: -1848, e: -8152, error: 185
#ERR  p: [1718, 730], r: -1858, e: -8137, error: 186
#ERR  p: [1718, 731], r: -1868, e: -8123, error: 187
#ERR  p: [1718, 732], r: -1878, e: -8116, error: 188
#ERR  p: [1718, 733], r: -1888, e: -8100, error: 189
#ERR  p: [1718, 734], r: -1898, e: -8088, error: 190
#ERR  p: [1718, 735], r: -1908, e: -8076, error: 191
#ERR  p: [1718, 736], r: -1918, e: -8067, error: 192
#ERR  p: [1718, 737], r: -1928, e: -8054, error: 193
#ERR  p: [1718, 738], r: -1938, e: -8046, error: 194
#ERR  p: [1718, 739], r: -1948, e: -8035, error: 195
#ERR  p: [1718, 740], r: -1958, e: -8023, error: 196
#ERR  p: [1718, 741], r: -1968, e: -8012, error: 197
#ERR  p: [1718, 742], r: -1978, e: -8004, error: 198
#ERR  p: [1718, 743], r: -1988, e: -7997, error: 199
#ERR  p: [1718, 744], r: -1998, e: -7988, error: 200
#ERR  p: [1718, 745], r: -2008, e: -7985, error: 201
#ERR  p: [1718, 746], r: -2018, e: -7977, error: 202
#ERR  p: [1718, 747], r: -2028, e: -7963, error: 203
#ERR  p: [1718, 748], r: -2038, e: -7953, error: 204
#ERR  p: [1718, 749], r: -2048, e: -7941, error: 205
#ERR  p: [1718, 750], r: -2058, e: -7933, error: 206
#ERR  p: [1718, 751], r: -2068, e: -7923, error: 207
#ERR  p: [1718, 752], r: -2078, e: -7917, error: 208
#ERR  p: [1718, 753], r: -2088, e: -7906, error: 209
#ERR  p: [1718, 754], r: -2098, e: -7892, error: 210
#ERR  p: [1718, 755], r: -2108, e: -7886, error: 211
#ERR  p: [1718, 756], r: -2118, e: -7875, error: 212
#ERR  p: [1718, 757], r: -2128, e: -7865, error: 213
#ERR  p: [1718, 758], r: -2138, e: -7856, error: 214
#ERR  p: [1718, 759], r: -2148, e: -7855, error: 215
#ERR  p: [1718, 760], r: -2158, e: -7847, error: 216
#ERR  p: [1718, 761], r: -2168, e: -7841, error: 217
#ERR  p: [1718, 762], r: -2178, e: -7832, error: 218
#ERR  p: [1718, 763], r: -2188, e: -7834, error: 219
#ERR  p: [1718, 764], r: -2198, e: -7831, error: 220
#ERR  p: [1718, 765], r: -2208, e: -7822, error: 221
#ERR  p: [1718, 766], r: -2218, e: -7814, error: 222
#ERR  p: [1718, 767], r: -2228, e: -7818, error: 223
#ERR  p: [1718, 768], r: -2238, e: -7805, error: 224
#ERR  p: [1718, 769], r: -2248, e: -7798, error: 225
#ERR  p: [1718, 770], r: -2258, e: -7787, error: 226
#ERR  p: [1718, 771], r: -2268, e: -7782, error: 227
#ERR  p: [1718, 772], r: -2278, e: -7772, error: 228
#ERR  p: [1718, 773], r: -2288, e: -7759, error: 229
#ERR  p: [1718, 774], r: -2298, e: -7741, error: 230
#ERR  p: [1718, 775], r: -2308, e: -7731, error: 231
#ERR  p: [1718, 776], r: -2318, e: -7717, error: 232
#ERR  p: [1718, 777], r: -2328, e: -7709, error: 233
#ERR  p: [1718, 778], r: -2338, e: -7698, error: 234
#ERR  p: [1718, 779], r: -2348, e: -7682, error: 235
#ERR  p: [1718, 780], r: -2358, e: -7668, error: 236
#ERR  p: [1718, 781], r: -2368, e: -7658, error: 237
#ERR  p: [1718, 782], r: -2378, e: -7642, error: 238
#ERR  p: [1718, 783], r: -2388, e: -7635, error: 239
#ERR  p: [1718, 784], r: -2398, e: -7623, error: 240
#ERR  p: [1718, 785], r: -2408, e: -7613, error: 241
#ERR  p: [1718, 786], r: -2418, e: -7599, error: 242
#ERR  p: [1718, 787], r: -2428, e: -7592, error: 243
#ERR  p: [1718, 788], r: -2438, e: -7583, error: 244
#ERR  p: [1718, 789], r: -2448, e: -7576, error: 245
#ERR  p: [1718, 790], r: -2458, e: -7573, error: 246
#ERR  p: [1718, 791], r: -2468, e: -7565, error: 247
#ERR  p: [1718, 792], r: -2478, e: -7558, error: 248
#ERR  p: [1718, 793], r: -2488, e: -7549, error: 249
#ERR  p: [1718, 794], r: -2498, e: -7544, error: 250
#ERR  p: [1718, 795], r: -2508, e: -7534, error: 251
#ERR  p: [1718, 796], r: -2518, e: -7518, error: 252
#ERR  p: [1718, 797], r: -2528, e: -7509, error: 253
#ERR  p: [1718, 798], r: -2538, e: -7497, error: 254
#ERR  p: [1718, 799], r: -2548, e: -7490, error: 255
#ERR  p: [1718, 800], r: -2558, e: -7479, error: 256
#ERR  p: [1718, 801], r: -2568, e: -7469, error: 257
#ERR  p: [1718, 802], r: -2578, e: -7455, error: 258
#ERR  p: [1718, 803], r: -2588, e: -7451, error: 259
#ERR  p: [1718, 804], r: -2598, e: -7437, error: 260
#ERR  p: [1718, 805], r: -2608, e: -7435, error: 261
#ERR  p: [1718, 806], r: -2618, e: -7422, error: 262
#ERR  p: [1718, 807], r: -2628, e: -7416, error: 263
#ERR  p: [1718, 808], r: -2638, e: -7402, error: 264
#ERR  p: [1718, 809], r: -2648, e: -7392, error: 265
#ERR  p: [1718, 810], r: -2658, e: -7382, error: 266
#ERR  p: [1718, 811], r: -2668, e: -7375, error: 267
#ERR  p: [1718, 812], r: -2678, e: -7364, error: 268
#ERR  p: [1718, 813], r: -2688, e: -7359, error: 269
#ERR  p: [1718, 814], r: -2698, e: -7350, error: 270
#ERR  p: [1718, 815], r: -2708, e: -7340, error: 271
#ERR  p: [1718, 816], r: -2718, e: -7331, error: 272
#ERR  p: [1718, 817], r: -2728, e: -7319, error: 273
#ERR  p: [1718, 818], r: -2738, e: -7303, error: 274
#ERR  p: [1718, 819], r: -2748, e: -7292, error: 275
#ERR  p: [1718, 820], r: -2758, e: -7283, error: 276
#ERR  p: [1718, 821], r: -2768, e: -7272, error: 277
#ERR  p: [1718, 822], r: -2778, e: -7263, error: 278
#ERR  p: [1718, 823], r: -2788, e: -7249, error: 279
#ERR  p: [1718, 824], r: -2798, e: -7237, error: 280
#ERR  p: [1718, 825], r: -2808, e: -7228, error: 281
#ERR  p: [1718, 826], r: -2818, e: -7218, error: 282
#ERR  p: [1718, 827], r: -2828, e: -7207, error: 283
#ERR  p: [1718, 828], r: -2838, e: -7198, error: 284
#ERR  p: [1718, 829], r: -2848, e: -7184, error: 285
#ERR  p: [1718, 830], r: -2858, e: -7182, error: 286
#ERR  p: [1718, 831], r: -2868, e: -7174, error: 287
#ERR  p: [1718, 832], r: -2878, e: -7162, error: 288
#ERR  p: [1718, 833], r: -2888, e: -7152, error: 289
#ERR  p: [1718, 834], r: -2898, e: -7146, error: 290
#ERR  p: [1718, 835], r: -2908, e: -7132, error: 291
#ERR  p: [1718, 836], r: -2918, e: -7122, error: 292
#ERR  p: [1718, 837], r: -2928, e: -7113, error: 293
#ERR  p: [1718, 838], r: -2938, e: -7103, error: 294
#ERR  p: [1718, 839], r: -2948, e: -7088, error: 295
#ERR  p: [1718, 840], r: -2958, e: -7074, error: 296
#ERR  p: [1718, 841], r: -2968, e: -7072, error: 297
#ERR  p: [1718, 842], r: -2978, e: -7076, error: 298
#ERR  p: [1718, 843], r: -2988, e: -7068, error: 299
#ERR  p: [1718, 844], r: -2998, e: -7061, error: 300
#ERR  p: [1718, 845], r: -3008, e: -7055, error: 301
#ERR  p: [1718, 846], r: -3018, e: -7045, error: 302
#ERR  p: [1718, 847], r: -3028, e: -7031, error: 303
#ERR  p: [1718, 848], r: -3038, e: -7018, error: 304
#ERR  p: [1718, 849], r: -3048, e: -7019, error: 305
#ERR  p: [1718, 850], r: -3058, e: -7016, error: 306
#ERR  p: [1718, 851], r: -3068, e: -7007, error: 307
#ERR  p: [1718, 852], r: -3078, e: -6998, error: 308
#ERR  p: [1718, 853], r: -3088, e: -6987, error: 309
#ERR  p: [1718, 854], r: -3098, e: -6974, error: 310
#ERR  p: [1718, 855], r: -3108, e: -6961, error: 311
#ERR  p: [1718, 856], r: -3118, e: -6958, error: 312
#ERR  p: [1718, 857], r: -3128, e: -6950, error: 313
#ERR  p: [1718, 858], r: -3138, e: -6940, error: 314
#ERR  p: [1718, 859], r: -3148, e: -6931, error: 315
#ERR  p: [1718, 860], r: -3158, e: -6920, error: 316
#ERR  p: [1718, 861], r: -3168, e: -6909, error: 317
#ERR  p: [1718, 862], r: -3178, e: -6897, error: 318
#ERR  p: [1718, 863], r: -3188, e: -6889, error: 319
#ERR  p: [1718, 864], r: -3198, e: -6884, error: 320
#ERR  p: [1718, 865], r: -3208, e: -6871, error: 321
#ERR  p: [1718, 866], r: -3218, e: -6860, error: 322
#ERR  p: [1718, 867], r: -3228, e: -6846, error: 323
#ERR  p: [1718, 868], r: -3238, e: -6837, error: 324
#ERR  p: [1718, 869], r: -3248, e: -6825, error: 325
#ERR  p: [1718, 870], r: -3258, e: -6816, error: 326
#ERR  p: [1718, 871], r: -3268, e: -6805, error: 327
#ERR  p: [1718, 872], r: -3278, e: -6796, error: 328
#ERR  p: [1718, 873], r: -3288, e: -6783, error: 329
#ERR  p: [1718, 874], r: -3298, e: -6774, error: 330
#ERR  p: [1718, 875], r: -3308, e: -6760, error: 331
#ERR  p: [1718, 876], r: -3318, e: -6760, error: 332
#ERR  p: [1718, 877], r: -3328, e: -6753, error: 333
#ERR  p: [1718, 878], r: -3338, e: -6740, error: 334
#ERR  p: [1718, 879], r: -3348, e: -6727, error: 335
#ERR  p: [1718, 880], r: -3358, e: -6722, error: 336
#ERR  p: [1718, 881], r: -3368, e: -6713, error: 337
#ERR  p: [1718, 882], r: -3378, e: -6699, error: 338
#ERR  p: [1718, 883], r: -3388, e: -6697, error: 339
#ERR  p: [1718, 884], r: -3398, e: -6683, error: 340
#ERR  p: [1718, 885], r: -3408, e: -6674, error: 341
#ERR  p: [1718, 886], r: -3418, e: -6663, error: 342
#ERR  p: [1718, 887], r: -3428, e: -6655, error: 343
#ERR  p: [1718, 888], r: -3438, e: -6644, error: 344
#ERR  p: [1718, 889], r: -3448, e: -6631, error: 345
#ERR  p: [1718, 890], r: -3458, e: -6622, error: 346
#ERR  p: [1718, 891], r: -3468, e: -6613, error: 347
#ERR  p: [1718, 892], r: -3478, e: -6605, error: 348
#ERR  p: [1718, 893], r: -3488, e: -6591, error: 349
#ERR  p: [1718, 894], r: -3498, e: -6582, error: 350
#ERR  p: [1718, 895], r: -3508, e: -6570, error: 351
#ERR  p: [1718, 896], r: -3518, e: -6570, error: 352
#ERR  p: [1718, 897], r: -3528, e: -6559, error: 353
#ERR  p: [1718, 898], r: -3538, e: -6549, error: 354
#ERR  p: [1718, 899], r: -3548, e: -6535, error: 355
#ERR  p: [1718, 900], r: -3558, e: -6522, error: 356
#ERR  p: [1718, 901], r: -3568, e: -6510, error: 357
#ERR  p: [1718, 902], r: -3578, e: -6497, error: 358
#ERR  p: [1718, 903], r: -3588, e: -6499, error: 359
#ERR  p: [1718, 904], r: -3598, e: -6493, error: 360
#ERR  p: [1718, 905], r: -3608, e: -6484, error: 361
#ERR  p: [1718, 906], r: -3618, e: -6474, error: 362
#ERR  p: [1718, 907], r: -3628, e: -6460, error: 363
#ERR  p: [1718, 908], r: -3638, e: -6457, error: 364
#ERR  p: [1718, 909], r: -3648, e: -6446, error: 365
#ERR  p: [1718, 910], r: -3658, e: -6434, error: 366
#ERR  p: [1718, 911], r: -3668, e: -6426, error: 367
#ERR  p: [1718, 912], r: -3678, e: -6417, error: 368
#ERR  p: [1718, 913], r: -3688, e: -6410, error: 369
#ERR  p: [1718, 914], r: -3698, e: -6396, error: 370
#ERR  p: [1718, 915], r: -3708, e: -6382, error: 371
#ERR  p: [1718, 916], r: -3718, e: -6368, error: 372
#ERR  p: [1718, 917], r: -3728, e: -6366, error: 373
#ERR  p: [1718, 918], r: -3738, e: -6354, error: 374
#ERR  p: [1718, 919], r: -3748, e: -6344, error: 375
#ERR  p: [1718, 920], r: -3758, e: -6334, error: 376
#ERR  p: [1718, 921], r: -3768, e: -6316, error: 377
#ERR  p: [1718, 922], r: -3778, e: -6305, error: 378
#ERR  p: [1718, 923], r: -3788, e: -6296, error: 379
#ERR  p: [1718, 924], r: -3798, e: -6289, error: 380
#ERR  p: [1718, 925], r: -3808, e: -6278, error: 381
#ERR  p: [1718, 926], r: -3818, e: -6264, error: 382
#ERR  p: [1718, 927], r: -3828, e: -6264, error: 383
#ERR  p: [1718, 928], r: -3838, e: -6256, error: 384
#ERR  p: [1718, 929], r: -3848, e: -6240, error: 385
#ERR  p: [1718, 930], r: -3858, e: -6230, error: 386
#ERR  p: [1718, 931], r: -3868, e: -6218, error: 387
#ERR  p: [1718, 932], r: -3878, e: -6214, error: 388
#ERR  p: [1718, 933], r: -3888, e: -6205, error: 389
#ERR  p: [1718, 934], r: -3898, e: -6196, error: 390
#ERR  p: [1718, 935], r: -3908, e: -6186, error: 391
#ERR  p: [1718, 936], r: -3918, e: -6174, error: 392
#ERR  p: [1718, 937], r: -3928, e: -6157, error: 393
#ERR  p: [1718, 938], r: -3938, e: -6147, error: 394
#ERR  p: [1718, 939], r: -3948, e: -6138, error: 395
#ERR  p: [1718, 940], r: -3958, e: -6132, error: 396
#ERR  p: [1718, 941], r: -3968, e: -6124, error: 397
#ERR  p: [1718, 942], r: -3978, e: -6114, error: 398
#ERR  p: [1718, 943], r: -3988, e: -6103, error: 399
#ERR  p: [1718, 944], r: -3998, e: -6105, error: 400
#ERR  p: [1718, 945], r: -4008, e: -6092, error: 401
#ERR  p: [1718, 946], r: -4018, e: -6080, error: 402
#ERR  p: [1718, 947], r: -4028, e: -6070, error: 403
#ERR  p: [1718, 948], r: -4038, e: -6060, error: 404
#ERR  p: [1718, 949], r: -4048, e: -6056, error: 405
#ERR  p: [1718, 950], r: -4058, e: -6048, error: 406
#ERR  p: [1718, 951], r: -4068, e: -6041, error: 407
#ERR  p: [1718, 952], r: -4078, e: -6031, error: 408
#ERR  p: [1718, 953], r: -4088, e: -6017, error: 409
#ERR  p: [1718, 954], r: -4098, e: -6008, error: 410
#ERR  p: [1718, 955], r: -4108, e: -6001, error: 411
#ERR  p: [1718, 956], r: -4118, e: -5994, error: 412
#ERR  p: [1718, 957], r: -4128, e: -5990, error: 413
#ERR  p: [1718, 958], r: -4138, e: -5982, error: 414
#ERR  p: [1718, 959], r: -4148, e: -5971, error: 415
#ERR  p: [1718, 960], r: -4158, e: -5958, error: 416
#ERR  p: [1718, 961], r: -4168, e: -5947, error: 417
#ERR  p: [1718, 962], r: -4178, e: -5935, error: 418
#ERR  p: [1718, 963], r: -4188, e: -5921, error: 419
#ERR  p: [1718, 964], r: -4198, e: -5914, error: 420
#ERR  p: [1718, 965], r: -4208, e: -5917, error: 421
#ERR  p: [1718, 966], r: -4218, e: -5906, error: 422
#ERR  p: [1718, 967], r: -4228, e: -5893, error: 423
#ERR  p: [1718, 968], r: -4238, e: -5890, error: 424
#ERR  p: [1718, 969], r: -4248, e: -5881, error: 425
#ERR  p: [1718, 970], r: -4258, e: -5867, error: 426
#ERR  p: [1718, 971], r: -4268, e: -5855, error: 427
#ERR  p: [1718, 972], r: -4278, e: -5845, error: 428
#ERR  p: [1718, 973], r: -4288, e: -5836, error: 429
#ERR  p: [1718, 974], r: -4298, e: -5827, error: 430
#ERR  p: [1718, 975], r: -4308, e: -5814, error: 431
#ERR  p: [1718, 976], r: -4318, e: -5808, error: 432
#ERR  p: [1718, 977], r: -4328, e: -5793, error: 433
#ERR  p: [1718, 978], r: -4338, e: -5785, error: 434
#ERR  p: [1718, 979], r: -4348, e: -5779, error: 435
#ERR  p: [1718, 980], r: -4358, e: -5772, error: 436
#ERR  p: [1718, 981], r: -4368, e: -5759, error: 437
#ERR  p: [1718, 982], r: -4378, e: -5745, error: 438
#ERR  p: [1718, 983], r: -4388, e: -5731, error: 439
#ERR  p: [1718, 984], r: -4398, e: -5724, error: 440
#ERR  p: [1718, 985], r: -4408, e: -5715, error: 441
#ERR  p: [1718, 986], r: -4418, e: -5708, error: 442
#ERR  p: [1718, 987], r: -4428, e: -5699, error: 443
#ERR  p: [1718, 988], r: -4438, e: -5704, error: 444
#ERR  p: [1718, 989], r: -4448, e: -5697, error: 445
#ERR  p: [1718, 990], r: -4458, e: -5689, error: 446
#ERR  p: [1718, 991], r: -4468, e: -5675, error: 447
#ERR  p: [1718, 992], r: -4478, e: -5666, error: 448
#ERR  p: [1718, 993], r: -4488, e: -5659, error: 449
#ERR  p: [1718, 994], r: -4498, e: -5647, error: 450
#ERR  p: [1718, 995], r: -4508, e: -5642, error: 451
#ERR  p: [1718, 996], r: -4518, e: -5633, error: 452
#ERR  p: [1718, 997], r: -4528, e: -5619, error: 453
#ERR  p: [1718, 998], r: -4538, e: -5606, error: 454
#ERR  p: [1718, 999], r: -4548, e: -5592, error: 455
#ERR  p: [1718, 1000], r: -4558, e: -5588, error: 456
#ERR  p: [1718, 1001], r: -4568, e: -5574, error: 457
#ERR  p: [1718, 1002], r: -4578, e: -5561, error: 458
#ERR  p: [1718, 1003], r: -4588, e: -5557, error: 459
#ERR  p: [1718, 1004], r: -4598, e: -5551, error: 460
#ERR  p: [1718, 1005], r: -4608, e: -5540, error: 461
#ERR  p: [1718, 1006], r: -4618, e: -5530, error: 462
#ERR  p: [1718, 1007], r: -4628, e: -5519, error: 463
#ERR  p: [1718, 1008], r: -4638, e: -5515, error: 464
#ERR  p: [1718, 1009], r: -4648, e: -5500, error: 465
#ERR  p: [1718, 1010], r: -4658, e: -5490, error: 466
#ERR  p: [1718, 1011], r: -4668, e: -5479, error: 467
#ERR  p: [1718, 1012], r: -4678, e: -5473, error: 468
#ERR  p: [1718, 1013], r: -4688, e: -5462, error: 469
#ERR  p: [1718, 1014], r: -4698, e: -5453, error: 470
#ERR  p: [1718, 1015], r: -4708, e: -5447, error: 471
#ERR  p: [1718, 1016], r: -4718, e: -5446, error: 472
#ERR  p: [1718, 1017], r: -4728, e: -5434, error: 473
#ERR  p: [1718, 1018], r: -4738, e: -5425, error: 474
#ERR  p: [1718, 1019], r: -4748, e: -5425, error: 475
#ERR  p: [1718, 1020], r: -4758, e: -5417, error: 476
#ERR  p: [1718, 1021], r: -4768, e: -5408, error: 477
#ERR  p: [1718, 1022], r: -4778, e: -5396, error: 478
#ERR  p: [1718, 1023], r: -4788, e: -5387, error: 479
#ERR  p: [1718, 1024], r: -4798, e: -5376, error: 480
#ERR  p: [1718, 1025], r: -4808, e: -5363, error: 481
#ERR  p: [1718, 1026], r: -4818, e: -5351, error: 482
#ERR  p: [1718, 1027], r: -4828, e: -5347, error: 483
#ERR  p: [1718, 1028], r: -4838, e: -5340, error: 484
#ERR  p: [1718, 1029], r: -4848, e: -5330, error: 485
#ERR  p: [1718, 1030], r: -4858, e: -5316, error: 486
#ERR  p: [1718, 1031], r: -4868, e: -5307, error: 487
#ERR  p: [1718, 1032], r: -4878, e: -5296, error: 488
#ERR  p: [1718, 1033], r: -4888, e: -5285, error: 489
#ERR  p: [1718, 1034], r: -4898, e: -5269, error: 490
#ERR  p: [1718, 1035], r: -4908, e: -5260, error: 491
#ERR  p: [1718, 1036], r: -4918, e: -5246, error: 492
#ERR  p: [1718, 1037], r: -4928, e: -5238, error: 493
#ERR  p: [1718, 1038], r: -4938, e: -5231, error: 494
#ERR  p: [1718, 1039], r: -4948, e: -5241, error: 495
#ERR  p: [1718, 1040], r: -4958, e: -5225, error: 496
#ERR  p: [1718, 1041], r: -4968, e: -5216, error: 497
#ERR  p: [1718, 1042], r: -4978, e: -5202, error: 498
#ERR  p: [1718, 1043], r: -4988, e: -5195, error: 499
#SDC Ite:0 KerTime:0.294147 AccTime:0.294147 KerErr:500 AccErr:500
#END