#HEADER max_rows:2048 max_cols:2048 penalty:10
#BEGIN Y:2016 M:09 D:12 Time:15:46:48
#IT Ite:0 KerTime:0.294326 AccTime:0.294326
#ERR Error detected! kerrors = 527340
#ERR  p: [1674, 638], r: 1565742070, e: -8688, error: 1
#ERR  p: [1674, 639], r: 1565742060, e: -8680, error: 2
#ERR  p: [1674, 640], r: 1565742050, e: -8671, error: 3
#ERR  p: [1674, 641], r: 1565742040, e: -8673, error: 4
#ERR  p: [1674, 642], r: 1565742030, e: -8664, error: 5
#ERR  p: [1674, 643], r: 1565742020, e: -8648, error: 6
#ERR  p: [1674, 644], r: 1565742010, e: -8636, error: 7
#ERR  p: [1674, 645], r: 1565742000, e: -8626, error: 8
#ERR  p: [1674, 646], r: 1565741990, e: -8616, error: 9
#ERR  p: [1674, 647], r: 1565741980, e: -8608, error: 10
#ERR  p: [1674, 648], r: 1565741970, e: -8592, error: 11
#ERR  p: [1674, 649], r: 1565741960, e: -8585, error: 12
#ERR  p: [1674, 650], r: 1565741950, e: -8579, error: 13
#ERR  p: [1674, 651], r: 1565741940, e: -8568, error: 14
#ERR  p: [1674, 652], r: 1565741930, e: -8559, error: 15
#ERR  p: [1674, 653], r: 1565741920, e: -8550, error: 16
#ERR  p: [1674, 654], r: 1565741910, e: -8540, error: 17
#ERR  p: [1674, 655], r: 1565741900, e: -8531, error: 18
#ERR  p: [1674, 656], r: 1565741890, e: -8523, error: 19
#ERR  p: [1674, 657], r: 1565741880, e: -8523, error: 20
#ERR  p: [1674, 658], r: 1565741870, e: -8515, error: 21
#ERR  p: [1674, 659], r: 1565741860, e: -8502, error: 22
#ERR  p: [1674, 660], r: 1565741850, e: -8486, error: 23
#ERR  p: [1674, 661], r: 1565741840, e: -8478, error: 24
#ERR  p: [1674, 662], r: 1565741830, e: -8470, error: 25
#ERR  p: [1674, 663], r: 1565741820, e: -8460, error: 26
#ERR  p: [1674, 664], r: 1565741810, e: -8453, error: 27
#ERR  p: [1674, 665], r: 1565741800, e: -8445, error: 28
#ERR  p: [1674, 666], r: 1565741790, e: -8436, error: 29
#ERR  p: [1674, 667], r: 1565741780, e: -8422, error: 30
#ERR  p: [1674, 668], r: 1565741770, e: -8407, error: 31
#ERR  p: [1674, 669], r: 1565741760, e: -8396, error: 32
#ERR  p: [1674, 670], r: 1565741750, e: -8386, error: 33
#ERR  p: [1674, 671], r: 1565741740, e: -8378, error: 34
#ERR  p: [1674, 672], r: 1565741730, e: -8367, error: 35
#ERR  p: [1674, 673], r: 1565741720, e: -8358, error: 36
#ERR  p: [1674, 674], r: 1565741710, e: -8345, error: 37
#ERR  p: [1674, 675], r: 1565741700, e: -8336, error: 38
#ERR  p: [1674, 676], r: 1565741690, e: -8325, error: 39
#ERR  p: [1674, 677], r: 1565741680, e: -8315, error: 40
#ERR  p: [1674, 678], r: 1565741670, e: -8306, error: 41
#ERR  p: [1674, 679], r: 1565741660, e: -8292, error: 42
#ERR  p: [1674, 680], r: 1565741650, e: -8276, error: 43
#ERR  p: [1674, 681], r: 1565741640, e: -8257, error: 44
#ERR  p: [1674, 682], r: 1565741630, e: -8254, error: 45
#ERR  p: [1674, 683], r: 1565741620, e: -8248, error: 46
#ERR  p: [1674, 684], r: 1565741610, e: -8236, error: 47
#ERR  p: [1674, 685], r: 1565741600, e: -8227, error: 48
#ERR  p: [1674, 686], r: 1565741590, e: -8216, error: 49
#ERR  p: [1674, 687], r: 1565741580, e: -8205, error: 50
#ERR  p: [1674, 688], r: 1565741570, e: -8192, error: 51
#ERR  p: [1674, 689], r: 1565741560, e: -8178, error: 52
#ERR  p: [1674, 690], r: 1565741550, e: -8170, error: 53
#ERR  p: [1674, 691], r: 1565741540, e: -8159, error: 54
#ERR  p: [1674, 692], r: 1565741530, e: -8143, error: 55
#ERR  p: [1674, 693], r: 1565741520, e: -8137, error: 56
#ERR  p: [1674, 694], r: 1565741510, e: -8124, error: 57
#ERR  p: [1674, 695], r: 1565741500, e: -8114, error: 58
#ERR  p: [1674, 696], r: 1565741490, e: -8105, error: 59
#ERR  p: [1674, 697], r: 1565741480, e: -8096, error: 60
#ERR  p: [1674, 698], r: 1565741470, e: -8088, error: 61
#ERR  p: [1674, 699], r: 1565741460, e: -8087, error: 62
#ERR  p: [1674, 700], r: 1565741450, e: -8076, error: 63
#ERR  p: [1674, 701], r: 1565741440, e: -8062, error: 64
#ERR  p: [1674, 702], r: 1565741430, e: -8043, error: 65
#ERR  p: [1674, 703], r: 1565741420, e: -8031, error: 66
#ERR  p: [1674, 704], r: 1565741410, e: -8020, error: 67
#ERR  p: [1674, 705], r: 1565741400, e: -8010, error: 68
#ERR  p: [1674, 706], r: 1565741390, e: -8000, error: 69
#ERR  p: [1674, 707], r: 1565741380, e: -7984, error: 70
#ERR  p: [1674, 708], r: 1565741370, e: -7973, error: 71
#ERR  p: [1674, 709], r: 1565741360, e: -7964, error: 72
#ERR  p: [1674, 710], r: 1565741350, e: -7950, error: 73
#ERR  p: [1674, 711], r: 1565741340, e: -7940, error: 74
#ERR  p: [1674, 712], r: 1565741330, e: -7921, error: 75
#ERR  p: [1674, 713], r: 1565741320, e: -7915, error: 76
#ERR  p: [1674, 714], r: 1565741310, e: -7901, error: 77
#ERR  p: [1674, 715], r: 1565741300, e: -7892, error: 78
#ERR  p: [1674, 716], r: 1565741290, e: -7878, error: 79
#ERR  p: [1674, 717], r: 1565741280, e: -7864, error: 80
#ERR  p: [1674, 718], r: 1565741270, e: -7854, error: 81
#ERR  p: [1674, 719], r: 1565741260, e: -7845, error: 82
#ERR  p: [1674, 720], r: 1565741250, e: -7835, error: 83
#ERR  p: [1674, 721], r: 1565741240, e: -7825, error: 84
#ERR  p: [1674, 722], r: 1565741230, e: -7806, error: 85
#ERR  p: [1674, 723], r: 1565741220, e: -7805, error: 86
#ERR  p: [1674, 724], r: 1565741210, e: -7794, error: 87
#ERR  p: [1674, 725], r: 1565741200, e: -7785, error: 88
#ERR  p: [1674, 726], r: 1565741190, e: -7778, error: 89
#ERR  p: [1674, 727], r: 1565741180, e: -7771, error: 90
#ERR  p: [1674, 728], r: 1565741170, e: -7758, error: 91
#ERR  p: [1674, 729], r: 1565741160, e: -7750, error: 92
#ERR  p: [1674, 730], r: 1565741150, e: -7743, error: 93
#ERR  p: [1674, 731], r: 1565741140, e: -7744, error: 94
#ERR  p: [1674, 732], r: 1565741130, e: -7738, error: 95
#ERR  p: [1674, 733], r: 1565741120, e: -7729, error: 96
#ERR  p: [1674, 734], r: 1565741110, e: -7720, error: 97
#ERR  p: [1674, 735], r: 1565741100, e: -7712, error: 98
#ERR  p: [1674, 736], r: 1565741090, e: -7703, error: 99
#ERR  p: [1674, 737], r: 1565741080, e: -7693, error: 100
#ERR  p: [1674, 738], r: 1565741070, e: -7684, error: 101
#ERR  p: [1674, 739], r: 1565741060, e: -7672, error: 102
#ERR  p: [1674, 740], r: 1565741050, e: -7660, error: 103
#ERR  p: [1674, 741], r: 1565741040, e: -7651, error: 104
#ERR  p: [1674, 742], r: 1565741030, e: -7640, error: 105
#ERR  p: [1674, 743], r: 1565741020, e: -7632, error: 106
#ERR  p: [1674, 744], r: 1565741010, e: -7623, error: 107
#ERR  p: [1674, 745], r: 1565741000, e: -7613, error: 108
#ERR  p: [1674, 746], r: 1565740990, e: -7605, error: 109
#ERR  p: [1674, 747], r: 1565740980, e: -7593, error: 110
#ERR  p: [1674, 748], r: 1565740970, e: -7585, error: 111
#ERR  p: [1674, 749], r: 1565740960, e: -7580, error: 112
#ERR  p: [1674, 750], r: 1565740950, e: -7567, error: 113
#ERR  p: [1674, 751], r: 1565740940, e: -7559, error: 114
#ERR  p: [1674, 752], r: 1565740930, e: -7549, error: 115
#ERR  p: [1674, 753], r: 1565740920, e: -7542, error: 116
#ERR  p: [1674, 754], r: 1565740910, e: -7533, error: 117
#ERR  p: [1674, 755], r: 1565740900, e: -7517, error: 118
#ERR  p: [1674, 756], r: 1565740890, e: -7511, error: 119
#ERR  p: [1674, 757], r: 1565740880, e: -7504, error: 120
#ERR  p: [1674, 758], r: 1565740870, e: -7495, error: 121
#ERR  p: [1674, 759], r: 1565740860, e: -7489, error: 122
#ERR  p: [1674, 760], r: 1565740850, e: -7476, error: 123
#ERR  p: [1674, 761], r: 1565740840, e: -7470, error: 124
#ERR  p: [1674, 762], r: 1565740830, e: -7462, error: 125
#ERR  p: [1674, 763], r: 1565740820, e: -7454, error: 126
#ERR  p: [1674, 764], r: 1565740810, e: -7446, error: 127
#ERR  p: [1674, 765], r: 1565740800, e: -7427, error: 128
#ERR  p: [1674, 766], r: 1565740790, e: -7428, error: 129
#ERR  p: [1674, 767], r: 1565740780, e: -7421, error: 130
#ERR  p: [1674, 768], r: 1565740770, e: -7411, error: 131
#ERR  p: [1674, 769], r: 1565740760, e: -7402, error: 132
#ERR  p: [1674, 770], r: 1565740750, e: -7393, error: 133
#ERR  p: [1674, 771], r: 1565740740, e: -7382, error: 134
#ERR  p: [1674, 772], r: 1565740730, e: -7368, error: 135
#ERR  p: [1674, 773], r: 1565740720, e: -7360, error: 136
#ERR  p: [1674, 774], r: 1565740710, e: -7350, error: 137
#ERR  p: [1674, 775], r: 1565740700, e: -7339, error: 138
#ERR  p: [1674, 776], r: 1565740690, e: -7326, error: 139
#ERR  p: [1674, 777], r: 1565740680, e: -7315, error: 140
#ERR  p: [1674, 778], r: 1565740670, e: -7307, error: 141
#ERR  p: [1674, 779], r: 1565740660, e: -7299, error: 142
#ERR  p: [1674, 780], r: 1565740650, e: -7289, error: 143
#ERR  p: [1674, 781], r: 1565740640, e: -7274, error: 144
#ERR  p: [1674, 782], r: 1565740630, e: -7258, error: 145
#ERR  p: [1674, 783], r: 1565740620, e: -7250, error: 146
#ERR  p: [1674, 784], r: 1565740610, e: -7241, error: 147
#ERR  p: [1674, 785], r: 1565740600, e: -7238, error: 148
#ERR  p: [1674, 786], r: 1565740590, e: -7232, error: 149
#ERR  p: [1674, 787], r: 1565740580, e: -7223, error: 150
#ERR  p: [1674, 788], r: 1565740570, e: -7215, error: 151
#ERR  p: [1674, 789], r: 1565740560, e: -7207, error: 152
#ERR  p: [1674, 790], r: 1565740550, e: -7189, error: 153
#ERR  p: [1674, 791], r: 1565740540, e: -7190, error: 154
#ERR  p: [1674, 792], r: 1565740530, e: -7180, error: 155
#ERR  p: [1674, 793], r: 1565740520, e: -7170, error: 156
#ERR  p: [1674, 794], r: 1565740510, e: -7160, error: 157
#ERR  p: [1674, 795], r: 1565740500, e: -7152, error: 158
#ERR  p: [1674, 796], r: 1565740490, e: -7138, error: 159
#ERR  p: [1674, 797], r: 1565740480, e: -7128, error: 160
#ERR  p: [1674, 798], r: 1565740470, e: -7119, error: 161
#ERR  p: [1674, 799], r: 1565740460, e: -7111, error: 162
#ERR  p: [1674, 800], r: 1565740450, e: -7100, error: 163
#ERR  p: [1674, 801], r: 1565740440, e: -7089, error: 164
#ERR  p: [1674, 802], r: 1565740430, e: -7075, error: 165
#ERR  p: [1674, 803], r: 1565740420, e: -7060, error: 166
#ERR  p: [1674, 804], r: 1565740410, e: -7050, error: 167
#ERR  p: [1674, 805], r: 1565740400, e: -7034, error: 168
#ERR  p: [1674, 806], r: 1565740390, e: -7024, error: 169
#ERR  p: [1674, 807], r: 1565740380, e: -7013, error: 170
#ERR  p: [1674, 808], r: 1565740370, e: -7002, error: 171
#ERR  p: [1674, 809], r: 1565740360, e: -6991, error: 172
#ERR  p: [1674, 810], r: 1565740350, e: -6977, error: 173
#ERR  p: [1674, 811], r: 1565740340, e: -6969, error: 174
#ERR  p: [1674, 812], r: 1565740330, e: -6960, error: 175
#ERR  p: [1674, 813], r: 1565740320, e: -6952, error: 176
#ERR  p: [1674, 814], r: 1565740310, e: -6944, error: 177
#ERR  p: [1674, 815], r: 1565740300, e: -6937, error: 178
#ERR  p: [1674, 816], r: 1565740290, e: -6936, error: 179
#ERR  p: [1674, 817], r: 1565740280, e: -6929, error: 180
#ERR  p: [1674, 818], r: 1565740270, e: -6923, error: 181
#ERR  p: [1674, 819], r: 1565740260, e: -6909, error: 182
#ERR  p: [1674, 820], r: 1565740250, e: -6901, error: 183
#ERR  p: [1674, 821], r: 1565740240, e: -6895, error: 184
#ERR  p: [1674, 822], r: 1565740230, e: -6888, error: 185
#ERR  p: [1674, 823], r: 1565740220, e: -6881, error: 186
#ERR  p: [1674, 824], r: 1565740210, e: -6873, error: 187
#ERR  p: [1674, 825], r: 1565740200, e: -6863, error: 188
#ERR  p: [1674, 826], r: 1565740190, e: -6847, error: 189
#ERR  p: [1674, 827], r: 1565740180, e: -6839, error: 190
#ERR  p: [1674, 828], r: 1565740170, e: -6825, error: 191
#ERR  p: [1674, 829], r: 1565740160, e: -6816, error: 192
#ERR  p: [1674, 830], r: 1565740150, e: -6809, error: 193
#ERR  p: [1674, 831], r: 1565740140, e: -6803, error: 194
#ERR  p: [1674, 832], r: 1565740130, e: -6790, error: 195
#ERR  p: [1674, 833], r: 1565740120, e: -6782, error: 196
#ERR  p: [1674, 834], r: 1565740110, e: -6772, error: 197
#ERR  p: [1674, 835], r: 1565740100, e: -6760, error: 198
#ERR  p: [1674, 836], r: 1565740090, e: -6749, error: 199
#ERR  p: [1674, 837], r: 1565740080, e: -6740, error: 200
#ERR  p: [1674, 838], r: 1565740070, e: -6731, error: 201
#ERR  p: [1674, 839], r: 1565740060, e: -6722, error: 202
#ERR  p: [1674, 840], r: 1565740050, e: -6713, error: 203
#ERR  p: [1674, 841], r: 1565740040, e: -6707, error: 204
#ERR  p: [1674, 842], r: 1565740030, e: -6699, error: 205
#ERR  p: [1674, 843], r: 1565740020, e: -6685, error: 206
#ERR  p: [1674, 844], r: 1565740010, e: -6677, error: 207
#ERR  p: [1674, 845], r: 1565740000, e: -6668, error: 208
#ERR  p: [1674, 846], r: 1565739990, e: -6653, error: 209
#ERR  p: [1674, 847], r: 1565739980, e: -6642, error: 210
#ERR  p: [1674, 848], r: 1565739970, e: -6632, error: 211
#ERR  p: [1674, 849], r: 1565739960, e: -6623, error: 212
#ERR  p: [1674, 850], r: 1565739950, e: -6613, error: 213
#ERR  p: [1674, 851], r: 1565739940, e: -6603, error: 214
#ERR  p: [1674, 852], r: 1565739930, e: -6594, error: 215
#ERR  p: [1674, 853], r: 1565739920, e: -6586, error: 216
#ERR  p: [1674, 854], r: 1565739910, e: -6574, error: 217
#ERR  p: [1674, 855], r: 1565739900, e: -6564, error: 218
#ERR  p: [1674, 856], r: 1565739890, e: -6556, error: 219
#ERR  p: [1674, 857], r: 1565739880, e: -6549, error: 220
#ERR  p: [1674, 858], r: 1565739870, e: -6548, error: 221
#ERR  p: [1674, 859], r: 1565739860, e: -6538, error: 222
#ERR  p: [1674, 860], r: 1565739850, e: -6529, error: 223
#ERR  p: [1674, 861], r: 1565739840, e: -6522, error: 224
#ERR  p: [1674, 862], r: 1565739830, e: -6514, error: 225
#ERR  p: [1674, 863], r: 1565739820, e: -6513, error: 226
#ERR  p: [1674, 864], r: 1565739810, e: -6505, error: 227
#ERR  p: [1674, 865], r: 1565739800, e: -6493, error: 228
#ERR  p: [1674, 866], r: 1565739790, e: -6482, error: 229
#ERR  p: [1674, 867], r: 1565739780, e: -6468, error: 230
#ERR  p: [1674, 868], r: 1565739770, e: -6460, error: 231
#ERR  p: [1674, 869], r: 1565739760, e: -6446, error: 232
#ERR  p: [1674, 870], r: 1565739750, e: -6427, error: 233
#ERR  p: [1674, 871], r: 1565739740, e: -6427, error: 234
#ERR  p: [1674, 872], r: 1565739730, e: -6412, error: 235
#ERR  p: [1674, 873], r: 1565739720, e: -6402, error: 236
#ERR  p: [1674, 874], r: 1565739710, e: -6388, error: 237
#ERR  p: [1674, 875], r: 1565739700, e: -6379, error: 238
#ERR  p: [1674, 876], r: 1565739690, e: -6371, error: 239
#ERR  p: [1674, 877], r: 1565739680, e: -6363, error: 240
#ERR  p: [1674, 878], r: 1565739670, e: -6353, error: 241
#ERR  p: [1674, 879], r: 1565739660, e: -6343, error: 242
#ERR  p: [1674, 880], r: 1565739650, e: -6335, error: 243
#ERR  p: [1674, 881], r: 1565739640, e: -6329, error: 244
#ERR  p: [1674, 882], r: 1565739630, e: -6316, error: 245
#ERR  p: [1674, 883], r: 1565739620, e: -6306, error: 246
#ERR  p: [1674, 884], r: 1565739610, e: -6297, error: 247
#ERR  p: [1674, 885], r: 1565739600, e: -6283, error: 248
#ERR  p: [1674, 886], r: 1565739590, e: -6274, error: 249
#ERR  p: [1674, 887], r: 1565739580, e: -6265, error: 250
#ERR  p: [1674, 888], r: 1565739570, e: -6253, error: 251
#ERR  p: [1674, 889], r: 1565739560, e: -6241, error: 252
#ERR  p: [1674, 890], r: 1565739550, e: -6231, error: 253
#ERR  p: [1674, 891], r: 1565739540, e: -6219, error: 254
#ERR  p: [1674, 892], r: 1565739530, e: -6211, error: 255
#ERR  p: [1674, 893], r: 1565739520, e: -6205, error: 256
#ERR  p: [1674, 894], r: 1565739510, e: -6199, error: 257
#ERR  p: [1674, 895], r: 1565739500, e: -6190, error: 258
#ERR  p: [1674, 896], r: 1565739490, e: -6183, error: 259
#ERR  p: [1674, 897], r: 1565739480, e: -6173, error: 260
#ERR  p: [1674, 898], r: 1565739470, e: -6162, error: 261
#ERR  p: [1674, 899], r: 1565739460, e: -6151, error: 262
#ERR  p: [1674, 900], r: 1565739450, e: -6137, error: 263
#ERR  p: [1674, 901], r: 1565739440, e: -6128, error: 264
#ERR  p: [1674, 902], r: 1565739430, e: -6119, error: 265
#ERR  p: [1674, 903], r: 1565739420, e: -6112, error: 266
#ERR  p: [1674, 904], r: 1565739410, e: -6108, error: 267
#ERR  p: [1674, 905], r: 1565739400, e: -6098, error: 268
#ERR  p: [1674, 906], r: 1565739390, e: -6087, error: 269
#ERR  p: [1674, 907], r: 1565739380, e: -6078, error: 270
#ERR  p: [1674, 908], r: 1565739370, e: -6068, error: 271
#ERR  p: [1674, 909], r: 1565739360, e: -6062, error: 272
#ERR  p: [1674, 910], r: 1565739350, e: -6054, error: 273
#ERR  p: [1674, 911], r: 1565739340, e: -6039, error: 274
#ERR  p: [1674, 912], r: 1565739330, e: -6023, error: 275
#ERR  p: [1674, 913], r: 1565739320, e: -6015, error: 276
#ERR  p: [1674, 914], r: 1565739310, e: -6002, error: 277
#ERR  p: [1674, 915], r: 1565739300, e: -5989, error: 278
#ERR  p: [1674, 916], r: 1565739290, e: -5980, error: 279
#ERR  p: [1674, 917], r: 1565739280, e: -5970, error: 280
#ERR  p: [1674, 918], r: 1565739270, e: -5963, error: 281
#ERR  p: [1674, 919], r: 1565739260, e: -5958, error: 282
#ERR  p: [1674, 920], r: 1565739250, e: -5951, error: 283
#ERR  p: [1674, 921], r: 1565739240, e: -5945, error: 284
#ERR  p: [1674, 922], r: 1565739230, e: -5935, error: 285
#ERR  p: [1674, 923], r: 1565739220, e: -5921, error: 286
#ERR  p: [1674, 924], r: 1565739210, e: -5913, error: 287
#ERR  p: [1674, 925], r: 1565739200, e: -5907, error: 288
#ERR  p: [1674, 926], r: 1565739190, e: -5908, error: 289
#ERR  p: [1674, 927], r: 1565739180, e: -5907, error: 290
#ERR  p: [1674, 928], r: 1565739170, e: -5899, error: 291
#ERR  p: [1674, 929], r: 1565739160, e: -5883, error: 292
#ERR  p: [1674, 930], r: 1565739150, e: -5875, error: 293
#ERR  p: [1674, 931], r: 1565739140, e: -5866, error: 294
#ERR  p: [1674, 932], r: 1565739130, e: -5860, error: 295
#ERR  p: [1674, 933], r: 1565739120, e: -5850, error: 296
#ERR  p: [1674, 934], r: 1565739110, e: -5840, error: 297
#ERR  p: [1674, 935], r: 1565739100, e: -5828, error: 298
#ERR  p: [1674, 936], r: 1565739090, e: -5813, error: 299
#ERR  p: [1674, 937], r: 1565739080, e: -5800, error: 300
#ERR  p: [1674, 938], r: 1565739070, e: -5791, error: 301
#ERR  p: [1674, 939], r: 1565739060, e: -5778, error: 302
#ERR  p: [1674, 940], r: 1565739050, e: -5772, error: 303
#ERR  p: [1674, 941], r: 1565739040, e: -5764, error: 304
#ERR  p: [1674, 942], r: 1565739030, e: -5751, error: 305
#ERR  p: [1674, 943], r: 1565739020, e: -5742, error: 306
#ERR  p: [1674, 944], r: 1565739010, e: -5730, error: 307
#ERR  p: [1674, 945], r: 1565739000, e: -5714, error: 308
#ERR  p: [1674, 946], r: 1565738990, e: -5703, error: 309
#ERR  p: [1674, 947], r: 1565738980, e: -5694, error: 310
#ERR  p: [1674, 948], r: 1565738970, e: -5686, error: 311
#ERR  p: [1674, 949], r: 1565738960, e: -5678, error: 312
#ERR  p: [1674, 950], r: 1565738950, e: -5671, error: 313
#ERR  p: [1674, 951], r: 1565738940, e: -5664, error: 314
#ERR  p: [1674, 952], r: 1565738930, e: -5656, error: 315
#ERR  p: [1674, 953], r: 1565738920, e: -5644, error: 316
#ERR  p: [1674, 954], r: 1565738910, e: -5628, error: 317
#ERR  p: [1674, 955], r: 1565738900, e: -5620, error: 318
#ERR  p: [1674, 956], r: 1565738890, e: -5619, error: 319
#ERR  p: [1674, 957], r: 1565738880, e: -5606, error: 320
#ERR  p: [1674, 958], r: 1565738870, e: -5599, error: 321
#ERR  p: [1674, 959], r: 1565738860, e: -5593, error: 322
#ERR  p: [1674, 960], r: 1565738850, e: -5582, error: 323
#ERR  p: [1674, 961], r: 1565738840, e: -5573, error: 324
#ERR  p: [1674, 962], r: 1565738830, e: -5559, error: 325
#ERR  p: [1674, 963], r: 1565738820, e: -5550, error: 326
#ERR  p: [1674, 964], r: 1565738810, e: -5542, error: 327
#ERR  p: [1674, 965], r: 1565738800, e: -5530, error: 328
#ERR  p: [1674, 966], r: 1565738790, e: -5521, error: 329
#ERR  p: [1674, 967], r: 1565738780, e: -5511, error: 330
#ERR  p: [1674, 968], r: 1565738770, e: -5502, error: 331
#ERR  p: [1674, 969], r: 1565738760, e: -5496, error: 332
#ERR  p: [1674, 970], r: 1565738750, e: -5489, error: 333
#ERR  p: [1674, 971], r: 1565738740, e: -5481, error: 334
#ERR  p: [1674, 972], r: 1565738730, e: -5470, error: 335
#ERR  p: [1674, 973], r: 1565738720, e: -5460, error: 336
#ERR  p: [1674, 974], r: 1565738710, e: -5446, error: 337
#ERR  p: [1674, 975], r: 1565738700, e: -5436, error: 338
#ERR  p: [1674, 976], r: 1565738690, e: -5424, error: 339
#ERR  p: [1674, 977], r: 1565738680, e: -5413, error: 340
#ERR  p: [1674, 978], r: 1565738670, e: -5402, error: 341
#ERR  p: [1674, 979], r: 1565738660, e: -5393, error: 342
#ERR  p: [1674, 980], r: 1565738650, e: -5383, error: 343
#ERR  p: [1674, 981], r: 1565738640, e: -5371, error: 344
#ERR  p: [1674, 982], r: 1565738630, e: -5363, error: 345
#ERR  p: [1674, 983], r: 1565738620, e: -5355, error: 346
#ERR  p: [1674, 984], r: 1565738610, e: -5348, error: 347
#ERR  p: [1674, 985], r: 1565738600, e: -5336, error: 348
#ERR  p: [1674, 986], r: 1565738590, e: -5327, error: 349
#ERR  p: [1674, 987], r: 1565738580, e: -5308, error: 350
#ERR  p: [1674, 988], r: 1565738570, e: -5308, error: 351
#ERR  p: [1674, 989], r: 1565738560, e: -5301, error: 352
#ERR  p: [1674, 990], r: 1565738550, e: -5295, error: 353
#ERR  p: [1674, 991], r: 1565738540, e: -5299, error: 354
#ERR  p: [1674, 992], r: 1565738530, e: -5289, error: 355
#ERR  p: [1674, 993], r: 1565738520, e: -5281, error: 356
#ERR  p: [1674, 994], r: 1565738510, e: -5269, error: 357
#ERR  p: [1674, 995], r: 1565738500, e: -5255, error: 358
#ERR  p: [1674, 996], r: 1565738490, e: -5247, error: 359
#ERR  p: [1674, 997], r: 1565738480, e: -5237, error: 360
#ERR  p: [1674, 998], r: 1565738470, e: -5229, error: 361
#ERR  p: [1674, 999], r: 1565738460, e: -5220, error: 362
#ERR  p: [1674, 1000], r: 1565738450, e: -5213, error: 363
#ERR  p: [1674, 1001], r: 1565738440, e: -5205, error: 364
#ERR  p: [1674, 1002], r: 1565738430, e: -5195, error: 365
#ERR  p: [1674, 1003], r: 1565738420, e: -5176, error: 366
#ERR  p: [1674, 1004], r: 1565738410, e: -5169, error: 367
#ERR  p: [1674, 1005], r: 1565738400, e: -5175, error: 368
#ERR  p: [1674, 1006], r: 1565738390, e: -5174, error: 369
#ERR  p: [1674, 1007], r: 1565738380, e: -5170, error: 370
#ERR  p: [1674, 1008], r: 1565738370, e: -5164, error: 371
#ERR  p: [1674, 1009], r: 1565738360, e: -5156, error: 372
#ERR  p: [1674, 1010], r: 1565738350, e: -5145, error: 373
#ERR  p: [1674, 1011], r: 1565738340, e: -5131, error: 374
#ERR  p: [1674, 1012], r: 1565738330, e: -5124, error: 375
#ERR  p: [1674, 1013], r: 1565738320, e: -5109, error: 376
#ERR  p: [1674, 1014], r: 1565738310, e: -5095, error: 377
#ERR  p: [1674, 1015], r: 1565738300, e: -5079, error: 378
#ERR  p: [1674, 1016], r: 1565738290, e: -5067, error: 379
#ERR  p: [1674, 1017], r: 1565738280, e: -5058, error: 380
#ERR  p: [1674, 1018], r: 1565738270, e: -5054, error: 381
#ERR  p: [1674, 1019], r: 1565738260, e: -5046, error: 382
#ERR  p: [1674, 1020], r: 1565738250, e: -5036, error: 383
#ERR  p: [1674, 1021], r: 1565738240, e: -5027, error: 384
#ERR  p: [1674, 1022], r: 1565738230, e: -5019, error: 385
#ERR  p: [1674, 1023], r: 1565738220, e: -5010, error: 386
#ERR  p: [1674, 1024], r: 1565738210, e: -5002, error: 387
#ERR  p: [1674, 1025], r: 1565738200, e: -4988, error: 388
#ERR  p: [1674, 1026], r: 1565738190, e: -4979, error: 389
#ERR  p: [1674, 1027], r: 1565738180, e: -4970, error: 390
#ERR  p: [1674, 1028], r: 1565738170, e: -4963, error: 391
#ERR  p: [1674, 1029], r: 1565738160, e: -4956, error: 392
#ERR  p: [1674, 1030], r: 1565738150, e: -4952, error: 393
#ERR  p: [1674, 1031], r: 1565738140, e: -4933, error: 394
#ERR  p: [1674, 1032], r: 1565738130, e: -4937, error: 395
#ERR  p: [1674, 1033], r: 1565738120, e: -4929, error: 396
#ERR  p: [1674, 1034], r: 1565738110, e: -4913, error: 397
#ERR  p: [1674, 1035], r: 1565738100, e: -4904, error: 398
#ERR  p: [1674, 1036], r: 1565738090, e: -4896, error: 399
#ERR  p: [1674, 1037], r: 1565738080, e: -4887, error: 400
#ERR  p: [1674, 1038], r: 1565738070, e: -4883, error: 401
#ERR  p: [1674, 1039], r: 1565738060, e: -4875, error: 402
#ERR  p: [1674, 1040], r: 1565738050, e: -4867, error: 403
#ERR  p: [1674, 1041], r: 1565738040, e: -4860, error: 404
#ERR  p: [1674, 1042], r: 1565738030, e: -4853, error: 405
#ERR  p: [1674, 1043], r: 1565738020, e: -4844, error: 406
#ERR  p: [1674, 1044], r: 1565738010, e: -4835, error: 407
#ERR  p: [1674, 1045], r: 1565738000, e: -4831, error: 408
#ERR  p: [1674, 1046], r: 1565737990, e: -4825, error: 409
#ERR  p: [1674, 1047], r: 1565737980, e: -4818, error: 410
#ERR  p: [1674, 1048], r: 1565737970, e: -4814, error: 411
#ERR  p: [1674, 1049], r: 1565737960, e: -4808, error: 412
#ERR  p: [1674, 1050], r: 1565737950, e: -4800, error: 413
#ERR  p: [1674, 1051], r: 1565737940, e: -4794, error: 414
#ERR  p: [1674, 1052], r: 1565737930, e: -4786, error: 415
#ERR  p: [1674, 1053], r: 1565737920, e: -4779, error: 416
#ERR  p: [1674, 1054], r: 1565737910, e: -4770, error: 417
#ERR  p: [1674, 1055], r: 1565737900, e: -4756, error: 418
#ERR  p: [1674, 1056], r: 1565737890, e: -4747, error: 419
#ERR  p: [1674, 1057], r: 1565737880, e: -4739, error: 420
#ERR  p: [1674, 1058], r: 1565737870, e: -4731, error: 421
#ERR  p: [1674, 1059], r: 1565737860, e: -4724, error: 422
#ERR  p: [1674, 1060], r: 1565737850, e: -4711, error: 423
#ERR  p: [1674, 1061], r: 1565737840, e: -4692, error: 424
#ERR  p: [1674, 1062], r: 1565737830, e: -4692, error: 425
#ERR  p: [1674, 1063], r: 1565737820, e: -4684, error: 426
#ERR  p: [1674, 1064], r: 1565737810, e: -4681, error: 427
#ERR  p: [1674, 1065], r: 1565737800, e: -4675, error: 428
#ERR  p: [1674, 1066], r: 1565737790, e: -4675, error: 429
#ERR  p: [1674, 1067], r: 1565737780, e: -4667, error: 430
#ERR  p: [1674, 1068], r: 1565737770, e: -4652, error: 431
#ERR  p: [1674, 1069], r: 1565737760, e: -4640, error: 432
#ERR  p: [1674, 1070], r: 1565737750, e: -4631, error: 433
#ERR  p: [1674, 1071], r: 1565737740, e: -4621, error: 434
#ERR  p: [1674, 1072], r: 1565737730, e: -4607, error: 435
#ERR  p: [1674, 1073], r: 1565737720, e: -4598, error: 436
#ERR  p: [1674, 1074], r: 1565737710, e: -4592, error: 437
#ERR  p: [1674, 1075], r: 1565737700, e: -4574, error: 438
#ERR  p: [1674, 1076], r: 1565737690, e: -4575, error: 439
#ERR  p: [1674, 1077], r: 1565737680, e: -4569, error: 440
#ERR  p: [1674, 1078], r: 1565737670, e: -4553, error: 441
#ERR  p: [1674, 1079], r: 1565737660, e: -4556, error: 442
#ERR  p: [1674, 1080], r: 1565737650, e: -4550, error: 443
#ERR  p: [1674, 1081], r: 1565737640, e: -4537, error: 444
#ERR  p: [1674, 1082], r: 1565737630, e: -4527, error: 445
#ERR  p: [1674, 1083], r: 1565737620, e: -4508, error: 446
#ERR  p: [1674, 1084], r: 1565737610, e: -4511, error: 447
#ERR  p: [1674, 1085], r: 1565737600, e: -4502, error: 448
#ERR  p: [1674, 1086], r: 1565737590, e: -4497, error: 449
#ERR  p: [1674, 1087], r: 1565737580, e: -4478, error: 450
#ERR  p: [1674, 1088], r: 1565737570, e: -4484, error: 451
#ERR  p: [1674, 1089], r: 1565737560, e: -4472, error: 452
#ERR  p: [1674, 1090], r: 1565737550, e: -4461, error: 453
#ERR  p: [1674, 1091], r: 1565737540, e: -4445, error: 454
#ERR  p: [1674, 1092], r: 1565737530, e: -4438, error: 455
#ERR  p: [1674, 1093], r: 1565737520, e: -4435, error: 456
#ERR  p: [1674, 1094], r: 1565737510, e: -4434, error: 457
#ERR  p: [1674, 1095], r: 1565737500, e: -4427, error: 458
#ERR  p: [1674, 1096], r: 1565737490, e: -4415, error: 459
#ERR  p: [1674, 1097], r: 1565737480, e: -4406, error: 460
#ERR  p: [1674, 1098], r: 1565737470, e: -4397, error: 461
#ERR  p: [1674, 1099], r: 1565737460, e: -4381, error: 462
#ERR  p: [1674, 1100], r: 1565737450, e: -4373, error: 463
#ERR  p: [1674, 1101], r: 1565737440, e: -4370, error: 464
#ERR  p: [1674, 1102], r: 1565737430, e: -4356, error: 465
#ERR  p: [1674, 1103], r: 1565737420, e: -4346, error: 466
#ERR  p: [1674, 1104], r: 1565737410, e: -4337, error: 467
#ERR  p: [1674, 1105], r: 1565737400, e: -4328, error: 468
#ERR  p: [1674, 1106], r: 1565737390, e: -4320, error: 469
#ERR  p: [1674, 1107], r: 1565737380, e: -4313, error: 470
#ERR  p: [1674, 1108], r: 1565737370, e: -4302, error: 471
#ERR  p: [1674, 1109], r: 1565737360, e: -4295, error: 472
#ERR  p: [1674, 1110], r: 1565737350, e: -4290, error: 473
#ERR  p: [1674, 1111], r: 1565737340, e: -4281, error: 474
#ERR  p: [1674, 1112], r: 1565737330, e: -4277, error: 475
#ERR  p: [1674, 1113], r: 1565737320, e: -4282, error: 476
#ERR  p: [1674, 1114], r: 1565737310, e: -4273, error: 477
#ERR  p: [1674, 1115], r: 1565737300, e: -4265, error: 478
#ERR  p: [1674, 1116], r: 1565737290, e: -4258, error: 479
#ERR  p: [1674, 1117], r: 1565737280, e: -4250, error: 480
#ERR  p: [1674, 1118], r: 1565737270, e: -4243, error: 481
#ERR  p: [1674, 1119], r: 1565737260, e: -4241, error: 482
#ERR  p: [1674, 1120], r: 1565737250, e: -4237, error: 483
#ERR  p: [1674, 1121], r: 1565737240, e: -4223, error: 484
#ERR  p: [1674, 1122], r: 1565737230, e: -4205, error: 485
#ERR  p: [1674, 1123], r: 1565737220, e: -4191, error: 486
#ERR  p: [1674, 1124], r: 1565737210, e: -4183, error: 487
#ERR  p: [1674, 1125], r: 1565737200, e: -4168, error: 488
#ERR  p: [1674, 1126], r: 1565737190, e: -4160, error: 489
#ERR  p: [1674, 1127], r: 1565737180, e: -4151, error: 490
#ERR  p: [1674, 1128], r: 1565737170, e: -4135, error: 491
#ERR  p: [1674, 1129], r: 1565737160, e: -4133, error: 492
#ERR  p: [1674, 1130], r: 1565737150, e: -4124, error: 493
#ERR  p: [1674, 1131], r: 1565737140, e: -4125, error: 494
#ERR  p: [1674, 1132], r: 1565737130, e: -4117, error: 495
#ERR  p: [1674, 1133], r: 1565737120, e: -4108, error: 496
#ERR  p: [1674, 1134], r: 1565737110, e: -4099, error: 497
#ERR  p: [1674, 1135], r: 1565737100, e: -4094, error: 498
#ERR  p: [1674, 1136], r: 1565737090, e: -4090, error: 499
#SDC Ite:0 KerTime:0.294326 AccTime:0.294326 KerErr:500 AccErr:500
#END