#HEADER max_rows:2048 max_cols:2048 penalty:10
#BEGIN Y:2016 M:09 D:12 Time:14:59:39
#IT Ite:0 KerTime:0.294485 AccTime:0.294485
#ERR Error detected! kerrors = 202560
#ERR  p: [1728, 1415], r: 1248321526, e: -2471, error: 1
#ERR  p: [1728, 1416], r: 1248321516, e: -2464, error: 2
#ERR  p: [1728, 1417], r: 1248321506, e: -2452, error: 3
#ERR  p: [1728, 1418], r: 1248321496, e: -2450, error: 4
#ERR  p: [1728, 1419], r: 1248321486, e: -2439, error: 5
#ERR  p: [1728, 1420], r: 1248321476, e: -2428, error: 6
#ERR  p: [1728, 1421], r: 1248321466, e: -2416, error: 7
#ERR  p: [1728, 1422], r: 1248321456, e: -2406, error: 8
#ERR  p: [1728, 1423], r: 1248321446, e: -2392, error: 9
#ERR  p: [1728, 1424], r: 1248321436, e: -2383, error: 10
#ERR  p: [1728, 1425], r: 1248321426, e: -2373, error: 11
#ERR  p: [1728, 1426], r: 1248321416, e: -2364, error: 12
#ERR  p: [1728, 1427], r: 1248321406, e: -2356, error: 13
#ERR  p: [1728, 1428], r: 1248321396, e: -2346, error: 14
#ERR  p: [1728, 1429], r: 1248321386, e: -2332, error: 15
#ERR  p: [1728, 1430], r: 1248321376, e: -2325, error: 16
#ERR  p: [1728, 1431], r: 1248321366, e: -2315, error: 17
#ERR  p: [1728, 1432], r: 1248321356, e: -2306, error: 18
#ERR  p: [1728, 1433], r: 1248321346, e: -2295, error: 19
#ERR  p: [1728, 1434], r: 1248321336, e: -2289, error: 20
#ERR  p: [1728, 1435], r: 1248321326, e: -2279, error: 21
#ERR  p: [1728, 1436], r: 1248321316, e: -2268, error: 22
#ERR  p: [1728, 1437], r: 1248321306, e: -2260, error: 23
#ERR  p: [1728, 1438], r: 1248321296, e: -2250, error: 24
#ERR  p: [1728, 1439], r: 1248321286, e: -2250, error: 25
#ERR  p: [1728, 1440], r: 1248321276, e: -2243, error: 26
#ERR  p: [1728, 1441], r: 1248321266, e: -2240, error: 27
#ERR  p: [1728, 1442], r: 1248321256, e: -2233, error: 28
#ERR  p: [1728, 1443], r: 1248321246, e: -2229, error: 29
#ERR  p: [1728, 1444], r: 1248321236, e: -2218, error: 30
#ERR  p: [1728, 1445], r: 1248321226, e: -2217, error: 31
#ERR  p: [1728, 1446], r: 1248321216, e: -2208, error: 32
#ERR  p: [1728, 1447], r: 1248321206, e: -2212, error: 33
#ERR  p: [1728, 1448], r: 1248321196, e: -2202, error: 34
#ERR  p: [1728, 1449], r: 1248321186, e: -2195, error: 35
#ERR  p: [1728, 1450], r: 1248321176, e: -2194, error: 36
#ERR  p: [1728, 1451], r: 1248321166, e: -2194, error: 37
#ERR  p: [1728, 1452], r: 1248321156, e: -2193, error: 38
#ERR  p: [1728, 1453], r: 1248321146, e: -2183, error: 39
#ERR  p: [1728, 1454], r: 1248321136, e: -2171, error: 40
#ERR  p: [1728, 1455], r: 1248321126, e: -2162, error: 41
#ERR  p: [1728, 1456], r: 1248321116, e: -2149, error: 42
#ERR  p: [1728, 1457], r: 1248321106, e: -2157, error: 43
#ERR  p: [1728, 1458], r: 1248321096, e: -2157, error: 44
#ERR  p: [1728, 1459], r: 1248321086, e: -2147, error: 45
#ERR  p: [1728, 1460], r: 1248321076, e: -2141, error: 46
#ERR  p: [1728, 1461], r: 1248321066, e: -2133, error: 47
#ERR  p: [1728, 1462], r: 1248321056, e: -2139, error: 48
#ERR  p: [1728, 1463], r: 1248321046, e: -2137, error: 49
#ERR  p: [1728, 1464], r: 1248321036, e: -2124, error: 50
#ERR  p: [1728, 1465], r: 1248321026, e: -2116, error: 51
#ERR  p: [1728, 1466], r: 1248321016, e: -2107, error: 52
#ERR  p: [1728, 1467], r: 1248321006, e: -2099, error: 53
#ERR  p: [1728, 1468], r: 1248320996, e: -2095, error: 54
#ERR  p: [1728, 1469], r: 1248320986, e: -2085, error: 55
#ERR  p: [1728, 1470], r: 1248320976, e: -2083, error: 56
#ERR  p: [1728, 1471], r: 1248320966, e: -2074, error: 57
#ERR  p: [1728, 1472], r: 1248320956, e: -2066, error: 58
#ERR  p: [1728, 1473], r: 1248320946, e: -2055, error: 59
#ERR  p: [1728, 1474], r: 1248320936, e: -2051, error: 60
#ERR  p: [1728, 1475], r: 1248320926, e: -2042, error: 61
#ERR  p: [1728, 1476], r: 1248320916, e: -2035, error: 62
#ERR  p: [1728, 1477], r: 1248320906, e: -2033, error: 63
#ERR  p: [1728, 1478], r: 1248320896, e: -2023, error: 64
#ERR  p: [1728, 1479], r: 1248320886, e: -2027, error: 65
#ERR  p: [1728, 1480], r: 1248320876, e: -2018, error: 66
#ERR  p: [1728, 1481], r: 1248320866, e: -2010, error: 67
#ERR  p: [1728, 1482], r: 1248320856, e: -2000, error: 68
#ERR  p: [1728, 1483], r: 1248320846, e: -1996, error: 69
#ERR  p: [1728, 1484], r: 1248320836, e: -2000, error: 70
#ERR  p: [1728, 1485], r: 1248320826, e: -1992, error: 71
#ERR  p: [1728, 1486], r: 1248320816, e: -1986, error: 72
#ERR  p: [1728, 1487], r: 1248320806, e: -1979, error: 73
#ERR  p: [1728, 1488], r: 1248320796, e: -1973, error: 74
#ERR  p: [1728, 1489], r: 1248320786, e: -1964, error: 75
#ERR  p: [1728, 1490], r: 1248320776, e: -1959, error: 76
#ERR  p: [1728, 1491], r: 1248320766, e: -1952, error: 77
#ERR  p: [1728, 1492], r: 1248320756, e: -1945, error: 78
#ERR  p: [1728, 1493], r: 1248320746, e: -1950, error: 79
#ERR  p: [1728, 1494], r: 1248320736, e: -1937, error: 80
#ERR  p: [1728, 1495], r: 1248320726, e: -1929, error: 81
#ERR  p: [1728, 1496], r: 1248320716, e: -1923, error: 82
#ERR  p: [1728, 1497], r: 1248320706, e: -1933, error: 83
#ERR  p: [1728, 1498], r: 1248320696, e: -1925, error: 84
#ERR  p: [1728, 1499], r: 1248320686, e: -1921, error: 85
#ERR  p: [1728, 1500], r: 1248320676, e: -1929, error: 86
#ERR  p: [1728, 1501], r: 1248320666, e: -1926, error: 87
#ERR  p: [1728, 1502], r: 1248320656, e: -1924, error: 88
#ERR  p: [1728, 1503], r: 1248320646, e: -1924, error: 89
#ERR  p: [1728, 1504], r: 1248320636, e: -1910, error: 90
#ERR  p: [1728, 1505], r: 1248320626, e: -1900, error: 91
#ERR  p: [1728, 1506], r: 1248320616, e: -1887, error: 92
#ERR  p: [1728, 1507], r: 1248320606, e: -1883, error: 93
#ERR  p: [1728, 1508], r: 1248320596, e: -1881, error: 94
#ERR  p: [1728, 1509], r: 1248320586, e: -1874, error: 95
#ERR  p: [1728, 1510], r: 1248320576, e: -1864, error: 96
#ERR  p: [1728, 1511], r: 1248320566, e: -1853, error: 97
#ERR  p: [1728, 1512], r: 1248320556, e: -1844, error: 98
#ERR  p: [1728, 1513], r: 1248320546, e: -1833, error: 99
#ERR  p: [1728, 1514], r: 1248320536, e: -1831, error: 100
#ERR  p: [1728, 1515], r: 1248320526, e: -1820, error: 101
#ERR  p: [1728, 1516], r: 1248320516, e: -1810, error: 102
#ERR  p: [1728, 1517], r: 1248320506, e: -1816, error: 103
#ERR  p: [1728, 1518], r: 1248320496, e: -1823, error: 104
#ERR  p: [1728, 1519], r: 1248320486, e: -1825, error: 105
#ERR  p: [1728, 1520], r: 1248320476, e: -1816, error: 106
#ERR  p: [1728, 1521], r: 1248320466, e: -1818, error: 107
#ERR  p: [1728, 1522], r: 1248320456, e: -1828, error: 108
#ERR  p: [1728, 1523], r: 1248320446, e: -1833, error: 109
#ERR  p: [1728, 1524], r: 1248320436, e: -1823, error: 110
#ERR  p: [1728, 1525], r: 1248320426, e: -1815, error: 111
#ERR  p: [1728, 1526], r: 1248320416, e: -1809, error: 112
#ERR  p: [1728, 1527], r: 1248320406, e: -1801, error: 113
#ERR  p: [1728, 1528], r: 1248320396, e: -1794, error: 114
#ERR  p: [1728, 1529], r: 1248320386, e: -1787, error: 115
#ERR  p: [1728, 1530], r: 1248320376, e: -1782, error: 116
#ERR  p: [1728, 1531], r: 1248320366, e: -1780, error: 117
#ERR  p: [1728, 1532], r: 1248320356, e: -1771, error: 118
#ERR  p: [1728, 1533], r: 1248320346, e: -1764, error: 119
#ERR  p: [1728, 1534], r: 1248320336, e: -1754, error: 120
#ERR  p: [1728, 1535], r: 1248320326, e: -1746, error: 121
#ERR  p: [1728, 1536], r: 1248320316, e: -1751, error: 122
#ERR  p: [1728, 1537], r: 1248320306, e: -1751, error: 123
#ERR  p: [1728, 1538], r: 1248320296, e: -1754, error: 124
#ERR  p: [1728, 1539], r: 1248320286, e: -1751, error: 125
#ERR  p: [1728, 1540], r: 1248320276, e: -1743, error: 126
#ERR  p: [1728, 1541], r: 1248320266, e: -1742, error: 127
#ERR  p: [1728, 1542], r: 1248320256, e: -1730, error: 128
#ERR  p: [1728, 1543], r: 1248320246, e: -1727, error: 129
#ERR  p: [1728, 1544], r: 1248320236, e: -1719, error: 130
#ERR  p: [1728, 1545], r: 1248320226, e: -1709, error: 131
#ERR  p: [1728, 1546], r: 1248320216, e: -1701, error: 132
#ERR  p: [1728, 1547], r: 1248320206, e: -1697, error: 133
#ERR  p: [1728, 1548], r: 1248320196, e: -1691, error: 134
#ERR  p: [1728, 1549], r: 1248320186, e: -1684, error: 135
#ERR  p: [1728, 1550], r: 1248320176, e: -1676, error: 136
#ERR  p: [1728, 1551], r: 1248320166, e: -1674, error: 137
#ERR  p: [1728, 1552], r: 1248320156, e: -1671, error: 138
#ERR  p: [1728, 1553], r: 1248320146, e: -1657, error: 139
#ERR  p: [1728, 1554], r: 1248320136, e: -1653, error: 140
#ERR  p: [1728, 1555], r: 1248320126, e: -1644, error: 141
#ERR  p: [1728, 1556], r: 1248320116, e: -1631, error: 142
#ERR  p: [1728, 1557], r: 1248320106, e: -1617, error: 143
#ERR  p: [1728, 1558], r: 1248320096, e: -1614, error: 144
#ERR  p: [1728, 1559], r: 1248320086, e: -1624, error: 145
#ERR  p: [1728, 1560], r: 1248320076, e: -1621, error: 146
#ERR  p: [1728, 1561], r: 1248320066, e: -1617, error: 147
#ERR  p: [1728, 1562], r: 1248320056, e: -1608, error: 148
#ERR  p: [1728, 1563], r: 1248320046, e: -1609, error: 149
#ERR  p: [1728, 1564], r: 1248320036, e: -1602, error: 150
#ERR  p: [1728, 1565], r: 1248320026, e: -1605, error: 151
#ERR  p: [1728, 1566], r: 1248320016, e: -1597, error: 152
#ERR  p: [1728, 1567], r: 1248320006, e: -1590, error: 153
#ERR  p: [1728, 1568], r: 1248319996, e: -1583, error: 154
#ERR  p: [1728, 1569], r: 1248319986, e: -1575, error: 155
#ERR  p: [1728, 1570], r: 1248319976, e: -1574, error: 156
#ERR  p: [1728, 1571], r: 1248319966, e: -1561, error: 157
#ERR  p: [1728, 1572], r: 1248319956, e: -1562, error: 158
#ERR  p: [1728, 1573], r: 1248319946, e: -1561, error: 159
#ERR  p: [1728, 1574], r: 1248319936, e: -1559, error: 160
#ERR  p: [1728, 1575], r: 1248319926, e: -1563, error: 161
#ERR  p: [1728, 1576], r: 1248319916, e: -1551, error: 162
#ERR  p: [1728, 1577], r: 1248319906, e: -1559, error: 163
#ERR  p: [1728, 1578], r: 1248319896, e: -1567, error: 164
#ERR  p: [1728, 1579], r: 1248319886, e: -1566, error: 165
#ERR  p: [1728, 1580], r: 1248319876, e: -1561, error: 166
#ERR  p: [1728, 1581], r: 1248319866, e: -1553, error: 167
#ERR  p: [1728, 1582], r: 1248319856, e: -1545, error: 168
#ERR  p: [1728, 1583], r: 1248319846, e: -1538, error: 169
#ERR  p: [1728, 1584], r: 1248319836, e: -1531, error: 170
#ERR  p: [1728, 1585], r: 1248319826, e: -1529, error: 171
#ERR  p: [1728, 1586], r: 1248319816, e: -1521, error: 172
#ERR  p: [1728, 1587], r: 1248319806, e: -1518, error: 173
#ERR  p: [1728, 1588], r: 1248319796, e: -1516, error: 174
#ERR  p: [1728, 1589], r: 1248319786, e: -1515, error: 175
#ERR  p: [1728, 1590], r: 1248319776, e: -1521, error: 176
#ERR  p: [1728, 1591], r: 1248319766, e: -1507, error: 177
#ERR  p: [1728, 1592], r: 1248319756, e: -1505, error: 178
#ERR  p: [1728, 1593], r: 1248319746, e: -1502, error: 179
#ERR  p: [1728, 1594], r: 1248319736, e: -1510, error: 180
#ERR  p: [1728, 1595], r: 1248319726, e: -1510, error: 181
#ERR  p: [1728, 1596], r: 1248319716, e: -1503, error: 182
#ERR  p: [1728, 1597], r: 1248319706, e: -1489, error: 183
#ERR  p: [1728, 1598], r: 1248319696, e: -1494, error: 184
#ERR  p: [1728, 1599], r: 1248319686, e: -1480, error: 185
#ERR  p: [1728, 1600], r: 1248319676, e: -1480, error: 186
#ERR  p: [1728, 1601], r: 1248319666, e: -1476, error: 187
#ERR  p: [1728, 1602], r: 1248319656, e: -1469, error: 188
#ERR  p: [1728, 1603], r: 1248319646, e: -1461, error: 189
#ERR  p: [1728, 1604], r: 1248319636, e: -1469, error: 190
#ERR  p: [1728, 1605], r: 1248319626, e: -1478, error: 191
#ERR  p: [1728, 1606], r: 1248319616, e: -1474, error: 192
#ERR  p: [1728, 1607], r: 1248319606, e: -1466, error: 193
#ERR  p: [1728, 1608], r: 1248319596, e: -1453, error: 194
#ERR  p: [1728, 1609], r: 1248319586, e: -1451, error: 195
#ERR  p: [1728, 1610], r: 1248319576, e: -1441, error: 196
#ERR  p: [1728, 1611], r: 1248319566, e: -1433, error: 197
#ERR  p: [1728, 1612], r: 1248319556, e: -1425, error: 198
#ERR  p: [1728, 1613], r: 1248319546, e: -1421, error: 199
#ERR  p: [1728, 1614], r: 1248319536, e: -1431, error: 200
#ERR  p: [1728, 1615], r: 1248319526, e: -1433, error: 201
#ERR  p: [1728, 1616], r: 1248319516, e: -1429, error: 202
#ERR  p: [1728, 1617], r: 1248319506, e: -1423, error: 203
#ERR  p: [1728, 1618], r: 1248319496, e: -1431, error: 204
#ERR  p: [1728, 1619], r: 1248319486, e: -1428, error: 205
#ERR  p: [1728, 1620], r: 1248319476, e: -1419, error: 206
#ERR  p: [1728, 1621], r: 1248319466, e: -1407, error: 207
#ERR  p: [1728, 1622], r: 1248319456, e: -1403, error: 208
#ERR  p: [1728, 1623], r: 1248319446, e: -1391, error: 209
#ERR  p: [1728, 1624], r: 1248319436, e: -1397, error: 210
#ERR  p: [1728, 1625], r: 1248319426, e: -1388, error: 211
#ERR  p: [1728, 1626], r: 1248319416, e: -1378, error: 212
#ERR  p: [1728, 1627], r: 1248319406, e: -1379, error: 213
#ERR  p: [1728, 1628], r: 1248319396, e: -1373, error: 214
#ERR  p: [1728, 1629], r: 1248319386, e: -1370, error: 215
#ERR  p: [1728, 1630], r: 1248319376, e: -1367, error: 216
#ERR  p: [1728, 1631], r: 1248319366, e: -1364, error: 217
#ERR  p: [1728, 1632], r: 1248319356, e: -1353, error: 218
#ERR  p: [1728, 1633], r: 1248319346, e: -1346, error: 219
#ERR  p: [1728, 1634], r: 1248319336, e: -1339, error: 220
#ERR  p: [1728, 1635], r: 1248319326, e: -1343, error: 221
#ERR  p: [1728, 1636], r: 1248319316, e: -1335, error: 222
#ERR  p: [1728, 1637], r: 1248319306, e: -1321, error: 223
#ERR  p: [1728, 1638], r: 1248319296, e: -1312, error: 224
#ERR  p: [1728, 1639], r: 1248319286, e: -1312, error: 225
#ERR  p: [1728, 1640], r: 1248319276, e: -1308, error: 226
#ERR  p: [1728, 1641], r: 1248319266, e: -1297, error: 227
#ERR  p: [1728, 1642], r: 1248319256, e: -1296, error: 228
#ERR  p: [1728, 1643], r: 1248319246, e: -1305, error: 229
#ERR  p: [1728, 1644], r: 1248319236, e: -1311, error: 230
#ERR  p: [1728, 1645], r: 1248319226, e: -1320, error: 231
#ERR  p: [1728, 1646], r: 1248319216, e: -1308, error: 232
#ERR  p: [1728, 1647], r: 1248319206, e: -1315, error: 233
#ERR  p: [1728, 1648], r: 1248319196, e: -1301, error: 234
#ERR  p: [1728, 1649], r: 1248319186, e: -1299, error: 235
#ERR  p: [1728, 1650], r: 1248319176, e: -1291, error: 236
#ERR  p: [1728, 1651], r: 1248319166, e: -1298, error: 237
#ERR  p: [1728, 1652], r: 1248319156, e: -1295, error: 238
#ERR  p: [1728, 1653], r: 1248319146, e: -1291, error: 239
#ERR  p: [1728, 1654], r: 1248319136, e: -1286, error: 240
#ERR  p: [1728, 1655], r: 1248319126, e: -1288, error: 241
#ERR  p: [1728, 1656], r: 1248319116, e: -1297, error: 242
#ERR  p: [1728, 1657], r: 1248319106, e: -1299, error: 243
#ERR  p: [1728, 1658], r: 1248319096, e: -1292, error: 244
#ERR  p: [1728, 1659], r: 1248319086, e: -1285, error: 245
#ERR  p: [1728, 1660], r: 1248319076, e: -1276, error: 246
#ERR  p: [1728, 1661], r: 1248319066, e: -1283, error: 247
#ERR  p: [1728, 1662], r: 1248319056, e: -1281, error: 248
#ERR  p: [1728, 1663], r: 1248319046, e: -1291, error: 249
#ERR  p: [1728, 1664], r: 1248319036, e: -1295, error: 250
#ERR  p: [1728, 1665], r: 1248319026, e: -1290, error: 251
#ERR  p: [1728, 1666], r: 1248319016, e: -1294, error: 252
#ERR  p: [1728, 1667], r: 1248319006, e: -1295, error: 253
#ERR  p: [1728, 1668], r: 1248318996, e: -1303, error: 254
#ERR  p: [1728, 1669], r: 1248318986, e: -1301, error: 255
#ERR  p: [1728, 1670], r: 1248318976, e: -1303, error: 256
#ERR  p: [1728, 1671], r: 1248318966, e: -1294, error: 257
#ERR  p: [1728, 1672], r: 1248318956, e: -1288, error: 258
#ERR  p: [1728, 1673], r: 1248318946, e: -1295, error: 259
#ERR  p: [1728, 1674], r: 1248318936, e: -1305, error: 260
#ERR  p: [1728, 1675], r: 1248318926, e: -1296, error: 261
#ERR  p: [1728, 1676], r: 1248318916, e: -1287, error: 262
#ERR  p: [1728, 1677], r: 1248318906, e: -1286, error: 263
#ERR  p: [1728, 1678], r: 1248318896, e: -1273, error: 264
#ERR  p: [1728, 1679], r: 1248318886, e: -1263, error: 265
#ERR  p: [1728, 1680], r: 1248318876, e: -1255, error: 266
#ERR  p: [1728, 1681], r: 1248318866, e: -1249, error: 267
#ERR  p: [1728, 1682], r: 1248318856, e: -1241, error: 268
#ERR  p: [1728, 1683], r: 1248318846, e: -1232, error: 269
#ERR  p: [1728, 1684], r: 1248318836, e: -1228, error: 270
#ERR  p: [1728, 1685], r: 1248318826, e: -1230, error: 271
#ERR  p: [1728, 1686], r: 1248318816, e: -1228, error: 272
#ERR  p: [1728, 1687], r: 1248318806, e: -1220, error: 273
#ERR  p: [1728, 1688], r: 1248318796, e: -1224, error: 274
#ERR  p: [1728, 1689], r: 1248318786, e: -1220, error: 275
#ERR  p: [1728, 1690], r: 1248318776, e: -1217, error: 276
#ERR  p: [1728, 1691], r: 1248318766, e: -1205, error: 277
#ERR  p: [1728, 1692], r: 1248318756, e: -1194, error: 278
#ERR  p: [1728, 1693], r: 1248318746, e: -1185, error: 279
#ERR  p: [1728, 1694], r: 1248318736, e: -1179, error: 280
#ERR  p: [1728, 1695], r: 1248318726, e: -1189, error: 281
#ERR  p: [1728, 1696], r: 1248318716, e: -1196, error: 282
#ERR  p: [1728, 1697], r: 1248318706, e: -1190, error: 283
#ERR  p: [1728, 1698], r: 1248318696, e: -1198, error: 284
#ERR  p: [1728, 1699], r: 1248318686, e: -1194, error: 285
#ERR  p: [1728, 1700], r: 1248318676, e: -1195, error: 286
#ERR  p: [1728, 1701], r: 1248318666, e: -1202, error: 287
#ERR  p: [1728, 1702], r: 1248318656, e: -1209, error: 288
#ERR  p: [1728, 1703], r: 1248318646, e: -1216, error: 289
#ERR  p: [1728, 1704], r: 1248318636, e: -1226, error: 290
#ERR  p: [1728, 1705], r: 1248318626, e: -1236, error: 291
#ERR  p: [1728, 1706], r: 1248318616, e: -1241, error: 292
#ERR  p: [1728, 1707], r: 1248318606, e: -1251, error: 293
#ERR  p: [1728, 1708], r: 1248318596, e: -1247, error: 294
#ERR  p: [1728, 1709], r: 1248318586, e: -1257, error: 295
#ERR  p: [1728, 1710], r: 1248318576, e: -1261, error: 296
#ERR  p: [1728, 1711], r: 1248318566, e: -1267, error: 297
#ERR  p: [1728, 1712], r: 1248318556, e: -1272, error: 298
#ERR  p: [1728, 1713], r: 1248318546, e: -1282, error: 299
#ERR  p: [1728, 1714], r: 1248318536, e: -1289, error: 300
#ERR  p: [1728, 1715], r: 1248318526, e: -1289, error: 301
#ERR  p: [1728, 1716], r: 1248318516, e: -1299, error: 302
#ERR  p: [1728, 1717], r: 1248318506, e: -1290, error: 303
#ERR  p: [1728, 1718], r: 1248318496, e: -1300, error: 304
#ERR  p: [1728, 1719], r: 1248318486, e: -1306, error: 305
#ERR  p: [1728, 1720], r: 1248318476, e: -1305, error: 306
#ERR  p: [1728, 1721], r: 1248318466, e: -1301, error: 307
#ERR  p: [1728, 1722], r: 1248318456, e: -1296, error: 308
#ERR  p: [1728, 1723], r: 1248318446, e: -1303, error: 309
#ERR  p: [1728, 1724], r: 1248318436, e: -1302, error: 310
#ERR  p: [1728, 1725], r: 1248318426, e: -1311, error: 311
#ERR  p: [1728, 1726], r: 1248318416, e: -1315, error: 312
#ERR  p: [1728, 1727], r: 1248318406, e: -1317, error: 313
#ERR  p: [1728, 1728], r: 1248318396, e: -1310, error: 314
#ERR  p: [1728, 1729], r: 1248318386, e: -1309, error: 315
#ERR  p: [1728, 1730], r: 1248318376, e: -1311, error: 316
#ERR  p: [1728, 1731], r: 1248318366, e: -1305, error: 317
#ERR  p: [1728, 1732], r: 1248318356, e: -1298, error: 318
#ERR  p: [1728, 1733], r: 1248318346, e: -1291, error: 319
#ERR  p: [1728, 1734], r: 1248318336, e: -1301, error: 320
#ERR  p: [1728, 1735], r: 1248318326, e: -1309, error: 321
#ERR  p: [1728, 1736], r: 1248318316, e: -1304, error: 322
#ERR  p: [1728, 1737], r: 1248318306, e: -1298, error: 323
#ERR  p: [1728, 1738], r: 1248318296, e: -1293, error: 324
#ERR  p: [1728, 1739], r: 1248318286, e: -1279, error: 325
#ERR  p: [1728, 1740], r: 1248318276, e: -1287, error: 326
#ERR  p: [1728, 1741], r: 1248318266, e: -1277, error: 327
#ERR  p: [1728, 1742], r: 1248318256, e: -1274, error: 328
#ERR  p: [1728, 1743], r: 1248318246, e: -1279, error: 329
#ERR  p: [1728, 1744], r: 1248318236, e: -1272, error: 330
#ERR  p: [1728, 1745], r: 1248318226, e: -1277, error: 331
#ERR  p: [1728, 1746], r: 1248318216, e: -1278, error: 332
#ERR  p: [1728, 1747], r: 1248318206, e: -1280, error: 333
#ERR  p: [1728, 1748], r: 1248318196, e: -1289, error: 334
#ERR  p: [1728, 1749], r: 1248318186, e: -1288, error: 335
#ERR  p: [1728, 1750], r: 1248318176, e: -1298, error: 336
#ERR  p: [1728, 1751], r: 1248318166, e: -1303, error: 337
#ERR  p: [1728, 1752], r: 1248318156, e: -1309, error: 338
#ERR  p: [1728, 1753], r: 1248318146, e: -1318, error: 339
#ERR  p: [1728, 1754], r: 1248318136, e: -1314, error: 340
#ERR  p: [1728, 1755], r: 1248318126, e: -1317, error: 341
#ERR  p: [1728, 1756], r: 1248318116, e: -1327, error: 342
#ERR  p: [1728, 1757], r: 1248318106, e: -1337, error: 343
#ERR  p: [1728, 1758], r: 1248318096, e: -1329, error: 344
#ERR  p: [1728, 1759], r: 1248318086, e: -1332, error: 345
#ERR  p: [1728, 1760], r: 1248318076, e: -1342, error: 346
#ERR  p: [1728, 1761], r: 1248318066, e: -1352, error: 347
#ERR  p: [1728, 1762], r: 1248318056, e: -1360, error: 348
#ERR  p: [1728, 1763], r: 1248318046, e: -1357, error: 349
#ERR  p: [1728, 1764], r: 1248318036, e: -1361, error: 350
#ERR  p: [1728, 1765], r: 1248318026, e: -1371, error: 351
#ERR  p: [1728, 1766], r: 1248318016, e: -1379, error: 352
#ERR  p: [1728, 1767], r: 1248318006, e: -1388, error: 353
#ERR  p: [1728, 1768], r: 1248317996, e: -1398, error: 354
#ERR  p: [1728, 1769], r: 1248317986, e: -1392, error: 355
#ERR  p: [1728, 1770], r: 1248317976, e: -1400, error: 356
#ERR  p: [1728, 1771], r: 1248317966, e: -1395, error: 357
#ERR  p: [1728, 1772], r: 1248317956, e: -1395, error: 358
#ERR  p: [1728, 1773], r: 1248317946, e: -1387, error: 359
#ERR  p: [1728, 1774], r: 1248317936, e: -1374, error: 360
#ERR  p: [1728, 1775], r: 1248317926, e: -1363, error: 361
#ERR  p: [1728, 1776], r: 1248317916, e: -1356, error: 362
#ERR  p: [1728, 1777], r: 1248317906, e: -1361, error: 363
#ERR  p: [1728, 1778], r: 1248317896, e: -1357, error: 364
#ERR  p: [1728, 1779], r: 1248317886, e: -1346, error: 365
#ERR  p: [1728, 1780], r: 1248317876, e: -1337, error: 366
#ERR  p: [1728, 1781], r: 1248317866, e: -1341, error: 367
#ERR  p: [1728, 1782], r: 1248317856, e: -1333, error: 368
#ERR  p: [1728, 1783], r: 1248317846, e: -1339, error: 369
#ERR  p: [1728, 1784], r: 1248317836, e: -1332, error: 370
#ERR  p: [1728, 1785], r: 1248317826, e: -1324, error: 371
#ERR  p: [1728, 1786], r: 1248317816, e: -1324, error: 372
#ERR  p: [1728, 1787], r: 1248317806, e: -1330, error: 373
#ERR  p: [1728, 1788], r: 1248317796, e: -1339, error: 374
#ERR  p: [1728, 1789], r: 1248317786, e: -1346, error: 375
#ERR  p: [1728, 1790], r: 1248317776, e: -1355, error: 376
#ERR  p: [1728, 1791], r: 1248317766, e: -1362, error: 377
#ERR  p: [1728, 1792], r: 1248317756, e: -1367, error: 378
#ERR  p: [1728, 1793], r: 1248317746, e: -1377, error: 379
#ERR  p: [1728, 1794], r: 1248317736, e: -1386, error: 380
#ERR  p: [1728, 1795], r: 1248317726, e: -1378, error: 381
#ERR  p: [1728, 1796], r: 1248317716, e: -1372, error: 382
#ERR  p: [1728, 1797], r: 1248317706, e: -1363, error: 383
#ERR  p: [1728, 1798], r: 1248317696, e: -1371, error: 384
#ERR  p: [1728, 1799], r: 1248317686, e: -1377, error: 385
#ERR  p: [1728, 1800], r: 1248317676, e: -1372, error: 386
#ERR  p: [1728, 1801], r: 1248317666, e: -1365, error: 387
#ERR  p: [1728, 1802], r: 1248317656, e: -1357, error: 388
#ERR  p: [1728, 1803], r: 1248317646, e: -1362, error: 389
#ERR  p: [1728, 1804], r: 1248317636, e: -1357, error: 390
#ERR  p: [1728, 1805], r: 1248317626, e: -1365, error: 391
#ERR  p: [1728, 1806], r: 1248317616, e: -1373, error: 392
#ERR  p: [1728, 1807], r: 1248317606, e: -1381, error: 393
#ERR  p: [1728, 1808], r: 1248317596, e: -1373, error: 394
#ERR  p: [1728, 1809], r: 1248317586, e: -1362, error: 395
#ERR  p: [1728, 1810], r: 1248317576, e: -1362, error: 396
#ERR  p: [1728, 1811], r: 1248317566, e: -1372, error: 397
#ERR  p: [1728, 1812], r: 1248317556, e: -1382, error: 398
#ERR  p: [1728, 1813], r: 1248317546, e: -1392, error: 399
#ERR  p: [1728, 1814], r: 1248317536, e: -1402, error: 400
#ERR  p: [1728, 1815], r: 1248317526, e: -1412, error: 401
#ERR  p: [1728, 1816], r: 1248317516, e: -1416, error: 402
#ERR  p: [1728, 1817], r: 1248317506, e: -1425, error: 403
#ERR  p: [1728, 1818], r: 1248317496, e: -1427, error: 404
#ERR  p: [1728, 1819], r: 1248317486, e: -1436, error: 405
#ERR  p: [1728, 1820], r: 1248317476, e: -1445, error: 406
#ERR  p: [1728, 1821], r: 1248317466, e: -1439, error: 407
#ERR  p: [1728, 1822], r: 1248317456, e: -1443, error: 408
#ERR  p: [1728, 1823], r: 1248317446, e: -1453, error: 409
#ERR  p: [1728, 1824], r: 1248317436, e: -1463, error: 410
#ERR  p: [1728, 1825], r: 1248317426, e: -1473, error: 411
#ERR  p: [1728, 1826], r: 1248317416, e: -1481, error: 412
#ERR  p: [1728, 1827], r: 1248317406, e: -1482, error: 413
#ERR  p: [1728, 1828], r: 1248317396, e: -1492, error: 414
#ERR  p: [1728, 1829], r: 1248317386, e: -1500, error: 415
#ERR  p: [1728, 1830], r: 1248317376, e: -1507, error: 416
#ERR  p: [1728, 1831], r: 1248317366, e: -1513, error: 417
#ERR  p: [1728, 1832], r: 1248317356, e: -1513, error: 418
#ERR  p: [1728, 1833], r: 1248317346, e: -1508, error: 419
#ERR  p: [1728, 1834], r: 1248317336, e: -1518, error: 420
#ERR  p: [1728, 1835], r: 1248317326, e: -1525, error: 421
#ERR  p: [1728, 1836], r: 1248317316, e: -1527, error: 422
#ERR  p: [1728, 1837], r: 1248317306, e: -1535, error: 423
#ERR  p: [1728, 1838], r: 1248317296, e: -1537, error: 424
#ERR  p: [1728, 1839], r: 1248317286, e: -1547, error: 425
#ERR  p: [1728, 1840], r: 1248317276, e: -1554, error: 426
#ERR  p: [1728, 1841], r: 1248317266, e: -1561, error: 427
#ERR  p: [1728, 1842], r: 1248317256, e: -1560, error: 428
#ERR  p: [1728, 1843], r: 1248317246, e: -1570, error: 429
#ERR  p: [1728, 1844], r: 1248317236, e: -1572, error: 430
#ERR  p: [1728, 1845], r: 1248317226, e: -1569, error: 431
#ERR  p: [1728, 1846], r: 1248317216, e: -1561, error: 432
#ERR  p: [1728, 1847], r: 1248317206, e: -1553, error: 433
#ERR  p: [1728, 1848], r: 1248317196, e: -1559, error: 434
#ERR  p: [1728, 1849], r: 1248317186, e: -1565, error: 435
#ERR  p: [1728, 1850], r: 1248317176, e: -1570, error: 436
#ERR  p: [1728, 1851], r: 1248317166, e: -1564, error: 437
#ERR  p: [1728, 1852], r: 1248317156, e: -1570, error: 438
#ERR  p: [1728, 1853], r: 1248317146, e: -1573, error: 439
#ERR  p: [1728, 1854], r: 1248317136, e: -1559, error: 440
#ERR  p: [1728, 1855], r: 1248317126, e: -1569, error: 441
#ERR  p: [1728, 1856], r: 1248317116, e: -1571, error: 442
#ERR  p: [1728, 1857], r: 1248317106, e: -1581, error: 443
#ERR  p: [1728, 1858], r: 1248317096, e: -1587, error: 444
#ERR  p: [1728, 1859], r: 1248317086, e: -1589, error: 445
#ERR  p: [1728, 1860], r: 1248317076, e: -1597, error: 446
#ERR  p: [1728, 1861], r: 1248317066, e: -1592, error: 447
#ERR  p: [1728, 1862], r: 1248317056, e: -1602, error: 448
#ERR  p: [1728, 1863], r: 1248317046, e: -1612, error: 449
#ERR  p: [1728, 1864], r: 1248317036, e: -1622, error: 450
#ERR  p: [1728, 1865], r: 1248317026, e: -1621, error: 451
#ERR  p: [1728, 1866], r: 1248317016, e: -1625, error: 452
#ERR  p: [1728, 1867], r: 1248317006, e: -1617, error: 453
#ERR  p: [1728, 1868], r: 1248316996, e: -1625, error: 454
#ERR  p: [1728, 1869], r: 1248316986, e: -1635, error: 455
#ERR  p: [1728, 1870], r: 1248316976, e: -1645, error: 456
#ERR  p: [1728, 1871], r: 1248316966, e: -1655, error: 457
#ERR  p: [1728, 1872], r: 1248316956, e: -1665, error: 458
#ERR  p: [1728, 1873], r: 1248316946, e: -1660, error: 459
#ERR  p: [1728, 1874], r: 1248316936, e: -1660, error: 460
#ERR  p: [1728, 1875], r: 1248316926, e: -1665, error: 461
#ERR  p: [1728, 1876], r: 1248316916, e: -1667, error: 462
#ERR  p: [1728, 1877], r: 1248316906, e: -1661, error: 463
#ERR  p: [1728, 1878], r: 1248316896, e: -1659, error: 464
#ERR  p: [1728, 1879], r: 1248316886, e: -1666, error: 465
#ERR  p: [1728, 1880], r: 1248316876, e: -1676, error: 466
#ERR  p: [1728, 1881], r: 1248316866, e: -1686, error: 467
#ERR  p: [1728, 1882], r: 1248316856, e: -1684, error: 468
#ERR  p: [1728, 1883], r: 1248316846, e: -1694, error: 469
#ERR  p: [1728, 1884], r: 1248316836, e: -1695, error: 470
#ERR  p: [1728, 1885], r: 1248316826, e: -1687, error: 471
#ERR  p: [1728, 1886], r: 1248316816, e: -1676, error: 472
#ERR  p: [1728, 1887], r: 1248316806, e: -1663, error: 473
#ERR  p: [1728, 1888], r: 1248316796, e: -1669, error: 474
#ERR  p: [1728, 1889], r: 1248316786, e: -1662, error: 475
#ERR  p: [1728, 1890], r: 1248316776, e: -1663, error: 476
#ERR  p: [1728, 1891], r: 1248316766, e: -1658, error: 477
#ERR  p: [1728, 1892], r: 1248316756, e: -1663, error: 478
#ERR  p: [1728, 1893], r: 1248316746, e: -1670, error: 479
#ERR  p: [1728, 1894], r: 1248316736, e: -1665, error: 480
#ERR  p: [1728, 1895], r: 1248316726, e: -1657, error: 481
#ERR  p: [1728, 1896], r: 1248316716, e: -1648, error: 482
#ERR  p: [1728, 1897], r: 1248316706, e: -1654, error: 483
#ERR  p: [1728, 1898], r: 1248316696, e: -1662, error: 484
#ERR  p: [1728, 1899], r: 1248316686, e: -1672, error: 485
#ERR  p: [1728, 1900], r: 1248316676, e: -1662, error: 486
#ERR  p: [1728, 1901], r: 1248316666, e: -1666, error: 487
#ERR  p: [1728, 1902], r: 1248316656, e: -1659, error: 488
#ERR  p: [1728, 1903], r: 1248316646, e: -1665, error: 489
#ERR  p: [1728, 1904], r: 1248316636, e: -1670, error: 490
#ERR  p: [1728, 1905], r: 1248316626, e: -1668, error: 491
#ERR  p: [1728, 1906], r: 1248316616, e: -1678, error: 492
#ERR  p: [1728, 1907], r: 1248316606, e: -1688, error: 493
#ERR  p: [1728, 1908], r: 1248316596, e: -1698, error: 494
#ERR  p: [1728, 1909], r: 1248316586, e: -1702, error: 495
#ERR  p: [1728, 1910], r: 1248316576, e: -1697, error: 496
#ERR  p: [1728, 1911], r: 1248316566, e: -1694, error: 497
#ERR  p: [1728, 1912], r: 1248316556, e: -1687, error: 498
#ERR  p: [1728, 1913], r: 1248316546, e: -1692, error: 499
#SDC Ite:0 KerTime:0.294485 AccTime:0.294485 KerErr:500 AccErr:500
#END