#HEADER max_rows:2048 max_cols:2048 penalty:10
#BEGIN Y:2016 M:09 D:12 Time:15:41:03
#IT Ite:0 KerTime:0.295076 AccTime:0.295076
#ERR Error detected! kerrors = 46302
#ERR  p: [60, 484], r: -13333, e: -3961, error: 1
#ERR  p: [124, 485], r: -13323, e: -3164, error: 2
#ERR  p: [188, 486], r: -13309, e: -2455, error: 3
#ERR  p: [252, 487], r: -13299, e: -1856, error: 4
#ERR  p: [316, 488], r: -13285, e: -1300, error: 5
#ERR  p: [380, 489], r: -13274, e: -824, error: 6
#ERR  p: [444, 490], r: -13259, e: -442, error: 7
#ERR  p: [508, 491], r: -13245, e: -364, error: 8
#ERR  p: [572, 492], r: -13236, e: -689, error: 9
#ERR  p: [636, 493], r: -13221, e: -1116, error: 10
#ERR  p: [700, 494], r: -13212, e: -1588, error: 11
#ERR  p: [764, 495], r: -13198, e: -2087, error: 12
#ERR  p: [828, 496], r: -13189, e: -2629, error: 13
#ERR  p: [892, 497], r: -13174, e: -3144, error: 14
#ERR  p: [1981, 482], r: 8, e: -13342, error: 15
#ERR  p: [1981, 483], r: 23, e: -13333, error: 16
#ERR  p: [1981, 484], r: 18, e: -13323, error: 17
#ERR  p: [1981, 485], r: 21, e: -13309, error: 18
#ERR  p: [1981, 486], r: 22, e: -13299, error: 19
#ERR  p: [1981, 487], r: 18, e: -13285, error: 20
#ERR  p: [1981, 488], r: 11, e: -13274, error: 21
#ERR  p: [1981, 489], r: 2, e: -13259, error: 22
#ERR  p: [1981, 490], r: 20, e: -13245, error: 23
#ERR  p: [1981, 491], r: 23, e: -13236, error: 24
#ERR  p: [1981, 492], r: 0, e: -13221, error: 25
#ERR  p: [1981, 493], r: 22, e: -13212, error: 26
#ERR  p: [1981, 494], r: 16, e: -13198, error: 27
#ERR  p: [1981, 495], r: 0, e: -13189, error: 28
#ERR  p: [1981, 496], r: 12, e: -13174, error: 29
#ERR  p: [1981, 497], r: 2, e: -13161, error: 30
#ERR  p: [1981, 498], r: -8, e: -13146, error: 31
#ERR  p: [1981, 499], r: -18, e: -13131, error: 32
#ERR  p: [1981, 500], r: -28, e: -13122, error: 33
#ERR  p: [1981, 501], r: -38, e: -13115, error: 34
#ERR  p: [1981, 502], r: -48, e: -13101, error: 35
#ERR  p: [1981, 503], r: -58, e: -13090, error: 36
#ERR  p: [1981, 504], r: -68, e: -13071, error: 37
#ERR  p: [1981, 505], r: -78, e: -13057, error: 38
#ERR  p: [1981, 506], r: -88, e: -13042, error: 39
#ERR  p: [1981, 507], r: -98, e: -13037, error: 40
#ERR  p: [1981, 508], r: -108, e: -13028, error: 41
#ERR  p: [1981, 509], r: -118, e: -13017, error: 42
#ERR  p: [1981, 510], r: -128, e: -13008, error: 43
#ERR  p: [1981, 511], r: -138, e: -13001, error: 44
#ERR  p: [1981, 512], r: -148, e: -12990, error: 45
#ERR  p: [1981, 513], r: -158, e: -12976, error: 46
#ERR  p: [1981, 514], r: -168, e: -12962, error: 47
#ERR  p: [1981, 515], r: -178, e: -12947, error: 48
#ERR  p: [1981, 516], r: -188, e: -12937, error: 49
#ERR  p: [1981, 517], r: -198, e: -12928, error: 50
#ERR  p: [1981, 518], r: -208, e: -12916, error: 51
#ERR  p: [1981, 519], r: -218, e: -12906, error: 52
#ERR  p: [1981, 520], r: -228, e: -12891, error: 53
#ERR  p: [1981, 521], r: -238, e: -12880, error: 54
#ERR  p: [1981, 522], r: -248, e: -12870, error: 55
#ERR  p: [1981, 523], r: -258, e: -12855, error: 56
#ERR  p: [1981, 524], r: -268, e: -12845, error: 57
#ERR  p: [1981, 525], r: -278, e: -12834, error: 58
#ERR  p: [1981, 526], r: -288, e: -12815, error: 59
#ERR  p: [1981, 527], r: -298, e: -12805, error: 60
#ERR  p: [1981, 528], r: -308, e: -12791, error: 61
#ERR  p: [1981, 529], r: -318, e: -12782, error: 62
#ERR  p: [1981, 530], r: -328, e: -12776, error: 63
#ERR  p: [1981, 531], r: -338, e: -12764, error: 64
#ERR  p: [1981, 532], r: -348, e: -12756, error: 65
#ERR  p: [1981, 533], r: -358, e: -12741, error: 66
#ERR  p: [1981, 534], r: -368, e: -12731, error: 67
#ERR  p: [1981, 535], r: -378, e: -12721, error: 68
#ERR  p: [1981, 536], r: -388, e: -12707, error: 69
#ERR  p: [1981, 537], r: -398, e: -12696, error: 70
#ERR  p: [1981, 538], r: -408, e: -12687, error: 71
#ERR  p: [1981, 539], r: -418, e: -12679, error: 72
#ERR  p: [1981, 540], r: -428, e: -12664, error: 73
#ERR  p: [1981, 541], r: -438, e: -12655, error: 74
#ERR  p: [1981, 542], r: -448, e: -12648, error: 75
#ERR  p: [1981, 543], r: -458, e: -12636, error: 76
#ERR  p: [1981, 544], r: -468, e: -12622, error: 77
#ERR  p: [1981, 545], r: -478, e: -12606, error: 78
#ERR  p: [1981, 546], r: -488, e: -12596, error: 79
#ERR  p: [1981, 547], r: -498, e: -12586, error: 80
#ERR  p: [1981, 548], r: -508, e: -12577, error: 81
#ERR  p: [1981, 549], r: -518, e: -12561, error: 82
#ERR  p: [1981, 550], r: -528, e: -12547, error: 83
#ERR  p: [1981, 551], r: -538, e: -12538, error: 84
#ERR  p: [1981, 552], r: -548, e: -12529, error: 85
#ERR  p: [1981, 553], r: -558, e: -12517, error: 86
#ERR  p: [1981, 554], r: -568, e: -12505, error: 87
#ERR  p: [1981, 555], r: -578, e: -12493, error: 88
#ERR  p: [1981, 556], r: -588, e: -12486, error: 89
#ERR  p: [1981, 557], r: -598, e: -12479, error: 90
#ERR  p: [1981, 558], r: -608, e: -12467, error: 91
#ERR  p: [1981, 559], r: -618, e: -12458, error: 92
#ERR  p: [1981, 560], r: -628, e: -12445, error: 93
#ERR  p: [1981, 561], r: -638, e: -12435, error: 94
#ERR  p: [1981, 562], r: -648, e: -12420, error: 95
#ERR  p: [1981, 563], r: -658, e: -12413, error: 96
#ERR  p: [1981, 564], r: -668, e: -12398, error: 97
#ERR  p: [1981, 565], r: -678, e: -12384, error: 98
#ERR  p: [1981, 566], r: -688, e: -12374, error: 99
#ERR  p: [1981, 567], r: -698, e: -12359, error: 100
#ERR  p: [1981, 568], r: -708, e: -12343, error: 101
#ERR  p: [1981, 569], r: -718, e: -12333, error: 102
#ERR  p: [1981, 570], r: -728, e: -12324, error: 103
#ERR  p: [1981, 571], r: -738, e: -12317, error: 104
#ERR  p: [1981, 572], r: -748, e: -12302, error: 105
#ERR  p: [1981, 573], r: -758, e: -12291, error: 106
#ERR  p: [1981, 574], r: -768, e: -12276, error: 107
#ERR  p: [1981, 575], r: -778, e: -12268, error: 108
#ERR  p: [1981, 576], r: -788, e: -12260, error: 109
#ERR  p: [1981, 577], r: -798, e: -12250, error: 110
#ERR  p: [1981, 578], r: -808, e: -12241, error: 111
#ERR  p: [1981, 579], r: -818, e: -12236, error: 112
#ERR  p: [1981, 580], r: -828, e: -12225, error: 113
#ERR  p: [1981, 581], r: -838, e: -12211, error: 114
#ERR  p: [1981, 582], r: -848, e: -12200, error: 115
#ERR  p: [1981, 583], r: -858, e: -12188, error: 116
#ERR  p: [1981, 584], r: -868, e: -12174, error: 117
#ERR  p: [1981, 585], r: -878, e: -12165, error: 118
#ERR  p: [1981, 586], r: -888, e: -12155, error: 119
#ERR  p: [1981, 587], r: -898, e: -12140, error: 120
#ERR  p: [1981, 588], r: -908, e: -12129, error: 121
#ERR  p: [1981, 589], r: -918, e: -12113, error: 122
#ERR  p: [1981, 590], r: -928, e: -12103, error: 123
#ERR  p: [1981, 591], r: -938, e: -12089, error: 124
#ERR  p: [1981, 592], r: -948, e: -12077, error: 125
#ERR  p: [1981, 593], r: -958, e: -12058, error: 126
#ERR  p: [1981, 594], r: -968, e: -12049, error: 127
#ERR  p: [1981, 595], r: -978, e: -12035, error: 128
#ERR  p: [1981, 596], r: -988, e: -12021, error: 129
#ERR  p: [1981, 597], r: -998, e: -12012, error: 130
#ERR  p: [1981, 598], r: -1008, e: -12004, error: 131
#ERR  p: [1981, 599], r: -1018, e: -11997, error: 132
#ERR  p: [1981, 600], r: -1028, e: -11992, error: 133
#ERR  p: [1981, 601], r: -1038, e: -11981, error: 134
#ERR  p: [1981, 602], r: -1048, e: -11970, error: 135
#ERR  p: [1981, 603], r: -1058, e: -11961, error: 136
#ERR  p: [1981, 604], r: -1068, e: -11947, error: 137
#ERR  p: [1981, 605], r: -1078, e: -11932, error: 138
#ERR  p: [1981, 606], r: -1088, e: -11920, error: 139
#ERR  p: [1981, 607], r: -1098, e: -11903, error: 140
#ERR  p: [1981, 608], r: -1108, e: -11888, error: 141
#ERR  p: [1981, 609], r: -1118, e: -11873, error: 142
#ERR  p: [1981, 610], r: -1128, e: -11865, error: 143
#ERR  p: [1981, 611], r: -1138, e: -11863, error: 144
#ERR  p: [1981, 612], r: -1148, e: -11850, error: 145
#ERR  p: [1981, 613], r: -1158, e: -11839, error: 146
#ERR  p: [1981, 614], r: -1168, e: -11829, error: 147
#ERR  p: [1981, 615], r: -1178, e: -11814, error: 148
#ERR  p: [1981, 616], r: -1188, e: -11805, error: 149
#ERR  p: [1981, 617], r: -1198, e: -11799, error: 150
#ERR  p: [1981, 618], r: -1208, e: -11790, error: 151
#ERR  p: [1981, 619], r: -1218, e: -11777, error: 152
#ERR  p: [1981, 620], r: -1228, e: -11768, error: 153
#ERR  p: [1981, 621], r: -1238, e: -11763, error: 154
#ERR  p: [1981, 622], r: -1248, e: -11745, error: 155
#ERR  p: [1981, 623], r: -1258, e: -11735, error: 156
#ERR  p: [1981, 624], r: -1268, e: -11724, error: 157
#ERR  p: [1981, 625], r: -1278, e: -11711, error: 158
#ERR  p: [1981, 626], r: -1288, e: -11705, error: 159
#ERR  p: [1981, 627], r: -1298, e: -11695, error: 160
#ERR  p: [1981, 628], r: -1308, e: -11685, error: 161
#ERR  p: [1981, 629], r: -1318, e: -11672, error: 162
#ERR  p: [1981, 630], r: -1328, e: -11663, error: 163
#ERR  p: [1981, 631], r: -1338, e: -11653, error: 164
#ERR  p: [1981, 632], r: -1348, e: -11639, error: 165
#ERR  p: [1981, 633], r: -1358, e: -11623, error: 166
#ERR  p: [1981, 634], r: -1368, e: -11609, error: 167
#ERR  p: [1981, 635], r: -1378, e: -11597, error: 168
#ERR  p: [1981, 636], r: -1388, e: -11581, error: 169
#ERR  p: [1981, 637], r: -1398, e: -11567, error: 170
#ERR  p: [1981, 638], r: -1408, e: -11555, error: 171
#ERR  p: [1981, 639], r: -1418, e: -11546, error: 172
#ERR  p: [1981, 640], r: -1428, e: -11537, error: 173
#ERR  p: [1981, 641], r: -1438, e: -11528, error: 174
#ERR  p: [1981, 642], r: -1448, e: -11516, error: 175
#ERR  p: [1981, 643], r: -1458, e: -11508, error: 176
#ERR  p: [1981, 644], r: -1468, e: -11499, error: 177
#ERR  p: [1981, 645], r: -1478, e: -11490, error: 178
#ERR  p: [1981, 646], r: -1488, e: -11482, error: 179
#ERR  p: [1981, 647], r: -1498, e: -11470, error: 180
#ERR  p: [1981, 648], r: -1508, e: -11465, error: 181
#ERR  p: [1981, 649], r: -1518, e: -11453, error: 182
#ERR  p: [1981, 650], r: -1528, e: -11439, error: 183
#ERR  p: [1981, 651], r: -1538, e: -11429, error: 184
#ERR  p: [1981, 652], r: -1548, e: -11414, error: 185
#ERR  p: [1981, 653], r: -1558, e: -11400, error: 186
#ERR  p: [1981, 654], r: -1568, e: -11391, error: 187
#ERR  p: [1981, 655], r: -1578, e: -11382, error: 188
#ERR  p: [1981, 656], r: -1588, e: -11370, error: 189
#ERR  p: [1981, 657], r: -1598, e: -11360, error: 190
#ERR  p: [1981, 658], r: -1608, e: -11349, error: 191
#ERR  p: [1981, 659], r: -1618, e: -11335, error: 192
#ERR  p: [1981, 660], r: -1628, e: -11319, error: 193
#ERR  p: [1981, 661], r: -1638, e: -11309, error: 194
#ERR  p: [1981, 662], r: -1648, e: -11301, error: 195
#ERR  p: [1981, 663], r: -1658, e: -11292, error: 196
#ERR  p: [1981, 664], r: -1668, e: -11286, error: 197
#ERR  p: [1981, 665], r: -1678, e: -11274, error: 198
#ERR  p: [1981, 666], r: -1688, e: -11257, error: 199
#ERR  p: [1981, 667], r: -1698, e: -11246, error: 200
#ERR  p: [1981, 668], r: -1708, e: -11231, error: 201
#ERR  p: [1981, 669], r: -1718, e: -11220, error: 202
#ERR  p: [1981, 670], r: -1728, e: -11211, error: 203
#ERR  p: [1981, 671], r: -1738, e: -11199, error: 204
#ERR  p: [1981, 672], r: -1748, e: -11183, error: 205
#ERR  p: [1981, 673], r: -1758, e: -11169, error: 206
#ERR  p: [1981, 674], r: -1768, e: -11155, error: 207
#ERR  p: [1981, 675], r: -1778, e: -11141, error: 208
#ERR  p: [1981, 676], r: -1788, e: -11129, error: 209
#ERR  p: [1981, 677], r: -1798, e: -11117, error: 210
#ERR  p: [1981, 678], r: -1808, e: -11107, error: 211
#ERR  p: [1981, 679], r: -1818, e: -11093, error: 212
#ERR  p: [1981, 680], r: -1828, e: -11077, error: 213
#ERR  p: [1981, 681], r: -1838, e: -11068, error: 214
#ERR  p: [1981, 682], r: -1848, e: -11058, error: 215
#ERR  p: [1981, 683], r: -1858, e: -11053, error: 216
#ERR  p: [1981, 684], r: -1868, e: -11039, error: 217
#ERR  p: [1981, 685], r: -1878, e: -11030, error: 218
#ERR  p: [1981, 686], r: -1888, e: -11015, error: 219
#ERR  p: [1981, 687], r: -1898, e: -11006, error: 220
#ERR  p: [1981, 688], r: -1908, e: -10996, error: 221
#ERR  p: [1981, 689], r: -1918, e: -10987, error: 222
#ERR  p: [1981, 690], r: -1928, e: -10978, error: 223
#ERR  p: [1981, 691], r: -1938, e: -10968, error: 224
#ERR  p: [1981, 692], r: -1948, e: -10961, error: 225
#ERR  p: [1981, 693], r: -1958, e: -10949, error: 226
#ERR  p: [1981, 694], r: -1968, e: -10939, error: 227
#ERR  p: [1981, 695], r: -1978, e: -10930, error: 228
#ERR  p: [1981, 696], r: -1988, e: -10921, error: 229
#ERR  p: [1981, 697], r: -1998, e: -10914, error: 230
#ERR  p: [1981, 698], r: -2008, e: -10902, error: 231
#ERR  p: [1981, 699], r: -2018, e: -10892, error: 232
#ERR  p: [1981, 700], r: -2028, e: -10880, error: 233
#ERR  p: [1981, 701], r: -2038, e: -10867, error: 234
#ERR  p: [1981, 702], r: -2048, e: -10852, error: 235
#ERR  p: [1981, 703], r: -2058, e: -10836, error: 236
#ERR  p: [1981, 704], r: -2068, e: -10826, error: 237
#ERR  p: [1981, 705], r: -2078, e: -10815, error: 238
#ERR  p: [1981, 706], r: -2088, e: -10803, error: 239
#ERR  p: [1981, 707], r: -2098, e: -10787, error: 240
#ERR  p: [1981, 708], r: -2108, e: -10772, error: 241
#ERR  p: [1981, 709], r: -2118, e: -10769, error: 242
#ERR  p: [1981, 710], r: -2128, e: -10755, error: 243
#ERR  p: [1981, 711], r: -2138, e: -10744, error: 244
#ERR  p: [1981, 712], r: -2148, e: -10730, error: 245
#ERR  p: [1981, 713], r: -2158, e: -10718, error: 246
#ERR  p: [1981, 714], r: -2168, e: -10707, error: 247
#ERR  p: [1981, 715], r: -2178, e: -10699, error: 248
#ERR  p: [1981, 716], r: -2188, e: -10690, error: 249
#ERR  p: [1981, 717], r: -2198, e: -10679, error: 250
#ERR  p: [1981, 718], r: -2208, e: -10676, error: 251
#ERR  p: [1981, 719], r: -2218, e: -10665, error: 252
#ERR  p: [1981, 720], r: -2228, e: -10651, error: 253
#ERR  p: [1981, 721], r: -2238, e: -10640, error: 254
#ERR  p: [1981, 722], r: -2248, e: -10633, error: 255
#ERR  p: [1981, 723], r: -2258, e: -10626, error: 256
#ERR  p: [1981, 724], r: -2268, e: -10618, error: 257
#ERR  p: [1981, 725], r: -2278, e: -10603, error: 258
#ERR  p: [1981, 726], r: -2288, e: -10594, error: 259
#ERR  p: [1981, 727], r: -2298, e: -10586, error: 260
#ERR  p: [1981, 728], r: -2308, e: -10580, error: 261
#ERR  p: [1981, 729], r: -2318, e: -10571, error: 262
#ERR  p: [1981, 730], r: -2328, e: -10559, error: 263
#ERR  p: [1981, 731], r: -2338, e: -10551, error: 264
#ERR  p: [1981, 732], r: -2348, e: -10543, error: 265
#ERR  p: [1981, 733], r: -2358, e: -10527, error: 266
#ERR  p: [1981, 734], r: -2368, e: -10516, error: 267
#ERR  p: [1981, 735], r: -2378, e: -10504, error: 268
#ERR  p: [1981, 736], r: -2388, e: -10491, error: 269
#ERR  p: [1981, 737], r: -2398, e: -10478, error: 270
#ERR  p: [1981, 738], r: -2408, e: -10464, error: 271
#ERR  p: [1981, 739], r: -2418, e: -10449, error: 272
#ERR  p: [1981, 740], r: -2428, e: -10437, error: 273
#ERR  p: [1981, 741], r: -2438, e: -10422, error: 274
#ERR  p: [1981, 742], r: -2448, e: -10412, error: 275
#ERR  p: [1981, 743], r: -2458, e: -10410, error: 276
#ERR  p: [1981, 744], r: -2468, e: -10402, error: 277
#ERR  p: [1981, 745], r: -2478, e: -10396, error: 278
#ERR  p: [1981, 746], r: -2488, e: -10392, error: 279
#ERR  p: [1981, 747], r: -2498, e: -10384, error: 280
#ERR  p: [1981, 748], r: -2508, e: -10374, error: 281
#ERR  p: [1981, 749], r: -2518, e: -10366, error: 282
#ERR  p: [1981, 750], r: -2528, e: -10357, error: 283
#ERR  p: [1981, 751], r: -2538, e: -10347, error: 284
#ERR  p: [1981, 752], r: -2548, e: -10338, error: 285
#ERR  p: [1981, 753], r: -2558, e: -10329, error: 286
#ERR  p: [1981, 754], r: -2568, e: -10316, error: 287
#ERR  p: [1981, 755], r: -2578, e: -10307, error: 288
#ERR  p: [1981, 756], r: -2588, e: -10301, error: 289
#ERR  p: [1981, 757], r: -2598, e: -10291, error: 290
#ERR  p: [1981, 758], r: -2608, e: -10279, error: 291
#ERR  p: [1981, 759], r: -2618, e: -10273, error: 292
#ERR  p: [1981, 760], r: -2628, e: -10264, error: 293
#ERR  p: [1981, 761], r: -2638, e: -10258, error: 294
#ERR  p: [1981, 762], r: -2648, e: -10248, error: 295
#ERR  p: [1981, 763], r: -2658, e: -10239, error: 296
#ERR  p: [1981, 764], r: -2668, e: -10227, error: 297
#ERR  p: [1981, 765], r: -2678, e: -10218, error: 298
#ERR  p: [1981, 766], r: -2688, e: -10209, error: 299
#ERR  p: [1981, 767], r: -2698, e: -10197, error: 300
#ERR  p: [1981, 768], r: -2708, e: -10189, error: 301
#ERR  p: [1981, 769], r: -2718, e: -10174, error: 302
#ERR  p: [1981, 770], r: -2728, e: -10162, error: 303
#ERR  p: [1981, 771], r: -2738, e: -10152, error: 304
#ERR  p: [1981, 772], r: -2748, e: -10143, error: 305
#ERR  p: [1981, 773], r: -2758, e: -10134, error: 306
#ERR  p: [1981, 774], r: -2768, e: -10124, error: 307
#ERR  p: [1981, 775], r: -2778, e: -10113, error: 308
#ERR  p: [1981, 776], r: -2788, e: -10099, error: 309
#ERR  p: [1981, 777], r: -2798, e: -10085, error: 310
#ERR  p: [1981, 778], r: -2808, e: -10067, error: 311
#ERR  p: [1981, 779], r: -2818, e: -10051, error: 312
#ERR  p: [1981, 780], r: -2828, e: -10037, error: 313
#ERR  p: [1981, 781], r: -2838, e: -10022, error: 314
#ERR  p: [1981, 782], r: -2848, e: -10006, error: 315
#ERR  p: [1981, 783], r: -2858, e: -9997, error: 316
#ERR  p: [1981, 784], r: -2868, e: -9985, error: 317
#ERR  p: [1981, 785], r: -2878, e: -9975, error: 318
#ERR  p: [1981, 786], r: -2888, e: -9961, error: 319
#ERR  p: [1981, 787], r: -2898, e: -9950, error: 320
#ERR  p: [1981, 788], r: -2908, e: -9940, error: 321
#ERR  p: [1981, 789], r: -2918, e: -9930, error: 322
#ERR  p: [1981, 790], r: -2928, e: -9911, error: 323
#ERR  p: [1981, 791], r: -2938, e: -9900, error: 324
#ERR  p: [1981, 792], r: -2948, e: -9889, error: 325
#ERR  p: [1981, 793], r: -2958, e: -9880, error: 326
#ERR  p: [1981, 794], r: -2968, e: -9869, error: 327
#ERR  p: [1981, 795], r: -2978, e: -9861, error: 328
#ERR  p: [1981, 796], r: -2988, e: -9856, error: 329
#ERR  p: [1981, 797], r: -2998, e: -9849, error: 330
#ERR  p: [1981, 798], r: -3008, e: -9837, error: 331
#ERR  p: [1981, 799], r: -3018, e: -9827, error: 332
#ERR  p: [1981, 800], r: -3028, e: -9819, error: 333
#ERR  p: [1981, 801], r: -3038, e: -9810, error: 334
#ERR  p: [1981, 802], r: -3048, e: -9801, error: 335
#ERR  p: [1981, 803], r: -3058, e: -9789, error: 336
#ERR  p: [1981, 804], r: -3068, e: -9783, error: 337
#ERR  p: [1981, 805], r: -3078, e: -9772, error: 338
#ERR  p: [1981, 806], r: -3088, e: -9761, error: 339
#ERR  p: [1981, 807], r: -3098, e: -9752, error: 340
#ERR  p: [1981, 808], r: -3108, e: -9739, error: 341
#ERR  p: [1981, 809], r: -3118, e: -9729, error: 342
#ERR  p: [1981, 810], r: -3128, e: -9714, error: 343
#ERR  p: [1981, 811], r: -3138, e: -9710, error: 344
#ERR  p: [1981, 812], r: -3148, e: -9696, error: 345
#ERR  p: [1981, 813], r: -3158, e: -9687, error: 346
#ERR  p: [1981, 814], r: -3168, e: -9681, error: 347
#ERR  p: [1981, 815], r: -3178, e: -9667, error: 348
#ERR  p: [1981, 816], r: -3188, e: -9658, error: 349
#ERR  p: [1981, 817], r: -3198, e: -9651, error: 350
#ERR  p: [1981, 818], r: -3208, e: -9646, error: 351
#ERR  p: [1981, 819], r: -3218, e: -9631, error: 352
#ERR  p: [1981, 820], r: -3228, e: -9627, error: 353
#ERR  p: [1981, 821], r: -3238, e: -9621, error: 354
#ERR  p: [1981, 822], r: -3248, e: -9614, error: 355
#ERR  p: [1981, 823], r: -3258, e: -9600, error: 356
#ERR  p: [1981, 824], r: -3268, e: -9588, error: 357
#ERR  p: [1981, 825], r: -3278, e: -9579, error: 358
#ERR  p: [1981, 826], r: -3288, e: -9570, error: 359
#ERR  p: [1981, 827], r: -3298, e: -9558, error: 360
#ERR  p: [1981, 828], r: -3308, e: -9552, error: 361
#ERR  p: [1981, 829], r: -3318, e: -9547, error: 362
#ERR  p: [1981, 830], r: -3328, e: -9537, error: 363
#ERR  p: [1981, 831], r: -3338, e: -9525, error: 364
#ERR  p: [1981, 832], r: -3348, e: -9510, error: 365
#ERR  p: [1981, 833], r: -3358, e: -9500, error: 366
#ERR  p: [1981, 834], r: -3368, e: -9491, error: 367
#ERR  p: [1981, 835], r: -3378, e: -9484, error: 368
#ERR  p: [1981, 836], r: -3388, e: -9474, error: 369
#ERR  p: [1981, 837], r: -3398, e: -9465, error: 370
#ERR  p: [1981, 838], r: -3408, e: -9453, error: 371
#ERR  p: [1981, 839], r: -3418, e: -9443, error: 372
#ERR  p: [1981, 840], r: -3428, e: -9434, error: 373
#ERR  p: [1981, 841], r: -3438, e: -9427, error: 374
#ERR  p: [1981, 842], r: -3448, e: -9419, error: 375
#ERR  p: [1981, 843], r: -3458, e: -9404, error: 376
#ERR  p: [1981, 844], r: -3468, e: -9395, error: 377
#ERR  p: [1981, 845], r: -3478, e: -9386, error: 378
#ERR  p: [1981, 846], r: -3488, e: -9378, error: 379
#ERR  p: [1981, 847], r: -3498, e: -9368, error: 380
#ERR  p: [1981, 848], r: -3508, e: -9359, error: 381
#ERR  p: [1981, 849], r: -3518, e: -9350, error: 382
#ERR  p: [1981, 850], r: -3528, e: -9344, error: 383
#ERR  p: [1981, 851], r: -3538, e: -9335, error: 384
#ERR  p: [1981, 852], r: -3548, e: -9326, error: 385
#ERR  p: [1981, 853], r: -3558, e: -9311, error: 386
#ERR  p: [1981, 854], r: -3568, e: -9301, error: 387
#ERR  p: [1981, 855], r: -3578, e: -9290, error: 388
#ERR  p: [1981, 856], r: -3588, e: -9282, error: 389
#ERR  p: [1981, 857], r: -3598, e: -9275, error: 390
#ERR  p: [1981, 858], r: -3608, e: -9264, error: 391
#ERR  p: [1981, 859], r: -3618, e: -9255, error: 392
#ERR  p: [1981, 860], r: -3628, e: -9240, error: 393
#ERR  p: [1981, 861], r: -3638, e: -9233, error: 394
#ERR  p: [1981, 862], r: -3648, e: -9224, error: 395
#ERR  p: [1981, 863], r: -3658, e: -9212, error: 396
#ERR  p: [1981, 864], r: -3668, e: -9203, error: 397
#ERR  p: [1981, 865], r: -3678, e: -9195, error: 398
#ERR  p: [1981, 866], r: -3688, e: -9187, error: 399
#ERR  p: [1981, 867], r: -3698, e: -9173, error: 400
#ERR  p: [1981, 868], r: -3708, e: -9164, error: 401
#ERR  p: [1981, 869], r: -3718, e: -9154, error: 402
#ERR  p: [1981, 870], r: -3728, e: -9136, error: 403
#ERR  p: [1981, 871], r: -3738, e: -9122, error: 404
#ERR  p: [1981, 872], r: -3748, e: -9106, error: 405
#ERR  p: [1981, 873], r: -3758, e: -9095, error: 406
#ERR  p: [1981, 874], r: -3768, e: -9079, error: 407
#ERR  p: [1981, 875], r: -3778, e: -9067, error: 408
#ERR  p: [1981, 876], r: -3788, e: -9053, error: 409
#ERR  p: [1981, 877], r: -3798, e: -9044, error: 410
#ERR  p: [1981, 878], r: -3808, e: -9029, error: 411
#ERR  p: [1981, 879], r: -3818, e: -9018, error: 412
#ERR  p: [1981, 880], r: -3828, e: -9011, error: 413
#ERR  p: [1981, 881], r: -3838, e: -8997, error: 414
#ERR  p: [1981, 882], r: -3848, e: -8992, error: 415
#ERR  p: [1981, 883], r: -3858, e: -8983, error: 416
#ERR  p: [1981, 884], r: -3868, e: -8972, error: 417
#ERR  p: [1981, 885], r: -3878, e: -8962, error: 418
#ERR  p: [1981, 886], r: -3888, e: -8948, error: 419
#ERR  p: [1981, 887], r: -3898, e: -8939, error: 420
#ERR  p: [1981, 888], r: -3908, e: -8931, error: 421
#ERR  p: [1981, 889], r: -3918, e: -8932, error: 422
#ERR  p: [1981, 890], r: -3928, e: -8926, error: 423
#ERR  p: [1981, 891], r: -3938, e: -8917, error: 424
#ERR  p: [1981, 892], r: -3948, e: -8909, error: 425
#ERR  p: [1981, 893], r: -3958, e: -8903, error: 426
#ERR  p: [1981, 894], r: -3968, e: -8905, error: 427
#ERR  p: [1981, 895], r: -3978, e: -8893, error: 428
#ERR  p: [1981, 896], r: -3988, e: -8886, error: 429
#ERR  p: [1981, 897], r: -3998, e: -8877, error: 430
#ERR  p: [1981, 898], r: -4008, e: -8867, error: 431
#ERR  p: [1981, 899], r: -4018, e: -8856, error: 432
#ERR  p: [1981, 900], r: -4028, e: -8840, error: 433
#ERR  p: [1981, 901], r: -4038, e: -8829, error: 434
#ERR  p: [1981, 902], r: -4048, e: -8823, error: 435
#ERR  p: [1981, 903], r: -4058, e: -8822, error: 436
#ERR  p: [1981, 904], r: -4068, e: -8811, error: 437
#ERR  p: [1981, 905], r: -4078, e: -8799, error: 438
#ERR  p: [1981, 906], r: -4088, e: -8790, error: 439
#ERR  p: [1981, 907], r: -4098, e: -8779, error: 440
#ERR  p: [1981, 908], r: -4108, e: -8769, error: 441
#ERR  p: [1981, 909], r: -4118, e: -8759, error: 442
#ERR  p: [1981, 910], r: -4128, e: -8745, error: 443
#ERR  p: [1981, 911], r: -4138, e: -8735, error: 444
#ERR  p: [1981, 912], r: -4148, e: -8726, error: 445
#ERR  p: [1981, 913], r: -4158, e: -8717, error: 446
#ERR  p: [1981, 914], r: -4168, e: -8707, error: 447
#ERR  p: [1981, 915], r: -4178, e: -8695, error: 448
#ERR  p: [1981, 916], r: -4188, e: -8684, error: 449
#ERR  p: [1981, 917], r: -4198, e: -8675, error: 450
#ERR  p: [1981, 918], r: -4208, e: -8674, error: 451
#ERR  p: [1981, 919], r: -4218, e: -8670, error: 452
#ERR  p: [1981, 920], r: -4228, e: -8664, error: 453
#ERR  p: [1981, 921], r: -4238, e: -8654, error: 454
#ERR  p: [1981, 922], r: -4248, e: -8646, error: 455
#ERR  p: [1981, 923], r: -4258, e: -8637, error: 456
#ERR  p: [1981, 924], r: -4268, e: -8629, error: 457
#ERR  p: [1981, 925], r: -4278, e: -8618, error: 458
#ERR  p: [1981, 926], r: -4288, e: -8607, error: 459
#ERR  p: [1981, 927], r: -4298, e: -8599, error: 460
#ERR  p: [1981, 928], r: -4308, e: -8595, error: 461
#ERR  p: [1981, 929], r: -4318, e: -8587, error: 462
#ERR  p: [1981, 930], r: -4328, e: -8582, error: 463
#ERR  p: [1981, 931], r: -4338, e: -8574, error: 464
#ERR  p: [1981, 932], r: -4348, e: -8559, error: 465
#ERR  p: [1981, 933], r: -4358, e: -8550, error: 466
#ERR  p: [1981, 934], r: -4368, e: -8541, error: 467
#ERR  p: [1981, 935], r: -4378, e: -8532, error: 468
#ERR  p: [1981, 936], r: -4388, e: -8520, error: 469
#ERR  p: [1981, 937], r: -4398, e: -8510, error: 470
#ERR  p: [1981, 938], r: -4408, e: -8500, error: 471
#ERR  p: [1981, 939], r: -4418, e: -8489, error: 472
#ERR  p: [1981, 940], r: -4428, e: -8480, error: 473
#ERR  p: [1981, 941], r: -4438, e: -8470, error: 474
#ERR  p: [1981, 942], r: -4448, e: -8456, error: 475
#ERR  p: [1981, 943], r: -4458, e: -8441, error: 476
#ERR  p: [1981, 944], r: -4468, e: -8429, error: 477
#ERR  p: [1981, 945], r: -4478, e: -8415, error: 478
#ERR  p: [1981, 946], r: -4488, e: -8399, error: 479
#ERR  p: [1981, 947], r: -4498, e: -8387, error: 480
#ERR  p: [1981, 948], r: -4508, e: -8377, error: 481
#ERR  p: [1981, 949], r: -4518, e: -8365, error: 482
#ERR  p: [1981, 950], r: -4528, e: -8360, error: 483
#ERR  p: [1981, 951], r: -4538, e: -8351, error: 484
#ERR  p: [1981, 952], r: -4548, e: -8342, error: 485
#ERR  p: [1981, 953], r: -4558, e: -8328, error: 486
#ERR  p: [1981, 954], r: -4568, e: -8319, error: 487
#ERR  p: [1981, 955], r: -4578, e: -8310, error: 488
#ERR  p: [1981, 956], r: -4588, e: -8302, error: 489
#ERR  p: [1981, 957], r: -4598, e: -8297, error: 490
#ERR  p: [1981, 958], r: -4608, e: -8284, error: 491
#ERR  p: [1981, 959], r: -4618, e: -8278, error: 492
#ERR  p: [1981, 960], r: -4628, e: -8268, error: 493
#ERR  p: [1981, 961], r: -4638, e: -8256, error: 494
#ERR  p: [1981, 962], r: -4648, e: -8243, error: 495
#ERR  p: [1981, 963], r: -4658, e: -8232, error: 496
#ERR  p: [1981, 964], r: -4668, e: -8223, error: 497
#ERR  p: [1981, 965], r: -4678, e: -8213, error: 498
#ERR  p: [1981, 966], r: -4688, e: -8206, error: 499
#SDC Ite:0 KerTime:0.295076 AccTime:0.295076 KerErr:500 AccErr:500
#END