#HEADER max_rows:2048 max_cols:2048 penalty:10
#BEGIN Y:2016 M:09 D:12 Time:16:07:39
#IT Ite:0 KerTime:0.294994 AccTime:0.294994
#ERR Error detected! kerrors = 10395
#ERR  p: [2021, 1663], r: 759801172, e: -2796, error: 1
#ERR  p: [2021, 1664], r: 759801162, e: -2795, error: 2
#ERR  p: [2021, 1665], r: 759801152, e: -2798, error: 3
#ERR  p: [2021, 1666], r: 759801142, e: -2792, error: 4
#ERR  p: [2021, 1667], r: 759801132, e: -2783, error: 5
#ERR  p: [2021, 1668], r: 759801122, e: -2776, error: 6
#ERR  p: [2021, 1669], r: 759801112, e: -2778, error: 7
#ERR  p: [2021, 1670], r: 759801102, e: -2772, error: 8
#ERR  p: [2021, 1671], r: 759801092, e: -2765, error: 9
#ERR  p: [2021, 1672], r: 759801082, e: -2754, error: 10
#ERR  p: [2021, 1673], r: 759801072, e: -2746, error: 11
#ERR  p: [2021, 1674], r: 759801062, e: -2742, error: 12
#ERR  p: [2021, 1675], r: 759801052, e: -2733, error: 13
#ERR  p: [2021, 1676], r: 759801042, e: -2725, error: 14
#ERR  p: [2021, 1677], r: 759801032, e: -2715, error: 15
#ERR  p: [2021, 1678], r: 759801022, e: -2711, error: 16
#ERR  p: [2021, 1679], r: 759801012, e: -2704, error: 17
#ERR  p: [2021, 1680], r: 759801002, e: -2699, error: 18
#ERR  p: [2021, 1681], r: 759800992, e: -2693, error: 19
#ERR  p: [2021, 1682], r: 759800982, e: -2684, error: 20
#ERR  p: [2021, 1683], r: 759800972, e: -2676, error: 21
#ERR  p: [2021, 1684], r: 759800962, e: -2672, error: 22
#ERR  p: [2021, 1685], r: 759800952, e: -2669, error: 23
#ERR  p: [2021, 1686], r: 759800942, e: -2656, error: 24
#ERR  p: [2021, 1687], r: 759800932, e: -2640, error: 25
#ERR  p: [2021, 1688], r: 759800922, e: -2637, error: 26
#ERR  p: [2021, 1689], r: 759800912, e: -2626, error: 27
#ERR  p: [2021, 1690], r: 759800902, e: -2616, error: 28
#ERR  p: [2021, 1691], r: 759800892, e: -2606, error: 29
#ERR  p: [2021, 1692], r: 759800882, e: -2600, error: 30
#ERR  p: [2021, 1693], r: 759800872, e: -2595, error: 31
#ERR  p: [2021, 1694], r: 759800862, e: -2595, error: 32
#ERR  p: [2021, 1695], r: 759800852, e: -2584, error: 33
#ERR  p: [2021, 1696], r: 759800842, e: -2576, error: 34
#ERR  p: [2021, 1697], r: 759800832, e: -2573, error: 35
#ERR  p: [2021, 1698], r: 759800822, e: -2563, error: 36
#ERR  p: [2021, 1699], r: 759800812, e: -2555, error: 37
#ERR  p: [2021, 1700], r: 759800802, e: -2558, error: 38
#ERR  p: [2021, 1701], r: 759800792, e: -2554, error: 39
#ERR  p: [2021, 1702], r: 759800782, e: -2545, error: 40
#ERR  p: [2021, 1703], r: 759800772, e: -2535, error: 41
#ERR  p: [2021, 1704], r: 759800762, e: -2543, error: 42
#ERR  p: [2021, 1705], r: 759800752, e: -2535, error: 43
#ERR  p: [2021, 1706], r: 759800742, e: -2527, error: 44
#ERR  p: [2021, 1707], r: 759800732, e: -2524, error: 45
#ERR  p: [2021, 1708], r: 759800722, e: -2511, error: 46
#ERR  p: [2021, 1709], r: 759800712, e: -2505, error: 47
#ERR  p: [2021, 1710], r: 759800702, e: -2496, error: 48
#ERR  p: [2021, 1711], r: 759800692, e: -2487, error: 49
#ERR  p: [2021, 1712], r: 759800682, e: -2479, error: 50
#ERR  p: [2021, 1713], r: 759800672, e: -2481, error: 51
#ERR  p: [2021, 1714], r: 759800662, e: -2476, error: 52
#ERR  p: [2021, 1715], r: 759800652, e: -2463, error: 53
#ERR  p: [2021, 1716], r: 759800642, e: -2451, error: 54
#ERR  p: [2021, 1717], r: 759800632, e: -2441, error: 55
#ERR  p: [2021, 1718], r: 759800622, e: -2436, error: 56
#ERR  p: [2021, 1719], r: 759800612, e: -2433, error: 57
#ERR  p: [2021, 1720], r: 759800602, e: -2425, error: 58
#ERR  p: [2021, 1721], r: 759800592, e: -2413, error: 59
#ERR  p: [2021, 1722], r: 759800582, e: -2400, error: 60
#ERR  p: [2021, 1723], r: 759800572, e: -2392, error: 61
#ERR  p: [2021, 1724], r: 759800562, e: -2393, error: 62
#ERR  p: [2021, 1725], r: 759800552, e: -2385, error: 63
#ERR  p: [2021, 1726], r: 759800542, e: -2377, error: 64
#ERR  p: [2021, 1727], r: 759800532, e: -2377, error: 65
#ERR  p: [2021, 1728], r: 759800522, e: -2384, error: 66
#ERR  p: [2021, 1729], r: 759800512, e: -2380, error: 67
#ERR  p: [2021, 1730], r: 759800502, e: -2363, error: 68
#ERR  p: [2021, 1731], r: 759800492, e: -2353, error: 69
#ERR  p: [2021, 1732], r: 759800482, e: -2349, error: 70
#ERR  p: [2021, 1733], r: 759800472, e: -2340, error: 71
#ERR  p: [2021, 1734], r: 759800462, e: -2334, error: 72
#ERR  p: [2021, 1735], r: 759800452, e: -2326, error: 73
#ERR  p: [2021, 1736], r: 759800442, e: -2316, error: 74
#ERR  p: [2021, 1737], r: 759800432, e: -2310, error: 75
#ERR  p: [2021, 1738], r: 759800422, e: -2313, error: 76
#ERR  p: [2021, 1739], r: 759800412, e: -2312, error: 77
#ERR  p: [2021, 1740], r: 759800402, e: -2312, error: 78
#ERR  p: [2021, 1741], r: 759800392, e: -2307, error: 79
#ERR  p: [2021, 1742], r: 759800382, e: -2302, error: 80
#ERR  p: [2021, 1743], r: 759800372, e: -2300, error: 81
#ERR  p: [2021, 1744], r: 759800362, e: -2299, error: 82
#ERR  p: [2021, 1745], r: 759800352, e: -2309, error: 83
#ERR  p: [2021, 1746], r: 759800342, e: -2314, error: 84
#ERR  p: [2021, 1747], r: 759800332, e: -2306, error: 85
#ERR  p: [2021, 1748], r: 759800322, e: -2301, error: 86
#ERR  p: [2021, 1749], r: 759800312, e: -2292, error: 87
#ERR  p: [2021, 1750], r: 759800302, e: -2278, error: 88
#ERR  p: [2021, 1751], r: 759800292, e: -2284, error: 89
#ERR  p: [2021, 1752], r: 759800282, e: -2274, error: 90
#ERR  p: [2021, 1753], r: 759800272, e: -2281, error: 91
#ERR  p: [2021, 1754], r: 759800262, e: -2279, error: 92
#ERR  p: [2021, 1755], r: 759800252, e: -2269, error: 93
#ERR  p: [2021, 1756], r: 759800242, e: -2262, error: 94
#ERR  p: [2021, 1757], r: 759800232, e: -2260, error: 95
#ERR  p: [2021, 1758], r: 759800222, e: -2254, error: 96
#ERR  p: [2021, 1759], r: 759800212, e: -2246, error: 97
#ERR  p: [2021, 1760], r: 759800202, e: -2240, error: 98
#ERR  p: [2021, 1761], r: 759800192, e: -2231, error: 99
#ERR  p: [2021, 1762], r: 759800182, e: -2215, error: 100
#ERR  p: [2021, 1763], r: 759800172, e: -2214, error: 101
#ERR  p: [2021, 1764], r: 759800162, e: -2206, error: 102
#ERR  p: [2021, 1765], r: 759800152, e: -2199, error: 103
#ERR  p: [2021, 1766], r: 759800142, e: -2193, error: 104
#ERR  p: [2021, 1767], r: 759800132, e: -2187, error: 105
#ERR  p: [2021, 1768], r: 759800122, e: -2197, error: 106
#ERR  p: [2021, 1769], r: 759800112, e: -2200, error: 107
#ERR  p: [2021, 1770], r: 759800102, e: -2205, error: 108
#ERR  p: [2021, 1771], r: 759800092, e: -2206, error: 109
#ERR  p: [2021, 1772], r: 759800082, e: -2195, error: 110
#ERR  p: [2021, 1773], r: 759800072, e: -2188, error: 111
#ERR  p: [2021, 1774], r: 759800062, e: -2180, error: 112
#ERR  p: [2021, 1775], r: 759800052, e: -2181, error: 113
#ERR  p: [2021, 1776], r: 759800042, e: -2182, error: 114
#ERR  p: [2021, 1777], r: 759800032, e: -2173, error: 115
#ERR  p: [2021, 1778], r: 759800022, e: -2166, error: 116
#ERR  p: [2021, 1779], r: 759800012, e: -2169, error: 117
#ERR  p: [2021, 1780], r: 759800002, e: -2167, error: 118
#ERR  p: [2021, 1781], r: 759799992, e: -2166, error: 119
#ERR  p: [2021, 1782], r: 759799982, e: -2154, error: 120
#ERR  p: [2021, 1783], r: 759799972, e: -2147, error: 121
#ERR  p: [2021, 1784], r: 759799962, e: -2140, error: 122
#ERR  p: [2021, 1785], r: 759799952, e: -2124, error: 123
#ERR  p: [2021, 1786], r: 759799942, e: -2132, error: 124
#ERR  p: [2021, 1787], r: 759799932, e: -2125, error: 125
#ERR  p: [2021, 1788], r: 759799922, e: -2117, error: 126
#ERR  p: [2021, 1789], r: 759799912, e: -2123, error: 127
#ERR  p: [2021, 1790], r: 759799902, e: -2121, error: 128
#ERR  p: [2021, 1791], r: 759799892, e: -2122, error: 129
#ERR  p: [2021, 1792], r: 759799882, e: -2119, error: 130
#ERR  p: [2021, 1793], r: 759799872, e: -2113, error: 131
#ERR  p: [2021, 1794], r: 759799862, e: -2109, error: 132
#ERR  p: [2021, 1795], r: 759799852, e: -2099, error: 133
#ERR  p: [2021, 1796], r: 759799842, e: -2089, error: 134
#ERR  p: [2021, 1797], r: 759799832, e: -2073, error: 135
#ERR  p: [2021, 1798], r: 759799822, e: -2074, error: 136
#ERR  p: [2021, 1799], r: 759799812, e: -2074, error: 137
#ERR  p: [2021, 1800], r: 759799802, e: -2057, error: 138
#ERR  p: [2021, 1801], r: 759799792, e: -2049, error: 139
#ERR  p: [2021, 1802], r: 759799782, e: -2042, error: 140
#ERR  p: [2021, 1803], r: 759799772, e: -2052, error: 141
#ERR  p: [2021, 1804], r: 759799762, e: -2053, error: 142
#ERR  p: [2021, 1805], r: 759799752, e: -2047, error: 143
#ERR  p: [2021, 1806], r: 759799742, e: -2035, error: 144
#ERR  p: [2021, 1807], r: 759799732, e: -2028, error: 145
#ERR  p: [2021, 1808], r: 759799722, e: -2027, error: 146
#ERR  p: [2021, 1809], r: 759799712, e: -2037, error: 147
#ERR  p: [2021, 1810], r: 759799702, e: -2037, error: 148
#ERR  p: [2021, 1811], r: 759799692, e: -2031, error: 149
#ERR  p: [2021, 1812], r: 759799682, e: -2023, error: 150
#ERR  p: [2021, 1813], r: 759799672, e: -2023, error: 151
#ERR  p: [2021, 1814], r: 759799662, e: -2016, error: 152
#ERR  p: [2021, 1815], r: 759799652, e: -2010, error: 153
#ERR  p: [2021, 1816], r: 759799642, e: -2000, error: 154
#ERR  p: [2021, 1817], r: 759799632, e: -1997, error: 155
#ERR  p: [2021, 1818], r: 759799622, e: -1987, error: 156
#ERR  p: [2021, 1819], r: 759799612, e: -1983, error: 157
#ERR  p: [2021, 1820], r: 759799602, e: -1991, error: 158
#ERR  p: [2021, 1821], r: 759799592, e: -1987, error: 159
#ERR  p: [2021, 1822], r: 759799582, e: -1978, error: 160
#ERR  p: [2021, 1823], r: 759799572, e: -1975, error: 161
#ERR  p: [2021, 1824], r: 759799562, e: -1970, error: 162
#ERR  p: [2021, 1825], r: 759799552, e: -1953, error: 163
#ERR  p: [2021, 1826], r: 759799542, e: -1946, error: 164
#ERR  p: [2021, 1827], r: 759799532, e: -1944, error: 165
#ERR  p: [2021, 1828], r: 759799522, e: -1946, error: 166
#ERR  p: [2021, 1829], r: 759799512, e: -1945, error: 167
#ERR  p: [2021, 1830], r: 759799502, e: -1952, error: 168
#ERR  p: [2021, 1831], r: 759799492, e: -1954, error: 169
#ERR  p: [2021, 1832], r: 759799482, e: -1947, error: 170
#ERR  p: [2021, 1833], r: 759799472, e: -1952, error: 171
#ERR  p: [2021, 1834], r: 759799462, e: -1947, error: 172
#ERR  p: [2021, 1835], r: 759799452, e: -1937, error: 173
#ERR  p: [2021, 1836], r: 759799442, e: -1929, error: 174
#ERR  p: [2021, 1837], r: 759799432, e: -1924, error: 175
#ERR  p: [2021, 1838], r: 759799422, e: -1914, error: 176
#ERR  p: [2021, 1839], r: 759799412, e: -1904, error: 177
#ERR  p: [2021, 1840], r: 759799402, e: -1894, error: 178
#ERR  p: [2021, 1841], r: 759799392, e: -1884, error: 179
#ERR  p: [2021, 1842], r: 759799382, e: -1875, error: 180
#ERR  p: [2021, 1843], r: 759799372, e: -1863, error: 181
#ERR  p: [2021, 1844], r: 759799362, e: -1857, error: 182
#ERR  p: [2021, 1845], r: 759799352, e: -1848, error: 183
#ERR  p: [2021, 1846], r: 759799342, e: -1840, error: 184
#ERR  p: [2021, 1847], r: 759799332, e: -1830, error: 185
#ERR  p: [2021, 1848], r: 759799322, e: -1840, error: 186
#ERR  p: [2021, 1849], r: 759799312, e: -1838, error: 187
#ERR  p: [2021, 1850], r: 759799302, e: -1845, error: 188
#ERR  p: [2021, 1851], r: 759799292, e: -1855, error: 189
#ERR  p: [2021, 1852], r: 759799282, e: -1850, error: 190
#ERR  p: [2021, 1853], r: 759799272, e: -1842, error: 191
#ERR  p: [2021, 1854], r: 759799262, e: -1851, error: 192
#ERR  p: [2021, 1855], r: 759799252, e: -1857, error: 193
#ERR  p: [2021, 1856], r: 759799242, e: -1847, error: 194
#ERR  p: [2021, 1857], r: 759799232, e: -1830, error: 195
#ERR  p: [2021, 1858], r: 759799222, e: -1822, error: 196
#ERR  p: [2021, 1859], r: 759799212, e: -1814, error: 197
#ERR  p: [2021, 1860], r: 759799202, e: -1804, error: 198
#ERR  p: [2021, 1861], r: 759799192, e: -1795, error: 199
#ERR  p: [2021, 1862], r: 759799182, e: -1789, error: 200
#ERR  p: [2021, 1863], r: 759799172, e: -1782, error: 201
#ERR  p: [2021, 1864], r: 759799162, e: -1782, error: 202
#ERR  p: [2021, 1865], r: 759799152, e: -1790, error: 203
#ERR  p: [2021, 1866], r: 759799142, e: -1792, error: 204
#ERR  p: [2021, 1867], r: 759799132, e: -1789, error: 205
#ERR  p: [2021, 1868], r: 759799122, e: -1782, error: 206
#ERR  p: [2021, 1869], r: 759799112, e: -1777, error: 207
#ERR  p: [2021, 1870], r: 759799102, e: -1772, error: 208
#ERR  p: [2021, 1871], r: 759799092, e: -1770, error: 209
#ERR  p: [2021, 1872], r: 759799082, e: -1768, error: 210
#ERR  p: [2021, 1873], r: 759799072, e: -1758, error: 211
#ERR  p: [2021, 1874], r: 759799062, e: -1753, error: 212
#ERR  p: [2021, 1875], r: 759799052, e: -1744, error: 213
#ERR  p: [2021, 1876], r: 759799042, e: -1735, error: 214
#ERR  p: [2021, 1877], r: 759799032, e: -1745, error: 215
#ERR  p: [2021, 1878], r: 759799022, e: -1739, error: 216
#ERR  p: [2021, 1879], r: 759799012, e: -1741, error: 217
#ERR  p: [2021, 1880], r: 759799002, e: -1733, error: 218
#ERR  p: [2021, 1881], r: 759798992, e: -1730, error: 219
#ERR  p: [2021, 1882], r: 759798982, e: -1728, error: 220
#ERR  p: [2021, 1883], r: 759798972, e: -1734, error: 221
#ERR  p: [2021, 1884], r: 759798962, e: -1728, error: 222
#ERR  p: [2021, 1885], r: 759798952, e: -1737, error: 223
#ERR  p: [2021, 1886], r: 759798942, e: -1733, error: 224
#ERR  p: [2021, 1887], r: 759798932, e: -1731, error: 225
#ERR  p: [2021, 1888], r: 759798922, e: -1729, error: 226
#ERR  p: [2021, 1889], r: 759798912, e: -1723, error: 227
#ERR  p: [2021, 1890], r: 759798902, e: -1719, error: 228
#ERR  p: [2021, 1891], r: 759798892, e: -1713, error: 229
#ERR  p: [2021, 1892], r: 759798882, e: -1707, error: 230
#ERR  p: [2021, 1893], r: 759798872, e: -1704, error: 231
#ERR  p: [2021, 1894], r: 759798862, e: -1698, error: 232
#ERR  p: [2021, 1895], r: 759798852, e: -1689, error: 233
#ERR  p: [2021, 1896], r: 759798842, e: -1689, error: 234
#ERR  p: [2021, 1897], r: 759798832, e: -1679, error: 235
#ERR  p: [2021, 1898], r: 759798822, e: -1674, error: 236
#ERR  p: [2021, 1899], r: 759798812, e: -1684, error: 237
#ERR  p: [2021, 1900], r: 759798802, e: -1681, error: 238
#ERR  p: [2021, 1901], r: 759798792, e: -1691, error: 239
#ERR  p: [2021, 1902], r: 759798782, e: -1701, error: 240
#ERR  p: [2021, 1903], r: 759798772, e: -1699, error: 241
#ERR  p: [2021, 1904], r: 759798762, e: -1690, error: 242
#ERR  p: [2021, 1905], r: 759798752, e: -1683, error: 243
#ERR  p: [2021, 1906], r: 759798742, e: -1678, error: 244
#ERR  p: [2021, 1907], r: 759798732, e: -1670, error: 245
#ERR  p: [2021, 1908], r: 759798722, e: -1660, error: 246
#ERR  p: [2021, 1909], r: 759798712, e: -1653, error: 247
#ERR  p: [2021, 1910], r: 759798702, e: -1643, error: 248
#ERR  p: [2021, 1911], r: 759798692, e: -1646, error: 249
#ERR  p: [2021, 1912], r: 759798682, e: -1646, error: 250
#ERR  p: [2021, 1913], r: 759798672, e: -1637, error: 251
#ERR  p: [2021, 1914], r: 759798662, e: -1629, error: 252
#ERR  p: [2021, 1915], r: 759798652, e: -1621, error: 253
#ERR  p: [2021, 1916], r: 759798642, e: -1624, error: 254
#ERR  p: [2021, 1917], r: 759798632, e: -1634, error: 255
#ERR  p: [2021, 1918], r: 759798622, e: -1635, error: 256
#ERR  p: [2021, 1919], r: 759798612, e: -1624, error: 257
#ERR  p: [2021, 1920], r: 759798602, e: -1617, error: 258
#ERR  p: [2021, 1921], r: 759798592, e: -1614, error: 259
#ERR  p: [2021, 1922], r: 759798582, e: -1618, error: 260
#ERR  p: [2021, 1923], r: 759798572, e: -1628, error: 261
#ERR  p: [2021, 1924], r: 759798562, e: -1621, error: 262
#ERR  p: [2021, 1925], r: 759798552, e: -1615, error: 263
#ERR  p: [2021, 1926], r: 759798542, e: -1621, error: 264
#ERR  p: [2021, 1927], r: 759798532, e: -1631, error: 265
#ERR  p: [2021, 1928], r: 759798522, e: -1631, error: 266
#ERR  p: [2021, 1929], r: 759798512, e: -1625, error: 267
#ERR  p: [2021, 1930], r: 759798502, e: -1617, error: 268
#ERR  p: [2021, 1931], r: 759798492, e: -1610, error: 269
#ERR  p: [2021, 1932], r: 759798482, e: -1607, error: 270
#ERR  p: [2021, 1933], r: 759798472, e: -1608, error: 271
#ERR  p: [2021, 1934], r: 759798462, e: -1607, error: 272
#ERR  p: [2021, 1935], r: 759798452, e: -1601, error: 273
#ERR  p: [2021, 1936], r: 759798442, e: -1597, error: 274
#ERR  p: [2021, 1937], r: 759798432, e: -1589, error: 275
#ERR  p: [2021, 1938], r: 759798422, e: -1584, error: 276
#ERR  p: [2021, 1939], r: 759798412, e: -1594, error: 277
#ERR  p: [2021, 1940], r: 759798402, e: -1604, error: 278
#ERR  p: [2021, 1941], r: 759798392, e: -1603, error: 279
#ERR  p: [2021, 1942], r: 759798382, e: -1589, error: 280
#ERR  p: [2021, 1943], r: 759798372, e: -1581, error: 281
#ERR  p: [2021, 1944], r: 759798362, e: -1578, error: 282
#ERR  p: [2021, 1945], r: 759798352, e: -1575, error: 283
#ERR  p: [2021, 1946], r: 759798342, e: -1567, error: 284
#ERR  p: [2021, 1947], r: 759798332, e: -1559, error: 285
#ERR  p: [2021, 1948], r: 759798322, e: -1553, error: 286
#ERR  p: [2021, 1949], r: 759798312, e: -1560, error: 287
#ERR  p: [2021, 1950], r: 759798302, e: -1556, error: 288
#ERR  p: [2021, 1951], r: 759798292, e: -1549, error: 289
#ERR  p: [2021, 1952], r: 759798282, e: -1548, error: 290
#ERR  p: [2021, 1953], r: 759798272, e: -1537, error: 291
#ERR  p: [2021, 1954], r: 759798262, e: -1529, error: 292
#ERR  p: [2021, 1955], r: 759798252, e: -1530, error: 293
#ERR  p: [2021, 1956], r: 759798242, e: -1531, error: 294
#ERR  p: [2021, 1957], r: 759798232, e: -1532, error: 295
#ERR  p: [2021, 1958], r: 759798222, e: -1523, error: 296
#ERR  p: [2021, 1959], r: 759798212, e: -1524, error: 297
#ERR  p: [2021, 1960], r: 759798202, e: -1515, error: 298
#ERR  p: [2021, 1961], r: 759798192, e: -1499, error: 299
#ERR  p: [2021, 1962], r: 759798182, e: -1505, error: 300
#ERR  p: [2021, 1963], r: 759798172, e: -1509, error: 301
#ERR  p: [2021, 1964], r: 759798162, e: -1515, error: 302
#ERR  p: [2021, 1965], r: 759798152, e: -1512, error: 303
#ERR  p: [2021, 1966], r: 759798142, e: -1505, error: 304
#ERR  p: [2021, 1967], r: 759798132, e: -1498, error: 305
#ERR  p: [2021, 1968], r: 759798122, e: -1489, error: 306
#ERR  p: [2021, 1969], r: 759798112, e: -1481, error: 307
#ERR  p: [2021, 1970], r: 759798102, e: -1472, error: 308
#ERR  p: [2021, 1971], r: 759798092, e: -1471, error: 309
#ERR  p: [2021, 1972], r: 759798082, e: -1462, error: 310
#ERR  p: [2021, 1973], r: 759798072, e: -1455, error: 311
#ERR  p: [2021, 1974], r: 759798062, e: -1451, error: 312
#ERR  p: [2021, 1975], r: 759798052, e: -1456, error: 313
#ERR  p: [2021, 1976], r: 759798042, e: -1455, error: 314
#ERR  p: [2021, 1977], r: 759798032, e: -1449, error: 315
#ERR  p: [2021, 1978], r: 759798022, e: -1458, error: 316
#ERR  p: [2021, 1979], r: 759798012, e: -1454, error: 317
#ERR  p: [2021, 1980], r: 759798002, e: -1452, error: 318
#ERR  p: [2021, 1981], r: 759797992, e: -1447, error: 319
#ERR  p: [2021, 1982], r: 759797982, e: -1452, error: 320
#ERR  p: [2021, 1983], r: 759797972, e: -1458, error: 321
#ERR  p: [2021, 1984], r: 759797962, e: -1467, error: 322
#ERR  p: [2021, 1985], r: 759797952, e: -1474, error: 323
#ERR  p: [2021, 1986], r: 759797942, e: -1469, error: 324
#ERR  p: [2021, 1987], r: 759797932, e: -1465, error: 325
#ERR  p: [2021, 1988], r: 759797922, e: -1458, error: 326
#ERR  p: [2021, 1989], r: 759797912, e: -1451, error: 327
#ERR  p: [2021, 1990], r: 759797902, e: -1453, error: 328
#ERR  p: [2021, 1991], r: 759797892, e: -1444, error: 329
#ERR  p: [2021, 1992], r: 759797882, e: -1436, error: 330
#ERR  p: [2021, 1993], r: 759797872, e: -1439, error: 331
#ERR  p: [2021, 1994], r: 759797862, e: -1438, error: 332
#ERR  p: [2021, 1995], r: 759797852, e: -1448, error: 333
#ERR  p: [2021, 1996], r: 759797842, e: -1456, error: 334
#ERR  p: [2021, 1997], r: 759797832, e: -1455, error: 335
#ERR  p: [2021, 1998], r: 759797822, e: -1465, error: 336
#ERR  p: [2021, 1999], r: 759797812, e: -1473, error: 337
#ERR  p: [2021, 2000], r: 759797802, e: -1483, error: 338
#ERR  p: [2021, 2001], r: 759797792, e: -1490, error: 339
#ERR  p: [2021, 2002], r: 759797782, e: -1494, error: 340
#ERR  p: [2021, 2003], r: 759797772, e: -1503, error: 341
#ERR  p: [2021, 2004], r: 759797762, e: -1505, error: 342
#ERR  p: [2021, 2005], r: 759797752, e: -1510, error: 343
#ERR  p: [2021, 2006], r: 759797742, e: -1503, error: 344
#ERR  p: [2021, 2007], r: 759797732, e: -1510, error: 345
#ERR  p: [2021, 2008], r: 759797722, e: -1514, error: 346
#ERR  p: [2021, 2009], r: 759797712, e: -1505, error: 347
#ERR  p: [2021, 2010], r: 759797702, e: -1513, error: 348
#ERR  p: [2021, 2011], r: 759797692, e: -1517, error: 349
#ERR  p: [2021, 2012], r: 759797682, e: -1508, error: 350
#ERR  p: [2021, 2013], r: 759797672, e: -1518, error: 351
#ERR  p: [2021, 2014], r: 759797662, e: -1524, error: 352
#ERR  p: [2021, 2015], r: 759797652, e: -1532, error: 353
#ERR  p: [2021, 2016], r: 759797642, e: -1538, error: 354
#ERR  p: [2021, 2017], r: 759797632, e: -1548, error: 355
#ERR  p: [2021, 2018], r: 759797622, e: -1548, error: 356
#ERR  p: [2021, 2019], r: 759797612, e: -1556, error: 357
#ERR  p: [2021, 2020], r: 759797602, e: -1549, error: 358
#ERR  p: [2021, 2021], r: 759797592, e: -1547, error: 359
#ERR  p: [2021, 2022], r: 759797582, e: -1555, error: 360
#ERR  p: [2021, 2023], r: 759797572, e: -1565, error: 361
#ERR  p: [2021, 2024], r: 759797562, e: -1575, error: 362
#ERR  p: [2021, 2025], r: 759797552, e: -1581, error: 363
#ERR  p: [2021, 2026], r: 759797542, e: -1585, error: 364
#ERR  p: [2021, 2027], r: 759797532, e: -1583, error: 365
#ERR  p: [2021, 2028], r: 759797522, e: -1579, error: 366
#ERR  p: [2021, 2029], r: 759797512, e: -1571, error: 367
#ERR  p: [2021, 2030], r: 759797502, e: -1563, error: 368
#ERR  p: [2021, 2031], r: 759797492, e: -1555, error: 369
#ERR  p: [2021, 2032], r: 759797482, e: -1548, error: 370
#ERR  p: [2021, 2033], r: 759797472, e: -1552, error: 371
#ERR  p: [2021, 2034], r: 759797462, e: -1562, error: 372
#ERR  p: [2021, 2035], r: 759797452, e: -1570, error: 373
#ERR  p: [2021, 2036], r: 759797442, e: -1555, error: 374
#ERR  p: [2021, 2037], r: 759797432, e: -1564, error: 375
#ERR  p: [2021, 2038], r: 759797422, e: -1554, error: 376
#ERR  p: [2021, 2039], r: 759797412, e: -1563, error: 377
#ERR  p: [2021, 2040], r: 759797402, e: -1571, error: 378
#ERR  p: [2021, 2041], r: 759797392, e: -1567, error: 379
#ERR  p: [2021, 2042], r: 759797382, e: -1563, error: 380
#ERR  p: [2021, 2043], r: 759797372, e: -1554, error: 381
#ERR  p: [2021, 2044], r: 759797362, e: -1556, error: 382
#ERR  p: [2021, 2045], r: 759797352, e: -1548, error: 383
#ERR  p: [2021, 2046], r: 759797342, e: -1550, error: 384
#ERR  p: [2021, 2047], r: 759797332, e: -1560, error: 385
#ERR  p: [2021, 2048], r: 759797322, e: -1570, error: 386
#ERR  p: [2022, 1663], r: 759801162, e: -2799, error: 387
#ERR  p: [2022, 1664], r: 759801172, e: -2796, error: 388
#ERR  p: [2022, 1665], r: 759801162, e: -2795, error: 389
#ERR  p: [2022, 1666], r: 759801152, e: -2800, error: 390
#ERR  p: [2022, 1667], r: 759801142, e: -2792, error: 391
#ERR  p: [2022, 1668], r: 759801132, e: -2783, error: 392
#ERR  p: [2022, 1669], r: 759801122, e: -2776, error: 393
#ERR  p: [2022, 1670], r: 759801112, e: -2780, error: 394
#ERR  p: [2022, 1671], r: 759801102, e: -2772, error: 395
#ERR  p: [2022, 1672], r: 759801092, e: -2764, error: 396
#ERR  p: [2022, 1673], r: 759801082, e: -2754, error: 397
#ERR  p: [2022, 1674], r: 759801072, e: -2748, error: 398
#ERR  p: [2022, 1675], r: 759801063, e: -2741, error: 399
#ERR  p: [2022, 1676], r: 759801053, e: -2733, error: 400
#ERR  p: [2022, 1677], r: 759801043, e: -2724, error: 401
#ERR  p: [2022, 1678], r: 759801033, e: -2716, error: 402
#ERR  p: [2022, 1679], r: 759801023, e: -2711, error: 403
#ERR  p: [2022, 1680], r: 759801013, e: -2706, error: 404
#ERR  p: [2022, 1681], r: 759801003, e: -2703, error: 405
#ERR  p: [2022, 1682], r: 759800993, e: -2693, error: 406
#ERR  p: [2022, 1683], r: 759800983, e: -2683, error: 407
#ERR  p: [2022, 1684], r: 759800973, e: -2680, error: 408
#ERR  p: [2022, 1685], r: 759800963, e: -2671, error: 409
#ERR  p: [2022, 1686], r: 759800953, e: -2666, error: 410
#ERR  p: [2022, 1687], r: 759800943, e: -2650, error: 411
#ERR  p: [2022, 1688], r: 759800933, e: -2641, error: 412
#ERR  p: [2022, 1689], r: 759800923, e: -2636, error: 413
#ERR  p: [2022, 1690], r: 759800913, e: -2626, error: 414
#ERR  p: [2022, 1691], r: 759800906, e: -2612, error: 415
#ERR  p: [2022, 1692], r: 759800896, e: -2606, error: 416
#ERR  p: [2022, 1693], r: 759800886, e: -2596, error: 417
#ERR  p: [2022, 1694], r: 759800876, e: -2596, error: 418
#ERR  p: [2022, 1695], r: 759800866, e: -2594, error: 419
#ERR  p: [2022, 1696], r: 759800856, e: -2584, error: 420
#ERR  p: [2022, 1697], r: 759800846, e: -2576, error: 421
#ERR  p: [2022, 1698], r: 759800836, e: -2573, error: 422
#ERR  p: [2022, 1699], r: 759800826, e: -2564, error: 423
#ERR  p: [2022, 1700], r: 759800816, e: -2555, error: 424
#ERR  p: [2022, 1701], r: 759800806, e: -2557, error: 425
#ERR  p: [2022, 1702], r: 759800796, e: -2555, error: 426
#ERR  p: [2022, 1703], r: 759800786, e: -2541, error: 427
#ERR  p: [2022, 1704], r: 759800776, e: -2538, error: 428
#ERR  p: [2022, 1705], r: 759800766, e: -2545, error: 429
#ERR  p: [2022, 1706], r: 759800756, e: -2535, error: 430
#ERR  p: [2022, 1707], r: 759800746, e: -2526, error: 431
#ERR  p: [2022, 1708], r: 759800736, e: -2521, error: 432
#ERR  p: [2022, 1709], r: 759800726, e: -2515, error: 433
#ERR  p: [2022, 1710], r: 759800716, e: -2506, error: 434
#ERR  p: [2022, 1711], r: 759800706, e: -2497, error: 435
#ERR  p: [2022, 1712], r: 759800696, e: -2488, error: 436
#ERR  p: [2022, 1713], r: 759800686, e: -2483, error: 437
#ERR  p: [2022, 1714], r: 759800676, e: -2483, error: 438
#ERR  p: [2022, 1715], r: 759800666, e: -2473, error: 439
#ERR  p: [2022, 1716], r: 759800656, e: -2461, error: 440
#ERR  p: [2022, 1717], r: 759800646, e: -2450, error: 441
#ERR  p: [2022, 1718], r: 759800636, e: -2444, error: 442
#ERR  p: [2022, 1719], r: 759800626, e: -2436, error: 443
#ERR  p: [2022, 1720], r: 759800616, e: -2435, error: 444
#ERR  p: [2022, 1721], r: 759800606, e: -2423, error: 445
#ERR  p: [2022, 1722], r: 759800596, e: -2410, error: 446
#ERR  p: [2022, 1723], r: 759800586, e: -2401, error: 447
#ERR  p: [2022, 1724], r: 759800576, e: -2394, error: 448
#ERR  p: [2022, 1725], r: 759800566, e: -2395, error: 449
#ERR  p: [2022, 1726], r: 759800556, e: -2385, error: 450
#ERR  p: [2022, 1727], r: 759800546, e: -2377, error: 451
#ERR  p: [2022, 1728], r: 759800536, e: -2377, error: 452
#ERR  p: [2022, 1729], r: 759800526, e: -2383, error: 453
#ERR  p: [2022, 1730], r: 759800516, e: -2373, error: 454
#ERR  p: [2022, 1731], r: 759800506, e: -2362, error: 455
#ERR  p: [2022, 1732], r: 759800496, e: -2354, error: 456
#ERR  p: [2022, 1733], r: 759800486, e: -2350, error: 457
#ERR  p: [2022, 1734], r: 759800476, e: -2342, error: 458
#ERR  p: [2022, 1735], r: 759800466, e: -2336, error: 459
#ERR  p: [2022, 1736], r: 759800456, e: -2325, error: 460
#ERR  p: [2022, 1737], r: 759800446, e: -2316, error: 461
#ERR  p: [2022, 1738], r: 759800436, e: -2312, error: 462
#ERR  p: [2022, 1739], r: 759800426, e: -2313, error: 463
#ERR  p: [2022, 1740], r: 759800416, e: -2312, error: 464
#ERR  p: [2022, 1741], r: 759800406, e: -2312, error: 465
#ERR  p: [2022, 1742], r: 759800396, e: -2308, error: 466
#ERR  p: [2022, 1743], r: 759800386, e: -2304, error: 467
#ERR  p: [2022, 1744], r: 759800376, e: -2300, error: 468
#ERR  p: [2022, 1745], r: 759800366, e: -2303, error: 469
#ERR  p: [2022, 1746], r: 759800356, e: -2309, error: 470
#ERR  p: [2022, 1747], r: 759800346, e: -2314, error: 471
#ERR  p: [2022, 1748], r: 759800336, e: -2307, error: 472
#ERR  p: [2022, 1749], r: 759800326, e: -2301, error: 473
#ERR  p: [2022, 1750], r: 759800316, e: -2288, error: 474
#ERR  p: [2022, 1751], r: 759800306, e: -2279, error: 475
#ERR  p: [2022, 1752], r: 759800296, e: -2283, error: 476
#ERR  p: [2022, 1753], r: 759800286, e: -2275, error: 477
#ERR  p: [2022, 1754], r: 759800276, e: -2284, error: 478
#ERR  p: [2022, 1755], r: 759800266, e: -2278, error: 479
#ERR  p: [2022, 1756], r: 759800256, e: -2268, error: 480
#ERR  p: [2022, 1757], r: 759800246, e: -2262, error: 481
#ERR  p: [2022, 1758], r: 759800236, e: -2259, error: 482
#ERR  p: [2022, 1759], r: 759800226, e: -2253, error: 483
#ERR  p: [2022, 1760], r: 759800216, e: -2248, error: 484
#ERR  p: [2022, 1761], r: 759800206, e: -2241, error: 485
#ERR  p: [2022, 1762], r: 759800196, e: -2225, error: 486
#ERR  p: [2022, 1763], r: 759800186, e: -2217, error: 487
#ERR  p: [2022, 1764], r: 759800176, e: -2215, error: 488
#ERR  p: [2022, 1765], r: 759800166, e: -2208, error: 489
#ERR  p: [2022, 1766], r: 759800156, e: -2199, error: 490
#ERR  p: [2022, 1767], r: 759800146, e: -2194, error: 491
#ERR  p: [2022, 1768], r: 759800136, e: -2190, error: 492
#ERR  p: [2022, 1769], r: 759800126, e: -2198, error: 493
#ERR  p: [2022, 1770], r: 759800116, e: -2201, error: 494
#ERR  p: [2022, 1771], r: 759800106, e: -2205, error: 495
#ERR  p: [2022, 1772], r: 759800096, e: -2205, error: 496
#ERR  p: [2022, 1773], r: 759800086, e: -2196, error: 497
#ERR  p: [2022, 1774], r: 759800076, e: -2187, error: 498
#ERR  p: [2022, 1775], r: 759800066, e: -2179, error: 499
#SDC Ite:0 KerTime:0.294994 AccTime:0.294994 KerErr:500 AccErr:500
#END