#HEADER max_rows:2048 max_cols:2048 penalty:10
#BEGIN Y:2016 M:09 D:12 Time:15:48:28
#IT Ite:0 KerTime:0.295103 AccTime:0.295103
#ERR Error detected! kerrors = 349008
#ERR  p: [1872, 65], r: 204703572, e: -17716, error: 1
#ERR  p: [1872, 66], r: 204703562, e: -17702, error: 2
#ERR  p: [1872, 67], r: 204703552, e: -17688, error: 3
#ERR  p: [1872, 68], r: 204703542, e: -17672, error: 4
#ERR  p: [1872, 69], r: 204703532, e: -17658, error: 5
#ERR  p: [1872, 70], r: 204703522, e: -17642, error: 6
#ERR  p: [1872, 71], r: 204703512, e: -17626, error: 7
#ERR  p: [1872, 72], r: 204703502, e: -17612, error: 8
#ERR  p: [1872, 73], r: 204703492, e: -17595, error: 9
#ERR  p: [1872, 74], r: 204703482, e: -17581, error: 10
#ERR  p: [1872, 75], r: 204703472, e: -17566, error: 11
#ERR  p: [1872, 76], r: 204703462, e: -17545, error: 12
#ERR  p: [1872, 77], r: 204703452, e: -17534, error: 13
#ERR  p: [1872, 78], r: 204703442, e: -17518, error: 14
#ERR  p: [1872, 79], r: 204703432, e: -17504, error: 15
#ERR  p: [1872, 80], r: 204703422, e: -17488, error: 16
#ERR  p: [1872, 81], r: 204703412, e: -17474, error: 17
#ERR  p: [1872, 82], r: 204703402, e: -17463, error: 18
#ERR  p: [1872, 83], r: 204703392, e: -17449, error: 19
#ERR  p: [1872, 84], r: 204703382, e: -17435, error: 20
#ERR  p: [1872, 85], r: 204703372, e: -17418, error: 21
#ERR  p: [1872, 86], r: 204703362, e: -17397, error: 22
#ERR  p: [1872, 87], r: 204703352, e: -17383, error: 23
#ERR  p: [1872, 88], r: 204703342, e: -17369, error: 24
#ERR  p: [1872, 89], r: 204703332, e: -17355, error: 25
#ERR  p: [1872, 90], r: 204703322, e: -17340, error: 26
#ERR  p: [1872, 91], r: 204703312, e: -17326, error: 27
#ERR  p: [1872, 92], r: 204703302, e: -17313, error: 28
#ERR  p: [1872, 93], r: 204703292, e: -17299, error: 29
#ERR  p: [1872, 94], r: 204703282, e: -17285, error: 30
#ERR  p: [1872, 95], r: 204703272, e: -17271, error: 31
#ERR  p: [1872, 96], r: 204703262, e: -17261, error: 32
#ERR  p: [1872, 97], r: 204703252, e: -17246, error: 33
#ERR  p: [1872, 98], r: 204703242, e: -17232, error: 34
#ERR  p: [1872, 99], r: 204703232, e: -17217, error: 35
#ERR  p: [1872, 100], r: 204703222, e: -17203, error: 36
#ERR  p: [1872, 101], r: 204703212, e: -17189, error: 37
#ERR  p: [1872, 102], r: 204703202, e: -17175, error: 38
#ERR  p: [1872, 103], r: 204703192, e: -17160, error: 39
#ERR  p: [1872, 104], r: 204703182, e: -17145, error: 40
#ERR  p: [1872, 105], r: 204703172, e: -17128, error: 41
#ERR  p: [1872, 106], r: 204703162, e: -17118, error: 42
#ERR  p: [1872, 107], r: 204703152, e: -17104, error: 43
#ERR  p: [1872, 108], r: 204703142, e: -17098, error: 44
#ERR  p: [1872, 109], r: 204703132, e: -17084, error: 45
#ERR  p: [1872, 110], r: 204703122, e: -17065, error: 46
#ERR  p: [1872, 111], r: 204703112, e: -17047, error: 47
#ERR  p: [1872, 112], r: 204703102, e: -17031, error: 48
#ERR  p: [1872, 113], r: 204703092, e: -17017, error: 49
#ERR  p: [1872, 114], r: 204703082, e: -17002, error: 50
#ERR  p: [1872, 115], r: 204703072, e: -16985, error: 51
#ERR  p: [1872, 116], r: 204703062, e: -16970, error: 52
#ERR  p: [1872, 117], r: 204703052, e: -16949, error: 53
#ERR  p: [1872, 118], r: 204703042, e: -16933, error: 54
#ERR  p: [1872, 119], r: 204703032, e: -16917, error: 55
#ERR  p: [1872, 120], r: 204703022, e: -16901, error: 56
#ERR  p: [1872, 121], r: 204703012, e: -16886, error: 57
#ERR  p: [1872, 122], r: 204703002, e: -16872, error: 58
#ERR  p: [1872, 123], r: 204702992, e: -16858, error: 59
#ERR  p: [1872, 124], r: 204702982, e: -16842, error: 60
#ERR  p: [1872, 125], r: 204702972, e: -16829, error: 61
#ERR  p: [1872, 126], r: 204702962, e: -16813, error: 62
#ERR  p: [1872, 127], r: 204702952, e: -16799, error: 63
#ERR  p: [1872, 128], r: 204702942, e: -16785, error: 64
#ERR  p: [1872, 129], r: 204702932, e: -16772, error: 65
#ERR  p: [1872, 130], r: 204702922, e: -16756, error: 66
#ERR  p: [1872, 131], r: 204702912, e: -16739, error: 67
#ERR  p: [1872, 132], r: 204702902, e: -16723, error: 68
#ERR  p: [1872, 133], r: 204702892, e: -16708, error: 69
#ERR  p: [1872, 134], r: 204702882, e: -16697, error: 70
#ERR  p: [1872, 135], r: 204702872, e: -16686, error: 71
#ERR  p: [1872, 136], r: 204702862, e: -16672, error: 72
#ERR  p: [1872, 137], r: 204702852, e: -16658, error: 73
#ERR  p: [1872, 138], r: 204702842, e: -16647, error: 74
#ERR  p: [1872, 139], r: 204702832, e: -16633, error: 75
#ERR  p: [1872, 140], r: 204702822, e: -16619, error: 76
#ERR  p: [1872, 141], r: 204702812, e: -16607, error: 77
#ERR  p: [1872, 142], r: 204702802, e: -16595, error: 78
#ERR  p: [1872, 143], r: 204702792, e: -16581, error: 79
#ERR  p: [1872, 144], r: 204702782, e: -16565, error: 80
#ERR  p: [1872, 145], r: 204702772, e: -16558, error: 81
#ERR  p: [1872, 146], r: 204702762, e: -16542, error: 82
#ERR  p: [1872, 147], r: 204702752, e: -16527, error: 83
#ERR  p: [1872, 148], r: 204702742, e: -16513, error: 84
#ERR  p: [1872, 149], r: 204702732, e: -16502, error: 85
#ERR  p: [1872, 150], r: 204702722, e: -16486, error: 86
#ERR  p: [1872, 151], r: 204702712, e: -16472, error: 87
#ERR  p: [1872, 152], r: 204702702, e: -16462, error: 88
#ERR  p: [1872, 153], r: 204702692, e: -16451, error: 89
#ERR  p: [1872, 154], r: 204702682, e: -16437, error: 90
#ERR  p: [1872, 155], r: 204702672, e: -16423, error: 91
#ERR  p: [1872, 156], r: 204702662, e: -16410, error: 92
#ERR  p: [1872, 157], r: 204702652, e: -16393, error: 93
#ERR  p: [1872, 158], r: 204702642, e: -16378, error: 94
#ERR  p: [1872, 159], r: 204702632, e: -16364, error: 95
#ERR  p: [1872, 160], r: 204702622, e: -16353, error: 96
#ERR  p: [1872, 161], r: 204702612, e: -16332, error: 97
#ERR  p: [1872, 162], r: 204702602, e: -16318, error: 98
#ERR  p: [1872, 163], r: 204702592, e: -16308, error: 99
#ERR  p: [1872, 164], r: 204702582, e: -16294, error: 100
#ERR  p: [1872, 165], r: 204702572, e: -16278, error: 101
#ERR  p: [1872, 166], r: 204702562, e: -16264, error: 102
#ERR  p: [1872, 167], r: 204702552, e: -16248, error: 103
#ERR  p: [1872, 168], r: 204702542, e: -16234, error: 104
#ERR  p: [1872, 169], r: 204702532, e: -16220, error: 105
#ERR  p: [1872, 170], r: 204702522, e: -16209, error: 106
#ERR  p: [1872, 171], r: 204702512, e: -16195, error: 107
#ERR  p: [1872, 172], r: 204702502, e: -16180, error: 108
#ERR  p: [1872, 173], r: 204702492, e: -16159, error: 109
#ERR  p: [1872, 174], r: 204702482, e: -16146, error: 110
#ERR  p: [1872, 175], r: 204702472, e: -16132, error: 111
#ERR  p: [1872, 176], r: 204702462, e: -16120, error: 112
#ERR  p: [1872, 177], r: 204702452, e: -16104, error: 113
#ERR  p: [1872, 178], r: 204702442, e: -16090, error: 114
#ERR  p: [1872, 179], r: 204702432, e: -16077, error: 115
#ERR  p: [1872, 180], r: 204702422, e: -16067, error: 116
#ERR  p: [1872, 181], r: 204702412, e: -16054, error: 117
#ERR  p: [1872, 182], r: 204702402, e: -16040, error: 118
#ERR  p: [1872, 183], r: 204702392, e: -16026, error: 119
#ERR  p: [1872, 184], r: 204702382, e: -16014, error: 120
#ERR  p: [1872, 185], r: 204702372, e: -15998, error: 121
#ERR  p: [1872, 186], r: 204702362, e: -15985, error: 122
#ERR  p: [1872, 187], r: 204702352, e: -15971, error: 123
#ERR  p: [1872, 188], r: 204702342, e: -15957, error: 124
#ERR  p: [1872, 189], r: 204702332, e: -15941, error: 125
#ERR  p: [1872, 190], r: 204702322, e: -15927, error: 126
#ERR  p: [1872, 191], r: 204702312, e: -15915, error: 127
#ERR  p: [1872, 192], r: 204702302, e: -15901, error: 128
#ERR  p: [1872, 193], r: 204702292, e: -15887, error: 129
#ERR  p: [1872, 194], r: 204702282, e: -15872, error: 130
#ERR  p: [1872, 195], r: 204702272, e: -15858, error: 131
#ERR  p: [1872, 196], r: 204702262, e: -15844, error: 132
#ERR  p: [1872, 197], r: 204702252, e: -15833, error: 133
#ERR  p: [1872, 198], r: 204702242, e: -15820, error: 134
#ERR  p: [1872, 199], r: 204702232, e: -15808, error: 135
#ERR  p: [1872, 200], r: 204702222, e: -15794, error: 136
#ERR  p: [1872, 201], r: 204702212, e: -15778, error: 137
#ERR  p: [1872, 202], r: 204702202, e: -15764, error: 138
#ERR  p: [1872, 203], r: 204702192, e: -15743, error: 139
#ERR  p: [1872, 204], r: 204702182, e: -15731, error: 140
#ERR  p: [1872, 205], r: 204702172, e: -15719, error: 141
#ERR  p: [1872, 206], r: 204702162, e: -15703, error: 142
#ERR  p: [1872, 207], r: 204702152, e: -15689, error: 143
#ERR  p: [1872, 208], r: 204702142, e: -15679, error: 144
#ERR  p: [1872, 209], r: 204702132, e: -15669, error: 145
#ERR  p: [1872, 210], r: 204702122, e: -15655, error: 146
#ERR  p: [1872, 211], r: 204702112, e: -15640, error: 147
#ERR  p: [1872, 212], r: 204702102, e: -15630, error: 148
#ERR  p: [1872, 213], r: 204702092, e: -15613, error: 149
#ERR  p: [1872, 214], r: 204702082, e: -15601, error: 150
#ERR  p: [1872, 215], r: 204702072, e: -15587, error: 151
#ERR  p: [1872, 216], r: 204702062, e: -15571, error: 152
#ERR  p: [1872, 217], r: 204702052, e: -15557, error: 153
#ERR  p: [1872, 218], r: 204702042, e: -15548, error: 154
#ERR  p: [1872, 219], r: 204702032, e: -15540, error: 155
#ERR  p: [1872, 220], r: 204702022, e: -15527, error: 156
#ERR  p: [1872, 221], r: 204702012, e: -15513, error: 157
#ERR  p: [1872, 222], r: 204702002, e: -15501, error: 158
#ERR  p: [1872, 223], r: 204701992, e: -15493, error: 159
#ERR  p: [1872, 224], r: 204701982, e: -15485, error: 160
#ERR  p: [1872, 225], r: 204701972, e: -15471, error: 161
#ERR  p: [1872, 226], r: 204701962, e: -15465, error: 162
#ERR  p: [1872, 227], r: 204701952, e: -15450, error: 163
#ERR  p: [1872, 228], r: 204701942, e: -15440, error: 164
#ERR  p: [1872, 229], r: 204701932, e: -15424, error: 165
#ERR  p: [1872, 230], r: 204701922, e: -15410, error: 166
#ERR  p: [1872, 231], r: 204701912, e: -15396, error: 167
#ERR  p: [1872, 232], r: 204701902, e: -15382, error: 168
#ERR  p: [1872, 233], r: 204701892, e: -15369, error: 169
#ERR  p: [1872, 234], r: 204701882, e: -15359, error: 170
#ERR  p: [1872, 235], r: 204701872, e: -15349, error: 171
#ERR  p: [1872, 236], r: 204701862, e: -15338, error: 172
#ERR  p: [1872, 237], r: 204701852, e: -15329, error: 173
#ERR  p: [1872, 238], r: 204701842, e: -15321, error: 174
#ERR  p: [1872, 239], r: 204701832, e: -15309, error: 175
#ERR  p: [1872, 240], r: 204701822, e: -15293, error: 176
#ERR  p: [1872, 241], r: 204701812, e: -15279, error: 177
#ERR  p: [1872, 242], r: 204701802, e: -15267, error: 178
#ERR  p: [1872, 243], r: 204701792, e: -15257, error: 179
#ERR  p: [1872, 244], r: 204701782, e: -15248, error: 180
#ERR  p: [1872, 245], r: 204701772, e: -15233, error: 181
#ERR  p: [1872, 246], r: 204701762, e: -15219, error: 182
#ERR  p: [1872, 247], r: 204701752, e: -15213, error: 183
#ERR  p: [1872, 248], r: 204701742, e: -15205, error: 184
#ERR  p: [1872, 249], r: 204701732, e: -15191, error: 185
#ERR  p: [1872, 250], r: 204701722, e: -15181, error: 186
#ERR  p: [1872, 251], r: 204701712, e: -15167, error: 187
#ERR  p: [1872, 252], r: 204701702, e: -15154, error: 188
#ERR  p: [1872, 253], r: 204701692, e: -15140, error: 189
#ERR  p: [1872, 254], r: 204701682, e: -15123, error: 190
#ERR  p: [1872, 255], r: 204701672, e: -15108, error: 191
#ERR  p: [1872, 256], r: 204701662, e: -15091, error: 192
#ERR  p: [1872, 257], r: 204701652, e: -15080, error: 193
#ERR  p: [1872, 258], r: 204701642, e: -15070, error: 194
#ERR  p: [1872, 259], r: 204701632, e: -15061, error: 195
#ERR  p: [1872, 260], r: 204701622, e: -15050, error: 196
#ERR  p: [1872, 261], r: 204701612, e: -15037, error: 197
#ERR  p: [1872, 262], r: 204701602, e: -15021, error: 198
#ERR  p: [1872, 263], r: 204701592, e: -15011, error: 199
#ERR  p: [1872, 264], r: 204701582, e: -14999, error: 200
#ERR  p: [1872, 265], r: 204701572, e: -14984, error: 201
#ERR  p: [1872, 266], r: 204701562, e: -14973, error: 202
#ERR  p: [1872, 267], r: 204701552, e: -14959, error: 203
#ERR  p: [1872, 268], r: 204701542, e: -14948, error: 204
#ERR  p: [1872, 269], r: 204701532, e: -14937, error: 205
#ERR  p: [1872, 270], r: 204701522, e: -14922, error: 206
#ERR  p: [1872, 271], r: 204701512, e: -14908, error: 207
#ERR  p: [1872, 272], r: 204701502, e: -14894, error: 208
#ERR  p: [1872, 273], r: 204701492, e: -14880, error: 209
#ERR  p: [1872, 274], r: 204701482, e: -14869, error: 210
#ERR  p: [1872, 275], r: 204701472, e: -14854, error: 211
#ERR  p: [1872, 276], r: 204701462, e: -14843, error: 212
#ERR  p: [1872, 277], r: 204701452, e: -14826, error: 213
#ERR  p: [1872, 278], r: 204701442, e: -14813, error: 214
#ERR  p: [1872, 279], r: 204701432, e: -14805, error: 215
#ERR  p: [1872, 280], r: 204701422, e: -14791, error: 216
#ERR  p: [1872, 281], r: 204701412, e: -14777, error: 217
#ERR  p: [1872, 282], r: 204701402, e: -14763, error: 218
#ERR  p: [1872, 283], r: 204701392, e: -14754, error: 219
#ERR  p: [1872, 284], r: 204701382, e: -14745, error: 220
#ERR  p: [1872, 285], r: 204701372, e: -14734, error: 221
#ERR  p: [1872, 286], r: 204701362, e: -14726, error: 222
#ERR  p: [1872, 287], r: 204701352, e: -14714, error: 223
#ERR  p: [1872, 288], r: 204701342, e: -14701, error: 224
#ERR  p: [1872, 289], r: 204701332, e: -14687, error: 225
#ERR  p: [1872, 290], r: 204701322, e: -14673, error: 226
#ERR  p: [1872, 291], r: 204701312, e: -14660, error: 227
#ERR  p: [1872, 292], r: 204701302, e: -14646, error: 228
#ERR  p: [1872, 293], r: 204701292, e: -14632, error: 229
#ERR  p: [1872, 294], r: 204701282, e: -14616, error: 230
#ERR  p: [1872, 295], r: 204701272, e: -14605, error: 231
#ERR  p: [1872, 296], r: 204701262, e: -14589, error: 232
#ERR  p: [1872, 297], r: 204701252, e: -14577, error: 233
#ERR  p: [1872, 298], r: 204701242, e: -14560, error: 234
#ERR  p: [1872, 299], r: 204701232, e: -14550, error: 235
#ERR  p: [1872, 300], r: 204701222, e: -14533, error: 236
#ERR  p: [1872, 301], r: 204701212, e: -14524, error: 237
#ERR  p: [1872, 302], r: 204701202, e: -14514, error: 238
#ERR  p: [1872, 303], r: 204701192, e: -14500, error: 239
#ERR  p: [1872, 304], r: 204701182, e: -14486, error: 240
#ERR  p: [1872, 305], r: 204701172, e: -14471, error: 241
#ERR  p: [1872, 306], r: 204701162, e: -14457, error: 242
#ERR  p: [1872, 307], r: 204701152, e: -14447, error: 243
#ERR  p: [1872, 308], r: 204701142, e: -14432, error: 244
#ERR  p: [1872, 309], r: 204701132, e: -14421, error: 245
#ERR  p: [1872, 310], r: 204701122, e: -14413, error: 246
#ERR  p: [1872, 311], r: 204701112, e: -14399, error: 247
#ERR  p: [1872, 312], r: 204701102, e: -14385, error: 248
#ERR  p: [1872, 313], r: 204701092, e: -14375, error: 249
#ERR  p: [1872, 314], r: 204701082, e: -14365, error: 250
#ERR  p: [1872, 315], r: 204701072, e: -14350, error: 251
#ERR  p: [1872, 316], r: 204701062, e: -14335, error: 252
#ERR  p: [1872, 317], r: 204701052, e: -14322, error: 253
#ERR  p: [1872, 318], r: 204701042, e: -14307, error: 254
#ERR  p: [1872, 319], r: 204701032, e: -14292, error: 255
#ERR  p: [1872, 320], r: 204701022, e: -14278, error: 256
#ERR  p: [1872, 321], r: 204701012, e: -14267, error: 257
#ERR  p: [1872, 322], r: 204701002, e: -14261, error: 258
#ERR  p: [1872, 323], r: 204700992, e: -14252, error: 259
#ERR  p: [1872, 324], r: 204700982, e: -14241, error: 260
#ERR  p: [1872, 325], r: 204700972, e: -14229, error: 261
#ERR  p: [1872, 326], r: 204700962, e: -14208, error: 262
#ERR  p: [1872, 327], r: 204700952, e: -14197, error: 263
#ERR  p: [1872, 328], r: 204700942, e: -14190, error: 264
#ERR  p: [1872, 329], r: 204700932, e: -14177, error: 265
#ERR  p: [1872, 330], r: 204700922, e: -14162, error: 266
#ERR  p: [1872, 331], r: 204700912, e: -14147, error: 267
#ERR  p: [1872, 332], r: 204700902, e: -14133, error: 268
#ERR  p: [1872, 333], r: 204700892, e: -14118, error: 269
#ERR  p: [1872, 334], r: 204700882, e: -14101, error: 270
#ERR  p: [1872, 335], r: 204700872, e: -14090, error: 271
#ERR  p: [1872, 336], r: 204700862, e: -14075, error: 272
#ERR  p: [1872, 337], r: 204700852, e: -14062, error: 273
#ERR  p: [1872, 338], r: 204700842, e: -14050, error: 274
#ERR  p: [1872, 339], r: 204700832, e: -14036, error: 275
#ERR  p: [1872, 340], r: 204700822, e: -14023, error: 276
#ERR  p: [1872, 341], r: 204700812, e: -14007, error: 277
#ERR  p: [1872, 342], r: 204700802, e: -13991, error: 278
#ERR  p: [1872, 343], r: 204700792, e: -13975, error: 279
#ERR  p: [1872, 344], r: 204700782, e: -13961, error: 280
#ERR  p: [1872, 345], r: 204700772, e: -13952, error: 281
#ERR  p: [1872, 346], r: 204700762, e: -13942, error: 282
#ERR  p: [1872, 347], r: 204700752, e: -13933, error: 283
#ERR  p: [1872, 348], r: 204700742, e: -13920, error: 284
#ERR  p: [1872, 349], r: 204700732, e: -13900, error: 285
#ERR  p: [1872, 350], r: 204700722, e: -13892, error: 286
#ERR  p: [1872, 351], r: 204700712, e: -13883, error: 287
#ERR  p: [1872, 352], r: 204700702, e: -13871, error: 288
#ERR  p: [1872, 353], r: 204700692, e: -13854, error: 289
#ERR  p: [1872, 354], r: 204700682, e: -13833, error: 290
#ERR  p: [1872, 355], r: 204700672, e: -13816, error: 291
#ERR  p: [1872, 356], r: 204700662, e: -13802, error: 292
#ERR  p: [1872, 357], r: 204700652, e: -13786, error: 293
#ERR  p: [1872, 358], r: 204700642, e: -13774, error: 294
#ERR  p: [1872, 359], r: 204700632, e: -13754, error: 295
#ERR  p: [1872, 360], r: 204700622, e: -13740, error: 296
#ERR  p: [1872, 361], r: 204700612, e: -13729, error: 297
#ERR  p: [1872, 362], r: 204700602, e: -13719, error: 298
#ERR  p: [1872, 363], r: 204700592, e: -13703, error: 299
#ERR  p: [1872, 364], r: 204700582, e: -13693, error: 300
#ERR  p: [1872, 365], r: 204700572, e: -13684, error: 301
#ERR  p: [1872, 366], r: 204700562, e: -13673, error: 302
#ERR  p: [1872, 367], r: 204700552, e: -13652, error: 303
#ERR  p: [1872, 368], r: 204700542, e: -13638, error: 304
#ERR  p: [1872, 369], r: 204700532, e: -13624, error: 305
#ERR  p: [1872, 370], r: 204700522, e: -13614, error: 306
#ERR  p: [1872, 371], r: 204700512, e: -13600, error: 307
#ERR  p: [1872, 372], r: 204700502, e: -13590, error: 308
#ERR  p: [1872, 373], r: 204700492, e: -13576, error: 309
#ERR  p: [1872, 374], r: 204700482, e: -13564, error: 310
#ERR  p: [1872, 375], r: 204700472, e: -13548, error: 311
#ERR  p: [1872, 376], r: 204700462, e: -13534, error: 312
#ERR  p: [1872, 377], r: 204700452, e: -13525, error: 313
#ERR  p: [1872, 378], r: 204700442, e: -13517, error: 314
#ERR  p: [1872, 379], r: 204700432, e: -13504, error: 315
#ERR  p: [1872, 380], r: 204700422, e: -13494, error: 316
#ERR  p: [1872, 381], r: 204700412, e: -13480, error: 317
#ERR  p: [1872, 382], r: 204700402, e: -13468, error: 318
#ERR  p: [1872, 383], r: 204700392, e: -13459, error: 319
#ERR  p: [1872, 384], r: 204700382, e: -13445, error: 320
#ERR  p: [1872, 385], r: 204700372, e: -13436, error: 321
#ERR  p: [1872, 386], r: 204700362, e: -13427, error: 322
#ERR  p: [1872, 387], r: 204700352, e: -13415, error: 323
#ERR  p: [1872, 388], r: 204700342, e: -13399, error: 324
#ERR  p: [1872, 389], r: 204700332, e: -13382, error: 325
#ERR  p: [1872, 390], r: 204700322, e: -13368, error: 326
#ERR  p: [1872, 391], r: 204700312, e: -13357, error: 327
#ERR  p: [1872, 392], r: 204700302, e: -13348, error: 328
#ERR  p: [1872, 393], r: 204700292, e: -13335, error: 329
#ERR  p: [1872, 394], r: 204700282, e: -13324, error: 330
#ERR  p: [1872, 395], r: 204700272, e: -13311, error: 331
#ERR  p: [1872, 396], r: 204700262, e: -13297, error: 332
#ERR  p: [1872, 397], r: 204700252, e: -13289, error: 333
#ERR  p: [1872, 398], r: 204700242, e: -13280, error: 334
#ERR  p: [1872, 399], r: 204700232, e: -13271, error: 335
#ERR  p: [1872, 400], r: 204700222, e: -13258, error: 336
#ERR  p: [1872, 401], r: 204700212, e: -13244, error: 337
#ERR  p: [1872, 402], r: 204700202, e: -13235, error: 338
#ERR  p: [1872, 403], r: 204700192, e: -13221, error: 339
#ERR  p: [1872, 404], r: 204700182, e: -13203, error: 340
#ERR  p: [1872, 405], r: 204700172, e: -13188, error: 341
#ERR  p: [1872, 406], r: 204700162, e: -13178, error: 342
#ERR  p: [1872, 407], r: 204700152, e: -13170, error: 343
#ERR  p: [1872, 408], r: 204700142, e: -13156, error: 344
#ERR  p: [1872, 409], r: 204700132, e: -13145, error: 345
#ERR  p: [1872, 410], r: 204700122, e: -13130, error: 346
#ERR  p: [1872, 411], r: 204700112, e: -13115, error: 347
#ERR  p: [1872, 412], r: 204700102, e: -13103, error: 348
#ERR  p: [1872, 413], r: 204700092, e: -13094, error: 349
#ERR  p: [1872, 414], r: 204700082, e: -13080, error: 350
#ERR  p: [1872, 415], r: 204700072, e: -13074, error: 351
#ERR  p: [1872, 416], r: 204700062, e: -13067, error: 352
#ERR  p: [1872, 417], r: 204700052, e: -13056, error: 353
#ERR  p: [1872, 418], r: 204700042, e: -13050, error: 354
#ERR  p: [1872, 419], r: 204700032, e: -13040, error: 355
#ERR  p: [1872, 420], r: 204700022, e: -13023, error: 356
#ERR  p: [1872, 421], r: 204700012, e: -13017, error: 357
#ERR  p: [1872, 422], r: 204700002, e: -13007, error: 358
#ERR  p: [1872, 423], r: 204699992, e: -12998, error: 359
#ERR  p: [1872, 424], r: 204699982, e: -12985, error: 360
#ERR  p: [1872, 425], r: 204699972, e: -12974, error: 361
#ERR  p: [1872, 426], r: 204699962, e: -12958, error: 362
#ERR  p: [1872, 427], r: 204699952, e: -12946, error: 363
#ERR  p: [1872, 428], r: 204699942, e: -12935, error: 364
#ERR  p: [1872, 429], r: 204699932, e: -12925, error: 365
#ERR  p: [1872, 430], r: 204699922, e: -12914, error: 366
#ERR  p: [1872, 431], r: 204699912, e: -12904, error: 367
#ERR  p: [1872, 432], r: 204699902, e: -12895, error: 368
#ERR  p: [1872, 433], r: 204699892, e: -12884, error: 369
#ERR  p: [1872, 434], r: 204699882, e: -12874, error: 370
#ERR  p: [1872, 435], r: 204699872, e: -12860, error: 371
#ERR  p: [1872, 436], r: 204699862, e: -12851, error: 372
#ERR  p: [1872, 437], r: 204699852, e: -12835, error: 373
#ERR  p: [1872, 438], r: 204699842, e: -12821, error: 374
#ERR  p: [1872, 439], r: 204699832, e: -12808, error: 375
#ERR  p: [1872, 440], r: 204699822, e: -12791, error: 376
#ERR  p: [1872, 441], r: 204699812, e: -12783, error: 377
#ERR  p: [1872, 442], r: 204699802, e: -12772, error: 378
#ERR  p: [1872, 443], r: 204699792, e: -12757, error: 379
#ERR  p: [1872, 444], r: 204699782, e: -12747, error: 380
#ERR  p: [1872, 445], r: 204699772, e: -12736, error: 381
#ERR  p: [1872, 446], r: 204699762, e: -12726, error: 382
#ERR  p: [1872, 447], r: 204699752, e: -12711, error: 383
#ERR  p: [1872, 448], r: 204699742, e: -12697, error: 384
#ERR  p: [1872, 449], r: 204699732, e: -12687, error: 385
#ERR  p: [1872, 450], r: 204699722, e: -12673, error: 386
#ERR  p: [1872, 451], r: 204699712, e: -12669, error: 387
#ERR  p: [1872, 452], r: 204699702, e: -12659, error: 388
#ERR  p: [1872, 453], r: 204699692, e: -12649, error: 389
#ERR  p: [1872, 454], r: 204699682, e: -12629, error: 390
#ERR  p: [1872, 455], r: 204699672, e: -12619, error: 391
#ERR  p: [1872, 456], r: 204699662, e: -12605, error: 392
#ERR  p: [1872, 457], r: 204699652, e: -12595, error: 393
#ERR  p: [1872, 458], r: 204699642, e: -12580, error: 394
#ERR  p: [1872, 459], r: 204699632, e: -12566, error: 395
#ERR  p: [1872, 460], r: 204699622, e: -12553, error: 396
#ERR  p: [1872, 461], r: 204699612, e: -12543, error: 397
#ERR  p: [1872, 462], r: 204699602, e: -12533, error: 398
#ERR  p: [1872, 463], r: 204699592, e: -12519, error: 399
#ERR  p: [1872, 464], r: 204699582, e: -12513, error: 400
#ERR  p: [1872, 465], r: 204699572, e: -12507, error: 401
#ERR  p: [1872, 466], r: 204699562, e: -12494, error: 402
#ERR  p: [1872, 467], r: 204699552, e: -12483, error: 403
#ERR  p: [1872, 468], r: 204699542, e: -12468, error: 404
#ERR  p: [1872, 469], r: 204699532, e: -12455, error: 405
#ERR  p: [1872, 470], r: 204699522, e: -12440, error: 406
#ERR  p: [1872, 471], r: 204699512, e: -12425, error: 407
#ERR  p: [1872, 472], r: 204699502, e: -12409, error: 408
#ERR  p: [1872, 473], r: 204699492, e: -12394, error: 409
#ERR  p: [1872, 474], r: 204699482, e: -12380, error: 410
#ERR  p: [1872, 475], r: 204699472, e: -12374, error: 411
#ERR  p: [1872, 476], r: 204699462, e: -12360, error: 412
#ERR  p: [1872, 477], r: 204699452, e: -12350, error: 413
#ERR  p: [1872, 478], r: 204699442, e: -12342, error: 414
#ERR  p: [1872, 479], r: 204699432, e: -12328, error: 415
#ERR  p: [1872, 480], r: 204699422, e: -12316, error: 416
#ERR  p: [1872, 481], r: 204699412, e: -12312, error: 417
#ERR  p: [1872, 482], r: 204699402, e: -12303, error: 418
#ERR  p: [1872, 483], r: 204699392, e: -12287, error: 419
#ERR  p: [1872, 484], r: 204699382, e: -12272, error: 420
#ERR  p: [1872, 485], r: 204699372, e: -12261, error: 421
#ERR  p: [1872, 486], r: 204699362, e: -12249, error: 422
#ERR  p: [1872, 487], r: 204699352, e: -12239, error: 423
#ERR  p: [1872, 488], r: 204699342, e: -12233, error: 424
#ERR  p: [1872, 489], r: 204699332, e: -12221, error: 425
#ERR  p: [1872, 490], r: 204699322, e: -12211, error: 426
#ERR  p: [1872, 491], r: 204699312, e: -12197, error: 427
#ERR  p: [1872, 492], r: 204699302, e: -12189, error: 428
#ERR  p: [1872, 493], r: 204699292, e: -12168, error: 429
#ERR  p: [1872, 494], r: 204699282, e: -12157, error: 430
#ERR  p: [1872, 495], r: 204699272, e: -12146, error: 431
#ERR  p: [1872, 496], r: 204699262, e: -12132, error: 432
#ERR  p: [1872, 497], r: 204699252, e: -12118, error: 433
#ERR  p: [1872, 498], r: 204699242, e: -12105, error: 434
#ERR  p: [1872, 499], r: 204699232, e: -12093, error: 435
#ERR  p: [1872, 500], r: 204699222, e: -12079, error: 436
#ERR  p: [1872, 501], r: 204699212, e: -12063, error: 437
#ERR  p: [1872, 502], r: 204699202, e: -12051, error: 438
#ERR  p: [1872, 503], r: 204699192, e: -12045, error: 439
#ERR  p: [1872, 504], r: 204699182, e: -12037, error: 440
#ERR  p: [1872, 505], r: 204699172, e: -12028, error: 441
#ERR  p: [1872, 506], r: 204699162, e: -12013, error: 442
#ERR  p: [1872, 507], r: 204699152, e: -12003, error: 443
#ERR  p: [1872, 508], r: 204699142, e: -11982, error: 444
#ERR  p: [1872, 509], r: 204699132, e: -11971, error: 445
#ERR  p: [1872, 510], r: 204699122, e: -11957, error: 446
#ERR  p: [1872, 511], r: 204699112, e: -11945, error: 447
#ERR  p: [1872, 512], r: 204699102, e: -11931, error: 448
#ERR  p: [1872, 513], r: 204699092, e: -11922, error: 449
#ERR  p: [1872, 514], r: 204699082, e: -11908, error: 450
#ERR  p: [1872, 515], r: 204699072, e: -11901, error: 451
#ERR  p: [1872, 516], r: 204699062, e: -11888, error: 452
#ERR  p: [1872, 517], r: 204699052, e: -11879, error: 453
#ERR  p: [1872, 518], r: 204699042, e: -11867, error: 454
#ERR  p: [1872, 519], r: 204699032, e: -11857, error: 455
#ERR  p: [1872, 520], r: 204699022, e: -11849, error: 456
#ERR  p: [1872, 521], r: 204699012, e: -11841, error: 457
#ERR  p: [1872, 522], r: 204699002, e: -11828, error: 458
#ERR  p: [1872, 523], r: 204698992, e: -11813, error: 459
#ERR  p: [1872, 524], r: 204698982, e: -11799, error: 460
#ERR  p: [1872, 525], r: 204698972, e: -11793, error: 461
#ERR  p: [1872, 526], r: 204698962, e: -11784, error: 462
#ERR  p: [1872, 527], r: 204698952, e: -11774, error: 463
#ERR  p: [1872, 528], r: 204698942, e: -11766, error: 464
#ERR  p: [1872, 529], r: 204698932, e: -11745, error: 465
#ERR  p: [1872, 530], r: 204698922, e: -11739, error: 466
#ERR  p: [1872, 531], r: 204698912, e: -11724, error: 467
#ERR  p: [1872, 532], r: 204698902, e: -11710, error: 468
#ERR  p: [1872, 533], r: 204698892, e: -11698, error: 469
#ERR  p: [1872, 534], r: 204698882, e: -11687, error: 470
#ERR  p: [1872, 535], r: 204698872, e: -11681, error: 471
#ERR  p: [1872, 536], r: 204698862, e: -11667, error: 472
#ERR  p: [1872, 537], r: 204698852, e: -11654, error: 473
#ERR  p: [1872, 538], r: 204698842, e: -11644, error: 474
#ERR  p: [1872, 539], r: 204698832, e: -11634, error: 475
#ERR  p: [1872, 540], r: 204698822, e: -11625, error: 476
#ERR  p: [1872, 541], r: 204698812, e: -11606, error: 477
#ERR  p: [1872, 542], r: 204698802, e: -11593, error: 478
#ERR  p: [1872, 543], r: 204698792, e: -11583, error: 479
#ERR  p: [1872, 544], r: 204698782, e: -11569, error: 480
#ERR  p: [1872, 545], r: 204698772, e: -11562, error: 481
#ERR  p: [1872, 546], r: 204698762, e: -11547, error: 482
#ERR  p: [1872, 547], r: 204698752, e: -11535, error: 483
#ERR  p: [1872, 548], r: 204698742, e: -11522, error: 484
#ERR  p: [1872, 549], r: 204698732, e: -11513, error: 485
#ERR  p: [1872, 550], r: 204698722, e: -11499, error: 486
#ERR  p: [1872, 551], r: 204698712, e: -11496, error: 487
#ERR  p: [1872, 552], r: 204698702, e: -11482, error: 488
#ERR  p: [1872, 553], r: 204698692, e: -11470, error: 489
#ERR  p: [1872, 554], r: 204698682, e: -11461, error: 490
#ERR  p: [1872, 555], r: 204698672, e: -11447, error: 491
#ERR  p: [1872, 556], r: 204698662, e: -11439, error: 492
#ERR  p: [1872, 557], r: 204698652, e: -11430, error: 493
#ERR  p: [1872, 558], r: 204698642, e: -11419, error: 494
#ERR  p: [1872, 559], r: 204698632, e: -11404, error: 495
#ERR  p: [1872, 560], r: 204698622, e: -11390, error: 496
#ERR  p: [1872, 561], r: 204698612, e: -11379, error: 497
#ERR  p: [1872, 562], r: 204698602, e: -11367, error: 498
#ERR  p: [1872, 563], r: 204698592, e: -11358, error: 499
#SDC Ite:0 KerTime:0.295103 AccTime:0.295103 KerErr:500 AccErr:500
#END