#HEADER max_rows:2048 max_cols:2048 penalty:10
#BEGIN Y:2016 M:09 D:12 Time:15:58:17
#IT Ite:0 KerTime:0.294860 AccTime:0.294860
#ERR Error detected! kerrors = 2748347
#ERR  p: [55, 669], r: 1340536832, e: -5876, error: 1
#ERR  p: [55, 670], r: 1340536822, e: -5886, error: 2
#ERR  p: [55, 671], r: 1340536812, e: -5896, error: 3
#ERR  p: [55, 672], r: 1340536802, e: -5906, error: 4
#ERR  p: [55, 673], r: 1340536792, e: -5915, error: 5
#ERR  p: [55, 674], r: 1340536782, e: -5925, error: 6
#ERR  p: [55, 675], r: 1340536772, e: -5935, error: 7
#ERR  p: [55, 676], r: 1340536762, e: -5945, error: 8
#ERR  p: [55, 677], r: 1340536752, e: -5955, error: 9
#ERR  p: [55, 678], r: 1340536742, e: -5965, error: 10
#ERR  p: [55, 679], r: 1340536732, e: -5975, error: 11
#ERR  p: [55, 680], r: 1340536722, e: -5985, error: 12
#ERR  p: [55, 681], r: 1340536712, e: -5995, error: 13
#ERR  p: [55, 682], r: 1340536702, e: -6005, error: 14
#ERR  p: [55, 683], r: 1340536692, e: -6015, error: 15
#ERR  p: [55, 684], r: 1340536682, e: -6025, error: 16
#ERR  p: [55, 685], r: 1340536672, e: -6035, error: 17
#ERR  p: [55, 686], r: 1340536662, e: -6045, error: 18
#ERR  p: [55, 687], r: 1340536652, e: -6055, error: 19
#ERR  p: [55, 688], r: 1340536642, e: -6065, error: 20
#ERR  p: [55, 689], r: 1340536632, e: -6075, error: 21
#ERR  p: [55, 690], r: 1340536622, e: -6085, error: 22
#ERR  p: [55, 691], r: 1340536612, e: -6095, error: 23
#ERR  p: [55, 692], r: 1340536602, e: -6105, error: 24
#ERR  p: [55, 693], r: 1340536592, e: -6115, error: 25
#ERR  p: [55, 694], r: 1340536582, e: -6125, error: 26
#ERR  p: [55, 695], r: 1340536572, e: -6135, error: 27
#ERR  p: [55, 696], r: 1340536562, e: -6145, error: 28
#ERR  p: [55, 697], r: 1340536552, e: -6155, error: 29
#ERR  p: [55, 698], r: 1340536542, e: -6163, error: 30
#ERR  p: [55, 699], r: 1340536532, e: -6173, error: 31
#ERR  p: [55, 700], r: 1340536522, e: -6183, error: 32
#ERR  p: [55, 701], r: 1340536512, e: -6193, error: 33
#ERR  p: [55, 702], r: 1340536502, e: -6203, error: 34
#ERR  p: [55, 703], r: 1340536492, e: -6213, error: 35
#ERR  p: [55, 704], r: 1340536482, e: -6223, error: 36
#ERR  p: [55, 705], r: 1340536472, e: -6233, error: 37
#ERR  p: [55, 706], r: 1340536462, e: -6243, error: 38
#ERR  p: [55, 707], r: 1340536452, e: -6253, error: 39
#ERR  p: [55, 708], r: 1340536442, e: -6263, error: 40
#ERR  p: [55, 709], r: 1340536432, e: -6273, error: 41
#ERR  p: [55, 710], r: 1340536422, e: -6283, error: 42
#ERR  p: [55, 711], r: 1340536412, e: -6289, error: 43
#ERR  p: [55, 712], r: 1340536402, e: -6299, error: 44
#ERR  p: [55, 713], r: 1340536392, e: -6309, error: 45
#ERR  p: [55, 714], r: 1340536382, e: -6319, error: 46
#ERR  p: [55, 715], r: 1340536372, e: -6328, error: 47
#ERR  p: [55, 716], r: 1340536362, e: -6338, error: 48
#ERR  p: [55, 717], r: 1340536352, e: -6348, error: 49
#ERR  p: [55, 718], r: 1340536342, e: -6358, error: 50
#ERR  p: [55, 719], r: 1340536332, e: -6368, error: 51
#ERR  p: [55, 720], r: 1340536322, e: -6378, error: 52
#ERR  p: [55, 721], r: 1340536312, e: -6388, error: 53
#ERR  p: [55, 722], r: 1340536302, e: -6398, error: 54
#ERR  p: [55, 723], r: 1340536292, e: -6408, error: 55
#ERR  p: [55, 724], r: 1340536282, e: -6418, error: 56
#ERR  p: [55, 725], r: 1340536272, e: -6428, error: 57
#ERR  p: [55, 726], r: 1340536262, e: -6438, error: 58
#ERR  p: [55, 727], r: 1340536252, e: -6448, error: 59
#ERR  p: [55, 728], r: 1340536242, e: -6458, error: 60
#ERR  p: [55, 729], r: 1340536232, e: -6468, error: 61
#ERR  p: [55, 730], r: 1340536222, e: -6478, error: 62
#ERR  p: [55, 731], r: 1340536212, e: -6488, error: 63
#ERR  p: [55, 732], r: 1340536202, e: -6498, error: 64
#ERR  p: [55, 733], r: 1340536192, e: -6508, error: 65
#ERR  p: [55, 734], r: 1340536182, e: -6518, error: 66
#ERR  p: [55, 735], r: 1340536172, e: -6528, error: 67
#ERR  p: [55, 736], r: 1340536162, e: -6538, error: 68
#ERR  p: [55, 737], r: 1340536152, e: -6548, error: 69
#ERR  p: [55, 738], r: 1340536142, e: -6558, error: 70
#ERR  p: [55, 739], r: 1340536132, e: -6568, error: 71
#ERR  p: [55, 740], r: 1340536122, e: -6578, error: 72
#ERR  p: [55, 741], r: 1340536112, e: -6588, error: 73
#ERR  p: [55, 742], r: 1340536102, e: -6598, error: 74
#ERR  p: [55, 743], r: 1340536092, e: -6608, error: 75
#ERR  p: [55, 744], r: 1340536082, e: -6618, error: 76
#ERR  p: [55, 745], r: 1340536072, e: -6628, error: 77
#ERR  p: [55, 746], r: 1340536062, e: -6638, error: 78
#ERR  p: [55, 747], r: 1340536052, e: -6648, error: 79
#ERR  p: [55, 748], r: 1340536042, e: -6658, error: 80
#ERR  p: [55, 749], r: 1340536032, e: -6668, error: 81
#ERR  p: [55, 750], r: 1340536022, e: -6678, error: 82
#ERR  p: [55, 751], r: 1340536012, e: -6688, error: 83
#ERR  p: [55, 752], r: 1340536002, e: -6698, error: 84
#ERR  p: [55, 753], r: 1340535992, e: -6708, error: 85
#ERR  p: [55, 754], r: 1340535982, e: -6718, error: 86
#ERR  p: [55, 755], r: 1340535972, e: -6728, error: 87
#ERR  p: [55, 756], r: 1340535962, e: -6738, error: 88
#ERR  p: [55, 757], r: 1340535952, e: -6748, error: 89
#ERR  p: [55, 758], r: 1340535942, e: -6758, error: 90
#ERR  p: [55, 759], r: 1340535932, e: -6768, error: 91
#ERR  p: [55, 760], r: 1340535922, e: -6778, error: 92
#ERR  p: [55, 761], r: 1340535912, e: -6788, error: 93
#ERR  p: [55, 762], r: 1340535902, e: -6798, error: 94
#ERR  p: [55, 763], r: 1340535892, e: -6808, error: 95
#ERR  p: [55, 764], r: 1340535882, e: -6818, error: 96
#ERR  p: [55, 765], r: 1340535872, e: -6828, error: 97
#ERR  p: [55, 766], r: 1340535862, e: -6838, error: 98
#ERR  p: [55, 767], r: 1340535852, e: -6848, error: 99
#ERR  p: [55, 768], r: 1340535842, e: -6858, error: 100
#ERR  p: [55, 769], r: 1340535832, e: -6868, error: 101
#ERR  p: [55, 770], r: 1340535822, e: -6878, error: 102
#ERR  p: [55, 771], r: 1340535812, e: -6888, error: 103
#ERR  p: [55, 772], r: 1340535802, e: -6898, error: 104
#ERR  p: [55, 773], r: 1340535792, e: -6908, error: 105
#ERR  p: [55, 774], r: 1340535782, e: -6918, error: 106
#ERR  p: [55, 775], r: 1340535772, e: -6928, error: 107
#ERR  p: [55, 776], r: 1340535762, e: -6938, error: 108
#ERR  p: [55, 777], r: 1340535752, e: -6948, error: 109
#ERR  p: [55, 778], r: 1340535742, e: -6958, error: 110
#ERR  p: [55, 779], r: 1340535732, e: -6968, error: 111
#ERR  p: [55, 780], r: 1340535722, e: -6978, error: 112
#ERR  p: [55, 781], r: 1340535712, e: -6988, error: 113
#ERR  p: [55, 782], r: 1340535702, e: -6998, error: 114
#ERR  p: [55, 783], r: 1340535692, e: -7008, error: 115
#ERR  p: [55, 784], r: 1340535682, e: -7018, error: 116
#ERR  p: [55, 785], r: 1340535672, e: -7028, error: 117
#ERR  p: [55, 786], r: 1340535662, e: -7038, error: 118
#ERR  p: [55, 787], r: 1340535652, e: -7048, error: 119
#ERR  p: [55, 788], r: 1340535642, e: -7058, error: 120
#ERR  p: [55, 789], r: 1340535632, e: -7068, error: 121
#ERR  p: [55, 790], r: 1340535622, e: -7078, error: 122
#ERR  p: [55, 791], r: 1340535612, e: -7088, error: 123
#ERR  p: [55, 792], r: 1340535602, e: -7098, error: 124
#ERR  p: [55, 793], r: 1340535592, e: -7108, error: 125
#ERR  p: [55, 794], r: 1340535582, e: -7118, error: 126
#ERR  p: [55, 795], r: 1340535572, e: -7128, error: 127
#ERR  p: [55, 796], r: 1340535562, e: -7138, error: 128
#ERR  p: [55, 797], r: 1340535552, e: -7148, error: 129
#ERR  p: [55, 798], r: 1340535542, e: -7157, error: 130
#ERR  p: [55, 799], r: 1340535532, e: -7167, error: 131
#ERR  p: [55, 800], r: 1340535522, e: -7177, error: 132
#ERR  p: [55, 801], r: 1340535512, e: -7187, error: 133
#ERR  p: [55, 802], r: 1340535502, e: -7195, error: 134
#ERR  p: [55, 803], r: 1340535492, e: -7205, error: 135
#ERR  p: [55, 804], r: 1340535482, e: -7215, error: 136
#ERR  p: [55, 805], r: 1340535472, e: -7225, error: 137
#ERR  p: [55, 806], r: 1340535462, e: -7235, error: 138
#ERR  p: [55, 807], r: 1340535452, e: -7245, error: 139
#ERR  p: [55, 808], r: 1340535442, e: -7255, error: 140
#ERR  p: [55, 809], r: 1340535432, e: -7265, error: 141
#ERR  p: [55, 810], r: 1340535422, e: -7275, error: 142
#ERR  p: [55, 811], r: 1340535412, e: -7285, error: 143
#ERR  p: [55, 812], r: 1340535402, e: -7295, error: 144
#ERR  p: [55, 813], r: 1340535392, e: -7305, error: 145
#ERR  p: [55, 814], r: 1340535382, e: -7315, error: 146
#ERR  p: [55, 815], r: 1340535372, e: -7325, error: 147
#ERR  p: [55, 816], r: 1340535362, e: -7335, error: 148
#ERR  p: [55, 817], r: 1340535352, e: -7345, error: 149
#ERR  p: [55, 818], r: 1340535342, e: -7355, error: 150
#ERR  p: [55, 819], r: 1340535332, e: -7365, error: 151
#ERR  p: [55, 820], r: 1340535322, e: -7375, error: 152
#ERR  p: [55, 821], r: 1340535312, e: -7385, error: 153
#ERR  p: [55, 822], r: 1340535302, e: -7395, error: 154
#ERR  p: [55, 823], r: 1340535292, e: -7405, error: 155
#ERR  p: [55, 824], r: 1340535282, e: -7415, error: 156
#ERR  p: [55, 825], r: 1340535272, e: -7425, error: 157
#ERR  p: [55, 826], r: 1340535262, e: -7435, error: 158
#ERR  p: [55, 827], r: 1340535252, e: -7445, error: 159
#ERR  p: [55, 828], r: 1340535242, e: -7455, error: 160
#ERR  p: [55, 829], r: 1340535232, e: -7465, error: 161
#ERR  p: [55, 830], r: 1340535222, e: -7475, error: 162
#ERR  p: [55, 831], r: 1340535212, e: -7485, error: 163
#ERR  p: [55, 832], r: 1340535202, e: -7495, error: 164
#ERR  p: [55, 833], r: 1340535192, e: -7505, error: 165
#ERR  p: [55, 834], r: 1340535182, e: -7515, error: 166
#ERR  p: [55, 835], r: 1340535172, e: -7525, error: 167
#ERR  p: [55, 836], r: 1340535162, e: -7535, error: 168
#ERR  p: [55, 837], r: 1340535152, e: -7544, error: 169
#ERR  p: [55, 838], r: 1340535142, e: -7554, error: 170
#ERR  p: [55, 839], r: 1340535132, e: -7564, error: 171
#ERR  p: [55, 840], r: 1340535122, e: -7569, error: 172
#ERR  p: [55, 841], r: 1340535112, e: -7579, error: 173
#ERR  p: [55, 842], r: 1340535102, e: -7589, error: 174
#ERR  p: [55, 843], r: 1340535092, e: -7599, error: 175
#ERR  p: [55, 844], r: 1340535082, e: -7609, error: 176
#ERR  p: [55, 845], r: 1340535072, e: -7619, error: 177
#ERR  p: [55, 846], r: 1340535062, e: -7629, error: 178
#ERR  p: [55, 847], r: 1340535052, e: -7639, error: 179
#ERR  p: [55, 848], r: 1340535042, e: -7649, error: 180
#ERR  p: [55, 849], r: 1340535032, e: -7659, error: 181
#ERR  p: [55, 850], r: 1340535022, e: -7669, error: 182
#ERR  p: [55, 851], r: 1340535012, e: -7679, error: 183
#ERR  p: [55, 852], r: 1340535002, e: -7689, error: 184
#ERR  p: [55, 853], r: 1340534992, e: -7699, error: 185
#ERR  p: [55, 854], r: 1340534982, e: -7709, error: 186
#ERR  p: [55, 855], r: 1340534972, e: -7719, error: 187
#ERR  p: [55, 856], r: 1340534962, e: -7729, error: 188
#ERR  p: [55, 857], r: 1340534952, e: -7739, error: 189
#ERR  p: [55, 858], r: 1340534942, e: -7749, error: 190
#ERR  p: [55, 859], r: 1340534932, e: -7759, error: 191
#ERR  p: [55, 860], r: 1340534922, e: -7769, error: 192
#ERR  p: [55, 861], r: 1340534912, e: -7779, error: 193
#ERR  p: [55, 862], r: 1340534902, e: -7789, error: 194
#ERR  p: [55, 863], r: 1340534892, e: -7799, error: 195
#ERR  p: [55, 864], r: 1340534882, e: -7809, error: 196
#ERR  p: [55, 865], r: 1340534872, e: -7819, error: 197
#ERR  p: [55, 866], r: 1340534862, e: -7829, error: 198
#ERR  p: [55, 867], r: 1340534852, e: -7839, error: 199
#ERR  p: [55, 868], r: 1340534842, e: -7849, error: 200
#ERR  p: [55, 869], r: 1340534832, e: -7859, error: 201
#ERR  p: [55, 870], r: 1340534822, e: -7869, error: 202
#ERR  p: [55, 871], r: 1340534812, e: -7878, error: 203
#ERR  p: [55, 872], r: 1340534802, e: -7888, error: 204
#ERR  p: [55, 873], r: 1340534792, e: -7898, error: 205
#ERR  p: [55, 874], r: 1340534782, e: -7908, error: 206
#ERR  p: [55, 875], r: 1340534772, e: -7918, error: 207
#ERR  p: [55, 876], r: 1340534762, e: -7928, error: 208
#ERR  p: [55, 877], r: 1340534752, e: -7938, error: 209
#ERR  p: [55, 878], r: 1340534742, e: -7948, error: 210
#ERR  p: [55, 879], r: 1340534732, e: -7958, error: 211
#ERR  p: [55, 880], r: 1340534722, e: -7968, error: 212
#ERR  p: [55, 881], r: 1340534712, e: -7978, error: 213
#ERR  p: [55, 882], r: 1340534702, e: -7988, error: 214
#ERR  p: [55, 883], r: 1340534692, e: -7998, error: 215
#ERR  p: [55, 884], r: 1340534682, e: -8008, error: 216
#ERR  p: [55, 885], r: 1340534672, e: -8018, error: 217
#ERR  p: [55, 886], r: 1340534662, e: -8028, error: 218
#ERR  p: [55, 887], r: 1340534652, e: -8038, error: 219
#ERR  p: [55, 888], r: 1340534642, e: -8048, error: 220
#ERR  p: [55, 889], r: 1340534632, e: -8058, error: 221
#ERR  p: [55, 890], r: 1340534622, e: -8068, error: 222
#ERR  p: [55, 891], r: 1340534612, e: -8078, error: 223
#ERR  p: [55, 892], r: 1340534602, e: -8088, error: 224
#ERR  p: [55, 893], r: 1340534592, e: -8098, error: 225
#ERR  p: [55, 894], r: 1340534582, e: -8108, error: 226
#ERR  p: [55, 895], r: 1340534572, e: -8118, error: 227
#ERR  p: [55, 896], r: 1340534562, e: -8128, error: 228
#ERR  p: [55, 897], r: 1340534552, e: -8138, error: 229
#ERR  p: [55, 898], r: 1340534542, e: -8148, error: 230
#ERR  p: [55, 899], r: 1340534532, e: -8158, error: 231
#ERR  p: [55, 900], r: 1340534522, e: -8168, error: 232
#ERR  p: [55, 901], r: 1340534512, e: -8178, error: 233
#ERR  p: [55, 902], r: 1340534502, e: -8188, error: 234
#ERR  p: [55, 903], r: 1340534492, e: -8198, error: 235
#ERR  p: [55, 904], r: 1340534482, e: -8208, error: 236
#ERR  p: [55, 905], r: 1340534472, e: -8218, error: 237
#ERR  p: [55, 906], r: 1340534462, e: -8228, error: 238
#ERR  p: [55, 907], r: 1340534452, e: -8238, error: 239
#ERR  p: [55, 908], r: 1340534442, e: -8248, error: 240
#ERR  p: [55, 909], r: 1340534432, e: -8258, error: 241
#ERR  p: [55, 910], r: 1340534422, e: -8268, error: 242
#ERR  p: [55, 911], r: 1340534412, e: -8278, error: 243
#ERR  p: [55, 912], r: 1340534402, e: -8288, error: 244
#ERR  p: [55, 913], r: 1340534392, e: -8298, error: 245
#ERR  p: [55, 914], r: 1340534382, e: -8308, error: 246
#ERR  p: [55, 915], r: 1340534372, e: -8318, error: 247
#ERR  p: [55, 916], r: 1340534362, e: -8328, error: 248
#ERR  p: [55, 917], r: 1340534352, e: -8338, error: 249
#ERR  p: [55, 918], r: 1340534342, e: -8348, error: 250
#ERR  p: [55, 919], r: 1340534332, e: -8358, error: 251
#ERR  p: [55, 920], r: 1340534322, e: -8368, error: 252
#ERR  p: [55, 921], r: 1340534312, e: -8378, error: 253
#ERR  p: [55, 922], r: 1340534302, e: -8388, error: 254
#ERR  p: [55, 923], r: 1340534292, e: -8398, error: 255
#ERR  p: [55, 924], r: 1340534282, e: -8408, error: 256
#ERR  p: [55, 925], r: 1340534272, e: -8418, error: 257
#ERR  p: [55, 926], r: 1340534262, e: -8428, error: 258
#ERR  p: [55, 927], r: 1340534252, e: -8438, error: 259
#ERR  p: [55, 928], r: 1340534242, e: -8448, error: 260
#ERR  p: [55, 929], r: 1340534232, e: -8458, error: 261
#ERR  p: [55, 930], r: 1340534222, e: -8468, error: 262
#ERR  p: [55, 931], r: 1340534212, e: -8478, error: 263
#ERR  p: [55, 932], r: 1340534202, e: -8488, error: 264
#ERR  p: [55, 933], r: 1340534192, e: -8498, error: 265
#ERR  p: [55, 934], r: 1340534182, e: -8508, error: 266
#ERR  p: [55, 935], r: 1340534172, e: -8518, error: 267
#ERR  p: [55, 936], r: 1340534162, e: -8528, error: 268
#ERR  p: [55, 937], r: 1340534152, e: -8538, error: 269
#ERR  p: [55, 938], r: 1340534142, e: -8548, error: 270
#ERR  p: [55, 939], r: 1340534132, e: -8558, error: 271
#ERR  p: [55, 940], r: 1340534122, e: -8568, error: 272
#ERR  p: [55, 941], r: 1340534112, e: -8578, error: 273
#ERR  p: [55, 942], r: 1340534102, e: -8588, error: 274
#ERR  p: [55, 943], r: 1340534092, e: -8598, error: 275
#ERR  p: [55, 944], r: 1340534082, e: -8608, error: 276
#ERR  p: [55, 945], r: 1340534072, e: -8618, error: 277
#ERR  p: [55, 946], r: 1340534062, e: -8628, error: 278
#ERR  p: [55, 947], r: 1340534052, e: -8638, error: 279
#ERR  p: [55, 948], r: 1340534042, e: -8648, error: 280
#ERR  p: [55, 949], r: 1340534032, e: -8658, error: 281
#ERR  p: [55, 950], r: 1340534022, e: -8668, error: 282
#ERR  p: [55, 951], r: 1340534012, e: -8678, error: 283
#ERR  p: [55, 952], r: 1340534002, e: -8688, error: 284
#ERR  p: [55, 953], r: 1340533992, e: -8698, error: 285
#ERR  p: [55, 954], r: 1340533982, e: -8708, error: 286
#ERR  p: [55, 955], r: 1340533972, e: -8718, error: 287
#ERR  p: [55, 956], r: 1340533962, e: -8728, error: 288
#ERR  p: [55, 957], r: 1340533952, e: -8738, error: 289
#ERR  p: [55, 958], r: 1340533942, e: -8748, error: 290
#ERR  p: [55, 959], r: 1340533932, e: -8758, error: 291
#ERR  p: [55, 960], r: 1340533922, e: -8768, error: 292
#ERR  p: [55, 961], r: 1340533912, e: -8778, error: 293
#ERR  p: [55, 962], r: 1340533902, e: -8788, error: 294
#ERR  p: [55, 963], r: 1340533892, e: -8798, error: 295
#ERR  p: [55, 964], r: 1340533882, e: -8808, error: 296
#ERR  p: [55, 965], r: 1340533872, e: -8818, error: 297
#ERR  p: [55, 966], r: 1340533862, e: -8828, error: 298
#ERR  p: [55, 967], r: 1340533852, e: -8838, error: 299
#ERR  p: [55, 968], r: 1340533842, e: -8848, error: 300
#ERR  p: [55, 969], r: 1340533832, e: -8858, error: 301
#ERR  p: [55, 970], r: 1340533822, e: -8868, error: 302
#ERR  p: [55, 971], r: 1340533812, e: -8878, error: 303
#ERR  p: [55, 972], r: 1340533802, e: -8888, error: 304
#ERR  p: [55, 973], r: 1340533792, e: -8898, error: 305
#ERR  p: [55, 974], r: 1340533782, e: -8908, error: 306
#ERR  p: [55, 975], r: 1340533772, e: -8918, error: 307
#ERR  p: [55, 976], r: 1340533762, e: -8928, error: 308
#ERR  p: [55, 977], r: 1340533752, e: -8938, error: 309
#ERR  p: [55, 978], r: 1340533742, e: -8948, error: 310
#ERR  p: [55, 979], r: 1340533732, e: -8958, error: 311
#ERR  p: [55, 980], r: 1340533722, e: -8968, error: 312
#ERR  p: [55, 981], r: 1340533712, e: -8978, error: 313
#ERR  p: [55, 982], r: 1340533702, e: -8988, error: 314
#ERR  p: [55, 983], r: 1340533692, e: -8998, error: 315
#ERR  p: [55, 984], r: 1340533682, e: -9008, error: 316
#ERR  p: [55, 985], r: 1340533672, e: -9018, error: 317
#ERR  p: [55, 986], r: 1340533662, e: -9028, error: 318
#ERR  p: [55, 987], r: 1340533652, e: -9038, error: 319
#ERR  p: [55, 988], r: 1340533642, e: -9048, error: 320
#ERR  p: [55, 989], r: 1340533632, e: -9058, error: 321
#ERR  p: [55, 990], r: 1340533622, e: -9068, error: 322
#ERR  p: [55, 991], r: 1340533612, e: -9078, error: 323
#ERR  p: [55, 992], r: 1340533602, e: -9088, error: 324
#ERR  p: [55, 993], r: 1340533592, e: -9098, error: 325
#ERR  p: [55, 994], r: 1340533582, e: -9108, error: 326
#ERR  p: [55, 995], r: 1340533572, e: -9118, error: 327
#ERR  p: [55, 996], r: 1340533562, e: -9128, error: 328
#ERR  p: [55, 997], r: 1340533552, e: -9138, error: 329
#ERR  p: [55, 998], r: 1340533542, e: -9148, error: 330
#ERR  p: [55, 999], r: 1340533532, e: -9158, error: 331
#ERR  p: [55, 1000], r: 1340533522, e: -9168, error: 332
#ERR  p: [55, 1001], r: 1340533512, e: -9178, error: 333
#ERR  p: [55, 1002], r: 1340533502, e: -9188, error: 334
#ERR  p: [55, 1003], r: 1340533492, e: -9198, error: 335
#ERR  p: [55, 1004], r: 1340533482, e: -9208, error: 336
#ERR  p: [55, 1005], r: 1340533472, e: -9218, error: 337
#ERR  p: [55, 1006], r: 1340533462, e: -9228, error: 338
#ERR  p: [55, 1007], r: 1340533452, e: -9238, error: 339
#ERR  p: [55, 1008], r: 1340533442, e: -9248, error: 340
#ERR  p: [55, 1009], r: 1340533432, e: -9258, error: 341
#ERR  p: [55, 1010], r: 1340533422, e: -9268, error: 342
#ERR  p: [55, 1011], r: 1340533412, e: -9278, error: 343
#ERR  p: [55, 1012], r: 1340533402, e: -9288, error: 344
#ERR  p: [55, 1013], r: 1340533392, e: -9298, error: 345
#ERR  p: [55, 1014], r: 1340533382, e: -9308, error: 346
#ERR  p: [55, 1015], r: 1340533372, e: -9318, error: 347
#ERR  p: [55, 1016], r: 1340533362, e: -9328, error: 348
#ERR  p: [55, 1017], r: 1340533352, e: -9338, error: 349
#ERR  p: [55, 1018], r: 1340533342, e: -9348, error: 350
#ERR  p: [55, 1019], r: 1340533332, e: -9358, error: 351
#ERR  p: [55, 1020], r: 1340533322, e: -9368, error: 352
#ERR  p: [55, 1021], r: 1340533312, e: -9378, error: 353
#ERR  p: [55, 1022], r: 1340533302, e: -9388, error: 354
#ERR  p: [55, 1023], r: 1340533292, e: -9398, error: 355
#ERR  p: [55, 1024], r: 1340533282, e: -9408, error: 356
#ERR  p: [55, 1025], r: 1340533272, e: -9418, error: 357
#ERR  p: [55, 1026], r: 1340533262, e: -9428, error: 358
#ERR  p: [55, 1027], r: 1340533252, e: -9438, error: 359
#ERR  p: [55, 1028], r: 1340533242, e: -9448, error: 360
#ERR  p: [55, 1029], r: 1340533232, e: -9458, error: 361
#ERR  p: [55, 1030], r: 1340533222, e: -9468, error: 362
#ERR  p: [55, 1031], r: 1340533212, e: -9478, error: 363
#ERR  p: [55, 1032], r: 1340533202, e: -9488, error: 364
#ERR  p: [55, 1033], r: 1340533192, e: -9498, error: 365
#ERR  p: [55, 1034], r: 1340533182, e: -9508, error: 366
#ERR  p: [55, 1035], r: 1340533172, e: -9518, error: 367
#ERR  p: [55, 1036], r: 1340533162, e: -9528, error: 368
#ERR  p: [55, 1037], r: 1340533152, e: -9538, error: 369
#ERR  p: [55, 1038], r: 1340533142, e: -9548, error: 370
#ERR  p: [55, 1039], r: 1340533132, e: -9558, error: 371
#ERR  p: [55, 1040], r: 1340533122, e: -9568, error: 372
#ERR  p: [55, 1041], r: 1340533112, e: -9578, error: 373
#ERR  p: [55, 1042], r: 1340533102, e: -9588, error: 374
#ERR  p: [55, 1043], r: 1340533092, e: -9598, error: 375
#ERR  p: [55, 1044], r: 1340533082, e: -9608, error: 376
#ERR  p: [55, 1045], r: 1340533072, e: -9618, error: 377
#ERR  p: [55, 1046], r: 1340533062, e: -9628, error: 378
#ERR  p: [55, 1047], r: 1340533052, e: -9638, error: 379
#ERR  p: [55, 1048], r: 1340533042, e: -9648, error: 380
#ERR  p: [55, 1049], r: 1340533032, e: -9658, error: 381
#ERR  p: [55, 1050], r: 1340533022, e: -9668, error: 382
#ERR  p: [55, 1051], r: 1340533012, e: -9678, error: 383
#ERR  p: [55, 1052], r: 1340533002, e: -9688, error: 384
#ERR  p: [55, 1053], r: 1340532992, e: -9698, error: 385
#ERR  p: [55, 1054], r: 1340532982, e: -9708, error: 386
#ERR  p: [55, 1055], r: 1340532972, e: -9718, error: 387
#ERR  p: [55, 1056], r: 1340532962, e: -9728, error: 388
#ERR  p: [55, 1057], r: 1340532952, e: -9738, error: 389
#ERR  p: [55, 1058], r: 1340532942, e: -9748, error: 390
#ERR  p: [55, 1059], r: 1340532932, e: -9758, error: 391
#ERR  p: [55, 1060], r: 1340532922, e: -9768, error: 392
#ERR  p: [55, 1061], r: 1340532912, e: -9778, error: 393
#ERR  p: [55, 1062], r: 1340532902, e: -9788, error: 394
#ERR  p: [55, 1063], r: 1340532892, e: -9798, error: 395
#ERR  p: [55, 1064], r: 1340532882, e: -9808, error: 396
#ERR  p: [55, 1065], r: 1340532872, e: -9818, error: 397
#ERR  p: [55, 1066], r: 1340532862, e: -9828, error: 398
#ERR  p: [55, 1067], r: 1340532852, e: -9838, error: 399
#ERR  p: [55, 1068], r: 1340532842, e: -9848, error: 400
#ERR  p: [55, 1069], r: 1340532832, e: -9858, error: 401
#ERR  p: [55, 1070], r: 1340532822, e: -9868, error: 402
#ERR  p: [55, 1071], r: 1340532812, e: -9878, error: 403
#ERR  p: [55, 1072], r: 1340532802, e: -9888, error: 404
#ERR  p: [55, 1073], r: 1340532792, e: -9898, error: 405
#ERR  p: [55, 1074], r: 1340532782, e: -9908, error: 406
#ERR  p: [55, 1075], r: 1340532772, e: -9918, error: 407
#ERR  p: [55, 1076], r: 1340532762, e: -9928, error: 408
#ERR  p: [55, 1077], r: 1340532752, e: -9938, error: 409
#ERR  p: [55, 1078], r: 1340532742, e: -9948, error: 410
#ERR  p: [55, 1079], r: 1340532732, e: -9958, error: 411
#ERR  p: [55, 1080], r: 1340532722, e: -9968, error: 412
#ERR  p: [55, 1081], r: 1340532712, e: -9978, error: 413
#ERR  p: [55, 1082], r: 1340532702, e: -9988, error: 414
#ERR  p: [55, 1083], r: 1340532692, e: -9998, error: 415
#ERR  p: [55, 1084], r: 1340532682, e: -10008, error: 416
#ERR  p: [55, 1085], r: 1340532672, e: -10018, error: 417
#ERR  p: [55, 1086], r: 1340532662, e: -10028, error: 418
#ERR  p: [55, 1087], r: 1340532652, e: -10038, error: 419
#ERR  p: [55, 1088], r: 1340532642, e: -10048, error: 420
#ERR  p: [55, 1089], r: 1340532632, e: -10058, error: 421
#ERR  p: [55, 1090], r: 1340532622, e: -10068, error: 422
#ERR  p: [55, 1091], r: 1340532612, e: -10078, error: 423
#ERR  p: [55, 1092], r: 1340532602, e: -10088, error: 424
#ERR  p: [55, 1093], r: 1340532592, e: -10098, error: 425
#ERR  p: [55, 1094], r: 1340532582, e: -10108, error: 426
#ERR  p: [55, 1095], r: 1340532572, e: -10118, error: 427
#ERR  p: [55, 1096], r: 1340532562, e: -10128, error: 428
#ERR  p: [55, 1097], r: 1340532552, e: -10138, error: 429
#ERR  p: [55, 1098], r: 1340532542, e: -10148, error: 430
#ERR  p: [55, 1099], r: 1340532532, e: -10158, error: 431
#ERR  p: [55, 1100], r: 1340532522, e: -10168, error: 432
#ERR  p: [55, 1101], r: 1340532512, e: -10178, error: 433
#ERR  p: [55, 1102], r: 1340532502, e: -10188, error: 434
#ERR  p: [55, 1103], r: 1340532492, e: -10198, error: 435
#ERR  p: [55, 1104], r: 1340532482, e: -10208, error: 436
#ERR  p: [55, 1105], r: 1340532472, e: -10218, error: 437
#ERR  p: [55, 1106], r: 1340532462, e: -10228, error: 438
#ERR  p: [55, 1107], r: 1340532452, e: -10238, error: 439
#ERR  p: [55, 1108], r: 1340532442, e: -10248, error: 440
#ERR  p: [55, 1109], r: 1340532432, e: -10258, error: 441
#ERR  p: [55, 1110], r: 1340532422, e: -10268, error: 442
#ERR  p: [55, 1111], r: 1340532412, e: -10278, error: 443
#ERR  p: [55, 1112], r: 1340532402, e: -10288, error: 444
#ERR  p: [55, 1113], r: 1340532392, e: -10298, error: 445
#ERR  p: [55, 1114], r: 1340532382, e: -10308, error: 446
#ERR  p: [55, 1115], r: 1340532372, e: -10318, error: 447
#ERR  p: [55, 1116], r: 1340532362, e: -10328, error: 448
#ERR  p: [55, 1117], r: 1340532352, e: -10338, error: 449
#ERR  p: [55, 1118], r: 1340532342, e: -10348, error: 450
#ERR  p: [55, 1119], r: 1340532332, e: -10358, error: 451
#ERR  p: [55, 1120], r: 1340532322, e: -10368, error: 452
#ERR  p: [55, 1121], r: 1340532312, e: -10378, error: 453
#ERR  p: [55, 1122], r: 1340532302, e: -10388, error: 454
#ERR  p: [55, 1123], r: 1340532292, e: -10398, error: 455
#ERR  p: [55, 1124], r: 1340532282, e: -10408, error: 456
#ERR  p: [55, 1125], r: 1340532272, e: -10418, error: 457
#ERR  p: [55, 1126], r: 1340532262, e: -10428, error: 458
#ERR  p: [55, 1127], r: 1340532252, e: -10438, error: 459
#ERR  p: [55, 1128], r: 1340532242, e: -10448, error: 460
#ERR  p: [55, 1129], r: 1340532232, e: -10458, error: 461
#ERR  p: [55, 1130], r: 1340532222, e: -10468, error: 462
#ERR  p: [55, 1131], r: 1340532212, e: -10478, error: 463
#ERR  p: [55, 1132], r: 1340532202, e: -10488, error: 464
#ERR  p: [55, 1133], r: 1340532192, e: -10498, error: 465
#ERR  p: [55, 1134], r: 1340532182, e: -10508, error: 466
#ERR  p: [55, 1135], r: 1340532172, e: -10518, error: 467
#ERR  p: [55, 1136], r: 1340532162, e: -10528, error: 468
#ERR  p: [55, 1137], r: 1340532152, e: -10538, error: 469
#ERR  p: [55, 1138], r: 1340532142, e: -10548, error: 470
#ERR  p: [55, 1139], r: 1340532132, e: -10558, error: 471
#ERR  p: [55, 1140], r: 1340532122, e: -10568, error: 472
#ERR  p: [55, 1141], r: 1340532112, e: -10578, error: 473
#ERR  p: [55, 1142], r: 1340532102, e: -10588, error: 474
#ERR  p: [55, 1143], r: 1340532092, e: -10598, error: 475
#ERR  p: [55, 1144], r: 1340532082, e: -10608, error: 476
#ERR  p: [55, 1145], r: 1340532072, e: -10618, error: 477
#ERR  p: [55, 1146], r: 1340532062, e: -10628, error: 478
#ERR  p: [55, 1147], r: 1340532052, e: -10638, error: 479
#ERR  p: [55, 1148], r: 1340532042, e: -10648, error: 480
#ERR  p: [55, 1149], r: 1340532032, e: -10658, error: 481
#ERR  p: [55, 1150], r: 1340532022, e: -10668, error: 482
#ERR  p: [55, 1151], r: 1340532012, e: -10678, error: 483
#ERR  p: [55, 1152], r: 1340532002, e: -10688, error: 484
#ERR  p: [55, 1153], r: 1340531992, e: -10698, error: 485
#ERR  p: [55, 1154], r: 1340531982, e: -10708, error: 486
#ERR  p: [55, 1155], r: 1340531972, e: -10718, error: 487
#ERR  p: [55, 1156], r: 1340531962, e: -10728, error: 488
#ERR  p: [55, 1157], r: 1340531952, e: -10738, error: 489
#ERR  p: [55, 1158], r: 1340531942, e: -10748, error: 490
#ERR  p: [55, 1159], r: 1340531932, e: -10758, error: 491
#ERR  p: [55, 1160], r: 1340531922, e: -10768, error: 492
#ERR  p: [55, 1161], r: 1340531912, e: -10778, error: 493
#ERR  p: [55, 1162], r: 1340531902, e: -10788, error: 494
#ERR  p: [55, 1163], r: 1340531892, e: -10798, error: 495
#ERR  p: [55, 1164], r: 1340531882, e: -10808, error: 496
#ERR  p: [55, 1165], r: 1340531872, e: -10818, error: 497
#ERR  p: [55, 1166], r: 1340531862, e: -10828, error: 498
#ERR  p: [55, 1167], r: 1340531852, e: -10838, error: 499
#SDC Ite:0 KerTime:0.294860 AccTime:0.294860 KerErr:500 AccErr:500
#END