#HEADER max_rows:2048 max_cols:2048 penalty:10
#BEGIN Y:2016 M:09 D:12 Time:15:06:01
#IT Ite:0 KerTime:0.294048 AccTime:0.294048
#ERR Error detected! kerrors = 3984372
#ERR  p: [11, 92], r: 625554951, e: -757, error: 1
#ERR  p: [11, 93], r: 625554941, e: -767, error: 2
#ERR  p: [11, 94], r: 625554931, e: -777, error: 3
#ERR  p: [11, 95], r: 625554921, e: -787, error: 4
#ERR  p: [11, 96], r: 625554911, e: -797, error: 5
#ERR  p: [11, 97], r: 625554901, e: -807, error: 6
#ERR  p: [11, 98], r: 625554891, e: -817, error: 7
#ERR  p: [11, 99], r: 625554881, e: -827, error: 8
#ERR  p: [11, 100], r: 625554871, e: -837, error: 9
#ERR  p: [11, 101], r: 625554861, e: -847, error: 10
#ERR  p: [11, 102], r: 625554851, e: -857, error: 11
#ERR  p: [11, 103], r: 625554841, e: -867, error: 12
#ERR  p: [11, 104], r: 625554831, e: -877, error: 13
#ERR  p: [11, 105], r: 625554821, e: -887, error: 14
#ERR  p: [11, 106], r: 625554811, e: -897, error: 15
#ERR  p: [11, 107], r: 625554801, e: -907, error: 16
#ERR  p: [11, 108], r: 625554791, e: -917, error: 17
#ERR  p: [11, 109], r: 625554781, e: -927, error: 18
#ERR  p: [11, 110], r: 625554771, e: -937, error: 19
#ERR  p: [11, 111], r: 625554761, e: -947, error: 20
#ERR  p: [11, 112], r: 625554751, e: -957, error: 21
#ERR  p: [11, 113], r: 625554741, e: -967, error: 22
#ERR  p: [11, 114], r: 625554731, e: -977, error: 23
#ERR  p: [11, 115], r: 625554721, e: -987, error: 24
#ERR  p: [11, 116], r: 625554711, e: -997, error: 25
#ERR  p: [11, 117], r: 625554701, e: -1007, error: 26
#ERR  p: [11, 118], r: 625554691, e: -1017, error: 27
#ERR  p: [11, 119], r: 625554681, e: -1027, error: 28
#ERR  p: [11, 120], r: 625554671, e: -1037, error: 29
#ERR  p: [11, 121], r: 625554661, e: -1047, error: 30
#ERR  p: [11, 122], r: 625554651, e: -1057, error: 31
#ERR  p: [11, 123], r: 625554641, e: -1061, error: 32
#ERR  p: [11, 124], r: 625554631, e: -1071, error: 33
#ERR  p: [11, 125], r: 625554621, e: -1081, error: 34
#ERR  p: [11, 126], r: 625554611, e: -1091, error: 35
#ERR  p: [11, 127], r: 625554601, e: -1101, error: 36
#ERR  p: [11, 128], r: 625554591, e: -1111, error: 37
#ERR  p: [11, 129], r: 625554581, e: -1121, error: 38
#ERR  p: [11, 130], r: 625554571, e: -1131, error: 39
#ERR  p: [11, 131], r: 625554561, e: -1141, error: 40
#ERR  p: [11, 132], r: 625554551, e: -1151, error: 41
#ERR  p: [11, 133], r: 625554541, e: -1161, error: 42
#ERR  p: [11, 134], r: 625554531, e: -1171, error: 43
#ERR  p: [11, 135], r: 625554521, e: -1181, error: 44
#ERR  p: [11, 136], r: 625554511, e: -1191, error: 45
#ERR  p: [11, 137], r: 625554501, e: -1201, error: 46
#ERR  p: [11, 138], r: 625554491, e: -1211, error: 47
#ERR  p: [11, 139], r: 625554481, e: -1221, error: 48
#ERR  p: [11, 140], r: 625554471, e: -1231, error: 49
#ERR  p: [11, 141], r: 625554461, e: -1241, error: 50
#ERR  p: [11, 142], r: 625554451, e: -1251, error: 51
#ERR  p: [11, 143], r: 625554441, e: -1261, error: 52
#ERR  p: [11, 144], r: 625554431, e: -1271, error: 53
#ERR  p: [11, 145], r: 625554421, e: -1281, error: 54
#ERR  p: [11, 146], r: 625554411, e: -1291, error: 55
#ERR  p: [11, 147], r: 625554401, e: -1301, error: 56
#ERR  p: [11, 148], r: 625554391, e: -1311, error: 57
#ERR  p: [11, 149], r: 625554381, e: -1321, error: 58
#ERR  p: [11, 150], r: 625554371, e: -1331, error: 59
#ERR  p: [11, 151], r: 625554361, e: -1341, error: 60
#ERR  p: [11, 152], r: 625554351, e: -1351, error: 61
#ERR  p: [11, 153], r: 625554341, e: -1361, error: 62
#ERR  p: [11, 154], r: 625554331, e: -1371, error: 63
#ERR  p: [11, 155], r: 625554321, e: -1381, error: 64
#ERR  p: [11, 156], r: 625554311, e: -1391, error: 65
#ERR  p: [11, 157], r: 625554301, e: -1401, error: 66
#ERR  p: [11, 158], r: 625554291, e: -1411, error: 67
#ERR  p: [11, 159], r: 625554281, e: -1421, error: 68
#ERR  p: [11, 160], r: 625554271, e: -1431, error: 69
#ERR  p: [11, 161], r: 625554261, e: -1441, error: 70
#ERR  p: [11, 162], r: 625554251, e: -1451, error: 71
#ERR  p: [11, 163], r: 625554241, e: -1461, error: 72
#ERR  p: [11, 164], r: 625554231, e: -1471, error: 73
#ERR  p: [11, 165], r: 625554221, e: -1481, error: 74
#ERR  p: [11, 166], r: 625554211, e: -1491, error: 75
#ERR  p: [11, 167], r: 625554201, e: -1501, error: 76
#ERR  p: [11, 168], r: 625554191, e: -1511, error: 77
#ERR  p: [11, 169], r: 625554181, e: -1521, error: 78
#ERR  p: [11, 170], r: 625554171, e: -1531, error: 79
#ERR  p: [11, 171], r: 625554161, e: -1541, error: 80
#ERR  p: [11, 172], r: 625554151, e: -1551, error: 81
#ERR  p: [11, 173], r: 625554141, e: -1561, error: 82
#ERR  p: [11, 174], r: 625554131, e: -1571, error: 83
#ERR  p: [11, 175], r: 625554121, e: -1581, error: 84
#ERR  p: [11, 176], r: 625554111, e: -1591, error: 85
#ERR  p: [11, 177], r: 625554101, e: -1601, error: 86
#ERR  p: [11, 178], r: 625554091, e: -1611, error: 87
#ERR  p: [11, 179], r: 625554081, e: -1621, error: 88
#ERR  p: [11, 180], r: 625554071, e: -1631, error: 89
#ERR  p: [11, 181], r: 625554061, e: -1641, error: 90
#ERR  p: [11, 182], r: 625554051, e: -1651, error: 91
#ERR  p: [11, 183], r: 625554041, e: -1661, error: 92
#ERR  p: [11, 184], r: 625554031, e: -1671, error: 93
#ERR  p: [11, 185], r: 625554021, e: -1681, error: 94
#ERR  p: [11, 186], r: 625554011, e: -1691, error: 95
#ERR  p: [11, 187], r: 625554001, e: -1701, error: 96
#ERR  p: [11, 188], r: 625553991, e: -1711, error: 97
#ERR  p: [11, 189], r: 625553981, e: -1721, error: 98
#ERR  p: [11, 190], r: 625553971, e: -1731, error: 99
#ERR  p: [11, 191], r: 625553961, e: -1741, error: 100
#ERR  p: [11, 192], r: 625553951, e: -1751, error: 101
#ERR  p: [11, 193], r: 625553941, e: -1761, error: 102
#ERR  p: [11, 194], r: 625553931, e: -1771, error: 103
#ERR  p: [11, 195], r: 625553921, e: -1781, error: 104
#ERR  p: [11, 196], r: 625553911, e: -1791, error: 105
#ERR  p: [11, 197], r: 625553901, e: -1801, error: 106
#ERR  p: [11, 198], r: 625553891, e: -1811, error: 107
#ERR  p: [11, 199], r: 625553881, e: -1821, error: 108
#ERR  p: [11, 200], r: 625553871, e: -1831, error: 109
#ERR  p: [11, 201], r: 625553861, e: -1841, error: 110
#ERR  p: [11, 202], r: 625553851, e: -1851, error: 111
#ERR  p: [11, 203], r: 625553841, e: -1861, error: 112
#ERR  p: [11, 204], r: 625553831, e: -1871, error: 113
#ERR  p: [11, 205], r: 625553821, e: -1881, error: 114
#ERR  p: [11, 206], r: 625553811, e: -1891, error: 115
#ERR  p: [11, 207], r: 625553801, e: -1901, error: 116
#ERR  p: [11, 208], r: 625553791, e: -1911, error: 117
#ERR  p: [11, 209], r: 625553781, e: -1921, error: 118
#ERR  p: [11, 210], r: 625553771, e: -1931, error: 119
#ERR  p: [11, 211], r: 625553761, e: -1941, error: 120
#ERR  p: [11, 212], r: 625553751, e: -1951, error: 121
#ERR  p: [11, 213], r: 625553741, e: -1961, error: 122
#ERR  p: [11, 214], r: 625553731, e: -1971, error: 123
#ERR  p: [11, 215], r: 625553721, e: -1981, error: 124
#ERR  p: [11, 216], r: 625553711, e: -1991, error: 125
#ERR  p: [11, 217], r: 625553701, e: -2001, error: 126
#ERR  p: [11, 218], r: 625553691, e: -2011, error: 127
#ERR  p: [11, 219], r: 625553681, e: -2021, error: 128
#ERR  p: [11, 220], r: 625553671, e: -2031, error: 129
#ERR  p: [11, 221], r: 625553661, e: -2041, error: 130
#ERR  p: [11, 222], r: 625553651, e: -2051, error: 131
#ERR  p: [11, 223], r: 625553641, e: -2061, error: 132
#ERR  p: [11, 224], r: 625553631, e: -2071, error: 133
#ERR  p: [11, 225], r: 625553621, e: -2081, error: 134
#ERR  p: [11, 226], r: 625553611, e: -2091, error: 135
#ERR  p: [11, 227], r: 625553601, e: -2101, error: 136
#ERR  p: [11, 228], r: 625553591, e: -2111, error: 137
#ERR  p: [11, 229], r: 625553581, e: -2121, error: 138
#ERR  p: [11, 230], r: 625553571, e: -2131, error: 139
#ERR  p: [11, 231], r: 625553561, e: -2141, error: 140
#ERR  p: [11, 232], r: 625553551, e: -2151, error: 141
#ERR  p: [11, 233], r: 625553541, e: -2161, error: 142
#ERR  p: [11, 234], r: 625553531, e: -2171, error: 143
#ERR  p: [11, 235], r: 625553521, e: -2181, error: 144
#ERR  p: [11, 236], r: 625553511, e: -2191, error: 145
#ERR  p: [11, 237], r: 625553501, e: -2201, error: 146
#ERR  p: [11, 238], r: 625553491, e: -2211, error: 147
#ERR  p: [11, 239], r: 625553481, e: -2221, error: 148
#ERR  p: [11, 240], r: 625553471, e: -2231, error: 149
#ERR  p: [11, 241], r: 625553461, e: -2241, error: 150
#ERR  p: [11, 242], r: 625553451, e: -2251, error: 151
#ERR  p: [11, 243], r: 625553441, e: -2261, error: 152
#ERR  p: [11, 244], r: 625553431, e: -2271, error: 153
#ERR  p: [11, 245], r: 625553421, e: -2281, error: 154
#ERR  p: [11, 246], r: 625553411, e: -2291, error: 155
#ERR  p: [11, 247], r: 625553401, e: -2301, error: 156
#ERR  p: [11, 248], r: 625553391, e: -2311, error: 157
#ERR  p: [11, 249], r: 625553381, e: -2321, error: 158
#ERR  p: [11, 250], r: 625553371, e: -2331, error: 159
#ERR  p: [11, 251], r: 625553361, e: -2341, error: 160
#ERR  p: [11, 252], r: 625553351, e: -2351, error: 161
#ERR  p: [11, 253], r: 625553341, e: -2361, error: 162
#ERR  p: [11, 254], r: 625553331, e: -2371, error: 163
#ERR  p: [11, 255], r: 625553321, e: -2381, error: 164
#ERR  p: [11, 256], r: 625553311, e: -2391, error: 165
#ERR  p: [11, 257], r: 625553301, e: -2401, error: 166
#ERR  p: [11, 258], r: 625553291, e: -2411, error: 167
#ERR  p: [11, 259], r: 625553281, e: -2421, error: 168
#ERR  p: [11, 260], r: 625553271, e: -2431, error: 169
#ERR  p: [11, 261], r: 625553261, e: -2441, error: 170
#ERR  p: [11, 262], r: 625553251, e: -2451, error: 171
#ERR  p: [11, 263], r: 625553241, e: -2461, error: 172
#ERR  p: [11, 264], r: 625553231, e: -2471, error: 173
#ERR  p: [11, 265], r: 625553221, e: -2481, error: 174
#ERR  p: [11, 266], r: 625553211, e: -2491, error: 175
#ERR  p: [11, 267], r: 625553201, e: -2501, error: 176
#ERR  p: [11, 268], r: 625553191, e: -2511, error: 177
#ERR  p: [11, 269], r: 625553181, e: -2521, error: 178
#ERR  p: [11, 270], r: 625553171, e: -2531, error: 179
#ERR  p: [11, 271], r: 625553161, e: -2541, error: 180
#ERR  p: [11, 272], r: 625553151, e: -2551, error: 181
#ERR  p: [11, 273], r: 625553141, e: -2561, error: 182
#ERR  p: [11, 274], r: 625553131, e: -2571, error: 183
#ERR  p: [11, 275], r: 625553121, e: -2581, error: 184
#ERR  p: [11, 276], r: 625553111, e: -2591, error: 185
#ERR  p: [11, 277], r: 625553101, e: -2601, error: 186
#ERR  p: [11, 278], r: 625553091, e: -2611, error: 187
#ERR  p: [11, 279], r: 625553081, e: -2621, error: 188
#ERR  p: [11, 280], r: 625553071, e: -2631, error: 189
#ERR  p: [11, 281], r: 625553061, e: -2641, error: 190
#ERR  p: [11, 282], r: 625553051, e: -2651, error: 191
#ERR  p: [11, 283], r: 625553041, e: -2661, error: 192
#ERR  p: [11, 284], r: 625553031, e: -2671, error: 193
#ERR  p: [11, 285], r: 625553021, e: -2681, error: 194
#ERR  p: [11, 286], r: 625553011, e: -2691, error: 195
#ERR  p: [11, 287], r: 625553001, e: -2701, error: 196
#ERR  p: [11, 288], r: 625552991, e: -2711, error: 197
#ERR  p: [11, 289], r: 625552981, e: -2721, error: 198
#ERR  p: [11, 290], r: 625552971, e: -2731, error: 199
#ERR  p: [11, 291], r: 625552961, e: -2741, error: 200
#ERR  p: [11, 292], r: 625552951, e: -2751, error: 201
#ERR  p: [11, 293], r: 625552941, e: -2761, error: 202
#ERR  p: [11, 294], r: 625552931, e: -2771, error: 203
#ERR  p: [11, 295], r: 625552921, e: -2781, error: 204
#ERR  p: [11, 296], r: 625552911, e: -2791, error: 205
#ERR  p: [11, 297], r: 625552901, e: -2801, error: 206
#ERR  p: [11, 298], r: 625552891, e: -2811, error: 207
#ERR  p: [11, 299], r: 625552881, e: -2821, error: 208
#ERR  p: [11, 300], r: 625552871, e: -2831, error: 209
#ERR  p: [11, 301], r: 625552861, e: -2841, error: 210
#ERR  p: [11, 302], r: 625552851, e: -2851, error: 211
#ERR  p: [11, 303], r: 625552841, e: -2860, error: 212
#ERR  p: [11, 304], r: 625552831, e: -2870, error: 213
#ERR  p: [11, 305], r: 625552821, e: -2880, error: 214
#ERR  p: [11, 306], r: 625552811, e: -2890, error: 215
#ERR  p: [11, 307], r: 625552801, e: -2900, error: 216
#ERR  p: [11, 308], r: 625552791, e: -2910, error: 217
#ERR  p: [11, 309], r: 625552781, e: -2920, error: 218
#ERR  p: [11, 310], r: 625552771, e: -2930, error: 219
#ERR  p: [11, 311], r: 625552761, e: -2940, error: 220
#ERR  p: [11, 312], r: 625552751, e: -2950, error: 221
#ERR  p: [11, 313], r: 625552741, e: -2960, error: 222
#ERR  p: [11, 314], r: 625552731, e: -2970, error: 223
#ERR  p: [11, 315], r: 625552721, e: -2980, error: 224
#ERR  p: [11, 316], r: 625552711, e: -2990, error: 225
#ERR  p: [11, 317], r: 625552701, e: -3000, error: 226
#ERR  p: [11, 318], r: 625552691, e: -3010, error: 227
#ERR  p: [11, 319], r: 625552681, e: -3020, error: 228
#ERR  p: [11, 320], r: 625552671, e: -3030, error: 229
#ERR  p: [11, 321], r: 625552661, e: -3040, error: 230
#ERR  p: [11, 322], r: 625552651, e: -3050, error: 231
#ERR  p: [11, 323], r: 625552641, e: -3060, error: 232
#ERR  p: [11, 324], r: 625552631, e: -3070, error: 233
#ERR  p: [11, 325], r: 625552621, e: -3080, error: 234
#ERR  p: [11, 326], r: 625552611, e: -3090, error: 235
#ERR  p: [11, 327], r: 625552601, e: -3100, error: 236
#ERR  p: [11, 328], r: 625552591, e: -3110, error: 237
#ERR  p: [11, 329], r: 625552581, e: -3120, error: 238
#ERR  p: [11, 330], r: 625552571, e: -3130, error: 239
#ERR  p: [11, 331], r: 625552561, e: -3140, error: 240
#ERR  p: [11, 332], r: 625552551, e: -3150, error: 241
#ERR  p: [11, 333], r: 625552541, e: -3160, error: 242
#ERR  p: [11, 334], r: 625552531, e: -3170, error: 243
#ERR  p: [11, 335], r: 625552521, e: -3180, error: 244
#ERR  p: [11, 336], r: 625552511, e: -3190, error: 245
#ERR  p: [11, 337], r: 625552501, e: -3200, error: 246
#ERR  p: [11, 338], r: 625552491, e: -3210, error: 247
#ERR  p: [11, 339], r: 625552481, e: -3220, error: 248
#ERR  p: [11, 340], r: 625552471, e: -3230, error: 249
#ERR  p: [11, 341], r: 625552461, e: -3240, error: 250
#ERR  p: [11, 342], r: 625552451, e: -3250, error: 251
#ERR  p: [11, 343], r: 625552441, e: -3260, error: 252
#ERR  p: [11, 344], r: 625552431, e: -3270, error: 253
#ERR  p: [11, 345], r: 625552421, e: -3280, error: 254
#ERR  p: [11, 346], r: 625552411, e: -3290, error: 255
#ERR  p: [11, 347], r: 625552401, e: -3300, error: 256
#ERR  p: [11, 348], r: 625552391, e: -3310, error: 257
#ERR  p: [11, 349], r: 625552381, e: -3320, error: 258
#ERR  p: [11, 350], r: 625552371, e: -3330, error: 259
#ERR  p: [11, 351], r: 625552361, e: -3340, error: 260
#ERR  p: [11, 352], r: 625552351, e: -3350, error: 261
#ERR  p: [11, 353], r: 625552341, e: -3360, error: 262
#ERR  p: [11, 354], r: 625552331, e: -3370, error: 263
#ERR  p: [11, 355], r: 625552321, e: -3380, error: 264
#ERR  p: [11, 356], r: 625552311, e: -3390, error: 265
#ERR  p: [11, 357], r: 625552301, e: -3400, error: 266
#ERR  p: [11, 358], r: 625552291, e: -3410, error: 267
#ERR  p: [11, 359], r: 625552281, e: -3420, error: 268
#ERR  p: [11, 360], r: 625552271, e: -3430, error: 269
#ERR  p: [11, 361], r: 625552261, e: -3440, error: 270
#ERR  p: [11, 362], r: 625552251, e: -3450, error: 271
#ERR  p: [11, 363], r: 625552241, e: -3460, error: 272
#ERR  p: [11, 364], r: 625552231, e: -3470, error: 273
#ERR  p: [11, 365], r: 625552221, e: -3480, error: 274
#ERR  p: [11, 366], r: 625552211, e: -3490, error: 275
#ERR  p: [11, 367], r: 625552201, e: -3500, error: 276
#ERR  p: [11, 368], r: 625552191, e: -3510, error: 277
#ERR  p: [11, 369], r: 625552181, e: -3520, error: 278
#ERR  p: [11, 370], r: 625552171, e: -3530, error: 279
#ERR  p: [11, 371], r: 625552161, e: -3540, error: 280
#ERR  p: [11, 372], r: 625552151, e: -3550, error: 281
#ERR  p: [11, 373], r: 625552141, e: -3560, error: 282
#ERR  p: [11, 374], r: 625552131, e: -3570, error: 283
#ERR  p: [11, 375], r: 625552121, e: -3580, error: 284
#ERR  p: [11, 376], r: 625552111, e: -3590, error: 285
#ERR  p: [11, 377], r: 625552101, e: -3600, error: 286
#ERR  p: [11, 378], r: 625552091, e: -3610, error: 287
#ERR  p: [11, 379], r: 625552081, e: -3620, error: 288
#ERR  p: [11, 380], r: 625552071, e: -3630, error: 289
#ERR  p: [11, 381], r: 625552061, e: -3640, error: 290
#ERR  p: [11, 382], r: 625552051, e: -3650, error: 291
#ERR  p: [11, 383], r: 625552041, e: -3660, error: 292
#ERR  p: [11, 384], r: 625552031, e: -3670, error: 293
#ERR  p: [11, 385], r: 625552021, e: -3680, error: 294
#ERR  p: [11, 386], r: 625552011, e: -3690, error: 295
#ERR  p: [11, 387], r: 625552001, e: -3700, error: 296
#ERR  p: [11, 388], r: 625551991, e: -3710, error: 297
#ERR  p: [11, 389], r: 625551981, e: -3720, error: 298
#ERR  p: [11, 390], r: 625551971, e: -3730, error: 299
#ERR  p: [11, 391], r: 625551961, e: -3740, error: 300
#ERR  p: [11, 392], r: 625551951, e: -3750, error: 301
#ERR  p: [11, 393], r: 625551941, e: -3760, error: 302
#ERR  p: [11, 394], r: 625551931, e: -3770, error: 303
#ERR  p: [11, 395], r: 625551921, e: -3780, error: 304
#ERR  p: [11, 396], r: 625551911, e: -3790, error: 305
#ERR  p: [11, 397], r: 625551901, e: -3800, error: 306
#ERR  p: [11, 398], r: 625551891, e: -3810, error: 307
#ERR  p: [11, 399], r: 625551881, e: -3820, error: 308
#ERR  p: [11, 400], r: 625551871, e: -3830, error: 309
#ERR  p: [11, 401], r: 625551861, e: -3840, error: 310
#ERR  p: [11, 402], r: 625551851, e: -3850, error: 311
#ERR  p: [11, 403], r: 625551841, e: -3860, error: 312
#ERR  p: [11, 404], r: 625551831, e: -3870, error: 313
#ERR  p: [11, 405], r: 625551821, e: -3880, error: 314
#ERR  p: [11, 406], r: 625551811, e: -3890, error: 315
#ERR  p: [11, 407], r: 625551801, e: -3900, error: 316
#ERR  p: [11, 408], r: 625551791, e: -3910, error: 317
#ERR  p: [11, 409], r: 625551781, e: -3920, error: 318
#ERR  p: [11, 410], r: 625551771, e: -3930, error: 319
#ERR  p: [11, 411], r: 625551761, e: -3940, error: 320
#ERR  p: [11, 412], r: 625551751, e: -3950, error: 321
#ERR  p: [11, 413], r: 625551741, e: -3960, error: 322
#ERR  p: [11, 414], r: 625551731, e: -3970, error: 323
#ERR  p: [11, 415], r: 625551721, e: -3980, error: 324
#ERR  p: [11, 416], r: 625551711, e: -3990, error: 325
#ERR  p: [11, 417], r: 625551701, e: -4000, error: 326
#ERR  p: [11, 418], r: 625551691, e: -4010, error: 327
#ERR  p: [11, 419], r: 625551681, e: -4020, error: 328
#ERR  p: [11, 420], r: 625551671, e: -4030, error: 329
#ERR  p: [11, 421], r: 625551661, e: -4040, error: 330
#ERR  p: [11, 422], r: 625551651, e: -4050, error: 331
#ERR  p: [11, 423], r: 625551641, e: -4060, error: 332
#ERR  p: [11, 424], r: 625551631, e: -4070, error: 333
#ERR  p: [11, 425], r: 625551621, e: -4080, error: 334
#ERR  p: [11, 426], r: 625551611, e: -4090, error: 335
#ERR  p: [11, 427], r: 625551601, e: -4100, error: 336
#ERR  p: [11, 428], r: 625551591, e: -4110, error: 337
#ERR  p: [11, 429], r: 625551581, e: -4120, error: 338
#ERR  p: [11, 430], r: 625551571, e: -4130, error: 339
#ERR  p: [11, 431], r: 625551561, e: -4140, error: 340
#ERR  p: [11, 432], r: 625551551, e: -4150, error: 341
#ERR  p: [11, 433], r: 625551541, e: -4160, error: 342
#ERR  p: [11, 434], r: 625551531, e: -4170, error: 343
#ERR  p: [11, 435], r: 625551521, e: -4180, error: 344
#ERR  p: [11, 436], r: 625551511, e: -4190, error: 345
#ERR  p: [11, 437], r: 625551501, e: -4200, error: 346
#ERR  p: [11, 438], r: 625551491, e: -4210, error: 347
#ERR  p: [11, 439], r: 625551481, e: -4220, error: 348
#ERR  p: [11, 440], r: 625551471, e: -4230, error: 349
#ERR  p: [11, 441], r: 625551461, e: -4240, error: 350
#ERR  p: [11, 442], r: 625551451, e: -4250, error: 351
#ERR  p: [11, 443], r: 625551441, e: -4260, error: 352
#ERR  p: [11, 444], r: 625551431, e: -4270, error: 353
#ERR  p: [11, 445], r: 625551421, e: -4280, error: 354
#ERR  p: [11, 446], r: 625551411, e: -4290, error: 355
#ERR  p: [11, 447], r: 625551401, e: -4300, error: 356
#ERR  p: [11, 448], r: 625551391, e: -4310, error: 357
#ERR  p: [11, 449], r: 625551381, e: -4320, error: 358
#ERR  p: [11, 450], r: 625551371, e: -4330, error: 359
#ERR  p: [11, 451], r: 625551361, e: -4340, error: 360
#ERR  p: [11, 452], r: 625551351, e: -4350, error: 361
#ERR  p: [11, 453], r: 625551341, e: -4360, error: 362
#ERR  p: [11, 454], r: 625551331, e: -4370, error: 363
#ERR  p: [11, 455], r: 625551321, e: -4380, error: 364
#ERR  p: [11, 456], r: 625551311, e: -4390, error: 365
#ERR  p: [11, 457], r: 625551301, e: -4400, error: 366
#ERR  p: [11, 458], r: 625551291, e: -4410, error: 367
#ERR  p: [11, 459], r: 625551281, e: -4420, error: 368
#ERR  p: [11, 460], r: 625551271, e: -4430, error: 369
#ERR  p: [11, 461], r: 625551261, e: -4440, error: 370
#ERR  p: [11, 462], r: 625551251, e: -4450, error: 371
#ERR  p: [11, 463], r: 625551241, e: -4460, error: 372
#ERR  p: [11, 464], r: 625551231, e: -4470, error: 373
#ERR  p: [11, 465], r: 625551221, e: -4480, error: 374
#ERR  p: [11, 466], r: 625551211, e: -4490, error: 375
#ERR  p: [11, 467], r: 625551201, e: -4500, error: 376
#ERR  p: [11, 468], r: 625551191, e: -4510, error: 377
#ERR  p: [11, 469], r: 625551181, e: -4520, error: 378
#ERR  p: [11, 470], r: 625551171, e: -4530, error: 379
#ERR  p: [11, 471], r: 625551161, e: -4540, error: 380
#ERR  p: [11, 472], r: 625551151, e: -4550, error: 381
#ERR  p: [11, 473], r: 625551141, e: -4560, error: 382
#ERR  p: [11, 474], r: 625551131, e: -4570, error: 383
#ERR  p: [11, 475], r: 625551121, e: -4580, error: 384
#ERR  p: [11, 476], r: 625551111, e: -4590, error: 385
#ERR  p: [11, 477], r: 625551101, e: -4600, error: 386
#ERR  p: [11, 478], r: 625551091, e: -4610, error: 387
#ERR  p: [11, 479], r: 625551081, e: -4620, error: 388
#ERR  p: [11, 480], r: 625551071, e: -4630, error: 389
#ERR  p: [11, 481], r: 625551061, e: -4640, error: 390
#ERR  p: [11, 482], r: 625551051, e: -4650, error: 391
#ERR  p: [11, 483], r: 625551041, e: -4660, error: 392
#ERR  p: [11, 484], r: 625551031, e: -4670, error: 393
#ERR  p: [11, 485], r: 625551021, e: -4680, error: 394
#ERR  p: [11, 486], r: 625551011, e: -4690, error: 395
#ERR  p: [11, 487], r: 625551001, e: -4700, error: 396
#ERR  p: [11, 488], r: 625550991, e: -4710, error: 397
#ERR  p: [11, 489], r: 625550981, e: -4720, error: 398
#ERR  p: [11, 490], r: 625550971, e: -4730, error: 399
#ERR  p: [11, 491], r: 625550961, e: -4740, error: 400
#ERR  p: [11, 492], r: 625550951, e: -4750, error: 401
#ERR  p: [11, 493], r: 625550941, e: -4760, error: 402
#ERR  p: [11, 494], r: 625550931, e: -4770, error: 403
#ERR  p: [11, 495], r: 625550921, e: -4780, error: 404
#ERR  p: [11, 496], r: 625550911, e: -4790, error: 405
#ERR  p: [11, 497], r: 625550901, e: -4800, error: 406
#ERR  p: [11, 498], r: 625550891, e: -4810, error: 407
#ERR  p: [11, 499], r: 625550881, e: -4820, error: 408
#ERR  p: [11, 500], r: 625550871, e: -4830, error: 409
#ERR  p: [11, 501], r: 625550861, e: -4840, error: 410
#ERR  p: [11, 502], r: 625550851, e: -4850, error: 411
#ERR  p: [11, 503], r: 625550841, e: -4860, error: 412
#ERR  p: [11, 504], r: 625550831, e: -4870, error: 413
#ERR  p: [11, 505], r: 625550821, e: -4880, error: 414
#ERR  p: [11, 506], r: 625550811, e: -4890, error: 415
#ERR  p: [11, 507], r: 625550801, e: -4900, error: 416
#ERR  p: [11, 508], r: 625550791, e: -4910, error: 417
#ERR  p: [11, 509], r: 625550781, e: -4920, error: 418
#ERR  p: [11, 510], r: 625550771, e: -4930, error: 419
#ERR  p: [11, 511], r: 625550761, e: -4940, error: 420
#ERR  p: [11, 512], r: 625550751, e: -4950, error: 421
#ERR  p: [11, 513], r: 625550741, e: -4960, error: 422
#ERR  p: [11, 514], r: 625550731, e: -4970, error: 423
#ERR  p: [11, 515], r: 625550721, e: -4980, error: 424
#ERR  p: [11, 516], r: 625550711, e: -4990, error: 425
#ERR  p: [11, 517], r: 625550701, e: -5000, error: 426
#ERR  p: [11, 518], r: 625550691, e: -5010, error: 427
#ERR  p: [11, 519], r: 625550681, e: -5020, error: 428
#ERR  p: [11, 520], r: 625550671, e: -5030, error: 429
#ERR  p: [11, 521], r: 625550661, e: -5040, error: 430
#ERR  p: [11, 522], r: 625550651, e: -5050, error: 431
#ERR  p: [11, 523], r: 625550641, e: -5060, error: 432
#ERR  p: [11, 524], r: 625550631, e: -5070, error: 433
#ERR  p: [11, 525], r: 625550621, e: -5080, error: 434
#ERR  p: [11, 526], r: 625550611, e: -5090, error: 435
#ERR  p: [11, 527], r: 625550601, e: -5100, error: 436
#ERR  p: [11, 528], r: 625550591, e: -5110, error: 437
#ERR  p: [11, 529], r: 625550581, e: -5120, error: 438
#ERR  p: [11, 530], r: 625550571, e: -5130, error: 439
#ERR  p: [11, 531], r: 625550561, e: -5140, error: 440
#ERR  p: [11, 532], r: 625550551, e: -5150, error: 441
#ERR  p: [11, 533], r: 625550541, e: -5160, error: 442
#ERR  p: [11, 534], r: 625550531, e: -5170, error: 443
#ERR  p: [11, 535], r: 625550521, e: -5180, error: 444
#ERR  p: [11, 536], r: 625550511, e: -5190, error: 445
#ERR  p: [11, 537], r: 625550501, e: -5200, error: 446
#ERR  p: [11, 538], r: 625550491, e: -5210, error: 447
#ERR  p: [11, 539], r: 625550481, e: -5220, error: 448
#ERR  p: [11, 540], r: 625550471, e: -5230, error: 449
#ERR  p: [11, 541], r: 625550461, e: -5240, error: 450
#ERR  p: [11, 542], r: 625550451, e: -5250, error: 451
#ERR  p: [11, 543], r: 625550441, e: -5260, error: 452
#ERR  p: [11, 544], r: 625550431, e: -5270, error: 453
#ERR  p: [11, 545], r: 625550421, e: -5280, error: 454
#ERR  p: [11, 546], r: 625550411, e: -5290, error: 455
#ERR  p: [11, 547], r: 625550401, e: -5300, error: 456
#ERR  p: [11, 548], r: 625550391, e: -5310, error: 457
#ERR  p: [11, 549], r: 625550381, e: -5320, error: 458
#ERR  p: [11, 550], r: 625550371, e: -5330, error: 459
#ERR  p: [11, 551], r: 625550361, e: -5340, error: 460
#ERR  p: [11, 552], r: 625550351, e: -5350, error: 461
#ERR  p: [11, 553], r: 625550341, e: -5360, error: 462
#ERR  p: [11, 554], r: 625550331, e: -5370, error: 463
#ERR  p: [11, 555], r: 625550321, e: -5380, error: 464
#ERR  p: [11, 556], r: 625550311, e: -5390, error: 465
#ERR  p: [11, 557], r: 625550301, e: -5400, error: 466
#ERR  p: [11, 558], r: 625550291, e: -5410, error: 467
#ERR  p: [11, 559], r: 625550281, e: -5420, error: 468
#ERR  p: [11, 560], r: 625550271, e: -5430, error: 469
#ERR  p: [11, 561], r: 625550261, e: -5440, error: 470
#ERR  p: [11, 562], r: 625550251, e: -5450, error: 471
#ERR  p: [11, 563], r: 625550241, e: -5460, error: 472
#ERR  p: [11, 564], r: 625550231, e: -5470, error: 473
#ERR  p: [11, 565], r: 625550221, e: -5480, error: 474
#ERR  p: [11, 566], r: 625550211, e: -5490, error: 475
#ERR  p: [11, 567], r: 625550201, e: -5500, error: 476
#ERR  p: [11, 568], r: 625550191, e: -5510, error: 477
#ERR  p: [11, 569], r: 625550181, e: -5520, error: 478
#ERR  p: [11, 570], r: 625550171, e: -5530, error: 479
#ERR  p: [11, 571], r: 625550161, e: -5540, error: 480
#ERR  p: [11, 572], r: 625550151, e: -5550, error: 481
#ERR  p: [11, 573], r: 625550141, e: -5560, error: 482
#ERR  p: [11, 574], r: 625550131, e: -5570, error: 483
#ERR  p: [11, 575], r: 625550121, e: -5580, error: 484
#ERR  p: [11, 576], r: 625550111, e: -5590, error: 485
#ERR  p: [11, 577], r: 625550101, e: -5600, error: 486
#ERR  p: [11, 578], r: 625550091, e: -5610, error: 487
#ERR  p: [11, 579], r: 625550081, e: -5620, error: 488
#ERR  p: [11, 580], r: 625550071, e: -5630, error: 489
#ERR  p: [11, 581], r: 625550061, e: -5640, error: 490
#ERR  p: [11, 582], r: 625550051, e: -5650, error: 491
#ERR  p: [11, 583], r: 625550041, e: -5660, error: 492
#ERR  p: [11, 584], r: 625550031, e: -5670, error: 493
#ERR  p: [11, 585], r: 625550021, e: -5680, error: 494
#ERR  p: [11, 586], r: 625550011, e: -5690, error: 495
#ERR  p: [11, 587], r: 625550001, e: -5700, error: 496
#ERR  p: [11, 588], r: 625549991, e: -5710, error: 497
#ERR  p: [11, 589], r: 625549981, e: -5720, error: 498
#ERR  p: [11, 590], r: 625549971, e: -5730, error: 499
#SDC Ite:0 KerTime:0.294048 AccTime:0.294048 KerErr:500 AccErr:500
#END