#HEADER max_rows:2048 max_cols:2048 penalty:10
#BEGIN Y:2016 M:09 D:12 Time:15:57:15
#IT Ite:0 KerTime:0.294563 AccTime:0.294563
#ERR Error detected! kerrors = 1603580
#ERR  p: [1260, 13], r: 262715110, e: -12406, error: 1
#ERR  p: [1260, 14], r: 262715100, e: -12392, error: 2
#ERR  p: [1260, 15], r: 262715090, e: -12377, error: 3
#ERR  p: [1260, 16], r: 262715080, e: -12358, error: 4
#ERR  p: [1260, 17], r: 262715070, e: -12337, error: 5
#ERR  p: [1260, 18], r: 262715060, e: -12323, error: 6
#ERR  p: [1260, 19], r: 262715050, e: -12309, error: 7
#ERR  p: [1260, 20], r: 262715040, e: -12293, error: 8
#ERR  p: [1260, 21], r: 262715030, e: -12278, error: 9
#ERR  p: [1260, 22], r: 262715020, e: -12263, error: 10
#ERR  p: [1260, 23], r: 262715010, e: -12245, error: 11
#ERR  p: [1260, 24], r: 262715000, e: -12231, error: 12
#ERR  p: [1260, 25], r: 262714990, e: -12210, error: 13
#ERR  p: [1260, 26], r: 262714980, e: -12189, error: 14
#ERR  p: [1260, 27], r: 262714970, e: -12173, error: 15
#ERR  p: [1260, 28], r: 262714960, e: -12159, error: 16
#ERR  p: [1260, 29], r: 262714950, e: -12145, error: 17
#ERR  p: [1260, 30], r: 262714940, e: -12124, error: 18
#ERR  p: [1260, 31], r: 262714930, e: -12108, error: 19
#ERR  p: [1260, 32], r: 262714920, e: -12092, error: 20
#ERR  p: [1260, 33], r: 262714910, e: -12075, error: 21
#ERR  p: [1260, 34], r: 262714900, e: -12059, error: 22
#ERR  p: [1260, 35], r: 262714890, e: -12044, error: 23
#ERR  p: [1260, 36], r: 262714880, e: -12029, error: 24
#ERR  p: [1260, 37], r: 262714870, e: -12014, error: 25
#ERR  p: [1260, 38], r: 262714860, e: -12000, error: 26
#ERR  p: [1260, 39], r: 262714850, e: -11984, error: 27
#ERR  p: [1260, 40], r: 262714840, e: -11968, error: 28
#ERR  p: [1260, 41], r: 262714830, e: -11954, error: 29
#ERR  p: [1260, 42], r: 262714820, e: -11935, error: 30
#ERR  p: [1260, 43], r: 262714810, e: -11925, error: 31
#ERR  p: [1260, 44], r: 262714800, e: -11907, error: 32
#ERR  p: [1260, 45], r: 262714790, e: -11891, error: 33
#ERR  p: [1260, 46], r: 262714780, e: -11870, error: 34
#ERR  p: [1260, 47], r: 262714770, e: -11859, error: 35
#ERR  p: [1260, 48], r: 262714760, e: -11848, error: 36
#ERR  p: [1260, 49], r: 262714750, e: -11834, error: 37
#ERR  p: [1260, 50], r: 262714740, e: -11819, error: 38
#ERR  p: [1260, 51], r: 262714730, e: -11803, error: 39
#ERR  p: [1260, 52], r: 262714720, e: -11789, error: 40
#ERR  p: [1260, 53], r: 262714710, e: -11775, error: 41
#ERR  p: [1260, 54], r: 262714700, e: -11764, error: 42
#ERR  p: [1260, 55], r: 262714690, e: -11746, error: 43
#ERR  p: [1260, 56], r: 262714680, e: -11730, error: 44
#ERR  p: [1260, 57], r: 262714670, e: -11720, error: 45
#ERR  p: [1260, 58], r: 262714660, e: -11704, error: 46
#ERR  p: [1260, 59], r: 262714650, e: -11687, error: 47
#ERR  p: [1260, 60], r: 262714640, e: -11673, error: 48
#ERR  p: [1260, 61], r: 262714630, e: -11659, error: 49
#ERR  p: [1260, 62], r: 262714620, e: -11645, error: 50
#ERR  p: [1260, 63], r: 262714610, e: -11630, error: 51
#ERR  p: [1260, 64], r: 262714600, e: -11615, error: 52
#ERR  p: [1260, 65], r: 262714590, e: -11597, error: 53
#ERR  p: [1260, 66], r: 262714580, e: -11583, error: 54
#ERR  p: [1260, 67], r: 262714570, e: -11569, error: 55
#ERR  p: [1260, 68], r: 262714560, e: -11556, error: 56
#ERR  p: [1260, 69], r: 262714550, e: -11545, error: 57
#ERR  p: [1260, 70], r: 262714540, e: -11529, error: 58
#ERR  p: [1260, 71], r: 262714530, e: -11513, error: 59
#ERR  p: [1260, 72], r: 262714520, e: -11502, error: 60
#ERR  p: [1260, 73], r: 262714510, e: -11485, error: 61
#ERR  p: [1260, 74], r: 262714500, e: -11471, error: 62
#ERR  p: [1260, 75], r: 262714490, e: -11458, error: 63
#ERR  p: [1260, 76], r: 262714480, e: -11437, error: 64
#ERR  p: [1260, 77], r: 262714470, e: -11426, error: 65
#ERR  p: [1260, 78], r: 262714460, e: -11410, error: 66
#ERR  p: [1260, 79], r: 262714450, e: -11396, error: 67
#ERR  p: [1260, 80], r: 262714440, e: -11380, error: 68
#ERR  p: [1260, 81], r: 262714430, e: -11366, error: 69
#ERR  p: [1260, 82], r: 262714420, e: -11357, error: 70
#ERR  p: [1260, 83], r: 262714410, e: -11343, error: 71
#ERR  p: [1260, 84], r: 262714400, e: -11329, error: 72
#ERR  p: [1260, 85], r: 262714390, e: -11312, error: 73
#ERR  p: [1260, 86], r: 262714380, e: -11291, error: 74
#ERR  p: [1260, 87], r: 262714370, e: -11276, error: 75
#ERR  p: [1260, 88], r: 262714360, e: -11262, error: 76
#ERR  p: [1260, 89], r: 262714350, e: -11248, error: 77
#ERR  p: [1260, 90], r: 262714340, e: -11236, error: 78
#ERR  p: [1260, 91], r: 262714330, e: -11222, error: 79
#ERR  p: [1260, 92], r: 262714320, e: -11209, error: 80
#ERR  p: [1260, 93], r: 262714310, e: -11198, error: 81
#ERR  p: [1260, 94], r: 262714300, e: -11187, error: 82
#ERR  p: [1260, 95], r: 262714290, e: -11173, error: 83
#ERR  p: [1260, 96], r: 262714280, e: -11163, error: 84
#ERR  p: [1260, 97], r: 262714270, e: -11148, error: 85
#ERR  p: [1260, 98], r: 262714260, e: -11134, error: 86
#ERR  p: [1260, 99], r: 262714250, e: -11122, error: 87
#ERR  p: [1260, 100], r: 262714240, e: -11109, error: 88
#ERR  p: [1260, 101], r: 262714230, e: -11096, error: 89
#ERR  p: [1260, 102], r: 262714220, e: -11078, error: 90
#ERR  p: [1260, 103], r: 262714210, e: -11063, error: 91
#ERR  p: [1260, 104], r: 262714200, e: -11053, error: 92
#ERR  p: [1260, 105], r: 262714190, e: -11039, error: 93
#ERR  p: [1260, 106], r: 262714180, e: -11029, error: 94
#ERR  p: [1260, 107], r: 262714170, e: -11016, error: 95
#ERR  p: [1260, 108], r: 262714160, e: -11006, error: 96
#ERR  p: [1260, 109], r: 262714150, e: -10992, error: 97
#ERR  p: [1260, 110], r: 262714140, e: -10980, error: 98
#ERR  p: [1260, 111], r: 262714130, e: -10962, error: 99
#ERR  p: [1260, 112], r: 262714120, e: -10946, error: 100
#ERR  p: [1260, 113], r: 262714110, e: -10935, error: 101
#ERR  p: [1260, 114], r: 262714100, e: -10921, error: 102
#ERR  p: [1260, 115], r: 262714090, e: -10908, error: 103
#ERR  p: [1260, 116], r: 262714080, e: -10893, error: 104
#ERR  p: [1260, 117], r: 262714070, e: -10872, error: 105
#ERR  p: [1260, 118], r: 262714060, e: -10864, error: 106
#ERR  p: [1260, 119], r: 262714050, e: -10848, error: 107
#ERR  p: [1260, 120], r: 262714040, e: -10838, error: 108
#ERR  p: [1260, 121], r: 262714030, e: -10826, error: 109
#ERR  p: [1260, 122], r: 262714020, e: -10810, error: 110
#ERR  p: [1260, 123], r: 262714010, e: -10796, error: 111
#ERR  p: [1260, 124], r: 262714000, e: -10780, error: 112
#ERR  p: [1260, 125], r: 262713990, e: -10769, error: 113
#ERR  p: [1260, 126], r: 262713980, e: -10755, error: 114
#ERR  p: [1260, 127], r: 262713970, e: -10741, error: 115
#ERR  p: [1260, 128], r: 262713960, e: -10726, error: 116
#ERR  p: [1260, 129], r: 262713950, e: -10711, error: 117
#ERR  p: [1260, 130], r: 262713940, e: -10695, error: 118
#ERR  p: [1260, 131], r: 262713930, e: -10689, error: 119
#ERR  p: [1260, 132], r: 262713920, e: -10674, error: 120
#ERR  p: [1260, 133], r: 262713910, e: -10664, error: 121
#ERR  p: [1260, 134], r: 262713900, e: -10648, error: 122
#ERR  p: [1260, 135], r: 262713890, e: -10633, error: 123
#ERR  p: [1260, 136], r: 262713880, e: -10619, error: 124
#ERR  p: [1260, 137], r: 262713870, e: -10605, error: 125
#ERR  p: [1260, 138], r: 262713860, e: -10591, error: 126
#ERR  p: [1260, 139], r: 262713850, e: -10577, error: 127
#ERR  p: [1260, 140], r: 262713840, e: -10566, error: 128
#ERR  p: [1260, 141], r: 262713830, e: -10552, error: 129
#ERR  p: [1260, 142], r: 262713820, e: -10537, error: 130
#ERR  p: [1260, 143], r: 262713810, e: -10525, error: 131
#ERR  p: [1260, 144], r: 262713800, e: -10509, error: 132
#ERR  p: [1260, 145], r: 262713790, e: -10503, error: 133
#ERR  p: [1260, 146], r: 262713780, e: -10491, error: 134
#ERR  p: [1260, 147], r: 262713770, e: -10476, error: 135
#ERR  p: [1260, 148], r: 262713760, e: -10462, error: 136
#ERR  p: [1260, 149], r: 262713750, e: -10451, error: 137
#ERR  p: [1260, 150], r: 262713740, e: -10436, error: 138
#ERR  p: [1260, 151], r: 262713730, e: -10422, error: 139
#ERR  p: [1260, 152], r: 262713720, e: -10414, error: 140
#ERR  p: [1260, 153], r: 262713710, e: -10402, error: 141
#ERR  p: [1260, 154], r: 262713700, e: -10388, error: 142
#ERR  p: [1260, 155], r: 262713690, e: -10373, error: 143
#ERR  p: [1260, 156], r: 262713680, e: -10359, error: 144
#ERR  p: [1260, 157], r: 262713670, e: -10342, error: 145
#ERR  p: [1260, 158], r: 262713660, e: -10327, error: 146
#ERR  p: [1260, 159], r: 262713650, e: -10313, error: 147
#ERR  p: [1260, 160], r: 262713640, e: -10302, error: 148
#ERR  p: [1260, 161], r: 262713630, e: -10281, error: 149
#ERR  p: [1260, 162], r: 262713620, e: -10272, error: 150
#ERR  p: [1260, 163], r: 262713610, e: -10266, error: 151
#ERR  p: [1260, 164], r: 262713600, e: -10254, error: 152
#ERR  p: [1260, 165], r: 262713590, e: -10238, error: 153
#ERR  p: [1260, 166], r: 262713580, e: -10227, error: 154
#ERR  p: [1260, 167], r: 262713570, e: -10214, error: 155
#ERR  p: [1260, 168], r: 262713560, e: -10200, error: 156
#ERR  p: [1260, 169], r: 262713550, e: -10186, error: 157
#ERR  p: [1260, 170], r: 262713540, e: -10177, error: 158
#ERR  p: [1260, 171], r: 262713530, e: -10164, error: 159
#ERR  p: [1260, 172], r: 262713520, e: -10155, error: 160
#ERR  p: [1260, 173], r: 262713510, e: -10134, error: 161
#ERR  p: [1260, 174], r: 262713500, e: -10124, error: 162
#ERR  p: [1260, 175], r: 262713490, e: -10110, error: 163
#ERR  p: [1260, 176], r: 262713480, e: -10095, error: 164
#ERR  p: [1260, 177], r: 262713470, e: -10081, error: 165
#ERR  p: [1260, 178], r: 262713460, e: -10067, error: 166
#ERR  p: [1260, 179], r: 262713450, e: -10051, error: 167
#ERR  p: [1260, 180], r: 262713440, e: -10041, error: 168
#ERR  p: [1260, 181], r: 262713430, e: -10032, error: 169
#ERR  p: [1260, 182], r: 262713420, e: -10018, error: 170
#ERR  p: [1260, 183], r: 262713410, e: -10004, error: 171
#ERR  p: [1260, 184], r: 262713400, e: -9989, error: 172
#ERR  p: [1260, 185], r: 262713390, e: -9973, error: 173
#ERR  p: [1260, 186], r: 262713380, e: -9960, error: 174
#ERR  p: [1260, 187], r: 262713370, e: -9952, error: 175
#ERR  p: [1260, 188], r: 262713360, e: -9939, error: 176
#ERR  p: [1260, 189], r: 262713350, e: -9923, error: 177
#ERR  p: [1260, 190], r: 262713340, e: -9911, error: 178
#ERR  p: [1260, 191], r: 262713330, e: -9901, error: 179
#ERR  p: [1260, 192], r: 262713320, e: -9890, error: 180
#ERR  p: [1260, 193], r: 262713310, e: -9876, error: 181
#ERR  p: [1260, 194], r: 262713300, e: -9864, error: 182
#ERR  p: [1260, 195], r: 262713290, e: -9851, error: 183
#ERR  p: [1260, 196], r: 262713280, e: -9835, error: 184
#ERR  p: [1260, 197], r: 262713270, e: -9825, error: 185
#ERR  p: [1260, 198], r: 262713260, e: -9814, error: 186
#ERR  p: [1260, 199], r: 262713250, e: -9800, error: 187
#ERR  p: [1260, 200], r: 262713240, e: -9788, error: 188
#ERR  p: [1260, 201], r: 262713230, e: -9775, error: 189
#ERR  p: [1260, 202], r: 262713220, e: -9764, error: 190
#ERR  p: [1260, 203], r: 262713210, e: -9743, error: 191
#ERR  p: [1260, 204], r: 262713200, e: -9734, error: 192
#ERR  p: [1260, 205], r: 262713190, e: -9728, error: 193
#ERR  p: [1260, 206], r: 262713180, e: -9713, error: 194
#ERR  p: [1260, 207], r: 262713170, e: -9699, error: 195
#ERR  p: [1260, 208], r: 262713160, e: -9689, error: 196
#ERR  p: [1260, 209], r: 262713150, e: -9680, error: 197
#ERR  p: [1260, 210], r: 262713140, e: -9669, error: 198
#ERR  p: [1260, 211], r: 262713130, e: -9654, error: 199
#ERR  p: [1260, 212], r: 262713120, e: -9644, error: 200
#ERR  p: [1260, 213], r: 262713110, e: -9628, error: 201
#ERR  p: [1260, 214], r: 262713100, e: -9613, error: 202
#ERR  p: [1260, 215], r: 262713090, e: -9597, error: 203
#ERR  p: [1260, 216], r: 262713080, e: -9588, error: 204
#ERR  p: [1260, 217], r: 262713070, e: -9577, error: 205
#ERR  p: [1260, 218], r: 262713060, e: -9567, error: 206
#ERR  p: [1260, 219], r: 262713050, e: -9554, error: 207
#ERR  p: [1260, 220], r: 262713040, e: -9539, error: 208
#ERR  p: [1260, 221], r: 262713030, e: -9523, error: 209
#ERR  p: [1260, 222], r: 262713020, e: -9509, error: 210
#ERR  p: [1260, 223], r: 262713010, e: -9495, error: 211
#ERR  p: [1260, 224], r: 262713000, e: -9481, error: 212
#ERR  p: [1260, 225], r: 262712990, e: -9467, error: 213
#ERR  p: [1260, 226], r: 262712980, e: -9461, error: 214
#ERR  p: [1260, 227], r: 262712970, e: -9449, error: 215
#ERR  p: [1260, 228], r: 262712960, e: -9439, error: 216
#ERR  p: [1260, 229], r: 262712950, e: -9429, error: 217
#ERR  p: [1260, 230], r: 262712940, e: -9415, error: 218
#ERR  p: [1260, 231], r: 262712930, e: -9401, error: 219
#ERR  p: [1260, 232], r: 262712920, e: -9387, error: 220
#ERR  p: [1260, 233], r: 262712910, e: -9375, error: 221
#ERR  p: [1260, 234], r: 262712900, e: -9364, error: 222
#ERR  p: [1260, 235], r: 262712890, e: -9354, error: 223
#ERR  p: [1260, 236], r: 262712880, e: -9339, error: 224
#ERR  p: [1260, 237], r: 262712870, e: -9324, error: 225
#ERR  p: [1260, 238], r: 262712860, e: -9311, error: 226
#ERR  p: [1260, 239], r: 262712850, e: -9295, error: 227
#ERR  p: [1260, 240], r: 262712840, e: -9282, error: 228
#ERR  p: [1260, 241], r: 262712830, e: -9268, error: 229
#ERR  p: [1260, 242], r: 262712820, e: -9254, error: 230
#ERR  p: [1260, 243], r: 262712810, e: -9246, error: 231
#ERR  p: [1260, 244], r: 262712800, e: -9238, error: 232
#ERR  p: [1260, 245], r: 262712790, e: -9227, error: 233
#ERR  p: [1260, 246], r: 262712780, e: -9213, error: 234
#ERR  p: [1260, 247], r: 262712770, e: -9207, error: 235
#ERR  p: [1260, 248], r: 262712760, e: -9196, error: 236
#ERR  p: [1260, 249], r: 262712750, e: -9184, error: 237
#ERR  p: [1260, 250], r: 262712740, e: -9174, error: 238
#ERR  p: [1260, 251], r: 262712730, e: -9161, error: 239
#ERR  p: [1260, 252], r: 262712720, e: -9151, error: 240
#ERR  p: [1260, 253], r: 262712710, e: -9138, error: 241
#ERR  p: [1260, 254], r: 262712700, e: -9125, error: 242
#ERR  p: [1260, 255], r: 262712690, e: -9112, error: 243
#ERR  p: [1260, 256], r: 262712680, e: -9098, error: 244
#ERR  p: [1260, 257], r: 262712670, e: -9084, error: 245
#ERR  p: [1260, 258], r: 262712660, e: -9070, error: 246
#ERR  p: [1260, 259], r: 262712650, e: -9059, error: 247
#ERR  p: [1260, 260], r: 262712640, e: -9052, error: 248
#ERR  p: [1260, 261], r: 262712630, e: -9037, error: 249
#ERR  p: [1260, 262], r: 262712620, e: -9021, error: 250
#ERR  p: [1260, 263], r: 262712610, e: -9012, error: 251
#ERR  p: [1260, 264], r: 262712600, e: -8998, error: 252
#ERR  p: [1260, 265], r: 262712590, e: -8989, error: 253
#ERR  p: [1260, 266], r: 262712580, e: -8977, error: 254
#ERR  p: [1260, 267], r: 262712570, e: -8968, error: 255
#ERR  p: [1260, 268], r: 262712560, e: -8962, error: 256
#ERR  p: [1260, 269], r: 262712550, e: -8956, error: 257
#ERR  p: [1260, 270], r: 262712540, e: -8946, error: 258
#ERR  p: [1260, 271], r: 262712530, e: -8932, error: 259
#ERR  p: [1260, 272], r: 262712520, e: -8918, error: 260
#ERR  p: [1260, 273], r: 262712510, e: -8904, error: 261
#ERR  p: [1260, 274], r: 262712500, e: -8895, error: 262
#ERR  p: [1260, 275], r: 262712490, e: -8883, error: 263
#ERR  p: [1260, 276], r: 262712480, e: -8872, error: 264
#ERR  p: [1260, 277], r: 262712470, e: -8859, error: 265
#ERR  p: [1260, 278], r: 262712460, e: -8847, error: 266
#ERR  p: [1260, 279], r: 262712450, e: -8838, error: 267
#ERR  p: [1260, 280], r: 262712440, e: -8824, error: 268
#ERR  p: [1260, 281], r: 262712430, e: -8816, error: 269
#ERR  p: [1260, 282], r: 262712420, e: -8802, error: 270
#ERR  p: [1260, 283], r: 262712410, e: -8786, error: 271
#ERR  p: [1260, 284], r: 262712400, e: -8776, error: 272
#ERR  p: [1260, 285], r: 262712390, e: -8765, error: 273
#ERR  p: [1260, 286], r: 262712380, e: -8755, error: 274
#ERR  p: [1260, 287], r: 262712370, e: -8739, error: 275
#ERR  p: [1260, 288], r: 262712360, e: -8732, error: 276
#ERR  p: [1260, 289], r: 262712350, e: -8720, error: 277
#ERR  p: [1260, 290], r: 262712340, e: -8706, error: 278
#ERR  p: [1260, 291], r: 262712330, e: -8698, error: 279
#ERR  p: [1260, 292], r: 262712320, e: -8689, error: 280
#ERR  p: [1260, 293], r: 262712310, e: -8678, error: 281
#ERR  p: [1260, 294], r: 262712300, e: -8662, error: 282
#ERR  p: [1260, 295], r: 262712290, e: -8655, error: 283
#ERR  p: [1260, 296], r: 262712280, e: -8640, error: 284
#ERR  p: [1260, 297], r: 262712270, e: -8632, error: 285
#ERR  p: [1260, 298], r: 262712260, e: -8624, error: 286
#ERR  p: [1260, 299], r: 262712250, e: -8616, error: 287
#ERR  p: [1260, 300], r: 262712240, e: -8605, error: 288
#ERR  p: [1260, 301], r: 262712230, e: -8594, error: 289
#ERR  p: [1260, 302], r: 262712220, e: -8584, error: 290
#ERR  p: [1260, 303], r: 262712210, e: -8570, error: 291
#ERR  p: [1260, 304], r: 262712200, e: -8558, error: 292
#ERR  p: [1260, 305], r: 262712190, e: -8549, error: 293
#ERR  p: [1260, 306], r: 262712180, e: -8535, error: 294
#ERR  p: [1260, 307], r: 262712170, e: -8521, error: 295
#ERR  p: [1260, 308], r: 262712160, e: -8512, error: 296
#ERR  p: [1260, 309], r: 262712150, e: -8499, error: 297
#ERR  p: [1260, 310], r: 262712140, e: -8487, error: 298
#ERR  p: [1260, 311], r: 262712130, e: -8473, error: 299
#ERR  p: [1260, 312], r: 262712120, e: -8460, error: 300
#ERR  p: [1260, 313], r: 262712110, e: -8448, error: 301
#ERR  p: [1260, 314], r: 262712100, e: -8439, error: 302
#ERR  p: [1260, 315], r: 262712090, e: -8424, error: 303
#ERR  p: [1260, 316], r: 262712080, e: -8415, error: 304
#ERR  p: [1260, 317], r: 262712070, e: -8404, error: 305
#ERR  p: [1260, 318], r: 262712060, e: -8390, error: 306
#ERR  p: [1260, 319], r: 262712050, e: -8380, error: 307
#ERR  p: [1260, 320], r: 262712040, e: -8366, error: 308
#ERR  p: [1260, 321], r: 262712030, e: -8350, error: 309
#ERR  p: [1260, 322], r: 262712020, e: -8344, error: 310
#ERR  p: [1260, 323], r: 262712010, e: -8337, error: 311
#ERR  p: [1260, 324], r: 262712000, e: -8323, error: 312
#ERR  p: [1260, 325], r: 262711990, e: -8308, error: 313
#ERR  p: [1260, 326], r: 262711980, e: -8287, error: 314
#ERR  p: [1260, 327], r: 262711970, e: -8276, error: 315
#ERR  p: [1260, 328], r: 262711960, e: -8269, error: 316
#ERR  p: [1260, 329], r: 262711950, e: -8259, error: 317
#ERR  p: [1260, 330], r: 262711940, e: -8249, error: 318
#ERR  p: [1260, 331], r: 262711930, e: -8235, error: 319
#ERR  p: [1260, 332], r: 262711920, e: -8224, error: 320
#ERR  p: [1260, 333], r: 262711910, e: -8212, error: 321
#ERR  p: [1260, 334], r: 262711900, e: -8199, error: 322
#ERR  p: [1260, 335], r: 262711890, e: -8190, error: 323
#ERR  p: [1260, 336], r: 262711880, e: -8179, error: 324
#ERR  p: [1260, 337], r: 262711870, e: -8166, error: 325
#ERR  p: [1260, 338], r: 262711860, e: -8156, error: 326
#ERR  p: [1260, 339], r: 262711850, e: -8143, error: 327
#ERR  p: [1260, 340], r: 262711840, e: -8134, error: 328
#ERR  p: [1260, 341], r: 262711830, e: -8118, error: 329
#ERR  p: [1260, 342], r: 262711820, e: -8110, error: 330
#ERR  p: [1260, 343], r: 262711810, e: -8095, error: 331
#ERR  p: [1260, 344], r: 262711800, e: -8084, error: 332
#ERR  p: [1260, 345], r: 262711790, e: -8074, error: 333
#ERR  p: [1260, 346], r: 262711780, e: -8065, error: 334
#ERR  p: [1260, 347], r: 262711770, e: -8057, error: 335
#ERR  p: [1260, 348], r: 262711760, e: -8043, error: 336
#ERR  p: [1260, 349], r: 262711750, e: -8022, error: 337
#ERR  p: [1260, 350], r: 262711740, e: -8007, error: 338
#ERR  p: [1260, 351], r: 262711730, e: -7992, error: 339
#ERR  p: [1260, 352], r: 262711720, e: -7980, error: 340
#ERR  p: [1260, 353], r: 262711710, e: -7970, error: 341
#ERR  p: [1260, 354], r: 262711700, e: -7949, error: 342
#ERR  p: [1260, 355], r: 262711690, e: -7936, error: 343
#ERR  p: [1260, 356], r: 262711680, e: -7922, error: 344
#ERR  p: [1260, 357], r: 262711670, e: -7906, error: 345
#ERR  p: [1260, 358], r: 262711660, e: -7894, error: 346
#ERR  p: [1260, 359], r: 262711650, e: -7873, error: 347
#ERR  p: [1260, 360], r: 262711640, e: -7863, error: 348
#ERR  p: [1260, 361], r: 262711630, e: -7855, error: 349
#ERR  p: [1260, 362], r: 262711620, e: -7849, error: 350
#ERR  p: [1260, 363], r: 262711610, e: -7836, error: 351
#ERR  p: [1260, 364], r: 262711600, e: -7826, error: 352
#ERR  p: [1260, 365], r: 262711590, e: -7818, error: 353
#ERR  p: [1260, 366], r: 262711580, e: -7806, error: 354
#ERR  p: [1260, 367], r: 262711570, e: -7785, error: 355
#ERR  p: [1260, 368], r: 262711560, e: -7774, error: 356
#ERR  p: [1260, 369], r: 262711550, e: -7760, error: 357
#ERR  p: [1260, 370], r: 262711540, e: -7746, error: 358
#ERR  p: [1260, 371], r: 262711530, e: -7733, error: 359
#ERR  p: [1260, 372], r: 262711520, e: -7722, error: 360
#ERR  p: [1260, 373], r: 262711510, e: -7708, error: 361
#ERR  p: [1260, 374], r: 262711500, e: -7694, error: 362
#ERR  p: [1260, 375], r: 262711490, e: -7681, error: 363
#ERR  p: [1260, 376], r: 262711480, e: -7670, error: 364
#ERR  p: [1260, 377], r: 262711470, e: -7656, error: 365
#ERR  p: [1260, 378], r: 262711460, e: -7648, error: 366
#ERR  p: [1260, 379], r: 262711450, e: -7635, error: 367
#ERR  p: [1260, 380], r: 262711440, e: -7623, error: 368
#ERR  p: [1260, 381], r: 262711430, e: -7611, error: 369
#ERR  p: [1260, 382], r: 262711420, e: -7599, error: 370
#ERR  p: [1260, 383], r: 262711410, e: -7590, error: 371
#ERR  p: [1260, 384], r: 262711400, e: -7581, error: 372
#ERR  p: [1260, 385], r: 262711390, e: -7568, error: 373
#ERR  p: [1260, 386], r: 262711380, e: -7560, error: 374
#ERR  p: [1260, 387], r: 262711370, e: -7552, error: 375
#ERR  p: [1260, 388], r: 262711360, e: -7542, error: 376
#ERR  p: [1260, 389], r: 262711350, e: -7530, error: 377
#ERR  p: [1260, 390], r: 262711340, e: -7523, error: 378
#ERR  p: [1260, 391], r: 262711330, e: -7516, error: 379
#ERR  p: [1260, 392], r: 262711320, e: -7499, error: 380
#ERR  p: [1260, 393], r: 262711310, e: -7485, error: 381
#ERR  p: [1260, 394], r: 262711300, e: -7475, error: 382
#ERR  p: [1260, 395], r: 262711290, e: -7459, error: 383
#ERR  p: [1260, 396], r: 262711280, e: -7445, error: 384
#ERR  p: [1260, 397], r: 262711270, e: -7439, error: 385
#ERR  p: [1260, 398], r: 262711260, e: -7426, error: 386
#ERR  p: [1260, 399], r: 262711250, e: -7416, error: 387
#ERR  p: [1260, 400], r: 262711240, e: -7402, error: 388
#ERR  p: [1260, 401], r: 262711230, e: -7386, error: 389
#ERR  p: [1260, 402], r: 262711220, e: -7377, error: 390
#ERR  p: [1260, 403], r: 262711210, e: -7367, error: 391
#ERR  p: [1260, 404], r: 262711200, e: -7346, error: 392
#ERR  p: [1260, 405], r: 262711190, e: -7337, error: 393
#ERR  p: [1260, 406], r: 262711180, e: -7329, error: 394
#ERR  p: [1260, 407], r: 262711170, e: -7322, error: 395
#ERR  p: [1260, 408], r: 262711160, e: -7322, error: 396
#ERR  p: [1260, 409], r: 262711150, e: -7309, error: 397
#ERR  p: [1260, 410], r: 262711140, e: -7298, error: 398
#ERR  p: [1260, 411], r: 262711130, e: -7286, error: 399
#ERR  p: [1260, 412], r: 262711120, e: -7276, error: 400
#ERR  p: [1260, 413], r: 262711110, e: -7266, error: 401
#ERR  p: [1260, 414], r: 262711100, e: -7252, error: 402
#ERR  p: [1260, 415], r: 262711090, e: -7242, error: 403
#ERR  p: [1260, 416], r: 262711080, e: -7233, error: 404
#ERR  p: [1260, 417], r: 262711070, e: -7217, error: 405
#ERR  p: [1260, 418], r: 262711060, e: -7211, error: 406
#ERR  p: [1260, 419], r: 262711050, e: -7206, error: 407
#ERR  p: [1260, 420], r: 262711040, e: -7193, error: 408
#ERR  p: [1260, 421], r: 262711030, e: -7187, error: 409
#ERR  p: [1260, 422], r: 262711020, e: -7177, error: 410
#ERR  p: [1260, 423], r: 262711010, e: -7167, error: 411
#ERR  p: [1260, 424], r: 262711000, e: -7156, error: 412
#ERR  p: [1260, 425], r: 262710990, e: -7143, error: 413
#ERR  p: [1260, 426], r: 262710980, e: -7127, error: 414
#ERR  p: [1260, 427], r: 262710970, e: -7115, error: 415
#ERR  p: [1260, 428], r: 262710960, e: -7106, error: 416
#ERR  p: [1260, 429], r: 262710950, e: -7097, error: 417
#ERR  p: [1260, 430], r: 262710940, e: -7082, error: 418
#ERR  p: [1260, 431], r: 262710930, e: -7072, error: 419
#ERR  p: [1260, 432], r: 262710920, e: -7063, error: 420
#ERR  p: [1260, 433], r: 262710910, e: -7056, error: 421
#ERR  p: [1260, 434], r: 262710900, e: -7048, error: 422
#ERR  p: [1260, 435], r: 262710890, e: -7038, error: 423
#ERR  p: [1260, 436], r: 262710880, e: -7029, error: 424
#ERR  p: [1260, 437], r: 262710870, e: -7013, error: 425
#ERR  p: [1260, 438], r: 262710860, e: -7006, error: 426
#ERR  p: [1260, 439], r: 262710850, e: -6998, error: 427
#ERR  p: [1260, 440], r: 262710840, e: -6985, error: 428
#ERR  p: [1260, 441], r: 262710830, e: -6978, error: 429
#ERR  p: [1260, 442], r: 262710820, e: -6969, error: 430
#ERR  p: [1260, 443], r: 262710810, e: -6954, error: 431
#ERR  p: [1260, 444], r: 262710800, e: -6946, error: 432
#ERR  p: [1260, 445], r: 262710790, e: -6938, error: 433
#ERR  p: [1260, 446], r: 262710780, e: -6927, error: 434
#ERR  p: [1260, 447], r: 262710770, e: -6911, error: 435
#ERR  p: [1260, 448], r: 262710760, e: -6903, error: 436
#ERR  p: [1260, 449], r: 262710750, e: -6894, error: 437
#ERR  p: [1260, 450], r: 262710740, e: -6880, error: 438
#ERR  p: [1260, 451], r: 262710730, e: -6871, error: 439
#ERR  p: [1260, 452], r: 262710720, e: -6864, error: 440
#ERR  p: [1260, 453], r: 262710710, e: -6856, error: 441
#ERR  p: [1260, 454], r: 262710700, e: -6835, error: 442
#ERR  p: [1260, 455], r: 262710690, e: -6828, error: 443
#ERR  p: [1260, 456], r: 262710680, e: -6819, error: 444
#ERR  p: [1260, 457], r: 262710670, e: -6811, error: 445
#ERR  p: [1260, 458], r: 262710660, e: -6815, error: 446
#ERR  p: [1260, 459], r: 262710650, e: -6803, error: 447
#ERR  p: [1260, 460], r: 262710640, e: -6790, error: 448
#ERR  p: [1260, 461], r: 262710630, e: -6779, error: 449
#ERR  p: [1260, 462], r: 262710620, e: -6773, error: 450
#ERR  p: [1260, 463], r: 262710610, e: -6761, error: 451
#ERR  p: [1260, 464], r: 262710600, e: -6747, error: 452
#ERR  p: [1260, 465], r: 262710590, e: -6741, error: 453
#ERR  p: [1260, 466], r: 262710580, e: -6730, error: 454
#ERR  p: [1260, 467], r: 262710570, e: -6719, error: 455
#ERR  p: [1260, 468], r: 262710560, e: -6707, error: 456
#ERR  p: [1260, 469], r: 262710550, e: -6697, error: 457
#ERR  p: [1260, 470], r: 262710540, e: -6687, error: 458
#ERR  p: [1260, 471], r: 262710530, e: -6674, error: 459
#ERR  p: [1260, 472], r: 262710520, e: -6661, error: 460
#ERR  p: [1260, 473], r: 262710510, e: -6646, error: 461
#ERR  p: [1260, 474], r: 262710500, e: -6630, error: 462
#ERR  p: [1260, 475], r: 262710490, e: -6624, error: 463
#ERR  p: [1260, 476], r: 262710480, e: -6612, error: 464
#ERR  p: [1260, 477], r: 262710470, e: -6602, error: 465
#ERR  p: [1260, 478], r: 262710460, e: -6595, error: 466
#ERR  p: [1260, 479], r: 262710450, e: -6586, error: 467
#ERR  p: [1260, 480], r: 262710440, e: -6575, error: 468
#ERR  p: [1260, 481], r: 262710430, e: -6565, error: 469
#ERR  p: [1260, 482], r: 262710420, e: -6556, error: 470
#ERR  p: [1260, 483], r: 262710410, e: -6543, error: 471
#ERR  p: [1260, 484], r: 262710400, e: -6531, error: 472
#ERR  p: [1260, 485], r: 262710390, e: -6525, error: 473
#ERR  p: [1260, 486], r: 262710380, e: -6509, error: 474
#ERR  p: [1260, 487], r: 262710370, e: -6500, error: 475
#ERR  p: [1260, 488], r: 262710360, e: -6494, error: 476
#ERR  p: [1260, 489], r: 262710350, e: -6484, error: 477
#ERR  p: [1260, 490], r: 262710340, e: -6474, error: 478
#ERR  p: [1260, 491], r: 262710330, e: -6461, error: 479
#ERR  p: [1260, 492], r: 262710320, e: -6455, error: 480
#ERR  p: [1260, 493], r: 262710310, e: -6434, error: 481
#ERR  p: [1260, 494], r: 262710300, e: -6423, error: 482
#ERR  p: [1260, 495], r: 262710290, e: -6402, error: 483
#ERR  p: [1260, 496], r: 262710280, e: -6393, error: 484
#ERR  p: [1260, 497], r: 262710270, e: -6383, error: 485
#ERR  p: [1260, 498], r: 262710260, e: -6374, error: 486
#ERR  p: [1260, 499], r: 262710250, e: -6362, error: 487
#ERR  p: [1260, 500], r: 262710240, e: -6348, error: 488
#ERR  p: [1260, 501], r: 262710230, e: -6335, error: 489
#ERR  p: [1260, 502], r: 262710220, e: -6326, error: 490
#ERR  p: [1260, 503], r: 262710210, e: -6320, error: 491
#ERR  p: [1260, 504], r: 262710200, e: -6310, error: 492
#ERR  p: [1260, 505], r: 262710190, e: -6301, error: 493
#ERR  p: [1260, 506], r: 262710180, e: -6290, error: 494
#ERR  p: [1260, 507], r: 262710170, e: -6281, error: 495
#ERR  p: [1260, 508], r: 262710160, e: -6260, error: 496
#ERR  p: [1260, 509], r: 262710150, e: -6251, error: 497
#ERR  p: [1260, 510], r: 262710140, e: -6242, error: 498
#ERR  p: [1260, 511], r: 262710130, e: -6231, error: 499
#SDC Ite:0 KerTime:0.294563 AccTime:0.294563 KerErr:500 AccErr:500
#END