#HEADER max_rows:2048 max_cols:2048 penalty:10
#BEGIN Y:2016 M:09 D:12 Time:15:36:46
#IT Ite:0 KerTime:0.294690 AccTime:0.294690
#ERR Error detected! kerrors = 3252117
#ERR  p: [206, 267], r: 1589, e: -459, error: 1
#ERR  p: [206, 268], r: 1579, e: -469, error: 2
#ERR  p: [206, 269], r: 1569, e: -479, error: 3
#ERR  p: [206, 270], r: 1559, e: -489, error: 4
#ERR  p: [206, 271], r: 1549, e: -496, error: 5
#ERR  p: [206, 272], r: 1539, e: -494, error: 6
#ERR  p: [206, 273], r: 1529, e: -498, error: 7
#ERR  p: [206, 274], r: 1519, e: -508, error: 8
#ERR  p: [206, 275], r: 1509, e: -517, error: 9
#ERR  p: [206, 276], r: 1499, e: -522, error: 10
#ERR  p: [206, 277], r: 1489, e: -521, error: 11
#ERR  p: [206, 278], r: 1479, e: -531, error: 12
#ERR  p: [206, 279], r: 1469, e: -540, error: 13
#ERR  p: [206, 280], r: 1459, e: -549, error: 14
#ERR  p: [206, 281], r: 1449, e: -558, error: 15
#ERR  p: [206, 282], r: 1439, e: -567, error: 16
#ERR  p: [206, 283], r: 1429, e: -573, error: 17
#ERR  p: [206, 284], r: 1419, e: -578, error: 18
#ERR  p: [206, 285], r: 1409, e: -579, error: 19
#ERR  p: [206, 286], r: 1399, e: -589, error: 20
#ERR  p: [206, 287], r: 1389, e: -599, error: 21
#ERR  p: [206, 288], r: 1379, e: -609, error: 22
#ERR  p: [206, 289], r: 1369, e: -619, error: 23
#ERR  p: [206, 290], r: 1359, e: -627, error: 24
#ERR  p: [206, 291], r: 1349, e: -637, error: 25
#ERR  p: [206, 292], r: 1339, e: -647, error: 26
#ERR  p: [206, 293], r: 1329, e: -657, error: 27
#ERR  p: [206, 294], r: 1319, e: -667, error: 28
#ERR  p: [206, 295], r: 1309, e: -674, error: 29
#ERR  p: [206, 296], r: 1299, e: -684, error: 30
#ERR  p: [206, 297], r: 1289, e: -694, error: 31
#ERR  p: [206, 298], r: 1279, e: -696, error: 32
#ERR  p: [206, 299], r: 1269, e: -703, error: 33
#ERR  p: [206, 300], r: 1259, e: -711, error: 34
#ERR  p: [206, 301], r: 1249, e: -719, error: 35
#ERR  p: [206, 302], r: 1239, e: -717, error: 36
#ERR  p: [206, 303], r: 1229, e: -724, error: 37
#ERR  p: [206, 304], r: 1219, e: -734, error: 38
#ERR  p: [206, 305], r: 1209, e: -744, error: 39
#ERR  p: [206, 306], r: 1199, e: -751, error: 40
#ERR  p: [206, 307], r: 1189, e: -761, error: 41
#ERR  p: [206, 308], r: 1179, e: -765, error: 42
#ERR  p: [206, 309], r: 1169, e: -774, error: 43
#ERR  p: [206, 310], r: 1159, e: -783, error: 44
#ERR  p: [206, 311], r: 1149, e: -793, error: 45
#ERR  p: [206, 312], r: 1139, e: -803, error: 46
#ERR  p: [206, 313], r: 1129, e: -813, error: 47
#ERR  p: [206, 314], r: 1119, e: -823, error: 48
#ERR  p: [206, 315], r: 1109, e: -833, error: 49
#ERR  p: [206, 316], r: 1099, e: -843, error: 50
#ERR  p: [206, 317], r: 1089, e: -850, error: 51
#ERR  p: [206, 318], r: 1079, e: -860, error: 52
#ERR  p: [206, 319], r: 1069, e: -869, error: 53
#ERR  p: [206, 320], r: 1059, e: -878, error: 54
#ERR  p: [206, 321], r: 1049, e: -885, error: 55
#ERR  p: [206, 322], r: 1039, e: -881, error: 56
#ERR  p: [206, 323], r: 1029, e: -889, error: 57
#ERR  p: [206, 324], r: 1019, e: -892, error: 58
#ERR  p: [206, 325], r: 1009, e: -901, error: 59
#ERR  p: [206, 326], r: 999, e: -911, error: 60
#ERR  p: [206, 327], r: 989, e: -921, error: 61
#ERR  p: [206, 328], r: 979, e: -927, error: 62
#ERR  p: [206, 329], r: 969, e: -934, error: 63
#ERR  p: [206, 330], r: 959, e: -944, error: 64
#ERR  p: [206, 331], r: 949, e: -954, error: 65
#ERR  p: [206, 332], r: 939, e: -964, error: 66
#ERR  p: [206, 333], r: 929, e: -974, error: 67
#ERR  p: [206, 334], r: 919, e: -984, error: 68
#ERR  p: [206, 335], r: 909, e: -993, error: 69
#ERR  p: [206, 336], r: 899, e: -1001, error: 70
#ERR  p: [206, 337], r: 889, e: -1009, error: 71
#ERR  p: [206, 338], r: 879, e: -1018, error: 72
#ERR  p: [206, 339], r: 869, e: -1025, error: 73
#ERR  p: [206, 340], r: 859, e: -1024, error: 74
#ERR  p: [206, 341], r: 849, e: -1034, error: 75
#ERR  p: [206, 342], r: 839, e: -1044, error: 76
#ERR  p: [206, 343], r: 829, e: -1054, error: 77
#ERR  p: [206, 344], r: 819, e: -1064, error: 78
#ERR  p: [206, 345], r: 809, e: -1073, error: 79
#ERR  p: [206, 346], r: 799, e: -1083, error: 80
#ERR  p: [206, 347], r: 789, e: -1093, error: 81
#ERR  p: [206, 348], r: 779, e: -1103, error: 82
#ERR  p: [206, 349], r: 769, e: -1113, error: 83
#ERR  p: [206, 350], r: 759, e: -1123, error: 84
#ERR  p: [206, 351], r: 749, e: -1132, error: 85
#ERR  p: [206, 352], r: 739, e: -1140, error: 86
#ERR  p: [206, 353], r: 729, e: -1149, error: 87
#ERR  p: [206, 354], r: 719, e: -1159, error: 88
#ERR  p: [206, 355], r: 709, e: -1159, error: 89
#ERR  p: [206, 356], r: 699, e: -1169, error: 90
#ERR  p: [206, 357], r: 689, e: -1179, error: 91
#ERR  p: [206, 358], r: 679, e: -1189, error: 92
#ERR  p: [206, 359], r: 669, e: -1199, error: 93
#ERR  p: [206, 360], r: 659, e: -1209, error: 94
#ERR  p: [206, 361], r: 649, e: -1219, error: 95
#ERR  p: [206, 362], r: 639, e: -1228, error: 96
#ERR  p: [206, 363], r: 629, e: -1230, error: 97
#ERR  p: [206, 364], r: 619, e: -1240, error: 98
#ERR  p: [206, 365], r: 609, e: -1249, error: 99
#ERR  p: [206, 366], r: 599, e: -1259, error: 100
#ERR  p: [206, 367], r: 589, e: -1269, error: 101
#ERR  p: [206, 368], r: 579, e: -1279, error: 102
#ERR  p: [206, 369], r: 569, e: -1289, error: 103
#ERR  p: [206, 370], r: 559, e: -1299, error: 104
#ERR  p: [206, 371], r: 549, e: -1306, error: 105
#ERR  p: [206, 372], r: 539, e: -1310, error: 106
#ERR  p: [206, 373], r: 529, e: -1319, error: 107
#ERR  p: [206, 374], r: 519, e: -1328, error: 108
#ERR  p: [206, 375], r: 509, e: -1338, error: 109
#ERR  p: [206, 376], r: 499, e: -1347, error: 110
#ERR  p: [206, 377], r: 489, e: -1356, error: 111
#ERR  p: [206, 378], r: 479, e: -1366, error: 112
#ERR  p: [206, 379], r: 469, e: -1369, error: 113
#ERR  p: [206, 380], r: 459, e: -1377, error: 114
#ERR  p: [206, 381], r: 449, e: -1386, error: 115
#ERR  p: [206, 382], r: 439, e: -1395, error: 116
#ERR  p: [206, 383], r: 429, e: -1404, error: 117
#ERR  p: [206, 384], r: 419, e: -1411, error: 118
#ERR  p: [206, 385], r: 409, e: -1419, error: 119
#ERR  p: [206, 386], r: 399, e: -1429, error: 120
#ERR  p: [206, 387], r: 389, e: -1439, error: 121
#ERR  p: [206, 388], r: 379, e: -1449, error: 122
#ERR  p: [206, 389], r: 369, e: -1454, error: 123
#ERR  p: [206, 390], r: 359, e: -1461, error: 124
#ERR  p: [206, 391], r: 349, e: -1461, error: 125
#ERR  p: [206, 392], r: 339, e: -1461, error: 126
#ERR  p: [206, 393], r: 329, e: -1471, error: 127
#ERR  p: [206, 394], r: 319, e: -1481, error: 128
#ERR  p: [206, 395], r: 309, e: -1491, error: 129
#ERR  p: [206, 396], r: 299, e: -1501, error: 130
#ERR  p: [206, 397], r: 289, e: -1505, error: 131
#ERR  p: [206, 398], r: 279, e: -1515, error: 132
#ERR  p: [206, 399], r: 269, e: -1525, error: 133
#ERR  p: [206, 400], r: 259, e: -1535, error: 134
#ERR  p: [206, 401], r: 249, e: -1545, error: 135
#ERR  p: [206, 402], r: 239, e: -1555, error: 136
#ERR  p: [206, 403], r: 229, e: -1565, error: 137
#ERR  p: [206, 404], r: 219, e: -1575, error: 138
#ERR  p: [206, 405], r: 209, e: -1585, error: 139
#ERR  p: [206, 406], r: 199, e: -1595, error: 140
#ERR  p: [206, 407], r: 189, e: -1605, error: 141
#ERR  p: [206, 408], r: 179, e: -1615, error: 142
#ERR  p: [206, 409], r: 169, e: -1625, error: 143
#ERR  p: [206, 410], r: 159, e: -1635, error: 144
#ERR  p: [206, 411], r: 149, e: -1627, error: 145
#ERR  p: [206, 412], r: 139, e: -1637, error: 146
#ERR  p: [206, 413], r: 129, e: -1645, error: 147
#ERR  p: [206, 414], r: 119, e: -1655, error: 148
#ERR  p: [206, 415], r: 109, e: -1665, error: 149
#ERR  p: [206, 416], r: 99, e: -1675, error: 150
#ERR  p: [206, 417], r: 89, e: -1685, error: 151
#ERR  p: [206, 418], r: 79, e: -1695, error: 152
#ERR  p: [206, 419], r: 69, e: -1704, error: 153
#ERR  p: [206, 420], r: 59, e: -1714, error: 154
#ERR  p: [206, 421], r: 49, e: -1724, error: 155
#ERR  p: [206, 422], r: 39, e: -1734, error: 156
#ERR  p: [206, 423], r: 29, e: -1744, error: 157
#ERR  p: [206, 424], r: 19, e: -1751, error: 158
#ERR  p: [206, 425], r: 9, e: -1760, error: 159
#ERR  p: [206, 426], r: -1, e: -1770, error: 160
#ERR  p: [206, 427], r: -11, e: -1778, error: 161
#ERR  p: [206, 428], r: -21, e: -1787, error: 162
#ERR  p: [206, 429], r: -31, e: -1797, error: 163
#ERR  p: [206, 430], r: -41, e: -1807, error: 164
#ERR  p: [206, 431], r: -51, e: -1817, error: 165
#ERR  p: [206, 432], r: -61, e: -1827, error: 166
#ERR  p: [206, 433], r: -71, e: -1836, error: 167
#ERR  p: [206, 434], r: -81, e: -1846, error: 168
#ERR  p: [206, 435], r: -91, e: -1856, error: 169
#ERR  p: [206, 436], r: -101, e: -1866, error: 170
#ERR  p: [206, 437], r: -111, e: -1876, error: 171
#ERR  p: [206, 438], r: -121, e: -1886, error: 172
#ERR  p: [206, 439], r: -131, e: -1896, error: 173
#ERR  p: [206, 440], r: -141, e: -1904, error: 174
#ERR  p: [206, 441], r: -151, e: -1908, error: 175
#ERR  p: [206, 442], r: -161, e: -1905, error: 176
#ERR  p: [206, 443], r: -171, e: -1915, error: 177
#ERR  p: [206, 444], r: -181, e: -1924, error: 178
#ERR  p: [206, 445], r: -191, e: -1934, error: 179
#ERR  p: [206, 446], r: -201, e: -1944, error: 180
#ERR  p: [206, 447], r: -211, e: -1954, error: 181
#ERR  p: [206, 448], r: -221, e: -1964, error: 182
#ERR  p: [206, 449], r: -231, e: -1974, error: 183
#ERR  p: [206, 450], r: -241, e: -1984, error: 184
#ERR  p: [206, 451], r: -251, e: -1986, error: 185
#ERR  p: [206, 452], r: -261, e: -1996, error: 186
#ERR  p: [206, 453], r: -271, e: -2006, error: 187
#ERR  p: [206, 454], r: -281, e: -2016, error: 188
#ERR  p: [206, 455], r: -291, e: -2026, error: 189
#ERR  p: [206, 456], r: -301, e: -2036, error: 190
#ERR  p: [206, 457], r: -311, e: -2046, error: 191
#ERR  p: [206, 458], r: -321, e: -2056, error: 192
#ERR  p: [206, 459], r: -331, e: -2066, error: 193
#ERR  p: [206, 460], r: -341, e: -2076, error: 194
#ERR  p: [206, 461], r: -351, e: -2086, error: 195
#ERR  p: [206, 462], r: -361, e: -2094, error: 196
#ERR  p: [206, 463], r: -371, e: -2104, error: 197
#ERR  p: [206, 464], r: -381, e: -2112, error: 198
#ERR  p: [206, 465], r: -391, e: -2122, error: 199
#ERR  p: [206, 466], r: -401, e: -2130, error: 200
#ERR  p: [206, 467], r: -411, e: -2140, error: 201
#ERR  p: [206, 468], r: -421, e: -2150, error: 202
#ERR  p: [206, 469], r: -431, e: -2160, error: 203
#ERR  p: [206, 470], r: -441, e: -2168, error: 204
#ERR  p: [206, 471], r: -451, e: -2178, error: 205
#ERR  p: [206, 472], r: -461, e: -2188, error: 206
#ERR  p: [206, 473], r: -471, e: -2188, error: 207
#ERR  p: [206, 474], r: -481, e: -2198, error: 208
#ERR  p: [206, 475], r: -491, e: -2208, error: 209
#ERR  p: [206, 476], r: -501, e: -2218, error: 210
#ERR  p: [206, 477], r: -511, e: -2228, error: 211
#ERR  p: [206, 478], r: -521, e: -2229, error: 212
#ERR  p: [206, 479], r: -531, e: -2239, error: 213
#ERR  p: [206, 480], r: -541, e: -2249, error: 214
#ERR  p: [206, 481], r: -551, e: -2259, error: 215
#ERR  p: [206, 482], r: -561, e: -2269, error: 216
#ERR  p: [206, 483], r: -571, e: -2268, error: 217
#ERR  p: [206, 484], r: -581, e: -2277, error: 218
#ERR  p: [206, 485], r: -591, e: -2283, error: 219
#ERR  p: [206, 486], r: -601, e: -2284, error: 220
#ERR  p: [206, 487], r: -611, e: -2293, error: 221
#ERR  p: [206, 488], r: -621, e: -2303, error: 222
#ERR  p: [206, 489], r: -631, e: -2313, error: 223
#ERR  p: [206, 490], r: -641, e: -2322, error: 224
#ERR  p: [206, 491], r: -651, e: -2330, error: 225
#ERR  p: [206, 492], r: -661, e: -2332, error: 226
#ERR  p: [206, 493], r: -671, e: -2342, error: 227
#ERR  p: [206, 494], r: -681, e: -2352, error: 228
#ERR  p: [206, 495], r: -691, e: -2362, error: 229
#ERR  p: [206, 496], r: -701, e: -2372, error: 230
#ERR  p: [206, 497], r: -711, e: -2382, error: 231
#ERR  p: [206, 498], r: -721, e: -2392, error: 232
#ERR  p: [206, 499], r: -731, e: -2402, error: 233
#ERR  p: [206, 500], r: -741, e: -2412, error: 234
#ERR  p: [206, 501], r: -751, e: -2422, error: 235
#ERR  p: [206, 502], r: -761, e: -2432, error: 236
#ERR  p: [206, 503], r: -771, e: -2437, error: 237
#ERR  p: [206, 504], r: -781, e: -2447, error: 238
#ERR  p: [206, 505], r: -791, e: -2457, error: 239
#ERR  p: [206, 506], r: -801, e: -2467, error: 240
#ERR  p: [206, 507], r: -811, e: -2472, error: 241
#ERR  p: [206, 508], r: -821, e: -2482, error: 242
#ERR  p: [206, 509], r: -831, e: -2492, error: 243
#ERR  p: [206, 510], r: -841, e: -2502, error: 244
#ERR  p: [206, 511], r: -851, e: -2512, error: 245
#ERR  p: [206, 512], r: -861, e: -2522, error: 246
#ERR  p: [206, 513], r: -871, e: -2532, error: 247
#ERR  p: [206, 514], r: -881, e: -2538, error: 248
#ERR  p: [206, 515], r: -891, e: -2538, error: 249
#ERR  p: [206, 516], r: -901, e: -2548, error: 250
#ERR  p: [206, 517], r: -911, e: -2558, error: 251
#ERR  p: [206, 518], r: -921, e: -2568, error: 252
#ERR  p: [206, 519], r: -931, e: -2578, error: 253
#ERR  p: [206, 520], r: -941, e: -2588, error: 254
#ERR  p: [206, 521], r: -951, e: -2598, error: 255
#ERR  p: [206, 522], r: -961, e: -2608, error: 256
#ERR  p: [206, 523], r: -971, e: -2617, error: 257
#ERR  p: [206, 524], r: -981, e: -2627, error: 258
#ERR  p: [206, 525], r: -991, e: -2637, error: 259
#ERR  p: [206, 526], r: -1001, e: -2647, error: 260
#ERR  p: [206, 527], r: -1011, e: -2656, error: 261
#ERR  p: [206, 528], r: -1021, e: -2666, error: 262
#ERR  p: [206, 529], r: -1031, e: -2676, error: 263
#ERR  p: [206, 530], r: -1041, e: -2686, error: 264
#ERR  p: [206, 531], r: -1051, e: -2696, error: 265
#ERR  p: [206, 532], r: -1061, e: -2706, error: 266
#ERR  p: [206, 533], r: -1071, e: -2716, error: 267
#ERR  p: [206, 534], r: -1081, e: -2723, error: 268
#ERR  p: [206, 535], r: -1091, e: -2728, error: 269
#ERR  p: [206, 536], r: -1101, e: -2737, error: 270
#ERR  p: [206, 537], r: -1111, e: -2747, error: 271
#ERR  p: [206, 538], r: -1121, e: -2755, error: 272
#ERR  p: [206, 539], r: -1131, e: -2765, error: 273
#ERR  p: [206, 540], r: -1141, e: -2766, error: 274
#ERR  p: [206, 541], r: -1151, e: -2776, error: 275
#ERR  p: [206, 542], r: -1161, e: -2786, error: 276
#ERR  p: [206, 543], r: -1171, e: -2796, error: 277
#ERR  p: [206, 544], r: -1181, e: -2806, error: 278
#ERR  p: [206, 545], r: -1191, e: -2816, error: 279
#ERR  p: [206, 546], r: -1201, e: -2817, error: 280
#ERR  p: [206, 547], r: -1211, e: -2827, error: 281
#ERR  p: [206, 548], r: -1221, e: -2837, error: 282
#ERR  p: [206, 549], r: -1231, e: -2838, error: 283
#ERR  p: [206, 550], r: -1241, e: -2848, error: 284
#ERR  p: [206, 551], r: -1251, e: -2858, error: 285
#ERR  p: [206, 552], r: -1261, e: -2868, error: 286
#ERR  p: [206, 553], r: -1271, e: -2878, error: 287
#ERR  p: [206, 554], r: -1281, e: -2888, error: 288
#ERR  p: [206, 555], r: -1291, e: -2898, error: 289
#ERR  p: [206, 556], r: -1301, e: -2908, error: 290
#ERR  p: [206, 557], r: -1311, e: -2918, error: 291
#ERR  p: [206, 558], r: -1321, e: -2928, error: 292
#ERR  p: [206, 559], r: -1331, e: -2938, error: 293
#ERR  p: [206, 560], r: -1341, e: -2948, error: 294
#ERR  p: [206, 561], r: -1351, e: -2958, error: 295
#ERR  p: [206, 562], r: -1361, e: -2968, error: 296
#ERR  p: [206, 563], r: -1371, e: -2978, error: 297
#ERR  p: [206, 564], r: -1381, e: -2988, error: 298
#ERR  p: [206, 565], r: -1391, e: -2998, error: 299
#ERR  p: [206, 566], r: -1401, e: -3008, error: 300
#ERR  p: [206, 567], r: -1411, e: -3018, error: 301
#ERR  p: [206, 568], r: -1421, e: -3026, error: 302
#ERR  p: [206, 569], r: -1431, e: -3035, error: 303
#ERR  p: [206, 570], r: -1441, e: -3045, error: 304
#ERR  p: [206, 571], r: -1451, e: -3055, error: 305
#ERR  p: [206, 572], r: -1461, e: -3065, error: 306
#ERR  p: [206, 573], r: -1471, e: -3075, error: 307
#ERR  p: [206, 574], r: -1481, e: -3085, error: 308
#ERR  p: [206, 575], r: -1491, e: -3095, error: 309
#ERR  p: [206, 576], r: -1501, e: -3105, error: 310
#ERR  p: [206, 577], r: -1511, e: -3114, error: 311
#ERR  p: [206, 578], r: -1521, e: -3122, error: 312
#ERR  p: [206, 579], r: -1531, e: -3131, error: 313
#ERR  p: [206, 580], r: -1541, e: -3141, error: 314
#ERR  p: [206, 581], r: -1551, e: -3151, error: 315
#ERR  p: [206, 582], r: -1561, e: -3161, error: 316
#ERR  p: [206, 583], r: -1571, e: -3171, error: 317
#ERR  p: [206, 584], r: -1581, e: -3181, error: 318
#ERR  p: [206, 585], r: -1591, e: -3191, error: 319
#ERR  p: [206, 586], r: -1601, e: -3201, error: 320
#ERR  p: [206, 587], r: -1611, e: -3211, error: 321
#ERR  p: [206, 588], r: -1621, e: -3221, error: 322
#ERR  p: [206, 589], r: -1631, e: -3231, error: 323
#ERR  p: [206, 590], r: -1641, e: -3241, error: 324
#ERR  p: [206, 591], r: -1651, e: -3251, error: 325
#ERR  p: [206, 592], r: -1661, e: -3261, error: 326
#ERR  p: [206, 593], r: -1671, e: -3271, error: 327
#ERR  p: [206, 594], r: -1681, e: -3281, error: 328
#ERR  p: [206, 595], r: -1691, e: -3288, error: 329
#ERR  p: [206, 596], r: -1701, e: -3294, error: 330
#ERR  p: [206, 597], r: -1711, e: -3298, error: 331
#ERR  p: [206, 598], r: -1721, e: -3308, error: 332
#ERR  p: [206, 599], r: -1731, e: -3318, error: 333
#ERR  p: [206, 600], r: -1741, e: -3327, error: 334
#ERR  p: [206, 601], r: -1751, e: -3337, error: 335
#ERR  p: [206, 602], r: -1761, e: -3347, error: 336
#ERR  p: [206, 603], r: -1771, e: -3357, error: 337
#ERR  p: [206, 604], r: -1781, e: -3364, error: 338
#ERR  p: [206, 605], r: -1791, e: -3374, error: 339
#ERR  p: [206, 606], r: -1801, e: -3383, error: 340
#ERR  p: [206, 607], r: -1811, e: -3385, error: 341
#ERR  p: [206, 608], r: -1821, e: -3395, error: 342
#ERR  p: [206, 609], r: -1831, e: -3405, error: 343
#ERR  p: [206, 610], r: -1841, e: -3415, error: 344
#ERR  p: [206, 611], r: -1851, e: -3425, error: 345
#ERR  p: [206, 612], r: -1861, e: -3435, error: 346
#ERR  p: [206, 613], r: -1871, e: -3445, error: 347
#ERR  p: [206, 614], r: -1881, e: -3455, error: 348
#ERR  p: [206, 615], r: -1891, e: -3465, error: 349
#ERR  p: [206, 616], r: -1901, e: -3475, error: 350
#ERR  p: [206, 617], r: -1911, e: -3485, error: 351
#ERR  p: [206, 618], r: -1921, e: -3495, error: 352
#ERR  p: [206, 619], r: -1931, e: -3505, error: 353
#ERR  p: [206, 620], r: -1941, e: -3515, error: 354
#ERR  p: [206, 621], r: -1951, e: -3525, error: 355
#ERR  p: [206, 622], r: -1961, e: -3535, error: 356
#ERR  p: [206, 623], r: -1971, e: -3545, error: 357
#ERR  p: [206, 624], r: -1981, e: -3555, error: 358
#ERR  p: [206, 625], r: -1991, e: -3565, error: 359
#ERR  p: [206, 626], r: -2001, e: -3575, error: 360
#ERR  p: [206, 627], r: -2011, e: -3585, error: 361
#ERR  p: [206, 628], r: -2021, e: -3595, error: 362
#ERR  p: [206, 629], r: -2031, e: -3602, error: 363
#ERR  p: [206, 630], r: -2041, e: -3601, error: 364
#ERR  p: [206, 631], r: -2051, e: -3611, error: 365
#ERR  p: [206, 632], r: -2061, e: -3621, error: 366
#ERR  p: [206, 633], r: -2071, e: -3631, error: 367
#ERR  p: [206, 634], r: -2081, e: -3641, error: 368
#ERR  p: [206, 635], r: -2091, e: -3651, error: 369
#ERR  p: [206, 636], r: -2101, e: -3661, error: 370
#ERR  p: [206, 637], r: -2111, e: -3666, error: 371
#ERR  p: [206, 638], r: -2121, e: -3666, error: 372
#ERR  p: [206, 639], r: -2131, e: -3676, error: 373
#ERR  p: [206, 640], r: -2141, e: -3686, error: 374
#ERR  p: [206, 641], r: -2151, e: -3696, error: 375
#ERR  p: [206, 642], r: -2161, e: -3706, error: 376
#ERR  p: [206, 643], r: -2171, e: -3716, error: 377
#ERR  p: [206, 644], r: -2181, e: -3726, error: 378
#ERR  p: [206, 645], r: -2191, e: -3736, error: 379
#ERR  p: [206, 646], r: -2201, e: -3746, error: 380
#ERR  p: [206, 647], r: -2211, e: -3756, error: 381
#ERR  p: [206, 648], r: -2221, e: -3766, error: 382
#ERR  p: [206, 649], r: -2231, e: -3776, error: 383
#ERR  p: [206, 650], r: -2241, e: -3786, error: 384
#ERR  p: [206, 651], r: -2251, e: -3796, error: 385
#ERR  p: [206, 652], r: -2261, e: -3806, error: 386
#ERR  p: [206, 653], r: -2271, e: -3816, error: 387
#ERR  p: [206, 654], r: -2281, e: -3826, error: 388
#ERR  p: [206, 655], r: -2291, e: -3836, error: 389
#ERR  p: [206, 656], r: -2301, e: -3846, error: 390
#ERR  p: [206, 657], r: -2311, e: -3856, error: 391
#ERR  p: [206, 658], r: -2321, e: -3866, error: 392
#ERR  p: [206, 659], r: -2331, e: -3876, error: 393
#ERR  p: [206, 660], r: -2341, e: -3884, error: 394
#ERR  p: [206, 661], r: -2351, e: -3894, error: 395
#ERR  p: [206, 662], r: -2361, e: -3904, error: 396
#ERR  p: [206, 663], r: -2371, e: -3913, error: 397
#ERR  p: [206, 664], r: -2381, e: -3915, error: 398
#ERR  p: [206, 665], r: -2391, e: -3925, error: 399
#ERR  p: [206, 666], r: -2401, e: -3935, error: 400
#ERR  p: [206, 667], r: -2411, e: -3945, error: 401
#ERR  p: [206, 668], r: -2421, e: -3955, error: 402
#ERR  p: [206, 669], r: -2431, e: -3965, error: 403
#ERR  p: [206, 670], r: -2441, e: -3975, error: 404
#ERR  p: [206, 671], r: -2451, e: -3985, error: 405
#ERR  p: [206, 672], r: -2461, e: -3995, error: 406
#ERR  p: [206, 673], r: -2471, e: -4005, error: 407
#ERR  p: [206, 674], r: -2481, e: -4015, error: 408
#ERR  p: [206, 675], r: -2491, e: -4025, error: 409
#ERR  p: [206, 676], r: -2501, e: -4035, error: 410
#ERR  p: [206, 677], r: -2511, e: -4045, error: 411
#ERR  p: [206, 678], r: -2521, e: -4055, error: 412
#ERR  p: [206, 679], r: -2531, e: -4065, error: 413
#ERR  p: [206, 680], r: -2541, e: -4075, error: 414
#ERR  p: [206, 681], r: -2551, e: -4085, error: 415
#ERR  p: [206, 682], r: -2561, e: -4095, error: 416
#ERR  p: [206, 683], r: -2571, e: -4105, error: 417
#ERR  p: [206, 684], r: -2581, e: -4115, error: 418
#ERR  p: [206, 685], r: -2591, e: -4116, error: 419
#ERR  p: [206, 686], r: -2601, e: -4126, error: 420
#ERR  p: [206, 687], r: -2611, e: -4136, error: 421
#ERR  p: [206, 688], r: -2621, e: -4146, error: 422
#ERR  p: [206, 689], r: -2631, e: -4156, error: 423
#ERR  p: [206, 690], r: -2641, e: -4166, error: 424
#ERR  p: [206, 691], r: -2651, e: -4176, error: 425
#ERR  p: [206, 692], r: -2661, e: -4186, error: 426
#ERR  p: [206, 693], r: -2671, e: -4196, error: 427
#ERR  p: [206, 694], r: -2681, e: -4206, error: 428
#ERR  p: [206, 695], r: -2691, e: -4216, error: 429
#ERR  p: [206, 696], r: -2701, e: -4226, error: 430
#ERR  p: [206, 697], r: -2711, e: -4236, error: 431
#ERR  p: [206, 698], r: -2721, e: -4246, error: 432
#ERR  p: [206, 699], r: -2731, e: -4256, error: 433
#ERR  p: [206, 700], r: -2741, e: -4266, error: 434
#ERR  p: [206, 701], r: -2751, e: -4276, error: 435
#ERR  p: [206, 702], r: -2761, e: -4286, error: 436
#ERR  p: [206, 703], r: -2771, e: -4296, error: 437
#ERR  p: [206, 704], r: -2781, e: -4306, error: 438
#ERR  p: [206, 705], r: -2791, e: -4316, error: 439
#ERR  p: [206, 706], r: -2801, e: -4326, error: 440
#ERR  p: [206, 707], r: -2811, e: -4336, error: 441
#ERR  p: [206, 708], r: -2821, e: -4346, error: 442
#ERR  p: [206, 709], r: -2831, e: -4356, error: 443
#ERR  p: [206, 710], r: -2841, e: -4366, error: 444
#ERR  p: [206, 711], r: -2851, e: -4372, error: 445
#ERR  p: [206, 712], r: -2861, e: -4382, error: 446
#ERR  p: [206, 713], r: -2871, e: -4391, error: 447
#ERR  p: [206, 714], r: -2881, e: -4401, error: 448
#ERR  p: [206, 715], r: -2891, e: -4411, error: 449
#ERR  p: [206, 716], r: -2901, e: -4420, error: 450
#ERR  p: [206, 717], r: -2911, e: -4430, error: 451
#ERR  p: [206, 718], r: -2921, e: -4438, error: 452
#ERR  p: [206, 719], r: -2931, e: -4448, error: 453
#ERR  p: [206, 720], r: -2941, e: -4457, error: 454
#ERR  p: [206, 721], r: -2951, e: -4467, error: 455
#ERR  p: [206, 722], r: -2961, e: -4477, error: 456
#ERR  p: [206, 723], r: -2971, e: -4486, error: 457
#ERR  p: [206, 724], r: -2981, e: -4496, error: 458
#ERR  p: [206, 725], r: -2991, e: -4506, error: 459
#ERR  p: [206, 726], r: -3001, e: -4516, error: 460
#ERR  p: [206, 727], r: -3011, e: -4526, error: 461
#ERR  p: [206, 728], r: -3021, e: -4536, error: 462
#ERR  p: [206, 729], r: -3031, e: -4546, error: 463
#ERR  p: [206, 730], r: -3041, e: -4556, error: 464
#ERR  p: [206, 731], r: -3051, e: -4566, error: 465
#ERR  p: [206, 732], r: -3061, e: -4576, error: 466
#ERR  p: [206, 733], r: -3071, e: -4586, error: 467
#ERR  p: [206, 734], r: -3081, e: -4596, error: 468
#ERR  p: [206, 735], r: -3091, e: -4606, error: 469
#ERR  p: [206, 736], r: -3101, e: -4605, error: 470
#ERR  p: [206, 737], r: -3111, e: -4615, error: 471
#ERR  p: [206, 738], r: -3121, e: -4625, error: 472
#ERR  p: [206, 739], r: -3131, e: -4635, error: 473
#ERR  p: [206, 740], r: -3141, e: -4645, error: 474
#ERR  p: [206, 741], r: -3151, e: -4655, error: 475
#ERR  p: [206, 742], r: -3161, e: -4665, error: 476
#ERR  p: [206, 743], r: -3171, e: -4675, error: 477
#ERR  p: [206, 744], r: -3181, e: -4685, error: 478
#ERR  p: [206, 745], r: -3191, e: -4695, error: 479
#ERR  p: [206, 746], r: -3201, e: -4705, error: 480
#ERR  p: [206, 747], r: -3211, e: -4715, error: 481
#ERR  p: [206, 748], r: -3221, e: -4725, error: 482
#ERR  p: [206, 749], r: -3231, e: -4735, error: 483
#ERR  p: [206, 750], r: -3241, e: -4745, error: 484
#ERR  p: [206, 751], r: -3251, e: -4755, error: 485
#ERR  p: [206, 752], r: -3261, e: -4765, error: 486
#ERR  p: [206, 753], r: -3271, e: -4775, error: 487
#ERR  p: [206, 754], r: -3281, e: -4785, error: 488
#ERR  p: [206, 755], r: -3291, e: -4795, error: 489
#ERR  p: [206, 756], r: -3301, e: -4805, error: 490
#ERR  p: [206, 757], r: -3311, e: -4815, error: 491
#ERR  p: [206, 758], r: -3321, e: -4825, error: 492
#ERR  p: [206, 759], r: -3331, e: -4835, error: 493
#ERR  p: [206, 760], r: -3341, e: -4845, error: 494
#ERR  p: [206, 761], r: -3351, e: -4855, error: 495
#ERR  p: [206, 762], r: -3361, e: -4865, error: 496
#ERR  p: [206, 763], r: -3371, e: -4875, error: 497
#ERR  p: [206, 764], r: -3381, e: -4885, error: 498
#ERR  p: [206, 765], r: -3391, e: -4895, error: 499
#SDC Ite:0 KerTime:0.294690 AccTime:0.294690 KerErr:500 AccErr:500
#END