#HEADER max_rows:2048 max_cols:2048 penalty:10
#BEGIN Y:2016 M:09 D:12 Time:14:26:36
#IT Ite:0 KerTime:0.294342 AccTime:0.294342
#ERR Error detected! kerrors = 9771
#ERR  p: [1589, 1374], r: -1799, e: -1781, error: 1
#ERR  p: [1590, 1375], r: -1792, e: -1784, error: 2
#ERR  p: [1591, 1376], r: -1793, e: -1785, error: 3
#ERR  p: [1592, 1377], r: -1792, e: -1786, error: 4
#ERR  p: [1593, 1378], r: -1791, e: -1788, error: 5
#ERR  p: [1594, 1379], r: -1792, e: -1790, error: 6
#ERR  p: [1595, 1380], r: -1790, e: -1788, error: 7
#ERR  p: [1596, 1381], r: -1790, e: -1788, error: 8
#ERR  p: [1597, 1382], r: -1785, e: -1783, error: 9
#ERR  p: [1598, 1382], r: -1795, e: -1793, error: 10
#ERR  p: [1598, 1383], r: -1788, e: -1786, error: 11
#ERR  p: [1599, 1382], r: -1805, e: -1803, error: 12
#ERR  p: [1599, 1383], r: -1792, e: -1790, error: 13
#ERR  p: [1599, 1384], r: -1789, e: -1787, error: 14
#ERR  p: [1600, 1383], r: -1802, e: -1800, error: 15
#ERR  p: [1600, 1384], r: -1788, e: -1786, error: 16
#ERR  p: [1600, 1385], r: -1792, e: -1790, error: 17
#ERR  p: [1601, 1384], r: -1798, e: -1796, error: 18
#ERR  p: [1601, 1385], r: -1791, e: -1789, error: 19
#ERR  p: [1601, 1386], r: -1793, e: -1791, error: 20
#ERR  p: [1602, 1384], r: -1808, e: -1806, error: 21
#ERR  p: [1602, 1385], r: -1801, e: -1799, error: 22
#ERR  p: [1602, 1386], r: -1794, e: -1792, error: 23
#ERR  p: [1602, 1387], r: -1794, e: -1792, error: 24
#ERR  p: [1603, 1385], r: -1811, e: -1809, error: 25
#ERR  p: [1603, 1386], r: -1804, e: -1802, error: 26
#ERR  p: [1603, 1387], r: -1798, e: -1796, error: 27
#ERR  p: [1603, 1388], r: -1798, e: -1796, error: 28
#ERR  p: [1604, 1386], r: -1803, e: -1801, error: 29
#ERR  p: [1604, 1387], r: -1807, e: -1805, error: 30
#ERR  p: [1604, 1388], r: -1799, e: -1797, error: 31
#ERR  p: [1604, 1389], r: -1790, e: -1788, error: 32
#ERR  p: [1605, 1387], r: -1806, e: -1804, error: 33
#ERR  p: [1605, 1388], r: -1808, e: -1806, error: 34
#ERR  p: [1605, 1389], r: -1791, e: -1789, error: 35
#ERR  p: [1605, 1390], r: -1790, e: -1788, error: 36
#ERR  p: [1606, 1388], r: -1809, e: -1807, error: 37
#ERR  p: [1606, 1389], r: -1801, e: -1799, error: 38
#ERR  p: [1606, 1390], r: -1794, e: -1792, error: 39
#ERR  p: [1606, 1391], r: -1793, e: -1791, error: 40
#ERR  p: [1607, 1389], r: -1809, e: -1807, error: 41
#ERR  p: [1607, 1390], r: -1797, e: -1795, error: 42
#ERR  p: [1607, 1391], r: -1792, e: -1790, error: 43
#ERR  p: [1607, 1392], r: -1788, e: -1786, error: 44
#ERR  p: [1607, 1393], r: -1798, e: -1796, error: 45
#ERR  p: [1608, 1390], r: -1807, e: -1805, error: 46
#ERR  p: [1608, 1391], r: -1800, e: -1798, error: 47
#ERR  p: [1608, 1392], r: -1795, e: -1793, error: 48
#ERR  p: [1608, 1393], r: -1791, e: -1789, error: 49
#ERR  p: [1608, 1394], r: -1801, e: -1799, error: 50
#ERR  p: [1609, 1391], r: -1810, e: -1808, error: 51
#ERR  p: [1609, 1392], r: -1802, e: -1800, error: 52
#ERR  p: [1609, 1393], r: -1798, e: -1796, error: 53
#ERR  p: [1609, 1394], r: -1794, e: -1792, error: 54
#ERR  p: [1609, 1395], r: -1800, e: -1798, error: 55
#ERR  p: [1610, 1392], r: -1812, e: -1810, error: 56
#ERR  p: [1610, 1393], r: -1803, e: -1801, error: 57
#ERR  p: [1610, 1394], r: -1801, e: -1799, error: 58
#ERR  p: [1610, 1395], r: -1789, e: -1787, error: 59
#ERR  p: [1610, 1396], r: -1799, e: -1797, error: 60
#ERR  p: [1611, 1393], r: -1813, e: -1811, error: 61
#ERR  p: [1611, 1394], r: -1807, e: -1805, error: 62
#ERR  p: [1611, 1395], r: -1799, e: -1797, error: 63
#ERR  p: [1611, 1396], r: -1793, e: -1791, error: 64
#ERR  p: [1611, 1397], r: -1802, e: -1800, error: 65
#ERR  p: [1612, 1394], r: -1813, e: -1811, error: 66
#ERR  p: [1612, 1395], r: -1808, e: -1806, error: 67
#ERR  p: [1612, 1396], r: -1800, e: -1798, error: 68
#ERR  p: [1612, 1397], r: -1794, e: -1792, error: 69
#ERR  p: [1612, 1398], r: -1802, e: -1800, error: 70
#ERR  p: [1613, 1395], r: -1814, e: -1812, error: 71
#ERR  p: [1613, 1396], r: -1809, e: -1807, error: 72
#ERR  p: [1613, 1397], r: -1800, e: -1798, error: 73
#ERR  p: [1613, 1398], r: -1793, e: -1791, error: 74
#ERR  p: [1613, 1399], r: -1798, e: -1796, error: 75
#ERR  p: [1614, 1396], r: -1815, e: -1813, error: 76
#ERR  p: [1614, 1397], r: -1810, e: -1808, error: 77
#ERR  p: [1614, 1398], r: -1794, e: -1792, error: 78
#ERR  p: [1614, 1399], r: -1791, e: -1789, error: 79
#ERR  p: [1614, 1400], r: -1801, e: -1799, error: 80
#ERR  p: [1615, 1397], r: -1815, e: -1813, error: 81
#ERR  p: [1615, 1398], r: -1804, e: -1802, error: 82
#ERR  p: [1615, 1399], r: -1790, e: -1788, error: 83
#ERR  p: [1615, 1400], r: -1794, e: -1792, error: 84
#ERR  p: [1615, 1401], r: -1800, e: -1798, error: 85
#ERR  p: [1616, 1398], r: -1814, e: -1812, error: 86
#ERR  p: [1616, 1399], r: -1800, e: -1798, error: 87
#ERR  p: [1616, 1400], r: -1792, e: -1790, error: 88
#ERR  p: [1616, 1401], r: -1798, e: -1796, error: 89
#ERR  p: [1616, 1402], r: -1803, e: -1802, error: 90
#ERR  p: [1617, 1399], r: -1810, e: -1808, error: 91
#ERR  p: [1617, 1400], r: -1802, e: -1800, error: 92
#ERR  p: [1617, 1401], r: -1792, e: -1790, error: 93
#ERR  p: [1617, 1402], r: -1798, e: -1796, error: 94
#ERR  p: [1617, 1403], r: -1805, e: -1804, error: 95
#ERR  p: [1618, 1399], r: -1820, e: -1818, error: 96
#ERR  p: [1618, 1400], r: -1812, e: -1810, error: 97
#ERR  p: [1618, 1401], r: -1802, e: -1800, error: 98
#ERR  p: [1618, 1402], r: -1793, e: -1791, error: 99
#ERR  p: [1618, 1403], r: -1800, e: -1798, error: 100
#ERR  p: [1618, 1404], r: -1806, e: -1805, error: 101
#ERR  p: [1619, 1400], r: -1822, e: -1820, error: 102
#ERR  p: [1619, 1401], r: -1812, e: -1810, error: 103
#ERR  p: [1619, 1402], r: -1803, e: -1801, error: 104
#ERR  p: [1619, 1403], r: -1795, e: -1793, error: 105
#ERR  p: [1619, 1404], r: -1800, e: -1798, error: 106
#ERR  p: [1619, 1405], r: -1807, e: -1806, error: 107
#ERR  p: [1620, 1401], r: -1822, e: -1820, error: 108
#ERR  p: [1620, 1402], r: -1813, e: -1811, error: 109
#ERR  p: [1620, 1403], r: -1805, e: -1803, error: 110
#ERR  p: [1620, 1404], r: -1799, e: -1797, error: 111
#ERR  p: [1620, 1405], r: -1804, e: -1802, error: 112
#ERR  p: [1620, 1406], r: -1811, e: -1810, error: 113
#ERR  p: [1621, 1402], r: -1823, e: -1821, error: 114
#ERR  p: [1621, 1403], r: -1815, e: -1813, error: 115
#ERR  p: [1621, 1404], r: -1807, e: -1805, error: 116
#ERR  p: [1621, 1405], r: -1800, e: -1798, error: 117
#ERR  p: [1621, 1406], r: -1807, e: -1805, error: 118
#ERR  p: [1621, 1407], r: -1814, e: -1813, error: 119
#ERR  p: [1622, 1403], r: -1825, e: -1823, error: 120
#ERR  p: [1622, 1404], r: -1816, e: -1814, error: 121
#ERR  p: [1622, 1405], r: -1810, e: -1808, error: 122
#ERR  p: [1622, 1406], r: -1799, e: -1797, error: 123
#ERR  p: [1622, 1407], r: -1807, e: -1805, error: 124
#ERR  p: [1622, 1408], r: -1813, e: -1812, error: 125
#ERR  p: [1623, 1404], r: -1826, e: -1824, error: 126
#ERR  p: [1623, 1405], r: -1816, e: -1814, error: 127
#ERR  p: [1623, 1406], r: -1809, e: -1807, error: 128
#ERR  p: [1623, 1407], r: -1802, e: -1800, error: 129
#ERR  p: [1623, 1408], r: -1810, e: -1808, error: 130
#ERR  p: [1623, 1409], r: -1815, e: -1814, error: 131
#ERR  p: [1624, 1405], r: -1825, e: -1823, error: 132
#ERR  p: [1624, 1406], r: -1819, e: -1817, error: 133
#ERR  p: [1624, 1407], r: -1810, e: -1808, error: 134
#ERR  p: [1624, 1408], r: -1805, e: -1803, error: 135
#ERR  p: [1624, 1409], r: -1811, e: -1809, error: 136
#ERR  p: [1625, 1406], r: -1828, e: -1826, error: 137
#ERR  p: [1625, 1407], r: -1820, e: -1818, error: 138
#ERR  p: [1625, 1408], r: -1813, e: -1811, error: 139
#ERR  p: [1625, 1409], r: -1806, e: -1804, error: 140
#ERR  p: [1625, 1410], r: -1812, e: -1810, error: 141
#ERR  p: [1626, 1407], r: -1830, e: -1828, error: 142
#ERR  p: [1626, 1408], r: -1821, e: -1819, error: 143
#ERR  p: [1626, 1409], r: -1813, e: -1811, error: 144
#ERR  p: [1626, 1410], r: -1808, e: -1806, error: 145
#ERR  p: [1626, 1411], r: -1815, e: -1813, error: 146
#ERR  p: [1627, 1408], r: -1831, e: -1829, error: 147
#ERR  p: [1627, 1409], r: -1821, e: -1819, error: 148
#ERR  p: [1627, 1410], r: -1816, e: -1814, error: 149
#ERR  p: [1627, 1411], r: -1809, e: -1807, error: 150
#ERR  p: [1627, 1412], r: -1818, e: -1816, error: 151
#ERR  p: [1628, 1409], r: -1831, e: -1829, error: 152
#ERR  p: [1628, 1410], r: -1823, e: -1821, error: 153
#ERR  p: [1628, 1411], r: -1817, e: -1815, error: 154
#ERR  p: [1628, 1412], r: -1812, e: -1810, error: 155
#ERR  p: [1628, 1413], r: -1819, e: -1817, error: 156
#ERR  p: [1629, 1410], r: -1832, e: -1830, error: 157
#ERR  p: [1629, 1411], r: -1825, e: -1823, error: 158
#ERR  p: [1629, 1412], r: -1810, e: -1808, error: 159
#ERR  p: [1629, 1413], r: -1815, e: -1813, error: 160
#ERR  p: [1629, 1414], r: -1822, e: -1820, error: 161
#ERR  p: [1630, 1411], r: -1834, e: -1832, error: 162
#ERR  p: [1630, 1412], r: -1818, e: -1816, error: 163
#ERR  p: [1630, 1413], r: -1813, e: -1811, error: 164
#ERR  p: [1630, 1414], r: -1818, e: -1816, error: 165
#ERR  p: [1630, 1415], r: -1824, e: -1822, error: 166
#ERR  p: [1631, 1412], r: -1828, e: -1826, error: 167
#ERR  p: [1631, 1413], r: -1819, e: -1817, error: 168
#ERR  p: [1631, 1414], r: -1814, e: -1812, error: 169
#ERR  p: [1631, 1415], r: -1821, e: -1819, error: 170
#ERR  p: [1631, 1416], r: -1827, e: -1825, error: 171
#ERR  p: [1632, 1412], r: -1838, e: -1836, error: 172
#ERR  p: [1632, 1413], r: -1825, e: -1823, error: 173
#ERR  p: [1632, 1414], r: -1816, e: -1814, error: 174
#ERR  p: [1632, 1415], r: -1817, e: -1815, error: 175
#ERR  p: [1632, 1416], r: -1823, e: -1821, error: 176
#ERR  p: [1632, 1417], r: -1830, e: -1828, error: 177
#ERR  p: [1633, 1412], r: -1848, e: -1846, error: 178
#ERR  p: [1633, 1413], r: -1835, e: -1833, error: 179
#ERR  p: [1633, 1414], r: -1826, e: -1824, error: 180
#ERR  p: [1633, 1415], r: -1819, e: -1817, error: 181
#ERR  p: [1633, 1416], r: -1819, e: -1817, error: 182
#ERR  p: [1633, 1417], r: -1825, e: -1823, error: 183
#ERR  p: [1633, 1418], r: -1827, e: -1825, error: 184
#ERR  p: [1634, 1413], r: -1845, e: -1843, error: 185
#ERR  p: [1634, 1414], r: -1836, e: -1834, error: 186
#ERR  p: [1634, 1415], r: -1827, e: -1825, error: 187
#ERR  p: [1634, 1416], r: -1818, e: -1816, error: 188
#ERR  p: [1634, 1417], r: -1818, e: -1816, error: 189
#ERR  p: [1634, 1418], r: -1828, e: -1826, error: 190
#ERR  p: [1634, 1419], r: -1826, e: -1824, error: 191
#ERR  p: [1635, 1413], r: -1854, e: -1853, error: 192
#ERR  p: [1635, 1414], r: -1846, e: -1844, error: 193
#ERR  p: [1635, 1415], r: -1837, e: -1835, error: 194
#ERR  p: [1635, 1416], r: -1826, e: -1824, error: 195
#ERR  p: [1635, 1417], r: -1815, e: -1813, error: 196
#ERR  p: [1635, 1418], r: -1821, e: -1819, error: 197
#ERR  p: [1635, 1419], r: -1827, e: -1825, error: 198
#ERR  p: [1635, 1420], r: -1825, e: -1823, error: 199
#ERR  p: [1636, 1414], r: -1851, e: -1850, error: 200
#ERR  p: [1636, 1415], r: -1847, e: -1845, error: 201
#ERR  p: [1636, 1416], r: -1836, e: -1834, error: 202
#ERR  p: [1636, 1417], r: -1825, e: -1823, error: 203
#ERR  p: [1636, 1418], r: -1816, e: -1814, error: 204
#ERR  p: [1636, 1419], r: -1823, e: -1821, error: 205
#ERR  p: [1636, 1420], r: -1829, e: -1827, error: 206
#ERR  p: [1636, 1421], r: -1826, e: -1824, error: 207
#ERR  p: [1637, 1415], r: -1855, e: -1854, error: 208
#ERR  p: [1637, 1416], r: -1846, e: -1844, error: 209
#ERR  p: [1637, 1417], r: -1835, e: -1833, error: 210
#ERR  p: [1637, 1418], r: -1826, e: -1824, error: 211
#ERR  p: [1637, 1419], r: -1820, e: -1818, error: 212
#ERR  p: [1637, 1420], r: -1827, e: -1825, error: 213
#ERR  p: [1637, 1421], r: -1833, e: -1831, error: 214
#ERR  p: [1637, 1422], r: -1830, e: -1828, error: 215
#ERR  p: [1638, 1416], r: -1856, e: -1854, error: 216
#ERR  p: [1638, 1417], r: -1845, e: -1843, error: 217
#ERR  p: [1638, 1418], r: -1832, e: -1830, error: 218
#ERR  p: [1638, 1419], r: -1828, e: -1826, error: 219
#ERR  p: [1638, 1420], r: -1822, e: -1820, error: 220
#ERR  p: [1638, 1421], r: -1824, e: -1822, error: 221
#ERR  p: [1638, 1422], r: -1834, e: -1832, error: 222
#ERR  p: [1638, 1423], r: -1833, e: -1831, error: 223
#ERR  p: [1639, 1417], r: -1853, e: -1851, error: 224
#ERR  p: [1639, 1418], r: -1842, e: -1840, error: 225
#ERR  p: [1639, 1419], r: -1831, e: -1829, error: 226
#ERR  p: [1639, 1420], r: -1827, e: -1825, error: 227
#ERR  p: [1639, 1421], r: -1825, e: -1823, error: 228
#ERR  p: [1639, 1422], r: -1827, e: -1825, error: 229
#ERR  p: [1639, 1423], r: -1830, e: -1828, error: 230
#ERR  p: [1639, 1424], r: -1833, e: -1831, error: 231
#ERR  p: [1640, 1418], r: -1852, e: -1850, error: 232
#ERR  p: [1640, 1419], r: -1841, e: -1839, error: 233
#ERR  p: [1640, 1420], r: -1834, e: -1832, error: 234
#ERR  p: [1640, 1421], r: -1827, e: -1825, error: 235
#ERR  p: [1640, 1422], r: -1823, e: -1821, error: 236
#ERR  p: [1640, 1423], r: -1831, e: -1829, error: 237
#ERR  p: [1640, 1424], r: -1832, e: -1830, error: 238
#ERR  p: [1640, 1425], r: -1837, e: -1835, error: 239
#ERR  p: [1641, 1419], r: -1848, e: -1846, error: 240
#ERR  p: [1641, 1420], r: -1837, e: -1835, error: 241
#ERR  p: [1641, 1421], r: -1837, e: -1835, error: 242
#ERR  p: [1641, 1422], r: -1829, e: -1827, error: 243
#ERR  p: [1641, 1423], r: -1821, e: -1819, error: 244
#ERR  p: [1641, 1424], r: -1830, e: -1828, error: 245
#ERR  p: [1641, 1425], r: -1834, e: -1832, error: 246
#ERR  p: [1641, 1426], r: -1841, e: -1839, error: 247
#ERR  p: [1642, 1419], r: -1858, e: -1856, error: 248
#ERR  p: [1642, 1420], r: -1847, e: -1845, error: 249
#ERR  p: [1642, 1421], r: -1831, e: -1829, error: 250
#ERR  p: [1642, 1422], r: -1837, e: -1835, error: 251
#ERR  p: [1642, 1423], r: -1831, e: -1829, error: 252
#ERR  p: [1642, 1424], r: -1824, e: -1822, error: 253
#ERR  p: [1642, 1425], r: -1833, e: -1831, error: 254
#ERR  p: [1642, 1426], r: -1836, e: -1834, error: 255
#ERR  p: [1642, 1427], r: -1838, e: -1836, error: 256
#ERR  p: [1643, 1420], r: -1857, e: -1855, error: 257
#ERR  p: [1643, 1421], r: -1841, e: -1839, error: 258
#ERR  p: [1643, 1422], r: -1832, e: -1830, error: 259
#ERR  p: [1643, 1423], r: -1839, e: -1837, error: 260
#ERR  p: [1643, 1424], r: -1829, e: -1827, error: 261
#ERR  p: [1643, 1425], r: -1826, e: -1824, error: 262
#ERR  p: [1643, 1426], r: -1836, e: -1834, error: 263
#ERR  p: [1643, 1427], r: -1838, e: -1836, error: 264
#ERR  p: [1643, 1428], r: -1837, e: -1835, error: 265
#ERR  p: [1644, 1421], r: -1851, e: -1849, error: 266
#ERR  p: [1644, 1422], r: -1840, e: -1838, error: 267
#ERR  p: [1644, 1423], r: -1835, e: -1833, error: 268
#ERR  p: [1644, 1424], r: -1839, e: -1837, error: 269
#ERR  p: [1644, 1425], r: -1832, e: -1830, error: 270
#ERR  p: [1644, 1426], r: -1827, e: -1825, error: 271
#ERR  p: [1644, 1427], r: -1837, e: -1835, error: 272
#ERR  p: [1644, 1428], r: -1840, e: -1838, error: 273
#ERR  p: [1644, 1429], r: -1840, e: -1838, error: 274
#ERR  p: [1645, 1422], r: -1850, e: -1848, error: 275
#ERR  p: [1645, 1423], r: -1841, e: -1839, error: 276
#ERR  p: [1645, 1424], r: -1836, e: -1834, error: 277
#ERR  p: [1645, 1425], r: -1841, e: -1839, error: 278
#ERR  p: [1645, 1426], r: -1833, e: -1831, error: 279
#ERR  p: [1645, 1427], r: -1829, e: -1827, error: 280
#ERR  p: [1645, 1428], r: -1838, e: -1836, error: 281
#ERR  p: [1645, 1429], r: -1841, e: -1839, error: 282
#ERR  p: [1645, 1430], r: -1841, e: -1839, error: 283
#ERR  p: [1646, 1423], r: -1851, e: -1849, error: 284
#ERR  p: [1646, 1424], r: -1842, e: -1840, error: 285
#ERR  p: [1646, 1425], r: -1837, e: -1835, error: 286
#ERR  p: [1646, 1426], r: -1843, e: -1841, error: 287
#ERR  p: [1646, 1427], r: -1834, e: -1832, error: 288
#ERR  p: [1646, 1428], r: -1830, e: -1828, error: 289
#ERR  p: [1646, 1429], r: -1839, e: -1837, error: 290
#ERR  p: [1646, 1430], r: -1843, e: -1841, error: 291
#ERR  p: [1646, 1431], r: -1842, e: -1840, error: 292
#ERR  p: [1647, 1424], r: -1850, e: -1848, error: 293
#ERR  p: [1647, 1425], r: -1844, e: -1842, error: 294
#ERR  p: [1647, 1426], r: -1840, e: -1838, error: 295
#ERR  p: [1647, 1427], r: -1844, e: -1842, error: 296
#ERR  p: [1647, 1428], r: -1831, e: -1829, error: 297
#ERR  p: [1647, 1429], r: -1829, e: -1827, error: 298
#ERR  p: [1647, 1430], r: -1839, e: -1837, error: 299
#ERR  p: [1647, 1431], r: -1844, e: -1842, error: 300
#ERR  p: [1647, 1432], r: -1843, e: -1841, error: 301
#ERR  p: [1648, 1424], r: -1860, e: -1858, error: 302
#ERR  p: [1648, 1425], r: -1853, e: -1851, error: 303
#ERR  p: [1648, 1426], r: -1846, e: -1844, error: 304
#ERR  p: [1648, 1427], r: -1837, e: -1835, error: 305
#ERR  p: [1648, 1428], r: -1841, e: -1839, error: 306
#ERR  p: [1648, 1429], r: -1834, e: -1832, error: 307
#ERR  p: [1648, 1430], r: -1831, e: -1829, error: 308
#ERR  p: [1648, 1431], r: -1840, e: -1838, error: 309
#ERR  p: [1648, 1432], r: -1844, e: -1842, error: 310
#ERR  p: [1649, 1425], r: -1862, e: -1860, error: 311
#ERR  p: [1649, 1426], r: -1856, e: -1854, error: 312
#ERR  p: [1649, 1427], r: -1847, e: -1845, error: 313
#ERR  p: [1649, 1428], r: -1835, e: -1833, error: 314
#ERR  p: [1649, 1429], r: -1840, e: -1838, error: 315
#ERR  p: [1649, 1430], r: -1838, e: -1836, error: 316
#ERR  p: [1649, 1431], r: -1832, e: -1830, error: 317
#ERR  p: [1649, 1432], r: -1842, e: -1840, error: 318
#ERR  p: [1649, 1433], r: -1839, e: -1837, error: 319
#ERR  p: [1650, 1426], r: -1865, e: -1863, error: 320
#ERR  p: [1650, 1427], r: -1857, e: -1855, error: 321
#ERR  p: [1650, 1428], r: -1845, e: -1843, error: 322
#ERR  p: [1650, 1429], r: -1837, e: -1835, error: 323
#ERR  p: [1650, 1430], r: -1843, e: -1841, error: 324
#ERR  p: [1650, 1431], r: -1840, e: -1838, error: 325
#ERR  p: [1650, 1432], r: -1834, e: -1832, error: 326
#ERR  p: [1650, 1433], r: -1843, e: -1841, error: 327
#ERR  p: [1650, 1434], r: -1841, e: -1839, error: 328
#ERR  p: [1651, 1427], r: -1867, e: -1865, error: 329
#ERR  p: [1651, 1428], r: -1855, e: -1853, error: 330
#ERR  p: [1651, 1429], r: -1847, e: -1845, error: 331
#ERR  p: [1651, 1430], r: -1828, e: -1826, error: 332
#ERR  p: [1651, 1431], r: -1838, e: -1836, error: 333
#ERR  p: [1651, 1432], r: -1841, e: -1839, error: 334
#ERR  p: [1651, 1433], r: -1838, e: -1836, error: 335
#ERR  p: [1651, 1434], r: -1845, e: -1843, error: 336
#ERR  p: [1651, 1435], r: -1832, e: -1830, error: 337
#ERR  p: [1651, 1436], r: -1842, e: -1840, error: 338
#ERR  p: [1652, 1428], r: -1865, e: -1863, error: 339
#ERR  p: [1652, 1429], r: -1855, e: -1853, error: 340
#ERR  p: [1652, 1430], r: -1838, e: -1836, error: 341
#ERR  p: [1652, 1431], r: -1829, e: -1827, error: 342
#ERR  p: [1652, 1432], r: -1839, e: -1837, error: 343
#ERR  p: [1652, 1433], r: -1840, e: -1838, error: 344
#ERR  p: [1652, 1434], r: -1839, e: -1837, error: 345
#ERR  p: [1652, 1435], r: -1842, e: -1840, error: 346
#ERR  p: [1652, 1436], r: -1833, e: -1831, error: 347
#ERR  p: [1652, 1437], r: -1843, e: -1841, error: 348
#ERR  p: [1653, 1429], r: -1865, e: -1863, error: 349
#ERR  p: [1653, 1430], r: -1848, e: -1846, error: 350
#ERR  p: [1653, 1431], r: -1839, e: -1837, error: 351
#ERR  p: [1653, 1432], r: -1830, e: -1828, error: 352
#ERR  p: [1653, 1433], r: -1838, e: -1836, error: 353
#ERR  p: [1653, 1434], r: -1841, e: -1839, error: 354
#ERR  p: [1653, 1435], r: -1842, e: -1840, error: 355
#ERR  p: [1653, 1436], r: -1843, e: -1841, error: 356
#ERR  p: [1653, 1437], r: -1836, e: -1834, error: 357
#ERR  p: [1653, 1438], r: -1843, e: -1841, error: 358
#ERR  p: [1654, 1430], r: -1858, e: -1856, error: 359
#ERR  p: [1654, 1431], r: -1849, e: -1847, error: 360
#ERR  p: [1654, 1432], r: -1840, e: -1838, error: 361
#ERR  p: [1654, 1433], r: -1832, e: -1830, error: 362
#ERR  p: [1654, 1434], r: -1839, e: -1837, error: 363
#ERR  p: [1654, 1435], r: -1843, e: -1841, error: 364
#ERR  p: [1654, 1436], r: -1844, e: -1842, error: 365
#ERR  p: [1654, 1437], r: -1844, e: -1842, error: 366
#ERR  p: [1654, 1438], r: -1838, e: -1836, error: 367
#ERR  p: [1654, 1439], r: -1847, e: -1845, error: 368
#ERR  p: [1655, 1431], r: -1858, e: -1856, error: 369
#ERR  p: [1655, 1432], r: -1850, e: -1848, error: 370
#ERR  p: [1655, 1433], r: -1840, e: -1838, error: 371
#ERR  p: [1655, 1434], r: -1832, e: -1830, error: 372
#ERR  p: [1655, 1435], r: -1840, e: -1838, error: 373
#ERR  p: [1655, 1436], r: -1842, e: -1840, error: 374
#ERR  p: [1655, 1437], r: -1846, e: -1844, error: 375
#ERR  p: [1655, 1438], r: -1840, e: -1838, error: 376
#ERR  p: [1655, 1439], r: -1842, e: -1840, error: 377
#ERR  p: [1655, 1440], r: -1849, e: -1847, error: 378
#ERR  p: [1656, 1431], r: -1868, e: -1866, error: 379
#ERR  p: [1656, 1432], r: -1860, e: -1858, error: 380
#ERR  p: [1656, 1433], r: -1850, e: -1848, error: 381
#ERR  p: [1656, 1434], r: -1842, e: -1840, error: 382
#ERR  p: [1656, 1435], r: -1836, e: -1834, error: 383
#ERR  p: [1656, 1436], r: -1844, e: -1842, error: 384
#ERR  p: [1656, 1437], r: -1846, e: -1844, error: 385
#ERR  p: [1656, 1438], r: -1850, e: -1848, error: 386
#ERR  p: [1656, 1439], r: -1839, e: -1837, error: 387
#ERR  p: [1656, 1440], r: -1846, e: -1844, error: 388
#ERR  p: [1656, 1441], r: -1853, e: -1851, error: 389
#ERR  p: [1657, 1432], r: -1869, e: -1867, error: 390
#ERR  p: [1657, 1433], r: -1860, e: -1858, error: 391
#ERR  p: [1657, 1434], r: -1851, e: -1849, error: 392
#ERR  p: [1657, 1435], r: -1845, e: -1843, error: 393
#ERR  p: [1657, 1436], r: -1837, e: -1835, error: 394
#ERR  p: [1657, 1437], r: -1847, e: -1845, error: 395
#ERR  p: [1657, 1438], r: -1847, e: -1845, error: 396
#ERR  p: [1657, 1439], r: -1849, e: -1847, error: 397
#ERR  p: [1657, 1440], r: -1842, e: -1840, error: 398
#ERR  p: [1657, 1441], r: -1849, e: -1847, error: 399
#ERR  p: [1657, 1442], r: -1851, e: -1849, error: 400
#ERR  p: [1658, 1433], r: -1868, e: -1866, error: 401
#ERR  p: [1658, 1434], r: -1861, e: -1859, error: 402
#ERR  p: [1658, 1435], r: -1854, e: -1852, error: 403
#ERR  p: [1658, 1436], r: -1846, e: -1844, error: 404
#ERR  p: [1658, 1437], r: -1840, e: -1838, error: 405
#ERR  p: [1658, 1438], r: -1847, e: -1845, error: 406
#ERR  p: [1658, 1439], r: -1851, e: -1849, error: 407
#ERR  p: [1658, 1440], r: -1852, e: -1850, error: 408
#ERR  p: [1658, 1441], r: -1845, e: -1843, error: 409
#ERR  p: [1658, 1442], r: -1844, e: -1842, error: 410
#ERR  p: [1658, 1443], r: -1854, e: -1852, error: 411
#ERR  p: [1659, 1433], r: -1878, e: -1876, error: 412
#ERR  p: [1659, 1434], r: -1869, e: -1867, error: 413
#ERR  p: [1659, 1435], r: -1862, e: -1860, error: 414
#ERR  p: [1659, 1436], r: -1855, e: -1853, error: 415
#ERR  p: [1659, 1437], r: -1842, e: -1840, error: 416
#ERR  p: [1659, 1438], r: -1842, e: -1840, error: 417
#ERR  p: [1659, 1439], r: -1851, e: -1849, error: 418
#ERR  p: [1659, 1440], r: -1847, e: -1845, error: 419
#ERR  p: [1659, 1441], r: -1848, e: -1846, error: 420
#ERR  p: [1659, 1442], r: -1848, e: -1846, error: 421
#ERR  p: [1659, 1443], r: -1845, e: -1843, error: 422
#ERR  p: [1659, 1444], r: -1855, e: -1853, error: 423
#ERR  p: [1660, 1434], r: -1879, e: -1877, error: 424
#ERR  p: [1660, 1435], r: -1872, e: -1870, error: 425
#ERR  p: [1660, 1436], r: -1864, e: -1862, error: 426
#ERR  p: [1660, 1437], r: -1852, e: -1850, error: 427
#ERR  p: [1660, 1438], r: -1843, e: -1841, error: 428
#ERR  p: [1660, 1439], r: -1846, e: -1844, error: 429
#ERR  p: [1660, 1440], r: -1854, e: -1852, error: 430
#ERR  p: [1660, 1441], r: -1850, e: -1848, error: 431
#ERR  p: [1660, 1442], r: -1849, e: -1847, error: 432
#ERR  p: [1660, 1443], r: -1851, e: -1849, error: 433
#ERR  p: [1660, 1444], r: -1845, e: -1843, error: 434
#ERR  p: [1661, 1435], r: -1882, e: -1880, error: 435
#ERR  p: [1661, 1436], r: -1873, e: -1871, error: 436
#ERR  p: [1661, 1437], r: -1862, e: -1860, error: 437
#ERR  p: [1661, 1438], r: -1853, e: -1851, error: 438
#ERR  p: [1661, 1439], r: -1847, e: -1845, error: 439
#ERR  p: [1661, 1440], r: -1849, e: -1847, error: 440
#ERR  p: [1661, 1441], r: -1857, e: -1855, error: 441
#ERR  p: [1661, 1442], r: -1848, e: -1846, error: 442
#ERR  p: [1661, 1443], r: -1852, e: -1850, error: 443
#ERR  p: [1661, 1444], r: -1851, e: -1849, error: 444
#ERR  p: [1661, 1445], r: -1848, e: -1846, error: 445
#ERR  p: [1662, 1436], r: -1883, e: -1881, error: 446
#ERR  p: [1662, 1437], r: -1872, e: -1870, error: 447
#ERR  p: [1662, 1438], r: -1862, e: -1860, error: 448
#ERR  p: [1662, 1439], r: -1857, e: -1855, error: 449
#ERR  p: [1662, 1440], r: -1850, e: -1848, error: 450
#ERR  p: [1662, 1441], r: -1852, e: -1850, error: 451
#ERR  p: [1662, 1442], r: -1856, e: -1854, error: 452
#ERR  p: [1662, 1443], r: -1851, e: -1849, error: 453
#ERR  p: [1662, 1444], r: -1850, e: -1848, error: 454
#ERR  p: [1662, 1445], r: -1854, e: -1852, error: 455
#ERR  p: [1662, 1446], r: -1846, e: -1844, error: 456
#ERR  p: [1663, 1437], r: -1880, e: -1878, error: 457
#ERR  p: [1663, 1438], r: -1872, e: -1870, error: 458
#ERR  p: [1663, 1439], r: -1866, e: -1864, error: 459
#ERR  p: [1663, 1440], r: -1854, e: -1852, error: 460
#ERR  p: [1663, 1441], r: -1847, e: -1845, error: 461
#ERR  p: [1663, 1442], r: -1854, e: -1852, error: 462
#ERR  p: [1663, 1443], r: -1857, e: -1855, error: 463
#ERR  p: [1663, 1444], r: -1853, e: -1851, error: 464
#ERR  p: [1663, 1445], r: -1847, e: -1845, error: 465
#ERR  p: [1663, 1446], r: -1856, e: -1854, error: 466
#ERR  p: [1663, 1447], r: -1845, e: -1843, error: 467
#ERR  p: [1664, 1438], r: -1880, e: -1878, error: 468
#ERR  p: [1664, 1439], r: -1876, e: -1874, error: 469
#ERR  p: [1664, 1440], r: -1864, e: -1862, error: 470
#ERR  p: [1664, 1441], r: -1857, e: -1855, error: 471
#ERR  p: [1664, 1442], r: -1842, e: -1840, error: 472
#ERR  p: [1664, 1443], r: -1852, e: -1850, error: 473
#ERR  p: [1664, 1444], r: -1856, e: -1854, error: 474
#ERR  p: [1664, 1445], r: -1856, e: -1854, error: 475
#ERR  p: [1664, 1446], r: -1846, e: -1844, error: 476
#ERR  p: [1664, 1447], r: -1855, e: -1853, error: 477
#ERR  p: [1664, 1448], r: -1845, e: -1843, error: 478
#ERR  p: [1665, 1439], r: -1884, e: -1882, error: 479
#ERR  p: [1665, 1440], r: -1874, e: -1872, error: 480
#ERR  p: [1665, 1441], r: -1867, e: -1865, error: 481
#ERR  p: [1665, 1442], r: -1852, e: -1850, error: 482
#ERR  p: [1665, 1443], r: -1845, e: -1843, error: 483
#ERR  p: [1665, 1444], r: -1852, e: -1850, error: 484
#ERR  p: [1665, 1445], r: -1859, e: -1857, error: 485
#ERR  p: [1665, 1446], r: -1856, e: -1854, error: 486
#ERR  p: [1665, 1447], r: -1847, e: -1845, error: 487
#ERR  p: [1665, 1448], r: -1855, e: -1853, error: 488
#ERR  p: [1665, 1449], r: -1846, e: -1844, error: 489
#ERR  p: [1666, 1440], r: -1884, e: -1882, error: 490
#ERR  p: [1666, 1441], r: -1877, e: -1875, error: 491
#ERR  p: [1666, 1442], r: -1862, e: -1860, error: 492
#ERR  p: [1666, 1443], r: -1855, e: -1853, error: 493
#ERR  p: [1666, 1444], r: -1847, e: -1845, error: 494
#ERR  p: [1666, 1445], r: -1856, e: -1854, error: 495
#ERR  p: [1666, 1446], r: -1861, e: -1859, error: 496
#ERR  p: [1666, 1447], r: -1857, e: -1855, error: 497
#ERR  p: [1666, 1448], r: -1847, e: -1845, error: 498
#ERR  p: [1666, 1449], r: -1856, e: -1854, error: 499
#SDC Ite:0 KerTime:0.294342 AccTime:0.294342 KerErr:500 AccErr:500
#END