#HEADER max_rows:2048 max_cols:2048 penalty:10
#BEGIN Y:2016 M:09 D:12 Time:15:35:22
#IT Ite:0 KerTime:0.295626 AccTime:0.295626
#ERR Error detected! kerrors = 417982
#ERR  p: [1207, 1060], r: -255, e: -1279, error: 1
#ERR  p: [1207, 1061], r: -265, e: -1272, error: 2
#ERR  p: [1207, 1062], r: -275, e: -1261, error: 3
#ERR  p: [1207, 1063], r: -285, e: -1254, error: 4
#ERR  p: [1207, 1064], r: -295, e: -1248, error: 5
#ERR  p: [1207, 1065], r: -305, e: -1244, error: 6
#ERR  p: [1207, 1066], r: -315, e: -1243, error: 7
#ERR  p: [1207, 1067], r: -325, e: -1241, error: 8
#ERR  p: [1207, 1068], r: -335, e: -1237, error: 9
#ERR  p: [1207, 1069], r: -345, e: -1229, error: 10
#ERR  p: [1207, 1070], r: -355, e: -1222, error: 11
#ERR  p: [1207, 1071], r: -365, e: -1216, error: 12
#ERR  p: [1207, 1072], r: -375, e: -1214, error: 13
#ERR  p: [1207, 1073], r: -385, e: -1216, error: 14
#ERR  p: [1207, 1074], r: -395, e: -1209, error: 15
#ERR  p: [1207, 1075], r: -405, e: -1203, error: 16
#ERR  p: [1207, 1076], r: -415, e: -1200, error: 17
#ERR  p: [1207, 1077], r: -425, e: -1199, error: 18
#ERR  p: [1207, 1078], r: -435, e: -1197, error: 19
#ERR  p: [1207, 1079], r: -445, e: -1193, error: 20
#ERR  p: [1207, 1080], r: -455, e: -1192, error: 21
#ERR  p: [1207, 1081], r: -465, e: -1192, error: 22
#ERR  p: [1207, 1082], r: -475, e: -1193, error: 23
#ERR  p: [1207, 1083], r: -485, e: -1190, error: 24
#ERR  p: [1207, 1084], r: -495, e: -1190, error: 25
#ERR  p: [1207, 1085], r: -505, e: -1183, error: 26
#ERR  p: [1207, 1086], r: -515, e: -1173, error: 27
#ERR  p: [1207, 1087], r: -525, e: -1165, error: 28
#ERR  p: [1207, 1088], r: -535, e: -1154, error: 29
#ERR  p: [1207, 1089], r: -545, e: -1143, error: 30
#ERR  p: [1207, 1090], r: -555, e: -1132, error: 31
#ERR  p: [1207, 1091], r: -565, e: -1125, error: 32
#ERR  p: [1207, 1092], r: -575, e: -1119, error: 33
#ERR  p: [1207, 1093], r: -585, e: -1115, error: 34
#ERR  p: [1207, 1094], r: -595, e: -1116, error: 35
#ERR  p: [1207, 1095], r: -605, e: -1111, error: 36
#ERR  p: [1207, 1096], r: -615, e: -1102, error: 37
#ERR  p: [1207, 1097], r: -625, e: -1096, error: 38
#ERR  p: [1207, 1098], r: -635, e: -1089, error: 39
#ERR  p: [1207, 1099], r: -645, e: -1081, error: 40
#ERR  p: [1207, 1100], r: -655, e: -1075, error: 41
#ERR  p: [1207, 1101], r: -665, e: -1070, error: 42
#ERR  p: [1207, 1102], r: -675, e: -1072, error: 43
#ERR  p: [1207, 1103], r: -685, e: -1076, error: 44
#ERR  p: [1207, 1104], r: -695, e: -1069, error: 45
#ERR  p: [1207, 1105], r: -705, e: -1063, error: 46
#ERR  p: [1207, 1106], r: -715, e: -1068, error: 47
#ERR  p: [1207, 1107], r: -725, e: -1057, error: 48
#ERR  p: [1207, 1108], r: -735, e: -1051, error: 49
#ERR  p: [1207, 1109], r: -745, e: -1058, error: 50
#ERR  p: [1207, 1110], r: -755, e: -1053, error: 51
#ERR  p: [1207, 1111], r: -765, e: -1047, error: 52
#ERR  p: [1207, 1112], r: -775, e: -1039, error: 53
#ERR  p: [1207, 1113], r: -785, e: -1033, error: 54
#ERR  p: [1207, 1114], r: -795, e: -1028, error: 55
#ERR  p: [1207, 1115], r: -805, e: -1033, error: 56
#ERR  p: [1207, 1116], r: -815, e: -1037, error: 57
#ERR  p: [1207, 1117], r: -825, e: -1042, error: 58
#ERR  p: [1207, 1118], r: -835, e: -1034, error: 59
#ERR  p: [1207, 1119], r: -845, e: -1028, error: 60
#ERR  p: [1207, 1120], r: -855, e: -1038, error: 61
#ERR  p: [1207, 1121], r: -865, e: -1041, error: 62
#ERR  p: [1207, 1122], r: -875, e: -1031, error: 63
#ERR  p: [1207, 1123], r: -885, e: -1025, error: 64
#ERR  p: [1207, 1124], r: -895, e: -1031, error: 65
#ERR  p: [1207, 1125], r: -905, e: -1017, error: 66
#ERR  p: [1207, 1126], r: -915, e: -1010, error: 67
#ERR  p: [1207, 1127], r: -925, e: -1004, error: 68
#ERR  p: [1207, 1128], r: -935, e: -1014, error: 69
#ERR  p: [1207, 1129], r: -945, e: -1015, error: 70
#ERR  p: [1207, 1130], r: -955, e: -1009, error: 71
#ERR  p: [1207, 1131], r: -965, e: -1002, error: 72
#ERR  p: [1207, 1132], r: -975, e: -988, error: 73
#ERR  p: [1208, 1060], r: -265, e: -1289, error: 74
#ERR  p: [1208, 1061], r: -256, e: -1280, error: 75
#ERR  p: [1208, 1062], r: -266, e: -1271, error: 76
#ERR  p: [1208, 1063], r: -276, e: -1262, error: 77
#ERR  p: [1208, 1064], r: -286, e: -1255, error: 78
#ERR  p: [1208, 1065], r: -295, e: -1248, error: 79
#ERR  p: [1208, 1066], r: -305, e: -1245, error: 80
#ERR  p: [1208, 1067], r: -315, e: -1243, error: 81
#ERR  p: [1208, 1068], r: -325, e: -1242, error: 82
#ERR  p: [1208, 1069], r: -335, e: -1238, error: 83
#ERR  p: [1208, 1070], r: -345, e: -1231, error: 84
#ERR  p: [1208, 1071], r: -355, e: -1223, error: 85
#ERR  p: [1208, 1072], r: -365, e: -1217, error: 86
#ERR  p: [1208, 1073], r: -374, e: -1213, error: 87
#ERR  p: [1208, 1074], r: -384, e: -1217, error: 88
#ERR  p: [1208, 1075], r: -394, e: -1210, error: 89
#ERR  p: [1208, 1076], r: -403, e: -1201, error: 90
#ERR  p: [1208, 1077], r: -413, e: -1199, error: 91
#ERR  p: [1208, 1078], r: -423, e: -1200, error: 92
#ERR  p: [1208, 1079], r: -433, e: -1195, error: 93
#ERR  p: [1208, 1080], r: -443, e: -1197, error: 94
#ERR  p: [1208, 1081], r: -453, e: -1193, error: 95
#ERR  p: [1208, 1082], r: -463, e: -1193, error: 96
#ERR  p: [1208, 1083], r: -473, e: -1194, error: 97
#ERR  p: [1208, 1084], r: -483, e: -1191, error: 98
#ERR  p: [1208, 1085], r: -493, e: -1189, error: 99
#ERR  p: [1208, 1086], r: -503, e: -1183, error: 100
#ERR  p: [1208, 1087], r: -513, e: -1174, error: 101
#ERR  p: [1208, 1088], r: -523, e: -1164, error: 102
#ERR  p: [1208, 1089], r: -533, e: -1153, error: 103
#ERR  p: [1208, 1090], r: -543, e: -1142, error: 104
#ERR  p: [1208, 1091], r: -553, e: -1135, error: 105
#ERR  p: [1208, 1092], r: -563, e: -1126, error: 106
#ERR  p: [1208, 1093], r: -573, e: -1120, error: 107
#ERR  p: [1208, 1094], r: -583, e: -1119, error: 108
#ERR  p: [1208, 1095], r: -593, e: -1117, error: 109
#ERR  p: [1208, 1096], r: -603, e: -1112, error: 110
#ERR  p: [1208, 1097], r: -613, e: -1100, error: 111
#ERR  p: [1208, 1098], r: -623, e: -1099, error: 112
#ERR  p: [1208, 1099], r: -633, e: -1091, error: 113
#ERR  p: [1208, 1100], r: -643, e: -1081, error: 114
#ERR  p: [1208, 1101], r: -653, e: -1076, error: 115
#ERR  p: [1208, 1102], r: -663, e: -1071, error: 116
#ERR  p: [1208, 1103], r: -673, e: -1073, error: 117
#ERR  p: [1208, 1104], r: -683, e: -1077, error: 118
#ERR  p: [1208, 1105], r: -693, e: -1067, error: 119
#ERR  p: [1208, 1106], r: -703, e: -1065, error: 120
#ERR  p: [1208, 1107], r: -713, e: -1067, error: 121
#ERR  p: [1208, 1108], r: -723, e: -1060, error: 122
#ERR  p: [1208, 1109], r: -733, e: -1054, error: 123
#ERR  p: [1208, 1110], r: -743, e: -1059, error: 124
#ERR  p: [1208, 1111], r: -753, e: -1052, error: 125
#ERR  p: [1208, 1112], r: -763, e: -1048, error: 126
#ERR  p: [1208, 1113], r: -773, e: -1037, error: 127
#ERR  p: [1208, 1114], r: -783, e: -1036, error: 128
#ERR  p: [1208, 1115], r: -793, e: -1029, error: 129
#ERR  p: [1208, 1116], r: -803, e: -1035, error: 130
#ERR  p: [1208, 1117], r: -813, e: -1040, error: 131
#ERR  p: [1208, 1118], r: -823, e: -1044, error: 132
#ERR  p: [1208, 1119], r: -833, e: -1035, error: 133
#ERR  p: [1208, 1120], r: -843, e: -1029, error: 134
#ERR  p: [1208, 1121], r: -853, e: -1037, error: 135
#ERR  p: [1208, 1122], r: -863, e: -1041, error: 136
#ERR  p: [1208, 1123], r: -873, e: -1032, error: 137
#ERR  p: [1208, 1124], r: -883, e: -1025, error: 138
#ERR  p: [1208, 1125], r: -893, e: -1027, error: 139
#ERR  p: [1208, 1126], r: -903, e: -1017, error: 140
#ERR  p: [1208, 1127], r: -913, e: -1008, error: 141
#ERR  p: [1208, 1128], r: -923, e: -1005, error: 142
#ERR  p: [1208, 1129], r: -933, e: -1015, error: 143
#ERR  p: [1208, 1130], r: -943, e: -1013, error: 144
#ERR  p: [1208, 1131], r: -953, e: -1010, error: 145
#ERR  p: [1208, 1132], r: -963, e: -998, error: 146
#ERR  p: [1208, 1133], r: -970, e: -983, error: 147
#ERR  p: [1209, 1060], r: -275, e: -1299, error: 148
#ERR  p: [1209, 1061], r: -266, e: -1290, error: 149
#ERR  p: [1209, 1062], r: -256, e: -1280, error: 150
#ERR  p: [1209, 1063], r: -266, e: -1272, error: 151
#ERR  p: [1209, 1064], r: -276, e: -1264, error: 152
#ERR  p: [1209, 1065], r: -286, e: -1257, error: 153
#ERR  p: [1209, 1066], r: -295, e: -1248, error: 154
#ERR  p: [1209, 1067], r: -305, e: -1247, error: 155
#ERR  p: [1209, 1068], r: -315, e: -1244, error: 156
#ERR  p: [1209, 1069], r: -325, e: -1242, error: 157
#ERR  p: [1209, 1070], r: -335, e: -1239, error: 158
#ERR  p: [1209, 1071], r: -344, e: -1230, error: 159
#ERR  p: [1209, 1072], r: -354, e: -1222, error: 160
#ERR  p: [1209, 1073], r: -364, e: -1219, error: 161
#ERR  p: [1209, 1074], r: -374, e: -1215, error: 162
#ERR  p: [1209, 1075], r: -384, e: -1218, error: 163
#ERR  p: [1209, 1076], r: -394, e: -1211, error: 164
#ERR  p: [1209, 1077], r: -404, e: -1203, error: 165
#ERR  p: [1209, 1078], r: -414, e: -1200, error: 166
#ERR  p: [1209, 1079], r: -424, e: -1202, error: 167
#ERR  p: [1209, 1080], r: -434, e: -1199, error: 168
#ERR  p: [1209, 1081], r: -442, e: -1196, error: 169
#ERR  p: [1209, 1082], r: -449, e: -1189, error: 170
#ERR  p: [1209, 1083], r: -459, e: -1194, error: 171
#ERR  p: [1209, 1084], r: -469, e: -1197, error: 172
#ERR  p: [1209, 1085], r: -479, e: -1193, error: 173
#ERR  p: [1209, 1086], r: -489, e: -1185, error: 174
#ERR  p: [1209, 1087], r: -499, e: -1184, error: 175
#ERR  p: [1209, 1088], r: -509, e: -1174, error: 176
#ERR  p: [1209, 1089], r: -519, e: -1163, error: 177
#ERR  p: [1209, 1090], r: -529, e: -1152, error: 178
#ERR  p: [1209, 1091], r: -539, e: -1142, error: 179
#ERR  p: [1209, 1092], r: -549, e: -1136, error: 180
#ERR  p: [1209, 1093], r: -559, e: -1129, error: 181
#ERR  p: [1209, 1094], r: -569, e: -1124, error: 182
#ERR  p: [1209, 1095], r: -579, e: -1120, error: 183
#ERR  p: [1209, 1096], r: -589, e: -1117, error: 184
#ERR  p: [1209, 1097], r: -599, e: -1110, error: 185
#ERR  p: [1209, 1098], r: -609, e: -1100, error: 186
#ERR  p: [1209, 1099], r: -619, e: -1099, error: 187
#ERR  p: [1209, 1100], r: -629, e: -1091, error: 188
#ERR  p: [1209, 1101], r: -639, e: -1077, error: 189
#ERR  p: [1209, 1102], r: -649, e: -1077, error: 190
#ERR  p: [1209, 1103], r: -659, e: -1072, error: 191
#ERR  p: [1209, 1104], r: -669, e: -1073, error: 192
#ERR  p: [1209, 1105], r: -679, e: -1077, error: 193
#ERR  p: [1209, 1106], r: -689, e: -1068, error: 194
#ERR  p: [1209, 1107], r: -699, e: -1065, error: 195
#ERR  p: [1209, 1108], r: -709, e: -1067, error: 196
#ERR  p: [1209, 1109], r: -719, e: -1060, error: 197
#ERR  p: [1209, 1110], r: -729, e: -1050, error: 198
#ERR  p: [1209, 1111], r: -739, e: -1060, error: 199
#ERR  p: [1209, 1112], r: -749, e: -1052, error: 200
#ERR  p: [1209, 1113], r: -759, e: -1047, error: 201
#ERR  p: [1209, 1114], r: -769, e: -1037, error: 202
#ERR  p: [1209, 1115], r: -779, e: -1036, error: 203
#ERR  p: [1209, 1116], r: -789, e: -1028, error: 204
#ERR  p: [1209, 1117], r: -799, e: -1035, error: 205
#ERR  p: [1209, 1118], r: -809, e: -1041, error: 206
#ERR  p: [1209, 1119], r: -819, e: -1045, error: 207
#ERR  p: [1209, 1120], r: -829, e: -1036, error: 208
#ERR  p: [1209, 1121], r: -839, e: -1031, error: 209
#ERR  p: [1209, 1122], r: -849, e: -1038, error: 210
#ERR  p: [1209, 1123], r: -859, e: -1040, error: 211
#ERR  p: [1209, 1124], r: -869, e: -1034, error: 212
#ERR  p: [1209, 1125], r: -879, e: -1025, error: 213
#ERR  p: [1209, 1126], r: -889, e: -1027, error: 214
#ERR  p: [1209, 1127], r: -899, e: -1018, error: 215
#ERR  p: [1209, 1128], r: -909, e: -1009, error: 216
#ERR  p: [1209, 1129], r: -919, e: -1005, error: 217
#ERR  p: [1209, 1130], r: -929, e: -1015, error: 218
#ERR  p: [1209, 1131], r: -939, e: -1012, error: 219
#ERR  p: [1209, 1132], r: -949, e: -1008, error: 220
#ERR  p: [1209, 1133], r: -959, e: -993, error: 221
#ERR  p: [1209, 1134], r: -969, e: -985, error: 222
#ERR  p: [1209, 1135], r: -979, e: -980, error: 223
#ERR  p: [1210, 1060], r: -285, e: -1307, error: 224
#ERR  p: [1210, 1061], r: -276, e: -1300, error: 225
#ERR  p: [1210, 1062], r: -266, e: -1290, error: 226
#ERR  p: [1210, 1063], r: -259, e: -1282, error: 227
#ERR  p: [1210, 1064], r: -268, e: -1274, error: 228
#ERR  p: [1210, 1065], r: -278, e: -1266, error: 229
#ERR  p: [1210, 1066], r: -286, e: -1257, error: 230
#ERR  p: [1210, 1067], r: -296, e: -1250, error: 231
#ERR  p: [1210, 1068], r: -306, e: -1248, error: 232
#ERR  p: [1210, 1069], r: -315, e: -1244, error: 233
#ERR  p: [1210, 1070], r: -325, e: -1243, error: 234
#ERR  p: [1210, 1071], r: -334, e: -1238, error: 235
#ERR  p: [1210, 1072], r: -343, e: -1229, error: 236
#ERR  p: [1210, 1073], r: -353, e: -1224, error: 237
#ERR  p: [1210, 1074], r: -363, e: -1221, error: 238
#ERR  p: [1210, 1075], r: -373, e: -1216, error: 239
#ERR  p: [1210, 1076], r: -383, e: -1220, error: 240
#ERR  p: [1210, 1077], r: -393, e: -1213, error: 241
#ERR  p: [1210, 1078], r: -403, e: -1204, error: 242
#ERR  p: [1210, 1079], r: -413, e: -1202, error: 243
#ERR  p: [1210, 1080], r: -423, e: -1206, error: 244
#ERR  p: [1210, 1081], r: -433, e: -1198, error: 245
#ERR  p: [1210, 1082], r: -438, e: -1192, error: 246
#ERR  p: [1210, 1083], r: -448, e: -1190, error: 247
#ERR  p: [1210, 1084], r: -458, e: -1197, error: 248
#ERR  p: [1210, 1085], r: -468, e: -1199, error: 249
#ERR  p: [1210, 1086], r: -475, e: -1189, error: 250
#ERR  p: [1210, 1087], r: -485, e: -1186, error: 251
#ERR  p: [1210, 1088], r: -495, e: -1184, error: 252
#ERR  p: [1210, 1089], r: -505, e: -1173, error: 253
#ERR  p: [1210, 1090], r: -515, e: -1162, error: 254
#ERR  p: [1210, 1091], r: -525, e: -1152, error: 255
#ERR  p: [1210, 1092], r: -535, e: -1143, error: 256
#ERR  p: [1210, 1093], r: -545, e: -1139, error: 257
#ERR  p: [1210, 1094], r: -555, e: -1133, error: 258
#ERR  p: [1210, 1095], r: -565, e: -1125, error: 259
#ERR  p: [1210, 1096], r: -575, e: -1120, error: 260
#ERR  p: [1210, 1097], r: -585, e: -1119, error: 261
#ERR  p: [1210, 1098], r: -595, e: -1110, error: 262
#ERR  p: [1210, 1099], r: -605, e: -1100, error: 263
#ERR  p: [1210, 1100], r: -615, e: -1101, error: 264
#ERR  p: [1210, 1101], r: -625, e: -1087, error: 265
#ERR  p: [1210, 1102], r: -635, e: -1078, error: 266
#ERR  p: [1210, 1103], r: -645, e: -1078, error: 267
#ERR  p: [1210, 1104], r: -655, e: -1072, error: 268
#ERR  p: [1210, 1105], r: -665, e: -1075, error: 269
#ERR  p: [1210, 1106], r: -675, e: -1078, error: 270
#ERR  p: [1210, 1107], r: -685, e: -1068, error: 271
#ERR  p: [1210, 1108], r: -695, e: -1065, error: 272
#ERR  p: [1210, 1109], r: -705, e: -1067, error: 273
#ERR  p: [1210, 1110], r: -715, e: -1056, error: 274
#ERR  p: [1210, 1111], r: -725, e: -1052, error: 275
#ERR  p: [1210, 1112], r: -735, e: -1060, error: 276
#ERR  p: [1210, 1113], r: -745, e: -1054, error: 277
#ERR  p: [1210, 1114], r: -755, e: -1047, error: 278
#ERR  p: [1210, 1115], r: -765, e: -1037, error: 279
#ERR  p: [1210, 1116], r: -775, e: -1035, error: 280
#ERR  p: [1210, 1117], r: -785, e: -1028, error: 281
#ERR  p: [1210, 1118], r: -795, e: -1036, error: 282
#ERR  p: [1210, 1119], r: -805, e: -1043, error: 283
#ERR  p: [1210, 1120], r: -815, e: -1046, error: 284
#ERR  p: [1210, 1121], r: -825, e: -1038, error: 285
#ERR  p: [1210, 1122], r: -835, e: -1032, error: 286
#ERR  p: [1210, 1123], r: -845, e: -1037, error: 287
#ERR  p: [1210, 1124], r: -855, e: -1042, error: 288
#ERR  p: [1210, 1125], r: -865, e: -1034, error: 289
#ERR  p: [1210, 1126], r: -875, e: -1027, error: 290
#ERR  p: [1210, 1127], r: -885, e: -1028, error: 291
#ERR  p: [1210, 1128], r: -895, e: -1019, error: 292
#ERR  p: [1210, 1129], r: -905, e: -1009, error: 293
#ERR  p: [1210, 1130], r: -915, e: -1007, error: 294
#ERR  p: [1210, 1131], r: -925, e: -1014, error: 295
#ERR  p: [1210, 1132], r: -935, e: -1012, error: 296
#ERR  p: [1210, 1133], r: -945, e: -1003, error: 297
#ERR  p: [1210, 1134], r: -955, e: -995, error: 298
#ERR  p: [1210, 1135], r: -965, e: -988, error: 299
#ERR  p: [1210, 1136], r: -975, e: -980, error: 300
#ERR  p: [1211, 1060], r: -295, e: -1316, error: 301
#ERR  p: [1211, 1061], r: -286, e: -1308, error: 302
#ERR  p: [1211, 1062], r: -276, e: -1300, error: 303
#ERR  p: [1211, 1063], r: -269, e: -1292, error: 304
#ERR  p: [1211, 1064], r: -260, e: -1283, error: 305
#ERR  p: [1211, 1065], r: -269, e: -1275, error: 306
#ERR  p: [1211, 1066], r: -279, e: -1267, error: 307
#ERR  p: [1211, 1067], r: -287, e: -1258, error: 308
#ERR  p: [1211, 1068], r: -297, e: -1253, error: 309
#ERR  p: [1211, 1069], r: -307, e: -1250, error: 310
#ERR  p: [1211, 1070], r: -317, e: -1246, error: 311
#ERR  p: [1211, 1071], r: -325, e: -1243, error: 312
#ERR  p: [1211, 1072], r: -334, e: -1238, error: 313
#ERR  p: [1211, 1073], r: -340, e: -1226, error: 314
#ERR  p: [1211, 1074], r: -350, e: -1225, error: 315
#ERR  p: [1211, 1075], r: -360, e: -1222, error: 316
#ERR  p: [1211, 1076], r: -370, e: -1215, error: 317
#ERR  p: [1211, 1077], r: -380, e: -1217, error: 318
#ERR  p: [1211, 1078], r: -390, e: -1214, error: 319
#ERR  p: [1211, 1079], r: -400, e: -1203, error: 320
#ERR  p: [1211, 1080], r: -410, e: -1206, error: 321
#ERR  p: [1211, 1081], r: -420, e: -1206, error: 322
#ERR  p: [1211, 1082], r: -430, e: -1200, error: 323
#ERR  p: [1211, 1083], r: -439, e: -1193, error: 324
#ERR  p: [1211, 1084], r: -449, e: -1193, error: 325
#ERR  p: [1211, 1085], r: -454, e: -1193, error: 326
#ERR  p: [1211, 1086], r: -464, e: -1199, error: 327
#ERR  p: [1211, 1087], r: -474, e: -1190, error: 328
#ERR  p: [1211, 1088], r: -484, e: -1190, error: 329
#ERR  p: [1211, 1089], r: -494, e: -1183, error: 330
#ERR  p: [1211, 1090], r: -504, e: -1172, error: 331
#ERR  p: [1211, 1091], r: -514, e: -1162, error: 332
#ERR  p: [1211, 1092], r: -524, e: -1153, error: 333
#ERR  p: [1211, 1093], r: -534, e: -1146, error: 334
#ERR  p: [1211, 1094], r: -544, e: -1143, error: 335
#ERR  p: [1211, 1095], r: -554, e: -1135, error: 336
#ERR  p: [1211, 1096], r: -564, e: -1128, error: 337
#ERR  p: [1211, 1097], r: -574, e: -1119, error: 338
#ERR  p: [1211, 1098], r: -584, e: -1120, error: 339
#ERR  p: [1211, 1099], r: -594, e: -1110, error: 340
#ERR  p: [1211, 1100], r: -604, e: -1101, error: 341
#ERR  p: [1211, 1101], r: -614, e: -1097, error: 342
#ERR  p: [1211, 1102], r: -624, e: -1088, error: 343
#ERR  p: [1211, 1103], r: -634, e: -1081, error: 344
#ERR  p: [1211, 1104], r: -644, e: -1080, error: 345
#ERR  p: [1211, 1105], r: -654, e: -1071, error: 346
#ERR  p: [1211, 1106], r: -664, e: -1078, error: 347
#ERR  p: [1211, 1107], r: -674, e: -1078, error: 348
#ERR  p: [1211, 1108], r: -684, e: -1071, error: 349
#ERR  p: [1211, 1109], r: -694, e: -1068, error: 350
#ERR  p: [1211, 1110], r: -704, e: -1066, error: 351
#ERR  p: [1211, 1111], r: -712, e: -1053, error: 352
#ERR  p: [1211, 1112], r: -722, e: -1054, error: 353
#ERR  p: [1211, 1113], r: -732, e: -1059, error: 354
#ERR  p: [1211, 1114], r: -742, e: -1057, error: 355
#ERR  p: [1211, 1115], r: -752, e: -1047, error: 356
#ERR  p: [1211, 1116], r: -762, e: -1040, error: 357
#ERR  p: [1211, 1117], r: -772, e: -1038, error: 358
#ERR  p: [1211, 1118], r: -782, e: -1030, error: 359
#ERR  p: [1211, 1119], r: -792, e: -1037, error: 360
#ERR  p: [1211, 1120], r: -802, e: -1046, error: 361
#ERR  p: [1211, 1121], r: -812, e: -1043, error: 362
#ERR  p: [1211, 1122], r: -822, e: -1041, error: 363
#ERR  p: [1211, 1123], r: -832, e: -1032, error: 364
#ERR  p: [1211, 1124], r: -842, e: -1038, error: 365
#ERR  p: [1211, 1125], r: -852, e: -1044, error: 366
#ERR  p: [1211, 1126], r: -862, e: -1035, error: 367
#ERR  p: [1211, 1127], r: -872, e: -1026, error: 368
#ERR  p: [1211, 1128], r: -882, e: -1029, error: 369
#ERR  p: [1211, 1129], r: -892, e: -1019, error: 370
#ERR  p: [1211, 1130], r: -902, e: -1008, error: 371
#ERR  p: [1211, 1131], r: -912, e: -1007, error: 372
#ERR  p: [1211, 1132], r: -922, e: -1017, error: 373
#ERR  p: [1211, 1133], r: -932, e: -1011, error: 374
#ERR  p: [1211, 1134], r: -942, e: -1002, error: 375
#ERR  p: [1211, 1135], r: -952, e: -998, error: 376
#ERR  p: [1211, 1136], r: -962, e: -990, error: 377
#ERR  p: [1211, 1137], r: -972, e: -983, error: 378
#ERR  p: [1212, 1060], r: -305, e: -1318, error: 379
#ERR  p: [1212, 1061], r: -296, e: -1317, error: 380
#ERR  p: [1212, 1062], r: -286, e: -1309, error: 381
#ERR  p: [1212, 1063], r: -278, e: -1302, error: 382
#ERR  p: [1212, 1064], r: -270, e: -1293, error: 383
#ERR  p: [1212, 1065], r: -262, e: -1285, error: 384
#ERR  p: [1212, 1066], r: -270, e: -1276, error: 385
#ERR  p: [1212, 1067], r: -280, e: -1268, error: 386
#ERR  p: [1212, 1068], r: -288, e: -1259, error: 387
#ERR  p: [1212, 1069], r: -298, e: -1254, error: 388
#ERR  p: [1212, 1070], r: -308, e: -1251, error: 389
#ERR  p: [1212, 1071], r: -312, e: -1241, error: 390
#ERR  p: [1212, 1072], r: -322, e: -1243, error: 391
#ERR  p: [1212, 1073], r: -332, e: -1236, error: 392
#ERR  p: [1212, 1074], r: -342, e: -1228, error: 393
#ERR  p: [1212, 1075], r: -351, e: -1226, error: 394
#ERR  p: [1212, 1076], r: -361, e: -1223, error: 395
#ERR  p: [1212, 1077], r: -371, e: -1216, error: 396
#ERR  p: [1212, 1078], r: -381, e: -1218, error: 397
#ERR  p: [1212, 1079], r: -391, e: -1213, error: 398
#ERR  p: [1212, 1080], r: -401, e: -1207, error: 399
#ERR  p: [1212, 1081], r: -410, e: -1206, error: 400
#ERR  p: [1212, 1082], r: -419, e: -1205, error: 401
#ERR  p: [1212, 1083], r: -429, e: -1201, error: 402
#ERR  p: [1212, 1084], r: -439, e: -1195, error: 403
#ERR  p: [1212, 1085], r: -449, e: -1193, error: 404
#ERR  p: [1212, 1086], r: -453, e: -1192, error: 405
#ERR  p: [1212, 1087], r: -463, e: -1200, error: 406
#ERR  p: [1212, 1088], r: -473, e: -1194, error: 407
#ERR  p: [1212, 1089], r: -483, e: -1191, error: 408
#ERR  p: [1212, 1090], r: -493, e: -1182, error: 409
#ERR  p: [1212, 1091], r: -503, e: -1172, error: 410
#ERR  p: [1212, 1092], r: -513, e: -1163, error: 411
#ERR  p: [1212, 1093], r: -523, e: -1155, error: 412
#ERR  p: [1212, 1094], r: -533, e: -1150, error: 413
#ERR  p: [1212, 1095], r: -543, e: -1144, error: 414
#ERR  p: [1212, 1096], r: -553, e: -1136, error: 415
#ERR  p: [1212, 1097], r: -563, e: -1129, error: 416
#ERR  p: [1212, 1098], r: -573, e: -1120, error: 417
#ERR  p: [1212, 1099], r: -583, e: -1120, error: 418
#ERR  p: [1212, 1100], r: -593, e: -1111, error: 419
#ERR  p: [1212, 1101], r: -603, e: -1100, error: 420
#ERR  p: [1212, 1102], r: -613, e: -1098, error: 421
#ERR  p: [1212, 1103], r: -623, e: -1089, error: 422
#ERR  p: [1212, 1104], r: -633, e: -1082, error: 423
#ERR  p: [1212, 1105], r: -643, e: -1081, error: 424
#ERR  p: [1212, 1106], r: -653, e: -1073, error: 425
#ERR  p: [1212, 1107], r: -663, e: -1079, error: 426
#ERR  p: [1212, 1108], r: -673, e: -1080, error: 427
#ERR  p: [1212, 1109], r: -683, e: -1072, error: 428
#ERR  p: [1212, 1110], r: -693, e: -1067, error: 429
#ERR  p: [1212, 1111], r: -703, e: -1063, error: 430
#ERR  p: [1212, 1112], r: -713, e: -1054, error: 431
#ERR  p: [1212, 1113], r: -723, e: -1055, error: 432
#ERR  p: [1212, 1114], r: -733, e: -1060, error: 433
#ERR  p: [1212, 1115], r: -742, e: -1057, error: 434
#ERR  p: [1212, 1116], r: -752, e: -1047, error: 435
#ERR  p: [1212, 1117], r: -762, e: -1042, error: 436
#ERR  p: [1212, 1118], r: -772, e: -1039, error: 437
#ERR  p: [1212, 1119], r: -782, e: -1032, error: 438
#ERR  p: [1212, 1120], r: -792, e: -1038, error: 439
#ERR  p: [1212, 1121], r: -802, e: -1047, error: 440
#ERR  p: [1212, 1122], r: -812, e: -1045, error: 441
#ERR  p: [1212, 1123], r: -822, e: -1041, error: 442
#ERR  p: [1212, 1124], r: -832, e: -1034, error: 443
#ERR  p: [1212, 1125], r: -842, e: -1039, error: 444
#ERR  p: [1212, 1126], r: -852, e: -1045, error: 445
#ERR  p: [1212, 1127], r: -862, e: -1036, error: 446
#ERR  p: [1212, 1128], r: -872, e: -1027, error: 447
#ERR  p: [1212, 1129], r: -882, e: -1029, error: 448
#ERR  p: [1212, 1130], r: -892, e: -1018, error: 449
#ERR  p: [1212, 1131], r: -897, e: -1003, error: 450
#ERR  p: [1212, 1132], r: -907, e: -1008, error: 451
#ERR  p: [1212, 1133], r: -917, e: -1018, error: 452
#ERR  p: [1212, 1134], r: -927, e: -1012, error: 453
#ERR  p: [1212, 1135], r: -937, e: -1004, error: 454
#ERR  p: [1212, 1136], r: -947, e: -999, error: 455
#ERR  p: [1212, 1137], r: -957, e: -991, error: 456
#ERR  p: [1212, 1138], r: -967, e: -984, error: 457
#ERR  p: [1213, 1060], r: -315, e: -1326, error: 458
#ERR  p: [1213, 1061], r: -305, e: -1318, error: 459
#ERR  p: [1213, 1062], r: -296, e: -1319, error: 460
#ERR  p: [1213, 1063], r: -288, e: -1312, error: 461
#ERR  p: [1213, 1064], r: -280, e: -1303, error: 462
#ERR  p: [1213, 1065], r: -272, e: -1295, error: 463
#ERR  p: [1213, 1066], r: -263, e: -1286, error: 464
#ERR  p: [1213, 1067], r: -272, e: -1278, error: 465
#ERR  p: [1213, 1068], r: -281, e: -1269, error: 466
#ERR  p: [1213, 1069], r: -289, e: -1260, error: 467
#ERR  p: [1213, 1070], r: -299, e: -1255, error: 468
#ERR  p: [1213, 1071], r: -308, e: -1251, error: 469
#ERR  p: [1213, 1072], r: -308, e: -1237, error: 470
#ERR  p: [1213, 1073], r: -318, e: -1244, error: 471
#ERR  p: [1213, 1074], r: -328, e: -1238, error: 472
#ERR  p: [1213, 1075], r: -338, e: -1228, error: 473
#ERR  p: [1213, 1076], r: -348, e: -1227, error: 474
#ERR  p: [1213, 1077], r: -358, e: -1224, error: 475
#ERR  p: [1213, 1078], r: -368, e: -1216, error: 476
#ERR  p: [1213, 1079], r: -378, e: -1219, error: 477
#ERR  p: [1213, 1080], r: -388, e: -1217, error: 478
#ERR  p: [1213, 1081], r: -397, e: -1203, error: 479
#ERR  p: [1213, 1082], r: -407, e: -1205, error: 480
#ERR  p: [1213, 1083], r: -417, e: -1205, error: 481
#ERR  p: [1213, 1084], r: -427, e: -1204, error: 482
#ERR  p: [1213, 1085], r: -437, e: -1195, error: 483
#ERR  p: [1213, 1086], r: -447, e: -1192, error: 484
#ERR  p: [1213, 1087], r: -453, e: -1192, error: 485
#ERR  p: [1213, 1088], r: -463, e: -1202, error: 486
#ERR  p: [1213, 1089], r: -473, e: -1196, error: 487
#ERR  p: [1213, 1090], r: -483, e: -1192, error: 488
#ERR  p: [1213, 1091], r: -493, e: -1182, error: 489
#ERR  p: [1213, 1092], r: -503, e: -1173, error: 490
#ERR  p: [1213, 1093], r: -513, e: -1165, error: 491
#ERR  p: [1213, 1094], r: -523, e: -1159, error: 492
#ERR  p: [1213, 1095], r: -533, e: -1151, error: 493
#ERR  p: [1213, 1096], r: -543, e: -1146, error: 494
#ERR  p: [1213, 1097], r: -553, e: -1137, error: 495
#ERR  p: [1213, 1098], r: -563, e: -1130, error: 496
#ERR  p: [1213, 1099], r: -573, e: -1120, error: 497
#ERR  p: [1213, 1100], r: -583, e: -1121, error: 498
#ERR  p: [1213, 1101], r: -592, e: -1110, error: 499
#SDC Ite:0 KerTime:0.295626 AccTime:0.295626 KerErr:500 AccErr:500
#END