#HEADER max_rows:2048 max_cols:2048 penalty:10
#BEGIN Y:2016 M:09 D:12 Time:16:06:40
#IT Ite:0 KerTime:0.295160 AccTime:0.295160
#ERR Error detected! kerrors = 2800863
#ERR  p: [107, 605], r: 1876329728, e: -4538, error: 1
#ERR  p: [107, 606], r: 1876329718, e: -4548, error: 2
#ERR  p: [107, 607], r: 1876329708, e: -4550, error: 3
#ERR  p: [107, 608], r: 1876329698, e: -4560, error: 4
#ERR  p: [107, 609], r: 1876329688, e: -4570, error: 5
#ERR  p: [107, 610], r: 1876329678, e: -4580, error: 6
#ERR  p: [107, 611], r: 1876329668, e: -4590, error: 7
#ERR  p: [107, 612], r: 1876329658, e: -4600, error: 8
#ERR  p: [107, 613], r: 1876329648, e: -4610, error: 9
#ERR  p: [107, 614], r: 1876329638, e: -4620, error: 10
#ERR  p: [107, 615], r: 1876329628, e: -4630, error: 11
#ERR  p: [107, 616], r: 1876329618, e: -4640, error: 12
#ERR  p: [107, 617], r: 1876329608, e: -4650, error: 13
#ERR  p: [107, 618], r: 1876329598, e: -4660, error: 14
#ERR  p: [107, 619], r: 1876329588, e: -4670, error: 15
#ERR  p: [107, 620], r: 1876329578, e: -4680, error: 16
#ERR  p: [107, 621], r: 1876329568, e: -4690, error: 17
#ERR  p: [107, 622], r: 1876329558, e: -4700, error: 18
#ERR  p: [107, 623], r: 1876329548, e: -4710, error: 19
#ERR  p: [107, 624], r: 1876329538, e: -4720, error: 20
#ERR  p: [107, 625], r: 1876329528, e: -4730, error: 21
#ERR  p: [107, 626], r: 1876329518, e: -4740, error: 22
#ERR  p: [107, 627], r: 1876329508, e: -4750, error: 23
#ERR  p: [107, 628], r: 1876329498, e: -4760, error: 24
#ERR  p: [107, 629], r: 1876329488, e: -4770, error: 25
#ERR  p: [107, 630], r: 1876329478, e: -4780, error: 26
#ERR  p: [107, 631], r: 1876329468, e: -4790, error: 27
#ERR  p: [107, 632], r: 1876329458, e: -4800, error: 28
#ERR  p: [107, 633], r: 1876329448, e: -4810, error: 29
#ERR  p: [107, 634], r: 1876329438, e: -4820, error: 30
#ERR  p: [107, 635], r: 1876329428, e: -4830, error: 31
#ERR  p: [107, 636], r: 1876329418, e: -4840, error: 32
#ERR  p: [107, 637], r: 1876329408, e: -4850, error: 33
#ERR  p: [107, 638], r: 1876329398, e: -4855, error: 34
#ERR  p: [107, 639], r: 1876329388, e: -4865, error: 35
#ERR  p: [107, 640], r: 1876329378, e: -4875, error: 36
#ERR  p: [107, 641], r: 1876329368, e: -4885, error: 37
#ERR  p: [107, 642], r: 1876329358, e: -4895, error: 38
#ERR  p: [107, 643], r: 1876329348, e: -4905, error: 39
#ERR  p: [107, 644], r: 1876329338, e: -4915, error: 40
#ERR  p: [107, 645], r: 1876329328, e: -4925, error: 41
#ERR  p: [107, 646], r: 1876329318, e: -4935, error: 42
#ERR  p: [107, 647], r: 1876329308, e: -4945, error: 43
#ERR  p: [107, 648], r: 1876329298, e: -4955, error: 44
#ERR  p: [107, 649], r: 1876329288, e: -4965, error: 45
#ERR  p: [107, 650], r: 1876329278, e: -4975, error: 46
#ERR  p: [107, 651], r: 1876329268, e: -4985, error: 47
#ERR  p: [107, 652], r: 1876329258, e: -4995, error: 48
#ERR  p: [107, 653], r: 1876329248, e: -5004, error: 49
#ERR  p: [107, 654], r: 1876329238, e: -5014, error: 50
#ERR  p: [107, 655], r: 1876329228, e: -5024, error: 51
#ERR  p: [107, 656], r: 1876329218, e: -5034, error: 52
#ERR  p: [107, 657], r: 1876329208, e: -5044, error: 53
#ERR  p: [107, 658], r: 1876329198, e: -5054, error: 54
#ERR  p: [107, 659], r: 1876329188, e: -5064, error: 55
#ERR  p: [107, 660], r: 1876329178, e: -5074, error: 56
#ERR  p: [107, 661], r: 1876329168, e: -5084, error: 57
#ERR  p: [107, 662], r: 1876329158, e: -5094, error: 58
#ERR  p: [107, 663], r: 1876329148, e: -5099, error: 59
#ERR  p: [107, 664], r: 1876329138, e: -5101, error: 60
#ERR  p: [107, 665], r: 1876329128, e: -5111, error: 61
#ERR  p: [107, 666], r: 1876329118, e: -5121, error: 62
#ERR  p: [107, 667], r: 1876329108, e: -5131, error: 63
#ERR  p: [107, 668], r: 1876329098, e: -5141, error: 64
#ERR  p: [107, 669], r: 1876329088, e: -5151, error: 65
#ERR  p: [107, 670], r: 1876329078, e: -5161, error: 66
#ERR  p: [107, 671], r: 1876329068, e: -5171, error: 67
#ERR  p: [107, 672], r: 1876329058, e: -5181, error: 68
#ERR  p: [107, 673], r: 1876329048, e: -5191, error: 69
#ERR  p: [107, 674], r: 1876329038, e: -5201, error: 70
#ERR  p: [107, 675], r: 1876329028, e: -5211, error: 71
#ERR  p: [107, 676], r: 1876329018, e: -5221, error: 72
#ERR  p: [107, 677], r: 1876329008, e: -5231, error: 73
#ERR  p: [107, 678], r: 1876328998, e: -5241, error: 74
#ERR  p: [107, 679], r: 1876328988, e: -5251, error: 75
#ERR  p: [107, 680], r: 1876328978, e: -5261, error: 76
#ERR  p: [107, 681], r: 1876328968, e: -5271, error: 77
#ERR  p: [107, 682], r: 1876328958, e: -5281, error: 78
#ERR  p: [107, 683], r: 1876328948, e: -5291, error: 79
#ERR  p: [107, 684], r: 1876328938, e: -5301, error: 80
#ERR  p: [107, 685], r: 1876328928, e: -5311, error: 81
#ERR  p: [107, 686], r: 1876328918, e: -5321, error: 82
#ERR  p: [107, 687], r: 1876328908, e: -5331, error: 83
#ERR  p: [107, 688], r: 1876328898, e: -5341, error: 84
#ERR  p: [107, 689], r: 1876328888, e: -5351, error: 85
#ERR  p: [107, 690], r: 1876328878, e: -5361, error: 86
#ERR  p: [107, 691], r: 1876328868, e: -5371, error: 87
#ERR  p: [107, 692], r: 1876328858, e: -5381, error: 88
#ERR  p: [107, 693], r: 1876328848, e: -5391, error: 89
#ERR  p: [107, 694], r: 1876328838, e: -5401, error: 90
#ERR  p: [107, 695], r: 1876328828, e: -5411, error: 91
#ERR  p: [107, 696], r: 1876328818, e: -5421, error: 92
#ERR  p: [107, 697], r: 1876328808, e: -5431, error: 93
#ERR  p: [107, 698], r: 1876328798, e: -5441, error: 94
#ERR  p: [107, 699], r: 1876328788, e: -5451, error: 95
#ERR  p: [107, 700], r: 1876328778, e: -5461, error: 96
#ERR  p: [107, 701], r: 1876328768, e: -5471, error: 97
#ERR  p: [107, 702], r: 1876328758, e: -5481, error: 98
#ERR  p: [107, 703], r: 1876328748, e: -5491, error: 99
#ERR  p: [107, 704], r: 1876328738, e: -5501, error: 100
#ERR  p: [107, 705], r: 1876328728, e: -5511, error: 101
#ERR  p: [107, 706], r: 1876328718, e: -5521, error: 102
#ERR  p: [107, 707], r: 1876328708, e: -5531, error: 103
#ERR  p: [107, 708], r: 1876328698, e: -5541, error: 104
#ERR  p: [107, 709], r: 1876328688, e: -5551, error: 105
#ERR  p: [107, 710], r: 1876328678, e: -5561, error: 106
#ERR  p: [107, 711], r: 1876328668, e: -5571, error: 107
#ERR  p: [107, 712], r: 1876328658, e: -5581, error: 108
#ERR  p: [107, 713], r: 1876328648, e: -5591, error: 109
#ERR  p: [107, 714], r: 1876328638, e: -5601, error: 110
#ERR  p: [107, 715], r: 1876328628, e: -5611, error: 111
#ERR  p: [107, 716], r: 1876328618, e: -5621, error: 112
#ERR  p: [107, 717], r: 1876328608, e: -5631, error: 113
#ERR  p: [107, 718], r: 1876328598, e: -5641, error: 114
#ERR  p: [107, 719], r: 1876328588, e: -5651, error: 115
#ERR  p: [107, 720], r: 1876328578, e: -5661, error: 116
#ERR  p: [107, 721], r: 1876328568, e: -5671, error: 117
#ERR  p: [107, 722], r: 1876328558, e: -5681, error: 118
#ERR  p: [107, 723], r: 1876328548, e: -5691, error: 119
#ERR  p: [107, 724], r: 1876328538, e: -5701, error: 120
#ERR  p: [107, 725], r: 1876328528, e: -5711, error: 121
#ERR  p: [107, 726], r: 1876328518, e: -5721, error: 122
#ERR  p: [107, 727], r: 1876328508, e: -5731, error: 123
#ERR  p: [107, 728], r: 1876328498, e: -5741, error: 124
#ERR  p: [107, 729], r: 1876328488, e: -5751, error: 125
#ERR  p: [107, 730], r: 1876328478, e: -5761, error: 126
#ERR  p: [107, 731], r: 1876328468, e: -5771, error: 127
#ERR  p: [107, 732], r: 1876328458, e: -5781, error: 128
#ERR  p: [107, 733], r: 1876328448, e: -5790, error: 129
#ERR  p: [107, 734], r: 1876328438, e: -5800, error: 130
#ERR  p: [107, 735], r: 1876328428, e: -5810, error: 131
#ERR  p: [107, 736], r: 1876328418, e: -5812, error: 132
#ERR  p: [107, 737], r: 1876328408, e: -5822, error: 133
#ERR  p: [107, 738], r: 1876328398, e: -5832, error: 134
#ERR  p: [107, 739], r: 1876328388, e: -5842, error: 135
#ERR  p: [107, 740], r: 1876328378, e: -5852, error: 136
#ERR  p: [107, 741], r: 1876328368, e: -5862, error: 137
#ERR  p: [107, 742], r: 1876328358, e: -5872, error: 138
#ERR  p: [107, 743], r: 1876328348, e: -5882, error: 139
#ERR  p: [107, 744], r: 1876328338, e: -5892, error: 140
#ERR  p: [107, 745], r: 1876328328, e: -5902, error: 141
#ERR  p: [107, 746], r: 1876328318, e: -5912, error: 142
#ERR  p: [107, 747], r: 1876328308, e: -5922, error: 143
#ERR  p: [107, 748], r: 1876328298, e: -5932, error: 144
#ERR  p: [107, 749], r: 1876328288, e: -5942, error: 145
#ERR  p: [107, 750], r: 1876328278, e: -5952, error: 146
#ERR  p: [107, 751], r: 1876328268, e: -5962, error: 147
#ERR  p: [107, 752], r: 1876328258, e: -5972, error: 148
#ERR  p: [107, 753], r: 1876328248, e: -5982, error: 149
#ERR  p: [107, 754], r: 1876328238, e: -5992, error: 150
#ERR  p: [107, 755], r: 1876328228, e: -6002, error: 151
#ERR  p: [107, 756], r: 1876328218, e: -6012, error: 152
#ERR  p: [107, 757], r: 1876328208, e: -6022, error: 153
#ERR  p: [107, 758], r: 1876328198, e: -6032, error: 154
#ERR  p: [107, 759], r: 1876328188, e: -6042, error: 155
#ERR  p: [107, 760], r: 1876328178, e: -6052, error: 156
#ERR  p: [107, 761], r: 1876328168, e: -6062, error: 157
#ERR  p: [107, 762], r: 1876328158, e: -6072, error: 158
#ERR  p: [107, 763], r: 1876328148, e: -6082, error: 159
#ERR  p: [107, 764], r: 1876328138, e: -6092, error: 160
#ERR  p: [107, 765], r: 1876328128, e: -6102, error: 161
#ERR  p: [107, 766], r: 1876328118, e: -6112, error: 162
#ERR  p: [107, 767], r: 1876328108, e: -6122, error: 163
#ERR  p: [107, 768], r: 1876328098, e: -6132, error: 164
#ERR  p: [107, 769], r: 1876328088, e: -6142, error: 165
#ERR  p: [107, 770], r: 1876328078, e: -6152, error: 166
#ERR  p: [107, 771], r: 1876328068, e: -6162, error: 167
#ERR  p: [107, 772], r: 1876328058, e: -6172, error: 168
#ERR  p: [107, 773], r: 1876328048, e: -6182, error: 169
#ERR  p: [107, 774], r: 1876328038, e: -6192, error: 170
#ERR  p: [107, 775], r: 1876328028, e: -6202, error: 171
#ERR  p: [107, 776], r: 1876328018, e: -6212, error: 172
#ERR  p: [107, 777], r: 1876328008, e: -6222, error: 173
#ERR  p: [107, 778], r: 1876327998, e: -6232, error: 174
#ERR  p: [107, 779], r: 1876327988, e: -6242, error: 175
#ERR  p: [107, 780], r: 1876327978, e: -6252, error: 176
#ERR  p: [107, 781], r: 1876327968, e: -6262, error: 177
#ERR  p: [107, 782], r: 1876327958, e: -6272, error: 178
#ERR  p: [107, 783], r: 1876327948, e: -6282, error: 179
#ERR  p: [107, 784], r: 1876327938, e: -6292, error: 180
#ERR  p: [107, 785], r: 1876327928, e: -6302, error: 181
#ERR  p: [107, 786], r: 1876327918, e: -6312, error: 182
#ERR  p: [107, 787], r: 1876327908, e: -6316, error: 183
#ERR  p: [107, 788], r: 1876327898, e: -6326, error: 184
#ERR  p: [107, 789], r: 1876327888, e: -6336, error: 185
#ERR  p: [107, 790], r: 1876327878, e: -6346, error: 186
#ERR  p: [107, 791], r: 1876327868, e: -6356, error: 187
#ERR  p: [107, 792], r: 1876327858, e: -6366, error: 188
#ERR  p: [107, 793], r: 1876327848, e: -6376, error: 189
#ERR  p: [107, 794], r: 1876327838, e: -6386, error: 190
#ERR  p: [107, 795], r: 1876327828, e: -6396, error: 191
#ERR  p: [107, 796], r: 1876327818, e: -6406, error: 192
#ERR  p: [107, 797], r: 1876327808, e: -6416, error: 193
#ERR  p: [107, 798], r: 1876327798, e: -6426, error: 194
#ERR  p: [107, 799], r: 1876327788, e: -6436, error: 195
#ERR  p: [107, 800], r: 1876327778, e: -6446, error: 196
#ERR  p: [107, 801], r: 1876327768, e: -6456, error: 197
#ERR  p: [107, 802], r: 1876327758, e: -6466, error: 198
#ERR  p: [107, 803], r: 1876327748, e: -6476, error: 199
#ERR  p: [107, 804], r: 1876327738, e: -6486, error: 200
#ERR  p: [107, 805], r: 1876327728, e: -6496, error: 201
#ERR  p: [107, 806], r: 1876327718, e: -6506, error: 202
#ERR  p: [107, 807], r: 1876327708, e: -6516, error: 203
#ERR  p: [107, 808], r: 1876327698, e: -6526, error: 204
#ERR  p: [107, 809], r: 1876327688, e: -6536, error: 205
#ERR  p: [107, 810], r: 1876327678, e: -6546, error: 206
#ERR  p: [107, 811], r: 1876327668, e: -6556, error: 207
#ERR  p: [107, 812], r: 1876327658, e: -6560, error: 208
#ERR  p: [107, 813], r: 1876327648, e: -6569, error: 209
#ERR  p: [107, 814], r: 1876327638, e: -6579, error: 210
#ERR  p: [107, 815], r: 1876327628, e: -6589, error: 211
#ERR  p: [107, 816], r: 1876327618, e: -6599, error: 212
#ERR  p: [107, 817], r: 1876327608, e: -6609, error: 213
#ERR  p: [107, 818], r: 1876327598, e: -6619, error: 214
#ERR  p: [107, 819], r: 1876327588, e: -6629, error: 215
#ERR  p: [107, 820], r: 1876327578, e: -6639, error: 216
#ERR  p: [107, 821], r: 1876327568, e: -6649, error: 217
#ERR  p: [107, 822], r: 1876327558, e: -6659, error: 218
#ERR  p: [107, 823], r: 1876327548, e: -6669, error: 219
#ERR  p: [107, 824], r: 1876327538, e: -6679, error: 220
#ERR  p: [107, 825], r: 1876327528, e: -6689, error: 221
#ERR  p: [107, 826], r: 1876327518, e: -6699, error: 222
#ERR  p: [107, 827], r: 1876327508, e: -6709, error: 223
#ERR  p: [107, 828], r: 1876327498, e: -6719, error: 224
#ERR  p: [107, 829], r: 1876327488, e: -6729, error: 225
#ERR  p: [107, 830], r: 1876327478, e: -6739, error: 226
#ERR  p: [107, 831], r: 1876327468, e: -6749, error: 227
#ERR  p: [107, 832], r: 1876327458, e: -6759, error: 228
#ERR  p: [107, 833], r: 1876327448, e: -6769, error: 229
#ERR  p: [107, 834], r: 1876327438, e: -6779, error: 230
#ERR  p: [107, 835], r: 1876327428, e: -6789, error: 231
#ERR  p: [107, 836], r: 1876327418, e: -6799, error: 232
#ERR  p: [107, 837], r: 1876327408, e: -6809, error: 233
#ERR  p: [107, 838], r: 1876327398, e: -6819, error: 234
#ERR  p: [107, 839], r: 1876327388, e: -6829, error: 235
#ERR  p: [107, 840], r: 1876327378, e: -6839, error: 236
#ERR  p: [107, 841], r: 1876327368, e: -6849, error: 237
#ERR  p: [107, 842], r: 1876327358, e: -6859, error: 238
#ERR  p: [107, 843], r: 1876327348, e: -6869, error: 239
#ERR  p: [107, 844], r: 1876327338, e: -6879, error: 240
#ERR  p: [107, 845], r: 1876327328, e: -6887, error: 241
#ERR  p: [107, 846], r: 1876327318, e: -6897, error: 242
#ERR  p: [107, 847], r: 1876327308, e: -6906, error: 243
#ERR  p: [107, 848], r: 1876327298, e: -6916, error: 244
#ERR  p: [107, 849], r: 1876327288, e: -6926, error: 245
#ERR  p: [107, 850], r: 1876327278, e: -6936, error: 246
#ERR  p: [107, 851], r: 1876327268, e: -6946, error: 247
#ERR  p: [107, 852], r: 1876327258, e: -6956, error: 248
#ERR  p: [107, 853], r: 1876327248, e: -6966, error: 249
#ERR  p: [107, 854], r: 1876327238, e: -6976, error: 250
#ERR  p: [107, 855], r: 1876327228, e: -6986, error: 251
#ERR  p: [107, 856], r: 1876327218, e: -6988, error: 252
#ERR  p: [107, 857], r: 1876327208, e: -6998, error: 253
#ERR  p: [107, 858], r: 1876327198, e: -7008, error: 254
#ERR  p: [107, 859], r: 1876327188, e: -7018, error: 255
#ERR  p: [107, 860], r: 1876327178, e: -7028, error: 256
#ERR  p: [107, 861], r: 1876327168, e: -7038, error: 257
#ERR  p: [107, 862], r: 1876327158, e: -7048, error: 258
#ERR  p: [107, 863], r: 1876327148, e: -7058, error: 259
#ERR  p: [107, 864], r: 1876327138, e: -7068, error: 260
#ERR  p: [107, 865], r: 1876327128, e: -7078, error: 261
#ERR  p: [107, 866], r: 1876327118, e: -7088, error: 262
#ERR  p: [107, 867], r: 1876327108, e: -7098, error: 263
#ERR  p: [107, 868], r: 1876327098, e: -7108, error: 264
#ERR  p: [107, 869], r: 1876327088, e: -7118, error: 265
#ERR  p: [107, 870], r: 1876327078, e: -7128, error: 266
#ERR  p: [107, 871], r: 1876327068, e: -7138, error: 267
#ERR  p: [107, 872], r: 1876327058, e: -7148, error: 268
#ERR  p: [107, 873], r: 1876327048, e: -7158, error: 269
#ERR  p: [107, 874], r: 1876327038, e: -7168, error: 270
#ERR  p: [107, 875], r: 1876327028, e: -7178, error: 271
#ERR  p: [107, 876], r: 1876327018, e: -7188, error: 272
#ERR  p: [107, 877], r: 1876327008, e: -7198, error: 273
#ERR  p: [107, 878], r: 1876326998, e: -7208, error: 274
#ERR  p: [107, 879], r: 1876326988, e: -7218, error: 275
#ERR  p: [107, 880], r: 1876326978, e: -7228, error: 276
#ERR  p: [107, 881], r: 1876326968, e: -7238, error: 277
#ERR  p: [107, 882], r: 1876326958, e: -7248, error: 278
#ERR  p: [107, 883], r: 1876326948, e: -7258, error: 279
#ERR  p: [107, 884], r: 1876326938, e: -7268, error: 280
#ERR  p: [107, 885], r: 1876326928, e: -7278, error: 281
#ERR  p: [107, 886], r: 1876326918, e: -7288, error: 282
#ERR  p: [107, 887], r: 1876326908, e: -7298, error: 283
#ERR  p: [107, 888], r: 1876326898, e: -7308, error: 284
#ERR  p: [107, 889], r: 1876326888, e: -7318, error: 285
#ERR  p: [107, 890], r: 1876326878, e: -7328, error: 286
#ERR  p: [107, 891], r: 1876326868, e: -7338, error: 287
#ERR  p: [107, 892], r: 1876326858, e: -7348, error: 288
#ERR  p: [107, 893], r: 1876326848, e: -7358, error: 289
#ERR  p: [107, 894], r: 1876326838, e: -7368, error: 290
#ERR  p: [107, 895], r: 1876326828, e: -7378, error: 291
#ERR  p: [107, 896], r: 1876326818, e: -7388, error: 292
#ERR  p: [107, 897], r: 1876326808, e: -7398, error: 293
#ERR  p: [107, 898], r: 1876326798, e: -7408, error: 294
#ERR  p: [107, 899], r: 1876326788, e: -7418, error: 295
#ERR  p: [107, 900], r: 1876326778, e: -7428, error: 296
#ERR  p: [107, 901], r: 1876326768, e: -7438, error: 297
#ERR  p: [107, 902], r: 1876326758, e: -7448, error: 298
#ERR  p: [107, 903], r: 1876326748, e: -7458, error: 299
#ERR  p: [107, 904], r: 1876326738, e: -7468, error: 300
#ERR  p: [107, 905], r: 1876326728, e: -7478, error: 301
#ERR  p: [107, 906], r: 1876326718, e: -7488, error: 302
#ERR  p: [107, 907], r: 1876326708, e: -7498, error: 303
#ERR  p: [107, 908], r: 1876326698, e: -7508, error: 304
#ERR  p: [107, 909], r: 1876326688, e: -7518, error: 305
#ERR  p: [107, 910], r: 1876326678, e: -7528, error: 306
#ERR  p: [107, 911], r: 1876326668, e: -7538, error: 307
#ERR  p: [107, 912], r: 1876326658, e: -7548, error: 308
#ERR  p: [107, 913], r: 1876326648, e: -7558, error: 309
#ERR  p: [107, 914], r: 1876326638, e: -7568, error: 310
#ERR  p: [107, 915], r: 1876326628, e: -7578, error: 311
#ERR  p: [107, 916], r: 1876326618, e: -7588, error: 312
#ERR  p: [107, 917], r: 1876326608, e: -7598, error: 313
#ERR  p: [107, 918], r: 1876326598, e: -7608, error: 314
#ERR  p: [107, 919], r: 1876326588, e: -7618, error: 315
#ERR  p: [107, 920], r: 1876326578, e: -7628, error: 316
#ERR  p: [107, 921], r: 1876326568, e: -7638, error: 317
#ERR  p: [107, 922], r: 1876326558, e: -7648, error: 318
#ERR  p: [107, 923], r: 1876326548, e: -7658, error: 319
#ERR  p: [107, 924], r: 1876326538, e: -7668, error: 320
#ERR  p: [107, 925], r: 1876326528, e: -7678, error: 321
#ERR  p: [107, 926], r: 1876326518, e: -7688, error: 322
#ERR  p: [107, 927], r: 1876326508, e: -7698, error: 323
#ERR  p: [107, 928], r: 1876326498, e: -7708, error: 324
#ERR  p: [107, 929], r: 1876326488, e: -7718, error: 325
#ERR  p: [107, 930], r: 1876326478, e: -7728, error: 326
#ERR  p: [107, 931], r: 1876326468, e: -7738, error: 327
#ERR  p: [107, 932], r: 1876326458, e: -7748, error: 328
#ERR  p: [107, 933], r: 1876326448, e: -7758, error: 329
#ERR  p: [107, 934], r: 1876326438, e: -7768, error: 330
#ERR  p: [107, 935], r: 1876326428, e: -7778, error: 331
#ERR  p: [107, 936], r: 1876326418, e: -7788, error: 332
#ERR  p: [107, 937], r: 1876326408, e: -7798, error: 333
#ERR  p: [107, 938], r: 1876326398, e: -7808, error: 334
#ERR  p: [107, 939], r: 1876326388, e: -7818, error: 335
#ERR  p: [107, 940], r: 1876326378, e: -7828, error: 336
#ERR  p: [107, 941], r: 1876326368, e: -7838, error: 337
#ERR  p: [107, 942], r: 1876326358, e: -7848, error: 338
#ERR  p: [107, 943], r: 1876326348, e: -7858, error: 339
#ERR  p: [107, 944], r: 1876326338, e: -7868, error: 340
#ERR  p: [107, 945], r: 1876326328, e: -7878, error: 341
#ERR  p: [107, 946], r: 1876326318, e: -7888, error: 342
#ERR  p: [107, 947], r: 1876326308, e: -7898, error: 343
#ERR  p: [107, 948], r: 1876326298, e: -7908, error: 344
#ERR  p: [107, 949], r: 1876326288, e: -7918, error: 345
#ERR  p: [107, 950], r: 1876326278, e: -7928, error: 346
#ERR  p: [107, 951], r: 1876326268, e: -7934, error: 347
#ERR  p: [107, 952], r: 1876326258, e: -7944, error: 348
#ERR  p: [107, 953], r: 1876326248, e: -7954, error: 349
#ERR  p: [107, 954], r: 1876326238, e: -7964, error: 350
#ERR  p: [107, 955], r: 1876326228, e: -7974, error: 351
#ERR  p: [107, 956], r: 1876326218, e: -7984, error: 352
#ERR  p: [107, 957], r: 1876326208, e: -7994, error: 353
#ERR  p: [107, 958], r: 1876326198, e: -8004, error: 354
#ERR  p: [107, 959], r: 1876326188, e: -8014, error: 355
#ERR  p: [107, 960], r: 1876326178, e: -8024, error: 356
#ERR  p: [107, 961], r: 1876326168, e: -8034, error: 357
#ERR  p: [107, 962], r: 1876326158, e: -8044, error: 358
#ERR  p: [107, 963], r: 1876326148, e: -8054, error: 359
#ERR  p: [107, 964], r: 1876326138, e: -8064, error: 360
#ERR  p: [107, 965], r: 1876326128, e: -8074, error: 361
#ERR  p: [107, 966], r: 1876326118, e: -8084, error: 362
#ERR  p: [107, 967], r: 1876326108, e: -8094, error: 363
#ERR  p: [107, 968], r: 1876326098, e: -8104, error: 364
#ERR  p: [107, 969], r: 1876326088, e: -8114, error: 365
#ERR  p: [107, 970], r: 1876326078, e: -8124, error: 366
#ERR  p: [107, 971], r: 1876326068, e: -8134, error: 367
#ERR  p: [107, 972], r: 1876326058, e: -8144, error: 368
#ERR  p: [107, 973], r: 1876326048, e: -8154, error: 369
#ERR  p: [107, 974], r: 1876326038, e: -8164, error: 370
#ERR  p: [107, 975], r: 1876326028, e: -8174, error: 371
#ERR  p: [107, 976], r: 1876326018, e: -8184, error: 372
#ERR  p: [107, 977], r: 1876326008, e: -8194, error: 373
#ERR  p: [107, 978], r: 1876325998, e: -8204, error: 374
#ERR  p: [107, 979], r: 1876325988, e: -8214, error: 375
#ERR  p: [107, 980], r: 1876325978, e: -8224, error: 376
#ERR  p: [107, 981], r: 1876325968, e: -8234, error: 377
#ERR  p: [107, 982], r: 1876325958, e: -8244, error: 378
#ERR  p: [107, 983], r: 1876325948, e: -8254, error: 379
#ERR  p: [107, 984], r: 1876325938, e: -8264, error: 380
#ERR  p: [107, 985], r: 1876325928, e: -8274, error: 381
#ERR  p: [107, 986], r: 1876325918, e: -8284, error: 382
#ERR  p: [107, 987], r: 1876325908, e: -8294, error: 383
#ERR  p: [107, 988], r: 1876325898, e: -8304, error: 384
#ERR  p: [107, 989], r: 1876325888, e: -8314, error: 385
#ERR  p: [107, 990], r: 1876325878, e: -8324, error: 386
#ERR  p: [107, 991], r: 1876325868, e: -8334, error: 387
#ERR  p: [107, 992], r: 1876325858, e: -8344, error: 388
#ERR  p: [107, 993], r: 1876325848, e: -8354, error: 389
#ERR  p: [107, 994], r: 1876325838, e: -8364, error: 390
#ERR  p: [107, 995], r: 1876325828, e: -8374, error: 391
#ERR  p: [107, 996], r: 1876325818, e: -8384, error: 392
#ERR  p: [107, 997], r: 1876325808, e: -8394, error: 393
#ERR  p: [107, 998], r: 1876325798, e: -8404, error: 394
#ERR  p: [107, 999], r: 1876325788, e: -8414, error: 395
#ERR  p: [107, 1000], r: 1876325778, e: -8424, error: 396
#ERR  p: [107, 1001], r: 1876325768, e: -8434, error: 397
#ERR  p: [107, 1002], r: 1876325758, e: -8444, error: 398
#ERR  p: [107, 1003], r: 1876325748, e: -8454, error: 399
#ERR  p: [107, 1004], r: 1876325738, e: -8464, error: 400
#ERR  p: [107, 1005], r: 1876325728, e: -8474, error: 401
#ERR  p: [107, 1006], r: 1876325718, e: -8484, error: 402
#ERR  p: [107, 1007], r: 1876325708, e: -8494, error: 403
#ERR  p: [107, 1008], r: 1876325698, e: -8504, error: 404
#ERR  p: [107, 1009], r: 1876325688, e: -8514, error: 405
#ERR  p: [107, 1010], r: 1876325678, e: -8524, error: 406
#ERR  p: [107, 1011], r: 1876325668, e: -8534, error: 407
#ERR  p: [107, 1012], r: 1876325658, e: -8544, error: 408
#ERR  p: [107, 1013], r: 1876325648, e: -8554, error: 409
#ERR  p: [107, 1014], r: 1876325638, e: -8564, error: 410
#ERR  p: [107, 1015], r: 1876325628, e: -8574, error: 411
#ERR  p: [107, 1016], r: 1876325618, e: -8584, error: 412
#ERR  p: [107, 1017], r: 1876325608, e: -8594, error: 413
#ERR  p: [107, 1018], r: 1876325598, e: -8604, error: 414
#ERR  p: [107, 1019], r: 1876325588, e: -8614, error: 415
#ERR  p: [107, 1020], r: 1876325578, e: -8624, error: 416
#ERR  p: [107, 1021], r: 1876325568, e: -8634, error: 417
#ERR  p: [107, 1022], r: 1876325558, e: -8644, error: 418
#ERR  p: [107, 1023], r: 1876325548, e: -8654, error: 419
#ERR  p: [107, 1024], r: 1876325538, e: -8664, error: 420
#ERR  p: [107, 1025], r: 1876325528, e: -8674, error: 421
#ERR  p: [107, 1026], r: 1876325518, e: -8684, error: 422
#ERR  p: [107, 1027], r: 1876325508, e: -8694, error: 423
#ERR  p: [107, 1028], r: 1876325498, e: -8704, error: 424
#ERR  p: [107, 1029], r: 1876325488, e: -8714, error: 425
#ERR  p: [107, 1030], r: 1876325478, e: -8723, error: 426
#ERR  p: [107, 1031], r: 1876325468, e: -8733, error: 427
#ERR  p: [107, 1032], r: 1876325458, e: -8743, error: 428
#ERR  p: [107, 1033], r: 1876325448, e: -8753, error: 429
#ERR  p: [107, 1034], r: 1876325438, e: -8762, error: 430
#ERR  p: [107, 1035], r: 1876325428, e: -8764, error: 431
#ERR  p: [107, 1036], r: 1876325418, e: -8774, error: 432
#ERR  p: [107, 1037], r: 1876325408, e: -8784, error: 433
#ERR  p: [107, 1038], r: 1876325398, e: -8794, error: 434
#ERR  p: [107, 1039], r: 1876325388, e: -8804, error: 435
#ERR  p: [107, 1040], r: 1876325378, e: -8814, error: 436
#ERR  p: [107, 1041], r: 1876325368, e: -8824, error: 437
#ERR  p: [107, 1042], r: 1876325358, e: -8834, error: 438
#ERR  p: [107, 1043], r: 1876325348, e: -8844, error: 439
#ERR  p: [107, 1044], r: 1876325338, e: -8854, error: 440
#ERR  p: [107, 1045], r: 1876325328, e: -8864, error: 441
#ERR  p: [107, 1046], r: 1876325318, e: -8874, error: 442
#ERR  p: [107, 1047], r: 1876325308, e: -8884, error: 443
#ERR  p: [107, 1048], r: 1876325298, e: -8894, error: 444
#ERR  p: [107, 1049], r: 1876325288, e: -8904, error: 445
#ERR  p: [107, 1050], r: 1876325278, e: -8914, error: 446
#ERR  p: [107, 1051], r: 1876325268, e: -8924, error: 447
#ERR  p: [107, 1052], r: 1876325258, e: -8934, error: 448
#ERR  p: [107, 1053], r: 1876325248, e: -8944, error: 449
#ERR  p: [107, 1054], r: 1876325238, e: -8954, error: 450
#ERR  p: [107, 1055], r: 1876325228, e: -8964, error: 451
#ERR  p: [107, 1056], r: 1876325218, e: -8974, error: 452
#ERR  p: [107, 1057], r: 1876325208, e: -8984, error: 453
#ERR  p: [107, 1058], r: 1876325198, e: -8994, error: 454
#ERR  p: [107, 1059], r: 1876325188, e: -9004, error: 455
#ERR  p: [107, 1060], r: 1876325178, e: -9014, error: 456
#ERR  p: [107, 1061], r: 1876325168, e: -9024, error: 457
#ERR  p: [107, 1062], r: 1876325158, e: -9034, error: 458
#ERR  p: [107, 1063], r: 1876325148, e: -9044, error: 459
#ERR  p: [107, 1064], r: 1876325138, e: -9054, error: 460
#ERR  p: [107, 1065], r: 1876325128, e: -9064, error: 461
#ERR  p: [107, 1066], r: 1876325118, e: -9074, error: 462
#ERR  p: [107, 1067], r: 1876325108, e: -9084, error: 463
#ERR  p: [107, 1068], r: 1876325098, e: -9094, error: 464
#ERR  p: [107, 1069], r: 1876325088, e: -9104, error: 465
#ERR  p: [107, 1070], r: 1876325078, e: -9106, error: 466
#ERR  p: [107, 1071], r: 1876325068, e: -9116, error: 467
#ERR  p: [107, 1072], r: 1876325058, e: -9126, error: 468
#ERR  p: [107, 1073], r: 1876325048, e: -9136, error: 469
#ERR  p: [107, 1074], r: 1876325038, e: -9146, error: 470
#ERR  p: [107, 1075], r: 1876325028, e: -9156, error: 471
#ERR  p: [107, 1076], r: 1876325018, e: -9166, error: 472
#ERR  p: [107, 1077], r: 1876325008, e: -9176, error: 473
#ERR  p: [107, 1078], r: 1876324998, e: -9186, error: 474
#ERR  p: [107, 1079], r: 1876324988, e: -9196, error: 475
#ERR  p: [107, 1080], r: 1876324978, e: -9206, error: 476
#ERR  p: [107, 1081], r: 1876324968, e: -9216, error: 477
#ERR  p: [107, 1082], r: 1876324958, e: -9226, error: 478
#ERR  p: [107, 1083], r: 1876324948, e: -9236, error: 479
#ERR  p: [107, 1084], r: 1876324938, e: -9246, error: 480
#ERR  p: [107, 1085], r: 1876324928, e: -9256, error: 481
#ERR  p: [107, 1086], r: 1876324918, e: -9266, error: 482
#ERR  p: [107, 1087], r: 1876324908, e: -9276, error: 483
#ERR  p: [107, 1088], r: 1876324898, e: -9286, error: 484
#ERR  p: [107, 1089], r: 1876324888, e: -9296, error: 485
#ERR  p: [107, 1090], r: 1876324878, e: -9306, error: 486
#ERR  p: [107, 1091], r: 1876324868, e: -9316, error: 487
#ERR  p: [107, 1092], r: 1876324858, e: -9326, error: 488
#ERR  p: [107, 1093], r: 1876324848, e: -9336, error: 489
#ERR  p: [107, 1094], r: 1876324838, e: -9346, error: 490
#ERR  p: [107, 1095], r: 1876324828, e: -9356, error: 491
#ERR  p: [107, 1096], r: 1876324818, e: -9366, error: 492
#ERR  p: [107, 1097], r: 1876324808, e: -9376, error: 493
#ERR  p: [107, 1098], r: 1876324798, e: -9386, error: 494
#ERR  p: [107, 1099], r: 1876324788, e: -9396, error: 495
#ERR  p: [107, 1100], r: 1876324778, e: -9406, error: 496
#ERR  p: [107, 1101], r: 1876324768, e: -9416, error: 497
#ERR  p: [107, 1102], r: 1876324758, e: -9426, error: 498
#ERR  p: [107, 1103], r: 1876324748, e: -9436, error: 499
#SDC Ite:0 KerTime:0.295160 AccTime:0.295160 KerErr:500 AccErr:500
#END