#HEADER max_rows:2048 max_cols:2048 penalty:10
#BEGIN Y:2016 M:09 D:12 Time:15:41:09
#IT Ite:0 KerTime:0.294774 AccTime:0.294774
#ERR Error detected! kerrors = 409310
#ERR  p: [1438, 1377], r: 1047495, e: -1081, error: 1
#ERR  p: [1438, 1378], r: 1047485, e: -1084, error: 2
#ERR  p: [1438, 1379], r: 1047475, e: -1079, error: 3
#ERR  p: [1438, 1380], r: 1047465, e: -1071, error: 4
#ERR  p: [1438, 1381], r: 1047455, e: -1064, error: 5
#ERR  p: [1438, 1382], r: 1047445, e: -1071, error: 6
#ERR  p: [1438, 1383], r: 1047435, e: -1078, error: 7
#ERR  p: [1438, 1384], r: 1047425, e: -1071, error: 8
#ERR  p: [1438, 1385], r: 1047415, e: -1068, error: 9
#ERR  p: [1438, 1386], r: 1047405, e: -1066, error: 10
#ERR  p: [1438, 1387], r: 1047395, e: -1075, error: 11
#ERR  p: [1438, 1388], r: 1047385, e: -1072, error: 12
#ERR  p: [1438, 1389], r: 1047375, e: -1061, error: 13
#ERR  p: [1438, 1390], r: 1047365, e: -1061, error: 14
#ERR  p: [1438, 1391], r: 1047355, e: -1063, error: 15
#ERR  p: [1438, 1392], r: 1047345, e: -1057, error: 16
#ERR  p: [1438, 1393], r: 1047335, e: -1062, error: 17
#ERR  p: [1438, 1394], r: 1047325, e: -1064, error: 18
#ERR  p: [1438, 1395], r: 1047315, e: -1065, error: 19
#ERR  p: [1438, 1396], r: 1047305, e: -1067, error: 20
#ERR  p: [1438, 1397], r: 1047295, e: -1075, error: 21
#ERR  p: [1438, 1398], r: 1047285, e: -1085, error: 22
#ERR  p: [1438, 1399], r: 1047275, e: -1086, error: 23
#ERR  p: [1438, 1400], r: 1047265, e: -1081, error: 24
#ERR  p: [1438, 1401], r: 1047255, e: -1076, error: 25
#ERR  p: [1438, 1402], r: 1047245, e: -1076, error: 26
#ERR  p: [1438, 1403], r: 1047235, e: -1068, error: 27
#ERR  p: [1438, 1404], r: 1047225, e: -1059, error: 28
#ERR  p: [1438, 1405], r: 1047215, e: -1058, error: 29
#ERR  p: [1438, 1406], r: 1047205, e: -1059, error: 30
#ERR  p: [1438, 1407], r: 1047195, e: -1056, error: 31
#ERR  p: [1438, 1408], r: 1047185, e: -1049, error: 32
#ERR  p: [1438, 1409], r: 1047175, e: -1052, error: 33
#ERR  p: [1438, 1410], r: 1047165, e: -1043, error: 34
#ERR  p: [1438, 1411], r: 1047155, e: -1053, error: 35
#ERR  p: [1438, 1412], r: 1047145, e: -1050, error: 36
#ERR  p: [1438, 1413], r: 1047135, e: -1060, error: 37
#ERR  p: [1438, 1414], r: 1047125, e: -1067, error: 38
#ERR  p: [1438, 1415], r: 1047115, e: -1067, error: 39
#ERR  p: [1438, 1416], r: 1047105, e: -1068, error: 40
#ERR  p: [1438, 1417], r: 1047095, e: -1064, error: 41
#ERR  p: [1438, 1418], r: 1047085, e: -1070, error: 42
#ERR  p: [1438, 1419], r: 1047075, e: -1071, error: 43
#ERR  p: [1438, 1420], r: 1047065, e: -1081, error: 44
#ERR  p: [1438, 1421], r: 1047055, e: -1086, error: 45
#ERR  p: [1438, 1422], r: 1047045, e: -1092, error: 46
#ERR  p: [1438, 1423], r: 1047035, e: -1092, error: 47
#ERR  p: [1438, 1424], r: 1047025, e: -1093, error: 48
#ERR  p: [1438, 1425], r: 1047015, e: -1087, error: 49
#ERR  p: [1438, 1426], r: 1047005, e: -1085, error: 50
#ERR  p: [1438, 1427], r: 1046995, e: -1075, error: 51
#ERR  p: [1438, 1428], r: 1046985, e: -1083, error: 52
#ERR  p: [1438, 1429], r: 1046975, e: -1086, error: 53
#ERR  p: [1438, 1430], r: 1046965, e: -1095, error: 54
#ERR  p: [1438, 1431], r: 1046955, e: -1086, error: 55
#ERR  p: [1438, 1432], r: 1046945, e: -1082, error: 56
#ERR  p: [1438, 1433], r: 1046935, e: -1072, error: 57
#ERR  p: [1438, 1434], r: 1046925, e: -1082, error: 58
#ERR  p: [1438, 1435], r: 1046915, e: -1086, error: 59
#ERR  p: [1438, 1436], r: 1046905, e: -1086, error: 60
#ERR  p: [1438, 1437], r: 1046895, e: -1087, error: 61
#ERR  p: [1438, 1438], r: 1046885, e: -1083, error: 62
#ERR  p: [1438, 1439], r: 1046875, e: -1082, error: 63
#ERR  p: [1438, 1440], r: 1046865, e: -1088, error: 64
#ERR  p: [1438, 1441], r: 1046855, e: -1095, error: 65
#ERR  p: [1438, 1442], r: 1046845, e: -1087, error: 66
#ERR  p: [1438, 1443], r: 1046835, e: -1087, error: 67
#ERR  p: [1438, 1444], r: 1046825, e: -1079, error: 68
#ERR  p: [1438, 1445], r: 1046815, e: -1089, error: 69
#ERR  p: [1438, 1446], r: 1046805, e: -1095, error: 70
#ERR  p: [1438, 1447], r: 1046795, e: -1101, error: 71
#ERR  p: [1438, 1448], r: 1046785, e: -1093, error: 72
#ERR  p: [1438, 1449], r: 1046775, e: -1103, error: 73
#ERR  p: [1438, 1450], r: 1046765, e: -1110, error: 74
#ERR  p: [1438, 1451], r: 1046755, e: -1117, error: 75
#ERR  p: [1438, 1452], r: 1046745, e: -1127, error: 76
#ERR  p: [1438, 1453], r: 1046735, e: -1133, error: 77
#ERR  p: [1438, 1454], r: 1046725, e: -1143, error: 78
#ERR  p: [1438, 1455], r: 1046715, e: -1141, error: 79
#ERR  p: [1438, 1456], r: 1046705, e: -1138, error: 80
#ERR  p: [1438, 1457], r: 1046695, e: -1133, error: 81
#ERR  p: [1438, 1458], r: 1046685, e: -1130, error: 82
#ERR  p: [1438, 1459], r: 1046675, e: -1140, error: 83
#ERR  p: [1438, 1460], r: 1046665, e: -1144, error: 84
#ERR  p: [1438, 1461], r: 1046655, e: -1140, error: 85
#ERR  p: [1438, 1462], r: 1046645, e: -1138, error: 86
#ERR  p: [1438, 1463], r: 1046635, e: -1136, error: 87
#ERR  p: [1438, 1464], r: 1046625, e: -1144, error: 88
#ERR  p: [1438, 1465], r: 1046615, e: -1144, error: 89
#ERR  p: [1438, 1466], r: 1046605, e: -1151, error: 90
#ERR  p: [1438, 1467], r: 1046595, e: -1161, error: 91
#ERR  p: [1438, 1468], r: 1046585, e: -1163, error: 92
#ERR  p: [1438, 1469], r: 1046575, e: -1165, error: 93
#ERR  p: [1438, 1470], r: 1046565, e: -1172, error: 94
#ERR  p: [1438, 1471], r: 1046555, e: -1174, error: 95
#ERR  p: [1438, 1472], r: 1046545, e: -1182, error: 96
#ERR  p: [1438, 1473], r: 1046535, e: -1179, error: 97
#ERR  p: [1438, 1474], r: 1046525, e: -1189, error: 98
#ERR  p: [1438, 1475], r: 1046515, e: -1184, error: 99
#ERR  p: [1438, 1476], r: 1046505, e: -1188, error: 100
#ERR  p: [1438, 1477], r: 1046495, e: -1180, error: 101
#ERR  p: [1438, 1478], r: 1046485, e: -1170, error: 102
#ERR  p: [1438, 1479], r: 1046475, e: -1159, error: 103
#ERR  p: [1438, 1480], r: 1046465, e: -1141, error: 104
#ERR  p: [1438, 1481], r: 1046455, e: -1145, error: 105
#ERR  p: [1438, 1482], r: 1046445, e: -1129, error: 106
#ERR  p: [1438, 1483], r: 1046435, e: -1129, error: 107
#ERR  p: [1438, 1484], r: 1046425, e: -1122, error: 108
#ERR  p: [1438, 1485], r: 1046415, e: -1132, error: 109
#ERR  p: [1438, 1486], r: 1046405, e: -1139, error: 110
#ERR  p: [1438, 1487], r: 1046395, e: -1144, error: 111
#ERR  p: [1438, 1488], r: 1046385, e: -1151, error: 112
#ERR  p: [1438, 1489], r: 1046375, e: -1143, error: 113
#ERR  p: [1438, 1490], r: 1046365, e: -1153, error: 114
#ERR  p: [1438, 1491], r: 1046355, e: -1151, error: 115
#ERR  p: [1438, 1492], r: 1046345, e: -1156, error: 116
#ERR  p: [1438, 1493], r: 1046335, e: -1149, error: 117
#ERR  p: [1438, 1494], r: 1046325, e: -1145, error: 118
#ERR  p: [1438, 1495], r: 1046315, e: -1146, error: 119
#ERR  p: [1438, 1496], r: 1046305, e: -1139, error: 120
#ERR  p: [1438, 1497], r: 1046295, e: -1149, error: 121
#ERR  p: [1438, 1498], r: 1046285, e: -1141, error: 122
#ERR  p: [1438, 1499], r: 1046275, e: -1146, error: 123
#ERR  p: [1438, 1500], r: 1046265, e: -1138, error: 124
#ERR  p: [1438, 1501], r: 1046255, e: -1131, error: 125
#ERR  p: [1438, 1502], r: 1046245, e: -1125, error: 126
#ERR  p: [1438, 1503], r: 1046235, e: -1131, error: 127
#ERR  p: [1438, 1504], r: 1046225, e: -1133, error: 128
#ERR  p: [1438, 1505], r: 1046215, e: -1134, error: 129
#ERR  p: [1438, 1506], r: 1046205, e: -1144, error: 130
#ERR  p: [1438, 1507], r: 1046195, e: -1154, error: 131
#ERR  p: [1438, 1508], r: 1046185, e: -1164, error: 132
#ERR  p: [1438, 1509], r: 1046175, e: -1160, error: 133
#ERR  p: [1438, 1510], r: 1046165, e: -1170, error: 134
#ERR  p: [1438, 1511], r: 1046155, e: -1180, error: 135
#ERR  p: [1438, 1512], r: 1046145, e: -1190, error: 136
#ERR  p: [1438, 1513], r: 1046135, e: -1191, error: 137
#ERR  p: [1438, 1514], r: 1046125, e: -1201, error: 138
#ERR  p: [1438, 1515], r: 1046115, e: -1211, error: 139
#ERR  p: [1438, 1516], r: 1046105, e: -1220, error: 140
#ERR  p: [1438, 1517], r: 1046095, e: -1225, error: 141
#ERR  p: [1438, 1518], r: 1046085, e: -1226, error: 142
#ERR  p: [1438, 1519], r: 1046075, e: -1232, error: 143
#ERR  p: [1438, 1520], r: 1046065, e: -1239, error: 144
#ERR  p: [1438, 1521], r: 1046055, e: -1246, error: 145
#ERR  p: [1438, 1522], r: 1046045, e: -1256, error: 146
#ERR  p: [1438, 1523], r: 1046035, e: -1256, error: 147
#ERR  p: [1438, 1524], r: 1046025, e: -1250, error: 148
#ERR  p: [1438, 1525], r: 1046015, e: -1246, error: 149
#ERR  p: [1438, 1526], r: 1046005, e: -1251, error: 150
#ERR  p: [1438, 1527], r: 1045995, e: -1248, error: 151
#ERR  p: [1438, 1528], r: 1045985, e: -1258, error: 152
#ERR  p: [1438, 1529], r: 1045975, e: -1268, error: 153
#ERR  p: [1438, 1530], r: 1045965, e: -1276, error: 154
#ERR  p: [1438, 1531], r: 1045955, e: -1280, error: 155
#ERR  p: [1438, 1532], r: 1045945, e: -1284, error: 156
#ERR  p: [1438, 1533], r: 1045935, e: -1291, error: 157
#ERR  p: [1438, 1534], r: 1045925, e: -1295, error: 158
#ERR  p: [1438, 1535], r: 1045915, e: -1303, error: 159
#ERR  p: [1438, 1536], r: 1045905, e: -1302, error: 160
#ERR  p: [1438, 1537], r: 1045895, e: -1304, error: 161
#ERR  p: [1438, 1538], r: 1045885, e: -1297, error: 162
#ERR  p: [1438, 1539], r: 1045875, e: -1297, error: 163
#ERR  p: [1438, 1540], r: 1045865, e: -1297, error: 164
#ERR  p: [1438, 1541], r: 1045855, e: -1304, error: 165
#ERR  p: [1438, 1542], r: 1045845, e: -1303, error: 166
#ERR  p: [1438, 1543], r: 1045835, e: -1313, error: 167
#ERR  p: [1438, 1544], r: 1045825, e: -1309, error: 168
#ERR  p: [1438, 1545], r: 1045815, e: -1309, error: 169
#ERR  p: [1438, 1546], r: 1045805, e: -1311, error: 170
#ERR  p: [1438, 1547], r: 1045795, e: -1315, error: 171
#ERR  p: [1438, 1548], r: 1045785, e: -1323, error: 172
#ERR  p: [1438, 1549], r: 1045775, e: -1333, error: 173
#ERR  p: [1438, 1550], r: 1045765, e: -1341, error: 174
#ERR  p: [1438, 1551], r: 1045755, e: -1348, error: 175
#ERR  p: [1438, 1552], r: 1045745, e: -1352, error: 176
#ERR  p: [1438, 1553], r: 1045735, e: -1358, error: 177
#ERR  p: [1438, 1554], r: 1045725, e: -1352, error: 178
#ERR  p: [1438, 1555], r: 1045715, e: -1344, error: 179
#ERR  p: [1438, 1556], r: 1045705, e: -1335, error: 180
#ERR  p: [1438, 1557], r: 1045695, e: -1327, error: 181
#ERR  p: [1438, 1558], r: 1045685, e: -1337, error: 182
#ERR  p: [1438, 1559], r: 1045675, e: -1332, error: 183
#ERR  p: [1438, 1560], r: 1045665, e: -1340, error: 184
#ERR  p: [1438, 1561], r: 1045655, e: -1345, error: 185
#ERR  p: [1438, 1562], r: 1045645, e: -1348, error: 186
#ERR  p: [1438, 1563], r: 1045635, e: -1358, error: 187
#ERR  p: [1438, 1564], r: 1045625, e: -1362, error: 188
#ERR  p: [1438, 1565], r: 1045615, e: -1368, error: 189
#ERR  p: [1438, 1566], r: 1045605, e: -1375, error: 190
#ERR  p: [1438, 1567], r: 1045595, e: -1385, error: 191
#ERR  p: [1438, 1568], r: 1045585, e: -1393, error: 192
#ERR  p: [1438, 1569], r: 1045575, e: -1402, error: 193
#ERR  p: [1438, 1570], r: 1045565, e: -1412, error: 194
#ERR  p: [1438, 1571], r: 1045555, e: -1417, error: 195
#ERR  p: [1438, 1572], r: 1045545, e: -1427, error: 196
#ERR  p: [1438, 1573], r: 1045535, e: -1437, error: 197
#ERR  p: [1438, 1574], r: 1045525, e: -1444, error: 198
#ERR  p: [1438, 1575], r: 1045515, e: -1448, error: 199
#ERR  p: [1438, 1576], r: 1045505, e: -1452, error: 200
#ERR  p: [1438, 1577], r: 1045495, e: -1456, error: 201
#ERR  p: [1438, 1578], r: 1045485, e: -1454, error: 202
#ERR  p: [1438, 1579], r: 1045475, e: -1462, error: 203
#ERR  p: [1438, 1580], r: 1045465, e: -1458, error: 204
#ERR  p: [1438, 1581], r: 1045455, e: -1449, error: 205
#ERR  p: [1438, 1582], r: 1045445, e: -1442, error: 206
#ERR  p: [1438, 1583], r: 1045435, e: -1431, error: 207
#ERR  p: [1438, 1584], r: 1045425, e: -1419, error: 208
#ERR  p: [1438, 1585], r: 1045415, e: -1418, error: 209
#ERR  p: [1438, 1586], r: 1045405, e: -1428, error: 210
#ERR  p: [1438, 1587], r: 1045395, e: -1423, error: 211
#ERR  p: [1438, 1588], r: 1045385, e: -1413, error: 212
#ERR  p: [1438, 1589], r: 1045375, e: -1414, error: 213
#ERR  p: [1438, 1590], r: 1045365, e: -1419, error: 214
#ERR  p: [1438, 1591], r: 1045355, e: -1414, error: 215
#ERR  p: [1438, 1592], r: 1045345, e: -1417, error: 216
#ERR  p: [1438, 1593], r: 1045335, e: -1408, error: 217
#ERR  p: [1438, 1594], r: 1045325, e: -1416, error: 218
#ERR  p: [1438, 1595], r: 1045315, e: -1415, error: 219
#ERR  p: [1438, 1596], r: 1045305, e: -1425, error: 220
#ERR  p: [1438, 1597], r: 1045295, e: -1434, error: 221
#ERR  p: [1438, 1598], r: 1045285, e: -1444, error: 222
#ERR  p: [1438, 1599], r: 1045275, e: -1454, error: 223
#ERR  p: [1438, 1600], r: 1045265, e: -1464, error: 224
#ERR  p: [1438, 1601], r: 1045255, e: -1471, error: 225
#ERR  p: [1438, 1602], r: 1045245, e: -1481, error: 226
#ERR  p: [1438, 1603], r: 1045235, e: -1491, error: 227
#ERR  p: [1438, 1604], r: 1045225, e: -1501, error: 228
#ERR  p: [1438, 1605], r: 1045215, e: -1511, error: 229
#ERR  p: [1438, 1606], r: 1045205, e: -1521, error: 230
#ERR  p: [1438, 1607], r: 1045195, e: -1531, error: 231
#ERR  p: [1438, 1608], r: 1045185, e: -1541, error: 232
#ERR  p: [1438, 1609], r: 1045175, e: -1551, error: 233
#ERR  p: [1438, 1610], r: 1045165, e: -1561, error: 234
#ERR  p: [1438, 1611], r: 1045155, e: -1571, error: 235
#ERR  p: [1438, 1612], r: 1045145, e: -1581, error: 236
#ERR  p: [1438, 1613], r: 1045135, e: -1582, error: 237
#ERR  p: [1438, 1614], r: 1045125, e: -1592, error: 238
#ERR  p: [1438, 1615], r: 1045115, e: -1602, error: 239
#ERR  p: [1438, 1616], r: 1045105, e: -1612, error: 240
#ERR  p: [1438, 1617], r: 1045095, e: -1610, error: 241
#ERR  p: [1438, 1618], r: 1045085, e: -1617, error: 242
#ERR  p: [1438, 1619], r: 1045075, e: -1612, error: 243
#ERR  p: [1438, 1620], r: 1045065, e: -1617, error: 244
#ERR  p: [1438, 1621], r: 1045055, e: -1624, error: 245
#ERR  p: [1438, 1622], r: 1045045, e: -1634, error: 246
#ERR  p: [1438, 1623], r: 1045035, e: -1639, error: 247
#ERR  p: [1438, 1624], r: 1045025, e: -1649, error: 248
#ERR  p: [1438, 1625], r: 1045015, e: -1649, error: 249
#ERR  p: [1438, 1626], r: 1045005, e: -1656, error: 250
#ERR  p: [1438, 1627], r: 1044995, e: -1658, error: 251
#ERR  p: [1438, 1628], r: 1044985, e: -1664, error: 252
#ERR  p: [1438, 1629], r: 1044975, e: -1657, error: 253
#ERR  p: [1438, 1630], r: 1044965, e: -1648, error: 254
#ERR  p: [1438, 1631], r: 1044955, e: -1657, error: 255
#ERR  p: [1438, 1632], r: 1044945, e: -1649, error: 256
#ERR  p: [1438, 1633], r: 1044935, e: -1659, error: 257
#ERR  p: [1438, 1634], r: 1044925, e: -1669, error: 258
#ERR  p: [1438, 1635], r: 1044915, e: -1675, error: 259
#ERR  p: [1438, 1636], r: 1044905, e: -1674, error: 260
#ERR  p: [1438, 1637], r: 1044895, e: -1682, error: 261
#ERR  p: [1438, 1638], r: 1044885, e: -1692, error: 262
#ERR  p: [1438, 1639], r: 1044875, e: -1698, error: 263
#ERR  p: [1438, 1640], r: 1044865, e: -1707, error: 264
#ERR  p: [1438, 1641], r: 1044855, e: -1712, error: 265
#ERR  p: [1438, 1642], r: 1044845, e: -1722, error: 266
#ERR  p: [1438, 1643], r: 1044835, e: -1730, error: 267
#ERR  p: [1438, 1644], r: 1044825, e: -1728, error: 268
#ERR  p: [1438, 1645], r: 1044815, e: -1738, error: 269
#ERR  p: [1438, 1646], r: 1044805, e: -1736, error: 270
#ERR  p: [1438, 1647], r: 1044795, e: -1746, error: 271
#ERR  p: [1438, 1648], r: 1044785, e: -1744, error: 272
#ERR  p: [1438, 1649], r: 1044775, e: -1741, error: 273
#ERR  p: [1438, 1650], r: 1044765, e: -1742, error: 274
#ERR  p: [1438, 1651], r: 1044755, e: -1752, error: 275
#ERR  p: [1438, 1652], r: 1044745, e: -1762, error: 276
#ERR  p: [1438, 1653], r: 1044735, e: -1772, error: 277
#ERR  p: [1438, 1654], r: 1044725, e: -1781, error: 278
#ERR  p: [1438, 1655], r: 1044715, e: -1791, error: 279
#ERR  p: [1438, 1656], r: 1044705, e: -1798, error: 280
#ERR  p: [1438, 1657], r: 1044695, e: -1796, error: 281
#ERR  p: [1438, 1658], r: 1044685, e: -1806, error: 282
#ERR  p: [1438, 1659], r: 1044675, e: -1816, error: 283
#ERR  p: [1438, 1660], r: 1044665, e: -1826, error: 284
#ERR  p: [1438, 1661], r: 1044655, e: -1836, error: 285
#ERR  p: [1438, 1662], r: 1044645, e: -1846, error: 286
#ERR  p: [1438, 1663], r: 1044635, e: -1856, error: 287
#ERR  p: [1438, 1664], r: 1044625, e: -1865, error: 288
#ERR  p: [1438, 1665], r: 1044615, e: -1866, error: 289
#ERR  p: [1438, 1666], r: 1044605, e: -1861, error: 290
#ERR  p: [1438, 1667], r: 1044595, e: -1866, error: 291
#ERR  p: [1438, 1668], r: 1044585, e: -1876, error: 292
#ERR  p: [1438, 1669], r: 1044575, e: -1884, error: 293
#ERR  p: [1438, 1670], r: 1044565, e: -1894, error: 294
#ERR  p: [1438, 1671], r: 1044555, e: -1902, error: 295
#ERR  p: [1438, 1672], r: 1044545, e: -1904, error: 296
#ERR  p: [1438, 1673], r: 1044535, e: -1914, error: 297
#ERR  p: [1438, 1674], r: 1044525, e: -1924, error: 298
#ERR  p: [1438, 1675], r: 1044515, e: -1932, error: 299
#ERR  p: [1438, 1676], r: 1044505, e: -1931, error: 300
#ERR  p: [1438, 1677], r: 1044495, e: -1929, error: 301
#ERR  p: [1438, 1678], r: 1044485, e: -1937, error: 302
#ERR  p: [1438, 1679], r: 1044475, e: -1939, error: 303
#ERR  p: [1438, 1680], r: 1044465, e: -1949, error: 304
#ERR  p: [1438, 1681], r: 1044455, e: -1959, error: 305
#ERR  p: [1438, 1682], r: 1044445, e: -1968, error: 306
#ERR  p: [1438, 1683], r: 1044435, e: -1976, error: 307
#ERR  p: [1438, 1684], r: 1044425, e: -1985, error: 308
#ERR  p: [1438, 1685], r: 1044415, e: -1990, error: 309
#ERR  p: [1438, 1686], r: 1044405, e: -1994, error: 310
#ERR  p: [1438, 1687], r: 1044395, e: -1998, error: 311
#ERR  p: [1438, 1688], r: 1044385, e: -2006, error: 312
#ERR  p: [1438, 1689], r: 1044375, e: -2007, error: 313
#ERR  p: [1438, 1690], r: 1044365, e: -2017, error: 314
#ERR  p: [1438, 1691], r: 1044355, e: -2023, error: 315
#ERR  p: [1438, 1692], r: 1044345, e: -2032, error: 316
#ERR  p: [1438, 1693], r: 1044335, e: -2040, error: 317
#ERR  p: [1438, 1694], r: 1044325, e: -2049, error: 318
#ERR  p: [1438, 1695], r: 1044315, e: -2054, error: 319
#ERR  p: [1438, 1696], r: 1044305, e: -2059, error: 320
#ERR  p: [1438, 1697], r: 1044295, e: -2069, error: 321
#ERR  p: [1438, 1698], r: 1044285, e: -2071, error: 322
#ERR  p: [1438, 1699], r: 1044275, e: -2081, error: 323
#ERR  p: [1438, 1700], r: 1044265, e: -2091, error: 324
#ERR  p: [1438, 1701], r: 1044255, e: -2101, error: 325
#ERR  p: [1438, 1702], r: 1044245, e: -2102, error: 326
#ERR  p: [1438, 1703], r: 1044235, e: -2106, error: 327
#ERR  p: [1438, 1704], r: 1044225, e: -2109, error: 328
#ERR  p: [1438, 1705], r: 1044215, e: -2102, error: 329
#ERR  p: [1438, 1706], r: 1044205, e: -2110, error: 330
#ERR  p: [1438, 1707], r: 1044195, e: -2120, error: 331
#ERR  p: [1438, 1708], r: 1044185, e: -2130, error: 332
#ERR  p: [1438, 1709], r: 1044175, e: -2131, error: 333
#ERR  p: [1438, 1710], r: 1044165, e: -2132, error: 334
#ERR  p: [1438, 1711], r: 1044155, e: -2141, error: 335
#ERR  p: [1438, 1712], r: 1044145, e: -2147, error: 336
#ERR  p: [1438, 1713], r: 1044135, e: -2157, error: 337
#ERR  p: [1438, 1714], r: 1044125, e: -2167, error: 338
#ERR  p: [1438, 1715], r: 1044115, e: -2176, error: 339
#ERR  p: [1438, 1716], r: 1044105, e: -2183, error: 340
#ERR  p: [1438, 1717], r: 1044095, e: -2172, error: 341
#ERR  p: [1438, 1718], r: 1044085, e: -2182, error: 342
#ERR  p: [1438, 1719], r: 1044075, e: -2178, error: 343
#ERR  p: [1438, 1720], r: 1044065, e: -2188, error: 344
#ERR  p: [1438, 1721], r: 1044055, e: -2198, error: 345
#ERR  p: [1438, 1722], r: 1044045, e: -2193, error: 346
#ERR  p: [1438, 1723], r: 1044035, e: -2203, error: 347
#ERR  p: [1438, 1724], r: 1044025, e: -2213, error: 348
#ERR  p: [1438, 1725], r: 1044015, e: -2223, error: 349
#ERR  p: [1438, 1726], r: 1044005, e: -2233, error: 350
#ERR  p: [1438, 1727], r: 1043995, e: -2243, error: 351
#ERR  p: [1438, 1728], r: 1043985, e: -2253, error: 352
#ERR  p: [1438, 1729], r: 1043975, e: -2263, error: 353
#ERR  p: [1438, 1730], r: 1043965, e: -2273, error: 354
#ERR  p: [1438, 1731], r: 1043955, e: -2283, error: 355
#ERR  p: [1438, 1732], r: 1043945, e: -2287, error: 356
#ERR  p: [1438, 1733], r: 1043935, e: -2293, error: 357
#ERR  p: [1438, 1734], r: 1043925, e: -2303, error: 358
#ERR  p: [1438, 1735], r: 1043915, e: -2313, error: 359
#ERR  p: [1438, 1736], r: 1043905, e: -2323, error: 360
#ERR  p: [1438, 1737], r: 1043895, e: -2330, error: 361
#ERR  p: [1438, 1738], r: 1043885, e: -2339, error: 362
#ERR  p: [1438, 1739], r: 1043875, e: -2336, error: 363
#ERR  p: [1438, 1740], r: 1043865, e: -2346, error: 364
#ERR  p: [1438, 1741], r: 1043855, e: -2344, error: 365
#ERR  p: [1438, 1742], r: 1043845, e: -2344, error: 366
#ERR  p: [1438, 1743], r: 1043835, e: -2347, error: 367
#ERR  p: [1438, 1744], r: 1043825, e: -2354, error: 368
#ERR  p: [1438, 1745], r: 1043815, e: -2364, error: 369
#ERR  p: [1438, 1746], r: 1043805, e: -2374, error: 370
#ERR  p: [1438, 1747], r: 1043795, e: -2382, error: 371
#ERR  p: [1438, 1748], r: 1043785, e: -2382, error: 372
#ERR  p: [1438, 1749], r: 1043775, e: -2384, error: 373
#ERR  p: [1438, 1750], r: 1043765, e: -2394, error: 374
#ERR  p: [1438, 1751], r: 1043755, e: -2404, error: 375
#ERR  p: [1438, 1752], r: 1043745, e: -2413, error: 376
#ERR  p: [1438, 1753], r: 1043735, e: -2423, error: 377
#ERR  p: [1438, 1754], r: 1043725, e: -2433, error: 378
#ERR  p: [1438, 1755], r: 1043715, e: -2425, error: 379
#ERR  p: [1438, 1756], r: 1043705, e: -2435, error: 380
#ERR  p: [1438, 1757], r: 1043695, e: -2445, error: 381
#ERR  p: [1438, 1758], r: 1043685, e: -2455, error: 382
#ERR  p: [1438, 1759], r: 1043675, e: -2453, error: 383
#ERR  p: [1438, 1760], r: 1043665, e: -2463, error: 384
#ERR  p: [1438, 1761], r: 1043655, e: -2472, error: 385
#ERR  p: [1438, 1762], r: 1043645, e: -2481, error: 386
#ERR  p: [1438, 1763], r: 1043635, e: -2491, error: 387
#ERR  p: [1438, 1764], r: 1043625, e: -2499, error: 388
#ERR  p: [1438, 1765], r: 1043615, e: -2509, error: 389
#ERR  p: [1438, 1766], r: 1043605, e: -2517, error: 390
#ERR  p: [1438, 1767], r: 1043595, e: -2526, error: 391
#ERR  p: [1438, 1768], r: 1043585, e: -2536, error: 392
#ERR  p: [1438, 1769], r: 1043575, e: -2532, error: 393
#ERR  p: [1438, 1770], r: 1043565, e: -2542, error: 394
#ERR  p: [1438, 1771], r: 1043555, e: -2550, error: 395
#ERR  p: [1438, 1772], r: 1043545, e: -2552, error: 396
#ERR  p: [1438, 1773], r: 1043535, e: -2557, error: 397
#ERR  p: [1438, 1774], r: 1043525, e: -2563, error: 398
#ERR  p: [1438, 1775], r: 1043515, e: -2573, error: 399
#ERR  p: [1438, 1776], r: 1043505, e: -2581, error: 400
#ERR  p: [1438, 1777], r: 1043495, e: -2591, error: 401
#ERR  p: [1438, 1778], r: 1043485, e: -2586, error: 402
#ERR  p: [1438, 1779], r: 1043475, e: -2596, error: 403
#ERR  p: [1438, 1780], r: 1043465, e: -2606, error: 404
#ERR  p: [1438, 1781], r: 1043455, e: -2610, error: 405
#ERR  p: [1438, 1782], r: 1043445, e: -2592, error: 406
#ERR  p: [1438, 1783], r: 1043435, e: -2602, error: 407
#ERR  p: [1438, 1784], r: 1043425, e: -2612, error: 408
#ERR  p: [1438, 1785], r: 1043415, e: -2622, error: 409
#ERR  p: [1438, 1786], r: 1043405, e: -2632, error: 410
#ERR  p: [1438, 1787], r: 1043395, e: -2632, error: 411
#ERR  p: [1438, 1788], r: 1043385, e: -2642, error: 412
#ERR  p: [1438, 1789], r: 1043375, e: -2651, error: 413
#ERR  p: [1438, 1790], r: 1043365, e: -2661, error: 414
#ERR  p: [1438, 1791], r: 1043355, e: -2667, error: 415
#ERR  p: [1438, 1792], r: 1043345, e: -2677, error: 416
#ERR  p: [1438, 1793], r: 1043335, e: -2672, error: 417
#ERR  p: [1438, 1794], r: 1043325, e: -2673, error: 418
#ERR  p: [1438, 1795], r: 1043315, e: -2681, error: 419
#ERR  p: [1438, 1796], r: 1043305, e: -2691, error: 420
#ERR  p: [1438, 1797], r: 1043295, e: -2700, error: 421
#ERR  p: [1438, 1798], r: 1043285, e: -2710, error: 422
#ERR  p: [1438, 1799], r: 1043275, e: -2720, error: 423
#ERR  p: [1438, 1800], r: 1043265, e: -2725, error: 424
#ERR  p: [1438, 1801], r: 1043255, e: -2735, error: 425
#ERR  p: [1438, 1802], r: 1043245, e: -2732, error: 426
#ERR  p: [1438, 1803], r: 1043235, e: -2742, error: 427
#ERR  p: [1438, 1804], r: 1043225, e: -2748, error: 428
#ERR  p: [1438, 1805], r: 1043215, e: -2732, error: 429
#ERR  p: [1438, 1806], r: 1043205, e: -2723, error: 430
#ERR  p: [1438, 1807], r: 1043195, e: -2733, error: 431
#ERR  p: [1438, 1808], r: 1043185, e: -2743, error: 432
#ERR  p: [1438, 1809], r: 1043175, e: -2752, error: 433
#ERR  p: [1438, 1810], r: 1043165, e: -2762, error: 434
#ERR  p: [1438, 1811], r: 1043155, e: -2772, error: 435
#ERR  p: [1438, 1812], r: 1043145, e: -2782, error: 436
#ERR  p: [1438, 1813], r: 1043135, e: -2792, error: 437
#ERR  p: [1438, 1814], r: 1043125, e: -2802, error: 438
#ERR  p: [1438, 1815], r: 1043115, e: -2812, error: 439
#ERR  p: [1438, 1816], r: 1043105, e: -2821, error: 440
#ERR  p: [1438, 1817], r: 1043095, e: -2831, error: 441
#ERR  p: [1438, 1818], r: 1043085, e: -2840, error: 442
#ERR  p: [1438, 1819], r: 1043075, e: -2850, error: 443
#ERR  p: [1438, 1820], r: 1043065, e: -2860, error: 444
#ERR  p: [1438, 1821], r: 1043055, e: -2867, error: 445
#ERR  p: [1438, 1822], r: 1043045, e: -2874, error: 446
#ERR  p: [1438, 1823], r: 1043035, e: -2883, error: 447
#ERR  p: [1438, 1824], r: 1043025, e: -2883, error: 448
#ERR  p: [1438, 1825], r: 1043015, e: -2886, error: 449
#ERR  p: [1438, 1826], r: 1043005, e: -2881, error: 450
#ERR  p: [1438, 1827], r: 1042995, e: -2890, error: 451
#ERR  p: [1438, 1828], r: 1042985, e: -2900, error: 452
#ERR  p: [1438, 1829], r: 1042975, e: -2910, error: 453
#ERR  p: [1438, 1830], r: 1042965, e: -2920, error: 454
#ERR  p: [1438, 1831], r: 1042955, e: -2929, error: 455
#ERR  p: [1438, 1832], r: 1042945, e: -2936, error: 456
#ERR  p: [1438, 1833], r: 1042935, e: -2937, error: 457
#ERR  p: [1438, 1834], r: 1042925, e: -2947, error: 458
#ERR  p: [1438, 1835], r: 1042915, e: -2948, error: 459
#ERR  p: [1438, 1836], r: 1042905, e: -2955, error: 460
#ERR  p: [1438, 1837], r: 1042895, e: -2965, error: 461
#ERR  p: [1438, 1838], r: 1042885, e: -2968, error: 462
#ERR  p: [1438, 1839], r: 1042875, e: -2978, error: 463
#ERR  p: [1438, 1840], r: 1042865, e: -2986, error: 464
#ERR  p: [1438, 1841], r: 1042855, e: -2996, error: 465
#ERR  p: [1438, 1842], r: 1042845, e: -3006, error: 466
#ERR  p: [1438, 1843], r: 1042835, e: -3013, error: 467
#ERR  p: [1438, 1844], r: 1042825, e: -3018, error: 468
#ERR  p: [1438, 1845], r: 1042815, e: -3021, error: 469
#ERR  p: [1438, 1846], r: 1042805, e: -3020, error: 470
#ERR  p: [1438, 1847], r: 1042795, e: -3030, error: 471
#ERR  p: [1438, 1848], r: 1042785, e: -3040, error: 472
#ERR  p: [1438, 1849], r: 1042775, e: -3046, error: 473
#ERR  p: [1438, 1850], r: 1042765, e: -3053, error: 474
#ERR  p: [1438, 1851], r: 1042755, e: -3063, error: 475
#ERR  p: [1438, 1852], r: 1042745, e: -3057, error: 476
#ERR  p: [1438, 1853], r: 1042735, e: -3067, error: 477
#ERR  p: [1438, 1854], r: 1042725, e: -3077, error: 478
#ERR  p: [1438, 1855], r: 1042715, e: -3087, error: 479
#ERR  p: [1438, 1856], r: 1042705, e: -3097, error: 480
#ERR  p: [1438, 1857], r: 1042695, e: -3105, error: 481
#ERR  p: [1438, 1858], r: 1042685, e: -3101, error: 482
#ERR  p: [1438, 1859], r: 1042675, e: -3111, error: 483
#ERR  p: [1438, 1860], r: 1042665, e: -3121, error: 484
#ERR  p: [1438, 1861], r: 1042655, e: -3130, error: 485
#ERR  p: [1438, 1862], r: 1042645, e: -3140, error: 486
#ERR  p: [1438, 1863], r: 1042635, e: -3147, error: 487
#ERR  p: [1438, 1864], r: 1042625, e: -3157, error: 488
#ERR  p: [1438, 1865], r: 1042615, e: -3167, error: 489
#ERR  p: [1438, 1866], r: 1042605, e: -3177, error: 490
#ERR  p: [1438, 1867], r: 1042595, e: -3187, error: 491
#ERR  p: [1438, 1868], r: 1042585, e: -3197, error: 492
#ERR  p: [1438, 1869], r: 1042575, e: -3195, error: 493
#ERR  p: [1438, 1870], r: 1042565, e: -3199, error: 494
#ERR  p: [1438, 1871], r: 1042555, e: -3209, error: 495
#ERR  p: [1438, 1872], r: 1042545, e: -3204, error: 496
#ERR  p: [1438, 1873], r: 1042535, e: -3208, error: 497
#ERR  p: [1438, 1874], r: 1042525, e: -3216, error: 498
#ERR  p: [1438, 1875], r: 1042515, e: -3210, error: 499
#SDC Ite:0 KerTime:0.294774 AccTime:0.294774 KerErr:500 AccErr:500
#END