#HEADER max_rows:2048 max_cols:2048 penalty:10
#BEGIN Y:2016 M:09 D:12 Time:15:09:10
#IT Ite:0 KerTime:0.294876 AccTime:0.294876
#ERR Error detected! kerrors = 210724
#ERR  p: [1909, 532], r: 533355904, e: -12074, error: 1
#ERR  p: [1909, 533], r: 533355894, e: -12062, error: 2
#ERR  p: [1909, 534], r: 533355884, e: -12051, error: 3
#ERR  p: [1909, 535], r: 533355874, e: -12043, error: 4
#ERR  p: [1909, 536], r: 533355864, e: -12029, error: 5
#ERR  p: [1909, 537], r: 533355854, e: -12021, error: 6
#ERR  p: [1909, 538], r: 533355844, e: -12008, error: 7
#ERR  p: [1909, 539], r: 533355834, e: -11999, error: 8
#ERR  p: [1909, 540], r: 533355824, e: -11987, error: 9
#ERR  p: [1909, 541], r: 533355814, e: -11976, error: 10
#ERR  p: [1909, 542], r: 533355804, e: -11960, error: 11
#ERR  p: [1909, 543], r: 533355794, e: -11944, error: 12
#ERR  p: [1909, 544], r: 533355784, e: -11933, error: 13
#ERR  p: [1909, 545], r: 533355774, e: -11918, error: 14
#ERR  p: [1909, 546], r: 533355764, e: -11908, error: 15
#ERR  p: [1909, 547], r: 533355754, e: -11890, error: 16
#ERR  p: [1909, 548], r: 533355744, e: -11878, error: 17
#ERR  p: [1909, 549], r: 533355734, e: -11869, error: 18
#ERR  p: [1909, 550], r: 533355724, e: -11856, error: 19
#ERR  p: [1909, 551], r: 533355714, e: -11850, error: 20
#ERR  p: [1909, 552], r: 533355704, e: -11842, error: 21
#ERR  p: [1909, 553], r: 533355694, e: -11831, error: 22
#ERR  p: [1909, 554], r: 533355684, e: -11817, error: 23
#ERR  p: [1909, 555], r: 533355674, e: -11803, error: 24
#ERR  p: [1909, 556], r: 533355664, e: -11795, error: 25
#ERR  p: [1909, 557], r: 533355654, e: -11785, error: 26
#ERR  p: [1909, 558], r: 533355644, e: -11774, error: 27
#ERR  p: [1909, 559], r: 533355634, e: -11765, error: 28
#ERR  p: [1909, 560], r: 533355624, e: -11754, error: 29
#ERR  p: [1909, 561], r: 533355614, e: -11742, error: 30
#ERR  p: [1909, 562], r: 533355604, e: -11730, error: 31
#ERR  p: [1909, 563], r: 533355594, e: -11720, error: 32
#ERR  p: [1909, 564], r: 533355584, e: -11706, error: 33
#ERR  p: [1909, 565], r: 533355574, e: -11695, error: 34
#ERR  p: [1909, 566], r: 533355564, e: -11686, error: 35
#ERR  p: [1909, 567], r: 533355554, e: -11675, error: 36
#ERR  p: [1909, 568], r: 533355544, e: -11664, error: 37
#ERR  p: [1909, 569], r: 533355534, e: -11650, error: 38
#ERR  p: [1909, 570], r: 533355524, e: -11640, error: 39
#ERR  p: [1909, 571], r: 533355514, e: -11633, error: 40
#ERR  p: [1909, 572], r: 533355504, e: -11621, error: 41
#ERR  p: [1909, 573], r: 533355494, e: -11608, error: 42
#ERR  p: [1909, 574], r: 533355484, e: -11597, error: 43
#ERR  p: [1909, 575], r: 533355474, e: -11589, error: 44
#ERR  p: [1909, 576], r: 533355464, e: -11577, error: 45
#ERR  p: [1909, 577], r: 533355454, e: -11564, error: 46
#ERR  p: [1909, 578], r: 533355444, e: -11551, error: 47
#ERR  p: [1909, 579], r: 533355434, e: -11541, error: 48
#ERR  p: [1909, 580], r: 533355424, e: -11531, error: 49
#ERR  p: [1909, 581], r: 533355414, e: -11521, error: 50
#ERR  p: [1909, 582], r: 533355404, e: -11507, error: 51
#ERR  p: [1909, 583], r: 533355394, e: -11496, error: 52
#ERR  p: [1909, 584], r: 533355384, e: -11484, error: 53
#ERR  p: [1909, 585], r: 533355374, e: -11475, error: 54
#ERR  p: [1909, 586], r: 533355364, e: -11465, error: 55
#ERR  p: [1909, 587], r: 533355354, e: -11453, error: 56
#ERR  p: [1909, 588], r: 533355344, e: -11438, error: 57
#ERR  p: [1909, 589], r: 533355334, e: -11437, error: 58
#ERR  p: [1909, 590], r: 533355324, e: -11419, error: 59
#ERR  p: [1909, 591], r: 533355314, e: -11407, error: 60
#ERR  p: [1909, 592], r: 533355304, e: -11396, error: 61
#ERR  p: [1909, 593], r: 533355294, e: -11391, error: 62
#ERR  p: [1909, 594], r: 533355284, e: -11382, error: 63
#ERR  p: [1909, 595], r: 533355274, e: -11370, error: 64
#ERR  p: [1909, 596], r: 533355264, e: -11362, error: 65
#ERR  p: [1909, 597], r: 533355254, e: -11353, error: 66
#ERR  p: [1909, 598], r: 533355244, e: -11345, error: 67
#ERR  p: [1909, 599], r: 533355234, e: -11337, error: 68
#ERR  p: [1909, 600], r: 533355224, e: -11326, error: 69
#ERR  p: [1909, 601], r: 533355214, e: -11313, error: 70
#ERR  p: [1909, 602], r: 533355204, e: -11300, error: 71
#ERR  p: [1909, 603], r: 533355194, e: -11288, error: 72
#ERR  p: [1909, 604], r: 533355184, e: -11273, error: 73
#ERR  p: [1909, 605], r: 533355174, e: -11263, error: 74
#ERR  p: [1909, 606], r: 533355164, e: -11254, error: 75
#ERR  p: [1909, 607], r: 533355154, e: -11249, error: 76
#ERR  p: [1909, 608], r: 533355144, e: -11237, error: 77
#ERR  p: [1909, 609], r: 533355134, e: -11226, error: 78
#ERR  p: [1909, 610], r: 533355124, e: -11212, error: 79
#ERR  p: [1909, 611], r: 533355114, e: -11202, error: 80
#ERR  p: [1909, 612], r: 533355104, e: -11188, error: 81
#ERR  p: [1909, 613], r: 533355094, e: -11176, error: 82
#ERR  p: [1909, 614], r: 533355084, e: -11164, error: 83
#ERR  p: [1909, 615], r: 533355074, e: -11152, error: 84
#ERR  p: [1909, 616], r: 533355064, e: -11139, error: 85
#ERR  p: [1909, 617], r: 533355054, e: -11127, error: 86
#ERR  p: [1909, 618], r: 533355044, e: -11114, error: 87
#ERR  p: [1909, 619], r: 533355034, e: -11102, error: 88
#ERR  p: [1909, 620], r: 533355024, e: -11093, error: 89
#ERR  p: [1909, 621], r: 533355014, e: -11083, error: 90
#ERR  p: [1909, 622], r: 533355004, e: -11064, error: 91
#ERR  p: [1909, 623], r: 533354994, e: -11051, error: 92
#ERR  p: [1909, 624], r: 533354984, e: -11035, error: 93
#ERR  p: [1909, 625], r: 533354974, e: -11016, error: 94
#ERR  p: [1909, 626], r: 533354964, e: -11010, error: 95
#ERR  p: [1909, 627], r: 533354954, e: -11000, error: 96
#ERR  p: [1909, 628], r: 533354944, e: -10989, error: 97
#ERR  p: [1909, 629], r: 533354934, e: -10976, error: 98
#ERR  p: [1909, 630], r: 533354924, e: -10967, error: 99
#ERR  p: [1909, 631], r: 533354914, e: -10958, error: 100
#ERR  p: [1909, 632], r: 533354904, e: -10946, error: 101
#ERR  p: [1909, 633], r: 533354894, e: -10942, error: 102
#ERR  p: [1909, 634], r: 533354884, e: -10932, error: 103
#ERR  p: [1909, 635], r: 533354874, e: -10917, error: 104
#ERR  p: [1909, 636], r: 533354864, e: -10909, error: 105
#ERR  p: [1909, 637], r: 533354854, e: -10897, error: 106
#ERR  p: [1909, 638], r: 533354844, e: -10888, error: 107
#ERR  p: [1909, 639], r: 533354834, e: -10879, error: 108
#ERR  p: [1909, 640], r: 533354824, e: -10864, error: 109
#ERR  p: [1909, 641], r: 533354814, e: -10855, error: 110
#ERR  p: [1909, 642], r: 533354804, e: -10844, error: 111
#ERR  p: [1909, 643], r: 533354794, e: -10836, error: 112
#ERR  p: [1909, 644], r: 533354784, e: -10824, error: 113
#ERR  p: [1909, 645], r: 533354774, e: -10809, error: 114
#ERR  p: [1909, 646], r: 533354764, e: -10800, error: 115
#ERR  p: [1909, 647], r: 533354754, e: -10789, error: 116
#ERR  p: [1909, 648], r: 533354744, e: -10781, error: 117
#ERR  p: [1909, 649], r: 533354734, e: -10766, error: 118
#ERR  p: [1909, 650], r: 533354724, e: -10756, error: 119
#ERR  p: [1909, 651], r: 533354714, e: -10741, error: 120
#ERR  p: [1909, 652], r: 533354704, e: -10730, error: 121
#ERR  p: [1909, 653], r: 533354694, e: -10722, error: 122
#ERR  p: [1909, 654], r: 533354684, e: -10709, error: 123
#ERR  p: [1909, 655], r: 533354674, e: -10698, error: 124
#ERR  p: [1909, 656], r: 533354664, e: -10686, error: 125
#ERR  p: [1909, 657], r: 533354654, e: -10678, error: 126
#ERR  p: [1909, 658], r: 533354644, e: -10663, error: 127
#ERR  p: [1909, 659], r: 533354634, e: -10651, error: 128
#ERR  p: [1909, 660], r: 533354624, e: -10640, error: 129
#ERR  p: [1909, 661], r: 533354614, e: -10622, error: 130
#ERR  p: [1909, 662], r: 533354604, e: -10610, error: 131
#ERR  p: [1909, 663], r: 533354594, e: -10600, error: 132
#ERR  p: [1909, 664], r: 533354584, e: -10591, error: 133
#ERR  p: [1909, 665], r: 533354574, e: -10582, error: 134
#ERR  p: [1909, 666], r: 533354564, e: -10572, error: 135
#ERR  p: [1909, 667], r: 533354554, e: -10562, error: 136
#ERR  p: [1909, 668], r: 533354544, e: -10551, error: 137
#ERR  p: [1909, 669], r: 533354534, e: -10537, error: 138
#ERR  p: [1909, 670], r: 533354524, e: -10527, error: 139
#ERR  p: [1909, 671], r: 533354514, e: -10515, error: 140
#ERR  p: [1909, 672], r: 533354504, e: -10504, error: 141
#ERR  p: [1909, 673], r: 533354494, e: -10492, error: 142
#ERR  p: [1909, 674], r: 533354484, e: -10483, error: 143
#ERR  p: [1909, 675], r: 533354474, e: -10472, error: 144
#ERR  p: [1909, 676], r: 533354464, e: -10457, error: 145
#ERR  p: [1909, 677], r: 533354454, e: -10448, error: 146
#ERR  p: [1909, 678], r: 533354444, e: -10439, error: 147
#ERR  p: [1909, 679], r: 533354434, e: -10427, error: 148
#ERR  p: [1909, 680], r: 533354424, e: -10417, error: 149
#ERR  p: [1909, 681], r: 533354414, e: -10398, error: 150
#ERR  p: [1909, 682], r: 533354404, e: -10382, error: 151
#ERR  p: [1909, 683], r: 533354394, e: -10371, error: 152
#ERR  p: [1909, 684], r: 533354384, e: -10357, error: 153
#ERR  p: [1909, 685], r: 533354374, e: -10348, error: 154
#ERR  p: [1909, 686], r: 533354364, e: -10341, error: 155
#ERR  p: [1909, 687], r: 533354354, e: -10331, error: 156
#ERR  p: [1909, 688], r: 533354344, e: -10318, error: 157
#ERR  p: [1909, 689], r: 533354334, e: -10311, error: 158
#ERR  p: [1909, 690], r: 533354324, e: -10298, error: 159
#ERR  p: [1909, 691], r: 533354314, e: -10286, error: 160
#ERR  p: [1909, 692], r: 533354304, e: -10279, error: 161
#ERR  p: [1909, 693], r: 533354294, e: -10267, error: 162
#ERR  p: [1909, 694], r: 533354284, e: -10260, error: 163
#ERR  p: [1909, 695], r: 533354274, e: -10251, error: 164
#ERR  p: [1909, 696], r: 533354264, e: -10242, error: 165
#ERR  p: [1909, 697], r: 533354254, e: -10233, error: 166
#ERR  p: [1909, 698], r: 533354244, e: -10226, error: 167
#ERR  p: [1909, 699], r: 533354234, e: -10219, error: 168
#ERR  p: [1909, 700], r: 533354224, e: -10210, error: 169
#ERR  p: [1909, 701], r: 533354214, e: -10197, error: 170
#ERR  p: [1909, 702], r: 533354204, e: -10186, error: 171
#ERR  p: [1909, 703], r: 533354194, e: -10172, error: 172
#ERR  p: [1909, 704], r: 533354184, e: -10158, error: 173
#ERR  p: [1909, 705], r: 533354174, e: -10147, error: 174
#ERR  p: [1909, 706], r: 533354164, e: -10134, error: 175
#ERR  p: [1909, 707], r: 533354154, e: -10124, error: 176
#ERR  p: [1909, 708], r: 533354144, e: -10117, error: 177
#ERR  p: [1909, 709], r: 533354134, e: -10113, error: 178
#ERR  p: [1909, 710], r: 533354124, e: -10102, error: 179
#ERR  p: [1909, 711], r: 533354114, e: -10091, error: 180
#ERR  p: [1909, 712], r: 533354104, e: -10075, error: 181
#ERR  p: [1909, 713], r: 533354094, e: -10060, error: 182
#ERR  p: [1909, 714], r: 533354084, e: -10054, error: 183
#ERR  p: [1909, 715], r: 533354074, e: -10044, error: 184
#ERR  p: [1909, 716], r: 533354064, e: -10035, error: 185
#ERR  p: [1909, 717], r: 533354054, e: -10033, error: 186
#ERR  p: [1909, 718], r: 533354044, e: -10024, error: 187
#ERR  p: [1909, 719], r: 533354034, e: -10012, error: 188
#ERR  p: [1909, 720], r: 533354024, e: -10002, error: 189
#ERR  p: [1909, 721], r: 533354014, e: -9993, error: 190
#ERR  p: [1909, 722], r: 533354004, e: -9978, error: 191
#ERR  p: [1909, 723], r: 533353994, e: -9968, error: 192
#ERR  p: [1909, 724], r: 533353984, e: -9959, error: 193
#ERR  p: [1909, 725], r: 533353974, e: -9948, error: 194
#ERR  p: [1909, 726], r: 533353964, e: -9938, error: 195
#ERR  p: [1909, 727], r: 533353954, e: -9939, error: 196
#ERR  p: [1909, 728], r: 533353944, e: -9929, error: 197
#ERR  p: [1909, 729], r: 533353934, e: -9917, error: 198
#ERR  p: [1909, 730], r: 533353924, e: -9906, error: 199
#ERR  p: [1909, 731], r: 533353914, e: -9895, error: 200
#ERR  p: [1909, 732], r: 533353904, e: -9887, error: 201
#ERR  p: [1909, 733], r: 533353894, e: -9880, error: 202
#ERR  p: [1909, 734], r: 533353884, e: -9866, error: 203
#ERR  p: [1909, 735], r: 533353874, e: -9859, error: 204
#ERR  p: [1909, 736], r: 533353864, e: -9855, error: 205
#ERR  p: [1909, 737], r: 533353854, e: -9844, error: 206
#ERR  p: [1909, 738], r: 533353844, e: -9831, error: 207
#ERR  p: [1909, 739], r: 533353834, e: -9823, error: 208
#ERR  p: [1909, 740], r: 533353824, e: -9813, error: 209
#ERR  p: [1909, 741], r: 533353814, e: -9804, error: 210
#ERR  p: [1909, 742], r: 533353804, e: -9792, error: 211
#ERR  p: [1909, 743], r: 533353794, e: -9786, error: 212
#ERR  p: [1909, 744], r: 533353784, e: -9772, error: 213
#ERR  p: [1909, 745], r: 533353774, e: -9763, error: 214
#ERR  p: [1909, 746], r: 533353764, e: -9758, error: 215
#ERR  p: [1909, 747], r: 533353754, e: -9748, error: 216
#ERR  p: [1909, 748], r: 533353744, e: -9737, error: 217
#ERR  p: [1909, 749], r: 533353734, e: -9726, error: 218
#ERR  p: [1909, 750], r: 533353724, e: -9713, error: 219
#ERR  p: [1909, 751], r: 533353714, e: -9697, error: 220
#ERR  p: [1909, 752], r: 533353704, e: -9683, error: 221
#ERR  p: [1909, 753], r: 533353694, e: -9672, error: 222
#ERR  p: [1909, 754], r: 533353684, e: -9660, error: 223
#ERR  p: [1909, 755], r: 533353674, e: -9651, error: 224
#ERR  p: [1909, 756], r: 533353664, e: -9645, error: 225
#ERR  p: [1909, 757], r: 533353654, e: -9632, error: 226
#ERR  p: [1909, 758], r: 533353644, e: -9618, error: 227
#ERR  p: [1909, 759], r: 533353634, e: -9611, error: 228
#ERR  p: [1909, 760], r: 533353624, e: -9600, error: 229
#ERR  p: [1909, 761], r: 533353614, e: -9591, error: 230
#ERR  p: [1909, 762], r: 533353604, e: -9578, error: 231
#ERR  p: [1909, 763], r: 533353594, e: -9566, error: 232
#ERR  p: [1909, 764], r: 533353584, e: -9551, error: 233
#ERR  p: [1909, 765], r: 533353574, e: -9532, error: 234
#ERR  p: [1909, 766], r: 533353564, e: -9520, error: 235
#ERR  p: [1909, 767], r: 533353554, e: -9509, error: 236
#ERR  p: [1909, 768], r: 533353544, e: -9505, error: 237
#ERR  p: [1909, 769], r: 533353534, e: -9495, error: 238
#ERR  p: [1909, 770], r: 533353524, e: -9491, error: 239
#ERR  p: [1909, 771], r: 533353514, e: -9481, error: 240
#ERR  p: [1909, 772], r: 533353504, e: -9475, error: 241
#ERR  p: [1909, 773], r: 533353494, e: -9460, error: 242
#ERR  p: [1909, 774], r: 533353484, e: -9449, error: 243
#ERR  p: [1909, 775], r: 533353474, e: -9439, error: 244
#ERR  p: [1909, 776], r: 533353464, e: -9427, error: 245
#ERR  p: [1909, 777], r: 533353454, e: -9421, error: 246
#ERR  p: [1909, 778], r: 533353444, e: -9411, error: 247
#ERR  p: [1909, 779], r: 533353434, e: -9401, error: 248
#ERR  p: [1909, 780], r: 533353424, e: -9388, error: 249
#ERR  p: [1909, 781], r: 533353414, e: -9381, error: 250
#ERR  p: [1909, 782], r: 533353404, e: -9373, error: 251
#ERR  p: [1909, 783], r: 533353394, e: -9366, error: 252
#ERR  p: [1909, 784], r: 533353384, e: -9353, error: 253
#ERR  p: [1909, 785], r: 533353374, e: -9343, error: 254
#ERR  p: [1909, 786], r: 533353364, e: -9332, error: 255
#ERR  p: [1909, 787], r: 533353354, e: -9325, error: 256
#ERR  p: [1909, 788], r: 533353344, e: -9309, error: 257
#ERR  p: [1909, 789], r: 533353334, e: -9293, error: 258
#ERR  p: [1909, 790], r: 533353324, e: -9274, error: 259
#ERR  p: [1909, 791], r: 533353314, e: -9263, error: 260
#ERR  p: [1909, 792], r: 533353304, e: -9250, error: 261
#ERR  p: [1909, 793], r: 533353294, e: -9240, error: 262
#ERR  p: [1909, 794], r: 533353284, e: -9229, error: 263
#ERR  p: [1909, 795], r: 533353274, e: -9213, error: 264
#ERR  p: [1909, 796], r: 533353264, e: -9202, error: 265
#ERR  p: [1909, 797], r: 533353254, e: -9193, error: 266
#ERR  p: [1909, 798], r: 533353244, e: -9179, error: 267
#ERR  p: [1909, 799], r: 533353234, e: -9167, error: 268
#ERR  p: [1909, 800], r: 533353224, e: -9164, error: 269
#ERR  p: [1909, 801], r: 533353214, e: -9160, error: 270
#ERR  p: [1909, 802], r: 533353204, e: -9148, error: 271
#ERR  p: [1909, 803], r: 533353194, e: -9137, error: 272
#ERR  p: [1909, 804], r: 533353184, e: -9129, error: 273
#ERR  p: [1909, 805], r: 533353174, e: -9119, error: 274
#ERR  p: [1909, 806], r: 533353164, e: -9110, error: 275
#ERR  p: [1909, 807], r: 533353154, e: -9101, error: 276
#ERR  p: [1909, 808], r: 533353144, e: -9090, error: 277
#ERR  p: [1909, 809], r: 533353134, e: -9092, error: 278
#ERR  p: [1909, 810], r: 533353124, e: -9083, error: 279
#ERR  p: [1909, 811], r: 533353114, e: -9073, error: 280
#ERR  p: [1909, 812], r: 533353104, e: -9061, error: 281
#ERR  p: [1909, 813], r: 533353094, e: -9051, error: 282
#ERR  p: [1909, 814], r: 533353084, e: -9041, error: 283
#ERR  p: [1909, 815], r: 533353074, e: -9029, error: 284
#ERR  p: [1909, 816], r: 533353064, e: -9020, error: 285
#ERR  p: [1909, 817], r: 533353054, e: -9012, error: 286
#ERR  p: [1909, 818], r: 533353044, e: -9004, error: 287
#ERR  p: [1909, 819], r: 533353034, e: -8993, error: 288
#ERR  p: [1909, 820], r: 533353024, e: -8982, error: 289
#ERR  p: [1909, 821], r: 533353014, e: -8973, error: 290
#ERR  p: [1909, 822], r: 533353004, e: -8956, error: 291
#ERR  p: [1909, 823], r: 533352994, e: -8944, error: 292
#ERR  p: [1909, 824], r: 533352984, e: -8931, error: 293
#ERR  p: [1909, 825], r: 533352974, e: -8928, error: 294
#ERR  p: [1909, 826], r: 533352964, e: -8919, error: 295
#ERR  p: [1909, 827], r: 533352954, e: -8908, error: 296
#ERR  p: [1909, 828], r: 533352944, e: -8899, error: 297
#ERR  p: [1909, 829], r: 533352934, e: -8887, error: 298
#ERR  p: [1909, 830], r: 533352924, e: -8879, error: 299
#ERR  p: [1909, 831], r: 533352914, e: -8868, error: 300
#ERR  p: [1909, 832], r: 533352904, e: -8859, error: 301
#ERR  p: [1909, 833], r: 533352894, e: -8849, error: 302
#ERR  p: [1909, 834], r: 533352884, e: -8840, error: 303
#ERR  p: [1909, 835], r: 533352874, e: -8831, error: 304
#ERR  p: [1909, 836], r: 533352864, e: -8822, error: 305
#ERR  p: [1909, 837], r: 533352854, e: -8808, error: 306
#ERR  p: [1909, 838], r: 533352844, e: -8797, error: 307
#ERR  p: [1909, 839], r: 533352834, e: -8785, error: 308
#ERR  p: [1909, 840], r: 533352824, e: -8775, error: 309
#ERR  p: [1909, 841], r: 533352814, e: -8766, error: 310
#ERR  p: [1909, 842], r: 533352804, e: -8757, error: 311
#ERR  p: [1909, 843], r: 533352794, e: -8749, error: 312
#ERR  p: [1909, 844], r: 533352784, e: -8742, error: 313
#ERR  p: [1909, 845], r: 533352774, e: -8733, error: 314
#ERR  p: [1909, 846], r: 533352764, e: -8717, error: 315
#ERR  p: [1909, 847], r: 533352754, e: -8704, error: 316
#ERR  p: [1909, 848], r: 533352744, e: -8697, error: 317
#ERR  p: [1909, 849], r: 533352734, e: -8688, error: 318
#ERR  p: [1909, 850], r: 533352724, e: -8683, error: 319
#ERR  p: [1909, 851], r: 533352714, e: -8674, error: 320
#ERR  p: [1909, 852], r: 533352704, e: -8665, error: 321
#ERR  p: [1909, 853], r: 533352694, e: -8658, error: 322
#ERR  p: [1909, 854], r: 533352684, e: -8650, error: 323
#ERR  p: [1909, 855], r: 533352674, e: -8641, error: 324
#ERR  p: [1909, 856], r: 533352664, e: -8632, error: 325
#ERR  p: [1909, 857], r: 533352654, e: -8627, error: 326
#ERR  p: [1909, 858], r: 533352644, e: -8619, error: 327
#ERR  p: [1909, 859], r: 533352634, e: -8609, error: 328
#ERR  p: [1909, 860], r: 533352624, e: -8597, error: 329
#ERR  p: [1909, 861], r: 533352614, e: -8590, error: 330
#ERR  p: [1909, 862], r: 533352604, e: -8578, error: 331
#ERR  p: [1909, 863], r: 533352594, e: -8569, error: 332
#ERR  p: [1909, 864], r: 533352584, e: -8559, error: 333
#ERR  p: [1909, 865], r: 533352574, e: -8554, error: 334
#ERR  p: [1909, 866], r: 533352564, e: -8548, error: 335
#ERR  p: [1909, 867], r: 533352554, e: -8537, error: 336
#ERR  p: [1909, 868], r: 533352544, e: -8525, error: 337
#ERR  p: [1909, 869], r: 533352534, e: -8512, error: 338
#ERR  p: [1909, 870], r: 533352524, e: -8497, error: 339
#ERR  p: [1909, 871], r: 533352514, e: -8485, error: 340
#ERR  p: [1909, 872], r: 533352504, e: -8475, error: 341
#ERR  p: [1909, 873], r: 533352494, e: -8470, error: 342
#ERR  p: [1909, 874], r: 533352484, e: -8460, error: 343
#ERR  p: [1909, 875], r: 533352474, e: -8460, error: 344
#ERR  p: [1909, 876], r: 533352464, e: -8451, error: 345
#ERR  p: [1909, 877], r: 533352454, e: -8443, error: 346
#ERR  p: [1909, 878], r: 533352444, e: -8432, error: 347
#ERR  p: [1909, 879], r: 533352434, e: -8421, error: 348
#ERR  p: [1909, 880], r: 533352424, e: -8413, error: 349
#ERR  p: [1909, 881], r: 533352414, e: -8402, error: 350
#ERR  p: [1909, 882], r: 533352404, e: -8394, error: 351
#ERR  p: [1909, 883], r: 533352394, e: -8385, error: 352
#ERR  p: [1909, 884], r: 533352384, e: -8377, error: 353
#ERR  p: [1909, 885], r: 533352374, e: -8364, error: 354
#ERR  p: [1909, 886], r: 533352364, e: -8361, error: 355
#ERR  p: [1909, 887], r: 533352354, e: -8351, error: 356
#ERR  p: [1909, 888], r: 533352344, e: -8340, error: 357
#ERR  p: [1909, 889], r: 533352334, e: -8328, error: 358
#ERR  p: [1909, 890], r: 533352324, e: -8316, error: 359
#ERR  p: [1909, 891], r: 533352314, e: -8306, error: 360
#ERR  p: [1909, 892], r: 533352304, e: -8297, error: 361
#ERR  p: [1909, 893], r: 533352294, e: -8286, error: 362
#ERR  p: [1909, 894], r: 533352284, e: -8274, error: 363
#ERR  p: [1909, 895], r: 533352274, e: -8265, error: 364
#ERR  p: [1909, 896], r: 533352264, e: -8257, error: 365
#ERR  p: [1909, 897], r: 533352254, e: -8243, error: 366
#ERR  p: [1909, 898], r: 533352244, e: -8234, error: 367
#ERR  p: [1909, 899], r: 533352234, e: -8221, error: 368
#ERR  p: [1909, 900], r: 533352224, e: -8213, error: 369
#ERR  p: [1909, 901], r: 533352214, e: -8198, error: 370
#ERR  p: [1909, 902], r: 533352204, e: -8193, error: 371
#ERR  p: [1909, 903], r: 533352194, e: -8184, error: 372
#ERR  p: [1909, 904], r: 533352184, e: -8172, error: 373
#ERR  p: [1909, 905], r: 533352174, e: -8166, error: 374
#ERR  p: [1909, 906], r: 533352164, e: -8158, error: 375
#ERR  p: [1909, 907], r: 533352154, e: -8153, error: 376
#ERR  p: [1909, 908], r: 533352144, e: -8145, error: 377
#ERR  p: [1909, 909], r: 533352134, e: -8141, error: 378
#ERR  p: [1909, 910], r: 533352124, e: -8127, error: 379
#ERR  p: [1909, 911], r: 533352114, e: -8117, error: 380
#ERR  p: [1909, 912], r: 533352104, e: -8112, error: 381
#ERR  p: [1909, 913], r: 533352094, e: -8100, error: 382
#ERR  p: [1909, 914], r: 533352084, e: -8087, error: 383
#ERR  p: [1909, 915], r: 533352074, e: -8077, error: 384
#ERR  p: [1909, 916], r: 533352064, e: -8066, error: 385
#ERR  p: [1909, 917], r: 533352054, e: -8055, error: 386
#ERR  p: [1909, 918], r: 533352044, e: -8044, error: 387
#ERR  p: [1909, 919], r: 533352034, e: -8035, error: 388
#ERR  p: [1909, 920], r: 533352024, e: -8022, error: 389
#ERR  p: [1909, 921], r: 533352014, e: -8010, error: 390
#ERR  p: [1909, 922], r: 533352004, e: -7994, error: 391
#ERR  p: [1909, 923], r: 533351994, e: -7984, error: 392
#ERR  p: [1909, 924], r: 533351984, e: -7972, error: 393
#ERR  p: [1909, 925], r: 533351974, e: -7960, error: 394
#ERR  p: [1909, 926], r: 533351964, e: -7950, error: 395
#ERR  p: [1909, 927], r: 533351954, e: -7937, error: 396
#ERR  p: [1909, 928], r: 533351944, e: -7929, error: 397
#ERR  p: [1909, 929], r: 533351934, e: -7918, error: 398
#ERR  p: [1909, 930], r: 533351924, e: -7908, error: 399
#ERR  p: [1909, 931], r: 533351914, e: -7897, error: 400
#ERR  p: [1909, 932], r: 533351904, e: -7887, error: 401
#ERR  p: [1909, 933], r: 533351894, e: -7880, error: 402
#ERR  p: [1909, 934], r: 533351884, e: -7874, error: 403
#ERR  p: [1909, 935], r: 533351874, e: -7865, error: 404
#ERR  p: [1909, 936], r: 533351864, e: -7851, error: 405
#ERR  p: [1909, 937], r: 533351854, e: -7847, error: 406
#ERR  p: [1909, 938], r: 533351844, e: -7837, error: 407
#ERR  p: [1909, 939], r: 533351834, e: -7822, error: 408
#ERR  p: [1909, 940], r: 533351824, e: -7824, error: 409
#ERR  p: [1909, 941], r: 533351814, e: -7816, error: 410
#ERR  p: [1909, 942], r: 533351804, e: -7803, error: 411
#ERR  p: [1909, 943], r: 533351794, e: -7794, error: 412
#ERR  p: [1909, 944], r: 533351784, e: -7783, error: 413
#ERR  p: [1909, 945], r: 533351774, e: -7778, error: 414
#ERR  p: [1909, 946], r: 533351764, e: -7767, error: 415
#ERR  p: [1909, 947], r: 533351754, e: -7757, error: 416
#ERR  p: [1909, 948], r: 533351744, e: -7746, error: 417
#ERR  p: [1909, 949], r: 533351734, e: -7735, error: 418
#ERR  p: [1909, 950], r: 533351724, e: -7723, error: 419
#ERR  p: [1909, 951], r: 533351714, e: -7718, error: 420
#ERR  p: [1909, 952], r: 533351704, e: -7709, error: 421
#ERR  p: [1909, 953], r: 533351694, e: -7696, error: 422
#ERR  p: [1909, 954], r: 533351684, e: -7687, error: 423
#ERR  p: [1909, 955], r: 533351674, e: -7679, error: 424
#ERR  p: [1909, 956], r: 533351664, e: -7670, error: 425
#ERR  p: [1909, 957], r: 533351654, e: -7665, error: 426
#ERR  p: [1909, 958], r: 533351644, e: -7652, error: 427
#ERR  p: [1909, 959], r: 533351634, e: -7650, error: 428
#ERR  p: [1909, 960], r: 533351624, e: -7640, error: 429
#ERR  p: [1909, 961], r: 533351614, e: -7634, error: 430
#ERR  p: [1909, 962], r: 533351604, e: -7626, error: 431
#ERR  p: [1909, 963], r: 533351594, e: -7616, error: 432
#ERR  p: [1909, 964], r: 533351584, e: -7610, error: 433
#ERR  p: [1909, 965], r: 533351574, e: -7594, error: 434
#ERR  p: [1909, 966], r: 533351564, e: -7583, error: 435
#ERR  p: [1909, 967], r: 533351554, e: -7574, error: 436
#ERR  p: [1909, 968], r: 533351544, e: -7565, error: 437
#ERR  p: [1909, 969], r: 533351534, e: -7561, error: 438
#ERR  p: [1909, 970], r: 533351524, e: -7550, error: 439
#ERR  p: [1909, 971], r: 533351514, e: -7537, error: 440
#ERR  p: [1909, 972], r: 533351504, e: -7526, error: 441
#ERR  p: [1909, 973], r: 533351494, e: -7516, error: 442
#ERR  p: [1909, 974], r: 533351484, e: -7507, error: 443
#ERR  p: [1909, 975], r: 533351474, e: -7496, error: 444
#ERR  p: [1909, 976], r: 533351464, e: -7486, error: 445
#ERR  p: [1909, 977], r: 533351454, e: -7481, error: 446
#ERR  p: [1909, 978], r: 533351444, e: -7474, error: 447
#ERR  p: [1909, 979], r: 533351434, e: -7467, error: 448
#ERR  p: [1909, 980], r: 533351424, e: -7464, error: 449
#ERR  p: [1909, 981], r: 533351414, e: -7454, error: 450
#ERR  p: [1909, 982], r: 533351404, e: -7443, error: 451
#ERR  p: [1909, 983], r: 533351394, e: -7430, error: 452
#ERR  p: [1909, 984], r: 533351384, e: -7424, error: 453
#ERR  p: [1909, 985], r: 533351374, e: -7411, error: 454
#ERR  p: [1909, 986], r: 533351364, e: -7402, error: 455
#ERR  p: [1909, 987], r: 533351354, e: -7393, error: 456
#ERR  p: [1909, 988], r: 533351344, e: -7384, error: 457
#ERR  p: [1909, 989], r: 533351334, e: -7375, error: 458
#ERR  p: [1909, 990], r: 533351324, e: -7369, error: 459
#ERR  p: [1909, 991], r: 533351314, e: -7359, error: 460
#ERR  p: [1909, 992], r: 533351304, e: -7357, error: 461
#ERR  p: [1909, 993], r: 533351294, e: -7340, error: 462
#ERR  p: [1909, 994], r: 533351284, e: -7328, error: 463
#ERR  p: [1909, 995], r: 533351274, e: -7318, error: 464
#ERR  p: [1909, 996], r: 533351264, e: -7306, error: 465
#ERR  p: [1909, 997], r: 533351254, e: -7293, error: 466
#ERR  p: [1909, 998], r: 533351244, e: -7284, error: 467
#ERR  p: [1909, 999], r: 533351234, e: -7272, error: 468
#ERR  p: [1909, 1000], r: 533351224, e: -7263, error: 469
#ERR  p: [1909, 1001], r: 533351214, e: -7258, error: 470
#ERR  p: [1909, 1002], r: 533351204, e: -7255, error: 471
#ERR  p: [1909, 1003], r: 533351194, e: -7238, error: 472
#ERR  p: [1909, 1004], r: 533351184, e: -7223, error: 473
#ERR  p: [1909, 1005], r: 533351174, e: -7213, error: 474
#ERR  p: [1909, 1006], r: 533351164, e: -7204, error: 475
#ERR  p: [1909, 1007], r: 533351154, e: -7193, error: 476
#ERR  p: [1909, 1008], r: 533351144, e: -7184, error: 477
#ERR  p: [1909, 1009], r: 533351134, e: -7179, error: 478
#ERR  p: [1909, 1010], r: 533351124, e: -7167, error: 479
#ERR  p: [1909, 1011], r: 533351114, e: -7156, error: 480
#ERR  p: [1909, 1012], r: 533351104, e: -7148, error: 481
#ERR  p: [1909, 1013], r: 533351094, e: -7137, error: 482
#ERR  p: [1909, 1014], r: 533351084, e: -7124, error: 483
#ERR  p: [1909, 1015], r: 533351074, e: -7114, error: 484
#ERR  p: [1909, 1016], r: 533351064, e: -7105, error: 485
#ERR  p: [1909, 1017], r: 533351054, e: -7094, error: 486
#ERR  p: [1909, 1018], r: 533351044, e: -7084, error: 487
#ERR  p: [1909, 1019], r: 533351034, e: -7074, error: 488
#ERR  p: [1909, 1020], r: 533351024, e: -7066, error: 489
#ERR  p: [1909, 1021], r: 533351014, e: -7057, error: 490
#ERR  p: [1909, 1022], r: 533351004, e: -7046, error: 491
#ERR  p: [1909, 1023], r: 533350994, e: -7040, error: 492
#ERR  p: [1909, 1024], r: 533350984, e: -7029, error: 493
#ERR  p: [1909, 1025], r: 533350974, e: -7015, error: 494
#ERR  p: [1909, 1026], r: 533350964, e: -7001, error: 495
#ERR  p: [1909, 1027], r: 533350954, e: -6992, error: 496
#ERR  p: [1909, 1028], r: 533350944, e: -6989, error: 497
#ERR  p: [1909, 1029], r: 533350934, e: -6988, error: 498
#ERR  p: [1909, 1030], r: 533350924, e: -6980, error: 499
#SDC Ite:0 KerTime:0.294876 AccTime:0.294876 KerErr:500 AccErr:500
#END