#HEADER max_rows:2048 max_cols:2048 penalty:10
#BEGIN Y:2016 M:09 D:12 Time:14:43:01
#IT Ite:0 KerTime:0.294800 AccTime:0.294800
#ERR Error detected! kerrors = 59649
#ERR  p: [1622, 323], r: -11552, e: -11805, error: 1
#ERR  p: [1622, 324], r: -11562, e: -11794, error: 2
#ERR  p: [1622, 325], r: -11572, e: -11779, error: 3
#ERR  p: [1622, 326], r: -11582, e: -11766, error: 4
#ERR  p: [1622, 327], r: -11592, e: -11752, error: 5
#ERR  p: [1622, 328], r: -11602, e: -11738, error: 6
#ERR  p: [1622, 329], r: -11612, e: -11727, error: 7
#ERR  p: [1622, 330], r: -11622, e: -11708, error: 8
#ERR  p: [1622, 331], r: -11632, e: -11695, error: 9
#ERR  p: [1622, 332], r: -11642, e: -11689, error: 10
#ERR  p: [1622, 333], r: -11652, e: -11674, error: 11
#ERR  p: [1623, 323], r: -11562, e: -11815, error: 12
#ERR  p: [1623, 324], r: -11554, e: -11804, error: 13
#ERR  p: [1623, 325], r: -11564, e: -11789, error: 14
#ERR  p: [1623, 326], r: -11571, e: -11776, error: 15
#ERR  p: [1623, 327], r: -11581, e: -11762, error: 16
#ERR  p: [1623, 328], r: -11591, e: -11748, error: 17
#ERR  p: [1623, 329], r: -11601, e: -11737, error: 18
#ERR  p: [1623, 330], r: -11611, e: -11718, error: 19
#ERR  p: [1623, 331], r: -11621, e: -11705, error: 20
#ERR  p: [1623, 332], r: -11631, e: -11698, error: 21
#ERR  p: [1623, 333], r: -11641, e: -11684, error: 22
#ERR  p: [1623, 334], r: -11649, e: -11671, error: 23
#ERR  p: [1624, 323], r: -11572, e: -11825, error: 24
#ERR  p: [1624, 324], r: -11563, e: -11814, error: 25
#ERR  p: [1624, 325], r: -11554, e: -11799, error: 26
#ERR  p: [1624, 326], r: -11564, e: -11786, error: 27
#ERR  p: [1624, 327], r: -11572, e: -11772, error: 28
#ERR  p: [1624, 328], r: -11582, e: -11758, error: 29
#ERR  p: [1624, 329], r: -11592, e: -11747, error: 30
#ERR  p: [1624, 330], r: -11602, e: -11728, error: 31
#ERR  p: [1624, 331], r: -11611, e: -11715, error: 32
#ERR  p: [1624, 332], r: -11621, e: -11706, error: 33
#ERR  p: [1624, 333], r: -11631, e: -11694, error: 34
#ERR  p: [1624, 334], r: -11641, e: -11681, error: 35
#ERR  p: [1624, 335], r: -11650, e: -11663, error: 36
#ERR  p: [1625, 323], r: -11582, e: -11835, error: 37
#ERR  p: [1625, 324], r: -11573, e: -11824, error: 38
#ERR  p: [1625, 325], r: -11563, e: -11809, error: 39
#ERR  p: [1625, 326], r: -11555, e: -11796, error: 40
#ERR  p: [1625, 327], r: -11565, e: -11782, error: 41
#ERR  p: [1625, 328], r: -11575, e: -11768, error: 42
#ERR  p: [1625, 329], r: -11583, e: -11757, error: 43
#ERR  p: [1625, 330], r: -11593, e: -11738, error: 44
#ERR  p: [1625, 331], r: -11602, e: -11725, error: 45
#ERR  p: [1625, 332], r: -11612, e: -11716, error: 46
#ERR  p: [1625, 333], r: -11622, e: -11704, error: 47
#ERR  p: [1625, 334], r: -11632, e: -11691, error: 48
#ERR  p: [1625, 335], r: -11642, e: -11673, error: 49
#ERR  p: [1625, 336], r: -11652, e: -11658, error: 50
#ERR  p: [1626, 323], r: -11592, e: -11845, error: 51
#ERR  p: [1626, 324], r: -11582, e: -11834, error: 52
#ERR  p: [1626, 325], r: -11573, e: -11819, error: 53
#ERR  p: [1626, 326], r: -11565, e: -11806, error: 54
#ERR  p: [1626, 327], r: -11555, e: -11792, error: 55
#ERR  p: [1626, 328], r: -11565, e: -11778, error: 56
#ERR  p: [1626, 329], r: -11575, e: -11767, error: 57
#ERR  p: [1626, 330], r: -11585, e: -11748, error: 58
#ERR  p: [1626, 331], r: -11595, e: -11735, error: 59
#ERR  p: [1626, 332], r: -11604, e: -11726, error: 60
#ERR  p: [1626, 333], r: -11614, e: -11714, error: 61
#ERR  p: [1626, 334], r: -11624, e: -11701, error: 62
#ERR  p: [1626, 335], r: -11634, e: -11683, error: 63
#ERR  p: [1626, 336], r: -11644, e: -11668, error: 64
#ERR  p: [1627, 323], r: -11602, e: -11855, error: 65
#ERR  p: [1627, 324], r: -11592, e: -11844, error: 66
#ERR  p: [1627, 325], r: -11583, e: -11829, error: 67
#ERR  p: [1627, 326], r: -11575, e: -11816, error: 68
#ERR  p: [1627, 327], r: -11565, e: -11802, error: 69
#ERR  p: [1627, 328], r: -11558, e: -11788, error: 70
#ERR  p: [1627, 329], r: -11568, e: -11777, error: 71
#ERR  p: [1627, 330], r: -11566, e: -11758, error: 72
#ERR  p: [1627, 331], r: -11576, e: -11745, error: 73
#ERR  p: [1627, 332], r: -11586, e: -11736, error: 74
#ERR  p: [1627, 333], r: -11596, e: -11724, error: 75
#ERR  p: [1627, 334], r: -11606, e: -11711, error: 76
#ERR  p: [1627, 335], r: -11615, e: -11692, error: 77
#ERR  p: [1627, 336], r: -11625, e: -11678, error: 78
#ERR  p: [1627, 337], r: -11635, e: -11664, error: 79
#ERR  p: [1627, 338], r: -11645, e: -11646, error: 80
#ERR  p: [1628, 323], r: -11612, e: -11865, error: 81
#ERR  p: [1628, 324], r: -11602, e: -11854, error: 82
#ERR  p: [1628, 325], r: -11593, e: -11839, error: 83
#ERR  p: [1628, 326], r: -11581, e: -11826, error: 84
#ERR  p: [1628, 327], r: -11575, e: -11812, error: 85
#ERR  p: [1628, 328], r: -11568, e: -11798, error: 86
#ERR  p: [1628, 329], r: -11560, e: -11787, error: 87
#ERR  p: [1628, 330], r: -11570, e: -11768, error: 88
#ERR  p: [1628, 331], r: -11567, e: -11755, error: 89
#ERR  p: [1628, 332], r: -11577, e: -11746, error: 90
#ERR  p: [1628, 333], r: -11587, e: -11734, error: 91
#ERR  p: [1628, 334], r: -11589, e: -11717, error: 92
#ERR  p: [1628, 335], r: -11599, e: -11702, error: 93
#ERR  p: [1628, 336], r: -11609, e: -11688, error: 94
#ERR  p: [1628, 337], r: -11619, e: -11674, error: 95
#ERR  p: [1628, 338], r: -11629, e: -11656, error: 96
#ERR  p: [1628, 339], r: -11639, e: -11642, error: 97
#ERR  p: [1629, 323], r: -11622, e: -11875, error: 98
#ERR  p: [1629, 324], r: -11612, e: -11864, error: 99
#ERR  p: [1629, 325], r: -11603, e: -11849, error: 100
#ERR  p: [1629, 326], r: -11591, e: -11836, error: 101
#ERR  p: [1629, 327], r: -11582, e: -11822, error: 102
#ERR  p: [1629, 328], r: -11577, e: -11808, error: 103
#ERR  p: [1629, 329], r: -11569, e: -11797, error: 104
#ERR  p: [1629, 330], r: -11563, e: -11778, error: 105
#ERR  p: [1629, 331], r: -11571, e: -11765, error: 106
#ERR  p: [1629, 332], r: -11568, e: -11756, error: 107
#ERR  p: [1629, 333], r: -11578, e: -11744, error: 108
#ERR  p: [1629, 334], r: -11588, e: -11727, error: 109
#ERR  p: [1629, 335], r: -11592, e: -11712, error: 110
#ERR  p: [1629, 336], r: -11600, e: -11698, error: 111
#ERR  p: [1629, 337], r: -11610, e: -11684, error: 112
#ERR  p: [1629, 338], r: -11620, e: -11666, error: 113
#ERR  p: [1629, 339], r: -11630, e: -11652, error: 114
#ERR  p: [1629, 340], r: -11632, e: -11635, error: 115
#ERR  p: [1630, 323], r: -11632, e: -11885, error: 116
#ERR  p: [1630, 324], r: -11622, e: -11874, error: 117
#ERR  p: [1630, 325], r: -11613, e: -11859, error: 118
#ERR  p: [1630, 326], r: -11601, e: -11846, error: 119
#ERR  p: [1630, 327], r: -11592, e: -11832, error: 120
#ERR  p: [1630, 328], r: -11584, e: -11818, error: 121
#ERR  p: [1630, 329], r: -11578, e: -11807, error: 122
#ERR  p: [1630, 330], r: -11572, e: -11788, error: 123
#ERR  p: [1630, 331], r: -11564, e: -11775, error: 124
#ERR  p: [1630, 332], r: -11572, e: -11766, error: 125
#ERR  p: [1630, 333], r: -11569, e: -11754, error: 126
#ERR  p: [1630, 334], r: -11579, e: -11737, error: 127
#ERR  p: [1630, 335], r: -11589, e: -11722, error: 128
#ERR  p: [1630, 336], r: -11593, e: -11708, error: 129
#ERR  p: [1630, 337], r: -11601, e: -11694, error: 130
#ERR  p: [1630, 338], r: -11611, e: -11676, error: 131
#ERR  p: [1630, 339], r: -11621, e: -11662, error: 132
#ERR  p: [1630, 340], r: -11623, e: -11645, error: 133
#ERR  p: [1630, 341], r: -11633, e: -11637, error: 134
#ERR  p: [1631, 323], r: -11642, e: -11895, error: 135
#ERR  p: [1631, 324], r: -11632, e: -11884, error: 136
#ERR  p: [1631, 325], r: -11623, e: -11869, error: 137
#ERR  p: [1631, 326], r: -11611, e: -11856, error: 138
#ERR  p: [1631, 327], r: -11602, e: -11842, error: 139
#ERR  p: [1631, 328], r: -11594, e: -11828, error: 140
#ERR  p: [1631, 329], r: -11587, e: -11817, error: 141
#ERR  p: [1631, 330], r: -11569, e: -11798, error: 142
#ERR  p: [1631, 331], r: -11574, e: -11785, error: 143
#ERR  p: [1631, 332], r: -11567, e: -11776, error: 144
#ERR  p: [1631, 333], r: -11576, e: -11764, error: 145
#ERR  p: [1631, 334], r: -11571, e: -11747, error: 146
#ERR  p: [1631, 335], r: -11570, e: -11728, error: 147
#ERR  p: [1631, 336], r: -11580, e: -11718, error: 148
#ERR  p: [1631, 337], r: -11590, e: -11704, error: 149
#ERR  p: [1631, 338], r: -11600, e: -11686, error: 150
#ERR  p: [1631, 339], r: -11610, e: -11672, error: 151
#ERR  p: [1631, 340], r: -11620, e: -11655, error: 152
#ERR  p: [1631, 341], r: -11626, e: -11647, error: 153
#ERR  p: [1631, 342], r: -11636, e: -11640, error: 154
#ERR  p: [1632, 323], r: -11652, e: -11905, error: 155
#ERR  p: [1632, 324], r: -11642, e: -11894, error: 156
#ERR  p: [1632, 325], r: -11633, e: -11879, error: 157
#ERR  p: [1632, 326], r: -11621, e: -11866, error: 158
#ERR  p: [1632, 327], r: -11612, e: -11852, error: 159
#ERR  p: [1632, 328], r: -11604, e: -11838, error: 160
#ERR  p: [1632, 329], r: -11596, e: -11827, error: 161
#ERR  p: [1632, 330], r: -11579, e: -11808, error: 162
#ERR  p: [1632, 331], r: -11571, e: -11795, error: 163
#ERR  p: [1632, 332], r: -11576, e: -11786, error: 164
#ERR  p: [1632, 333], r: -11569, e: -11774, error: 165
#ERR  p: [1632, 334], r: -11577, e: -11757, error: 166
#ERR  p: [1632, 335], r: -11572, e: -11738, error: 167
#ERR  p: [1632, 336], r: -11572, e: -11728, error: 168
#ERR  p: [1632, 337], r: -11582, e: -11714, error: 169
#ERR  p: [1632, 338], r: -11592, e: -11696, error: 170
#ERR  p: [1632, 339], r: -11602, e: -11682, error: 171
#ERR  p: [1632, 340], r: -11612, e: -11665, error: 172
#ERR  p: [1632, 341], r: -11622, e: -11657, error: 173
#ERR  p: [1632, 342], r: -11629, e: -11650, error: 174
#ERR  p: [1632, 343], r: -11639, e: -11642, error: 175
#ERR  p: [1633, 323], r: -11662, e: -11915, error: 176
#ERR  p: [1633, 324], r: -11652, e: -11904, error: 177
#ERR  p: [1633, 325], r: -11643, e: -11889, error: 178
#ERR  p: [1633, 326], r: -11631, e: -11876, error: 179
#ERR  p: [1633, 327], r: -11622, e: -11862, error: 180
#ERR  p: [1633, 328], r: -11614, e: -11848, error: 181
#ERR  p: [1633, 329], r: -11606, e: -11837, error: 182
#ERR  p: [1633, 330], r: -11589, e: -11818, error: 183
#ERR  p: [1633, 331], r: -11580, e: -11805, error: 184
#ERR  p: [1633, 332], r: -11573, e: -11796, error: 185
#ERR  p: [1633, 333], r: -11578, e: -11784, error: 186
#ERR  p: [1633, 334], r: -11562, e: -11767, error: 187
#ERR  p: [1633, 335], r: -11572, e: -11748, error: 188
#ERR  p: [1633, 336], r: -11574, e: -11738, error: 189
#ERR  p: [1633, 337], r: -11574, e: -11724, error: 190
#ERR  p: [1633, 338], r: -11580, e: -11706, error: 191
#ERR  p: [1633, 339], r: -11590, e: -11692, error: 192
#ERR  p: [1633, 340], r: -11600, e: -11675, error: 193
#ERR  p: [1633, 341], r: -11610, e: -11667, error: 194
#ERR  p: [1633, 342], r: -11620, e: -11659, error: 195
#ERR  p: [1633, 343], r: -11630, e: -11652, error: 196
#ERR  p: [1634, 323], r: -11672, e: -11925, error: 197
#ERR  p: [1634, 324], r: -11662, e: -11914, error: 198
#ERR  p: [1634, 325], r: -11652, e: -11899, error: 199
#ERR  p: [1634, 326], r: -11641, e: -11886, error: 200
#ERR  p: [1634, 327], r: -11631, e: -11872, error: 201
#ERR  p: [1634, 328], r: -11618, e: -11858, error: 202
#ERR  p: [1634, 329], r: -11615, e: -11847, error: 203
#ERR  p: [1634, 330], r: -11599, e: -11828, error: 204
#ERR  p: [1634, 331], r: -11589, e: -11815, error: 205
#ERR  p: [1634, 332], r: -11579, e: -11804, error: 206
#ERR  p: [1634, 333], r: -11571, e: -11794, error: 207
#ERR  p: [1634, 334], r: -11572, e: -11777, error: 208
#ERR  p: [1634, 335], r: -11565, e: -11758, error: 209
#ERR  p: [1634, 336], r: -11570, e: -11746, error: 210
#ERR  p: [1634, 337], r: -11573, e: -11734, error: 211
#ERR  p: [1634, 338], r: -11575, e: -11716, error: 212
#ERR  p: [1634, 339], r: -11579, e: -11702, error: 213
#ERR  p: [1634, 340], r: -11589, e: -11685, error: 214
#ERR  p: [1634, 341], r: -11599, e: -11676, error: 215
#ERR  p: [1634, 342], r: -11609, e: -11666, error: 216
#ERR  p: [1634, 343], r: -11619, e: -11660, error: 217
#ERR  p: [1634, 344], r: -11629, e: -11648, error: 218
#ERR  p: [1635, 323], r: -11682, e: -11935, error: 219
#ERR  p: [1635, 324], r: -11672, e: -11924, error: 220
#ERR  p: [1635, 325], r: -11662, e: -11909, error: 221
#ERR  p: [1635, 326], r: -11651, e: -11896, error: 222
#ERR  p: [1635, 327], r: -11641, e: -11882, error: 223
#ERR  p: [1635, 328], r: -11627, e: -11868, error: 224
#ERR  p: [1635, 329], r: -11618, e: -11857, error: 225
#ERR  p: [1635, 330], r: -11609, e: -11838, error: 226
#ERR  p: [1635, 331], r: -11599, e: -11825, error: 227
#ERR  p: [1635, 332], r: -11588, e: -11814, error: 228
#ERR  p: [1635, 333], r: -11578, e: -11803, error: 229
#ERR  p: [1635, 334], r: -11574, e: -11787, error: 230
#ERR  p: [1635, 335], r: -11575, e: -11768, error: 231
#ERR  p: [1635, 336], r: -11564, e: -11756, error: 232
#ERR  p: [1635, 337], r: -11569, e: -11744, error: 233
#ERR  p: [1635, 338], r: -11573, e: -11726, error: 234
#ERR  p: [1635, 339], r: -11574, e: -11712, error: 235
#ERR  p: [1635, 340], r: -11581, e: -11695, error: 236
#ERR  p: [1635, 341], r: -11590, e: -11686, error: 237
#ERR  p: [1635, 342], r: -11596, e: -11673, error: 238
#ERR  p: [1635, 343], r: -11606, e: -11667, error: 239
#ERR  p: [1635, 344], r: -11616, e: -11658, error: 240
#ERR  p: [1635, 345], r: -11626, e: -11647, error: 241
#ERR  p: [1635, 346], r: -11636, e: -11638, error: 242
#ERR  p: [1636, 323], r: -11692, e: -11945, error: 243
#ERR  p: [1636, 324], r: -11682, e: -11934, error: 244
#ERR  p: [1636, 325], r: -11672, e: -11919, error: 245
#ERR  p: [1636, 326], r: -11661, e: -11906, error: 246
#ERR  p: [1636, 327], r: -11651, e: -11892, error: 247
#ERR  p: [1636, 328], r: -11637, e: -11878, error: 248
#ERR  p: [1636, 329], r: -11628, e: -11867, error: 249
#ERR  p: [1636, 330], r: -11619, e: -11848, error: 250
#ERR  p: [1636, 331], r: -11609, e: -11835, error: 251
#ERR  p: [1636, 332], r: -11598, e: -11824, error: 252
#ERR  p: [1636, 333], r: -11588, e: -11813, error: 253
#ERR  p: [1636, 334], r: -11579, e: -11797, error: 254
#ERR  p: [1636, 335], r: -11575, e: -11778, error: 255
#ERR  p: [1636, 336], r: -11574, e: -11766, error: 256
#ERR  p: [1636, 337], r: -11566, e: -11754, error: 257
#ERR  p: [1636, 338], r: -11572, e: -11736, error: 258
#ERR  p: [1636, 339], r: -11575, e: -11722, error: 259
#ERR  p: [1636, 340], r: -11576, e: -11705, error: 260
#ERR  p: [1636, 341], r: -11584, e: -11696, error: 261
#ERR  p: [1636, 342], r: -11593, e: -11683, error: 262
#ERR  p: [1636, 343], r: -11599, e: -11676, error: 263
#ERR  p: [1636, 344], r: -11602, e: -11663, error: 264
#ERR  p: [1636, 345], r: -11612, e: -11657, error: 265
#ERR  p: [1636, 346], r: -11622, e: -11648, error: 266
#ERR  p: [1637, 323], r: -11702, e: -11955, error: 267
#ERR  p: [1637, 324], r: -11692, e: -11944, error: 268
#ERR  p: [1637, 325], r: -11682, e: -11929, error: 269
#ERR  p: [1637, 326], r: -11671, e: -11916, error: 270
#ERR  p: [1637, 327], r: -11661, e: -11902, error: 271
#ERR  p: [1637, 328], r: -11647, e: -11888, error: 272
#ERR  p: [1637, 329], r: -11638, e: -11877, error: 273
#ERR  p: [1637, 330], r: -11629, e: -11858, error: 274
#ERR  p: [1637, 331], r: -11619, e: -11845, error: 275
#ERR  p: [1637, 332], r: -11608, e: -11834, error: 276
#ERR  p: [1637, 333], r: -11598, e: -11823, error: 277
#ERR  p: [1637, 334], r: -11589, e: -11807, error: 278
#ERR  p: [1637, 335], r: -11583, e: -11788, error: 279
#ERR  p: [1637, 336], r: -11579, e: -11776, error: 280
#ERR  p: [1637, 337], r: -11576, e: -11764, error: 281
#ERR  p: [1637, 338], r: -11570, e: -11746, error: 282
#ERR  p: [1637, 339], r: -11576, e: -11732, error: 283
#ERR  p: [1637, 340], r: -11579, e: -11715, error: 284
#ERR  p: [1637, 341], r: -11580, e: -11706, error: 285
#ERR  p: [1637, 342], r: -11588, e: -11693, error: 286
#ERR  p: [1637, 343], r: -11597, e: -11686, error: 287
#ERR  p: [1637, 344], r: -11603, e: -11673, error: 288
#ERR  p: [1637, 345], r: -11606, e: -11667, error: 289
#ERR  p: [1637, 346], r: -11616, e: -11658, error: 290
#ERR  p: [1637, 347], r: -11626, e: -11639, error: 291
#ERR  p: [1638, 323], r: -11712, e: -11965, error: 292
#ERR  p: [1638, 324], r: -11702, e: -11954, error: 293
#ERR  p: [1638, 325], r: -11692, e: -11939, error: 294
#ERR  p: [1638, 326], r: -11680, e: -11926, error: 295
#ERR  p: [1638, 327], r: -11671, e: -11912, error: 296
#ERR  p: [1638, 328], r: -11657, e: -11898, error: 297
#ERR  p: [1638, 329], r: -11648, e: -11887, error: 298
#ERR  p: [1638, 330], r: -11639, e: -11868, error: 299
#ERR  p: [1638, 331], r: -11629, e: -11855, error: 300
#ERR  p: [1638, 332], r: -11618, e: -11844, error: 301
#ERR  p: [1638, 333], r: -11608, e: -11833, error: 302
#ERR  p: [1638, 334], r: -11591, e: -11816, error: 303
#ERR  p: [1638, 335], r: -11591, e: -11798, error: 304
#ERR  p: [1638, 336], r: -11585, e: -11786, error: 305
#ERR  p: [1638, 337], r: -11581, e: -11774, error: 306
#ERR  p: [1638, 338], r: -11574, e: -11756, error: 307
#ERR  p: [1638, 339], r: -11572, e: -11742, error: 308
#ERR  p: [1638, 340], r: -11579, e: -11725, error: 309
#ERR  p: [1638, 341], r: -11582, e: -11716, error: 310
#ERR  p: [1638, 342], r: -11582, e: -11703, error: 311
#ERR  p: [1638, 343], r: -11591, e: -11696, error: 312
#ERR  p: [1638, 344], r: -11598, e: -11683, error: 313
#ERR  p: [1638, 345], r: -11605, e: -11675, error: 314
#ERR  p: [1638, 346], r: -11607, e: -11668, error: 315
#ERR  p: [1638, 347], r: -11617, e: -11649, error: 316
#ERR  p: [1638, 348], r: -11627, e: -11636, error: 317
#ERR  p: [1639, 323], r: -11722, e: -11972, error: 318
#ERR  p: [1639, 324], r: -11712, e: -11964, error: 319
#ERR  p: [1639, 325], r: -11702, e: -11949, error: 320
#ERR  p: [1639, 326], r: -11690, e: -11936, error: 321
#ERR  p: [1639, 327], r: -11680, e: -11922, error: 322
#ERR  p: [1639, 328], r: -11667, e: -11908, error: 323
#ERR  p: [1639, 329], r: -11657, e: -11897, error: 324
#ERR  p: [1639, 330], r: -11649, e: -11878, error: 325
#ERR  p: [1639, 331], r: -11639, e: -11865, error: 326
#ERR  p: [1639, 332], r: -11628, e: -11854, error: 327
#ERR  p: [1639, 333], r: -11617, e: -11843, error: 328
#ERR  p: [1639, 334], r: -11601, e: -11826, error: 329
#ERR  p: [1639, 335], r: -11594, e: -11808, error: 330
#ERR  p: [1639, 336], r: -11590, e: -11796, error: 331
#ERR  p: [1639, 337], r: -11584, e: -11784, error: 332
#ERR  p: [1639, 338], r: -11581, e: -11766, error: 333
#ERR  p: [1639, 339], r: -11573, e: -11752, error: 334
#ERR  p: [1639, 340], r: -11574, e: -11735, error: 335
#ERR  p: [1639, 341], r: -11580, e: -11726, error: 336
#ERR  p: [1639, 342], r: -11579, e: -11713, error: 337
#ERR  p: [1639, 343], r: -11583, e: -11704, error: 338
#ERR  p: [1639, 344], r: -11593, e: -11693, error: 339
#ERR  p: [1639, 345], r: -11599, e: -11684, error: 340
#ERR  p: [1639, 346], r: -11606, e: -11676, error: 341
#ERR  p: [1639, 347], r: -11610, e: -11659, error: 342
#ERR  p: [1639, 348], r: -11620, e: -11646, error: 343
#ERR  p: [1639, 349], r: -11630, e: -11633, error: 344
#ERR  p: [1640, 323], r: -11732, e: -11982, error: 345
#ERR  p: [1640, 324], r: -11722, e: -11974, error: 346
#ERR  p: [1640, 325], r: -11712, e: -11959, error: 347
#ERR  p: [1640, 326], r: -11700, e: -11946, error: 348
#ERR  p: [1640, 327], r: -11690, e: -11932, error: 349
#ERR  p: [1640, 328], r: -11677, e: -11918, error: 350
#ERR  p: [1640, 329], r: -11667, e: -11907, error: 351
#ERR  p: [1640, 330], r: -11658, e: -11888, error: 352
#ERR  p: [1640, 331], r: -11649, e: -11875, error: 353
#ERR  p: [1640, 332], r: -11638, e: -11864, error: 354
#ERR  p: [1640, 333], r: -11627, e: -11853, error: 355
#ERR  p: [1640, 334], r: -11611, e: -11836, error: 356
#ERR  p: [1640, 335], r: -11602, e: -11818, error: 357
#ERR  p: [1640, 336], r: -11597, e: -11806, error: 358
#ERR  p: [1640, 337], r: -11593, e: -11794, error: 359
#ERR  p: [1640, 338], r: -11587, e: -11776, error: 360
#ERR  p: [1640, 339], r: -11583, e: -11762, error: 361
#ERR  p: [1640, 340], r: -11576, e: -11745, error: 362
#ERR  p: [1640, 341], r: -11578, e: -11736, error: 363
#ERR  p: [1640, 342], r: -11583, e: -11723, error: 364
#ERR  p: [1640, 343], r: -11583, e: -11714, error: 365
#ERR  p: [1640, 344], r: -11582, e: -11703, error: 366
#ERR  p: [1640, 345], r: -11592, e: -11694, error: 367
#ERR  p: [1640, 346], r: -11600, e: -11685, error: 368
#ERR  p: [1640, 347], r: -11607, e: -11669, error: 369
#ERR  p: [1640, 348], r: -11608, e: -11656, error: 370
#ERR  p: [1640, 349], r: -11618, e: -11643, error: 371
#ERR  p: [1641, 323], r: -11742, e: -11992, error: 372
#ERR  p: [1641, 324], r: -11732, e: -11982, error: 373
#ERR  p: [1641, 325], r: -11720, e: -11969, error: 374
#ERR  p: [1641, 326], r: -11710, e: -11956, error: 375
#ERR  p: [1641, 327], r: -11700, e: -11942, error: 376
#ERR  p: [1641, 328], r: -11687, e: -11928, error: 377
#ERR  p: [1641, 329], r: -11676, e: -11917, error: 378
#ERR  p: [1641, 330], r: -11668, e: -11898, error: 379
#ERR  p: [1641, 331], r: -11656, e: -11885, error: 380
#ERR  p: [1641, 332], r: -11645, e: -11871, error: 381
#ERR  p: [1641, 333], r: -11633, e: -11859, error: 382
#ERR  p: [1641, 334], r: -11621, e: -11846, error: 383
#ERR  p: [1641, 335], r: -11612, e: -11828, error: 384
#ERR  p: [1641, 336], r: -11597, e: -11813, error: 385
#ERR  p: [1641, 337], r: -11593, e: -11802, error: 386
#ERR  p: [1641, 338], r: -11593, e: -11786, error: 387
#ERR  p: [1641, 339], r: -11583, e: -11772, error: 388
#ERR  p: [1641, 340], r: -11584, e: -11755, error: 389
#ERR  p: [1641, 341], r: -11578, e: -11746, error: 390
#ERR  p: [1641, 342], r: -11578, e: -11733, error: 391
#ERR  p: [1641, 343], r: -11585, e: -11724, error: 392
#ERR  p: [1641, 344], r: -11585, e: -11713, error: 393
#ERR  p: [1641, 345], r: -11583, e: -11704, error: 394
#ERR  p: [1641, 346], r: -11593, e: -11695, error: 395
#ERR  p: [1641, 347], r: -11603, e: -11679, error: 396
#ERR  p: [1641, 348], r: -11610, e: -11666, error: 397
#ERR  p: [1641, 349], r: -11611, e: -11653, error: 398
#ERR  p: [1641, 350], r: -11616, e: -11637, error: 399
#ERR  p: [1642, 323], r: -11752, e: -12002, error: 400
#ERR  p: [1642, 324], r: -11742, e: -11992, error: 401
#ERR  p: [1642, 325], r: -11730, e: -11979, error: 402
#ERR  p: [1642, 326], r: -11719, e: -11966, error: 403
#ERR  p: [1642, 327], r: -11710, e: -11952, error: 404
#ERR  p: [1642, 328], r: -11697, e: -11938, error: 405
#ERR  p: [1642, 329], r: -11686, e: -11927, error: 406
#ERR  p: [1642, 330], r: -11678, e: -11908, error: 407
#ERR  p: [1642, 331], r: -11666, e: -11895, error: 408
#ERR  p: [1642, 332], r: -11655, e: -11881, error: 409
#ERR  p: [1642, 333], r: -11643, e: -11869, error: 410
#ERR  p: [1642, 334], r: -11630, e: -11856, error: 411
#ERR  p: [1642, 335], r: -11622, e: -11838, error: 412
#ERR  p: [1642, 336], r: -11607, e: -11823, error: 413
#ERR  p: [1642, 337], r: -11600, e: -11812, error: 414
#ERR  p: [1642, 338], r: -11594, e: -11796, error: 415
#ERR  p: [1642, 339], r: -11593, e: -11782, error: 416
#ERR  p: [1642, 340], r: -11587, e: -11765, error: 417
#ERR  p: [1642, 341], r: -11587, e: -11756, error: 418
#ERR  p: [1642, 342], r: -11581, e: -11743, error: 419
#ERR  p: [1642, 343], r: -11581, e: -11734, error: 420
#ERR  p: [1642, 344], r: -11586, e: -11723, error: 421
#ERR  p: [1642, 345], r: -11587, e: -11714, error: 422
#ERR  p: [1642, 346], r: -11584, e: -11705, error: 423
#ERR  p: [1642, 347], r: -11594, e: -11689, error: 424
#ERR  p: [1642, 348], r: -11603, e: -11676, error: 425
#ERR  p: [1642, 349], r: -11609, e: -11663, error: 426
#ERR  p: [1642, 350], r: -11614, e: -11647, error: 427
#ERR  p: [1642, 351], r: -11619, e: -11632, error: 428
#ERR  p: [1643, 323], r: -11762, e: -12012, error: 429
#ERR  p: [1643, 324], r: -11752, e: -12002, error: 430
#ERR  p: [1643, 325], r: -11740, e: -11989, error: 431
#ERR  p: [1643, 326], r: -11729, e: -11976, error: 432
#ERR  p: [1643, 327], r: -11720, e: -11962, error: 433
#ERR  p: [1643, 328], r: -11707, e: -11948, error: 434
#ERR  p: [1643, 329], r: -11695, e: -11936, error: 435
#ERR  p: [1643, 330], r: -11688, e: -11918, error: 436
#ERR  p: [1643, 331], r: -11676, e: -11905, error: 437
#ERR  p: [1643, 332], r: -11665, e: -11891, error: 438
#ERR  p: [1643, 333], r: -11653, e: -11879, error: 439
#ERR  p: [1643, 334], r: -11640, e: -11866, error: 440
#ERR  p: [1643, 335], r: -11632, e: -11848, error: 441
#ERR  p: [1643, 336], r: -11617, e: -11833, error: 442
#ERR  p: [1643, 337], r: -11607, e: -11822, error: 443
#ERR  p: [1643, 338], r: -11600, e: -11806, error: 444
#ERR  p: [1643, 339], r: -11594, e: -11792, error: 445
#ERR  p: [1643, 340], r: -11595, e: -11775, error: 446
#ERR  p: [1643, 341], r: -11589, e: -11766, error: 447
#ERR  p: [1643, 342], r: -11587, e: -11753, error: 448
#ERR  p: [1643, 343], r: -11583, e: -11744, error: 449
#ERR  p: [1643, 344], r: -11584, e: -11733, error: 450
#ERR  p: [1643, 345], r: -11587, e: -11724, error: 451
#ERR  p: [1643, 346], r: -11588, e: -11715, error: 452
#ERR  p: [1643, 347], r: -11587, e: -11699, error: 453
#ERR  p: [1643, 348], r: -11597, e: -11686, error: 454
#ERR  p: [1643, 349], r: -11606, e: -11673, error: 455
#ERR  p: [1643, 350], r: -11611, e: -11657, error: 456
#ERR  p: [1643, 351], r: -11614, e: -11642, error: 457
#ERR  p: [1643, 352], r: -11614, e: -11627, error: 458
#ERR  p: [1644, 323], r: -11772, e: -12022, error: 459
#ERR  p: [1644, 324], r: -11762, e: -12012, error: 460
#ERR  p: [1644, 325], r: -11750, e: -11999, error: 461
#ERR  p: [1644, 326], r: -11739, e: -11986, error: 462
#ERR  p: [1644, 327], r: -11730, e: -11972, error: 463
#ERR  p: [1644, 328], r: -11717, e: -11958, error: 464
#ERR  p: [1644, 329], r: -11705, e: -11946, error: 465
#ERR  p: [1644, 330], r: -11696, e: -11928, error: 466
#ERR  p: [1644, 331], r: -11686, e: -11915, error: 467
#ERR  p: [1644, 332], r: -11675, e: -11901, error: 468
#ERR  p: [1644, 333], r: -11663, e: -11889, error: 469
#ERR  p: [1644, 334], r: -11650, e: -11876, error: 470
#ERR  p: [1644, 335], r: -11641, e: -11858, error: 471
#ERR  p: [1644, 336], r: -11627, e: -11843, error: 472
#ERR  p: [1644, 337], r: -11617, e: -11832, error: 473
#ERR  p: [1644, 338], r: -11610, e: -11816, error: 474
#ERR  p: [1644, 339], r: -11602, e: -11802, error: 475
#ERR  p: [1644, 340], r: -11596, e: -11785, error: 476
#ERR  p: [1644, 341], r: -11598, e: -11776, error: 477
#ERR  p: [1644, 342], r: -11592, e: -11763, error: 478
#ERR  p: [1644, 343], r: -11590, e: -11754, error: 479
#ERR  p: [1644, 344], r: -11579, e: -11740, error: 480
#ERR  p: [1644, 345], r: -11584, e: -11733, error: 481
#ERR  p: [1644, 346], r: -11588, e: -11725, error: 482
#ERR  p: [1644, 347], r: -11589, e: -11709, error: 483
#ERR  p: [1644, 348], r: -11584, e: -11696, error: 484
#ERR  p: [1644, 349], r: -11594, e: -11683, error: 485
#ERR  p: [1644, 350], r: -11604, e: -11667, error: 486
#ERR  p: [1644, 351], r: -11613, e: -11652, error: 487
#ERR  p: [1644, 352], r: -11617, e: -11637, error: 488
#ERR  p: [1644, 353], r: -11615, e: -11623, error: 489
#ERR  p: [1645, 323], r: -11782, e: -12032, error: 490
#ERR  p: [1645, 324], r: -11771, e: -12021, error: 491
#ERR  p: [1645, 325], r: -11760, e: -12009, error: 492
#ERR  p: [1645, 326], r: -11749, e: -11996, error: 493
#ERR  p: [1645, 327], r: -11738, e: -11982, error: 494
#ERR  p: [1645, 328], r: -11727, e: -11968, error: 495
#ERR  p: [1645, 329], r: -11715, e: -11956, error: 496
#ERR  p: [1645, 330], r: -11706, e: -11938, error: 497
#ERR  p: [1645, 331], r: -11696, e: -11925, error: 498
#ERR  p: [1645, 332], r: -11685, e: -11911, error: 499
#SDC Ite:0 KerTime:0.294800 AccTime:0.294800 KerErr:500 AccErr:500
#END