#HEADER max_rows:2048 max_cols:2048 penalty:10
#BEGIN Y:2016 M:09 D:12 Time:15:32:57
#IT Ite:0 KerTime:0.295237 AccTime:0.295237
#ERR Error detected! kerrors = 1289715
#ERR  p: [1183, 557], r: 33549310, e: -5121, error: 1
#ERR  p: [1183, 558], r: 33549300, e: -5110, error: 2
#ERR  p: [1183, 559], r: 33549290, e: -5096, error: 3
#ERR  p: [1183, 560], r: 33549280, e: -5086, error: 4
#ERR  p: [1183, 561], r: 33549270, e: -5076, error: 5
#ERR  p: [1183, 562], r: 33549260, e: -5070, error: 6
#ERR  p: [1183, 563], r: 33549250, e: -5053, error: 7
#ERR  p: [1183, 564], r: 33549240, e: -5038, error: 8
#ERR  p: [1183, 565], r: 33549230, e: -5036, error: 9
#ERR  p: [1183, 566], r: 33549220, e: -5022, error: 10
#ERR  p: [1183, 567], r: 33549210, e: -5012, error: 11
#ERR  p: [1183, 568], r: 33549200, e: -5001, error: 12
#ERR  p: [1183, 569], r: 33549190, e: -4991, error: 13
#ERR  p: [1183, 570], r: 33549180, e: -4981, error: 14
#ERR  p: [1183, 571], r: 33549170, e: -4975, error: 15
#ERR  p: [1183, 572], r: 33549160, e: -4966, error: 16
#ERR  p: [1183, 573], r: 33549150, e: -4952, error: 17
#ERR  p: [1183, 574], r: 33549140, e: -4942, error: 18
#ERR  p: [1183, 575], r: 33549130, e: -4926, error: 19
#ERR  p: [1183, 576], r: 33549120, e: -4915, error: 20
#ERR  p: [1183, 577], r: 33549110, e: -4907, error: 21
#ERR  p: [1183, 578], r: 33549100, e: -4896, error: 22
#ERR  p: [1183, 579], r: 33549090, e: -4890, error: 23
#ERR  p: [1183, 580], r: 33549080, e: -4879, error: 24
#ERR  p: [1183, 581], r: 33549070, e: -4869, error: 25
#ERR  p: [1183, 582], r: 33549060, e: -4869, error: 26
#ERR  p: [1183, 583], r: 33549050, e: -4861, error: 27
#ERR  p: [1183, 584], r: 33549040, e: -4851, error: 28
#ERR  p: [1183, 585], r: 33549030, e: -4841, error: 29
#ERR  p: [1183, 586], r: 33549020, e: -4830, error: 30
#ERR  p: [1183, 587], r: 33549010, e: -4821, error: 31
#ERR  p: [1183, 588], r: 33549000, e: -4809, error: 32
#ERR  p: [1183, 589], r: 33548990, e: -4801, error: 33
#ERR  p: [1183, 590], r: 33548980, e: -4792, error: 34
#ERR  p: [1183, 591], r: 33548970, e: -4784, error: 35
#ERR  p: [1183, 592], r: 33548960, e: -4773, error: 36
#ERR  p: [1183, 593], r: 33548950, e: -4766, error: 37
#ERR  p: [1183, 594], r: 33548940, e: -4754, error: 38
#ERR  p: [1183, 595], r: 33548930, e: -4739, error: 39
#ERR  p: [1183, 596], r: 33548920, e: -4740, error: 40
#ERR  p: [1183, 597], r: 33548910, e: -4730, error: 41
#ERR  p: [1183, 598], r: 33548900, e: -4714, error: 42
#ERR  p: [1183, 599], r: 33548890, e: -4704, error: 43
#ERR  p: [1183, 600], r: 33548880, e: -4693, error: 44
#ERR  p: [1183, 601], r: 33548870, e: -4685, error: 45
#ERR  p: [1183, 602], r: 33548860, e: -4685, error: 46
#ERR  p: [1183, 603], r: 33548850, e: -4672, error: 47
#ERR  p: [1183, 604], r: 33548840, e: -4660, error: 48
#ERR  p: [1183, 605], r: 33548830, e: -4655, error: 49
#ERR  p: [1183, 606], r: 33548820, e: -4644, error: 50
#ERR  p: [1183, 607], r: 33548810, e: -4632, error: 51
#ERR  p: [1183, 608], r: 33548800, e: -4617, error: 52
#ERR  p: [1183, 609], r: 33548790, e: -4606, error: 53
#ERR  p: [1183, 610], r: 33548780, e: -4594, error: 54
#ERR  p: [1183, 611], r: 33548770, e: -4577, error: 55
#ERR  p: [1183, 612], r: 33548760, e: -4563, error: 56
#ERR  p: [1183, 613], r: 33548750, e: -4565, error: 57
#ERR  p: [1183, 614], r: 33548740, e: -4552, error: 58
#ERR  p: [1183, 615], r: 33548730, e: -4543, error: 59
#ERR  p: [1183, 616], r: 33548720, e: -4530, error: 60
#ERR  p: [1183, 617], r: 33548710, e: -4521, error: 61
#ERR  p: [1183, 618], r: 33548700, e: -4507, error: 62
#ERR  p: [1183, 619], r: 33548690, e: -4498, error: 63
#ERR  p: [1183, 620], r: 33548680, e: -4489, error: 64
#ERR  p: [1183, 621], r: 33548670, e: -4485, error: 65
#ERR  p: [1183, 622], r: 33548660, e: -4478, error: 66
#ERR  p: [1183, 623], r: 33548650, e: -4468, error: 67
#ERR  p: [1183, 624], r: 33548640, e: -4459, error: 68
#ERR  p: [1183, 625], r: 33548630, e: -4453, error: 69
#ERR  p: [1183, 626], r: 33548620, e: -4447, error: 70
#ERR  p: [1183, 627], r: 33548610, e: -4437, error: 71
#ERR  p: [1183, 628], r: 33548600, e: -4430, error: 72
#ERR  p: [1183, 629], r: 33548590, e: -4421, error: 73
#ERR  p: [1183, 630], r: 33548580, e: -4424, error: 74
#ERR  p: [1183, 631], r: 33548570, e: -4413, error: 75
#ERR  p: [1183, 632], r: 33548560, e: -4399, error: 76
#ERR  p: [1183, 633], r: 33548550, e: -4380, error: 77
#ERR  p: [1183, 634], r: 33548540, e: -4367, error: 78
#ERR  p: [1183, 635], r: 33548530, e: -4354, error: 79
#ERR  p: [1183, 636], r: 33548520, e: -4338, error: 80
#ERR  p: [1183, 637], r: 33548510, e: -4329, error: 81
#ERR  p: [1183, 638], r: 33548500, e: -4314, error: 82
#ERR  p: [1183, 639], r: 33548490, e: -4304, error: 83
#ERR  p: [1183, 640], r: 33548480, e: -4289, error: 84
#ERR  p: [1183, 641], r: 33548470, e: -4279, error: 85
#ERR  p: [1183, 642], r: 33548460, e: -4268, error: 86
#ERR  p: [1183, 643], r: 33548450, e: -4256, error: 87
#ERR  p: [1183, 644], r: 33548440, e: -4242, error: 88
#ERR  p: [1183, 645], r: 33548430, e: -4233, error: 89
#ERR  p: [1183, 646], r: 33548420, e: -4225, error: 90
#ERR  p: [1183, 647], r: 33548410, e: -4229, error: 91
#ERR  p: [1183, 648], r: 33548400, e: -4220, error: 92
#ERR  p: [1183, 649], r: 33548390, e: -4208, error: 93
#ERR  p: [1183, 650], r: 33548380, e: -4204, error: 94
#ERR  p: [1183, 651], r: 33548370, e: -4194, error: 95
#ERR  p: [1183, 652], r: 33548360, e: -4189, error: 96
#ERR  p: [1183, 653], r: 33548350, e: -4173, error: 97
#ERR  p: [1183, 654], r: 33548340, e: -4158, error: 98
#ERR  p: [1183, 655], r: 33548330, e: -4143, error: 99
#ERR  p: [1183, 656], r: 33548320, e: -4134, error: 100
#ERR  p: [1183, 657], r: 33548310, e: -4123, error: 101
#ERR  p: [1183, 658], r: 33548300, e: -4111, error: 102
#ERR  p: [1183, 659], r: 33548290, e: -4107, error: 103
#ERR  p: [1183, 660], r: 33548280, e: -4099, error: 104
#ERR  p: [1183, 661], r: 33548270, e: -4090, error: 105
#ERR  p: [1183, 662], r: 33548260, e: -4070, error: 106
#ERR  p: [1183, 663], r: 33548250, e: -4061, error: 107
#ERR  p: [1183, 664], r: 33548240, e: -4060, error: 108
#ERR  p: [1183, 665], r: 33548230, e: -4053, error: 109
#ERR  p: [1183, 666], r: 33548220, e: -4045, error: 110
#ERR  p: [1183, 667], r: 33548210, e: -4041, error: 111
#ERR  p: [1183, 668], r: 33548200, e: -4032, error: 112
#ERR  p: [1183, 669], r: 33548190, e: -4025, error: 113
#ERR  p: [1183, 670], r: 33548180, e: -4023, error: 114
#ERR  p: [1183, 671], r: 33548170, e: -4009, error: 115
#ERR  p: [1183, 672], r: 33548160, e: -3997, error: 116
#ERR  p: [1183, 673], r: 33548150, e: -4004, error: 117
#ERR  p: [1183, 674], r: 33548140, e: -3995, error: 118
#ERR  p: [1183, 675], r: 33548130, e: -3987, error: 119
#ERR  p: [1183, 676], r: 33548120, e: -3975, error: 120
#ERR  p: [1183, 677], r: 33548110, e: -3974, error: 121
#ERR  p: [1183, 678], r: 33548100, e: -3970, error: 122
#ERR  p: [1183, 679], r: 33548090, e: -3956, error: 123
#ERR  p: [1183, 680], r: 33548080, e: -3950, error: 124
#ERR  p: [1183, 681], r: 33548070, e: -3943, error: 125
#ERR  p: [1183, 682], r: 33548060, e: -3933, error: 126
#ERR  p: [1183, 683], r: 33548050, e: -3930, error: 127
#ERR  p: [1183, 684], r: 33548040, e: -3922, error: 128
#ERR  p: [1183, 685], r: 33548030, e: -3913, error: 129
#ERR  p: [1183, 686], r: 33548020, e: -3908, error: 130
#ERR  p: [1183, 687], r: 33548010, e: -3897, error: 131
#ERR  p: [1183, 688], r: 33548000, e: -3883, error: 132
#ERR  p: [1183, 689], r: 33547990, e: -3873, error: 133
#ERR  p: [1183, 690], r: 33547980, e: -3862, error: 134
#ERR  p: [1183, 691], r: 33547970, e: -3847, error: 135
#ERR  p: [1183, 692], r: 33547960, e: -3850, error: 136
#ERR  p: [1183, 693], r: 33547950, e: -3835, error: 137
#ERR  p: [1183, 694], r: 33547940, e: -3831, error: 138
#ERR  p: [1183, 695], r: 33547930, e: -3826, error: 139
#ERR  p: [1183, 696], r: 33547920, e: -3816, error: 140
#ERR  p: [1183, 697], r: 33547910, e: -3807, error: 141
#ERR  p: [1183, 698], r: 33547900, e: -3800, error: 142
#ERR  p: [1183, 699], r: 33547890, e: -3791, error: 143
#ERR  p: [1183, 700], r: 33547880, e: -3784, error: 144
#ERR  p: [1183, 701], r: 33547870, e: -3775, error: 145
#ERR  p: [1183, 702], r: 33547860, e: -3771, error: 146
#ERR  p: [1183, 703], r: 33547850, e: -3759, error: 147
#ERR  p: [1183, 704], r: 33547840, e: -3750, error: 148
#ERR  p: [1183, 705], r: 33547830, e: -3740, error: 149
#ERR  p: [1183, 706], r: 33547820, e: -3732, error: 150
#ERR  p: [1183, 707], r: 33547810, e: -3720, error: 151
#ERR  p: [1183, 708], r: 33547800, e: -3717, error: 152
#ERR  p: [1183, 709], r: 33547790, e: -3713, error: 153
#ERR  p: [1183, 710], r: 33547780, e: -3700, error: 154
#ERR  p: [1183, 711], r: 33547770, e: -3690, error: 155
#ERR  p: [1183, 712], r: 33547760, e: -3680, error: 156
#ERR  p: [1183, 713], r: 33547750, e: -3668, error: 157
#ERR  p: [1183, 714], r: 33547740, e: -3664, error: 158
#ERR  p: [1183, 715], r: 33547730, e: -3658, error: 159
#ERR  p: [1183, 716], r: 33547720, e: -3647, error: 160
#ERR  p: [1183, 717], r: 33547710, e: -3637, error: 161
#ERR  p: [1183, 718], r: 33547700, e: -3631, error: 162
#ERR  p: [1183, 719], r: 33547690, e: -3631, error: 163
#ERR  p: [1183, 720], r: 33547680, e: -3619, error: 164
#ERR  p: [1183, 721], r: 33547670, e: -3617, error: 165
#ERR  p: [1183, 722], r: 33547660, e: -3608, error: 166
#ERR  p: [1183, 723], r: 33547650, e: -3597, error: 167
#ERR  p: [1183, 724], r: 33547640, e: -3588, error: 168
#ERR  p: [1183, 725], r: 33547630, e: -3581, error: 169
#ERR  p: [1183, 726], r: 33547620, e: -3573, error: 170
#ERR  p: [1183, 727], r: 33547610, e: -3572, error: 171
#ERR  p: [1183, 728], r: 33547600, e: -3560, error: 172
#ERR  p: [1183, 729], r: 33547590, e: -3539, error: 173
#ERR  p: [1183, 730], r: 33547580, e: -3528, error: 174
#ERR  p: [1183, 731], r: 33547570, e: -3530, error: 175
#ERR  p: [1183, 732], r: 33547560, e: -3509, error: 176
#ERR  p: [1183, 733], r: 33547550, e: -3497, error: 177
#ERR  p: [1183, 734], r: 33547540, e: -3496, error: 178
#ERR  p: [1183, 735], r: 33547530, e: -3483, error: 179
#ERR  p: [1183, 736], r: 33547520, e: -3474, error: 180
#ERR  p: [1183, 737], r: 33547510, e: -3461, error: 181
#ERR  p: [1183, 738], r: 33547500, e: -3447, error: 182
#ERR  p: [1183, 739], r: 33547490, e: -3432, error: 183
#ERR  p: [1183, 740], r: 33547480, e: -3422, error: 184
#ERR  p: [1183, 741], r: 33547470, e: -3416, error: 185
#ERR  p: [1183, 742], r: 33547460, e: -3401, error: 186
#ERR  p: [1183, 743], r: 33547450, e: -3385, error: 187
#ERR  p: [1183, 744], r: 33547440, e: -3378, error: 188
#ERR  p: [1183, 745], r: 33547430, e: -3371, error: 189
#ERR  p: [1183, 746], r: 33547420, e: -3359, error: 190
#ERR  p: [1183, 747], r: 33547410, e: -3349, error: 191
#ERR  p: [1183, 748], r: 33547400, e: -3338, error: 192
#ERR  p: [1183, 749], r: 33547390, e: -3330, error: 193
#ERR  p: [1183, 750], r: 33547380, e: -3323, error: 194
#ERR  p: [1183, 751], r: 33547370, e: -3313, error: 195
#ERR  p: [1183, 752], r: 33547360, e: -3303, error: 196
#ERR  p: [1183, 753], r: 33547350, e: -3294, error: 197
#ERR  p: [1183, 754], r: 33547340, e: -3283, error: 198
#ERR  p: [1183, 755], r: 33547330, e: -3275, error: 199
#ERR  p: [1183, 756], r: 33547320, e: -3269, error: 200
#ERR  p: [1183, 757], r: 33547310, e: -3258, error: 201
#ERR  p: [1183, 758], r: 33547300, e: -3251, error: 202
#ERR  p: [1183, 759], r: 33547290, e: -3256, error: 203
#ERR  p: [1183, 760], r: 33547280, e: -3242, error: 204
#ERR  p: [1183, 761], r: 33547270, e: -3236, error: 205
#ERR  p: [1183, 762], r: 33547260, e: -3229, error: 206
#ERR  p: [1183, 763], r: 33547250, e: -3220, error: 207
#ERR  p: [1183, 764], r: 33547240, e: -3210, error: 208
#ERR  p: [1183, 765], r: 33547230, e: -3220, error: 209
#ERR  p: [1183, 766], r: 33547220, e: -3213, error: 210
#ERR  p: [1183, 767], r: 33547210, e: -3202, error: 211
#ERR  p: [1183, 768], r: 33547200, e: -3198, error: 212
#ERR  p: [1183, 769], r: 33547190, e: -3192, error: 213
#ERR  p: [1183, 770], r: 33547180, e: -3187, error: 214
#ERR  p: [1183, 771], r: 33547170, e: -3177, error: 215
#ERR  p: [1183, 772], r: 33547160, e: -3172, error: 216
#ERR  p: [1183, 773], r: 33547150, e: -3161, error: 217
#ERR  p: [1183, 774], r: 33547140, e: -3151, error: 218
#ERR  p: [1183, 775], r: 33547130, e: -3152, error: 219
#ERR  p: [1183, 776], r: 33547120, e: -3149, error: 220
#ERR  p: [1183, 777], r: 33547110, e: -3156, error: 221
#ERR  p: [1183, 778], r: 33547100, e: -3140, error: 222
#ERR  p: [1183, 779], r: 33547090, e: -3133, error: 223
#ERR  p: [1183, 780], r: 33547080, e: -3130, error: 224
#ERR  p: [1183, 781], r: 33547070, e: -3124, error: 225
#ERR  p: [1183, 782], r: 33547060, e: -3112, error: 226
#ERR  p: [1183, 783], r: 33547050, e: -3092, error: 227
#ERR  p: [1183, 784], r: 33547040, e: -3085, error: 228
#ERR  p: [1183, 785], r: 33547030, e: -3082, error: 229
#ERR  p: [1183, 786], r: 33547020, e: -3068, error: 230
#ERR  p: [1183, 787], r: 33547010, e: -3064, error: 231
#ERR  p: [1183, 788], r: 33547000, e: -3053, error: 232
#ERR  p: [1183, 789], r: 33546990, e: -3044, error: 233
#ERR  p: [1183, 790], r: 33546980, e: -3037, error: 234
#ERR  p: [1183, 791], r: 33546970, e: -3028, error: 235
#ERR  p: [1183, 792], r: 33546960, e: -3014, error: 236
#ERR  p: [1183, 793], r: 33546950, e: -3010, error: 237
#ERR  p: [1183, 794], r: 33546940, e: -3000, error: 238
#ERR  p: [1183, 795], r: 33546930, e: -2988, error: 239
#ERR  p: [1183, 796], r: 33546920, e: -2976, error: 240
#ERR  p: [1183, 797], r: 33546910, e: -2974, error: 241
#ERR  p: [1183, 798], r: 33546900, e: -2965, error: 242
#ERR  p: [1183, 799], r: 33546890, e: -2950, error: 243
#ERR  p: [1183, 800], r: 33546880, e: -2946, error: 244
#ERR  p: [1183, 801], r: 33546870, e: -2942, error: 245
#ERR  p: [1183, 802], r: 33546860, e: -2935, error: 246
#ERR  p: [1183, 803], r: 33546850, e: -2926, error: 247
#ERR  p: [1183, 804], r: 33546840, e: -2916, error: 248
#ERR  p: [1183, 805], r: 33546830, e: -2900, error: 249
#ERR  p: [1183, 806], r: 33546820, e: -2890, error: 250
#ERR  p: [1183, 807], r: 33546810, e: -2876, error: 251
#ERR  p: [1183, 808], r: 33546800, e: -2862, error: 252
#ERR  p: [1183, 809], r: 33546790, e: -2859, error: 253
#ERR  p: [1183, 810], r: 33546780, e: -2854, error: 254
#ERR  p: [1183, 811], r: 33546770, e: -2839, error: 255
#ERR  p: [1183, 812], r: 33546760, e: -2831, error: 256
#ERR  p: [1183, 813], r: 33546750, e: -2835, error: 257
#ERR  p: [1183, 814], r: 33546740, e: -2833, error: 258
#ERR  p: [1183, 815], r: 33546730, e: -2825, error: 259
#ERR  p: [1183, 816], r: 33546720, e: -2819, error: 260
#ERR  p: [1183, 817], r: 33546710, e: -2809, error: 261
#ERR  p: [1183, 818], r: 33546700, e: -2798, error: 262
#ERR  p: [1183, 819], r: 33546690, e: -2788, error: 263
#ERR  p: [1183, 820], r: 33546680, e: -2769, error: 264
#ERR  p: [1183, 821], r: 33546670, e: -2763, error: 265
#ERR  p: [1183, 822], r: 33546660, e: -2764, error: 266
#ERR  p: [1183, 823], r: 33546650, e: -2749, error: 267
#ERR  p: [1183, 824], r: 33546640, e: -2748, error: 268
#ERR  p: [1183, 825], r: 33546630, e: -2740, error: 269
#ERR  p: [1183, 826], r: 33546620, e: -2724, error: 270
#ERR  p: [1183, 827], r: 33546610, e: -2713, error: 271
#ERR  p: [1183, 828], r: 33546600, e: -2706, error: 272
#ERR  p: [1183, 829], r: 33546590, e: -2701, error: 273
#ERR  p: [1183, 830], r: 33546580, e: -2692, error: 274
#ERR  p: [1183, 831], r: 33546570, e: -2681, error: 275
#ERR  p: [1183, 832], r: 33546560, e: -2681, error: 276
#ERR  p: [1183, 833], r: 33546550, e: -2677, error: 277
#ERR  p: [1183, 834], r: 33546540, e: -2667, error: 278
#ERR  p: [1183, 835], r: 33546530, e: -2655, error: 279
#ERR  p: [1183, 836], r: 33546520, e: -2651, error: 280
#ERR  p: [1183, 837], r: 33546510, e: -2648, error: 281
#ERR  p: [1183, 838], r: 33546500, e: -2637, error: 282
#ERR  p: [1183, 839], r: 33546490, e: -2627, error: 283
#ERR  p: [1183, 840], r: 33546480, e: -2626, error: 284
#ERR  p: [1183, 841], r: 33546470, e: -2619, error: 285
#ERR  p: [1183, 842], r: 33546460, e: -2615, error: 286
#ERR  p: [1183, 843], r: 33546450, e: -2602, error: 287
#ERR  p: [1183, 844], r: 33546440, e: -2591, error: 288
#ERR  p: [1183, 845], r: 33546430, e: -2582, error: 289
#ERR  p: [1183, 846], r: 33546420, e: -2580, error: 290
#ERR  p: [1183, 847], r: 33546410, e: -2566, error: 291
#ERR  p: [1183, 848], r: 33546400, e: -2561, error: 292
#ERR  p: [1183, 849], r: 33546390, e: -2552, error: 293
#ERR  p: [1183, 850], r: 33546380, e: -2544, error: 294
#ERR  p: [1183, 851], r: 33546370, e: -2537, error: 295
#ERR  p: [1183, 852], r: 33546360, e: -2530, error: 296
#ERR  p: [1183, 853], r: 33546350, e: -2524, error: 297
#ERR  p: [1183, 854], r: 33546340, e: -2513, error: 298
#ERR  p: [1183, 855], r: 33546330, e: -2507, error: 299
#ERR  p: [1183, 856], r: 33546320, e: -2498, error: 300
#ERR  p: [1183, 857], r: 33546310, e: -2490, error: 301
#ERR  p: [1183, 858], r: 33546300, e: -2481, error: 302
#ERR  p: [1183, 859], r: 33546290, e: -2473, error: 303
#ERR  p: [1183, 860], r: 33546280, e: -2464, error: 304
#ERR  p: [1183, 861], r: 33546270, e: -2453, error: 305
#ERR  p: [1183, 862], r: 33546260, e: -2446, error: 306
#ERR  p: [1183, 863], r: 33546250, e: -2443, error: 307
#ERR  p: [1183, 864], r: 33546240, e: -2437, error: 308
#ERR  p: [1183, 865], r: 33546230, e: -2429, error: 309
#ERR  p: [1183, 866], r: 33546220, e: -2423, error: 310
#ERR  p: [1183, 867], r: 33546210, e: -2416, error: 311
#ERR  p: [1183, 868], r: 33546200, e: -2405, error: 312
#ERR  p: [1183, 869], r: 33546190, e: -2391, error: 313
#ERR  p: [1183, 870], r: 33546180, e: -2391, error: 314
#ERR  p: [1183, 871], r: 33546170, e: -2384, error: 315
#ERR  p: [1183, 872], r: 33546160, e: -2372, error: 316
#ERR  p: [1183, 873], r: 33546150, e: -2374, error: 317
#ERR  p: [1183, 874], r: 33546140, e: -2364, error: 318
#ERR  p: [1183, 875], r: 33546130, e: -2374, error: 319
#ERR  p: [1183, 876], r: 33546120, e: -2370, error: 320
#ERR  p: [1183, 877], r: 33546110, e: -2355, error: 321
#ERR  p: [1183, 878], r: 33546100, e: -2343, error: 322
#ERR  p: [1183, 879], r: 33546090, e: -2347, error: 323
#ERR  p: [1183, 880], r: 33546080, e: -2336, error: 324
#ERR  p: [1183, 881], r: 33546070, e: -2326, error: 325
#ERR  p: [1183, 882], r: 33546060, e: -2320, error: 326
#ERR  p: [1183, 883], r: 33546050, e: -2310, error: 327
#ERR  p: [1183, 884], r: 33546040, e: -2301, error: 328
#ERR  p: [1183, 885], r: 33546030, e: -2287, error: 329
#ERR  p: [1183, 886], r: 33546020, e: -2283, error: 330
#ERR  p: [1183, 887], r: 33546010, e: -2275, error: 331
#ERR  p: [1183, 888], r: 33546000, e: -2260, error: 332
#ERR  p: [1183, 889], r: 33545990, e: -2249, error: 333
#ERR  p: [1183, 890], r: 33545980, e: -2234, error: 334
#ERR  p: [1183, 891], r: 33545970, e: -2220, error: 335
#ERR  p: [1183, 892], r: 33545960, e: -2211, error: 336
#ERR  p: [1183, 893], r: 33545950, e: -2199, error: 337
#ERR  p: [1183, 894], r: 33545940, e: -2196, error: 338
#ERR  p: [1183, 895], r: 33545930, e: -2195, error: 339
#ERR  p: [1183, 896], r: 33545920, e: -2174, error: 340
#ERR  p: [1183, 897], r: 33545910, e: -2162, error: 341
#ERR  p: [1183, 898], r: 33545900, e: -2167, error: 342
#ERR  p: [1183, 899], r: 33545890, e: -2155, error: 343
#ERR  p: [1183, 900], r: 33545880, e: -2148, error: 344
#ERR  p: [1183, 901], r: 33545870, e: -2141, error: 345
#ERR  p: [1183, 902], r: 33545860, e: -2137, error: 346
#ERR  p: [1183, 903], r: 33545850, e: -2139, error: 347
#ERR  p: [1183, 904], r: 33545840, e: -2131, error: 348
#ERR  p: [1183, 905], r: 33545830, e: -2128, error: 349
#ERR  p: [1183, 906], r: 33545820, e: -2124, error: 350
#ERR  p: [1183, 907], r: 33545810, e: -2121, error: 351
#ERR  p: [1183, 908], r: 33545800, e: -2111, error: 352
#ERR  p: [1183, 909], r: 33545790, e: -2108, error: 353
#ERR  p: [1183, 910], r: 33545780, e: -2116, error: 354
#ERR  p: [1183, 911], r: 33545770, e: -2110, error: 355
#ERR  p: [1183, 912], r: 33545760, e: -2100, error: 356
#ERR  p: [1183, 913], r: 33545750, e: -2079, error: 357
#ERR  p: [1183, 914], r: 33545740, e: -2068, error: 358
#ERR  p: [1183, 915], r: 33545730, e: -2076, error: 359
#ERR  p: [1183, 916], r: 33545720, e: -2077, error: 360
#ERR  p: [1183, 917], r: 33545710, e: -2067, error: 361
#ERR  p: [1183, 918], r: 33545700, e: -2060, error: 362
#ERR  p: [1183, 919], r: 33545690, e: -2054, error: 363
#ERR  p: [1183, 920], r: 33545680, e: -2048, error: 364
#ERR  p: [1183, 921], r: 33545670, e: -2038, error: 365
#ERR  p: [1183, 922], r: 33545660, e: -2031, error: 366
#ERR  p: [1183, 923], r: 33545650, e: -2017, error: 367
#ERR  p: [1183, 924], r: 33545640, e: -1996, error: 368
#ERR  p: [1183, 925], r: 33545630, e: -1981, error: 369
#ERR  p: [1183, 926], r: 33545620, e: -1991, error: 370
#ERR  p: [1183, 927], r: 33545610, e: -1989, error: 371
#ERR  p: [1183, 928], r: 33545600, e: -1978, error: 372
#ERR  p: [1183, 929], r: 33545590, e: -1966, error: 373
#ERR  p: [1183, 930], r: 33545580, e: -1971, error: 374
#ERR  p: [1183, 931], r: 33545570, e: -1964, error: 375
#ERR  p: [1183, 932], r: 33545560, e: -1958, error: 376
#ERR  p: [1183, 933], r: 33545550, e: -1946, error: 377
#ERR  p: [1183, 934], r: 33545540, e: -1937, error: 378
#ERR  p: [1183, 935], r: 33545530, e: -1927, error: 379
#ERR  p: [1183, 936], r: 33545520, e: -1915, error: 380
#ERR  p: [1183, 937], r: 33545510, e: -1912, error: 381
#ERR  p: [1183, 938], r: 33545500, e: -1901, error: 382
#ERR  p: [1183, 939], r: 33545490, e: -1889, error: 383
#ERR  p: [1183, 940], r: 33545480, e: -1889, error: 384
#ERR  p: [1183, 941], r: 33545470, e: -1879, error: 385
#ERR  p: [1183, 942], r: 33545460, e: -1865, error: 386
#ERR  p: [1183, 943], r: 33545450, e: -1868, error: 387
#ERR  p: [1183, 944], r: 33545440, e: -1857, error: 388
#ERR  p: [1183, 945], r: 33545430, e: -1850, error: 389
#ERR  p: [1183, 946], r: 33545420, e: -1851, error: 390
#ERR  p: [1183, 947], r: 33545410, e: -1851, error: 391
#ERR  p: [1183, 948], r: 33545400, e: -1844, error: 392
#ERR  p: [1183, 949], r: 33545390, e: -1833, error: 393
#ERR  p: [1183, 950], r: 33545380, e: -1826, error: 394
#ERR  p: [1183, 951], r: 33545370, e: -1830, error: 395
#ERR  p: [1183, 952], r: 33545360, e: -1823, error: 396
#ERR  p: [1183, 953], r: 33545350, e: -1812, error: 397
#ERR  p: [1183, 954], r: 33545340, e: -1804, error: 398
#ERR  p: [1183, 955], r: 33545330, e: -1783, error: 399
#ERR  p: [1183, 956], r: 33545320, e: -1774, error: 400
#ERR  p: [1183, 957], r: 33545310, e: -1783, error: 401
#ERR  p: [1183, 958], r: 33545300, e: -1773, error: 402
#ERR  p: [1183, 959], r: 33545290, e: -1774, error: 403
#ERR  p: [1183, 960], r: 33545280, e: -1764, error: 404
#ERR  p: [1183, 961], r: 33545270, e: -1765, error: 405
#ERR  p: [1183, 962], r: 33545260, e: -1762, error: 406
#ERR  p: [1183, 963], r: 33545250, e: -1750, error: 407
#ERR  p: [1183, 964], r: 33545240, e: -1734, error: 408
#ERR  p: [1183, 965], r: 33545230, e: -1724, error: 409
#ERR  p: [1183, 966], r: 33545220, e: -1725, error: 410
#ERR  p: [1183, 967], r: 33545210, e: -1717, error: 411
#ERR  p: [1183, 968], r: 33545200, e: -1708, error: 412
#ERR  p: [1183, 969], r: 33545190, e: -1700, error: 413
#ERR  p: [1183, 970], r: 33545180, e: -1693, error: 414
#ERR  p: [1183, 971], r: 33545170, e: -1688, error: 415
#ERR  p: [1183, 972], r: 33545160, e: -1678, error: 416
#ERR  p: [1183, 973], r: 33545150, e: -1684, error: 417
#ERR  p: [1183, 974], r: 33545140, e: -1673, error: 418
#ERR  p: [1183, 975], r: 33545130, e: -1665, error: 419
#ERR  p: [1183, 976], r: 33545120, e: -1655, error: 420
#ERR  p: [1183, 977], r: 33545110, e: -1646, error: 421
#ERR  p: [1183, 978], r: 33545100, e: -1647, error: 422
#ERR  p: [1183, 979], r: 33545090, e: -1641, error: 423
#ERR  p: [1183, 980], r: 33545080, e: -1642, error: 424
#ERR  p: [1183, 981], r: 33545070, e: -1632, error: 425
#ERR  p: [1183, 982], r: 33545060, e: -1630, error: 426
#ERR  p: [1183, 983], r: 33545050, e: -1618, error: 427
#ERR  p: [1183, 984], r: 33545040, e: -1611, error: 428
#ERR  p: [1183, 985], r: 33545030, e: -1595, error: 429
#ERR  p: [1183, 986], r: 33545020, e: -1586, error: 430
#ERR  p: [1183, 987], r: 33545010, e: -1576, error: 431
#ERR  p: [1183, 988], r: 33545000, e: -1567, error: 432
#ERR  p: [1183, 989], r: 33544990, e: -1557, error: 433
#ERR  p: [1183, 990], r: 33544980, e: -1551, error: 434
#ERR  p: [1183, 991], r: 33544970, e: -1540, error: 435
#ERR  p: [1183, 992], r: 33544960, e: -1536, error: 436
#ERR  p: [1183, 993], r: 33544950, e: -1528, error: 437
#ERR  p: [1183, 994], r: 33544940, e: -1523, error: 438
#ERR  p: [1183, 995], r: 33544930, e: -1513, error: 439
#ERR  p: [1183, 996], r: 33544920, e: -1498, error: 440
#ERR  p: [1183, 997], r: 33544910, e: -1487, error: 441
#ERR  p: [1183, 998], r: 33544900, e: -1493, error: 442
#ERR  p: [1183, 999], r: 33544890, e: -1486, error: 443
#ERR  p: [1183, 1000], r: 33544880, e: -1481, error: 444
#ERR  p: [1183, 1001], r: 33544870, e: -1473, error: 445
#ERR  p: [1183, 1002], r: 33544860, e: -1483, error: 446
#ERR  p: [1183, 1003], r: 33544850, e: -1480, error: 447
#ERR  p: [1183, 1004], r: 33544840, e: -1471, error: 448
#ERR  p: [1183, 1005], r: 33544830, e: -1460, error: 449
#ERR  p: [1183, 1006], r: 33544820, e: -1453, error: 450
#ERR  p: [1183, 1007], r: 33544810, e: -1446, error: 451
#ERR  p: [1183, 1008], r: 33544800, e: -1440, error: 452
#ERR  p: [1183, 1009], r: 33544790, e: -1430, error: 453
#ERR  p: [1183, 1010], r: 33544780, e: -1425, error: 454
#ERR  p: [1183, 1011], r: 33544770, e: -1414, error: 455
#ERR  p: [1183, 1012], r: 33544760, e: -1410, error: 456
#ERR  p: [1183, 1013], r: 33544750, e: -1399, error: 457
#ERR  p: [1183, 1014], r: 33544740, e: -1393, error: 458
#ERR  p: [1183, 1015], r: 33544730, e: -1393, error: 459
#ERR  p: [1183, 1016], r: 33544720, e: -1383, error: 460
#ERR  p: [1183, 1017], r: 33544710, e: -1375, error: 461
#ERR  p: [1183, 1018], r: 33544700, e: -1368, error: 462
#ERR  p: [1183, 1019], r: 33544690, e: -1358, error: 463
#ERR  p: [1183, 1020], r: 33544680, e: -1366, error: 464
#ERR  p: [1183, 1021], r: 33544670, e: -1372, error: 465
#ERR  p: [1183, 1022], r: 33544660, e: -1362, error: 466
#ERR  p: [1183, 1023], r: 33544650, e: -1356, error: 467
#ERR  p: [1183, 1024], r: 33544640, e: -1346, error: 468
#ERR  p: [1183, 1025], r: 33544630, e: -1340, error: 469
#ERR  p: [1183, 1026], r: 33544620, e: -1338, error: 470
#ERR  p: [1183, 1027], r: 33544610, e: -1328, error: 471
#ERR  p: [1183, 1028], r: 33544600, e: -1307, error: 472
#ERR  p: [1183, 1029], r: 33544590, e: -1300, error: 473
#ERR  p: [1183, 1030], r: 33544580, e: -1304, error: 474
#ERR  p: [1183, 1031], r: 33544570, e: -1296, error: 475
#ERR  p: [1183, 1032], r: 33544560, e: -1288, error: 476
#ERR  p: [1183, 1033], r: 33544550, e: -1279, error: 477
#ERR  p: [1183, 1034], r: 33544540, e: -1286, error: 478
#ERR  p: [1183, 1035], r: 33544530, e: -1291, error: 479
#ERR  p: [1183, 1036], r: 33544520, e: -1277, error: 480
#ERR  p: [1183, 1037], r: 33544510, e: -1273, error: 481
#ERR  p: [1183, 1038], r: 33544500, e: -1265, error: 482
#ERR  p: [1183, 1039], r: 33544490, e: -1254, error: 483
#ERR  p: [1183, 1040], r: 33544480, e: -1244, error: 484
#ERR  p: [1183, 1041], r: 33544470, e: -1237, error: 485
#ERR  p: [1183, 1042], r: 33544460, e: -1226, error: 486
#ERR  p: [1183, 1043], r: 33544450, e: -1221, error: 487
#ERR  p: [1183, 1044], r: 33544440, e: -1215, error: 488
#ERR  p: [1183, 1045], r: 33544430, e: -1204, error: 489
#ERR  p: [1183, 1046], r: 33544420, e: -1213, error: 490
#ERR  p: [1183, 1047], r: 33544410, e: -1206, error: 491
#ERR  p: [1183, 1048], r: 33544400, e: -1202, error: 492
#ERR  p: [1183, 1049], r: 33544390, e: -1204, error: 493
#ERR  p: [1183, 1050], r: 33544380, e: -1197, error: 494
#ERR  p: [1183, 1051], r: 33544370, e: -1191, error: 495
#ERR  p: [1183, 1052], r: 33544360, e: -1187, error: 496
#ERR  p: [1183, 1053], r: 33544350, e: -1173, error: 497
#ERR  p: [1183, 1054], r: 33544340, e: -1183, error: 498
#ERR  p: [1183, 1055], r: 33544330, e: -1171, error: 499
#SDC Ite:0 KerTime:0.295237 AccTime:0.295237 KerErr:500 AccErr:500
#END