#HEADER max_rows:2048 max_cols:2048 penalty:10
#BEGIN Y:2016 M:09 D:12 Time:14:59:19
#IT Ite:0 KerTime:0.294769 AccTime:0.294769
#ERR Error detected! kerrors = 402752
#ERR  p: [1845, 64], r: 1549657600, e: -17464, error: 1
#ERR  p: [1845, 65], r: 1549657590, e: -17446, error: 2
#ERR  p: [1845, 66], r: 1549657580, e: -17432, error: 3
#ERR  p: [1845, 67], r: 1549657570, e: -17418, error: 4
#ERR  p: [1845, 68], r: 1549657560, e: -17402, error: 5
#ERR  p: [1845, 69], r: 1549657550, e: -17388, error: 6
#ERR  p: [1845, 70], r: 1549657540, e: -17372, error: 7
#ERR  p: [1845, 71], r: 1549657530, e: -17356, error: 8
#ERR  p: [1845, 72], r: 1549657520, e: -17342, error: 9
#ERR  p: [1845, 73], r: 1549657510, e: -17325, error: 10
#ERR  p: [1845, 74], r: 1549657500, e: -17311, error: 11
#ERR  p: [1845, 75], r: 1549657490, e: -17296, error: 12
#ERR  p: [1845, 76], r: 1549657480, e: -17275, error: 13
#ERR  p: [1845, 77], r: 1549657470, e: -17264, error: 14
#ERR  p: [1845, 78], r: 1549657460, e: -17248, error: 15
#ERR  p: [1845, 79], r: 1549657450, e: -17234, error: 16
#ERR  p: [1845, 80], r: 1549657440, e: -17218, error: 17
#ERR  p: [1845, 81], r: 1549657430, e: -17204, error: 18
#ERR  p: [1845, 82], r: 1549657420, e: -17193, error: 19
#ERR  p: [1845, 83], r: 1549657410, e: -17179, error: 20
#ERR  p: [1845, 84], r: 1549657400, e: -17165, error: 21
#ERR  p: [1845, 85], r: 1549657390, e: -17148, error: 22
#ERR  p: [1845, 86], r: 1549657380, e: -17128, error: 23
#ERR  p: [1845, 87], r: 1549657370, e: -17113, error: 24
#ERR  p: [1845, 88], r: 1549657360, e: -17099, error: 25
#ERR  p: [1845, 89], r: 1549657350, e: -17088, error: 26
#ERR  p: [1845, 90], r: 1549657340, e: -17073, error: 27
#ERR  p: [1845, 91], r: 1549657330, e: -17059, error: 28
#ERR  p: [1845, 92], r: 1549657320, e: -17043, error: 29
#ERR  p: [1845, 93], r: 1549657310, e: -17029, error: 30
#ERR  p: [1845, 94], r: 1549657300, e: -17015, error: 31
#ERR  p: [1845, 95], r: 1549657290, e: -17001, error: 32
#ERR  p: [1845, 96], r: 1549657280, e: -16991, error: 33
#ERR  p: [1845, 97], r: 1549657270, e: -16976, error: 34
#ERR  p: [1845, 98], r: 1549657260, e: -16962, error: 35
#ERR  p: [1845, 99], r: 1549657250, e: -16947, error: 36
#ERR  p: [1845, 100], r: 1549657240, e: -16935, error: 37
#ERR  p: [1845, 101], r: 1549657230, e: -16923, error: 38
#ERR  p: [1845, 102], r: 1549657220, e: -16905, error: 39
#ERR  p: [1845, 103], r: 1549657210, e: -16890, error: 40
#ERR  p: [1845, 104], r: 1549657200, e: -16875, error: 41
#ERR  p: [1845, 105], r: 1549657190, e: -16858, error: 42
#ERR  p: [1845, 106], r: 1549657180, e: -16852, error: 43
#ERR  p: [1845, 107], r: 1549657170, e: -16839, error: 44
#ERR  p: [1845, 108], r: 1549657160, e: -16828, error: 45
#ERR  p: [1845, 109], r: 1549657150, e: -16814, error: 46
#ERR  p: [1845, 110], r: 1549657140, e: -16795, error: 47
#ERR  p: [1845, 111], r: 1549657130, e: -16777, error: 48
#ERR  p: [1845, 112], r: 1549657120, e: -16761, error: 49
#ERR  p: [1845, 113], r: 1549657110, e: -16747, error: 50
#ERR  p: [1845, 114], r: 1549657100, e: -16732, error: 51
#ERR  p: [1845, 115], r: 1549657090, e: -16715, error: 52
#ERR  p: [1845, 116], r: 1549657080, e: -16700, error: 53
#ERR  p: [1845, 117], r: 1549657070, e: -16679, error: 54
#ERR  p: [1845, 118], r: 1549657060, e: -16663, error: 55
#ERR  p: [1845, 119], r: 1549657050, e: -16647, error: 56
#ERR  p: [1845, 120], r: 1549657040, e: -16631, error: 57
#ERR  p: [1845, 121], r: 1549657030, e: -16618, error: 58
#ERR  p: [1845, 122], r: 1549657020, e: -16602, error: 59
#ERR  p: [1845, 123], r: 1549657010, e: -16592, error: 60
#ERR  p: [1845, 124], r: 1549657000, e: -16576, error: 61
#ERR  p: [1845, 125], r: 1549656990, e: -16560, error: 62
#ERR  p: [1845, 126], r: 1549656980, e: -16543, error: 63
#ERR  p: [1845, 127], r: 1549656970, e: -16532, error: 64
#ERR  p: [1845, 128], r: 1549656960, e: -16517, error: 65
#ERR  p: [1845, 129], r: 1549656950, e: -16502, error: 66
#ERR  p: [1845, 130], r: 1549656940, e: -16486, error: 67
#ERR  p: [1845, 131], r: 1549656930, e: -16469, error: 68
#ERR  p: [1845, 132], r: 1549656920, e: -16458, error: 69
#ERR  p: [1845, 133], r: 1549656910, e: -16447, error: 70
#ERR  p: [1845, 134], r: 1549656900, e: -16431, error: 71
#ERR  p: [1845, 135], r: 1549656890, e: -16416, error: 72
#ERR  p: [1845, 136], r: 1549656880, e: -16402, error: 73
#ERR  p: [1845, 137], r: 1549656870, e: -16392, error: 74
#ERR  p: [1845, 138], r: 1549656860, e: -16379, error: 75
#ERR  p: [1845, 139], r: 1549656850, e: -16365, error: 76
#ERR  p: [1845, 140], r: 1549656840, e: -16356, error: 77
#ERR  p: [1845, 141], r: 1549656830, e: -16344, error: 78
#ERR  p: [1845, 142], r: 1549656820, e: -16326, error: 79
#ERR  p: [1845, 143], r: 1549656810, e: -16311, error: 80
#ERR  p: [1845, 144], r: 1549656800, e: -16295, error: 81
#ERR  p: [1845, 145], r: 1549656790, e: -16288, error: 82
#ERR  p: [1845, 146], r: 1549656780, e: -16272, error: 83
#ERR  p: [1845, 147], r: 1549656770, e: -16262, error: 84
#ERR  p: [1845, 148], r: 1549656760, e: -16251, error: 85
#ERR  p: [1845, 149], r: 1549656750, e: -16237, error: 86
#ERR  p: [1845, 150], r: 1549656740, e: -16224, error: 87
#ERR  p: [1845, 151], r: 1549656730, e: -16210, error: 88
#ERR  p: [1845, 152], r: 1549656720, e: -16195, error: 89
#ERR  p: [1845, 153], r: 1549656710, e: -16181, error: 90
#ERR  p: [1845, 154], r: 1549656700, e: -16171, error: 91
#ERR  p: [1845, 155], r: 1549656690, e: -16158, error: 92
#ERR  p: [1845, 156], r: 1549656680, e: -16140, error: 93
#ERR  p: [1845, 157], r: 1549656670, e: -16123, error: 94
#ERR  p: [1845, 158], r: 1549656660, e: -16113, error: 95
#ERR  p: [1845, 159], r: 1549656650, e: -16101, error: 96
#ERR  p: [1845, 160], r: 1549656640, e: -16087, error: 97
#ERR  p: [1845, 161], r: 1549656630, e: -16066, error: 98
#ERR  p: [1845, 162], r: 1549656620, e: -16055, error: 99
#ERR  p: [1845, 163], r: 1549656610, e: -16038, error: 100
#ERR  p: [1845, 164], r: 1549656600, e: -16024, error: 101
#ERR  p: [1845, 165], r: 1549656590, e: -16008, error: 102
#ERR  p: [1845, 166], r: 1549656580, e: -15994, error: 103
#ERR  p: [1845, 167], r: 1549656570, e: -15981, error: 104
#ERR  p: [1845, 168], r: 1549656560, e: -15971, error: 105
#ERR  p: [1845, 169], r: 1549656550, e: -15957, error: 106
#ERR  p: [1845, 170], r: 1549656540, e: -15942, error: 107
#ERR  p: [1845, 171], r: 1549656530, e: -15928, error: 108
#ERR  p: [1845, 172], r: 1549656520, e: -15912, error: 109
#ERR  p: [1845, 173], r: 1549656510, e: -15891, error: 110
#ERR  p: [1845, 174], r: 1549656500, e: -15880, error: 111
#ERR  p: [1845, 175], r: 1549656490, e: -15866, error: 112
#ERR  p: [1845, 176], r: 1549656480, e: -15851, error: 113
#ERR  p: [1845, 177], r: 1549656470, e: -15834, error: 114
#ERR  p: [1845, 178], r: 1549656460, e: -15821, error: 115
#ERR  p: [1845, 179], r: 1549656450, e: -15809, error: 116
#ERR  p: [1845, 180], r: 1549656440, e: -15799, error: 117
#ERR  p: [1845, 181], r: 1549656430, e: -15784, error: 118
#ERR  p: [1845, 182], r: 1549656420, e: -15773, error: 119
#ERR  p: [1845, 183], r: 1549656410, e: -15759, error: 120
#ERR  p: [1845, 184], r: 1549656400, e: -15747, error: 121
#ERR  p: [1845, 185], r: 1549656390, e: -15731, error: 122
#ERR  p: [1845, 186], r: 1549656380, e: -15715, error: 123
#ERR  p: [1845, 187], r: 1549656370, e: -15704, error: 124
#ERR  p: [1845, 188], r: 1549656360, e: -15690, error: 125
#ERR  p: [1845, 189], r: 1549656350, e: -15674, error: 126
#ERR  p: [1845, 190], r: 1549656340, e: -15661, error: 127
#ERR  p: [1845, 191], r: 1549656330, e: -15646, error: 128
#ERR  p: [1845, 192], r: 1549656320, e: -15631, error: 129
#ERR  p: [1845, 193], r: 1549656310, e: -15617, error: 130
#ERR  p: [1845, 194], r: 1549656300, e: -15602, error: 131
#ERR  p: [1845, 195], r: 1549656290, e: -15588, error: 132
#ERR  p: [1845, 196], r: 1549656280, e: -15579, error: 133
#ERR  p: [1845, 197], r: 1549656270, e: -15566, error: 134
#ERR  p: [1845, 198], r: 1549656260, e: -15552, error: 135
#ERR  p: [1845, 199], r: 1549656250, e: -15538, error: 136
#ERR  p: [1845, 200], r: 1549656240, e: -15527, error: 137
#ERR  p: [1845, 201], r: 1549656230, e: -15511, error: 138
#ERR  p: [1845, 202], r: 1549656220, e: -15499, error: 139
#ERR  p: [1845, 203], r: 1549656210, e: -15478, error: 140
#ERR  p: [1845, 204], r: 1549656200, e: -15466, error: 141
#ERR  p: [1845, 205], r: 1549656190, e: -15449, error: 142
#ERR  p: [1845, 206], r: 1549656180, e: -15438, error: 143
#ERR  p: [1845, 207], r: 1549656170, e: -15427, error: 144
#ERR  p: [1845, 208], r: 1549656160, e: -15410, error: 145
#ERR  p: [1845, 209], r: 1549656150, e: -15400, error: 146
#ERR  p: [1845, 210], r: 1549656140, e: -15387, error: 147
#ERR  p: [1845, 211], r: 1549656130, e: -15375, error: 148
#ERR  p: [1845, 212], r: 1549656120, e: -15365, error: 149
#ERR  p: [1845, 213], r: 1549656110, e: -15348, error: 150
#ERR  p: [1845, 214], r: 1549656100, e: -15340, error: 151
#ERR  p: [1845, 215], r: 1549656090, e: -15324, error: 152
#ERR  p: [1845, 216], r: 1549656080, e: -15310, error: 153
#ERR  p: [1845, 217], r: 1549656070, e: -15300, error: 154
#ERR  p: [1845, 218], r: 1549656060, e: -15290, error: 155
#ERR  p: [1845, 219], r: 1549656050, e: -15281, error: 156
#ERR  p: [1845, 220], r: 1549656040, e: -15271, error: 157
#ERR  p: [1845, 221], r: 1549656030, e: -15261, error: 158
#ERR  p: [1845, 222], r: 1549656020, e: -15243, error: 159
#ERR  p: [1845, 223], r: 1549656010, e: -15230, error: 160
#ERR  p: [1845, 224], r: 1549656000, e: -15216, error: 161
#ERR  p: [1845, 225], r: 1549655990, e: -15202, error: 162
#ERR  p: [1845, 226], r: 1549655980, e: -15195, error: 163
#ERR  p: [1845, 227], r: 1549655970, e: -15180, error: 164
#ERR  p: [1845, 228], r: 1549655960, e: -15170, error: 165
#ERR  p: [1845, 229], r: 1549655950, e: -15155, error: 166
#ERR  p: [1845, 230], r: 1549655940, e: -15145, error: 167
#ERR  p: [1845, 231], r: 1549655930, e: -15135, error: 168
#ERR  p: [1845, 232], r: 1549655920, e: -15121, error: 169
#ERR  p: [1845, 233], r: 1549655910, e: -15111, error: 170
#ERR  p: [1845, 234], r: 1549655900, e: -15101, error: 171
#ERR  p: [1845, 235], r: 1549655890, e: -15092, error: 172
#ERR  p: [1845, 236], r: 1549655880, e: -15085, error: 173
#ERR  p: [1845, 237], r: 1549655870, e: -15074, error: 174
#ERR  p: [1845, 238], r: 1549655860, e: -15057, error: 175
#ERR  p: [1845, 239], r: 1549655850, e: -15044, error: 176
#ERR  p: [1845, 240], r: 1549655840, e: -15029, error: 177
#ERR  p: [1845, 241], r: 1549655830, e: -15019, error: 178
#ERR  p: [1845, 242], r: 1549655820, e: -15006, error: 179
#ERR  p: [1845, 243], r: 1549655810, e: -14993, error: 180
#ERR  p: [1845, 244], r: 1549655800, e: -14984, error: 181
#ERR  p: [1845, 245], r: 1549655790, e: -14974, error: 182
#ERR  p: [1845, 246], r: 1549655780, e: -14964, error: 183
#ERR  p: [1845, 247], r: 1549655770, e: -14953, error: 184
#ERR  p: [1845, 248], r: 1549655760, e: -14936, error: 185
#ERR  p: [1845, 249], r: 1549655750, e: -14921, error: 186
#ERR  p: [1845, 250], r: 1549655740, e: -14911, error: 187
#ERR  p: [1845, 251], r: 1549655730, e: -14899, error: 188
#ERR  p: [1845, 252], r: 1549655720, e: -14884, error: 189
#ERR  p: [1845, 253], r: 1549655710, e: -14870, error: 190
#ERR  p: [1845, 254], r: 1549655700, e: -14853, error: 191
#ERR  p: [1845, 255], r: 1549655690, e: -14847, error: 192
#ERR  p: [1845, 256], r: 1549655680, e: -14830, error: 193
#ERR  p: [1845, 257], r: 1549655670, e: -14820, error: 194
#ERR  p: [1845, 258], r: 1549655660, e: -14806, error: 195
#ERR  p: [1845, 259], r: 1549655650, e: -14795, error: 196
#ERR  p: [1845, 260], r: 1549655640, e: -14786, error: 197
#ERR  p: [1845, 261], r: 1549655630, e: -14772, error: 198
#ERR  p: [1845, 262], r: 1549655620, e: -14757, error: 199
#ERR  p: [1845, 263], r: 1549655610, e: -14747, error: 200
#ERR  p: [1845, 264], r: 1549655600, e: -14733, error: 201
#ERR  p: [1845, 265], r: 1549655590, e: -14718, error: 202
#ERR  p: [1845, 266], r: 1549655580, e: -14706, error: 203
#ERR  p: [1845, 267], r: 1549655570, e: -14689, error: 204
#ERR  p: [1845, 268], r: 1549655560, e: -14678, error: 205
#ERR  p: [1845, 269], r: 1549655550, e: -14667, error: 206
#ERR  p: [1845, 270], r: 1549655540, e: -14652, error: 207
#ERR  p: [1845, 271], r: 1549655530, e: -14638, error: 208
#ERR  p: [1845, 272], r: 1549655520, e: -14624, error: 209
#ERR  p: [1845, 273], r: 1549655510, e: -14610, error: 210
#ERR  p: [1845, 274], r: 1549655500, e: -14599, error: 211
#ERR  p: [1845, 275], r: 1549655490, e: -14590, error: 212
#ERR  p: [1845, 276], r: 1549655480, e: -14577, error: 213
#ERR  p: [1845, 277], r: 1549655470, e: -14560, error: 214
#ERR  p: [1845, 278], r: 1549655460, e: -14547, error: 215
#ERR  p: [1845, 279], r: 1549655450, e: -14540, error: 216
#ERR  p: [1845, 280], r: 1549655440, e: -14532, error: 217
#ERR  p: [1845, 281], r: 1549655430, e: -14518, error: 218
#ERR  p: [1845, 282], r: 1549655420, e: -14505, error: 219
#ERR  p: [1845, 283], r: 1549655410, e: -14495, error: 220
#ERR  p: [1845, 284], r: 1549655400, e: -14486, error: 221
#ERR  p: [1845, 285], r: 1549655390, e: -14473, error: 222
#ERR  p: [1845, 286], r: 1549655380, e: -14461, error: 223
#ERR  p: [1845, 287], r: 1549655370, e: -14445, error: 224
#ERR  p: [1845, 288], r: 1549655360, e: -14431, error: 225
#ERR  p: [1845, 289], r: 1549655350, e: -14419, error: 226
#ERR  p: [1845, 290], r: 1549655340, e: -14405, error: 227
#ERR  p: [1845, 291], r: 1549655330, e: -14390, error: 228
#ERR  p: [1845, 292], r: 1549655320, e: -14376, error: 229
#ERR  p: [1845, 293], r: 1549655310, e: -14362, error: 230
#ERR  p: [1845, 294], r: 1549655300, e: -14346, error: 231
#ERR  p: [1845, 295], r: 1549655290, e: -14335, error: 232
#ERR  p: [1845, 296], r: 1549655280, e: -14319, error: 233
#ERR  p: [1845, 297], r: 1549655270, e: -14307, error: 234
#ERR  p: [1845, 298], r: 1549655260, e: -14290, error: 235
#ERR  p: [1845, 299], r: 1549655250, e: -14285, error: 236
#ERR  p: [1845, 300], r: 1549655240, e: -14268, error: 237
#ERR  p: [1845, 301], r: 1549655230, e: -14262, error: 238
#ERR  p: [1845, 302], r: 1549655220, e: -14252, error: 239
#ERR  p: [1845, 303], r: 1549655210, e: -14239, error: 240
#ERR  p: [1845, 304], r: 1549655200, e: -14224, error: 241
#ERR  p: [1845, 305], r: 1549655190, e: -14209, error: 242
#ERR  p: [1845, 306], r: 1549655180, e: -14198, error: 243
#ERR  p: [1845, 307], r: 1549655170, e: -14185, error: 244
#ERR  p: [1845, 308], r: 1549655160, e: -14172, error: 245
#ERR  p: [1845, 309], r: 1549655150, e: -14158, error: 246
#ERR  p: [1845, 310], r: 1549655140, e: -14149, error: 247
#ERR  p: [1845, 311], r: 1549655130, e: -14135, error: 248
#ERR  p: [1845, 312], r: 1549655120, e: -14123, error: 249
#ERR  p: [1845, 313], r: 1549655110, e: -14110, error: 250
#ERR  p: [1845, 314], r: 1549655100, e: -14096, error: 251
#ERR  p: [1845, 315], r: 1549655090, e: -14081, error: 252
#ERR  p: [1845, 316], r: 1549655080, e: -14066, error: 253
#ERR  p: [1845, 317], r: 1549655070, e: -14052, error: 254
#ERR  p: [1845, 318], r: 1549655060, e: -14042, error: 255
#ERR  p: [1845, 319], r: 1549655050, e: -14032, error: 256
#ERR  p: [1845, 320], r: 1549655040, e: -14020, error: 257
#ERR  p: [1845, 321], r: 1549655030, e: -14004, error: 258
#ERR  p: [1845, 322], r: 1549655020, e: -13998, error: 259
#ERR  p: [1845, 323], r: 1549655010, e: -13988, error: 260
#ERR  p: [1845, 324], r: 1549655000, e: -13974, error: 261
#ERR  p: [1845, 325], r: 1549654990, e: -13965, error: 262
#ERR  p: [1845, 326], r: 1549654980, e: -13946, error: 263
#ERR  p: [1845, 327], r: 1549654970, e: -13935, error: 264
#ERR  p: [1845, 328], r: 1549654960, e: -13925, error: 265
#ERR  p: [1845, 329], r: 1549654950, e: -13911, error: 266
#ERR  p: [1845, 330], r: 1549654940, e: -13892, error: 267
#ERR  p: [1845, 331], r: 1549654930, e: -13879, error: 268
#ERR  p: [1845, 332], r: 1549654920, e: -13866, error: 269
#ERR  p: [1845, 333], r: 1549654910, e: -13852, error: 270
#ERR  p: [1845, 334], r: 1549654900, e: -13835, error: 271
#ERR  p: [1845, 335], r: 1549654890, e: -13820, error: 272
#ERR  p: [1845, 336], r: 1549654880, e: -13806, error: 273
#ERR  p: [1845, 337], r: 1549654870, e: -13792, error: 274
#ERR  p: [1845, 338], r: 1549654860, e: -13780, error: 275
#ERR  p: [1845, 339], r: 1549654850, e: -13770, error: 276
#ERR  p: [1845, 340], r: 1549654840, e: -13753, error: 277
#ERR  p: [1845, 341], r: 1549654830, e: -13737, error: 278
#ERR  p: [1845, 342], r: 1549654820, e: -13721, error: 279
#ERR  p: [1845, 343], r: 1549654810, e: -13711, error: 280
#ERR  p: [1845, 344], r: 1549654800, e: -13701, error: 281
#ERR  p: [1845, 345], r: 1549654790, e: -13691, error: 282
#ERR  p: [1845, 346], r: 1549654780, e: -13682, error: 283
#ERR  p: [1845, 347], r: 1549654770, e: -13674, error: 284
#ERR  p: [1845, 348], r: 1549654760, e: -13663, error: 285
#ERR  p: [1845, 349], r: 1549654750, e: -13642, error: 286
#ERR  p: [1845, 350], r: 1549654740, e: -13633, error: 287
#ERR  p: [1845, 351], r: 1549654730, e: -13618, error: 288
#ERR  p: [1845, 352], r: 1549654720, e: -13603, error: 289
#ERR  p: [1845, 353], r: 1549654710, e: -13584, error: 290
#ERR  p: [1845, 354], r: 1549654700, e: -13563, error: 291
#ERR  p: [1845, 355], r: 1549654690, e: -13546, error: 292
#ERR  p: [1845, 356], r: 1549654680, e: -13537, error: 293
#ERR  p: [1845, 357], r: 1549654670, e: -13524, error: 294
#ERR  p: [1845, 358], r: 1549654660, e: -13510, error: 295
#ERR  p: [1845, 359], r: 1549654650, e: -13489, error: 296
#ERR  p: [1845, 360], r: 1549654640, e: -13479, error: 297
#ERR  p: [1845, 361], r: 1549654630, e: -13470, error: 298
#ERR  p: [1845, 362], r: 1549654620, e: -13458, error: 299
#ERR  p: [1845, 363], r: 1549654610, e: -13442, error: 300
#ERR  p: [1845, 364], r: 1549654600, e: -13432, error: 301
#ERR  p: [1845, 365], r: 1549654590, e: -13417, error: 302
#ERR  p: [1845, 366], r: 1549654580, e: -13403, error: 303
#ERR  p: [1845, 367], r: 1549654570, e: -13382, error: 304
#ERR  p: [1845, 368], r: 1549654560, e: -13372, error: 305
#ERR  p: [1845, 369], r: 1549654550, e: -13363, error: 306
#ERR  p: [1845, 370], r: 1549654540, e: -13350, error: 307
#ERR  p: [1845, 371], r: 1549654530, e: -13340, error: 308
#ERR  p: [1845, 372], r: 1549654520, e: -13331, error: 309
#ERR  p: [1845, 373], r: 1549654510, e: -13319, error: 310
#ERR  p: [1845, 374], r: 1549654500, e: -13308, error: 311
#ERR  p: [1845, 375], r: 1549654490, e: -13291, error: 312
#ERR  p: [1845, 376], r: 1549654480, e: -13284, error: 313
#ERR  p: [1845, 377], r: 1549654470, e: -13270, error: 314
#ERR  p: [1845, 378], r: 1549654460, e: -13256, error: 315
#ERR  p: [1845, 379], r: 1549654450, e: -13244, error: 316
#ERR  p: [1845, 380], r: 1549654440, e: -13234, error: 317
#ERR  p: [1845, 381], r: 1549654430, e: -13224, error: 318
#ERR  p: [1845, 382], r: 1549654420, e: -13214, error: 319
#ERR  p: [1845, 383], r: 1549654410, e: -13202, error: 320
#ERR  p: [1845, 384], r: 1549654400, e: -13189, error: 321
#ERR  p: [1845, 385], r: 1549654390, e: -13175, error: 322
#ERR  p: [1845, 386], r: 1549654380, e: -13160, error: 323
#ERR  p: [1845, 387], r: 1549654370, e: -13145, error: 324
#ERR  p: [1845, 388], r: 1549654360, e: -13129, error: 325
#ERR  p: [1845, 389], r: 1549654350, e: -13112, error: 326
#ERR  p: [1845, 390], r: 1549654340, e: -13107, error: 327
#ERR  p: [1845, 391], r: 1549654330, e: -13097, error: 328
#ERR  p: [1845, 392], r: 1549654320, e: -13080, error: 329
#ERR  p: [1845, 393], r: 1549654310, e: -13070, error: 330
#ERR  p: [1845, 394], r: 1549654300, e: -13062, error: 331
#ERR  p: [1845, 395], r: 1549654290, e: -13054, error: 332
#ERR  p: [1845, 396], r: 1549654280, e: -13040, error: 333
#ERR  p: [1845, 397], r: 1549654270, e: -13023, error: 334
#ERR  p: [1845, 398], r: 1549654260, e: -13013, error: 335
#ERR  p: [1845, 399], r: 1549654250, e: -13004, error: 336
#ERR  p: [1845, 400], r: 1549654240, e: -12999, error: 337
#ERR  p: [1845, 401], r: 1549654230, e: -12988, error: 338
#ERR  p: [1845, 402], r: 1549654220, e: -12971, error: 339
#ERR  p: [1845, 403], r: 1549654210, e: -12962, error: 340
#ERR  p: [1845, 404], r: 1549654200, e: -12944, error: 341
#ERR  p: [1845, 405], r: 1549654190, e: -12929, error: 342
#ERR  p: [1845, 406], r: 1549654180, e: -12915, error: 343
#ERR  p: [1845, 407], r: 1549654170, e: -12903, error: 344
#ERR  p: [1845, 408], r: 1549654160, e: -12891, error: 345
#ERR  p: [1845, 409], r: 1549654150, e: -12881, error: 346
#ERR  p: [1845, 410], r: 1549654140, e: -12870, error: 347
#ERR  p: [1845, 411], r: 1549654130, e: -12858, error: 348
#ERR  p: [1845, 412], r: 1549654120, e: -12846, error: 349
#ERR  p: [1845, 413], r: 1549654110, e: -12838, error: 350
#ERR  p: [1845, 414], r: 1549654100, e: -12828, error: 351
#ERR  p: [1845, 415], r: 1549654090, e: -12818, error: 352
#ERR  p: [1845, 416], r: 1549654080, e: -12808, error: 353
#ERR  p: [1845, 417], r: 1549654070, e: -12792, error: 354
#ERR  p: [1845, 418], r: 1549654060, e: -12786, error: 355
#ERR  p: [1845, 419], r: 1549654050, e: -12777, error: 356
#ERR  p: [1845, 420], r: 1549654040, e: -12760, error: 357
#ERR  p: [1845, 421], r: 1549654030, e: -12759, error: 358
#ERR  p: [1845, 422], r: 1549654020, e: -12746, error: 359
#ERR  p: [1845, 423], r: 1549654010, e: -12734, error: 360
#ERR  p: [1845, 424], r: 1549654000, e: -12724, error: 361
#ERR  p: [1845, 425], r: 1549653990, e: -12714, error: 362
#ERR  p: [1845, 426], r: 1549653980, e: -12698, error: 363
#ERR  p: [1845, 427], r: 1549653970, e: -12688, error: 364
#ERR  p: [1845, 428], r: 1549653960, e: -12677, error: 365
#ERR  p: [1845, 429], r: 1549653950, e: -12667, error: 366
#ERR  p: [1845, 430], r: 1549653940, e: -12657, error: 367
#ERR  p: [1845, 431], r: 1549653930, e: -12645, error: 368
#ERR  p: [1845, 432], r: 1549653920, e: -12635, error: 369
#ERR  p: [1845, 433], r: 1549653910, e: -12623, error: 370
#ERR  p: [1845, 434], r: 1549653900, e: -12607, error: 371
#ERR  p: [1845, 435], r: 1549653890, e: -12593, error: 372
#ERR  p: [1845, 436], r: 1549653880, e: -12581, error: 373
#ERR  p: [1845, 437], r: 1549653870, e: -12566, error: 374
#ERR  p: [1845, 438], r: 1549653860, e: -12557, error: 375
#ERR  p: [1845, 439], r: 1549653850, e: -12547, error: 376
#ERR  p: [1845, 440], r: 1549653840, e: -12530, error: 377
#ERR  p: [1845, 441], r: 1549653830, e: -12522, error: 378
#ERR  p: [1845, 442], r: 1549653820, e: -12510, error: 379
#ERR  p: [1845, 443], r: 1549653810, e: -12497, error: 380
#ERR  p: [1845, 444], r: 1549653800, e: -12487, error: 381
#ERR  p: [1845, 445], r: 1549653790, e: -12475, error: 382
#ERR  p: [1845, 446], r: 1549653780, e: -12465, error: 383
#ERR  p: [1845, 447], r: 1549653770, e: -12449, error: 384
#ERR  p: [1845, 448], r: 1549653760, e: -12440, error: 385
#ERR  p: [1845, 449], r: 1549653750, e: -12428, error: 386
#ERR  p: [1845, 450], r: 1549653740, e: -12421, error: 387
#ERR  p: [1845, 451], r: 1549653730, e: -12404, error: 388
#ERR  p: [1845, 452], r: 1549653720, e: -12395, error: 389
#ERR  p: [1845, 453], r: 1549653710, e: -12386, error: 390
#ERR  p: [1845, 454], r: 1549653700, e: -12365, error: 391
#ERR  p: [1845, 455], r: 1549653690, e: -12356, error: 392
#ERR  p: [1845, 456], r: 1549653680, e: -12347, error: 393
#ERR  p: [1845, 457], r: 1549653670, e: -12338, error: 394
#ERR  p: [1845, 458], r: 1549653660, e: -12325, error: 395
#ERR  p: [1845, 459], r: 1549653650, e: -12311, error: 396
#ERR  p: [1845, 460], r: 1549653640, e: -12294, error: 397
#ERR  p: [1845, 461], r: 1549653630, e: -12283, error: 398
#ERR  p: [1845, 462], r: 1549653620, e: -12274, error: 399
#ERR  p: [1845, 463], r: 1549653610, e: -12265, error: 400
#ERR  p: [1845, 464], r: 1549653600, e: -12252, error: 401
#ERR  p: [1845, 465], r: 1549653590, e: -12246, error: 402
#ERR  p: [1845, 466], r: 1549653580, e: -12232, error: 403
#ERR  p: [1845, 467], r: 1549653570, e: -12219, error: 404
#ERR  p: [1845, 468], r: 1549653560, e: -12204, error: 405
#ERR  p: [1845, 469], r: 1549653550, e: -12185, error: 406
#ERR  p: [1845, 470], r: 1549653540, e: -12170, error: 407
#ERR  p: [1845, 471], r: 1549653530, e: -12159, error: 408
#ERR  p: [1845, 472], r: 1549653520, e: -12143, error: 409
#ERR  p: [1845, 473], r: 1549653510, e: -12133, error: 410
#ERR  p: [1845, 474], r: 1549653500, e: -12124, error: 411
#ERR  p: [1845, 475], r: 1549653490, e: -12118, error: 412
#ERR  p: [1845, 476], r: 1549653480, e: -12108, error: 413
#ERR  p: [1845, 477], r: 1549653470, e: -12099, error: 414
#ERR  p: [1845, 478], r: 1549653460, e: -12082, error: 415
#ERR  p: [1845, 479], r: 1549653450, e: -12073, error: 416
#ERR  p: [1845, 480], r: 1549653440, e: -12064, error: 417
#ERR  p: [1845, 481], r: 1549653430, e: -12055, error: 418
#ERR  p: [1845, 482], r: 1549653420, e: -12036, error: 419
#ERR  p: [1845, 483], r: 1549653410, e: -12019, error: 420
#ERR  p: [1845, 484], r: 1549653400, e: -12006, error: 421
#ERR  p: [1845, 485], r: 1549653390, e: -12001, error: 422
#ERR  p: [1845, 486], r: 1549653380, e: -11993, error: 423
#ERR  p: [1845, 487], r: 1549653370, e: -11983, error: 424
#ERR  p: [1845, 488], r: 1549653360, e: -11977, error: 425
#ERR  p: [1845, 489], r: 1549653350, e: -11967, error: 426
#ERR  p: [1845, 490], r: 1549653340, e: -11952, error: 427
#ERR  p: [1845, 491], r: 1549653330, e: -11938, error: 428
#ERR  p: [1845, 492], r: 1549653320, e: -11921, error: 429
#ERR  p: [1845, 493], r: 1549653310, e: -11908, error: 430
#ERR  p: [1845, 494], r: 1549653300, e: -11897, error: 431
#ERR  p: [1845, 495], r: 1549653290, e: -11877, error: 432
#ERR  p: [1845, 496], r: 1549653280, e: -11868, error: 433
#ERR  p: [1845, 497], r: 1549653270, e: -11858, error: 434
#ERR  p: [1845, 498], r: 1549653260, e: -11849, error: 435
#ERR  p: [1845, 499], r: 1549653250, e: -11834, error: 436
#ERR  p: [1845, 500], r: 1549653240, e: -11820, error: 437
#ERR  p: [1845, 501], r: 1549653230, e: -11803, error: 438
#ERR  p: [1845, 502], r: 1549653220, e: -11798, error: 439
#ERR  p: [1845, 503], r: 1549653210, e: -11781, error: 440
#ERR  p: [1845, 504], r: 1549653200, e: -11773, error: 441
#ERR  p: [1845, 505], r: 1549653190, e: -11765, error: 442
#ERR  p: [1845, 506], r: 1549653180, e: -11750, error: 443
#ERR  p: [1845, 507], r: 1549653170, e: -11733, error: 444
#ERR  p: [1845, 508], r: 1549653160, e: -11720, error: 445
#ERR  p: [1845, 509], r: 1549653150, e: -11711, error: 446
#ERR  p: [1845, 510], r: 1549653140, e: -11702, error: 447
#ERR  p: [1845, 511], r: 1549653130, e: -11689, error: 448
#ERR  p: [1845, 512], r: 1549653120, e: -11680, error: 449
#ERR  p: [1845, 513], r: 1549653110, e: -11668, error: 450
#ERR  p: [1845, 514], r: 1549653100, e: -11658, error: 451
#ERR  p: [1845, 515], r: 1549653090, e: -11641, error: 452
#ERR  p: [1845, 516], r: 1549653080, e: -11631, error: 453
#ERR  p: [1845, 517], r: 1549653070, e: -11622, error: 454
#ERR  p: [1845, 518], r: 1549653060, e: -11615, error: 455
#ERR  p: [1845, 519], r: 1549653050, e: -11599, error: 456
#ERR  p: [1845, 520], r: 1549653040, e: -11590, error: 457
#ERR  p: [1845, 521], r: 1549653030, e: -11581, error: 458
#ERR  p: [1845, 522], r: 1549653020, e: -11569, error: 459
#ERR  p: [1845, 523], r: 1549653010, e: -11560, error: 460
#ERR  p: [1845, 524], r: 1549653000, e: -11549, error: 461
#ERR  p: [1845, 525], r: 1549652990, e: -11543, error: 462
#ERR  p: [1845, 526], r: 1549652980, e: -11529, error: 463
#ERR  p: [1845, 527], r: 1549652970, e: -11515, error: 464
#ERR  p: [1845, 528], r: 1549652960, e: -11504, error: 465
#ERR  p: [1845, 529], r: 1549652950, e: -11483, error: 466
#ERR  p: [1845, 530], r: 1549652940, e: -11472, error: 467
#ERR  p: [1845, 531], r: 1549652930, e: -11457, error: 468
#ERR  p: [1845, 532], r: 1549652920, e: -11446, error: 469
#ERR  p: [1845, 533], r: 1549652910, e: -11436, error: 470
#ERR  p: [1845, 534], r: 1549652900, e: -11422, error: 471
#ERR  p: [1845, 535], r: 1549652890, e: -11416, error: 472
#ERR  p: [1845, 536], r: 1549652880, e: -11406, error: 473
#ERR  p: [1845, 537], r: 1549652870, e: -11397, error: 474
#ERR  p: [1845, 538], r: 1549652860, e: -11387, error: 475
#ERR  p: [1845, 539], r: 1549652850, e: -11378, error: 476
#ERR  p: [1845, 540], r: 1549652840, e: -11371, error: 477
#ERR  p: [1845, 541], r: 1549652830, e: -11352, error: 478
#ERR  p: [1845, 542], r: 1549652820, e: -11336, error: 479
#ERR  p: [1845, 543], r: 1549652810, e: -11323, error: 480
#ERR  p: [1845, 544], r: 1549652800, e: -11316, error: 481
#ERR  p: [1845, 545], r: 1549652790, e: -11305, error: 482
#ERR  p: [1845, 546], r: 1549652780, e: -11295, error: 483
#ERR  p: [1845, 547], r: 1549652770, e: -11283, error: 484
#ERR  p: [1845, 548], r: 1549652760, e: -11265, error: 485
#ERR  p: [1845, 549], r: 1549652750, e: -11248, error: 486
#ERR  p: [1845, 550], r: 1549652740, e: -11239, error: 487
#ERR  p: [1845, 551], r: 1549652730, e: -11233, error: 488
#ERR  p: [1845, 552], r: 1549652720, e: -11231, error: 489
#ERR  p: [1845, 553], r: 1549652710, e: -11223, error: 490
#ERR  p: [1845, 554], r: 1549652700, e: -11216, error: 491
#ERR  p: [1845, 555], r: 1549652690, e: -11204, error: 492
#ERR  p: [1845, 556], r: 1549652680, e: -11193, error: 493
#ERR  p: [1845, 557], r: 1549652670, e: -11179, error: 494
#ERR  p: [1845, 558], r: 1549652660, e: -11170, error: 495
#ERR  p: [1845, 559], r: 1549652650, e: -11158, error: 496
#ERR  p: [1845, 560], r: 1549652640, e: -11148, error: 497
#ERR  p: [1845, 561], r: 1549652630, e: -11136, error: 498
#ERR  p: [1845, 562], r: 1549652620, e: -11128, error: 499
#SDC Ite:0 KerTime:0.294769 AccTime:0.294769 KerErr:500 AccErr:500
#END