#HEADER max_rows:2048 max_cols:2048 penalty:10
#BEGIN Y:2016 M:09 D:12 Time:15:23:17
#IT Ite:0 KerTime:0.294874 AccTime:0.294874
#ERR Error detected! kerrors = 1963008
#ERR  p: [896, 344], r: 778833088, e: -4665, error: 1
#ERR  p: [896, 345], r: 778833078, e: -4652, error: 2
#ERR  p: [896, 346], r: 778833068, e: -4643, error: 3
#ERR  p: [896, 347], r: 778833058, e: -4639, error: 4
#ERR  p: [896, 348], r: 778833048, e: -4628, error: 5
#ERR  p: [896, 349], r: 778833038, e: -4618, error: 6
#ERR  p: [896, 350], r: 778833028, e: -4602, error: 7
#ERR  p: [896, 351], r: 778833018, e: -4593, error: 8
#ERR  p: [896, 352], r: 778833008, e: -4581, error: 9
#ERR  p: [896, 353], r: 778832998, e: -4572, error: 10
#ERR  p: [896, 354], r: 778832988, e: -4562, error: 11
#ERR  p: [896, 355], r: 778832978, e: -4553, error: 12
#ERR  p: [896, 356], r: 778832968, e: -4542, error: 13
#ERR  p: [896, 357], r: 778832958, e: -4533, error: 14
#ERR  p: [896, 358], r: 778832948, e: -4526, error: 15
#ERR  p: [896, 359], r: 778832938, e: -4517, error: 16
#ERR  p: [896, 360], r: 778832928, e: -4505, error: 17
#ERR  p: [896, 361], r: 778832918, e: -4496, error: 18
#ERR  p: [896, 362], r: 778832908, e: -4481, error: 19
#ERR  p: [896, 363], r: 778832898, e: -4471, error: 20
#ERR  p: [896, 364], r: 778832888, e: -4462, error: 21
#ERR  p: [896, 365], r: 778832878, e: -4451, error: 22
#ERR  p: [896, 366], r: 778832868, e: -4438, error: 23
#ERR  p: [896, 367], r: 778832858, e: -4426, error: 24
#ERR  p: [896, 368], r: 778832848, e: -4415, error: 25
#ERR  p: [896, 369], r: 778832838, e: -4405, error: 26
#ERR  p: [896, 370], r: 778832828, e: -4401, error: 27
#ERR  p: [896, 371], r: 778832818, e: -4389, error: 28
#ERR  p: [896, 372], r: 778832808, e: -4378, error: 29
#ERR  p: [896, 373], r: 778832798, e: -4364, error: 30
#ERR  p: [896, 374], r: 778832788, e: -4353, error: 31
#ERR  p: [896, 375], r: 778832778, e: -4340, error: 32
#ERR  p: [896, 376], r: 778832768, e: -4329, error: 33
#ERR  p: [896, 377], r: 778832758, e: -4321, error: 34
#ERR  p: [896, 378], r: 778832748, e: -4315, error: 35
#ERR  p: [896, 379], r: 778832738, e: -4304, error: 36
#ERR  p: [896, 380], r: 778832728, e: -4301, error: 37
#ERR  p: [896, 381], r: 778832718, e: -4290, error: 38
#ERR  p: [896, 382], r: 778832708, e: -4279, error: 39
#ERR  p: [896, 383], r: 778832698, e: -4277, error: 40
#ERR  p: [896, 384], r: 778832688, e: -4263, error: 41
#ERR  p: [896, 385], r: 778832678, e: -4256, error: 42
#ERR  p: [896, 386], r: 778832668, e: -4243, error: 43
#ERR  p: [896, 387], r: 778832658, e: -4228, error: 44
#ERR  p: [896, 388], r: 778832648, e: -4215, error: 45
#ERR  p: [896, 389], r: 778832638, e: -4201, error: 46
#ERR  p: [896, 390], r: 778832628, e: -4191, error: 47
#ERR  p: [896, 391], r: 778832618, e: -4181, error: 48
#ERR  p: [896, 392], r: 778832608, e: -4172, error: 49
#ERR  p: [896, 393], r: 778832598, e: -4163, error: 50
#ERR  p: [896, 394], r: 778832588, e: -4161, error: 51
#ERR  p: [896, 395], r: 778832578, e: -4146, error: 52
#ERR  p: [896, 396], r: 778832568, e: -4136, error: 53
#ERR  p: [896, 397], r: 778832558, e: -4128, error: 54
#ERR  p: [896, 398], r: 778832548, e: -4117, error: 55
#ERR  p: [896, 399], r: 778832538, e: -4108, error: 56
#ERR  p: [896, 400], r: 778832528, e: -4097, error: 57
#ERR  p: [896, 401], r: 778832518, e: -4097, error: 58
#ERR  p: [896, 402], r: 778832508, e: -4090, error: 59
#ERR  p: [896, 403], r: 778832498, e: -4079, error: 60
#ERR  p: [896, 404], r: 778832488, e: -4076, error: 61
#ERR  p: [896, 405], r: 778832478, e: -4061, error: 62
#ERR  p: [896, 406], r: 778832468, e: -4052, error: 63
#ERR  p: [896, 407], r: 778832458, e: -4044, error: 64
#ERR  p: [896, 408], r: 778832448, e: -4032, error: 65
#ERR  p: [896, 409], r: 778832438, e: -4017, error: 66
#ERR  p: [896, 410], r: 778832428, e: -4002, error: 67
#ERR  p: [896, 411], r: 778832418, e: -3993, error: 68
#ERR  p: [896, 412], r: 778832408, e: -3981, error: 69
#ERR  p: [896, 413], r: 778832398, e: -3966, error: 70
#ERR  p: [896, 414], r: 778832388, e: -3952, error: 71
#ERR  p: [896, 415], r: 778832378, e: -3948, error: 72
#ERR  p: [896, 416], r: 778832368, e: -3941, error: 73
#ERR  p: [896, 417], r: 778832358, e: -3930, error: 74
#ERR  p: [896, 418], r: 778832348, e: -3924, error: 75
#ERR  p: [896, 419], r: 778832338, e: -3912, error: 76
#ERR  p: [896, 420], r: 778832328, e: -3895, error: 77
#ERR  p: [896, 421], r: 778832318, e: -3889, error: 78
#ERR  p: [896, 422], r: 778832308, e: -3879, error: 79
#ERR  p: [896, 423], r: 778832298, e: -3872, error: 80
#ERR  p: [896, 424], r: 778832288, e: -3860, error: 81
#ERR  p: [896, 425], r: 778832278, e: -3853, error: 82
#ERR  p: [896, 426], r: 778832268, e: -3841, error: 83
#ERR  p: [896, 427], r: 778832258, e: -3829, error: 84
#ERR  p: [896, 428], r: 778832248, e: -3820, error: 85
#ERR  p: [896, 429], r: 778832238, e: -3810, error: 86
#ERR  p: [896, 430], r: 778832228, e: -3802, error: 87
#ERR  p: [896, 431], r: 778832218, e: -3793, error: 88
#ERR  p: [896, 432], r: 778832208, e: -3790, error: 89
#ERR  p: [896, 433], r: 778832198, e: -3783, error: 90
#ERR  p: [896, 434], r: 778832188, e: -3774, error: 91
#ERR  p: [896, 435], r: 778832178, e: -3760, error: 92
#ERR  p: [896, 436], r: 778832168, e: -3759, error: 93
#ERR  p: [896, 437], r: 778832158, e: -3748, error: 94
#ERR  p: [896, 438], r: 778832148, e: -3737, error: 95
#ERR  p: [896, 439], r: 778832138, e: -3726, error: 96
#ERR  p: [896, 440], r: 778832128, e: -3713, error: 97
#ERR  p: [896, 441], r: 778832118, e: -3702, error: 98
#ERR  p: [896, 442], r: 778832108, e: -3694, error: 99
#ERR  p: [896, 443], r: 778832098, e: -3684, error: 100
#ERR  p: [896, 444], r: 778832088, e: -3672, error: 101
#ERR  p: [896, 445], r: 778832078, e: -3664, error: 102
#ERR  p: [896, 446], r: 778832068, e: -3657, error: 103
#ERR  p: [896, 447], r: 778832058, e: -3645, error: 104
#ERR  p: [896, 448], r: 778832048, e: -3631, error: 105
#ERR  p: [896, 449], r: 778832038, e: -3627, error: 106
#ERR  p: [896, 450], r: 778832028, e: -3613, error: 107
#ERR  p: [896, 451], r: 778832018, e: -3609, error: 108
#ERR  p: [896, 452], r: 778832008, e: -3594, error: 109
#ERR  p: [896, 453], r: 778831998, e: -3584, error: 110
#ERR  p: [896, 454], r: 778831988, e: -3572, error: 111
#ERR  p: [896, 455], r: 778831978, e: -3561, error: 112
#ERR  p: [896, 456], r: 778831968, e: -3550, error: 113
#ERR  p: [896, 457], r: 778831958, e: -3541, error: 114
#ERR  p: [896, 458], r: 778831948, e: -3526, error: 115
#ERR  p: [896, 459], r: 778831938, e: -3516, error: 116
#ERR  p: [896, 460], r: 778831928, e: -3499, error: 117
#ERR  p: [896, 461], r: 778831918, e: -3489, error: 118
#ERR  p: [896, 462], r: 778831908, e: -3483, error: 119
#ERR  p: [896, 463], r: 778831898, e: -3469, error: 120
#ERR  p: [896, 464], r: 778831888, e: -3466, error: 121
#ERR  p: [896, 465], r: 778831878, e: -3463, error: 122
#ERR  p: [896, 466], r: 778831868, e: -3449, error: 123
#ERR  p: [896, 467], r: 778831858, e: -3442, error: 124
#ERR  p: [896, 468], r: 778831848, e: -3429, error: 125
#ERR  p: [896, 469], r: 778831838, e: -3420, error: 126
#ERR  p: [896, 470], r: 778831828, e: -3407, error: 127
#ERR  p: [896, 471], r: 778831818, e: -3399, error: 128
#ERR  p: [896, 472], r: 778831808, e: -3397, error: 129
#ERR  p: [896, 473], r: 778831798, e: -3385, error: 130
#ERR  p: [896, 474], r: 778831788, e: -3369, error: 131
#ERR  p: [896, 475], r: 778831778, e: -3363, error: 132
#ERR  p: [896, 476], r: 778831768, e: -3351, error: 133
#ERR  p: [896, 477], r: 778831758, e: -3347, error: 134
#ERR  p: [896, 478], r: 778831748, e: -3339, error: 135
#ERR  p: [896, 479], r: 778831738, e: -3328, error: 136
#ERR  p: [896, 480], r: 778831728, e: -3317, error: 137
#ERR  p: [896, 481], r: 778831718, e: -3320, error: 138
#ERR  p: [896, 482], r: 778831708, e: -3308, error: 139
#ERR  p: [896, 483], r: 778831698, e: -3291, error: 140
#ERR  p: [896, 484], r: 778831688, e: -3282, error: 141
#ERR  p: [896, 485], r: 778831678, e: -3271, error: 142
#ERR  p: [896, 486], r: 778831668, e: -3264, error: 143
#ERR  p: [896, 487], r: 778831658, e: -3253, error: 144
#ERR  p: [896, 488], r: 778831648, e: -3247, error: 145
#ERR  p: [896, 489], r: 778831638, e: -3235, error: 146
#ERR  p: [896, 490], r: 778831628, e: -3226, error: 147
#ERR  p: [896, 491], r: 778831618, e: -3217, error: 148
#ERR  p: [896, 492], r: 778831608, e: -3210, error: 149
#ERR  p: [896, 493], r: 778831598, e: -3202, error: 150
#ERR  p: [896, 494], r: 778831588, e: -3194, error: 151
#ERR  p: [896, 495], r: 778831578, e: -3188, error: 152
#ERR  p: [896, 496], r: 778831568, e: -3182, error: 153
#ERR  p: [896, 497], r: 778831558, e: -3171, error: 154
#ERR  p: [896, 498], r: 778831548, e: -3164, error: 155
#ERR  p: [896, 499], r: 778831538, e: -3163, error: 156
#ERR  p: [896, 500], r: 778831528, e: -3156, error: 157
#ERR  p: [896, 501], r: 778831518, e: -3141, error: 158
#ERR  p: [896, 502], r: 778831508, e: -3129, error: 159
#ERR  p: [896, 503], r: 778831498, e: -3123, error: 160
#ERR  p: [896, 504], r: 778831488, e: -3114, error: 161
#ERR  p: [896, 505], r: 778831478, e: -3107, error: 162
#ERR  p: [896, 506], r: 778831468, e: -3101, error: 163
#ERR  p: [896, 507], r: 778831458, e: -3092, error: 164
#ERR  p: [896, 508], r: 778831448, e: -3080, error: 165
#ERR  p: [896, 509], r: 778831438, e: -3069, error: 166
#ERR  p: [896, 510], r: 778831428, e: -3058, error: 167
#ERR  p: [896, 511], r: 778831418, e: -3049, error: 168
#ERR  p: [896, 512], r: 778831408, e: -3041, error: 169
#ERR  p: [896, 513], r: 778831398, e: -3029, error: 170
#ERR  p: [896, 514], r: 778831388, e: -3015, error: 171
#ERR  p: [896, 515], r: 778831378, e: -3009, error: 172
#ERR  p: [896, 516], r: 778831368, e: -2999, error: 173
#ERR  p: [896, 517], r: 778831358, e: -2989, error: 174
#ERR  p: [896, 518], r: 778831348, e: -2977, error: 175
#ERR  p: [896, 519], r: 778831338, e: -2971, error: 176
#ERR  p: [896, 520], r: 778831328, e: -2955, error: 177
#ERR  p: [896, 521], r: 778831318, e: -2946, error: 178
#ERR  p: [896, 522], r: 778831308, e: -2939, error: 179
#ERR  p: [896, 523], r: 778831298, e: -2927, error: 180
#ERR  p: [896, 524], r: 778831288, e: -2916, error: 181
#ERR  p: [896, 525], r: 778831278, e: -2911, error: 182
#ERR  p: [896, 526], r: 778831268, e: -2905, error: 183
#ERR  p: [896, 527], r: 778831258, e: -2904, error: 184
#ERR  p: [896, 528], r: 778831248, e: -2897, error: 185
#ERR  p: [896, 529], r: 778831238, e: -2889, error: 186
#ERR  p: [896, 530], r: 778831228, e: -2883, error: 187
#ERR  p: [896, 531], r: 778831218, e: -2875, error: 188
#ERR  p: [896, 532], r: 778831208, e: -2864, error: 189
#ERR  p: [896, 533], r: 778831198, e: -2854, error: 190
#ERR  p: [896, 534], r: 778831188, e: -2843, error: 191
#ERR  p: [896, 535], r: 778831178, e: -2837, error: 192
#ERR  p: [896, 536], r: 778831168, e: -2826, error: 193
#ERR  p: [896, 537], r: 778831158, e: -2819, error: 194
#ERR  p: [896, 538], r: 778831148, e: -2810, error: 195
#ERR  p: [896, 539], r: 778831138, e: -2801, error: 196
#ERR  p: [896, 540], r: 778831128, e: -2807, error: 197
#ERR  p: [896, 541], r: 778831118, e: -2796, error: 198
#ERR  p: [896, 542], r: 778831108, e: -2786, error: 199
#ERR  p: [896, 543], r: 778831098, e: -2777, error: 200
#ERR  p: [896, 544], r: 778831088, e: -2768, error: 201
#ERR  p: [896, 545], r: 778831078, e: -2762, error: 202
#ERR  p: [896, 546], r: 778831068, e: -2752, error: 203
#ERR  p: [896, 547], r: 778831058, e: -2740, error: 204
#ERR  p: [896, 548], r: 778831048, e: -2732, error: 205
#ERR  p: [896, 549], r: 778831038, e: -2724, error: 206
#ERR  p: [896, 550], r: 778831028, e: -2710, error: 207
#ERR  p: [896, 551], r: 778831018, e: -2709, error: 208
#ERR  p: [896, 552], r: 778831008, e: -2700, error: 209
#ERR  p: [896, 553], r: 778830998, e: -2688, error: 210
#ERR  p: [896, 554], r: 778830988, e: -2677, error: 211
#ERR  p: [896, 555], r: 778830978, e: -2663, error: 212
#ERR  p: [896, 556], r: 778830968, e: -2656, error: 213
#ERR  p: [896, 557], r: 778830958, e: -2647, error: 214
#ERR  p: [896, 558], r: 778830948, e: -2638, error: 215
#ERR  p: [896, 559], r: 778830938, e: -2625, error: 216
#ERR  p: [896, 560], r: 778830928, e: -2614, error: 217
#ERR  p: [896, 561], r: 778830918, e: -2606, error: 218
#ERR  p: [896, 562], r: 778830908, e: -2594, error: 219
#ERR  p: [896, 563], r: 778830898, e: -2589, error: 220
#ERR  p: [896, 564], r: 778830888, e: -2582, error: 221
#ERR  p: [896, 565], r: 778830878, e: -2571, error: 222
#ERR  p: [896, 566], r: 778830868, e: -2563, error: 223
#ERR  p: [896, 567], r: 778830858, e: -2559, error: 224
#ERR  p: [896, 568], r: 778830848, e: -2546, error: 225
#ERR  p: [896, 569], r: 778830838, e: -2535, error: 226
#ERR  p: [896, 570], r: 778830828, e: -2526, error: 227
#ERR  p: [896, 571], r: 778830818, e: -2531, error: 228
#ERR  p: [896, 572], r: 778830808, e: -2520, error: 229
#ERR  p: [896, 573], r: 778830798, e: -2514, error: 230
#ERR  p: [896, 574], r: 778830788, e: -2502, error: 231
#ERR  p: [896, 575], r: 778830778, e: -2499, error: 232
#ERR  p: [896, 576], r: 778830768, e: -2492, error: 233
#ERR  p: [896, 577], r: 778830758, e: -2479, error: 234
#ERR  p: [896, 578], r: 778830748, e: -2465, error: 235
#ERR  p: [896, 579], r: 778830738, e: -2455, error: 236
#ERR  p: [896, 580], r: 778830728, e: -2445, error: 237
#ERR  p: [896, 581], r: 778830718, e: -2442, error: 238
#ERR  p: [896, 582], r: 778830708, e: -2432, error: 239
#ERR  p: [896, 583], r: 778830698, e: -2424, error: 240
#ERR  p: [896, 584], r: 778830688, e: -2419, error: 241
#ERR  p: [896, 585], r: 778830678, e: -2421, error: 242
#ERR  p: [896, 586], r: 778830668, e: -2413, error: 243
#ERR  p: [896, 587], r: 778830658, e: -2402, error: 244
#ERR  p: [896, 588], r: 778830648, e: -2398, error: 245
#ERR  p: [896, 589], r: 778830638, e: -2383, error: 246
#ERR  p: [896, 590], r: 778830628, e: -2374, error: 247
#ERR  p: [896, 591], r: 778830618, e: -2362, error: 248
#ERR  p: [896, 592], r: 778830608, e: -2369, error: 249
#ERR  p: [896, 593], r: 778830598, e: -2360, error: 250
#ERR  p: [896, 594], r: 778830588, e: -2351, error: 251
#ERR  p: [896, 595], r: 778830578, e: -2342, error: 252
#ERR  p: [896, 596], r: 778830568, e: -2330, error: 253
#ERR  p: [896, 597], r: 778830558, e: -2320, error: 254
#ERR  p: [896, 598], r: 778830548, e: -2314, error: 255
#ERR  p: [896, 599], r: 778830538, e: -2302, error: 256
#ERR  p: [896, 600], r: 778830528, e: -2290, error: 257
#ERR  p: [896, 601], r: 778830518, e: -2280, error: 258
#ERR  p: [896, 602], r: 778830508, e: -2265, error: 259
#ERR  p: [896, 603], r: 778830498, e: -2257, error: 260
#ERR  p: [896, 604], r: 778830488, e: -2258, error: 261
#ERR  p: [896, 605], r: 778830478, e: -2249, error: 262
#ERR  p: [896, 606], r: 778830468, e: -2240, error: 263
#ERR  p: [896, 607], r: 778830458, e: -2233, error: 264
#ERR  p: [896, 608], r: 778830448, e: -2233, error: 265
#ERR  p: [896, 609], r: 778830438, e: -2238, error: 266
#ERR  p: [896, 610], r: 778830428, e: -2232, error: 267
#ERR  p: [896, 611], r: 778830418, e: -2224, error: 268
#ERR  p: [896, 612], r: 778830408, e: -2214, error: 269
#ERR  p: [896, 613], r: 778830398, e: -2202, error: 270
#ERR  p: [896, 614], r: 778830388, e: -2194, error: 271
#ERR  p: [896, 615], r: 778830378, e: -2182, error: 272
#ERR  p: [896, 616], r: 778830368, e: -2170, error: 273
#ERR  p: [896, 617], r: 778830358, e: -2158, error: 274
#ERR  p: [896, 618], r: 778830348, e: -2150, error: 275
#ERR  p: [896, 619], r: 778830338, e: -2138, error: 276
#ERR  p: [896, 620], r: 778830328, e: -2131, error: 277
#ERR  p: [896, 621], r: 778830318, e: -2122, error: 278
#ERR  p: [896, 622], r: 778830308, e: -2113, error: 279
#ERR  p: [896, 623], r: 778830298, e: -2104, error: 280
#ERR  p: [896, 624], r: 778830288, e: -2095, error: 281
#ERR  p: [896, 625], r: 778830278, e: -2086, error: 282
#ERR  p: [896, 626], r: 778830268, e: -2080, error: 283
#ERR  p: [896, 627], r: 778830258, e: -2075, error: 284
#ERR  p: [896, 628], r: 778830248, e: -2065, error: 285
#ERR  p: [896, 629], r: 778830238, e: -2051, error: 286
#ERR  p: [896, 630], r: 778830228, e: -2042, error: 287
#ERR  p: [896, 631], r: 778830218, e: -2034, error: 288
#ERR  p: [896, 632], r: 778830208, e: -2030, error: 289
#ERR  p: [896, 633], r: 778830198, e: -2022, error: 290
#ERR  p: [896, 634], r: 778830188, e: -2011, error: 291
#ERR  p: [896, 635], r: 778830178, e: -2008, error: 292
#ERR  p: [896, 636], r: 778830168, e: -2005, error: 293
#ERR  p: [896, 637], r: 778830158, e: -2002, error: 294
#ERR  p: [896, 638], r: 778830148, e: -2000, error: 295
#ERR  p: [896, 639], r: 778830138, e: -1999, error: 296
#ERR  p: [896, 640], r: 778830128, e: -1984, error: 297
#ERR  p: [896, 641], r: 778830118, e: -1975, error: 298
#ERR  p: [896, 642], r: 778830108, e: -1964, error: 299
#ERR  p: [896, 643], r: 778830098, e: -1948, error: 300
#ERR  p: [896, 644], r: 778830088, e: -1938, error: 301
#ERR  p: [896, 645], r: 778830078, e: -1924, error: 302
#ERR  p: [896, 646], r: 778830068, e: -1915, error: 303
#ERR  p: [896, 647], r: 778830058, e: -1910, error: 304
#ERR  p: [896, 648], r: 778830048, e: -1901, error: 305
#ERR  p: [896, 649], r: 778830038, e: -1892, error: 306
#ERR  p: [896, 650], r: 778830028, e: -1880, error: 307
#ERR  p: [896, 651], r: 778830018, e: -1875, error: 308
#ERR  p: [896, 652], r: 778830008, e: -1860, error: 309
#ERR  p: [896, 653], r: 778829998, e: -1851, error: 310
#ERR  p: [896, 654], r: 778829988, e: -1836, error: 311
#ERR  p: [896, 655], r: 778829978, e: -1827, error: 312
#ERR  p: [896, 656], r: 778829968, e: -1826, error: 313
#ERR  p: [896, 657], r: 778829958, e: -1826, error: 314
#ERR  p: [896, 658], r: 778829948, e: -1824, error: 315
#ERR  p: [896, 659], r: 778829938, e: -1815, error: 316
#ERR  p: [896, 660], r: 778829928, e: -1809, error: 317
#ERR  p: [896, 661], r: 778829918, e: -1804, error: 318
#ERR  p: [896, 662], r: 778829908, e: -1796, error: 319
#ERR  p: [896, 663], r: 778829898, e: -1786, error: 320
#ERR  p: [896, 664], r: 778829888, e: -1778, error: 321
#ERR  p: [896, 665], r: 778829878, e: -1768, error: 322
#ERR  p: [896, 666], r: 778829868, e: -1761, error: 323
#ERR  p: [896, 667], r: 778829858, e: -1756, error: 324
#ERR  p: [896, 668], r: 778829848, e: -1748, error: 325
#ERR  p: [896, 669], r: 778829838, e: -1738, error: 326
#ERR  p: [896, 670], r: 778829828, e: -1729, error: 327
#ERR  p: [896, 671], r: 778829818, e: -1724, error: 328
#ERR  p: [896, 672], r: 778829808, e: -1715, error: 329
#ERR  p: [896, 673], r: 778829798, e: -1703, error: 330
#ERR  p: [896, 674], r: 778829788, e: -1694, error: 331
#ERR  p: [896, 675], r: 778829778, e: -1692, error: 332
#ERR  p: [896, 676], r: 778829768, e: -1691, error: 333
#ERR  p: [896, 677], r: 778829758, e: -1677, error: 334
#ERR  p: [896, 678], r: 778829748, e: -1668, error: 335
#ERR  p: [896, 679], r: 778829738, e: -1664, error: 336
#ERR  p: [896, 680], r: 778829728, e: -1649, error: 337
#ERR  p: [896, 681], r: 778829718, e: -1640, error: 338
#ERR  p: [896, 682], r: 778829708, e: -1631, error: 339
#ERR  p: [896, 683], r: 778829698, e: -1625, error: 340
#ERR  p: [896, 684], r: 778829688, e: -1611, error: 341
#ERR  p: [896, 685], r: 778829678, e: -1610, error: 342
#ERR  p: [896, 686], r: 778829668, e: -1602, error: 343
#ERR  p: [896, 687], r: 778829658, e: -1598, error: 344
#ERR  p: [896, 688], r: 778829648, e: -1606, error: 345
#ERR  p: [896, 689], r: 778829638, e: -1612, error: 346
#ERR  p: [896, 690], r: 778829628, e: -1604, error: 347
#ERR  p: [896, 691], r: 778829618, e: -1599, error: 348
#ERR  p: [896, 692], r: 778829608, e: -1591, error: 349
#ERR  p: [896, 693], r: 778829598, e: -1583, error: 350
#ERR  p: [896, 694], r: 778829588, e: -1576, error: 351
#ERR  p: [896, 695], r: 778829578, e: -1567, error: 352
#ERR  p: [896, 696], r: 778829568, e: -1558, error: 353
#ERR  p: [896, 697], r: 778829558, e: -1554, error: 354
#ERR  p: [896, 698], r: 778829548, e: -1542, error: 355
#ERR  p: [896, 699], r: 778829538, e: -1541, error: 356
#ERR  p: [896, 700], r: 778829528, e: -1531, error: 357
#ERR  p: [896, 701], r: 778829518, e: -1531, error: 358
#ERR  p: [896, 702], r: 778829508, e: -1528, error: 359
#ERR  p: [896, 703], r: 778829498, e: -1522, error: 360
#ERR  p: [896, 704], r: 778829488, e: -1513, error: 361
#ERR  p: [896, 705], r: 778829478, e: -1502, error: 362
#ERR  p: [896, 706], r: 778829468, e: -1497, error: 363
#ERR  p: [896, 707], r: 778829458, e: -1488, error: 364
#ERR  p: [896, 708], r: 778829448, e: -1479, error: 365
#ERR  p: [896, 709], r: 778829438, e: -1473, error: 366
#ERR  p: [896, 710], r: 778829428, e: -1464, error: 367
#ERR  p: [896, 711], r: 778829418, e: -1453, error: 368
#ERR  p: [896, 712], r: 778829408, e: -1447, error: 369
#ERR  p: [896, 713], r: 778829398, e: -1440, error: 370
#ERR  p: [896, 714], r: 778829388, e: -1429, error: 371
#ERR  p: [896, 715], r: 778829378, e: -1418, error: 372
#ERR  p: [896, 716], r: 778829368, e: -1415, error: 373
#ERR  p: [896, 717], r: 778829358, e: -1425, error: 374
#ERR  p: [896, 718], r: 778829348, e: -1419, error: 375
#ERR  p: [896, 719], r: 778829338, e: -1407, error: 376
#ERR  p: [896, 720], r: 778829328, e: -1399, error: 377
#ERR  p: [896, 721], r: 778829318, e: -1388, error: 378
#ERR  p: [896, 722], r: 778829308, e: -1380, error: 379
#ERR  p: [896, 723], r: 778829298, e: -1378, error: 380
#ERR  p: [896, 724], r: 778829288, e: -1370, error: 381
#ERR  p: [896, 725], r: 778829278, e: -1359, error: 382
#ERR  p: [896, 726], r: 778829268, e: -1352, error: 383
#ERR  p: [896, 727], r: 778829258, e: -1351, error: 384
#ERR  p: [896, 728], r: 778829248, e: -1343, error: 385
#ERR  p: [896, 729], r: 778829238, e: -1335, error: 386
#ERR  p: [896, 730], r: 778829228, e: -1333, error: 387
#ERR  p: [896, 731], r: 778829218, e: -1321, error: 388
#ERR  p: [896, 732], r: 778829208, e: -1316, error: 389
#ERR  p: [896, 733], r: 778829198, e: -1307, error: 390
#ERR  p: [896, 734], r: 778829188, e: -1298, error: 391
#ERR  p: [896, 735], r: 778829178, e: -1291, error: 392
#ERR  p: [896, 736], r: 778829168, e: -1286, error: 393
#ERR  p: [896, 737], r: 778829158, e: -1275, error: 394
#ERR  p: [896, 738], r: 778829148, e: -1272, error: 395
#ERR  p: [896, 739], r: 778829138, e: -1269, error: 396
#ERR  p: [896, 740], r: 778829128, e: -1261, error: 397
#ERR  p: [896, 741], r: 778829118, e: -1249, error: 398
#ERR  p: [896, 742], r: 778829108, e: -1248, error: 399
#ERR  p: [896, 743], r: 778829098, e: -1240, error: 400
#ERR  p: [896, 744], r: 778829088, e: -1226, error: 401
#ERR  p: [896, 745], r: 778829078, e: -1226, error: 402
#ERR  p: [896, 746], r: 778829068, e: -1227, error: 403
#ERR  p: [896, 747], r: 778829058, e: -1220, error: 404
#ERR  p: [896, 748], r: 778829048, e: -1210, error: 405
#ERR  p: [896, 749], r: 778829038, e: -1201, error: 406
#ERR  p: [896, 750], r: 778829028, e: -1196, error: 407
#ERR  p: [896, 751], r: 778829018, e: -1186, error: 408
#ERR  p: [896, 752], r: 778829008, e: -1180, error: 409
#ERR  p: [896, 753], r: 778828998, e: -1186, error: 410
#ERR  p: [896, 754], r: 778828988, e: -1182, error: 411
#ERR  p: [896, 755], r: 778828978, e: -1176, error: 412
#ERR  p: [896, 756], r: 778828968, e: -1170, error: 413
#ERR  p: [896, 757], r: 778828958, e: -1175, error: 414
#ERR  p: [896, 758], r: 778828948, e: -1169, error: 415
#ERR  p: [896, 759], r: 778828938, e: -1169, error: 416
#ERR  p: [896, 760], r: 778828928, e: -1161, error: 417
#ERR  p: [896, 761], r: 778828918, e: -1155, error: 418
#ERR  p: [896, 762], r: 778828908, e: -1154, error: 419
#ERR  p: [896, 763], r: 778828898, e: -1149, error: 420
#ERR  p: [896, 764], r: 778828888, e: -1143, error: 421
#ERR  p: [896, 765], r: 778828878, e: -1135, error: 422
#ERR  p: [896, 766], r: 778828868, e: -1123, error: 423
#ERR  p: [896, 767], r: 778828858, e: -1131, error: 424
#ERR  p: [896, 768], r: 778828848, e: -1123, error: 425
#ERR  p: [896, 769], r: 778828838, e: -1112, error: 426
#ERR  p: [896, 770], r: 778828828, e: -1102, error: 427
#ERR  p: [896, 771], r: 778828818, e: -1096, error: 428
#ERR  p: [896, 772], r: 778828808, e: -1087, error: 429
#ERR  p: [896, 773], r: 778828798, e: -1070, error: 430
#ERR  p: [896, 774], r: 778828788, e: -1060, error: 431
#ERR  p: [896, 775], r: 778828778, e: -1051, error: 432
#ERR  p: [896, 776], r: 778828768, e: -1042, error: 433
#ERR  p: [896, 777], r: 778828758, e: -1034, error: 434
#ERR  p: [896, 778], r: 778828748, e: -1029, error: 435
#ERR  p: [896, 779], r: 778828738, e: -1022, error: 436
#ERR  p: [896, 780], r: 778828728, e: -1022, error: 437
#ERR  p: [896, 781], r: 778828718, e: -1013, error: 438
#ERR  p: [896, 782], r: 778828708, e: -1002, error: 439
#ERR  p: [896, 783], r: 778828698, e: -994, error: 440
#ERR  p: [896, 784], r: 778828688, e: -980, error: 441
#ERR  p: [896, 785], r: 778828678, e: -988, error: 442
#ERR  p: [896, 786], r: 778828668, e: -979, error: 443
#ERR  p: [896, 787], r: 778828658, e: -972, error: 444
#ERR  p: [896, 788], r: 778828648, e: -970, error: 445
#ERR  p: [896, 789], r: 778828638, e: -977, error: 446
#ERR  p: [896, 790], r: 778828628, e: -976, error: 447
#ERR  p: [896, 791], r: 778828618, e: -966, error: 448
#ERR  p: [896, 792], r: 778828608, e: -962, error: 449
#ERR  p: [896, 793], r: 778828598, e: -962, error: 450
#ERR  p: [896, 794], r: 778828588, e: -951, error: 451
#ERR  p: [896, 795], r: 778828578, e: -935, error: 452
#ERR  p: [896, 796], r: 778828568, e: -919, error: 453
#ERR  p: [896, 797], r: 778828558, e: -909, error: 454
#ERR  p: [896, 798], r: 778828548, e: -895, error: 455
#ERR  p: [896, 799], r: 778828538, e: -898, error: 456
#ERR  p: [896, 800], r: 778828528, e: -889, error: 457
#ERR  p: [896, 801], r: 778828518, e: -880, error: 458
#ERR  p: [896, 802], r: 778828508, e: -870, error: 459
#ERR  p: [896, 803], r: 778828498, e: -865, error: 460
#ERR  p: [896, 804], r: 778828488, e: -854, error: 461
#ERR  p: [896, 805], r: 778828478, e: -850, error: 462
#ERR  p: [896, 806], r: 778828468, e: -843, error: 463
#ERR  p: [896, 807], r: 778828458, e: -840, error: 464
#ERR  p: [896, 808], r: 778828448, e: -836, error: 465
#ERR  p: [896, 809], r: 778828438, e: -845, error: 466
#ERR  p: [896, 810], r: 778828428, e: -846, error: 467
#ERR  p: [896, 811], r: 778828418, e: -846, error: 468
#ERR  p: [896, 812], r: 778828408, e: -840, error: 469
#ERR  p: [896, 813], r: 778828398, e: -832, error: 470
#ERR  p: [896, 814], r: 778828388, e: -823, error: 471
#ERR  p: [896, 815], r: 778828378, e: -812, error: 472
#ERR  p: [896, 816], r: 778828368, e: -805, error: 473
#ERR  p: [896, 817], r: 778828358, e: -797, error: 474
#ERR  p: [896, 818], r: 778828348, e: -787, error: 475
#ERR  p: [896, 819], r: 778828338, e: -790, error: 476
#ERR  p: [896, 820], r: 778828328, e: -782, error: 477
#ERR  p: [896, 821], r: 778828318, e: -779, error: 478
#ERR  p: [896, 822], r: 778828308, e: -772, error: 479
#ERR  p: [896, 823], r: 778828298, e: -777, error: 480
#ERR  p: [896, 824], r: 778828288, e: -768, error: 481
#ERR  p: [896, 825], r: 778828278, e: -759, error: 482
#ERR  p: [896, 826], r: 778828268, e: -760, error: 483
#ERR  p: [896, 827], r: 778828258, e: -768, error: 484
#ERR  p: [896, 828], r: 778828248, e: -763, error: 485
#ERR  p: [896, 829], r: 778828238, e: -751, error: 486
#ERR  p: [896, 830], r: 778828228, e: -746, error: 487
#ERR  p: [896, 831], r: 778828218, e: -745, error: 488
#ERR  p: [896, 832], r: 778828208, e: -729, error: 489
#ERR  p: [896, 833], r: 778828198, e: -719, error: 490
#ERR  p: [896, 834], r: 778828188, e: -712, error: 491
#ERR  p: [896, 835], r: 778828178, e: -722, error: 492
#ERR  p: [896, 836], r: 778828168, e: -730, error: 493
#ERR  p: [896, 837], r: 778828158, e: -721, error: 494
#ERR  p: [896, 838], r: 778828148, e: -730, error: 495
#ERR  p: [896, 839], r: 778828138, e: -725, error: 496
#ERR  p: [896, 840], r: 778828128, e: -713, error: 497
#ERR  p: [896, 841], r: 778828118, e: -710, error: 498
#ERR  p: [896, 842], r: 778828108, e: -711, error: 499
#SDC Ite:0 KerTime:0.294874 AccTime:0.294874 KerErr:500 AccErr:500
#END