#HEADER max_rows:2048 max_cols:2048 penalty:10
#BEGIN Y:2016 M:09 D:12 Time:15:00:57
#IT Ite:0 KerTime:0.294713 AccTime:0.294713
#ERR Error detected! kerrors = 2925780
#ERR  p: [2, 618], r: 1851943680, e: -6150, error: 1
#ERR  p: [2, 619], r: 1851943670, e: -6160, error: 2
#ERR  p: [2, 620], r: 1851943660, e: -6170, error: 3
#ERR  p: [2, 621], r: 1851943650, e: -6180, error: 4
#ERR  p: [2, 622], r: 1851943640, e: -6190, error: 5
#ERR  p: [2, 623], r: 1851943630, e: -6200, error: 6
#ERR  p: [2, 624], r: 1851943620, e: -6210, error: 7
#ERR  p: [2, 625], r: 1851943610, e: -6220, error: 8
#ERR  p: [2, 626], r: 1851943600, e: -6230, error: 9
#ERR  p: [2, 627], r: 1851943590, e: -6240, error: 10
#ERR  p: [2, 628], r: 1851943580, e: -6250, error: 11
#ERR  p: [2, 629], r: 1851943570, e: -6260, error: 12
#ERR  p: [2, 630], r: 1851943560, e: -6270, error: 13
#ERR  p: [2, 631], r: 1851943550, e: -6280, error: 14
#ERR  p: [2, 632], r: 1851943540, e: -6290, error: 15
#ERR  p: [2, 633], r: 1851943530, e: -6300, error: 16
#ERR  p: [2, 634], r: 1851943520, e: -6310, error: 17
#ERR  p: [2, 635], r: 1851943510, e: -6320, error: 18
#ERR  p: [2, 636], r: 1851943500, e: -6330, error: 19
#ERR  p: [2, 637], r: 1851943490, e: -6340, error: 20
#ERR  p: [2, 638], r: 1851943480, e: -6350, error: 21
#ERR  p: [2, 639], r: 1851943470, e: -6360, error: 22
#ERR  p: [2, 640], r: 1851943460, e: -6370, error: 23
#ERR  p: [2, 641], r: 1851943450, e: -6380, error: 24
#ERR  p: [2, 642], r: 1851943440, e: -6390, error: 25
#ERR  p: [2, 643], r: 1851943430, e: -6400, error: 26
#ERR  p: [2, 644], r: 1851943420, e: -6410, error: 27
#ERR  p: [2, 645], r: 1851943410, e: -6420, error: 28
#ERR  p: [2, 646], r: 1851943400, e: -6430, error: 29
#ERR  p: [2, 647], r: 1851943390, e: -6440, error: 30
#ERR  p: [2, 648], r: 1851943380, e: -6450, error: 31
#ERR  p: [2, 649], r: 1851943370, e: -6460, error: 32
#ERR  p: [2, 650], r: 1851943360, e: -6470, error: 33
#ERR  p: [2, 651], r: 1851943350, e: -6480, error: 34
#ERR  p: [2, 652], r: 1851943340, e: -6490, error: 35
#ERR  p: [2, 653], r: 1851943330, e: -6500, error: 36
#ERR  p: [2, 654], r: 1851943320, e: -6510, error: 37
#ERR  p: [2, 655], r: 1851943310, e: -6520, error: 38
#ERR  p: [2, 656], r: 1851943300, e: -6530, error: 39
#ERR  p: [2, 657], r: 1851943290, e: -6540, error: 40
#ERR  p: [2, 658], r: 1851943280, e: -6550, error: 41
#ERR  p: [2, 659], r: 1851943270, e: -6560, error: 42
#ERR  p: [2, 660], r: 1851943260, e: -6570, error: 43
#ERR  p: [2, 661], r: 1851943250, e: -6580, error: 44
#ERR  p: [2, 662], r: 1851943240, e: -6590, error: 45
#ERR  p: [2, 663], r: 1851943230, e: -6600, error: 46
#ERR  p: [2, 664], r: 1851943220, e: -6610, error: 47
#ERR  p: [2, 665], r: 1851943210, e: -6620, error: 48
#ERR  p: [2, 666], r: 1851943200, e: -6630, error: 49
#ERR  p: [2, 667], r: 1851943190, e: -6640, error: 50
#ERR  p: [2, 668], r: 1851943180, e: -6650, error: 51
#ERR  p: [2, 669], r: 1851943170, e: -6660, error: 52
#ERR  p: [2, 670], r: 1851943160, e: -6670, error: 53
#ERR  p: [2, 671], r: 1851943150, e: -6680, error: 54
#ERR  p: [2, 672], r: 1851943140, e: -6690, error: 55
#ERR  p: [2, 673], r: 1851943130, e: -6700, error: 56
#ERR  p: [2, 674], r: 1851943120, e: -6710, error: 57
#ERR  p: [2, 675], r: 1851943110, e: -6720, error: 58
#ERR  p: [2, 676], r: 1851943100, e: -6730, error: 59
#ERR  p: [2, 677], r: 1851943090, e: -6740, error: 60
#ERR  p: [2, 678], r: 1851943080, e: -6750, error: 61
#ERR  p: [2, 679], r: 1851943070, e: -6760, error: 62
#ERR  p: [2, 680], r: 1851943060, e: -6770, error: 63
#ERR  p: [2, 681], r: 1851943050, e: -6780, error: 64
#ERR  p: [2, 682], r: 1851943040, e: -6790, error: 65
#ERR  p: [2, 683], r: 1851943030, e: -6800, error: 66
#ERR  p: [2, 684], r: 1851943020, e: -6810, error: 67
#ERR  p: [2, 685], r: 1851943010, e: -6820, error: 68
#ERR  p: [2, 686], r: 1851943000, e: -6830, error: 69
#ERR  p: [2, 687], r: 1851942990, e: -6840, error: 70
#ERR  p: [2, 688], r: 1851942980, e: -6850, error: 71
#ERR  p: [2, 689], r: 1851942970, e: -6860, error: 72
#ERR  p: [2, 690], r: 1851942960, e: -6870, error: 73
#ERR  p: [2, 691], r: 1851942950, e: -6880, error: 74
#ERR  p: [2, 692], r: 1851942940, e: -6890, error: 75
#ERR  p: [2, 693], r: 1851942930, e: -6900, error: 76
#ERR  p: [2, 694], r: 1851942920, e: -6910, error: 77
#ERR  p: [2, 695], r: 1851942910, e: -6920, error: 78
#ERR  p: [2, 696], r: 1851942900, e: -6930, error: 79
#ERR  p: [2, 697], r: 1851942890, e: -6940, error: 80
#ERR  p: [2, 698], r: 1851942880, e: -6950, error: 81
#ERR  p: [2, 699], r: 1851942870, e: -6960, error: 82
#ERR  p: [2, 700], r: 1851942860, e: -6970, error: 83
#ERR  p: [2, 701], r: 1851942850, e: -6980, error: 84
#ERR  p: [2, 702], r: 1851942840, e: -6990, error: 85
#ERR  p: [2, 703], r: 1851942830, e: -7000, error: 86
#ERR  p: [2, 704], r: 1851942820, e: -7010, error: 87
#ERR  p: [2, 705], r: 1851942810, e: -7020, error: 88
#ERR  p: [2, 706], r: 1851942800, e: -7030, error: 89
#ERR  p: [2, 707], r: 1851942790, e: -7040, error: 90
#ERR  p: [2, 708], r: 1851942780, e: -7050, error: 91
#ERR  p: [2, 709], r: 1851942770, e: -7060, error: 92
#ERR  p: [2, 710], r: 1851942760, e: -7070, error: 93
#ERR  p: [2, 711], r: 1851942750, e: -7080, error: 94
#ERR  p: [2, 712], r: 1851942740, e: -7090, error: 95
#ERR  p: [2, 713], r: 1851942730, e: -7100, error: 96
#ERR  p: [2, 714], r: 1851942720, e: -7110, error: 97
#ERR  p: [2, 715], r: 1851942710, e: -7120, error: 98
#ERR  p: [2, 716], r: 1851942700, e: -7130, error: 99
#ERR  p: [2, 717], r: 1851942690, e: -7140, error: 100
#ERR  p: [2, 718], r: 1851942680, e: -7150, error: 101
#ERR  p: [2, 719], r: 1851942670, e: -7160, error: 102
#ERR  p: [2, 720], r: 1851942660, e: -7170, error: 103
#ERR  p: [2, 721], r: 1851942650, e: -7180, error: 104
#ERR  p: [2, 722], r: 1851942640, e: -7190, error: 105
#ERR  p: [2, 723], r: 1851942630, e: -7200, error: 106
#ERR  p: [2, 724], r: 1851942620, e: -7210, error: 107
#ERR  p: [2, 725], r: 1851942610, e: -7220, error: 108
#ERR  p: [2, 726], r: 1851942600, e: -7230, error: 109
#ERR  p: [2, 727], r: 1851942590, e: -7240, error: 110
#ERR  p: [2, 728], r: 1851942580, e: -7250, error: 111
#ERR  p: [2, 729], r: 1851942570, e: -7260, error: 112
#ERR  p: [2, 730], r: 1851942560, e: -7270, error: 113
#ERR  p: [2, 731], r: 1851942550, e: -7280, error: 114
#ERR  p: [2, 732], r: 1851942540, e: -7290, error: 115
#ERR  p: [2, 733], r: 1851942530, e: -7300, error: 116
#ERR  p: [2, 734], r: 1851942520, e: -7310, error: 117
#ERR  p: [2, 735], r: 1851942510, e: -7320, error: 118
#ERR  p: [2, 736], r: 1851942500, e: -7330, error: 119
#ERR  p: [2, 737], r: 1851942490, e: -7340, error: 120
#ERR  p: [2, 738], r: 1851942480, e: -7350, error: 121
#ERR  p: [2, 739], r: 1851942470, e: -7360, error: 122
#ERR  p: [2, 740], r: 1851942460, e: -7370, error: 123
#ERR  p: [2, 741], r: 1851942450, e: -7380, error: 124
#ERR  p: [2, 742], r: 1851942440, e: -7390, error: 125
#ERR  p: [2, 743], r: 1851942430, e: -7400, error: 126
#ERR  p: [2, 744], r: 1851942420, e: -7410, error: 127
#ERR  p: [2, 745], r: 1851942410, e: -7420, error: 128
#ERR  p: [2, 746], r: 1851942400, e: -7430, error: 129
#ERR  p: [2, 747], r: 1851942390, e: -7440, error: 130
#ERR  p: [2, 748], r: 1851942380, e: -7450, error: 131
#ERR  p: [2, 749], r: 1851942370, e: -7460, error: 132
#ERR  p: [2, 750], r: 1851942360, e: -7470, error: 133
#ERR  p: [2, 751], r: 1851942350, e: -7480, error: 134
#ERR  p: [2, 752], r: 1851942340, e: -7490, error: 135
#ERR  p: [2, 753], r: 1851942330, e: -7500, error: 136
#ERR  p: [2, 754], r: 1851942320, e: -7510, error: 137
#ERR  p: [2, 755], r: 1851942310, e: -7520, error: 138
#ERR  p: [2, 756], r: 1851942300, e: -7530, error: 139
#ERR  p: [2, 757], r: 1851942290, e: -7540, error: 140
#ERR  p: [2, 758], r: 1851942280, e: -7550, error: 141
#ERR  p: [2, 759], r: 1851942270, e: -7560, error: 142
#ERR  p: [2, 760], r: 1851942260, e: -7570, error: 143
#ERR  p: [2, 761], r: 1851942250, e: -7580, error: 144
#ERR  p: [2, 762], r: 1851942240, e: -7590, error: 145
#ERR  p: [2, 763], r: 1851942230, e: -7600, error: 146
#ERR  p: [2, 764], r: 1851942220, e: -7610, error: 147
#ERR  p: [2, 765], r: 1851942210, e: -7620, error: 148
#ERR  p: [2, 766], r: 1851942200, e: -7630, error: 149
#ERR  p: [2, 767], r: 1851942190, e: -7640, error: 150
#ERR  p: [2, 768], r: 1851942180, e: -7650, error: 151
#ERR  p: [2, 769], r: 1851942170, e: -7660, error: 152
#ERR  p: [2, 770], r: 1851942160, e: -7670, error: 153
#ERR  p: [2, 771], r: 1851942150, e: -7680, error: 154
#ERR  p: [2, 772], r: 1851942140, e: -7690, error: 155
#ERR  p: [2, 773], r: 1851942130, e: -7700, error: 156
#ERR  p: [2, 774], r: 1851942120, e: -7710, error: 157
#ERR  p: [2, 775], r: 1851942110, e: -7720, error: 158
#ERR  p: [2, 776], r: 1851942100, e: -7730, error: 159
#ERR  p: [2, 777], r: 1851942090, e: -7740, error: 160
#ERR  p: [2, 778], r: 1851942080, e: -7750, error: 161
#ERR  p: [2, 779], r: 1851942070, e: -7760, error: 162
#ERR  p: [2, 780], r: 1851942060, e: -7770, error: 163
#ERR  p: [2, 781], r: 1851942050, e: -7780, error: 164
#ERR  p: [2, 782], r: 1851942040, e: -7790, error: 165
#ERR  p: [2, 783], r: 1851942030, e: -7800, error: 166
#ERR  p: [2, 784], r: 1851942020, e: -7810, error: 167
#ERR  p: [2, 785], r: 1851942010, e: -7820, error: 168
#ERR  p: [2, 786], r: 1851942000, e: -7830, error: 169
#ERR  p: [2, 787], r: 1851941990, e: -7840, error: 170
#ERR  p: [2, 788], r: 1851941980, e: -7850, error: 171
#ERR  p: [2, 789], r: 1851941970, e: -7860, error: 172
#ERR  p: [2, 790], r: 1851941960, e: -7870, error: 173
#ERR  p: [2, 791], r: 1851941950, e: -7880, error: 174
#ERR  p: [2, 792], r: 1851941940, e: -7890, error: 175
#ERR  p: [2, 793], r: 1851941930, e: -7900, error: 176
#ERR  p: [2, 794], r: 1851941920, e: -7910, error: 177
#ERR  p: [2, 795], r: 1851941910, e: -7920, error: 178
#ERR  p: [2, 796], r: 1851941900, e: -7930, error: 179
#ERR  p: [2, 797], r: 1851941890, e: -7940, error: 180
#ERR  p: [2, 798], r: 1851941880, e: -7950, error: 181
#ERR  p: [2, 799], r: 1851941870, e: -7960, error: 182
#ERR  p: [2, 800], r: 1851941860, e: -7970, error: 183
#ERR  p: [2, 801], r: 1851941850, e: -7980, error: 184
#ERR  p: [2, 802], r: 1851941840, e: -7990, error: 185
#ERR  p: [2, 803], r: 1851941830, e: -8000, error: 186
#ERR  p: [2, 804], r: 1851941820, e: -8010, error: 187
#ERR  p: [2, 805], r: 1851941810, e: -8020, error: 188
#ERR  p: [2, 806], r: 1851941800, e: -8030, error: 189
#ERR  p: [2, 807], r: 1851941790, e: -8040, error: 190
#ERR  p: [2, 808], r: 1851941780, e: -8050, error: 191
#ERR  p: [2, 809], r: 1851941770, e: -8060, error: 192
#ERR  p: [2, 810], r: 1851941760, e: -8070, error: 193
#ERR  p: [2, 811], r: 1851941750, e: -8080, error: 194
#ERR  p: [2, 812], r: 1851941740, e: -8090, error: 195
#ERR  p: [2, 813], r: 1851941730, e: -8100, error: 196
#ERR  p: [2, 814], r: 1851941720, e: -8110, error: 197
#ERR  p: [2, 815], r: 1851941710, e: -8120, error: 198
#ERR  p: [2, 816], r: 1851941700, e: -8130, error: 199
#ERR  p: [2, 817], r: 1851941690, e: -8140, error: 200
#ERR  p: [2, 818], r: 1851941680, e: -8150, error: 201
#ERR  p: [2, 819], r: 1851941670, e: -8160, error: 202
#ERR  p: [2, 820], r: 1851941660, e: -8170, error: 203
#ERR  p: [2, 821], r: 1851941650, e: -8180, error: 204
#ERR  p: [2, 822], r: 1851941640, e: -8190, error: 205
#ERR  p: [2, 823], r: 1851941630, e: -8200, error: 206
#ERR  p: [2, 824], r: 1851941620, e: -8210, error: 207
#ERR  p: [2, 825], r: 1851941610, e: -8220, error: 208
#ERR  p: [2, 826], r: 1851941600, e: -8230, error: 209
#ERR  p: [2, 827], r: 1851941590, e: -8240, error: 210
#ERR  p: [2, 828], r: 1851941580, e: -8250, error: 211
#ERR  p: [2, 829], r: 1851941570, e: -8260, error: 212
#ERR  p: [2, 830], r: 1851941560, e: -8270, error: 213
#ERR  p: [2, 831], r: 1851941550, e: -8280, error: 214
#ERR  p: [2, 832], r: 1851941540, e: -8290, error: 215
#ERR  p: [2, 833], r: 1851941530, e: -8300, error: 216
#ERR  p: [2, 834], r: 1851941520, e: -8310, error: 217
#ERR  p: [2, 835], r: 1851941510, e: -8320, error: 218
#ERR  p: [2, 836], r: 1851941500, e: -8330, error: 219
#ERR  p: [2, 837], r: 1851941490, e: -8340, error: 220
#ERR  p: [2, 838], r: 1851941480, e: -8350, error: 221
#ERR  p: [2, 839], r: 1851941470, e: -8360, error: 222
#ERR  p: [2, 840], r: 1851941460, e: -8370, error: 223
#ERR  p: [2, 841], r: 1851941450, e: -8380, error: 224
#ERR  p: [2, 842], r: 1851941440, e: -8390, error: 225
#ERR  p: [2, 843], r: 1851941430, e: -8400, error: 226
#ERR  p: [2, 844], r: 1851941420, e: -8410, error: 227
#ERR  p: [2, 845], r: 1851941410, e: -8420, error: 228
#ERR  p: [2, 846], r: 1851941400, e: -8430, error: 229
#ERR  p: [2, 847], r: 1851941390, e: -8440, error: 230
#ERR  p: [2, 848], r: 1851941380, e: -8450, error: 231
#ERR  p: [2, 849], r: 1851941370, e: -8460, error: 232
#ERR  p: [2, 850], r: 1851941360, e: -8470, error: 233
#ERR  p: [2, 851], r: 1851941350, e: -8480, error: 234
#ERR  p: [2, 852], r: 1851941340, e: -8490, error: 235
#ERR  p: [2, 853], r: 1851941330, e: -8500, error: 236
#ERR  p: [2, 854], r: 1851941320, e: -8510, error: 237
#ERR  p: [2, 855], r: 1851941310, e: -8520, error: 238
#ERR  p: [2, 856], r: 1851941300, e: -8530, error: 239
#ERR  p: [2, 857], r: 1851941290, e: -8540, error: 240
#ERR  p: [2, 858], r: 1851941280, e: -8550, error: 241
#ERR  p: [2, 859], r: 1851941270, e: -8560, error: 242
#ERR  p: [2, 860], r: 1851941260, e: -8570, error: 243
#ERR  p: [2, 861], r: 1851941250, e: -8580, error: 244
#ERR  p: [2, 862], r: 1851941240, e: -8590, error: 245
#ERR  p: [2, 863], r: 1851941230, e: -8600, error: 246
#ERR  p: [2, 864], r: 1851941220, e: -8610, error: 247
#ERR  p: [2, 865], r: 1851941210, e: -8620, error: 248
#ERR  p: [2, 866], r: 1851941200, e: -8630, error: 249
#ERR  p: [2, 867], r: 1851941190, e: -8640, error: 250
#ERR  p: [2, 868], r: 1851941180, e: -8650, error: 251
#ERR  p: [2, 869], r: 1851941170, e: -8660, error: 252
#ERR  p: [2, 870], r: 1851941160, e: -8670, error: 253
#ERR  p: [2, 871], r: 1851941150, e: -8680, error: 254
#ERR  p: [2, 872], r: 1851941140, e: -8690, error: 255
#ERR  p: [2, 873], r: 1851941130, e: -8700, error: 256
#ERR  p: [2, 874], r: 1851941120, e: -8710, error: 257
#ERR  p: [2, 875], r: 1851941110, e: -8720, error: 258
#ERR  p: [2, 876], r: 1851941100, e: -8730, error: 259
#ERR  p: [2, 877], r: 1851941090, e: -8740, error: 260
#ERR  p: [2, 878], r: 1851941080, e: -8750, error: 261
#ERR  p: [2, 879], r: 1851941070, e: -8760, error: 262
#ERR  p: [2, 880], r: 1851941060, e: -8770, error: 263
#ERR  p: [2, 881], r: 1851941050, e: -8780, error: 264
#ERR  p: [2, 882], r: 1851941040, e: -8790, error: 265
#ERR  p: [2, 883], r: 1851941030, e: -8800, error: 266
#ERR  p: [2, 884], r: 1851941020, e: -8810, error: 267
#ERR  p: [2, 885], r: 1851941010, e: -8820, error: 268
#ERR  p: [2, 886], r: 1851941000, e: -8830, error: 269
#ERR  p: [2, 887], r: 1851940990, e: -8840, error: 270
#ERR  p: [2, 888], r: 1851940980, e: -8850, error: 271
#ERR  p: [2, 889], r: 1851940970, e: -8860, error: 272
#ERR  p: [2, 890], r: 1851940960, e: -8870, error: 273
#ERR  p: [2, 891], r: 1851940950, e: -8880, error: 274
#ERR  p: [2, 892], r: 1851940940, e: -8890, error: 275
#ERR  p: [2, 893], r: 1851940930, e: -8900, error: 276
#ERR  p: [2, 894], r: 1851940920, e: -8910, error: 277
#ERR  p: [2, 895], r: 1851940910, e: -8920, error: 278
#ERR  p: [2, 896], r: 1851940900, e: -8930, error: 279
#ERR  p: [2, 897], r: 1851940890, e: -8940, error: 280
#ERR  p: [2, 898], r: 1851940880, e: -8950, error: 281
#ERR  p: [2, 899], r: 1851940870, e: -8960, error: 282
#ERR  p: [2, 900], r: 1851940860, e: -8970, error: 283
#ERR  p: [2, 901], r: 1851940850, e: -8980, error: 284
#ERR  p: [2, 902], r: 1851940840, e: -8990, error: 285
#ERR  p: [2, 903], r: 1851940830, e: -9000, error: 286
#ERR  p: [2, 904], r: 1851940820, e: -9010, error: 287
#ERR  p: [2, 905], r: 1851940810, e: -9020, error: 288
#ERR  p: [2, 906], r: 1851940800, e: -9030, error: 289
#ERR  p: [2, 907], r: 1851940790, e: -9040, error: 290
#ERR  p: [2, 908], r: 1851940780, e: -9050, error: 291
#ERR  p: [2, 909], r: 1851940770, e: -9060, error: 292
#ERR  p: [2, 910], r: 1851940760, e: -9070, error: 293
#ERR  p: [2, 911], r: 1851940750, e: -9080, error: 294
#ERR  p: [2, 912], r: 1851940740, e: -9090, error: 295
#ERR  p: [2, 913], r: 1851940730, e: -9100, error: 296
#ERR  p: [2, 914], r: 1851940720, e: -9110, error: 297
#ERR  p: [2, 915], r: 1851940710, e: -9120, error: 298
#ERR  p: [2, 916], r: 1851940700, e: -9130, error: 299
#ERR  p: [2, 917], r: 1851940690, e: -9140, error: 300
#ERR  p: [2, 918], r: 1851940680, e: -9150, error: 301
#ERR  p: [2, 919], r: 1851940670, e: -9160, error: 302
#ERR  p: [2, 920], r: 1851940660, e: -9170, error: 303
#ERR  p: [2, 921], r: 1851940650, e: -9180, error: 304
#ERR  p: [2, 922], r: 1851940640, e: -9190, error: 305
#ERR  p: [2, 923], r: 1851940630, e: -9200, error: 306
#ERR  p: [2, 924], r: 1851940620, e: -9210, error: 307
#ERR  p: [2, 925], r: 1851940610, e: -9220, error: 308
#ERR  p: [2, 926], r: 1851940600, e: -9230, error: 309
#ERR  p: [2, 927], r: 1851940590, e: -9240, error: 310
#ERR  p: [2, 928], r: 1851940580, e: -9250, error: 311
#ERR  p: [2, 929], r: 1851940570, e: -9260, error: 312
#ERR  p: [2, 930], r: 1851940560, e: -9270, error: 313
#ERR  p: [2, 931], r: 1851940550, e: -9280, error: 314
#ERR  p: [2, 932], r: 1851940540, e: -9290, error: 315
#ERR  p: [2, 933], r: 1851940530, e: -9300, error: 316
#ERR  p: [2, 934], r: 1851940520, e: -9310, error: 317
#ERR  p: [2, 935], r: 1851940510, e: -9320, error: 318
#ERR  p: [2, 936], r: 1851940500, e: -9330, error: 319
#ERR  p: [2, 937], r: 1851940490, e: -9340, error: 320
#ERR  p: [2, 938], r: 1851940480, e: -9350, error: 321
#ERR  p: [2, 939], r: 1851940470, e: -9360, error: 322
#ERR  p: [2, 940], r: 1851940460, e: -9370, error: 323
#ERR  p: [2, 941], r: 1851940450, e: -9380, error: 324
#ERR  p: [2, 942], r: 1851940440, e: -9390, error: 325
#ERR  p: [2, 943], r: 1851940430, e: -9400, error: 326
#ERR  p: [2, 944], r: 1851940420, e: -9410, error: 327
#ERR  p: [2, 945], r: 1851940410, e: -9420, error: 328
#ERR  p: [2, 946], r: 1851940400, e: -9430, error: 329
#ERR  p: [2, 947], r: 1851940390, e: -9440, error: 330
#ERR  p: [2, 948], r: 1851940380, e: -9450, error: 331
#ERR  p: [2, 949], r: 1851940370, e: -9460, error: 332
#ERR  p: [2, 950], r: 1851940360, e: -9470, error: 333
#ERR  p: [2, 951], r: 1851940350, e: -9480, error: 334
#ERR  p: [2, 952], r: 1851940340, e: -9490, error: 335
#ERR  p: [2, 953], r: 1851940330, e: -9500, error: 336
#ERR  p: [2, 954], r: 1851940320, e: -9510, error: 337
#ERR  p: [2, 955], r: 1851940310, e: -9520, error: 338
#ERR  p: [2, 956], r: 1851940300, e: -9530, error: 339
#ERR  p: [2, 957], r: 1851940290, e: -9540, error: 340
#ERR  p: [2, 958], r: 1851940280, e: -9550, error: 341
#ERR  p: [2, 959], r: 1851940270, e: -9560, error: 342
#ERR  p: [2, 960], r: 1851940260, e: -9570, error: 343
#ERR  p: [2, 961], r: 1851940250, e: -9580, error: 344
#ERR  p: [2, 962], r: 1851940240, e: -9590, error: 345
#ERR  p: [2, 963], r: 1851940230, e: -9600, error: 346
#ERR  p: [2, 964], r: 1851940220, e: -9610, error: 347
#ERR  p: [2, 965], r: 1851940210, e: -9620, error: 348
#ERR  p: [2, 966], r: 1851940200, e: -9630, error: 349
#ERR  p: [2, 967], r: 1851940190, e: -9640, error: 350
#ERR  p: [2, 968], r: 1851940180, e: -9650, error: 351
#ERR  p: [2, 969], r: 1851940170, e: -9660, error: 352
#ERR  p: [2, 970], r: 1851940160, e: -9670, error: 353
#ERR  p: [2, 971], r: 1851940150, e: -9680, error: 354
#ERR  p: [2, 972], r: 1851940140, e: -9690, error: 355
#ERR  p: [2, 973], r: 1851940130, e: -9700, error: 356
#ERR  p: [2, 974], r: 1851940120, e: -9710, error: 357
#ERR  p: [2, 975], r: 1851940110, e: -9720, error: 358
#ERR  p: [2, 976], r: 1851940100, e: -9730, error: 359
#ERR  p: [2, 977], r: 1851940090, e: -9740, error: 360
#ERR  p: [2, 978], r: 1851940080, e: -9750, error: 361
#ERR  p: [2, 979], r: 1851940070, e: -9760, error: 362
#ERR  p: [2, 980], r: 1851940060, e: -9770, error: 363
#ERR  p: [2, 981], r: 1851940050, e: -9780, error: 364
#ERR  p: [2, 982], r: 1851940040, e: -9790, error: 365
#ERR  p: [2, 983], r: 1851940030, e: -9800, error: 366
#ERR  p: [2, 984], r: 1851940020, e: -9810, error: 367
#ERR  p: [2, 985], r: 1851940010, e: -9820, error: 368
#ERR  p: [2, 986], r: 1851940000, e: -9830, error: 369
#ERR  p: [2, 987], r: 1851939990, e: -9840, error: 370
#ERR  p: [2, 988], r: 1851939980, e: -9850, error: 371
#ERR  p: [2, 989], r: 1851939970, e: -9860, error: 372
#ERR  p: [2, 990], r: 1851939960, e: -9870, error: 373
#ERR  p: [2, 991], r: 1851939950, e: -9880, error: 374
#ERR  p: [2, 992], r: 1851939940, e: -9890, error: 375
#ERR  p: [2, 993], r: 1851939930, e: -9900, error: 376
#ERR  p: [2, 994], r: 1851939920, e: -9910, error: 377
#ERR  p: [2, 995], r: 1851939910, e: -9920, error: 378
#ERR  p: [2, 996], r: 1851939900, e: -9930, error: 379
#ERR  p: [2, 997], r: 1851939890, e: -9940, error: 380
#ERR  p: [2, 998], r: 1851939880, e: -9950, error: 381
#ERR  p: [2, 999], r: 1851939870, e: -9960, error: 382
#ERR  p: [2, 1000], r: 1851939860, e: -9970, error: 383
#ERR  p: [2, 1001], r: 1851939850, e: -9980, error: 384
#ERR  p: [2, 1002], r: 1851939840, e: -9990, error: 385
#ERR  p: [2, 1003], r: 1851939830, e: -10000, error: 386
#ERR  p: [2, 1004], r: 1851939820, e: -10010, error: 387
#ERR  p: [2, 1005], r: 1851939810, e: -10020, error: 388
#ERR  p: [2, 1006], r: 1851939800, e: -10030, error: 389
#ERR  p: [2, 1007], r: 1851939790, e: -10040, error: 390
#ERR  p: [2, 1008], r: 1851939780, e: -10050, error: 391
#ERR  p: [2, 1009], r: 1851939770, e: -10060, error: 392
#ERR  p: [2, 1010], r: 1851939760, e: -10070, error: 393
#ERR  p: [2, 1011], r: 1851939750, e: -10080, error: 394
#ERR  p: [2, 1012], r: 1851939740, e: -10090, error: 395
#ERR  p: [2, 1013], r: 1851939730, e: -10100, error: 396
#ERR  p: [2, 1014], r: 1851939720, e: -10110, error: 397
#ERR  p: [2, 1015], r: 1851939710, e: -10120, error: 398
#ERR  p: [2, 1016], r: 1851939700, e: -10130, error: 399
#ERR  p: [2, 1017], r: 1851939690, e: -10140, error: 400
#ERR  p: [2, 1018], r: 1851939680, e: -10150, error: 401
#ERR  p: [2, 1019], r: 1851939670, e: -10160, error: 402
#ERR  p: [2, 1020], r: 1851939660, e: -10170, error: 403
#ERR  p: [2, 1021], r: 1851939650, e: -10180, error: 404
#ERR  p: [2, 1022], r: 1851939640, e: -10190, error: 405
#ERR  p: [2, 1023], r: 1851939630, e: -10200, error: 406
#ERR  p: [2, 1024], r: 1851939620, e: -10210, error: 407
#ERR  p: [2, 1025], r: 1851939610, e: -10220, error: 408
#ERR  p: [2, 1026], r: 1851939600, e: -10230, error: 409
#ERR  p: [2, 1027], r: 1851939590, e: -10240, error: 410
#ERR  p: [2, 1028], r: 1851939580, e: -10250, error: 411
#ERR  p: [2, 1029], r: 1851939570, e: -10260, error: 412
#ERR  p: [2, 1030], r: 1851939560, e: -10270, error: 413
#ERR  p: [2, 1031], r: 1851939550, e: -10280, error: 414
#ERR  p: [2, 1032], r: 1851939540, e: -10290, error: 415
#ERR  p: [2, 1033], r: 1851939530, e: -10300, error: 416
#ERR  p: [2, 1034], r: 1851939520, e: -10310, error: 417
#ERR  p: [2, 1035], r: 1851939510, e: -10320, error: 418
#ERR  p: [2, 1036], r: 1851939500, e: -10330, error: 419
#ERR  p: [2, 1037], r: 1851939490, e: -10340, error: 420
#ERR  p: [2, 1038], r: 1851939480, e: -10350, error: 421
#ERR  p: [2, 1039], r: 1851939470, e: -10360, error: 422
#ERR  p: [2, 1040], r: 1851939460, e: -10370, error: 423
#ERR  p: [2, 1041], r: 1851939450, e: -10380, error: 424
#ERR  p: [2, 1042], r: 1851939440, e: -10390, error: 425
#ERR  p: [2, 1043], r: 1851939430, e: -10400, error: 426
#ERR  p: [2, 1044], r: 1851939420, e: -10410, error: 427
#ERR  p: [2, 1045], r: 1851939410, e: -10420, error: 428
#ERR  p: [2, 1046], r: 1851939400, e: -10430, error: 429
#ERR  p: [2, 1047], r: 1851939390, e: -10440, error: 430
#ERR  p: [2, 1048], r: 1851939380, e: -10450, error: 431
#ERR  p: [2, 1049], r: 1851939370, e: -10460, error: 432
#ERR  p: [2, 1050], r: 1851939360, e: -10470, error: 433
#ERR  p: [2, 1051], r: 1851939350, e: -10480, error: 434
#ERR  p: [2, 1052], r: 1851939340, e: -10490, error: 435
#ERR  p: [2, 1053], r: 1851939330, e: -10500, error: 436
#ERR  p: [2, 1054], r: 1851939320, e: -10510, error: 437
#ERR  p: [2, 1055], r: 1851939310, e: -10520, error: 438
#ERR  p: [2, 1056], r: 1851939300, e: -10530, error: 439
#ERR  p: [2, 1057], r: 1851939290, e: -10540, error: 440
#ERR  p: [2, 1058], r: 1851939280, e: -10550, error: 441
#ERR  p: [2, 1059], r: 1851939270, e: -10560, error: 442
#ERR  p: [2, 1060], r: 1851939260, e: -10570, error: 443
#ERR  p: [2, 1061], r: 1851939250, e: -10580, error: 444
#ERR  p: [2, 1062], r: 1851939240, e: -10590, error: 445
#ERR  p: [2, 1063], r: 1851939230, e: -10600, error: 446
#ERR  p: [2, 1064], r: 1851939220, e: -10610, error: 447
#ERR  p: [2, 1065], r: 1851939210, e: -10620, error: 448
#ERR  p: [2, 1066], r: 1851939200, e: -10630, error: 449
#ERR  p: [2, 1067], r: 1851939190, e: -10640, error: 450
#ERR  p: [2, 1068], r: 1851939180, e: -10650, error: 451
#ERR  p: [2, 1069], r: 1851939170, e: -10660, error: 452
#ERR  p: [2, 1070], r: 1851939160, e: -10670, error: 453
#ERR  p: [2, 1071], r: 1851939150, e: -10680, error: 454
#ERR  p: [2, 1072], r: 1851939140, e: -10690, error: 455
#ERR  p: [2, 1073], r: 1851939130, e: -10700, error: 456
#ERR  p: [2, 1074], r: 1851939120, e: -10710, error: 457
#ERR  p: [2, 1075], r: 1851939110, e: -10720, error: 458
#ERR  p: [2, 1076], r: 1851939100, e: -10730, error: 459
#ERR  p: [2, 1077], r: 1851939090, e: -10740, error: 460
#ERR  p: [2, 1078], r: 1851939080, e: -10750, error: 461
#ERR  p: [2, 1079], r: 1851939070, e: -10760, error: 462
#ERR  p: [2, 1080], r: 1851939060, e: -10770, error: 463
#ERR  p: [2, 1081], r: 1851939050, e: -10780, error: 464
#ERR  p: [2, 1082], r: 1851939040, e: -10790, error: 465
#ERR  p: [2, 1083], r: 1851939030, e: -10800, error: 466
#ERR  p: [2, 1084], r: 1851939020, e: -10810, error: 467
#ERR  p: [2, 1085], r: 1851939010, e: -10820, error: 468
#ERR  p: [2, 1086], r: 1851939000, e: -10830, error: 469
#ERR  p: [2, 1087], r: 1851938990, e: -10840, error: 470
#ERR  p: [2, 1088], r: 1851938980, e: -10850, error: 471
#ERR  p: [2, 1089], r: 1851938970, e: -10860, error: 472
#ERR  p: [2, 1090], r: 1851938960, e: -10870, error: 473
#ERR  p: [2, 1091], r: 1851938950, e: -10880, error: 474
#ERR  p: [2, 1092], r: 1851938940, e: -10890, error: 475
#ERR  p: [2, 1093], r: 1851938930, e: -10900, error: 476
#ERR  p: [2, 1094], r: 1851938920, e: -10910, error: 477
#ERR  p: [2, 1095], r: 1851938910, e: -10920, error: 478
#ERR  p: [2, 1096], r: 1851938900, e: -10930, error: 479
#ERR  p: [2, 1097], r: 1851938890, e: -10940, error: 480
#ERR  p: [2, 1098], r: 1851938880, e: -10950, error: 481
#ERR  p: [2, 1099], r: 1851938870, e: -10960, error: 482
#ERR  p: [2, 1100], r: 1851938860, e: -10970, error: 483
#ERR  p: [2, 1101], r: 1851938850, e: -10980, error: 484
#ERR  p: [2, 1102], r: 1851938840, e: -10990, error: 485
#ERR  p: [2, 1103], r: 1851938830, e: -11000, error: 486
#ERR  p: [2, 1104], r: 1851938820, e: -11010, error: 487
#ERR  p: [2, 1105], r: 1851938810, e: -11020, error: 488
#ERR  p: [2, 1106], r: 1851938800, e: -11030, error: 489
#ERR  p: [2, 1107], r: 1851938790, e: -11040, error: 490
#ERR  p: [2, 1108], r: 1851938780, e: -11050, error: 491
#ERR  p: [2, 1109], r: 1851938770, e: -11060, error: 492
#ERR  p: [2, 1110], r: 1851938760, e: -11070, error: 493
#ERR  p: [2, 1111], r: 1851938750, e: -11080, error: 494
#ERR  p: [2, 1112], r: 1851938740, e: -11090, error: 495
#ERR  p: [2, 1113], r: 1851938730, e: -11100, error: 496
#ERR  p: [2, 1114], r: 1851938720, e: -11110, error: 497
#ERR  p: [2, 1115], r: 1851938710, e: -11120, error: 498
#ERR  p: [2, 1116], r: 1851938700, e: -11130, error: 499
#SDC Ite:0 KerTime:0.294713 AccTime:0.294713 KerErr:500 AccErr:500
#END