#HEADER max_rows:2048 max_cols:2048 penalty:10
#BEGIN Y:2016 M:09 D:12 Time:14:08:38
#IT Ite:0 KerTime:0.294366 AccTime:0.294366
#ERR Error detected! kerrors = 3894
#ERR  p: [1923, 248], r: -15647, e: -15706, error: 1
#ERR  p: [1923, 249], r: -15657, e: -15695, error: 2
#ERR  p: [1923, 250], r: -15667, e: -15685, error: 3
#ERR  p: [1924, 248], r: -15657, e: -15716, error: 4
#ERR  p: [1924, 249], r: -15650, e: -15705, error: 5
#ERR  p: [1924, 250], r: -15659, e: -15695, error: 6
#ERR  p: [1924, 251], r: -15668, e: -15683, error: 7
#ERR  p: [1925, 248], r: -15667, e: -15726, error: 8
#ERR  p: [1925, 249], r: -15660, e: -15715, error: 9
#ERR  p: [1925, 250], r: -15652, e: -15705, error: 10
#ERR  p: [1925, 251], r: -15660, e: -15693, error: 11
#ERR  p: [1925, 252], r: -15659, e: -15674, error: 12
#ERR  p: [1926, 248], r: -15677, e: -15736, error: 13
#ERR  p: [1926, 249], r: -15668, e: -15725, error: 14
#ERR  p: [1926, 250], r: -15660, e: -15715, error: 15
#ERR  p: [1926, 251], r: -15653, e: -15703, error: 16
#ERR  p: [1926, 252], r: -15660, e: -15684, error: 17
#ERR  p: [1926, 253], r: -15655, e: -15670, error: 18
#ERR  p: [1927, 248], r: -15687, e: -15746, error: 19
#ERR  p: [1927, 249], r: -15678, e: -15735, error: 20
#ERR  p: [1927, 250], r: -15669, e: -15725, error: 21
#ERR  p: [1927, 251], r: -15661, e: -15713, error: 22
#ERR  p: [1927, 252], r: -15655, e: -15694, error: 23
#ERR  p: [1927, 253], r: -15662, e: -15680, error: 24
#ERR  p: [1927, 254], r: -15648, e: -15663, error: 25
#ERR  p: [1928, 248], r: -15697, e: -15756, error: 26
#ERR  p: [1928, 249], r: -15688, e: -15745, error: 27
#ERR  p: [1928, 250], r: -15679, e: -15735, error: 28
#ERR  p: [1928, 251], r: -15670, e: -15723, error: 29
#ERR  p: [1928, 252], r: -15663, e: -15704, error: 30
#ERR  p: [1928, 253], r: -15657, e: -15690, error: 31
#ERR  p: [1928, 254], r: -15655, e: -15673, error: 32
#ERR  p: [1928, 255], r: -15650, e: -15664, error: 33
#ERR  p: [1929, 248], r: -15707, e: -15766, error: 34
#ERR  p: [1929, 249], r: -15697, e: -15755, error: 35
#ERR  p: [1929, 250], r: -15689, e: -15745, error: 36
#ERR  p: [1929, 251], r: -15680, e: -15733, error: 37
#ERR  p: [1929, 252], r: -15673, e: -15714, error: 38
#ERR  p: [1929, 253], r: -15665, e: -15700, error: 39
#ERR  p: [1929, 254], r: -15655, e: -15683, error: 40
#ERR  p: [1929, 255], r: -15656, e: -15674, error: 41
#ERR  p: [1929, 256], r: -15648, e: -15657, error: 42
#ERR  p: [1930, 248], r: -15717, e: -15776, error: 43
#ERR  p: [1930, 249], r: -15707, e: -15765, error: 44
#ERR  p: [1930, 250], r: -15698, e: -15755, error: 45
#ERR  p: [1930, 251], r: -15685, e: -15741, error: 46
#ERR  p: [1930, 252], r: -15681, e: -15724, error: 47
#ERR  p: [1930, 253], r: -15674, e: -15710, error: 48
#ERR  p: [1930, 254], r: -15665, e: -15693, error: 49
#ERR  p: [1930, 255], r: -15658, e: -15684, error: 50
#ERR  p: [1930, 256], r: -15657, e: -15667, error: 51
#ERR  p: [1930, 257], r: -15650, e: -15657, error: 52
#ERR  p: [1931, 248], r: -15727, e: -15786, error: 53
#ERR  p: [1931, 249], r: -15717, e: -15775, error: 54
#ERR  p: [1931, 250], r: -15708, e: -15765, error: 55
#ERR  p: [1931, 251], r: -15695, e: -15751, error: 56
#ERR  p: [1931, 252], r: -15688, e: -15734, error: 57
#ERR  p: [1931, 253], r: -15683, e: -15720, error: 58
#ERR  p: [1931, 254], r: -15675, e: -15703, error: 59
#ERR  p: [1931, 255], r: -15666, e: -15694, error: 60
#ERR  p: [1931, 256], r: -15661, e: -15677, error: 61
#ERR  p: [1931, 257], r: -15657, e: -15667, error: 62
#ERR  p: [1931, 258], r: -15652, e: -15653, error: 63
#ERR  p: [1932, 248], r: -15737, e: -15796, error: 64
#ERR  p: [1932, 249], r: -15727, e: -15785, error: 65
#ERR  p: [1932, 250], r: -15717, e: -15775, error: 66
#ERR  p: [1932, 251], r: -15705, e: -15761, error: 67
#ERR  p: [1932, 252], r: -15696, e: -15744, error: 68
#ERR  p: [1932, 253], r: -15688, e: -15730, error: 69
#ERR  p: [1932, 254], r: -15685, e: -15713, error: 70
#ERR  p: [1932, 255], r: -15676, e: -15704, error: 71
#ERR  p: [1932, 256], r: -15668, e: -15687, error: 72
#ERR  p: [1932, 257], r: -15660, e: -15676, error: 73
#ERR  p: [1932, 258], r: -15657, e: -15663, error: 74
#ERR  p: [1933, 248], r: -15747, e: -15806, error: 75
#ERR  p: [1933, 249], r: -15737, e: -15795, error: 76
#ERR  p: [1933, 250], r: -15727, e: -15785, error: 77
#ERR  p: [1933, 251], r: -15715, e: -15771, error: 78
#ERR  p: [1933, 252], r: -15696, e: -15752, error: 79
#ERR  p: [1933, 253], r: -15696, e: -15740, error: 80
#ERR  p: [1933, 254], r: -15690, e: -15723, error: 81
#ERR  p: [1933, 255], r: -15686, e: -15714, error: 82
#ERR  p: [1933, 256], r: -15678, e: -15697, error: 83
#ERR  p: [1933, 257], r: -15669, e: -15686, error: 84
#ERR  p: [1933, 258], r: -15660, e: -15673, error: 85
#ERR  p: [1933, 259], r: -15657, e: -15659, error: 86
#ERR  p: [1934, 248], r: -15757, e: -15816, error: 87
#ERR  p: [1934, 249], r: -15747, e: -15805, error: 88
#ERR  p: [1934, 250], r: -15737, e: -15795, error: 89
#ERR  p: [1934, 251], r: -15725, e: -15781, error: 90
#ERR  p: [1934, 252], r: -15706, e: -15762, error: 91
#ERR  p: [1934, 253], r: -15697, e: -15750, error: 92
#ERR  p: [1934, 254], r: -15698, e: -15733, error: 93
#ERR  p: [1934, 255], r: -15689, e: -15722, error: 94
#ERR  p: [1934, 256], r: -15688, e: -15707, error: 95
#ERR  p: [1934, 257], r: -15678, e: -15696, error: 96
#ERR  p: [1934, 258], r: -15670, e: -15683, error: 97
#ERR  p: [1934, 259], r: -15661, e: -15669, error: 98
#ERR  p: [1934, 260], r: -15656, e: -15658, error: 99
#ERR  p: [1935, 248], r: -15767, e: -15818, error: 100
#ERR  p: [1935, 249], r: -15757, e: -15815, error: 101
#ERR  p: [1935, 250], r: -15747, e: -15805, error: 102
#ERR  p: [1935, 251], r: -15735, e: -15791, error: 103
#ERR  p: [1935, 252], r: -15716, e: -15772, error: 104
#ERR  p: [1935, 253], r: -15707, e: -15760, error: 105
#ERR  p: [1935, 254], r: -15700, e: -15743, error: 106
#ERR  p: [1935, 255], r: -15699, e: -15732, error: 107
#ERR  p: [1935, 256], r: -15692, e: -15717, error: 108
#ERR  p: [1935, 257], r: -15688, e: -15706, error: 109
#ERR  p: [1935, 258], r: -15679, e: -15693, error: 110
#ERR  p: [1935, 259], r: -15671, e: -15679, error: 111
#ERR  p: [1935, 260], r: -15662, e: -15668, error: 112
#ERR  p: [1936, 248], r: -15777, e: -15828, error: 113
#ERR  p: [1936, 249], r: -15767, e: -15818, error: 114
#ERR  p: [1936, 250], r: -15757, e: -15815, error: 115
#ERR  p: [1936, 251], r: -15745, e: -15801, error: 116
#ERR  p: [1936, 252], r: -15726, e: -15782, error: 117
#ERR  p: [1936, 253], r: -15717, e: -15770, error: 118
#ERR  p: [1936, 254], r: -15705, e: -15753, error: 119
#ERR  p: [1936, 255], r: -15701, e: -15742, error: 120
#ERR  p: [1936, 256], r: -15697, e: -15727, error: 121
#ERR  p: [1936, 257], r: -15693, e: -15716, error: 122
#ERR  p: [1936, 258], r: -15689, e: -15703, error: 123
#ERR  p: [1936, 259], r: -15681, e: -15689, error: 124
#ERR  p: [1936, 260], r: -15672, e: -15678, error: 125
#ERR  p: [1936, 261], r: -15661, e: -15665, error: 126
#ERR  p: [1937, 248], r: -15787, e: -15838, error: 127
#ERR  p: [1937, 249], r: -15777, e: -15828, error: 128
#ERR  p: [1937, 250], r: -15767, e: -15818, error: 129
#ERR  p: [1937, 251], r: -15755, e: -15811, error: 130
#ERR  p: [1937, 252], r: -15736, e: -15792, error: 131
#ERR  p: [1937, 253], r: -15726, e: -15780, error: 132
#ERR  p: [1937, 254], r: -15715, e: -15763, error: 133
#ERR  p: [1937, 255], r: -15706, e: -15752, error: 134
#ERR  p: [1937, 256], r: -15703, e: -15737, error: 135
#ERR  p: [1937, 257], r: -15696, e: -15726, error: 136
#ERR  p: [1937, 258], r: -15693, e: -15713, error: 137
#ERR  p: [1937, 259], r: -15689, e: -15699, error: 138
#ERR  p: [1937, 260], r: -15682, e: -15688, error: 139
#ERR  p: [1937, 261], r: -15671, e: -15675, error: 140
#ERR  p: [1938, 248], r: -15797, e: -15848, error: 141
#ERR  p: [1938, 249], r: -15787, e: -15838, error: 142
#ERR  p: [1938, 250], r: -15777, e: -15828, error: 143
#ERR  p: [1938, 251], r: -15765, e: -15819, error: 144
#ERR  p: [1938, 252], r: -15746, e: -15802, error: 145
#ERR  p: [1938, 253], r: -15736, e: -15790, error: 146
#ERR  p: [1938, 254], r: -15725, e: -15773, error: 147
#ERR  p: [1938, 255], r: -15716, e: -15762, error: 148
#ERR  p: [1938, 256], r: -15708, e: -15747, error: 149
#ERR  p: [1938, 257], r: -15704, e: -15736, error: 150
#ERR  p: [1938, 258], r: -15696, e: -15723, error: 151
#ERR  p: [1938, 259], r: -15693, e: -15709, error: 152
#ERR  p: [1938, 260], r: -15692, e: -15698, error: 153
#ERR  p: [1938, 261], r: -15681, e: -15685, error: 154
#ERR  p: [1939, 248], r: -15807, e: -15858, error: 155
#ERR  p: [1939, 249], r: -15797, e: -15848, error: 156
#ERR  p: [1939, 250], r: -15787, e: -15838, error: 157
#ERR  p: [1939, 251], r: -15775, e: -15829, error: 158
#ERR  p: [1939, 252], r: -15756, e: -15812, error: 159
#ERR  p: [1939, 253], r: -15746, e: -15800, error: 160
#ERR  p: [1939, 254], r: -15729, e: -15783, error: 161
#ERR  p: [1939, 255], r: -15726, e: -15772, error: 162
#ERR  p: [1939, 256], r: -15709, e: -15755, error: 163
#ERR  p: [1939, 257], r: -15710, e: -15746, error: 164
#ERR  p: [1939, 258], r: -15706, e: -15733, error: 165
#ERR  p: [1939, 259], r: -15698, e: -15719, error: 166
#ERR  p: [1939, 260], r: -15695, e: -15708, error: 167
#ERR  p: [1939, 261], r: -15691, e: -15695, error: 168
#ERR  p: [1940, 248], r: -15817, e: -15868, error: 169
#ERR  p: [1940, 249], r: -15807, e: -15858, error: 170
#ERR  p: [1940, 250], r: -15797, e: -15848, error: 171
#ERR  p: [1940, 251], r: -15785, e: -15839, error: 172
#ERR  p: [1940, 252], r: -15766, e: -15822, error: 173
#ERR  p: [1940, 253], r: -15756, e: -15810, error: 174
#ERR  p: [1940, 254], r: -15739, e: -15793, error: 175
#ERR  p: [1940, 255], r: -15728, e: -15782, error: 176
#ERR  p: [1940, 256], r: -15719, e: -15765, error: 177
#ERR  p: [1940, 257], r: -15709, e: -15755, error: 178
#ERR  p: [1940, 258], r: -15711, e: -15743, error: 179
#ERR  p: [1940, 259], r: -15707, e: -15729, error: 180
#ERR  p: [1940, 260], r: -15697, e: -15718, error: 181
#ERR  p: [1940, 261], r: -15695, e: -15705, error: 182
#ERR  p: [1941, 248], r: -15827, e: -15878, error: 183
#ERR  p: [1941, 249], r: -15817, e: -15868, error: 184
#ERR  p: [1941, 250], r: -15807, e: -15858, error: 185
#ERR  p: [1941, 251], r: -15795, e: -15849, error: 186
#ERR  p: [1941, 252], r: -15776, e: -15832, error: 187
#ERR  p: [1941, 253], r: -15762, e: -15818, error: 188
#ERR  p: [1941, 254], r: -15749, e: -15803, error: 189
#ERR  p: [1941, 255], r: -15738, e: -15792, error: 190
#ERR  p: [1941, 256], r: -15729, e: -15775, error: 191
#ERR  p: [1941, 257], r: -15718, e: -15764, error: 192
#ERR  p: [1941, 258], r: -15705, e: -15751, error: 193
#ERR  p: [1941, 259], r: -15707, e: -15739, error: 194
#ERR  p: [1941, 260], r: -15707, e: -15728, error: 195
#ERR  p: [1941, 261], r: -15699, e: -15715, error: 196
#ERR  p: [1941, 262], r: -15695, e: -15699, error: 197
#ERR  p: [1942, 248], r: -15837, e: -15888, error: 198
#ERR  p: [1942, 249], r: -15827, e: -15878, error: 199
#ERR  p: [1942, 250], r: -15817, e: -15868, error: 200
#ERR  p: [1942, 251], r: -15805, e: -15859, error: 201
#ERR  p: [1942, 252], r: -15786, e: -15842, error: 202
#ERR  p: [1942, 253], r: -15772, e: -15828, error: 203
#ERR  p: [1942, 254], r: -15759, e: -15813, error: 204
#ERR  p: [1942, 255], r: -15748, e: -15802, error: 205
#ERR  p: [1942, 256], r: -15739, e: -15785, error: 206
#ERR  p: [1942, 257], r: -15728, e: -15774, error: 207
#ERR  p: [1942, 258], r: -15714, e: -15760, error: 208
#ERR  p: [1942, 259], r: -15701, e: -15747, error: 209
#ERR  p: [1942, 260], r: -15708, e: -15738, error: 210
#ERR  p: [1942, 261], r: -15709, e: -15725, error: 211
#ERR  p: [1942, 262], r: -15699, e: -15709, error: 212
#ERR  p: [1943, 248], r: -15847, e: -15898, error: 213
#ERR  p: [1943, 249], r: -15837, e: -15888, error: 214
#ERR  p: [1943, 250], r: -15827, e: -15878, error: 215
#ERR  p: [1943, 251], r: -15815, e: -15869, error: 216
#ERR  p: [1943, 252], r: -15796, e: -15852, error: 217
#ERR  p: [1943, 253], r: -15782, e: -15838, error: 218
#ERR  p: [1943, 254], r: -15769, e: -15823, error: 219
#ERR  p: [1943, 255], r: -15758, e: -15812, error: 220
#ERR  p: [1943, 256], r: -15746, e: -15795, error: 221
#ERR  p: [1943, 257], r: -15738, e: -15784, error: 222
#ERR  p: [1943, 258], r: -15724, e: -15770, error: 223
#ERR  p: [1943, 259], r: -15711, e: -15757, error: 224
#ERR  p: [1943, 260], r: -15704, e: -15748, error: 225
#ERR  p: [1943, 261], r: -15712, e: -15735, error: 226
#ERR  p: [1943, 262], r: -15709, e: -15719, error: 227
#ERR  p: [1943, 263], r: -15702, e: -15705, error: 228
#ERR  p: [1944, 248], r: -15857, e: -15908, error: 229
#ERR  p: [1944, 249], r: -15847, e: -15898, error: 230
#ERR  p: [1944, 250], r: -15837, e: -15888, error: 231
#ERR  p: [1944, 251], r: -15825, e: -15878, error: 232
#ERR  p: [1944, 252], r: -15806, e: -15862, error: 233
#ERR  p: [1944, 253], r: -15792, e: -15848, error: 234
#ERR  p: [1944, 254], r: -15779, e: -15833, error: 235
#ERR  p: [1944, 255], r: -15768, e: -15822, error: 236
#ERR  p: [1944, 256], r: -15755, e: -15805, error: 237
#ERR  p: [1944, 257], r: -15748, e: -15794, error: 238
#ERR  p: [1944, 258], r: -15734, e: -15780, error: 239
#ERR  p: [1944, 259], r: -15721, e: -15767, error: 240
#ERR  p: [1944, 260], r: -15714, e: -15758, error: 241
#ERR  p: [1944, 261], r: -15707, e: -15745, error: 242
#ERR  p: [1944, 262], r: -15715, e: -15729, error: 243
#ERR  p: [1944, 263], r: -15712, e: -15715, error: 244
#ERR  p: [1945, 248], r: -15867, e: -15918, error: 245
#ERR  p: [1945, 249], r: -15857, e: -15908, error: 246
#ERR  p: [1945, 250], r: -15847, e: -15898, error: 247
#ERR  p: [1945, 251], r: -15835, e: -15888, error: 248
#ERR  p: [1945, 252], r: -15816, e: -15869, error: 249
#ERR  p: [1945, 253], r: -15802, e: -15858, error: 250
#ERR  p: [1945, 254], r: -15789, e: -15843, error: 251
#ERR  p: [1945, 255], r: -15778, e: -15832, error: 252
#ERR  p: [1945, 256], r: -15765, e: -15815, error: 253
#ERR  p: [1945, 257], r: -15756, e: -15804, error: 254
#ERR  p: [1945, 258], r: -15744, e: -15790, error: 255
#ERR  p: [1945, 259], r: -15731, e: -15777, error: 256
#ERR  p: [1945, 260], r: -15724, e: -15768, error: 257
#ERR  p: [1945, 261], r: -15717, e: -15755, error: 258
#ERR  p: [1945, 262], r: -15710, e: -15739, error: 259
#ERR  p: [1945, 263], r: -15718, e: -15725, error: 260
#ERR  p: [1946, 248], r: -15877, e: -15928, error: 261
#ERR  p: [1946, 249], r: -15867, e: -15918, error: 262
#ERR  p: [1946, 250], r: -15857, e: -15908, error: 263
#ERR  p: [1946, 251], r: -15845, e: -15898, error: 264
#ERR  p: [1946, 252], r: -15826, e: -15879, error: 265
#ERR  p: [1946, 253], r: -15812, e: -15868, error: 266
#ERR  p: [1946, 254], r: -15799, e: -15853, error: 267
#ERR  p: [1946, 255], r: -15788, e: -15842, error: 268
#ERR  p: [1946, 256], r: -15775, e: -15825, error: 269
#ERR  p: [1946, 257], r: -15765, e: -15814, error: 270
#ERR  p: [1946, 258], r: -15754, e: -15800, error: 271
#ERR  p: [1946, 259], r: -15741, e: -15787, error: 272
#ERR  p: [1946, 260], r: -15732, e: -15778, error: 273
#ERR  p: [1946, 261], r: -15723, e: -15765, error: 274
#ERR  p: [1946, 262], r: -15718, e: -15749, error: 275
#ERR  p: [1946, 263], r: -15709, e: -15735, error: 276
#ERR  p: [1946, 264], r: -15712, e: -15719, error: 277
#ERR  p: [1947, 248], r: -15887, e: -15938, error: 278
#ERR  p: [1947, 249], r: -15877, e: -15928, error: 279
#ERR  p: [1947, 250], r: -15867, e: -15918, error: 280
#ERR  p: [1947, 251], r: -15855, e: -15908, error: 281
#ERR  p: [1947, 252], r: -15836, e: -15889, error: 282
#ERR  p: [1947, 253], r: -15822, e: -15878, error: 283
#ERR  p: [1947, 254], r: -15809, e: -15863, error: 284
#ERR  p: [1947, 255], r: -15798, e: -15852, error: 285
#ERR  p: [1947, 256], r: -15785, e: -15835, error: 286
#ERR  p: [1947, 257], r: -15775, e: -15824, error: 287
#ERR  p: [1947, 258], r: -15764, e: -15810, error: 288
#ERR  p: [1947, 259], r: -15751, e: -15797, error: 289
#ERR  p: [1947, 260], r: -15742, e: -15788, error: 290
#ERR  p: [1947, 261], r: -15733, e: -15775, error: 291
#ERR  p: [1947, 262], r: -15724, e: -15759, error: 292
#ERR  p: [1947, 263], r: -15719, e: -15745, error: 293
#ERR  p: [1947, 264], r: -15710, e: -15729, error: 294
#ERR  p: [1947, 265], r: -15713, e: -15719, error: 295
#ERR  p: [1948, 248], r: -15897, e: -15948, error: 296
#ERR  p: [1948, 249], r: -15886, e: -15937, error: 297
#ERR  p: [1948, 250], r: -15877, e: -15928, error: 298
#ERR  p: [1948, 251], r: -15865, e: -15918, error: 299
#ERR  p: [1948, 252], r: -15846, e: -15899, error: 300
#ERR  p: [1948, 253], r: -15832, e: -15888, error: 301
#ERR  p: [1948, 254], r: -15819, e: -15873, error: 302
#ERR  p: [1948, 255], r: -15808, e: -15862, error: 303
#ERR  p: [1948, 256], r: -15795, e: -15845, error: 304
#ERR  p: [1948, 257], r: -15785, e: -15834, error: 305
#ERR  p: [1948, 258], r: -15774, e: -15820, error: 306
#ERR  p: [1948, 259], r: -15761, e: -15807, error: 307
#ERR  p: [1948, 260], r: -15750, e: -15796, error: 308
#ERR  p: [1948, 261], r: -15742, e: -15785, error: 309
#ERR  p: [1948, 262], r: -15734, e: -15769, error: 310
#ERR  p: [1948, 263], r: -15721, e: -15755, error: 311
#ERR  p: [1948, 264], r: -15719, e: -15739, error: 312
#ERR  p: [1948, 265], r: -15709, e: -15728, error: 313
#ERR  p: [1948, 266], r: -15712, e: -15718, error: 314
#ERR  p: [1949, 248], r: -15907, e: -15958, error: 315
#ERR  p: [1949, 249], r: -15896, e: -15947, error: 316
#ERR  p: [1949, 250], r: -15887, e: -15938, error: 317
#ERR  p: [1949, 251], r: -15875, e: -15928, error: 318
#ERR  p: [1949, 252], r: -15856, e: -15909, error: 319
#ERR  p: [1949, 253], r: -15842, e: -15898, error: 320
#ERR  p: [1949, 254], r: -15829, e: -15883, error: 321
#ERR  p: [1949, 255], r: -15818, e: -15872, error: 322
#ERR  p: [1949, 256], r: -15805, e: -15855, error: 323
#ERR  p: [1949, 257], r: -15795, e: -15844, error: 324
#ERR  p: [1949, 258], r: -15784, e: -15830, error: 325
#ERR  p: [1949, 259], r: -15771, e: -15817, error: 326
#ERR  p: [1949, 260], r: -15760, e: -15806, error: 327
#ERR  p: [1949, 261], r: -15750, e: -15795, error: 328
#ERR  p: [1949, 262], r: -15744, e: -15779, error: 329
#ERR  p: [1949, 263], r: -15730, e: -15765, error: 330
#ERR  p: [1949, 264], r: -15719, e: -15749, error: 331
#ERR  p: [1949, 265], r: -15719, e: -15738, error: 332
#ERR  p: [1949, 266], r: -15708, e: -15727, error: 333
#ERR  p: [1950, 248], r: -15917, e: -15968, error: 334
#ERR  p: [1950, 249], r: -15906, e: -15957, error: 335
#ERR  p: [1950, 250], r: -15897, e: -15948, error: 336
#ERR  p: [1950, 251], r: -15885, e: -15938, error: 337
#ERR  p: [1950, 252], r: -15866, e: -15919, error: 338
#ERR  p: [1950, 253], r: -15852, e: -15908, error: 339
#ERR  p: [1950, 254], r: -15839, e: -15893, error: 340
#ERR  p: [1950, 255], r: -15828, e: -15882, error: 341
#ERR  p: [1950, 256], r: -15815, e: -15865, error: 342
#ERR  p: [1950, 257], r: -15805, e: -15854, error: 343
#ERR  p: [1950, 258], r: -15794, e: -15840, error: 344
#ERR  p: [1950, 259], r: -15781, e: -15827, error: 345
#ERR  p: [1950, 260], r: -15770, e: -15816, error: 346
#ERR  p: [1950, 261], r: -15760, e: -15805, error: 347
#ERR  p: [1950, 262], r: -15752, e: -15789, error: 348
#ERR  p: [1950, 263], r: -15740, e: -15775, error: 349
#ERR  p: [1950, 264], r: -15728, e: -15759, error: 350
#ERR  p: [1950, 265], r: -15719, e: -15748, error: 351
#ERR  p: [1950, 266], r: -15718, e: -15737, error: 352
#ERR  p: [1950, 267], r: -15709, e: -15722, error: 353
#ERR  p: [1951, 248], r: -15927, e: -15978, error: 354
#ERR  p: [1951, 249], r: -15916, e: -15967, error: 355
#ERR  p: [1951, 250], r: -15907, e: -15958, error: 356
#ERR  p: [1951, 251], r: -15895, e: -15948, error: 357
#ERR  p: [1951, 252], r: -15876, e: -15929, error: 358
#ERR  p: [1951, 253], r: -15862, e: -15918, error: 359
#ERR  p: [1951, 254], r: -15845, e: -15901, error: 360
#ERR  p: [1951, 255], r: -15838, e: -15892, error: 361
#ERR  p: [1951, 256], r: -15821, e: -15875, error: 362
#ERR  p: [1951, 257], r: -15815, e: -15864, error: 363
#ERR  p: [1951, 258], r: -15804, e: -15850, error: 364
#ERR  p: [1951, 259], r: -15791, e: -15837, error: 365
#ERR  p: [1951, 260], r: -15780, e: -15826, error: 366
#ERR  p: [1951, 261], r: -15770, e: -15815, error: 367
#ERR  p: [1951, 262], r: -15762, e: -15799, error: 368
#ERR  p: [1951, 263], r: -15750, e: -15785, error: 369
#ERR  p: [1951, 264], r: -15738, e: -15769, error: 370
#ERR  p: [1951, 265], r: -15729, e: -15758, error: 371
#ERR  p: [1951, 266], r: -15721, e: -15747, error: 372
#ERR  p: [1951, 267], r: -15719, e: -15732, error: 373
#ERR  p: [1951, 268], r: -15713, e: -15726, error: 374
#ERR  p: [1952, 248], r: -15937, e: -15988, error: 375
#ERR  p: [1952, 249], r: -15925, e: -15976, error: 376
#ERR  p: [1952, 250], r: -15917, e: -15968, error: 377
#ERR  p: [1952, 251], r: -15905, e: -15958, error: 378
#ERR  p: [1952, 252], r: -15886, e: -15939, error: 379
#ERR  p: [1952, 253], r: -15872, e: -15928, error: 380
#ERR  p: [1952, 254], r: -15855, e: -15911, error: 381
#ERR  p: [1952, 255], r: -15840, e: -15896, error: 382
#ERR  p: [1952, 256], r: -15831, e: -15885, error: 383
#ERR  p: [1952, 257], r: -15821, e: -15874, error: 384
#ERR  p: [1952, 258], r: -15814, e: -15860, error: 385
#ERR  p: [1952, 259], r: -15801, e: -15847, error: 386
#ERR  p: [1952, 260], r: -15786, e: -15832, error: 387
#ERR  p: [1952, 261], r: -15780, e: -15825, error: 388
#ERR  p: [1952, 262], r: -15772, e: -15809, error: 389
#ERR  p: [1952, 263], r: -15760, e: -15795, error: 390
#ERR  p: [1952, 264], r: -15748, e: -15779, error: 391
#ERR  p: [1952, 265], r: -15736, e: -15767, error: 392
#ERR  p: [1952, 266], r: -15724, e: -15753, error: 393
#ERR  p: [1952, 267], r: -15722, e: -15742, error: 394
#ERR  p: [1952, 268], r: -15723, e: -15736, error: 395
#ERR  p: [1952, 269], r: -15717, e: -15730, error: 396
#ERR  p: [1953, 248], r: -15947, e: -15998, error: 397
#ERR  p: [1953, 249], r: -15935, e: -15986, error: 398
#ERR  p: [1953, 250], r: -15926, e: -15977, error: 399
#ERR  p: [1953, 251], r: -15915, e: -15968, error: 400
#ERR  p: [1953, 252], r: -15896, e: -15949, error: 401
#ERR  p: [1953, 253], r: -15882, e: -15938, error: 402
#ERR  p: [1953, 254], r: -15865, e: -15921, error: 403
#ERR  p: [1953, 255], r: -15850, e: -15906, error: 404
#ERR  p: [1953, 256], r: -15841, e: -15895, error: 405
#ERR  p: [1953, 257], r: -15831, e: -15884, error: 406
#ERR  p: [1953, 258], r: -15822, e: -15870, error: 407
#ERR  p: [1953, 259], r: -15811, e: -15857, error: 408
#ERR  p: [1953, 260], r: -15796, e: -15842, error: 409
#ERR  p: [1953, 261], r: -15786, e: -15832, error: 410
#ERR  p: [1953, 262], r: -15782, e: -15819, error: 411
#ERR  p: [1953, 263], r: -15769, e: -15805, error: 412
#ERR  p: [1953, 264], r: -15758, e: -15789, error: 413
#ERR  p: [1953, 265], r: -15746, e: -15777, error: 414
#ERR  p: [1953, 266], r: -15734, e: -15763, error: 415
#ERR  p: [1953, 267], r: -15725, e: -15752, error: 416
#ERR  p: [1953, 268], r: -15726, e: -15746, error: 417
#ERR  p: [1953, 269], r: -15727, e: -15740, error: 418
#ERR  p: [1953, 270], r: -15712, e: -15725, error: 419
#ERR  p: [1954, 248], r: -15957, e: -16008, error: 420
#ERR  p: [1954, 249], r: -15945, e: -15996, error: 421
#ERR  p: [1954, 250], r: -15936, e: -15987, error: 422
#ERR  p: [1954, 251], r: -15925, e: -15978, error: 423
#ERR  p: [1954, 252], r: -15906, e: -15959, error: 424
#ERR  p: [1954, 253], r: -15892, e: -15948, error: 425
#ERR  p: [1954, 254], r: -15875, e: -15931, error: 426
#ERR  p: [1954, 255], r: -15860, e: -15916, error: 427
#ERR  p: [1954, 256], r: -15851, e: -15905, error: 428
#ERR  p: [1954, 257], r: -15841, e: -15894, error: 429
#ERR  p: [1954, 258], r: -15831, e: -15880, error: 430
#ERR  p: [1954, 259], r: -15821, e: -15867, error: 431
#ERR  p: [1954, 260], r: -15806, e: -15852, error: 432
#ERR  p: [1954, 261], r: -15796, e: -15842, error: 433
#ERR  p: [1954, 262], r: -15789, e: -15829, error: 434
#ERR  p: [1954, 263], r: -15779, e: -15815, error: 435
#ERR  p: [1954, 264], r: -15768, e: -15799, error: 436
#ERR  p: [1954, 265], r: -15756, e: -15787, error: 437
#ERR  p: [1954, 266], r: -15744, e: -15773, error: 438
#ERR  p: [1954, 267], r: -15735, e: -15762, error: 439
#ERR  p: [1954, 268], r: -15729, e: -15756, error: 440
#ERR  p: [1954, 269], r: -15730, e: -15750, error: 441
#ERR  p: [1954, 270], r: -15722, e: -15735, error: 442
#ERR  p: [1954, 271], r: -15715, e: -15721, error: 443
#ERR  p: [1955, 248], r: -15967, e: -16018, error: 444
#ERR  p: [1955, 249], r: -15955, e: -16006, error: 445
#ERR  p: [1955, 250], r: -15945, e: -15996, error: 446
#ERR  p: [1955, 251], r: -15935, e: -15988, error: 447
#ERR  p: [1955, 252], r: -15916, e: -15969, error: 448
#ERR  p: [1955, 253], r: -15902, e: -15958, error: 449
#ERR  p: [1955, 254], r: -15885, e: -15941, error: 450
#ERR  p: [1955, 255], r: -15870, e: -15926, error: 451
#ERR  p: [1955, 256], r: -15861, e: -15915, error: 452
#ERR  p: [1955, 257], r: -15847, e: -15901, error: 453
#ERR  p: [1955, 258], r: -15840, e: -15890, error: 454
#ERR  p: [1955, 259], r: -15830, e: -15877, error: 455
#ERR  p: [1955, 260], r: -15816, e: -15862, error: 456
#ERR  p: [1955, 261], r: -15805, e: -15851, error: 457
#ERR  p: [1955, 262], r: -15796, e: -15839, error: 458
#ERR  p: [1955, 263], r: -15789, e: -15825, error: 459
#ERR  p: [1955, 264], r: -15778, e: -15809, error: 460
#ERR  p: [1955, 265], r: -15766, e: -15797, error: 461
#ERR  p: [1955, 266], r: -15754, e: -15783, error: 462
#ERR  p: [1955, 267], r: -15745, e: -15772, error: 463
#ERR  p: [1955, 268], r: -15739, e: -15766, error: 464
#ERR  p: [1955, 269], r: -15733, e: -15760, error: 465
#ERR  p: [1955, 270], r: -15730, e: -15745, error: 466
#ERR  p: [1955, 271], r: -15723, e: -15731, error: 467
#ERR  p: [1955, 272], r: -15711, e: -15717, error: 468
#ERR  p: [1956, 248], r: -15977, e: -16028, error: 469
#ERR  p: [1956, 249], r: -15965, e: -16016, error: 470
#ERR  p: [1956, 250], r: -15955, e: -16006, error: 471
#ERR  p: [1956, 251], r: -15941, e: -15992, error: 472
#ERR  p: [1956, 252], r: -15926, e: -15979, error: 473
#ERR  p: [1956, 253], r: -15912, e: -15968, error: 474
#ERR  p: [1956, 254], r: -15895, e: -15951, error: 475
#ERR  p: [1956, 255], r: -15880, e: -15936, error: 476
#ERR  p: [1956, 256], r: -15871, e: -15925, error: 477
#ERR  p: [1956, 257], r: -15857, e: -15911, error: 478
#ERR  p: [1956, 258], r: -15848, e: -15900, error: 479
#ERR  p: [1956, 259], r: -15840, e: -15887, error: 480
#ERR  p: [1956, 260], r: -15826, e: -15872, error: 481
#ERR  p: [1956, 261], r: -15815, e: -15861, error: 482
#ERR  p: [1956, 262], r: -15806, e: -15849, error: 483
#ERR  p: [1956, 263], r: -15799, e: -15835, error: 484
#ERR  p: [1956, 264], r: -15788, e: -15819, error: 485
#ERR  p: [1956, 265], r: -15776, e: -15807, error: 486
#ERR  p: [1956, 266], r: -15764, e: -15793, error: 487
#ERR  p: [1956, 267], r: -15755, e: -15782, error: 488
#ERR  p: [1956, 268], r: -15749, e: -15776, error: 489
#ERR  p: [1956, 269], r: -15743, e: -15770, error: 490
#ERR  p: [1956, 270], r: -15736, e: -15755, error: 491
#ERR  p: [1956, 271], r: -15733, e: -15741, error: 492
#ERR  p: [1956, 272], r: -15721, e: -15727, error: 493
#ERR  p: [1956, 273], r: -15712, e: -15716, error: 494
#ERR  p: [1957, 248], r: -15987, e: -16038, error: 495
#ERR  p: [1957, 249], r: -15975, e: -16026, error: 496
#ERR  p: [1957, 250], r: -15965, e: -16016, error: 497
#ERR  p: [1957, 251], r: -15951, e: -16002, error: 498
#ERR  p: [1957, 252], r: -15936, e: -15989, error: 499
#SDC Ite:0 KerTime:0.294366 AccTime:0.294366 KerErr:500 AccErr:500
#END