#HEADER max_rows:2048 max_cols:2048 penalty:10
#BEGIN Y:2016 M:09 D:12 Time:14:46:57
#IT Ite:0 KerTime:0.294266 AccTime:0.294266
#ERR Error detected! kerrors = 357887
#ERR  p: [823, 1393], r: -911, e: -4349, error: 1
#ERR  p: [823, 1394], r: -921, e: -4359, error: 2
#ERR  p: [823, 1395], r: -931, e: -4363, error: 3
#ERR  p: [823, 1396], r: -941, e: -4373, error: 4
#ERR  p: [823, 1397], r: -951, e: -4383, error: 5
#ERR  p: [823, 1398], r: -961, e: -4393, error: 6
#ERR  p: [823, 1399], r: -971, e: -4403, error: 7
#ERR  p: [823, 1400], r: -981, e: -4401, error: 8
#ERR  p: [823, 1401], r: -991, e: -4411, error: 9
#ERR  p: [823, 1402], r: -1001, e: -4421, error: 10
#ERR  p: [823, 1403], r: -1011, e: -4430, error: 11
#ERR  p: [823, 1404], r: -1021, e: -4437, error: 12
#ERR  p: [823, 1405], r: -1031, e: -4438, error: 13
#ERR  p: [823, 1406], r: -1041, e: -4448, error: 14
#ERR  p: [823, 1407], r: -1051, e: -4458, error: 15
#ERR  p: [823, 1408], r: -1061, e: -4468, error: 16
#ERR  p: [823, 1409], r: -1071, e: -4478, error: 17
#ERR  p: [823, 1410], r: -1081, e: -4487, error: 18
#ERR  p: [823, 1411], r: -1091, e: -4490, error: 19
#ERR  p: [823, 1412], r: -1101, e: -4500, error: 20
#ERR  p: [823, 1413], r: -1111, e: -4508, error: 21
#ERR  p: [823, 1414], r: -1121, e: -4506, error: 22
#ERR  p: [823, 1415], r: -1131, e: -4516, error: 23
#ERR  p: [823, 1416], r: -1141, e: -4523, error: 24
#ERR  p: [823, 1417], r: -1151, e: -4531, error: 25
#ERR  p: [823, 1418], r: -1161, e: -4539, error: 26
#ERR  p: [823, 1419], r: -1171, e: -4549, error: 27
#ERR  p: [823, 1420], r: -1181, e: -4559, error: 28
#ERR  p: [823, 1421], r: -1191, e: -4564, error: 29
#ERR  p: [823, 1422], r: -1201, e: -4568, error: 30
#ERR  p: [823, 1423], r: -1211, e: -4578, error: 31
#ERR  p: [823, 1424], r: -1221, e: -4588, error: 32
#ERR  p: [823, 1425], r: -1231, e: -4598, error: 33
#ERR  p: [823, 1426], r: -1241, e: -4608, error: 34
#ERR  p: [823, 1427], r: -1251, e: -4618, error: 35
#ERR  p: [823, 1428], r: -1261, e: -4628, error: 36
#ERR  p: [823, 1429], r: -1271, e: -4638, error: 37
#ERR  p: [823, 1430], r: -1281, e: -4648, error: 38
#ERR  p: [823, 1431], r: -1291, e: -4658, error: 39
#ERR  p: [823, 1432], r: -1301, e: -4663, error: 40
#ERR  p: [823, 1433], r: -1311, e: -4673, error: 41
#ERR  p: [823, 1434], r: -1321, e: -4683, error: 42
#ERR  p: [823, 1435], r: -1331, e: -4693, error: 43
#ERR  p: [823, 1436], r: -1341, e: -4703, error: 44
#ERR  p: [823, 1437], r: -1351, e: -4713, error: 45
#ERR  p: [823, 1438], r: -1361, e: -4723, error: 46
#ERR  p: [823, 1439], r: -1371, e: -4733, error: 47
#ERR  p: [823, 1440], r: -1381, e: -4743, error: 48
#ERR  p: [823, 1441], r: -1391, e: -4753, error: 49
#ERR  p: [823, 1442], r: -1401, e: -4763, error: 50
#ERR  p: [823, 1443], r: -1411, e: -4773, error: 51
#ERR  p: [823, 1444], r: -1421, e: -4783, error: 52
#ERR  p: [823, 1445], r: -1431, e: -4793, error: 53
#ERR  p: [823, 1446], r: -1441, e: -4803, error: 54
#ERR  p: [823, 1447], r: -1451, e: -4812, error: 55
#ERR  p: [823, 1448], r: -1461, e: -4822, error: 56
#ERR  p: [823, 1449], r: -1471, e: -4831, error: 57
#ERR  p: [823, 1450], r: -1481, e: -4841, error: 58
#ERR  p: [823, 1451], r: -1491, e: -4851, error: 59
#ERR  p: [823, 1452], r: -1501, e: -4861, error: 60
#ERR  p: [823, 1453], r: -1511, e: -4871, error: 61
#ERR  p: [823, 1454], r: -1521, e: -4881, error: 62
#ERR  p: [823, 1455], r: -1531, e: -4891, error: 63
#ERR  p: [823, 1456], r: -1541, e: -4901, error: 64
#ERR  p: [823, 1457], r: -1551, e: -4911, error: 65
#ERR  p: [823, 1458], r: -1561, e: -4921, error: 66
#ERR  p: [823, 1459], r: -1571, e: -4931, error: 67
#ERR  p: [823, 1460], r: -1581, e: -4932, error: 68
#ERR  p: [823, 1461], r: -1591, e: -4940, error: 69
#ERR  p: [823, 1462], r: -1601, e: -4948, error: 70
#ERR  p: [823, 1463], r: -1611, e: -4956, error: 71
#ERR  p: [823, 1464], r: -1621, e: -4966, error: 72
#ERR  p: [823, 1465], r: -1631, e: -4976, error: 73
#ERR  p: [823, 1466], r: -1641, e: -4986, error: 74
#ERR  p: [823, 1467], r: -1651, e: -4992, error: 75
#ERR  p: [823, 1468], r: -1661, e: -4996, error: 76
#ERR  p: [823, 1469], r: -1671, e: -5005, error: 77
#ERR  p: [823, 1470], r: -1681, e: -5015, error: 78
#ERR  p: [823, 1471], r: -1691, e: -5013, error: 79
#ERR  p: [823, 1472], r: -1701, e: -5023, error: 80
#ERR  p: [823, 1473], r: -1711, e: -5030, error: 81
#ERR  p: [823, 1474], r: -1721, e: -5038, error: 82
#ERR  p: [823, 1475], r: -1731, e: -5047, error: 83
#ERR  p: [823, 1476], r: -1741, e: -5057, error: 84
#ERR  p: [823, 1477], r: -1751, e: -5067, error: 85
#ERR  p: [823, 1478], r: -1761, e: -5077, error: 86
#ERR  p: [823, 1479], r: -1771, e: -5087, error: 87
#ERR  p: [823, 1480], r: -1781, e: -5096, error: 88
#ERR  p: [823, 1481], r: -1791, e: -5100, error: 89
#ERR  p: [823, 1482], r: -1801, e: -5097, error: 90
#ERR  p: [823, 1483], r: -1811, e: -5105, error: 91
#ERR  p: [823, 1484], r: -1821, e: -5112, error: 92
#ERR  p: [823, 1485], r: -1831, e: -5117, error: 93
#ERR  p: [823, 1486], r: -1841, e: -5126, error: 94
#ERR  p: [823, 1487], r: -1851, e: -5136, error: 95
#ERR  p: [823, 1488], r: -1861, e: -5146, error: 96
#ERR  p: [823, 1489], r: -1871, e: -5156, error: 97
#ERR  p: [823, 1490], r: -1881, e: -5166, error: 98
#ERR  p: [823, 1491], r: -1891, e: -5175, error: 99
#ERR  p: [823, 1492], r: -1901, e: -5183, error: 100
#ERR  p: [823, 1493], r: -1911, e: -5188, error: 101
#ERR  p: [823, 1494], r: -1921, e: -5198, error: 102
#ERR  p: [823, 1495], r: -1931, e: -5208, error: 103
#ERR  p: [823, 1496], r: -1941, e: -5218, error: 104
#ERR  p: [823, 1497], r: -1951, e: -5217, error: 105
#ERR  p: [823, 1498], r: -1961, e: -5227, error: 106
#ERR  p: [823, 1499], r: -1971, e: -5237, error: 107
#ERR  p: [823, 1500], r: -1981, e: -5247, error: 108
#ERR  p: [823, 1501], r: -1991, e: -5257, error: 109
#ERR  p: [823, 1502], r: -2001, e: -5267, error: 110
#ERR  p: [823, 1503], r: -2011, e: -5276, error: 111
#ERR  p: [823, 1504], r: -2021, e: -5281, error: 112
#ERR  p: [823, 1505], r: -2031, e: -5291, error: 113
#ERR  p: [823, 1506], r: -2041, e: -5296, error: 114
#ERR  p: [823, 1507], r: -2051, e: -5305, error: 115
#ERR  p: [823, 1508], r: -2061, e: -5314, error: 116
#ERR  p: [823, 1509], r: -2071, e: -5323, error: 117
#ERR  p: [823, 1510], r: -2081, e: -5333, error: 118
#ERR  p: [823, 1511], r: -2091, e: -5343, error: 119
#ERR  p: [823, 1512], r: -2101, e: -5347, error: 120
#ERR  p: [823, 1513], r: -2111, e: -5357, error: 121
#ERR  p: [823, 1514], r: -2121, e: -5367, error: 122
#ERR  p: [823, 1515], r: -2131, e: -5377, error: 123
#ERR  p: [823, 1516], r: -2141, e: -5386, error: 124
#ERR  p: [823, 1517], r: -2151, e: -5396, error: 125
#ERR  p: [823, 1518], r: -2161, e: -5406, error: 126
#ERR  p: [823, 1519], r: -2171, e: -5416, error: 127
#ERR  p: [823, 1520], r: -2181, e: -5426, error: 128
#ERR  p: [823, 1521], r: -2191, e: -5436, error: 129
#ERR  p: [823, 1522], r: -2201, e: -5446, error: 130
#ERR  p: [823, 1523], r: -2211, e: -5456, error: 131
#ERR  p: [823, 1524], r: -2221, e: -5466, error: 132
#ERR  p: [823, 1525], r: -2231, e: -5474, error: 133
#ERR  p: [823, 1526], r: -2241, e: -5479, error: 134
#ERR  p: [823, 1527], r: -2251, e: -5483, error: 135
#ERR  p: [823, 1528], r: -2261, e: -5493, error: 136
#ERR  p: [823, 1529], r: -2271, e: -5503, error: 137
#ERR  p: [823, 1530], r: -2281, e: -5513, error: 138
#ERR  p: [823, 1531], r: -2291, e: -5519, error: 139
#ERR  p: [823, 1532], r: -2301, e: -5526, error: 140
#ERR  p: [823, 1533], r: -2311, e: -5533, error: 141
#ERR  p: [823, 1534], r: -2321, e: -5537, error: 142
#ERR  p: [823, 1535], r: -2331, e: -5547, error: 143
#ERR  p: [823, 1536], r: -2341, e: -5557, error: 144
#ERR  p: [823, 1537], r: -2351, e: -5567, error: 145
#ERR  p: [823, 1538], r: -2361, e: -5572, error: 146
#ERR  p: [823, 1539], r: -2371, e: -5580, error: 147
#ERR  p: [823, 1540], r: -2381, e: -5590, error: 148
#ERR  p: [823, 1541], r: -2391, e: -5597, error: 149
#ERR  p: [823, 1542], r: -2401, e: -5606, error: 150
#ERR  p: [823, 1543], r: -2411, e: -5615, error: 151
#ERR  p: [823, 1544], r: -2421, e: -5621, error: 152
#ERR  p: [823, 1545], r: -2431, e: -5630, error: 153
#ERR  p: [823, 1546], r: -2441, e: -5638, error: 154
#ERR  p: [823, 1547], r: -2451, e: -5645, error: 155
#ERR  p: [823, 1548], r: -2461, e: -5648, error: 156
#ERR  p: [823, 1549], r: -2471, e: -5656, error: 157
#ERR  p: [823, 1550], r: -2481, e: -5665, error: 158
#ERR  p: [823, 1551], r: -2491, e: -5675, error: 159
#ERR  p: [823, 1552], r: -2501, e: -5682, error: 160
#ERR  p: [823, 1553], r: -2511, e: -5692, error: 161
#ERR  p: [823, 1554], r: -2521, e: -5699, error: 162
#ERR  p: [823, 1555], r: -2531, e: -5709, error: 163
#ERR  p: [823, 1556], r: -2541, e: -5719, error: 164
#ERR  p: [823, 1557], r: -2551, e: -5729, error: 165
#ERR  p: [823, 1558], r: -2561, e: -5739, error: 166
#ERR  p: [823, 1559], r: -2571, e: -5749, error: 167
#ERR  p: [823, 1560], r: -2581, e: -5759, error: 168
#ERR  p: [823, 1561], r: -2591, e: -5769, error: 169
#ERR  p: [823, 1562], r: -2601, e: -5779, error: 170
#ERR  p: [823, 1563], r: -2611, e: -5787, error: 171
#ERR  p: [823, 1564], r: -2621, e: -5790, error: 172
#ERR  p: [823, 1565], r: -2631, e: -5799, error: 173
#ERR  p: [823, 1566], r: -2641, e: -5809, error: 174
#ERR  p: [823, 1567], r: -2651, e: -5817, error: 175
#ERR  p: [823, 1568], r: -2661, e: -5819, error: 176
#ERR  p: [823, 1569], r: -2671, e: -5824, error: 177
#ERR  p: [823, 1570], r: -2681, e: -5828, error: 178
#ERR  p: [823, 1571], r: -2691, e: -5838, error: 179
#ERR  p: [823, 1572], r: -2701, e: -5848, error: 180
#ERR  p: [823, 1573], r: -2711, e: -5858, error: 181
#ERR  p: [823, 1574], r: -2721, e: -5868, error: 182
#ERR  p: [823, 1575], r: -2731, e: -5878, error: 183
#ERR  p: [823, 1576], r: -2741, e: -5888, error: 184
#ERR  p: [823, 1577], r: -2751, e: -5898, error: 185
#ERR  p: [823, 1578], r: -2761, e: -5902, error: 186
#ERR  p: [823, 1579], r: -2771, e: -5912, error: 187
#ERR  p: [823, 1580], r: -2781, e: -5922, error: 188
#ERR  p: [823, 1581], r: -2791, e: -5932, error: 189
#ERR  p: [823, 1582], r: -2801, e: -5942, error: 190
#ERR  p: [823, 1583], r: -2811, e: -5952, error: 191
#ERR  p: [823, 1584], r: -2821, e: -5962, error: 192
#ERR  p: [823, 1585], r: -2831, e: -5972, error: 193
#ERR  p: [823, 1586], r: -2841, e: -5982, error: 194
#ERR  p: [823, 1587], r: -2851, e: -5992, error: 195
#ERR  p: [823, 1588], r: -2861, e: -6002, error: 196
#ERR  p: [823, 1589], r: -2871, e: -6012, error: 197
#ERR  p: [823, 1590], r: -2881, e: -6022, error: 198
#ERR  p: [823, 1591], r: -2891, e: -6032, error: 199
#ERR  p: [823, 1592], r: -2901, e: -6042, error: 200
#ERR  p: [823, 1593], r: -2911, e: -6052, error: 201
#ERR  p: [823, 1594], r: -2921, e: -6062, error: 202
#ERR  p: [823, 1595], r: -2931, e: -6072, error: 203
#ERR  p: [823, 1596], r: -2941, e: -6082, error: 204
#ERR  p: [823, 1597], r: -2951, e: -6092, error: 205
#ERR  p: [823, 1598], r: -2961, e: -6102, error: 206
#ERR  p: [823, 1599], r: -2971, e: -6112, error: 207
#ERR  p: [823, 1600], r: -2981, e: -6122, error: 208
#ERR  p: [823, 1601], r: -2991, e: -6132, error: 209
#ERR  p: [823, 1602], r: -3001, e: -6142, error: 210
#ERR  p: [823, 1603], r: -3011, e: -6152, error: 211
#ERR  p: [823, 1604], r: -3021, e: -6162, error: 212
#ERR  p: [823, 1605], r: -3031, e: -6172, error: 213
#ERR  p: [823, 1606], r: -3041, e: -6182, error: 214
#ERR  p: [823, 1607], r: -3051, e: -6190, error: 215
#ERR  p: [823, 1608], r: -3061, e: -6200, error: 216
#ERR  p: [823, 1609], r: -3071, e: -6206, error: 217
#ERR  p: [823, 1610], r: -3081, e: -6216, error: 218
#ERR  p: [823, 1611], r: -3091, e: -6226, error: 219
#ERR  p: [823, 1612], r: -3101, e: -6236, error: 220
#ERR  p: [823, 1613], r: -3111, e: -6246, error: 221
#ERR  p: [823, 1614], r: -3121, e: -6256, error: 222
#ERR  p: [823, 1615], r: -3131, e: -6266, error: 223
#ERR  p: [823, 1616], r: -3141, e: -6275, error: 224
#ERR  p: [823, 1617], r: -3151, e: -6281, error: 225
#ERR  p: [823, 1618], r: -3161, e: -6290, error: 226
#ERR  p: [823, 1619], r: -3171, e: -6293, error: 227
#ERR  p: [823, 1620], r: -3181, e: -6303, error: 228
#ERR  p: [823, 1621], r: -3191, e: -6313, error: 229
#ERR  p: [823, 1622], r: -3201, e: -6323, error: 230
#ERR  p: [823, 1623], r: -3211, e: -6333, error: 231
#ERR  p: [823, 1624], r: -3221, e: -6343, error: 232
#ERR  p: [823, 1625], r: -3231, e: -6353, error: 233
#ERR  p: [823, 1626], r: -3241, e: -6363, error: 234
#ERR  p: [823, 1627], r: -3251, e: -6373, error: 235
#ERR  p: [823, 1628], r: -3261, e: -6383, error: 236
#ERR  p: [823, 1629], r: -3271, e: -6393, error: 237
#ERR  p: [823, 1630], r: -3281, e: -6403, error: 238
#ERR  p: [823, 1631], r: -3291, e: -6413, error: 239
#ERR  p: [823, 1632], r: -3301, e: -6423, error: 240
#ERR  p: [823, 1633], r: -3311, e: -6433, error: 241
#ERR  p: [823, 1634], r: -3321, e: -6440, error: 242
#ERR  p: [823, 1635], r: -3331, e: -6447, error: 243
#ERR  p: [823, 1636], r: -3341, e: -6456, error: 244
#ERR  p: [823, 1637], r: -3351, e: -6461, error: 245
#ERR  p: [823, 1638], r: -3361, e: -6471, error: 246
#ERR  p: [823, 1639], r: -3371, e: -6481, error: 247
#ERR  p: [823, 1640], r: -3381, e: -6491, error: 248
#ERR  p: [823, 1641], r: -3391, e: -6501, error: 249
#ERR  p: [823, 1642], r: -3401, e: -6511, error: 250
#ERR  p: [823, 1643], r: -3411, e: -6519, error: 251
#ERR  p: [823, 1644], r: -3421, e: -6529, error: 252
#ERR  p: [823, 1645], r: -3431, e: -6538, error: 253
#ERR  p: [823, 1646], r: -3441, e: -6548, error: 254
#ERR  p: [823, 1647], r: -3451, e: -6558, error: 255
#ERR  p: [823, 1648], r: -3461, e: -6568, error: 256
#ERR  p: [823, 1649], r: -3471, e: -6578, error: 257
#ERR  p: [823, 1650], r: -3481, e: -6588, error: 258
#ERR  p: [823, 1651], r: -3491, e: -6597, error: 259
#ERR  p: [823, 1652], r: -3501, e: -6607, error: 260
#ERR  p: [823, 1653], r: -3511, e: -6613, error: 261
#ERR  p: [823, 1654], r: -3521, e: -6623, error: 262
#ERR  p: [823, 1655], r: -3531, e: -6633, error: 263
#ERR  p: [823, 1656], r: -3541, e: -6643, error: 264
#ERR  p: [823, 1657], r: -3551, e: -6653, error: 265
#ERR  p: [823, 1658], r: -3561, e: -6663, error: 266
#ERR  p: [823, 1659], r: -3571, e: -6666, error: 267
#ERR  p: [823, 1660], r: -3581, e: -6672, error: 268
#ERR  p: [823, 1661], r: -3591, e: -6678, error: 269
#ERR  p: [823, 1662], r: -3601, e: -6688, error: 270
#ERR  p: [823, 1663], r: -3611, e: -6696, error: 271
#ERR  p: [823, 1664], r: -3621, e: -6704, error: 272
#ERR  p: [823, 1665], r: -3631, e: -6711, error: 273
#ERR  p: [823, 1666], r: -3641, e: -6717, error: 274
#ERR  p: [823, 1667], r: -3651, e: -6727, error: 275
#ERR  p: [823, 1668], r: -3661, e: -6737, error: 276
#ERR  p: [823, 1669], r: -3671, e: -6739, error: 277
#ERR  p: [823, 1670], r: -3681, e: -6744, error: 278
#ERR  p: [823, 1671], r: -3691, e: -6754, error: 279
#ERR  p: [823, 1672], r: -3701, e: -6764, error: 280
#ERR  p: [823, 1673], r: -3711, e: -6774, error: 281
#ERR  p: [823, 1674], r: -3721, e: -6782, error: 282
#ERR  p: [823, 1675], r: -3731, e: -6792, error: 283
#ERR  p: [823, 1676], r: -3741, e: -6802, error: 284
#ERR  p: [823, 1677], r: -3751, e: -6812, error: 285
#ERR  p: [823, 1678], r: -3761, e: -6822, error: 286
#ERR  p: [823, 1679], r: -3771, e: -6832, error: 287
#ERR  p: [823, 1680], r: -3781, e: -6842, error: 288
#ERR  p: [823, 1681], r: -3791, e: -6852, error: 289
#ERR  p: [823, 1682], r: -3801, e: -6862, error: 290
#ERR  p: [823, 1683], r: -3811, e: -6872, error: 291
#ERR  p: [823, 1684], r: -3821, e: -6882, error: 292
#ERR  p: [823, 1685], r: -3831, e: -6892, error: 293
#ERR  p: [823, 1686], r: -3841, e: -6902, error: 294
#ERR  p: [823, 1687], r: -3851, e: -6912, error: 295
#ERR  p: [823, 1688], r: -3861, e: -6921, error: 296
#ERR  p: [823, 1689], r: -3871, e: -6930, error: 297
#ERR  p: [823, 1690], r: -3881, e: -6937, error: 298
#ERR  p: [823, 1691], r: -3891, e: -6947, error: 299
#ERR  p: [823, 1692], r: -3901, e: -6957, error: 300
#ERR  p: [823, 1693], r: -3911, e: -6967, error: 301
#ERR  p: [823, 1694], r: -3921, e: -6977, error: 302
#ERR  p: [823, 1695], r: -3931, e: -6986, error: 303
#ERR  p: [823, 1696], r: -3941, e: -6995, error: 304
#ERR  p: [823, 1697], r: -3951, e: -7005, error: 305
#ERR  p: [823, 1698], r: -3961, e: -7009, error: 306
#ERR  p: [823, 1699], r: -3971, e: -7019, error: 307
#ERR  p: [823, 1700], r: -3981, e: -7029, error: 308
#ERR  p: [823, 1701], r: -3991, e: -7038, error: 309
#ERR  p: [823, 1702], r: -4001, e: -7046, error: 310
#ERR  p: [823, 1703], r: -4011, e: -7053, error: 311
#ERR  p: [823, 1704], r: -4021, e: -7063, error: 312
#ERR  p: [823, 1705], r: -4031, e: -7064, error: 313
#ERR  p: [823, 1706], r: -4041, e: -7074, error: 314
#ERR  p: [823, 1707], r: -4051, e: -7084, error: 315
#ERR  p: [823, 1708], r: -4061, e: -7092, error: 316
#ERR  p: [823, 1709], r: -4071, e: -7102, error: 317
#ERR  p: [823, 1710], r: -4081, e: -7107, error: 318
#ERR  p: [823, 1711], r: -4091, e: -7116, error: 319
#ERR  p: [823, 1712], r: -4101, e: -7126, error: 320
#ERR  p: [823, 1713], r: -4111, e: -7136, error: 321
#ERR  p: [823, 1714], r: -4121, e: -7146, error: 322
#ERR  p: [823, 1715], r: -4131, e: -7156, error: 323
#ERR  p: [823, 1716], r: -4141, e: -7166, error: 324
#ERR  p: [823, 1717], r: -4151, e: -7176, error: 325
#ERR  p: [823, 1718], r: -4161, e: -7186, error: 326
#ERR  p: [823, 1719], r: -4171, e: -7196, error: 327
#ERR  p: [823, 1720], r: -4181, e: -7205, error: 328
#ERR  p: [823, 1721], r: -4191, e: -7215, error: 329
#ERR  p: [823, 1722], r: -4201, e: -7225, error: 330
#ERR  p: [823, 1723], r: -4211, e: -7235, error: 331
#ERR  p: [823, 1724], r: -4221, e: -7245, error: 332
#ERR  p: [823, 1725], r: -4231, e: -7255, error: 333
#ERR  p: [823, 1726], r: -4241, e: -7265, error: 334
#ERR  p: [823, 1727], r: -4251, e: -7275, error: 335
#ERR  p: [823, 1728], r: -4261, e: -7285, error: 336
#ERR  p: [823, 1729], r: -4271, e: -7293, error: 337
#ERR  p: [823, 1730], r: -4281, e: -7301, error: 338
#ERR  p: [823, 1731], r: -4291, e: -7307, error: 339
#ERR  p: [823, 1732], r: -4301, e: -7317, error: 340
#ERR  p: [823, 1733], r: -4311, e: -7327, error: 341
#ERR  p: [823, 1734], r: -4321, e: -7333, error: 342
#ERR  p: [823, 1735], r: -4331, e: -7342, error: 343
#ERR  p: [823, 1736], r: -4341, e: -7352, error: 344
#ERR  p: [823, 1737], r: -4351, e: -7362, error: 345
#ERR  p: [823, 1738], r: -4361, e: -7367, error: 346
#ERR  p: [823, 1739], r: -4371, e: -7377, error: 347
#ERR  p: [823, 1740], r: -4381, e: -7387, error: 348
#ERR  p: [823, 1741], r: -4391, e: -7397, error: 349
#ERR  p: [823, 1742], r: -4401, e: -7407, error: 350
#ERR  p: [823, 1743], r: -4411, e: -7416, error: 351
#ERR  p: [823, 1744], r: -4421, e: -7426, error: 352
#ERR  p: [823, 1745], r: -4431, e: -7436, error: 353
#ERR  p: [823, 1746], r: -4441, e: -7440, error: 354
#ERR  p: [823, 1747], r: -4451, e: -7446, error: 355
#ERR  p: [823, 1748], r: -4461, e: -7448, error: 356
#ERR  p: [823, 1749], r: -4471, e: -7458, error: 357
#ERR  p: [823, 1750], r: -4481, e: -7468, error: 358
#ERR  p: [823, 1751], r: -4491, e: -7477, error: 359
#ERR  p: [823, 1752], r: -4501, e: -7487, error: 360
#ERR  p: [823, 1753], r: -4511, e: -7497, error: 361
#ERR  p: [823, 1754], r: -4521, e: -7503, error: 362
#ERR  p: [823, 1755], r: -4531, e: -7513, error: 363
#ERR  p: [823, 1756], r: -4541, e: -7523, error: 364
#ERR  p: [823, 1757], r: -4551, e: -7526, error: 365
#ERR  p: [823, 1758], r: -4561, e: -7531, error: 366
#ERR  p: [823, 1759], r: -4571, e: -7541, error: 367
#ERR  p: [823, 1760], r: -4581, e: -7547, error: 368
#ERR  p: [823, 1761], r: -4591, e: -7556, error: 369
#ERR  p: [823, 1762], r: -4601, e: -7566, error: 370
#ERR  p: [823, 1763], r: -4611, e: -7575, error: 371
#ERR  p: [823, 1764], r: -4621, e: -7585, error: 372
#ERR  p: [823, 1765], r: -4631, e: -7595, error: 373
#ERR  p: [823, 1766], r: -4641, e: -7605, error: 374
#ERR  p: [823, 1767], r: -4651, e: -7615, error: 375
#ERR  p: [823, 1768], r: -4661, e: -7625, error: 376
#ERR  p: [823, 1769], r: -4671, e: -7635, error: 377
#ERR  p: [823, 1770], r: -4681, e: -7645, error: 378
#ERR  p: [823, 1771], r: -4691, e: -7655, error: 379
#ERR  p: [823, 1772], r: -4701, e: -7665, error: 380
#ERR  p: [823, 1773], r: -4711, e: -7675, error: 381
#ERR  p: [823, 1774], r: -4721, e: -7685, error: 382
#ERR  p: [823, 1775], r: -4731, e: -7694, error: 383
#ERR  p: [823, 1776], r: -4741, e: -7703, error: 384
#ERR  p: [823, 1777], r: -4751, e: -7712, error: 385
#ERR  p: [823, 1778], r: -4761, e: -7721, error: 386
#ERR  p: [823, 1779], r: -4771, e: -7731, error: 387
#ERR  p: [823, 1780], r: -4781, e: -7741, error: 388
#ERR  p: [823, 1781], r: -4791, e: -7748, error: 389
#ERR  p: [823, 1782], r: -4801, e: -7756, error: 390
#ERR  p: [823, 1783], r: -4811, e: -7763, error: 391
#ERR  p: [823, 1784], r: -4821, e: -7773, error: 392
#ERR  p: [823, 1785], r: -4831, e: -7783, error: 393
#ERR  p: [823, 1786], r: -4841, e: -7793, error: 394
#ERR  p: [823, 1787], r: -4851, e: -7803, error: 395
#ERR  p: [823, 1788], r: -4861, e: -7813, error: 396
#ERR  p: [823, 1789], r: -4871, e: -7817, error: 397
#ERR  p: [823, 1790], r: -4881, e: -7827, error: 398
#ERR  p: [823, 1791], r: -4891, e: -7837, error: 399
#ERR  p: [823, 1792], r: -4901, e: -7847, error: 400
#ERR  p: [823, 1793], r: -4911, e: -7857, error: 401
#ERR  p: [823, 1794], r: -4921, e: -7867, error: 402
#ERR  p: [823, 1795], r: -4931, e: -7877, error: 403
#ERR  p: [823, 1796], r: -4941, e: -7886, error: 404
#ERR  p: [823, 1797], r: -4951, e: -7896, error: 405
#ERR  p: [823, 1798], r: -4961, e: -7906, error: 406
#ERR  p: [823, 1799], r: -4971, e: -7916, error: 407
#ERR  p: [823, 1800], r: -4981, e: -7926, error: 408
#ERR  p: [823, 1801], r: -4991, e: -7936, error: 409
#ERR  p: [823, 1802], r: -5001, e: -7946, error: 410
#ERR  p: [823, 1803], r: -5011, e: -7956, error: 411
#ERR  p: [823, 1804], r: -5021, e: -7966, error: 412
#ERR  p: [823, 1805], r: -5031, e: -7976, error: 413
#ERR  p: [823, 1806], r: -5041, e: -7985, error: 414
#ERR  p: [823, 1807], r: -5051, e: -7994, error: 415
#ERR  p: [823, 1808], r: -5061, e: -8004, error: 416
#ERR  p: [823, 1809], r: -5071, e: -8011, error: 417
#ERR  p: [823, 1810], r: -5081, e: -8021, error: 418
#ERR  p: [823, 1811], r: -5091, e: -8029, error: 419
#ERR  p: [823, 1812], r: -5101, e: -8038, error: 420
#ERR  p: [823, 1813], r: -5111, e: -8046, error: 421
#ERR  p: [823, 1814], r: -5121, e: -8055, error: 422
#ERR  p: [823, 1815], r: -5131, e: -8065, error: 423
#ERR  p: [823, 1816], r: -5141, e: -8075, error: 424
#ERR  p: [823, 1817], r: -5151, e: -8085, error: 425
#ERR  p: [823, 1818], r: -5161, e: -8095, error: 426
#ERR  p: [823, 1819], r: -5171, e: -8103, error: 427
#ERR  p: [823, 1820], r: -5181, e: -8097, error: 428
#ERR  p: [823, 1821], r: -5191, e: -8107, error: 429
#ERR  p: [823, 1822], r: -5201, e: -8117, error: 430
#ERR  p: [823, 1823], r: -5211, e: -8127, error: 431
#ERR  p: [823, 1824], r: -5221, e: -8137, error: 432
#ERR  p: [823, 1825], r: -5231, e: -8147, error: 433
#ERR  p: [823, 1826], r: -5241, e: -8154, error: 434
#ERR  p: [823, 1827], r: -5251, e: -8164, error: 435
#ERR  p: [823, 1828], r: -5261, e: -8174, error: 436
#ERR  p: [823, 1829], r: -5271, e: -8184, error: 437
#ERR  p: [823, 1830], r: -5281, e: -8194, error: 438
#ERR  p: [823, 1831], r: -5291, e: -8204, error: 439
#ERR  p: [823, 1832], r: -5301, e: -8214, error: 440
#ERR  p: [823, 1833], r: -5311, e: -8224, error: 441
#ERR  p: [823, 1834], r: -5321, e: -8234, error: 442
#ERR  p: [823, 1835], r: -5331, e: -8244, error: 443
#ERR  p: [823, 1836], r: -5341, e: -8254, error: 444
#ERR  p: [823, 1837], r: -5351, e: -8260, error: 445
#ERR  p: [823, 1838], r: -5361, e: -8263, error: 446
#ERR  p: [823, 1839], r: -5371, e: -8272, error: 447
#ERR  p: [823, 1840], r: -5381, e: -8282, error: 448
#ERR  p: [823, 1841], r: -5391, e: -8292, error: 449
#ERR  p: [823, 1842], r: -5401, e: -8302, error: 450
#ERR  p: [823, 1843], r: -5411, e: -8312, error: 451
#ERR  p: [823, 1844], r: -5421, e: -8322, error: 452
#ERR  p: [823, 1845], r: -5431, e: -8332, error: 453
#ERR  p: [823, 1846], r: -5441, e: -8342, error: 454
#ERR  p: [823, 1847], r: -5451, e: -8352, error: 455
#ERR  p: [823, 1848], r: -5461, e: -8362, error: 456
#ERR  p: [823, 1849], r: -5471, e: -8372, error: 457
#ERR  p: [823, 1850], r: -5481, e: -8382, error: 458
#ERR  p: [823, 1851], r: -5491, e: -8392, error: 459
#ERR  p: [823, 1852], r: -5501, e: -8402, error: 460
#ERR  p: [823, 1853], r: -5511, e: -8412, error: 461
#ERR  p: [823, 1854], r: -5521, e: -8422, error: 462
#ERR  p: [823, 1855], r: -5531, e: -8432, error: 463
#ERR  p: [823, 1856], r: -5541, e: -8442, error: 464
#ERR  p: [823, 1857], r: -5551, e: -8452, error: 465
#ERR  p: [823, 1858], r: -5561, e: -8462, error: 466
#ERR  p: [823, 1859], r: -5571, e: -8471, error: 467
#ERR  p: [823, 1860], r: -5581, e: -8476, error: 468
#ERR  p: [823, 1861], r: -5591, e: -8486, error: 469
#ERR  p: [823, 1862], r: -5601, e: -8496, error: 470
#ERR  p: [823, 1863], r: -5611, e: -8506, error: 471
#ERR  p: [823, 1864], r: -5621, e: -8516, error: 472
#ERR  p: [823, 1865], r: -5631, e: -8526, error: 473
#ERR  p: [823, 1866], r: -5641, e: -8536, error: 474
#ERR  p: [823, 1867], r: -5651, e: -8546, error: 475
#ERR  p: [823, 1868], r: -5661, e: -8556, error: 476
#ERR  p: [823, 1869], r: -5671, e: -8566, error: 477
#ERR  p: [823, 1870], r: -5681, e: -8575, error: 478
#ERR  p: [823, 1871], r: -5691, e: -8585, error: 479
#ERR  p: [823, 1872], r: -5701, e: -8595, error: 480
#ERR  p: [823, 1873], r: -5711, e: -8605, error: 481
#ERR  p: [823, 1874], r: -5721, e: -8615, error: 482
#ERR  p: [823, 1875], r: -5731, e: -8625, error: 483
#ERR  p: [823, 1876], r: -5741, e: -8635, error: 484
#ERR  p: [823, 1877], r: -5751, e: -8645, error: 485
#ERR  p: [823, 1878], r: -5761, e: -8655, error: 486
#ERR  p: [823, 1879], r: -5771, e: -8665, error: 487
#ERR  p: [823, 1880], r: -5781, e: -8675, error: 488
#ERR  p: [823, 1881], r: -5791, e: -8685, error: 489
#ERR  p: [823, 1882], r: -5801, e: -8693, error: 490
#ERR  p: [823, 1883], r: -5811, e: -8701, error: 491
#ERR  p: [823, 1884], r: -5821, e: -8710, error: 492
#ERR  p: [823, 1885], r: -5831, e: -8708, error: 493
#ERR  p: [823, 1886], r: -5841, e: -8717, error: 494
#ERR  p: [823, 1887], r: -5851, e: -8727, error: 495
#ERR  p: [823, 1888], r: -5861, e: -8731, error: 496
#ERR  p: [823, 1889], r: -5871, e: -8734, error: 497
#ERR  p: [823, 1890], r: -5881, e: -8744, error: 498
#ERR  p: [823, 1891], r: -5891, e: -8754, error: 499
#SDC Ite:0 KerTime:0.294266 AccTime:0.294266 KerErr:500 AccErr:500
#END