#HEADER max_rows:2048 max_cols:2048 penalty:10
#BEGIN Y:2016 M:09 D:12 Time:15:19:49
#IT Ite:0 KerTime:0.295885 AccTime:0.295885
#ERR Error detected! kerrors = 441228
#ERR  p: [1716, 719], r: 1221708351, e: -8255, error: 1
#ERR  p: [1716, 720], r: 1221708341, e: -8239, error: 2
#ERR  p: [1716, 721], r: 1221708331, e: -8230, error: 3
#ERR  p: [1716, 722], r: 1221708321, e: -8218, error: 4
#ERR  p: [1716, 723], r: 1221708311, e: -8207, error: 5
#ERR  p: [1716, 724], r: 1221708301, e: -8197, error: 6
#ERR  p: [1716, 725], r: 1221708291, e: -8182, error: 7
#ERR  p: [1716, 726], r: 1221708281, e: -8169, error: 8
#ERR  p: [1716, 727], r: 1221708271, e: -8160, error: 9
#ERR  p: [1716, 728], r: 1221708261, e: -8150, error: 10
#ERR  p: [1716, 729], r: 1221708251, e: -8132, error: 11
#ERR  p: [1716, 730], r: 1221708241, e: -8117, error: 12
#ERR  p: [1716, 731], r: 1221708231, e: -8107, error: 13
#ERR  p: [1716, 732], r: 1221708221, e: -8096, error: 14
#ERR  p: [1716, 733], r: 1221708211, e: -8080, error: 15
#ERR  p: [1716, 734], r: 1221708201, e: -8070, error: 16
#ERR  p: [1716, 735], r: 1221708191, e: -8056, error: 17
#ERR  p: [1716, 736], r: 1221708181, e: -8047, error: 18
#ERR  p: [1716, 737], r: 1221708171, e: -8040, error: 19
#ERR  p: [1716, 738], r: 1221708161, e: -8030, error: 20
#ERR  p: [1716, 739], r: 1221708151, e: -8018, error: 21
#ERR  p: [1716, 740], r: 1221708141, e: -8006, error: 22
#ERR  p: [1716, 741], r: 1221708131, e: -7999, error: 23
#ERR  p: [1716, 742], r: 1221708121, e: -7987, error: 24
#ERR  p: [1716, 743], r: 1221708111, e: -7981, error: 25
#ERR  p: [1716, 744], r: 1221708101, e: -7975, error: 26
#ERR  p: [1716, 745], r: 1221708091, e: -7967, error: 27
#ERR  p: [1716, 746], r: 1221708081, e: -7957, error: 28
#ERR  p: [1716, 747], r: 1221708071, e: -7943, error: 29
#ERR  p: [1716, 748], r: 1221708061, e: -7934, error: 30
#ERR  p: [1716, 749], r: 1221708051, e: -7927, error: 31
#ERR  p: [1716, 750], r: 1221708041, e: -7913, error: 32
#ERR  p: [1716, 751], r: 1221708031, e: -7907, error: 33
#ERR  p: [1716, 752], r: 1221708021, e: -7897, error: 34
#ERR  p: [1716, 753], r: 1221708011, e: -7886, error: 35
#ERR  p: [1716, 754], r: 1221708001, e: -7875, error: 36
#ERR  p: [1716, 755], r: 1221707991, e: -7866, error: 37
#ERR  p: [1716, 756], r: 1221707981, e: -7855, error: 38
#ERR  p: [1716, 757], r: 1221707971, e: -7848, error: 39
#ERR  p: [1716, 758], r: 1221707961, e: -7847, error: 40
#ERR  p: [1716, 759], r: 1221707951, e: -7836, error: 41
#ERR  p: [1716, 760], r: 1221707941, e: -7828, error: 42
#ERR  p: [1716, 761], r: 1221707931, e: -7830, error: 43
#ERR  p: [1716, 762], r: 1221707921, e: -7831, error: 44
#ERR  p: [1716, 763], r: 1221707911, e: -7826, error: 45
#ERR  p: [1716, 764], r: 1221707901, e: -7814, error: 46
#ERR  p: [1716, 765], r: 1221707891, e: -7813, error: 47
#ERR  p: [1716, 766], r: 1221707881, e: -7809, error: 48
#ERR  p: [1716, 767], r: 1221707871, e: -7798, error: 49
#ERR  p: [1716, 768], r: 1221707861, e: -7789, error: 50
#ERR  p: [1716, 769], r: 1221707851, e: -7779, error: 51
#ERR  p: [1716, 770], r: 1221707841, e: -7772, error: 52
#ERR  p: [1716, 771], r: 1221707831, e: -7762, error: 53
#ERR  p: [1716, 772], r: 1221707821, e: -7752, error: 54
#ERR  p: [1716, 773], r: 1221707811, e: -7739, error: 55
#ERR  p: [1716, 774], r: 1221707801, e: -7721, error: 56
#ERR  p: [1716, 775], r: 1221707791, e: -7711, error: 57
#ERR  p: [1716, 776], r: 1221707781, e: -7700, error: 58
#ERR  p: [1716, 777], r: 1221707771, e: -7690, error: 59
#ERR  p: [1716, 778], r: 1221707761, e: -7678, error: 60
#ERR  p: [1716, 779], r: 1221707751, e: -7662, error: 61
#ERR  p: [1716, 780], r: 1221707741, e: -7648, error: 62
#ERR  p: [1716, 781], r: 1221707731, e: -7638, error: 63
#ERR  p: [1716, 782], r: 1221707721, e: -7622, error: 64
#ERR  p: [1716, 783], r: 1221707711, e: -7616, error: 65
#ERR  p: [1716, 784], r: 1221707701, e: -7610, error: 66
#ERR  p: [1716, 785], r: 1221707691, e: -7593, error: 67
#ERR  p: [1716, 786], r: 1221707681, e: -7582, error: 68
#ERR  p: [1716, 787], r: 1221707671, e: -7573, error: 69
#ERR  p: [1716, 788], r: 1221707661, e: -7569, error: 70
#ERR  p: [1716, 789], r: 1221707651, e: -7565, error: 71
#ERR  p: [1716, 790], r: 1221707641, e: -7558, error: 72
#ERR  p: [1716, 791], r: 1221707631, e: -7552, error: 73
#ERR  p: [1716, 792], r: 1221707621, e: -7546, error: 74
#ERR  p: [1716, 793], r: 1221707611, e: -7537, error: 75
#ERR  p: [1716, 794], r: 1221707601, e: -7527, error: 76
#ERR  p: [1716, 795], r: 1221707591, e: -7514, error: 77
#ERR  p: [1716, 796], r: 1221707581, e: -7498, error: 78
#ERR  p: [1716, 797], r: 1221707571, e: -7489, error: 79
#ERR  p: [1716, 798], r: 1221707561, e: -7485, error: 80
#ERR  p: [1716, 799], r: 1221707551, e: -7471, error: 81
#ERR  p: [1716, 800], r: 1221707541, e: -7461, error: 82
#ERR  p: [1716, 801], r: 1221707531, e: -7449, error: 83
#ERR  p: [1716, 802], r: 1221707521, e: -7442, error: 84
#ERR  p: [1716, 803], r: 1221707511, e: -7433, error: 85
#ERR  p: [1716, 804], r: 1221707501, e: -7429, error: 86
#ERR  p: [1716, 805], r: 1221707491, e: -7415, error: 87
#ERR  p: [1716, 806], r: 1221707481, e: -7406, error: 88
#ERR  p: [1716, 807], r: 1221707471, e: -7396, error: 89
#ERR  p: [1716, 808], r: 1221707461, e: -7382, error: 90
#ERR  p: [1716, 809], r: 1221707451, e: -7372, error: 91
#ERR  p: [1716, 810], r: 1221707441, e: -7362, error: 92
#ERR  p: [1716, 811], r: 1221707431, e: -7356, error: 93
#ERR  p: [1716, 812], r: 1221707421, e: -7349, error: 94
#ERR  p: [1716, 813], r: 1221707411, e: -7340, error: 95
#ERR  p: [1716, 814], r: 1221707401, e: -7333, error: 96
#ERR  p: [1716, 815], r: 1221707391, e: -7320, error: 97
#ERR  p: [1716, 816], r: 1221707381, e: -7311, error: 98
#ERR  p: [1716, 817], r: 1221707371, e: -7299, error: 99
#ERR  p: [1716, 818], r: 1221707361, e: -7283, error: 100
#ERR  p: [1716, 819], r: 1221707351, e: -7272, error: 101
#ERR  p: [1716, 820], r: 1221707341, e: -7263, error: 102
#ERR  p: [1716, 821], r: 1221707331, e: -7252, error: 103
#ERR  p: [1716, 822], r: 1221707321, e: -7244, error: 104
#ERR  p: [1716, 823], r: 1221707311, e: -7229, error: 105
#ERR  p: [1716, 824], r: 1221707301, e: -7219, error: 106
#ERR  p: [1716, 825], r: 1221707291, e: -7210, error: 107
#ERR  p: [1716, 826], r: 1221707281, e: -7198, error: 108
#ERR  p: [1716, 827], r: 1221707271, e: -7187, error: 109
#ERR  p: [1716, 828], r: 1221707261, e: -7179, error: 110
#ERR  p: [1716, 829], r: 1221707251, e: -7172, error: 111
#ERR  p: [1716, 830], r: 1221707241, e: -7165, error: 112
#ERR  p: [1716, 831], r: 1221707231, e: -7156, error: 113
#ERR  p: [1716, 832], r: 1221707221, e: -7142, error: 114
#ERR  p: [1716, 833], r: 1221707211, e: -7136, error: 115
#ERR  p: [1716, 834], r: 1221707201, e: -7128, error: 116
#ERR  p: [1716, 835], r: 1221707191, e: -7112, error: 117
#ERR  p: [1716, 836], r: 1221707181, e: -7105, error: 118
#ERR  p: [1716, 837], r: 1221707171, e: -7098, error: 119
#ERR  p: [1716, 838], r: 1221707161, e: -7083, error: 120
#ERR  p: [1716, 839], r: 1221707151, e: -7073, error: 121
#ERR  p: [1716, 840], r: 1221707141, e: -7072, error: 122
#ERR  p: [1716, 841], r: 1221707131, e: -7070, error: 123
#ERR  p: [1716, 842], r: 1221707121, e: -7063, error: 124
#ERR  p: [1716, 843], r: 1221707111, e: -7051, error: 125
#ERR  p: [1716, 844], r: 1221707101, e: -7045, error: 126
#ERR  p: [1716, 845], r: 1221707091, e: -7036, error: 127
#ERR  p: [1716, 846], r: 1221707081, e: -7025, error: 128
#ERR  p: [1716, 847], r: 1221707071, e: -7016, error: 129
#ERR  p: [1716, 848], r: 1221707061, e: -7014, error: 130
#ERR  p: [1716, 849], r: 1221707051, e: -7005, error: 131
#ERR  p: [1716, 850], r: 1221707041, e: -6996, error: 132
#ERR  p: [1716, 851], r: 1221707031, e: -6987, error: 133
#ERR  p: [1716, 852], r: 1221707021, e: -6978, error: 134
#ERR  p: [1716, 853], r: 1221707011, e: -6970, error: 135
#ERR  p: [1716, 854], r: 1221707001, e: -6954, error: 136
#ERR  p: [1716, 855], r: 1221706991, e: -6947, error: 137
#ERR  p: [1716, 856], r: 1221706981, e: -6939, error: 138
#ERR  p: [1716, 857], r: 1221706971, e: -6932, error: 139
#ERR  p: [1716, 858], r: 1221706961, e: -6920, error: 140
#ERR  p: [1716, 859], r: 1221706951, e: -6911, error: 141
#ERR  p: [1716, 860], r: 1221706941, e: -6904, error: 142
#ERR  p: [1716, 861], r: 1221706931, e: -6889, error: 143
#ERR  p: [1716, 862], r: 1221706921, e: -6881, error: 144
#ERR  p: [1716, 863], r: 1221706911, e: -6874, error: 145
#ERR  p: [1716, 864], r: 1221706901, e: -6864, error: 146
#ERR  p: [1716, 865], r: 1221706891, e: -6851, error: 147
#ERR  p: [1716, 866], r: 1221706881, e: -6840, error: 148
#ERR  p: [1716, 867], r: 1221706871, e: -6826, error: 149
#ERR  p: [1716, 868], r: 1221706861, e: -6819, error: 150
#ERR  p: [1716, 869], r: 1221706851, e: -6806, error: 151
#ERR  p: [1716, 870], r: 1221706841, e: -6799, error: 152
#ERR  p: [1716, 871], r: 1221706831, e: -6792, error: 153
#ERR  p: [1716, 872], r: 1221706821, e: -6776, error: 154
#ERR  p: [1716, 873], r: 1221706811, e: -6769, error: 155
#ERR  p: [1716, 874], r: 1221706801, e: -6754, error: 156
#ERR  p: [1716, 875], r: 1221706791, e: -6749, error: 157
#ERR  p: [1716, 876], r: 1221706781, e: -6741, error: 158
#ERR  p: [1716, 877], r: 1221706771, e: -6736, error: 159
#ERR  p: [1716, 878], r: 1221706761, e: -6720, error: 160
#ERR  p: [1716, 879], r: 1221706751, e: -6716, error: 161
#ERR  p: [1716, 880], r: 1221706741, e: -6704, error: 162
#ERR  p: [1716, 881], r: 1221706731, e: -6693, error: 163
#ERR  p: [1716, 882], r: 1221706721, e: -6686, error: 164
#ERR  p: [1716, 883], r: 1221706711, e: -6677, error: 165
#ERR  p: [1716, 884], r: 1221706701, e: -6668, error: 166
#ERR  p: [1716, 885], r: 1221706691, e: -6654, error: 167
#ERR  p: [1716, 886], r: 1221706681, e: -6646, error: 168
#ERR  p: [1716, 887], r: 1221706671, e: -6639, error: 169
#ERR  p: [1716, 888], r: 1221706661, e: -6625, error: 170
#ERR  p: [1716, 889], r: 1221706651, e: -6611, error: 171
#ERR  p: [1716, 890], r: 1221706641, e: -6602, error: 172
#ERR  p: [1716, 891], r: 1221706631, e: -6594, error: 173
#ERR  p: [1716, 892], r: 1221706621, e: -6586, error: 174
#ERR  p: [1716, 893], r: 1221706611, e: -6574, error: 175
#ERR  p: [1716, 894], r: 1221706601, e: -6564, error: 176
#ERR  p: [1716, 895], r: 1221706591, e: -6557, error: 177
#ERR  p: [1716, 896], r: 1221706581, e: -6551, error: 178
#ERR  p: [1716, 897], r: 1221706571, e: -6541, error: 179
#ERR  p: [1716, 898], r: 1221706561, e: -6529, error: 180
#ERR  p: [1716, 899], r: 1221706551, e: -6518, error: 181
#ERR  p: [1716, 900], r: 1221706541, e: -6502, error: 182
#ERR  p: [1716, 901], r: 1221706531, e: -6500, error: 183
#ERR  p: [1716, 902], r: 1221706521, e: -6495, error: 184
#ERR  p: [1716, 903], r: 1221706511, e: -6488, error: 185
#ERR  p: [1716, 904], r: 1221706501, e: -6475, error: 186
#ERR  p: [1716, 905], r: 1221706491, e: -6464, error: 187
#ERR  p: [1716, 906], r: 1221706481, e: -6454, error: 188
#ERR  p: [1716, 907], r: 1221706471, e: -6447, error: 189
#ERR  p: [1716, 908], r: 1221706461, e: -6437, error: 190
#ERR  p: [1716, 909], r: 1221706451, e: -6426, error: 191
#ERR  p: [1716, 910], r: 1221706441, e: -6420, error: 192
#ERR  p: [1716, 911], r: 1221706431, e: -6406, error: 193
#ERR  p: [1716, 912], r: 1221706421, e: -6397, error: 194
#ERR  p: [1716, 913], r: 1221706411, e: -6390, error: 195
#ERR  p: [1716, 914], r: 1221706401, e: -6376, error: 196
#ERR  p: [1716, 915], r: 1221706391, e: -6362, error: 197
#ERR  p: [1716, 916], r: 1221706381, e: -6356, error: 198
#ERR  p: [1716, 917], r: 1221706371, e: -6347, error: 199
#ERR  p: [1716, 918], r: 1221706361, e: -6334, error: 200
#ERR  p: [1716, 919], r: 1221706351, e: -6324, error: 201
#ERR  p: [1716, 920], r: 1221706341, e: -6314, error: 202
#ERR  p: [1716, 921], r: 1221706331, e: -6296, error: 203
#ERR  p: [1716, 922], r: 1221706321, e: -6285, error: 204
#ERR  p: [1716, 923], r: 1221706311, e: -6277, error: 205
#ERR  p: [1716, 924], r: 1221706301, e: -6273, error: 206
#ERR  p: [1716, 925], r: 1221706291, e: -6265, error: 207
#ERR  p: [1716, 926], r: 1221706281, e: -6257, error: 208
#ERR  p: [1716, 927], r: 1221706271, e: -6244, error: 209
#ERR  p: [1716, 928], r: 1221706261, e: -6236, error: 210
#ERR  p: [1716, 929], r: 1221706251, e: -6220, error: 211
#ERR  p: [1716, 930], r: 1221706241, e: -6212, error: 212
#ERR  p: [1716, 931], r: 1221706231, e: -6205, error: 213
#ERR  p: [1716, 932], r: 1221706221, e: -6197, error: 214
#ERR  p: [1716, 933], r: 1221706211, e: -6185, error: 215
#ERR  p: [1716, 934], r: 1221706201, e: -6176, error: 216
#ERR  p: [1716, 935], r: 1221706191, e: -6166, error: 217
#ERR  p: [1716, 936], r: 1221706181, e: -6155, error: 218
#ERR  p: [1716, 937], r: 1221706171, e: -6137, error: 219
#ERR  p: [1716, 938], r: 1221706161, e: -6130, error: 220
#ERR  p: [1716, 939], r: 1221706151, e: -6120, error: 221
#ERR  p: [1716, 940], r: 1221706141, e: -6115, error: 222
#ERR  p: [1716, 941], r: 1221706131, e: -6108, error: 223
#ERR  p: [1716, 942], r: 1221706121, e: -6103, error: 224
#ERR  p: [1716, 943], r: 1221706111, e: -6096, error: 225
#ERR  p: [1716, 944], r: 1221706101, e: -6088, error: 226
#ERR  p: [1716, 945], r: 1221706091, e: -6072, error: 227
#ERR  p: [1716, 946], r: 1221706081, e: -6064, error: 228
#ERR  p: [1716, 947], r: 1221706071, e: -6050, error: 229
#ERR  p: [1716, 948], r: 1221706061, e: -6050, error: 230
#ERR  p: [1716, 949], r: 1221706051, e: -6042, error: 231
#ERR  p: [1716, 950], r: 1221706041, e: -6031, error: 232
#ERR  p: [1716, 951], r: 1221706031, e: -6022, error: 233
#ERR  p: [1716, 952], r: 1221706021, e: -6011, error: 234
#ERR  p: [1716, 953], r: 1221706011, e: -5997, error: 235
#ERR  p: [1716, 954], r: 1221706001, e: -5988, error: 236
#ERR  p: [1716, 955], r: 1221705991, e: -5985, error: 237
#ERR  p: [1716, 956], r: 1221705981, e: -5987, error: 238
#ERR  p: [1716, 957], r: 1221705971, e: -5976, error: 239
#ERR  p: [1716, 958], r: 1221705961, e: -5962, error: 240
#ERR  p: [1716, 959], r: 1221705951, e: -5951, error: 241
#ERR  p: [1716, 960], r: 1221705941, e: -5938, error: 242
#ERR  p: [1716, 961], r: 1221705931, e: -5929, error: 243
#ERR  p: [1716, 962], r: 1221705921, e: -5915, error: 244
#ERR  p: [1716, 963], r: 1221705911, e: -5912, error: 245
#ERR  p: [1716, 964], r: 1221705901, e: -5908, error: 246
#ERR  p: [1716, 965], r: 1221705891, e: -5897, error: 247
#ERR  p: [1716, 966], r: 1221705881, e: -5888, error: 248
#ERR  p: [1716, 967], r: 1221705871, e: -5880, error: 249
#ERR  p: [1716, 968], r: 1221705861, e: -5870, error: 250
#ERR  p: [1716, 969], r: 1221705851, e: -5861, error: 251
#ERR  p: [1716, 970], r: 1221705841, e: -5847, error: 252
#ERR  p: [1716, 971], r: 1221705831, e: -5835, error: 253
#ERR  p: [1716, 972], r: 1221705821, e: -5825, error: 254
#ERR  p: [1716, 973], r: 1221705811, e: -5816, error: 255
#ERR  p: [1716, 974], r: 1221705801, e: -5809, error: 256
#ERR  p: [1716, 975], r: 1221705791, e: -5802, error: 257
#ERR  p: [1716, 976], r: 1221705781, e: -5788, error: 258
#ERR  p: [1716, 977], r: 1221705771, e: -5776, error: 259
#ERR  p: [1716, 978], r: 1221705761, e: -5770, error: 260
#ERR  p: [1716, 979], r: 1221705751, e: -5761, error: 261
#ERR  p: [1716, 980], r: 1221705741, e: -5752, error: 262
#ERR  p: [1716, 981], r: 1221705731, e: -5739, error: 263
#ERR  p: [1716, 982], r: 1221705721, e: -5725, error: 264
#ERR  p: [1716, 983], r: 1221705711, e: -5714, error: 265
#ERR  p: [1716, 984], r: 1221705701, e: -5705, error: 266
#ERR  p: [1716, 985], r: 1221705691, e: -5697, error: 267
#ERR  p: [1716, 986], r: 1221705681, e: -5700, error: 268
#ERR  p: [1716, 987], r: 1221705671, e: -5693, error: 269
#ERR  p: [1716, 988], r: 1221705661, e: -5685, error: 270
#ERR  p: [1716, 989], r: 1221705651, e: -5679, error: 271
#ERR  p: [1716, 990], r: 1221705641, e: -5669, error: 272
#ERR  p: [1716, 991], r: 1221705631, e: -5655, error: 273
#ERR  p: [1716, 992], r: 1221705621, e: -5651, error: 274
#ERR  p: [1716, 993], r: 1221705611, e: -5642, error: 275
#ERR  p: [1716, 994], r: 1221705601, e: -5635, error: 276
#ERR  p: [1716, 995], r: 1221705591, e: -5622, error: 277
#ERR  p: [1716, 996], r: 1221705581, e: -5613, error: 278
#ERR  p: [1716, 997], r: 1221705571, e: -5599, error: 279
#ERR  p: [1716, 998], r: 1221705561, e: -5586, error: 280
#ERR  p: [1716, 999], r: 1221705551, e: -5577, error: 281
#ERR  p: [1716, 1000], r: 1221705541, e: -5568, error: 282
#ERR  p: [1716, 1001], r: 1221705531, e: -5554, error: 283
#ERR  p: [1716, 1002], r: 1221705521, e: -5547, error: 284
#ERR  p: [1716, 1003], r: 1221705511, e: -5540, error: 285
#ERR  p: [1716, 1004], r: 1221705501, e: -5533, error: 286
#ERR  p: [1716, 1005], r: 1221705491, e: -5520, error: 287
#ERR  p: [1716, 1006], r: 1221705481, e: -5511, error: 288
#ERR  p: [1716, 1007], r: 1221705471, e: -5505, error: 289
#ERR  p: [1716, 1008], r: 1221705461, e: -5496, error: 290
#ERR  p: [1716, 1009], r: 1221705451, e: -5480, error: 291
#ERR  p: [1716, 1010], r: 1221705441, e: -5470, error: 292
#ERR  p: [1716, 1011], r: 1221705431, e: -5463, error: 293
#ERR  p: [1716, 1012], r: 1221705421, e: -5453, error: 294
#ERR  p: [1716, 1013], r: 1221705411, e: -5444, error: 295
#ERR  p: [1716, 1014], r: 1221705401, e: -5440, error: 296
#ERR  p: [1716, 1015], r: 1221705391, e: -5436, error: 297
#ERR  p: [1716, 1016], r: 1221705381, e: -5427, error: 298
#ERR  p: [1716, 1017], r: 1221705371, e: -5421, error: 299
#ERR  p: [1716, 1018], r: 1221705361, e: -5415, error: 300
#ERR  p: [1716, 1019], r: 1221705351, e: -5407, error: 301
#ERR  p: [1716, 1020], r: 1221705341, e: -5398, error: 302
#ERR  p: [1716, 1021], r: 1221705331, e: -5391, error: 303
#ERR  p: [1716, 1022], r: 1221705321, e: -5376, error: 304
#ERR  p: [1716, 1023], r: 1221705311, e: -5367, error: 305
#ERR  p: [1716, 1024], r: 1221705301, e: -5356, error: 306
#ERR  p: [1716, 1025], r: 1221705291, e: -5343, error: 307
#ERR  p: [1716, 1026], r: 1221705281, e: -5336, error: 308
#ERR  p: [1716, 1027], r: 1221705271, e: -5327, error: 309
#ERR  p: [1716, 1028], r: 1221705261, e: -5320, error: 310
#ERR  p: [1716, 1029], r: 1221705251, e: -5311, error: 311
#ERR  p: [1716, 1030], r: 1221705241, e: -5296, error: 312
#ERR  p: [1716, 1031], r: 1221705231, e: -5289, error: 313
#ERR  p: [1716, 1032], r: 1221705221, e: -5282, error: 314
#ERR  p: [1716, 1033], r: 1221705211, e: -5265, error: 315
#ERR  p: [1716, 1034], r: 1221705201, e: -5249, error: 316
#ERR  p: [1716, 1035], r: 1221705191, e: -5240, error: 317
#ERR  p: [1716, 1036], r: 1221705181, e: -5232, error: 318
#ERR  p: [1716, 1037], r: 1221705171, e: -5238, error: 319
#ERR  p: [1716, 1038], r: 1221705161, e: -5230, error: 320
#ERR  p: [1716, 1039], r: 1221705151, e: -5222, error: 321
#ERR  p: [1716, 1040], r: 1221705141, e: -5205, error: 322
#ERR  p: [1716, 1041], r: 1221705131, e: -5196, error: 323
#ERR  p: [1716, 1042], r: 1221705121, e: -5185, error: 324
#ERR  p: [1716, 1043], r: 1221705111, e: -5182, error: 325
#ERR  p: [1716, 1044], r: 1221705101, e: -5188, error: 326
#ERR  p: [1716, 1045], r: 1221705091, e: -5178, error: 327
#ERR  p: [1716, 1046], r: 1221705081, e: -5167, error: 328
#ERR  p: [1716, 1047], r: 1221705071, e: -5160, error: 329
#ERR  p: [1716, 1048], r: 1221705061, e: -5145, error: 330
#ERR  p: [1716, 1049], r: 1221705051, e: -5134, error: 331
#ERR  p: [1716, 1050], r: 1221705041, e: -5127, error: 332
#ERR  p: [1716, 1051], r: 1221705031, e: -5120, error: 333
#ERR  p: [1716, 1052], r: 1221705021, e: -5114, error: 334
#ERR  p: [1716, 1053], r: 1221705011, e: -5103, error: 335
#ERR  p: [1716, 1054], r: 1221705001, e: -5096, error: 336
#ERR  p: [1716, 1055], r: 1221704991, e: -5080, error: 337
#ERR  p: [1716, 1056], r: 1221704981, e: -5072, error: 338
#ERR  p: [1716, 1057], r: 1221704971, e: -5067, error: 339
#ERR  p: [1716, 1058], r: 1221704961, e: -5058, error: 340
#ERR  p: [1716, 1059], r: 1221704951, e: -5049, error: 341
#ERR  p: [1716, 1060], r: 1221704941, e: -5036, error: 342
#ERR  p: [1716, 1061], r: 1221704931, e: -5029, error: 343
#ERR  p: [1716, 1062], r: 1221704921, e: -5015, error: 344
#ERR  p: [1716, 1063], r: 1221704911, e: -5009, error: 345
#ERR  p: [1716, 1064], r: 1221704901, e: -5002, error: 346
#ERR  p: [1716, 1065], r: 1221704891, e: -5009, error: 347
#ERR  p: [1716, 1066], r: 1221704881, e: -5000, error: 348
#ERR  p: [1716, 1067], r: 1221704871, e: -4993, error: 349
#ERR  p: [1716, 1068], r: 1221704861, e: -4985, error: 350
#ERR  p: [1716, 1069], r: 1221704851, e: -4975, error: 351
#ERR  p: [1716, 1070], r: 1221704841, e: -4966, error: 352
#ERR  p: [1716, 1071], r: 1221704831, e: -4957, error: 353
#ERR  p: [1716, 1072], r: 1221704821, e: -4950, error: 354
#ERR  p: [1716, 1073], r: 1221704811, e: -4944, error: 355
#ERR  p: [1716, 1074], r: 1221704801, e: -4933, error: 356
#ERR  p: [1716, 1075], r: 1221704791, e: -4926, error: 357
#ERR  p: [1716, 1076], r: 1221704781, e: -4920, error: 358
#ERR  p: [1716, 1077], r: 1221704771, e: -4913, error: 359
#ERR  p: [1716, 1078], r: 1221704761, e: -4913, error: 360
#ERR  p: [1716, 1079], r: 1221704751, e: -4904, error: 361
#ERR  p: [1716, 1080], r: 1221704741, e: -4893, error: 362
#ERR  p: [1716, 1081], r: 1221704731, e: -4885, error: 363
#ERR  p: [1716, 1082], r: 1221704721, e: -4878, error: 364
#ERR  p: [1716, 1083], r: 1221704711, e: -4871, error: 365
#ERR  p: [1716, 1084], r: 1221704701, e: -4862, error: 366
#ERR  p: [1716, 1085], r: 1221704691, e: -4854, error: 367
#ERR  p: [1716, 1086], r: 1221704681, e: -4844, error: 368
#ERR  p: [1716, 1087], r: 1221704671, e: -4837, error: 369
#ERR  p: [1716, 1088], r: 1221704661, e: -4826, error: 370
#ERR  p: [1716, 1089], r: 1221704651, e: -4810, error: 371
#ERR  p: [1716, 1090], r: 1221704641, e: -4799, error: 372
#ERR  p: [1716, 1091], r: 1221704631, e: -4797, error: 373
#ERR  p: [1716, 1092], r: 1221704621, e: -4792, error: 374
#ERR  p: [1716, 1093], r: 1221704611, e: -4782, error: 375
#ERR  p: [1716, 1094], r: 1221704601, e: -4771, error: 376
#ERR  p: [1716, 1095], r: 1221704591, e: -4763, error: 377
#ERR  p: [1716, 1096], r: 1221704581, e: -4750, error: 378
#ERR  p: [1716, 1097], r: 1221704571, e: -4742, error: 379
#ERR  p: [1716, 1098], r: 1221704561, e: -4728, error: 380
#ERR  p: [1716, 1099], r: 1221704551, e: -4714, error: 381
#ERR  p: [1716, 1100], r: 1221704541, e: -4705, error: 382
#ERR  p: [1716, 1101], r: 1221704531, e: -4695, error: 383
#ERR  p: [1716, 1102], r: 1221704521, e: -4686, error: 384
#ERR  p: [1716, 1103], r: 1221704511, e: -4676, error: 385
#ERR  p: [1716, 1104], r: 1221704501, e: -4667, error: 386
#ERR  p: [1716, 1105], r: 1221704491, e: -4661, error: 387
#ERR  p: [1716, 1106], r: 1221704481, e: -4652, error: 388
#ERR  p: [1716, 1107], r: 1221704471, e: -4641, error: 389
#ERR  p: [1716, 1108], r: 1221704461, e: -4633, error: 390
#ERR  p: [1716, 1109], r: 1221704451, e: -4620, error: 391
#ERR  p: [1716, 1110], r: 1221704441, e: -4620, error: 392
#ERR  p: [1716, 1111], r: 1221704431, e: -4617, error: 393
#ERR  p: [1716, 1112], r: 1221704421, e: -4611, error: 394
#ERR  p: [1716, 1113], r: 1221704411, e: -4606, error: 395
#ERR  p: [1716, 1114], r: 1221704401, e: -4592, error: 396
#ERR  p: [1716, 1115], r: 1221704391, e: -4593, error: 397
#ERR  p: [1716, 1116], r: 1221704381, e: -4582, error: 398
#ERR  p: [1716, 1117], r: 1221704371, e: -4573, error: 399
#ERR  p: [1716, 1118], r: 1221704361, e: -4567, error: 400
#ERR  p: [1716, 1119], r: 1221704351, e: -4558, error: 401
#ERR  p: [1716, 1120], r: 1221704341, e: -4550, error: 402
#ERR  p: [1716, 1121], r: 1221704331, e: -4543, error: 403
#ERR  p: [1716, 1122], r: 1221704321, e: -4535, error: 404
#ERR  p: [1716, 1123], r: 1221704311, e: -4528, error: 405
#ERR  p: [1716, 1124], r: 1221704301, e: -4521, error: 406
#ERR  p: [1716, 1125], r: 1221704291, e: -4506, error: 407
#ERR  p: [1716, 1126], r: 1221704281, e: -4505, error: 408
#ERR  p: [1716, 1127], r: 1221704271, e: -4499, error: 409
#ERR  p: [1716, 1128], r: 1221704261, e: -4492, error: 410
#ERR  p: [1716, 1129], r: 1221704251, e: -4483, error: 411
#ERR  p: [1716, 1130], r: 1221704241, e: -4476, error: 412
#ERR  p: [1716, 1131], r: 1221704231, e: -4467, error: 413
#ERR  p: [1716, 1132], r: 1221704221, e: -4453, error: 414
#ERR  p: [1716, 1133], r: 1221704211, e: -4446, error: 415
#ERR  p: [1716, 1134], r: 1221704201, e: -4438, error: 416
#ERR  p: [1716, 1135], r: 1221704191, e: -4430, error: 417
#ERR  p: [1716, 1136], r: 1221704181, e: -4416, error: 418
#ERR  p: [1716, 1137], r: 1221704171, e: -4400, error: 419
#ERR  p: [1716, 1138], r: 1221704161, e: -4384, error: 420
#ERR  p: [1716, 1139], r: 1221704151, e: -4378, error: 421
#ERR  p: [1716, 1140], r: 1221704141, e: -4366, error: 422
#ERR  p: [1716, 1141], r: 1221704131, e: -4362, error: 423
#ERR  p: [1716, 1142], r: 1221704121, e: -4358, error: 424
#ERR  p: [1716, 1143], r: 1221704111, e: -4358, error: 425
#ERR  p: [1716, 1144], r: 1221704101, e: -4360, error: 426
#ERR  p: [1716, 1145], r: 1221704091, e: -4351, error: 427
#ERR  p: [1716, 1146], r: 1221704081, e: -4335, error: 428
#ERR  p: [1716, 1147], r: 1221704071, e: -4325, error: 429
#ERR  p: [1716, 1148], r: 1221704061, e: -4313, error: 430
#ERR  p: [1716, 1149], r: 1221704051, e: -4308, error: 431
#ERR  p: [1716, 1150], r: 1221704041, e: -4302, error: 432
#ERR  p: [1716, 1151], r: 1221704031, e: -4298, error: 433
#ERR  p: [1716, 1152], r: 1221704021, e: -4290, error: 434
#ERR  p: [1716, 1153], r: 1221704011, e: -4283, error: 435
#ERR  p: [1716, 1154], r: 1221704001, e: -4276, error: 436
#ERR  p: [1716, 1155], r: 1221703991, e: -4267, error: 437
#ERR  p: [1716, 1156], r: 1221703981, e: -4256, error: 438
#ERR  p: [1716, 1157], r: 1221703971, e: -4247, error: 439
#ERR  p: [1716, 1158], r: 1221703961, e: -4236, error: 440
#ERR  p: [1716, 1159], r: 1221703951, e: -4220, error: 441
#ERR  p: [1716, 1160], r: 1221703941, e: -4210, error: 442
#ERR  p: [1716, 1161], r: 1221703931, e: -4201, error: 443
#ERR  p: [1716, 1162], r: 1221703921, e: -4194, error: 444
#ERR  p: [1716, 1163], r: 1221703911, e: -4188, error: 445
#ERR  p: [1716, 1164], r: 1221703901, e: -4191, error: 446
#ERR  p: [1716, 1165], r: 1221703891, e: -4187, error: 447
#ERR  p: [1716, 1166], r: 1221703881, e: -4178, error: 448
#ERR  p: [1716, 1167], r: 1221703871, e: -4177, error: 449
#ERR  p: [1716, 1168], r: 1221703861, e: -4165, error: 450
#ERR  p: [1716, 1169], r: 1221703851, e: -4154, error: 451
#ERR  p: [1716, 1170], r: 1221703841, e: -4144, error: 452
#ERR  p: [1716, 1171], r: 1221703831, e: -4128, error: 453
#ERR  p: [1716, 1172], r: 1221703821, e: -4120, error: 454
#ERR  p: [1716, 1173], r: 1221703811, e: -4111, error: 455
#ERR  p: [1716, 1174], r: 1221703801, e: -4100, error: 456
#ERR  p: [1716, 1175], r: 1221703791, e: -4090, error: 457
#ERR  p: [1716, 1176], r: 1221703781, e: -4083, error: 458
#ERR  p: [1716, 1177], r: 1221703771, e: -4072, error: 459
#ERR  p: [1716, 1178], r: 1221703761, e: -4071, error: 460
#ERR  p: [1716, 1179], r: 1221703751, e: -4065, error: 461
#ERR  p: [1716, 1180], r: 1221703741, e: -4060, error: 462
#ERR  p: [1716, 1181], r: 1221703731, e: -4045, error: 463
#ERR  p: [1716, 1182], r: 1221703721, e: -4052, error: 464
#ERR  p: [1716, 1183], r: 1221703711, e: -4046, error: 465
#ERR  p: [1716, 1184], r: 1221703701, e: -4039, error: 466
#ERR  p: [1716, 1185], r: 1221703691, e: -4033, error: 467
#ERR  p: [1716, 1186], r: 1221703681, e: -4029, error: 468
#ERR  p: [1716, 1187], r: 1221703671, e: -4020, error: 469
#ERR  p: [1716, 1188], r: 1221703661, e: -4009, error: 470
#ERR  p: [1716, 1189], r: 1221703651, e: -4002, error: 471
#ERR  p: [1716, 1190], r: 1221703641, e: -4000, error: 472
#ERR  p: [1716, 1191], r: 1221703631, e: -3989, error: 473
#ERR  p: [1716, 1192], r: 1221703621, e: -3986, error: 474
#ERR  p: [1716, 1193], r: 1221703611, e: -3974, error: 475
#ERR  p: [1716, 1194], r: 1221703601, e: -3960, error: 476
#ERR  p: [1716, 1195], r: 1221703591, e: -3953, error: 477
#ERR  p: [1716, 1196], r: 1221703581, e: -3947, error: 478
#ERR  p: [1716, 1197], r: 1221703571, e: -3941, error: 479
#ERR  p: [1716, 1198], r: 1221703561, e: -3931, error: 480
#ERR  p: [1716, 1199], r: 1221703551, e: -3927, error: 481
#ERR  p: [1716, 1200], r: 1221703541, e: -3918, error: 482
#ERR  p: [1716, 1201], r: 1221703531, e: -3911, error: 483
#ERR  p: [1716, 1202], r: 1221703521, e: -3896, error: 484
#ERR  p: [1716, 1203], r: 1221703511, e: -3885, error: 485
#ERR  p: [1716, 1204], r: 1221703501, e: -3880, error: 486
#ERR  p: [1716, 1205], r: 1221703491, e: -3871, error: 487
#ERR  p: [1716, 1206], r: 1221703481, e: -3855, error: 488
#ERR  p: [1716, 1207], r: 1221703471, e: -3843, error: 489
#ERR  p: [1716, 1208], r: 1221703461, e: -3839, error: 490
#ERR  p: [1716, 1209], r: 1221703451, e: -3832, error: 491
#ERR  p: [1716, 1210], r: 1221703441, e: -3822, error: 492
#ERR  p: [1716, 1211], r: 1221703431, e: -3812, error: 493
#ERR  p: [1716, 1212], r: 1221703421, e: -3803, error: 494
#ERR  p: [1716, 1213], r: 1221703411, e: -3797, error: 495
#ERR  p: [1716, 1214], r: 1221703401, e: -3789, error: 496
#ERR  p: [1716, 1215], r: 1221703391, e: -3776, error: 497
#ERR  p: [1716, 1216], r: 1221703381, e: -3765, error: 498
#ERR  p: [1716, 1217], r: 1221703371, e: -3758, error: 499
#SDC Ite:0 KerTime:0.295885 AccTime:0.295885 KerErr:500 AccErr:500
#END