#HEADER max_rows:2048 max_cols:2048 penalty:10
#BEGIN Y:2016 M:09 D:12 Time:13:56:36
#IT Ite:0 KerTime:0.294413 AccTime:0.294413
#ERR Error detected! kerrors = 487218
#ERR  p: [1156, 902], r: -3993, e: -1972, error: 1
#ERR  p: [1156, 903], r: -3975, e: -1962, error: 2
#ERR  p: [1156, 904], r: -3962, e: -1954, error: 3
#ERR  p: [1156, 905], r: -3954, e: -1946, error: 4
#ERR  p: [1156, 906], r: -3950, e: -1937, error: 5
#ERR  p: [1156, 907], r: -3942, e: -1927, error: 6
#ERR  p: [1156, 908], r: -3932, e: -1922, error: 7
#ERR  p: [1156, 909], r: -3925, e: -1917, error: 8
#ERR  p: [1156, 910], r: -3916, e: -1908, error: 9
#ERR  p: [1156, 911], r: -3905, e: -1902, error: 10
#ERR  p: [1156, 912], r: -3893, e: -1896, error: 11
#ERR  p: [1284, 774], r: 4, e: -3993, error: 12
#ERR  p: [1284, 775], r: 17, e: -3975, error: 13
#ERR  p: [1284, 776], r: 3, e: -3962, error: 14
#ERR  p: [1284, 777], r: 7, e: -3954, error: 15
#ERR  p: [1284, 778], r: 1, e: -3950, error: 16
#ERR  p: [1284, 779], r: 9, e: -3942, error: 17
#ERR  p: [1284, 780], r: 1, e: -3932, error: 18
#ERR  p: [1284, 781], r: 3, e: -3925, error: 19
#ERR  p: [1284, 782], r: 15, e: -3916, error: 20
#ERR  p: [1284, 783], r: 22, e: -3905, error: 21
#ERR  p: [1284, 784], r: 20, e: -3893, error: 22
#ERR  p: [1284, 785], r: 10, e: -3875, error: 23
#ERR  p: [1284, 786], r: 0, e: -3862, error: 24
#ERR  p: [1284, 787], r: -10, e: -3854, error: 25
#ERR  p: [1284, 788], r: -20, e: -3841, error: 26
#ERR  p: [1284, 789], r: -30, e: -3832, error: 27
#ERR  p: [1284, 790], r: -40, e: -3825, error: 28
#ERR  p: [1284, 791], r: -50, e: -3814, error: 29
#ERR  p: [1284, 792], r: -60, e: -3808, error: 30
#ERR  p: [1284, 793], r: -70, e: -3799, error: 31
#ERR  p: [1284, 794], r: -80, e: -3785, error: 32
#ERR  p: [1284, 795], r: -90, e: -3779, error: 33
#ERR  p: [1284, 796], r: -100, e: -3769, error: 34
#ERR  p: [1284, 797], r: -110, e: -3760, error: 35
#ERR  p: [1284, 798], r: -120, e: -3755, error: 36
#ERR  p: [1284, 799], r: -130, e: -3744, error: 37
#ERR  p: [1284, 800], r: -140, e: -3735, error: 38
#ERR  p: [1284, 801], r: -150, e: -3726, error: 39
#ERR  p: [1284, 802], r: -160, e: -3713, error: 40
#ERR  p: [1284, 803], r: -170, e: -3706, error: 41
#ERR  p: [1284, 804], r: -180, e: -3693, error: 42
#ERR  p: [1284, 805], r: -190, e: -3692, error: 43
#ERR  p: [1284, 806], r: -200, e: -3678, error: 44
#ERR  p: [1284, 807], r: -210, e: -3676, error: 45
#ERR  p: [1284, 808], r: -220, e: -3669, error: 46
#ERR  p: [1284, 809], r: -230, e: -3664, error: 47
#ERR  p: [1284, 810], r: -240, e: -3653, error: 48
#ERR  p: [1284, 811], r: -250, e: -3644, error: 49
#ERR  p: [1284, 812], r: -260, e: -3633, error: 50
#ERR  p: [1284, 813], r: -270, e: -3626, error: 51
#ERR  p: [1284, 814], r: -280, e: -3617, error: 52
#ERR  p: [1284, 815], r: -290, e: -3606, error: 53
#ERR  p: [1284, 816], r: -300, e: -3598, error: 54
#ERR  p: [1284, 817], r: -310, e: -3590, error: 55
#ERR  p: [1284, 818], r: -320, e: -3575, error: 56
#ERR  p: [1284, 819], r: -330, e: -3564, error: 57
#ERR  p: [1284, 820], r: -340, e: -3557, error: 58
#ERR  p: [1284, 821], r: -350, e: -3555, error: 59
#ERR  p: [1284, 822], r: -360, e: -3545, error: 60
#ERR  p: [1284, 823], r: -370, e: -3533, error: 61
#ERR  p: [1284, 824], r: -380, e: -3520, error: 62
#ERR  p: [1284, 825], r: -390, e: -3511, error: 63
#ERR  p: [1284, 826], r: -400, e: -3500, error: 64
#ERR  p: [1284, 827], r: -410, e: -3489, error: 65
#ERR  p: [1284, 828], r: -420, e: -3479, error: 66
#ERR  p: [1284, 829], r: -430, e: -3471, error: 67
#ERR  p: [1284, 830], r: -440, e: -3477, error: 68
#ERR  p: [1284, 831], r: -450, e: -3470, error: 69
#ERR  p: [1284, 832], r: -460, e: -3463, error: 70
#ERR  p: [1284, 833], r: -470, e: -3454, error: 71
#ERR  p: [1284, 834], r: -480, e: -3444, error: 72
#ERR  p: [1284, 835], r: -490, e: -3438, error: 73
#ERR  p: [1284, 836], r: -500, e: -3433, error: 74
#ERR  p: [1284, 837], r: -510, e: -3424, error: 75
#ERR  p: [1284, 838], r: -520, e: -3417, error: 76
#ERR  p: [1284, 839], r: -530, e: -3409, error: 77
#ERR  p: [1284, 840], r: -540, e: -3396, error: 78
#ERR  p: [1284, 841], r: -550, e: -3394, error: 79
#ERR  p: [1284, 842], r: -560, e: -3391, error: 80
#ERR  p: [1284, 843], r: -570, e: -3384, error: 81
#ERR  p: [1284, 844], r: -580, e: -3382, error: 82
#ERR  p: [1284, 845], r: -590, e: -3390, error: 83
#ERR  p: [1284, 846], r: -600, e: -3383, error: 84
#ERR  p: [1284, 847], r: -610, e: -3372, error: 85
#ERR  p: [1284, 848], r: -620, e: -3358, error: 86
#ERR  p: [1284, 849], r: -630, e: -3357, error: 87
#ERR  p: [1284, 850], r: -640, e: -3347, error: 88
#ERR  p: [1284, 851], r: -650, e: -3340, error: 89
#ERR  p: [1284, 852], r: -660, e: -3339, error: 90
#ERR  p: [1284, 853], r: -670, e: -3330, error: 91
#ERR  p: [1284, 854], r: -680, e: -3331, error: 92
#ERR  p: [1284, 855], r: -690, e: -3317, error: 93
#ERR  p: [1284, 856], r: -700, e: -3315, error: 94
#ERR  p: [1284, 857], r: -710, e: -3307, error: 95
#ERR  p: [1284, 858], r: -720, e: -3301, error: 96
#ERR  p: [1284, 859], r: -730, e: -3291, error: 97
#ERR  p: [1284, 860], r: -740, e: -3281, error: 98
#ERR  p: [1284, 861], r: -750, e: -3270, error: 99
#ERR  p: [1284, 862], r: -760, e: -3259, error: 100
#ERR  p: [1284, 863], r: -770, e: -3250, error: 101
#ERR  p: [1284, 864], r: -780, e: -3242, error: 102
#ERR  p: [1284, 865], r: -790, e: -3227, error: 103
#ERR  p: [1284, 866], r: -800, e: -3221, error: 104
#ERR  p: [1284, 867], r: -810, e: -3211, error: 105
#ERR  p: [1284, 868], r: -820, e: -3198, error: 106
#ERR  p: [1284, 869], r: -830, e: -3185, error: 107
#ERR  p: [1284, 870], r: -840, e: -3176, error: 108
#ERR  p: [1284, 871], r: -850, e: -3170, error: 109
#ERR  p: [1284, 872], r: -860, e: -3166, error: 110
#ERR  p: [1284, 873], r: -870, e: -3152, error: 111
#ERR  p: [1284, 874], r: -880, e: -3154, error: 112
#ERR  p: [1284, 875], r: -890, e: -3141, error: 113
#ERR  p: [1284, 876], r: -900, e: -3142, error: 114
#ERR  p: [1284, 877], r: -910, e: -3132, error: 115
#ERR  p: [1284, 878], r: -920, e: -3122, error: 116
#ERR  p: [1284, 879], r: -930, e: -3108, error: 117
#ERR  p: [1284, 880], r: -940, e: -3099, error: 118
#ERR  p: [1284, 881], r: -950, e: -3088, error: 119
#ERR  p: [1284, 882], r: -960, e: -3075, error: 120
#ERR  p: [1284, 883], r: -970, e: -3069, error: 121
#ERR  p: [1284, 884], r: -980, e: -3056, error: 122
#ERR  p: [1284, 885], r: -990, e: -3047, error: 123
#ERR  p: [1284, 886], r: -1000, e: -3036, error: 124
#ERR  p: [1284, 887], r: -1010, e: -3032, error: 125
#ERR  p: [1284, 888], r: -1020, e: -3024, error: 126
#ERR  p: [1284, 889], r: -1030, e: -3017, error: 127
#ERR  p: [1284, 890], r: -1040, e: -3011, error: 128
#ERR  p: [1284, 891], r: -1050, e: -3002, error: 129
#ERR  p: [1284, 892], r: -1060, e: -2996, error: 130
#ERR  p: [1284, 893], r: -1070, e: -2988, error: 131
#ERR  p: [1284, 894], r: -1080, e: -2983, error: 132
#ERR  p: [1284, 895], r: -1090, e: -2972, error: 133
#ERR  p: [1284, 896], r: -1100, e: -2971, error: 134
#ERR  p: [1284, 897], r: -1110, e: -2956, error: 135
#ERR  p: [1284, 898], r: -1120, e: -2949, error: 136
#ERR  p: [1284, 899], r: -1130, e: -2939, error: 137
#ERR  p: [1284, 900], r: -1140, e: -2932, error: 138
#ERR  p: [1284, 901], r: -1150, e: -2918, error: 139
#ERR  p: [1284, 902], r: -1160, e: -2904, error: 140
#ERR  p: [1284, 903], r: -1170, e: -2904, error: 141
#ERR  p: [1284, 904], r: -1180, e: -2908, error: 142
#ERR  p: [1284, 905], r: -1190, e: -2900, error: 143
#ERR  p: [1284, 906], r: -1200, e: -2905, error: 144
#ERR  p: [1284, 907], r: -1210, e: -2896, error: 145
#ERR  p: [1284, 908], r: -1220, e: -2895, error: 146
#ERR  p: [1284, 909], r: -1230, e: -2889, error: 147
#ERR  p: [1284, 910], r: -1240, e: -2881, error: 148
#ERR  p: [1284, 911], r: -1250, e: -2863, error: 149
#ERR  p: [1284, 912], r: -1260, e: -2847, error: 150
#ERR  p: [1284, 913], r: -1270, e: -2836, error: 151
#ERR  p: [1284, 914], r: -1280, e: -2826, error: 152
#ERR  p: [1284, 915], r: -1290, e: -2819, error: 153
#ERR  p: [1284, 916], r: -1300, e: -2816, error: 154
#ERR  p: [1284, 917], r: -1310, e: -2809, error: 155
#ERR  p: [1284, 918], r: -1320, e: -2801, error: 156
#ERR  p: [1284, 919], r: -1330, e: -2791, error: 157
#ERR  p: [1284, 920], r: -1340, e: -2785, error: 158
#ERR  p: [1284, 921], r: -1350, e: -2767, error: 159
#ERR  p: [1284, 922], r: -1360, e: -2756, error: 160
#ERR  p: [1284, 923], r: -1370, e: -2746, error: 161
#ERR  p: [1284, 924], r: -1380, e: -2735, error: 162
#ERR  p: [1284, 925], r: -1390, e: -2723, error: 163
#ERR  p: [1284, 926], r: -1400, e: -2710, error: 164
#ERR  p: [1284, 927], r: -1410, e: -2713, error: 165
#ERR  p: [1284, 928], r: -1420, e: -2703, error: 166
#ERR  p: [1284, 929], r: -1430, e: -2693, error: 167
#ERR  p: [1284, 930], r: -1440, e: -2683, error: 168
#ERR  p: [1284, 931], r: -1450, e: -2670, error: 169
#ERR  p: [1284, 932], r: -1460, e: -2665, error: 170
#ERR  p: [1284, 933], r: -1470, e: -2661, error: 171
#ERR  p: [1284, 934], r: -1480, e: -2656, error: 172
#ERR  p: [1284, 935], r: -1490, e: -2650, error: 173
#ERR  p: [1284, 936], r: -1500, e: -2635, error: 174
#ERR  p: [1284, 937], r: -1510, e: -2628, error: 175
#ERR  p: [1284, 938], r: -1520, e: -2615, error: 176
#ERR  p: [1284, 939], r: -1530, e: -2600, error: 177
#ERR  p: [1284, 940], r: -1540, e: -2594, error: 178
#ERR  p: [1284, 941], r: -1550, e: -2599, error: 179
#ERR  p: [1284, 942], r: -1560, e: -2593, error: 180
#ERR  p: [1284, 943], r: -1570, e: -2584, error: 181
#ERR  p: [1284, 944], r: -1580, e: -2594, error: 182
#ERR  p: [1284, 945], r: -1590, e: -2594, error: 183
#ERR  p: [1284, 946], r: -1600, e: -2587, error: 184
#ERR  p: [1284, 947], r: -1610, e: -2578, error: 185
#ERR  p: [1284, 948], r: -1620, e: -2563, error: 186
#ERR  p: [1284, 949], r: -1630, e: -2552, error: 187
#ERR  p: [1284, 950], r: -1640, e: -2544, error: 188
#ERR  p: [1284, 951], r: -1650, e: -2548, error: 189
#ERR  p: [1284, 952], r: -1660, e: -2536, error: 190
#ERR  p: [1284, 953], r: -1670, e: -2526, error: 191
#ERR  p: [1284, 954], r: -1680, e: -2512, error: 192
#ERR  p: [1284, 955], r: -1690, e: -2501, error: 193
#ERR  p: [1284, 956], r: -1700, e: -2492, error: 194
#ERR  p: [1284, 957], r: -1710, e: -2483, error: 195
#ERR  p: [1284, 958], r: -1720, e: -2470, error: 196
#ERR  p: [1284, 959], r: -1730, e: -2464, error: 197
#ERR  p: [1284, 960], r: -1740, e: -2456, error: 198
#ERR  p: [1284, 961], r: -1750, e: -2445, error: 199
#ERR  p: [1284, 962], r: -1760, e: -2438, error: 200
#ERR  p: [1284, 963], r: -1770, e: -2428, error: 201
#ERR  p: [1284, 964], r: -1780, e: -2421, error: 202
#ERR  p: [1284, 965], r: -1790, e: -2416, error: 203
#ERR  p: [1284, 966], r: -1800, e: -2408, error: 204
#ERR  p: [1284, 967], r: -1810, e: -2394, error: 205
#ERR  p: [1284, 968], r: -1820, e: -2392, error: 206
#ERR  p: [1284, 969], r: -1830, e: -2385, error: 207
#ERR  p: [1284, 970], r: -1840, e: -2381, error: 208
#ERR  p: [1284, 971], r: -1850, e: -2368, error: 209
#ERR  p: [1284, 972], r: -1860, e: -2358, error: 210
#ERR  p: [1284, 973], r: -1870, e: -2348, error: 211
#ERR  p: [1284, 974], r: -1880, e: -2342, error: 212
#ERR  p: [1284, 975], r: -1890, e: -2329, error: 213
#ERR  p: [1284, 976], r: -1900, e: -2324, error: 214
#ERR  p: [1284, 977], r: -1910, e: -2316, error: 215
#ERR  p: [1284, 978], r: -1920, e: -2311, error: 216
#ERR  p: [1284, 979], r: -1930, e: -2321, error: 217
#ERR  p: [1284, 980], r: -1940, e: -2317, error: 218
#ERR  p: [1284, 981], r: -1950, e: -2315, error: 219
#ERR  p: [1284, 982], r: -1960, e: -2309, error: 220
#ERR  p: [1284, 983], r: -1970, e: -2298, error: 221
#ERR  p: [1284, 984], r: -1980, e: -2290, error: 222
#ERR  p: [1284, 985], r: -1990, e: -2290, error: 223
#ERR  p: [1284, 986], r: -2000, e: -2282, error: 224
#ERR  p: [1284, 987], r: -2010, e: -2280, error: 225
#ERR  p: [1284, 988], r: -2020, e: -2276, error: 226
#ERR  p: [1284, 989], r: -2030, e: -2269, error: 227
#ERR  p: [1284, 990], r: -2040, e: -2273, error: 228
#ERR  p: [1284, 991], r: -2050, e: -2263, error: 229
#ERR  p: [1284, 992], r: -2060, e: -2254, error: 230
#ERR  p: [1284, 993], r: -2070, e: -2245, error: 231
#ERR  p: [1284, 994], r: -2080, e: -2232, error: 232
#ERR  p: [1284, 995], r: -2090, e: -2225, error: 233
#ERR  p: [1284, 996], r: -2100, e: -2218, error: 234
#ERR  p: [1284, 997], r: -2110, e: -2212, error: 235
#ERR  p: [1284, 998], r: -2120, e: -2203, error: 236
#ERR  p: [1284, 999], r: -2130, e: -2197, error: 237
#ERR  p: [1284, 1000], r: -2140, e: -2192, error: 238
#ERR  p: [1284, 1001], r: -2150, e: -2182, error: 239
#ERR  p: [1284, 1002], r: -2160, e: -2168, error: 240
#ERR  p: [1285, 785], r: 18, e: -3885, error: 241
#ERR  p: [1285, 786], r: 9, e: -3872, error: 242
#ERR  p: [1285, 787], r: -1, e: -3863, error: 243
#ERR  p: [1285, 788], r: -11, e: -3851, error: 244
#ERR  p: [1285, 789], r: -21, e: -3842, error: 245
#ERR  p: [1285, 790], r: -31, e: -3833, error: 246
#ERR  p: [1285, 791], r: -40, e: -3824, error: 247
#ERR  p: [1285, 792], r: -50, e: -3815, error: 248
#ERR  p: [1285, 793], r: -60, e: -3808, error: 249
#ERR  p: [1285, 794], r: -70, e: -3795, error: 250
#ERR  p: [1285, 795], r: -80, e: -3787, error: 251
#ERR  p: [1285, 796], r: -90, e: -3779, error: 252
#ERR  p: [1285, 797], r: -100, e: -3769, error: 253
#ERR  p: [1285, 798], r: -110, e: -3761, error: 254
#ERR  p: [1285, 799], r: -120, e: -3754, error: 255
#ERR  p: [1285, 800], r: -130, e: -3745, error: 256
#ERR  p: [1285, 801], r: -140, e: -3736, error: 257
#ERR  p: [1285, 802], r: -150, e: -3723, error: 258
#ERR  p: [1285, 803], r: -160, e: -3714, error: 259
#ERR  p: [1285, 804], r: -170, e: -3703, error: 260
#ERR  p: [1285, 805], r: -180, e: -3693, error: 261
#ERR  p: [1285, 806], r: -190, e: -3688, error: 262
#ERR  p: [1285, 807], r: -200, e: -3678, error: 263
#ERR  p: [1285, 808], r: -210, e: -3677, error: 264
#ERR  p: [1285, 809], r: -219, e: -3668, error: 265
#ERR  p: [1285, 810], r: -229, e: -3663, error: 266
#ERR  p: [1285, 811], r: -239, e: -3654, error: 267
#ERR  p: [1285, 812], r: -249, e: -3643, error: 268
#ERR  p: [1285, 813], r: -259, e: -3632, error: 269
#ERR  p: [1285, 814], r: -269, e: -3627, error: 270
#ERR  p: [1285, 815], r: -279, e: -3616, error: 271
#ERR  p: [1285, 816], r: -289, e: -3606, error: 272
#ERR  p: [1285, 817], r: -299, e: -3599, error: 273
#ERR  p: [1285, 818], r: -309, e: -3585, error: 274
#ERR  p: [1285, 819], r: -319, e: -3574, error: 275
#ERR  p: [1285, 820], r: -329, e: -3566, error: 276
#ERR  p: [1285, 821], r: -339, e: -3561, error: 277
#ERR  p: [1285, 822], r: -349, e: -3555, error: 278
#ERR  p: [1285, 823], r: -359, e: -3543, error: 279
#ERR  p: [1285, 824], r: -369, e: -3530, error: 280
#ERR  p: [1285, 825], r: -379, e: -3520, error: 281
#ERR  p: [1285, 826], r: -389, e: -3510, error: 282
#ERR  p: [1285, 827], r: -399, e: -3499, error: 283
#ERR  p: [1285, 828], r: -409, e: -3489, error: 284
#ERR  p: [1285, 829], r: -419, e: -3480, error: 285
#ERR  p: [1285, 830], r: -429, e: -3473, error: 286
#ERR  p: [1285, 831], r: -439, e: -3478, error: 287
#ERR  p: [1285, 832], r: -449, e: -3471, error: 288
#ERR  p: [1285, 833], r: -459, e: -3464, error: 289
#ERR  p: [1285, 834], r: -469, e: -3454, error: 290
#ERR  p: [1285, 835], r: -479, e: -3445, error: 291
#ERR  p: [1285, 836], r: -489, e: -3437, error: 292
#ERR  p: [1285, 837], r: -495, e: -3428, error: 293
#ERR  p: [1285, 838], r: -505, e: -3425, error: 294
#ERR  p: [1285, 839], r: -515, e: -3418, error: 295
#ERR  p: [1285, 840], r: -525, e: -3406, error: 296
#ERR  p: [1285, 841], r: -535, e: -3397, error: 297
#ERR  p: [1285, 842], r: -545, e: -3394, error: 298
#ERR  p: [1285, 843], r: -555, e: -3392, error: 299
#ERR  p: [1285, 844], r: -565, e: -3386, error: 300
#ERR  p: [1285, 845], r: -575, e: -3382, error: 301
#ERR  p: [1285, 846], r: -585, e: -3390, error: 302
#ERR  p: [1285, 847], r: -595, e: -3382, error: 303
#ERR  p: [1285, 848], r: -605, e: -3368, error: 304
#ERR  p: [1285, 849], r: -615, e: -3358, error: 305
#ERR  p: [1285, 850], r: -625, e: -3357, error: 306
#ERR  p: [1285, 851], r: -635, e: -3347, error: 307
#ERR  p: [1285, 852], r: -645, e: -3335, error: 308
#ERR  p: [1285, 853], r: -655, e: -3340, error: 309
#ERR  p: [1285, 854], r: -665, e: -3331, error: 310
#ERR  p: [1285, 855], r: -675, e: -3327, error: 311
#ERR  p: [1285, 856], r: -685, e: -3318, error: 312
#ERR  p: [1285, 857], r: -695, e: -3316, error: 313
#ERR  p: [1285, 858], r: -705, e: -3307, error: 314
#ERR  p: [1285, 859], r: -715, e: -3296, error: 315
#ERR  p: [1285, 860], r: -725, e: -3291, error: 316
#ERR  p: [1285, 861], r: -735, e: -3280, error: 317
#ERR  p: [1285, 862], r: -745, e: -3269, error: 318
#ERR  p: [1285, 863], r: -755, e: -3260, error: 319
#ERR  p: [1285, 864], r: -765, e: -3249, error: 320
#ERR  p: [1285, 865], r: -775, e: -3237, error: 321
#ERR  p: [1285, 866], r: -785, e: -3231, error: 322
#ERR  p: [1285, 867], r: -795, e: -3221, error: 323
#ERR  p: [1285, 868], r: -805, e: -3208, error: 324
#ERR  p: [1285, 869], r: -815, e: -3195, error: 325
#ERR  p: [1285, 870], r: -825, e: -3186, error: 326
#ERR  p: [1285, 871], r: -835, e: -3177, error: 327
#ERR  p: [1285, 872], r: -845, e: -3171, error: 328
#ERR  p: [1285, 873], r: -855, e: -3162, error: 329
#ERR  p: [1285, 874], r: -865, e: -3153, error: 330
#ERR  p: [1285, 875], r: -875, e: -3151, error: 331
#ERR  p: [1285, 876], r: -885, e: -3142, error: 332
#ERR  p: [1285, 877], r: -895, e: -3142, error: 333
#ERR  p: [1285, 878], r: -905, e: -3132, error: 334
#ERR  p: [1285, 879], r: -915, e: -3118, error: 335
#ERR  p: [1285, 880], r: -925, e: -3109, error: 336
#ERR  p: [1285, 881], r: -935, e: -3098, error: 337
#ERR  p: [1285, 882], r: -945, e: -3085, error: 338
#ERR  p: [1285, 883], r: -955, e: -3075, error: 339
#ERR  p: [1285, 884], r: -965, e: -3066, error: 340
#ERR  p: [1285, 885], r: -975, e: -3057, error: 341
#ERR  p: [1285, 886], r: -985, e: -3046, error: 342
#ERR  p: [1285, 887], r: -995, e: -3037, error: 343
#ERR  p: [1285, 888], r: -1005, e: -3033, error: 344
#ERR  p: [1285, 889], r: -1015, e: -3025, error: 345
#ERR  p: [1285, 890], r: -1025, e: -3012, error: 346
#ERR  p: [1285, 891], r: -1035, e: -3011, error: 347
#ERR  p: [1285, 892], r: -1045, e: -3003, error: 348
#ERR  p: [1285, 893], r: -1055, e: -2997, error: 349
#ERR  p: [1285, 894], r: -1065, e: -2989, error: 350
#ERR  p: [1285, 895], r: -1075, e: -2982, error: 351
#ERR  p: [1285, 896], r: -1085, e: -2974, error: 352
#ERR  p: [1285, 897], r: -1095, e: -2966, error: 353
#ERR  p: [1285, 898], r: -1105, e: -2958, error: 354
#ERR  p: [1285, 899], r: -1115, e: -2949, error: 355
#ERR  p: [1285, 900], r: -1125, e: -2940, error: 356
#ERR  p: [1285, 901], r: -1135, e: -2928, error: 357
#ERR  p: [1285, 902], r: -1145, e: -2914, error: 358
#ERR  p: [1285, 903], r: -1155, e: -2904, error: 359
#ERR  p: [1285, 904], r: -1165, e: -2905, error: 360
#ERR  p: [1285, 905], r: -1175, e: -2909, error: 361
#ERR  p: [1285, 906], r: -1185, e: -2899, error: 362
#ERR  p: [1285, 907], r: -1195, e: -2906, error: 363
#ERR  p: [1285, 908], r: -1205, e: -2895, error: 364
#ERR  p: [1285, 909], r: -1215, e: -2899, error: 365
#ERR  p: [1285, 910], r: -1225, e: -2890, error: 366
#ERR  p: [1285, 911], r: -1235, e: -2873, error: 367
#ERR  p: [1285, 912], r: -1245, e: -2857, error: 368
#ERR  p: [1285, 913], r: -1255, e: -2846, error: 369
#ERR  p: [1285, 914], r: -1265, e: -2836, error: 370
#ERR  p: [1285, 915], r: -1275, e: -2827, error: 371
#ERR  p: [1285, 916], r: -1285, e: -2820, error: 372
#ERR  p: [1285, 917], r: -1295, e: -2815, error: 373
#ERR  p: [1285, 918], r: -1305, e: -2810, error: 374
#ERR  p: [1285, 919], r: -1315, e: -2801, error: 375
#ERR  p: [1285, 920], r: -1325, e: -2793, error: 376
#ERR  p: [1285, 921], r: -1335, e: -2777, error: 377
#ERR  p: [1285, 922], r: -1345, e: -2766, error: 378
#ERR  p: [1285, 923], r: -1355, e: -2756, error: 379
#ERR  p: [1285, 924], r: -1365, e: -2745, error: 380
#ERR  p: [1285, 925], r: -1375, e: -2733, error: 381
#ERR  p: [1285, 926], r: -1385, e: -2720, error: 382
#ERR  p: [1285, 927], r: -1395, e: -2712, error: 383
#ERR  p: [1285, 928], r: -1405, e: -2713, error: 384
#ERR  p: [1285, 929], r: -1415, e: -2703, error: 385
#ERR  p: [1285, 930], r: -1425, e: -2693, error: 386
#ERR  p: [1285, 931], r: -1435, e: -2680, error: 387
#ERR  p: [1285, 932], r: -1445, e: -2671, error: 388
#ERR  p: [1285, 933], r: -1455, e: -2667, error: 389
#ERR  p: [1285, 934], r: -1465, e: -2661, error: 390
#ERR  p: [1285, 935], r: -1475, e: -2658, error: 391
#ERR  p: [1285, 936], r: -1485, e: -2645, error: 392
#ERR  p: [1285, 937], r: -1495, e: -2637, error: 393
#ERR  p: [1285, 938], r: -1505, e: -2625, error: 394
#ERR  p: [1285, 939], r: -1515, e: -2610, error: 395
#ERR  p: [1285, 940], r: -1525, e: -2604, error: 396
#ERR  p: [1285, 941], r: -1535, e: -2596, error: 397
#ERR  p: [1285, 942], r: -1545, e: -2600, error: 398
#ERR  p: [1285, 943], r: -1555, e: -2594, error: 399
#ERR  p: [1285, 944], r: -1565, e: -2585, error: 400
#ERR  p: [1285, 945], r: -1575, e: -2595, error: 401
#ERR  p: [1285, 946], r: -1585, e: -2595, error: 402
#ERR  p: [1285, 947], r: -1595, e: -2588, error: 403
#ERR  p: [1285, 948], r: -1605, e: -2573, error: 404
#ERR  p: [1285, 949], r: -1615, e: -2562, error: 405
#ERR  p: [1285, 950], r: -1625, e: -2553, error: 406
#ERR  p: [1285, 951], r: -1635, e: -2545, error: 407
#ERR  p: [1285, 952], r: -1645, e: -2546, error: 408
#ERR  p: [1285, 953], r: -1655, e: -2536, error: 409
#ERR  p: [1285, 954], r: -1665, e: -2522, error: 410
#ERR  p: [1285, 955], r: -1675, e: -2511, error: 411
#ERR  p: [1285, 956], r: -1685, e: -2502, error: 412
#ERR  p: [1285, 957], r: -1695, e: -2493, error: 413
#ERR  p: [1285, 958], r: -1705, e: -2480, error: 414
#ERR  p: [1285, 959], r: -1715, e: -2474, error: 415
#ERR  p: [1285, 960], r: -1725, e: -2466, error: 416
#ERR  p: [1285, 961], r: -1735, e: -2455, error: 417
#ERR  p: [1285, 962], r: -1745, e: -2446, error: 418
#ERR  p: [1285, 963], r: -1755, e: -2438, error: 419
#ERR  p: [1285, 964], r: -1765, e: -2430, error: 420
#ERR  p: [1285, 965], r: -1775, e: -2421, error: 421
#ERR  p: [1285, 966], r: -1785, e: -2417, error: 422
#ERR  p: [1285, 967], r: -1795, e: -2404, error: 423
#ERR  p: [1285, 968], r: -1805, e: -2389, error: 424
#ERR  p: [1285, 969], r: -1815, e: -2393, error: 425
#ERR  p: [1285, 970], r: -1825, e: -2386, error: 426
#ERR  p: [1285, 971], r: -1835, e: -2378, error: 427
#ERR  p: [1285, 972], r: -1845, e: -2367, error: 428
#ERR  p: [1285, 973], r: -1855, e: -2353, error: 429
#ERR  p: [1285, 974], r: -1865, e: -2348, error: 430
#ERR  p: [1285, 975], r: -1875, e: -2339, error: 431
#ERR  p: [1285, 976], r: -1885, e: -2330, error: 432
#ERR  p: [1285, 977], r: -1895, e: -2325, error: 433
#ERR  p: [1285, 978], r: -1905, e: -2315, error: 434
#ERR  p: [1285, 979], r: -1915, e: -2312, error: 435
#ERR  p: [1285, 980], r: -1925, e: -2321, error: 436
#ERR  p: [1285, 981], r: -1935, e: -2318, error: 437
#ERR  p: [1285, 982], r: -1945, e: -2317, error: 438
#ERR  p: [1285, 983], r: -1955, e: -2308, error: 439
#ERR  p: [1285, 984], r: -1965, e: -2299, error: 440
#ERR  p: [1285, 985], r: -1975, e: -2290, error: 441
#ERR  p: [1285, 986], r: -1985, e: -2291, error: 442
#ERR  p: [1285, 987], r: -1995, e: -2283, error: 443
#ERR  p: [1285, 988], r: -2005, e: -2280, error: 444
#ERR  p: [1285, 989], r: -2015, e: -2278, error: 445
#ERR  p: [1285, 990], r: -2025, e: -2273, error: 446
#ERR  p: [1285, 991], r: -2035, e: -2273, error: 447
#ERR  p: [1285, 992], r: -2045, e: -2263, error: 448
#ERR  p: [1285, 993], r: -2055, e: -2255, error: 449
#ERR  p: [1285, 994], r: -2065, e: -2242, error: 450
#ERR  p: [1285, 995], r: -2075, e: -2233, error: 451
#ERR  p: [1285, 996], r: -2085, e: -2227, error: 452
#ERR  p: [1285, 997], r: -2095, e: -2219, error: 453
#ERR  p: [1285, 998], r: -2105, e: -2213, error: 454
#ERR  p: [1285, 999], r: -2115, e: -2204, error: 455
#ERR  p: [1285, 1000], r: -2125, e: -2197, error: 456
#ERR  p: [1285, 1001], r: -2135, e: -2192, error: 457
#ERR  p: [1285, 1002], r: -2145, e: -2178, error: 458
#ERR  p: [1285, 1003], r: -2155, e: -2169, error: 459
#ERR  p: [1285, 1004], r: -2165, e: -2171, error: 460
#ERR  p: [1286, 785], r: 8, e: -3895, error: 461
#ERR  p: [1286, 786], r: 17, e: -3882, error: 462
#ERR  p: [1286, 787], r: 7, e: -3873, error: 463
#ERR  p: [1286, 788], r: -1, e: -3861, error: 464
#ERR  p: [1286, 789], r: -11, e: -3851, error: 465
#ERR  p: [1286, 790], r: -21, e: -3843, error: 466
#ERR  p: [1286, 791], r: -30, e: -3832, error: 467
#ERR  p: [1286, 792], r: -40, e: -3825, error: 468
#ERR  p: [1286, 793], r: -50, e: -3816, error: 469
#ERR  p: [1286, 794], r: -59, e: -3805, error: 470
#ERR  p: [1286, 795], r: -69, e: -3796, error: 471
#ERR  p: [1286, 796], r: -79, e: -3789, error: 472
#ERR  p: [1286, 797], r: -89, e: -3779, error: 473
#ERR  p: [1286, 798], r: -98, e: -3767, error: 474
#ERR  p: [1286, 799], r: -108, e: -3763, error: 475
#ERR  p: [1286, 800], r: -118, e: -3754, error: 476
#ERR  p: [1286, 801], r: -128, e: -3746, error: 477
#ERR  p: [1286, 802], r: -138, e: -3733, error: 478
#ERR  p: [1286, 803], r: -148, e: -3724, error: 479
#ERR  p: [1286, 804], r: -158, e: -3713, error: 480
#ERR  p: [1286, 805], r: -168, e: -3703, error: 481
#ERR  p: [1286, 806], r: -178, e: -3692, error: 482
#ERR  p: [1286, 807], r: -188, e: -3688, error: 483
#ERR  p: [1286, 808], r: -198, e: -3679, error: 484
#ERR  p: [1286, 809], r: -208, e: -3678, error: 485
#ERR  p: [1286, 810], r: -218, e: -3669, error: 486
#ERR  p: [1286, 811], r: -228, e: -3664, error: 487
#ERR  p: [1286, 812], r: -234, e: -3649, error: 488
#ERR  p: [1286, 813], r: -244, e: -3642, error: 489
#ERR  p: [1286, 814], r: -254, e: -3633, error: 490
#ERR  p: [1286, 815], r: -264, e: -3622, error: 491
#ERR  p: [1286, 816], r: -274, e: -3616, error: 492
#ERR  p: [1286, 817], r: -284, e: -3607, error: 493
#ERR  p: [1286, 818], r: -294, e: -3595, error: 494
#ERR  p: [1286, 819], r: -304, e: -3584, error: 495
#ERR  p: [1286, 820], r: -314, e: -3575, error: 496
#ERR  p: [1286, 821], r: -324, e: -3570, error: 497
#ERR  p: [1286, 822], r: -334, e: -3562, error: 498
#ERR  p: [1286, 823], r: -344, e: -3553, error: 499
#SDC Ite:0 KerTime:0.294413 AccTime:0.294413 KerErr:500 AccErr:500
#END