#HEADER max_rows:2048 max_cols:2048 penalty:10
#BEGIN Y:2016 M:09 D:12 Time:13:56:47
#IT Ite:0 KerTime:0.294415 AccTime:0.294415
#ERR Error detected! kerrors = 882499
#ERR  p: [614, 849], r: -1669, e: -1745, error: 1
#ERR  p: [614, 850], r: -1679, e: -1753, error: 2
#ERR  p: [614, 851], r: -1689, e: -1762, error: 3
#ERR  p: [614, 852], r: -1699, e: -1771, error: 4
#ERR  p: [614, 853], r: -1709, e: -1781, error: 5
#ERR  p: [614, 854], r: -1719, e: -1773, error: 6
#ERR  p: [614, 855], r: -1726, e: -1783, error: 7
#ERR  p: [614, 856], r: -1736, e: -1792, error: 8
#ERR  p: [614, 857], r: -1746, e: -1794, error: 9
#ERR  p: [614, 858], r: -1756, e: -1799, error: 10
#ERR  p: [614, 859], r: -1764, e: -1809, error: 11
#ERR  p: [614, 860], r: -1773, e: -1819, error: 12
#ERR  p: [614, 861], r: -1783, e: -1829, error: 13
#ERR  p: [614, 862], r: -1789, e: -1839, error: 14
#ERR  p: [614, 863], r: -1792, e: -1849, error: 15
#ERR  p: [614, 864], r: -1802, e: -1855, error: 16
#ERR  p: [614, 865], r: -1812, e: -1865, error: 17
#ERR  p: [614, 866], r: -1822, e: -1875, error: 18
#ERR  p: [614, 867], r: -1832, e: -1861, error: 19
#ERR  p: [614, 868], r: -1842, e: -1871, error: 20
#ERR  p: [614, 869], r: -1852, e: -1881, error: 21
#ERR  p: [614, 870], r: -1862, e: -1890, error: 22
#ERR  p: [614, 871], r: -1872, e: -1900, error: 23
#ERR  p: [614, 872], r: -1882, e: -1903, error: 24
#ERR  p: [614, 873], r: -1892, e: -1913, error: 25
#ERR  p: [614, 874], r: -1902, e: -1923, error: 26
#ERR  p: [614, 875], r: -1912, e: -1933, error: 27
#ERR  p: [614, 876], r: -1922, e: -1943, error: 28
#ERR  p: [614, 877], r: -1932, e: -1953, error: 29
#ERR  p: [614, 878], r: -1942, e: -1955, error: 30
#ERR  p: [614, 879], r: -1952, e: -1965, error: 31
#ERR  p: [614, 880], r: -1962, e: -1975, error: 32
#ERR  p: [614, 881], r: -1972, e: -1985, error: 33
#ERR  p: [614, 882], r: -1982, e: -1995, error: 34
#ERR  p: [614, 883], r: -1992, e: -2005, error: 35
#ERR  p: [614, 884], r: -2002, e: -2015, error: 36
#ERR  p: [614, 885], r: -2012, e: -2025, error: 37
#ERR  p: [614, 886], r: -2022, e: -2035, error: 38
#ERR  p: [614, 887], r: -2032, e: -2045, error: 39
#ERR  p: [614, 888], r: -2042, e: -2047, error: 40
#ERR  p: [615, 865], r: -1805, e: -1858, error: 41
#ERR  p: [615, 866], r: -1815, e: -1868, error: 42
#ERR  p: [615, 867], r: -1823, e: -1871, error: 43
#ERR  p: [615, 868], r: -1833, e: -1864, error: 44
#ERR  p: [615, 869], r: -1843, e: -1873, error: 45
#ERR  p: [615, 870], r: -1853, e: -1883, error: 46
#ERR  p: [615, 871], r: -1863, e: -1893, error: 47
#ERR  p: [615, 872], r: -1873, e: -1901, error: 48
#ERR  p: [615, 873], r: -1883, e: -1906, error: 49
#ERR  p: [615, 874], r: -1893, e: -1914, error: 50
#ERR  p: [615, 875], r: -1903, e: -1924, error: 51
#ERR  p: [615, 876], r: -1913, e: -1934, error: 52
#ERR  p: [615, 877], r: -1923, e: -1944, error: 53
#ERR  p: [615, 878], r: -1933, e: -1954, error: 54
#ERR  p: [615, 879], r: -1943, e: -1958, error: 55
#ERR  p: [615, 880], r: -1953, e: -1968, error: 56
#ERR  p: [615, 881], r: -1963, e: -1977, error: 57
#ERR  p: [615, 882], r: -1973, e: -1987, error: 58
#ERR  p: [615, 883], r: -1983, e: -1996, error: 59
#ERR  p: [615, 884], r: -1993, e: -2006, error: 60
#ERR  p: [615, 885], r: -2003, e: -2016, error: 61
#ERR  p: [615, 886], r: -2013, e: -2026, error: 62
#ERR  p: [615, 887], r: -2023, e: -2036, error: 63
#ERR  p: [615, 888], r: -2033, e: -2046, error: 64
#ERR  p: [615, 889], r: -2043, e: -2048, error: 65
#ERR  p: [616, 865], r: -1815, e: -1847, error: 66
#ERR  p: [616, 866], r: -1809, e: -1857, error: 67
#ERR  p: [616, 867], r: -1819, e: -1867, error: 68
#ERR  p: [616, 868], r: -1821, e: -1869, error: 69
#ERR  p: [616, 869], r: -1831, e: -1867, error: 70
#ERR  p: [616, 870], r: -1841, e: -1875, error: 71
#ERR  p: [616, 871], r: -1851, e: -1885, error: 72
#ERR  p: [616, 872], r: -1861, e: -1895, error: 73
#ERR  p: [616, 873], r: -1871, e: -1904, error: 74
#ERR  p: [616, 874], r: -1881, e: -1910, error: 75
#ERR  p: [616, 875], r: -1891, e: -1917, error: 76
#ERR  p: [616, 876], r: -1901, e: -1927, error: 77
#ERR  p: [616, 877], r: -1902, e: -1923, error: 78
#ERR  p: [616, 878], r: -1912, e: -1933, error: 79
#ERR  p: [616, 879], r: -1922, e: -1943, error: 80
#ERR  p: [616, 880], r: -1932, e: -1953, error: 81
#ERR  p: [616, 881], r: -1942, e: -1963, error: 82
#ERR  p: [616, 882], r: -1952, e: -1973, error: 83
#ERR  p: [616, 883], r: -1962, e: -1983, error: 84
#ERR  p: [616, 884], r: -1972, e: -1993, error: 85
#ERR  p: [616, 885], r: -1982, e: -2003, error: 86
#ERR  p: [616, 886], r: -1992, e: -2013, error: 87
#ERR  p: [616, 887], r: -2002, e: -2023, error: 88
#ERR  p: [616, 888], r: -2012, e: -2033, error: 89
#ERR  p: [616, 889], r: -2022, e: -2043, error: 90
#ERR  p: [616, 890], r: -2032, e: -2050, error: 91
#ERR  p: [616, 891], r: -2042, e: -2056, error: 92
#ERR  p: [616, 892], r: -2052, e: -2065, error: 93
#ERR  p: [616, 893], r: -2062, e: -2074, error: 94
#ERR  p: [616, 894], r: -2072, e: -2083, error: 95
#ERR  p: [616, 895], r: -2082, e: -2087, error: 96
#ERR  p: [617, 865], r: -1825, e: -1840, error: 97
#ERR  p: [617, 866], r: -1819, e: -1850, error: 98
#ERR  p: [617, 867], r: -1805, e: -1853, error: 99
#ERR  p: [617, 868], r: -1815, e: -1863, error: 100
#ERR  p: [617, 869], r: -1820, e: -1868, error: 101
#ERR  p: [617, 870], r: -1830, e: -1870, error: 102
#ERR  p: [617, 871], r: -1840, e: -1878, error: 103
#ERR  p: [617, 872], r: -1845, e: -1879, error: 104
#ERR  p: [617, 873], r: -1855, e: -1889, error: 105
#ERR  p: [617, 874], r: -1865, e: -1898, error: 106
#ERR  p: [617, 875], r: -1875, e: -1908, error: 107
#ERR  p: [617, 876], r: -1885, e: -1918, error: 108
#ERR  p: [617, 877], r: -1895, e: -1928, error: 109
#ERR  p: [617, 878], r: -1896, e: -1917, error: 110
#ERR  p: [617, 879], r: -1906, e: -1927, error: 111
#ERR  p: [617, 880], r: -1916, e: -1937, error: 112
#ERR  p: [617, 881], r: -1926, e: -1947, error: 113
#ERR  p: [617, 882], r: -1936, e: -1957, error: 114
#ERR  p: [617, 883], r: -1946, e: -1967, error: 115
#ERR  p: [617, 884], r: -1956, e: -1977, error: 116
#ERR  p: [617, 885], r: -1966, e: -1987, error: 117
#ERR  p: [617, 886], r: -1976, e: -1997, error: 118
#ERR  p: [617, 887], r: -1986, e: -2007, error: 119
#ERR  p: [617, 888], r: -1996, e: -2017, error: 120
#ERR  p: [617, 889], r: -2006, e: -2027, error: 121
#ERR  p: [617, 890], r: -2016, e: -2037, error: 122
#ERR  p: [617, 891], r: -2026, e: -2047, error: 123
#ERR  p: [617, 892], r: -2036, e: -2057, error: 124
#ERR  p: [617, 893], r: -2046, e: -2063, error: 125
#ERR  p: [617, 894], r: -2056, e: -2073, error: 126
#ERR  p: [617, 895], r: -2066, e: -2083, error: 127
#ERR  p: [617, 896], r: -2076, e: -2091, error: 128
#ERR  p: [618, 866], r: -1829, e: -1838, error: 129
#ERR  p: [618, 867], r: -1815, e: -1848, error: 130
#ERR  p: [618, 868], r: -1803, e: -1851, error: 131
#ERR  p: [618, 869], r: -1813, e: -1861, error: 132
#ERR  p: [618, 870], r: -1822, e: -1870, error: 133
#ERR  p: [618, 871], r: -1832, e: -1873, error: 134
#ERR  p: [618, 872], r: -1842, e: -1882, error: 135
#ERR  p: [618, 873], r: -1848, e: -1882, error: 136
#ERR  p: [618, 874], r: -1858, e: -1892, error: 137
#ERR  p: [618, 875], r: -1868, e: -1901, error: 138
#ERR  p: [618, 876], r: -1878, e: -1911, error: 139
#ERR  p: [618, 877], r: -1874, e: -1907, error: 140
#ERR  p: [618, 878], r: -1884, e: -1917, error: 141
#ERR  p: [618, 879], r: -1894, e: -1920, error: 142
#ERR  p: [618, 880], r: -1904, e: -1926, error: 143
#ERR  p: [618, 881], r: -1914, e: -1936, error: 144
#ERR  p: [618, 882], r: -1924, e: -1946, error: 145
#ERR  p: [618, 883], r: -1934, e: -1956, error: 146
#ERR  p: [618, 884], r: -1944, e: -1966, error: 147
#ERR  p: [618, 885], r: -1954, e: -1976, error: 148
#ERR  p: [618, 886], r: -1964, e: -1986, error: 149
#ERR  p: [618, 887], r: -1974, e: -1996, error: 150
#ERR  p: [618, 888], r: -1984, e: -2006, error: 151
#ERR  p: [618, 889], r: -1994, e: -2016, error: 152
#ERR  p: [618, 890], r: -2004, e: -2026, error: 153
#ERR  p: [618, 891], r: -2014, e: -2036, error: 154
#ERR  p: [618, 892], r: -2024, e: -2046, error: 155
#ERR  p: [618, 893], r: -2034, e: -2056, error: 156
#ERR  p: [618, 894], r: -2044, e: -2065, error: 157
#ERR  p: [618, 895], r: -2054, e: -2075, error: 158
#ERR  p: [618, 896], r: -2055, e: -2072, error: 159
#ERR  p: [618, 897], r: -2065, e: -2082, error: 160
#ERR  p: [618, 898], r: -2075, e: -2086, error: 161
#ERR  p: [618, 899], r: -2085, e: -2096, error: 162
#ERR  p: [618, 900], r: -2095, e: -2106, error: 163
#ERR  p: [618, 901], r: -2105, e: -2110, error: 164
#ERR  p: [618, 902], r: -2115, e: -2120, error: 165
#ERR  p: [618, 903], r: -2125, e: -2130, error: 166
#ERR  p: [618, 904], r: -2135, e: -2140, error: 167
#ERR  p: [618, 905], r: -2145, e: -2150, error: 168
#ERR  p: [618, 906], r: -2155, e: -2160, error: 169
#ERR  p: [618, 907], r: -2165, e: -2170, error: 170
#ERR  p: [618, 908], r: -2175, e: -2180, error: 171
#ERR  p: [618, 909], r: -2185, e: -2190, error: 172
#ERR  p: [618, 910], r: -2195, e: -2200, error: 173
#ERR  p: [618, 911], r: -2205, e: -2210, error: 174
#ERR  p: [618, 912], r: -2215, e: -2220, error: 175
#ERR  p: [619, 867], r: -1825, e: -1838, error: 176
#ERR  p: [619, 868], r: -1813, e: -1848, error: 177
#ERR  p: [619, 869], r: -1800, e: -1848, error: 178
#ERR  p: [619, 870], r: -1810, e: -1858, error: 179
#ERR  p: [619, 871], r: -1820, e: -1868, error: 180
#ERR  p: [619, 872], r: -1830, e: -1873, error: 181
#ERR  p: [619, 873], r: -1840, e: -1883, error: 182
#ERR  p: [619, 874], r: -1848, e: -1882, error: 183
#ERR  p: [619, 875], r: -1858, e: -1892, error: 184
#ERR  p: [619, 876], r: -1868, e: -1902, error: 185
#ERR  p: [619, 877], r: -1878, e: -1912, error: 186
#ERR  p: [619, 878], r: -1874, e: -1907, error: 187
#ERR  p: [619, 879], r: -1884, e: -1917, error: 188
#ERR  p: [619, 880], r: -1894, e: -1923, error: 189
#ERR  p: [619, 881], r: -1903, e: -1925, error: 190
#ERR  p: [619, 882], r: -1913, e: -1935, error: 191
#ERR  p: [619, 883], r: -1923, e: -1945, error: 192
#ERR  p: [619, 884], r: -1933, e: -1955, error: 193
#ERR  p: [619, 885], r: -1941, e: -1963, error: 194
#ERR  p: [619, 886], r: -1951, e: -1973, error: 195
#ERR  p: [619, 887], r: -1961, e: -1983, error: 196
#ERR  p: [619, 888], r: -1971, e: -1993, error: 197
#ERR  p: [619, 889], r: -1981, e: -2003, error: 198
#ERR  p: [619, 890], r: -1991, e: -2013, error: 199
#ERR  p: [619, 891], r: -2001, e: -2023, error: 200
#ERR  p: [619, 892], r: -2011, e: -2033, error: 201
#ERR  p: [619, 893], r: -2021, e: -2043, error: 202
#ERR  p: [619, 894], r: -2029, e: -2051, error: 203
#ERR  p: [619, 895], r: -2039, e: -2061, error: 204
#ERR  p: [619, 896], r: -2049, e: -2071, error: 205
#ERR  p: [619, 897], r: -2050, e: -2067, error: 206
#ERR  p: [619, 898], r: -2060, e: -2077, error: 207
#ERR  p: [619, 899], r: -2070, e: -2083, error: 208
#ERR  p: [619, 900], r: -2080, e: -2093, error: 209
#ERR  p: [619, 901], r: -2090, e: -2101, error: 210
#ERR  p: [619, 902], r: -2100, e: -2111, error: 211
#ERR  p: [619, 903], r: -2110, e: -2121, error: 212
#ERR  p: [619, 904], r: -2120, e: -2128, error: 213
#ERR  p: [619, 905], r: -2130, e: -2138, error: 214
#ERR  p: [619, 906], r: -2140, e: -2148, error: 215
#ERR  p: [619, 907], r: -2150, e: -2158, error: 216
#ERR  p: [619, 908], r: -2160, e: -2168, error: 217
#ERR  p: [619, 909], r: -2170, e: -2178, error: 218
#ERR  p: [619, 910], r: -2180, e: -2188, error: 219
#ERR  p: [619, 911], r: -2190, e: -2198, error: 220
#ERR  p: [619, 912], r: -2200, e: -2208, error: 221
#ERR  p: [619, 913], r: -2210, e: -2218, error: 222
#ERR  p: [620, 868], r: -1823, e: -1839, error: 223
#ERR  p: [620, 869], r: -1810, e: -1849, error: 224
#ERR  p: [620, 870], r: -1802, e: -1850, error: 225
#ERR  p: [620, 871], r: -1811, e: -1859, error: 226
#ERR  p: [620, 872], r: -1821, e: -1869, error: 227
#ERR  p: [620, 873], r: -1831, e: -1874, error: 228
#ERR  p: [620, 874], r: -1841, e: -1884, error: 229
#ERR  p: [620, 875], r: -1849, e: -1883, error: 230
#ERR  p: [620, 876], r: -1859, e: -1893, error: 231
#ERR  p: [620, 877], r: -1869, e: -1903, error: 232
#ERR  p: [620, 878], r: -1879, e: -1913, error: 233
#ERR  p: [620, 879], r: -1875, e: -1908, error: 234
#ERR  p: [620, 880], r: -1885, e: -1918, error: 235
#ERR  p: [620, 881], r: -1895, e: -1924, error: 236
#ERR  p: [620, 882], r: -1904, e: -1926, error: 237
#ERR  p: [620, 883], r: -1914, e: -1936, error: 238
#ERR  p: [620, 884], r: -1924, e: -1946, error: 239
#ERR  p: [620, 885], r: -1934, e: -1956, error: 240
#ERR  p: [620, 886], r: -1942, e: -1964, error: 241
#ERR  p: [620, 887], r: -1952, e: -1974, error: 242
#ERR  p: [620, 888], r: -1962, e: -1984, error: 243
#ERR  p: [620, 889], r: -1972, e: -1994, error: 244
#ERR  p: [620, 890], r: -1981, e: -2003, error: 245
#ERR  p: [620, 891], r: -1991, e: -2013, error: 246
#ERR  p: [620, 892], r: -2001, e: -2023, error: 247
#ERR  p: [620, 893], r: -2011, e: -2033, error: 248
#ERR  p: [620, 894], r: -2021, e: -2043, error: 249
#ERR  p: [620, 895], r: -2030, e: -2052, error: 250
#ERR  p: [620, 896], r: -2040, e: -2062, error: 251
#ERR  p: [620, 897], r: -2050, e: -2072, error: 252
#ERR  p: [620, 898], r: -2051, e: -2068, error: 253
#ERR  p: [620, 899], r: -2061, e: -2078, error: 254
#ERR  p: [620, 900], r: -2071, e: -2084, error: 255
#ERR  p: [620, 901], r: -2081, e: -2094, error: 256
#ERR  p: [620, 902], r: -2091, e: -2102, error: 257
#ERR  p: [620, 903], r: -2101, e: -2112, error: 258
#ERR  p: [620, 904], r: -2111, e: -2122, error: 259
#ERR  p: [620, 905], r: -2121, e: -2129, error: 260
#ERR  p: [620, 906], r: -2130, e: -2138, error: 261
#ERR  p: [620, 907], r: -2140, e: -2148, error: 262
#ERR  p: [620, 908], r: -2150, e: -2158, error: 263
#ERR  p: [620, 909], r: -2160, e: -2168, error: 264
#ERR  p: [620, 910], r: -2170, e: -2178, error: 265
#ERR  p: [620, 911], r: -2180, e: -2188, error: 266
#ERR  p: [620, 912], r: -2190, e: -2198, error: 267
#ERR  p: [620, 913], r: -2200, e: -2208, error: 268
#ERR  p: [620, 914], r: -2210, e: -2218, error: 269
#ERR  p: [621, 868], r: -1833, e: -1835, error: 270
#ERR  p: [621, 869], r: -1820, e: -1838, error: 271
#ERR  p: [621, 870], r: -1812, e: -1848, error: 272
#ERR  p: [621, 871], r: -1805, e: -1853, error: 273
#ERR  p: [621, 872], r: -1812, e: -1860, error: 274
#ERR  p: [621, 873], r: -1822, e: -1870, error: 275
#ERR  p: [621, 874], r: -1832, e: -1875, error: 276
#ERR  p: [621, 875], r: -1842, e: -1885, error: 277
#ERR  p: [621, 876], r: -1850, e: -1884, error: 278
#ERR  p: [621, 877], r: -1860, e: -1894, error: 279
#ERR  p: [621, 878], r: -1870, e: -1904, error: 280
#ERR  p: [621, 879], r: -1880, e: -1914, error: 281
#ERR  p: [621, 880], r: -1878, e: -1911, error: 282
#ERR  p: [621, 881], r: -1883, e: -1916, error: 283
#ERR  p: [621, 882], r: -1893, e: -1926, error: 284
#ERR  p: [621, 883], r: -1903, e: -1927, error: 285
#ERR  p: [621, 884], r: -1913, e: -1937, error: 286
#ERR  p: [621, 885], r: -1923, e: -1945, error: 287
#ERR  p: [621, 886], r: -1933, e: -1955, error: 288
#ERR  p: [621, 887], r: -1943, e: -1965, error: 289
#ERR  p: [621, 888], r: -1951, e: -1973, error: 290
#ERR  p: [621, 889], r: -1961, e: -1983, error: 291
#ERR  p: [621, 890], r: -1971, e: -1993, error: 292
#ERR  p: [621, 891], r: -1981, e: -2003, error: 293
#ERR  p: [621, 892], r: -1991, e: -2013, error: 294
#ERR  p: [621, 893], r: -2000, e: -2022, error: 295
#ERR  p: [621, 894], r: -2010, e: -2032, error: 296
#ERR  p: [621, 895], r: -2020, e: -2042, error: 297
#ERR  p: [621, 896], r: -2030, e: -2052, error: 298
#ERR  p: [621, 897], r: -2039, e: -2061, error: 299
#ERR  p: [621, 898], r: -2049, e: -2071, error: 300
#ERR  p: [621, 899], r: -2050, e: -2067, error: 301
#ERR  p: [621, 900], r: -2060, e: -2077, error: 302
#ERR  p: [621, 901], r: -2070, e: -2083, error: 303
#ERR  p: [621, 902], r: -2080, e: -2093, error: 304
#ERR  p: [621, 903], r: -2090, e: -2103, error: 305
#ERR  p: [621, 904], r: -2100, e: -2111, error: 306
#ERR  p: [621, 905], r: -2106, e: -2117, error: 307
#ERR  p: [621, 906], r: -2116, e: -2127, error: 308
#ERR  p: [621, 907], r: -2126, e: -2137, error: 309
#ERR  p: [621, 908], r: -2136, e: -2147, error: 310
#ERR  p: [621, 909], r: -2146, e: -2157, error: 311
#ERR  p: [621, 910], r: -2156, e: -2167, error: 312
#ERR  p: [621, 911], r: -2166, e: -2177, error: 313
#ERR  p: [621, 912], r: -2176, e: -2187, error: 314
#ERR  p: [621, 913], r: -2186, e: -2197, error: 315
#ERR  p: [621, 914], r: -2196, e: -2207, error: 316
#ERR  p: [621, 915], r: -2206, e: -2217, error: 317
#ERR  p: [621, 916], r: -2216, e: -2221, error: 318
#ERR  p: [621, 917], r: -2226, e: -2228, error: 319
#ERR  p: [622, 849], r: 23, e: -1669, error: 320
#ERR  p: [622, 850], r: 22, e: -1679, error: 321
#ERR  p: [622, 851], r: 3, e: -1689, error: 322
#ERR  p: [622, 852], r: 13, e: -1699, error: 323
#ERR  p: [622, 853], r: 8, e: -1709, error: 324
#ERR  p: [622, 854], r: 0, e: -1719, error: 325
#ERR  p: [622, 855], r: 1, e: -1726, error: 326
#ERR  p: [622, 856], r: 5, e: -1736, error: 327
#ERR  p: [622, 857], r: 19, e: -1746, error: 328
#ERR  p: [622, 858], r: 15, e: -1756, error: 329
#ERR  p: [622, 859], r: 22, e: -1764, error: 330
#ERR  p: [622, 860], r: 11, e: -1773, error: 331
#ERR  p: [622, 861], r: 22, e: -1783, error: 332
#ERR  p: [622, 862], r: 15, e: -1789, error: 333
#ERR  p: [622, 863], r: 15, e: -1792, error: 334
#ERR  p: [622, 864], r: 3, e: -1802, error: 335
#ERR  p: [622, 865], r: -7, e: -1802, error: 336
#ERR  p: [622, 866], r: -17, e: -1812, error: 337
#ERR  p: [622, 867], r: -27, e: -1822, error: 338
#ERR  p: [622, 868], r: -37, e: -1828, error: 339
#ERR  p: [622, 869], r: -47, e: -1837, error: 340
#ERR  p: [622, 870], r: -57, e: -1839, error: 341
#ERR  p: [622, 871], r: -67, e: -1845, error: 342
#ERR  p: [622, 872], r: -77, e: -1855, error: 343
#ERR  p: [622, 873], r: -87, e: -1856, error: 344
#ERR  p: [622, 874], r: -97, e: -1866, error: 345
#ERR  p: [622, 875], r: -107, e: -1872, error: 346
#ERR  p: [622, 876], r: -117, e: -1882, error: 347
#ERR  p: [622, 877], r: -127, e: -1887, error: 348
#ERR  p: [622, 878], r: -137, e: -1897, error: 349
#ERR  p: [622, 879], r: -147, e: -1900, error: 350
#ERR  p: [622, 880], r: -157, e: -1910, error: 351
#ERR  p: [622, 881], r: -167, e: -1914, error: 352
#ERR  p: [622, 882], r: -177, e: -1913, error: 353
#ERR  p: [622, 883], r: -187, e: -1923, error: 354
#ERR  p: [622, 884], r: -197, e: -1924, error: 355
#ERR  p: [622, 885], r: -207, e: -1934, error: 356
#ERR  p: [622, 886], r: -217, e: -1944, error: 357
#ERR  p: [622, 887], r: -227, e: -1954, error: 358
#ERR  p: [622, 888], r: -237, e: -1964, error: 359
#ERR  p: [622, 889], r: -247, e: -1974, error: 360
#ERR  p: [622, 890], r: -257, e: -1983, error: 361
#ERR  p: [622, 891], r: -267, e: -1993, error: 362
#ERR  p: [622, 892], r: -277, e: -2003, error: 363
#ERR  p: [622, 893], r: -287, e: -2013, error: 364
#ERR  p: [622, 894], r: -297, e: -2023, error: 365
#ERR  p: [622, 895], r: -307, e: -2031, error: 366
#ERR  p: [622, 896], r: -317, e: -2041, error: 367
#ERR  p: [622, 897], r: -327, e: -2051, error: 368
#ERR  p: [622, 898], r: -337, e: -2061, error: 369
#ERR  p: [622, 899], r: -347, e: -2071, error: 370
#ERR  p: [622, 900], r: -357, e: -2070, error: 371
#ERR  p: [622, 901], r: -367, e: -2079, error: 372
#ERR  p: [622, 902], r: -377, e: -2079, error: 373
#ERR  p: [622, 903], r: -387, e: -2089, error: 374
#ERR  p: [622, 904], r: -397, e: -2099, error: 375
#ERR  p: [622, 905], r: -407, e: -2109, error: 376
#ERR  p: [622, 906], r: -417, e: -2119, error: 377
#ERR  p: [622, 907], r: -427, e: -2124, error: 378
#ERR  p: [622, 908], r: -437, e: -2134, error: 379
#ERR  p: [622, 909], r: -447, e: -2144, error: 380
#ERR  p: [622, 910], r: -457, e: -2154, error: 381
#ERR  p: [622, 911], r: -467, e: -2164, error: 382
#ERR  p: [622, 912], r: -477, e: -2174, error: 383
#ERR  p: [622, 913], r: -487, e: -2184, error: 384
#ERR  p: [622, 914], r: -497, e: -2194, error: 385
#ERR  p: [622, 915], r: -507, e: -2204, error: 386
#ERR  p: [622, 916], r: -517, e: -2214, error: 387
#ERR  p: [622, 917], r: -527, e: -2223, error: 388
#ERR  p: [622, 918], r: -537, e: -2230, error: 389
#ERR  p: [622, 919], r: -547, e: -2223, error: 390
#ERR  p: [622, 920], r: -557, e: -2233, error: 391
#ERR  p: [622, 921], r: -567, e: -2243, error: 392
#ERR  p: [622, 922], r: -577, e: -2253, error: 393
#ERR  p: [622, 923], r: -587, e: -2263, error: 394
#ERR  p: [622, 924], r: -597, e: -2273, error: 395
#ERR  p: [622, 925], r: -607, e: -2283, error: 396
#ERR  p: [622, 926], r: -617, e: -2286, error: 397
#ERR  p: [622, 927], r: -627, e: -2296, error: 398
#ERR  p: [622, 928], r: -637, e: -2294, error: 399
#ERR  p: [622, 929], r: -647, e: -2304, error: 400
#ERR  p: [622, 930], r: -657, e: -2307, error: 401
#ERR  p: [622, 931], r: -667, e: -2310, error: 402
#ERR  p: [622, 932], r: -677, e: -2311, error: 403
#ERR  p: [622, 933], r: -687, e: -2321, error: 404
#ERR  p: [622, 934], r: -697, e: -2331, error: 405
#ERR  p: [622, 935], r: -707, e: -2339, error: 406
#ERR  p: [622, 936], r: -717, e: -2349, error: 407
#ERR  p: [622, 937], r: -727, e: -2359, error: 408
#ERR  p: [622, 938], r: -737, e: -2367, error: 409
#ERR  p: [622, 939], r: -747, e: -2376, error: 410
#ERR  p: [622, 940], r: -757, e: -2384, error: 411
#ERR  p: [622, 941], r: -767, e: -2391, error: 412
#ERR  p: [622, 942], r: -777, e: -2401, error: 413
#ERR  p: [622, 943], r: -787, e: -2409, error: 414
#ERR  p: [622, 944], r: -797, e: -2419, error: 415
#ERR  p: [622, 945], r: -807, e: -2423, error: 416
#ERR  p: [622, 946], r: -817, e: -2433, error: 417
#ERR  p: [622, 947], r: -827, e: -2443, error: 418
#ERR  p: [622, 948], r: -837, e: -2451, error: 419
#ERR  p: [622, 949], r: -847, e: -2461, error: 420
#ERR  p: [622, 950], r: -857, e: -2466, error: 421
#ERR  p: [622, 951], r: -867, e: -2476, error: 422
#ERR  p: [622, 952], r: -877, e: -2485, error: 423
#ERR  p: [622, 953], r: -887, e: -2495, error: 424
#ERR  p: [622, 954], r: -897, e: -2504, error: 425
#ERR  p: [622, 955], r: -907, e: -2514, error: 426
#ERR  p: [622, 956], r: -917, e: -2523, error: 427
#ERR  p: [622, 957], r: -927, e: -2529, error: 428
#ERR  p: [622, 958], r: -937, e: -2521, error: 429
#ERR  p: [622, 959], r: -947, e: -2515, error: 430
#ERR  p: [622, 960], r: -957, e: -2524, error: 431
#ERR  p: [622, 961], r: -967, e: -2524, error: 432
#ERR  p: [622, 962], r: -977, e: -2526, error: 433
#ERR  p: [622, 963], r: -987, e: -2535, error: 434
#ERR  p: [622, 964], r: -997, e: -2545, error: 435
#ERR  p: [622, 965], r: -1007, e: -2555, error: 436
#ERR  p: [622, 966], r: -1017, e: -2565, error: 437
#ERR  p: [622, 967], r: -1027, e: -2567, error: 438
#ERR  p: [622, 968], r: -1037, e: -2575, error: 439
#ERR  p: [622, 969], r: -1047, e: -2585, error: 440
#ERR  p: [622, 970], r: -1057, e: -2595, error: 441
#ERR  p: [622, 971], r: -1067, e: -2602, error: 442
#ERR  p: [622, 972], r: -1077, e: -2612, error: 443
#ERR  p: [622, 973], r: -1087, e: -2621, error: 444
#ERR  p: [622, 974], r: -1097, e: -2631, error: 445
#ERR  p: [622, 975], r: -1107, e: -2637, error: 446
#ERR  p: [622, 976], r: -1117, e: -2647, error: 447
#ERR  p: [622, 977], r: -1127, e: -2657, error: 448
#ERR  p: [622, 978], r: -1137, e: -2667, error: 449
#ERR  p: [622, 979], r: -1147, e: -2677, error: 450
#ERR  p: [622, 980], r: -1157, e: -2687, error: 451
#ERR  p: [622, 981], r: -1167, e: -2697, error: 452
#ERR  p: [622, 982], r: -1177, e: -2707, error: 453
#ERR  p: [622, 983], r: -1187, e: -2717, error: 454
#ERR  p: [622, 984], r: -1197, e: -2727, error: 455
#ERR  p: [622, 985], r: -1207, e: -2737, error: 456
#ERR  p: [622, 986], r: -1217, e: -2747, error: 457
#ERR  p: [622, 987], r: -1227, e: -2757, error: 458
#ERR  p: [622, 988], r: -1237, e: -2767, error: 459
#ERR  p: [622, 989], r: -1247, e: -2777, error: 460
#ERR  p: [622, 990], r: -1257, e: -2787, error: 461
#ERR  p: [622, 991], r: -1267, e: -2797, error: 462
#ERR  p: [622, 992], r: -1277, e: -2807, error: 463
#ERR  p: [622, 993], r: -1287, e: -2817, error: 464
#ERR  p: [622, 994], r: -1297, e: -2826, error: 465
#ERR  p: [622, 995], r: -1307, e: -2836, error: 466
#ERR  p: [622, 996], r: -1317, e: -2841, error: 467
#ERR  p: [622, 997], r: -1327, e: -2851, error: 468
#ERR  p: [622, 998], r: -1337, e: -2859, error: 469
#ERR  p: [622, 999], r: -1347, e: -2865, error: 470
#ERR  p: [622, 1000], r: -1357, e: -2867, error: 471
#ERR  p: [622, 1001], r: -1367, e: -2876, error: 472
#ERR  p: [622, 1002], r: -1377, e: -2877, error: 473
#ERR  p: [622, 1003], r: -1387, e: -2887, error: 474
#ERR  p: [622, 1004], r: -1397, e: -2897, error: 475
#ERR  p: [622, 1005], r: -1407, e: -2907, error: 476
#ERR  p: [622, 1006], r: -1417, e: -2917, error: 477
#ERR  p: [622, 1007], r: -1427, e: -2927, error: 478
#ERR  p: [622, 1008], r: -1437, e: -2937, error: 479
#ERR  p: [622, 1009], r: -1447, e: -2947, error: 480
#ERR  p: [622, 1010], r: -1457, e: -2957, error: 481
#ERR  p: [622, 1011], r: -1467, e: -2967, error: 482
#ERR  p: [622, 1012], r: -1477, e: -2974, error: 483
#ERR  p: [622, 1013], r: -1487, e: -2982, error: 484
#ERR  p: [622, 1014], r: -1497, e: -2992, error: 485
#ERR  p: [622, 1015], r: -1507, e: -3002, error: 486
#ERR  p: [622, 1016], r: -1517, e: -3012, error: 487
#ERR  p: [622, 1017], r: -1527, e: -3016, error: 488
#ERR  p: [622, 1018], r: -1537, e: -3026, error: 489
#ERR  p: [622, 1019], r: -1547, e: -3036, error: 490
#ERR  p: [622, 1020], r: -1557, e: -3043, error: 491
#ERR  p: [622, 1021], r: -1567, e: -3051, error: 492
#ERR  p: [622, 1022], r: -1577, e: -3051, error: 493
#ERR  p: [622, 1023], r: -1587, e: -3054, error: 494
#ERR  p: [622, 1024], r: -1597, e: -3064, error: 495
#ERR  p: [622, 1025], r: -1607, e: -3072, error: 496
#ERR  p: [622, 1026], r: -1617, e: -3078, error: 497
#ERR  p: [622, 1027], r: -1627, e: -3088, error: 498
#ERR  p: [622, 1028], r: -1637, e: -3098, error: 499
#SDC Ite:0 KerTime:0.294415 AccTime:0.294415 KerErr:500 AccErr:500
#END