#HEADER max_rows:2048 max_cols:2048 penalty:10
#BEGIN Y:2016 M:09 D:12 Time:15:35:31
#IT Ite:0 KerTime:0.294393 AccTime:0.294393
#ERR Error detected! kerrors = 221
#ERR  p: [641, 337], r: -2612, e: -2433, error: 1
#ERR  p: [641, 338], r: -2607, e: -2424, error: 2
#ERR  p: [641, 339], r: -2597, e: -2417, error: 3
#ERR  p: [641, 340], r: -2587, e: -2410, error: 4
#ERR  p: [641, 341], r: -2577, e: -2404, error: 5
#ERR  p: [641, 342], r: -2560, e: -2391, error: 6
#ERR  p: [641, 343], r: -2546, e: -2384, error: 7
#ERR  p: [641, 344], r: -2532, e: -2375, error: 8
#ERR  p: [641, 345], r: -2522, e: -2368, error: 9
#ERR  p: [641, 346], r: -2503, e: -2360, error: 10
#ERR  p: [641, 347], r: -2493, e: -2344, error: 11
#ERR  p: [641, 348], r: -2485, e: -2335, error: 12
#ERR  p: [641, 349], r: -2474, e: -2329, error: 13
#ERR  p: [641, 350], r: -2466, e: -2320, error: 14
#ERR  p: [641, 351], r: -2447, e: -2309, error: 15
#ERR  p: [641, 352], r: -2440, e: -2299, error: 16
#ERR  p: [642, 338], r: -2452, e: -2431, error: 17
#ERR  p: [642, 339], r: -2462, e: -2426, error: 18
#ERR  p: [642, 340], r: -2472, e: -2420, error: 19
#ERR  p: [642, 341], r: -2482, e: -2413, error: 20
#ERR  p: [642, 342], r: -2492, e: -2401, error: 21
#ERR  p: [642, 343], r: -2502, e: -2394, error: 22
#ERR  p: [642, 344], r: -2512, e: -2385, error: 23
#ERR  p: [642, 345], r: -2522, e: -2377, error: 24
#ERR  p: [642, 346], r: -2513, e: -2369, error: 25
#ERR  p: [642, 347], r: -2503, e: -2354, error: 26
#ERR  p: [642, 348], r: -2494, e: -2345, error: 27
#ERR  p: [642, 349], r: -2483, e: -2333, error: 28
#ERR  p: [642, 350], r: -2476, e: -2330, error: 29
#ERR  p: [642, 351], r: -2457, e: -2319, error: 30
#ERR  p: [642, 352], r: -2449, e: -2309, error: 31
#ERR  p: [643, 338], r: -2442, e: -2441, error: 32
#ERR  p: [643, 339], r: -2448, e: -2427, error: 33
#ERR  p: [643, 340], r: -2458, e: -2427, error: 34
#ERR  p: [643, 341], r: -2468, e: -2422, error: 35
#ERR  p: [643, 342], r: -2478, e: -2411, error: 36
#ERR  p: [643, 343], r: -2488, e: -2403, error: 37
#ERR  p: [643, 344], r: -2498, e: -2395, error: 38
#ERR  p: [643, 345], r: -2508, e: -2386, error: 39
#ERR  p: [643, 346], r: -2518, e: -2378, error: 40
#ERR  p: [643, 347], r: -2513, e: -2364, error: 41
#ERR  p: [643, 348], r: -2504, e: -2355, error: 42
#ERR  p: [643, 349], r: -2493, e: -2343, error: 43
#ERR  p: [643, 350], r: -2482, e: -2332, error: 44
#ERR  p: [643, 351], r: -2467, e: -2326, error: 45
#ERR  p: [643, 352], r: -2457, e: -2319, error: 46
#ERR  p: [644, 339], r: -2444, e: -2437, error: 47
#ERR  p: [644, 340], r: -2451, e: -2430, error: 48
#ERR  p: [644, 341], r: -2461, e: -2430, error: 49
#ERR  p: [644, 342], r: -2470, e: -2421, error: 50
#ERR  p: [644, 343], r: -2480, e: -2413, error: 51
#ERR  p: [644, 344], r: -2489, e: -2404, error: 52
#ERR  p: [644, 345], r: -2499, e: -2396, error: 53
#ERR  p: [644, 346], r: -2509, e: -2387, error: 54
#ERR  p: [644, 347], r: -2519, e: -2374, error: 55
#ERR  p: [644, 348], r: -2514, e: -2365, error: 56
#ERR  p: [644, 349], r: -2502, e: -2353, error: 57
#ERR  p: [644, 350], r: -2492, e: -2342, error: 58
#ERR  p: [644, 351], r: -2477, e: -2334, error: 59
#ERR  p: [644, 352], r: -2467, e: -2328, error: 60
#ERR  p: [645, 340], r: -2445, e: -2438, error: 61
#ERR  p: [645, 341], r: -2453, e: -2432, error: 62
#ERR  p: [645, 342], r: -2461, e: -2430, error: 63
#ERR  p: [645, 343], r: -2471, e: -2423, error: 64
#ERR  p: [645, 344], r: -2481, e: -2414, error: 65
#ERR  p: [645, 345], r: -2490, e: -2405, error: 66
#ERR  p: [645, 346], r: -2500, e: -2397, error: 67
#ERR  p: [645, 347], r: -2510, e: -2384, error: 68
#ERR  p: [645, 348], r: -2520, e: -2375, error: 69
#ERR  p: [645, 349], r: -2512, e: -2363, error: 70
#ERR  p: [645, 350], r: -2500, e: -2351, error: 71
#ERR  p: [645, 351], r: -2487, e: -2337, error: 72
#ERR  p: [645, 352], r: -2477, e: -2334, error: 73
#ERR  p: [646, 341], r: -2448, e: -2441, error: 74
#ERR  p: [646, 342], r: -2456, e: -2435, error: 75
#ERR  p: [646, 343], r: -2464, e: -2433, error: 76
#ERR  p: [646, 344], r: -2472, e: -2424, error: 77
#ERR  p: [646, 345], r: -2482, e: -2415, error: 78
#ERR  p: [646, 346], r: -2492, e: -2407, error: 79
#ERR  p: [646, 347], r: -2491, e: -2388, error: 80
#ERR  p: [646, 348], r: -2501, e: -2385, error: 81
#ERR  p: [646, 349], r: -2511, e: -2373, error: 82
#ERR  p: [646, 350], r: -2510, e: -2361, error: 83
#ERR  p: [646, 351], r: -2497, e: -2347, error: 84
#ERR  p: [646, 352], r: -2487, e: -2340, error: 85
#ERR  p: [646, 353], r: -2330, e: -2325, error: 86
#ERR  p: [647, 342], r: -2447, e: -2440, error: 87
#ERR  p: [647, 343], r: -2457, e: -2436, error: 88
#ERR  p: [647, 344], r: -2467, e: -2434, error: 89
#ERR  p: [647, 345], r: -2473, e: -2425, error: 90
#ERR  p: [647, 346], r: -2483, e: -2416, error: 91
#ERR  p: [647, 347], r: -2493, e: -2398, error: 92
#ERR  p: [647, 348], r: -2494, e: -2391, error: 93
#ERR  p: [647, 349], r: -2504, e: -2383, error: 94
#ERR  p: [647, 350], r: -2505, e: -2367, error: 95
#ERR  p: [647, 351], r: -2507, e: -2357, error: 96
#ERR  p: [647, 352], r: -2497, e: -2349, error: 97
#ERR  p: [647, 353], r: -2340, e: -2335, error: 98
#ERR  p: [648, 343], r: -2451, e: -2444, error: 99
#ERR  p: [648, 344], r: -2454, e: -2433, error: 100
#ERR  p: [648, 345], r: -2464, e: -2435, error: 101
#ERR  p: [648, 346], r: -2474, e: -2426, error: 102
#ERR  p: [648, 347], r: -2484, e: -2408, error: 103
#ERR  p: [648, 348], r: -2489, e: -2394, error: 104
#ERR  p: [648, 349], r: -2497, e: -2393, error: 105
#ERR  p: [648, 350], r: -2507, e: -2377, error: 106
#ERR  p: [648, 351], r: -2508, e: -2367, error: 107
#ERR  p: [648, 352], r: -2507, e: -2359, error: 108
#ERR  p: [648, 353], r: -2350, e: -2345, error: 109
#ERR  p: [649, 344], r: -2452, e: -2443, error: 110
#ERR  p: [649, 345], r: -2456, e: -2435, error: 111
#ERR  p: [649, 346], r: -2465, e: -2436, error: 112
#ERR  p: [649, 347], r: -2475, e: -2418, error: 113
#ERR  p: [649, 348], r: -2484, e: -2404, error: 114
#ERR  p: [649, 349], r: -2488, e: -2393, error: 115
#ERR  p: [649, 350], r: -2498, e: -2387, error: 116
#ERR  p: [649, 351], r: -2508, e: -2377, error: 117
#ERR  p: [649, 352], r: -2511, e: -2369, error: 118
#ERR  p: [649, 353], r: -2360, e: -2355, error: 119
#ERR  p: [649, 354], r: -2348, e: -2344, error: 120
#ERR  p: [650, 345], r: -2454, e: -2445, error: 121
#ERR  p: [650, 346], r: -2457, e: -2436, error: 122
#ERR  p: [650, 347], r: -2467, e: -2428, error: 123
#ERR  p: [650, 348], r: -2477, e: -2414, error: 124
#ERR  p: [650, 349], r: -2486, e: -2403, error: 125
#ERR  p: [650, 350], r: -2489, e: -2394, error: 126
#ERR  p: [650, 351], r: -2498, e: -2387, error: 127
#ERR  p: [650, 352], r: -2508, e: -2377, error: 128
#ERR  p: [650, 353], r: -2370, e: -2365, error: 129
#ERR  p: [650, 354], r: -2358, e: -2354, error: 130
#ERR  p: [650, 355], r: -2349, e: -2346, error: 131
#ERR  p: [651, 346], r: -2454, e: -2445, error: 132
#ERR  p: [651, 347], r: -2457, e: -2436, error: 133
#ERR  p: [651, 348], r: -2467, e: -2424, error: 134
#ERR  p: [651, 349], r: -2477, e: -2413, error: 135
#ERR  p: [651, 350], r: -2487, e: -2404, error: 136
#ERR  p: [651, 351], r: -2490, e: -2395, error: 137
#ERR  p: [651, 352], r: -2499, e: -2387, error: 138
#ERR  p: [651, 353], r: -2380, e: -2375, error: 139
#ERR  p: [651, 354], r: -2368, e: -2364, error: 140
#ERR  p: [651, 355], r: -2359, e: -2355, error: 141
#ERR  p: [652, 347], r: -2454, e: -2445, error: 142
#ERR  p: [652, 348], r: -2458, e: -2434, error: 143
#ERR  p: [652, 349], r: -2468, e: -2423, error: 144
#ERR  p: [652, 350], r: -2478, e: -2414, error: 145
#ERR  p: [652, 351], r: -2488, e: -2405, error: 146
#ERR  p: [652, 352], r: -2491, e: -2396, error: 147
#ERR  p: [652, 353], r: -2390, e: -2385, error: 148
#ERR  p: [652, 354], r: -2378, e: -2374, error: 149
#ERR  p: [652, 355], r: -2369, e: -2365, error: 150
#ERR  p: [652, 356], r: -2356, e: -2355, error: 151
#ERR  p: [653, 348], r: -2457, e: -2444, error: 152
#ERR  p: [653, 349], r: -2462, e: -2433, error: 153
#ERR  p: [653, 350], r: -2462, e: -2417, error: 154
#ERR  p: [653, 351], r: -2472, e: -2412, error: 155
#ERR  p: [653, 352], r: -2482, e: -2406, error: 156
#ERR  p: [653, 353], r: -2400, e: -2395, error: 157
#ERR  p: [653, 354], r: -2388, e: -2384, error: 158
#ERR  p: [653, 355], r: -2379, e: -2375, error: 159
#ERR  p: [653, 356], r: -2366, e: -2365, error: 160
#ERR  p: [654, 348], r: -2459, e: -2454, error: 161
#ERR  p: [654, 349], r: -2461, e: -2443, error: 162
#ERR  p: [654, 350], r: -2466, e: -2427, error: 163
#ERR  p: [654, 351], r: -2466, e: -2421, error: 164
#ERR  p: [654, 352], r: -2476, e: -2416, error: 165
#ERR  p: [654, 353], r: -2410, e: -2405, error: 166
#ERR  p: [654, 354], r: -2398, e: -2394, error: 167
#ERR  p: [654, 355], r: -2389, e: -2385, error: 168
#ERR  p: [654, 356], r: -2376, e: -2375, error: 169
#ERR  p: [655, 348], r: -2467, e: -2464, error: 170
#ERR  p: [655, 349], r: -2461, e: -2453, error: 171
#ERR  p: [655, 350], r: -2462, e: -2437, error: 172
#ERR  p: [655, 351], r: -2468, e: -2429, error: 173
#ERR  p: [655, 352], r: -2468, e: -2423, error: 174
#ERR  p: [655, 353], r: -2420, e: -2415, error: 175
#ERR  p: [655, 354], r: -2408, e: -2404, error: 176
#ERR  p: [655, 355], r: -2399, e: -2395, error: 177
#ERR  p: [655, 356], r: -2386, e: -2385, error: 178
#ERR  p: [656, 349], r: -2470, e: -2463, error: 179
#ERR  p: [656, 350], r: -2464, e: -2447, error: 180
#ERR  p: [656, 351], r: -2465, e: -2439, error: 181
#ERR  p: [656, 352], r: -2471, e: -2432, error: 182
#ERR  p: [656, 353], r: -2430, e: -2424, error: 183
#ERR  p: [656, 354], r: -2418, e: -2414, error: 184
#ERR  p: [656, 355], r: -2409, e: -2405, error: 185
#ERR  p: [656, 356], r: -2396, e: -2392, error: 186
#ERR  p: [657, 350], r: -2471, e: -2457, error: 187
#ERR  p: [657, 351], r: -2465, e: -2448, error: 188
#ERR  p: [657, 352], r: -2466, e: -2440, error: 189
#ERR  p: [657, 353], r: -2440, e: -2433, error: 190
#ERR  p: [657, 354], r: -2428, e: -2424, error: 191
#ERR  p: [657, 355], r: -2419, e: -2415, error: 192
#ERR  p: [657, 356], r: -2406, e: -2402, error: 193
#ERR  p: [658, 351], r: -2469, e: -2455, error: 194
#ERR  p: [658, 352], r: -2467, e: -2450, error: 195
#ERR  p: [658, 353], r: -2450, e: -2443, error: 196
#ERR  p: [658, 354], r: -2438, e: -2434, error: 197
#ERR  p: [658, 355], r: -2429, e: -2425, error: 198
#ERR  p: [658, 356], r: -2416, e: -2412, error: 199
#ERR  p: [659, 352], r: -2470, e: -2456, error: 200
#ERR  p: [659, 353], r: -2460, e: -2451, error: 201
#ERR  p: [659, 354], r: -2448, e: -2444, error: 202
#ERR  p: [659, 355], r: -2439, e: -2435, error: 203
#ERR  p: [659, 356], r: -2426, e: -2422, error: 204
#ERR  p: [660, 353], r: -2470, e: -2460, error: 205
#ERR  p: [660, 354], r: -2458, e: -2454, error: 206
#ERR  p: [660, 355], r: -2449, e: -2445, error: 207
#ERR  p: [660, 356], r: -2436, e: -2432, error: 208
#ERR  p: [661, 354], r: -2468, e: -2462, error: 209
#ERR  p: [661, 355], r: -2459, e: -2455, error: 210
#ERR  p: [661, 356], r: -2446, e: -2442, error: 211
#ERR  p: [662, 355], r: -2469, e: -2464, error: 212
#ERR  p: [662, 356], r: -2456, e: -2452, error: 213
#ERR  p: [663, 356], r: -2466, e: -2462, error: 214
#ERR  p: [664, 356], r: -2474, e: -2472, error: 215
#ERR  p: [664, 357], r: -2460, e: -2459, error: 216
#ERR  p: [665, 356], r: -2484, e: -2482, error: 217
#ERR  p: [665, 357], r: -2470, e: -2469, error: 218
#ERR  p: [666, 357], r: -2480, e: -2479, error: 219
#ERR  p: [667, 358], r: -2479, e: -2478, error: 220
#ERR  p: [668, 358], r: -2489, e: -2488, error: 221
#SDC Ite:0 KerTime:0.294393 AccTime:0.294393 KerErr:221 AccErr:221
#END