#HEADER size:1048576
#BEGIN Y:2016 M:09 D:13 Time:17:03:05
#IT Ite:0 KerTime:3.944140 AccTime:3.944140
#ERR The histogram from element 782486372 differs. srcHist=1 dstHist=2

#ERR The histogram from element 782489375 differs. srcHist=1 dstHist=2

#ERR The histogram from element 782491090 differs. srcHist=1 dstHist=2

#ERR The histogram from element 782496217 differs. srcHist=1 dstHist=2

#ERR The histogram from element 782503790 differs. srcHist=1 dstHist=2

#ERR The histogram from element 782518366 differs. srcHist=1 dstHist=2

#ERR The histogram from element 782518571 differs. srcHist=1 dstHist=2

#ERR The histogram from element 782531148 differs. srcHist=1 dstHist=2

#ERR The histogram from element 782536995 differs. srcHist=1 dstHist=2

#ERR The histogram from element 782544796 differs. srcHist=1 dstHist=2

#ERR The histogram from element 782564096 differs. srcHist=1 dstHist=2

#ERR The histogram from element 782579827 differs. srcHist=1 dstHist=2

#ERR The histogram from element 782595508 differs. srcHist=1 dstHist=2

#ERR The histogram from element 782595777 differs. srcHist=1 dstHist=2

#ERR The histogram from element 782596182 differs. srcHist=1 dstHist=2

#ERR The histogram from element 782603210 differs. srcHist=1 dstHist=2

#ERR The histogram from element 782606022 differs. srcHist=1 dstHist=2

#ERR The histogram from element 782606191 differs. srcHist=1 dstHist=2

#ERR The histogram from element 782611214 differs. srcHist=1 dstHist=2

#ERR The histogram from element 782613991 differs. srcHist=1 dstHist=2

#ERR The histogram from element 782615456 differs. srcHist=1 dstHist=2

#ERR The histogram from element 782618838 differs. srcHist=1 dstHist=2

#ERR The histogram from element 782630682 differs. srcHist=1 dstHist=2

#ERR The histogram from element 782636970 differs. srcHist=1 dstHist=2

#ERR The histogram from element 782637846 differs. srcHist=1 dstHist=2

#ERR The histogram from element 782642306 differs. srcHist=1 dstHist=2

#ERR The histogram from element 782647213 differs. srcHist=1 dstHist=2

#ERR The histogram from element 782658687 differs. srcHist=1 dstHist=3

#ERR The histogram from element 782661407 differs. srcHist=1 dstHist=2

#ERR The histogram from element 782667741 differs. srcHist=1 dstHist=2

#ERR The histogram from element 782671065 differs. srcHist=1 dstHist=2

#ERR The histogram from element 783235235 differs. srcHist=1 dstHist=0

#ERR The histogram from element 784389086 differs. srcHist=1 dstHist=2

#ERR The histogram from element 784402550 differs. srcHist=1 dstHist=0

#ERR The histogram from element 784406122 differs. srcHist=1 dstHist=0

#ERR The histogram from element 784408380 differs. srcHist=1 dstHist=0

#ERR The histogram from element 784409472 differs. srcHist=1 dstHist=0

#ERR The histogram from element 784410729 differs. srcHist=1 dstHist=0

#ERR The histogram from element 784413374 differs. srcHist=1 dstHist=0

#ERR The histogram from element 784415573 differs. srcHist=1 dstHist=0

#ERR The histogram from element 784418507 differs. srcHist=1 dstHist=0

#ERR The histogram from element 784419052 differs. srcHist=1 dstHist=0

#ERR The histogram from element 784435748 differs. srcHist=1 dstHist=0

#ERR The histogram from element 784441536 differs. srcHist=1 dstHist=0

#ERR The histogram from element 784443234 differs. srcHist=1 dstHist=0

#ERR The histogram from element 784443714 differs. srcHist=1 dstHist=0

#ERR The histogram from element 784443975 differs. srcHist=1 dstHist=0

#ERR The histogram from element 784451788 differs. srcHist=1 dstHist=0

#ERR The histogram from element 784452622 differs. srcHist=1 dstHist=0

#ERR The histogram from element 784452763 differs. srcHist=1 dstHist=0

#ERR The histogram from element 784460386 differs. srcHist=1 dstHist=0

#ERR The histogram from element 784462497 differs. srcHist=1 dstHist=0

#ERR The histogram from element 784464535 differs. srcHist=1 dstHist=0

#ERR The histogram from element 784497940 differs. srcHist=1 dstHist=0

#ERR The histogram from element 784500163 differs. srcHist=1 dstHist=2

#ERR The histogram from element 784501266 differs. srcHist=1 dstHist=2

#ERR The histogram from element 784502022 differs. srcHist=1 dstHist=2

#ERR The histogram from element 784513599 differs. srcHist=1 dstHist=2

#ERR The histogram from element 784514331 differs. srcHist=1 dstHist=2

#ERR The histogram from element 784514852 differs. srcHist=1 dstHist=2

#ERR The histogram from element 784517532 differs. srcHist=1 dstHist=2

#ERR The histogram from element 784517606 differs. srcHist=1 dstHist=2

#ERR The histogram from element 784528704 differs. srcHist=1 dstHist=2

#ERR The histogram from element 784529791 differs. srcHist=1 dstHist=2

#ERR The histogram from element 784531329 differs. srcHist=1 dstHist=2

#ERR The histogram from element 784538246 differs. srcHist=1 dstHist=2

#ERR The histogram from element 784540267 differs. srcHist=1 dstHist=2

#ERR The histogram from element 784545525 differs. srcHist=1 dstHist=2

#ERR The histogram from element 784546518 differs. srcHist=1 dstHist=2

#ERR The histogram from element 784550377 differs. srcHist=1 dstHist=2

#ERR The histogram from element 784553191 differs. srcHist=1 dstHist=2

#ERR The histogram from element 784560524 differs. srcHist=1 dstHist=2

#ERR The histogram from element 784573408 differs. srcHist=1 dstHist=2

#ERR The histogram from element 784585319 differs. srcHist=1 dstHist=2

#ERR The histogram from element 785158735 differs. srcHist=1 dstHist=0

#ERR The histogram from element 785255323 differs. srcHist=1 dstHist=0

#ERR The histogram from element 785262694 differs. srcHist=1 dstHist=0

#ERR The histogram from element 785278027 differs. srcHist=1 dstHist=0

#ERR The histogram from element 785281692 differs. srcHist=1 dstHist=0

#ERR The histogram from element 785302575 differs. srcHist=1 dstHist=0

#ERR The histogram from element 785320217 differs. srcHist=1 dstHist=0

#ERR The histogram from element 785320504 differs. srcHist=1 dstHist=0

#ERR The histogram from element 785322982 differs. srcHist=1 dstHist=0

#ERR The histogram from element 785351232 differs. srcHist=1 dstHist=0

#ERR The histogram from element 785352732 differs. srcHist=1 dstHist=0

#ERR The histogram from element 785364083 differs. srcHist=1 dstHist=0

#ERR The histogram from element 785367425 differs. srcHist=1 dstHist=0

#ERR The histogram from element 785390866 differs. srcHist=1 dstHist=0

#ERR The histogram from element 785397774 differs. srcHist=1 dstHist=0

#ERR The histogram from element 785406162 differs. srcHist=1 dstHist=0

#ERR The histogram from element 785410084 differs. srcHist=1 dstHist=0

#ERR The histogram from element 785432577 differs. srcHist=1 dstHist=0

#ERR The histogram from element 785447889 differs. srcHist=1 dstHist=0

#ERR The histogram from element 785514800 differs. srcHist=1 dstHist=0

#ERR The histogram from element 785535543 differs. srcHist=1 dstHist=0

#ERR The histogram from element 785535956 differs. srcHist=1 dstHist=0

#ERR The histogram from element 785538294 differs. srcHist=1 dstHist=0

#ERR The histogram from element 785540279 differs. srcHist=1 dstHist=0

#ERR The histogram from element 785541802 differs. srcHist=1 dstHist=2

#ERR The histogram from element 785542501 differs. srcHist=1 dstHist=0

#ERR The histogram from element 785551464 differs. srcHist=1 dstHist=0

#ERR The histogram from element 785552512 differs. srcHist=1 dstHist=0

#ERR The histogram from element 785568949 differs. srcHist=1 dstHist=0

#ERR The histogram from element 785574130 differs. srcHist=1 dstHist=0

#ERR The histogram from element 785577951 differs. srcHist=1 dstHist=0

#ERR The histogram from element 785579865 differs. srcHist=1 dstHist=0

#ERR The histogram from element 785591472 differs. srcHist=1 dstHist=0

#ERR Elements not ordered. index=382416 784573408>784560524
#ERR Elements not ordered. index=382417 784560524>784553191
#ERR Elements not ordered. index=382418 784553191>784546518
#ERR Elements not ordered. index=382419 784546518>784538246
#ERR Elements not ordered. index=382421 784585319>784550377
#ERR Elements not ordered. index=382422 784550377>784545525
#ERR Elements not ordered. index=382423 784545525>784540267
#ERR Elements not ordered. index=382424 784540267>784531329
#ERR Elements not ordered. index=382425 784531329>784528704
#ERR Elements not ordered. index=382426 784528704>784517532
#ERR Elements not ordered. index=382427 784517532>784514331
#ERR Elements not ordered. index=382429 784529791>784514852
#ERR Elements not ordered. index=382430 784514852>784513599
#ERR Elements not ordered. index=382431 784513599>781475693
#ERR Elements not ordered. index=382433 784517606>784502022
#ERR Elements not ordered. index=382434 784502022>784501266
#ERR Elements not ordered. index=382435 784501266>784500163
#ERR Elements not ordered. index=382436 784500163>781518630
#ERR Elements not ordered. index=382441 781529915>781529743
#ERR Elements not ordered. index=382447 781545451>781532449
#ERR Elements not ordered. index=382451 781552143>781546846
#ERR Elements not ordered. index=382455 781568375>781554994
#ERR Elements not ordered. index=382463 781588255>781582576
#ERR Elements not ordered. index=382465 781594331>781593064
#ERR Elements not ordered. index=382467 781610281>781601495
#ERR Elements not ordered. index=382471 781618193>781616661
#ERR Elements not ordered. index=382479 781708114>781474816
#ERR Elements not ordered. index=382491 781645949>781604359
#ERR Elements not ordered. index=382493 781658874>781654109
#ERR Elements not ordered. index=382495 781681810>781627531
#ERR Elements not ordered. index=382507 781670074>781667459
#ERR Elements not ordered. index=382509 781678379>781675094
#ERR Elements not ordered. index=382511 781693963>781637904
#ERR Elements not ordered. index=382519 781732123>781687869
#ERR Elements not ordered. index=382523 781865686>781764125
#ERR Elements not ordered. index=382527 782006593>781737695
#ERR Elements not ordered. index=382539 782062967>782050201
#ERR Elements not ordered. index=382541 782074189>782058367
#ERR Elements not ordered. index=382543 782122168>781685072
#ERR Elements not ordered. index=382551 781778984>781756327
#ERR Elements not ordered. index=382555 781786690>781784615
#ERR Elements not ordered. index=382567 781909763>781871839
#ERR Elements not ordered. index=382571 781920874>781920744
#ERR Elements not ordered. index=382583 782052340>781992938
#ERR Elements not ordered. index=382585 782065198>782053837
#ERR Elements not ordered. index=382599 782109767>782108756
#ERR Elements not ordered. index=382607 782119121>781906112
#ERR Elements not ordered. index=382611 781941023>781932011
#ERR Elements not ordered. index=382615 781960244>781948774
#ERR Elements not ordered. index=382619 781972706>781967118
#ERR Elements not ordered. index=382623 782039829>781976523
#ERR Elements not ordered. index=382631 782021161>782011719
#ERR Elements not ordered. index=382635 782033672>782032148
#ERR Elements not ordered. index=382655 782547215>782334966
#ERR Elements not ordered. index=382663 782605637>782530444
#ERR Elements not ordered. index=382667 782603870>782588619
#ERR Elements not ordered. index=382671 782664816>781478439
#ERR Elements not ordered. index=382675 782060143>782054439
#ERR Elements not ordered. index=382683 782129888>782117801
#ERR Elements not ordered. index=382687 782133992>782061157
#ERR Elements not ordered. index=382689 782127773>782124373
#ERR Elements not ordered. index=382695 782181430>782151278
#ERR Elements not ordered. index=382699 782178380>782167882
#ERR Elements not ordered. index=382701 782189631>782183284
#ERR Elements not ordered. index=382703 782197293>782131602
#ERR Elements not ordered. index=382723 782195840>782190313
#ERR Elements not ordered. index=382729 782258114>782255482
#ERR Elements not ordered. index=382731 782285186>782259442
#ERR Elements not ordered. index=382735 782334101>782148306
#ERR Elements not ordered. index=382743 782224036>782205847
#ERR Elements not ordered. index=382747 782234402>782228513
#ERR Elements not ordered. index=382753 782239010>782238695
#ERR Elements not ordered. index=382759 782270227>782245775
#ERR Elements not ordered. index=382763 782276282>782264420
#ERR Elements not ordered. index=382767 782291458>782276661
#ERR Elements not ordered. index=382787 782352557>782336137
#ERR Elements not ordered. index=382791 782367461>782351414
#ERR Elements not ordered. index=382793 782361742>782356891
#ERR Elements not ordered. index=382795 782368546>782363780
#ERR Elements not ordered. index=382799 782484347>782147849
#ERR Elements not ordered. index=382807 782396091>782384630
#ERR Elements not ordered. index=382815 782407346>782404541
#ERR Elements not ordered. index=382817 782409458>782408611
#ERR Elements not ordered. index=382831 782426222>782403341
#ERR Elements not ordered. index=382839 782440221>782432193
#ERR Elements not ordered. index=382847 782468032>782442997
#ERR Elements not ordered. index=382853 782469265>782468517
#ERR Elements not ordered. index=382855 782475249>782469702
#ERR Elements not ordered. index=382861 782482211>782481749
#ERR Elements not ordered. index=382863 782490994>782486372
#ERR Elements not ordered. index=382883 782615456>782613991
#ERR Elements not ordered. index=382887 782637846>782636970
#ERR Elements not ordered. index=382889 782647213>782642306
#ERR Elements not ordered. index=382895 782671065>782486372
#ERR Elements not ordered. index=382915 782615456>782613991
#ERR Elements not ordered. index=382919 782637846>782636970
#ERR Elements not ordered. index=382921 782647213>782642306
#ERR Elements not ordered. index=382927 782770784>781682396
#ERR Elements not ordered. index=382935 781738614>781737969
#ERR Elements not ordered. index=382939 781753858>781752757
#ERR Elements not ordered. index=382941 781761385>781756459
#ERR Elements not ordered. index=382967 782630295>782597296
#ERR Elements not ordered. index=382971 782655211>782648604
#ERR Elements not ordered. index=382975 782669414>782622119
#ERR Elements not ordered. index=382983 782821533>782704170
#ERR Elements not ordered. index=382991 782861026>781855205
#ERR Elements not ordered. index=383025 782835132>782829192
#ERR Elements not ordered. index=383027 782844129>782837286
#ERR Elements not ordered. index=383031 782860281>782853162
#ERR Elements not ordered. index=383055 782984094>782496391
#ERR Elements not ordered. index=383071 782741010>782693686
#ERR Elements not ordered. index=383075 782757738>782741012
#ERR Elements not ordered. index=383089 782868114>782865866
#ERR Elements not ordered. index=383105 782933241>782933053
#ERR Elements not ordered. index=383107 782937911>782934363
#ERR Elements not ordered. index=383109 782949634>782940246
#ERR Elements not ordered. index=383111 782952061>782951214
#ERR Elements not ordered. index=383113 782959572>782952647
#ERR Elements not ordered. index=383115 782966257>782964991
#ERR Elements not ordered. index=383119 782986903>782772614
#ERR Elements not ordered. index=383123 782988697>782986436
#ERR Elements not ordered. index=383127 782999711>782989041
#ERR Elements not ordered. index=383135 783041612>783027887
#ERR Elements not ordered. index=383139 783050941>783046467
#ERR Elements not ordered. index=383143 783063603>783061053
#ERR Elements not ordered. index=383151 783090138>782990014
#ERR Elements not ordered. index=383153 782997502>782995953
#ERR Elements not ordered. index=383159 783040158>783028193
#ERR Elements not ordered. index=383167 783081817>783070452
#ERR Elements not ordered. index=383171 783122901>783101719
#ERR Elements not ordered. index=383175 783171344>783127406
#ERR Elements not ordered. index=383179 783220744>783171521
#ERR Elements not ordered. index=383183 783474252>782491165
#ERR Elements not ordered. index=383189 782549678>782539765
#ERR Elements not ordered. index=383199 782680744>782562425
#ERR Elements not ordered. index=383207 782734206>782690130
#ERR Elements not ordered. index=383223 783174801>783136461
#ERR Elements not ordered. index=383227 783219626>783196516
#ERR Elements not ordered. index=383229 783212731>783212402
#ERR Elements not ordered. index=383235 783241128>783236826
#ERR Elements not ordered. index=383239 783253423>783242185
#ERR Elements not ordered. index=383243 783262364>783255923
#ERR Elements not ordered. index=383247 783266867>782736898
#ERR Elements not ordered. index=383251 782793919>782777618
#ERR Elements not ordered. index=383255 782843503>782798441
#ERR Elements not ordered. index=383263 782864102>782782769
#ERR Elements not ordered. index=383271 782989968>782895868
#ERR Elements not ordered. index=383283 783254320>783236701
#ERR Elements not ordered. index=383287 783282856>783262477
#ERR Elements not ordered. index=383291 783270090>783267997
#ERR Elements not ordered. index=383299 783334018>783320836
#ERR Elements not ordered. index=383301 783349214>783335237
#ERR Elements not ordered. index=383303 783356659>783338000
#ERR Elements not ordered. index=383305 783356880>783356275
#ERR Elements not ordered. index=383309 783381811>783373373
#ERR Elements not ordered. index=383311 783390392>783062336
#ERR Elements not ordered. index=383315 783073741>783068301
#ERR Elements not ordered. index=383319 783107077>783074761
#ERR Elements not ordered. index=383323 783114318>783094368
#ERR Elements not ordered. index=383327 783148375>783118995
#ERR Elements not ordered. index=383335 783160022>783159092
#ERR Elements not ordered. index=383341 783184251>783180309
#ERR Elements not ordered. index=383349 783295540>783292986
#ERR Elements not ordered. index=383351 783301998>783301079
#ERR Elements not ordered. index=383367 783441477>783420087
#ERR Elements not ordered. index=383369 783443111>783439192
#ERR Elements not ordered. index=383371 783444277>783443774
#ERR Elements not ordered. index=383373 783450462>783449258
#ERR Elements not ordered. index=383375 783451681>783187493
#ERR Elements not ordered. index=383385 783359254>783354836
#ERR Elements not ordered. index=383391 783387388>783314780
#ERR Elements not ordered. index=383399 783383746>783366364
#ERR Elements not ordered. index=383415 783473336>783469352
#ERR Elements not ordered. index=383417 783483658>783481164
#ERR Elements not ordered. index=383421 783488698>783488584
#ERR Elements not ordered. index=383423 783494964>783492506
#ERR Elements not ordered. index=383427 783507618>783504372
#ERR Elements not ordered. index=383439 783738279>783391132
#ERR Elements not ordered. index=383443 783411114>783398544
#ERR Elements not ordered. index=383447 783440718>783414542
#ERR Elements not ordered. index=383455 783502442>783422756
#ERR Elements not ordered. index=383459 783541820>783483862
#ERR Elements not ordered. index=383463 783557293>783533396
#ERR Elements not ordered. index=383465 783550463>783545833
#ERR Elements not ordered. index=383467 783556684>783556180
#ERR Elements not ordered. index=383471 783585766>783524722
#ERR Elements not ordered. index=383477 783540883>783535557
#ERR Elements not ordered. index=383479 783546793>783543433
#ERR Elements not ordered. index=383485 783561490>783560112
#ERR Elements not ordered. index=383487 783577072>783562318
#ERR Elements not ordered. index=383491 783586121>783573930
#ERR Elements not ordered. index=383503 783620505>783578658
#ERR Elements not ordered. index=383511 783606481>783596217
#ERR Elements not ordered. index=383519 783658287>783641065
#ERR Elements not ordered. index=383527 783679356>783660467
#ERR Elements not ordered. index=383531 783751886>783743002
#ERR Elements not ordered. index=383535 783929715>783682619
#ERR Elements not ordered. index=383543 783723309>783693521
#ERR Elements not ordered. index=383545 783724394>783724080
#ERR Elements not ordered. index=383551 783763956>783742715
#ERR Elements not ordered. index=383559 783788370>783764800
#ERR Elements not ordered. index=383567 784059469>783558944
#ERR Elements not ordered. index=383571 783641650>783586931
#ERR Elements not ordered. index=383575 783670003>783613103
#ERR Elements not ordered. index=383579 783661335>783659626
#ERR Elements not ordered. index=383583 783794476>783647630
#ERR Elements not ordered. index=383587 783707394>783691476
#ERR Elements not ordered. index=383591 783769375>783715385
#ERR Elements not ordered. index=383599 783924064>783795741
#ERR Elements not ordered. index=383623 783923944>783912719
#ERR Elements not ordered. index=383631 783987014>783846213
#ERR Elements not ordered. index=383647 783985850>783951071
#ERR Elements not ordered. index=383649 783957095>783953104
#ERR Elements not ordered. index=383651 783979107>783971621
#ERR Elements not ordered. index=383655 784002718>783992072
#ERR Elements not ordered. index=383663 784066234>784002772
#ERR Elements not ordered. index=383669 784021884>784016679
#ERR Elements not ordered. index=383671 784064286>784021710
#ERR Elements not ordered. index=383673 784026823>784023098
#ERR Elements not ordered. index=383679 784142615>784051500
#ERR Elements not ordered. index=383681 784065576>784063327
#ERR Elements not ordered. index=383685 784094608>784088421
#ERR Elements not ordered. index=383687 784116918>784084484
#ERR Elements not ordered. index=383689 784092152>784086535
#ERR Elements not ordered. index=383695 784582154>783732409
#ERR Elements not ordered. index=383735 784161078>784160987
#ERR Elements not ordered. index=383739 784184575>784172171
#ERR Elements not ordered. index=383743 784223569>784189526
#ERR Elements not ordered. index=383751 784236597>784231728
#ERR Elements not ordered. index=383759 784249824>784243425
#ERR Elements not ordered. index=383763 784257072>784256656
#ERR Elements not ordered. index=383767 784273568>784260797
#ERR Elements not ordered. index=383771 784283273>784264775
#ERR Elements not ordered. index=383775 784288226>784278607
#ERR Elements not ordered. index=383779 784287718>784286675
#ERR Elements not ordered. index=383783 784298155>784289152
#ERR Elements not ordered. index=383791 784361088>784308417
#ERR Elements not ordered. index=383797 784320542>784318523
#ERR Elements not ordered. index=383803 784344227>784332090
#ERR Elements not ordered. index=383807 784363104>784341129
#ERR Elements not ordered. index=383815 784386049>784352984
#ERR Elements not ordered. index=383817 784369729>784368013
#ERR Elements not ordered. index=383819 784377649>784375016
#ERR Elements not ordered. index=383823 784405466>784095290
#ERR Elements not ordered. index=383831 784149406>784130629
#ERR Elements not ordered. index=383835 784156166>784151117
#ERR Elements not ordered. index=383841 784185566>784184146
#ERR Elements not ordered. index=383843 784196785>784186356
#ERR Elements not ordered. index=383847 784200109>784186125
#ERR Elements not ordered. index=383859 784410467>784409496
#ERR Elements not ordered. index=383867 784449801>784423998
#ERR Elements not ordered. index=383871 784477698>784448575
#ERR Elements not ordered. index=383875 784490543>784481017
#ERR Elements not ordered. index=383877 784482319>784481264
#ERR Elements not ordered. index=383879 784498225>784483435
#ERR Elements not ordered. index=383887 784507626>781458761
#ERR Elements not ordered. index=383911 784393920>784388443
#ERR Elements not ordered. index=383913 784396012>784393038
#ERR Elements not ordered. index=383914 784393038>784389086
#ERR Elements not ordered. index=383923 784514331>784513599
#ERR Elements not ordered. index=383927 784529791>784517532
#ERR Elements not ordered. index=383935 784585319>784546518
#ERR Elements not ordered. index=383943 784632716>784584711
#ERR Elements not ordered. index=383947 784605509>784596463
#ERR Elements not ordered. index=383951 785512716>784548159
#ERR Elements not ordered. index=383959 784615471>784566642
#ERR Elements not ordered. index=383963 784626607>784618366
#ERR Elements not ordered. index=383969 784640258>784637841
#ERR Elements not ordered. index=383971 784654473>784645695
#ERR Elements not ordered. index=383983 784692436>784606998
#ERR Elements not ordered. index=383993 784676993>784675524
#ERR Elements not ordered. index=383995 784684850>784680299
#ERR Elements not ordered. index=384015 784793138>784692908
#ERR Elements not ordered. index=384019 784706889>784701079
#ERR Elements not ordered. index=384031 784756205>784751183
#ERR Elements not ordered. index=384035 784763437>784759191
#ERR Elements not ordered. index=384039 784772385>784772254
#ERR Elements not ordered. index=384043 784810844>784797052
#ERR Elements not ordered. index=384055 784835439>784830281
#ERR Elements not ordered. index=384061 784838193>784837944
#ERR Elements not ordered. index=384071 784854609>784850883
#ERR Elements not ordered. index=384075 784867369>784859417
#ERR Elements not ordered. index=384079 784902121>784811165
#ERR Elements not ordered. index=384103 784923529>784922122
#ERR Elements not ordered. index=384105 784927845>784924386
#ERR Elements not ordered. index=384107 784944654>784930217
#ERR Elements not ordered. index=384111 784945742>784867672
#ERR Elements not ordered. index=384117 784896397>784895238
#ERR Elements not ordered. index=384119 784909269>784897420
#ERR Elements not ordered. index=384127 785009806>784939485
#ERR Elements not ordered. index=384129 784955767>784949502
#ERR Elements not ordered. index=384131 784981593>784951694
#ERR Elements not ordered. index=384133 785029711>784984134
#ERR Elements not ordered. index=384135 785032143>784986007
#ERR Elements not ordered. index=384139 785052008>785037106
#ERR Elements not ordered. index=384143 785060777>784949190
#ERR Elements not ordered. index=384175 785052919>785049339
#ERR Elements not ordered. index=384177 785058300>785057768
#ERR Elements not ordered. index=384179 785068294>785053174
#ERR Elements not ordered. index=384181 785063242>785062100
#ERR Elements not ordered. index=384183 785070046>785062195
#ERR Elements not ordered. index=384187 785071617>785069556
#ERR Elements not ordered. index=384191 785072509>785070715
#ERR Elements not ordered. index=384195 785076057>785075822
#ERR Elements not ordered. index=384199 785080288>785079233
#ERR Elements not ordered. index=384203 785084777>785081468
#ERR Elements not ordered. index=384207 785087030>785086421
#ERR Elements not ordered. index=384209 785091151>785087939
#ERR Elements not ordered. index=384211 785099022>785094079
#ERR Elements not ordered. index=384215 785102589>785100424
#ERR Elements not ordered. index=384219 785108601>785105467
#ERR Elements not ordered. index=384223 785133584>785114510
#ERR Elements not ordered. index=384231 785137234>785134366
#ERR Elements not ordered. index=384239 785166600>785140029
#ERR Elements not ordered. index=384251 785209851>785208728
#ERR Elements not ordered. index=384255 785224020>785222722
#ERR Elements not ordered. index=384271 785263389>785163495
#ERR Elements not ordered. index=384275 785186049>785177260
#ERR Elements not ordered. index=384285 785245243>785243115
#ERR Elements not ordered. index=384287 785276860>785243818
#ERR Elements not ordered. index=384289 785256772>785249660
#ERR Elements not ordered. index=384297 785293519>785289267
#ERR Elements not ordered. index=384299 785308351>785305942
#ERR Elements not ordered. index=384301 785344497>785319409
#ERR Elements not ordered. index=384303 785358912>785264014
#ERR Elements not ordered. index=384305 785282487>785280453
#ERR Elements not ordered. index=384319 785331086>785326325
#ERR Elements not ordered. index=384323 785351862>785342640
#ERR Elements not ordered. index=384335 785429338>785381162
#ERR Elements not ordered. index=384339 785405690>785402296
#ERR Elements not ordered. index=384341 785406902>785406679
#ERR Elements not ordered. index=384343 785429052>785407089
#ERR Elements not ordered. index=384351 785500444>785441565
#ERR Elements not ordered. index=384359 785469099>785456846
#ERR Elements not ordered. index=384367 785515110>785478484
#ERR Elements not ordered. index=384373 785524329>785517048
#ERR Elements not ordered. index=384375 785529211>785511792
#ERR Elements not ordered. index=384379 785531346>785531055
#ERR Elements not ordered. index=384383 785541802>785533288
#ERR Elements not ordered. index=384391 785570117>785544515
#ERR Elements not ordered. index=384399 785601987>785571959
#SDC Ite:0 KerTime:3.944140 AccTime:3.944140 KerErr:448 AccErr:448
#END