#HEADER size:1048576
#BEGIN Y:2016 M:09 D:13 Time:19:39:57
#IT Ite:0 KerTime:0.237020 AccTime:0.237020
#ERR The histogram from element 1787691635 differs. srcHist=1 dstHist=0

#ERR The histogram from element 833482533 differs. srcHist=1 dstHist=2

#ERR Elements not ordered. index=1 113573845>5627113
#ERR Elements not ordered. index=786432 1817692050>1282755611
#ERR Elements not ordered. index=3 145316928>51892251
#ERR Elements not ordered. index=6 106243816>23434825
#ERR Elements not ordered. index=8 114882191>23754231
#ERR Elements not ordered. index=10 163641772>77218489
#ERR Elements not ordered. index=11 77218489>20468663
#ERR Elements not ordered. index=13 130876560>74636645
#ERR Elements not ordered. index=262145 2077969624>192782546
#ERR Elements not ordered. index=524290 1897382095>1083529283
#ERR Elements not ordered. index=262147 1184373349>457656370
#ERR Elements not ordered. index=786433 1282755611>484282005
#ERR Elements not ordered. index=786435 1821367748>622286740
#ERR Elements not ordered. index=524292 1395205910>268138584
#ERR Elements not ordered. index=262148 457656370>364279999
#ERR Elements not ordered. index=524294 1572354924>371780842
#ERR Elements not ordered. index=262153 1993458548>1205293418
#ERR Elements not ordered. index=524296 2100599563>708875293
#ERR Elements not ordered. index=524297 708875293>542115324
#ERR Elements not ordered. index=262155 1722929703>1031259333
#ERR Elements not ordered. index=262157 1941802253>617020098
#ERR Elements not ordered. index=524298 542115324>171672211
#ERR Elements not ordered. index=262159 1941953241>1517215431
#ERR Elements not ordered. index=524300 1028648213>900642594
#ERR Elements not ordered. index=786437 1547347599>973468191
#ERR Elements not ordered. index=786440 2105364322>1907404174
#ERR Elements not ordered. index=786441 1907404174>1208360052
#ERR Elements not ordered. index=786442 1208360052>700598240
#ERR Elements not ordered. index=786444 1399629560>380328340
#ERR Elements not ordered. index=786447 1856816890>543492188
#ERR Elements not ordered. index=16 141430982>13969235
#ERR Elements not ordered. index=786449 1922121482>1684936998
#ERR Elements not ordered. index=20 118856939>51413823
#ERR Elements not ordered. index=786450 1684936998>436014137
#ERR Elements not ordered. index=524302 1144891929>869891374
#ERR Elements not ordered. index=262160 1517215431>373342964
#ERR Elements not ordered. index=524304 879399207>783887576
#ERR Elements not ordered. index=262162 1533360704>1059423635
#ERR Elements not ordered. index=524306 1663493870>405962762
#ERR Elements not ordered. index=262163 1059423635>756625434
#ERR Elements not ordered. index=524309 944968337>268889439
#ERR Elements not ordered. index=786452 1563993800>1347566167
#ERR Elements not ordered. index=786453 1347566167>550034270
#ERR Elements not ordered. index=786455 756046733>519532127
#ERR Elements not ordered. index=786457 2037275552>990655482
#ERR Elements not ordered. index=786460 2026957694>726656798
#ERR Elements not ordered. index=21 51413823>863015
#ERR Elements not ordered. index=262165 1391707974>1213572049
#ERR Elements not ordered. index=262166 1213572049>258213838
#ERR Elements not ordered. index=262169 1435801925>939326452
#ERR Elements not ordered. index=262170 939326452>596441250
#ERR Elements not ordered. index=524311 1739208749>988366191
#ERR Elements not ordered. index=524313 1637815771>1204081972
#ERR Elements not ordered. index=262172 1031121538>601320303
#ERR Elements not ordered. index=524314 1204081972>404380428
#ERR Elements not ordered. index=524316 899849319>530837942
#ERR Elements not ordered. index=524319 1939677498>1760382673
#ERR Elements not ordered. index=524320 1760382673>663069493
#ERR Elements not ordered. index=524322 1599427716>818214530
#ERR Elements not ordered. index=524324 1647439034>728188207
#ERR Elements not ordered. index=524326 1398279654>534655093
#ERR Elements not ordered. index=23 158119657>116114777
#ERR Elements not ordered. index=24 116114777>30049720
#ERR Elements not ordered. index=786461 726656798>595273484
#ERR Elements not ordered. index=26 152650160>97845906
#ERR Elements not ordered. index=786463 970700603>281527813
#ERR Elements not ordered. index=786465 1139013807>292690979
#ERR Elements not ordered. index=786468 1882719263>1684724281
#ERR Elements not ordered. index=786469 1684724281>1130211052
#ERR Elements not ordered. index=786472 1706919317>1501374594
#ERR Elements not ordered. index=27 97845906>11597343
#ERR Elements not ordered. index=29 88848318>8216161
#ERR Elements not ordered. index=262174 1588953379>974869880
#ERR Elements not ordered. index=524328 717104491>570238637
#ERR Elements not ordered. index=262176 1945627928>1933111901
#ERR Elements not ordered. index=524331 2019573258>210550012
#ERR Elements not ordered. index=524333 1543989217>971082388
#ERR Elements not ordered. index=262177 1933111901>288438182
#ERR Elements not ordered. index=524335 1461751029>575270123
#ERR Elements not ordered. index=262180 1036522250>432645671
#ERR Elements not ordered. index=262182 1748425837>873782778
#ERR Elements not ordered. index=524338 1904273007>700007642
#ERR Elements not ordered. index=262184 2070370150>1680215386
#ERR Elements not ordered. index=524340 1994729230>1287501331
#ERR Elements not ordered. index=524341 1287501331>609523281
#ERR Elements not ordered. index=262185 1680215386>1192648013
#ERR Elements not ordered. index=524344 1729340822>219716095
#ERR Elements not ordered. index=786474 2027677513>985080545
#ERR Elements not ordered. index=32 122332191>13184663
#ERR Elements not ordered. index=35 92385891>89595516
#ERR Elements not ordered. index=37 118682094>28070455
#ERR Elements not ordered. index=40 129176888>33088672
#ERR Elements not ordered. index=42 154981292>106883392
#ERR Elements not ordered. index=45 159340178>140701604
#ERR Elements not ordered. index=46 140701604>108321376
#ERR Elements not ordered. index=48 154179049>104935345
#ERR Elements not ordered. index=50 135032770>88710601
#ERR Elements not ordered. index=786478 1856142820>321034531
#ERR Elements not ordered. index=786482 2012671130>1578722227
#ERR Elements not ordered. index=52 99203206>48403983
#ERR Elements not ordered. index=54 159259007>83598091
#ERR Elements not ordered. index=786484 1775088648>1325180478
#ERR Elements not ordered. index=786485 1325180478>639572388
#ERR Elements not ordered. index=55 83598091>33219971
#ERR Elements not ordered. index=786489 1734373395>1065773952
#ERR Elements not ordered. index=786490 1065773952>193761528
#ERR Elements not ordered. index=786493 2046622498>743433088
#ERR Elements not ordered. index=57 56011987>44506713
#ERR Elements not ordered. index=786495 2085042805>313795302
#ERR Elements not ordered. index=62 122711742>30770034
#ERR Elements not ordered. index=64 59323937>45722242
#ERR Elements not ordered. index=524346 1959621106>1813961501
#ERR Elements not ordered. index=524347 1813961501>973263163
#ERR Elements not ordered. index=262186 1192648013>408787090
#ERR Elements not ordered. index=262188 1232901272>1017656125
#ERR Elements not ordered. index=524350 2034910719>1362953314
#ERR Elements not ordered. index=262189 1017656125>221095409
#ERR Elements not ordered. index=524351 1362953314>291028483
#ERR Elements not ordered. index=262193 2091660823>1582991898
#ERR Elements not ordered. index=262195 2020361677>1455585435
#ERR Elements not ordered. index=262196 1455585435>954267384
#ERR Elements not ordered. index=262198 1994829725>1281636906
#ERR Elements not ordered. index=262199 1281636906>1042124095
#ERR Elements not ordered. index=524354 1957437441>427941187
#ERR Elements not ordered. index=524356 1466457004>1354462267
#ERR Elements not ordered. index=262200 1042124095>438641657
#ERR Elements not ordered. index=262201 438641657>183178874
#ERR Elements not ordered. index=524357 1354462267>689854436
#ERR Elements not ordered. index=262204 1827618719>1543074898
#ERR Elements not ordered. index=262205 1543074898>314815156
#ERR Elements not ordered. index=524359 1741111713>1036562768
#ERR Elements not ordered. index=262208 2069229716>1474265234
#ERR Elements not ordered. index=524361 1772859767>739247861
#ERR Elements not ordered. index=262209 1474265234>979243329
#ERR Elements not ordered. index=524362 739247861>631373922
#ERR Elements not ordered. index=262211 1223088992>372142243
#ERR Elements not ordered. index=524364 1931514090>1379118839
#ERR Elements not ordered. index=786498 1968489980>1008175112
#ERR Elements not ordered. index=786499 1008175112>674992739
#ERR Elements not ordered. index=786501 1964156709>466468661
#ERR Elements not ordered. index=67 95159285>34919801
#ERR Elements not ordered. index=786504 1375945612>1176963705
#ERR Elements not ordered. index=70 130873207>3288419
#ERR Elements not ordered. index=72 100747829>77064032
#ERR Elements not ordered. index=73 77064032>522067
#ERR Elements not ordered. index=786506 1349758607>1312290945
#ERR Elements not ordered. index=75 62528340>38799038
#ERR Elements not ordered. index=78 113063933>53590058
#ERR Elements not ordered. index=79 53590058>40863366
#ERR Elements not ordered. index=786509 2084902455>278573119
#ERR Elements not ordered. index=786511 1182682899>957904656
#ERR Elements not ordered. index=81 161274790>133177761
#ERR Elements not ordered. index=262214 785282860>662550798
#ERR Elements not ordered. index=262217 946748710>334366985
#ERR Elements not ordered. index=524366 1872508464>717379147
#ERR Elements not ordered. index=262220 1195424974>686816840
#ERR Elements not ordered. index=262222 779724137>557366070
#ERR Elements not ordered. index=524369 1142695422>665207545
#ERR Elements not ordered. index=262225 2086139847>195470595
#ERR Elements not ordered. index=524370 665207545>287252162
#ERR Elements not ordered. index=524373 1590538116>646619020
#ERR Elements not ordered. index=524376 1502572131>509287463
#ERR Elements not ordered. index=262228 2004309293>1875974844
#ERR Elements not ordered. index=262230 2072835541>1650016901
#ERR Elements not ordered. index=262231 1650016901>845133596
#ERR Elements not ordered. index=262232 845133596>513610990
#ERR Elements not ordered. index=262234 1626732293>543835766
#ERR Elements not ordered. index=262236 1944499289>1728925064
#ERR Elements not ordered. index=262237 1728925064>341813139
#ERR Elements not ordered. index=262240 1790580288>647767755
#ERR Elements not ordered. index=786513 2083255944>1975411812
#ERR Elements not ordered. index=524379 1998511175>1436313828
#ERR Elements not ordered. index=262242 700619784>463759967
#ERR Elements not ordered. index=524380 1436313828>817962604
#ERR Elements not ordered. index=262244 1926511096>472751883
#ERR Elements not ordered. index=262246 1152520060>827564741
#ERR Elements not ordered. index=524383 1054091891>637914038
#ERR Elements not ordered. index=524384 637914038>569920086
#ERR Elements not ordered. index=524386 912081376>612769238
#ERR Elements not ordered. index=524388 909552295>199086156
#ERR Elements not ordered. index=262249 1645917343>915015268
#ERR Elements not ordered. index=262250 915015268>206904440
#ERR Elements not ordered. index=524390 1453840316>755616044
#ERR Elements not ordered. index=262252 1410888070>1122109571
#ERR Elements not ordered. index=262253 1122109571>976988020
#ERR Elements not ordered. index=524392 838142486>508738853
#ERR Elements not ordered. index=524394 1615229205>581943714
#ERR Elements not ordered. index=262256 1978167044>1139294810
#ERR Elements not ordered. index=524396 1828714237>849543614
#ERR Elements not ordered. index=524397 849543614>448658655
#ERR Elements not ordered. index=524401 2005141009>1644823229
#ERR Elements not ordered. index=524402 1644823229>1125152723
#ERR Elements not ordered. index=524403 1125152723>646061197
#ERR Elements not ordered. index=82 133177761>53166067
#ERR Elements not ordered. index=84 140054710>86321104
#ERR Elements not ordered. index=85 86321104>71098556
#ERR Elements not ordered. index=86 71098556>69706995
#ERR Elements not ordered. index=87 69706995>15346135
#ERR Elements not ordered. index=786514 1975411812>1798612504
#ERR Elements not ordered. index=786515 1798612504>1436805935
#ERR Elements not ordered. index=786516 1436805935>763608797
#ERR Elements not ordered. index=786518 1301695594>836854535
#ERR Elements not ordered. index=786520 1316690117>940060273
#ERR Elements not ordered. index=786521 940060273>212494430
#ERR Elements not ordered. index=786524 1253488227>805342825
#ERR Elements not ordered. index=786525 805342825>557614324
#ERR Elements not ordered. index=786527 1678697173>240562537
#ERR Elements not ordered. index=786529 1693814966>164452105
#ERR Elements not ordered. index=786531 1866380959>726876489
#ERR Elements not ordered. index=786532 726876489>551108322
#ERR Elements not ordered. index=89 98504145>9061298
#ERR Elements not ordered. index=91 144790721>39663252
#ERR Elements not ordered. index=786534 1814872316>1452264488
#ERR Elements not ordered. index=262258 1498796729>555248090
#ERR Elements not ordered. index=524406 1436388989>208988818
#ERR Elements not ordered. index=262260 1968461643>656412420
#ERR Elements not ordered. index=262262 976318741>925982767
#ERR Elements not ordered. index=524410 1713711509>1428917933
#ERR Elements not ordered. index=524411 1428917933>863010522
#ERR Elements not ordered. index=262263 925982767>234831401
#ERR Elements not ordered. index=262266 1425698092>833902091
#ERR Elements not ordered. index=262268 2077984184>658969593
#ERR Elements not ordered. index=262269 658969593>492949234
#ERR Elements not ordered. index=262270 492949234>492382729
#ERR Elements not ordered. index=524413 2019201475>322720233
#ERR Elements not ordered. index=262274 1947107121>704884120
#ERR Elements not ordered. index=786535 1452264488>221467807
#ERR Elements not ordered. index=786538 1900789735>1258032643
#ERR Elements not ordered. index=93 135681506>1197852
#ERR Elements not ordered. index=95 108059889>96612598
#ERR Elements not ordered. index=786541 2090938016>487010669
#ERR Elements not ordered. index=786544 1691636599>1646966659
#ERR Elements not ordered. index=98 131820311>74599944
#ERR Elements not ordered. index=786545 1646966659>733505642
#ERR Elements not ordered. index=786547 1020298546>756514234
#ERR Elements not ordered. index=786549 1704734739>1523345181
#ERR Elements not ordered. index=524415 2075307417>1067771940
#ERR Elements not ordered. index=262278 1477052510>253036510
#ERR Elements not ordered. index=262280 1253411109>167588672
#ERR Elements not ordered. index=262282 1621837055>1613727246
#ERR Elements not ordered. index=262283 1613727246>633897471
#ERR Elements not ordered. index=524417 1186234109>1124421057
#ERR Elements not ordered. index=262285 1427339165>698730869
#ERR Elements not ordered. index=524421 2078832378>1942327223
#ERR Elements not ordered. index=262286 698730869>553023833
#ERR Elements not ordered. index=262287 553023833>249533455
#ERR Elements not ordered. index=262289 1610799195>617182312
#ERR Elements not ordered. index=524422 1942327223>1313394169
#ERR Elements not ordered. index=262291 2040657017>497443881
#ERR Elements not ordered. index=524423 1313394169>342890427
#ERR Elements not ordered. index=786550 1523345181>342249595
#ERR Elements not ordered. index=786552 1555955512>1123432236
#ERR Elements not ordered. index=786555 1973883774>726535976
#ERR Elements not ordered. index=786556 726535976>515515247
#ERR Elements not ordered. index=99 74599944>26440958
#ERR Elements not ordered. index=101 146658504>25256468
#ERR Elements not ordered. index=105 156132146>138305572
#ERR Elements not ordered. index=107 157401448>24055128
#ERR Elements not ordered. index=110 125702486>116334248
#ERR Elements not ordered. index=786560 1664301643>1056175487
#ERR Elements not ordered. index=524425 2005492885>1671899606
#ERR Elements not ordered. index=262292 497443881>433207188
#ERR Elements not ordered. index=524426 1671899606>895136876
#ERR Elements not ordered. index=524428 1251201017>1178764554
#ERR Elements not ordered. index=262294 1946716472>786625227
#ERR Elements not ordered. index=524430 1212133015>665520960
#ERR Elements not ordered. index=524431 665520960>396745579
#ERR Elements not ordered. index=524433 1868541251>720219301
#ERR Elements not ordered. index=262297 1677673842>604582620
#ERR Elements not ordered. index=524437 2056999287>1488613541
#ERR Elements not ordered. index=524438 1488613541>870013941
#ERR Elements not ordered. index=524440 1119817540>1031340619
#ERR Elements not ordered. index=524442 1949589481>459954260
#ERR Elements not ordered. index=262299 611283871>205060733
#ERR Elements not ordered. index=262301 1584193471>832569544
#ERR Elements not ordered. index=262302 832569544>347238254
#ERR Elements not ordered. index=524444 2090527633>1973708547
#ERR Elements not ordered. index=524445 1973708547>1451139166
#ERR Elements not ordered. index=262304 2106030064>1572203888
#ERR Elements not ordered. index=786562 1793342902>784734093
#ERR Elements not ordered. index=112 142897588>61667287
#ERR Elements not ordered. index=113 61667287>31537908
#ERR Elements not ordered. index=262305 1572203888>559935389
#ERR Elements not ordered. index=262308 1652051654>981877634
#ERR Elements not ordered. index=524448 1957341364>647804460
#ERR Elements not ordered. index=262309 981877634>261464457
#ERR Elements not ordered. index=786565 1335899943>576175039
#ERR Elements not ordered. index=524449 647804460>557697199
#ERR Elements not ordered. index=524452 1880538733>352540774
#ERR Elements not ordered. index=524455 1581235832>1522233842
#ERR Elements not ordered. index=524457 1605428705>1404527697
#ERR Elements not ordered. index=262311 1837329484>996330237
#ERR Elements not ordered. index=524458 1404527697>221762952
#ERR Elements not ordered. index=786567 2064100254>503925553
#ERR Elements not ordered. index=786569 1617994468>1424065135
#ERR Elements not ordered. index=786570 1424065135>368938884
#ERR Elements not ordered. index=524461 1294833670>481570015
#ERR Elements not ordered. index=262314 1565907188>1123260607
#ERR Elements not ordered. index=524466 1719677931>1214769796
#ERR Elements not ordered. index=524468 1883329823>745800753
#ERR Elements not ordered. index=524470 1513163481>1114564502
#ERR Elements not ordered. index=524471 1114564502>580713506
#ERR Elements not ordered. index=524473 1165258932>658334826
#ERR Elements not ordered. index=524474 658334826>275593208
#ERR Elements not ordered. index=262316 1650003296>1590477816
#ERR Elements not ordered. index=262317 1590477816>818561258
#ERR Elements not ordered. index=262318 818561258>494264445
#ERR Elements not ordered. index=262321 1353952483>517372842
#ERR Elements not ordered. index=524475 275593208>250712807
#ERR Elements not ordered. index=524477 1860507777>570660539
#ERR Elements not ordered. index=524479 1389323371>1140118759
#ERR Elements not ordered. index=524480 1140118759>398375806
#ERR Elements not ordered. index=524482 1832336573>1683104943
#ERR Elements not ordered. index=524483 1683104943>178568914
#ERR Elements not ordered. index=262323 1384466253>1107820284
#ERR Elements not ordered. index=524485 1651867887>1369054471
#ERR Elements not ordered. index=524486 1369054471>1061125928
#ERR Elements not ordered. index=524488 2088916290>1442090295
#ERR Elements not ordered. index=524489 1442090295>1330026117
#ERR Elements not ordered. index=524490 1330026117>1295843158
#ERR Elements not ordered. index=524492 1912233337>168611812
#ERR Elements not ordered. index=524494 1858599725>339412097
#ERR Elements not ordered. index=262327 1997682598>175706558
#ERR Elements not ordered. index=262329 2082111389>275114516
#ERR Elements not ordered. index=262331 1945461020>499376816
#ERR Elements not ordered. index=524497 1407986922>1153246132
#ERR Elements not ordered. index=262333 1761030853>956676209
#ERR Elements not ordered. index=262334 956676209>332629492
#ERR Elements not ordered. index=524500 1987415715>1824614898
#ERR Elements not ordered. index=524502 2021005563>1607317059
#ERR Elements not ordered. index=524503 1607317059>981696616
#ERR Elements not ordered. index=262339 1661211611>367906301
#ERR Elements not ordered. index=524505 1034773271>822786725
#ERR Elements not ordered. index=262342 1840832628>724554708
#ERR Elements not ordered. index=524507 1272725099>460559765
#ERR Elements not ordered. index=262345 2080272016>863727008
#ERR Elements not ordered. index=262346 863727008>374580046
#ERR Elements not ordered. index=524512 1987202785>243037075
#ERR Elements not ordered. index=524515 1815469222>496661015
#ERR Elements not ordered. index=262348 1806012792>1215696780
#ERR Elements not ordered. index=262349 1215696780>1048137524
#ERR Elements not ordered. index=262351 1581528472>681497894
#ERR Elements not ordered. index=524517 1376118141>668352997
#ERR Elements not ordered. index=262354 1262498777>278595533
#ERR Elements not ordered. index=524521 1419815201>950446736
#ERR Elements not ordered. index=786572 1674577051>1236257828
#ERR Elements not ordered. index=786573 1236257828>855494244
#ERR Elements not ordered. index=786574 855494244>842374577
#ERR Elements not ordered. index=786575 842374577>829973759
#ERR Elements not ordered. index=786577 1309511112>669514915
#ERR Elements not ordered. index=786579 690046266>669805222
#ERR Elements not ordered. index=786580 669805222>349254344
#ERR Elements not ordered. index=115 145657606>14620633
#ERR Elements not ordered. index=786582 1293741354>584691595
#ERR Elements not ordered. index=117 62649080>55218620
#ERR Elements not ordered. index=118 55218620>28346655
#ERR Elements not ordered. index=120 106160225>93262474
#ERR Elements not ordered. index=262357 2103251485>1806766163
#ERR Elements not ordered. index=262358 1806766163>1245924348
#ERR Elements not ordered. index=262359 1245924348>171165342
#ERR Elements not ordered. index=262361 900216182>533944286
#ERR Elements not ordered. index=524523 1619648567>1190878289
#ERR Elements not ordered. index=524525 1888875768>1425486395
#ERR Elements not ordered. index=262363 1703990317>1351783857
#ERR Elements not ordered. index=524526 1425486395>1272800488
#ERR Elements not ordered. index=262365 1385998013>298868357
#ERR Elements not ordered. index=524527 1272800488>1168473143
#ERR Elements not ordered. index=262367 1434008505>611256705
#ERR Elements not ordered. index=262369 1161923711>282438097
#ERR Elements not ordered. index=524532 2027160146>482464828
#ERR Elements not ordered. index=123 113087467>67034696
#ERR Elements not ordered. index=125 155688886>133815709
#ERR Elements not ordered. index=126 133815709>133761468
#ERR Elements not ordered. index=127 133761468>87044887
#ERR Elements not ordered. index=128 87044887>40721657
#ERR Elements not ordered. index=131 131033126>98071303
#ERR Elements not ordered. index=786583 584691595>576939152
#ERR Elements not ordered. index=133 153610402>81625000
#ERR Elements not ordered. index=135 152721748>67036349
#ERR Elements not ordered. index=136 67036349>62010853
#ERR Elements not ordered. index=786586 1844032935>936979293
#ERR Elements not ordered. index=138 135528322>112097929
#ERR Elements not ordered. index=786588 1649638505>459285587
#ERR Elements not ordered. index=140 141851070>49214567
#ERR Elements not ordered. index=524534 2054346089>981676631
#ERR Elements not ordered. index=524536 1868379670>357795008
#ERR Elements not ordered. index=524538 1963154334>296278732
#ERR Elements not ordered. index=524540 1237193069>720676202
#ERR Elements not ordered. index=262371 1208105961>787699479
#ERR Elements not ordered. index=524542 1864102684>1201846886
#ERR Elements not ordered. index=262373 1722258156>1572097876
#ERR Elements not ordered. index=262375 1656262529>1210520144
#ERR Elements not ordered. index=262377 1428866802>573436491
#ERR Elements not ordered. index=524544 1976888418>1274812693
#ERR Elements not ordered. index=262379 1301697067>283913226
#ERR Elements not ordered. index=524545 1274812693>917455781
#ERR Elements not ordered. index=262380 283913226>180795481
#ERR Elements not ordered. index=524548 2004655254>719806027
#ERR Elements not ordered. index=262382 2062674654>1639359960
#ERR Elements not ordered. index=524550 1279882980>1043324541
#ERR Elements not ordered. index=524552 1235711795>326562214
#ERR Elements not ordered. index=524554 1515750122>330704486
#ERR Elements not ordered. index=524556 1759561369>1459613518
#ERR Elements not ordered. index=524558 1954165869>989578767
#ERR Elements not ordered. index=524559 989578767>359393071
#ERR Elements not ordered. index=262384 1718777326>424915565
#ERR Elements not ordered. index=262386 1249271028>365779416
#ERR Elements not ordered. index=524561 1087506512>832619201
#ERR Elements not ordered. index=524562 832619201>540474836
#ERR Elements not ordered. index=262390 1967789583>1122018027
#ERR Elements not ordered. index=524564 1894434087>1514130049
#ERR Elements not ordered. index=142 116350251>109837638
#ERR Elements not ordered. index=144 114771192>98352613
#ERR Elements not ordered. index=786590 1327950154>661968994
#ERR Elements not ordered. index=145 98352613>40838636
#ERR Elements not ordered. index=148 135205909>41957526
#ERR Elements not ordered. index=150 90841166>25551530
#ERR Elements not ordered. index=786592 1680972896>519591729
#ERR Elements not ordered. index=152 107360943>94536603
#ERR Elements not ordered. index=154 122611529>4223076
#ERR Elements not ordered. index=786594 2008028862>185257205
#ERR Elements not ordered. index=786596 706562546>691017229
#ERR Elements not ordered. index=786597 691017229>623041426
#ERR Elements not ordered. index=159 126823454>122277539
#ERR Elements not ordered. index=786599 955591679>837123480
#ERR Elements not ordered. index=786601 1837913269>1114828020
#ERR Elements not ordered. index=786602 1114828020>984095717
#ERR Elements not ordered. index=161 160558961>56079592
#ERR Elements not ordered. index=162 56079592>14683728
#ERR Elements not ordered. index=786603 984095717>450282124
#ERR Elements not ordered. index=166 150176741>106709445
#ERR Elements not ordered. index=786605 1305511810>299627979
#ERR Elements not ordered. index=262392 1788061216>340991739
#ERR Elements not ordered. index=524566 1910898371>181506257
#ERR Elements not ordered. index=524567 181506257>167670743
#ERR Elements not ordered. index=524571 1541968989>1176760664
#ERR Elements not ordered. index=262394 1888303569>1010523066
#ERR Elements not ordered. index=262395 1010523066>858432971
#ERR Elements not ordered. index=262396 858432971>678864690
#ERR Elements not ordered. index=262398 1822505367>1418652910
#ERR Elements not ordered. index=524572 1176760664>303819917
#ERR Elements not ordered. index=262399 1418652910>369641994
#ERR Elements not ordered. index=524576 1828637147>476488909
#ERR Elements not ordered. index=524578 1694452243>946031924
#ERR Elements not ordered. index=262402 1535379518>1101495917
#ERR Elements not ordered. index=786609 1506918590>1202705621
#ERR Elements not ordered. index=786612 1690611314>1239184324
#ERR Elements not ordered. index=786614 1670295549>1640565039
#ERR Elements not ordered. index=524580 1766761834>445338817
#ERR Elements not ordered. index=262405 1640421099>719201958
#ERR Elements not ordered. index=262407 1654594152>813731640
#ERR Elements not ordered. index=262408 813731640>674870538
#ERR Elements not ordered. index=524584 1948867476>1155026238
#ERR Elements not ordered. index=524585 1155026238>732156374
#ERR Elements not ordered. index=524587 2034256348>2005931296
#ERR Elements not ordered. index=524588 2005931296>916730920
#ERR Elements not ordered. index=262410 979610850>221285673
#ERR Elements not ordered. index=786615 1640565039>1398065090
#ERR Elements not ordered. index=786617 2072163261>1698379589
#ERR Elements not ordered. index=786618 1698379589>938437023
#ERR Elements not ordered. index=167 106709445>16666245
#ERR Elements not ordered. index=170 59975267>25089156
#ERR Elements not ordered. index=786620 1960588219>1828264427
#ERR Elements not ordered. index=786621 1828264427>336359933
#ERR Elements not ordered. index=786622 336359933>251442299
#ERR Elements not ordered. index=173 158568421>21652253
#ERR Elements not ordered. index=786625 1738455624>1231790707
#ERR Elements not ordered. index=786626 1231790707>339896838
#ERR Elements not ordered. index=176 140007383>32328328
#ERR Elements not ordered. index=786629 2025060898>422150830
#ERR Elements not ordered. index=786631 1608877771>695883267
#ERR Elements not ordered. index=786633 1650566737>1547532248
#ERR Elements not ordered. index=786634 1547532248>605256581
#ERR Elements not ordered. index=178 85877351>10970348
#ERR Elements not ordered. index=182 139698371>97886707
#ERR Elements not ordered. index=262413 739634344>212697135
#ERR Elements not ordered. index=262415 1206909730>1092116265
#ERR Elements not ordered. index=786635 605256581>171905857
#ERR Elements not ordered. index=184 137549959>72690819
#ERR Elements not ordered. index=185 72690819>24284211
#ERR Elements not ordered. index=786641 1741216304>1671568600
#ERR Elements not ordered. index=786642 1671568600>945548962
#ERR Elements not ordered. index=786644 1490994638>1080895252
#ERR Elements not ordered. index=187 78186473>52424660
#ERR Elements not ordered. index=188 52424660>42397514
#ERR Elements not ordered. index=786645 1080895252>702972356
#ERR Elements not ordered. index=786647 909309493>435373415
#ERR Elements not ordered. index=786650 690594770>311102669
#ERR Elements not ordered. index=262416 1092116265>946308903
#ERR Elements not ordered. index=262418 1771575059>822409572
#ERR Elements not ordered. index=524591 1426469424>249431296
#ERR Elements not ordered. index=262419 822409572>606981534
#ERR Elements not ordered. index=262421 1033842963>604888336
#ERR Elements not ordered. index=262423 608270374>212737021
#ERR Elements not ordered. index=262425 1607942208>769860787
#ERR Elements not ordered. index=524593 1564940898>891542020
#ERR Elements not ordered. index=262429 1797543151>1144337491
#ERR Elements not ordered. index=524594 891542020>371329802
#SDC Ite:0 KerTime:0.237020 AccTime:0.237020 KerErr:515186 AccErr:515186
#ABORT too many errors per iteration
#END