#HEADER size:1048576
#BEGIN Y:2016 M:09 D:13 Time:16:50:39
#IT Ite:0 KerTime:4.007063 AccTime:4.007063
#ERR The histogram from element 0 differs. srcHist=0 dstHist=1

#ERR The histogram from element 1496295406 differs. srcHist=1 dstHist=0

#ERR Elements not ordered. index=729705 1493821941>0
#ERR Elements not ordered. index=729721 1493868838>1493825616
#ERR Elements not ordered. index=729737 1493899206>1493875701
#ERR Elements not ordered. index=729741 1493910572>1493902636
#ERR Elements not ordered. index=729753 1493953757>1493914185
#ERR Elements not ordered. index=729761 1493986913>1493982405
#ERR Elements not ordered. index=729769 1494008072>1493989026
#ERR Elements not ordered. index=729771 1494014389>1494010405
#ERR Elements not ordered. index=729777 1494025894>1494015751
#ERR Elements not ordered. index=729781 1494028866>1494027746
#ERR Elements not ordered. index=729785 1494036601>1494030261
#ERR Elements not ordered. index=729789 1494051953>1494041414
#ERR Elements not ordered. index=729793 1494063917>1494052190
#ERR Elements not ordered. index=729797 1494070607>1494067153
#ERR Elements not ordered. index=729801 1494076857>1494073877
#ERR Elements not ordered. index=729805 1494085896>1494083010
#ERR Elements not ordered. index=729809 1494091000>1494086827
#ERR Elements not ordered. index=729813 1494097741>1494095316
#ERR Elements not ordered. index=729833 1494129697>1494107050
#ERR Elements not ordered. index=729849 1494150098>1494129712
#ERR Elements not ordered. index=729853 1494167289>1494151818
#ERR Elements not ordered. index=729855 1494168057>1494167561
#ERR Elements not ordered. index=729897 1494255192>1494169941
#ERR Elements not ordered. index=729905 1494265004>1494260998
#ERR Elements not ordered. index=729909 1494272315>1494272138
#ERR Elements not ordered. index=729913 1494278085>1494275762
#ERR Elements not ordered. index=729917 1494279755>1494278344
#ERR Elements not ordered. index=729919 1494284629>1494284595
#ERR Elements not ordered. index=729921 1494287347>1494287202
#ERR Elements not ordered. index=729923 1494287722>1494287436
#ERR Elements not ordered. index=729925 1494288629>1494288015
#ERR Elements not ordered. index=729927 1494294777>1494288841
#ERR Elements not ordered. index=729961 1494365310>1494297082
#ERR Elements not ordered. index=729965 1494369562>1494368868
#ERR Elements not ordered. index=729993 1494433451>1494372932
#ERR Elements not ordered. index=730001 1494451514>1494436619
#ERR Elements not ordered. index=730025 1494498839>1494455867
#ERR Elements not ordered. index=730029 1494509671>1494503311
#ERR Elements not ordered. index=730033 1494516692>1494513952
#ERR Elements not ordered. index=730037 1494522294>1494520026
#ERR Elements not ordered. index=730039 1494523823>1494523161
#ERR Elements not ordered. index=730057 1494548229>1494525859
#ERR Elements not ordered. index=730073 1494589512>1494559280
#ERR Elements not ordered. index=730089 1494616409>1494597041
#ERR Elements not ordered. index=730093 1494622579>1494619387
#ERR Elements not ordered. index=730095 1494623934>1494622597
#ERR Elements not ordered. index=730105 1494652556>1494634996
#ERR Elements not ordered. index=730109 1494664823>1494655661
#ERR Elements not ordered. index=730113 1494672959>1494666576
#ERR Elements not ordered. index=730117 1494688380>1494676721
#ERR Elements not ordered. index=730119 1494689294>1494688598
#ERR Elements not ordered. index=730121 1494692311>1494691963
#ERR Elements not ordered. index=730123 1494695712>1494694915
#ERR Elements not ordered. index=730125 1494700616>1494697965
#ERR Elements not ordered. index=730127 1494701280>1494701254
#ERR Elements not ordered. index=730129 1494703404>1494702875
#ERR Elements not ordered. index=730131 1494705458>1494705455
#ERR Elements not ordered. index=730133 1494709355>1494708837
#ERR Elements not ordered. index=730135 1494716199>1494714742
#ERR Elements not ordered. index=730169 1494783267>1494754808
#ERR Elements not ordered. index=730185 1494814517>1494786885
#ERR Elements not ordered. index=730187 1494816430>1494815837
#ERR Elements not ordered. index=730201 1494837966>1494818371
#ERR Elements not ordered. index=730205 1494849309>1494842523
#ERR Elements not ordered. index=730217 1494877588>1494852077
#ERR Elements not ordered. index=730225 1494894192>1494880226
#ERR Elements not ordered. index=730229 1494896811>1494895048
#ERR Elements not ordered. index=730233 1494901655>1494900008
#ERR Elements not ordered. index=730237 1494912332>1494905415
#ERR Elements not ordered. index=730241 1494921749>1494921054
#ERR Elements not ordered. index=730281 1495007415>1494924376
#ERR Elements not ordered. index=730283 1495008441>1495007523
#ERR Elements not ordered. index=730285 1495011736>1495009682
#ERR Elements not ordered. index=730287 1495014230>1495012872
#ERR Elements not ordered. index=730297 1495026343>1495015227
#ERR Elements not ordered. index=730299 1495027118>1495026805
#ERR Elements not ordered. index=730301 1495030173>1495027877
#ERR Elements not ordered. index=730303 1495032047>1495030596
#ERR Elements not ordered. index=730345 1495114540>1495033951
#ERR Elements not ordered. index=730347 1495115953>1495115569
#ERR Elements not ordered. index=730377 1495184517>1495119547
#ERR Elements not ordered. index=730385 1495205328>1495188753
#ERR Elements not ordered. index=730387 1495218057>1495212998
#ERR Elements not ordered. index=730409 1495273171>1495222850
#ERR Elements not ordered. index=730425 1495306095>1495289715
#ERR Elements not ordered. index=730441 1495330661>1495306671
#ERR Elements not ordered. index=730457 1495351256>1495332712
#ERR Elements not ordered. index=730461 1495355918>1495352467
#ERR Elements not ordered. index=730463 1495357378>1495357166
#ERR Elements not ordered. index=730473 1495385663>1495366587
#ERR Elements not ordered. index=730481 1495403169>1495397397
#ERR Elements not ordered. index=730485 1495407507>1495404567
#ERR Elements not ordered. index=730489 1495423593>1495418864
#ERR Elements not ordered. index=730493 1495429016>1495426886
#ERR Elements not ordered. index=730505 1495464407>1495442769
#ERR Elements not ordered. index=730509 1495474321>1495466320
#ERR Elements not ordered. index=730521 1495499473>1495475172
#ERR Elements not ordered. index=730523 1495505266>1495503300
#ERR Elements not ordered. index=730525 1495509714>1495508692
#ERR Elements not ordered. index=730527 1495522010>1495513108
#ERR Elements not ordered. index=730537 1495542119>1495522379
#ERR Elements not ordered. index=730545 1495555251>1495547042
#ERR Elements not ordered. index=730553 1495567916>1495556476
#ERR Elements not ordered. index=730561 1495587904>1495569918
#ERR Elements not ordered. index=730569 1495609301>1495589484
#ERR Elements not ordered. index=730571 1495612491>1495610465
#ERR Elements not ordered. index=730577 1495622898>1495613643
#ERR Elements not ordered. index=730579 1495625565>1495622935
#ERR Elements not ordered. index=730585 1495636586>1495629407
#ERR Elements not ordered. index=730587 1495643365>1495641606
#ERR Elements not ordered. index=730593 1495652844>1495648421
#ERR Elements not ordered. index=730597 1495661732>1495655019
#ERR Elements not ordered. index=730601 1495666992>1495665764
#ERR Elements not ordered. index=730605 1495675868>1495670296
#ERR Elements not ordered. index=730609 1495680776>1495677573
#ERR Elements not ordered. index=730611 1495683054>1495682308
#ERR Elements not ordered. index=730665 1495802826>1495697647
#ERR Elements not ordered. index=730673 1495824136>1495814541
#ERR Elements not ordered. index=730675 1495828066>1495826449
#ERR Elements not ordered. index=730681 1495837568>1495835115
#ERR Elements not ordered. index=730685 1495844488>1495841091
#ERR Elements not ordered. index=730689 1495848243>1495844549
#ERR Elements not ordered. index=730693 1495852319>1495848333
#ERR Elements not ordered. index=730729 1495906504>1495861516
#ERR Elements not ordered. index=730733 1495912496>1495909260
#ERR Elements not ordered. index=730761 1495955483>1495916175
#ERR Elements not ordered. index=730763 1495957722>1495957377
#ERR Elements not ordered. index=730793 1496008569>1495973582
#ERR Elements not ordered. index=730797 1496019841>1496010663
#ERR Elements not ordered. index=730801 1496025677>1496024607
#ERR Elements not ordered. index=730805 1496044421>1496038654
#ERR Elements not ordered. index=730825 1496084677>1496048736
#ERR Elements not ordered. index=730827 1496087473>1496085347
#ERR Elements not ordered. index=730841 1496112294>1496088666
#ERR Elements not ordered. index=730857 1496147542>1496120031
#ERR Elements not ordered. index=730859 1496154434>1496147588
#ERR Elements not ordered. index=730861 1496157580>1496155521
#ERR Elements not ordered. index=730865 1496167852>1496162056
#ERR Elements not ordered. index=730873 1496187714>1496171205
#ERR Elements not ordered. index=730875 1496191947>1496189647
#ERR Elements not ordered. index=730881 1496201547>1496192036
#ERR Elements not ordered. index=730883 1496205916>1496202643
#ERR Elements not ordered. index=730889 1496219002>1496206631
#ERR Elements not ordered. index=730893 1496224073>1496219216
#ERR Elements not ordered. index=730897 1496235464>1496228975
#ERR Elements not ordered. index=730899 1496244709>1496240908
#ERR Elements not ordered. index=730901 1496251587>1496245138
#ERR Elements not ordered. index=730905 1496263295>1496258326
#ERR Elements not ordered. index=730921 1496291307>1496264697
#ERR Elements not ordered. index=730923 1496293872>1496292892
#SDC Ite:0 KerTime:4.007063 AccTime:4.007063 KerErr:152 AccErr:152
#END