#HEADER size:1048576
#BEGIN Y:2016 M:09 D:13 Time:16:00:13
#IT Ite:0 KerTime:4.099731 AccTime:4.099731
#ERR The histogram from element 650832858 differs. srcHist=1 dstHist=0

#ERR Elements not ordered. index=311303 636332700>636332442
#ERR Elements not ordered. index=311307 636344665>636342885
#ERR Elements not ordered. index=311309 636346152>636345976
#ERR Elements not ordered. index=311311 636350074>636346842
#ERR Elements not ordered. index=311313 636354678>636353193
#ERR Elements not ordered. index=311317 636362974>636357014
#ERR Elements not ordered. index=311323 636372549>636365703
#ERR Elements not ordered. index=311325 636382012>636378911
#ERR Elements not ordered. index=311331 636387812>636386983
#ERR Elements not ordered. index=311333 636397970>636393810
#ERR Elements not ordered. index=311335 636400618>636398209
#ERR Elements not ordered. index=311337 636404213>636401993
#ERR Elements not ordered. index=311341 636420250>636406890
#ERR Elements not ordered. index=311349 636443840>636423511
#ERR Elements not ordered. index=311361 636450374>636444224
#ERR Elements not ordered. index=311371 636466115>636464755
#ERR Elements not ordered. index=311381 636491793>636488312
#ERR Elements not ordered. index=311385 636495849>636493514
#ERR Elements not ordered. index=311389 636503277>636496353
#ERR Elements not ordered. index=311397 636521851>636504936
#ERR Elements not ordered. index=311409 636528879>636525673
#ERR Elements not ordered. index=311413 636547533>636534423
#ERR Elements not ordered. index=311425 636552801>636551907
#ERR Elements not ordered. index=311427 636558291>636553332
#ERR Elements not ordered. index=311429 636582474>636561800
#ERR Elements not ordered. index=311447 636591393>636589916
#ERR Elements not ordered. index=311449 636594756>636592556
#ERR Elements not ordered. index=311451 636596685>636595106
#ERR Elements not ordered. index=311453 636608938>636596887
#ERR Elements not ordered. index=311465 636633136>636630012
#ERR Elements not ordered. index=311467 636641773>636634990
#ERR Elements not ordered. index=311469 636654807>636643009
#ERR Elements not ordered. index=311473 636656888>636655754
#ERR Elements not ordered. index=311477 636699494>636660515
#ERR Elements not ordered. index=311489 636721166>636709551
#ERR Elements not ordered. index=311493 636761222>636722005
#ERR Elements not ordered. index=311513 636775665>636762465
#ERR Elements not ordered. index=311515 636780896>636775927
#ERR Elements not ordered. index=311517 636782917>636782020
#ERR Elements not ordered. index=311521 636792062>636788090
#ERR Elements not ordered. index=311525 636911195>636799179
#ERR Elements not ordered. index=311587 636915624>636911856
#ERR Elements not ordered. index=311589 636915791>636915731
#ERR Elements not ordered. index=311591 636916614>636916144
#ERR Elements not ordered. index=311593 636922963>636917492
#ERR Elements not ordered. index=311597 636940846>636923372
#ERR Elements not ordered. index=311605 636973832>636941732
#ERR Elements not ordered. index=311617 636984417>636976382
#ERR Elements not ordered. index=311621 637049416>636989376
#ERR Elements not ordered. index=311653 637060537>637052273
#ERR Elements not ordered. index=311661 637073616>637071816
#ERR Elements not ordered. index=311667 637082681>637082046
#ERR Elements not ordered. index=311669 637088296>637087599
#ERR Elements not ordered. index=311671 637091125>637089402
#ERR Elements not ordered. index=311685 637120820>637115041
#ERR Elements not ordered. index=311691 637131834>637131291
#ERR Elements not ordered. index=311693 637137731>637136765
#ERR Elements not ordered. index=311697 637141018>637137846
#ERR Elements not ordered. index=311701 637155867>637145541
#ERR Elements not ordered. index=311717 637174516>637166380
#ERR Elements not ordered. index=311725 637191774>637180491
#ERR Elements not ordered. index=311729 637199195>637192047
#ERR Elements not ordered. index=311733 637219818>637203046
#ERR Elements not ordered. index=311739 637226881>637226838
#ERR Elements not ordered. index=311741 637228401>637227474
#ERR Elements not ordered. index=311745 637237562>637234155
#ERR Elements not ordered. index=311749 637260765>637242956
#ERR Elements not ordered. index=311761 637273753>637264773
#ERR Elements not ordered. index=311767 637284233>637283212
#ERR Elements not ordered. index=311769 637290866>637286157
#ERR Elements not ordered. index=311779 637299920>637298050
#ERR Elements not ordered. index=311781 637308318>637300957
#ERR Elements not ordered. index=311787 637313983>637312807
#ERR Elements not ordered. index=311789 637316596>637315280
#ERR Elements not ordered. index=311797 637341154>637330357
#ERR Elements not ordered. index=311803 637347461>637345030
#ERR Elements not ordered. index=311805 637355686>637349522
#ERR Elements not ordered. index=311813 637393420>637365047
#ERR Elements not ordered. index=311833 637397173>637394016
#ERR Elements not ordered. index=311839 637404214>637399935
#ERR Elements not ordered. index=311843 637411058>637406936
#ERR Elements not ordered. index=311845 637414557>637412201
#ERR Elements not ordered. index=311857 637441453>637438187
#ERR Elements not ordered. index=311863 637449961>637446246
#ERR Elements not ordered. index=311865 637452950>637452660
#ERR Elements not ordered. index=311867 637462936>637461097
#ERR Elements not ordered. index=311869 637477286>637464119
#ERR Elements not ordered. index=311877 637500025>637478345
#ERR Elements not ordered. index=311889 637509820>637506482
#ERR Elements not ordered. index=311893 637536575>637521838
#ERR Elements not ordered. index=311901 637553759>637550703
#ERR Elements not ordered. index=311903 637559154>637554968
#ERR Elements not ordered. index=311905 637562812>637560471
#ERR Elements not ordered. index=311909 637642011>637571214
#ERR Elements not ordered. index=311943 637651744>637650023
#ERR Elements not ordered. index=311945 637657553>637652390
#ERR Elements not ordered. index=311949 637668373>637659260
#ERR Elements not ordered. index=311955 637671592>637669673
#ERR Elements not ordered. index=311957 637678422>637672866
#ERR Elements not ordered. index=311965 637685886>637683338
#ERR Elements not ordered. index=311969 637699518>637690044
#ERR Elements not ordered. index=311973 637750847>637700455
#ERR Elements not ordered. index=312009 637767796>637761219
#ERR Elements not ordered. index=312013 637775110>637771320
#ERR Elements not ordered. index=312017 637778347>637778198
#ERR Elements not ordered. index=312021 637794367>637789702
#ERR Elements not ordered. index=312033 637810625>637808317
#ERR Elements not ordered. index=312035 637823488>637815894
#ERR Elements not ordered. index=312037 637857689>637829648
#ERR Elements not ordered. index=312053 637860615>637857812
#ERR Elements not ordered. index=312059 637867626>637865364
#ERR Elements not ordered. index=312061 637883190>637867708
#ERR Elements not ordered. index=312069 637935867>637894104
#ERR Elements not ordered. index=312097 637944324>637943794
#ERR Elements not ordered. index=312101 638072611>637947982
#ERR Elements not ordered. index=312163 638074232>638073790
#ERR Elements not ordered. index=312165 638292373>638075971
#ERR Elements not ordered. index=312289 638312089>638304423
#ERR Elements not ordered. index=312293 638329614>638314375
#ERR Elements not ordered. index=312303 638338719>638336300
#ERR Elements not ordered. index=312305 638340424>638338861
#ERR Elements not ordered. index=312309 638357429>638341057
#ERR Elements not ordered. index=312323 638361829>638359358
#ERR Elements not ordered. index=312325 638418530>638364418
#ERR Elements not ordered. index=312357 638495869>638419700
#ERR Elements not ordered. index=312421 639235884>638513794
#ERR Elements not ordered. index=312797 639251802>639239343
#ERR Elements not ordered. index=312805 639318448>639254040
#ERR Elements not ordered. index=312837 639347564>639325496
#ERR Elements not ordered. index=312851 639358251>639356662
#ERR Elements not ordered. index=312853 639360924>639358397
#ERR Elements not ordered. index=312859 639372852>639372181
#ERR Elements not ordered. index=312861 639380095>639372985
#ERR Elements not ordered. index=312865 639388685>639384803
#ERR Elements not ordered. index=312869 639486036>639390097
#ERR Elements not ordered. index=312909 639514080>639503004
#ERR Elements not ordered. index=312917 639539116>639514557
#ERR Elements not ordered. index=312931 639540845>639540227
#ERR Elements not ordered. index=312933 639864959>636317591
#ERR Elements not ordered. index=312935 639542443>639540892
#ERR Elements not ordered. index=312949 639565330>639545030
#ERR Elements not ordered. index=312951 639569894>639565714
#ERR Elements not ordered. index=312957 639583673>639572388
#ERR Elements not ordered. index=312961 639593064>639584991
#ERR Elements not ordered. index=312965 639599616>639594654
#ERR Elements not ordered. index=312967 639607145>639601651
#ERR Elements not ordered. index=312969 639610105>639607649
#ERR Elements not ordered. index=312971 639610870>639610762
#ERR Elements not ordered. index=312973 639617565>639613567
#ERR Elements not ordered. index=312997 639685706>639631702
#ERR Elements not ordered. index=312999 639695238>639689129
#ERR Elements not ordered. index=313005 639704787>639697316
#ERR Elements not ordered. index=313013 639721734>639708472
#ERR Elements not ordered. index=313017 639731078>639729033
#ERR Elements not ordered. index=313019 639733764>639732403
#ERR Elements not ordered. index=313061 639819016>639742006
#ERR Elements not ordered. index=313065 639833112>639822183
#ERR Elements not ordered. index=313069 639836381>639834807
#ERR Elements not ordered. index=313071 639837988>639836825
#ERR Elements not ordered. index=313073 639840752>639840158
#ERR Elements not ordered. index=313075 639848262>639840764
#ERR Elements not ordered. index=313087 639870938>639867622
#ERR Elements not ordered. index=313089 639880513>639870977
#ERR Elements not ordered. index=313093 639884992>639850883
#ERR Elements not ordered. index=313095 639891430>639890650
#ERR Elements not ordered. index=313097 639897415>639892070
#ERR Elements not ordered. index=313099 639898780>639898476
#ERR Elements not ordered. index=313101 639908869>639891566
#ERR Elements not ordered. index=313105 639912032>639910333
#ERR Elements not ordered. index=313107 639916388>639912284
#ERR Elements not ordered. index=313109 639924967>639906330
#ERR Elements not ordered. index=313113 639927359>639922904
#ERR Elements not ordered. index=313115 639926394>639925970
#ERR Elements not ordered. index=313117 639936425>639931676
#ERR Elements not ordered. index=313121 639951017>639946392
#ERR Elements not ordered. index=313125 639958092>639952197
#ERR Elements not ordered. index=313133 639968693>639963535
#ERR Elements not ordered. index=313135 639971256>639970420
#ERR Elements not ordered. index=313137 639979387>639972946
#ERR Elements not ordered. index=313141 639992957>639981677
#ERR Elements not ordered. index=313149 640000783>639993487
#ERR Elements not ordered. index=313155 640004821>640004220
#ERR Elements not ordered. index=313157 640053756>640014517
#ERR Elements not ordered. index=313177 640060044>640056650
#ERR Elements not ordered. index=313181 640080163>640065141
#ERR Elements not ordered. index=313189 640207744>640080516
#ERR Elements not ordered. index=313261 640215596>640212809
#ERR Elements not ordered. index=313265 640222764>640216263
#ERR Elements not ordered. index=313269 640240804>640225143
#ERR Elements not ordered. index=313277 640244300>640241615
#ERR Elements not ordered. index=313283 640254087>640253149
#ERR Elements not ordered. index=313285 640299872>640254396
#ERR Elements not ordered. index=313303 640300845>640300661
#ERR Elements not ordered. index=313305 640305311>640304601
#ERR Elements not ordered. index=313309 640314917>640306029
#ERR Elements not ordered. index=313317 640445856>640326862
#ERR Elements not ordered. index=313379 640454502>640452531
#ERR Elements not ordered. index=313381 640456767>640455506
#ERR Elements not ordered. index=313385 640462711>640460729
#ERR Elements not ordered. index=313389 640477866>640466914
#ERR Elements not ordered. index=313395 640479974>640478799
#ERR Elements not ordered. index=313397 640505044>640481570
#ERR Elements not ordered. index=313413 640557763>640505593
#ERR Elements not ordered. index=313441 640567791>640558603
#ERR Elements not ordered. index=313445 641043157>640571065
#ERR Elements not ordered. index=313715 641057423>641056991
#ERR Elements not ordered. index=313717 641064011>641060348
#ERR Elements not ordered. index=313725 641076601>641074406
#ERR Elements not ordered. index=313731 641085947>641084513
#ERR Elements not ordered. index=313733 641143406>641090109
#ERR Elements not ordered. index=313757 641160830>641157128
#ERR Elements not ordered. index=313761 641165124>641162378
#ERR Elements not ordered. index=313765 641295901>641170711
#ERR Elements not ordered. index=313821 641314822>641298440
#ERR Elements not ordered. index=313829 641554563>641317233
#ERR Elements not ordered. index=313943 641556941>641555397
#ERR Elements not ordered. index=313945 641565351>641557219
#ERR Elements not ordered. index=313949 641579958>641568994
#ERR Elements not ordered. index=313957 643162935>639928021
#ERR Elements not ordered. index=313959 641590131>641584652
#ERR Elements not ordered. index=313961 641599913>641592691
#ERR Elements not ordered. index=313963 641604844>641603070
#ERR Elements not ordered. index=314085 641865635>641623966
#ERR Elements not ordered. index=314089 641871989>641866164
#ERR Elements not ordered. index=314093 641893916>641875494
#ERR Elements not ordered. index=314097 641902895>641894519
#ERR Elements not ordered. index=314149 641995094>641910263
#ERR Elements not ordered. index=314151 641995576>641995324
#ERR Elements not ordered. index=314157 642006786>641997827
#ERR Elements not ordered. index=314181 642054217>642012582
#ERR Elements not ordered. index=314189 642065911>642055402
#ERR Elements not ordered. index=314191 642074633>642072673
#ERR Elements not ordered. index=314469 642684903>642077400
#ERR Elements not ordered. index=314485 642719122>642694022
#ERR Elements not ordered. index=314493 642736065>642723271
#ERR Elements not ordered. index=314495 642743695>642742093
#ERR Elements not ordered. index=314597 642943048>642750337
#ERR Elements not ordered. index=314601 642956424>642946673
#ERR Elements not ordered. index=314603 642958418>642957108
#ERR Elements not ordered. index=314613 642974513>642965858
#ERR Elements not ordered. index=314617 642978093>642976378
#ERR Elements not ordered. index=314661 643097323>642983336
#ERR Elements not ordered. index=314663 643101432>643100352
#ERR Elements not ordered. index=314665 643102689>643102687
#ERR Elements not ordered. index=314669 643108218>643107471
#ERR Elements not ordered. index=314677 643124063>643109151
#ERR Elements not ordered. index=314685 643140746>643127944
#ERR Elements not ordered. index=314689 643148504>643144135
#ERR Elements not ordered. index=314691 643151397>643151372
#ERR Elements not ordered. index=314697 643168473>643163295
#ERR Elements not ordered. index=314701 643181791>643169121
#ERR Elements not ordered. index=314709 643205545>643188215
#ERR Elements not ordered. index=314725 643272539>643212043
#ERR Elements not ordered. index=314757 643290070>643284446
#ERR Elements not ordered. index=314761 643293547>643291339
#ERR Elements not ordered. index=314765 643310001>643299209
#ERR Elements not ordered. index=314773 643359074>643310615
#ERR Elements not ordered. index=314789 643447345>643364207
#ERR Elements not ordered. index=314829 643451489>643451092
#ERR Elements not ordered. index=314833 643460224>643458472
#ERR Elements not ordered. index=314837 643491381>643475093
#ERR Elements not ordered. index=314849 643496869>643495825
#ERR Elements not ordered. index=314853 643642414>643498830
#ERR Elements not ordered. index=314957 643684269>643684184
#ERR Elements not ordered. index=314959 643687149>643686330
#ERR Elements not ordered. index=314963 643704695>643704667
#ERR Elements not ordered. index=314965 643711027>643707135
#ERR Elements not ordered. index=314967 643713732>643711431
#ERR Elements not ordered. index=314975 643726573>643720711
#ERR Elements not ordered. index=314977 643735438>643727228
#ERR Elements not ordered. index=314981 643743132>643158030
#ERR Elements not ordered. index=314985 643740529>643736651
#ERR Elements not ordered. index=314987 643754612>643745260
#ERR Elements not ordered. index=314989 643760865>643755205
#ERR Elements not ordered. index=314993 643770692>643764591
#ERR Elements not ordered. index=314997 643797531>643745098
#ERR Elements not ordered. index=315001 643792700>643786052
#ERR Elements not ordered. index=315005 643808804>643802684
#ERR Elements not ordered. index=315011 643813307>643813254
#ERR Elements not ordered. index=315013 643837973>643795241
#ERR Elements not ordered. index=315021 643828457>643818234
#ERR Elements not ordered. index=315025 643844190>643832484
#ERR Elements not ordered. index=315027 643846194>643845745
#ERR Elements not ordered. index=315029 643847164>643846545
#ERR Elements not ordered. index=315031 643850819>643849618
#ERR Elements not ordered. index=315033 643854895>643854823
#ERR Elements not ordered. index=315035 643859054>643858370
#ERR Elements not ordered. index=315037 643869046>643862645
#ERR Elements not ordered. index=315045 643886555>643874197
#ERR Elements not ordered. index=315057 643896325>643892648
#ERR Elements not ordered. index=315059 643897725>643896409
#ERR Elements not ordered. index=315061 643906441>643898203
#ERR Elements not ordered. index=315065 643909275>643907889
#ERR Elements not ordered. index=315069 643918174>643911285
#ERR Elements not ordered. index=315077 643977806>643922371
#ERR Elements not ordered. index=315101 643988530>643984794
#ERR Elements not ordered. index=315105 643995044>643992972
#ERR Elements not ordered. index=315109 644012067>643852742
#ERR Elements not ordered. index=315113 644013060>644008300
#ERR Elements not ordered. index=315115 644018977>644017850
#ERR Elements not ordered. index=315117 644020935>644020531
#ERR Elements not ordered. index=315119 644024853>644024617
#ERR Elements not ordered. index=315121 644040843>644026129
#ERR Elements not ordered. index=315129 644051399>644049821
#ERR Elements not ordered. index=315133 644062245>644059156
#ERR Elements not ordered. index=315141 644074439>644037873
#ERR Elements not ordered. index=315149 644076582>644070733
#ERR Elements not ordered. index=315151 644089926>644084861
#ERR Elements not ordered. index=315153 644091905>644090987
#ERR Elements not ordered. index=315157 644097686>644086014
#ERR Elements not ordered. index=315163 644103353>644103301
#ERR Elements not ordered. index=315165 644111542>644108353
#ERR Elements not ordered. index=315167 644114224>644112633
#ERR Elements not ordered. index=315169 644117468>644114816
#ERR Elements not ordered. index=315173 644160511>644094544
#ERR Elements not ordered. index=315177 644127978>644121925
#ERR Elements not ordered. index=315181 644132220>644130045
#ERR Elements not ordered. index=315183 644143760>644140385
#ERR Elements not ordered. index=315189 644156622>644145345
#ERR Elements not ordered. index=315191 644157415>644157094
#ERR Elements not ordered. index=315193 644170357>644160525
#ERR Elements not ordered. index=315197 644181323>644174817
#ERR Elements not ordered. index=315211 644212705>644211533
#ERR Elements not ordered. index=315213 644226644>644217736
#ERR Elements not ordered. index=315233 644271547>644260879
#ERR Elements not ordered. index=315237 644292671>644157897
#ERR Elements not ordered. index=315239 644278073>644275255
#ERR Elements not ordered. index=315241 644280155>644278813
#ERR Elements not ordered. index=315247 644297311>644295335
#ERR Elements not ordered. index=315249 644304256>644301898
#ERR Elements not ordered. index=315253 644318962>644305128
#ERR Elements not ordered. index=315269 644332920>644287723
#ERR Elements not ordered. index=315271 644333894>644333291
#ERR Elements not ordered. index=315273 644338568>644337584
#ERR Elements not ordered. index=315275 644339786>644339300
#ERR Elements not ordered. index=315277 644342725>644342239
#ERR Elements not ordered. index=315285 644364021>644336601
#ERR Elements not ordered. index=315289 644380367>644369309
#ERR Elements not ordered. index=315293 644396554>644363354
#ERR Elements not ordered. index=315297 644398041>644381083
#ERR Elements not ordered. index=315299 644401222>644400452
#ERR Elements not ordered. index=315301 644416253>644399838
#ERR Elements not ordered. index=315309 644432887>644408727
#ERR Elements not ordered. index=315313 644427655>644420662
#ERR Elements not ordered. index=315315 644436191>644432768
#ERR Elements not ordered. index=315317 644443935>644436389
#ERR Elements not ordered. index=315319 644439817>644439404
#ERR Elements not ordered. index=315325 644447283>644444101
#ERR Elements not ordered. index=315331 644455952>644454804
#ERR Elements not ordered. index=315333 644516759>644458770
#ERR Elements not ordered. index=315337 644474829>644462222
#ERR Elements not ordered. index=315349 644498585>644483066
#ERR Elements not ordered. index=315353 644509862>644504362
#ERR Elements not ordered. index=315357 644522615>644512651
#ERR Elements not ordered. index=315359 644531110>644528707
#ERR Elements not ordered. index=315361 644539479>644524095
#ERR Elements not ordered. index=315365 644700264>644537685
#ERR Elements not ordered. index=315369 644557488>644553631
#ERR Elements not ordered. index=315373 644576989>644562020
#ERR Elements not ordered. index=315375 644582654>644579143
#ERR Elements not ordered. index=315397 644638874>644592787
#ERR Elements not ordered. index=315413 644671663>644646257
#ERR Elements not ordered. index=315415 644671819>644671775
#ERR Elements not ordered. index=315421 644680907>644673257
#ERR Elements not ordered. index=315423 644683278>644682365
#ERR Elements not ordered. index=315425 644685929>644683560
#ERR Elements not ordered. index=315427 644690661>644686183
#ERR Elements not ordered. index=315429 644698003>644691280
#ERR Elements not ordered. index=315433 644708169>644703114
#ERR Elements not ordered. index=315437 644724784>644712854
#ERR Elements not ordered. index=315443 644732153>644731357
#ERR Elements not ordered. index=315445 644764181>644722931
#ERR Elements not ordered. index=315447 644738835>644734990
#ERR Elements not ordered. index=315451 644745227>644741119
#ERR Elements not ordered. index=315461 644850251>644772586
#ERR Elements not ordered. index=315493 645278371>644749033
#ERR Elements not ordered. index=315525 644935274>644862374
#ERR Elements not ordered. index=315541 644955927>644937025
#ERR Elements not ordered. index=315549 644970636>644956586
#ERR Elements not ordered. index=315553 644973548>644971435
#ERR Elements not ordered. index=315555 644982050>644978532
#ERR Elements not ordered. index=315561 645003772>645003510
#ERR Elements not ordered. index=315589 645072530>645028065
#ERR Elements not ordered. index=315591 645076470>645075429
#ERR Elements not ordered. index=315605 645101303>645077357
#ERR Elements not ordered. index=315609 645109941>645103833
#ERR Elements not ordered. index=315611 645110210>645110112
#ERR Elements not ordered. index=315621 645139847>645128333
#ERR Elements not ordered. index=315623 645145407>645141033
#ERR Elements not ordered. index=315625 645146174>645145411
#ERR Elements not ordered. index=315635 645160828>645154176
#ERR Elements not ordered. index=315639 645168501>645166516
#ERR Elements not ordered. index=315641 645169955>645168832
#ERR Elements not ordered. index=315653 645205872>645189683
#ERR Elements not ordered. index=315657 645211672>645206594
#ERR Elements not ordered. index=315667 645241073>645240307
#ERR Elements not ordered. index=315669 645242759>645241781
#ERR Elements not ordered. index=315671 645243696>645243634
#ERR Elements not ordered. index=315673 645254558>645245654
#ERR Elements not ordered. index=315675 645257560>645256326
#ERR Elements not ordered. index=315685 645295747>645292600
#ERR Elements not ordered. index=315691 645308974>645306443
#ERR Elements not ordered. index=315693 645310392>645309842
#ERR Elements not ordered. index=315697 645336460>645328050
#ERR Elements not ordered. index=315701 645366868>645339493
#ERR Elements not ordered. index=315713 645377052>645371495
#ERR Elements not ordered. index=315717 645423723>645378068
#ERR Elements not ordered. index=315749 645687661>645448054
#ERR Elements not ordered. index=315843 645697957>645697360
#ERR Elements not ordered. index=315845 645699940>645698058
#ERR Elements not ordered. index=315849 645705684>645704998
#ERR Elements not ordered. index=315851 645711303>645710095
#ERR Elements not ordered. index=315853 645724965>645714999
#ERR Elements not ordered. index=315861 645753533>645725572
#ERR Elements not ordered. index=315877 645847718>645758600
#ERR Elements not ordered. index=315917 645859684>645855632
#ERR Elements not ordered. index=315925 645900530>645869627
#ERR Elements not ordered. index=315941 645992147>645906220
#ERR Elements not ordered. index=315989 645995852>645992629
#ERR Elements not ordered. index=315993 646004649>646002741
#ERR Elements not ordered. index=315995 646006735>646005455
#ERR Elements not ordered. index=315997 646010283>646007684
#ERR Elements not ordered. index=316001 646011127>646010590
#ERR Elements not ordered. index=316005 647152901>645258338
#ERR Elements not ordered. index=316013 646027071>646023544
#ERR Elements not ordered. index=316021 646043928>646029074
#ERR Elements not ordered. index=316023 646046300>646044369
#ERR Elements not ordered. index=316029 646053815>646049032
#ERR Elements not ordered. index=316069 646116010>646057325
#ERR Elements not ordered. index=316077 646127976>646122577
#ERR Elements not ordered. index=316081 646130645>646129573
#ERR Elements not ordered. index=316083 646142206>646130899
#ERR Elements not ordered. index=316101 646175089>646150092
#ERR Elements not ordered. index=316105 646183064>646180613
#ERR Elements not ordered. index=316117 646202885>646191083
#ERR Elements not ordered. index=316119 646205800>646203659
#ERR Elements not ordered. index=316125 646220793>646208506
#ERR Elements not ordered. index=316129 646224479>646221971
#ERR Elements not ordered. index=316261 646448676>646227528
#ERR Elements not ordered. index=316265 646453791>646451957
#ERR Elements not ordered. index=316267 646458376>646457637
#ERR Elements not ordered. index=316325 646559542>646467619
#ERR Elements not ordered. index=316329 646571533>646565540
#ERR Elements not ordered. index=316331 646575301>646573606
#ERR Elements not ordered. index=316357 646626369>646579162
#ERR Elements not ordered. index=316365 646650876>646644686
#ERR Elements not ordered. index=316369 646661735>646651372
#ERR Elements not ordered. index=316373 646668235>646667491
#ERR Elements not ordered. index=316375 646671069>646670447
#ERR Elements not ordered. index=316389 646704621>646673492
#ERR Elements not ordered. index=316397 646723873>646704731
#ERR Elements not ordered. index=316401 646724836>646724132
#ERR Elements not ordered. index=316405 646739514>646731558
#ERR Elements not ordered. index=316407 646741858>646740553
#ERR Elements not ordered. index=316517 646992457>646746987
#ERR Elements not ordered. index=316533 647028499>647002388
#ERR Elements not ordered. index=316541 647040033>647031576
#ERR Elements not ordered. index=316549 647050501>647045016
#ERR Elements not ordered. index=316551 647058516>647050622
#ERR Elements not ordered. index=316581 647116852>647063815
#ERR Elements not ordered. index=316585 647123389>647122569
#ERR Elements not ordered. index=316589 647133551>647124994
#ERR Elements not ordered. index=316597 647143283>647138283
#ERR Elements not ordered. index=316603 647157867>647157860
#ERR Elements not ordered. index=316605 647172270>647158052
#ERR Elements not ordered. index=316613 647198815>647173454
#ERR Elements not ordered. index=316633 647210735>647206539
#ERR Elements not ordered. index=316637 647219706>647213790
#ERR Elements not ordered. index=316643 647222660>647220323
#ERR Elements not ordered. index=316645 647345303>647223128
#ERR Elements not ordered. index=316705 647350360>647350326
#ERR Elements not ordered. index=316709 647367347>647357802
#ERR Elements not ordered. index=316717 647382254>647375240
#ERR Elements not ordered. index=316725 647407738>647387295
#ERR Elements not ordered. index=316741 647451640>647414769
#ERR Elements not ordered. index=316765 647468675>647460987
#ERR Elements not ordered. index=316773 647876207>647478861
#ERR Elements not ordered. index=316989 647883759>647879849
#ERR Elements not ordered. index=316995 647892091>647891332
#ERR Elements not ordered. index=316997 647919942>647895207
#ERR Elements not ordered. index=317013 647936138>647926132
#ERR Elements not ordered. index=317019 647948740>647947126
#ERR Elements not ordered. index=317021 647950367>647949529
#ERR Elements not ordered. index=317025 647969257>647966697
#ERR Elements not ordered. index=317029 -1>647150798
#ERR Elements not ordered. index=317031 647974727>647973104
#ERR Elements not ordered. index=317045 647997238>647982747
#ERR Elements not ordered. index=317049 647998699>647997453
#ERR Elements not ordered. index=317053 648007489>648007326
#ERR Elements not ordered. index=317055 648008636>648008402
#ERR Elements not ordered. index=317057 648009921>648009140
#ERR Elements not ordered. index=317059 648013726>648011611
#ERR Elements not ordered. index=317061 648020136>648013991
#ERR Elements not ordered. index=317063 648024907>648020382
#ERR Elements not ordered. index=317285 648462770>648028694
#ERR Elements not ordered. index=317293 648476085>648472733
#ERR Elements not ordered. index=317295 648478086>648477982
#ERR Elements not ordered. index=317297 648478935>648478204
#ERR Elements not ordered. index=317301 648479723>648479715
#SDC Ite:0 KerTime:4.099731 AccTime:4.099731 KerErr:628 AccErr:628
#ABORT too many errors per iteration
#END