#HEADER size:1048576
#BEGIN Y:2016 M:09 D:13 Time:18:36:23
#IT Ite:0 KerTime:0.101616 AccTime:0.101616
#ERR Elements not ordered. index=0 1759126248>1130356925
#ERR Elements not ordered. index=524288 2108324205>1057392578
#ERR Elements not ordered. index=786432 1792653007>1378783644
#ERR Elements not ordered. index=524290 1687792523>919006330
#ERR Elements not ordered. index=524291 919006330>563696370
#ERR Elements not ordered. index=524293 1316822879>998649674
#ERR Elements not ordered. index=524296 1911891045>1570315927
#ERR Elements not ordered. index=524297 1570315927>207647132
#ERR Elements not ordered. index=524300 2142900717>570155458
#ERR Elements not ordered. index=524301 570155458>105919404
#ERR Elements not ordered. index=524304 1038606495>741447410
#ERR Elements not ordered. index=524306 1954862324>1749854185
#ERR Elements not ordered. index=524307 1749854185>855214773
#ERR Elements not ordered. index=524309 1631996144>973687050
#ERR Elements not ordered. index=262145 1616186845>564034386
#ERR Elements not ordered. index=786433 1378783644>1300737889
#ERR Elements not ordered. index=524311 1997470174>1908555928
#ERR Elements not ordered. index=524312 1908555928>11558696
#ERR Elements not ordered. index=524316 1587455512>176097027
#ERR Elements not ordered. index=524318 1614331109>1548296070
#ERR Elements not ordered. index=524319 1548296070>1233489605
#ERR Elements not ordered. index=524320 1233489605>1154639984
#ERR Elements not ordered. index=524321 1154639984>319818752
#ERR Elements not ordered. index=524323 1797185975>323979215
#ERR Elements not ordered. index=524326 1481960385>88386612
#ERR Elements not ordered. index=524329 1689607517>614619348
#ERR Elements not ordered. index=524331 736717775>112279327
#ERR Elements not ordered. index=262147 975199003>787316232
#ERR Elements not ordered. index=786436 1987451631>755028290
#ERR Elements not ordered. index=4 2044557546>1205737818
#ERR Elements not ordered. index=786437 755028290>662476403
#ERR Elements not ordered. index=262148 787316232>730750938
#ERR Elements not ordered. index=786439 1115812087>93824484
#ERR Elements not ordered. index=786442 1369984217>793290863
#ERR Elements not ordered. index=786444 1981563202>1275892022
#ERR Elements not ordered. index=786445 1275892022>199449231
#ERR Elements not ordered. index=786447 560275744>40845513
#ERR Elements not ordered. index=5 1205737818>780419594
#ERR Elements not ordered. index=6 780419594>380976503
#ERR Elements not ordered. index=8 1392494692>143713605
#ERR Elements not ordered. index=10 1961072755>1417150895
#ERR Elements not ordered. index=12 1666467785>224744760
#ERR Elements not ordered. index=524336 1461986162>873786245
#ERR Elements not ordered. index=524337 873786245>753256360
#ERR Elements not ordered. index=262151 1917108761>711743532
#ERR Elements not ordered. index=262152 711743532>388790165
#ERR Elements not ordered. index=524338 753256360>169717287
#ERR Elements not ordered. index=15 2062955814>1239522595
#ERR Elements not ordered. index=262155 1606003851>529399234
#ERR Elements not ordered. index=262158 1542791198>8745777
#ERR Elements not ordered. index=524341 1726943410>19703813
#ERR Elements not ordered. index=16 1239522595>933919552
#ERR Elements not ordered. index=524344 1738502107>158385721
#ERR Elements not ordered. index=262160 1546827180>40496951
#ERR Elements not ordered. index=524346 1592337419>1178473971
#ERR Elements not ordered. index=17 933919552>691844116
#ERR Elements not ordered. index=18 691844116>202887197
#ERR Elements not ordered. index=786449 1967957923>1803710803
#ERR Elements not ordered. index=20 226052681>22025961
#ERR Elements not ordered. index=262162 1967053389>603595621
#ERR Elements not ordered. index=524347 1178473971>334482748
#ERR Elements not ordered. index=262164 1123831508>1084067919
#ERR Elements not ordered. index=786450 1803710803>1784347545
#ERR Elements not ordered. index=786451 1784347545>1584023178
#ERR Elements not ordered. index=786453 2132987300>1254882895
#ERR Elements not ordered. index=786456 1961939513>1473787223
#ERR Elements not ordered. index=22 931443739>684244090
#ERR Elements not ordered. index=786457 1473787223>161227320
#ERR Elements not ordered. index=524349 1059184880>579286393
#ERR Elements not ordered. index=262166 2014471622>1494642182
#ERR Elements not ordered. index=262167 1494642182>1248619013
#ERR Elements not ordered. index=524351 1567972354>66341217
#ERR Elements not ordered. index=524354 1217674681>390320432
#ERR Elements not ordered. index=524355 390320432>70089924
#ERR Elements not ordered. index=262170 1628591919>1140804689
#ERR Elements not ordered. index=262171 1140804689>1024510314
#ERR Elements not ordered. index=262172 1024510314>480655910
#ERR Elements not ordered. index=524357 552151419>478707045
#ERR Elements not ordered. index=524359 811390630>94275288
#ERR Elements not ordered. index=524362 1548108405>206554616
#ERR Elements not ordered. index=524364 1813865145>467032326
#ERR Elements not ordered. index=524366 1357440439>1128367659
#ERR Elements not ordered. index=262176 2096842755>2092608278
#ERR Elements not ordered. index=262177 2092608278>918102617
#ERR Elements not ordered. index=524369 2110696799>1298084946
#ERR Elements not ordered. index=262178 918102617>736675340
#ERR Elements not ordered. index=262179 736675340>675875569
#ERR Elements not ordered. index=524371 1699117314>1690156561
#ERR Elements not ordered. index=786460 2079580687>553762631
#ERR Elements not ordered. index=23 684244090>110133143
#ERR Elements not ordered. index=25 1325985575>465560365
#ERR Elements not ordered. index=27 1091909469>82447135
#ERR Elements not ordered. index=29 1853192720>466872681
#ERR Elements not ordered. index=31 1841573383>836065997
#ERR Elements not ordered. index=33 1852849544>1258662509
#ERR Elements not ordered. index=262181 1800173443>506300453
#ERR Elements not ordered. index=262183 1387619101>41479960
#ERR Elements not ordered. index=262185 1095638740>846139304
#ERR Elements not ordered. index=262186 846139304>570879194
#ERR Elements not ordered. index=524372 1690156561>1317788760
#ERR Elements not ordered. index=262187 570879194>122629624
#ERR Elements not ordered. index=262191 1669456804>281943805
#ERR Elements not ordered. index=262193 399194713>125568777
#ERR Elements not ordered. index=34 1258662509>733139895
#ERR Elements not ordered. index=37 2039082103>1114116399
#ERR Elements not ordered. index=262197 2140040399>752933847
#ERR Elements not ordered. index=524374 1818488336>1281175020
#ERR Elements not ordered. index=524376 1476174481>1263342107
#ERR Elements not ordered. index=262198 752933847>584397998
#ERR Elements not ordered. index=262200 1414929869>234042118
#ERR Elements not ordered. index=262202 1725202687>291956535
#ERR Elements not ordered. index=524377 1263342107>312165344
#ERR Elements not ordered. index=38 1114116399>156114759
#ERR Elements not ordered. index=39 156114759>35312060
#ERR Elements not ordered. index=524379 1810657229>175043340
#ERR Elements not ordered. index=262205 1106292931>234860149
#ERR Elements not ordered. index=524382 1231145935>241384557
#ERR Elements not ordered. index=262211 1727293130>805652561
#ERR Elements not ordered. index=262213 1907032929>967428583
#ERR Elements not ordered. index=262214 967428583>847132521
#ERR Elements not ordered. index=262217 1813567887>1418011715
#ERR Elements not ordered. index=262218 1418011715>977817645
#ERR Elements not ordered. index=262220 2055014742>1997636687
#ERR Elements not ordered. index=262221 1997636687>499790801
#ERR Elements not ordered. index=262222 499790801>189474899
#ERR Elements not ordered. index=262227 1732610384>617916330
#ERR Elements not ordered. index=262228 617916330>200700412
#ERR Elements not ordered. index=262229 200700412>169524734
#ERR Elements not ordered. index=262231 2032846199>434742531
#ERR Elements not ordered. index=262233 1894727421>177319086
#ERR Elements not ordered. index=262235 1149440559>853536704
#ERR Elements not ordered. index=262236 853536704>412179235
#ERR Elements not ordered. index=262239 1904954266>1565142001
#ERR Elements not ordered. index=262240 1565142001>1066746523
#ERR Elements not ordered. index=524384 1790556883>301336969
#ERR Elements not ordered. index=262242 1484763748>223310914
#ERR Elements not ordered. index=262244 826295804>304708684
#ERR Elements not ordered. index=524387 1860646808>853488388
#ERR Elements not ordered. index=524389 1110412034>524553790
#ERR Elements not ordered. index=786465 1977408391>1142650269
#ERR Elements not ordered. index=786467 1772514259>584953033
#ERR Elements not ordered. index=43 1701779845>1152450266
#ERR Elements not ordered. index=44 1152450266>353089468
#ERR Elements not ordered. index=46 1617252011>244489214
#ERR Elements not ordered. index=48 1287009021>161612480
#ERR Elements not ordered. index=51 1513061702>183638441
#ERR Elements not ordered. index=262248 2118276571>340971503
#ERR Elements not ordered. index=262251 2025807665>191124542
#ERR Elements not ordered. index=262253 1011608624>67798917
#ERR Elements not ordered. index=524391 947763676>56254779
#ERR Elements not ordered. index=524393 2072662195>1154318292
#ERR Elements not ordered. index=262257 1663049130>25599030
#ERR Elements not ordered. index=53 1378820151>49822145
#ERR Elements not ordered. index=56 557322078>515382510
#ERR Elements not ordered. index=262260 1863749542>195123765
#ERR Elements not ordered. index=786469 1805126673>740842698
#ERR Elements not ordered. index=58 1385681053>639769213
#ERR Elements not ordered. index=786470 740842698>678777518
#ERR Elements not ordered. index=59 639769213>221091582
#ERR Elements not ordered. index=61 1852553734>333858948
#ERR Elements not ordered. index=262262 2140247085>151008425
#ERR Elements not ordered. index=262264 2089851186>170082523
#ERR Elements not ordered. index=262266 1300448985>795904243
#ERR Elements not ordered. index=262267 795904243>582261759
#ERR Elements not ordered. index=262269 966463032>553374861
#ERR Elements not ordered. index=262271 2147403760>2033209556
#ERR Elements not ordered. index=262273 2038138609>223231027
#ERR Elements not ordered. index=262275 712021712>195363645
#ERR Elements not ordered. index=786471 678777518>47734233
#ERR Elements not ordered. index=786473 2110826915>1472068381
#ERR Elements not ordered. index=786475 2029297436>1239235290
#ERR Elements not ordered. index=262277 1293674462>246021890
#ERR Elements not ordered. index=262278 246021890>166156569
#ERR Elements not ordered. index=524395 1870119924>392210873
#ERR Elements not ordered. index=66 1790297474>321539698
#ERR Elements not ordered. index=68 1484119912>756930225
#ERR Elements not ordered. index=69 756930225>477654457
#ERR Elements not ordered. index=262280 1634645965>757839712
#ERR Elements not ordered. index=262281 757839712>44480586
#ERR Elements not ordered. index=262283 1825770507>1769448336
#ERR Elements not ordered. index=524396 392210873>364275083
#ERR Elements not ordered. index=524399 1733029445>327488234
#ERR Elements not ordered. index=524400 327488234>1605234
#ERR Elements not ordered. index=524403 2017644796>1319393994
#ERR Elements not ordered. index=524404 1319393994>955667800
#ERR Elements not ordered. index=262284 1769448336>112279503
#ERR Elements not ordered. index=73 2050920111>1073728169
#ERR Elements not ordered. index=74 1073728169>689602350
#ERR Elements not ordered. index=75 689602350>256525931
#ERR Elements not ordered. index=262288 1775328633>144358184
#ERR Elements not ordered. index=262291 1491594528>339481949
#ERR Elements not ordered. index=262294 1642602953>281849487
#ERR Elements not ordered. index=262296 1529179737>795568290
#ERR Elements not ordered. index=524406 1151336168>648084827
#ERR Elements not ordered. index=262299 2111441496>1762031323
#ERR Elements not ordered. index=262300 1762031323>1631128591
#ERR Elements not ordered. index=262302 2111361609>1647757231
#ERR Elements not ordered. index=262303 1647757231>1521783553
#ERR Elements not ordered. index=262304 1521783553>187108988
#ERR Elements not ordered. index=262307 1717147198>1480783450
#ERR Elements not ordered. index=262308 1480783450>458317185
#ERR Elements not ordered. index=262310 1883303767>967945768
#ERR Elements not ordered. index=262313 1927784354>646232627
#ERR Elements not ordered. index=524407 648084827>71526259
#ERR Elements not ordered. index=79 1543534952>705109013
#ERR Elements not ordered. index=81 1381467975>909113007
#ERR Elements not ordered. index=82 909113007>888747454
#ERR Elements not ordered. index=524409 1463501512>311258408
#ERR Elements not ordered. index=262316 2040063857>764991781
#ERR Elements not ordered. index=786477 1671517612>442089532
#ERR Elements not ordered. index=786480 1491991888>98316688
#ERR Elements not ordered. index=786483 928531418>83820340
#ERR Elements not ordered. index=83 888747454>612804478
#ERR Elements not ordered. index=786484 83820340>24343947
#ERR Elements not ordered. index=786487 2045759853>1498131171
#ERR Elements not ordered. index=524410 311258408>246569599
#ERR Elements not ordered. index=524411 246569599>207469602
#ERR Elements not ordered. index=524413 1542404344>487954156
#ERR Elements not ordered. index=262318 2097054478>1667908843
#ERR Elements not ordered. index=786488 1498131171>485873612
#ERR Elements not ordered. index=786491 1430228210>1039636243
#ERR Elements not ordered. index=786493 1225382727>1007494608
#ERR Elements not ordered. index=786494 1007494608>824698871
#ERR Elements not ordered. index=86 1182519038>1170126557
#ERR Elements not ordered. index=524415 1998026485>1843741313
#ERR Elements not ordered. index=524416 1843741313>1119659146
#ERR Elements not ordered. index=262319 1667908843>909349965
#ERR Elements not ordered. index=88 1474317662>420716443
#ERR Elements not ordered. index=90 1809895770>1695409244
#ERR Elements not ordered. index=91 1695409244>125786530
#ERR Elements not ordered. index=93 2143754719>605083175
#ERR Elements not ordered. index=95 1683706161>1588792528
#ERR Elements not ordered. index=96 1588792528>247897001
#ERR Elements not ordered. index=98 2005245859>925428793
#ERR Elements not ordered. index=524418 1711189645>549746053
#ERR Elements not ordered. index=262321 1315904607>1012019723
#ERR Elements not ordered. index=262323 1248831914>527518173
#ERR Elements not ordered. index=262324 527518173>507139028
#ERR Elements not ordered. index=262327 2056697910>1302707319
#ERR Elements not ordered. index=262328 1302707319>460951484
#ERR Elements not ordered. index=262330 2020655759>917254994
#ERR Elements not ordered. index=262332 2092080075>1984533720
#ERR Elements not ordered. index=262333 1984533720>417528577
#ERR Elements not ordered. index=262335 1466379980>24159060
#ERR Elements not ordered. index=262339 1504942510>1088141058
#ERR Elements not ordered. index=262340 1088141058>771863650
#ERR Elements not ordered. index=262341 771863650>325404630
#ERR Elements not ordered. index=262342 325404630>156814308
#ERR Elements not ordered. index=262346 994935894>444744566
#ERR Elements not ordered. index=262348 1736629039>944506724
#ERR Elements not ordered. index=262350 2112653409>498495356
#ERR Elements not ordered. index=100 1004827227>335416668
#ERR Elements not ordered. index=101 335416668>297377117
#ERR Elements not ordered. index=103 541979310>238853131
#ERR Elements not ordered. index=524419 549746053>82587532
#ERR Elements not ordered. index=524422 1497509729>138842312
#ERR Elements not ordered. index=524423 138842312>13438334
#ERR Elements not ordered. index=786496 1055307470>2661229
#ERR Elements not ordered. index=105 1371105287>1231581660
#ERR Elements not ordered. index=106 1231581660>495379062
#ERR Elements not ordered. index=108 1914601820>18189576
#ERR Elements not ordered. index=110 2038914015>472227185
#ERR Elements not ordered. index=524426 2008962236>405649208
#ERR Elements not ordered. index=262351 498495356>112927683
#ERR Elements not ordered. index=262354 1747327270>640445856
#ERR Elements not ordered. index=112 1399657552>800543374
#ERR Elements not ordered. index=524428 868619457>712482524
#ERR Elements not ordered. index=786500 1807787902>1190572180
#ERR Elements not ordered. index=786501 1190572180>171554373
#ERR Elements not ordered. index=786503 1855522136>1153915448
#ERR Elements not ordered. index=524430 2138678653>1196107692
#ERR Elements not ordered. index=524431 1196107692>714087758
#ERR Elements not ordered. index=262356 1484328512>1130525023
#ERR Elements not ordered. index=262357 1130525023>549660119
#ERR Elements not ordered. index=262360 1591476507>422832230
#ERR Elements not ordered. index=115 2012462030>1759478526
#ERR Elements not ordered. index=116 1759478526>396010029
#ERR Elements not ordered. index=262362 1556807177>1536072935
#ERR Elements not ordered. index=262363 1536072935>259882302
#ERR Elements not ordered. index=524433 1275858117>1066268840
#ERR Elements not ordered. index=119 1086312540>816726472
#ERR Elements not ordered. index=120 816726472>697517062
#ERR Elements not ordered. index=121 697517062>634238136
#ERR Elements not ordered. index=524435 2033481752>84042269
#ERR Elements not ordered. index=123 942513002>693788133
#ERR Elements not ordered. index=125 1239321311>478735515
#ERR Elements not ordered. index=126 478735515>135097013
#ERR Elements not ordered. index=128 1487218312>336497726
#ERR Elements not ordered. index=262365 1974335754>854969267
#ERR Elements not ordered. index=524436 84042269>70121360
#ERR Elements not ordered. index=130 1060525806>344561891
#ERR Elements not ordered. index=133 1357902924>886541202
#ERR Elements not ordered. index=135 910767525>581524563
#ERR Elements not ordered. index=262366 854969267>284041362
#ERR Elements not ordered. index=786506 1737335924>245667090
#ERR Elements not ordered. index=524438 534082931>155568528
#ERR Elements not ordered. index=262369 1891012798>1788983872
#ERR Elements not ordered. index=137 2118122862>1406146588
#ERR Elements not ordered. index=138 1406146588>348642735
#ERR Elements not ordered. index=262370 1788983872>1544817037
#ERR Elements not ordered. index=262371 1544817037>515392801
#ERR Elements not ordered. index=262373 2114388503>1701631345
#ERR Elements not ordered. index=262374 1701631345>1067557157
#ERR Elements not ordered. index=262375 1067557157>938542113
#ERR Elements not ordered. index=262376 938542113>549083591
#ERR Elements not ordered. index=262378 1512301723>527687504
#ERR Elements not ordered. index=262380 1493590316>1477471484
#ERR Elements not ordered. index=262381 1477471484>1026182860
#ERR Elements not ordered. index=262383 1606517999>307177320
#ERR Elements not ordered. index=262385 626026482>99480208
#ERR Elements not ordered. index=262387 1791505833>1756551505
#ERR Elements not ordered. index=524440 1533622873>845341339
#ERR Elements not ordered. index=140 2136312439>1297576955
#ERR Elements not ordered. index=141 1297576955>820869920
#ERR Elements not ordered. index=144 2098120329>34360911
#ERR Elements not ordered. index=147 1710115207>430370940
#ERR Elements not ordered. index=148 430370940>141086017
#ERR Elements not ordered. index=151 1247097412>838603079
#ERR Elements not ordered. index=524441 845341339>402138128
#ERR Elements not ordered. index=524443 1741092475>240262035
#ERR Elements not ordered. index=262388 1756551505>649140327
#ERR Elements not ordered. index=153 1283182235>42126767
#ERR Elements not ordered. index=155 1532391212>375019898
#ERR Elements not ordered. index=524447 2084003348>2009751430
#ERR Elements not ordered. index=262389 649140327>283574368
#ERR Elements not ordered. index=159 1862238210>857360009
#ERR Elements not ordered. index=160 857360009>580530384
#ERR Elements not ordered. index=161 580530384>59316454
#ERR Elements not ordered. index=164 1938433308>945857656
#ERR Elements not ordered. index=165 945857656>292558281
#ERR Elements not ordered. index=524448 2009751430>1155341310
#ERR Elements not ordered. index=524449 1155341310>486265753
#ERR Elements not ordered. index=169 1698704869>721116958
#ERR Elements not ordered. index=524451 2092338963>1243601097
#ERR Elements not ordered. index=524453 1983775483>83697627
#ERR Elements not ordered. index=262391 1200544365>1071972557
#ERR Elements not ordered. index=262393 1840381546>589133652
#ERR Elements not ordered. index=262396 1667233652>1444102919
#ERR Elements not ordered. index=171 905325661>848798176
#ERR Elements not ordered. index=173 1541986878>146328356
#ERR Elements not ordered. index=176 1576347789>1399793082
#ERR Elements not ordered. index=177 1399793082>362066416
#ERR Elements not ordered. index=179 2006718729>1540879099
#ERR Elements not ordered. index=180 1540879099>1011010515
#ERR Elements not ordered. index=182 1106332493>231998530
#ERR Elements not ordered. index=524455 1257039432>340636209
#ERR Elements not ordered. index=262399 2123909631>1187632070
#ERR Elements not ordered. index=183 231998530>146709102
#ERR Elements not ordered. index=186 1764389742>521729000
#ERR Elements not ordered. index=188 1669321543>1284394319
#ERR Elements not ordered. index=189 1284394319>236483562
#ERR Elements not ordered. index=192 1864924703>295800016
#ERR Elements not ordered. index=194 1908472307>1655874363
#ERR Elements not ordered. index=195 1655874363>1241657672
#ERR Elements not ordered. index=196 1241657672>53546940
#ERR Elements not ordered. index=198 2028348586>10670895
#ERR Elements not ordered. index=200 1752251809>601981896
#ERR Elements not ordered. index=202 915996556>453566337
#ERR Elements not ordered. index=204 2143968774>1062324913
#ERR Elements not ordered. index=207 1572832915>314634347
#ERR Elements not ordered. index=209 1615067610>1432067996
#ERR Elements not ordered. index=524457 2092659863>1662688640
#ERR Elements not ordered. index=524458 1662688640>1209255666
#ERR Elements not ordered. index=524459 1209255666>657658739
#ERR Elements not ordered. index=524461 1653883645>257879710
#ERR Elements not ordered. index=524463 1371746497>782258114
#ERR Elements not ordered. index=524465 1324148550>1257744601
#ERR Elements not ordered. index=262403 1703024871>1224301300
#ERR Elements not ordered. index=262404 1224301300>1075390717
#ERR Elements not ordered. index=262405 1075390717>623098380
#ERR Elements not ordered. index=262406 623098380>15359765
#ERR Elements not ordered. index=262409 2135400104>543047269
#ERR Elements not ordered. index=786508 1167656719>31941808
#ERR Elements not ordered. index=786510 1525747893>512164959
#ERR Elements not ordered. index=786511 512164959>130258496
#ERR Elements not ordered. index=211 1855513446>478594477
#ERR Elements not ordered. index=262413 1569230129>429615328
#ERR Elements not ordered. index=212 478594477>390916842
#ERR Elements not ordered. index=524466 1257744601>866300383
#ERR Elements not ordered. index=262415 1772565261>47772963
#ERR Elements not ordered. index=214 2087511976>625303579
#ERR Elements not ordered. index=217 1704418070>1147032579
#ERR Elements not ordered. index=218 1147032579>1061213997
#ERR Elements not ordered. index=219 1061213997>841328741
#ERR Elements not ordered. index=222 1440411901>558769797
#ERR Elements not ordered. index=224 1679316158>1201400561
#ERR Elements not ordered. index=225 1201400561>67160512
#ERR Elements not ordered. index=229 2095509099>784161078
#ERR Elements not ordered. index=231 859715663>550007347
#ERR Elements not ordered. index=233 1700157634>1313282000
#ERR Elements not ordered. index=234 1313282000>546492474
#ERR Elements not ordered. index=236 614998899>418799547
#ERR Elements not ordered. index=238 2119325389>929633246
#ERR Elements not ordered. index=240 2033867157>1403909738
#ERR Elements not ordered. index=241 1403909738>637663044
#ERR Elements not ordered. index=242 637663044>364977987
#ERR Elements not ordered. index=244 1794826580>577691372
#ERR Elements not ordered. index=786514 1440696378>214078836
#ERR Elements not ordered. index=247 1186719034>134625794
#ERR Elements not ordered. index=249 2137314146>100449384
#ERR Elements not ordered. index=524469 1791827532>1021868912
#ERR Elements not ordered. index=524470 1021868912>780409136
#ERR Elements not ordered. index=524471 780409136>489685224
#ERR Elements not ordered. index=524473 1424007040>374017963
#ERR Elements not ordered. index=262419 1804324469>1178235863
#ERR Elements not ordered. index=786517 1765342670>112355041
#ERR Elements not ordered. index=253 1540861285>1534724333
#ERR Elements not ordered. index=254 1534724333>905179150
#ERR Elements not ordered. index=255 905179150>594778198
#ERR Elements not ordered. index=259 1849725700>1549910296
#ERR Elements not ordered. index=260 1549910296>315346763
#ERR Elements not ordered. index=263 2099917644>2015504398
#ERR Elements not ordered. index=264 2015504398>1875239715
#ERR Elements not ordered. index=265 1875239715>498926470
#ERR Elements not ordered. index=266 498926470>483019649
#ERR Elements not ordered. index=262421 1700161814>857385186
#ERR Elements not ordered. index=786519 1817684064>103732634
#ERR Elements not ordered. index=267 483019649>146555614
#ERR Elements not ordered. index=270 1412652896>32939124
#ERR Elements not ordered. index=273 2050315940>397917111
#ERR Elements not ordered. index=275 1522020881>480523665
#ERR Elements not ordered. index=277 1388198677>561256268
#ERR Elements not ordered. index=280 1378029175>661705652
#ERR Elements not ordered. index=282 1591103995>603892167
#ERR Elements not ordered. index=262422 857385186>102724772
#ERR Elements not ordered. index=262425 1446518838>1434579631
#ERR Elements not ordered. index=262426 1434579631>912809717
#ERR Elements not ordered. index=262427 912809717>743138109
#ERR Elements not ordered. index=524475 729947259>166615676
#ERR Elements not ordered. index=262429 902992204>889235700
#ERR Elements not ordered. index=524477 1965653275>666466960
#ERR Elements not ordered. index=283 603892167>55083289
#ERR Elements not ordered. index=286 1509071318>649861488
#ERR Elements not ordered. index=287 649861488>432745878
#ERR Elements not ordered. index=289 1040257003>352103540
#ERR Elements not ordered. index=291 1982656174>1355603767
#ERR Elements not ordered. index=292 1355603767>914061255
#ERR Elements not ordered. index=294 1935090170>1223624517
#ERR Elements not ordered. index=295 1223624517>641817322
#ERR Elements not ordered. index=296 641817322>286532992
#ERR Elements not ordered. index=298 1706644166>788372937
#ERR Elements not ordered. index=524478 666466960>28883459
#ERR Elements not ordered. index=262431 1930770179>12905002
#ERR Elements not ordered. index=262434 1486311402>1237206302
#ERR Elements not ordered. index=262437 2109409783>1252566068
#ERR Elements not ordered. index=262438 1252566068>815376451
#ERR Elements not ordered. index=524482 2121222422>69628387
#ERR Elements not ordered. index=262440 2097326239>1795613337
#ERR Elements not ordered. index=262441 1795613337>1785957428
#ERR Elements not ordered. index=262442 1785957428>1415230531
#ERR Elements not ordered. index=262443 1415230531>1217359819
#ERR Elements not ordered. index=262444 1217359819>68089109
#ERR Elements not ordered. index=262447 1265132782>597184645
#ERR Elements not ordered. index=262448 597184645>309415942
#ERR Elements not ordered. index=524484 989024548>57436401
#ERR Elements not ordered. index=262452 2009577757>1779358789
#ERR Elements not ordered. index=262454 1878145281>1255153821
#ERR Elements not ordered. index=262455 1255153821>1078393979
#ERR Elements not ordered. index=524487 1329660757>2612616
#ERR Elements not ordered. index=524489 841872811>391432776
#ERR Elements not ordered. index=524491 660271356>348272808
#ERR Elements not ordered. index=524494 2032017853>1130530923
#ERR Elements not ordered. index=262457 1165241265>20479890
#ERR Elements not ordered. index=299 788372937>757301204
#ERR Elements not ordered. index=301 971813414>821312061
#ERR Elements not ordered. index=302 821312061>484495505
#ERR Elements not ordered. index=524496 1973461037>1142278807
#ERR Elements not ordered. index=524498 1996831306>1220247300
#ERR Elements not ordered. index=524499 1220247300>786622691
#ERR Elements not ordered. index=524502 2000656436>1276307915
#ERR Elements not ordered. index=524503 1276307915>147739962
#ERR Elements not ordered. index=262460 2068233469>909715591
#ERR Elements not ordered. index=524506 2006255175>314355639
#ERR Elements not ordered. index=262463 2081138471>1172710664
#ERR Elements not ordered. index=524507 314355639>45360378
#ERR Elements not ordered. index=524509 525238487>343239098
#ERR Elements not ordered. index=786525 2107923234>1968067748
#ERR Elements not ordered. index=262464 1172710664>943646375
#ERR Elements not ordered. index=262466 1170861126>363612806
#ERR Elements not ordered. index=524512 1677971200>316977872
#ERR Elements not ordered. index=524514 1088499703>519512101
#ERR Elements not ordered. index=262468 905572510>275943546
#ERR Elements not ordered. index=786526 1968067748>794273816
#ERR Elements not ordered. index=786528 2110584464>270313582
#ERR Elements not ordered. index=786531 1770888718>1460885763
#ERR Elements not ordered. index=524515 519512101>374414273
#ERR Elements not ordered. index=786532 1460885763>458605045
#ERR Elements not ordered. index=306 2006516387>1355169372
#ERR Elements not ordered. index=307 1355169372>459944201
#ERR Elements not ordered. index=308 459944201>420289007
#ERR Elements not ordered. index=310 1970318831>1837973377
#ERR Elements not ordered. index=311 1837973377>1081994659
#ERR Elements not ordered. index=262470 1178989258>855415101
#ERR Elements not ordered. index=262472 2071556883>817463038
#ERR Elements not ordered. index=524516 374414273>267683874
#ERR Elements not ordered. index=524518 1849172858>377026889
#ERR Elements not ordered. index=524520 1109556685>93121986
#ERR Elements not ordered. index=262473 817463038>123161984
#ERR Elements not ordered. index=524523 1457829493>742434473
#ERR Elements not ordered. index=262475 1141433054>885552147
#SDC Ite:0 KerTime:0.101616 AccTime:0.101616 KerErr:524636 AccErr:524636
#ABORT too many errors per iteration
#END