#HEADER size:1048576
#BEGIN Y:2016 M:09 D:13 Time:16:40:43
#IT Ite:0 KerTime:3.652998 AccTime:3.652998
#ERR The histogram from element 165834715 differs. srcHist=1 dstHist=2

#ERR The histogram from element 167186320 differs. srcHist=1 dstHist=0

#ERR The histogram from element 167808229 differs. srcHist=1 dstHist=0

#ERR Elements not ordered. index=80851 165014985>165014448
#ERR Elements not ordered. index=80855 165026745>165015967
#ERR Elements not ordered. index=80863 165057845>165030989
#ERR Elements not ordered. index=80879 165074268>165064963
#ERR Elements not ordered. index=80885 165076899>165074735
#ERR Elements not ordered. index=80887 165081265>165078509
#ERR Elements not ordered. index=80891 165088796>165085259
#ERR Elements not ordered. index=80895 165100593>165088922
#ERR Elements not ordered. index=80907 165107604>165105191
#ERR Elements not ordered. index=80911 165138421>165109470
#ERR Elements not ordered. index=80935 165153060>165152851
#ERR Elements not ordered. index=80971 165229851>165227248
#ERR Elements not ordered. index=80975 165282088>165226094
#ERR Elements not ordered. index=80979 165235129>165231053
#ERR Elements not ordered. index=80981 165238265>165235326
#ERR Elements not ordered. index=80983 165242889>165232008
#ERR Elements not ordered. index=80986 165834715>165255206
#ERR Elements not ordered. index=80987 165255206>165252099
#ERR Elements not ordered. index=80991 165266727>165239803
#ERR Elements not ordered. index=80995 165276656>165270250
#ERR Elements not ordered. index=80997 165273671>165270732
#ERR Elements not ordered. index=80999 165277950>165272456
#ERR Elements not ordered. index=81005 165287041>165283615
#ERR Elements not ordered. index=81007 165293537>165287195
#ERR Elements not ordered. index=81019 165305276>165305227
#ERR Elements not ordered. index=81023 165336392>165309742
#ERR Elements not ordered. index=81027 165322632>165321165
#ERR Elements not ordered. index=81039 165363031>165341976
#ERR Elements not ordered. index=81041 165346594>165344094
#ERR Elements not ordered. index=81043 165358210>165346311
#ERR Elements not ordered. index=81045 165356794>165349160
#ERR Elements not ordered. index=81047 165362265>165357826
#ERR Elements not ordered. index=81053 165374772>165372938
#ERR Elements not ordered. index=81055 165380067>165369575
#ERR Elements not ordered. index=81059 165385393>165383188
#ERR Elements not ordered. index=81067 165410535>165409309
#ERR Elements not ordered. index=81071 165419347>165417160
#ERR Elements not ordered. index=81079 165437113>165434958
#ERR Elements not ordered. index=81083 165444710>165443930
#ERR Elements not ordered. index=81087 165456442>165448204
#ERR Elements not ordered. index=81099 165473812>165464277
#ERR Elements not ordered. index=81103 165492352>165474907
#ERR Elements not ordered. index=81105 165478820>165476608
#ERR Elements not ordered. index=81107 165495214>165479857
#ERR Elements not ordered. index=81109 165492273>165480696
#ERR Elements not ordered. index=81111 165497632>165496488
#ERR Elements not ordered. index=81115 165501619>165499321
#ERR Elements not ordered. index=81119 165515396>165511818
#ERR Elements not ordered. index=81121 165512092>165511863
#ERR Elements not ordered. index=81129 165529528>165528141
#ERR Elements not ordered. index=81131 165530690>165530018
#ERR Elements not ordered. index=81135 165555122>165533727
#ERR Elements not ordered. index=81151 165559117>165555130
#ERR Elements not ordered. index=81155 165562342>165559477
#ERR Elements not ordered. index=81157 165565317>165563385
#ERR Elements not ordered. index=81159 165568612>165567948
#ERR Elements not ordered. index=81163 165578758>165570987
#ERR Elements not ordered. index=81167 165646960>165557945
#ERR Elements not ordered. index=81169 165584144>165578434
#ERR Elements not ordered. index=81171 165588206>165577873
#ERR Elements not ordered. index=81173 165590544>165586690
#ERR Elements not ordered. index=81175 165592751>165583207
#ERR Elements not ordered. index=81179 165611169>165591560
#ERR Elements not ordered. index=81181 165616425>165613671
#ERR Elements not ordered. index=81183 165620652>165598767
#ERR Elements not ordered. index=81187 165626833>165619301
#ERR Elements not ordered. index=81191 165633339>165626196
#ERR Elements not ordered. index=81193 165635501>165634728
#ERR Elements not ordered. index=81199 165661323>165641951
#ERR Elements not ordered. index=81203 165664224>165649603
#ERR Elements not ordered. index=81207 165677517>165666856
#ERR Elements not ordered. index=81215 165680439>165678598
#ERR Elements not ordered. index=81227 165697551>165696554
#ERR Elements not ordered. index=81229 165710087>165707271
#ERR Elements not ordered. index=81231 165814468>165690819
#ERR Elements not ordered. index=81233 165713045>165712304
#ERR Elements not ordered. index=81235 165722244>165713878
#ERR Elements not ordered. index=81237 165725897>165722304
#ERR Elements not ordered. index=81239 165727360>165717951
#ERR Elements not ordered. index=81241 165730995>165724441
#ERR Elements not ordered. index=81243 165746153>165732301
#ERR Elements not ordered. index=81247 165753111>165735626
#ERR Elements not ordered. index=81249 165752319>165748941
#ERR Elements not ordered. index=81251 165766018>165751223
#ERR Elements not ordered. index=81255 165771006>165762612
#ERR Elements not ordered. index=81257 165769040>165766065
#ERR Elements not ordered. index=81259 165779997>165767552
#ERR Elements not ordered. index=81261 165782106>165774976
#ERR Elements not ordered. index=81263 165787534>165769253
#ERR Elements not ordered. index=81265 165799114>165787570
#ERR Elements not ordered. index=81267 165804736>165791373
#ERR Elements not ordered. index=81269 165805892>165795694
#ERR Elements not ordered. index=81271 165849190>165797666
#ERR Elements not ordered. index=81273 165813984>165799284
#ERR Elements not ordered. index=81274 165799284>165249444
#ERR Elements not ordered. index=81279 165834715>165830546
#ERR Elements not ordered. index=81281 165838195>165831225
#ERR Elements not ordered. index=81283 165855715>165836581
#ERR Elements not ordered. index=81285 165855098>165850690
#ERR Elements not ordered. index=81287 165881401>165841766
#ERR Elements not ordered. index=81293 165869961>165867967
#ERR Elements not ordered. index=81295 165882014>165796872
#ERR Elements not ordered. index=81303 165890863>165876259
#ERR Elements not ordered. index=81305 165891135>165886338
#ERR Elements not ordered. index=81307 165895335>165894422
#ERR Elements not ordered. index=81311 165915343>165898444
#ERR Elements not ordered. index=81319 165926384>165917065
#ERR Elements not ordered. index=81323 165932236>165929261
#ERR Elements not ordered. index=81327 165990234>165891827
#ERR Elements not ordered. index=81331 165948014>165946625
#ERR Elements not ordered. index=81333 165957047>165955379
#ERR Elements not ordered. index=81335 165961133>165954883
#ERR Elements not ordered. index=81337 165959492>165959368
#ERR Elements not ordered. index=81343 165982684>165982180
#ERR Elements not ordered. index=81347 165996760>165992068
#ERR Elements not ordered. index=81351 166003498>165998546
#ERR Elements not ordered. index=81355 166019345>166009737
#ERR Elements not ordered. index=81359 166099438>166018308
#ERR Elements not ordered. index=81361 166035185>166032749
#ERR Elements not ordered. index=81367 166048584>166042122
#ERR Elements not ordered. index=81373 166055356>166049892
#ERR Elements not ordered. index=81375 166068359>166063454
#ERR Elements not ordered. index=81381 166076804>166074107
#ERR Elements not ordered. index=81387 166091636>166090716
#ERR Elements not ordered. index=81389 166092526>166091000
#ERR Elements not ordered. index=81391 166096040>166095501
#ERR Elements not ordered. index=81397 166113431>166109434
#ERR Elements not ordered. index=81399 166121324>166108691
#ERR Elements not ordered. index=81403 166117895>166116219
#ERR Elements not ordered. index=81407 166140057>166123729
#ERR Elements not ordered. index=81409 166131646>166127950
#ERR Elements not ordered. index=81411 166131647>166129405
#ERR Elements not ordered. index=81415 166137731>166136091
#ERR Elements not ordered. index=81423 166219103>166154279
#ERR Elements not ordered. index=81427 166164394>166159286
#ERR Elements not ordered. index=81429 166165312>166163109
#ERR Elements not ordered. index=81431 166169365>166166848
#ERR Elements not ordered. index=81441 166180803>166177245
#ERR Elements not ordered. index=81443 166190401>166187718
#ERR Elements not ordered. index=81445 166195539>166190457
#ERR Elements not ordered. index=81449 166203944>166200585
#ERR Elements not ordered. index=81451 166206415>166203140
#ERR Elements not ordered. index=81455 166211608>166207940
#ERR Elements not ordered. index=81457 166215354>166212993
#ERR Elements not ordered. index=81459 166218894>166217408
#ERR Elements not ordered. index=81463 166240725>166238025
#ERR Elements not ordered. index=81465 166251005>166247849
#ERR Elements not ordered. index=81467 166252261>166252161
#ERR Elements not ordered. index=81469 166254802>166252239
#ERR Elements not ordered. index=81471 166254852>166253720
#ERR Elements not ordered. index=81479 166279046>166272522
#ERR Elements not ordered. index=81483 166284611>166280263
#ERR Elements not ordered. index=81487 166310286>165998537
#ERR Elements not ordered. index=81499 166314983>166311331
#ERR Elements not ordered. index=81503 166332020>166295143
#ERR Elements not ordered. index=81511 166334396>166315911
#ERR Elements not ordered. index=81515 166344933>166340519
#ERR Elements not ordered. index=81519 166390622>166345476
#ERR Elements not ordered. index=81525 166357940>166357052
#ERR Elements not ordered. index=81527 166362004>166359707
#ERR Elements not ordered. index=81531 166371231>166368521
#ERR Elements not ordered. index=81535 166372645>166371509
#ERR Elements not ordered. index=81537 166375799>166372840
#ERR Elements not ordered. index=81539 166382570>166375904
#ERR Elements not ordered. index=81547 166404563>166397480
#ERR Elements not ordered. index=81551 166421413>166349303
#ERR Elements not ordered. index=81559 166427962>166409362
#ERR Elements not ordered. index=81567 166435820>166430586
#ERR Elements not ordered. index=81573 166443523>166442188
#ERR Elements not ordered. index=81575 166443564>166442803
#ERR Elements not ordered. index=81579 166446627>166445839
#ERR Elements not ordered. index=81583 166456415>166453141
#ERR Elements not ordered. index=81585 166457623>166457085
#ERR Elements not ordered. index=81587 166460422>166457672
#ERR Elements not ordered. index=81591 166477477>166464812
#ERR Elements not ordered. index=81601 166489861>166486767
#ERR Elements not ordered. index=81603 166494361>166489957
#ERR Elements not ordered. index=81607 166507298>166490274
#ERR Elements not ordered. index=81615 166558936>166508110
#ERR Elements not ordered. index=81623 166521257>166514838
#ERR Elements not ordered. index=81625 166528900>166527354
#ERR Elements not ordered. index=81635 166556289>166550841
#ERR Elements not ordered. index=81637 166561901>166561126
#ERR Elements not ordered. index=81639 166569298>166563512
#ERR Elements not ordered. index=81643 166574610>166572811
#ERR Elements not ordered. index=81647 166590143>166581147
#ERR Elements not ordered. index=81653 166596574>166590600
#ERR Elements not ordered. index=81655 166602885>166597920
#ERR Elements not ordered. index=81663 166645710>166608172
#ERR Elements not ordered. index=81665 166615676>166615182
#ERR Elements not ordered. index=81671 166638634>166637351
#ERR Elements not ordered. index=81677 166651867>166647420
#ERR Elements not ordered. index=81679 166700172>166651710
#ERR Elements not ordered. index=81681 166657186>166655915
#ERR Elements not ordered. index=81691 166696775>166695371
#ERR Elements not ordered. index=81695 166706614>166698666
#ERR Elements not ordered. index=81701 166716552>166715802
#ERR Elements not ordered. index=81703 166720450>166719918
#ERR Elements not ordered. index=81709 166744607>166742639
#ERR Elements not ordered. index=81711 166758544>166745710
#ERR Elements not ordered. index=81721 166766840>166766427
#ERR Elements not ordered. index=81723 166771360>166764118
#ERR Elements not ordered. index=81725 166774349>166768695
#ERR Elements not ordered. index=81727 166789287>166774838
#ERR Elements not ordered. index=81729 166785097>166780889
#ERR Elements not ordered. index=81731 166792392>166790263
#ERR Elements not ordered. index=81735 166805699>166799303
#ERR Elements not ordered. index=81739 166804716>166801890
#ERR Elements not ordered. index=81743 166976198>165000273
#ERR Elements not ordered. index=81747 166812285>166811980
#ERR Elements not ordered. index=81753 166822389>166820430
#ERR Elements not ordered. index=81755 166824003>166822424
#ERR Elements not ordered. index=81759 166829313>166810234
#ERR Elements not ordered. index=81763 166839443>166829022
#ERR Elements not ordered. index=81771 166856057>166855371
#ERR Elements not ordered. index=81775 166860704>166816518
#ERR Elements not ordered. index=81777 166861725>166860548
#ERR Elements not ordered. index=81783 166879198>166878462
#ERR Elements not ordered. index=81791 166890821>166884946
#ERR Elements not ordered. index=81799 166900553>166897246
#ERR Elements not ordered. index=81807 166914434>166894172
#ERR Elements not ordered. index=81823 166966495>166940981
#ERR Elements not ordered. index=81825 166960324>166957150
#ERR Elements not ordered. index=81835 166987168>166986426
#ERR Elements not ordered. index=81837 166992564>166989112
#ERR Elements not ordered. index=81839 166998877>166996646
#ERR Elements not ordered. index=81845 167006536>167005814
#ERR Elements not ordered. index=81847 167007739>167007323
#ERR Elements not ordered. index=81849 167017164>167011565
#ERR Elements not ordered. index=81851 167025262>167021363
#ERR Elements not ordered. index=81855 167057020>167033688
#ERR Elements not ordered. index=81865 167061988>167060247
#ERR Elements not ordered. index=81867 167073635>167068244
#ERR Elements not ordered. index=81871 167109110>166839095
#ERR Elements not ordered. index=81873 167078602>167075508
#ERR Elements not ordered. index=81895 167118362>167114990
#ERR Elements not ordered. index=81899 167123837>167122760
#ERR Elements not ordered. index=81903 167149635>167129516
#ERR Elements not ordered. index=81911 167166259>167159705
#ERR Elements not ordered. index=81915 167178390>167171745
#ERR Elements not ordered. index=81917 167181901>167171942
#ERR Elements not ordered. index=81919 167198029>167181570
#ERR Elements not ordered. index=81927 167204339>167199546
#ERR Elements not ordered. index=81931 167209293>167206599
#ERR Elements not ordered. index=81935 167297369>167080511
#ERR Elements not ordered. index=81939 167217955>167213695
#ERR Elements not ordered. index=81943 167220866>167216793
#ERR Elements not ordered. index=81945 167229855>167226041
#ERR Elements not ordered. index=81951 167244208>167239110
#ERR Elements not ordered. index=81955 167246493>167245970
#ERR Elements not ordered. index=81957 167253618>167247643
#ERR Elements not ordered. index=81959 167259327>167255921
#ERR Elements not ordered. index=81961 167259767>167259409
#ERR Elements not ordered. index=81963 167261757>167260687
#ERR Elements not ordered. index=81965 167264107>167261911
#ERR Elements not ordered. index=81999 167394972>167264750
#ERR Elements not ordered. index=82003 167334200>167325184
#ERR Elements not ordered. index=82009 167353801>167352380
#ERR Elements not ordered. index=82011 167355181>167355137
#ERR Elements not ordered. index=82013 167364763>167357552
#ERR Elements not ordered. index=82015 167365838>167347837
#ERR Elements not ordered. index=82019 167393550>167380083
#ERR Elements not ordered. index=82027 167405154>167404558
#ERR Elements not ordered. index=82031 167416840>167391953
#ERR Elements not ordered. index=82033 167416261>167407250
#ERR Elements not ordered. index=82039 167432289>167427198
#ERR Elements not ordered. index=82047 167456763>167427396
#ERR Elements not ordered. index=82051 167462405>167433830
#ERR Elements not ordered. index=82053 167461205>167457523
#ERR Elements not ordered. index=82055 167467620>167461602
#ERR Elements not ordered. index=82057 167466329>167465977
#ERR Elements not ordered. index=82059 167469610>167467884
#ERR Elements not ordered. index=82063 167479052>167412856
#ERR Elements not ordered. index=82071 167485194>167476071
#ERR Elements not ordered. index=82073 167486902>167486828
#ERR Elements not ordered. index=82075 167497191>167489697
#ERR Elements not ordered. index=82079 167497204>167486437
#ERR Elements not ordered. index=82083 167500226>167499049
#ERR Elements not ordered. index=82085 167507895>167505915
#ERR Elements not ordered. index=82087 167510657>167507595
#ERR Elements not ordered. index=82093 167517006>167514417
#ERR Elements not ordered. index=82095 167517276>167508619
#ERR Elements not ordered. index=82099 167534968>167531097
#ERR Elements not ordered. index=82101 167536960>167536878
#ERR Elements not ordered. index=82103 167550397>167537680
#ERR Elements not ordered. index=82111 167554233>167534732
#ERR Elements not ordered. index=82117 167558436>167556764
#ERR Elements not ordered. index=82119 167561288>167553771
#ERR Elements not ordered. index=82123 167574383>167566181
#ERR Elements not ordered. index=82131 167584444>167579217
#ERR Elements not ordered. index=82133 167587648>167587514
#ERR Elements not ordered. index=82135 167591764>167579548
#ERR Elements not ordered. index=82139 167597519>167588672
#ERR Elements not ordered. index=82141 167603815>167602864
#ERR Elements not ordered. index=82143 167612114>167590802
#ERR Elements not ordered. index=82145 167610480>167609769
#ERR Elements not ordered. index=82147 167627961>167605004
#ERR Elements not ordered. index=82149 167619314>167614242
#ERR Elements not ordered. index=82151 167629240>167623650
#ERR Elements not ordered. index=82153 167627996>167624952
#ERR Elements not ordered. index=82157 167633557>167630584
#ERR Elements not ordered. index=82159 167674504>167641095
#ERR Elements not ordered. index=82173 167676678>167674036
#ERR Elements not ordered. index=82175 167678277>167677268
#ERR Elements not ordered. index=82177 167678819>167678511
#ERR Elements not ordered. index=82179 167681992>167679324
#ERR Elements not ordered. index=82181 167683411>167683407
#ERR Elements not ordered. index=82183 167693290>167684722
#ERR Elements not ordered. index=82187 167694823>167693559
#ERR Elements not ordered. index=82261 167818913>167817384
#ERR Elements not ordered. index=82263 167826913>167820380
#ERR Elements not ordered. index=82271 167844768>167828962
#ERR Elements not ordered. index=82287 -1>167858901
#SDC Ite:0 KerTime:3.652998 AccTime:3.652998 KerErr:316 AccErr:316
#END