#HEADER size:1048576
#BEGIN Y:2016 M:09 D:13 Time:17:27:02
#IT Ite:0 KerTime:3.585564 AccTime:3.585564
#ERR The histogram from element 1265548849 differs. srcHist=1 dstHist=2

#ERR The histogram from element 1267175368 differs. srcHist=1 dstHist=0

#ERR The histogram from element 1267748943 differs. srcHist=1 dstHist=2

#ERR The histogram from element 1267931211 differs. srcHist=1 dstHist=0

#ERR The histogram from element 1269409889 differs. srcHist=1 dstHist=0

#ERR Elements not ordered. index=619138 1265373998>1265373397
#ERR Elements not ordered. index=619142 1265384531>1265382557
#ERR Elements not ordered. index=619146 1265391746>1265389401
#ERR Elements not ordered. index=619149 1265400648>1265389858
#ERR Elements not ordered. index=619155 1265417797>1265406598
#ERR Elements not ordered. index=619163 1265449020>1265418650
#ERR Elements not ordered. index=619170 1265448565>1265431856
#ERR Elements not ordered. index=619179 1265896828>1265449551
#ERR Elements not ordered. index=619186 1265478160>1265473766
#ERR Elements not ordered. index=619194 1265505493>1265487825
#ERR Elements not ordered. index=619202 1265523843>1265516078
#ERR Elements not ordered. index=619210 1265524443>1265524399
#ERR Elements not ordered. index=619214 1265537216>1265530383
#ERR Elements not ordered. index=619218 1265547181>1265537700
#ERR Elements not ordered. index=619224 1265549636>1265548849
#ERR Elements not ordered. index=619226 1265573618>1265544812
#ERR Elements not ordered. index=619230 1265568701>1265551591
#ERR Elements not ordered. index=619234 1265599982>1265570132
#ERR Elements not ordered. index=619250 1265637336>1265588733
#ERR Elements not ordered. index=619258 1265628085>1265623068
#ERR Elements not ordered. index=619260 1265642511>1265638933
#ERR Elements not ordered. index=619266 1265655174>1265653112
#ERR Elements not ordered. index=619282 1265677637>1265366535
#ERR Elements not ordered. index=619290 1265687439>1265678598
#ERR Elements not ordered. index=619294 1265692970>1265692966
#ERR Elements not ordered. index=619306 1265705583>1265697129
#ERR Elements not ordered. index=619314 1265722551>1265721928
#ERR Elements not ordered. index=619346 1265785485>1265739896
#ERR Elements not ordered. index=619350 1265790069>1265789107
#ERR Elements not ordered. index=619352 1265794238>1265793851
#ERR Elements not ordered. index=619354 1265794608>1265785856
#ERR Elements not ordered. index=619356 1265796614>1265796568
#ERR Elements not ordered. index=619358 1265803968>1265799594
#ERR Elements not ordered. index=619360 1265804805>1265799780
#ERR Elements not ordered. index=619362 1265809784>1265805307
#ERR Elements not ordered. index=619364 1265810247>1265807899
#ERR Elements not ordered. index=619370 1265824482>1265813421
#ERR Elements not ordered. index=619372 1265831193>1265822885
#ERR Elements not ordered. index=619374 1265831833>1265825402
#ERR Elements not ordered. index=619376 1265834552>1265833608
#ERR Elements not ordered. index=619378 1265841791>1265836531
#ERR Elements not ordered. index=619380 1265854496>1265844984
#ERR Elements not ordered. index=619382 1265866193>1265862441
#ERR Elements not ordered. index=619386 1265869179>1265854831
#ERR Elements not ordered. index=619390 1265884947>1265877994
#ERR Elements not ordered. index=619394 1265915560>1265881834
#ERR Elements not ordered. index=619398 1265895554>1265895435
#ERR Elements not ordered. index=619403 1266492644>1265906569
#ERR Elements not ordered. index=619406 1265921774>1265909349
#ERR Elements not ordered. index=619408 1265919866>1265917270
#ERR Elements not ordered. index=619410 1265927946>1265736998
#ERR Elements not ordered. index=619414 1265930828>1265924803
#ERR Elements not ordered. index=619418 1265939019>1265934229
#ERR Elements not ordered. index=619422 1265955505>1265947322
#ERR Elements not ordered. index=619424 1265965211>1265957525
#ERR Elements not ordered. index=619426 1265973925>1265929118
#ERR Elements not ordered. index=619428 1265974640>1265968530
#ERR Elements not ordered. index=619430 1265977298>1265960108
#ERR Elements not ordered. index=619432 1265984934>1265980665
#ERR Elements not ordered. index=619434 1265992136>1265985611
#ERR Elements not ordered. index=619438 1266010425>1265990304
#ERR Elements not ordered. index=619440 1266001162>1265992412
#ERR Elements not ordered. index=619442 1266018285>1265999783
#ERR Elements not ordered. index=619446 1266011623>1266007236
#ERR Elements not ordered. index=619448 1266015085>1266014232
#ERR Elements not ordered. index=619450 1266020149>1266016756
#ERR Elements not ordered. index=619452 1266021103>1266018932
#ERR Elements not ordered. index=619454 1266027728>1266024861
#ERR Elements not ordered. index=619456 1266029816>1266029735
#ERR Elements not ordered. index=619458 1266060510>1266035327
#ERR Elements not ordered. index=619466 1266067859>1266064583
#ERR Elements not ordered. index=619472 1266090135>1266086571
#ERR Elements not ordered. index=619474 1266101511>1265981547
#ERR Elements not ordered. index=619476 1266091621>1266090714
#ERR Elements not ordered. index=619482 1266108458>1266106779
#ERR Elements not ordered. index=619484 1266110441>1266110131
#ERR Elements not ordered. index=619486 1266112234>1266110857
#ERR Elements not ordered. index=619488 1266117661>1266113464
#ERR Elements not ordered. index=619490 1266119157>1266095380
#ERR Elements not ordered. index=619492 1266119623>1266119131
#ERR Elements not ordered. index=619494 1266138398>1266124826
#ERR Elements not ordered. index=619498 1266144350>1266126990
#ERR Elements not ordered. index=619502 1266148290>1266144386
#ERR Elements not ordered. index=619506 1266194311>1266094006
#ERR Elements not ordered. index=619508 1266154763>1266154534
#ERR Elements not ordered. index=619514 1266172646>1266163858
#ERR Elements not ordered. index=619522 1266187565>1266160440
#ERR Elements not ordered. index=619526 1266206405>1266199126
#ERR Elements not ordered. index=619530 1266213368>1266198590
#ERR Elements not ordered. index=619534 1266222564>1266211190
#ERR Elements not ordered. index=619536 1266217022>1266214270
#ERR Elements not ordered. index=619538 1266230411>1266224052
#ERR Elements not ordered. index=619542 1266231689>1266228408
#ERR Elements not ordered. index=619554 1266247794>1266232787
#ERR Elements not ordered. index=619558 1266252842>1266249069
#ERR Elements not ordered. index=619562 1266258293>1266257604
#ERR Elements not ordered. index=619566 1266271440>1266263686
#ERR Elements not ordered. index=619570 1266286934>1266274858
#ERR Elements not ordered. index=619572 1266294521>1266290573
#ERR Elements not ordered. index=619574 1266297771>1266296120
#ERR Elements not ordered. index=619576 1266304294>1266299634
#ERR Elements not ordered. index=619586 1266322459>1266317783
#ERR Elements not ordered. index=619590 1266330831>1266329647
#ERR Elements not ordered. index=619592 1266332987>1266332919
#ERR Elements not ordered. index=619596 1266341124>1266339048
#ERR Elements not ordered. index=619602 1266357805>1266356260
#ERR Elements not ordered. index=619618 1266394572>1266392739
#ERR Elements not ordered. index=619626 1266420686>1266419934
#ERR Elements not ordered. index=619634 1266439811>1266428409
#ERR Elements not ordered. index=619642 1266458131>1266443065
#ERR Elements not ordered. index=619650 1266488750>1266458825
#ERR Elements not ordered. index=619659 1268096805>1266507230
#ERR Elements not ordered. index=619666 1266526369>1266524058
#ERR Elements not ordered. index=619674 1266550273>1266535138
#ERR Elements not ordered. index=619678 1266555509>1266552700
#ERR Elements not ordered. index=619680 1266560318>1266558343
#ERR Elements not ordered. index=619684 1266565974>1266565431
#ERR Elements not ordered. index=619690 1266575995>1266574519
#ERR Elements not ordered. index=619694 1266581887>1266578931
#ERR Elements not ordered. index=619718 1266650679>1266648113
#ERR Elements not ordered. index=619738 1266701285>1266700459
#ERR Elements not ordered. index=619754 1266735185>1266733539
#ERR Elements not ordered. index=619766 1266758219>1266754231
#ERR Elements not ordered. index=619774 1266772215>1266769650
#ERR Elements not ordered. index=619780 1266775909>1266774134
#ERR Elements not ordered. index=619784 1266782196>1266781647
#ERR Elements not ordered. index=619786 1266786574>1266785005
#ERR Elements not ordered. index=619788 1266787242>1266786646
#ERR Elements not ordered. index=619790 1266789741>1266789463
#ERR Elements not ordered. index=619792 1266790772>1266790149
#ERR Elements not ordered. index=619794 1266794242>1266793052
#ERR Elements not ordered. index=619796 1266801779>1266798137
#ERR Elements not ordered. index=619802 1266808866>1266807829
#ERR Elements not ordered. index=619806 1266818261>1266817397
#ERR Elements not ordered. index=619808 1266822562>1266820040
#ERR Elements not ordered. index=619810 1266826285>1266825406
#ERR Elements not ordered. index=619812 1266829361>1266827974
#ERR Elements not ordered. index=619814 1266833447>1266829932
#ERR Elements not ordered. index=619816 1266834842>1266834445
#ERR Elements not ordered. index=619818 1266843738>1266841833
#ERR Elements not ordered. index=619820 1266853317>1266848295
#ERR Elements not ordered. index=619822 1266862126>1266854684
#ERR Elements not ordered. index=619824 1266876043>1266870946
#ERR Elements not ordered. index=619828 1266882738>1266882554
#ERR Elements not ordered. index=619846 1266903382>1266900832
#ERR Elements not ordered. index=619850 1266913642>1266910934
#ERR Elements not ordered. index=619862 1266945156>1266940326
#ERR Elements not ordered. index=619866 1266962256>1266951622
#ERR Elements not ordered. index=619882 1266993371>1266990559
#ERR Elements not ordered. index=619886 1266999555>1266997355
#ERR Elements not ordered. index=619922 1267066146>1267062349
#ERR Elements not ordered. index=619926 1267068290>1267067019
#ERR Elements not ordered. index=619932 1267078151>1267076348
#ERR Elements not ordered. index=619938 1267089927>1267088925
#ERR Elements not ordered. index=619946 1267110106>1267105503
#ERR Elements not ordered. index=619970 1267174141>1267174077
#ERR Elements not ordered. index=619980 1267182840>1267182525
#ERR Elements not ordered. index=619982 1267184703>1267183168
#ERR Elements not ordered. index=619984 1267194942>1267188669
#ERR Elements not ordered. index=619986 1267196940>1267195438
#ERR Elements not ordered. index=619988 1267206090>1267198089
#ERR Elements not ordered. index=619990 1267209554>1267208586
#ERR Elements not ordered. index=619992 1267219172>1267214143
#ERR Elements not ordered. index=619994 1267221923>1267220958
#ERR Elements not ordered. index=619996 1267224378>1267223349
#ERR Elements not ordered. index=619998 1267235537>1267225637
#ERR Elements not ordered. index=620002 1267247441>1267244329
#ERR Elements not ordered. index=620006 1267256687>1267254856
#ERR Elements not ordered. index=620014 1267264923>1267264639
#ERR Elements not ordered. index=620018 1267269002>1267267077
#ERR Elements not ordered. index=620022 1267278784>1267271300
#ERR Elements not ordered. index=620026 1267294508>1267290630
#ERR Elements not ordered. index=620030 1267299310>1267296352
#ERR Elements not ordered. index=620034 1267305979>1267299444
#ERR Elements not ordered. index=620038 1267318997>1267312894
#ERR Elements not ordered. index=620042 1267321729>1267319955
#ERR Elements not ordered. index=620046 1267330384>1267324695
#ERR Elements not ordered. index=620050 1267400337>1267193985
#ERR Elements not ordered. index=620054 1267337857>1267330997
#ERR Elements not ordered. index=620082 1267387543>1267341154
#ERR Elements not ordered. index=620086 1267400340>1267392298
#ERR Elements not ordered. index=620098 1267429810>1267427806
#ERR Elements not ordered. index=620106 1267445187>1267441940
#ERR Elements not ordered. index=620114 1267463345>1267413822
#ERR Elements not ordered. index=620116 1267455860>1267454016
#ERR Elements not ordered. index=620118 1267462446>1267461652
#ERR Elements not ordered. index=620120 1267467446>1267464374
#ERR Elements not ordered. index=620122 1267489657>1267473781
#ERR Elements not ordered. index=620130 1267502043>1267492569
#ERR Elements not ordered. index=620138 1267532076>1267502759
#ERR Elements not ordered. index=620146 1267534485>1267467067
#ERR Elements not ordered. index=620150 1267547006>1267539593
#ERR Elements not ordered. index=620154 1267569895>1267533099
#ERR Elements not ordered. index=620162 1267588513>1267573862
#ERR Elements not ordered. index=620170 1267606601>1265386899
#ERR Elements not ordered. index=620178 1267678422>1267590951
#ERR Elements not ordered. index=620186 1267626631>1267616726
#ERR Elements not ordered. index=620188 1267630816>1267629175
#ERR Elements not ordered. index=620190 1267632182>1267631579
#ERR Elements not ordered. index=620196 1267646762>1267644344
#ERR Elements not ordered. index=620202 1267654261>1267649273
#ERR Elements not ordered. index=620204 1267654954>1267654809
#ERR Elements not ordered. index=620210 1267664305>1267662082
#ERR Elements not ordered. index=620212 1267671911>1267668200
#ERR Elements not ordered. index=620222 1267699816>1267697595
#ERR Elements not ordered. index=620226 1267725269>1267706751
#ERR Elements not ordered. index=620238 1267736250>1267730655
#ERR Elements not ordered. index=620242 1267829326>1267740834
#ERR Elements not ordered. index=620274 1267816636>1267773060
#ERR Elements not ordered. index=620286 1267832895>1267831710
#ERR Elements not ordered. index=620290 1267850650>1267833925
#ERR Elements not ordered. index=620302 1267857429>1267852941
#ERR Elements not ordered. index=620306 1267895469>1267678410
#ERR Elements not ordered. index=620310 1267868404>1267861569
#ERR Elements not ordered. index=620314 1267877842>1267870817
#ERR Elements not ordered. index=620318 1267885259>1267881473
#ERR Elements not ordered. index=620322 1267889893>1267885551
#ERR Elements not ordered. index=620326 1267895579>1267891471
#ERR Elements not ordered. index=620330 1267901253>1267897167
#ERR Elements not ordered. index=620334 1267906049>1267901253
#ERR Elements not ordered. index=620338 1267916097>1267836823
#ERR Elements not ordered. index=620342 1267927250>1267922439
#ERR Elements not ordered. index=620346 1267931984>1267924290
#ERR Elements not ordered. index=620350 1267939388>1267933925
#ERR Elements not ordered. index=620352 1267943042>1267941353
#ERR Elements not ordered. index=620364 1267958564>1267955101
#ERR Elements not ordered. index=620366 1267968650>1267967012
#ERR Elements not ordered. index=620370 1267992126>1267944204
#ERR Elements not ordered. index=620374 1267981862>1267971527
#ERR Elements not ordered. index=620378 1267984730>1267982758
#ERR Elements not ordered. index=620382 1267991447>1267988498
#ERR Elements not ordered. index=620384 1267997384>1267994692
#ERR Elements not ordered. index=620390 1268009244>1268008049
#ERR Elements not ordered. index=620394 1268018126>1268016804
#ERR Elements not ordered. index=620398 1268034691>1268031692
#ERR Elements not ordered. index=620402 1268036489>1267997102
#ERR Elements not ordered. index=620406 1268043905>1268042576
#ERR Elements not ordered. index=620418 1268080429>1268037887
#ERR Elements not ordered. index=620422 1268088138>1268086331
#ERR Elements not ordered. index=620426 1268094349>1267548480
#ERR Elements not ordered. index=620434 1268113628>1268108488
#ERR Elements not ordered. index=620438 1268118287>1268115619
#ERR Elements not ordered. index=620450 1268140603>1268121429
#ERR Elements not ordered. index=620452 1268144321>1268140062
#ERR Elements not ordered. index=620454 1268147883>1268141556
#ERR Elements not ordered. index=620456 1268149986>1268149479
#ERR Elements not ordered. index=620466 1268177412>1268149549
#ERR Elements not ordered. index=620470 1268191622>1268188063
#ERR Elements not ordered. index=620482 1268224424>1268207494
#ERR Elements not ordered. index=620514 1268291112>1268270532
#ERR Elements not ordered. index=620530 1268355380>1268301962
#ERR Elements not ordered. index=620562 1268417477>1268241930
#ERR Elements not ordered. index=620570 1268384919>1268375652
#ERR Elements not ordered. index=620578 1268396266>1268390718
#ERR Elements not ordered. index=620582 1268409414>1268400394
#ERR Elements not ordered. index=620586 1268412734>1268410120
#ERR Elements not ordered. index=620590 1268420557>1268415906
#ERR Elements not ordered. index=620594 1268429412>1268420842
#ERR Elements not ordered. index=620598 1268439475>1268435151
#ERR Elements not ordered. index=620602 1268446080>1268440216
#ERR Elements not ordered. index=620606 1268453434>1268444930
#ERR Elements not ordered. index=620610 1268455630>1268446510
#ERR Elements not ordered. index=620614 1268460649>1268456763
#ERR Elements not ordered. index=620618 1268470094>1268464826
#ERR Elements not ordered. index=620622 1268477514>1268470293
#ERR Elements not ordered. index=620630 1268509746>1268493004
#ERR Elements not ordered. index=620634 1268519191>1268502823
#ERR Elements not ordered. index=620636 1268519449>1268519238
#ERR Elements not ordered. index=620638 1268525853>1268514802
#ERR Elements not ordered. index=620642 1268526078>1268521530
#ERR Elements not ordered. index=620644 1268530152>1268526954
#ERR Elements not ordered. index=620646 1268544502>1268526270
#ERR Elements not ordered. index=620650 1268558138>1268530413
#ERR Elements not ordered. index=620654 1268561688>1268546336
#ERR Elements not ordered. index=620658 1268614465>1268558141
#ERR Elements not ordered. index=620662 1268567568>1268561707
#ERR Elements not ordered. index=620666 1268588450>1268579840
#ERR Elements not ordered. index=620670 1268595184>1268592328
#ERR Elements not ordered. index=620674 1268603200>1268595861
#ERR Elements not ordered. index=620678 1268620330>1268613075
#ERR Elements not ordered. index=620682 1268644713>1268614708
#ERR Elements not ordered. index=620686 1268639593>1268619186
#ERR Elements not ordered. index=620690 1268746419>1268634065
#ERR Elements not ordered. index=620692 1268647866>1268645479
#ERR Elements not ordered. index=620694 1268657190>1268635193
#ERR Elements not ordered. index=620698 1268663224>1268650705
#ERR Elements not ordered. index=620702 1268671754>1268657766
#ERR Elements not ordered. index=620706 1268688793>1268665483
#ERR Elements not ordered. index=620710 1268679031>1268673914
#ERR Elements not ordered. index=620714 1268684661>1268684020
#ERR Elements not ordered. index=620718 1268691076>1268689980
#ERR Elements not ordered. index=620722 1268695135>1268693336
#ERR Elements not ordered. index=620726 1268702631>1268694771
#ERR Elements not ordered. index=620730 1268715846>1268710320
#ERR Elements not ordered. index=620734 1268722425>1268716702
#ERR Elements not ordered. index=620738 1268728436>1268725869
#ERR Elements not ordered. index=620742 1268732893>1268731930
#ERR Elements not ordered. index=620746 1268744047>1268736665
#ERR Elements not ordered. index=620750 1268746940>1268740860
#ERR Elements not ordered. index=620752 1268752878>1268751643
#ERR Elements not ordered. index=620754 1268870698>1268753434
#ERR Elements not ordered. index=620762 1268778579>1268769042
#ERR Elements not ordered. index=620766 1268784162>1268780942
#ERR Elements not ordered. index=620774 1268795570>1268793433
#ERR Elements not ordered. index=620776 1268798501>1268797388
#ERR Elements not ordered. index=620780 1268801679>1268801530
#ERR Elements not ordered. index=620782 1268808505>1268805190
#ERR Elements not ordered. index=620784 1268810638>1268808730
#ERR Elements not ordered. index=620818 1268964123>1268873810
#ERR Elements not ordered. index=620828 1268900990>1268900648
#ERR Elements not ordered. index=620830 1268903508>1268903477
#ERR Elements not ordered. index=620850 1268932694>1268931898
#ERR Elements not ordered. index=620856 1268940053>1268937723
#ERR Elements not ordered. index=620866 1268964038>1268961218
#ERR Elements not ordered. index=620870 1268974423>1268969090
#ERR Elements not ordered. index=620872 1268976167>1268974596
#ERR Elements not ordered. index=620878 1268995233>1268982350
#ERR Elements not ordered. index=620882 1269001170>1268967504
#ERR Elements not ordered. index=620886 1269005793>1269002242
#ERR Elements not ordered. index=620890 1269023781>1269015232
#ERR Elements not ordered. index=620894 1269031160>1269017118
#ERR Elements not ordered. index=620898 1269039670>1269025676
#ERR Elements not ordered. index=620902 1269043923>1269039702
#ERR Elements not ordered. index=620904 1269041296>1269041022
#ERR Elements not ordered. index=620906 1269048112>1269044743
#ERR Elements not ordered. index=620910 1269057082>1269048925
#ERR Elements not ordered. index=620914 1269063168>1269050501
#ERR Elements not ordered. index=620918 1269070480>1269060617
#ERR Elements not ordered. index=620922 1269075251>1269069592
#ERR Elements not ordered. index=620926 1269080202>1269075987
#ERR Elements not ordered. index=620930 1269093517>1269082893
#ERR Elements not ordered. index=621090 1269436399>1269421386
#ERR Elements not ordered. index=621106 1269471153>1269447113
#ERR Elements not ordered. index=621138 -1>1269506366
#SDC Ite:0 KerTime:3.585564 AccTime:3.585564 KerErr:339 AccErr:339
#END