#HEADER size:1048576
#BEGIN Y:2016 M:09 D:13 Time:18:47:32
#IT Ite:0 KerTime:4.736221 AccTime:4.736221
#ERR Elements not ordered. index=149235 310823810>308466714
#ERR Elements not ordered. index=149237 308802270>304900857
#ERR Elements not ordered. index=149239 311336872>308278648
#ERR Elements not ordered. index=149240 308278648>307167441
#ERR Elements not ordered. index=149241 307167441>305333797
#ERR Elements not ordered. index=149245 308474978>305033367
#ERR Elements not ordered. index=149247 309646791>305904915
#ERR Elements not ordered. index=149250 308974211>307125370
#ERR Elements not ordered. index=149251 307125370>306688575
#ERR Elements not ordered. index=149253 309142487>304778467
#ERR Elements not ordered. index=149256 309824563>309167349
#ERR Elements not ordered. index=149257 309167349>305500040
#ERR Elements not ordered. index=149261 310221983>306624753
#ERR Elements not ordered. index=149262 306624753>304819214
#ERR Elements not ordered. index=149264 308536619>305439181
#ERR Elements not ordered. index=149266 310190421>310135934
#ERR Elements not ordered. index=149268 310637119>306642088
#ERR Elements not ordered. index=149270 310785038>308459505
#ERR Elements not ordered. index=149272 310213929>307886556
#ERR Elements not ordered. index=149273 307886556>305557396
#ERR Elements not ordered. index=149275 310259702>309752512
#ERR Elements not ordered. index=149277 310930643>307441732
#ERR Elements not ordered. index=149278 307441732>306080150
#ERR Elements not ordered. index=149281 311197619>305992099
#ERR Elements not ordered. index=149283 309682859>305874831
#ERR Elements not ordered. index=149285 309083587>305715488
#ERR Elements not ordered. index=149287 307713993>305689029
#ERR Elements not ordered. index=149291 308606562>304740729
#ERR Elements not ordered. index=149293 310767826>307058586
#ERR Elements not ordered. index=149295 309248264>305156878
#ERR Elements not ordered. index=149297 309956843>307940368
#ERR Elements not ordered. index=149299 309987123>304758455
#ERR Elements not ordered. index=149301 311321126>305565390
#ERR Elements not ordered. index=149303 308597900>305593392
#ERR Elements not ordered. index=149304 305593392>304847038
#ERR Elements not ordered. index=149307 309920296>308571838
#ERR Elements not ordered. index=149308 308571838>307728812
#ERR Elements not ordered. index=149309 307728812>305667875
#ERR Elements not ordered. index=149311 308694631>308471637
#ERR Elements not ordered. index=149312 308471637>305956167
#ERR Elements not ordered. index=149316 308159609>306829037
#ERR Elements not ordered. index=149319 307650777>307552787
#ERR Elements not ordered. index=149321 307745808>305461570
#ERR Elements not ordered. index=149322 305461570>305277762
#ERR Elements not ordered. index=149324 311263126>308442015
#ERR Elements not ordered. index=149326 311347632>305944852
#ERR Elements not ordered. index=149328 305969784>305245780
#ERR Elements not ordered. index=149330 311362402>307499304
#ERR Elements not ordered. index=149331 307499304>306413208
#ERR Elements not ordered. index=149333 307883453>307201117
#ERR Elements not ordered. index=149335 310566576>307807966
#ERR Elements not ordered. index=149337 311112212>305852124
#ERR Elements not ordered. index=149339 309208365>308762110
#ERR Elements not ordered. index=149341 310063684>306466065
#ERR Elements not ordered. index=149342 306466065>305021760
#ERR Elements not ordered. index=149346 309312591>305216660
#ERR Elements not ordered. index=149349 311041477>307512128
#ERR Elements not ordered. index=149351 311446120>308594591
#ERR Elements not ordered. index=149352 308594591>305476433
#ERR Elements not ordered. index=149355 311160455>305025074
#ERR Elements not ordered. index=149357 310699273>306525857
#ERR Elements not ordered. index=149360 310065129>305982705
#ERR Elements not ordered. index=149362 311125377>307393783
#ERR Elements not ordered. index=149364 308240282>306036729
#ERR Elements not ordered. index=149367 311214188>309010260
#ERR Elements not ordered. index=149369 309689140>306543932
#ERR Elements not ordered. index=149372 310853094>308980747
#ERR Elements not ordered. index=149373 308980747>305874120
#ERR Elements not ordered. index=149375 309879316>309667838
#ERR Elements not ordered. index=149377 310951894>307490397
#ERR Elements not ordered. index=149379 311404786>305459322
#ERR Elements not ordered. index=149381 306924427>305680504
#ERR Elements not ordered. index=149383 310776270>307556595
#ERR Elements not ordered. index=149384 307556595>305314919
#ERR Elements not ordered. index=149388 310952136>310845129
#ERR Elements not ordered. index=149389 310845129>309923172
#ERR Elements not ordered. index=149390 309923172>306427111
#ERR Elements not ordered. index=149395 311256271>309597799
#ERR Elements not ordered. index=149396 309597799>306018345
#ERR Elements not ordered. index=149398 309949308>306475316
#ERR Elements not ordered. index=149400 307860754>307072320
#ERR Elements not ordered. index=149401 307072320>305022356
#ERR Elements not ordered. index=149404 306710632>304870362
#ERR Elements not ordered. index=149407 310481577>306006205
#ERR Elements not ordered. index=149410 307860567>305444163
#ERR Elements not ordered. index=149412 311083156>308566627
#ERR Elements not ordered. index=149413 308566627>304943939
#ERR Elements not ordered. index=149416 310990629>306484317
#ERR Elements not ordered. index=149418 309710569>307323006
#ERR Elements not ordered. index=149420 310444717>305234860
#ERR Elements not ordered. index=149422 310504193>310293957
#ERR Elements not ordered. index=149424 310393172>306216118
#ERR Elements not ordered. index=149426 309122809>308523220
#ERR Elements not ordered. index=149428 311407401>306371480
#ERR Elements not ordered. index=149429 306371480>305831395
#ERR Elements not ordered. index=149431 310721937>308261252
#ERR Elements not ordered. index=149432 308261252>308060673
#ERR Elements not ordered. index=149435 310230032>307298132
#ERR Elements not ordered. index=149437 310651445>310553817
#ERR Elements not ordered. index=149438 310553817>306276398
#ERR Elements not ordered. index=149441 309826802>305252533
#ERR Elements not ordered. index=149443 308830154>305028865
#ERR Elements not ordered. index=149445 307622164>307556691
#ERR Elements not ordered. index=149447 308875996>305509100
#ERR Elements not ordered. index=149449 310447992>304866717
#ERR Elements not ordered. index=149452 309671758>307428406
#ERR Elements not ordered. index=149453 307428406>305381517
#ERR Elements not ordered. index=149457 311074016>304850868
#ERR Elements not ordered. index=149459 310565698>310192278
#ERR Elements not ordered. index=149460 310192278>308997936
#ERR Elements not ordered. index=149463 310424645>305589079
#ERR Elements not ordered. index=149467 311314845>307943925
#ERR Elements not ordered. index=149469 311257973>308067067
#ERR Elements not ordered. index=149472 310599573>308599221
#ERR Elements not ordered. index=149473 308599221>305354464
#ERR Elements not ordered. index=149476 311387658>308341398
#ERR Elements not ordered. index=149477 308341398>307503936
#ERR Elements not ordered. index=149478 307503936>306409475
#ERR Elements not ordered. index=149480 309527261>308008293
#ERR Elements not ordered. index=149483 311058041>305110579
#ERR Elements not ordered. index=149486 309312975>305289825
#ERR Elements not ordered. index=149488 309907836>308102690
#ERR Elements not ordered. index=149490 310658224>310508157
#ERR Elements not ordered. index=149491 310508157>307648620
#ERR Elements not ordered. index=149493 311156818>308420683
#ERR Elements not ordered. index=149494 308420683>307949299
#ERR Elements not ordered. index=149496 311344459>306629144
#ERR Elements not ordered. index=149499 308497753>307204298
#ERR Elements not ordered. index=149501 311182131>309280185
#ERR Elements not ordered. index=149502 309280185>307521704
#ERR Elements not ordered. index=149503 307521704>304790086
#ERR Elements not ordered. index=149506 311136777>310771174
#ERR Elements not ordered. index=149507 310771174>309550126
#ERR Elements not ordered. index=149508 309550126>308805669
#ERR Elements not ordered. index=149509 308805669>306803319
#ERR Elements not ordered. index=149512 310904024>309364110
#ERR Elements not ordered. index=149513 309364110>307682687
#ERR Elements not ordered. index=149514 307682687>304819891
#ERR Elements not ordered. index=149517 309272323>306732016
#ERR Elements not ordered. index=149518 306732016>306217999
#ERR Elements not ordered. index=149520 308462320>306693497
#ERR Elements not ordered. index=149521 306693497>306391370
#ERR Elements not ordered. index=149522 306391370>306115769
#ERR Elements not ordered. index=149524 311207473>309658693
#ERR Elements not ordered. index=149525 309658693>307935795
#ERR Elements not ordered. index=149526 307935795>307871061
#ERR Elements not ordered. index=149527 307871061>307130648
#ERR Elements not ordered. index=149530 308866767>305317543
#ERR Elements not ordered. index=149532 305508287>304960945
#ERR Elements not ordered. index=149535 310095172>305837048
#ERR Elements not ordered. index=149538 310837517>305915975
#ERR Elements not ordered. index=149540 308424626>305290713
#ERR Elements not ordered. index=149542 306933939>305312950
#ERR Elements not ordered. index=149544 308075354>304754729
#ERR Elements not ordered. index=149550 311350723>307474597
#ERR Elements not ordered. index=149552 309703788>307130465
#ERR Elements not ordered. index=149553 307130465>307083971
#ERR Elements not ordered. index=149556 310032801>306970959
#ERR Elements not ordered. index=149558 310163302>305991021
#ERR Elements not ordered. index=149560 308652678>305726015
#ERR Elements not ordered. index=149562 307437724>306913473
#ERR Elements not ordered. index=149564 311436702>306182625
#ERR Elements not ordered. index=149568 308346805>305848091
#ERR Elements not ordered. index=149570 311431056>309746258
#ERR Elements not ordered. index=149571 309746258>309057797
#ERR Elements not ordered. index=149573 309591349>306929095
#ERR Elements not ordered. index=149575 308782042>305621953
#ERR Elements not ordered. index=149578 309580644>309554897
#ERR Elements not ordered. index=149580 310636374>309267636
#ERR Elements not ordered. index=149583 309570533>304926665
#ERR Elements not ordered. index=149587 310759225>309474163
#ERR Elements not ordered. index=149588 309474163>305763806
#ERR Elements not ordered. index=149592 308364475>306543099
#ERR Elements not ordered. index=149593 306543099>306174344
#ERR Elements not ordered. index=149595 309433309>307060326
#ERR Elements not ordered. index=149597 311285327>308946085
#ERR Elements not ordered. index=149598 308946085>305840063
#ERR Elements not ordered. index=149600 310471553>305583973
#ERR Elements not ordered. index=149602 308078029>307234532
#ERR Elements not ordered. index=149603 307234532>304891128
#ERR Elements not ordered. index=149606 309874791>309566439
#ERR Elements not ordered. index=149608 311263816>307271865
#ERR Elements not ordered. index=149610 309692217>306399998
#ERR Elements not ordered. index=149612 309044736>305409385
#ERR Elements not ordered. index=149615 310309412>307844795
#ERR Elements not ordered. index=149617 308150162>305913498
#ERR Elements not ordered. index=149620 310884507>309360297
#ERR Elements not ordered. index=149623 311167117>310822023
#ERR Elements not ordered. index=149624 310822023>308330788
#ERR Elements not ordered. index=149626 310650640>309256314
#ERR Elements not ordered. index=149627 309256314>305376085
#ERR Elements not ordered. index=149629 309828205>305559811
#ERR Elements not ordered. index=149631 309653118>309161101
#ERR Elements not ordered. index=149633 310711649>308960992
#ERR Elements not ordered. index=149635 311323269>305864765
#ERR Elements not ordered. index=149638 309840169>309337035
#ERR Elements not ordered. index=149639 309337035>304785017
#ERR Elements not ordered. index=149641 308043580>307947835
#ERR Elements not ordered. index=149642 307947835>306121217
#ERR Elements not ordered. index=149644 309501144>307846927
#ERR Elements not ordered. index=149645 307846927>306335878
#ERR Elements not ordered. index=149647 311421306>307175357
#ERR Elements not ordered. index=149649 310191349>310132782
#ERR Elements not ordered. index=149650 310132782>308336309
#ERR Elements not ordered. index=149651 308336309>305500136
#ERR Elements not ordered. index=149655 311279827>305475558
#ERR Elements not ordered. index=149659 311032726>309564118
#ERR Elements not ordered. index=149662 311460426>309151886
#ERR Elements not ordered. index=149664 310456166>305862820
#ERR Elements not ordered. index=149667 311413706>305393989
#ERR Elements not ordered. index=149669 309048718>306359574
#ERR Elements not ordered. index=149671 310290609>307800674
#ERR Elements not ordered. index=149675 310244282>305955393
#ERR Elements not ordered. index=149677 306127000>305052473
#ERR Elements not ordered. index=149680 308105036>306420807
#ERR Elements not ordered. index=149682 307290047>304859038
#ERR Elements not ordered. index=149687 310956830>309323318
#ERR Elements not ordered. index=149688 309323318>309131428
#ERR Elements not ordered. index=149690 309420726>306864333
#ERR Elements not ordered. index=149692 308787889>307763330
#ERR Elements not ordered. index=149694 310410767>306850687
#ERR Elements not ordered. index=149695 306850687>305836016
#ERR Elements not ordered. index=149697 305900569>305506649
#ERR Elements not ordered. index=149701 308585630>307267625
#ERR Elements not ordered. index=149703 308627891>306677383
#ERR Elements not ordered. index=149706 310653128>310456245
#ERR Elements not ordered. index=149707 310456245>307246925
#ERR Elements not ordered. index=149710 311277369>309950719
#ERR Elements not ordered. index=149711 309950719>306831336
#ERR Elements not ordered. index=149712 306831336>306442909
#ERR Elements not ordered. index=149713 306442909>306129895
#ERR Elements not ordered. index=149714 306129895>305844351
#ERR Elements not ordered. index=149715 305844351>305269671
#ERR Elements not ordered. index=149716 305269671>304864731
#ERR Elements not ordered. index=149720 310940542>310346806
#ERR Elements not ordered. index=149721 310346806>308837073
#ERR Elements not ordered. index=149723 309873892>308799870
#ERR Elements not ordered. index=149724 308799870>306305067
#ERR Elements not ordered. index=149726 310893259>310614973
#ERR Elements not ordered. index=149727 310614973>305789059
#ERR Elements not ordered. index=149728 305789059>304761136
#ERR Elements not ordered. index=149731 308901049>306573767
#ERR Elements not ordered. index=149734 310910238>305200919
#ERR Elements not ordered. index=149736 310368467>308164582
#ERR Elements not ordered. index=149738 309215926>305914245
#ERR Elements not ordered. index=149741 309620767>307376601
#ERR Elements not ordered. index=149742 307376601>306906408
#ERR Elements not ordered. index=149745 310294641>308808810
#ERR Elements not ordered. index=149747 310177744>308231283
#ERR Elements not ordered. index=149748 308231283>307422948
#ERR Elements not ordered. index=149750 310764204>305832673
#ERR Elements not ordered. index=149752 310982958>309418395
#ERR Elements not ordered. index=149753 309418395>308294158
#ERR Elements not ordered. index=149755 310635027>307745894
#ERR Elements not ordered. index=149757 309170182>304866614
#ERR Elements not ordered. index=149758 304866614>304823502
#ERR Elements not ordered. index=149760 309153558>308034548
#ERR Elements not ordered. index=149761 308034548>304997031
#ERR Elements not ordered. index=149764 311421644>308387007
#ERR Elements not ordered. index=149765 308387007>305572988
#ERR Elements not ordered. index=149767 308918900>308905390
#ERR Elements not ordered. index=149768 308905390>305512958
#ERR Elements not ordered. index=149770 311305853>310780911
#ERR Elements not ordered. index=149771 310780911>308621061
#ERR Elements not ordered. index=149773 311065742>306017032
#ERR Elements not ordered. index=149774 306017032>304832390
#ERR Elements not ordered. index=149778 310879998>307981722
#ERR Elements not ordered. index=149779 307981722>307875650
#ERR Elements not ordered. index=149780 307875650>306912577
#ERR Elements not ordered. index=149781 306912577>305080905
#ERR Elements not ordered. index=149783 309621961>304775001
#ERR Elements not ordered. index=149785 306775966>304851504
#ERR Elements not ordered. index=149787 307547471>305672273
#ERR Elements not ordered. index=149790 310754359>305061144
#ERR Elements not ordered. index=149793 307883404>305414337
#ERR Elements not ordered. index=149796 310468361>306826817
#ERR Elements not ordered. index=149798 310539913>310378214
#ERR Elements not ordered. index=149799 310378214>306745832
#ERR Elements not ordered. index=149802 311288855>305972938
#ERR Elements not ordered. index=149803 305972938>305966812
#ERR Elements not ordered. index=149806 308721410>306042589
#ERR Elements not ordered. index=149807 306042589>304950179
#ERR Elements not ordered. index=149809 310595173>308140733
#ERR Elements not ordered. index=149810 308140733>304859067
#ERR Elements not ordered. index=149813 309044051>305463416
#ERR Elements not ordered. index=149815 308122671>307109084
#ERR Elements not ordered. index=149817 310760201>310264987
#ERR Elements not ordered. index=149819 310348339>309971951
#ERR Elements not ordered. index=149820 309971951>309089706
#ERR Elements not ordered. index=149821 309089706>308630611
#ERR Elements not ordered. index=149823 310465158>306282180
#ERR Elements not ordered. index=149825 310365157>308981986
#ERR Elements not ordered. index=149826 308981986>306075672
#ERR Elements not ordered. index=149827 306075672>305635778
#ERR Elements not ordered. index=149830 310822150>306302307
#ERR Elements not ordered. index=149832 307766082>305032724
#ERR Elements not ordered. index=149835 307803505>307563288
#ERR Elements not ordered. index=149836 307563288>306422244
#ERR Elements not ordered. index=149838 310894138>305438437
#ERR Elements not ordered. index=149841 309690829>304836690
#ERR Elements not ordered. index=149843 306180477>305274552
#ERR Elements not ordered. index=149846 311410821>304808542
#ERR Elements not ordered. index=149849 308259570>307424836
#ERR Elements not ordered. index=149851 310138220>308156478
#ERR Elements not ordered. index=149852 308156478>306776941
#ERR Elements not ordered. index=149855 309924308>309793274
#ERR Elements not ordered. index=149856 309793274>309052894
#ERR Elements not ordered. index=149858 310022218>305127064
#ERR Elements not ordered. index=149859 305127064>304796200
#ERR Elements not ordered. index=149862 308257229>304915742
#ERR Elements not ordered. index=149864 308352205>305277530
#ERR Elements not ordered. index=149866 309413562>307882863
#ERR Elements not ordered. index=149869 309907552>308287116
#ERR Elements not ordered. index=149870 308287116>307508775
#ERR Elements not ordered. index=149873 310271091>309003104
#ERR Elements not ordered. index=149874 309003104>307417510
#ERR Elements not ordered. index=149875 307417510>306301095
#ERR Elements not ordered. index=149877 306732652>305661936
#ERR Elements not ordered. index=149879 311294822>310639106
#ERR Elements not ordered. index=149880 310639106>308171716
#ERR Elements not ordered. index=149882 310089682>306796752
#ERR Elements not ordered. index=149884 306878499>305237845
#ERR Elements not ordered. index=149888 310706160>307496665
#ERR Elements not ordered. index=149889 307496665>305623196
#ERR Elements not ordered. index=149891 308730181>305850800
#ERR Elements not ordered. index=149892 305850800>305171971
#ERR Elements not ordered. index=149893 305171971>304905491
#ERR Elements not ordered. index=149895 310538624>307566821
#ERR Elements not ordered. index=149896 307566821>306841268
#ERR Elements not ordered. index=149898 309217527>309021355
#ERR Elements not ordered. index=149899 309021355>307355718
#ERR Elements not ordered. index=149900 307355718>307155216
#ERR Elements not ordered. index=149901 307155216>304967040
#ERR Elements not ordered. index=149902 304967040>304736769
#ERR Elements not ordered. index=149907 310244843>307525034
#ERR Elements not ordered. index=149909 307660658>304745182
#ERR Elements not ordered. index=149911 309285342>306760321
#ERR Elements not ordered. index=149912 306760321>305516149
#ERR Elements not ordered. index=149915 310815995>309910752
#ERR Elements not ordered. index=149919 310928996>307002082
#ERR Elements not ordered. index=149922 310999546>310543143
#ERR Elements not ordered. index=149923 310543143>305694305
#ERR Elements not ordered. index=149925 308153731>307416221
#ERR Elements not ordered. index=149927 310710419>304887085
#ERR Elements not ordered. index=149929 305452430>305295843
#ERR Elements not ordered. index=149930 305295843>305251334
#ERR Elements not ordered. index=149931 305251334>305071603
#ERR Elements not ordered. index=149933 307225987>305936551
#ERR Elements not ordered. index=149934 305936551>305337686
#ERR Elements not ordered. index=149936 310704225>307189234
#ERR Elements not ordered. index=149937 307189234>305339155
#ERR Elements not ordered. index=149939 311380606>310871294
#ERR Elements not ordered. index=149940 310871294>309014374
#ERR Elements not ordered. index=149942 309847439>305740449
#ERR Elements not ordered. index=149945 309530634>305109655
#ERR Elements not ordered. index=149948 307418964>306681455
#ERR Elements not ordered. index=149949 306681455>306155740
#ERR Elements not ordered. index=149953 310774759>308109001
#ERR Elements not ordered. index=149955 309506246>307337180
#ERR Elements not ordered. index=149957 308074766>305286144
#ERR Elements not ordered. index=149962 309856043>309178516
#ERR Elements not ordered. index=149963 309178516>305265863
#ERR Elements not ordered. index=149965 310769527>310079308
#ERR Elements not ordered. index=149967 310574897>307393734
#ERR Elements not ordered. index=149971 308058049>307972893
#ERR Elements not ordered. index=149972 307972893>305235125
#ERR Elements not ordered. index=149975 309598402>308146513
#ERR Elements not ordered. index=149977 311408040>306893276
#ERR Elements not ordered. index=149979 310793418>309334811
#ERR Elements not ordered. index=149980 309334811>305919033
#ERR Elements not ordered. index=149982 310518210>305719464
#ERR Elements not ordered. index=149984 310425608>310072316
#ERR Elements not ordered. index=149985 310072316>306976507
#ERR Elements not ordered. index=149986 306976507>305121509
#ERR Elements not ordered. index=149989 310199425>309696077
#ERR Elements not ordered. index=149990 309696077>305111282
#ERR Elements not ordered. index=149992 308555865>307976377
#ERR Elements not ordered. index=149994 309112125>304989475
#ERR Elements not ordered. index=149996 306915268>305234666
#ERR Elements not ordered. index=149998 311050458>305528903
#ERR Elements not ordered. index=150002 308868880>308399520
#ERR Elements not ordered. index=150005 311374998>311338316
#ERR Elements not ordered. index=150006 311338316>309656410
#ERR Elements not ordered. index=150007 309656410>308733758
#ERR Elements not ordered. index=150008 308733758>305414608
#ERR Elements not ordered. index=150011 310572598>309713263
#ERR Elements not ordered. index=150013 310872978>309187306
#ERR Elements not ordered. index=150014 309187306>308829136
#ERR Elements not ordered. index=150015 308829136>305833750
#ERR Elements not ordered. index=150017 310320857>307284586
#ERR Elements not ordered. index=150018 307284586>305563107
#ERR Elements not ordered. index=150021 310670567>307680570
#ERR Elements not ordered. index=150024 311111321>309971164
#ERR Elements not ordered. index=150025 309971164>305913202
#ERR Elements not ordered. index=150027 306504424>306321026
#ERR Elements not ordered. index=150032 308250199>307444661
#ERR Elements not ordered. index=150033 307444661>306550053
#ERR Elements not ordered. index=150036 311071539>305690603
#ERR Elements not ordered. index=150040 310788181>304919667
#ERR Elements not ordered. index=150042 309051111>305604053
#ERR Elements not ordered. index=150045 310860677>307073297
#ERR Elements not ordered. index=150047 310882235>305061425
#ERR Elements not ordered. index=150049 311347815>310835628
#ERR Elements not ordered. index=150051 311092990>308287072
#ERR Elements not ordered. index=150052 308287072>305896808
#ERR Elements not ordered. index=150053 305896808>305787768
#ERR Elements not ordered. index=150056 309776020>306215984
#ERR Elements not ordered. index=150058 308006979>306518848
#ERR Elements not ordered. index=150060 308015527>305171503
#ERR Elements not ordered. index=150062 310858455>305893125
#ERR Elements not ordered. index=150064 308797259>308795231
#ERR Elements not ordered. index=150066 311195133>305311766
#ERR Elements not ordered. index=150068 311309278>304823594
#ERR Elements not ordered. index=150072 308181438>306636729
#ERR Elements not ordered. index=150075 311314145>306490785
#ERR Elements not ordered. index=150076 306490785>306401803
#ERR Elements not ordered. index=150077 306401803>304727068
#ERR Elements not ordered. index=150082 311117976>309017965
#ERR Elements not ordered. index=150084 310593067>310300108
#ERR Elements not ordered. index=150088 310424906>307770333
#ERR Elements not ordered. index=150089 307770333>307086107
#ERR Elements not ordered. index=150093 309821398>308531787
#ERR Elements not ordered. index=150094 308531787>306377707
#ERR Elements not ordered. index=150095 306377707>304949598
#ERR Elements not ordered. index=150098 310713338>308957126
#ERR Elements not ordered. index=150099 308957126>307864479
#ERR Elements not ordered. index=150100 307864479>307303553
#ERR Elements not ordered. index=150102 310185154>306187223
#ERR Elements not ordered. index=150105 311120654>306043228
#ERR Elements not ordered. index=150108 308168232>305512150
#ERR Elements not ordered. index=150109 305512150>304731309
#ERR Elements not ordered. index=150111 306507304>306170365
#ERR Elements not ordered. index=150113 310573915>308898896
#ERR Elements not ordered. index=150114 308898896>305699071
#ERR Elements not ordered. index=150117 311087156>307675009
#ERR Elements not ordered. index=150118 307675009>305768774
#ERR Elements not ordered. index=150123 310053377>306240717
#ERR Elements not ordered. index=150124 306240717>305632547
#ERR Elements not ordered. index=150125 305632547>305537044
#ERR Elements not ordered. index=150128 311172265>310006693
#ERR Elements not ordered. index=150129 310006693>305313522
#ERR Elements not ordered. index=150131 309718291>307920966
#ERR Elements not ordered. index=150133 309588910>307057128
#ERR Elements not ordered. index=150135 311044424>310050049
#ERR Elements not ordered. index=150136 310050049>309085178
#ERR Elements not ordered. index=150138 309979756>304918557
#ERR Elements not ordered. index=150140 311264100>308302145
#ERR Elements not ordered. index=150142 309991273>307412935
#ERR Elements not ordered. index=150144 311065567>309949463
#ERR Elements not ordered. index=150145 309949463>306999440
#ERR Elements not ordered. index=150148 310341465>308994462
#ERR Elements not ordered. index=150150 311293374>309792706
#ERR Elements not ordered. index=150151 309792706>309282235
#ERR Elements not ordered. index=150152 309282235>308548581
#ERR Elements not ordered. index=150153 308548581>306862175
#ERR Elements not ordered. index=150156 309717103>309010573
#ERR Elements not ordered. index=150157 309010573>307822290
#ERR Elements not ordered. index=150161 310942487>305615452
#ERR Elements not ordered. index=150163 309045376>307589354
#ERR Elements not ordered. index=150165 310809606>305583926
#ERR Elements not ordered. index=150167 307879579>307045328
#ERR Elements not ordered. index=150170 308230390>306247573
#ERR Elements not ordered. index=150172 308780812>307166691
#ERR Elements not ordered. index=150174 309026061>305052052
#ERR Elements not ordered. index=150178 310868825>307810360
#ERR Elements not ordered. index=150180 310045143>306201526
#ERR Elements not ordered. index=150182 307397130>306778909
#ERR Elements not ordered. index=150184 308361324>306572951
#ERR Elements not ordered. index=150186 307979786>307874845
#ERR Elements not ordered. index=150188 309617287>307620006
#ERR Elements not ordered. index=150191 310485353>306405456
#ERR Elements not ordered. index=150194 309377462>306589237
#ERR Elements not ordered. index=150198 309908938>308013406
#ERR Elements not ordered. index=150200 309258461>306410413
#ERR Elements not ordered. index=150203 310703757>307721049
#ERR Elements not ordered. index=150204 307721049>306188342
#ERR Elements not ordered. index=150206 310503814>310312923
#ERR Elements not ordered. index=150208 311376422>309603097
#ERR Elements not ordered. index=150209 309603097>307893393
#ERR Elements not ordered. index=150210 307893393>304884772
#ERR Elements not ordered. index=150212 309482316>306214349
#ERR Elements not ordered. index=150213 306214349>305394170
#ERR Elements not ordered. index=150216 308590395>307767119
#ERR Elements not ordered. index=150217 307767119>307513921
#ERR Elements not ordered. index=150220 309021382>305693447
#ERR Elements not ordered. index=150222 310829621>310078326
#ERR Elements not ordered. index=150223 310078326>306385067
#ERR Elements not ordered. index=150225 310973058>309555416
#ERR Elements not ordered. index=150227 309948288>305013360
#ERR Elements not ordered. index=150229 308781158>307106126
#ERR Elements not ordered. index=150232 309557185>305496089
#ERR Elements not ordered. index=150234 310655720>310292949
#ERR Elements not ordered. index=150235 310292949>306227888
#ERR Elements not ordered. index=150237 310805138>308867940
#ERR Elements not ordered. index=150239 309112758>305082220
#ERR Elements not ordered. index=150241 305971189>305898712
#ERR Elements not ordered. index=150244 310850577>310725960
#ERR Elements not ordered. index=150245 310725960>310243582
#ERR Elements not ordered. index=150246 310243582>310214812
#ERR Elements not ordered. index=150248 311266247>308144071
#SDC Ite:0 KerTime:4.736221 AccTime:4.736221 KerErr:1598 AccErr:1598
#ABORT too many errors per iteration
#END