#HEADER size:1048576
#BEGIN Y:2016 M:09 D:13 Time:19:23:51
#IT Ite:0 KerTime:5.733375 AccTime:5.733375
#ERR The histogram from element 1652612825 differs. srcHist=1 dstHist=2

#ERR The histogram from element 1653980239 differs. srcHist=1 dstHist=0

#ERR Elements not ordered. index=806601 1651122447>1651121953
#ERR Elements not ordered. index=806605 1651131093>1651130724
#ERR Elements not ordered. index=806607 1651133643>1651132409
#ERR Elements not ordered. index=806615 1651161608>1651152029
#ERR Elements not ordered. index=806619 1651174433>1651160410
#ERR Elements not ordered. index=806629 1651187046>1651184304
#ERR Elements not ordered. index=806637 1651204765>1651202107
#ERR Elements not ordered. index=806639 1651218058>1651205337
#ERR Elements not ordered. index=806643 1651235621>1651213578
#ERR Elements not ordered. index=806647 1651221590>1651221001
#ERR Elements not ordered. index=806651 1651237199>1651231486
#ERR Elements not ordered. index=806655 1651243555>1651243016
#ERR Elements not ordered. index=806657 1651258065>1651251355
#ERR Elements not ordered. index=806659 1651260032>1651258832
#ERR Elements not ordered. index=806669 1651272801>1651270323
#ERR Elements not ordered. index=806673 1651282016>1651281066
#ERR Elements not ordered. index=806675 1651302142>1651281167
#ERR Elements not ordered. index=806677 1651287116>1651283105
#ERR Elements not ordered. index=806679 1651294579>1651292506
#ERR Elements not ordered. index=806683 1651314591>1651302601
#ERR Elements not ordered. index=806685 1651304229>1651303746
#ERR Elements not ordered. index=806687 1651319282>1651307289
#ERR Elements not ordered. index=806691 1651326161>1651316900
#ERR Elements not ordered. index=806695 1651319612>1651319558
#ERR Elements not ordered. index=806699 1651330551>1651322954
#ERR Elements not ordered. index=806709 1651341421>1651340689
#ERR Elements not ordered. index=806711 1651343177>1651341857
#ERR Elements not ordered. index=806715 1651348382>1651347872
#ERR Elements not ordered. index=806717 1651350052>1651348418
#ERR Elements not ordered. index=806719 1651358124>1651353757
#ERR Elements not ordered. index=806723 1651366149>1651361079
#ERR Elements not ordered. index=806727 1651376207>1651370172
#ERR Elements not ordered. index=806731 1651399623>1651381901
#ERR Elements not ordered. index=806739 1651414309>1651402758
#ERR Elements not ordered. index=806751 1651431462>1651426224
#ERR Elements not ordered. index=806753 1651432314>1651427513
#ERR Elements not ordered. index=806757 1651438566>1651438419
#ERR Elements not ordered. index=806759 1651453612>1651442148
#ERR Elements not ordered. index=806761 1651451119>1651442333
#ERR Elements not ordered. index=806763 1651461633>1651452839
#ERR Elements not ordered. index=806769 1651460962>1651457402
#ERR Elements not ordered. index=806771 1651488964>1651466965
#ERR Elements not ordered. index=806787 1651502152>1651498362
#ERR Elements not ordered. index=806791 1651505651>1651505511
#ERR Elements not ordered. index=806793 1651507243>1651505858
#ERR Elements not ordered. index=806795 1651522547>1651508954
#ERR Elements not ordered. index=806797 1651512852>1651511479
#ERR Elements not ordered. index=806799 1651516417>1651513213
#ERR Elements not ordered. index=806801 1651517059>1651517011
#ERR Elements not ordered. index=806803 1651545072>1651517244
#ERR Elements not ordered. index=806807 1651543943>1651530400
#ERR Elements not ordered. index=806811 1651550906>1651544556
#ERR Elements not ordered. index=806819 1651568420>1651557129
#ERR Elements not ordered. index=806823 1651563240>1651561246
#ERR Elements not ordered. index=806827 1651575106>1651571987
#ERR Elements not ordered. index=806829 1651575616>1651575370
#ERR Elements not ordered. index=806831 1651592937>1651581373
#ERR Elements not ordered. index=806833 1651583508>1651583247
#ERR Elements not ordered. index=806835 1651645664>1651095009
#ERR Elements not ordered. index=806839 1651595889>1651584338
#ERR Elements not ordered. index=806843 1651613904>1651599442
#ERR Elements not ordered. index=806851 1651620375>1651597238
#ERR Elements not ordered. index=806855 1651621630>1651621201
#ERR Elements not ordered. index=806863 1651642705>1651642289
#ERR Elements not ordered. index=806865 1651651043>1651649137
#ERR Elements not ordered. index=806867 1651693032>1651634759
#ERR Elements not ordered. index=806871 1651668552>1651652430
#ERR Elements not ordered. index=806875 1651680225>1651670496
#ERR Elements not ordered. index=806883 1651702547>1651687258
#ERR Elements not ordered. index=806891 1651699656>1651698431
#ERR Elements not ordered. index=806893 1651702161>1651701897
#ERR Elements not ordered. index=806895 1651708676>1651702789
#ERR Elements not ordered. index=806897 1651716920>1651706628
#ERR Elements not ordered. index=806899 1651740574>1651657312
#ERR Elements not ordered. index=806905 1651725145>1651720236
#ERR Elements not ordered. index=806907 1651732352>1651725623
#ERR Elements not ordered. index=806915 1651736363>1651720312
#ERR Elements not ordered. index=806919 1651743924>1651734034
#ERR Elements not ordered. index=806923 1651760505>1651747491
#ERR Elements not ordered. index=806931 1651795174>1651739728
#ERR Elements not ordered. index=806939 1651778663>1651763565
#ERR Elements not ordered. index=806943 1651788073>1651778872
#ERR Elements not ordered. index=806947 1651791121>1651788474
#ERR Elements not ordered. index=806955 1651813135>1651809853
#ERR Elements not ordered. index=806963 1651827705>1651801830
#ERR Elements not ordered. index=806967 1651838955>1651826860
#ERR Elements not ordered. index=806971 1651854320>1651840450
#ERR Elements not ordered. index=806979 1651856860>1651854208
#ERR Elements not ordered. index=806991 1651869296>1651868183
#ERR Elements not ordered. index=806993 1651873206>1651869406
#ERR Elements not ordered. index=806997 1651887103>1651886694
#ERR Elements not ordered. index=806999 1651891160>1651889743
#ERR Elements not ordered. index=807001 1651894671>1651894356
#ERR Elements not ordered. index=807003 1651898050>1651894821
#ERR Elements not ordered. index=807005 1651905808>1651898453
#ERR Elements not ordered. index=807007 1651906210>1651905991
#ERR Elements not ordered. index=807013 1651925833>1651921798
#ERR Elements not ordered. index=807021 1651938233>1651935509
#ERR Elements not ordered. index=807025 1651942090>1651939403
#ERR Elements not ordered. index=807029 1651951013>1651948651
#ERR Elements not ordered. index=807031 1652612825>1651953746
#ERR Elements not ordered. index=807045 1651987364>1651986249
#ERR Elements not ordered. index=807047 1651988279>1651987858
#ERR Elements not ordered. index=807065 1652026198>1652022872
#ERR Elements not ordered. index=807067 1652028071>1652027060
#ERR Elements not ordered. index=807071 1652035352>1652034594
#ERR Elements not ordered. index=807073 1652042237>1652040889
#ERR Elements not ordered. index=807075 1652043323>1652042371
#ERR Elements not ordered. index=807077 1652051139>1652045029
#ERR Elements not ordered. index=807083 1652068584>1652064609
#ERR Elements not ordered. index=807089 1652074477>1652073444
#ERR Elements not ordered. index=807091 1652091048>1651854739
#ERR Elements not ordered. index=807095 1652082363>1652077499
#ERR Elements not ordered. index=807103 1652093132>1652091637
#ERR Elements not ordered. index=807105 1652099665>1652097577
#ERR Elements not ordered. index=807107 1652106695>1652102031
#ERR Elements not ordered. index=807111 1652125683>1652122064
#ERR Elements not ordered. index=807115 1652137497>1652132434
#ERR Elements not ordered. index=807121 1652155423>1652152164
#ERR Elements not ordered. index=807123 1652164542>1652111002
#ERR Elements not ordered. index=807131 1652172328>1652165769
#ERR Elements not ordered. index=807139 1652195489>1652183693
#ERR Elements not ordered. index=807143 1652207897>1652202432
#ERR Elements not ordered. index=807147 1652216125>1652215270
#ERR Elements not ordered. index=807155 1652229940>1652222699
#ERR Elements not ordered. index=807157 1652230289>1652228887
#ERR Elements not ordered. index=807159 1652230923>1652230337
#ERR Elements not ordered. index=807161 1652240702>1652236171
#ERR Elements not ordered. index=807163 1652245207>1652238448
#ERR Elements not ordered. index=807165 1652249530>1652242408
#ERR Elements not ordered. index=807167 1652255259>1652245533
#ERR Elements not ordered. index=807169 1652258467>1652257177
#ERR Elements not ordered. index=807171 1652262861>1652259477
#ERR Elements not ordered. index=807185 1652276489>1652275225
#ERR Elements not ordered. index=807187 1652284708>1652281231
#ERR Elements not ordered. index=807195 1652293992>1652291847
#ERR Elements not ordered. index=807203 1652320304>1652298294
#ERR Elements not ordered. index=807211 1652328305>1652321732
#ERR Elements not ordered. index=807215 1652345633>1652332301
#ERR Elements not ordered. index=807219 1652429110>1652253450
#ERR Elements not ordered. index=807223 1652353223>1652348867
#ERR Elements not ordered. index=807235 1652384717>1652364147
#ERR Elements not ordered. index=807243 1652402744>1652391717
#ERR Elements not ordered. index=807247 1652416133>1652414906
#ERR Elements not ordered. index=807251 1652430057>1652417128
#ERR Elements not ordered. index=807253 1652432908>1652429870
#ERR Elements not ordered. index=807255 1652441501>1652431097
#ERR Elements not ordered. index=807259 1652457362>1652452558
#ERR Elements not ordered. index=807263 1652464322>1652457390
#ERR Elements not ordered. index=807267 1652474385>1652464703
#ERR Elements not ordered. index=807273 1652480405>1652479998
#ERR Elements not ordered. index=807275 1652496302>1652480759
#ERR Elements not ordered. index=807283 1652591099>1652439600
#ERR Elements not ordered. index=807291 1652516872>1652501870
#ERR Elements not ordered. index=807295 1652523493>1652517304
#ERR Elements not ordered. index=807315 1652562493>1652536213
#ERR Elements not ordered. index=807319 1652567754>1652565696
#ERR Elements not ordered. index=807321 1652573550>1652570833
#ERR Elements not ordered. index=807331 1652590455>1652583235
#ERR Elements not ordered. index=807339 1652605841>1652585132
#ERR Elements not ordered. index=807343 1652611078>1652610616
#ERR Elements not ordered. index=807347 1652641613>1651955817
#ERR Elements not ordered. index=807351 1652618983>1652614737
#ERR Elements not ordered. index=807355 1652634839>1652619361
#ERR Elements not ordered. index=807357 1652638906>1652636826
#ERR Elements not ordered. index=807603 1653119709>1651077623
#ERR Elements not ordered. index=807607 1653126294>1653122637
#ERR Elements not ordered. index=807667 1653237110>1653134855
#ERR Elements not ordered. index=807683 1653264758>1653239106
#ERR Elements not ordered. index=807687 1653274260>1653266743
#ERR Elements not ordered. index=807689 1653274705>1653274459
#ERR Elements not ordered. index=807731 1653362811>1653295249
#ERR Elements not ordered. index=807735 1653370997>1653369243
#ERR Elements not ordered. index=807737 1653374475>1653373016
#ERR Elements not ordered. index=807739 1653377135>1653374550
#ERR Elements not ordered. index=807741 1653379617>1653377816
#ERR Elements not ordered. index=807763 1653410800>1653386099
#ERR Elements not ordered. index=807767 1653416613>1653412918
#ERR Elements not ordered. index=807795 1653480208>1653432252
#ERR Elements not ordered. index=807797 1653481151>1653480498
#ERR Elements not ordered. index=807799 1653492134>1653488779
#ERR Elements not ordered. index=807811 1653518687>1653494980
#ERR Elements not ordered. index=807813 1653524015>1653522099
#ERR Elements not ordered. index=807827 1653548894>1653524158
#ERR Elements not ordered. index=807829 1653551445>1653549423
#ERR Elements not ordered. index=807831 1653553352>1653552722
#ERR Elements not ordered. index=807833 1653555805>1653554112
#ERR Elements not ordered. index=807835 1653557038>1653556430
#ERR Elements not ordered. index=807843 1653572620>1653557862
#ERR Elements not ordered. index=807851 1653583651>1653575120
#ERR Elements not ordered. index=807855 1653593350>1653588589
#ERR Elements not ordered. index=807861 1653612959>1653608968
#ERR Elements not ordered. index=807867 1653623879>1653623148
#ERR Elements not ordered. index=807923 1653753256>1653624747
#ERR Elements not ordered. index=807927 1653762335>1653761490
#ERR Elements not ordered. index=807929 1653764857>1653763520
#ERR Elements not ordered. index=807939 1653775542>1653767477
#ERR Elements not ordered. index=807943 1653785576>1653778881
#ERR Elements not ordered. index=807947 1653792661>1653787440
#ERR Elements not ordered. index=807951 1653800196>1653799278
#ERR Elements not ordered. index=807955 1653808631>1653801096
#ERR Elements not ordered. index=807987 1653869262>1653817572
#ERR Elements not ordered. index=807991 1653881911>1653869317
#ERR Elements not ordered. index=807993 1653883645>1653882865
#ERR Elements not ordered. index=808003 1653903053>1653896308
#ERR Elements not ordered. index=808007 1653918793>1653910189
#ERR Elements not ordered. index=808019 1653946371>1653944020
#ERR Elements not ordered. index=808027 1653961162>1653947973
#ERR Elements not ordered. index=808043 1653979596>1653978267
#SDC Ite:0 KerTime:5.733375 AccTime:5.733375 KerErr:211 AccErr:211
#END