#HEADER size:1048576
#BEGIN Y:2016 M:09 D:13 Time:14:54:56
#IT Ite:0 KerTime:3.764140 AccTime:3.764140
#ERR Elements not ordered. index=499206 1023290205>1020925011
#ERR Elements not ordered. index=499208 1021886402>1020487160
#ERR Elements not ordered. index=499212 1023106681>1020345643
#ERR Elements not ordered. index=499214 1022493647>1020412148
#ERR Elements not ordered. index=499217 1022815907>1020772925
#ERR Elements not ordered. index=499218 1020772925>1020730399
#ERR Elements not ordered. index=499221 1023769218>1020609149
#ERR Elements not ordered. index=499223 1023036142>1021500464
#ERR Elements not ordered. index=499224 1021500464>1020827538
#ERR Elements not ordered. index=499226 1021959968>1021538958
#ERR Elements not ordered. index=499227 1021538958>1020692486
#ERR Elements not ordered. index=499229 1021502386>1020948464
#ERR Elements not ordered. index=499232 1021986104>1020780481
#ERR Elements not ordered. index=499234 1023187884>1023082879
#ERR Elements not ordered. index=499235 1023082879>1020510290
#ERR Elements not ordered. index=499238 1023057180>1021060303
#ERR Elements not ordered. index=499241 1022084912>1020428785
#ERR Elements not ordered. index=499242 1020428785>1020371303
#ERR Elements not ordered. index=499244 1022855802>1022427468
#ERR Elements not ordered. index=499246 1023072361>1022254960
#ERR Elements not ordered. index=499247 1022254960>1020432181
#ERR Elements not ordered. index=499249 1022873660>1021292474
#ERR Elements not ordered. index=499251 1022471988>1021438624
#ERR Elements not ordered. index=499253 1023192240>1023035572
#ERR Elements not ordered. index=499254 1023035572>1020674361
#ERR Elements not ordered. index=499256 1022146305>1021064023
#ERR Elements not ordered. index=499259 1023823661>1020916976
#ERR Elements not ordered. index=499260 1020916976>1020655081
#ERR Elements not ordered. index=499262 1022511347>1021756246
#ERR Elements not ordered. index=499264 1023837919>1023216735
#ERR Elements not ordered. index=499265 1023216735>1021686869
#ERR Elements not ordered. index=499266 1021686869>1020914231
#ERR Elements not ordered. index=499268 1022856580>1022380441
#ERR Elements not ordered. index=499271 1023559756>1020948306
#ERR Elements not ordered. index=499274 1022934988>1022334189
#ERR Elements not ordered. index=499275 1022334189>1020826524
#ERR Elements not ordered. index=499276 1020826524>1020307844
#ERR Elements not ordered. index=499278 1023644760>1020449166
#ERR Elements not ordered. index=499280 1023614491>1020598769
#ERR Elements not ordered. index=499283 1023672424>1023396508
#ERR Elements not ordered. index=499284 1023396508>1022758952
#ERR Elements not ordered. index=499285 1022758952>1021809330
#ERR Elements not ordered. index=499286 1021809330>1020590450
#ERR Elements not ordered. index=499289 1023261666>1021754793
#ERR Elements not ordered. index=499291 1022466801>1020907715
#ERR Elements not ordered. index=499293 1022668547>1020966092
#ERR Elements not ordered. index=499294 1020966092>1020456479
#ERR Elements not ordered. index=499297 1021212587>1020376608
#ERR Elements not ordered. index=499299 1023433844>1021055511
#ERR Elements not ordered. index=499302 1023636280>1023322588
#ERR Elements not ordered. index=499303 1023322588>1021798352
#ERR Elements not ordered. index=499305 1023324279>1020530835
#ERR Elements not ordered. index=499308 1023757788>1022636258
#ERR Elements not ordered. index=499310 1023055692>1021433156
#ERR Elements not ordered. index=499312 1021661230>1021477510
#ERR Elements not ordered. index=499313 1021477510>1021244998
#ERR Elements not ordered. index=499315 1022060674>1021910339
#ERR Elements not ordered. index=499316 1021910339>1020751077
#ERR Elements not ordered. index=499318 1023668705>1022774299
#ERR Elements not ordered. index=499319 1022774299>1022114215
#ERR Elements not ordered. index=499320 1022114215>1021577467
#ERR Elements not ordered. index=499322 1023289258>1021483739
#ERR Elements not ordered. index=499325 1023577011>1022510931
#ERR Elements not ordered. index=499326 1022510931>1020474778
#ERR Elements not ordered. index=499330 1023616633>1023471377
#ERR Elements not ordered. index=499331 1023471377>1020446059
#ERR Elements not ordered. index=499333 1023762229>1023625531
#ERR Elements not ordered. index=499334 1023625531>1022129183
#ERR Elements not ordered. index=499336 1022748650>1021204495
#ERR Elements not ordered. index=499337 1021204495>1020729933
#ERR Elements not ordered. index=499339 1023114677>1022555891
#ERR Elements not ordered. index=499341 1023238089>1022402053
#ERR Elements not ordered. index=499343 1023183636>1023057326
#ERR Elements not ordered. index=499344 1023057326>1021132243
#ERR Elements not ordered. index=499347 1023381475>1020929035
#ERR Elements not ordered. index=499350 1022738793>1021656315
#ERR Elements not ordered. index=499355 1023495846>1020362634
#ERR Elements not ordered. index=499357 1022256314>1022147574
#ERR Elements not ordered. index=499358 1022147574>1021859598
#ERR Elements not ordered. index=499360 1022610958>1021647224
#ERR Elements not ordered. index=499361 1021647224>1020486102
#ERR Elements not ordered. index=499363 1022657008>1022238466
#ERR Elements not ordered. index=499364 1022238466>1022200641
#ERR Elements not ordered. index=499365 1022200641>1021380073
#ERR Elements not ordered. index=499368 1022673430>1020610924
#ERR Elements not ordered. index=499370 1023808211>1022889122
#ERR Elements not ordered. index=499373 1023735594>1020479976
#ERR Elements not ordered. index=499374 1020479976>1020383951
#ERR Elements not ordered. index=499376 1023663449>1022928129
#ERR Elements not ordered. index=499377 1022928129>1022533863
#ERR Elements not ordered. index=499378 1022533863>1022156837
#ERR Elements not ordered. index=499380 1022295145>1021266089
#ERR Elements not ordered. index=499383 1023761850>1021970487
#ERR Elements not ordered. index=499384 1021970487>1021399928
#ERR Elements not ordered. index=499386 1022422920>1021461083
#ERR Elements not ordered. index=499387 1021461083>1020674286
#ERR Elements not ordered. index=499390 1023055079>1022298852
#ERR Elements not ordered. index=499391 1022298852>1020565855
#ERR Elements not ordered. index=499393 1022841222>1021006298
#ERR Elements not ordered. index=499395 1021908427>1021882422
#ERR Elements not ordered. index=499396 1021882422>1021859336
#ERR Elements not ordered. index=499398 1022288974>1022175431
#ERR Elements not ordered. index=499400 1022655122>1022198240
#ERR Elements not ordered. index=499402 1023484815>1020851677
#ERR Elements not ordered. index=499406 1023343198>1022329770
#ERR Elements not ordered. index=499408 1023663824>1021634655
#ERR Elements not ordered. index=499412 1023564235>1021008376
#ERR Elements not ordered. index=499413 1021008376>1020856342
#ERR Elements not ordered. index=499415 1022342188>1020681230
#ERR Elements not ordered. index=499418 1023152849>1021213942
#ERR Elements not ordered. index=499419 1021213942>1020890848
#ERR Elements not ordered. index=499421 1023663667>1022998071
#ERR Elements not ordered. index=499422 1022998071>1022417033
#ERR Elements not ordered. index=499423 1022417033>1020901686
#ERR Elements not ordered. index=499426 1022570909>1022319879
#ERR Elements not ordered. index=499427 1022319879>1020612773
#ERR Elements not ordered. index=499430 1023704681>1022558302
#ERR Elements not ordered. index=499431 1022558302>1021634741
#ERR Elements not ordered. index=499432 1021634741>1020723792
#ERR Elements not ordered. index=499436 1023334565>1022204742
#ERR Elements not ordered. index=499439 1023447150>1023250204
#ERR Elements not ordered. index=499440 1023250204>1021775584
#ERR Elements not ordered. index=499441 1021775584>1020409723
#ERR Elements not ordered. index=499443 1023241431>1023175275
#ERR Elements not ordered. index=499444 1023175275>1022826341
#ERR Elements not ordered. index=499445 1022826341>1021910003
#ERR Elements not ordered. index=499446 1021910003>1021619498
#ERR Elements not ordered. index=499448 1022028214>1020364102
#ERR Elements not ordered. index=499450 1022127905>1020977741
#ERR Elements not ordered. index=499451 1020977741>1020770903
#ERR Elements not ordered. index=499453 1021320560>1021241387
#ERR Elements not ordered. index=499456 1022514729>1021762454
#ERR Elements not ordered. index=499459 1023675380>1023329014
#ERR Elements not ordered. index=499460 1023329014>1022178511
#ERR Elements not ordered. index=499462 1023713499>1021001658
#ERR Elements not ordered. index=499463 1021001658>1020902337
#ERR Elements not ordered. index=499465 1023610957>1021807747
#ERR Elements not ordered. index=499467 1023690176>1022239225
#ERR Elements not ordered. index=499468 1022239225>1021506650
#ERR Elements not ordered. index=499471 1023563003>1020923280
#ERR Elements not ordered. index=499472 1020923280>1020855543
#ERR Elements not ordered. index=499474 1023244547>1021166434
#ERR Elements not ordered. index=499477 1022725422>1021989472
#ERR Elements not ordered. index=499479 1023093857>1021348474
#ERR Elements not ordered. index=499481 1021554066>1020362789
#ERR Elements not ordered. index=499483 1022461163>1021132973
#ERR Elements not ordered. index=499484 1021132973>1020606407
#ERR Elements not ordered. index=499487 1023607153>1023293792
#ERR Elements not ordered. index=499488 1023293792>1020535350
#ERR Elements not ordered. index=499490 1023352835>1022559415
#ERR Elements not ordered. index=499491 1022559415>1021129397
#ERR Elements not ordered. index=499494 1023310593>1021641117
#ERR Elements not ordered. index=499495 1021641117>1020491069
#ERR Elements not ordered. index=499497 1020562158>1020392734
#ERR Elements not ordered. index=499502 1022810767>1022647521
#ERR Elements not ordered. index=499503 1022647521>1021394023
#ERR Elements not ordered. index=499505 1023390952>1021727239
#ERR Elements not ordered. index=499506 1021727239>1021276467
#ERR Elements not ordered. index=499508 1022188388>1021738554
#ERR Elements not ordered. index=499510 1023100181>1022234373
#ERR Elements not ordered. index=499511 1022234373>1021814781
#ERR Elements not ordered. index=499513 1023486023>1022929794
#ERR Elements not ordered. index=499514 1022929794>1021027170
#ERR Elements not ordered. index=499516 1023387007>1022887460
#ERR Elements not ordered. index=499517 1022887460>1022168142
#ERR Elements not ordered. index=499519 1023364692>1021496890
#ERR Elements not ordered. index=499521 1022080272>1020856468
#ERR Elements not ordered. index=499524 1022467209>1021765802
#ERR Elements not ordered. index=499527 1023041905>1022929632
#ERR Elements not ordered. index=499528 1022929632>1022271012
#ERR Elements not ordered. index=499529 1022271012>1021326690
#ERR Elements not ordered. index=499531 1022190321>1021734738
#ERR Elements not ordered. index=499534 1023240737>1021894473
#ERR Elements not ordered. index=499535 1021894473>1021251351
#ERR Elements not ordered. index=499536 1021251351>1020694064
#ERR Elements not ordered. index=499537 1020694064>1020416012
#ERR Elements not ordered. index=499540 1023259083>1021876601
#ERR Elements not ordered. index=499542 1023661510>1020751362
#ERR Elements not ordered. index=499543 1020751362>1020409442
#ERR Elements not ordered. index=499545 1023417071>1023200648
#ERR Elements not ordered. index=499546 1023200648>1022126491
#ERR Elements not ordered. index=499548 1022515466>1021628628
#ERR Elements not ordered. index=499549 1021628628>1021401153
#ERR Elements not ordered. index=499552 1022836011>1021036757
#ERR Elements not ordered. index=499553 1021036757>1020531823
#ERR Elements not ordered. index=499555 1022498590>1021868549
#ERR Elements not ordered. index=499557 1022987354>1021815406
#ERR Elements not ordered. index=499559 1022245623>1021100829
#ERR Elements not ordered. index=499561 1022362365>1022354349
#ERR Elements not ordered. index=499563 1022371935>1021764700
#ERR Elements not ordered. index=499564 1021764700>1020573953
#ERR Elements not ordered. index=499567 1023036341>1022505208
#ERR Elements not ordered. index=499568 1022505208>1020998118
#ERR Elements not ordered. index=499570 1023535681>1023505367
#ERR Elements not ordered. index=499571 1023505367>1023135457
#ERR Elements not ordered. index=499572 1023135457>1020453219
#ERR Elements not ordered. index=499575 1023526814>1021253636
#ERR Elements not ordered. index=499578 1022474728>1021373361
#ERR Elements not ordered. index=499580 1023462960>1021721614
#ERR Elements not ordered. index=499581 1021721614>1021180711
#ERR Elements not ordered. index=499583 1021778967>1020361704
#ERR Elements not ordered. index=499585 1020831066>1020593644
#ERR Elements not ordered. index=499588 1022807824>1020940216
#ERR Elements not ordered. index=499592 1023822232>1023751799
#ERR Elements not ordered. index=499593 1023751799>1023223408
#ERR Elements not ordered. index=499595 1023555522>1023435761
#ERR Elements not ordered. index=499596 1023435761>1022974638
#ERR Elements not ordered. index=499597 1022974638>1021170962
#ERR Elements not ordered. index=499598 1021170962>1020860266
#ERR Elements not ordered. index=499600 1022624154>1021877724
#ERR Elements not ordered. index=499603 1023830153>1022745923
#ERR Elements not ordered. index=499604 1022745923>1020862807
#ERR Elements not ordered. index=499607 1022214796>1021751040
#ERR Elements not ordered. index=499609 1022654732>1022102445
#ERR Elements not ordered. index=499611 1023389311>1022232887
#ERR Elements not ordered. index=499613 1023800887>1021823063
#ERR Elements not ordered. index=499617 1023767080>1022478094
#ERR Elements not ordered. index=499618 1022478094>1022277977
#ERR Elements not ordered. index=499621 1023137765>1022310687
#ERR Elements not ordered. index=499622 1022310687>1021365640
#ERR Elements not ordered. index=499624 1022041722>1020727087
#ERR Elements not ordered. index=499626 1023657163>1020990521
#ERR Elements not ordered. index=499628 1021907141>1020843116
#ERR Elements not ordered. index=499630 1023539822>1022713527
#ERR Elements not ordered. index=499632 1022935383>1021208608
#ERR Elements not ordered. index=499635 1023825600>1021597059
#ERR Elements not ordered. index=499637 1022148628>1022033869
#ERR Elements not ordered. index=499638 1022033869>1021468408
#ERR Elements not ordered. index=499640 1022927969>1020864623
#ERR Elements not ordered. index=499642 1022889704>1020813964
#ERR Elements not ordered. index=499647 1023828008>1022583735
#ERR Elements not ordered. index=499648 1022583735>1021299692
#ERR Elements not ordered. index=499650 1022371446>1021729936
#ERR Elements not ordered. index=499654 1023234769>1021421027
#ERR Elements not ordered. index=499656 1022526120>1022333648
#ERR Elements not ordered. index=499658 1023691068>1022554181
#ERR Elements not ordered. index=499659 1022554181>1021979779
#ERR Elements not ordered. index=499661 1023371354>1020676882
#ERR Elements not ordered. index=499663 1022373975>1021676565
#ERR Elements not ordered. index=499664 1021676565>1021230929
#ERR Elements not ordered. index=499666 1021442905>1020549273
#ERR Elements not ordered. index=499667 1020549273>1020448463
#ERR Elements not ordered. index=499668 1020448463>1020442057
#ERR Elements not ordered. index=499670 1023050247>1021530984
#ERR Elements not ordered. index=499675 1023042453>1020916005
#ERR Elements not ordered. index=499677 1022351630>1021635786
#ERR Elements not ordered. index=499679 1022690751>1021949816
#ERR Elements not ordered. index=499681 1023836262>1021959990
#ERR Elements not ordered. index=499682 1021959990>1021368619
#ERR Elements not ordered. index=499683 1021368619>1020387551
#ERR Elements not ordered. index=499685 1023448471>1020859455
#ERR Elements not ordered. index=499687 1022552681>1021687534
#ERR Elements not ordered. index=499689 1023148925>1022781890
#ERR Elements not ordered. index=499690 1022781890>1022419032
#ERR Elements not ordered. index=499693 1023256794>1021460372
#ERR Elements not ordered. index=499695 1023339216>1021584721
#ERR Elements not ordered. index=499696 1021584721>1021370971
#ERR Elements not ordered. index=499697 1021370971>1020888844
#ERR Elements not ordered. index=499700 1023239406>1021683957
#ERR Elements not ordered. index=499703 1023825599>1021062093
#ERR Elements not ordered. index=499705 1023839489>1022146060
#ERR Elements not ordered. index=499706 1022146060>1021293821
#ERR Elements not ordered. index=499708 1021806254>1021792077
#ERR Elements not ordered. index=499711 1022016990>1020707382
#ERR Elements not ordered. index=499713 1022455477>1022352624
#ERR Elements not ordered. index=499714 1022352624>1022217501
#ERR Elements not ordered. index=499716 1023291853>1020577262
#ERR Elements not ordered. index=499719 1022266475>1021678180
#ERR Elements not ordered. index=499722 1023771369>1022886700
#ERR Elements not ordered. index=499723 1022886700>1022868861
#ERR Elements not ordered. index=499724 1022868861>1021943139
#ERR Elements not ordered. index=499725 1021943139>1021547890
#ERR Elements not ordered. index=499727 1023370848>1022955270
#ERR Elements not ordered. index=499728 1022955270>1022378618
#ERR Elements not ordered. index=499729 1022378618>1020930767
#ERR Elements not ordered. index=499730 1020930767>1020417314
#ERR Elements not ordered. index=499732 1023570724>1023345987
#ERR Elements not ordered. index=499733 1023345987>1021261039
#ERR Elements not ordered. index=499735 1023319771>1022241145
#ERR Elements not ordered. index=499736 1022241145>1022195112
#ERR Elements not ordered. index=499738 1023426244>1021815877
#ERR Elements not ordered. index=499739 1021815877>1021307286
#ERR Elements not ordered. index=499742 1023125294>1022009427
#ERR Elements not ordered. index=499743 1022009427>1020920436
#ERR Elements not ordered. index=499745 1022132958>1020940584
#ERR Elements not ordered. index=499747 1022072142>1021990335
#ERR Elements not ordered. index=499748 1021990335>1021854787
#ERR Elements not ordered. index=499749 1021854787>1021576950
#ERR Elements not ordered. index=499751 1022173152>1021043480
#ERR Elements not ordered. index=499755 1023220766>1022385231
#ERR Elements not ordered. index=499757 1023489794>1022565761
#ERR Elements not ordered. index=499759 1023444708>1020851682
#ERR Elements not ordered. index=499761 1023305514>1021750914
#ERR Elements not ordered. index=499762 1021750914>1021204031
#ERR Elements not ordered. index=499763 1021204031>1021186697
#ERR Elements not ordered. index=499765 1023753960>1023163710
#ERR Elements not ordered. index=499766 1023163710>1021896319
#ERR Elements not ordered. index=499767 1021896319>1021737268
#ERR Elements not ordered. index=499768 1021737268>1020354710
#ERR Elements not ordered. index=499771 1021187738>1020771098
#ERR Elements not ordered. index=499777 1023509599>1022232159
#ERR Elements not ordered. index=499778 1022232159>1020842783
#ERR Elements not ordered. index=499780 1023164291>1020905284
#ERR Elements not ordered. index=499782 1021616739>1021002237
#ERR Elements not ordered. index=499784 1023194164>1021538963
#ERR Elements not ordered. index=499787 1023262520>1022425102
#ERR Elements not ordered. index=499790 1023583045>1022476738
#ERR Elements not ordered. index=499791 1022476738>1021754056
#ERR Elements not ordered. index=499792 1021754056>1020578205
#ERR Elements not ordered. index=499795 1022569401>1020446198
#ERR Elements not ordered. index=499798 1022764714>1021272462
#ERR Elements not ordered. index=499800 1023749604>1020340947
#ERR Elements not ordered. index=499804 1023840446>1022688630
#ERR Elements not ordered. index=499805 1022688630>1021071285
#ERR Elements not ordered. index=499809 1023848018>1022708492
#ERR Elements not ordered. index=499810 1022708492>1020998219
#ERR Elements not ordered. index=499812 1023317639>1022611198
#ERR Elements not ordered. index=499813 1022611198>1021889991
#ERR Elements not ordered. index=499814 1021889991>1020424503
#ERR Elements not ordered. index=499817 1021576909>1021411009
#ERR Elements not ordered. index=499821 1023138977>1020394894
#ERR Elements not ordered. index=499824 1023340476>1021180803
#ERR Elements not ordered. index=499828 1023395453>1021270573
#ERR Elements not ordered. index=499832 1023202936>1021466555
#ERR Elements not ordered. index=499834 1023061580>1022687472
#ERR Elements not ordered. index=499835 1022687472>1020743365
#ERR Elements not ordered. index=499836 1020743365>1020681500
#ERR Elements not ordered. index=499838 1023184275>1022517392
#ERR Elements not ordered. index=499839 1022517392>1021415775
#ERR Elements not ordered. index=499841 1023552718>1022180165
#ERR Elements not ordered. index=499843 1022683430>1020842848
#ERR Elements not ordered. index=499845 1023272203>1023109732
#ERR Elements not ordered. index=499846 1023109732>1022345317
#ERR Elements not ordered. index=499848 1023753195>1021317921
#ERR Elements not ordered. index=499849 1021317921>1020464015
#ERR Elements not ordered. index=499852 1022156318>1020893640
#ERR Elements not ordered. index=499856 1022845827>1020546156
#ERR Elements not ordered. index=499858 1022957864>1021526892
#ERR Elements not ordered. index=499860 1023555011>1022090690
#ERR Elements not ordered. index=499862 1023020858>1022730855
#ERR Elements not ordered. index=499864 1022996372>1020910168
#ERR Elements not ordered. index=499866 1022566987>1021489714
#ERR Elements not ordered. index=499869 1021742866>1021418062
#ERR Elements not ordered. index=499872 1022701778>1021370499
#ERR Elements not ordered. index=499873 1021370499>1020391089
#ERR Elements not ordered. index=499877 1023834983>1022930060
#ERR Elements not ordered. index=499878 1022930060>1021564971
#ERR Elements not ordered. index=499880 1022259844>1020705875
#ERR Elements not ordered. index=499882 1023747756>1023554108
#ERR Elements not ordered. index=499883 1023554108>1022258565
#ERR Elements not ordered. index=499885 1022728941>1020822463
#ERR Elements not ordered. index=499887 1021770596>1021376136
#ERR Elements not ordered. index=499889 1023421518>1020850366
#ERR Elements not ordered. index=499891 1021358674>1020957829
#ERR Elements not ordered. index=499892 1020957829>1020333382
#ERR Elements not ordered. index=499896 1023035501>1021003310
#ERR Elements not ordered. index=499898 1023160725>1021503285
#ERR Elements not ordered. index=499900 1022967443>1021688964
#ERR Elements not ordered. index=499901 1021688964>1020815077
#ERR Elements not ordered. index=499902 1020815077>1020585885
#ERR Elements not ordered. index=499904 1023231964>1020922910
#ERR Elements not ordered. index=499906 1023497132>1020374563
#ERR Elements not ordered. index=499909 1022338061>1022232556
#ERR Elements not ordered. index=499910 1022232556>1021632301
#ERR Elements not ordered. index=499912 1023476577>1023380873
#ERR Elements not ordered. index=499913 1023380873>1021339658
#ERR Elements not ordered. index=499914 1021339658>1020581159
#ERR Elements not ordered. index=499918 1023746714>1020746371
#ERR Elements not ordered. index=499919 1020746371>1020426032
#ERR Elements not ordered. index=499921 1021920948>1021707739
#ERR Elements not ordered. index=499922 1021707739>1021685269
#ERR Elements not ordered. index=499924 1022228662>1020721289
#ERR Elements not ordered. index=499926 1023506269>1022361408
#ERR Elements not ordered. index=499927 1022361408>1021734276
#ERR Elements not ordered. index=499928 1021734276>1021415767
#ERR Elements not ordered. index=499930 1021491497>1020463930
#ERR Elements not ordered. index=499933 1023023319>1022461234
#ERR Elements not ordered. index=499934 1022461234>1020967819
#ERR Elements not ordered. index=499935 1020967819>1020864376
#ERR Elements not ordered. index=499937 1023526152>1020636747
#ERR Elements not ordered. index=499939 1020966015>1020722476
#ERR Elements not ordered. index=499941 1023665632>1023033446
#ERR Elements not ordered. index=499942 1023033446>1020675157
#ERR Elements not ordered. index=499944 1020950830>1020346161
#ERR Elements not ordered. index=499946 1023628434>1020898059
#ERR Elements not ordered. index=499950 1023736953>1023223623
#ERR Elements not ordered. index=499951 1023223623>1022353312
#ERR Elements not ordered. index=499953 1022964868>1021702639
#ERR Elements not ordered. index=499954 1021702639>1020503156
#ERR Elements not ordered. index=499957 1023731000>1022936887
#ERR Elements not ordered. index=499959 1023713239>1023085220
#ERR Elements not ordered. index=499960 1023085220>1023010026
#ERR Elements not ordered. index=499961 1023010026>1022546218
#ERR Elements not ordered. index=499962 1022546218>1021424195
#ERR Elements not ordered. index=499965 1021593281>1020992429
#ERR Elements not ordered. index=499966 1020992429>1020589429
#ERR Elements not ordered. index=499968 1023607328>1023496823
#ERR Elements not ordered. index=499969 1023496823>1023399776
#ERR Elements not ordered. index=499970 1023399776>1021023145
#ERR Elements not ordered. index=499972 1022474157>1022423688
#ERR Elements not ordered. index=499974 1023476885>1021113497
#ERR Elements not ordered. index=499976 1021193252>1020621494
#ERR Elements not ordered. index=499978 1023344602>1023053220
#ERR Elements not ordered. index=499979 1023053220>1022504619
#ERR Elements not ordered. index=499980 1022504619>1021233229
#ERR Elements not ordered. index=499983 1023576778>1021420712
#ERR Elements not ordered. index=499985 1023331554>1020521668
#ERR Elements not ordered. index=499987 1023824600>1020312172
#ERR Elements not ordered. index=499990 1021063927>1020396859
#ERR Elements not ordered. index=499992 1021072295>1020648793
#ERR Elements not ordered. index=499993 1020648793>1020379016
#ERR Elements not ordered. index=499996 1023842576>1020601586
#ERR Elements not ordered. index=499999 1022526488>1020946437
#ERR Elements not ordered. index=500001 1023633174>1021324261
#ERR Elements not ordered. index=500005 1023771769>1022040607
#ERR Elements not ordered. index=500007 1023794978>1022331506
#ERR Elements not ordered. index=500008 1022331506>1020419582
#ERR Elements not ordered. index=500010 1021095827>1020703834
#ERR Elements not ordered. index=500013 1023569653>1021863524
#ERR Elements not ordered. index=500014 1021863524>1021519697
#ERR Elements not ordered. index=500016 1022265154>1021828616
#ERR Elements not ordered. index=500017 1021828616>1021287413
#ERR Elements not ordered. index=500018 1021287413>1021078208
#ERR Elements not ordered. index=500019 1021078208>1020535580
#ERR Elements not ordered. index=500022 1022307126>1021804356
#ERR Elements not ordered. index=500023 1021804356>1020762705
#ERR Elements not ordered. index=500026 1023779219>1023568265
#ERR Elements not ordered. index=500027 1023568265>1022012067
#ERR Elements not ordered. index=500029 1023673378>1022522382
#ERR Elements not ordered. index=500031 1022702514>1020331084
#ERR Elements not ordered. index=500034 1022915195>1020773498
#ERR Elements not ordered. index=500036 1023027810>1022157266
#ERR Elements not ordered. index=500038 1023085730>1020386612
#ERR Elements not ordered. index=500040 1022104689>1022014541
#ERR Elements not ordered. index=500042 1023224806>1020536468
#ERR Elements not ordered. index=500043 1020536468>1020472227
#ERR Elements not ordered. index=500045 1022286015>1020756078
#ERR Elements not ordered. index=500048 1023033891>1020785504
#ERR Elements not ordered. index=500050 1021953467>1021446062
#ERR Elements not ordered. index=500053 1023406030>1021855826
#ERR Elements not ordered. index=500055 1023679594>1022206648
#ERR Elements not ordered. index=500057 1023496557>1020684383
#ERR Elements not ordered. index=500060 1023564647>1022076115
#ERR Elements not ordered. index=500063 1023594924>1023036605
#ERR Elements not ordered. index=500064 1023036605>1022442228
#ERR Elements not ordered. index=500066 1023166770>1021814982
#ERR Elements not ordered. index=500068 1022313417>1020783136
#ERR Elements not ordered. index=500070 1022307702>1021639021
#ERR Elements not ordered. index=500074 1023819649>1020443257
#ERR Elements not ordered. index=500076 1021795003>1020821487
#ERR Elements not ordered. index=500078 1022945109>1021105045
#ERR Elements not ordered. index=500080 1023357632>1020749517
#ERR Elements not ordered. index=500082 1021713031>1020949193
#ERR Elements not ordered. index=500084 1022539271>1021759822
#ERR Elements not ordered. index=500086 1023111743>1022200218
#ERR Elements not ordered. index=500087 1022200218>1020353465
#ERR Elements not ordered. index=500089 1021550140>1021450350
#ERR Elements not ordered. index=500091 1023627291>1021952356
#ERR Elements not ordered. index=500094 1023829246>1023560489
#ERR Elements not ordered. index=500095 1023560489>1022024564
#ERR Elements not ordered. index=500097 1023746957>1020727134
#ERR Elements not ordered. index=500100 1023688309>1022096066
#ERR Elements not ordered. index=500101 1022096066>1021471752
#ERR Elements not ordered. index=500103 1022613798>1020887918
#ERR Elements not ordered. index=500105 1023373849>1022928701
#ERR Elements not ordered. index=500106 1022928701>1022784291
#ERR Elements not ordered. index=500107 1022784291>1022282857
#ERR Elements not ordered. index=500108 1022282857>1020497672
#ERR Elements not ordered. index=500110 1022147659>1020407737
#ERR Elements not ordered. index=500113 1023216654>1022974576
#ERR Elements not ordered. index=500114 1022974576>1022741503
#ERR Elements not ordered. index=500116 1022864769>1021095612
#ERR Elements not ordered. index=500118 1023080486>1022990484
#ERR Elements not ordered. index=500119 1022990484>1021195697
#ERR Elements not ordered. index=500120 1021195697>1020611166
#ERR Elements not ordered. index=500123 1023668401>1022616885
#ERR Elements not ordered. index=500124 1022616885>1021625338
#ERR Elements not ordered. index=500127 1022567171>1021668862
#ERR Elements not ordered. index=500128 1021668862>1020546823
#ERR Elements not ordered. index=500131 1022981633>1022431055
#ERR Elements not ordered. index=500132 1022431055>1021313586
#ERR Elements not ordered. index=500133 1021313586>1021221471
#ERR Elements not ordered. index=500135 1023699376>1023263620
#ERR Elements not ordered. index=500136 1023263620>1022226764
#ERR Elements not ordered. index=500137 1022226764>1021341312
#ERR Elements not ordered. index=500139 1023493352>1022849398
#ERR Elements not ordered. index=500140 1022849398>1022581029
#ERR Elements not ordered. index=500141 1022581029>1020532791
#ERR Elements not ordered. index=500143 1023343051>1020884969
#ERR Elements not ordered. index=500146 1023628570>1021468178
#ERR Elements not ordered. index=500148 1023492464>1021444452
#ERR Elements not ordered. index=500149 1021444452>1020428347
#ERR Elements not ordered. index=500152 1023632946>1022272364
#ERR Elements not ordered. index=500155 1023561835>1022074757
#ERR Elements not ordered. index=500158 1023730906>1022092593
#ERR Elements not ordered. index=500159 1022092593>1020544348
#ERR Elements not ordered. index=500161 1023547042>1021689790
#ERR Elements not ordered. index=500162 1021689790>1021526853
#ERR Elements not ordered. index=500163 1021526853>1020517764
#ERR Elements not ordered. index=500166 1021894352>1021240380
#SDC Ite:0 KerTime:3.764140 AccTime:3.764140 KerErr:899 AccErr:899
#ABORT too many errors per iteration
#END