#HEADER size:1048576
#BEGIN Y:2016 M:09 D:13 Time:18:52:36
#IT Ite:0 KerTime:3.850417 AccTime:3.850417
#ERR Elements not ordered. index=264104 737303609>624589659
#ERR Elements not ordered. index=264106 835645952>595904594
#ERR Elements not ordered. index=264109 853494759>677560234
#ERR Elements not ordered. index=264112 825771624>799059698
#ERR Elements not ordered. index=264113 799059698>634907482
#ERR Elements not ordered. index=264116 637120820>606903169
#ERR Elements not ordered. index=264119 757677038>564585000
#ERR Elements not ordered. index=264121 691654889>615654799
#ERR Elements not ordered. index=264123 831498083>785326325
#ERR Elements not ordered. index=264124 785326325>632282174
#ERR Elements not ordered. index=264126 827141777>679153254
#ERR Elements not ordered. index=264127 679153254>614113906
#ERR Elements not ordered. index=264129 658428497>592708253
#ERR Elements not ordered. index=264131 763669967>737840842
#ERR Elements not ordered. index=264132 737840842>548058791
#ERR Elements not ordered. index=264135 805095321>750986882
#ERR Elements not ordered. index=264136 750986882>660309579
#ERR Elements not ordered. index=264140 778992060>627965829
#ERR Elements not ordered. index=264143 707104417>593491821
#ERR Elements not ordered. index=264144 593491821>580749414
#ERR Elements not ordered. index=264148 681038795>593154204
#ERR Elements not ordered. index=264150 691868816>665869230
#ERR Elements not ordered. index=264154 764814298>584456662
#ERR Elements not ordered. index=264156 673868154>604889813
#ERR Elements not ordered. index=264158 678522699>581878347
#ERR Elements not ordered. index=264160 778786000>748915375
#ERR Elements not ordered. index=264161 748915375>677031418
#ERR Elements not ordered. index=264162 677031418>639486036
#ERR Elements not ordered. index=264163 639486036>561032055
#ERR Elements not ordered. index=264165 772202218>739016882
#ERR Elements not ordered. index=264167 776618555>671447337
#ERR Elements not ordered. index=264168 671447337>600027745
#ERR Elements not ordered. index=264171 837271409>685621817
#ERR Elements not ordered. index=264174 843902634>617113641
#ERR Elements not ordered. index=264176 800390957>677577354
#ERR Elements not ordered. index=264179 848806531>748675095
#ERR Elements not ordered. index=264180 748675095>596365661
#ERR Elements not ordered. index=264182 814262726>624444189
#ERR Elements not ordered. index=264184 834607755>743006030
#ERR Elements not ordered. index=264185 743006030>547192642
#ERR Elements not ordered. index=264187 689978558>618909767
#ERR Elements not ordered. index=264189 692030751>561943612
#ERR Elements not ordered. index=264193 835443224>654219594
#ERR Elements not ordered. index=264195 849706461>827592834
#ERR Elements not ordered. index=264196 827592834>543107810
#ERR Elements not ordered. index=264199 727347461>618299463
#ERR Elements not ordered. index=264201 692657511>601818031
#ERR Elements not ordered. index=264203 802516459>543423874
#ERR Elements not ordered. index=264205 757285639>709956853
#ERR Elements not ordered. index=264206 709956853>657277379
#ERR Elements not ordered. index=264207 657277379>588061554
#ERR Elements not ordered. index=264211 807308262>611521331
#ERR Elements not ordered. index=264214 825460305>779634201
#ERR Elements not ordered. index=264215 779634201>571048493
#ERR Elements not ordered. index=264216 571048493>543693427
#ERR Elements not ordered. index=264221 722175801>609022719
#ERR Elements not ordered. index=264223 842708952>727788260
#ERR Elements not ordered. index=264225 747180567>543676663
#ERR Elements not ordered. index=264229 847186752>580558349
#ERR Elements not ordered. index=264231 702653253>627978183
#ERR Elements not ordered. index=264233 753546779>723906121
#ERR Elements not ordered. index=264234 723906121>595359766
#ERR Elements not ordered. index=264237 792873441>586085561
#ERR Elements not ordered. index=264239 820306629>799977232
#ERR Elements not ordered. index=264240 799977232>674993541
#ERR Elements not ordered. index=264243 781545803>752576665
#ERR Elements not ordered. index=264245 781154052>731470088
#ERR Elements not ordered. index=264246 731470088>616682111
#ERR Elements not ordered. index=264248 652127609>552721946
#ERR Elements not ordered. index=264250 813615878>622049860
#ERR Elements not ordered. index=264253 851773530>567081590
#ERR Elements not ordered. index=264255 686277510>568828772
#ERR Elements not ordered. index=264257 831599588>697659078
#ERR Elements not ordered. index=264258 697659078>632532728
#ERR Elements not ordered. index=264263 823631556>680155315
#ERR Elements not ordered. index=264266 831348490>555273443
#ERR Elements not ordered. index=264268 736736153>702050672
#ERR Elements not ordered. index=264269 702050672>638191526
#ERR Elements not ordered. index=264270 638191526>542104577
#ERR Elements not ordered. index=264274 825361840>657492412
#ERR Elements not ordered. index=264276 798714735>637021803
#ERR Elements not ordered. index=264279 777791250>691252776
#ERR Elements not ordered. index=264280 691252776>559200774
#ERR Elements not ordered. index=264282 673996967>659993693
#ERR Elements not ordered. index=264283 659993693>574136682
#ERR Elements not ordered. index=264286 825406611>708729728
#ERR Elements not ordered. index=264287 708729728>601987131
#ERR Elements not ordered. index=264289 752250028>660253708
#ERR Elements not ordered. index=264292 827999134>545320398
#ERR Elements not ordered. index=264295 853092623>564140078
#ERR Elements not ordered. index=264297 736552341>557147934
#ERR Elements not ordered. index=264299 680459030>544024851
#ERR Elements not ordered. index=264301 839322452>765779604
#ERR Elements not ordered. index=264304 840028894>597573910
#ERR Elements not ordered. index=264307 710731197>665548413
#ERR Elements not ordered. index=264309 778805840>699344024
#ERR Elements not ordered. index=264310 699344024>625415361
#ERR Elements not ordered. index=264311 625415361>592135440
#ERR Elements not ordered. index=264314 759752177>665805311
#ERR Elements not ordered. index=264315 665805311>569089614
#ERR Elements not ordered. index=264318 822930835>696252915
#ERR Elements not ordered. index=264320 764665197>655355981
#ERR Elements not ordered. index=264323 797106632>549529282
#ERR Elements not ordered. index=264327 749532700>730143795
#ERR Elements not ordered. index=264329 736815495>667844157
#ERR Elements not ordered. index=264330 667844157>645068660
#ERR Elements not ordered. index=264333 835624051>602324712
#ERR Elements not ordered. index=264335 729294023>545640777
#ERR Elements not ordered. index=264340 853391218>851645874
#ERR Elements not ordered. index=264341 851645874>777680201
#ERR Elements not ordered. index=264342 777680201>613353854
#ERR Elements not ordered. index=264344 809239210>579543283
#ERR Elements not ordered. index=264346 621158117>550197737
#ERR Elements not ordered. index=264351 744777870>709276596
#ERR Elements not ordered. index=264352 709276596>617284857
#ERR Elements not ordered. index=264353 617284857>578909672
#ERR Elements not ordered. index=264356 788703760>604097731
#ERR Elements not ordered. index=264358 770651301>589706870
#ERR Elements not ordered. index=264360 763540450>554201986
#ERR Elements not ordered. index=264362 781039259>666022868
#ERR Elements not ordered. index=264364 822259409>767715881
#ERR Elements not ordered. index=264365 767715881>662067843
#ERR Elements not ordered. index=264366 662067843>615981443
#ERR Elements not ordered. index=264370 842104456>607568909
#ERR Elements not ordered. index=264373 848500697>688261946
#ERR Elements not ordered. index=264375 756467324>665340701
#ERR Elements not ordered. index=264376 665340701>655887585
#ERR Elements not ordered. index=264377 655887585>644690661
#ERR Elements not ordered. index=264379 757423047>638486247
#ERR Elements not ordered. index=264381 829126240>587414363
#ERR Elements not ordered. index=264383 770160884>693175801
#ERR Elements not ordered. index=264384 693175801>551518055
#ERR Elements not ordered. index=264386 567652959>541035776
#ERR Elements not ordered. index=264389 722899255>592868091
#ERR Elements not ordered. index=264391 786037779>779266932
#ERR Elements not ordered. index=264392 779266932>541383256
#ERR Elements not ordered. index=264394 607317493>582020440
#ERR Elements not ordered. index=264397 703283750>564206166
#ERR Elements not ordered. index=264401 777021972>732816357
#ERR Elements not ordered. index=264402 732816357>636355272
#ERR Elements not ordered. index=264403 636355272>566519319
#ERR Elements not ordered. index=264406 685434000>586364525
#ERR Elements not ordered. index=264408 799178858>714948754
#ERR Elements not ordered. index=264410 760970938>622789296
#ERR Elements not ordered. index=264412 733974007>709910398
#ERR Elements not ordered. index=264414 740971846>545181425
#ERR Elements not ordered. index=264418 828939254>732436473
#ERR Elements not ordered. index=264419 732436473>730954495
#ERR Elements not ordered. index=264420 730954495>667296393
#ERR Elements not ordered. index=264423 847471186>707508200
#ERR Elements not ordered. index=264424 707508200>607221990
#ERR Elements not ordered. index=264426 848844460>794312035
#ERR Elements not ordered. index=264428 820160570>571183643
#ERR Elements not ordered. index=264431 758138125>670522695
#ERR Elements not ordered. index=264432 670522695>635278008
#ERR Elements not ordered. index=264435 736081474>689868331
#ERR Elements not ordered. index=264437 710074469>630241916
#ERR Elements not ordered. index=264438 630241916>629755838
#ERR Elements not ordered. index=264441 778292220>680883165
#ERR Elements not ordered. index=264442 680883165>592384805
#ERR Elements not ordered. index=264444 728559153>655690351
#ERR Elements not ordered. index=264445 655690351>614694334
#ERR Elements not ordered. index=264446 614694334>555379830
#ERR Elements not ordered. index=264448 705052811>570733300
#ERR Elements not ordered. index=264450 736891337>584770899
#ERR Elements not ordered. index=264451 584770899>569335526
#ERR Elements not ordered. index=264454 804710664>699782587
#ERR Elements not ordered. index=264455 699782587>694223575
#ERR Elements not ordered. index=264456 694223575>666639562
#ERR Elements not ordered. index=264457 666639562>657856351
#ERR Elements not ordered. index=264459 848913908>808908118
#ERR Elements not ordered. index=264460 808908118>800816959
#ERR Elements not ordered. index=264461 800816959>686728186
#ERR Elements not ordered. index=264463 816445412>682063753
#ERR Elements not ordered. index=264465 813939070>674205868
#ERR Elements not ordered. index=264467 801729975>629692880
#ERR Elements not ordered. index=264469 852788807>622980235
#ERR Elements not ordered. index=264470 622980235>582436889
#ERR Elements not ordered. index=264474 727043007>621799342
#ERR Elements not ordered. index=264476 851593497>586084218
#ERR Elements not ordered. index=264478 825388723>554233028
#ERR Elements not ordered. index=264480 629683956>575833613
#ERR Elements not ordered. index=264481 575833613>564975780
#ERR Elements not ordered. index=264483 748855310>712367156
#ERR Elements not ordered. index=264484 712367156>702066027
#ERR Elements not ordered. index=264488 850327242>618414767
#ERR Elements not ordered. index=264490 831190788>555297305
#ERR Elements not ordered. index=264493 806810139>600670242
#ERR Elements not ordered. index=264494 600670242>547925945
#ERR Elements not ordered. index=264496 846304813>567103467
#ERR Elements not ordered. index=264497 567103467>549623814
#ERR Elements not ordered. index=264499 686058889>587161976
#ERR Elements not ordered. index=264501 646960186>562309274
#ERR Elements not ordered. index=264503 761556141>585722120
#ERR Elements not ordered. index=264505 600057733>566559085
#ERR Elements not ordered. index=264508 839617928>648162047
#ERR Elements not ordered. index=264509 648162047>592049592
#ERR Elements not ordered. index=264511 806474745>771512530
#ERR Elements not ordered. index=264512 771512530>661840175
#ERR Elements not ordered. index=264514 714952539>622550531
#ERR Elements not ordered. index=264516 836777139>709761300
#ERR Elements not ordered. index=264517 709761300>589406060
#ERR Elements not ordered. index=264518 589406060>569122193
#ERR Elements not ordered. index=264521 821021838>809165036
#ERR Elements not ordered. index=264522 809165036>569262625
#ERR Elements not ordered. index=264525 746146113>729006198
#ERR Elements not ordered. index=264526 729006198>631424516
#ERR Elements not ordered. index=264529 828354454>580723706
#ERR Elements not ordered. index=264532 760255935>630805477
#ERR Elements not ordered. index=264535 721845947>679749058
#ERR Elements not ordered. index=264537 818805676>752781440
#ERR Elements not ordered. index=264538 752781440>572890770
#ERR Elements not ordered. index=264540 832821799>605006277
#ERR Elements not ordered. index=264543 785037106>611321003
#ERR Elements not ordered. index=264545 684065965>683979466
#ERR Elements not ordered. index=264547 846346472>608401708
#ERR Elements not ordered. index=264549 745085936>720495312
#ERR Elements not ordered. index=264550 720495312>715280491
#ERR Elements not ordered. index=264552 799864131>611276402
#ERR Elements not ordered. index=264553 611276402>595702117
#ERR Elements not ordered. index=264555 756169039>750082653
#ERR Elements not ordered. index=264556 750082653>671918974
#ERR Elements not ordered. index=264557 671918974>628478804
#ERR Elements not ordered. index=264560 854290672>612204033
#ERR Elements not ordered. index=264562 643496869>612074459
#ERR Elements not ordered. index=264565 841235442>724786358
#ERR Elements not ordered. index=264566 724786358>587251007
#ERR Elements not ordered. index=264568 826314575>713776882
#ERR Elements not ordered. index=264569 713776882>554686134
#ERR Elements not ordered. index=264571 709850297>676778942
#ERR Elements not ordered. index=264572 676778942>576870171
#ERR Elements not ordered. index=264575 812800535>767341817
#ERR Elements not ordered. index=264576 767341817>690042600
#ERR Elements not ordered. index=264579 815866412>721782119
#ERR Elements not ordered. index=264582 788985516>740098609
#ERR Elements not ordered. index=264583 740098609>577056746
#ERR Elements not ordered. index=264587 712685806>695471012
#ERR Elements not ordered. index=264588 695471012>655514573
#ERR Elements not ordered. index=264589 655514573>608157338
#ERR Elements not ordered. index=264593 849421488>777538389
#ERR Elements not ordered. index=264594 777538389>575750796
#ERR Elements not ordered. index=264597 735297504>654484274
#ERR Elements not ordered. index=264600 742921956>602059911
#ERR Elements not ordered. index=264602 796898982>620328724
#ERR Elements not ordered. index=264604 621552176>571173589
#ERR Elements not ordered. index=264606 802548579>756254882
#ERR Elements not ordered. index=264607 756254882>595797744
#ERR Elements not ordered. index=264610 762382347>747511278
#ERR Elements not ordered. index=264611 747511278>694007870
#ERR Elements not ordered. index=264612 694007870>626562479
#ERR Elements not ordered. index=264613 626562479>624590187
#ERR Elements not ordered. index=264615 765578537>744041275
#ERR Elements not ordered. index=264616 744041275>681219141
#ERR Elements not ordered. index=264617 681219141>545307000
#ERR Elements not ordered. index=264620 671287449>552485074
#ERR Elements not ordered. index=264623 691616345>592373612
#ERR Elements not ordered. index=264626 649121045>601035262
#ERR Elements not ordered. index=264628 825167324>669213403
#ERR Elements not ordered. index=264631 795234329>599163627
#ERR Elements not ordered. index=264633 752219903>730398443
#ERR Elements not ordered. index=264635 839529441>778051579
#ERR Elements not ordered. index=264636 778051579>736810536
#ERR Elements not ordered. index=264638 838634856>651507902
#ERR Elements not ordered. index=264639 651507902>576540088
#ERR Elements not ordered. index=264643 850481338>648364980
#ERR Elements not ordered. index=264646 821673481>725619810
#ERR Elements not ordered. index=264648 785115303>716444792
#ERR Elements not ordered. index=264649 716444792>713389537
#ERR Elements not ordered. index=264650 713389537>580918760
#ERR Elements not ordered. index=264652 711680631>624967914
#ERR Elements not ordered. index=264654 739232879>720333153
#ERR Elements not ordered. index=264656 765263871>761310040
#ERR Elements not ordered. index=264657 761310040>597620245
#ERR Elements not ordered. index=264660 807986014>666244572
#ERR Elements not ordered. index=264663 819567356>744127855
#ERR Elements not ordered. index=264664 744127855>572320507
#ERR Elements not ordered. index=264666 737752042>540674790
#ERR Elements not ordered. index=264668 849391719>829940145
#ERR Elements not ordered. index=264669 829940145>755106841
#ERR Elements not ordered. index=264670 755106841>716607098
#ERR Elements not ordered. index=264672 831855404>760351697
#ERR Elements not ordered. index=264674 833372333>627434728
#ERR Elements not ordered. index=264676 796512057>736289886
#ERR Elements not ordered. index=264679 851575807>623911320
#ERR Elements not ordered. index=264683 853495995>824812579
#ERR Elements not ordered. index=264684 824812579>586890076
#ERR Elements not ordered. index=264685 586890076>543296813
#ERR Elements not ordered. index=264689 789852241>785364083
#ERR Elements not ordered. index=264690 785364083>639949100
#ERR Elements not ordered. index=264691 639949100>580171643
#ERR Elements not ordered. index=264693 774091214>544408208
#ERR Elements not ordered. index=264695 706317462>579245465
#ERR Elements not ordered. index=264698 848112284>823687814
#ERR Elements not ordered. index=264699 823687814>703625656
#ERR Elements not ordered. index=264701 837656578>590591428
#ERR Elements not ordered. index=264706 828463442>597263196
#ERR Elements not ordered. index=264708 661881498>586218967
#ERR Elements not ordered. index=264710 755708482>579527875
#ERR Elements not ordered. index=264712 800569955>748091775
#ERR Elements not ordered. index=264713 748091775>687934852
#ERR Elements not ordered. index=264715 693850175>683471645
#ERR Elements not ordered. index=264717 758198872>645796589
#ERR Elements not ordered. index=264721 691239163>572675559
#ERR Elements not ordered. index=264723 638711524>567895127
#ERR Elements not ordered. index=264726 795735693>714684491
#ERR Elements not ordered. index=264729 838406757>703786067
#ERR Elements not ordered. index=264730 703786067>596475517
#ERR Elements not ordered. index=264732 775753909>562985787
#ERR Elements not ordered. index=264734 787909838>615507058
#ERR Elements not ordered. index=264737 755901509>680935658
#ERR Elements not ordered. index=264739 743309262>648669310
#ERR Elements not ordered. index=264741 802768529>645427251
#ERR Elements not ordered. index=264744 735092549>709892705
#ERR Elements not ordered. index=264745 709892705>610336914
#ERR Elements not ordered. index=264747 630926599>621552528
#ERR Elements not ordered. index=264749 835853799>595969137
#ERR Elements not ordered. index=264750 595969137>588307481
#ERR Elements not ordered. index=264753 818975158>608644667
#ERR Elements not ordered. index=264755 639475006>564682457
#ERR Elements not ordered. index=264760 846656024>622461592
#ERR Elements not ordered. index=264762 823092481>649390439
#ERR Elements not ordered. index=264764 674104585>563369243
#ERR Elements not ordered. index=264767 839114101>609404204
#ERR Elements not ordered. index=264771 854143167>764471390
#ERR Elements not ordered. index=264772 764471390>758530333
#ERR Elements not ordered. index=264773 758530333>629694050
#ERR Elements not ordered. index=264774 629694050>598996107
#ERR Elements not ordered. index=264776 829862977>594178996
#ERR Elements not ordered. index=264778 840330767>737466220
#ERR Elements not ordered. index=264779 737466220>688723965
#ERR Elements not ordered. index=264780 688723965>596307747
#ERR Elements not ordered. index=264785 822410302>646492714
#ERR Elements not ordered. index=264787 818084693>697602394
#ERR Elements not ordered. index=264788 697602394>663281773
#ERR Elements not ordered. index=264790 763576339>599019855
#ERR Elements not ordered. index=264792 644786133>598304902
#ERR Elements not ordered. index=264793 598304902>549719482
#ERR Elements not ordered. index=264795 714586499>635735149
#ERR Elements not ordered. index=264797 733350168>676234315
#ERR Elements not ordered. index=264798 676234315>560438002
#ERR Elements not ordered. index=264801 841068929>602076164
#ERR Elements not ordered. index=264803 760577157>684440126
#ERR Elements not ordered. index=264804 684440126>553033546
#ERR Elements not ordered. index=264808 815786035>581944437
#ERR Elements not ordered. index=264811 790862445>706786215
#ERR Elements not ordered. index=264812 706786215>634868874
#ERR Elements not ordered. index=264813 634868874>587334119
#ERR Elements not ordered. index=264817 795542210>634338163
#ERR Elements not ordered. index=264819 845523897>635568580
#ERR Elements not ordered. index=264821 662698530>622090585
#ERR Elements not ordered. index=264824 834304252>813446096
#ERR Elements not ordered. index=264825 813446096>807057331
#ERR Elements not ordered. index=264826 807057331>577077311
#ERR Elements not ordered. index=264831 803362410>585501206
#ERR Elements not ordered. index=264833 664032733>578142225
#ERR Elements not ordered. index=264835 806192347>633677952
#ERR Elements not ordered. index=264837 702692998>578224121
#ERR Elements not ordered. index=264839 737757078>579852296
#ERR Elements not ordered. index=264842 652887154>609926534
#ERR Elements not ordered. index=264845 820785372>718065436
#ERR Elements not ordered. index=264847 803169666>558946587
#ERR Elements not ordered. index=264849 587235775>584652425
#ERR Elements not ordered. index=264851 642666298>640283326
#ERR Elements not ordered. index=264853 706705168>629844890
#ERR Elements not ordered. index=264855 838988534>743195800
#ERR Elements not ordered. index=264857 834362565>584928002
#ERR Elements not ordered. index=264862 767430256>709799981
#ERR Elements not ordered. index=264863 709799981>622133227
#ERR Elements not ordered. index=264865 845213856>679855955
#ERR Elements not ordered. index=264866 679855955>545511979
#ERR Elements not ordered. index=264868 719892143>637627745
#ERR Elements not ordered. index=264869 637627745>560250903
#ERR Elements not ordered. index=264872 808187897>745118643
#ERR Elements not ordered. index=264873 745118643>655576653
#ERR Elements not ordered. index=264874 655576653>562749068
#ERR Elements not ordered. index=264880 831939115>644197484
#ERR Elements not ordered. index=264883 708205620>566985221
#ERR Elements not ordered. index=264885 737874131>629082345
#ERR Elements not ordered. index=264887 788116479>747380705
#ERR Elements not ordered. index=264889 758633429>689144873
#ERR Elements not ordered. index=264890 689144873>549453021
#ERR Elements not ordered. index=264893 831050318>549332850
#ERR Elements not ordered. index=264895 814660506>754747885
#ERR Elements not ordered. index=264896 754747885>633498819
#ERR Elements not ordered. index=264898 777665940>590560442
#ERR Elements not ordered. index=264901 795034450>678692622
#ERR Elements not ordered. index=264902 678692622>674355995
#ERR Elements not ordered. index=264904 842163543>599544568
#ERR Elements not ordered. index=264908 782215115>556054402
#ERR Elements not ordered. index=264910 799535034>783144555
#ERR Elements not ordered. index=264911 783144555>621123638
#ERR Elements not ordered. index=264914 788473035>683948247
#ERR Elements not ordered. index=264915 683948247>577932185
#ERR Elements not ordered. index=264917 798573530>548003092
#ERR Elements not ordered. index=264920 702444023>669078550
#ERR Elements not ordered. index=264921 669078550>608104702
#ERR Elements not ordered. index=264924 838305545>617317145
#ERR Elements not ordered. index=264927 812147606>687662923
#ERR Elements not ordered. index=264928 687662923>578203143
#ERR Elements not ordered. index=264929 578203143>552537936
#ERR Elements not ordered. index=264932 789060884>640577465
#ERR Elements not ordered. index=264934 842399550>701700288
#ERR Elements not ordered. index=264938 794739861>629542735
#ERR Elements not ordered. index=264939 629542735>592030999
#ERR Elements not ordered. index=264941 822080498>782468032
#ERR Elements not ordered. index=264943 849236690>584991322
#ERR Elements not ordered. index=264946 773770050>599568985
#ERR Elements not ordered. index=264948 764851747>691360695
#ERR Elements not ordered. index=264949 691360695>578915980
#ERR Elements not ordered. index=264952 833924363>623917433
#ERR Elements not ordered. index=264954 700889069>566020004
#ERR Elements not ordered. index=264957 768968376>708847915
#ERR Elements not ordered. index=264960 814083068>789944284
#ERR Elements not ordered. index=264961 789944284>712673442
#ERR Elements not ordered. index=264962 712673442>607569352
#ERR Elements not ordered. index=264965 844472181>651797854
#ERR Elements not ordered. index=264967 786425456>655778095
#ERR Elements not ordered. index=264968 655778095>548906635
#ERR Elements not ordered. index=264970 851981388>738262977
#ERR Elements not ordered. index=264971 738262977>654835413
#ERR Elements not ordered. index=264974 827241204>619148725
#ERR Elements not ordered. index=264975 619148725>565931997
#ERR Elements not ordered. index=264976 565931997>547914134
#ERR Elements not ordered. index=264978 715136194>674736933
#ERR Elements not ordered. index=264979 674736933>555049569
#ERR Elements not ordered. index=264984 699918996>629788855
#ERR Elements not ordered. index=264988 852766623>550180150
#ERR Elements not ordered. index=264992 708760551>673830720
#ERR Elements not ordered. index=264993 673830720>578527166
#ERR Elements not ordered. index=264996 751321793>591166712
#ERR Elements not ordered. index=264998 780803997>576826588
#ERR Elements not ordered. index=264999 576826588>564890470
#ERR Elements not ordered. index=265000 564890470>546604809
#ERR Elements not ordered. index=265002 745335478>545306187
#ERR Elements not ordered. index=265004 749640377>732064794
#ERR Elements not ordered. index=265006 741329231>683149271
#ERR Elements not ordered. index=265007 683149271>575541377
#ERR Elements not ordered. index=265009 801067443>647516418
#ERR Elements not ordered. index=265010 647516418>600776835
#ERR Elements not ordered. index=265012 769351909>595301097
#ERR Elements not ordered. index=265014 629177554>581382829
#ERR Elements not ordered. index=265017 824626577>585270769
#ERR Elements not ordered. index=265018 585270769>548887248
#ERR Elements not ordered. index=265022 801615288>671034053
#ERR Elements not ordered. index=265025 793381207>605372838
#ERR Elements not ordered. index=265027 825884126>585478043
#ERR Elements not ordered. index=265029 775455230>575153765
#ERR Elements not ordered. index=265031 838625184>768257057
#ERR Elements not ordered. index=265032 768257057>709547911
#ERR Elements not ordered. index=265033 709547911>698872671
#ERR Elements not ordered. index=265035 826019682>731250542
#ERR Elements not ordered. index=265037 758887120>662357431
#ERR Elements not ordered. index=265039 777875408>589894473
#ERR Elements not ordered. index=265044 786114357>601286963
#ERR Elements not ordered. index=265048 832749076>705807100
#ERR Elements not ordered. index=265049 705807100>601762028
#ERR Elements not ordered. index=265050 601762028>588362536
#ERR Elements not ordered. index=265053 806137769>659567454
#ERR Elements not ordered. index=265059 854856523>817683795
#ERR Elements not ordered. index=265060 817683795>658320251
#ERR Elements not ordered. index=265061 658320251>622691903
#ERR Elements not ordered. index=265062 622691903>601290279
#ERR Elements not ordered. index=265064 771945950>685778894
#ERR Elements not ordered. index=265068 845294812>825667373
#ERR Elements not ordered. index=265069 825667373>814471924
#ERR Elements not ordered. index=265071 854122900>623246469
#ERR Elements not ordered. index=265074 813089156>623345642
#ERR Elements not ordered. index=265077 693007407>564745884
#ERR Elements not ordered. index=265080 805536522>601597937
#ERR Elements not ordered. index=265081 601597937>541054887
#ERR Elements not ordered. index=265084 756761862>713877536
#ERR Elements not ordered. index=265085 713877536>658841903
#ERR Elements not ordered. index=265086 658841903>590616772
#ERR Elements not ordered. index=265087 590616772>576372183
#ERR Elements not ordered. index=265091 816758719>746504918
#ERR Elements not ordered. index=265092 746504918>717559946
#ERR Elements not ordered. index=265094 742523032>569775596
#ERR Elements not ordered. index=265095 569775596>550736286
#ERR Elements not ordered. index=265098 779416444>751158823
#ERR Elements not ordered. index=265099 751158823>603180932
#ERR Elements not ordered. index=265100 603180932>558212819
#ERR Elements not ordered. index=265104 840435788>638517316
#ERR Elements not ordered. index=265105 638517316>588783899
#ERR Elements not ordered. index=265107 696331538>559718721
#ERR Elements not ordered. index=265109 617493195>576646199
#ERR Elements not ordered. index=265112 780488924>758228018
#ERR Elements not ordered. index=265113 758228018>746725682
#ERR Elements not ordered. index=265114 746725682>625128386
#ERR Elements not ordered. index=265119 854122713>835249625
#ERR Elements not ordered. index=265120 835249625>696995545
#ERR Elements not ordered. index=265121 696995545>639746179
#ERR Elements not ordered. index=265122 639746179>558041930
#ERR Elements not ordered. index=265125 821578923>707470335
#ERR Elements not ordered. index=265126 707470335>626719940
#ERR Elements not ordered. index=265127 626719940>540351477
#ERR Elements not ordered. index=265131 703495702>616996768
#ERR Elements not ordered. index=265132 616996768>590763947
#ERR Elements not ordered. index=265135 802184130>581773439
#ERR Elements not ordered. index=265136 581773439>567873747
#ERR Elements not ordered. index=265141 853559883>655264195
#SDC Ite:0 KerTime:3.850417 AccTime:3.850417 KerErr:77057 AccErr:77057
#ABORT too many errors per iteration
#END