#HEADER size:1048576
#BEGIN Y:2016 M:09 D:13 Time:18:32:44
#IT Ite:0 KerTime:1.690110 AccTime:1.690110
#ERR The histogram from element 1169083167 differs. srcHist=1 dstHist=2

#ERR The histogram from element 956090237 differs. srcHist=1 dstHist=0

#ERR Elements not ordered. index=786433 1302723889>1265722551
#ERR Elements not ordered. index=524289 1604169977>1337844693
#ERR Elements not ordered. index=524291 1386721386>1165155313
#ERR Elements not ordered. index=524292 1165155313>772879582
#ERR Elements not ordered. index=524294 1249624050>806851541
#ERR Elements not ordered. index=262145 619544147>581956920
#ERR Elements not ordered. index=786436 1706613366>1162573435
#ERR Elements not ordered. index=262146 581956920>536606847
#ERR Elements not ordered. index=240912 616481837>509014519
#ERR Elements not ordered. index=524296 1225217274>884140650
#ERR Elements not ordered. index=240916 628735989>573871203
#ERR Elements not ordered. index=524299 1691307210>1453004256
#ERR Elements not ordered. index=240917 573871203>542140612
#ERR Elements not ordered. index=262147 536606847>514305897
#ERR Elements not ordered. index=786438 1723656131>1203513248
#ERR Elements not ordered. index=262149 625693887>544349108
#ERR Elements not ordered. index=786441 1460934828>778344694
#ERR Elements not ordered. index=262150 544349108>541086102
#ERR Elements not ordered. index=524300 1453004256>721231449
#ERR Elements not ordered. index=262153 590550499>574452605
#ERR Elements not ordered. index=524301 721231449>703473024
#ERR Elements not ordered. index=262154 574452605>512228615
#ERR Elements not ordered. index=786443 1104135535>812295391
#ERR Elements not ordered. index=262156 609207613>523300364
#ERR Elements not ordered. index=524303 1445348136>930951112
#ERR Elements not ordered. index=240919 553132919>519944191
#ERR Elements not ordered. index=786444 812295391>658357535
#ERR Elements not ordered. index=240920 519944191>498256485
#ERR Elements not ordered. index=524304 930951112>849931053
#ERR Elements not ordered. index=240922 564745884>531256919
#ERR Elements not ordered. index=524306 1722111671>915291770
#ERR Elements not ordered. index=240923 531256919>496536295
#ERR Elements not ordered. index=524309 1396264164>950279470
#ERR Elements not ordered. index=240925 605503149>514287837
#ERR Elements not ordered. index=524311 1392595606>670296948
#ERR Elements not ordered. index=240927 543887735>543693427
#ERR Elements not ordered. index=524314 1272053837>735278336
#ERR Elements not ordered. index=240929 576147807>547733093
#ERR Elements not ordered. index=524317 1668319185>1210394279
#ERR Elements not ordered. index=240932 632284375>561282435
#ERR Elements not ordered. index=524318 1210394279>1209869931
#ERR Elements not ordered. index=786448 1724712959>960758979
#ERR Elements not ordered. index=262159 615174030>608080637
#ERR Elements not ordered. index=786450 1634605136>660313662
#ERR Elements not ordered. index=262160 608080637>543670204
#ERR Elements not ordered. index=786454 1703264478>920000628
#ERR Elements not ordered. index=524319 1209869931>1181618587
#ERR Elements not ordered. index=786457 1694458688>1400436134
#ERR Elements not ordered. index=240933 561282435>538110167
#ERR Elements not ordered. index=524321 1609706893>1591506296
#ERR Elements not ordered. index=240935 592927278>573996818
#ERR Elements not ordered. index=524322 1591506296>1161502281
#ERR Elements not ordered. index=240936 573996818>505051116
#ERR Elements not ordered. index=524323 1161502281>1149116908
#ERR Elements not ordered. index=240938 626307315>504299568
#ERR Elements not ordered. index=786459 1457750955>786367745
#ERR Elements not ordered. index=240940 588940299>574136682
#ERR Elements not ordered. index=524325 1621829242>927012409
#ERR Elements not ordered. index=786461 1637918866>1537331417
#ERR Elements not ordered. index=262161 543670204>542220137
#ERR Elements not ordered. index=524327 1673062053>1590246348
#ERR Elements not ordered. index=240941 574136682>503367215
#ERR Elements not ordered. index=524328 1590246348>1526484562
#ERR Elements not ordered. index=240943 564393210>507643652
#ERR Elements not ordered. index=524329 1526484562>714750160
#ERR Elements not ordered. index=240945 622861444>621939478
#ERR Elements not ordered. index=262162 542220137>512739345
#ERR Elements not ordered. index=524331 1486791345>1287104471
#ERR Elements not ordered. index=240946 621939478>539456256
#ERR Elements not ordered. index=524334 1493855746>727904407
#ERR Elements not ordered. index=240947 539456256>498757970
#ERR Elements not ordered. index=786462 1537331417>1008072979
#ERR Elements not ordered. index=262164 628375811>541411467
#ERR Elements not ordered. index=786464 1566494153>785906037
#ERR Elements not ordered. index=262166 563192734>508257499
#ERR Elements not ordered. index=786467 1674436093>1570971177
#ERR Elements not ordered. index=262169 522627389>494348346
#ERR Elements not ordered. index=786470 1726118470>1123803046
#ERR Elements not ordered. index=262171 586351592>502640137
#ERR Elements not ordered. index=240948 498757970>495909853
#ERR Elements not ordered. index=524337 1083794261>741354121
#ERR Elements not ordered. index=240950 559596216>519294644
#ERR Elements not ordered. index=524339 1668424592>763379959
#ERR Elements not ordered. index=786472 1416309889>834510964
#ERR Elements not ordered. index=240952 522177778>503600980
#ERR Elements not ordered. index=786475 1287804578>1239495934
#ERR Elements not ordered. index=262174 633255639>512627670
#ERR Elements not ordered. index=240955 587053959>521246938
#ERR Elements not ordered. index=524341 1600595492>1539663202
#ERR Elements not ordered. index=240957 559986989>527923070
#ERR Elements not ordered. index=524342 1539663202>638109483
#ERR Elements not ordered. index=240959 590396389>513886149
#ERR Elements not ordered. index=262177 630996189>588589344
#ERR Elements not ordered. index=524345 1573720407>1148201621
#ERR Elements not ordered. index=240962 599944533>546053889
#ERR Elements not ordered. index=786476 1239495934>753944487
#ERR Elements not ordered. index=262178 588589344>512311479
#ERR Elements not ordered. index=786480 1322314495>1237374201
#ERR Elements not ordered. index=262181 633262011>561696088
#ERR Elements not ordered. index=786483 1513889686>1070173753
#ERR Elements not ordered. index=524346 1148201621>1145371975
#ERR Elements not ordered. index=786484 1070173753>670979281
#ERR Elements not ordered. index=524348 1263748901>917308747
#ERR Elements not ordered. index=240964 564507793>528100977
#ERR Elements not ordered. index=262182 561696088>537163097
#ERR Elements not ordered. index=786486 1258814672>867071479
#ERR Elements not ordered. index=262183 537163097>512056513
#ERR Elements not ordered. index=240967 630755564>554892368
#ERR Elements not ordered. index=786488 1547071426>1239719360
#ERR Elements not ordered. index=262185 599189478>598188406
#ERR Elements not ordered. index=786490 1733748170>1169501607
#ERR Elements not ordered. index=240969 583245807>520049142
#ERR Elements not ordered. index=524350 1493568410>1187103841
#ERR Elements not ordered. index=240970 520049142>500191471
#ERR Elements not ordered. index=786492 1432484075>758228113
#ERR Elements not ordered. index=524352 1198856771>900479823
#ERR Elements not ordered. index=240972 603791590>554702966
#ERR Elements not ordered. index=786494 1437458190>1287772147
#ERR Elements not ordered. index=262186 598188406>522333608
#ERR Elements not ordered. index=786495 1287772147>1018256117
#ERR Elements not ordered. index=262188 529823746>528945544
#ERR Elements not ordered. index=786498 1431810487>1247513461
#ERR Elements not ordered. index=262190 596504120>590729128
#ERR Elements not ordered. index=786499 1247513461>637835197
#ERR Elements not ordered. index=262192 608223552>555119836
#ERR Elements not ordered. index=524354 1715096108>1013750955
#ERR Elements not ordered. index=240973 554702966>502686905
#ERR Elements not ordered. index=524356 1496718901>805050521
#ERR Elements not ordered. index=240975 557351368>549251872
#ERR Elements not ordered. index=524358 1281896358>862444467
#ERR Elements not ordered. index=262193 555119836>548334194
#ERR Elements not ordered. index=240976 549251872>509347542
#ERR Elements not ordered. index=524361 1292561638>859132737
#ERR Elements not ordered. index=262195 623719565>549741666
#ERR Elements not ordered. index=240978 597653487>500553696
#ERR Elements not ordered. index=262198 590306082>516474091
#ERR Elements not ordered. index=524364 1692759902>1312612640
#ERR Elements not ordered. index=786501 1653858383>1332322713
#ERR Elements not ordered. index=262201 545967364>512792862
#ERR Elements not ordered. index=786502 1332322713>969662003
#ERR Elements not ordered. index=262203 619480517>580323228
#ERR Elements not ordered. index=240980 531179558>515822977
#ERR Elements not ordered. index=262204 580323228>549378139
#ERR Elements not ordered. index=786505 1368700321>1188947711
#ERR Elements not ordered. index=262208 612634890>505562767
#ERR Elements not ordered. index=786506 1188947711>1084883723
#ERR Elements not ordered. index=524365 1312612640>870049555
#ERR Elements not ordered. index=240982 620126552>547107795
#ERR Elements not ordered. index=262211 617970220>552181609
#ERR Elements not ordered. index=240983 547107795>509047922
#ERR Elements not ordered. index=524368 1374494084>1057959236
#ERR Elements not ordered. index=240986 625599417>610078954
#ERR Elements not ordered. index=262212 552181609>521895647
#ERR Elements not ordered. index=786507 1084883723>918885059
#ERR Elements not ordered. index=262213 521895647>513641300
#ERR Elements not ordered. index=786510 1664225760>655806809
#ERR Elements not ordered. index=240988 620061691>614855212
#ERR Elements not ordered. index=524371 1724233491>1201179962
#ERR Elements not ordered. index=240990 621762634>540753687
#ERR Elements not ordered. index=524374 1626102277>1167269584
#ERR Elements not ordered. index=240993 618627894>590242971
#ERR Elements not ordered. index=524375 1167269584>966448367
#ERR Elements not ordered. index=786513 905657566>640348104
#ERR Elements not ordered. index=262214 513641300>504053517
#ERR Elements not ordered. index=786515 1520451752>1320830043
#ERR Elements not ordered. index=262217 547812498>529936097
#ERR Elements not ordered. index=786516 1320830043>742585695
#ERR Elements not ordered. index=262219 619472876>607986923
#ERR Elements not ordered. index=524377 1464343434>1070643218
#ERR Elements not ordered. index=240994 590242971>518927451
#ERR Elements not ordered. index=524379 1708621391>797737522
#ERR Elements not ordered. index=786520 1618860202>1462473200
#ERR Elements not ordered. index=262220 607986923>526774616
#ERR Elements not ordered. index=524381 1458481697>1154039016
#ERR Elements not ordered. index=240996 550158996>500727003
#ERR Elements not ordered. index=786521 1462473200>882584602
#ERR Elements not ordered. index=240998 632038197>507957688
#ERR Elements not ordered. index=524382 1154039016>1033946127
#ERR Elements not ordered. index=262221 526774616>498403243
#ERR Elements not ordered. index=524383 1033946127>763091784
#ERR Elements not ordered. index=241000 556564791>498725962
#ERR Elements not ordered. index=524387 1545039290>897782981
#ERR Elements not ordered. index=241001 498725962>495946017
#ERR Elements not ordered. index=524390 1452859075>989119671
#ERR Elements not ordered. index=262223 578725496>503654668
#ERR Elements not ordered. index=241004 558439340>522646384
#ERR Elements not ordered. index=524392 1139809304>1139480837
#ERR Elements not ordered. index=241005 522646384>498638009
#ERR Elements not ordered. index=524394 1240324453>886325222
#ERR Elements not ordered. index=262225 568781930>537136109
#ERR Elements not ordered. index=786522 882584602>765191134
#ERR Elements not ordered. index=524395 886325222>788663873
#ERR Elements not ordered. index=241008 633021172>526474065
#ERR Elements not ordered. index=524399 1335269744>1015593693
#ERR Elements not ordered. index=241011 622556742>606241983
#ERR Elements not ordered. index=786524 1324232387>872470239
#ERR Elements not ordered. index=524401 1222375446>763923911
#ERR Elements not ordered. index=786526 1672933800>1256797810
#ERR Elements not ordered. index=262226 537136109>497625632
#ERR Elements not ordered. index=786527 1256797810>749992160
#ERR Elements not ordered. index=262228 631110525>561121497
#ERR Elements not ordered. index=786531 1608658939>1257329610
#ERR Elements not ordered. index=262229 561121497>505537231
#ERR Elements not ordered. index=786532 1257329610>782249268
#ERR Elements not ordered. index=241012 606241983>508773247
#ERR Elements not ordered. index=524404 1424591939>1305834261
#ERR Elements not ordered. index=241015 625580780>592724729
#ERR Elements not ordered. index=524407 1568556680>1521648991
#ERR Elements not ordered. index=786536 1699414064>1410303363
#ERR Elements not ordered. index=241016 592724729>531176932
#ERR Elements not ordered. index=262232 602342063>544164451
#ERR Elements not ordered. index=241019 631765658>573686325
#ERR Elements not ordered. index=786537 1410303363>716578099
#ERR Elements not ordered. index=241020 573686325>559327544
#ERR Elements not ordered. index=262233 544164451>522047612
#ERR Elements not ordered. index=241021 559327544>519164013
#ERR Elements not ordered. index=524408 1521648991>1350255575
#ERR Elements not ordered. index=241022 519164013>509804049
#ERR Elements not ordered. index=524409 1350255575>659846702
#ERR Elements not ordered. index=241025 611331170>512057278
#ERR Elements not ordered. index=786541 1528808748>1012984069
#ERR Elements not ordered. index=262234 522047612>498263221
#ERR Elements not ordered. index=786542 1012984069>684677484
#ERR Elements not ordered. index=524412 1145516298>1030811915
#ERR Elements not ordered. index=262236 620470399>616943396
#ERR Elements not ordered. index=786543 684677484>679638923
#ERR Elements not ordered. index=524413 1030811915>839141170
#ERR Elements not ordered. index=241027 558316501>532812367
#ERR Elements not ordered. index=524415 1186560808>1130732294
#ERR Elements not ordered. index=241030 553026279>522335335
#ERR Elements not ordered. index=262237 616943396>500456101
#ERR Elements not ordered. index=786545 1649275476>1647630302
#ERR Elements not ordered. index=262239 588243624>575877913
#ERR Elements not ordered. index=786546 1647630302>1183487960
#ERR Elements not ordered. index=262240 575877913>572963332
#ERR Elements not ordered. index=786548 1313257595>1066705576
#ERR Elements not ordered. index=262241 572963332>545406800
#ERR Elements not ordered. index=241033 615045259>496140225
#ERR Elements not ordered. index=262243 614284932>514856029
#ERR Elements not ordered. index=241036 527856337>494895799
#ERR Elements not ordered. index=524417 1237277487>820993744
#ERR Elements not ordered. index=241038 614613945>502336886
#ERR Elements not ordered. index=524419 1402332216>1074687319
#ERR Elements not ordered. index=262245 555118663>528845392
#ERR Elements not ordered. index=786549 1066705576>776713531
#ERR Elements not ordered. index=262246 528845392>519284892
#ERR Elements not ordered. index=524420 1074687319>921670833
#ERR Elements not ordered. index=262248 597992622>509272861
#ERR Elements not ordered. index=241039 502336886>495667724
#ERR Elements not ordered. index=524422 1701112155>752865633
#ERR Elements not ordered. index=262250 515479408>507349115
#ERR Elements not ordered. index=241041 583618428>518786882
#ERR Elements not ordered. index=262252 548832006>523793061
#ERR Elements not ordered. index=786552 1544106236>1262789919
#ERR Elements not ordered. index=241044 574849353>515792486
#ERR Elements not ordered. index=524424 1707275270>1234436975
#ERR Elements not ordered. index=241045 515792486>507573994
#ERR Elements not ordered. index=786554 1282295148>744905018
#ERR Elements not ordered. index=241049 622197597>571928365
#ERR Elements not ordered. index=524426 1563205600>727857723
#ERR Elements not ordered. index=241051 597458369>594778648
#ERR Elements not ordered. index=524429 1388541108>1168967039
#ERR Elements not ordered. index=241052 594778648>538704971
#ERR Elements not ordered. index=524430 1168967039>766802547
#ERR Elements not ordered. index=262253 523793061>506035608
#ERR Elements not ordered. index=786558 1453028983>1255936651
#ERR Elements not ordered. index=262256 576404131>514468424
#ERR Elements not ordered. index=786560 1417193248>726610558
#ERR Elements not ordered. index=262258 575802956>544841690
#ERR Elements not ordered. index=786561 726610558>682734127
#ERR Elements not ordered. index=262260 598868924>568427024
#ERR Elements not ordered. index=524432 1084754761>706853914
#ERR Elements not ordered. index=262261 568427024>565852403
#ERR Elements not ordered. index=786566 1592990585>1337890966
#ERR Elements not ordered. index=262262 565852403>514768736
#ERR Elements not ordered. index=241054 632291983>619658175
#ERR Elements not ordered. index=524434 1064744761>662534563
#ERR Elements not ordered. index=241056 631987959>534893923
#ERR Elements not ordered. index=524437 1278009750>1151130966
#ERR Elements not ordered. index=241057 534893923>533228640
#ERR Elements not ordered. index=524439 1378495813>1241207661
#ERR Elements not ordered. index=241059 587483605>511558012
#ERR Elements not ordered. index=262264 581456077>554327359
#ERR Elements not ordered. index=786569 1440250756>1391590476
#ERR Elements not ordered. index=524440 1241207661>942089261
#ERR Elements not ordered. index=241062 619588908>513181443
#ERR Elements not ordered. index=262265 554327359>506036698
#ERR Elements not ordered. index=241064 614543509>513881743
#ERR Elements not ordered. index=524441 942089261>666986339
#ERR Elements not ordered. index=241065 513881743>512529819
#ERR Elements not ordered. index=524444 1671557307>1268109722
#ERR Elements not ordered. index=241066 512529819>494881727
#ERR Elements not ordered. index=524445 1268109722>856172840
#ERR Elements not ordered. index=786571 1477508303>1250336549
#ERR Elements not ordered. index=262267 581116461>502417672
#ERR Elements not ordered. index=786573 1728590358>989743853
#ERR Elements not ordered. index=241068 619477021>584622942
#ERR Elements not ordered. index=524447 1369438439>1084278385
#ERR Elements not ordered. index=241070 617574844>565070890
#ERR Elements not ordered. index=786576 1366149509>1254454745
#ERR Elements not ordered. index=241071 565070890>502959072
#ERR Elements not ordered. index=524448 1084278385>634109511
#ERR Elements not ordered. index=786577 1254454745>1175944622
#ERR Elements not ordered. index=262270 609391725>596981702
#ERR Elements not ordered. index=524450 1471115414>1094920953
#ERR Elements not ordered. index=262272 608671516>542443616
#ERR Elements not ordered. index=241075 613322975>577221803
#ERR Elements not ordered. index=786579 1602859327>1539779537
#ERR Elements not ordered. index=262273 542443616>540207682
#ERR Elements not ordered. index=786580 1539779537>1158550639
#ERR Elements not ordered. index=262274 540207682>518889204
#ERR Elements not ordered. index=524452 1476334893>853583873
#ERR Elements not ordered. index=241076 577221803>521831382
#ERR Elements not ordered. index=524454 1585484607>935877030
#ERR Elements not ordered. index=241079 587147245>516554784
#ERR Elements not ordered. index=786583 1558381087>1123334683
#ERR Elements not ordered. index=262277 609999152>551772512
#ERR Elements not ordered. index=786585 1403852279>976702277
#ERR Elements not ordered. index=262278 551772512>520733937
#ERR Elements not ordered. index=786587 1400064760>913822971
#ERR Elements not ordered. index=262280 617436818>610034791
#ERR Elements not ordered. index=241080 516554784>497103430
#ERR Elements not ordered. index=524456 1505992700>757228369
#ERR Elements not ordered. index=241084 569882563>504499922
#ERR Elements not ordered. index=524458 1716192547>1015159021
#ERR Elements not ordered. index=241086 551570928>515400390
#ERR Elements not ordered. index=786588 913822971>718632206
#ERR Elements not ordered. index=241090 633293099>496317639
#ERR Elements not ordered. index=524459 1015159021>763712951
#ERR Elements not ordered. index=241093 550510670>502546076
#ERR Elements not ordered. index=262281 610034791>591252475
#ERR Elements not ordered. index=524461 1044371628>811586392
#ERR Elements not ordered. index=241095 630650354>516157173
#ERR Elements not ordered. index=524463 1516304220>946430850
#ERR Elements not ordered. index=786590 991703697>988119373
#ERR Elements not ordered. index=262284 619767054>506543114
#ERR Elements not ordered. index=524466 1537444607>1023421518
#ERR Elements not ordered. index=241097 609686233>592907937
#ERR Elements not ordered. index=786591 988119373>983786573
#ERR Elements not ordered. index=262287 583520930>514284192
#ERR Elements not ordered. index=524468 1254454106>1208059957
#ERR Elements not ordered. index=241098 592907937>504827829
#ERR Elements not ordered. index=524469 1208059957>1027139462
#ERR Elements not ordered. index=786592 983786573>922755331
#ERR Elements not ordered. index=262289 566312196>513314236
#ERR Elements not ordered. index=241101 598233193>542745645
#ERR Elements not ordered. index=524471 1192046058>838415205
#ERR Elements not ordered. index=241102 542745645>512987543
#ERR Elements not ordered. index=524473 1240868169>913180790
#ERR Elements not ordered. index=241105 614755650>496760320
#ERR Elements not ordered. index=524476 1630427846>646624811
#ERR Elements not ordered. index=786597 1662070370>646637354
#ERR Elements not ordered. index=524478 965951055>769990922
#ERR Elements not ordered. index=786599 1082754781>1052216809
#ERR Elements not ordered. index=241107 540134589>503989994
#ERR Elements not ordered. index=524480 1426798313>1100672559
#ERR Elements not ordered. index=786601 1658469958>1409009806
#ERR Elements not ordered. index=241112 631548615>517823543
#ERR Elements not ordered. index=524481 1100672559>938586604
#ERR Elements not ordered. index=262291 594248016>539072812
#ERR Elements not ordered. index=524484 1556265176>1207399102
#ERR Elements not ordered. index=262294 633450726>555972619
#ERR Elements not ordered. index=241115 626884578>593504696
#ERR Elements not ordered. index=262296 557394225>556567434
#ERR Elements not ordered. index=524485 1207399102>1103988367
#ERR Elements not ordered. index=262297 556567434>515898903
#ERR Elements not ordered. index=786602 1409009806>1132485746
#ERR Elements not ordered. index=241116 593504696>590769422
#ERR Elements not ordered. index=262298 515898903>498711685
#ERR Elements not ordered. index=241117 590769422>575370088
#ERR Elements not ordered. index=524486 1103988367>813721026
#ERR Elements not ordered. index=241118 575370088>570614037
#ERR Elements not ordered. index=524487 813721026>640542267
#ERR Elements not ordered. index=241120 575694818>515353604
#ERR Elements not ordered. index=262300 620997051>519895406
#ERR Elements not ordered. index=786604 1207595472>785352732
#ERR Elements not ordered. index=262303 620492981>568938786
#ERR Elements not ordered. index=241123 570587328>547660162
#ERR Elements not ordered. index=786605 785352732>649984874
#ERR Elements not ordered. index=524490 1380571049>1217624699
#ERR Elements not ordered. index=786607 1509759165>1483441399
#ERR Elements not ordered. index=524492 1579907005>1124678498
#ERR Elements not ordered. index=241124 547660162>519030635
#ERR Elements not ordered. index=524493 1124678498>1064669504
#ERR Elements not ordered. index=786608 1483441399>1355621271
#ERR Elements not ordered. index=262304 568938786>528009208
#ERR Elements not ordered. index=786609 1355621271>854251779
#ERR Elements not ordered. index=262305 528009208>523936317
#ERR Elements not ordered. index=524497 1679546402>1530662821
#ERR Elements not ordered. index=241126 608826506>557901488
#ERR Elements not ordered. index=262307 623031543>538015349
#ERR Elements not ordered. index=241128 574452197>571435187
#ERR Elements not ordered. index=524498 1530662821>1241878494
#ERR Elements not ordered. index=241129 571435187>545333429
#ERR Elements not ordered. index=786613 1521019262>654478832
#ERR Elements not ordered. index=241130 545333429>515376191
#ERR Elements not ordered. index=786615 1623692959>1094452218
#ERR Elements not ordered. index=262311 597718337>516272733
#ERR Elements not ordered. index=786617 1536078870>814551778
#ERR Elements not ordered. index=262312 516272733>511223759
#ERR Elements not ordered. index=524501 1719962888>1272160383
#ERR Elements not ordered. index=241133 614132022>601409669
#ERR Elements not ordered. index=524502 1272160383>1082215959
#ERR Elements not ordered. index=786618 814551778>649885442
#ERR Elements not ordered. index=262313 511223759>508609888
#ERR Elements not ordered. index=786621 1708548374>1073281996
#ERR Elements not ordered. index=241134 601409669>504485193
#ERR Elements not ordered. index=524503 1082215959>786288608
#ERR Elements not ordered. index=241137 611384059>570207518
#ERR Elements not ordered. index=524505 1668612359>1230455699
#ERR Elements not ordered. index=241140 624736178>505626158
#ERR Elements not ordered. index=786622 1073281996>997671591
#ERR Elements not ordered. index=524507 1735778883>1708425180
#ERR Elements not ordered. index=241141 505626158>497124221
#ERR Elements not ordered. index=262315 555592780>524871314
#ERR Elements not ordered. index=786625 1529787222>1193054469
#ERR Elements not ordered. index=262318 631832998>631191958
#ERR Elements not ordered. index=786626 1193054469>727433332
#ERR Elements not ordered. index=524508 1708425180>1679983212
#ERR Elements not ordered. index=241143 582593871>563768939
#ERR Elements not ordered. index=524509 1679983212>1341838901
#ERR Elements not ordered. index=786629 1562927155>953155225
#ERR Elements not ordered. index=262319 631191958>525718191
#ERR Elements not ordered. index=241144 563768939>539608268
#ERR Elements not ordered. index=524511 1575339514>1280711556
#ERR Elements not ordered. index=241146 541106136>512305663
#ERR Elements not ordered. index=524512 1280711556>788336099
#ERR Elements not ordered. index=786632 1462828886>1115647355
#ERR Elements not ordered. index=262322 628904074>603042214
#ERR Elements not ordered. index=786633 1115647355>1076172317
#ERR Elements not ordered. index=524515 1379676579>904155482
#ERR Elements not ordered. index=262324 630324333>543822491
#ERR Elements not ordered. index=786635 1708310260>1417023245
#ERR Elements not ordered. index=241149 614115280>608187922
#ERR Elements not ordered. index=524517 1538203711>1534147581
#ERR Elements not ordered. index=241150 608187922>587645959
#ERR Elements not ordered. index=524518 1534147581>1133460021
#ERR Elements not ordered. index=241152 610689150>569598097
#ERR Elements not ordered. index=524519 1133460021>1045366706
#ERR Elements not ordered. index=241156 618748128>524562934
#ERR Elements not ordered. index=524520 1045366706>741109733
#ERR Elements not ordered. index=262325 543822491>535786273
#ERR Elements not ordered. index=786636 1417023245>700907451
#ERR Elements not ordered. index=262326 535786273>518807515
#ERR Elements not ordered. index=786640 1603489942>779699196
#ERR Elements not ordered. index=262327 518807515>510508226
#ERR Elements not ordered. index=241158 631910999>596710991
#ERR Elements not ordered. index=786642 1337548677>661707563
#ERR Elements not ordered. index=241159 596710991>522244599
#ERR Elements not ordered. index=786646 1472099181>1043128153
#ERR Elements not ordered. index=524522 1244103752>929126993
#ERR Elements not ordered. index=262331 603946360>563282686
#ERR Elements not ordered. index=524524 1420400526>1305629708
#ERR Elements not ordered. index=786647 1043128153>725906102
#ERR Elements not ordered. index=262333 608319261>552434442
#ERR Elements not ordered. index=524525 1305629708>973904373
#ERR Elements not ordered. index=241164 618988121>495182242
#ERR Elements not ordered. index=786648 725906102>637772846
#ERR Elements not ordered. index=262335 623677280>609956233
#ERR Elements not ordered. index=524527 1423721391>1183349225
#ERR Elements not ordered. index=262336 609956233>516333410
#ERR Elements not ordered. index=241166 564506561>507385519
#ERR Elements not ordered. index=786650 1616143547>1172231059
#ERR Elements not ordered. index=524528 1183349225>1129882144
#ERR Elements not ordered. index=241169 579742558>533690599
#ERR Elements not ordered. index=524530 1435582306>1155548351
#ERR Elements not ordered. index=786652 1478431508>1005865246
#ERR Elements not ordered. index=262338 625151506>523971222
#ERR Elements not ordered. index=524532 1273778113>662645516
#ERR Elements not ordered. index=241172 597423539>553555956
#ERR Elements not ordered. index=524534 1666192430>697230508
#ERR Elements not ordered. index=262340 632373741>559642628
#ERR Elements not ordered. index=524537 1692106662>1530381117
#ERR Elements not ordered. index=262342 587898135>587640896
#ERR Elements not ordered. index=241174 622865578>513400943
#ERR Elements not ordered. index=524539 1576453949>650697472
#ERR Elements not ordered. index=241179 631916803>524612512
#ERR Elements not ordered. index=262343 587640896>542065128
#ERR Elements not ordered. index=524543 1438695243>660887661
#ERR Elements not ordered. index=262346 575406063>523796631
#ERR Elements not ordered. index=786653 1005865246>658968291
#ERR Elements not ordered. index=524544 660887661>660304140
#ERR Elements not ordered. index=786656 1289455729>947896637
#ERR Elements not ordered. index=262347 523796631>521330524
#ERR Elements not ordered. index=786659 1485623320>1387293638
#ERR Elements not ordered. index=241183 591241769>520836293
#ERR Elements not ordered. index=524548 1664342166>765789958
#ERR Elements not ordered. index=241187 606319508>547710154
#ERR Elements not ordered. index=524550 972981575>733223157
#ERR Elements not ordered. index=786660 1387293638>893569320
#ERR Elements not ordered. index=524552 887456708>710238167
#ERR Elements not ordered. index=262349 623297112>524681168
#ERR Elements not ordered. index=241189 608946132>569122193
#ERR Elements not ordered. index=524553 710238167>698366465
#ERR Elements not ordered. index=262351 612078389>585607103
#ERR Elements not ordered. index=786663 1551243976>982247515
#ERR Elements not ordered. index=262352 585607103>552625762
#ERR Elements not ordered. index=524555 984952688>891264908
#SDC Ite:0 KerTime:1.690110 AccTime:1.690110 KerErr:304694 AccErr:304694
#ABORT too many errors per iteration
#END