#HEADER size:1048576
#BEGIN Y:2016 M:09 D:13 Time:16:30:08
#IT Ite:0 KerTime:3.923677 AccTime:3.923677
#ERR Elements not ordered. index=965010 1981682031>1978668351
#ERR Elements not ordered. index=965012 1982254137>1978599725
#ERR Elements not ordered. index=965013 1978599725>1978240646
#ERR Elements not ordered. index=965015 1979380529>1976369423
#ERR Elements not ordered. index=965018 1982222909>1978902502
#ERR Elements not ordered. index=965020 1981292873>1981291084
#ERR Elements not ordered. index=965021 1981291084>1976951009
#ERR Elements not ordered. index=965024 1982268062>1981035746
#ERR Elements not ordered. index=965025 1981035746>1979050891
#ERR Elements not ordered. index=965026 1979050891>1976739351
#ERR Elements not ordered. index=965027 1976739351>1975719428
#ERR Elements not ordered. index=965031 1979162580>1978446662
#ERR Elements not ordered. index=965033 1978554441>1977355783
#ERR Elements not ordered. index=965035 1982245076>1980514521
#ERR Elements not ordered. index=965036 1980514521>1979616272
#ERR Elements not ordered. index=965038 1981169357>1978548246
#ERR Elements not ordered. index=965039 1978548246>1975717337
#ERR Elements not ordered. index=965041 1981855193>1978025677
#ERR Elements not ordered. index=965042 1978025677>1976406447
#ERR Elements not ordered. index=965045 1982164925>1981186543
#ERR Elements not ordered. index=965047 1981436799>1978443304
#ERR Elements not ordered. index=965048 1978443304>1975455438
#ERR Elements not ordered. index=965051 1980094837>1975810485
#ERR Elements not ordered. index=965052 1975810485>1975622486
#ERR Elements not ordered. index=965055 1978462835>1978116291
#ERR Elements not ordered. index=965058 1982184530>1981707301
#ERR Elements not ordered. index=965059 1981707301>1977680624
#ERR Elements not ordered. index=965061 1981704595>1975398754
#ERR Elements not ordered. index=965064 1981547953>1980485614
#ERR Elements not ordered. index=965065 1980485614>1979796466
#ERR Elements not ordered. index=965067 1982058216>1978503624
#ERR Elements not ordered. index=965070 1982409243>1980645886
#ERR Elements not ordered. index=965071 1980645886>1976704446
#ERR Elements not ordered. index=965073 1979651341>1975372030
#ERR Elements not ordered. index=965075 1978368348>1975576689
#ERR Elements not ordered. index=965077 1982402590>1977892990
#ERR Elements not ordered. index=965079 1979919763>1975332012
#ERR Elements not ordered. index=965081 1980127616>1978601311
#ERR Elements not ordered. index=965083 1981557034>1981140842
#ERR Elements not ordered. index=965084 1981140842>1980908224
#ERR Elements not ordered. index=965085 1980908224>1976443120
#ERR Elements not ordered. index=965087 1982065149>1978363635
#ERR Elements not ordered. index=965088 1978363635>1976877582
#ERR Elements not ordered. index=965091 1981970229>1981066488
#ERR Elements not ordered. index=965092 1981066488>1975782341
#ERR Elements not ordered. index=965094 1981591036>1975434941
#ERR Elements not ordered. index=965097 1980866082>1975762008
#ERR Elements not ordered. index=965100 1978884674>1977824904
#ERR Elements not ordered. index=965104 1980325576>1976564538
#ERR Elements not ordered. index=965107 1980701149>1978258573
#ERR Elements not ordered. index=965108 1978258573>1976190346
#ERR Elements not ordered. index=965110 1981736921>1981349174
#ERR Elements not ordered. index=965111 1981349174>1975634839
#ERR Elements not ordered. index=965113 1976279554>1975768935
#ERR Elements not ordered. index=965115 1980368411>1978011255
#ERR Elements not ordered. index=965116 1978011255>1976326753
#ERR Elements not ordered. index=965117 1976326753>1976055225
#ERR Elements not ordered. index=965120 1981281401>1975662675
#ERR Elements not ordered. index=965122 1981648438>1981157941
#ERR Elements not ordered. index=965123 1981157941>1975537317
#ERR Elements not ordered. index=965125 1981286797>1980512337
#ERR Elements not ordered. index=965127 1980901709>1979458363
#ERR Elements not ordered. index=965129 1980597774>1979019904
#ERR Elements not ordered. index=965130 1979019904>1975539379
#ERR Elements not ordered. index=965132 1979550757>1975262177
#ERR Elements not ordered. index=965135 1977906668>1976526268
#ERR Elements not ordered. index=965136 1976526268>1975879472
#ERR Elements not ordered. index=965138 1977277746>1975955176
#ERR Elements not ordered. index=965141 1982103491>1982080087
#ERR Elements not ordered. index=965142 1982080087>1981578546
#ERR Elements not ordered. index=965143 1981578546>1981543384
#ERR Elements not ordered. index=965144 1981543384>1977082649
#ERR Elements not ordered. index=965147 1981433644>1978624323
#ERR Elements not ordered. index=965148 1978624323>1978407728
#ERR Elements not ordered. index=965150 1980499622>1977259802
#ERR Elements not ordered. index=965153 1981130024>1979105590
#ERR Elements not ordered. index=965155 1981508942>1977676784
#ERR Elements not ordered. index=965158 1979151698>1977136409
#ERR Elements not ordered. index=965159 1977136409>1975569243
#ERR Elements not ordered. index=965161 1980637959>1979847225
#ERR Elements not ordered. index=965162 1979847225>1977397130
#ERR Elements not ordered. index=965164 1981725172>1978350380
#ERR Elements not ordered. index=965166 1981228755>1976637616
#ERR Elements not ordered. index=965167 1976637616>1975637741
#ERR Elements not ordered. index=965170 1978865322>1976899215
#ERR Elements not ordered. index=965172 1981662477>1980855339
#ERR Elements not ordered. index=965173 1980855339>1975365953
#ERR Elements not ordered. index=965175 1978455955>1975982516
#ERR Elements not ordered. index=965176 1975982516>1975687865
#ERR Elements not ordered. index=965178 1981517637>1980619366
#ERR Elements not ordered. index=965179 1980619366>1975841149
#ERR Elements not ordered. index=965181 1981654479>1976037523
#ERR Elements not ordered. index=965183 1976885014>1975568509
#ERR Elements not ordered. index=965186 1980889395>1975708699
#ERR Elements not ordered. index=965189 1980232097>1975981294
#ERR Elements not ordered. index=965192 1981331936>1976582273
#ERR Elements not ordered. index=965195 1982219318>1975788396
#ERR Elements not ordered. index=965199 1980373180>1977940039
#ERR Elements not ordered. index=965200 1977940039>1977323262
#ERR Elements not ordered. index=965201 1977323262>1976076280
#ERR Elements not ordered. index=965202 1976076280>1975191594
#ERR Elements not ordered. index=965205 1981781707>1980834767
#ERR Elements not ordered. index=965206 1980834767>1979409351
#ERR Elements not ordered. index=965207 1979409351>1976168368
#ERR Elements not ordered. index=965209 1980289568>1975850335
#ERR Elements not ordered. index=965211 1976211194>1975615065
#ERR Elements not ordered. index=965214 1981090647>1978122499
#ERR Elements not ordered. index=965216 1979885406>1979338023
#ERR Elements not ordered. index=965217 1979338023>1976806306
#ERR Elements not ordered. index=965219 1977417370>1975808767
#ERR Elements not ordered. index=965222 1981108327>1976712936
#ERR Elements not ordered. index=965223 1976712936>1975136332
#ERR Elements not ordered. index=965225 1978798479>1976137394
#ERR Elements not ordered. index=965227 1977572155>1976640993
#ERR Elements not ordered. index=965228 1976640993>1975877986
#ERR Elements not ordered. index=965230 1977179290>1975421644
#ERR Elements not ordered. index=965231 1975421644>1975155456
#ERR Elements not ordered. index=965233 1978901875>1975926309
#ERR Elements not ordered. index=965235 1979859429>1979555348
#ERR Elements not ordered. index=965236 1979555348>1979519328
#ERR Elements not ordered. index=965238 1980499640>1975567369
#ERR Elements not ordered. index=965242 1979794579>1976859316
#ERR Elements not ordered. index=965244 1980422116>1980037264
#ERR Elements not ordered. index=965246 1982142681>1979537991
#ERR Elements not ordered. index=965247 1979537991>1975516224
#ERR Elements not ordered. index=965249 1981032218>1976772702
#ERR Elements not ordered. index=965251 1982023423>1981566262
#ERR Elements not ordered. index=965252 1981566262>1980429204
#ERR Elements not ordered. index=965253 1980429204>1979660311
#ERR Elements not ordered. index=965256 1981335829>1977026650
#ERR Elements not ordered. index=965257 1977026650>1975144628
#ERR Elements not ordered. index=965259 1978416354>1977108791
#ERR Elements not ordered. index=965262 1979657889>1977601559
#ERR Elements not ordered. index=965266 1982099740>1981363263
#ERR Elements not ordered. index=965268 1981984416>1978569581
#ERR Elements not ordered. index=965270 1982343588>1977571659
#ERR Elements not ordered. index=965273 1982021034>1979487015
#ERR Elements not ordered. index=965274 1979487015>1977752177
#ERR Elements not ordered. index=965276 1982407907>1978356631
#ERR Elements not ordered. index=965277 1978356631>1976724536
#ERR Elements not ordered. index=965279 1977638004>1976893292
#ERR Elements not ordered. index=965281 1981966171>1976726485
#ERR Elements not ordered. index=965283 1978919462>1975277303
#ERR Elements not ordered. index=965285 1978291658>1975409425
#ERR Elements not ordered. index=965287 1981765743>1976012642
#ERR Elements not ordered. index=965290 1977504629>1977258146
#ERR Elements not ordered. index=965292 1980681482>1976560263
#ERR Elements not ordered. index=965293 1976560263>1976065109
#ERR Elements not ordered. index=965295 1977380109>1977256386
#ERR Elements not ordered. index=965297 1977458042>1976854349
#ERR Elements not ordered. index=965300 1980041147>1979120763
#ERR Elements not ordered. index=965302 1981729487>1980279117
#ERR Elements not ordered. index=965303 1980279117>1978032858
#ERR Elements not ordered. index=965305 1979501139>1976039383
#ERR Elements not ordered. index=965310 1982365172>1981981504
#ERR Elements not ordered. index=965311 1981981504>1977731424
#ERR Elements not ordered. index=965314 1980574072>1975166946
#ERR Elements not ordered. index=965316 1981544557>1978611386
#ERR Elements not ordered. index=965317 1978611386>1977685556
#ERR Elements not ordered. index=965318 1977685556>1976939614
#ERR Elements not ordered. index=965320 1981224627>1975217429
#ERR Elements not ordered. index=965322 1978205754>1977061093
#ERR Elements not ordered. index=965325 1982000275>1981792452
#ERR Elements not ordered. index=965326 1981792452>1980973396
#ERR Elements not ordered. index=965328 1981831829>1977440221
#ERR Elements not ordered. index=965331 1981789740>1979352808
#ERR Elements not ordered. index=965332 1979352808>1978779217
#ERR Elements not ordered. index=965333 1978779217>1978620332
#ERR Elements not ordered. index=965335 1981406921>1976290286
#ERR Elements not ordered. index=965337 1980276909>1979567967
#ERR Elements not ordered. index=965339 1980017968>1979192506
#ERR Elements not ordered. index=965340 1979192506>1975275561
#ERR Elements not ordered. index=965345 1981929721>1981349330
#ERR Elements not ordered. index=965346 1981349330>1981035412
#ERR Elements not ordered. index=965347 1981035412>1976076184
#ERR Elements not ordered. index=965349 1979072339>1977831733
#ERR Elements not ordered. index=965353 1981350027>1978613550
#ERR Elements not ordered. index=965354 1978613550>1975676727
#ERR Elements not ordered. index=965355 1975676727>1975433975
#ERR Elements not ordered. index=965359 1980240559>1976743332
#ERR Elements not ordered. index=965362 1982263653>1977183382
#ERR Elements not ordered. index=965364 1982168967>1977001153
#ERR Elements not ordered. index=965366 1982326427>1976156743
#ERR Elements not ordered. index=965368 1979939304>1976111289
#ERR Elements not ordered. index=965370 1976798001>1975162013
#ERR Elements not ordered. index=965373 1980056980>1976665212
#ERR Elements not ordered. index=965375 1979987650>1977829952
#ERR Elements not ordered. index=965376 1977829952>1975456992
#ERR Elements not ordered. index=965377 1975456992>1975436679
#ERR Elements not ordered. index=965379 1982034816>1979617642
#ERR Elements not ordered. index=965380 1979617642>1978214522
#ERR Elements not ordered. index=965382 1982026797>1976861895
#ERR Elements not ordered. index=965385 1981817189>1981091436
#ERR Elements not ordered. index=965386 1981091436>1980843767
#ERR Elements not ordered. index=965387 1980843767>1977997517
#ERR Elements not ordered. index=965389 1980932761>1979946508
#ERR Elements not ordered. index=965390 1979946508>1975836027
#ERR Elements not ordered. index=965393 1982150394>1977458751
#ERR Elements not ordered. index=965395 1980858144>1979463516
#ERR Elements not ordered. index=965396 1979463516>1977522417
#ERR Elements not ordered. index=965397 1977522417>1976978314
#ERR Elements not ordered. index=965398 1976978314>1976922997
#ERR Elements not ordered. index=965400 1979270067>1976756524
#ERR Elements not ordered. index=965401 1976756524>1976515727
#ERR Elements not ordered. index=965404 1982373967>1977831267
#ERR Elements not ordered. index=965407 1981276895>1975788276
#ERR Elements not ordered. index=965409 1979916045>1976281399
#ERR Elements not ordered. index=965411 1981279440>1978749630
#ERR Elements not ordered. index=965414 1980390589>1976874200
#ERR Elements not ordered. index=965417 1981917548>1978763618
#ERR Elements not ordered. index=965419 1980117013>1975784504
#ERR Elements not ordered. index=965423 1981424924>1976486747
#ERR Elements not ordered. index=965427 1981725613>1980922966
#ERR Elements not ordered. index=965428 1980922966>1976796710
#ERR Elements not ordered. index=965430 1977632940>1977012494
#ERR Elements not ordered. index=965431 1977012494>1975757352
#ERR Elements not ordered. index=965433 1976613029>1975676859
#ERR Elements not ordered. index=965435 1982155434>1978695468
#ERR Elements not ordered. index=965436 1978695468>1975367221
#ERR Elements not ordered. index=965438 1979921224>1975193911
#ERR Elements not ordered. index=965440 1980020720>1977130537
#ERR Elements not ordered. index=965444 1981773772>1976110006
#ERR Elements not ordered. index=965445 1976110006>1975478447
#ERR Elements not ordered. index=965447 1979889263>1978653994
#ERR Elements not ordered. index=965451 1981843437>1976424533
#ERR Elements not ordered. index=965454 1982127441>1977994622
#ERR Elements not ordered. index=965456 1980048334>1978413119
#ERR Elements not ordered. index=965457 1978413119>1976754132
#ERR Elements not ordered. index=965460 1981112925>1980058036
#ERR Elements not ordered. index=965461 1980058036>1978485571
#ERR Elements not ordered. index=965463 1981243565>1977047113
#ERR Elements not ordered. index=965465 1980484981>1980327088
#ERR Elements not ordered. index=965466 1980327088>1978709470
#ERR Elements not ordered. index=965468 1981981329>1981352640
#ERR Elements not ordered. index=965470 1981543243>1980510258
#ERR Elements not ordered. index=965471 1980510258>1980134929
#ERR Elements not ordered. index=965473 1981776219>1978984282
#ERR Elements not ordered. index=965475 1979077897>1978133627
#ERR Elements not ordered. index=965477 1980542238>1978654868
#ERR Elements not ordered. index=965479 1978859364>1977180409
#ERR Elements not ordered. index=965481 1980392083>1978568901
#ERR Elements not ordered. index=965485 1981846384>1976724234
#ERR Elements not ordered. index=965486 1976724234>1976272171
#ERR Elements not ordered. index=965488 1981139687>1976112403
#ERR Elements not ordered. index=965491 1979092625>1976778551
#ERR Elements not ordered. index=965493 1981365326>1980730707
#ERR Elements not ordered. index=965494 1980730707>1976394419
#ERR Elements not ordered. index=965495 1976394419>1975660733
#ERR Elements not ordered. index=965497 1980370807>1975254892
#ERR Elements not ordered. index=965501 1979192118>1975915346
#ERR Elements not ordered. index=965503 1982195992>1977093405
#ERR Elements not ordered. index=965507 1981471129>1975312977
#ERR Elements not ordered. index=965511 1977355422>1975280074
#ERR Elements not ordered. index=965515 1981162083>1977328558
#ERR Elements not ordered. index=965516 1977328558>1977081714
#ERR Elements not ordered. index=965519 1980899576>1979008518
#ERR Elements not ordered. index=965520 1979008518>1975738993
#ERR Elements not ordered. index=965523 1979825826>1977156838
#ERR Elements not ordered. index=965526 1980508700>1978858864
#ERR Elements not ordered. index=965527 1978858864>1976791491
#ERR Elements not ordered. index=965531 1981985085>1980672168
#ERR Elements not ordered. index=965532 1980672168>1980498788
#ERR Elements not ordered. index=965533 1980498788>1978777847
#ERR Elements not ordered. index=965534 1978777847>1977942784
#ERR Elements not ordered. index=965535 1977942784>1977447146
#ERR Elements not ordered. index=965537 1979575595>1975476263
#ERR Elements not ordered. index=965540 1979886601>1977798026
#ERR Elements not ordered. index=965545 1981704549>1980143238
#ERR Elements not ordered. index=965546 1980143238>1979028600
#ERR Elements not ordered. index=965547 1979028600>1975745399
#ERR Elements not ordered. index=965550 1981594673>1977612899
#ERR Elements not ordered. index=965552 1978982901>1978156973
#ERR Elements not ordered. index=965554 1982025072>1978528724
#ERR Elements not ordered. index=965555 1978528724>1977980968
#ERR Elements not ordered. index=965557 1979570407>1977778225
#ERR Elements not ordered. index=965559 1981117639>1979952721
#ERR Elements not ordered. index=965561 1981369142>1977783799
#ERR Elements not ordered. index=965563 1978284614>1975560296
#ERR Elements not ordered. index=965565 1980806331>1976541291
#ERR Elements not ordered. index=965568 1982071096>1981410433
#ERR Elements not ordered. index=965569 1981410433>1976969425
#ERR Elements not ordered. index=965570 1976969425>1976941509
#ERR Elements not ordered. index=965571 1976941509>1976150239
#ERR Elements not ordered. index=965573 1980500304>1979385946
#ERR Elements not ordered. index=965574 1979385946>1976356565
#ERR Elements not ordered. index=965576 1979872756>1976883840
#ERR Elements not ordered. index=965577 1976883840>1976491036
#ERR Elements not ordered. index=965579 1979090728>1978694565
#ERR Elements not ordered. index=965580 1978694565>1975804440
#ERR Elements not ordered. index=965585 1981179084>1976450690
#ERR Elements not ordered. index=965587 1976457964>1975350127
#ERR Elements not ordered. index=965591 1982109067>1975324450
#ERR Elements not ordered. index=965592 1975324450>1975228967
#ERR Elements not ordered. index=965594 1979687089>1979210698
#ERR Elements not ordered. index=965595 1979210698>1976366738
#ERR Elements not ordered. index=965596 1976366738>1975896728
#ERR Elements not ordered. index=965598 1981546547>1976734640
#ERR Elements not ordered. index=965599 1976734640>1976629986
#ERR Elements not ordered. index=965601 1979843148>1976617727
#ERR Elements not ordered. index=965604 1980704277>1978467217
#ERR Elements not ordered. index=965606 1981246036>1979555817
#ERR Elements not ordered. index=965607 1979555817>1976124374
#ERR Elements not ordered. index=965609 1982053494>1975145845
#ERR Elements not ordered. index=965612 1979506294>1975782348
#ERR Elements not ordered. index=965614 1977849071>1976990622
#ERR Elements not ordered. index=965615 1976990622>1975839094
#ERR Elements not ordered. index=965618 1981349085>1975595016
#ERR Elements not ordered. index=965620 1982383849>1980795392
#ERR Elements not ordered. index=965621 1980795392>1980382973
#ERR Elements not ordered. index=965623 1981733740>1980744030
#ERR Elements not ordered. index=965624 1980744030>1979254570
#ERR Elements not ordered. index=965625 1979254570>1977841595
#ERR Elements not ordered. index=965627 1980404374>1976874918
#ERR Elements not ordered. index=965628 1976874918>1975908471
#ERR Elements not ordered. index=965630 1980333213>1975525975
#ERR Elements not ordered. index=965633 1981702617>1979555862
#ERR Elements not ordered. index=965634 1979555862>1978771677
#ERR Elements not ordered. index=965635 1978771677>1976583853
#ERR Elements not ordered. index=965636 1976583853>1975671152
#ERR Elements not ordered. index=965639 1978373767>1978051605
#ERR Elements not ordered. index=965642 1980916231>1975934805
#ERR Elements not ordered. index=965645 1980443023>1978386256
#ERR Elements not ordered. index=965647 1981948884>1979420344
#ERR Elements not ordered. index=965648 1979420344>1976740527
#ERR Elements not ordered. index=965649 1976740527>1976316960
#ERR Elements not ordered. index=965651 1981338651>1979746370
#ERR Elements not ordered. index=965652 1979746370>1977055440
#ERR Elements not ordered. index=965654 1981726603>1979301883
#ERR Elements not ordered. index=965655 1979301883>1978457661
#ERR Elements not ordered. index=965656 1978457661>1975885886
#ERR Elements not ordered. index=965658 1977610628>1975234389
#ERR Elements not ordered. index=965663 1982093888>1977248851
#ERR Elements not ordered. index=965665 1978964055>1975416740
#ERR Elements not ordered. index=965670 1981343903>1977123231
#ERR Elements not ordered. index=965672 1980121871>1975299953
#ERR Elements not ordered. index=965674 1979240959>1979168520
#ERR Elements not ordered. index=965677 1981913570>1980819532
#ERR Elements not ordered. index=965679 1982126603>1981435959
#ERR Elements not ordered. index=965680 1981435959>1977910556
#ERR Elements not ordered. index=965682 1980539850>1977553469
#ERR Elements not ordered. index=965684 1982404286>1979529645
#ERR Elements not ordered. index=965685 1979529645>1977291635
#ERR Elements not ordered. index=965687 1980373061>1978146483
#ERR Elements not ordered. index=965689 1981793307>1981327560
#ERR Elements not ordered. index=965690 1981327560>1978353810
#ERR Elements not ordered. index=965692 1982285419>1980593574
#ERR Elements not ordered. index=965693 1980593574>1975435077
#ERR Elements not ordered. index=965695 1979910622>1977964555
#ERR Elements not ordered. index=965699 1981267149>1977296794
#ERR Elements not ordered. index=965701 1978703495>1977394889
#ERR Elements not ordered. index=965704 1981837726>1978546639
#ERR Elements not ordered. index=965706 1981985344>1977665234
#ERR Elements not ordered. index=965708 1980462927>1975342474
#ERR Elements not ordered. index=965710 1980193887>1975712562
#ERR Elements not ordered. index=965714 1979697088>1976833112
#ERR Elements not ordered. index=965717 1981963721>1980408682
#ERR Elements not ordered. index=965718 1980408682>1976673181
#ERR Elements not ordered. index=965721 1980790178>1975135484
#ERR Elements not ordered. index=965723 1982244621>1979780575
#ERR Elements not ordered. index=965724 1979780575>1979144679
#ERR Elements not ordered. index=965725 1979144679>1975403159
#ERR Elements not ordered. index=965727 1979797984>1976814622
#ERR Elements not ordered. index=965730 1979895197>1977991488
#ERR Elements not ordered. index=965731 1977991488>1975513641
#ERR Elements not ordered. index=965733 1979565509>1978991406
#ERR Elements not ordered. index=965735 1980456889>1980007551
#ERR Elements not ordered. index=965736 1980007551>1976180010
#ERR Elements not ordered. index=965739 1981052491>1979000904
#ERR Elements not ordered. index=965740 1979000904>1977512091
#ERR Elements not ordered. index=965742 1982257899>1978630154
#ERR Elements not ordered. index=965744 1979436607>1977776422
#ERR Elements not ordered. index=965746 1981185840>1979583622
#ERR Elements not ordered. index=965749 1980335288>1976979225
#ERR Elements not ordered. index=965752 1982093891>1978881222
#ERR Elements not ordered. index=965754 1981222165>1977492365
#ERR Elements not ordered. index=965758 1980643458>1979205063
#ERR Elements not ordered. index=965762 1982319667>1980495819
#ERR Elements not ordered. index=965764 1982227742>1975603346
#ERR Elements not ordered. index=965766 1981544846>1975800390
#ERR Elements not ordered. index=965769 1981004959>1979093448
#ERR Elements not ordered. index=965772 1980836713>1976419017
#ERR Elements not ordered. index=965774 1982172577>1980372205
#ERR Elements not ordered. index=965775 1980372205>1976069764
#ERR Elements not ordered. index=965777 1979482758>1975210952
#ERR Elements not ordered. index=965779 1978879536>1978187021
#ERR Elements not ordered. index=965781 1979164822>1978841190
#ERR Elements not ordered. index=965783 1982228806>1980624640
#ERR Elements not ordered. index=965784 1980624640>1977661160
#ERR Elements not ordered. index=965786 1978931807>1976819885
#ERR Elements not ordered. index=965788 1981677112>1981563131
#ERR Elements not ordered. index=965789 1981563131>1976123158
#ERR Elements not ordered. index=965791 1979792565>1979735725
#ERR Elements not ordered. index=965792 1979735725>1977716170
#ERR Elements not ordered. index=965794 1980532337>1975265993
#ERR Elements not ordered. index=965796 1981894576>1981037725
#ERR Elements not ordered. index=965798 1982147852>1981825523
#ERR Elements not ordered. index=965799 1981825523>1981680169
#ERR Elements not ordered. index=965800 1981680169>1981219207
#ERR Elements not ordered. index=965801 1981219207>1981086396
#ERR Elements not ordered. index=965802 1981086396>1977410947
#ERR Elements not ordered. index=965804 1979008786>1975225059
#ERR Elements not ordered. index=965806 1981307740>1976986088
#ERR Elements not ordered. index=965809 1979540295>1977300343
#ERR Elements not ordered. index=965811 1981228119>1976077828
#ERR Elements not ordered. index=965813 1982259978>1977137506
#ERR Elements not ordered. index=965814 1977137506>1976878338
#ERR Elements not ordered. index=965816 1979020944>1976134535
#ERR Elements not ordered. index=965818 1980326763>1976888980
#ERR Elements not ordered. index=965819 1976888980>1975343760
#ERR Elements not ordered. index=965823 1981568731>1978592377
#ERR Elements not ordered. index=965825 1980529437>1977260324
#ERR Elements not ordered. index=965827 1979141963>1978699497
#ERR Elements not ordered. index=965828 1978699497>1976457729
#ERR Elements not ordered. index=965830 1981651786>1975214861
#ERR Elements not ordered. index=965832 1981205907>1979214295
#ERR Elements not ordered. index=965833 1979214295>1975514224
#ERR Elements not ordered. index=965836 1980258259>1978648092
#ERR Elements not ordered. index=965837 1978648092>1977256393
#ERR Elements not ordered. index=965839 1979004163>1978029848
#ERR Elements not ordered. index=965841 1979823139>1977162817
#ERR Elements not ordered. index=965843 1980547468>1980081859
#ERR Elements not ordered. index=965844 1980081859>1976259734
#ERR Elements not ordered. index=965846 1981946197>1978770136
#ERR Elements not ordered. index=965848 1982122915>1976885618
#ERR Elements not ordered. index=965849 1976885618>1975883727
#ERR Elements not ordered. index=965852 1979476864>1979108754
#ERR Elements not ordered. index=965853 1979108754>1975308192
#ERR Elements not ordered. index=965856 1981262932>1980450309
#ERR Elements not ordered. index=965857 1980450309>1975278711
#ERR Elements not ordered. index=965860 1981684634>1977005318
#ERR Elements not ordered. index=965862 1980475829>1979611639
#ERR Elements not ordered. index=965865 1981541922>1975915917
#ERR Elements not ordered. index=965868 1982387532>1980540938
#ERR Elements not ordered. index=965869 1980540938>1976025089
#ERR Elements not ordered. index=965871 1980823573>1977865215
#ERR Elements not ordered. index=965872 1977865215>1975788121
#ERR Elements not ordered. index=965874 1981128415>1977615806
#ERR Elements not ordered. index=965877 1981960635>1976908207
#ERR Elements not ordered. index=965879 1979817635>1975251901
#ERR Elements not ordered. index=965881 1980435660>1977210025
#ERR Elements not ordered. index=965882 1977210025>1976895481
#ERR Elements not ordered. index=965885 1981422950>1975625048
#ERR Elements not ordered. index=965887 1980596244>1979887036
#ERR Elements not ordered. index=965888 1979887036>1978329306
#ERR Elements not ordered. index=965889 1978329306>1975209386
#ERR Elements not ordered. index=965892 1981282265>1977137812
#ERR Elements not ordered. index=965895 1980602708>1979365823
#ERR Elements not ordered. index=965897 1981545155>1975601763
#ERR Elements not ordered. index=965899 1979893221>1979711167
#ERR Elements not ordered. index=965900 1979711167>1975726274
#ERR Elements not ordered. index=965902 1981593069>1976568444
#ERR Elements not ordered. index=965903 1976568444>1975770849
#ERR Elements not ordered. index=965906 1980407272>1979252332
#ERR Elements not ordered. index=965907 1979252332>1979151379
#ERR Elements not ordered. index=965908 1979151379>1976050749
#ERR Elements not ordered. index=965910 1982347095>1981412945
#ERR Elements not ordered. index=965911 1981412945>1977476173
#ERR Elements not ordered. index=965913 1980777843>1980667363
#ERR Elements not ordered. index=965914 1980667363>1977669418
#ERR Elements not ordered. index=965916 1981390260>1978441614
#ERR Elements not ordered. index=965918 1979294672>1975388934
#ERR Elements not ordered. index=965920 1978156999>1975788118
#ERR Elements not ordered. index=965922 1982217866>1978373284
#ERR Elements not ordered. index=965924 1980931254>1979330508
#ERR Elements not ordered. index=965925 1979330508>1975530021
#ERR Elements not ordered. index=965928 1980164612>1978695484
#ERR Elements not ordered. index=965930 1979039944>1977657818
#ERR Elements not ordered. index=965932 1977769641>1976688658
#ERR Elements not ordered. index=965935 1981236370>1976554644
#ERR Elements not ordered. index=965939 1981666131>1975739653
#ERR Elements not ordered. index=965940 1975739653>1975135730
#ERR Elements not ordered. index=965945 1981821016>1977057001
#ERR Elements not ordered. index=965946 1977057001>1977015363
#ERR Elements not ordered. index=965948 1980321095>1975789849
#ERR Elements not ordered. index=965951 1981305823>1980747578
#ERR Elements not ordered. index=965952 1980747578>1978960562
#ERR Elements not ordered. index=965953 1978960562>1978930940
#ERR Elements not ordered. index=965956 1981041030>1980613700
#ERR Elements not ordered. index=965957 1980613700>1980286442
#ERR Elements not ordered. index=965958 1980286442>1975952618
#ERR Elements not ordered. index=965961 1981909784>1975208448
#ERR Elements not ordered. index=965964 1982060729>1981404791
#ERR Elements not ordered. index=965965 1981404791>1977701202
#ERR Elements not ordered. index=965967 1979696064>1977806779
#ERR Elements not ordered. index=965969 1979324551>1976287409
#ERR Elements not ordered. index=965971 1976786844>1975418706
#ERR Elements not ordered. index=965974 1975856023>1975362793
#ERR Elements not ordered. index=965976 1982313987>1977398278
#ERR Elements not ordered. index=965978 1979061781>1976261535
#ERR Elements not ordered. index=965981 1980970509>1976038227
#ERR Elements not ordered. index=965983 1981120890>1975178287
#ERR Elements not ordered. index=965985 1982148650>1976411142
#ERR Elements not ordered. index=965987 1981427472>1977834599
#ERR Elements not ordered. index=965991 1981443399>1979988939
#ERR Elements not ordered. index=965992 1979988939>1977265528
#ERR Elements not ordered. index=965994 1981768743>1980112553
#ERR Elements not ordered. index=965995 1980112553>1978492061
#ERR Elements not ordered. index=965998 1981534407>1980261226
#ERR Elements not ordered. index=965999 1980261226>1975326421
#ERR Elements not ordered. index=966001 1981787871>1976411666
#SDC Ite:0 KerTime:3.923677 AccTime:3.923677 KerErr:1769 AccErr:1769
#ABORT too many errors per iteration
#END