#HEADER size:1048576
#BEGIN Y:2016 M:09 D:13 Time:18:14:39
#IT Ite:0 KerTime:5.010683 AccTime:5.010683
#ERR Elements not ordered. index=262144 548241447>481072846
#ERR Elements not ordered. index=262146 514054118>484758781
#ERR Elements not ordered. index=262147 484758781>483880481
#ERR Elements not ordered. index=262150 565712674>512164817
#ERR Elements not ordered. index=262152 549609964>535478697
#ERR Elements not ordered. index=262154 548226878>474888320
#ERR Elements not ordered. index=262156 566403534>515586890
#ERR Elements not ordered. index=262159 567315725>536173666
#ERR Elements not ordered. index=262161 581005801>491195036
#ERR Elements not ordered. index=262163 549272976>517319980
#ERR Elements not ordered. index=262165 571273017>523910981
#ERR Elements not ordered. index=262167 552989389>484941975
#ERR Elements not ordered. index=262169 584068233>564946718
#ERR Elements not ordered. index=262170 564946718>491749785
#ERR Elements not ordered. index=262173 513757994>486842310
#ERR Elements not ordered. index=262178 580113210>565805136
#ERR Elements not ordered. index=262179 565805136>502186242
#ERR Elements not ordered. index=262181 562792607>473383365
#ERR Elements not ordered. index=262184 565968648>515933598
#ERR Elements not ordered. index=262185 515933598>486392300
#ERR Elements not ordered. index=262187 487335991>479863284
#ERR Elements not ordered. index=262189 505679881>496840868
#ERR Elements not ordered. index=262191 525192771>515519334
#ERR Elements not ordered. index=262194 582955312>515169559
#ERR Elements not ordered. index=262197 579091842>570960923
#ERR Elements not ordered. index=262198 570960923>479955166
#ERR Elements not ordered. index=262202 573654395>551003362
#ERR Elements not ordered. index=262203 551003362>534858714
#ERR Elements not ordered. index=262204 534858714>493678533
#ERR Elements not ordered. index=262206 564583293>528338661
#ERR Elements not ordered. index=262207 528338661>503889148
#ERR Elements not ordered. index=262209 544110481>505333845
#ERR Elements not ordered. index=262213 577606239>495659113
#ERR Elements not ordered. index=262215 564667562>518714393
#ERR Elements not ordered. index=262217 574527824>504200947
#ERR Elements not ordered. index=262219 512479388>480822631
#ERR Elements not ordered. index=262223 577088140>550838897
#ERR Elements not ordered. index=262224 550838897>542775550
#ERR Elements not ordered. index=262225 542775550>524955754
#ERR Elements not ordered. index=262227 562401030>547033013
#ERR Elements not ordered. index=262228 547033013>500784752
#ERR Elements not ordered. index=262229 500784752>499882405
#ERR Elements not ordered. index=262232 579017686>573877354
#ERR Elements not ordered. index=262233 573877354>565134347
#ERR Elements not ordered. index=262235 566788884>565476333
#ERR Elements not ordered. index=262237 581628075>529228518
#ERR Elements not ordered. index=262238 529228518>480478068
#ERR Elements not ordered. index=262241 540377533>476112778
#ERR Elements not ordered. index=262246 564655375>533780427
#ERR Elements not ordered. index=262247 533780427>488179491
#ERR Elements not ordered. index=262251 548109671>542299051
#ERR Elements not ordered. index=262252 542299051>501253458
#ERR Elements not ordered. index=262255 579663598>556766444
#ERR Elements not ordered. index=262257 583906657>478580995
#ERR Elements not ordered. index=262259 542128882>528036122
#ERR Elements not ordered. index=262260 528036122>520610462
#ERR Elements not ordered. index=262261 520610462>502415083
#ERR Elements not ordered. index=262262 502415083>481618828
#ERR Elements not ordered. index=262263 481618828>472798816
#ERR Elements not ordered. index=262265 509256187>500397798
#ERR Elements not ordered. index=262267 516604720>515303907
#ERR Elements not ordered. index=262269 559988947>488540472
#ERR Elements not ordered. index=262271 583527420>582355734
#ERR Elements not ordered. index=262272 582355734>486572087
#ERR Elements not ordered. index=262276 582282560>475925852
#ERR Elements not ordered. index=262278 537681570>484654346
#ERR Elements not ordered. index=262280 533246454>480893409
#ERR Elements not ordered. index=262282 505979613>476833388
#ERR Elements not ordered. index=262283 476833388>474366375
#ERR Elements not ordered. index=262284 474366375>472840325
#ERR Elements not ordered. index=262286 578865603>473072419
#ERR Elements not ordered. index=262288 549663458>525739176
#ERR Elements not ordered. index=262289 525739176>486515909
#ERR Elements not ordered. index=262291 547331067>503807093
#ERR Elements not ordered. index=230415 578948981>550477464
#ERR Elements not ordered. index=262292 503807093>475970031
#ERR Elements not ordered. index=230417 569553587>495118245
#ERR Elements not ordered. index=230418 495118245>477134964
#ERR Elements not ordered. index=230420 544473405>533460333
#ERR Elements not ordered. index=230421 533460333>510064485
#ERR Elements not ordered. index=262293 475970031>474472160
#ERR Elements not ordered. index=262295 561852828>516130375
#ERR Elements not ordered. index=262297 578745508>575821865
#ERR Elements not ordered. index=262298 575821865>568631894
#ERR Elements not ordered. index=262299 568631894>501642018
#ERR Elements not ordered. index=262300 501642018>492475945
#ERR Elements not ordered. index=262301 492475945>479323457
#ERR Elements not ordered. index=230424 579455988>530112091
#ERR Elements not ordered. index=230425 530112091>506880934
#ERR Elements not ordered. index=230427 523528613>479351514
#ERR Elements not ordered. index=230429 557830857>540597257
#ERR Elements not ordered. index=230431 559069165>523687113
#ERR Elements not ordered. index=230432 523687113>492339797
#ERR Elements not ordered. index=230434 549920631>514524888
#ERR Elements not ordered. index=230436 569767055>498146280
#ERR Elements not ordered. index=230437 498146280>492822156
#ERR Elements not ordered. index=230439 563015700>508542783
#ERR Elements not ordered. index=230441 516879452>482349769
#ERR Elements not ordered. index=230445 566850575>517387455
#ERR Elements not ordered. index=230447 572525149>522206511
#ERR Elements not ordered. index=230449 544339508>524259422
#ERR Elements not ordered. index=230450 524259422>493194283
#ERR Elements not ordered. index=262307 540472792>506790745
#ERR Elements not ordered. index=262309 583672173>517373939
#ERR Elements not ordered. index=262310 517373939>500241773
#ERR Elements not ordered. index=230453 567072218>489614448
#ERR Elements not ordered. index=230455 562567159>558971833
#ERR Elements not ordered. index=230456 558971833>530768476
#ERR Elements not ordered. index=230457 530768476>523049374
#ERR Elements not ordered. index=230458 523049374>476641243
#ERR Elements not ordered. index=230461 548785039>485671946
#ERR Elements not ordered. index=230463 571831547>528426638
#ERR Elements not ordered. index=230465 569621134>513455798
#ERR Elements not ordered. index=230467 570706599>551764247
#ERR Elements not ordered. index=230468 551764247>536242072
#ERR Elements not ordered. index=230469 536242072>528903706
#ERR Elements not ordered. index=230470 528903706>505132975
#ERR Elements not ordered. index=230473 530937172>519797450
#ERR Elements not ordered. index=230474 519797450>490427094
#ERR Elements not ordered. index=230475 490427094>478117154
#ERR Elements not ordered. index=230477 548831667>501108627
#ERR Elements not ordered. index=230478 501108627>495128535
#ERR Elements not ordered. index=230480 537975520>473190004
#ERR Elements not ordered. index=230483 551498460>491693960
#ERR Elements not ordered. index=230485 569708365>538045241
#ERR Elements not ordered. index=230486 538045241>502646413
#ERR Elements not ordered. index=230488 533529050>531357892
#ERR Elements not ordered. index=230489 531357892>516009228
#ERR Elements not ordered. index=230491 572511634>529329581
#ERR Elements not ordered. index=262311 500241773>498164139
#ERR Elements not ordered. index=262314 575158004>572729003
#ERR Elements not ordered. index=230494 537138601>518164109
#ERR Elements not ordered. index=230496 581520539>562132728
#ERR Elements not ordered. index=230497 562132728>496369820
#ERR Elements not ordered. index=230499 575671334>520406240
#ERR Elements not ordered. index=230501 527371599>510305053
#ERR Elements not ordered. index=230504 556832174>546202282
#ERR Elements not ordered. index=230505 546202282>506424871
#ERR Elements not ordered. index=230506 506424871>502068552
#ERR Elements not ordered. index=230507 502068552>491066138
#ERR Elements not ordered. index=230509 578868661>527332008
#ERR Elements not ordered. index=230510 527332008>508725584
#ERR Elements not ordered. index=230511 508725584>486159893
#ERR Elements not ordered. index=230512 486159893>483747414
#ERR Elements not ordered. index=230515 534437524>530863857
#ERR Elements not ordered. index=230517 546969142>540966257
#ERR Elements not ordered. index=230519 583356667>493492788
#ERR Elements not ordered. index=230523 579413273>478084214
#ERR Elements not ordered. index=230526 570415751>514358813
#ERR Elements not ordered. index=230529 575726194>532634137
#ERR Elements not ordered. index=230530 532634137>503975109
#ERR Elements not ordered. index=230531 503975109>495930701
#ERR Elements not ordered. index=230532 495930701>492116293
#ERR Elements not ordered. index=262315 572729003>489875109
#ERR Elements not ordered. index=230534 522566395>521067633
#ERR Elements not ordered. index=230535 521067633>512072479
#ERR Elements not ordered. index=230537 577880238>484663810
#ERR Elements not ordered. index=230539 510029892>496279175
#ERR Elements not ordered. index=230540 496279175>487715215
#ERR Elements not ordered. index=262317 573901249>568822521
#ERR Elements not ordered. index=262318 568822521>475427058
#ERR Elements not ordered. index=262320 549806649>495468891
#ERR Elements not ordered. index=262322 583825629>522083591
#ERR Elements not ordered. index=230544 545137490>484186569
#ERR Elements not ordered. index=230547 556332009>550477609
#ERR Elements not ordered. index=230548 550477609>476180872
#ERR Elements not ordered. index=230551 557090603>551391417
#ERR Elements not ordered. index=230552 551391417>544195510
#ERR Elements not ordered. index=230553 544195510>476336886
#ERR Elements not ordered. index=230556 552820105>525979628
#ERR Elements not ordered. index=230558 579225961>544959307
#ERR Elements not ordered. index=230559 544959307>477768159
#ERR Elements not ordered. index=230561 550684331>509443918
#ERR Elements not ordered. index=230562 509443918>501231338
#ERR Elements not ordered. index=230564 543414361>518128608
#ERR Elements not ordered. index=230565 518128608>508212605
#ERR Elements not ordered. index=230567 557448260>540546981
#ERR Elements not ordered. index=230568 540546981>536776262
#ERR Elements not ordered. index=230569 536776262>521846792
#ERR Elements not ordered. index=230571 577600220>498347178
#ERR Elements not ordered. index=230573 567804225>548467016
#ERR Elements not ordered. index=230574 548467016>517646024
#ERR Elements not ordered. index=230577 569375984>565288807
#ERR Elements not ordered. index=230578 565288807>550979955
#ERR Elements not ordered. index=230579 550979955>548698306
#ERR Elements not ordered. index=230581 566138170>491276414
#ERR Elements not ordered. index=230583 509816176>494989521
#ERR Elements not ordered. index=262323 522083591>506777591
#ERR Elements not ordered. index=262324 506777591>504363570
#ERR Elements not ordered. index=230587 568073289>530735580
#ERR Elements not ordered. index=230588 530735580>481772415
#ERR Elements not ordered. index=230590 513808516>486700337
#ERR Elements not ordered. index=230592 548919263>506223359
#ERR Elements not ordered. index=230595 574121614>515807135
#ERR Elements not ordered. index=230596 515807135>488622383
#ERR Elements not ordered. index=230598 557249549>556539660
#ERR Elements not ordered. index=230599 556539660>500296721
#ERR Elements not ordered. index=262328 578428320>512981535
#ERR Elements not ordered. index=262330 546101852>487408478
#ERR Elements not ordered. index=262332 570074895>526877365
#ERR Elements not ordered. index=262334 559784028>520864723
#ERR Elements not ordered. index=262336 546908563>474797551
#ERR Elements not ordered. index=262339 568568140>532183560
#ERR Elements not ordered. index=262341 573563389>566789625
#ERR Elements not ordered. index=262342 566789625>553967392
#ERR Elements not ordered. index=262343 553967392>484769075
#ERR Elements not ordered. index=230603 553577655>488625726
#ERR Elements not ordered. index=230605 520306958>490731992
#ERR Elements not ordered. index=230607 551047040>524135443
#ERR Elements not ordered. index=230609 525439435>481321540
#ERR Elements not ordered. index=230611 513617398>508244941
#ERR Elements not ordered. index=230613 561665836>532002397
#ERR Elements not ordered. index=230614 532002397>520037353
#ERR Elements not ordered. index=230615 520037353>490674330
#ERR Elements not ordered. index=230617 537949783>516003714
#ERR Elements not ordered. index=230620 560094892>506368159
#ERR Elements not ordered. index=230621 506368159>480818567
#ERR Elements not ordered. index=230623 573720560>553499791
#ERR Elements not ordered. index=230624 553499791>521746299
#ERR Elements not ordered. index=230626 524886834>471908115
#ERR Elements not ordered. index=230630 552289280>522330924
#ERR Elements not ordered. index=230632 540200196>486569167
#ERR Elements not ordered. index=230635 581919095>536928595
#ERR Elements not ordered. index=230636 536928595>488884992
#ERR Elements not ordered. index=230639 543172506>504754333
#ERR Elements not ordered. index=230640 504754333>493629042
#ERR Elements not ordered. index=230643 552980619>475151284
#ERR Elements not ordered. index=230645 577732532>538493075
#ERR Elements not ordered. index=230647 563598186>529905730
#ERR Elements not ordered. index=230649 579034830>511051273
#ERR Elements not ordered. index=230650 511051273>505674930
#ERR Elements not ordered. index=230652 560215957>545844862
#ERR Elements not ordered. index=230654 581510364>547574516
#ERR Elements not ordered. index=230655 547574516>540836720
#ERR Elements not ordered. index=230656 540836720>508520982
#ERR Elements not ordered. index=230657 508520982>479406737
#ERR Elements not ordered. index=230659 557661465>549923835
#ERR Elements not ordered. index=230661 566940775>526136086
#ERR Elements not ordered. index=230662 526136086>523782862
#ERR Elements not ordered. index=230663 523782862>508618937
#ERR Elements not ordered. index=230665 582596348>573911566
#ERR Elements not ordered. index=230666 573911566>532155233
#ERR Elements not ordered. index=230667 532155233>519030066
#ERR Elements not ordered. index=230669 566204266>560060954
#ERR Elements not ordered. index=230670 560060954>501264748
#ERR Elements not ordered. index=230672 584040015>493735366
#ERR Elements not ordered. index=230673 493735366>479982975
#ERR Elements not ordered. index=230676 505391439>499966367
#ERR Elements not ordered. index=230678 583677974>476061781
#ERR Elements not ordered. index=230681 568397728>479526382
#ERR Elements not ordered. index=230683 578194280>472568950
#ERR Elements not ordered. index=230687 580736985>552872242
#ERR Elements not ordered. index=230688 552872242>541326103
#ERR Elements not ordered. index=230689 541326103>484852555
#ERR Elements not ordered. index=230693 543136057>482482026
#ERR Elements not ordered. index=230696 535843812>528283288
#ERR Elements not ordered. index=230697 528283288>518541432
#ERR Elements not ordered. index=230699 558008957>554504197
#ERR Elements not ordered. index=230700 554504197>520369611
#ERR Elements not ordered. index=230703 551256721>500988246
#ERR Elements not ordered. index=230706 578410919>572017299
#ERR Elements not ordered. index=230708 583754648>545226184
#ERR Elements not ordered. index=230709 545226184>501547425
#ERR Elements not ordered. index=230714 527645201>524062963
#ERR Elements not ordered. index=230716 555959874>532272406
#ERR Elements not ordered. index=230719 582089367>507670463
#ERR Elements not ordered. index=230722 579954395>506332148
#ERR Elements not ordered. index=230723 506332148>476121234
#ERR Elements not ordered. index=262346 564796255>509737793
#ERR Elements not ordered. index=262348 549942841>516479476
#ERR Elements not ordered. index=262349 516479476>490817695
#ERR Elements not ordered. index=230726 539396626>536960071
#ERR Elements not ordered. index=230727 536960071>486879366
#ERR Elements not ordered. index=230730 574763615>478684131
#ERR Elements not ordered. index=230732 541856218>502005526
#ERR Elements not ordered. index=230733 502005526>487109482
#ERR Elements not ordered. index=230734 487109482>482750859
#ERR Elements not ordered. index=230735 482750859>477306112
#ERR Elements not ordered. index=230737 571611688>478197515
#ERR Elements not ordered. index=230739 521264678>511356070
#ERR Elements not ordered. index=230740 511356070>495605295
#ERR Elements not ordered. index=230742 549721411>485598598
#ERR Elements not ordered. index=230744 524958138>501287595
#ERR Elements not ordered. index=230746 576511252>556861183
#ERR Elements not ordered. index=230748 582133164>501349880
#ERR Elements not ordered. index=230750 574737040>497627310
#ERR Elements not ordered. index=230752 580754942>580633638
#ERR Elements not ordered. index=230753 580633638>527445412
#ERR Elements not ordered. index=230755 571655228>524377379
#ERR Elements not ordered. index=230757 576710278>525205705
#ERR Elements not ordered. index=230758 525205705>504382562
#ERR Elements not ordered. index=230759 504382562>502707267
#ERR Elements not ordered. index=230761 569999061>487737953
#ERR Elements not ordered. index=262353 584047684>553204488
#ERR Elements not ordered. index=262354 553204488>531778372
#ERR Elements not ordered. index=262355 531778372>478368054
#ERR Elements not ordered. index=262357 563453008>497387459
#ERR Elements not ordered. index=230764 560684945>553679815
#ERR Elements not ordered. index=230765 553679815>498863255
#ERR Elements not ordered. index=230767 522124464>518957652
#ERR Elements not ordered. index=230768 518957652>474533540
#ERR Elements not ordered. index=230770 486002098>483990921
#ERR Elements not ordered. index=230773 569995401>534723427
#ERR Elements not ordered. index=230774 534723427>488803284
#ERR Elements not ordered. index=230776 553045971>519148158
#ERR Elements not ordered. index=230778 554459218>516949515
#ERR Elements not ordered. index=230780 574616810>537163345
#ERR Elements not ordered. index=230781 537163345>506208300
#ERR Elements not ordered. index=230782 506208300>503563222
#ERR Elements not ordered. index=230783 503563222>479765284
#ERR Elements not ordered. index=262358 497387459>494127670
#ERR Elements not ordered. index=262363 566979450>475115810
#ERR Elements not ordered. index=262366 523798733>522842490
#ERR Elements not ordered. index=262367 522842490>494817544
#ERR Elements not ordered. index=230787 559019273>522860475
#ERR Elements not ordered. index=230788 522860475>511724228
#ERR Elements not ordered. index=230790 568411372>481200269
#ERR Elements not ordered. index=230792 528063704>507942284
#ERR Elements not ordered. index=230793 507942284>496257118
#ERR Elements not ordered. index=230795 517458364>488339110
#ERR Elements not ordered. index=230799 539553340>516873216
#ERR Elements not ordered. index=230801 583253174>534926810
#ERR Elements not ordered. index=230803 583934660>506610443
#ERR Elements not ordered. index=230804 506610443>474772800
#ERR Elements not ordered. index=230808 581966672>479608459
#ERR Elements not ordered. index=230812 573199094>565223115
#ERR Elements not ordered. index=230813 565223115>554505855
#ERR Elements not ordered. index=230814 554505855>498443037
#ERR Elements not ordered. index=230815 498443037>482113719
#ERR Elements not ordered. index=230817 568580565>530580674
#ERR Elements not ordered. index=230819 560534172>489914179
#ERR Elements not ordered. index=230820 489914179>473068829
#ERR Elements not ordered. index=230822 555278624>526301869
#ERR Elements not ordered. index=230824 562632186>535656074
#ERR Elements not ordered. index=230826 569059595>513142793
#ERR Elements not ordered. index=230827 513142793>499562002
#ERR Elements not ordered. index=230829 504191520>472865963
#ERR Elements not ordered. index=230831 582034258>525458957
#ERR Elements not ordered. index=230833 541522225>518440475
#ERR Elements not ordered. index=230834 518440475>495000215
#ERR Elements not ordered. index=230837 557489344>554985728
#ERR Elements not ordered. index=230838 554985728>541340090
#ERR Elements not ordered. index=230839 541340090>477075637
#ERR Elements not ordered. index=230841 560651954>534424712
#ERR Elements not ordered. index=230843 538380185>524787465
#ERR Elements not ordered. index=230845 542218542>477257159
#ERR Elements not ordered. index=230847 583170208>537947210
#ERR Elements not ordered. index=230848 537947210>529562178
#ERR Elements not ordered. index=230849 529562178>501243929
#ERR Elements not ordered. index=230852 535105971>524084712
#ERR Elements not ordered. index=230854 554295703>484093811
#ERR Elements not ordered. index=230857 571845535>549470055
#ERR Elements not ordered. index=230858 549470055>532296303
#ERR Elements not ordered. index=230860 559029812>523758427
#ERR Elements not ordered. index=230861 523758427>476587922
#ERR Elements not ordered. index=230863 551807562>508149625
#ERR Elements not ordered. index=230866 582365649>540501728
#ERR Elements not ordered. index=230867 540501728>498103109
#ERR Elements not ordered. index=230868 498103109>472720851
#ERR Elements not ordered. index=230871 558523284>507035938
#ERR Elements not ordered. index=230872 507035938>478933533
#ERR Elements not ordered. index=230877 572427182>556564662
#ERR Elements not ordered. index=230878 556564662>543274049
#ERR Elements not ordered. index=230879 543274049>512947380
#ERR Elements not ordered. index=230881 543504976>537880847
#ERR Elements not ordered. index=230883 557186663>520266895
#ERR Elements not ordered. index=230885 528813319>505068239
#ERR Elements not ordered. index=230886 505068239>502763911
#ERR Elements not ordered. index=230890 548293372>514673970
#ERR Elements not ordered. index=230892 535582348>519051736
#ERR Elements not ordered. index=230893 519051736>472284684
#ERR Elements not ordered. index=230895 575221666>495387067
#ERR Elements not ordered. index=230898 547715483>489237525
#ERR Elements not ordered. index=230900 520520730>503774351
#ERR Elements not ordered. index=230903 560427751>552376719
#ERR Elements not ordered. index=230904 552376719>546093876
#ERR Elements not ordered. index=230905 546093876>506117914
#ERR Elements not ordered. index=230908 556238857>544707929
#ERR Elements not ordered. index=230910 556867930>500810192
#ERR Elements not ordered. index=230912 571697673>533017114
#ERR Elements not ordered. index=230913 533017114>517964818
#ERR Elements not ordered. index=230915 579385156>493521934
#ERR Elements not ordered. index=230918 583282177>569982237
#ERR Elements not ordered. index=230919 569982237>501576189
#ERR Elements not ordered. index=230921 537607754>506067863
#ERR Elements not ordered. index=230924 522381843>473329381
#ERR Elements not ordered. index=230926 514958271>506665676
#ERR Elements not ordered. index=230928 564342513>522205964
#ERR Elements not ordered. index=230929 522205964>518998751
#ERR Elements not ordered. index=230931 535564742>508559141
#ERR Elements not ordered. index=230932 508559141>500798018
#ERR Elements not ordered. index=230934 579021552>551247672
#ERR Elements not ordered. index=230936 583753751>524116328
#ERR Elements not ordered. index=230939 575394318>546422165
#ERR Elements not ordered. index=230941 560991405>546742316
#ERR Elements not ordered. index=230944 553907355>501050439
#ERR Elements not ordered. index=230946 572276645>488258518
#ERR Elements not ordered. index=230950 538209225>520354307
#ERR Elements not ordered. index=230951 520354307>506468486
#ERR Elements not ordered. index=230955 571689138>561957715
#ERR Elements not ordered. index=230956 561957715>498926470
#ERR Elements not ordered. index=230957 498926470>483019649
#ERR Elements not ordered. index=230958 483019649>480523665
#ERR Elements not ordered. index=230960 561256268>549459723
#ERR Elements not ordered. index=230962 583070793>549997582
#ERR Elements not ordered. index=230963 549997582>505831393
#ERR Elements not ordered. index=230967 579881252>553887457
#ERR Elements not ordered. index=230968 553887457>485397306
#ERR Elements not ordered. index=230970 535024774>493292590
#ERR Elements not ordered. index=230972 529730525>503232150
#ERR Elements not ordered. index=230973 503232150>480986637
#ERR Elements not ordered. index=230976 574857058>565317104
#ERR Elements not ordered. index=230977 565317104>555467511
#ERR Elements not ordered. index=230978 555467511>478824247
#ERR Elements not ordered. index=230980 571431901>520215678
#ERR Elements not ordered. index=230981 520215678>489969237
#ERR Elements not ordered. index=230983 562338457>496810445
#ERR Elements not ordered. index=230984 496810445>482352558
#ERR Elements not ordered. index=230987 535300455>508668987
#ERR Elements not ordered. index=230990 573531955>491550087
#ERR Elements not ordered. index=230993 519598175>481483844
#ERR Elements not ordered. index=230995 555246351>492443529
#ERR Elements not ordered. index=230998 580653868>472600301
#ERR Elements not ordered. index=231000 577744607>549937165
#ERR Elements not ordered. index=231001 549937165>537308070
#ERR Elements not ordered. index=262370 514490846>472163606
#ERR Elements not ordered. index=262372 545365758>519950502
#ERR Elements not ordered. index=262374 564467079>537951757
#ERR Elements not ordered. index=231004 548093542>489711164
#ERR Elements not ordered. index=231006 509526365>497228308
#ERR Elements not ordered. index=231009 568692203>515412215
#ERR Elements not ordered. index=231011 524442822>509640229
#ERR Elements not ordered. index=231013 551321395>522692901
#ERR Elements not ordered. index=231014 522692901>513164956
#ERR Elements not ordered. index=231016 568829266>542157285
#ERR Elements not ordered. index=231017 542157285>533505365
#ERR Elements not ordered. index=231020 584128010>556299757
#ERR Elements not ordered. index=231022 569302198>527428689
#ERR Elements not ordered. index=231023 527428689>514273988
#ERR Elements not ordered. index=231025 561735162>560063171
#ERR Elements not ordered. index=231026 560063171>549315826
#ERR Elements not ordered. index=231027 549315826>476742168
#ERR Elements not ordered. index=231032 576450807>509295008
#ERR Elements not ordered. index=231036 538330937>491570369
#ERR Elements not ordered. index=231037 491570369>487468276
#ERR Elements not ordered. index=231039 560788081>533821604
#ERR Elements not ordered. index=231041 560785230>533330594
#ERR Elements not ordered. index=231045 570483552>544094747
#ERR Elements not ordered. index=231047 560470728>549710646
#ERR Elements not ordered. index=231048 549710646>483712180
#ERR Elements not ordered. index=231050 524626703>482762556
#ERR Elements not ordered. index=231053 562994069>506088960
#ERR Elements not ordered. index=231056 512076098>503207618
#ERR Elements not ordered. index=231057 503207618>482907106
#ERR Elements not ordered. index=231059 523293051>480065422
#ERR Elements not ordered. index=231062 550679647>483993458
#ERR Elements not ordered. index=231066 555463573>504955944
#ERR Elements not ordered. index=231067 504955944>499127022
#ERR Elements not ordered. index=231068 499127022>498590047
#ERR Elements not ordered. index=231069 498590047>475593513
#ERR Elements not ordered. index=231072 581629503>482128509
#ERR Elements not ordered. index=231075 544750833>540356297
#ERR Elements not ordered. index=231076 540356297>515663041
#ERR Elements not ordered. index=231077 515663041>514465360
#ERR Elements not ordered. index=231078 514465360>510979393
#ERR Elements not ordered. index=231080 564560580>523615403
#ERR Elements not ordered. index=231083 570353156>547124949
#ERR Elements not ordered. index=231084 547124949>525724765
#ERR Elements not ordered. index=231086 560967640>542342915
#ERR Elements not ordered. index=231087 542342915>506208562
#ERR Elements not ordered. index=231089 516377192>498195995
#ERR Elements not ordered. index=231091 569746945>501213559
#ERR Elements not ordered. index=231095 556647961>535766236
#ERR Elements not ordered. index=231096 535766236>510957950
#ERR Elements not ordered. index=231098 561335926>533668495
#ERR Elements not ordered. index=231100 567298346>535792094
#ERR Elements not ordered. index=231101 535792094>488818462
#ERR Elements not ordered. index=231104 529885044>488623477
#ERR Elements not ordered. index=231106 533887539>507662717
#ERR Elements not ordered. index=231108 514874682>479159703
#ERR Elements not ordered. index=231110 480681398>478179163
#ERR Elements not ordered. index=231113 553269737>474837879
#ERR Elements not ordered. index=231116 541300593>514597145
#ERR Elements not ordered. index=231118 569114519>567711375
#ERR Elements not ordered. index=231120 583434403>506358459
#ERR Elements not ordered. index=231122 539975974>538790804
#ERR Elements not ordered. index=231124 576902935>508356069
#ERR Elements not ordered. index=231126 530200118>492814331
#ERR Elements not ordered. index=231127 492814331>484495505
#ERR Elements not ordered. index=231129 520020206>497699652
#ERR Elements not ordered. index=231130 497699652>478697488
#ERR Elements not ordered. index=231133 532887231>485435263
#ERR Elements not ordered. index=231136 547786457>512657335
#ERR Elements not ordered. index=231138 558517945>477247042
#ERR Elements not ordered. index=231140 542441085>524820169
#ERR Elements not ordered. index=231141 524820169>505674104
#ERR Elements not ordered. index=231142 505674104>484091840
#ERR Elements not ordered. index=231144 536716431>505563124
#ERR Elements not ordered. index=231148 568067650>482622180
#ERR Elements not ordered. index=231151 564258748>490982616
#SDC Ite:0 KerTime:5.010683 AccTime:5.010683 KerErr:27750 AccErr:27750
#ABORT too many errors per iteration
#END