#HEADER size:1048576
#BEGIN Y:2016 M:09 D:13 Time:18:11:53
#IT Ite:0 KerTime:4.078124 AccTime:4.078124
#ERR Elements not ordered. index=866513 1773555064>1773554431
#ERR Elements not ordered. index=866515 1773556187>1773555132
#ERR Elements not ordered. index=866517 1773558640>1773556217
#ERR Elements not ordered. index=866519 1773565649>1773565321
#ERR Elements not ordered. index=866523 1773576048>1773572013
#ERR Elements not ordered. index=866527 1773606256>1773581975
#ERR Elements not ordered. index=866533 1773610608>1773607690
#ERR Elements not ordered. index=866535 1773624821>1773612625
#ERR Elements not ordered. index=866543 1773633454>1773628267
#ERR Elements not ordered. index=866547 1773643494>1773637446
#ERR Elements not ordered. index=866551 1773653240>1773644463
#ERR Elements not ordered. index=866559 1773681387>1773654736
#ERR Elements not ordered. index=866565 1773684563>1773681433
#ERR Elements not ordered. index=866567 1773715632>1773685168
#ERR Elements not ordered. index=866587 1773730356>1773725236
#ERR Elements not ordered. index=866591 1773744994>1773734350
#ERR Elements not ordered. index=866599 1773831251>1773750596
#ERR Elements not ordered. index=866643 1773836042>1773834445
#ERR Elements not ordered. index=866647 1773848657>1773836168
#ERR Elements not ordered. index=866659 1773851069>1773849970
#ERR Elements not ordered. index=866663 1774155192>1773854767
#ERR Elements not ordered. index=866805 1774168388>1774159228
#ERR Elements not ordered. index=866807 1774181097>1774168762
#ERR Elements not ordered. index=866811 1774184503>1774183699
#ERR Elements not ordered. index=866815 1774198262>1774186215
#ERR Elements not ordered. index=866823 1774227582>1774201240
#ERR Elements not ordered. index=866839 1774243428>1774239942
#ERR Elements not ordered. index=866847 1774254236>1774250907
#ERR Elements not ordered. index=866851 1774266096>1774256200
#ERR Elements not ordered. index=866855 1774314791>1774271058
#ERR Elements not ordered. index=866893 1774319269>1774319120
#ERR Elements not ordered. index=866895 1774326021>1774319553
#ERR Elements not ordered. index=866901 1774327291>1774326951
#ERR Elements not ordered. index=866903 1774377282>1774335325
#ERR Elements not ordered. index=866919 1775221203>1773553012
#ERR Elements not ordered. index=866935 1774423173>1774396446
#ERR Elements not ordered. index=866937 1774427499>1774425474
#ERR Elements not ordered. index=866943 1774438666>1774427960
#ERR Elements not ordered. index=866947 1774451613>1774448843
#ERR Elements not ordered. index=866983 1774532616>1774460609
#ERR Elements not ordered. index=866987 1774541960>1774535131
#ERR Elements not ordered. index=866989 1774546045>1774543770
#ERR Elements not ordered. index=866999 1774574227>1774566799
#ERR Elements not ordered. index=867003 1774590151>1774579207
#ERR Elements not ordered. index=867175 1774972227>1774592678
#ERR Elements not ordered. index=867191 1775001595>1774973969
#ERR Elements not ordered. index=867197 1775015632>1775010570
#ERR Elements not ordered. index=867239 1775085951>1775017063
#ERR Elements not ordered. index=867243 1775089085>1775088399
#ERR Elements not ordered. index=867247 1775095132>1775093873
#ERR Elements not ordered. index=867249 1775098510>1775096665
#ERR Elements not ordered. index=867251 1775099434>1775098660
#ERR Elements not ordered. index=867255 1775107767>1775104038
#ERR Elements not ordered. index=867271 1775147524>1775121531
#ERR Elements not ordered. index=867273 1775151042>1775150429
#ERR Elements not ordered. index=867279 1775158848>1775152050
#ERR Elements not ordered. index=867281 1775162718>1775162600
#ERR Elements not ordered. index=867283 1775168215>1775165048
#ERR Elements not ordered. index=867287 1775170820>1775168638
#ERR Elements not ordered. index=867289 1775172180>1775171799
#ERR Elements not ordered. index=867303 1775201375>1775175513
#ERR Elements not ordered. index=867305 1775210171>1775205882
#ERR Elements not ordered. index=867307 1775212788>1775210870
#ERR Elements not ordered. index=867311 1775218092>1775216000
#SDC Ite:0 KerTime:4.078124 AccTime:4.078124 KerErr:64 AccErr:64
#END