#HEADER size:1048576
#BEGIN Y:2016 M:09 D:13 Time:18:43:13
#IT Ite:0 KerTime:4.509881 AccTime:4.509881
#ERR Elements not ordered. index=532851 1089205128>1089198625
#ERR Elements not ordered. index=532853 1089211082>1089208916
#ERR Elements not ordered. index=532857 1089217086>1089215617
#ERR Elements not ordered. index=532859 1089222511>1089220194
#ERR Elements not ordered. index=532861 1089227420>1089227006
#ERR Elements not ordered. index=532867 1089250895>1089245686
#ERR Elements not ordered. index=532869 1089254216>1089253582
#ERR Elements not ordered. index=532873 1089259192>1089234446
#ERR Elements not ordered. index=532877 1089270618>1089259706
#ERR Elements not ordered. index=532881 1089281138>1089277670
#ERR Elements not ordered. index=532885 1089287423>1089281783
#ERR Elements not ordered. index=532887 1089289302>1089283170
#ERR Elements not ordered. index=532889 1089291205>1089287796
#ERR Elements not ordered. index=532893 1089302894>1089295150
#ERR Elements not ordered. index=532895 1089307899>1089303621
#ERR Elements not ordered. index=532897 1089310089>1089309208
#ERR Elements not ordered. index=532909 1089339644>1089332326
#ERR Elements not ordered. index=532919 1089350985>1089347640
#ERR Elements not ordered. index=532921 1089357578>1089354221
#ERR Elements not ordered. index=532923 1089369451>1089365333
#ERR Elements not ordered. index=532925 1089380532>1089371060
#ERR Elements not ordered. index=532927 1089382581>1089381145
#ERR Elements not ordered. index=532929 1089385722>1089385520
#ERR Elements not ordered. index=532931 1089396984>1089389854
#ERR Elements not ordered. index=532937 1089406910>1089404372
#ERR Elements not ordered. index=532957 1089441003>1089439826
#ERR Elements not ordered. index=532959 1089442179>1089441493
#ERR Elements not ordered. index=532969 1089454194>1089444527
#ERR Elements not ordered. index=532977 1089464420>1089456918
#ERR Elements not ordered. index=532993 1089502531>1089484656
#ERR Elements not ordered. index=533001 1089516724>1089512396
#ERR Elements not ordered. index=533005 1089520996>1089520031
#ERR Elements not ordered. index=533009 1089531127>1089527175
#ERR Elements not ordered. index=533013 1089539751>1089539065
#ERR Elements not ordered. index=533015 1089542195>1089541009
#ERR Elements not ordered. index=533019 1089551657>1089550724
#ERR Elements not ordered. index=533021 1089559127>1089555216
#ERR Elements not ordered. index=533027 1089571105>1089568544
#ERR Elements not ordered. index=533033 1089584560>1089571844
#ERR Elements not ordered. index=533035 1089585278>1089584624
#ERR Elements not ordered. index=533043 1089606082>1089604092
#ERR Elements not ordered. index=533049 1089636137>1089636123
#ERR Elements not ordered. index=533051 1089640164>1089637682
#ERR Elements not ordered. index=533053 1089645265>1089643710
#ERR Elements not ordered. index=533055 1089656689>1089648730
#ERR Elements not ordered. index=533057 1089660519>1089648778
#ERR Elements not ordered. index=533059 1089661463>1089661323
#ERR Elements not ordered. index=533063 1089671063>1089668566
#ERR Elements not ordered. index=533067 1089674500>1089674434
#ERR Elements not ordered. index=533069 1089677626>1089677395
#ERR Elements not ordered. index=533071 1089679428>1089677905
#ERR Elements not ordered. index=533075 1089686866>1089684022
#ERR Elements not ordered. index=533085 1089709421>1089706069
#ERR Elements not ordered. index=533089 1089717839>1089707856
#ERR Elements not ordered. index=533093 1089721549>1089719538
#ERR Elements not ordered. index=533097 1089727538>1089725604
#ERR Elements not ordered. index=533099 1089729348>1089728139
#ERR Elements not ordered. index=533101 1089733210>1089729436
#ERR Elements not ordered. index=533103 1089734984>1089734244
#ERR Elements not ordered. index=533105 1089739527>1089735973
#ERR Elements not ordered. index=533107 1089741330>1089736911
#ERR Elements not ordered. index=533109 1089741956>1089740230
#ERR Elements not ordered. index=533111 1089749080>1089748597
#ERR Elements not ordered. index=533113 1089751869>1089751369
#ERR Elements not ordered. index=533115 1089755787>1089753887
#ERR Elements not ordered. index=533117 1089762692>1089761657
#ERR Elements not ordered. index=533119 1089766413>1089765522
#ERR Elements not ordered. index=533121 1089769865>1089767745
#ERR Elements not ordered. index=533123 1089769530>1089769033
#ERR Elements not ordered. index=533127 1089776027>1089775226
#ERR Elements not ordered. index=533129 1089783140>1089781920
#ERR Elements not ordered. index=533147 1089813417>1089812450
#ERR Elements not ordered. index=533149 1089815924>1089813957
#ERR Elements not ordered. index=533151 1089816541>1089816084
#ERR Elements not ordered. index=533153 1089821906>1089818425
#ERR Elements not ordered. index=533155 1089826584>1089824948
#ERR Elements not ordered. index=533157 1089828807>1089826643
#ERR Elements not ordered. index=533159 1089832066>1089830199
#ERR Elements not ordered. index=533161 1089837833>1089833777
#ERR Elements not ordered. index=533163 1089839027>1089836756
#ERR Elements not ordered. index=533165 1089840938>1089840325
#ERR Elements not ordered. index=533167 1089843094>1089842868
#ERR Elements not ordered. index=533169 1089845097>1089844583
#ERR Elements not ordered. index=533171 1089852408>1089849064
#ERR Elements not ordered. index=533173 1089855335>1089854876
#ERR Elements not ordered. index=533179 1089874492>1089871521
#ERR Elements not ordered. index=533199 1089916447>1089912823
#ERR Elements not ordered. index=533201 1089917464>1089916866
#ERR Elements not ordered. index=533213 1089935745>1089933637
#ERR Elements not ordered. index=533215 1089940176>1089939839
#ERR Elements not ordered. index=533217 1089942626>1089942239
#ERR Elements not ordered. index=533221 1089944442>1089944047
#ERR Elements not ordered. index=533223 1089945807>1089945227
#ERR Elements not ordered. index=533227 1089956574>1089953279
#ERR Elements not ordered. index=533229 1089958063>1089956598
#ERR Elements not ordered. index=533231 1089960889>1089958106
#ERR Elements not ordered. index=533233 1089961840>1089959141
#ERR Elements not ordered. index=533241 1089973242>1089971235
#ERR Elements not ordered. index=533261 1090027095>1090026526
#ERR Elements not ordered. index=533265 1090031840>1090031049
#ERR Elements not ordered. index=533273 1090058538>1090047169
#ERR Elements not ordered. index=533279 1090067656>1090066521
#ERR Elements not ordered. index=533281 1090074131>1090067196
#ERR Elements not ordered. index=533283 1090075225>1090073194
#ERR Elements not ordered. index=533287 1090088950>1090088889
#ERR Elements not ordered. index=533289 1090098701>1090076934
#ERR Elements not ordered. index=533293 1090105709>1090096387
#ERR Elements not ordered. index=533295 1090106270>1090100428
#ERR Elements not ordered. index=533297 1090107976>1090107093
#ERR Elements not ordered. index=533299 1090114269>1090109181
#ERR Elements not ordered. index=533301 1090121949>1090116441
#ERR Elements not ordered. index=533303 1090133212>1090124098
#ERR Elements not ordered. index=533309 1090146421>1090145417
#ERR Elements not ordered. index=533311 1090148926>1090148793
#ERR Elements not ordered. index=533313 1090152200>1090144959
#ERR Elements not ordered. index=533315 1090154220>1090153785
#ERR Elements not ordered. index=533317 1090155142>1090153217
#ERR Elements not ordered. index=533321 1090159189>1090155411
#ERR Elements not ordered. index=533323 1090161664>1090160136
#ERR Elements not ordered. index=533325 1090171177>1090165434
#ERR Elements not ordered. index=533345 1090211853>1090211730
#ERR Elements not ordered. index=533369 1090263435>1090261229
#ERR Elements not ordered. index=533375 1090267964>1090266616
#ERR Elements not ordered. index=533377 1090271188>1090270646
#ERR Elements not ordered. index=533379 1090279258>1090276201
#ERR Elements not ordered. index=533381 1090285492>1090282277
#ERR Elements not ordered. index=533383 1090286622>1090285207
#ERR Elements not ordered. index=533385 1090289418>1090288211
#ERR Elements not ordered. index=533397 1090313366>1090312236
#ERR Elements not ordered. index=533401 1090327265>1090322458
#ERR Elements not ordered. index=533405 1090339006>1090335829
#ERR Elements not ordered. index=533409 1090344713>1090339521
#ERR Elements not ordered. index=533413 1090357413>1090344539
#ERR Elements not ordered. index=533417 1090362465>1090354536
#ERR Elements not ordered. index=533421 1090379332>1090361101
#ERR Elements not ordered. index=533423 1090380817>1090376909
#ERR Elements not ordered. index=533425 1090381905>1090380864
#ERR Elements not ordered. index=533427 1090385321>1090381772
#ERR Elements not ordered. index=533429 1090390023>1090383995
#ERR Elements not ordered. index=533431 1090386408>1090385452
#ERR Elements not ordered. index=533433 1090409654>1090388723
#ERR Elements not ordered. index=533445 1090418975>1090418133
#ERR Elements not ordered. index=533447 1090420288>1090419692
#ERR Elements not ordered. index=533449 1090486598>1090420729
#ERR Elements not ordered. index=533491 1090529057>1090527780
#ERR Elements not ordered. index=533493 1090533427>1090530627
#SDC Ite:0 KerTime:4.509881 AccTime:4.509881 KerErr:146 AccErr:146
#END