#HEADER size:1048576
#BEGIN Y:2016 M:09 D:13 Time:17:27:59
#IT Ite:0 KerTime:4.002197 AccTime:4.002197
#ERR The histogram from element 167240764 differs. srcHist=1 dstHist=2

#ERR The histogram from element 169249919 differs. srcHist=1 dstHist=2

#ERR The histogram from element 171222772 differs. srcHist=1 dstHist=0

#ERR The histogram from element 171331708 differs. srcHist=1 dstHist=0

#ERR The histogram from element 171395478 differs. srcHist=1 dstHist=0

#ERR The histogram from element 171422981 differs. srcHist=1 dstHist=2

#ERR The histogram from element 171631955 differs. srcHist=1 dstHist=0

#ERR Elements not ordered. index=81184 165624259>165623159
#ERR Elements not ordered. index=81196 165641951>165641396
#ERR Elements not ordered. index=81200 165656329>165646960
#ERR Elements not ordered. index=81204 165666856>165657706
#ERR Elements not ordered. index=81212 165680439>165674634
#ERR Elements not ordered. index=81220 165707271>165684627
#ERR Elements not ordered. index=81232 165717951>165712304
#ERR Elements not ordered. index=81236 165756259>165722244
#ERR Elements not ordered. index=81240 165732301>165727360
#ERR Elements not ordered. index=81244 165753111>165735626
#ERR Elements not ordered. index=81252 165850690>165758719
#ERR Elements not ordered. index=81258 165771006>165769253
#ERR Elements not ordered. index=81264 165791373>165787570
#ERR Elements not ordered. index=81268 165799114>165797666
#ERR Elements not ordered. index=81272 165813984>165805892
#ERR Elements not ordered. index=81276 165841766>165817345
#ERR Elements not ordered. index=81288 165858753>165858320
#ERR Elements not ordered. index=81296 165879776>165877145
#ERR Elements not ordered. index=81300 165901509>165881476
#ERR Elements not ordered. index=81304 165894422>165890863
#ERR Elements not ordered. index=81308 165902348>165895335
#ERR Elements not ordered. index=81316 166074107>165911870
#ERR Elements not ordered. index=81352 166007764>166003375
#ERR Elements not ordered. index=81354 166009737>166003498
#ERR Elements not ordered. index=81356 166018308>166013733
#ERR Elements not ordered. index=81360 166035185>166025498
#ERR Elements not ordered. index=81364 166042122>166038292
#ERR Elements not ordered. index=81368 166049827>166043835
#ERR Elements not ordered. index=81372 166063454>166049892
#ERR Elements not ordered. index=81374 166064865>166055356
#ERR Elements not ordered. index=81380 166265781>166069878
#ERR Elements not ordered. index=81382 166083732>166076804
#ERR Elements not ordered. index=81384 166089014>166088981
#ERR Elements not ordered. index=81392 166099438>166096239
#ERR Elements not ordered. index=81396 166127950>166108647
#ERR Elements not ordered. index=81412 166177245>166134537
#ERR Elements not ordered. index=81442 166190401>166187718
#ERR Elements not ordered. index=81444 166297039>166190457
#ERR Elements not ordered. index=81478 166276931>166272991
#ERR Elements not ordered. index=81480 166280263>166277055
#ERR Elements not ordered. index=81484 166299157>166283228
#ERR Elements not ordered. index=81492 166319959>166301746
#ERR Elements not ordered. index=81498 166311505>166311331
#ERR Elements not ordered. index=81500 166317508>166314132
#ERR Elements not ordered. index=81504 166329637>166327798
#ERR Elements not ordered. index=81508 166657186>166331234
#ERR Elements not ordered. index=81576 166446452>166444848
#ERR Elements not ordered. index=81580 166457672>166446627
#ERR Elements not ordered. index=81588 166473022>166460422
#ERR Elements not ordered. index=81596 166485844>166477477
#ERR Elements not ordered. index=81600 166489861>166486767
#ERR Elements not ordered. index=81604 166498006>166490874
#ERR Elements not ordered. index=81610 166506319>166504941
#ERR Elements not ordered. index=81614 166514415>166511290
#ERR Elements not ordered. index=81616 166515278>166514838
#ERR Elements not ordered. index=81628 166556289>166538730
#ERR Elements not ordered. index=81636 166574610>166561126
#ERR Elements not ordered. index=81646 166588737>166588711
#ERR Elements not ordered. index=81648 166589737>166589163
#ERR Elements not ordered. index=81652 166602885>166590600
#ERR Elements not ordered. index=81664 166623022>166615182
#ERR Elements not ordered. index=81668 166645710>166631219
#ERR Elements not ordered. index=81682 166673748>166666364
#ERR Elements not ordered. index=81684 166692241>166679717
#ERR Elements not ordered. index=81686 166681046>166680405
#ERR Elements not ordered. index=81688 166695371>166685121
#ERR Elements not ordered. index=81692 166703162>166698666
#ERR Elements not ordered. index=81700 166762320>166715764
#ERR Elements not ordered. index=81710 166745710>166744607
#ERR Elements not ordered. index=81712 166754043>166747448
#ERR Elements not ordered. index=81716 166766840>166757172
#ERR Elements not ordered. index=81732 166811980>166790905
#ERR Elements not ordered. index=81738 166804716>166802105
#ERR Elements not ordered. index=81740 166812285>166805699
#ERR Elements not ordered. index=81748 166829313>166813865
#ERR Elements not ordered. index=81754 166824003>166822424
#ERR Elements not ordered. index=81756 166829022>166825125
#ERR Elements not ordered. index=81764 167161926>166839443
#ERR Elements not ordered. index=81796 166899136>166897129
#ERR Elements not ordered. index=81800 166907191>166900723
#ERR Elements not ordered. index=81804 166919862>166913076
#ERR Elements not ordered. index=81812 166963504>166923253
#ERR Elements not ordered. index=81828 167081338>166971418
#ERR Elements not ordered. index=81878 167088279>167085715
#ERR Elements not ordered. index=81880 167090783>167090017
#ERR Elements not ordered. index=81884 167099001>167095131
#ERR Elements not ordered. index=81892 167312996>167110304
#ERR Elements not ordered. index=81914 167171942>167171745
#ERR Elements not ordered. index=81916 167186320>167178390
#ERR Elements not ordered. index=81922 167195755>167186415
#ERR Elements not ordered. index=81924 167204623>167197130
#ERR Elements not ordered. index=81932 167216793>167207961
#ERR Elements not ordered. index=81938 171422981>167219565
#ERR Elements not ordered. index=81940 167251315>167220690
#ERR Elements not ordered. index=81948 167239110>167217955
#ERR Elements not ordered. index=81952 167244766>167240764
#ERR Elements not ordered. index=81954 167246493>167245970
#ERR Elements not ordered. index=81992 167316952>167313988
#ERR Elements not ordered. index=81996 167337210>167317537
#ERR Elements not ordered. index=82004 167365838>167341232
#ERR Elements not ordered. index=82016 167393550>167366539
#ERR Elements not ordered. index=82020 168019916>165694440
#ERR Elements not ordered. index=82024 167398898>167393804
#ERR Elements not ordered. index=82028 167404558>167399241
#ERR Elements not ordered. index=82032 167411542>167405629
#ERR Elements not ordered. index=82034 167416261>167412856
#ERR Elements not ordered. index=82052 167456763>167416840
#ERR Elements not ordered. index=82054 167461205>167457523
#ERR Elements not ordered. index=82068 167479052>167462405
#ERR Elements not ordered. index=82070 167481687>167479655
#ERR Elements not ordered. index=82076 167489697>167486828
#ERR Elements not ordered. index=82078 167496387>167493053
#ERR Elements not ordered. index=82084 167500226>167497500
#ERR Elements not ordered. index=82088 167508619>167507895
#ERR Elements not ordered. index=82148 167614242>167510657
#ERR Elements not ordered. index=82150 167623650>167619314
#ERR Elements not ordered. index=82164 167652442>167627961
#ERR Elements not ordered. index=82172 167674036>167658399
#ERR Elements not ordered. index=82176 167678277>167674504
#ERR Elements not ordered. index=82178 167678819>167678511
#ERR Elements not ordered. index=82276 167833327>167679324
#ERR Elements not ordered. index=82278 167835896>167835528
#ERR Elements not ordered. index=82284 167844768>167839376
#ERR Elements not ordered. index=82340 167976547>167851106
#ERR Elements not ordered. index=82348 167987866>167978102
#ERR Elements not ordered. index=82350 167995667>167987914
#ERR Elements not ordered. index=82356 168000349>167996318
#ERR Elements not ordered. index=82358 168001331>168001246
#ERR Elements not ordered. index=82360 168003072>168002299
#ERR Elements not ordered. index=82362 168004854>168003935
#ERR Elements not ordered. index=82372 168019529>168007613
#ERR Elements not ordered. index=82380 168044216>168036362
#ERR Elements not ordered. index=82382 168045461>168042243
#ERR Elements not ordered. index=82384 168055081>168049374
#ERR Elements not ordered. index=82388 168073236>168057960
#ERR Elements not ordered. index=82404 168085652>168045902
#ERR Elements not ordered. index=82406 168092187>168083788
#ERR Elements not ordered. index=82408 168099403>168093957
#ERR Elements not ordered. index=82410 168105059>168101546
#ERR Elements not ordered. index=82412 168112510>168105193
#ERR Elements not ordered. index=82420 168122231>168087218
#ERR Elements not ordered. index=82422 168123835>168120439
#ERR Elements not ordered. index=82428 168136043>168127661
#ERR Elements not ordered. index=82430 168140118>168136434
#ERR Elements not ordered. index=82432 168145322>168141117
#ERR Elements not ordered. index=82434 168156363>168141837
#ERR Elements not ordered. index=82438 168160671>168158332
#ERR Elements not ordered. index=82440 168166167>168160955
#ERR Elements not ordered. index=82444 168179256>168168340
#ERR Elements not ordered. index=82450 168187599>168185744
#ERR Elements not ordered. index=82452 168199851>168187805
#ERR Elements not ordered. index=82462 168202590>168200145
#ERR Elements not ordered. index=82464 168212762>168203762
#ERR Elements not ordered. index=82472 168237734>168235326
#ERR Elements not ordered. index=82476 168259540>168238257
#ERR Elements not ordered. index=82484 168277753>168260358
#ERR Elements not ordered. index=82494 168280974>168280973
#ERR Elements not ordered. index=82496 168284987>168282521
#ERR Elements not ordered. index=82500 168304064>168289649
#ERR Elements not ordered. index=82516 168322718>168307575
#ERR Elements not ordered. index=82524 168329655>168325608
#ERR Elements not ordered. index=82528 168334698>168331004
#ERR Elements not ordered. index=82532 168533054>168154335
#ERR Elements not ordered. index=82536 168338079>168336889
#ERR Elements not ordered. index=82538 168339767>168339608
#ERR Elements not ordered. index=82564 168379047>168340029
#ERR Elements not ordered. index=82572 168391657>168379886
#ERR Elements not ordered. index=82574 168393377>168393350
#ERR Elements not ordered. index=82580 168407066>168403473
#ERR Elements not ordered. index=82584 168415626>168410033
#ERR Elements not ordered. index=82586 168426872>168425291
#ERR Elements not ordered. index=82588 168427839>168427052
#ERR Elements not ordered. index=82596 168443674>168443199
#ERR Elements not ordered. index=82612 168473191>168463304
#ERR Elements not ordered. index=82620 168486089>168482594
#ERR Elements not ordered. index=82628 168499224>168488843
#ERR Elements not ordered. index=82630 168502035>168499749
#ERR Elements not ordered. index=82654 168555031>168551864
#ERR Elements not ordered. index=82656 168557376>168555853
#ERR Elements not ordered. index=82660 168573298>168504481
#ERR Elements not ordered. index=82664 168566389>168562740
#ERR Elements not ordered. index=82666 168569241>168567405
#ERR Elements not ordered. index=82672 168595367>168591165
#ERR Elements not ordered. index=82676 168626626>168577871
#ERR Elements not ordered. index=82680 168604219>168597854
#ERR Elements not ordered. index=82690 168635659>168632709
#ERR Elements not ordered. index=82692 168682337>168634016
#ERR Elements not ordered. index=82700 168651649>168641904
#ERR Elements not ordered. index=82704 168657192>168652663
#ERR Elements not ordered. index=82708 168668299>168659567
#ERR Elements not ordered. index=82712 168674800>168674186
#ERR Elements not ordered. index=82714 168675060>168674915
#ERR Elements not ordered. index=82722 168696786>168695211
#ERR Elements not ordered. index=82724 168773639>168679853
#ERR Elements not ordered. index=82728 168705696>168703374
#ERR Elements not ordered. index=82732 168716508>168715667
#ERR Elements not ordered. index=82734 168718663>168717832
#ERR Elements not ordered. index=82736 168722262>168722093
#ERR Elements not ordered. index=82738 168728129>168723993
#ERR Elements not ordered. index=82742 168731373>168731220
#ERR Elements not ordered. index=82748 168741821>168732073
#ERR Elements not ordered. index=82752 168745716>168745025
#ERR Elements not ordered. index=82754 168753281>168749827
#ERR Elements not ordered. index=82756 168757467>168756587
#ERR Elements not ordered. index=82758 168757908>168757835
#ERR Elements not ordered. index=82772 168804238>168760627
#ERR Elements not ordered. index=82784 168824397>168823777
#ERR Elements not ordered. index=82788 169020041>168819513
#ERR Elements not ordered. index=82792 168840708>168831549
#ERR Elements not ordered. index=82798 168850403>168849319
#ERR Elements not ordered. index=82868 169043310>169028713
#ERR Elements not ordered. index=82876 169056800>169049861
#ERR Elements not ordered. index=82880 169063268>169061721
#ERR Elements not ordered. index=82884 169108381>169065541
#ERR Elements not ordered. index=82916 169359793>169120624
#ERR Elements not ordered. index=82960 169233378>169230879
#ERR Elements not ordered. index=82962 169234903>169234853
#ERR Elements not ordered. index=82964 169253793>169242628
#ERR Elements not ordered. index=82972 169249867>167240764
#ERR Elements not ordered. index=82974 169250282>169249919
#ERR Elements not ordered. index=82980 169266258>169224893
#ERR Elements not ordered. index=82988 169271985>169269033
#ERR Elements not ordered. index=83012 169317122>169283112
#ERR Elements not ordered. index=83016 169327232>169319257
#ERR Elements not ordered. index=83028 169345867>169328165
#ERR Elements not ordered. index=83036 169352836>169346482
#ERR Elements not ordered. index=83040 169354918>169354630
#ERR Elements not ordered. index=83044 169362757>168859153
#ERR Elements not ordered. index=83048 169367419>169366418
#ERR Elements not ordered. index=83052 169372180>169367576
#ERR Elements not ordered. index=83108 169503570>169372414
#ERR Elements not ordered. index=83110 169505520>169505168
#ERR Elements not ordered. index=83112 169507290>169505585
#ERR Elements not ordered. index=83116 169515239>169509864
#ERR Elements not ordered. index=83118 169520664>169517510
#ERR Elements not ordered. index=83120 169521395>169521388
#ERR Elements not ordered. index=83122 169524734>169522046
#ERR Elements not ordered. index=83140 169556267>169537488
#ERR Elements not ordered. index=83144 169564432>169560187
#ERR Elements not ordered. index=83172 169628203>169566121
#ERR Elements not ordered. index=83188 169655194>169630496
#ERR Elements not ordered. index=83196 169670426>169661810
#ERR Elements not ordered. index=83204 169684585>169678003
#ERR Elements not ordered. index=83208 169692668>169687897
#ERR Elements not ordered. index=83210 169697853>169695396
#ERR Elements not ordered. index=83212 169703614>169698029
#ERR Elements not ordered. index=83300 169866743>169704037
#ERR Elements not ordered. index=83332 169920532>169867493
#ERR Elements not ordered. index=83334 169922293>169920833
#ERR Elements not ordered. index=83336 169924046>169923519
#ERR Elements not ordered. index=83340 169928720>169924188
#ERR Elements not ordered. index=83344 169935996>169933773
#ERR Elements not ordered. index=83346 169936296>169936002
#ERR Elements not ordered. index=83352 169952426>169946590
#ERR Elements not ordered. index=83360 169962367>169961680
#ERR Elements not ordered. index=83364 169965445>169946095
#ERR Elements not ordered. index=83368 169971450>169967865
#ERR Elements not ordered. index=83372 169976285>169973634
#ERR Elements not ordered. index=83376 169988993>169984629
#ERR Elements not ordered. index=83380 169991469>169980233
#ERR Elements not ordered. index=83384 169996507>169993317
#ERR Elements not ordered. index=83396 170010285>170004957
#ERR Elements not ordered. index=83412 170057693>170030775
#ERR Elements not ordered. index=83420 170070340>170059760
#ERR Elements not ordered. index=83424 170078308>170070964
#ERR Elements not ordered. index=83428 170091614>169999325
#ERR Elements not ordered. index=83444 170131762>170118328
#ERR Elements not ordered. index=83452 170143520>170136703
#ERR Elements not ordered. index=83454 170145554>170143523
#ERR Elements not ordered. index=83460 170156266>170134615
#ERR Elements not ordered. index=83464 170164970>170157192
#ERR Elements not ordered. index=83468 170170448>170170266
#ERR Elements not ordered. index=83476 170184714>170171718
#ERR Elements not ordered. index=83484 170204543>170191734
#ERR Elements not ordered. index=83488 170212382>170204978
#ERR Elements not ordered. index=83496 170221079>170217387
#ERR Elements not ordered. index=83508 170248071>170225793
#ERR Elements not ordered. index=83516 170259951>170254229
#ERR Elements not ordered. index=83522 170298048>170283311
#ERR Elements not ordered. index=83524 170298095>170276874
#ERR Elements not ordered. index=83528 170310621>170309704
#ERR Elements not ordered. index=83532 170325010>170314046
#ERR Elements not ordered. index=83534 170329882>170327271
#ERR Elements not ordered. index=83536 170332642>170329998
#ERR Elements not ordered. index=83540 170335199>170333441
#ERR Elements not ordered. index=83542 170343170>170342224
#ERR Elements not ordered. index=83556 170369641>170305680
#ERR Elements not ordered. index=83564 170383695>170371815
#ERR Elements not ordered. index=83568 170386974>170386028
#ERR Elements not ordered. index=83572 170402173>170388079
#ERR Elements not ordered. index=83584 170416532>170416140
#ERR Elements not ordered. index=83588 170430416>170421497
#ERR Elements not ordered. index=83604 170465620>170441010
#ERR Elements not ordered. index=83612 170471718>170470822
#ERR Elements not ordered. index=83620 170482696>170474778
#ERR Elements not ordered. index=83624 170491086>170487027
#ERR Elements not ordered. index=83626 170496258>170494157
#ERR Elements not ordered. index=83652 170539802>170529905
#ERR Elements not ordered. index=83660 170570755>170544476
#ERR Elements not ordered. index=83664 170585757>170582627
#ERR Elements not ordered. index=83668 170598044>170589086
#ERR Elements not ordered. index=83670 170601887>170598549
#ERR Elements not ordered. index=83676 170611908>170606583
#ERR Elements not ordered. index=83680 170620152>170613884
#ERR Elements not ordered. index=83684 170626945>170413491
#ERR Elements not ordered. index=83688 170634592>170627978
#ERR Elements not ordered. index=83690 170636210>170635682
#ERR Elements not ordered. index=83700 170663600>170652506
#ERR Elements not ordered. index=83708 170679104>170665561
#ERR Elements not ordered. index=83710 170684912>170683168
#ERR Elements not ordered. index=83716 170705730>170648793
#ERR Elements not ordered. index=83720 170714172>170711118
#ERR Elements not ordered. index=83724 170736515>170721979
#ERR Elements not ordered. index=83728 170738865>170737838
#ERR Elements not ordered. index=83732 170742545>170738914
#ERR Elements not ordered. index=83740 170759953>170759019
#ERR Elements not ordered. index=83748 170781429>170774833
#ERR Elements not ordered. index=83756 170795769>170784381
#ERR Elements not ordered. index=83760 170800115>170796865
#ERR Elements not ordered. index=83764 170814328>170802026
#ERR Elements not ordered. index=83788 170858523>170849654
#ERR Elements not ordered. index=83796 170881013>170864493
#ERR Elements not ordered. index=83804 170898747>170889749
#ERR Elements not ordered. index=83812 170906096>170816049
#ERR Elements not ordered. index=83814 170909753>170907906
#ERR Elements not ordered. index=83820 170915687>170912091
#ERR Elements not ordered. index=83824 170919186>170917653
#ERR Elements not ordered. index=83828 170927953>170911983
#ERR Elements not ordered. index=83836 170938325>170935053
#ERR Elements not ordered. index=83842 170956227>170951773
#ERR Elements not ordered. index=83844 170957980>170940108
#ERR Elements not ordered. index=83848 170963922>170956276
#ERR Elements not ordered. index=83852 170983839>170966707
#ERR Elements not ordered. index=83860 171004502>170986874
#ERR Elements not ordered. index=83868 171027835>171017334
#ERR Elements not ordered. index=83872 171031975>171030519
#ERR Elements not ordered. index=83874 171034177>171032463
#ERR Elements not ordered. index=83876 171038706>170988454
#ERR Elements not ordered. index=83880 171043569>171039324
#ERR Elements not ordered. index=83884 171053407>171038862
#ERR Elements not ordered. index=83888 171056197>171055724
#ERR Elements not ordered. index=83892 171071893>171057338
#ERR Elements not ordered. index=83896 171072589>171067555
#ERR Elements not ordered. index=83904 171087327>171085146
#ERR Elements not ordered. index=83906 171099688>171097608
#ERR Elements not ordered. index=83916 171127615>171122778
#ERR Elements not ordered. index=83918 171135075>171132736
#ERR Elements not ordered. index=83924 171153399>171135763
#ERR Elements not ordered. index=83928 171165003>171158088
#ERR Elements not ordered. index=83932 171171873>171165342
#ERR Elements not ordered. index=83936 171185563>171178388
#ERR Elements not ordered. index=83940 171204316>171186927
#ERR Elements not ordered. index=83948 171213083>171205396
#ERR Elements not ordered. index=83952 171223203>171221874
#ERR Elements not ordered. index=83972 171260916>171257771
#ERR Elements not ordered. index=83976 171264144>171261416
#ERR Elements not ordered. index=83980 171279417>171265848
#ERR Elements not ordered. index=83982 171287677>171275473
#ERR Elements not ordered. index=83984 171288087>171284352
#ERR Elements not ordered. index=83986 171300791>171298914
#ERR Elements not ordered. index=83988 171306778>171288093
#ERR Elements not ordered. index=83992 171309613>171305298
#ERR Elements not ordered. index=83994 171309868>171307736
#ERR Elements not ordered. index=83996 171325844>169249919
#ERR Elements not ordered. index=84000 171319247>171316814
#ERR Elements not ordered. index=84002 171323598>171320436
#ERR Elements not ordered. index=84004 171324810>171251338
#ERR Elements not ordered. index=84010 171342932>171337460
#ERR Elements not ordered. index=84012 171343541>171343084
#ERR Elements not ordered. index=84014 171345581>171344252
#ERR Elements not ordered. index=84020 171358307>171353651
#ERR Elements not ordered. index=84024 171364696>171356440
#ERR Elements not ordered. index=84026 171373958>171369440
#ERR Elements not ordered. index=84028 171391909>171372581
#ERR Elements not ordered. index=84030 171377083>171374791
#ERR Elements not ordered. index=84036 171401769>171388270
#ERR Elements not ordered. index=84040 171410649>171405207
#ERR Elements not ordered. index=84044 171424985>171399654
#ERR Elements not ordered. index=84046 171412890>171410997
#ERR Elements not ordered. index=84048 171414677>171409870
#ERR Elements not ordered. index=84052 171427512>171422048
#ERR Elements not ordered. index=84056 171440484>171431095
#ERR Elements not ordered. index=84060 171455043>171422981
#ERR Elements not ordered. index=84064 171448744>171443979
#ERR Elements not ordered. index=84068 171462585>165620652
#ERR Elements not ordered. index=84076 171474814>171458202
#ERR Elements not ordered. index=84080 171475506>171473423
#ERR Elements not ordered. index=84084 171507712>171477232
#ERR Elements not ordered. index=84088 171497453>171493542
#ERR Elements not ordered. index=84092 171516484>171503203
#ERR Elements not ordered. index=84094 171504735>171504452
#ERR Elements not ordered. index=84096 171526765>171513406
#ERR Elements not ordered. index=84100 171550554>171480423
#ERR Elements not ordered. index=84106 171533356>171530716
#ERR Elements not ordered. index=84110 171541780>171541637
#ERR Elements not ordered. index=84112 171559401>171553217
#ERR Elements not ordered. index=84116 171564235>171554373
#ERR Elements not ordered. index=84120 171560326>171558914
#ERR Elements not ordered. index=84124 171581288>171562570
#ERR Elements not ordered. index=84128 171607345>171575198
#ERR Elements not ordered. index=84130 171603477>171583403
#ERR Elements not ordered. index=84132 -1>171607522
#ERR Elements not ordered. index=84134 171609598>171608228
#ERR Elements not ordered. index=84140 171629856>171610237
#ERR Elements not ordered. index=84142 171631508>171631203
#SDC Ite:0 KerTime:4.002197 AccTime:4.002197 KerErr:412 AccErr:412
#END