#HEADER size:1048576
#BEGIN Y:2016 M:09 D:13 Time:17:30:51
#IT Ite:0 KerTime:4.625715 AccTime:4.625715
#ERR The histogram from element 1672245372 differs. srcHist=1 dstHist=2

#ERR The histogram from element 1674827179 differs. srcHist=1 dstHist=0

#ERR Elements not ordered. index=816677 1671365600>1671363815
#ERR Elements not ordered. index=816685 1671386509>1671365896
#ERR Elements not ordered. index=816689 1671397867>1671393071
#ERR Elements not ordered. index=816693 1671413203>1671398870
#ERR Elements not ordered. index=816695 1671417198>1671415590
#ERR Elements not ordered. index=816701 1671428592>1671425505
#ERR Elements not ordered. index=816703 1671438000>1671430176
#ERR Elements not ordered. index=816705 1671444096>1671440621
#ERR Elements not ordered. index=816709 1671455945>1671455852
#ERR Elements not ordered. index=816713 1671469244>1671460394
#ERR Elements not ordered. index=816717 1671475739>1671475427
#ERR Elements not ordered. index=816719 1671478903>1671477454
#ERR Elements not ordered. index=816723 1671490660>1671486978
#ERR Elements not ordered. index=816729 1671506705>1671505654
#ERR Elements not ordered. index=816737 1671520663>1671517612
#ERR Elements not ordered. index=816741 1671529333>1671527149
#ERR Elements not ordered. index=816743 1671534505>1671531813
#ERR Elements not ordered. index=816747 1671539218>1671538626
#ERR Elements not ordered. index=816749 1671541670>1671539982
#ERR Elements not ordered. index=816751 1671551382>1671544137
#ERR Elements not ordered. index=816753 1671554066>1671541469
#ERR Elements not ordered. index=816757 1671557307>1671553730
#ERR Elements not ordered. index=816759 1671560340>1671558872
#ERR Elements not ordered. index=816771 1671579037>1671576565
#ERR Elements not ordered. index=816787 1671604455>1671604368
#ERR Elements not ordered. index=816803 1671645605>1671643652
#ERR Elements not ordered. index=816805 1671652350>1671647346
#ERR Elements not ordered. index=816837 1671726912>1671725200
#ERR Elements not ordered. index=816853 1671760600>1671716937
#ERR Elements not ordered. index=816857 1671769127>1671763538
#ERR Elements not ordered. index=816859 1671779004>1671774819
#ERR Elements not ordered. index=816862 1674617496>1671791383
#ERR Elements not ordered. index=816865 1671795080>1671793075
#ERR Elements not ordered. index=816869 1671801982>1671791405
#ERR Elements not ordered. index=816873 1671808088>1671807532
#ERR Elements not ordered. index=816885 1671832680>1671804999
#ERR Elements not ordered. index=816889 1671838465>1671835043
#ERR Elements not ordered. index=816891 1671840108>1671838501
#ERR Elements not ordered. index=816917 1671897784>1671841128
#ERR Elements not ordered. index=816919 1671898006>1671896803
#ERR Elements not ordered. index=816921 1671899606>1671899463
#ERR Elements not ordered. index=816923 1671903313>1671902718
#ERR Elements not ordered. index=816925 1671910011>1671908438
#ERR Elements not ordered. index=816927 1671917372>1671912700
#ERR Elements not ordered. index=816929 1671918910>1671918332
#ERR Elements not ordered. index=816933 1671935700>1671915397
#ERR Elements not ordered. index=816941 1671945639>1671936878
#ERR Elements not ordered. index=816949 1672027319>1671958821
#ERR Elements not ordered. index=816963 1671994473>1671992951
#ERR Elements not ordered. index=816965 1671996591>1671988260
#ERR Elements not ordered. index=816975 1672025730>1672025629
#ERR Elements not ordered. index=816981 1672134728>1671974482
#ERR Elements not ordered. index=816991 1672051251>1672045849
#ERR Elements not ordered. index=816993 1672051933>1672046757
#ERR Elements not ordered. index=816997 1672057984>1672027466
#ERR Elements not ordered. index=817005 1672074657>1672065860
#ERR Elements not ordered. index=817013 1672080717>1672070258
#ERR Elements not ordered. index=817017 1672104678>1672083968
#ERR Elements not ordered. index=817021 1672106113>1672085403
#ERR Elements not ordered. index=817025 1672111442>1672111059
#ERR Elements not ordered. index=817029 1672133117>1672109121
#ERR Elements not ordered. index=817037 1672148105>1672145353
#ERR Elements not ordered. index=817039 1672152701>1672152630
#ERR Elements not ordered. index=817045 1672372944>1672146519
#ERR Elements not ordered. index=817051 1672177156>1672177152
#ERR Elements not ordered. index=817053 1672177185>1672163688
#ERR Elements not ordered. index=817061 1672245372>1672185153
#ERR Elements not ordered. index=817065 1672199596>1672195374
#ERR Elements not ordered. index=817069 1672218730>1672204491
#ERR Elements not ordered. index=817077 1672245372>1672158678
#ERR Elements not ordered. index=817085 1672239743>1672229262
#ERR Elements not ordered. index=817089 1672247471>1672244938
#ERR Elements not ordered. index=817093 1672268461>1672221069
#ERR Elements not ordered. index=817097 1672255487>1672253476
#ERR Elements not ordered. index=817099 1672256982>1672255738
#ERR Elements not ordered. index=817101 1672259302>1672257857
#ERR Elements not ordered. index=817105 1672267242>1672261385
#ERR Elements not ordered. index=817107 1672269856>1672268733
#ERR Elements not ordered. index=817109 1672273851>1672211742
#ERR Elements not ordered. index=817111 1672270489>1672270459
#ERR Elements not ordered. index=817121 1672297849>1672297598
#ERR Elements not ordered. index=817123 1672305516>1672304320
#ERR Elements not ordered. index=817137 1672366380>1672363534
#ERR Elements not ordered. index=817141 1672433108>1672332733
#ERR Elements not ordered. index=817149 1672386575>1672383930
#ERR Elements not ordered. index=817153 1672390025>1672388762
#ERR Elements not ordered. index=817155 1672391787>1672391540
#ERR Elements not ordered. index=817157 1672399512>1672392376
#ERR Elements not ordered. index=817159 1672402241>1672397430
#ERR Elements not ordered. index=817161 1672407356>1672400371
#ERR Elements not ordered. index=817165 1672417440>1672410904
#ERR Elements not ordered. index=817169 1672420490>1672419665
#ERR Elements not ordered. index=817173 1672482018>1671884477
#ERR Elements not ordered. index=817177 1672439081>1672436244
#ERR Elements not ordered. index=817181 1672443563>1672438072
#ERR Elements not ordered. index=817189 1672471734>1672443408
#ERR Elements not ordered. index=817193 1672480667>1672469803
#ERR Elements not ordered. index=817195 1672481984>1672481387
#ERR Elements not ordered. index=817197 1672487614>1672477922
#ERR Elements not ordered. index=817201 1672495494>1672484105
#ERR Elements not ordered. index=817203 1672497265>1672495226
#ERR Elements not ordered. index=817205 1672498024>1672471502
#ERR Elements not ordered. index=817215 1672520811>1672512063
#ERR Elements not ordered. index=817217 1672523940>1672521224
#ERR Elements not ordered. index=817221 1672539152>1672479710
#ERR Elements not ordered. index=817225 1672551242>1672525552
#ERR Elements not ordered. index=817229 1672578228>1672529359
#ERR Elements not ordered. index=817231 1672555858>1672554538
#ERR Elements not ordered. index=817233 1672559697>1672558931
#ERR Elements not ordered. index=817237 1672579380>1672382521
#ERR Elements not ordered. index=817241 1672590338>1672584704
#ERR Elements not ordered. index=817243 1672594255>1672592244
#ERR Elements not ordered. index=817245 1672607098>1672588434
#ERR Elements not ordered. index=817247 1672600215>1672599186
#ERR Elements not ordered. index=817249 1672601430>1672600570
#ERR Elements not ordered. index=817253 1672613118>1672601356
#ERR Elements not ordered. index=817257 1672614053>1672610466
#ERR Elements not ordered. index=817261 1672626618>1672606352
#ERR Elements not ordered. index=817269 1672658329>1672554290
#ERR Elements not ordered. index=817271 1672642947>1672632354
#ERR Elements not ordered. index=817277 1672653433>1672646809
#ERR Elements not ordered. index=817279 1672664283>1672655838
#ERR Elements not ordered. index=817281 1672669463>1672664878
#ERR Elements not ordered. index=817285 1672706702>1672654065
#ERR Elements not ordered. index=817289 1672678918>1672669237
#ERR Elements not ordered. index=817293 1672685100>1672685064
#ERR Elements not ordered. index=817297 1672702395>1672699806
#ERR Elements not ordered. index=817301 1672722660>1672521617
#ERR Elements not ordered. index=817305 1672712284>1672701628
#ERR Elements not ordered. index=817309 1672722498>1672718097
#ERR Elements not ordered. index=817311 1672723740>1672723043
#ERR Elements not ordered. index=817317 1672732370>1672718475
#ERR Elements not ordered. index=817319 1672748598>1672734219
#ERR Elements not ordered. index=817321 1672762504>1672745780
#ERR Elements not ordered. index=817323 1672758655>1672750037
#ERR Elements not ordered. index=817325 1672767483>1672755862
#ERR Elements not ordered. index=817329 1672777114>1672769368
#ERR Elements not ordered. index=817331 1672779421>1672777300
#ERR Elements not ordered. index=817333 1672781947>1672721293
#ERR Elements not ordered. index=817337 1672781961>1672776788
#ERR Elements not ordered. index=817341 1672788193>1672780061
#ERR Elements not ordered. index=817345 1672796569>1672790648
#ERR Elements not ordered. index=817347 1672795280>1672794796
#ERR Elements not ordered. index=817353 1672804025>1672801482
#ERR Elements not ordered. index=817357 1672815655>1672812527
#ERR Elements not ordered. index=817361 1672822732>1672819418
#ERR Elements not ordered. index=817365 1672946152>1672807419
#ERR Elements not ordered. index=817369 1672847396>1672838116
#ERR Elements not ordered. index=817373 1672849019>1672848271
#ERR Elements not ordered. index=817381 1672867121>1672814664
#ERR Elements not ordered. index=817385 1672867603>1672860371
#ERR Elements not ordered. index=817389 1672881067>1672867368
#ERR Elements not ordered. index=817393 1672891207>1672881295
#ERR Elements not ordered. index=817395 1672892327>1672891427
#ERR Elements not ordered. index=817397 1672901653>1672876518
#ERR Elements not ordered. index=817401 1672910632>1672904652
#ERR Elements not ordered. index=817403 1672911414>1672909569
#ERR Elements not ordered. index=817405 1672917590>1672891248
#ERR Elements not ordered. index=817411 1672929554>1672921450
#ERR Elements not ordered. index=817413 1672935860>1672895086
#ERR Elements not ordered. index=817417 1672937329>1672933800
#ERR Elements not ordered. index=817419 1672942328>1672941949
#ERR Elements not ordered. index=817421 1672949748>1672949576
#ERR Elements not ordered. index=817425 1672971422>1672956335
#ERR Elements not ordered. index=817429 1673079883>1672661880
#ERR Elements not ordered. index=817433 1672975173>1672960106
#ERR Elements not ordered. index=817437 1672986316>1672976928
#ERR Elements not ordered. index=817439 1672981077>1672979466
#ERR Elements not ordered. index=817445 1673003265>1672978037
#ERR Elements not ordered. index=817453 1673034479>1673023817
#ERR Elements not ordered. index=817457 1673042912>1673035128
#ERR Elements not ordered. index=817461 1673048700>1673047462
#ERR Elements not ordered. index=817463 1673052628>1673051226
#ERR Elements not ordered. index=817469 1673074731>1673066407
#ERR Elements not ordered. index=817471 1673072036>1673070194
#ERR Elements not ordered. index=817473 1673079068>1673068309
#ERR Elements not ordered. index=817477 1673085786>1673080158
#ERR Elements not ordered. index=817479 1673095138>1673085677
#ERR Elements not ordered. index=817481 1673100945>1673091593
#ERR Elements not ordered. index=817487 1673109695>1673109635
#ERR Elements not ordered. index=817493 1673113347>1672978042
#ERR Elements not ordered. index=817495 1673119971>1673113911
#ERR Elements not ordered. index=817497 1673129272>1673124016
#ERR Elements not ordered. index=817499 1673132099>1673126530
#ERR Elements not ordered. index=817501 1673133218>1673119838
#ERR Elements not ordered. index=817505 1673139400>1673137225
#ERR Elements not ordered. index=817509 1673150918>1673145019
#ERR Elements not ordered. index=817525 1673197293>1673155433
#ERR Elements not ordered. index=817527 1673201995>1673198780
#ERR Elements not ordered. index=817529 1673208299>1673202539
#ERR Elements not ordered. index=817531 1673211856>1673205822
#ERR Elements not ordered. index=817537 1673227148>1673222801
#ERR Elements not ordered. index=817541 1673235395>1673215267
#ERR Elements not ordered. index=817549 1673249873>1673230506
#ERR Elements not ordered. index=817561 1673292946>1673286123
#ERR Elements not ordered. index=817569 1673315887>1673312064
#ERR Elements not ordered. index=817573 1673324810>1673315680
#ERR Elements not ordered. index=817577 1673327858>1673325419
#ERR Elements not ordered. index=817581 1673338647>1673330353
#ERR Elements not ordered. index=817589 1673353187>1673347536
#ERR Elements not ordered. index=817593 1673357110>1673356488
#ERR Elements not ordered. index=817595 1673360615>1673358619
#ERR Elements not ordered. index=817615 1673385848>1673384940
#ERR Elements not ordered. index=817617 1673390307>1673387509
#ERR Elements not ordered. index=817621 1673402150>1673398531
#ERR Elements not ordered. index=817631 1673412728>1673412532
#ERR Elements not ordered. index=817633 1673416824>1673414314
#ERR Elements not ordered. index=817637 1673422339>1673419448
#ERR Elements not ordered. index=817641 1673429713>1673425559
#ERR Elements not ordered. index=817645 1673439221>1673435330
#ERR Elements not ordered. index=817653 1673448548>1673448186
#ERR Elements not ordered. index=817655 1673449958>1673448653
#ERR Elements not ordered. index=817661 1673466703>1673462653
#ERR Elements not ordered. index=817669 1673501072>1673498627
#ERR Elements not ordered. index=817681 1673526196>1673525294
#ERR Elements not ordered. index=817683 1673529943>1673527030
#ERR Elements not ordered. index=817685 1673534978>1673389041
#ERR Elements not ordered. index=817687 1673537315>1673528567
#ERR Elements not ordered. index=817689 1673537897>1673535566
#ERR Elements not ordered. index=817691 1673545096>1673539379
#ERR Elements not ordered. index=817693 1673553200>1673531953
#ERR Elements not ordered. index=817701 1673566884>1673556919
#ERR Elements not ordered. index=817709 1673598573>1673595453
#ERR Elements not ordered. index=817711 1673599170>1673596421
#ERR Elements not ordered. index=817713 1673605208>1673601747
#ERR Elements not ordered. index=817717 1673623663>1673577519
#ERR Elements not ordered. index=817731 1673646565>1673644911
#ERR Elements not ordered. index=817733 1673648701>1673590407
#ERR Elements not ordered. index=817741 1673667808>1673638412
#ERR Elements not ordered. index=817743 1673664568>1673657941
#ERR Elements not ordered. index=817749 1673685082>1673678444
#ERR Elements not ordered. index=817751 1673686767>1673686684
#ERR Elements not ordered. index=817757 1673704168>1673695907
#ERR Elements not ordered. index=817761 1673708004>1673704652
#ERR Elements not ordered. index=817765 1673716086>1673696294
#ERR Elements not ordered. index=817769 1673722016>1673717906
#ERR Elements not ordered. index=817775 1673733105>1673730473
#ERR Elements not ordered. index=817781 1673751171>1673705150
#ERR Elements not ordered. index=817785 1673762970>1673751191
#ERR Elements not ordered. index=817791 1673769517>1673768047
#ERR Elements not ordered. index=817797 1673790983>1673785673
#ERR Elements not ordered. index=817799 1673794055>1673792560
#ERR Elements not ordered. index=817805 1673813449>1673802664
#ERR Elements not ordered. index=817807 1673816716>1673813966
#ERR Elements not ordered. index=817813 1673830418>1673820477
#ERR Elements not ordered. index=817817 1673837856>1673831267
#ERR Elements not ordered. index=817821 1673847083>1673839808
#ERR Elements not ordered. index=817825 1673857635>1673848053
#ERR Elements not ordered. index=817831 1673875256>1673873470
#ERR Elements not ordered. index=817835 1673886415>1673883339
#ERR Elements not ordered. index=817837 1673895516>1673888672
#ERR Elements not ordered. index=817845 1673903354>1673892159
#ERR Elements not ordered. index=817849 1673906653>1673904771
#ERR Elements not ordered. index=817851 1673910670>1673906971
#ERR Elements not ordered. index=817853 1673914591>1673903917
#ERR Elements not ordered. index=817857 1673919224>1673916274
#ERR Elements not ordered. index=817861 1673922045>1673920098
#ERR Elements not ordered. index=817865 1673931334>1673925793
#ERR Elements not ordered. index=817875 1673964272>1673964052
#ERR Elements not ordered. index=817877 1673964628>1673957681
#ERR Elements not ordered. index=817879 1673965421>1673965114
#ERR Elements not ordered. index=817883 1673974111>1673969641
#ERR Elements not ordered. index=817885 1673974532>1673970597
#ERR Elements not ordered. index=817889 1673981088>1673974753
#ERR Elements not ordered. index=817897 1673997713>1673994467
#ERR Elements not ordered. index=817899 1674001677>1674000862
#ERR Elements not ordered. index=817901 1674008604>1674006725
#ERR Elements not ordered. index=817903 1674012740>1674006825
#ERR Elements not ordered. index=817905 1674016898>1674009820
#ERR Elements not ordered. index=817907 1674027520>1674023203
#ERR Elements not ordered. index=817909 1674028427>1674025744
#ERR Elements not ordered. index=817917 1674043089>1674042969
#ERR Elements not ordered. index=817921 1674055849>1674046980
#ERR Elements not ordered. index=817925 1674070461>1674058970
#ERR Elements not ordered. index=817929 1674077455>1674066547
#ERR Elements not ordered. index=817937 1674099044>1674099003
#ERR Elements not ordered. index=817945 1674112603>1674107981
#ERR Elements not ordered. index=817949 1674115281>1674109806
#ERR Elements not ordered. index=817953 1674128316>1674117023
#ERR Elements not ordered. index=817957 1674128887>1674127151
#ERR Elements not ordered. index=817961 1674134655>1674132492
#ERR Elements not ordered. index=817965 1674144307>1674140006
#ERR Elements not ordered. index=817973 1674166221>1674130151
#ERR Elements not ordered. index=817981 1674182394>1674174121
#ERR Elements not ordered. index=817989 1674200735>1674189480
#ERR Elements not ordered. index=817993 1674210588>1674206789
#ERR Elements not ordered. index=817997 1674211432>1674211109
#ERR Elements not ordered. index=818001 1674221774>1674213679
#ERR Elements not ordered. index=818005 1674230238>1674219495
#ERR Elements not ordered. index=818009 1674239527>1674230569
#ERR Elements not ordered. index=818013 1674249864>1674234424
#ERR Elements not ordered. index=818021 1674257783>1674243217
#ERR Elements not ordered. index=818025 1674266850>1674256213
#ERR Elements not ordered. index=818029 1674274430>1674270984
#ERR Elements not ordered. index=818031 1674277811>1674275247
#ERR Elements not ordered. index=818033 1674281007>1674280482
#ERR Elements not ordered. index=818037 1674295230>1674283147
#ERR Elements not ordered. index=818039 1674295916>1674292624
#ERR Elements not ordered. index=818045 1674307125>1674306097
#ERR Elements not ordered. index=818049 1674321095>1674308654
#ERR Elements not ordered. index=818053 1674332432>1674308473
#ERR Elements not ordered. index=818057 1674337636>1674329881
#ERR Elements not ordered. index=818061 1674369047>1674343008
#ERR Elements not ordered. index=818065 1674359190>1674354633
#ERR Elements not ordered. index=818069 1674381774>1674367529
#ERR Elements not ordered. index=818081 1674386492>1674383545
#ERR Elements not ordered. index=818084 1674389425>1671789363
#ERR Elements not ordered. index=818089 1674392498>1674388434
#ERR Elements not ordered. index=818095 1674408323>1674407981
#ERR Elements not ordered. index=818101 1674426947>1674416829
#ERR Elements not ordered. index=818105 1674432615>1674427208
#ERR Elements not ordered. index=818109 1674436093>1674429503
#ERR Elements not ordered. index=818113 1674453701>1674444087
#ERR Elements not ordered. index=818117 1674459563>1674441750
#ERR Elements not ordered. index=818119 1674455610>1674454508
#ERR Elements not ordered. index=818125 1674480500>1674479249
#ERR Elements not ordered. index=818127 1674487265>1674481618
#ERR Elements not ordered. index=818129 1674497632>1674493015
#ERR Elements not ordered. index=818133 1674508868>1674381618
#ERR Elements not ordered. index=818137 1674502257>1674499214
#ERR Elements not ordered. index=818141 1674512095>1674501950
#ERR Elements not ordered. index=818147 1674531338>1674530005
#ERR Elements not ordered. index=818149 1674534514>1674443428
#ERR Elements not ordered. index=818153 1674544299>1674537790
#ERR Elements not ordered. index=818157 1674559831>1674536224
#ERR Elements not ordered. index=818161 1674564299>1674563096
#ERR Elements not ordered. index=818163 1674574291>1674573184
#ERR Elements not ordered. index=818165 1674582716>1674512207
#ERR Elements not ordered. index=818169 1674577051>1674575766
#ERR Elements not ordered. index=818171 1674586438>1674579486
#ERR Elements not ordered. index=818173 1674588830>1674582397
#ERR Elements not ordered. index=818177 1674599534>1674592551
#ERR Elements not ordered. index=818181 1674619801>1674558808
#ERR Elements not ordered. index=818183 1674612529>1674606104
#ERR Elements not ordered. index=818185 1674613080>1674603458
#ERR Elements not ordered. index=818187 1674614869>1674607925
#ERR Elements not ordered. index=818189 1674615933>1674599874
#ERR Elements not ordered. index=818193 1674631463>1674618161
#ERR Elements not ordered. index=818197 1674709844>1674625735
#ERR Elements not ordered. index=818205 1674646087>1674643586
#ERR Elements not ordered. index=818207 1674653984>1674646137
#ERR Elements not ordered. index=818209 1674662584>1674655257
#ERR Elements not ordered. index=818211 1674665787>1674659408
#ERR Elements not ordered. index=818213 1674671196>1674659291
#ERR Elements not ordered. index=818217 1674676928>1674676489
#ERR Elements not ordered. index=818219 1674685971>1674683572
#ERR Elements not ordered. index=818221 1674686033>1674672983
#ERR Elements not ordered. index=818225 1674688449>1674686534
#ERR Elements not ordered. index=818237 1674732603>1674723313
#ERR Elements not ordered. index=818241 1674744759>1674734705
#ERR Elements not ordered. index=818243 1674743754>1674741098
#ERR Elements not ordered. index=818245 1674775502>1674734781
#ERR Elements not ordered. index=818247 1674750585>1674745141
#ERR Elements not ordered. index=818249 1674757826>1674755254
#ERR Elements not ordered. index=818251 1674760533>1674757599
#ERR Elements not ordered. index=818253 1674761996>1674759950
#ERR Elements not ordered. index=818261 1674791353>1674768061
#ERR Elements not ordered. index=818263 1674786167>1674778470
#ERR Elements not ordered. index=818265 1674792094>1674789839
#ERR Elements not ordered. index=818267 1674793920>1674792445
#ERR Elements not ordered. index=818269 1674796621>1674796288
#ERR Elements not ordered. index=818273 1674807532>1674803480
#ERR Elements not ordered. index=818283 1674835864>1674822826
#ERR Elements not ordered. index=818293 1674860352>1674859335
#ERR Elements not ordered. index=818299 1674877315>1674876585
#ERR Elements not ordered. index=818301 1674877673>1674877507
#ERR Elements not ordered. index=818305 1674885556>1674884566
#ERR Elements not ordered. index=818327 1674924177>1674920961
#ERR Elements not ordered. index=818329 1674925404>1674923036
#ERR Elements not ordered. index=818335 1674930802>1674930432
#ERR Elements not ordered. index=818339 1674945715>1674940549
#ERR Elements not ordered. index=818343 1674954399>1674949280
#ERR Elements not ordered. index=818349 1674960797>1674958879
#ERR Elements not ordered. index=818357 1674989705>1674976304
#ERR Elements not ordered. index=818365 1674996626>1674990830
#ERR Elements not ordered. index=818367 1675001459>1675000999
#ERR Elements not ordered. index=818369 1675005074>1675003469
#ERR Elements not ordered. index=818373 1675028564>1675008915
#SDC Ite:0 KerTime:4.625715 AccTime:4.625715 KerErr:380 AccErr:380
#END