#HEADER size:1048576
#BEGIN Y:2016 M:09 D:13 Time:17:21:37
#IT Ite:0 KerTime:4.657156 AccTime:4.657156
#ERR The histogram from element 319783472 differs. srcHist=1 dstHist=0

#ERR The histogram from element 320692043 differs. srcHist=1 dstHist=2

#ERR The histogram from element 322889785 differs. srcHist=1 dstHist=2

#ERR The histogram from element 324970283 differs. srcHist=1 dstHist=2

#ERR The histogram from element 324971438 differs. srcHist=1 dstHist=2

#ERR The histogram from element 329146873 differs. srcHist=1 dstHist=2

#ERR The histogram from element 329154066 differs. srcHist=1 dstHist=2

#ERR The histogram from element 329951783 differs. srcHist=1 dstHist=0

#ERR The histogram from element 329974566 differs. srcHist=1 dstHist=0

#ERR The histogram from element 331226110 differs. srcHist=1 dstHist=2

#ERR The histogram from element 331230521 differs. srcHist=1 dstHist=2

#ERR The histogram from element 331998033 differs. srcHist=1 dstHist=0

#ERR The histogram from element 332938934 differs. srcHist=1 dstHist=0

#ERR The histogram from element 333585240 differs. srcHist=1 dstHist=0

#ERR The histogram from element 334437214 differs. srcHist=1 dstHist=0

#ERR The histogram from element 335619747 differs. srcHist=1 dstHist=0

#ERR The histogram from element 338062017 differs. srcHist=1 dstHist=2

#ERR The histogram from element 339197012 differs. srcHist=1 dstHist=0

#ERR The histogram from element 339407035 differs. srcHist=1 dstHist=0

#ERR The histogram from element 339491294 differs. srcHist=1 dstHist=0

#ERR Elements not ordered. index=156481 319802467>319798947
#ERR Elements not ordered. index=156485 319815789>319807693
#ERR Elements not ordered. index=156487 319862424>319811461
#ERR Elements not ordered. index=156491 319918833>319814206
#ERR Elements not ordered. index=156495 319819924>319818752
#ERR Elements not ordered. index=156501 319833743>319829999
#ERR Elements not ordered. index=156505 319844047>319838738
#ERR Elements not ordered. index=156509 319854889>319854424
#ERR Elements not ordered. index=156511 319855934>319855491
#ERR Elements not ordered. index=156513 319859390>319859297
#ERR Elements not ordered. index=156515 320054276>319862810
#ERR Elements not ordered. index=156519 319872121>319866165
#ERR Elements not ordered. index=156525 319884503>319881877
#ERR Elements not ordered. index=156527 319890052>319886338
#ERR Elements not ordered. index=156533 319898563>319896758
#ERR Elements not ordered. index=156535 319899710>319899340
#ERR Elements not ordered. index=156539 319908174>319902169
#ERR Elements not ordered. index=156547 320286993>319922053
#ERR Elements not ordered. index=156551 319925899>319924145
#ERR Elements not ordered. index=156555 319930484>319927201
#ERR Elements not ordered. index=156559 319940301>319932019
#ERR Elements not ordered. index=156563 319941015>319934431
#ERR Elements not ordered. index=156567 319948836>319942799
#ERR Elements not ordered. index=156575 319977086>319955936
#ERR Elements not ordered. index=156583 319985479>319976235
#ERR Elements not ordered. index=156587 319993950>319982306
#ERR Elements not ordered. index=156591 320016965>319994697
#ERR Elements not ordered. index=156607 320055528>320036528
#ERR Elements not ordered. index=156611 330904763>320039543
#ERR Elements not ordered. index=156615 320063795>320053961
#ERR Elements not ordered. index=156619 320067533>320056421
#ERR Elements not ordered. index=156623 320098228>320074056
#ERR Elements not ordered. index=156635 320101238>320099742
#ERR Elements not ordered. index=156639 320173359>320102345
#ERR Elements not ordered. index=156647 320113494>320111105
#ERR Elements not ordered. index=156655 320144361>320129975
#ERR Elements not ordered. index=156659 320134096>320133865
#ERR Elements not ordered. index=156661 320142209>320135630
#ERR Elements not ordered. index=156663 320144858>320142481
#ERR Elements not ordered. index=156671 320191411>320161170
#ERR Elements not ordered. index=156679 320192839>320176219
#ERR Elements not ordered. index=156687 320200749>320194733
#ERR Elements not ordered. index=156693 320208359>320204602
#ERR Elements not ordered. index=156695 320210488>320209324
#ERR Elements not ordered. index=156699 320221387>320216329
#ERR Elements not ordered. index=156711 320249648>320245285
#ERR Elements not ordered. index=156715 320254664>320251839
#ERR Elements not ordered. index=156717 320255959>320255039
#ERR Elements not ordered. index=156719 320257925>320255193
#ERR Elements not ordered. index=156727 320287196>320270357
#ERR Elements not ordered. index=156731 320277542>320274865
#ERR Elements not ordered. index=156735 320325211>320281368
#ERR Elements not ordered. index=156739 332683548>320293344
#ERR Elements not ordered. index=156743 320332628>320316935
#ERR Elements not ordered. index=156747 320339437>320327242
#ERR Elements not ordered. index=156751 320391504>320344658
#ERR Elements not ordered. index=156753 320354822>320348782
#ERR Elements not ordered. index=156759 320376610>320365071
#ERR Elements not ordered. index=156767 320426649>320381397
#ERR Elements not ordered. index=156779 320417120>320409783
#ERR Elements not ordered. index=156783 320430066>320423086
#ERR Elements not ordered. index=156791 320451706>320437438
#ERR Elements not ordered. index=156799 320535694>320452033
#ERR Elements not ordered. index=156803 320456841>320455448
#ERR Elements not ordered. index=156807 320481363>320469765
#ERR Elements not ordered. index=156815 320492308>320481904
#ERR Elements not ordered. index=156823 320500122>320496604
#ERR Elements not ordered. index=156831 320561238>320510221
#ERR Elements not ordered. index=156839 320538010>320537245
#ERR Elements not ordered. index=156847 320584810>320562515
#ERR Elements not ordered. index=156855 320595314>320577329
#ERR Elements not ordered. index=156863 320681241>320604686
#ERR Elements not ordered. index=156881 320640208>320639643
#ERR Elements not ordered. index=156883 320644067>320642588
#ERR Elements not ordered. index=156887 320655519>320649619
#ERR Elements not ordered. index=156891 320660538>320659073
#ERR Elements not ordered. index=156895 320885177>319911221
#ERR Elements not ordered. index=156897 320666182>320664301
#ERR Elements not ordered. index=156899 320674042>320668665
#ERR Elements not ordered. index=156911 320698113>320692043
#ERR Elements not ordered. index=156917 320707436>320706777
#ERR Elements not ordered. index=156919 320715285>320704108
#ERR Elements not ordered. index=156925 320730244>320729244
#ERR Elements not ordered. index=156927 320752376>320667325
#ERR Elements not ordered. index=156935 320748982>320733079
#ERR Elements not ordered. index=156937 320758196>320751361
#ERR Elements not ordered. index=156939 320759093>320753942
#ERR Elements not ordered. index=156945 320771259>320770230
#ERR Elements not ordered. index=156949 320777030>320776442
#ERR Elements not ordered. index=156951 320780415>320779595
#ERR Elements not ordered. index=156953 320791426>320787164
#ERR Elements not ordered. index=156955 320798614>320792571
#ERR Elements not ordered. index=156959 320817319>320715683
#ERR Elements not ordered. index=156961 320808176>320799006
#ERR Elements not ordered. index=156963 320824585>320819558
#ERR Elements not ordered. index=156971 320840984>320840561
#ERR Elements not ordered. index=156975 320842319>320766901
#ERR Elements not ordered. index=156987 320903318>320891964
#ERR Elements not ordered. index=156991 320917358>320857493
#ERR Elements not ordered. index=156995 320920797>320914911
#ERR Elements not ordered. index=156999 320927424>320916455
#ERR Elements not ordered. index=157003 320937963>320925204
#ERR Elements not ordered. index=157007 320947554>320938508
#ERR Elements not ordered. index=157011 320953943>320949991
#ERR Elements not ordered. index=157015 320985375>320954185
#ERR Elements not ordered. index=157023 321029669>320970275
#ERR Elements not ordered. index=157031 321000766>320986810
#ERR Elements not ordered. index=157039 321033376>321003962
#ERR Elements not ordered. index=157055 321056108>321036177
#ERR Elements not ordered. index=157059 321045784>321040205
#ERR Elements not ordered. index=157063 321051555>321045827
#ERR Elements not ordered. index=157067 321061984>321061634
#ERR Elements not ordered. index=157071 321098834>321063716
#ERR Elements not ordered. index=157077 321076535>321072667
#ERR Elements not ordered. index=157079 321087250>321077329
#ERR Elements not ordered. index=157087 321147190>321094671
#ERR Elements not ordered. index=157099 321119136>321116128
#ERR Elements not ordered. index=157103 321142582>321123964
#ERR Elements not ordered. index=157115 321163235>321153738
#ERR Elements not ordered. index=157119 321172722>321160228
#ERR Elements not ordered. index=157123 321177965>321165761
#ERR Elements not ordered. index=157127 321193321>321178720
#ERR Elements not ordered. index=157131 321193091>321190891
#ERR Elements not ordered. index=157135 321196287>321194238
#ERR Elements not ordered. index=157143 321229365>321211238
#ERR Elements not ordered. index=157151 321351078>320936124
#ERR Elements not ordered. index=157159 321236205>321221975
#ERR Elements not ordered. index=157167 321257726>321237589
#ERR Elements not ordered. index=157171 321266592>321262682
#ERR Elements not ordered. index=157173 321270240>321269434
#ERR Elements not ordered. index=157175 321272117>321253016
#ERR Elements not ordered. index=157179 321288366>321277805
#ERR Elements not ordered. index=157183 321321872>321274680
#ERR Elements not ordered. index=157187 321301408>321295763
#ERR Elements not ordered. index=157195 321342854>321335271
#ERR Elements not ordered. index=157199 321378885>321346318
#ERR Elements not ordered. index=157209 321368088>321368079
#ERR Elements not ordered. index=157211 321374170>321369321
#ERR Elements not ordered. index=157215 321453125>321384278
#ERR Elements not ordered. index=157219 321392078>321388046
#ERR Elements not ordered. index=157223 321406387>321393579
#ERR Elements not ordered. index=157231 321416093>321408049
#ERR Elements not ordered. index=157239 321423483>321417392
#ERR Elements not ordered. index=157247 321457290>321425016
#ERR Elements not ordered. index=157255 321454475>321454129
#ERR Elements not ordered. index=157257 321457976>321456863
#ERR Elements not ordered. index=157259 321459773>321459410
#ERR Elements not ordered. index=157261 321463173>321462810
#ERR Elements not ordered. index=157263 321528684>321468380
#ERR Elements not ordered. index=157275 321518196>321513598
#ERR Elements not ordered. index=157279 321531713>321345082
#ERR Elements not ordered. index=157283 321524647>321521276
#ERR Elements not ordered. index=157287 321550418>321539698
#ERR Elements not ordered. index=157295 321582665>321552707
#ERR Elements not ordered. index=157299 321555609>321553632
#ERR Elements not ordered. index=157301 321562089>321556287
#ERR Elements not ordered. index=157305 321579296>321575660
#ERR Elements not ordered. index=157311 321600827>321585482
#ERR Elements not ordered. index=157327 321612676>321588104
#ERR Elements not ordered. index=157329 321613026>321609780
#ERR Elements not ordered. index=157331 321617312>321616626
#ERR Elements not ordered. index=157335 321631035>321623901
#ERR Elements not ordered. index=157339 321638806>321636620
#ERR Elements not ordered. index=157343 321715314>321633131
#ERR Elements not ordered. index=157347 321648795>321643819
#ERR Elements not ordered. index=157353 321653098>321653050
#ERR Elements not ordered. index=157357 321661438>321659001
#ERR Elements not ordered. index=157359 321678477>321662939
#ERR Elements not ordered. index=157365 321684892>321683865
#ERR Elements not ordered. index=157367 321701105>321690897
#ERR Elements not ordered. index=157371 321697936>321695871
#ERR Elements not ordered. index=157373 321701002>321698940
#ERR Elements not ordered. index=157375 321770773>321702334
#ERR Elements not ordered. index=157379 321708673>321706679
#ERR Elements not ordered. index=157387 321721804>321719550
#ERR Elements not ordered. index=157389 321722636>321721914
#ERR Elements not ordered. index=157399 321759568>321756818
#ERR Elements not ordered. index=157403 321769971>321766155
#ERR Elements not ordered. index=157407 322074703>319786128
#ERR Elements not ordered. index=157411 321777053>321775829
#ERR Elements not ordered. index=157415 321782991>321775867
#ERR Elements not ordered. index=157419 321796951>321784011
#ERR Elements not ordered. index=157423 321811251>321793613
#ERR Elements not ordered. index=157427 321804748>321800803
#ERR Elements not ordered. index=157431 321812613>321805500
#ERR Elements not ordered. index=157435 321825326>321816257
#ERR Elements not ordered. index=157439 321874621>321830478
#ERR Elements not ordered. index=157441 321834806>321834356
#ERR Elements not ordered. index=157459 321902470>321900242
#ERR Elements not ordered. index=157463 321905831>321903630
#ERR Elements not ordered. index=157467 321916107>321907664
#ERR Elements not ordered. index=157471 322034137>321847764
#ERR Elements not ordered. index=157475 321939114>321917765
#ERR Elements not ordered. index=157479 321954495>321954398
#ERR Elements not ordered. index=157485 321968695>321964943
#ERR Elements not ordered. index=157493 321981628>321979692
#ERR Elements not ordered. index=157497 321984789>321984683
#ERR Elements not ordered. index=157503 322000451>321972463
#ERR Elements not ordered. index=157509 322027195>322018596
#ERR Elements not ordered. index=157511 322069739>322016696
#ERR Elements not ordered. index=157515 322166470>322022346
#ERR Elements not ordered. index=157519 322067611>322023341
#ERR Elements not ordered. index=157533 322065612>322056457
#ERR Elements not ordered. index=157535 322162336>321626626
#ERR Elements not ordered. index=157539 322284538>322070033
#ERR Elements not ordered. index=157543 322097766>322083977
#ERR Elements not ordered. index=157547 322113691>322104317
#ERR Elements not ordered. index=157551 322126592>322055420
#ERR Elements not ordered. index=157555 322121239>322118677
#ERR Elements not ordered. index=157557 322139699>322124890
#ERR Elements not ordered. index=157559 322144862>322133006
#ERR Elements not ordered. index=157561 322158651>322146650
#ERR Elements not ordered. index=157563 322158862>322154370
#ERR Elements not ordered. index=157567 322164656>322081574
#ERR Elements not ordered. index=157571 322550915>322172709
#ERR Elements not ordered. index=157573 322177853>322176652
#ERR Elements not ordered. index=157579 322198337>322195441
#ERR Elements not ordered. index=157583 322200776>322166342
#ERR Elements not ordered. index=157587 322209144>322204579
#ERR Elements not ordered. index=157591 322222898>322211452
#ERR Elements not ordered. index=157595 322227732>322213360
#ERR Elements not ordered. index=157599 322246971>322225969
#ERR Elements not ordered. index=157611 322262149>322255135
#ERR Elements not ordered. index=157615 322268727>322245130
#ERR Elements not ordered. index=157623 322273006>322262929
#ERR Elements not ordered. index=157627 322274667>322273487
#ERR Elements not ordered. index=157631 322298765>322272236
#ERR Elements not ordered. index=157635 324104904>322281851
#ERR Elements not ordered. index=157639 322285882>322285374
#ERR Elements not ordered. index=157659 322341429>322340948
#ERR Elements not ordered. index=157663 322349925>322278838
#ERR Elements not ordered. index=157667 322359613>322355169
#ERR Elements not ordered. index=157671 322367939>322361270
#ERR Elements not ordered. index=157675 322371464>322368170
#ERR Elements not ordered. index=157679 322397748>322379373
#ERR Elements not ordered. index=157685 322387177>322386774
#ERR Elements not ordered. index=157687 322394246>322388490
#ERR Elements not ordered. index=157691 322396991>322395731
#ERR Elements not ordered. index=157693 322402348>322397670
#ERR Elements not ordered. index=157695 322448004>322400681
#ERR Elements not ordered. index=157697 322406654>322405712
#ERR Elements not ordered. index=157699 322410518>322406728
#ERR Elements not ordered. index=157707 322429396>322423129
#ERR Elements not ordered. index=157711 322475144>322431036
#ERR Elements not ordered. index=157719 322454822>322452359
#ERR Elements not ordered. index=157727 322483071>322380003
#ERR Elements not ordered. index=157743 322532861>322502997
#ERR Elements not ordered. index=157745 322505406>322503193
#ERR Elements not ordered. index=157749 322511809>322509693
#ERR Elements not ordered. index=157759 322595000>322527557
#ERR Elements not ordered. index=157763 331226110>322540872
#ERR Elements not ordered. index=157779 322585860>322582089
#ERR Elements not ordered. index=157783 322615964>322595172
#ERR Elements not ordered. index=157785 322596821>322596757
#ERR Elements not ordered. index=157791 322780920>322490454
#ERR Elements not ordered. index=157799 322642918>322603625
#ERR Elements not ordered. index=157807 322657817>322622373
#ERR Elements not ordered. index=157815 322658643>322644812
#ERR Elements not ordered. index=157823 322719729>322671505
#ERR Elements not ordered. index=157839 322701194>322693908
#ERR Elements not ordered. index=157843 322711050>322703207
#ERR Elements not ordered. index=157851 322740843>322720233
#ERR Elements not ordered. index=157855 322744475>322664965
#ERR Elements not ordered. index=157859 322750561>322742400
#ERR Elements not ordered. index=157863 322757816>322750330
#ERR Elements not ordered. index=157869 322762598>322760581
#ERR Elements not ordered. index=157883 322789000>322785831
#ERR Elements not ordered. index=157887 322833776>322753837
#ERR Elements not ordered. index=157891 322799817>322787602
#ERR Elements not ordered. index=157895 322807090>322793308
#ERR Elements not ordered. index=157899 322820002>322811460
#ERR Elements not ordered. index=157903 322868123>322827005
#ERR Elements not ordered. index=157907 322843408>322829727
#ERR Elements not ordered. index=157911 322856458>322838821
#ERR Elements not ordered. index=157915 322864859>322859689
#ERR Elements not ordered. index=157919 323297286>322323563
#ERR Elements not ordered. index=157923 322874166>322871137
#ERR Elements not ordered. index=157927 322879456>322874887
#ERR Elements not ordered. index=157935 322906517>322889785
#ERR Elements not ordered. index=157943 322926112>322889785
#ERR Elements not ordered. index=157951 322954959>322937790
#ERR Elements not ordered. index=157953 322958944>322958476
#ERR Elements not ordered. index=157959 322971237>322959517
#ERR Elements not ordered. index=157983 323071782>322979431
#ERR Elements not ordered. index=157985 323034471>323033774
#ERR Elements not ordered. index=157987 323039998>323036361
#ERR Elements not ordered. index=157999 323070618>323028214
#ERR Elements not ordered. index=158015 323098594>323078894
#ERR Elements not ordered. index=158017 323102903>323101692
#ERR Elements not ordered. index=158031 323119593>323105021
#ERR Elements not ordered. index=158035 323128043>323120023
#ERR Elements not ordered. index=158047 323151568>323131235
#ERR Elements not ordered. index=158049 323151620>323148670
#ERR Elements not ordered. index=158051 323157357>323157103
#ERR Elements not ordered. index=158053 323165049>323158356
#ERR Elements not ordered. index=158055 323166220>323166044
#ERR Elements not ordered. index=158057 323168394>323168015
#ERR Elements not ordered. index=158059 323169520>323169509
#ERR Elements not ordered. index=158061 323172509>323171025
#ERR Elements not ordered. index=158063 323174509>323164050
#ERR Elements not ordered. index=158065 323176775>323174736
#ERR Elements not ordered. index=158069 323192057>323185610
#ERR Elements not ordered. index=158071 323192471>323190187
#ERR Elements not ordered. index=158075 323203327>323195137
#ERR Elements not ordered. index=158079 323211116>323148098
#ERR Elements not ordered. index=158081 323210117>323207698
#ERR Elements not ordered. index=158087 323225451>323212187
#ERR Elements not ordered. index=158091 323229551>323229193
#ERR Elements not ordered. index=158095 323240207>323229807
#ERR Elements not ordered. index=158099 323242916>323240423
#ERR Elements not ordered. index=158103 323252713>323248204
#ERR Elements not ordered. index=158105 323254537>323253543
#ERR Elements not ordered. index=158107 323263218>323253370
#ERR Elements not ordered. index=158109 323264454>323256389
#ERR Elements not ordered. index=158111 323267736>323242566
#ERR Elements not ordered. index=158113 323268528>323264426
#ERR Elements not ordered. index=158115 323272756>323271201
#ERR Elements not ordered. index=158117 323274336>323271549
#ERR Elements not ordered. index=158119 323276215>323272971
#ERR Elements not ordered. index=158121 323278853>323277552
#ERR Elements not ordered. index=158123 323292091>323279379
#ERR Elements not ordered. index=158125 323294352>323291636
#ERR Elements not ordered. index=158127 323299929>323296903
#ERR Elements not ordered. index=158133 323302725>323300036
#ERR Elements not ordered. index=158135 323303331>323302865
#ERR Elements not ordered. index=158137 323304905>323304165
#ERR Elements not ordered. index=158139 323312786>323306001
#ERR Elements not ordered. index=158143 323317899>323316289
#ERR Elements not ordered. index=158147 323329119>323318260
#ERR Elements not ordered. index=158151 323339790>323335483
#ERR Elements not ordered. index=158155 323359229>323349866
#ERR Elements not ordered. index=158161 323360224>323359772
#ERR Elements not ordered. index=158163 323366867>323362957
#ERR Elements not ordered. index=158167 323399665>323369327
#ERR Elements not ordered. index=158173 323383095>323381186
#ERR Elements not ordered. index=158175 323514158>323042218
#ERR Elements not ordered. index=158183 323400257>323399167
#ERR Elements not ordered. index=158191 323431316>323364165
#ERR Elements not ordered. index=158193 323419255>323418292
#ERR Elements not ordered. index=158199 323424911>323409677
#ERR Elements not ordered. index=158203 323427272>323425233
#ERR Elements not ordered. index=158205 323442153>323435894
#ERR Elements not ordered. index=158207 323488529>323439918
#ERR Elements not ordered. index=158209 323447892>323440270
#ERR Elements not ordered. index=158211 323450615>323448321
#ERR Elements not ordered. index=158223 323526379>323464426
#ERR Elements not ordered. index=158227 323497636>323490094
#ERR Elements not ordered. index=158229 323503922>323503892
#ERR Elements not ordered. index=158239 323597672>323455819
#ERR Elements not ordered. index=158247 323548852>323527050
#ERR Elements not ordered. index=158251 323563075>323556508
#ERR Elements not ordered. index=158255 323563652>323548339
#ERR Elements not ordered. index=158257 323568606>323564426
#ERR Elements not ordered. index=158259 323575166>323561030
#ERR Elements not ordered. index=158263 323597005>323584265
#ERR Elements not ordered. index=158267 323593045>323591562
#ERR Elements not ordered. index=158271 323646841>323598365
#ERR Elements not ordered. index=158293 323638626>323633475
#ERR Elements not ordered. index=158295 323644150>323628636
#ERR Elements not ordered. index=158299 323642427>323641177
#ERR Elements not ordered. index=158301 323646833>323644798
#ERR Elements not ordered. index=158303 323709969>323616170
#ERR Elements not ordered. index=158305 323652276>323650154
#ERR Elements not ordered. index=158311 323667721>323661610
#ERR Elements not ordered. index=158315 323671354>323669187
#ERR Elements not ordered. index=158319 323684581>323672256
#ERR Elements not ordered. index=158323 323693265>323685750
#ERR Elements not ordered. index=158327 323700044>323695825
#ERR Elements not ordered. index=158331 323704888>323700607
#ERR Elements not ordered. index=158333 323719579>323717333
#ERR Elements not ordered. index=158335 323729596>323720383
#ERR Elements not ordered. index=158345 323753589>323748386
#ERR Elements not ordered. index=158347 323756969>323754201
#ERR Elements not ordered. index=158349 323758632>323758030
#ERR Elements not ordered. index=158351 323763356>323758737
#ERR Elements not ordered. index=158353 323767022>323764038
#ERR Elements not ordered. index=158355 323775891>323769526
#ERR Elements not ordered. index=158359 323781841>323779019
#ERR Elements not ordered. index=158363 323788870>323782500
#ERR Elements not ordered. index=158367 323870983>323794581
#ERR Elements not ordered. index=158373 323796843>323796617
#ERR Elements not ordered. index=158375 323802118>323798697
#ERR Elements not ordered. index=158383 323808698>323807215
#ERR Elements not ordered. index=158399 323862248>323822662
#ERR Elements not ordered. index=158401 323836762>323830641
#ERR Elements not ordered. index=158403 323844640>323841214
#ERR Elements not ordered. index=158405 323852651>323842411
#ERR Elements not ordered. index=158407 323858510>323854787
#ERR Elements not ordered. index=158411 323864904>323864376
#ERR Elements not ordered. index=158415 323898205>323866696
#ERR Elements not ordered. index=158429 323898778>323898514
#ERR Elements not ordered. index=158431 324533777>319799803
#ERR Elements not ordered. index=158447 323947626>323923452
#ERR Elements not ordered. index=158451 323952638>323952431
#ERR Elements not ordered. index=158461 323966511>323966483
#ERR Elements not ordered. index=158463 323969023>323928831
#ERR Elements not ordered. index=158467 323983996>323977969
#ERR Elements not ordered. index=158471 323992312>323982565
#ERR Elements not ordered. index=158475 323999766>323998088
#ERR Elements not ordered. index=158479 324001141>323962302
#ERR Elements not ordered. index=158483 324006523>324004676
#ERR Elements not ordered. index=158485 324007412>324007022
#ERR Elements not ordered. index=158487 324017303>323999549
#ERR Elements not ordered. index=158491 324021299>324007988
#ERR Elements not ordered. index=158495 324024704>324021846
#ERR Elements not ordered. index=158499 324037859>324027401
#ERR Elements not ordered. index=158503 324043437>324022627
#ERR Elements not ordered. index=158507 324046953>324039715
#ERR Elements not ordered. index=158511 324056230>324047876
#ERR Elements not ordered. index=158519 324068080>324066270
#ERR Elements not ordered. index=158521 324071511>324070866
#ERR Elements not ordered. index=158527 324084908>324068274
#ERR Elements not ordered. index=158529 324087981>324085399
#ERR Elements not ordered. index=158535 324109285>324091692
#ERR Elements not ordered. index=158537 324108680>324107055
#ERR Elements not ordered. index=158539 324169270>324109873
#ERR Elements not ordered. index=158543 324119690>324116958
#ERR Elements not ordered. index=158559 324154882>324115705
#ERR Elements not ordered. index=158561 324156389>324156319
#ERR Elements not ordered. index=158563 324213631>324163748
#ERR Elements not ordered. index=158565 324172928>324172801
#ERR Elements not ordered. index=158567 324174189>324173574
#ERR Elements not ordered. index=158571 324184314>324184254
#ERR Elements not ordered. index=158573 324186173>324185760
#ERR Elements not ordered. index=158579 324193434>324191274
#ERR Elements not ordered. index=158581 324193805>324193472
#ERR Elements not ordered. index=158585 324200816>324200062
#ERR Elements not ordered. index=158591 324208979>324207987
#ERR Elements not ordered. index=158595 324359928>324219006
#ERR Elements not ordered. index=158599 324225602>324223491
#ERR Elements not ordered. index=158623 324276576>324274060
#ERR Elements not ordered. index=158639 324315418>324290072
#ERR Elements not ordered. index=158643 324319047>324318049
#ERR Elements not ordered. index=158655 324355088>324347197
#ERR Elements not ordered. index=158659 324617616>324357230
#ERR Elements not ordered. index=158663 324366400>324361706
#ERR Elements not ordered. index=158669 324372749>324372577
#ERR Elements not ordered. index=158671 324375554>324350483
#ERR Elements not ordered. index=158673 324376261>324373551
#ERR Elements not ordered. index=158675 324379820>324378999
#ERR Elements not ordered. index=158679 324385904>324383624
#ERR Elements not ordered. index=158683 324396652>324395985
#ERR Elements not ordered. index=158687 324402180>323498641
#ERR Elements not ordered. index=158695 324420580>324407021
#ERR Elements not ordered. index=158697 324432294>324422353
#ERR Elements not ordered. index=158703 324445289>324414477
#ERR Elements not ordered. index=158707 324458988>324452416
#ERR Elements not ordered. index=158711 324463659>324457665
#ERR Elements not ordered. index=158715 324477043>324465560
#ERR Elements not ordered. index=158723 324491963>324482413
#ERR Elements not ordered. index=158731 324515179>324513473
#ERR Elements not ordered. index=158739 324527502>324526530
#ERR Elements not ordered. index=158741 324535353>324529837
#ERR Elements not ordered. index=158751 324551164>324414430
#ERR Elements not ordered. index=158755 324559907>324555572
#ERR Elements not ordered. index=158757 324564879>324562345
#ERR Elements not ordered. index=158759 324565752>324565167
#ERR Elements not ordered. index=158761 324572076>324571924
#ERR Elements not ordered. index=158775 324588117>324587750
#ERR Elements not ordered. index=158777 324591411>324588648
#ERR Elements not ordered. index=158783 324603982>324595076
#ERR Elements not ordered. index=158787 331230521>324618674
#ERR Elements not ordered. index=158789 324619266>324619120
#ERR Elements not ordered. index=158791 324621232>324604662
#ERR Elements not ordered. index=158793 324621527>324621310
#ERR Elements not ordered. index=158799 324646292>324631303
#ERR Elements not ordered. index=158807 324640330>324639189
#ERR Elements not ordered. index=158813 324658104>324655044
#ERR Elements not ordered. index=158815 324667978>324664343
#ERR Elements not ordered. index=158817 324672854>324670783
#ERR Elements not ordered. index=158819 324672935>324672919
#ERR Elements not ordered. index=158827 324691397>324682147
#ERR Elements not ordered. index=158831 324713046>324686616
#ERR Elements not ordered. index=158835 324705905>324694328
#ERR Elements not ordered. index=158843 324719151>324715536
#ERR Elements not ordered. index=158845 324723409>324721091
#ERR Elements not ordered. index=158851 324739654>324735952
#ERR Elements not ordered. index=158855 324748475>324747731
#ERR Elements not ordered. index=158857 324754528>324751322
#ERR Elements not ordered. index=158859 324756529>324756365
#SDC Ite:0 KerTime:4.657156 AccTime:4.657156 KerErr:1948 AccErr:1948
#ABORT too many errors per iteration
#END