#HEADER size:1048576
#BEGIN Y:2016 M:09 D:13 Time:17:32:17
#IT Ite:0 KerTime:3.623249 AccTime:3.623249
#ERR The histogram from element 1576450291 differs. srcHist=1 dstHist=2

#ERR The histogram from element 1585689853 differs. srcHist=1 dstHist=0

#ERR Elements not ordered. index=771340 1583701142>1583085526
#ERR Elements not ordered. index=771341 1583085526>1582505862
#ERR Elements not ordered. index=771343 1582757180>1580361677
#ERR Elements not ordered. index=771345 1584187658>1582993357
#ERR Elements not ordered. index=771347 1583286813>1579484161
#ERR Elements not ordered. index=771349 1581345651>1580488866
#ERR Elements not ordered. index=771352 1583734361>1583212886
#ERR Elements not ordered. index=771353 1583212886>1581768603
#ERR Elements not ordered. index=771355 1583134281>1579483546
#ERR Elements not ordered. index=771358 1583875335>1581410665
#ERR Elements not ordered. index=771359 1581410665>1580144880
#ERR Elements not ordered. index=771363 1581008049>1579382609
#ERR Elements not ordered. index=771365 1583508782>1580721348
#ERR Elements not ordered. index=771367 1583138013>1580009662
#ERR Elements not ordered. index=771370 1583940907>1581915732
#ERR Elements not ordered. index=771372 1582845725>1579610670
#ERR Elements not ordered. index=771375 1584110520>1579163767
#ERR Elements not ordered. index=771378 1582194434>1581090534
#ERR Elements not ordered. index=771379 1581090534>1579132987
#ERR Elements not ordered. index=771383 1582522640>1581850008
#ERR Elements not ordered. index=771385 1582209163>1581990752
#ERR Elements not ordered. index=771386 1581990752>1579719772
#ERR Elements not ordered. index=771391 1582755026>1579775036
#ERR Elements not ordered. index=771392 1579775036>1579385749
#ERR Elements not ordered. index=771394 1584097118>1580329417
#ERR Elements not ordered. index=771395 1580329417>1579163125
#ERR Elements not ordered. index=771398 1583035795>1579289820
#ERR Elements not ordered. index=771400 1581938536>1581926599
#ERR Elements not ordered. index=771401 1581926599>1581800449
#ERR Elements not ordered. index=771403 1583473760>1580028847
#ERR Elements not ordered. index=771407 1582495050>1580649385
#ERR Elements not ordered. index=771409 1582898509>1580087686
#ERR Elements not ordered. index=771411 1583005680>1579162544
#ERR Elements not ordered. index=771413 1582758624>1581518142
#ERR Elements not ordered. index=771415 1583543461>1579429662
#ERR Elements not ordered. index=771417 1583234880>1580975495
#ERR Elements not ordered. index=771419 1583957402>1583884780
#ERR Elements not ordered. index=771420 1583884780>1582235212
#ERR Elements not ordered. index=771421 1582235212>1580883980
#ERR Elements not ordered. index=771423 1583148971>1579224124
#ERR Elements not ordered. index=771425 1582553454>1580973692
#ERR Elements not ordered. index=771426 1580973692>1579948223
#ERR Elements not ordered. index=771427 1579948223>1579493668
#ERR Elements not ordered. index=771430 1582736502>1581971757
#ERR Elements not ordered. index=771433 1583796449>1582873163
#ERR Elements not ordered. index=771434 1582873163>1582341836
#ERR Elements not ordered. index=771435 1582341836>1580304257
#ERR Elements not ordered. index=771436 1580304257>1579592069
#ERR Elements not ordered. index=771438 1581766320>1581376624
#ERR Elements not ordered. index=771440 1583491465>1579421786
#ERR Elements not ordered. index=771442 1581770445>1581248194
#ERR Elements not ordered. index=771446 1583634392>1582677922
#ERR Elements not ordered. index=771447 1582677922>1580828694
#ERR Elements not ordered. index=771450 1582503730>1580033906
#ERR Elements not ordered. index=771454 1583965308>1579695384
#ERR Elements not ordered. index=771456 1582272202>1580156294
#ERR Elements not ordered. index=771459 1582718876>1582309988
#ERR Elements not ordered. index=771460 1582309988>1581373887
#ERR Elements not ordered. index=771462 1582661568>1579150523
#ERR Elements not ordered. index=771464 1583592681>1582267307
#ERR Elements not ordered. index=771465 1582267307>1582181377
#ERR Elements not ordered. index=771467 1582243486>1579151383
#ERR Elements not ordered. index=771470 1583965193>1582901899
#ERR Elements not ordered. index=771471 1582901899>1582020517
#ERR Elements not ordered. index=771473 1582155147>1579381116
#ERR Elements not ordered. index=771475 1582538696>1582243413
#ERR Elements not ordered. index=771476 1582243413>1581392265
#ERR Elements not ordered. index=771477 1581392265>1579663293
#ERR Elements not ordered. index=771479 1583066207>1581001386
#ERR Elements not ordered. index=771480 1581001386>1579678461
#ERR Elements not ordered. index=771482 1580291696>1579242022
#ERR Elements not ordered. index=771484 1580405187>1580243069
#ERR Elements not ordered. index=771485 1580243069>1579220855
#ERR Elements not ordered. index=771488 1581970028>1581132729
#ERR Elements not ordered. index=771490 1583656576>1581610946
#ERR Elements not ordered. index=771492 1583037614>1581501892
#ERR Elements not ordered. index=771494 1582410694>1580347861
#ERR Elements not ordered. index=771497 1582876747>1579456702
#ERR Elements not ordered. index=771499 1583903993>1581105094
#ERR Elements not ordered. index=771501 1581846246>1579964165
#ERR Elements not ordered. index=771502 1579964165>1579793556
#ERR Elements not ordered. index=771504 1581480186>1579276924
#ERR Elements not ordered. index=771508 1584199092>1579738545
#ERR Elements not ordered. index=771510 1582280186>1579476482
#ERR Elements not ordered. index=771512 1581736522>1579185871
#ERR Elements not ordered. index=771516 1582990717>1581888272
#ERR Elements not ordered. index=771517 1581888272>1580955069
#ERR Elements not ordered. index=771519 1582539791>1580595801
#ERR Elements not ordered. index=771521 1584027735>1583570214
#ERR Elements not ordered. index=771522 1583570214>1581079199
#ERR Elements not ordered. index=771523 1581079199>1580161889
#ERR Elements not ordered. index=771527 1582201649>1580339883
#ERR Elements not ordered. index=771529 1581152824>1579493550
#ERR Elements not ordered. index=771531 1582821151>1582583992
#ERR Elements not ordered. index=771532 1582583992>1580686980
#ERR Elements not ordered. index=771534 1583385352>1581579284
#ERR Elements not ordered. index=771535 1581579284>1581310681
#ERR Elements not ordered. index=771538 1583678034>1580366480
#ERR Elements not ordered. index=771540 1583202696>1582070779
#ERR Elements not ordered. index=771541 1582070779>1581676369
#ERR Elements not ordered. index=771542 1581676369>1580246485
#ERR Elements not ordered. index=771544 1582519098>1579216409
#ERR Elements not ordered. index=771546 1581104988>1579223610
#ERR Elements not ordered. index=771549 1581841567>1580849698
#ERR Elements not ordered. index=771551 1583118277>1581087645
#ERR Elements not ordered. index=771552 1581087645>1579590050
#ERR Elements not ordered. index=771553 1579590050>1579255132
#ERR Elements not ordered. index=771557 1584201389>1584164558
#ERR Elements not ordered. index=771558 1584164558>1583715955
#ERR Elements not ordered. index=771560 1583906324>1580081081
#ERR Elements not ordered. index=771563 1582541122>1582406232
#ERR Elements not ordered. index=771565 1582763755>1580218715
#ERR Elements not ordered. index=771567 1583444029>1581102129
#ERR Elements not ordered. index=771568 1581102129>1581039971
#ERR Elements not ordered. index=771569 1581039971>1580465199
#ERR Elements not ordered. index=771570 1580465199>1579812469
#ERR Elements not ordered. index=771572 1582553738>1580231934
#ERR Elements not ordered. index=771576 1582401607>1580025347
#ERR Elements not ordered. index=771579 1583204008>1581427637
#ERR Elements not ordered. index=771581 1582185213>1579492380
#ERR Elements not ordered. index=771585 1583550697>1582524022
#ERR Elements not ordered. index=771588 1583659317>1582991898
#ERR Elements not ordered. index=771589 1582991898>1582706125
#ERR Elements not ordered. index=771591 1583353239>1580078199
#ERR Elements not ordered. index=771593 1581263182>1579951455
#ERR Elements not ordered. index=771595 1582381753>1581986176
#ERR Elements not ordered. index=771596 1581986176>1579638356
#ERR Elements not ordered. index=771600 1583890678>1580109933
#ERR Elements not ordered. index=771601 1580109933>1579591306
#ERR Elements not ordered. index=771603 1583070452>1579207790
#ERR Elements not ordered. index=771605 1582139911>1579805352
#ERR Elements not ordered. index=771607 1583470403>1583378338
#ERR Elements not ordered. index=771608 1583378338>1583250998
#ERR Elements not ordered. index=771609 1583250998>1580640434
#ERR Elements not ordered. index=771610 1580640434>1580113746
#ERR Elements not ordered. index=771612 1583028455>1581533170
#ERR Elements not ordered. index=771615 1582223842>1579171171
#ERR Elements not ordered. index=771617 1581107063>1580320553
#ERR Elements not ordered. index=771619 1583282527>1583193034
#ERR Elements not ordered. index=771620 1583193034>1580132203
#ERR Elements not ordered. index=771624 1583906775>1582831040
#ERR Elements not ordered. index=771625 1582831040>1579345821
#ERR Elements not ordered. index=771627 1581995817>1580229480
#ERR Elements not ordered. index=771629 1581944096>1581168634
#ERR Elements not ordered. index=771631 1583102283>1581087378
#ERR Elements not ordered. index=771634 1584008490>1579567657
#ERR Elements not ordered. index=771635 1579567657>1579538260
#ERR Elements not ordered. index=771637 1582507422>1582378407
#ERR Elements not ordered. index=771641 1583640928>1581977394
#ERR Elements not ordered. index=771643 1583703658>1582472515
#ERR Elements not ordered. index=771645 1584198150>1579531778
#ERR Elements not ordered. index=771648 1582098938>1581333216
#ERR Elements not ordered. index=771651 1582447264>1579925702
#ERR Elements not ordered. index=771654 1583671004>1582256254
#ERR Elements not ordered. index=771656 1583865298>1581480020
#ERR Elements not ordered. index=771659 1583685993>1582062058
#ERR Elements not ordered. index=771661 1584110186>1582691509
#ERR Elements not ordered. index=771662 1582691509>1581999788
#ERR Elements not ordered. index=771665 1582908840>1580524783
#ERR Elements not ordered. index=771668 1582311621>1580559700
#ERR Elements not ordered. index=771670 1583870314>1580825134
#ERR Elements not ordered. index=771672 1583391198>1580270679
#ERR Elements not ordered. index=771674 1583070138>1580354474
#ERR Elements not ordered. index=771676 1582623157>1579361346
#ERR Elements not ordered. index=771680 1583644216>1581820047
#ERR Elements not ordered. index=771681 1581820047>1579892019
#ERR Elements not ordered. index=771683 1582617738>1582369073
#ERR Elements not ordered. index=771685 1583361101>1580764687
#ERR Elements not ordered. index=771687 1583507596>1581053186
#ERR Elements not ordered. index=771690 1582225600>1582133926
#ERR Elements not ordered. index=771692 1583764867>1579644545
#ERR Elements not ordered. index=771694 1581108755>1579882845
#ERR Elements not ordered. index=771696 1580543642>1579171394
#ERR Elements not ordered. index=771698 1581685287>1581156964
#ERR Elements not ordered. index=771701 1584203441>1581069496
#ERR Elements not ordered. index=771703 1583524958>1580223092
#ERR Elements not ordered. index=771706 1583120823>1582390524
#ERR Elements not ordered. index=771707 1582390524>1581419230
#ERR Elements not ordered. index=771709 1582919399>1581782769
#ERR Elements not ordered. index=771712 1584199473>1580469688
#ERR Elements not ordered. index=771716 1583802704>1579663974
#ERR Elements not ordered. index=771718 1580613965>1580370721
#ERR Elements not ordered. index=771721 1582340028>1580189648
#ERR Elements not ordered. index=771724 1583452282>1579161890
#ERR Elements not ordered. index=771726 1580778026>1579920340
#ERR Elements not ordered. index=771727 1579920340>1579804173
#ERR Elements not ordered. index=771730 1581499983>1580323798
#ERR Elements not ordered. index=771731 1580323798>1580141786
#ERR Elements not ordered. index=771736 1584231124>1579214742
#ERR Elements not ordered. index=771739 1583380095>1579628917
#ERR Elements not ordered. index=771742 1584270813>1579252428
#ERR Elements not ordered. index=771745 1584007303>1580792784
#ERR Elements not ordered. index=771747 1583996252>1581148542
#ERR Elements not ordered. index=771749 1582739352>1582458462
#ERR Elements not ordered. index=771750 1582458462>1580927757
#ERR Elements not ordered. index=771753 1584242088>1582598014
#ERR Elements not ordered. index=771754 1582598014>1579238168
#ERR Elements not ordered. index=771757 1582688063>1579353455
#ERR Elements not ordered. index=771759 1583517397>1582192491
#ERR Elements not ordered. index=771760 1582192491>1579823159
#ERR Elements not ordered. index=771762 1583383040>1583201790
#ERR Elements not ordered. index=771763 1583201790>1581844435
#ERR Elements not ordered. index=771764 1581844435>1581503098
#ERR Elements not ordered. index=771766 1582404683>1580964701
#ERR Elements not ordered. index=771769 1584097373>1582359336
#ERR Elements not ordered. index=771771 1582779358>1579394470
#ERR Elements not ordered. index=771773 1582565799>1580051513
#ERR Elements not ordered. index=771774 1580051513>1579305751
#ERR Elements not ordered. index=771776 1583554180>1583459894
#ERR Elements not ordered. index=771777 1583459894>1582096740
#ERR Elements not ordered. index=771778 1582096740>1580340626
#ERR Elements not ordered. index=771781 1584228903>1582436876
#ERR Elements not ordered. index=771782 1582436876>1580652102
#ERR Elements not ordered. index=771785 1583915138>1581659797
#ERR Elements not ordered. index=771788 1582933057>1579929778
#ERR Elements not ordered. index=771790 1580493996>1580349186
#ERR Elements not ordered. index=771792 1583454691>1583176228
#ERR Elements not ordered. index=771793 1583176228>1580902170
#ERR Elements not ordered. index=771795 1584158952>1581170040
#ERR Elements not ordered. index=771796 1581170040>1579190592
#ERR Elements not ordered. index=771798 1580927094>1580397336
#ERR Elements not ordered. index=771801 1582308634>1581295079
#ERR Elements not ordered. index=771803 1581406030>1581214810
#ERR Elements not ordered. index=771805 1583232180>1579158879
#ERR Elements not ordered. index=771807 1583723529>1581361963
#ERR Elements not ordered. index=771808 1581361963>1579517138
#ERR Elements not ordered. index=771811 1583327294>1583067832
#ERR Elements not ordered. index=771812 1583067832>1580822255
#ERR Elements not ordered. index=771813 1580822255>1579900196
#ERR Elements not ordered. index=771815 1583782658>1582086571
#ERR Elements not ordered. index=771816 1582086571>1579724555
#ERR Elements not ordered. index=771817 1579724555>1579568420
#ERR Elements not ordered. index=771819 1583810473>1583678084
#ERR Elements not ordered. index=771820 1583678084>1580556732
#ERR Elements not ordered. index=771825 1584131060>1581724866
#ERR Elements not ordered. index=771827 1583872852>1582409051
#ERR Elements not ordered. index=771828 1582409051>1582160310
#ERR Elements not ordered. index=771829 1582160310>1581824008
#ERR Elements not ordered. index=771831 1584111575>1583469652
#ERR Elements not ordered. index=771833 1584012108>1583545542
#ERR Elements not ordered. index=771834 1583545542>1579322406
#ERR Elements not ordered. index=771838 1583480921>1580800971
#ERR Elements not ordered. index=771841 1584131255>1580588599
#ERR Elements not ordered. index=771843 1583881876>1582893445
#ERR Elements not ordered. index=771845 1584217755>1582878161
#ERR Elements not ordered. index=771846 1582878161>1580954630
#ERR Elements not ordered. index=771849 1583317691>1581423524
#ERR Elements not ordered. index=771853 1583586118>1583314252
#ERR Elements not ordered. index=771854 1583314252>1579943661
#ERR Elements not ordered. index=771856 1582242811>1581072587
#ERR Elements not ordered. index=771857 1581072587>1580026370
#ERR Elements not ordered. index=771859 1580598826>1579326968
#ERR Elements not ordered. index=771862 1584230333>1581526238
#ERR Elements not ordered. index=771863 1581526238>1580317852
#ERR Elements not ordered. index=771864 1580317852>1579716407
#ERR Elements not ordered. index=771866 1583956306>1583559392
#ERR Elements not ordered. index=771867 1583559392>1579456153
#ERR Elements not ordered. index=771870 1583358766>1583061562
#ERR Elements not ordered. index=771872 1583629207>1582601690
#ERR Elements not ordered. index=771873 1582601690>1581008720
#ERR Elements not ordered. index=771875 1583960766>1580306101
#ERR Elements not ordered. index=771877 1582969596>1581489297
#ERR Elements not ordered. index=771878 1581489297>1579267683
#ERR Elements not ordered. index=771880 1582151231>1580240934
#ERR Elements not ordered. index=771882 1583760162>1581621568
#ERR Elements not ordered. index=771885 1583436855>1581487676
#ERR Elements not ordered. index=771886 1581487676>1579357820
#ERR Elements not ordered. index=771888 1581951285>1580450611
#ERR Elements not ordered. index=771892 1582127796>1580963631
#ERR Elements not ordered. index=771894 1583861966>1582660385
#ERR Elements not ordered. index=771895 1582660385>1579754787
#ERR Elements not ordered. index=771897 1583474022>1582101187
#ERR Elements not ordered. index=771898 1582101187>1581253008
#ERR Elements not ordered. index=771900 1584138965>1581454608
#ERR Elements not ordered. index=771902 1584135050>1583179422
#ERR Elements not ordered. index=771905 1583687496>1580364763
#ERR Elements not ordered. index=771907 1582472048>1580287724
#ERR Elements not ordered. index=771909 1582583542>1579276213
#ERR Elements not ordered. index=771912 1582700936>1581566878
#ERR Elements not ordered. index=771913 1581566878>1581366525
#ERR Elements not ordered. index=771915 1582661859>1581404897
#ERR Elements not ordered. index=771916 1581404897>1579660327
#ERR Elements not ordered. index=771920 1584152472>1579535232
#ERR Elements not ordered. index=771921 1579535232>1579472308
#ERR Elements not ordered. index=771923 1580473263>1579840656
#ERR Elements not ordered. index=771926 1583279178>1580497833
#ERR Elements not ordered. index=771928 1583693738>1579506476
#ERR Elements not ordered. index=771929 1579506476>1579391289
#ERR Elements not ordered. index=771931 1579681068>1579224447
#ERR Elements not ordered. index=771934 1582637731>1580410879
#ERR Elements not ordered. index=771937 1583355274>1579743125
#ERR Elements not ordered. index=771939 1583802418>1580145965
#ERR Elements not ordered. index=771941 1583708608>1580222306
#ERR Elements not ordered. index=771944 1581986162>1581843315
#ERR Elements not ordered. index=771946 1582012447>1579821114
#ERR Elements not ordered. index=771948 1581999656>1580728278
#ERR Elements not ordered. index=771950 1584207091>1580865456
#ERR Elements not ordered. index=771952 1584133490>1580732423
#ERR Elements not ordered. index=771954 1582523720>1582039809
#ERR Elements not ordered. index=771955 1582039809>1581767803
#ERR Elements not ordered. index=771956 1581767803>1580414084
#ERR Elements not ordered. index=771959 1584231582>1581267642
#ERR Elements not ordered. index=771960 1581267642>1579520806
#ERR Elements not ordered. index=771963 1581997833>1580582977
#ERR Elements not ordered. index=771964 1580582977>1580470335
#ERR Elements not ordered. index=771965 1580470335>1579300616
#ERR Elements not ordered. index=771967 1581879090>1579161638
#ERR Elements not ordered. index=771970 1582984115>1579337870
#ERR Elements not ordered. index=771972 1582911719>1582743227
#ERR Elements not ordered. index=771974 1583998472>1583006603
#ERR Elements not ordered. index=771975 1583006603>1582744469
#ERR Elements not ordered. index=771977 1583304631>1580134246
#ERR Elements not ordered. index=771978 1580134246>1579515195
#ERR Elements not ordered. index=771980 1582301804>1580628850
#ERR Elements not ordered. index=771981 1580628850>1579761049
#ERR Elements not ordered. index=771983 1581373123>1579710811
#ERR Elements not ordered. index=771985 1582331686>1581505405
#ERR Elements not ordered. index=771987 1583352210>1582744751
#ERR Elements not ordered. index=771990 1584220474>1582779770
#ERR Elements not ordered. index=771991 1582779770>1580978000
#ERR Elements not ordered. index=771993 1583464017>1579460044
#ERR Elements not ordered. index=771996 1581797655>1581267963
#ERR Elements not ordered. index=771997 1581267963>1580063489
#ERR Elements not ordered. index=771998 1580063489>1579928492
#ERR Elements not ordered. index=772001 1582861205>1582401073
#ERR Elements not ordered. index=772002 1582401073>1581922284
#ERR Elements not ordered. index=772003 1581922284>1580933962
#ERR Elements not ordered. index=772006 1583858874>1583131025
#ERR Elements not ordered. index=772008 1583756975>1581880073
#ERR Elements not ordered. index=772010 1583411285>1579837370
#ERR Elements not ordered. index=772014 1584272332>1581015924
#ERR Elements not ordered. index=772015 1581015924>1580043335
#ERR Elements not ordered. index=772016 1580043335>1579209582
#ERR Elements not ordered. index=772019 1581434668>1580818399
#ERR Elements not ordered. index=772021 1583993545>1579793587
#ERR Elements not ordered. index=772023 1584248627>1581845816
#ERR Elements not ordered. index=772024 1581845816>1580657451
#ERR Elements not ordered. index=772027 1584263071>1581007736
#ERR Elements not ordered. index=772028 1581007736>1579504645
#ERR Elements not ordered. index=772031 1583275033>1580648369
#ERR Elements not ordered. index=772033 1582196435>1580938901
#ERR Elements not ordered. index=772036 1581637761>1580839480
#ERR Elements not ordered. index=772037 1580839480>1579820638
#ERR Elements not ordered. index=772039 1584197214>1580722819
#ERR Elements not ordered. index=772041 1582317833>1581010059
#ERR Elements not ordered. index=772043 1583418546>1580118827
#ERR Elements not ordered. index=772047 1584065106>1579362724
#ERR Elements not ordered. index=772049 1581790973>1581041667
#ERR Elements not ordered. index=772052 1582421620>1582017279
#ERR Elements not ordered. index=772054 1583991559>1579840967
#ERR Elements not ordered. index=772057 1583084960>1580846704
#ERR Elements not ordered. index=772059 1583498399>1582804054
#ERR Elements not ordered. index=772060 1582804054>1581706535
#ERR Elements not ordered. index=772062 1583190004>1579953517
#ERR Elements not ordered. index=772063 1579953517>1579491031
#ERR Elements not ordered. index=772066 1582629882>1580072995
#ERR Elements not ordered. index=772068 1582492038>1579835703
#ERR Elements not ordered. index=772069 1579835703>1579536109
#ERR Elements not ordered. index=772072 1579991114>1579631778
#ERR Elements not ordered. index=772075 1584092677>1580595855
#ERR Elements not ordered. index=772078 1584270754>1583594792
#ERR Elements not ordered. index=772079 1583594792>1581663014
#ERR Elements not ordered. index=772080 1581663014>1580959234
#ERR Elements not ordered. index=772081 1580959234>1579334052
#ERR Elements not ordered. index=772083 1582287463>1579330132
#ERR Elements not ordered. index=772085 1583487144>1582207887
#ERR Elements not ordered. index=772086 1582207887>1579432712
#ERR Elements not ordered. index=772088 1583997162>1580033052
#ERR Elements not ordered. index=772089 1580033052>1579411197
#ERR Elements not ordered. index=772091 1583919992>1582204150
#ERR Elements not ordered. index=772092 1582204150>1580681842
#ERR Elements not ordered. index=772094 1583050771>1582703360
#ERR Elements not ordered. index=772095 1582703360>1582050871
#ERR Elements not ordered. index=772096 1582050871>1580567446
#ERR Elements not ordered. index=772099 1583720428>1583562518
#ERR Elements not ordered. index=772100 1583562518>1581575985
#ERR Elements not ordered. index=772101 1581575985>1579987747
#ERR Elements not ordered. index=772105 1583396831>1582259576
#ERR Elements not ordered. index=772107 1584244274>1581083890
#ERR Elements not ordered. index=772109 1584246030>1581147678
#ERR Elements not ordered. index=772111 1581399148>1580512414
#ERR Elements not ordered. index=772113 1583438089>1583400698
#ERR Elements not ordered. index=772114 1583400698>1580360817
#ERR Elements not ordered. index=772117 1584249317>1582845099
#ERR Elements not ordered. index=772118 1582845099>1581103878
#ERR Elements not ordered. index=772120 1582658966>1580896059
#ERR Elements not ordered. index=772121 1580896059>1580740584
#ERR Elements not ordered. index=772124 1583704756>1581723919
#ERR Elements not ordered. index=772126 1583247192>1580792409
#ERR Elements not ordered. index=772128 1582265680>1581575833
#ERR Elements not ordered. index=772129 1581575833>1580388021
#ERR Elements not ordered. index=772132 1583231153>1583166716
#ERR Elements not ordered. index=772134 1583606564>1583163774
#ERR Elements not ordered. index=772135 1583163774>1579907005
#ERR Elements not ordered. index=772137 1583850874>1579851232
#ERR Elements not ordered. index=772140 1582416586>1581279077
#ERR Elements not ordered. index=772142 1581404497>1580551613
#ERR Elements not ordered. index=772143 1580551613>1579875006
#ERR Elements not ordered. index=772145 1580339064>1579295546
#ERR Elements not ordered. index=772147 1581820626>1579936692
#ERR Elements not ordered. index=772149 1584115429>1583804229
#ERR Elements not ordered. index=772150 1583804229>1579460185
#ERR Elements not ordered. index=772152 1583980219>1580427259
#ERR Elements not ordered. index=772153 1580427259>1579412461
#ERR Elements not ordered. index=772155 1581843986>1579580382
#ERR Elements not ordered. index=772158 1582511791>1581648176
#ERR Elements not ordered. index=772160 1582828786>1582618655
#ERR Elements not ordered. index=772161 1582618655>1579380713
#ERR Elements not ordered. index=772163 1583607300>1582336244
#ERR Elements not ordered. index=772164 1582336244>1581968683
#ERR Elements not ordered. index=772165 1581968683>1579453723
#ERR Elements not ordered. index=772168 1581053534>1580122481
#ERR Elements not ordered. index=772169 1580122481>1580068007
#ERR Elements not ordered. index=772172 1583413075>1581119540
#ERR Elements not ordered. index=772174 1582309697>1579832061
#ERR Elements not ordered. index=772178 1583759347>1580075145
#ERR Elements not ordered. index=772179 1580075145>1579246128
#ERR Elements not ordered. index=772181 1582509373>1582291614
#ERR Elements not ordered. index=772182 1582291614>1581929836
#ERR Elements not ordered. index=772185 1583894355>1582202039
#ERR Elements not ordered. index=772186 1582202039>1581085788
#ERR Elements not ordered. index=772188 1583188297>1580133976
#ERR Elements not ordered. index=772189 1580133976>1579388728
#ERR Elements not ordered. index=772191 1581214066>1579796917
#ERR Elements not ordered. index=772193 1584144279>1582424448
#ERR Elements not ordered. index=772195 1583819197>1579387013
#ERR Elements not ordered. index=772199 1583908836>1582407373
#ERR Elements not ordered. index=772200 1582407373>1580650763
#ERR Elements not ordered. index=772203 1584160947>1581078443
#ERR Elements not ordered. index=772205 1582241747>1581132658
#ERR Elements not ordered. index=772207 1582774701>1580271424
#ERR Elements not ordered. index=772209 1582551377>1580128982
#ERR Elements not ordered. index=772211 1583540205>1581385891
#ERR Elements not ordered. index=772213 1582825997>1581109901
#ERR Elements not ordered. index=772214 1581109901>1580524205
#ERR Elements not ordered. index=772216 1582648010>1581733030
#ERR Elements not ordered. index=772218 1582730333>1581828759
#ERR Elements not ordered. index=772220 1583252426>1580270601
#ERR Elements not ordered. index=772222 1583450914>1579620088
#ERR Elements not ordered. index=772224 1583774461>1582823681
#ERR Elements not ordered. index=772226 1584212467>1581423892
#ERR Elements not ordered. index=772228 1583880938>1580813024
#ERR Elements not ordered. index=772230 1581316011>1580261159
#ERR Elements not ordered. index=772231 1580261159>1579847681
#ERR Elements not ordered. index=772236 1583717638>1581190322
#ERR Elements not ordered. index=772237 1581190322>1580128068
#ERR Elements not ordered. index=772238 1580128068>1579735033
#ERR Elements not ordered. index=772240 1581332912>1580121479
#ERR Elements not ordered. index=772241 1580121479>1579887160
#ERR Elements not ordered. index=772243 1581422272>1580776460
#ERR Elements not ordered. index=772245 1582272638>1580134583
#ERR Elements not ordered. index=772248 1584078966>1580931983
#ERR Elements not ordered. index=772251 1583909291>1581521291
#ERR Elements not ordered. index=772255 1583367076>1581366084
#ERR Elements not ordered. index=772256 1581366084>1579152971
#ERR Elements not ordered. index=772258 1583774003>1582962715
#ERR Elements not ordered. index=772260 1583390496>1582262965
#ERR Elements not ordered. index=772261 1582262965>1582097389
#ERR Elements not ordered. index=772262 1582097389>1580116344
#ERR Elements not ordered. index=772263 1580116344>1579284339
#ERR Elements not ordered. index=772268 1583205855>1580160786
#ERR Elements not ordered. index=772272 1584219330>1580870665
#ERR Elements not ordered. index=772274 1584067752>1580170075
#ERR Elements not ordered. index=772278 1584240878>1581505570
#ERR Elements not ordered. index=772282 1583697794>1581232621
#ERR Elements not ordered. index=772283 1581232621>1580289915
#ERR Elements not ordered. index=772287 1581096503>1581030838
#ERR Elements not ordered. index=772288 1581030838>1579481595
#ERR Elements not ordered. index=772290 1581307326>1579450423
#ERR Elements not ordered. index=772293 1582641961>1580587958
#ERR Elements not ordered. index=772296 1584186758>1581856224
#ERR Elements not ordered. index=772297 1581856224>1581447698
#ERR Elements not ordered. index=772300 1582853911>1581756030
#ERR Elements not ordered. index=772302 1583858694>1580529624
#ERR Elements not ordered. index=772303 1580529624>1580428283
#ERR Elements not ordered. index=772306 1581883067>1581190305
#ERR Elements not ordered. index=772308 1584172792>1582853220
#ERR Elements not ordered. index=772309 1582853220>1579671987
#ERR Elements not ordered. index=772313 1584169137>1581399033
#ERR Elements not ordered. index=772314 1581399033>1580877037
#ERR Elements not ordered. index=772317 1583533950>1582138370
#ERR Elements not ordered. index=772319 1584133808>1584007777
#ERR Elements not ordered. index=772320 1584007777>1582770226
#ERR Elements not ordered. index=772321 1582770226>1581532741
#ERR Elements not ordered. index=772322 1581532741>1580429571
#ERR Elements not ordered. index=772325 1583381501>1579806319
#ERR Elements not ordered. index=772326 1579806319>1579751711
#ERR Elements not ordered. index=772328 1582858244>1579216740
#ERR Elements not ordered. index=772331 1581084529>1579187201
#ERR Elements not ordered. index=772333 1584178995>1583588328
#ERR Elements not ordered. index=772334 1583588328>1582022943
#ERR Elements not ordered. index=772335 1582022943>1581069004
#ERR Elements not ordered. index=772337 1581790010>1579211023
#ERR Elements not ordered. index=772339 1583494840>1583394825
#ERR Elements not ordered. index=772340 1583394825>1582027842
#ERR Elements not ordered. index=772342 1583140675>1579276800
#ERR Elements not ordered. index=772344 1580547335>1579641302
#ERR Elements not ordered. index=772347 1584157753>1580888590
#SDC Ite:0 KerTime:3.623249 AccTime:3.623249 KerErr:2051 AccErr:2051
#ABORT too many errors per iteration
#END