#HEADER size:1048576
#BEGIN Y:2016 M:09 D:13 Time:17:43:06
#IT Ite:0 KerTime:4.173120 AccTime:4.173120
#ERR Elements not ordered. index=288988 630438078>592237489
#ERR Elements not ordered. index=288989 592237489>591246373
#ERR Elements not ordered. index=288992 636458116>628177040
#ERR Elements not ordered. index=288993 628177040>624138753
#ERR Elements not ordered. index=288994 624138753>622239278
#ERR Elements not ordered. index=288995 622239278>614108648
#ERR Elements not ordered. index=288996 614108648>607918159
#ERR Elements not ordered. index=288997 607918159>601578214
#ERR Elements not ordered. index=288999 605006277>602636514
#ERR Elements not ordered. index=289001 637088296>621842863
#ERR Elements not ordered. index=289003 632728748>594178996
#ERR Elements not ordered. index=289007 634591022>604618813
#ERR Elements not ordered. index=289009 624710532>621151271
#ERR Elements not ordered. index=289011 632186263>604197733
#ERR Elements not ordered. index=289013 633156096>614818004
#ERR Elements not ordered. index=289015 623911320>623109740
#ERR Elements not ordered. index=289016 623109740>611460939
#ERR Elements not ordered. index=289017 611460939>607221990
#ERR Elements not ordered. index=289019 619065587>604501451
#ERR Elements not ordered. index=289022 635348326>620364519
#ERR Elements not ordered. index=289023 620364519>608682286
#ERR Elements not ordered. index=289025 627056056>591796145
#ERR Elements not ordered. index=289027 637038422>618179392
#ERR Elements not ordered. index=289028 618179392>591496308
#ERR Elements not ordered. index=289031 630869011>616682111
#ERR Elements not ordered. index=289032 616682111>612538632
#ERR Elements not ordered. index=289035 626715839>618450960
#ERR Elements not ordered. index=289036 618450960>592762782
#ERR Elements not ordered. index=289039 614815207>604487625
#ERR Elements not ordered. index=289042 635927865>608157338
#ERR Elements not ordered. index=289045 619844704>594566418
#ERR Elements not ordered. index=289049 619479767>599527002
#ERR Elements not ordered. index=289050 599527002>596503180
#ERR Elements not ordered. index=289052 629245036>621465976
#ERR Elements not ordered. index=289053 621465976>615223900
#ERR Elements not ordered. index=289055 631826001>601290279
#ERR Elements not ordered. index=289057 630315317>618559352
#ERR Elements not ordered. index=289058 618559352>595180261
#ERR Elements not ordered. index=289060 625599417>606550931
#ERR Elements not ordered. index=289062 610676007>602457297
#ERR Elements not ordered. index=289064 616532289>612620637
#ERR Elements not ordered. index=289066 628806026>625088372
#ERR Elements not ordered. index=289067 625088372>611292704
#ERR Elements not ordered. index=289070 621848707>596365661
#ERR Elements not ordered. index=289073 631488878>620541678
#ERR Elements not ordered. index=289074 620541678>611331170
#ERR Elements not ordered. index=289075 611331170>591233295
#ERR Elements not ordered. index=289077 636660515>631910999
#ERR Elements not ordered. index=289078 631910999>591433454
#ERR Elements not ordered. index=289081 616025114>601547957
#ERR Elements not ordered. index=289083 633784812>605067177
#ERR Elements not ordered. index=289085 633706649>604754509
#ERR Elements not ordered. index=289086 604754509>597796632
#ERR Elements not ordered. index=289089 630038204>595748429
#ERR Elements not ordered. index=289090 595748429>592027749
#ERR Elements not ordered. index=289092 620885450>615261583
#ERR Elements not ordered. index=289093 615261583>613416201
#ERR Elements not ordered. index=289095 628374842>592927278
#ERR Elements not ordered. index=289097 625571504>613013630
#ERR Elements not ordered. index=289098 613013630>592624474
#ERR Elements not ordered. index=289100 625128386>615192664
#ERR Elements not ordered. index=289102 617023420>591838561
#ERR Elements not ordered. index=289104 619274011>591186296
#ERR Elements not ordered. index=289109 633812009>632282174
#ERR Elements not ordered. index=289110 632282174>609219222
#ERR Elements not ordered. index=289111 609219222>608406553
#ERR Elements not ordered. index=289112 608406553>595323928
#ERR Elements not ordered. index=289115 631909484>604165981
#ERR Elements not ordered. index=289118 635313711>618299463
#ERR Elements not ordered. index=289120 623907691>611276402
#ERR Elements not ordered. index=289121 611276402>595702117
#ERR Elements not ordered. index=289125 631422721>608807584
#ERR Elements not ordered. index=289126 608807584>606018009
#ERR Elements not ordered. index=289129 636834258>615871269
#ERR Elements not ordered. index=289130 615871269>604255672
#ERR Elements not ordered. index=289132 630198082>591936487
#ERR Elements not ordered. index=289134 626098587>611747555
#ERR Elements not ordered. index=289135 611747555>592999900
#ERR Elements not ordered. index=289138 629844890>619588908
#ERR Elements not ordered. index=289140 636564939>624266817
#ERR Elements not ordered. index=289141 624266817>619948037
#ERR Elements not ordered. index=289142 619948037>599760022
#ERR Elements not ordered. index=289144 626665311>610838735
#ERR Elements not ordered. index=289146 619148725>618777996
#ERR Elements not ordered. index=289148 633681319>618958599
#ERR Elements not ordered. index=289149 618958599>614732737
#ERR Elements not ordered. index=289150 614732737>603988246
#ERR Elements not ordered. index=289152 620220878>615981443
#ERR Elements not ordered. index=289154 630805477>597360687
#ERR Elements not ordered. index=289156 629082345>618341976
#ERR Elements not ordered. index=289157 618341976>599402427
#ERR Elements not ordered. index=289159 629078687>599566168
#ERR Elements not ordered. index=289161 628755228>614543509
#ERR Elements not ordered. index=289162 614543509>603544863
#ERR Elements not ordered. index=289163 603544863>600140589
#ERR Elements not ordered. index=289166 629525289>628952631
#ERR Elements not ordered. index=289167 628952631>604968003
#ERR Elements not ordered. index=289168 604968003>600555517
#ERR Elements not ordered. index=289171 637021803>622687072
#ERR Elements not ordered. index=289172 622687072>598167481
#ERR Elements not ordered. index=289173 598167481>596940914
#ERR Elements not ordered. index=289175 633398936>591859462
#ERR Elements not ordered. index=289179 628356196>599660597
#ERR Elements not ordered. index=289183 616943365>592927715
#ERR Elements not ordered. index=289185 623717039>592004070
#ERR Elements not ordered. index=289187 628357304>609754327
#ERR Elements not ordered. index=289189 610173817>608354299
#ERR Elements not ordered. index=289190 608354299>602124093
#ERR Elements not ordered. index=289192 623068637>592102916
#ERR Elements not ordered. index=289197 632877249>605503149
#ERR Elements not ordered. index=289198 605503149>603371022
#ERR Elements not ordered. index=289199 603371022>595562982
#ERR Elements not ordered. index=289201 602282249>595799278
#ERR Elements not ordered. index=289203 625415361>598813985
#ERR Elements not ordered. index=289205 607359278>606973535
#ERR Elements not ordered. index=289206 606973535>595285409
#ERR Elements not ordered. index=289210 621552176>592836177
#ERR Elements not ordered. index=289212 633382250>595375828
#ERR Elements not ordered. index=289215 630035522>597646086
#ERR Elements not ordered. index=289218 626629955>625847715
#ERR Elements not ordered. index=289219 625847715>604863081
#ERR Elements not ordered. index=289222 625939369>622194503
#ERR Elements not ordered. index=289225 631185421>622691903
#ERR Elements not ordered. index=289226 622691903>616481837
#ERR Elements not ordered. index=289227 616481837>601226973
#ERR Elements not ordered. index=289229 634878329>603882736
#ERR Elements not ordered. index=289230 603882736>592626262
#ERR Elements not ordered. index=289233 612568272>610032155
#ERR Elements not ordered. index=289235 625902941>618345006
#ERR Elements not ordered. index=289236 618345006>616085042
#ERR Elements not ordered. index=289237 616085042>609302445
#ERR Elements not ordered. index=289240 632047503>617327718
#ERR Elements not ordered. index=289242 630650354>622811662
#ERR Elements not ordered. index=289244 627978183>608946132
#ERR Elements not ordered. index=289245 608946132>595792300
#ERR Elements not ordered. index=289247 631765658>627434728
#ERR Elements not ordered. index=289248 627434728>591146070
#ERR Elements not ordered. index=289250 634677042>626682155
#ERR Elements not ordered. index=289251 626682155>598725048
#ERR Elements not ordered. index=289254 636578577>622862923
#ERR Elements not ordered. index=289256 622938272>597799939
#ERR Elements not ordered. index=289258 622980235>607097587
#ERR Elements not ordered. index=289259 607097587>593339019
#ERR Elements not ordered. index=289261 619238968>599019855
#ERR Elements not ordered. index=289263 633293099>617850518
#ERR Elements not ordered. index=289265 623806896>616651265
#ERR Elements not ordered. index=289266 616651265>595341976
#ERR Elements not ordered. index=289269 619683207>598063996
#ERR Elements not ordered. index=289272 630929937>598356713
#ERR Elements not ordered. index=289274 610817127>591236470
#ERR Elements not ordered. index=289279 622903829>608945989
#ERR Elements not ordered. index=289281 609724996>603791590
#ERR Elements not ordered. index=289284 634922243>599794328
#ERR Elements not ordered. index=289285 599794328>594808467
#ERR Elements not ordered. index=289287 626395873>612758206
#ERR Elements not ordered. index=289288 612758206>607911815
#ERR Elements not ordered. index=289289 607911815>602354077
#ERR Elements not ordered. index=289291 629281278>617356892
#ERR Elements not ordered. index=289295 636488312>615164779
#ERR Elements not ordered. index=289297 622547471>608402977
#ERR Elements not ordered. index=289298 608402977>597853033
#ERR Elements not ordered. index=289300 611202456>607186677
#ERR Elements not ordered. index=289303 636911195>607328975
#ERR Elements not ordered. index=289304 607328975>603322828
#ERR Elements not ordered. index=289306 622550531>622293951
#ERR Elements not ordered. index=289308 623479933>619910742
#ERR Elements not ordered. index=289309 619910742>593291765
#ERR Elements not ordered. index=289312 612289321>597608313
#ERR Elements not ordered. index=289317 630629879>624329236
#ERR Elements not ordered. index=289318 624329236>604881593
#ERR Elements not ordered. index=289319 604881593>591166712
#ERR Elements not ordered. index=289321 629212024>601718324
#ERR Elements not ordered. index=289322 601718324>597442910
#ERR Elements not ordered. index=289325 617493195>592249804
#ERR Elements not ordered. index=289327 633396739>618748614
#ERR Elements not ordered. index=289328 618748614>591184126
#ERR Elements not ordered. index=289330 636667443>627568362
#ERR Elements not ordered. index=289331 627568362>591510415
#ERR Elements not ordered. index=289334 601705253>598904592
#ERR Elements not ordered. index=289337 620267240>601843590
#ERR Elements not ordered. index=289338 601843590>595746884
#ERR Elements not ordered. index=289341 633349069>610998031
#ERR Elements not ordered. index=289343 615475956>611159718
#ERR Elements not ordered. index=289344 611159718>591484462
#ERR Elements not ordered. index=289347 628790439>620847036
#ERR Elements not ordered. index=289349 634789848>610348239
#ERR Elements not ordered. index=289350 610348239>596633460
#ERR Elements not ordered. index=289353 631273823>617216289
#ERR Elements not ordered. index=289354 617216289>591802958
#ERR Elements not ordered. index=289356 630426542>594318333
#ERR Elements not ordered. index=289358 625938099>596126454
#ERR Elements not ordered. index=289361 621088732>605693822
#ERR Elements not ordered. index=289363 627701322>604822892
#ERR Elements not ordered. index=289364 604822892>592218726
#ERR Elements not ordered. index=289366 630415768>616926274
#ERR Elements not ordered. index=289367 616926274>599143376
#ERR Elements not ordered. index=289368 599143376>591986466
#ERR Elements not ordered. index=289371 627446720>593245966
#ERR Elements not ordered. index=289376 628537661>615066882
#ERR Elements not ordered. index=289377 615066882>605565225
#ERR Elements not ordered. index=289379 612008381>594275426
#ERR Elements not ordered. index=289382 614443911>603008833
#ERR Elements not ordered. index=289386 636346842>630839425
#ERR Elements not ordered. index=289387 630839425>603971029
#ERR Elements not ordered. index=289389 612592925>598619725
#ERR Elements not ordered. index=289391 627508669>606903169
#ERR Elements not ordered. index=289393 625982429>612543208
#ERR Elements not ordered. index=289396 626567032>592446946
#ERR Elements not ordered. index=289399 627402659>624713712
#ERR Elements not ordered. index=289400 624713712>604266952
#ERR Elements not ordered. index=289402 617338612>598714084
#ERR Elements not ordered. index=289405 630755564>619534012
#ERR Elements not ordered. index=289407 623345642>594873664
#ERR Elements not ordered. index=289411 636634990>619665754
#ERR Elements not ordered. index=289412 619665754>591342960
#ERR Elements not ordered. index=289415 598660238>596072785
#ERR Elements not ordered. index=289418 635438991>631137007
#ERR Elements not ordered. index=289419 631137007>611609684
#ERR Elements not ordered. index=289421 618381385>598304902
#ERR Elements not ordered. index=289423 610012824>603816968
#ERR Elements not ordered. index=289424 603816968>601354110
#ERR Elements not ordered. index=289426 603494102>592569876
#ERR Elements not ordered. index=289428 624926005>620563083
#ERR Elements not ordered. index=289429 620563083>596645946
#ERR Elements not ordered. index=289430 596645946>592204335
#ERR Elements not ordered. index=289434 632532728>608427307
#ERR Elements not ordered. index=289436 630914950>622789296
#ERR Elements not ordered. index=289438 625824332>592384805
#ERR Elements not ordered. index=289442 635263340>596253065
#ERR Elements not ordered. index=289445 636466892>609432375
#ERR Elements not ordered. index=289448 627367842>615886617
#ERR Elements not ordered. index=289449 615886617>593821799
#ERR Elements not ordered. index=289454 627933130>613672288
#ERR Elements not ordered. index=289456 634252962>630825511
#ERR Elements not ordered. index=289457 630825511>596490344
#ERR Elements not ordered. index=289459 597975612>593063835
#ERR Elements not ordered. index=289461 617916699>612491431
#ERR Elements not ordered. index=289463 618749706>615259434
#ERR Elements not ordered. index=289464 615259434>594566020
#ERR Elements not ordered. index=289467 621325234>608657002
#ERR Elements not ordered. index=289468 608657002>596644281
#ERR Elements not ordered. index=289471 632426298>630612565
#ERR Elements not ordered. index=289472 630612565>599889721
#ERR Elements not ordered. index=289474 632596860>624948416
#ERR Elements not ordered. index=289476 631393738>623917433
#ERR Elements not ordered. index=289477 623917433>607217734
#ERR Elements not ordered. index=289480 631994907>619630773
#ERR Elements not ordered. index=289481 619630773>592459647
#ERR Elements not ordered. index=289483 606544477>596922322
#ERR Elements not ordered. index=289486 629622733>622133227
#ERR Elements not ordered. index=289488 635527421>616508175
#ERR Elements not ordered. index=289490 636568264>620116049
#ERR Elements not ordered. index=289491 620116049>592941589
#ERR Elements not ordered. index=289493 613203426>605897096
#ERR Elements not ordered. index=289495 626214789>624998864
#ERR Elements not ordered. index=289497 626439902>611521331
#ERR Elements not ordered. index=289498 611521331>597293335
#ERR Elements not ordered. index=289500 627091430>593937034
#ERR Elements not ordered. index=289503 624867302>598575294
#ERR Elements not ordered. index=289505 632556503>626451455
#ERR Elements not ordered. index=289506 626451455>614962378
#ERR Elements not ordered. index=289508 635941752>621285530
#ERR Elements not ordered. index=289509 621285530>612749727
#ERR Elements not ordered. index=289512 635099795>632535038
#ERR Elements not ordered. index=289513 632535038>597172490
#ERR Elements not ordered. index=289515 635353407>618495862
#ERR Elements not ordered. index=289517 623157150>607386255
#ERR Elements not ordered. index=289518 607386255>599731524
#ERR Elements not ordered. index=289521 626987483>593471068
#ERR Elements not ordered. index=289523 620908954>611362803
#ERR Elements not ordered. index=289524 611362803>591757656
#ERR Elements not ordered. index=289528 618296011>617705681
#ERR Elements not ordered. index=289529 617705681>606119415
#ERR Elements not ordered. index=289530 606119415>598685815
#ERR Elements not ordered. index=289531 598685815>595200796
#ERR Elements not ordered. index=289533 606942980>594392408
#ERR Elements not ordered. index=289535 601830413>593433160
#ERR Elements not ordered. index=289537 625928291>621798869
#ERR Elements not ordered. index=289538 621798869>600651346
#ERR Elements not ordered. index=289540 604776034>600881342
#ERR Elements not ordered. index=289544 621581492>617542493
#ERR Elements not ordered. index=289546 628563372>626382793
#ERR Elements not ordered. index=289548 633933118>603150567
#ERR Elements not ordered. index=289551 617317542>610311283
#ERR Elements not ordered. index=289552 610311283>601240605
#ERR Elements not ordered. index=289556 633045480>616477205
#ERR Elements not ordered. index=289558 625302550>609801476
#ERR Elements not ordered. index=289560 623507141>592289160
#ERR Elements not ordered. index=289562 625123905>609101110
#ERR Elements not ordered. index=289565 633980079>630777614
#ERR Elements not ordered. index=289567 636420250>610712784
#ERR Elements not ordered. index=289569 617211667>600537837
#ERR Elements not ordered. index=289571 612649395>591578614
#ERR Elements not ordered. index=289574 634727388>594955245
#ERR Elements not ordered. index=289579 632553322>595995060
#ERR Elements not ordered. index=289582 619882775>593826679
#ERR Elements not ordered. index=289584 622932960>598883378
#ERR Elements not ordered. index=289586 622891166>599134406
#ERR Elements not ordered. index=289587 599134406>592943911
#ERR Elements not ordered. index=289589 619109471>617933742
#ERR Elements not ordered. index=289591 630370354>625156684
#ERR Elements not ordered. index=289592 625156684>615740771
#ERR Elements not ordered. index=289594 625518691>593395879
#ERR Elements not ordered. index=289596 630467994>628549215
#ERR Elements not ordered. index=289597 628549215>627536355
#ERR Elements not ordered. index=289598 627536355>602025848
#ERR Elements not ordered. index=289600 624057070>609721936
#ERR Elements not ordered. index=289602 632622158>595936410
#ERR Elements not ordered. index=289604 633086046>626392885
#ERR Elements not ordered. index=289606 632038197>609022719
#ERR Elements not ordered. index=289609 634656450>599546143
#ERR Elements not ordered. index=289612 613398809>596261530
#ERR Elements not ordered. index=289617 633989657>633245642
#ERR Elements not ordered. index=289618 633245642>613801608
#ERR Elements not ordered. index=289619 613801608>600174215
#ERR Elements not ordered. index=289621 636504936>623857595
#ERR Elements not ordered. index=289622 623857595>594056541
#ERR Elements not ordered. index=289625 626242303>618199723
#ERR Elements not ordered. index=289627 632198755>624290807
#ERR Elements not ordered. index=289629 636155832>605104660
#ERR Elements not ordered. index=289631 617006705>606091630
#ERR Elements not ordered. index=289634 634936428>615802674
#ERR Elements not ordered. index=289635 615802674>602604217
#ERR Elements not ordered. index=289636 602604217>593785624
#ERR Elements not ordered. index=289639 636355272>596569799
#ERR Elements not ordered. index=289641 634537240>594379710
#ERR Elements not ordered. index=289644 635555317>614483210
#ERR Elements not ordered. index=289645 614483210>609511117
#ERR Elements not ordered. index=289648 631509153>612588142
#ERR Elements not ordered. index=289650 633782005>594754341
#ERR Elements not ordered. index=289655 636246115>634410596
#ERR Elements not ordered. index=289657 635511604>618097523
#ERR Elements not ordered. index=289658 618097523>601432770
#ERR Elements not ordered. index=289660 632339465>623329612
#ERR Elements not ordered. index=289661 623329612>595481453
#ERR Elements not ordered. index=289663 607366249>596303468
#ERR Elements not ordered. index=289665 634460335>633625672
#ERR Elements not ordered. index=289666 633625672>633307658
#ERR Elements not ordered. index=289667 633307658>628058441
#ERR Elements not ordered. index=289668 628058441>607604184
#ERR Elements not ordered. index=289669 607604184>600062986
#ERR Elements not ordered. index=289671 626884578>613368452
#ERR Elements not ordered. index=289672 613368452>605225221
#ERR Elements not ordered. index=289673 605225221>596852141
#ERR Elements not ordered. index=289675 630245039>619052632
#ERR Elements not ordered. index=289676 619052632>616842646
#ERR Elements not ordered. index=289679 630178680>613567004
#ERR Elements not ordered. index=289680 613567004>612708917
#ERR Elements not ordered. index=289684 631900982>627910347
#ERR Elements not ordered. index=289686 636940846>629641056
#ERR Elements not ordered. index=289687 629641056>627943207
#ERR Elements not ordered. index=289688 627943207>600596737
#ERR Elements not ordered. index=289691 630704474>602891656
#ERR Elements not ordered. index=289693 635185254>633137175
#ERR Elements not ordered. index=289694 633137175>598581558
#ERR Elements not ordered. index=289695 598581558>596383413
#ERR Elements not ordered. index=289697 635568580>601169774
#ERR Elements not ordered. index=289698 601169774>600439537
#ERR Elements not ordered. index=289699 600439537>599397507
#ERR Elements not ordered. index=289701 635234757>623233839
#ERR Elements not ordered. index=289703 625361750>619023059
#ERR Elements not ordered. index=289705 633673919>631391270
#ERR Elements not ordered. index=289706 631391270>595246639
#ERR Elements not ordered. index=289707 595246639>593162019
#ERR Elements not ordered. index=289709 629938032>600304293
#ERR Elements not ordered. index=289711 635588826>629167396
#ERR Elements not ordered. index=289713 634923022>626605803
#ERR Elements not ordered. index=289715 635330249>598009189
#ERR Elements not ordered. index=289718 628417659>609763833
#ERR Elements not ordered. index=289719 609763833>594994845
#ERR Elements not ordered. index=289720 594994845>592758518
#ERR Elements not ordered. index=289723 634907482>621799342
#ERR Elements not ordered. index=289725 632771028>592552715
#ERR Elements not ordered. index=289728 632547080>616191922
#ERR Elements not ordered. index=289731 634979445>610449425
#ERR Elements not ordered. index=289733 627866151>592705964
#ERR Elements not ordered. index=289735 619883924>591734329
#ERR Elements not ordered. index=289737 614613945>591514990
#ERR Elements not ordered. index=289740 612074459>592222786
#ERR Elements not ordered. index=289743 636820104>597900832
#ERR Elements not ordered. index=289746 634033058>625651531
#ERR Elements not ordered. index=289747 625651531>592955622
#ERR Elements not ordered. index=289749 622096650>593520305
#ERR Elements not ordered. index=289752 634700467>634338163
#ERR Elements not ordered. index=289753 634338163>626033628
#ERR Elements not ordered. index=289754 626033628>618537203
#ERR Elements not ordered. index=289756 623119336>611000169
#ERR Elements not ordered. index=289758 616216078>596983575
#ERR Elements not ordered. index=289759 596983575>593131814
#ERR Elements not ordered. index=289762 627738066>592018911
#ERR Elements not ordered. index=289763 592018911>591499589
#ERR Elements not ordered. index=289765 617650289>608339146
#ERR Elements not ordered. index=289766 608339146>598402088
#ERR Elements not ordered. index=289768 632124117>626749396
#ERR Elements not ordered. index=289771 634847217>619312605
#ERR Elements not ordered. index=289773 629692880>603631918
#ERR Elements not ordered. index=289775 624280433>609815658
#ERR Elements not ordered. index=289777 617401159>599146287
#ERR Elements not ordered. index=289780 628179091>602508363
#ERR Elements not ordered. index=289783 636496353>620491298
#ERR Elements not ordered. index=289784 620491298>611193891
#ERR Elements not ordered. index=289786 635529295>621434609
#ERR Elements not ordered. index=289787 621434609>606595331
#ERR Elements not ordered. index=289788 606595331>596441859
#ERR Elements not ordered. index=289791 609570928>601035262
#ERR Elements not ordered. index=289793 633248709>630348816
#ERR Elements not ordered. index=289794 630348816>608267317
#ERR Elements not ordered. index=289795 608267317>596103128
#ERR Elements not ordered. index=289797 628227748>604368729
#ERR Elements not ordered. index=289798 604368729>595666458
#ERR Elements not ordered. index=289801 631034476>608189272
#ERR Elements not ordered. index=289804 634502770>620392171
#ERR Elements not ordered. index=289805 620392171>595359766
#ERR Elements not ordered. index=289807 631246852>604712916
#ERR Elements not ordered. index=289810 635859082>620657068
#ERR Elements not ordered. index=289811 620657068>592030999
#ERR Elements not ordered. index=289813 597573910>591924371
#ERR Elements not ordered. index=289816 613362988>603948851
#ERR Elements not ordered. index=289818 630888119>601845330
#ERR Elements not ordered. index=289820 625340667>606241983
#ERR Elements not ordered. index=289822 633490046>591390430
#ERR Elements not ordered. index=289825 633292140>617113641
#ERR Elements not ordered. index=289827 630781752>611321003
#ERR Elements not ordered. index=289830 633677952>604097731
#ERR Elements not ordered. index=289832 637097190>628417584
#ERR Elements not ordered. index=289833 628417584>600211337
#ERR Elements not ordered. index=289835 616996768>598697180
#ERR Elements not ordered. index=289838 626046913>606508874
#ERR Elements not ordered. index=289840 634445767>614290312
#ERR Elements not ordered. index=289842 618781374>593710483
#ERR Elements not ordered. index=289844 610664948>603688680
#ERR Elements not ordered. index=289846 621901857>601639013
#ERR Elements not ordered. index=289851 626719940>596230170
#ERR Elements not ordered. index=289854 633085218>627516204
#ERR Elements not ordered. index=289855 627516204>624956675
#ERR Elements not ordered. index=289856 624956675>595641309
#ERR Elements not ordered. index=289857 595641309>595635993
#ERR Elements not ordered. index=289859 631821862>602857618
#ERR Elements not ordered. index=289861 606048791>594981550
#ERR Elements not ordered. index=289864 611014144>609679780
#ERR Elements not ordered. index=289865 609679780>605760271
#ERR Elements not ordered. index=289870 633892073>631987959
#ERR Elements not ordered. index=289871 631987959>625319193
#ERR Elements not ordered. index=289872 625319193>595360746
#ERR Elements not ordered. index=289875 632518349>618144619
#ERR Elements not ordered. index=289878 635689149>595524538
#ERR Elements not ordered. index=289880 599695196>594574519
#ERR Elements not ordered. index=289882 635548408>610628168
#ERR Elements not ordered. index=289884 630921713>595969137
#ERR Elements not ordered. index=289886 624967914>624372092
#ERR Elements not ordered. index=289887 624372092>619616469
#ERR Elements not ordered. index=289889 628478804>591270026
#ERR Elements not ordered. index=289892 630752244>613322975
#ERR Elements not ordered. index=289894 636745052>592903544
#ERR Elements not ordered. index=289896 630241916>629755838
#ERR Elements not ordered. index=289897 629755838>616056394
#ERR Elements not ordered. index=289898 616056394>614880179
#ERR Elements not ordered. index=289899 614880179>597620245
#ERR Elements not ordered. index=289903 633867999>598043576
#ERR Elements not ordered. index=289906 625601292>614855212
#ERR Elements not ordered. index=289908 621762634>612204033
#ERR Elements not ordered. index=289909 612204033>611314898
#ERR Elements not ordered. index=289910 611314898>600027745
#ERR Elements not ordered. index=289912 624154008>618091207
#ERR Elements not ordered. index=289914 631916803>599285853
#ERR Elements not ordered. index=289916 635994523>609129582
#ERR Elements not ordered. index=289917 609129582>592404339
#ERR Elements not ordered. index=289919 605822912>593115590
#ERR Elements not ordered. index=289921 607819754>597756060
#ERR Elements not ordered. index=289923 618988121>599707125
#ERR Elements not ordered. index=289926 622861444>621939478
#ERR Elements not ordered. index=289930 628889727>613254306
#ERR Elements not ordered. index=289933 631715847>598473464
#ERR Elements not ordered. index=289935 610158867>595176740
#ERR Elements not ordered. index=289938 635414016>612675786
#ERR Elements not ordered. index=289940 631424516>619094902
#ERR Elements not ordered. index=289941 619094902>597183736
#ERR Elements not ordered. index=289943 620084234>596710991
#ERR Elements not ordered. index=289945 609030159>597571549
#ERR Elements not ordered. index=289947 631932271>610336914
#ERR Elements not ordered. index=289948 610336914>599587399
#ERR Elements not ordered. index=289949 599587399>598996107
#ERR Elements not ordered. index=289950 598996107>595027370
#ERR Elements not ordered. index=289953 599575907>598831156
#ERR Elements not ordered. index=289956 626570317>620687005
#ERR Elements not ordered. index=289957 620687005>595458519
#ERR Elements not ordered. index=289959 635037833>603079745
#ERR Elements not ordered. index=289962 635278008>604102365
#ERR Elements not ordered. index=289964 608009937>592373612
#ERR Elements not ordered. index=289968 632615801>624099114
#ERR Elements not ordered. index=289969 624099114>606596981
#ERR Elements not ordered. index=289971 606824364>598165419
#ERR Elements not ordered. index=289973 620651970>610438377
#ERR Elements not ordered. index=289974 610438377>596589279
#ERR Elements not ordered. index=289977 628400028>608104702
#ERR Elements not ordered. index=289978 608104702>599241658
#ERR Elements not ordered. index=289980 626450140>605308693
#ERR Elements not ordered. index=289981 605308693>603108553
#ERR Elements not ordered. index=289982 603108553>602054811
#ERR Elements not ordered. index=289984 627321566>626195449
#SDC Ite:0 KerTime:4.173120 AccTime:4.173120 KerErr:11383 AccErr:11383
#ABORT too many errors per iteration
#END