#HEADER size:1048576
#BEGIN Y:2016 M:09 D:13 Time:17:56:39
#IT Ite:0 KerTime:4.278552 AccTime:4.278552
#ERR The histogram from element 178726424 differs. srcHist=1 dstHist=2

#ERR The histogram from element 180003597 differs. srcHist=1 dstHist=0

#ERR Elements not ordered. index=86817 177712010>177463281
#ERR Elements not ordered. index=86820 178030220>177938696
#ERR Elements not ordered. index=86821 177938696>177369616
#ERR Elements not ordered. index=86823 177739331>177554286
#ERR Elements not ordered. index=86825 177666249>177567080
#ERR Elements not ordered. index=86826 177567080>177444697
#ERR Elements not ordered. index=86828 177661369>177252079
#ERR Elements not ordered. index=86830 177639201>177331032
#ERR Elements not ordered. index=86832 177640187>177435284
#ERR Elements not ordered. index=86835 177869601>177783643
#ERR Elements not ordered. index=86836 177783643>177673159
#ERR Elements not ordered. index=86837 177673159>177024686
#ERR Elements not ordered. index=86840 178029045>177802556
#ERR Elements not ordered. index=86842 177900564>177553639
#ERR Elements not ordered. index=86844 177889967>177675853
#ERR Elements not ordered. index=86845 177675853>177113466
#ERR Elements not ordered. index=86848 177395034>177294803
#ERR Elements not ordered. index=86849 177294803>177181971
#ERR Elements not ordered. index=86851 177289100>177036004
#ERR Elements not ordered. index=86854 177888311>177263318
#ERR Elements not ordered. index=86855 177263318>177051738
#ERR Elements not ordered. index=86859 178018003>177276201
#ERR Elements not ordered. index=86862 177961808>177447853
#ERR Elements not ordered. index=86863 177447853>177041033
#ERR Elements not ordered. index=86866 177738298>177139274
#ERR Elements not ordered. index=86868 177909355>177670635
#ERR Elements not ordered. index=86869 177670635>177319736
#ERR Elements not ordered. index=86871 178052863>177259260
#ERR Elements not ordered. index=86873 177968877>177047682
#ERR Elements not ordered. index=86875 177608028>177476478
#ERR Elements not ordered. index=86877 178081253>177378314
#ERR Elements not ordered. index=86879 177508933>177221320
#ERR Elements not ordered. index=86880 177221320>177185077
#ERR Elements not ordered. index=86883 177813229>177323093
#ERR Elements not ordered. index=86884 177323093>177125415
#ERR Elements not ordered. index=86886 177905691>177589868
#ERR Elements not ordered. index=86888 177702609>177551514
#ERR Elements not ordered. index=86890 177709671>177320560
#ERR Elements not ordered. index=86891 177320560>177189331
#ERR Elements not ordered. index=86893 177576496>177476688
#ERR Elements not ordered. index=86896 177916895>177780721
#ERR Elements not ordered. index=86897 177780721>177530761
#ERR Elements not ordered. index=86898 177530761>177248059
#ERR Elements not ordered. index=86899 177248059>177035943
#ERR Elements not ordered. index=86903 177777871>177384795
#ERR Elements not ordered. index=86905 177503381>177439959
#ERR Elements not ordered. index=86906 177439959>177037415
#ERR Elements not ordered. index=86909 177932624>177270425
#ERR Elements not ordered. index=86912 177596941>177048296
#ERR Elements not ordered. index=86916 177578499>177537133
#ERR Elements not ordered. index=86919 177979548>177821320
#ERR Elements not ordered. index=86920 177821320>177428042
#ERR Elements not ordered. index=86921 177428042>177142621
#ERR Elements not ordered. index=86923 177196085>177025903
#ERR Elements not ordered. index=86925 178058744>177579355
#ERR Elements not ordered. index=86927 177684315>177642560
#ERR Elements not ordered. index=86928 177642560>177150689
#ERR Elements not ordered. index=86931 177860332>177601156
#ERR Elements not ordered. index=86932 177601156>177580502
#ERR Elements not ordered. index=86934 177764635>177152501
#ERR Elements not ordered. index=86937 177980649>177279818
#ERR Elements not ordered. index=86941 177993607>177549583
#ERR Elements not ordered. index=86943 177925932>177722739
#ERR Elements not ordered. index=86944 177722739>177540712
#ERR Elements not ordered. index=86945 177540712>177215984
#ERR Elements not ordered. index=86947 178090568>177334497
#ERR Elements not ordered. index=86949 177478366>177333318
#ERR Elements not ordered. index=86952 177917013>177715137
#ERR Elements not ordered. index=86954 177814000>177543202
#ERR Elements not ordered. index=86956 177819045>177257279
#ERR Elements not ordered. index=86957 177257279>177123158
#ERR Elements not ordered. index=86959 177779897>177515098
#ERR Elements not ordered. index=86961 178000624>177893363
#ERR Elements not ordered. index=86962 177893363>177275542
#ERR Elements not ordered. index=86964 178093854>177991626
#ERR Elements not ordered. index=86965 177991626>177707907
#ERR Elements not ordered. index=86966 177707907>177406557
#ERR Elements not ordered. index=86968 177425187>177274614
#ERR Elements not ordered. index=86970 177958288>177779525
#ERR Elements not ordered. index=86971 177779525>177717405
#ERR Elements not ordered. index=86972 177717405>177662622
#ERR Elements not ordered. index=86974 177715573>177485491
#ERR Elements not ordered. index=86975 177485491>177306444
#ERR Elements not ordered. index=86977 177864651>177532358
#ERR Elements not ordered. index=86978 177532358>177333885
#ERR Elements not ordered. index=86979 177333885>177226886
#ERR Elements not ordered. index=86981 177742427>177286193
#ERR Elements not ordered. index=86983 177886957>177735672
#ERR Elements not ordered. index=86984 177735672>177594096
#ERR Elements not ordered. index=86985 177594096>177562535
#ERR Elements not ordered. index=86986 177562535>177381789
#ERR Elements not ordered. index=86988 177853143>177130702
#ERR Elements not ordered. index=86990 177946742>177121398
#ERR Elements not ordered. index=86992 177364043>177301799
#ERR Elements not ordered. index=86995 177928398>177026513
#ERR Elements not ordered. index=86997 177857151>177587732
#ERR Elements not ordered. index=86998 177587732>177290432
#ERR Elements not ordered. index=87000 177904883>177821847
#ERR Elements not ordered. index=87001 177821847>177280170
#ERR Elements not ordered. index=87003 177504001>177426360
#ERR Elements not ordered. index=87005 177729547>177517580
#ERR Elements not ordered. index=87007 178024559>177509996
#ERR Elements not ordered. index=87009 177517578>177477907
#ERR Elements not ordered. index=87011 178075820>177484087
#ERR Elements not ordered. index=87013 177995369>177768122
#ERR Elements not ordered. index=87014 177768122>177303617
#ERR Elements not ordered. index=87015 177303617>177249576
#ERR Elements not ordered. index=87017 177409933>177301458
#ERR Elements not ordered. index=87018 177301458>177277815
#ERR Elements not ordered. index=87020 177924303>177356261
#ERR Elements not ordered. index=87024 178038672>177502701
#ERR Elements not ordered. index=87025 177502701>177123714
#ERR Elements not ordered. index=87027 177721836>177570392
#ERR Elements not ordered. index=87028 177570392>177088067
#ERR Elements not ordered. index=87030 177978566>177665691
#ERR Elements not ordered. index=87031 177665691>177557397
#ERR Elements not ordered. index=87033 177994883>177370944
#ERR Elements not ordered. index=87034 177370944>177083251
#ERR Elements not ordered. index=87036 177687998>177429745
#ERR Elements not ordered. index=87039 177927812>177720730
#ERR Elements not ordered. index=87041 178001009>177961417
#ERR Elements not ordered. index=87042 177961417>177410923
#ERR Elements not ordered. index=87043 177410923>177349381
#ERR Elements not ordered. index=87045 177731739>177485904
#ERR Elements not ordered. index=87047 177596787>177161065
#ERR Elements not ordered. index=87049 177733398>177055796
#ERR Elements not ordered. index=87051 177978531>177515757
#ERR Elements not ordered. index=87053 178006267>177939273
#ERR Elements not ordered. index=87054 177939273>177414589
#ERR Elements not ordered. index=87055 177414589>177378833
#ERR Elements not ordered. index=87058 177531645>177288402
#ERR Elements not ordered. index=87065 178052697>177772332
#ERR Elements not ordered. index=87066 177772332>177667667
#ERR Elements not ordered. index=87067 177667667>177520902
#ERR Elements not ordered. index=87068 177520902>177183750
#ERR Elements not ordered. index=87069 177183750>177059447
#ERR Elements not ordered. index=87071 178067084>177312084
#ERR Elements not ordered. index=87073 177459768>177443662
#ERR Elements not ordered. index=87076 177880969>177740669
#ERR Elements not ordered. index=87077 177740669>177619687
#ERR Elements not ordered. index=87080 178037675>177374415
#ERR Elements not ordered. index=87083 177782626>177423853
#ERR Elements not ordered. index=87085 177603164>177026528
#ERR Elements not ordered. index=87087 177956258>177783267
#ERR Elements not ordered. index=87089 177969812>177515112
#ERR Elements not ordered. index=87090 177515112>177511850
#ERR Elements not ordered. index=87092 177953929>177700214
#ERR Elements not ordered. index=87093 177700214>177093312
#ERR Elements not ordered. index=87096 178015942>177619417
#ERR Elements not ordered. index=87097 177619417>177123268
#ERR Elements not ordered. index=87099 177869726>177423406
#ERR Elements not ordered. index=87100 177423406>177239254
#ERR Elements not ordered. index=87101 177239254>177124864
#ERR Elements not ordered. index=87104 178037074>177117801
#ERR Elements not ordered. index=87107 177526561>177339139
#ERR Elements not ordered. index=87111 177883512>177740504
#ERR Elements not ordered. index=87112 177740504>177133748
#ERR Elements not ordered. index=87114 177799499>177500605
#ERR Elements not ordered. index=87116 177978296>177328654
#ERR Elements not ordered. index=87118 177877283>177563154
#ERR Elements not ordered. index=87119 177563154>177471494
#ERR Elements not ordered. index=87121 177854632>177303961
#ERR Elements not ordered. index=87124 177825994>177404049
#ERR Elements not ordered. index=87125 177404049>177235990
#ERR Elements not ordered. index=87126 177235990>177021338
#ERR Elements not ordered. index=87131 177880112>177229442
#ERR Elements not ordered. index=87133 177512910>177248554
#ERR Elements not ordered. index=87135 177648063>177503033
#ERR Elements not ordered. index=87136 177503033>177366344
#ERR Elements not ordered. index=87137 177366344>177288464
#ERR Elements not ordered. index=87138 177288464>177045886
#ERR Elements not ordered. index=87140 177586617>177581595
#ERR Elements not ordered. index=87143 177736686>177347789
#ERR Elements not ordered. index=87145 177910467>177361127
#ERR Elements not ordered. index=87148 177783008>177748296
#ERR Elements not ordered. index=87149 177748296>177127993
#ERR Elements not ordered. index=87152 177917692>177845049
#ERR Elements not ordered. index=87153 177845049>177039525
#ERR Elements not ordered. index=87155 177530470>177125798
#ERR Elements not ordered. index=87157 177782032>177332078
#ERR Elements not ordered. index=87160 177487449>177059766
#ERR Elements not ordered. index=87161 177059766>177027810
#ERR Elements not ordered. index=87163 177155307>177029199
#ERR Elements not ordered. index=87167 177798425>177041513
#ERR Elements not ordered. index=87169 178021659>177830500
#ERR Elements not ordered. index=87170 177830500>177174077
#ERR Elements not ordered. index=87173 177816264>177193990
#ERR Elements not ordered. index=87175 178069286>177975840
#ERR Elements not ordered. index=87177 178065706>177107247
#ERR Elements not ordered. index=87179 177720519>177482762
#ERR Elements not ordered. index=87181 177988987>177987233
#ERR Elements not ordered. index=87182 177987233>177398053
#ERR Elements not ordered. index=87184 177730584>177709597
#ERR Elements not ordered. index=87186 178004792>177668946
#ERR Elements not ordered. index=87188 177918969>177028266
#ERR Elements not ordered. index=87191 178089570>177614552
#ERR Elements not ordered. index=87192 177614552>177439680
#ERR Elements not ordered. index=87194 177675553>177580368
#ERR Elements not ordered. index=87195 177580368>177312476
#ERR Elements not ordered. index=87198 177919899>177838542
#ERR Elements not ordered. index=87200 178051566>177447181
#ERR Elements not ordered. index=87201 177447181>177194642
#ERR Elements not ordered. index=87204 177365720>177089867
#ERR Elements not ordered. index=87205 177089867>177031495
#ERR Elements not ordered. index=87207 178094671>177719687
#ERR Elements not ordered. index=87208 177719687>177510378
#ERR Elements not ordered. index=87210 177577832>177171324
#ERR Elements not ordered. index=87212 177733102>177549507
#ERR Elements not ordered. index=87215 178090053>177439631
#ERR Elements not ordered. index=87218 177991032>177551018
#ERR Elements not ordered. index=87219 177551018>177215030
#ERR Elements not ordered. index=87222 178003514>177461146
#ERR Elements not ordered. index=87224 177952529>177815903
#ERR Elements not ordered. index=87225 177815903>177452849
#ERR Elements not ordered. index=87228 177916441>177347755
#ERR Elements not ordered. index=87230 177464426>177124374
#ERR Elements not ordered. index=87232 177858296>177784549
#ERR Elements not ordered. index=87233 177784549>177137361
#ERR Elements not ordered. index=87235 177867794>177280515
#ERR Elements not ordered. index=87239 177831771>177479367
#ERR Elements not ordered. index=87240 177479367>177103107
#ERR Elements not ordered. index=87241 177103107>177034101
#ERR Elements not ordered. index=87243 177708382>177249973
#ERR Elements not ordered. index=87245 177960741>177222314
#ERR Elements not ordered. index=87248 177590407>177529781
#ERR Elements not ordered. index=87250 177711030>177426882
#ERR Elements not ordered. index=87252 177740676>177245961
#ERR Elements not ordered. index=87254 177609800>177603446
#ERR Elements not ordered. index=87256 177828678>177411395
#ERR Elements not ordered. index=87259 177520416>177199284
#ERR Elements not ordered. index=87263 177706862>177284915
#ERR Elements not ordered. index=87266 177987977>177515522
#ERR Elements not ordered. index=87268 177546377>177041699
#ERR Elements not ordered. index=87271 177889194>177826974
#ERR Elements not ordered. index=87273 177869322>177814747
#ERR Elements not ordered. index=87274 177814747>177031399
#ERR Elements not ordered. index=87276 177778533>177298803
#ERR Elements not ordered. index=87278 178004217>177773120
#ERR Elements not ordered. index=87279 177773120>177339877
#ERR Elements not ordered. index=87280 177339877>177028296
#ERR Elements not ordered. index=87282 177319086>177295895
#ERR Elements not ordered. index=87284 177591644>177506325
#ERR Elements not ordered. index=87285 177506325>177208427
#ERR Elements not ordered. index=87287 177770527>177380893
#ERR Elements not ordered. index=87289 177568598>177519218
#ERR Elements not ordered. index=87291 178052058>177325369
#ERR Elements not ordered. index=87293 177848260>177834584
#ERR Elements not ordered. index=87295 178015617>177083293
#ERR Elements not ordered. index=87300 177768559>177034662
#ERR Elements not ordered. index=87303 177535956>177210031
#ERR Elements not ordered. index=87307 177647706>177301626
#ERR Elements not ordered. index=87310 177562796>177228835
#ERR Elements not ordered. index=87312 177989282>177658829
#ERR Elements not ordered. index=87314 177807980>177060176
#ERR Elements not ordered. index=87316 177386648>177165666
#ERR Elements not ordered. index=87319 178070839>177962064
#ERR Elements not ordered. index=87320 177962064>177867131
#ERR Elements not ordered. index=87322 178088863>177053191
#ERR Elements not ordered. index=87324 177997231>177277548
#ERR Elements not ordered. index=87326 178726424>177050329
#ERR Elements not ordered. index=87328 180117015>179821690
#ERR Elements not ordered. index=87330 181582347>180859285
#ERR Elements not ordered. index=87332 182256335>179030559
#ERR Elements not ordered. index=87335 181969882>180016828
#ERR Elements not ordered. index=87336 180016828>179792873
#ERR Elements not ordered. index=87338 182044079>179635616
#ERR Elements not ordered. index=87341 182503515>182138895
#ERR Elements not ordered. index=87342 182138895>180396595
#ERR Elements not ordered. index=87344 180795481>180677471
#ERR Elements not ordered. index=87347 182318113>180612772
#ERR Elements not ordered. index=87348 180612772>180313764
#ERR Elements not ordered. index=87352 182004439>179939060
#ERR Elements not ordered. index=87355 182219693>181206007
#ERR Elements not ordered. index=87356 181206007>178210555
#ERR Elements not ordered. index=87359 182231143>180774459
#ERR Elements not ordered. index=87360 180774459>178231201
#ERR Elements not ordered. index=87362 179919266>179064951
#ERR Elements not ordered. index=87364 180381418>178819804
#ERR Elements not ordered. index=87366 180764621>178856682
#ERR Elements not ordered. index=87369 181027660>180076710
#ERR Elements not ordered. index=87370 180076710>178872229
#ERR Elements not ordered. index=87373 182603635>181432630
#ERR Elements not ordered. index=87374 181432630>181212812
#ERR Elements not ordered. index=87375 181212812>180451165
#ERR Elements not ordered. index=87376 180451165>178678517
#ERR Elements not ordered. index=87379 181577688>181572217
#ERR Elements not ordered. index=87380 181572217>180977917
#ERR Elements not ordered. index=87382 182142390>179709980
#ERR Elements not ordered. index=87384 181008227>179145448
#ERR Elements not ordered. index=87386 181535549>180358522
#ERR Elements not ordered. index=87387 180358522>180312653
#ERR Elements not ordered. index=87388 180312653>180303001
#ERR Elements not ordered. index=87389 180303001>179469702
#ERR Elements not ordered. index=87392 182462036>179605513
#ERR Elements not ordered. index=87393 179605513>179174502
#ERR Elements not ordered. index=87395 181285394>178348535
#ERR Elements not ordered. index=87399 181201472>179087244
#ERR Elements not ordered. index=87400 179087244>178196654
#ERR Elements not ordered. index=87402 180588591>178314592
#ERR Elements not ordered. index=87406 181195666>180746196
#ERR Elements not ordered. index=87407 180746196>179838342
#ERR Elements not ordered. index=87410 181205567>180653845
#ERR Elements not ordered. index=87412 182188638>178712737
#ERR Elements not ordered. index=87414 180651380>178469884
#ERR Elements not ordered. index=87418 182137223>181707547
#ERR Elements not ordered. index=87420 181897573>180961587
#ERR Elements not ordered. index=87421 180961587>178820253
#ERR Elements not ordered. index=87424 180833755>178423833
#ERR Elements not ordered. index=87426 181800359>181399453
#ERR Elements not ordered. index=87429 182469293>179490691
#ERR Elements not ordered. index=87433 182432836>179244363
#ERR Elements not ordered. index=87436 182072654>178303389
#ERR Elements not ordered. index=87439 181815344>179609101
#ERR Elements not ordered. index=87441 181063346>180083187
#ERR Elements not ordered. index=87443 181807459>178484696
#ERR Elements not ordered. index=87447 182607783>182326647
#ERR Elements not ordered. index=87448 182326647>181185317
#ERR Elements not ordered. index=87449 181185317>181076681
#ERR Elements not ordered. index=87452 181426234>178471297
#ERR Elements not ordered. index=87455 182132680>182035762
#ERR Elements not ordered. index=87456 182035762>178831348
#ERR Elements not ordered. index=87459 182368810>178595147
#ERR Elements not ordered. index=87461 180723607>178412099
#ERR Elements not ordered. index=87463 180222382>179175724
#ERR Elements not ordered. index=87465 181771244>179487671
#ERR Elements not ordered. index=87467 181294506>180307639
#ERR Elements not ordered. index=87468 180307639>178976815
#ERR Elements not ordered. index=87471 181291428>178939875
#ERR Elements not ordered. index=87473 182126344>180511063
#ERR Elements not ordered. index=87475 181420935>179096713
#ERR Elements not ordered. index=87479 181026633>180815650
#ERR Elements not ordered. index=87481 181239588>179420822
#ERR Elements not ordered. index=87483 182220237>178793975
#ERR Elements not ordered. index=87487 182098078>180080896
#ERR Elements not ordered. index=87488 180080896>178833057
#ERR Elements not ordered. index=87490 179455637>178533226
#ERR Elements not ordered. index=87493 181595731>179970265
#ERR Elements not ordered. index=87494 179970265>178867479
#ERR Elements not ordered. index=87497 182519979>179538286
#ERR Elements not ordered. index=87501 182661113>179447317
#ERR Elements not ordered. index=87502 179447317>178210559
#ERR Elements not ordered. index=87504 181945557>181776641
#ERR Elements not ordered. index=87506 182649680>182172608
#ERR Elements not ordered. index=87507 182172608>181768691
#ERR Elements not ordered. index=87508 181768691>180788105
#ERR Elements not ordered. index=87509 180788105>178692099
#ERR Elements not ordered. index=87511 179678471>179409688
#ERR Elements not ordered. index=87513 179829099>179310382
#ERR Elements not ordered. index=87515 182061853>180235893
#ERR Elements not ordered. index=87517 181312386>178414395
#ERR Elements not ordered. index=87519 181784108>178525091
#ERR Elements not ordered. index=87521 182380837>182022124
#ERR Elements not ordered. index=87522 182022124>180776306
#ERR Elements not ordered. index=87523 180776306>178306942
#ERR Elements not ordered. index=87527 181273343>180471564
#ERR Elements not ordered. index=87528 180471564>179859450
#ERR Elements not ordered. index=87531 182011178>181924942
#ERR Elements not ordered. index=87532 181924942>180004930
#ERR Elements not ordered. index=87535 181922668>180712046
#ERR Elements not ordered. index=87536 180712046>180266754
#ERR Elements not ordered. index=87538 182138488>179651926
#ERR Elements not ordered. index=87540 182076738>179032684
#ERR Elements not ordered. index=87545 181295432>181209685
#ERR Elements not ordered. index=87546 181209685>180931708
#ERR Elements not ordered. index=87547 180931708>178448570
#ERR Elements not ordered. index=87550 181037188>179795603
#ERR Elements not ordered. index=87553 182567746>180408057
#ERR Elements not ordered. index=87555 182610045>178971234
#ERR Elements not ordered. index=87559 180891142>178170958
#ERR Elements not ordered. index=87563 182373640>179103980
#ERR Elements not ordered. index=87564 179103980>178140555
#ERR Elements not ordered. index=87566 182357597>182184505
#ERR Elements not ordered. index=87567 182184505>181542970
#ERR Elements not ordered. index=87568 181542970>179815417
#ERR Elements not ordered. index=87570 182012031>180591125
#ERR Elements not ordered. index=87572 182536846>178738620
#ERR Elements not ordered. index=87573 178738620>178705757
#ERR Elements not ordered. index=87575 180381766>178415751
#ERR Elements not ordered. index=87577 181114846>179279191
#ERR Elements not ordered. index=87578 179279191>178773333
#ERR Elements not ordered. index=87580 181649607>180672555
#ERR Elements not ordered. index=87581 180672555>178722108
#ERR Elements not ordered. index=87584 181973806>181694798
#ERR Elements not ordered. index=87585 181694798>181472195
#ERR Elements not ordered. index=87586 181472195>180530167
#ERR Elements not ordered. index=87587 180530167>180349400
#ERR Elements not ordered. index=87592 182522332>180223904
#ERR Elements not ordered. index=87593 180223904>178454235
#ERR Elements not ordered. index=87595 181292943>180565187
#ERR Elements not ordered. index=87597 180823732>178216393
#ERR Elements not ordered. index=87601 182506182>181633341
#ERR Elements not ordered. index=87602 181633341>181329694
#ERR Elements not ordered. index=87604 182454498>181049250
#ERR Elements not ordered. index=87605 181049250>178230680
#ERR Elements not ordered. index=87607 181571952>179291706
#ERR Elements not ordered. index=87611 181342184>180740391
#ERR Elements not ordered. index=87614 182129556>178159283
#ERR Elements not ordered. index=87616 182244893>179375965
#ERR Elements not ordered. index=87618 181458891>178841229
#ERR Elements not ordered. index=87621 182303744>179276385
#ERR Elements not ordered. index=87623 181175237>180797053
#ERR Elements not ordered. index=87625 181365430>180674691
#ERR Elements not ordered. index=87627 182256765>181250229
#ERR Elements not ordered. index=87628 181250229>181241883
#ERR Elements not ordered. index=87629 181241883>178841056
#ERR Elements not ordered. index=87632 181742393>180663926
#ERR Elements not ordered. index=87634 181164166>179812396
#ERR Elements not ordered. index=87637 182133029>181705386
#ERR Elements not ordered. index=87639 181940561>180871137
#ERR Elements not ordered. index=87640 180871137>180314692
#ERR Elements not ordered. index=87642 180523225>179342694
#ERR Elements not ordered. index=87644 180458960>180060818
#ERR Elements not ordered. index=87646 181233607>179825731
#ERR Elements not ordered. index=87649 182065823>181936225
#ERR Elements not ordered. index=87650 181936225>179307225
#ERR Elements not ordered. index=87652 180560711>179149176
#ERR Elements not ordered. index=87654 179963812>179022743
#ERR Elements not ordered. index=87656 180222499>179890341
#ERR Elements not ordered. index=87659 181422503>180639640
#ERR Elements not ordered. index=87660 180639640>180057434
#ERR Elements not ordered. index=87662 181180264>180855467
#ERR Elements not ordered. index=87663 180855467>179230350
#ERR Elements not ordered. index=87665 181655205>179686995
#ERR Elements not ordered. index=87668 181261701>179818440
#ERR Elements not ordered. index=87669 179818440>178971885
#ERR Elements not ordered. index=87673 182666044>182438434
#ERR Elements not ordered. index=87674 182438434>181048192
#ERR Elements not ordered. index=87675 181048192>178904622
#ERR Elements not ordered. index=87678 181579362>180025346
#ERR Elements not ordered. index=87680 182223443>181748041
#ERR Elements not ordered. index=87681 181748041>179191168
#ERR Elements not ordered. index=87683 180357697>179785420
#ERR Elements not ordered. index=87685 181422012>178392960
#ERR Elements not ordered. index=87687 179864742>179685980
#ERR Elements not ordered. index=87691 182268413>179959904
#ERR Elements not ordered. index=87692 179959904>179823175
#ERR Elements not ordered. index=87695 181632293>180320897
#ERR Elements not ordered. index=87696 180320897>179698190
#ERR Elements not ordered. index=87698 182243660>181387244
#ERR Elements not ordered. index=87700 181654502>181539026
#ERR Elements not ordered. index=87701 181539026>180644078
#ERR Elements not ordered. index=87703 182325221>180667854
#ERR Elements not ordered. index=87705 182255546>179958806
#ERR Elements not ordered. index=87707 181168383>179489881
#ERR Elements not ordered. index=87708 179489881>179219153
#ERR Elements not ordered. index=87710 182462088>178488991
#ERR Elements not ordered. index=87713 182193987>179558131
#ERR Elements not ordered. index=87716 182646281>180027060
#ERR Elements not ordered. index=87718 182189636>181175649
#ERR Elements not ordered. index=87719 181175649>179087488
#ERR Elements not ordered. index=87721 179342917>178708317
#ERR Elements not ordered. index=87723 181300558>180372055
#ERR Elements not ordered. index=87726 181521363>179087941
#ERR Elements not ordered. index=87727 179087941>178437981
#ERR Elements not ordered. index=87730 182523012>180368793
#ERR Elements not ordered. index=87732 182314590>178292600
#ERR Elements not ordered. index=87734 180466086>179302978
#ERR Elements not ordered. index=87737 182551072>178458505
#ERR Elements not ordered. index=87740 182503696>179132792
#ERR Elements not ordered. index=87743 182413913>181724354
#ERR Elements not ordered. index=87745 182401753>182171388
#ERR Elements not ordered. index=87747 182313751>179387332
#ERR Elements not ordered. index=87749 181833657>179544453
#ERR Elements not ordered. index=87751 182343234>178617329
#ERR Elements not ordered. index=87754 181029576>180080783
#ERR Elements not ordered. index=87755 180080783>178390297
#ERR Elements not ordered. index=87760 182586221>179544157
#ERR Elements not ordered. index=87762 180976133>180087463
#ERR Elements not ordered. index=87764 182396932>181529785
#ERR Elements not ordered. index=87765 181529785>178188414
#ERR Elements not ordered. index=87768 179864042>179327111
#ERR Elements not ordered. index=87770 179861298>178438671
#ERR Elements not ordered. index=87772 179266102>178932208
#ERR Elements not ordered. index=87774 179165777>178244361
#ERR Elements not ordered. index=87777 182344085>179847099
#ERR Elements not ordered. index=87778 179847099>178600863
#ERR Elements not ordered. index=87781 181275531>180501497
#ERR Elements not ordered. index=87783 182499125>180231530
#ERR Elements not ordered. index=87784 180231530>179998959
#ERR Elements not ordered. index=87786 180139217>178347775
#ERR Elements not ordered. index=87789 181970080>181374910
#ERR Elements not ordered. index=87790 181374910>178207825
#ERR Elements not ordered. index=87793 182548047>178908204
#ERR Elements not ordered. index=87796 181307233>178195020
#ERR Elements not ordered. index=87798 181328644>180680468
#ERR Elements not ordered. index=87800 181230661>181168694
#ERR Elements not ordered. index=87801 181168694>178897642
#ERR Elements not ordered. index=87803 181566219>180253855
#ERR Elements not ordered. index=87805 180635869>178369356
#ERR Elements not ordered. index=87808 182583800>178400588
#ERR Elements not ordered. index=87810 181501180>181122864
#ERR Elements not ordered. index=87811 181122864>178721205
#ERR Elements not ordered. index=87813 181208413>181159244
#ERR Elements not ordered. index=87814 181159244>178452807
#ERR Elements not ordered. index=87816 182003958>179169693
#ERR Elements not ordered. index=87818 180853075>180213555
#ERR Elements not ordered. index=87821 182130582>180270906
#ERR Elements not ordered. index=87823 180927868>178482931
#SDC Ite:0 KerTime:4.278552 AccTime:4.278552 KerErr:1367 AccErr:1367
#ABORT too many errors per iteration
#END