#HEADER size:1048576
#BEGIN Y:2016 M:09 D:13 Time:16:17:25
#IT Ite:0 KerTime:3.861152 AccTime:3.861152
#ERR The histogram from element 1293854005 differs. srcHist=1 dstHist=2

#ERR The histogram from element 1293857431 differs. srcHist=1 dstHist=2

#ERR The histogram from element 1293857654 differs. srcHist=1 dstHist=2

#ERR The histogram from element 1293858625 differs. srcHist=1 dstHist=2

#ERR The histogram from element 1293860297 differs. srcHist=1 dstHist=2

#ERR The histogram from element 1293864019 differs. srcHist=1 dstHist=2

#ERR The histogram from element 1293864056 differs. srcHist=1 dstHist=2

#ERR The histogram from element 1293865152 differs. srcHist=1 dstHist=2

#ERR The histogram from element 1293866618 differs. srcHist=1 dstHist=2

#ERR The histogram from element 1293868148 differs. srcHist=2 dstHist=4

#ERR The histogram from element 1293869847 differs. srcHist=1 dstHist=2

#ERR The histogram from element 1293870230 differs. srcHist=1 dstHist=3

#ERR The histogram from element 1293870995 differs. srcHist=1 dstHist=2

#ERR The histogram from element 1293873771 differs. srcHist=1 dstHist=0

#ERR The histogram from element 1293885299 differs. srcHist=1 dstHist=0

#ERR The histogram from element 1293886809 differs. srcHist=1 dstHist=0

#ERR The histogram from element 1293891887 differs. srcHist=1 dstHist=0

#ERR The histogram from element 1293892861 differs. srcHist=1 dstHist=0

#ERR The histogram from element 1293892979 differs. srcHist=1 dstHist=0

#ERR The histogram from element 1293894290 differs. srcHist=1 dstHist=0

#ERR The histogram from element 1293894329 differs. srcHist=1 dstHist=0

#ERR The histogram from element 1293895719 differs. srcHist=1 dstHist=0

#ERR The histogram from element 1293896016 differs. srcHist=1 dstHist=0

#ERR The histogram from element 1293904768 differs. srcHist=1 dstHist=0

#ERR The histogram from element 1293906139 differs. srcHist=1 dstHist=0

#ERR The histogram from element 1293908470 differs. srcHist=1 dstHist=0

#ERR The histogram from element 1293908860 differs. srcHist=1 dstHist=0

#ERR The histogram from element 1293913578 differs. srcHist=1 dstHist=2

#ERR The histogram from element 1293917333 differs. srcHist=1 dstHist=0

#ERR The histogram from element 1293918354 differs. srcHist=1 dstHist=0

#ERR The histogram from element 1296011171 differs. srcHist=1 dstHist=0

#ERR The histogram from element 1296014077 differs. srcHist=1 dstHist=0

#ERR The histogram from element 1296016619 differs. srcHist=1 dstHist=0

#ERR The histogram from element 1296016777 differs. srcHist=1 dstHist=0

#ERR The histogram from element 1296022271 differs. srcHist=1 dstHist=0

#ERR The histogram from element 1296024425 differs. srcHist=1 dstHist=0

#ERR The histogram from element 1296024465 differs. srcHist=1 dstHist=0

#ERR The histogram from element 1296025473 differs. srcHist=1 dstHist=0

#ERR The histogram from element 1296031040 differs. srcHist=1 dstHist=0

#ERR The histogram from element 1296032125 differs. srcHist=1 dstHist=0

#ERR The histogram from element 1296032373 differs. srcHist=1 dstHist=0

#ERR The histogram from element 1296033144 differs. srcHist=1 dstHist=0

#ERR The histogram from element 1296033892 differs. srcHist=1 dstHist=0

#ERR The histogram from element 1296034471 differs. srcHist=1 dstHist=0

#ERR The histogram from element 1296035892 differs. srcHist=1 dstHist=0

#ERR The histogram from element 1296036371 differs. srcHist=1 dstHist=0

#ERR The histogram from element 1296036797 differs. srcHist=1 dstHist=0

#ERR The histogram from element 1296038219 differs. srcHist=1 dstHist=0

#ERR The histogram from element 1296042956 differs. srcHist=1 dstHist=0

#ERR The histogram from element 1296052610 differs. srcHist=1 dstHist=0

#ERR The histogram from element 1296063005 differs. srcHist=1 dstHist=0

#ERR The histogram from element 1296063058 differs. srcHist=1 dstHist=0

#ERR The histogram from element 1296066059 differs. srcHist=1 dstHist=0

#ERR The histogram from element 1296069696 differs. srcHist=1 dstHist=0

#ERR The histogram from element 1296071505 differs. srcHist=1 dstHist=0

#ERR The histogram from element 1296071614 differs. srcHist=1 dstHist=0

#ERR The histogram from element 1296072204 differs. srcHist=1 dstHist=0

#ERR The histogram from element 1296072474 differs. srcHist=1 dstHist=0

#ERR The histogram from element 1296076160 differs. srcHist=1 dstHist=0

#ERR The histogram from element 1296077037 differs. srcHist=1 dstHist=0

#ERR The histogram from element 1296079777 differs. srcHist=1 dstHist=0

#ERR The histogram from element 1296080037 differs. srcHist=1 dstHist=0

#ERR The histogram from element 1296165766 differs. srcHist=1 dstHist=0

#ERR The histogram from element 1296166591 differs. srcHist=1 dstHist=0

#ERR The histogram from element 1296168635 differs. srcHist=1 dstHist=0

#ERR The histogram from element 1296168993 differs. srcHist=1 dstHist=0

#ERR Elements not ordered. index=632884 1293858625>1293732484
#ERR Elements not ordered. index=632959 1294167380>1293911924
#ERR Elements not ordered. index=632980 1294213168>1293860297
#ERR Elements not ordered. index=633108 1294738772>1294213931
#ERR Elements not ordered. index=633364 -1>1294743337
#ERR Elements not ordered. index=633968 -1>1293727923
#ERR Elements not ordered. index=633976 1294158223>1294149400
#ERR Elements not ordered. index=633978 1294157411>1294156497
#ERR Elements not ordered. index=633983 1294172466>1294170218
#ERR Elements not ordered. index=633984 1294170218>1293730974
#ERR Elements not ordered. index=633986 1294171234>1294171074
#SDC Ite:0 KerTime:3.861152 AccTime:3.861152 KerErr:77 AccErr:77
#END