#HEADER size:1048576
#BEGIN Y:2016 M:09 D:13 Time:16:43:56
#IT Ite:0 KerTime:3.874493 AccTime:3.874493
#ERR The histogram from element 1767225305 differs. srcHist=1 dstHist=0

#ERR The histogram from element 1777415036 differs. srcHist=1 dstHist=2

#ERR Elements not ordered. index=855145 1769047898>1763482704
#ERR Elements not ordered. index=855147 1769787711>1763337886
#ERR Elements not ordered. index=855148 1763337886>1755721294
#ERR Elements not ordered. index=855149 1755721294>1753075997
#ERR Elements not ordered. index=855151 1756653352>1753429619
#ERR Elements not ordered. index=855153 1770064162>1751246792
#ERR Elements not ordered. index=855155 1760947031>1752606364
#ERR Elements not ordered. index=855158 1768351720>1764622965
#ERR Elements not ordered. index=855160 1767260155>1752765214
#ERR Elements not ordered. index=855164 1767917832>1752950244
#ERR Elements not ordered. index=855167 1755232579>1755091397
#ERR Elements not ordered. index=855168 1755091397>1750935252
#ERR Elements not ordered. index=855170 1762058782>1751811722
#ERR Elements not ordered. index=855172 1763498670>1756797071
#ERR Elements not ordered. index=855175 1769964879>1765487396
#ERR Elements not ordered. index=855176 1765487396>1762235759
#ERR Elements not ordered. index=855178 1768825892>1764790779
#ERR Elements not ordered. index=855179 1764790779>1760972625
#ERR Elements not ordered. index=855180 1760972625>1755106248
#ERR Elements not ordered. index=855183 1770375247>1751401411
#ERR Elements not ordered. index=855184 1751401411>1751366933
#ERR Elements not ordered. index=855187 1771791999>1751643148
#ERR Elements not ordered. index=855190 1770403587>1753102410
#ERR Elements not ordered. index=855195 1763383372>1750890863
#ERR Elements not ordered. index=855197 1771351502>1760327595
#ERR Elements not ordered. index=855199 1764491838>1754610116
#ERR Elements not ordered. index=855202 1768966196>1768901756
#ERR Elements not ordered. index=855203 1768901756>1759159471
#ERR Elements not ordered. index=855205 1763775742>1762900995
#ERR Elements not ordered. index=855206 1762900995>1753846850
#ERR Elements not ordered. index=855210 1763606067>1761234582
#ERR Elements not ordered. index=855213 1769191389>1759725947
#ERR Elements not ordered. index=855214 1759725947>1754071884
#ERR Elements not ordered. index=855217 1770740621>1769457943
#ERR Elements not ordered. index=855218 1769457943>1757157966
#ERR Elements not ordered. index=855220 1771042062>1766781999
#ERR Elements not ordered. index=855221 1766781999>1760444367
#ERR Elements not ordered. index=855222 1760444367>1756132947
#ERR Elements not ordered. index=855223 1756132947>1750504858
#ERR Elements not ordered. index=855227 1771254108>1755019638
#ERR Elements not ordered. index=855228 1755019638>1751764526
#ERR Elements not ordered. index=855231 1765232159>1752191049
#ERR Elements not ordered. index=855234 1761843091>1756014984
#ERR Elements not ordered. index=855236 1762156338>1758285276
#ERR Elements not ordered. index=855238 1766715410>1757792127
#ERR Elements not ordered. index=855239 1757792127>1752482809
#ERR Elements not ordered. index=855241 1760832913>1758898030
#ERR Elements not ordered. index=855242 1758898030>1758249051
#ERR Elements not ordered. index=855246 1770856529>1765454580
#ERR Elements not ordered. index=855247 1765454580>1764736456
#ERR Elements not ordered. index=855248 1764736456>1762622058
#ERR Elements not ordered. index=855249 1762622058>1756257085
#ERR Elements not ordered. index=855254 1765518007>1754964951
#ERR Elements not ordered. index=855257 1770828116>1768185816
#ERR Elements not ordered. index=855258 1768185816>1760425600
#ERR Elements not ordered. index=855261 1769272710>1766786669
#ERR Elements not ordered. index=855263 1768911502>1764414285
#ERR Elements not ordered. index=855264 1764414285>1762899942
#ERR Elements not ordered. index=855265 1762899942>1754852810
#ERR Elements not ordered. index=855267 1763560674>1759578233
#ERR Elements not ordered. index=855269 1761820643>1751309319
#ERR Elements not ordered. index=855271 1762002258>1753884207
#ERR Elements not ordered. index=855274 1764582259>1757757320
#ERR Elements not ordered. index=855275 1757757320>1755018678
#ERR Elements not ordered. index=855278 1768312038>1766035552
#ERR Elements not ordered. index=855280 1768079403>1758978963
#ERR Elements not ordered. index=855282 1769659851>1750754815
#ERR Elements not ordered. index=855285 1761787242>1759018831
#ERR Elements not ordered. index=855287 1766302984>1750282374
#ERR Elements not ordered. index=855291 1765472407>1761679204
#ERR Elements not ordered. index=855293 1771724716>1761249494
#ERR Elements not ordered. index=855295 1771886020>1763899276
#ERR Elements not ordered. index=855297 1766811475>1754099852
#ERR Elements not ordered. index=855299 1769929078>1762501217
#ERR Elements not ordered. index=855300 1762501217>1754307634
#ERR Elements not ordered. index=855302 1762201403>1754275705
#ERR Elements not ordered. index=855304 1763141349>1760078358
#ERR Elements not ordered. index=855306 1771120727>1767472143
#ERR Elements not ordered. index=855307 1767472143>1766762322
#ERR Elements not ordered. index=855309 1769040169>1755390173
#ERR Elements not ordered. index=855311 1758457362>1752719585
#ERR Elements not ordered. index=855313 1770918658>1760578433
#ERR Elements not ordered. index=855315 1764101206>1757195246
#ERR Elements not ordered. index=855317 1767545820>1762436366
#ERR Elements not ordered. index=855320 1768550006>1764861715
#ERR Elements not ordered. index=855322 1768332322>1753230538
#ERR Elements not ordered. index=855325 1763974599>1754379657
#ERR Elements not ordered. index=855328 1765375842>1763452170
#ERR Elements not ordered. index=855329 1763452170>1762255523
#ERR Elements not ordered. index=855330 1762255523>1758230835
#ERR Elements not ordered. index=855331 1758230835>1758108555
#ERR Elements not ordered. index=855333 1765954584>1758920692
#ERR Elements not ordered. index=855334 1758920692>1751062433
#ERR Elements not ordered. index=855336 1768381302>1750190985
#ERR Elements not ordered. index=855338 1769636814>1753847694
#ERR Elements not ordered. index=855341 1769106133>1760521375
#ERR Elements not ordered. index=855342 1760521375>1759236056
#ERR Elements not ordered. index=855344 1764013448>1760107564
#ERR Elements not ordered. index=855345 1760107564>1757511291
#ERR Elements not ordered. index=855346 1757511291>1756581152
#ERR Elements not ordered. index=855350 1767415031>1758512180
#ERR Elements not ordered. index=855352 1767542346>1752764873
#ERR Elements not ordered. index=855354 1755087314>1751944568
#ERR Elements not ordered. index=855356 1764648576>1756310518
#ERR Elements not ordered. index=855357 1756310518>1753949464
#ERR Elements not ordered. index=855361 1766368833>1753705972
#ERR Elements not ordered. index=855363 1762201983>1754748775
#ERR Elements not ordered. index=855366 1764973176>1760117239
#ERR Elements not ordered. index=855369 1766500929>1765181181
#ERR Elements not ordered. index=855372 1767946488>1758592885
#ERR Elements not ordered. index=855374 1758666240>1754323759
#ERR Elements not ordered. index=855376 1758175132>1756026218
#ERR Elements not ordered. index=855378 1770551795>1769679234
#ERR Elements not ordered. index=855379 1769679234>1760867037
#ERR Elements not ordered. index=855380 1760867037>1758796222
#ERR Elements not ordered. index=855381 1758796222>1756147570
#ERR Elements not ordered. index=855383 1765435913>1757844185
#ERR Elements not ordered. index=855385 1761058792>1755374316
#ERR Elements not ordered. index=855387 1765616521>1764819724
#ERR Elements not ordered. index=855388 1764819724>1764193036
#ERR Elements not ordered. index=855389 1764193036>1761118574
#ERR Elements not ordered. index=855391 1768362562>1761311210
#ERR Elements not ordered. index=855392 1761311210>1757321351
#ERR Elements not ordered. index=855394 1767187210>1762368250
#ERR Elements not ordered. index=855395 1762368250>1754833379
#ERR Elements not ordered. index=855397 1756533259>1754513713
#ERR Elements not ordered. index=855400 1767129884>1761822559
#ERR Elements not ordered. index=855401 1761822559>1754224541
#ERR Elements not ordered. index=855402 1754224541>1750557582
#ERR Elements not ordered. index=855404 1761196590>1754936107
#ERR Elements not ordered. index=855408 1769597488>1766546697
#ERR Elements not ordered. index=855411 1771553525>1757891972
#ERR Elements not ordered. index=855412 1757891972>1753254285
#ERR Elements not ordered. index=855415 1767401131>1763816113
#ERR Elements not ordered. index=855416 1763816113>1763360241
#ERR Elements not ordered. index=855418 1770654934>1762497433
#ERR Elements not ordered. index=855419 1762497433>1755733489
#ERR Elements not ordered. index=855421 1756974366>1752869753
#ERR Elements not ordered. index=855423 1770527995>1761354139
#ERR Elements not ordered. index=855424 1761354139>1750317446
#ERR Elements not ordered. index=855426 1770401383>1753627463
#ERR Elements not ordered. index=855429 1759855390>1754949703
#ERR Elements not ordered. index=855430 1754949703>1752109653
#ERR Elements not ordered. index=855431 1752109653>1751437819
#ERR Elements not ordered. index=855433 1768207166>1756397324
#ERR Elements not ordered. index=855435 1771837716>1764858367
#ERR Elements not ordered. index=855436 1764858367>1756106499
#ERR Elements not ordered. index=855438 1759915349>1758060943
#ERR Elements not ordered. index=855439 1758060943>1755480156
#ERR Elements not ordered. index=855441 1769831832>1768397222
#ERR Elements not ordered. index=855442 1768397222>1758363037
#ERR Elements not ordered. index=855444 1765428403>1755489467
#ERR Elements not ordered. index=855445 1755489467>1752226709
#ERR Elements not ordered. index=855449 1771245071>1756434358
#ERR Elements not ordered. index=855451 1765416707>1755968818
#ERR Elements not ordered. index=855453 1765010669>1755613851
#ERR Elements not ordered. index=855455 1768450154>1755008893
#ERR Elements not ordered. index=855457 1764236507>1755524024
#ERR Elements not ordered. index=855458 1755524024>1754811179
#ERR Elements not ordered. index=855461 1763476244>1763274242
#ERR Elements not ordered. index=855462 1763274242>1760946741
#ERR Elements not ordered. index=855464 1761260930>1750664050
#ERR Elements not ordered. index=855466 1763773395>1760466123
#ERR Elements not ordered. index=855467 1760466123>1760198209
#ERR Elements not ordered. index=855468 1760198209>1759487027
#ERR Elements not ordered. index=855470 1768990393>1755619461
#ERR Elements not ordered. index=855474 1770730820>1761457144
#ERR Elements not ordered. index=855475 1761457144>1756093450
#ERR Elements not ordered. index=855477 1766203703>1762089781
#ERR Elements not ordered. index=855479 1762868649>1759126248
#ERR Elements not ordered. index=855481 1771174612>1751461204
#ERR Elements not ordered. index=855483 1757174586>1755550678
#ERR Elements not ordered. index=855485 1760542456>1753753911
#ERR Elements not ordered. index=855488 1768308428>1762664223
#ERR Elements not ordered. index=855489 1762664223>1754293231
#ERR Elements not ordered. index=855491 1771994836>1771854696
#ERR Elements not ordered. index=855492 1771854696>1765310791
#ERR Elements not ordered. index=855493 1765310791>1763953325
#ERR Elements not ordered. index=855494 1763953325>1756066015
#ERR Elements not ordered. index=855496 1766455466>1760719073
#ERR Elements not ordered. index=855497 1760719073>1755327970
#ERR Elements not ordered. index=855500 1765550497>1751083945
#ERR Elements not ordered. index=855503 1769785285>1758770605
#ERR Elements not ordered. index=855505 1767528901>1755807336
#ERR Elements not ordered. index=855508 1768775970>1763402386
#ERR Elements not ordered. index=855509 1763402386>1752293022
#ERR Elements not ordered. index=855513 1769441399>1763232469
#ERR Elements not ordered. index=855514 1763232469>1750993746
#ERR Elements not ordered. index=855517 1768550240>1765728827
#ERR Elements not ordered. index=855518 1765728827>1764649013
#ERR Elements not ordered. index=855520 1771117576>1754026031
#ERR Elements not ordered. index=855522 1770674605>1759859761
#ERR Elements not ordered. index=855523 1759859761>1758539250
#ERR Elements not ordered. index=855524 1758539250>1756644080
#ERR Elements not ordered. index=855525 1756644080>1750193608
#ERR Elements not ordered. index=855528 1760008913>1756790800
#ERR Elements not ordered. index=855530 1758043521>1755387609
#ERR Elements not ordered. index=855533 1769217028>1759007394
#ERR Elements not ordered. index=855534 1759007394>1751862969
#ERR Elements not ordered. index=855537 1763646424>1758155923
#ERR Elements not ordered. index=855539 1768954489>1755517081
#ERR Elements not ordered. index=855540 1755517081>1755090011
#ERR Elements not ordered. index=855542 1770615397>1762910607
#ERR Elements not ordered. index=855544 1764923530>1751166302
#ERR Elements not ordered. index=855546 1764159010>1752842092
#ERR Elements not ordered. index=855549 1763383915>1760804582
#ERR Elements not ordered. index=855550 1760804582>1756111574
#ERR Elements not ordered. index=855552 1769275426>1762747423
#ERR Elements not ordered. index=855554 1772153990>1751457066
#ERR Elements not ordered. index=855555 1751457066>1750423594
#ERR Elements not ordered. index=855557 1764897372>1750440439
#ERR Elements not ordered. index=855559 1760357627>1755512160
#ERR Elements not ordered. index=855561 1759390500>1754417204
#ERR Elements not ordered. index=855564 1771969480>1768682774
#ERR Elements not ordered. index=855566 1771330294>1760856718
#ERR Elements not ordered. index=855568 1769815320>1767562181
#ERR Elements not ordered. index=855569 1767562181>1760988674
#ERR Elements not ordered. index=855571 1771677216>1764706180
#ERR Elements not ordered. index=855573 1769655203>1763661901
#ERR Elements not ordered. index=855574 1763661901>1757671965
#ERR Elements not ordered. index=855575 1757671965>1755877041
#ERR Elements not ordered. index=855576 1755877041>1750420752
#ERR Elements not ordered. index=855578 1757184058>1752125858
#ERR Elements not ordered. index=855580 1771267223>1770107114
#ERR Elements not ordered. index=855581 1770107114>1769091553
#ERR Elements not ordered. index=855582 1769091553>1755259809
#ERR Elements not ordered. index=855584 1761844604>1759675377
#ERR Elements not ordered. index=855588 1772163634>1764281390
#ERR Elements not ordered. index=855589 1764281390>1756308944
#ERR Elements not ordered. index=855590 1756308944>1752733002
#ERR Elements not ordered. index=855592 1764314217>1761095371
#ERR Elements not ordered. index=855594 1769879729>1760485213
#ERR Elements not ordered. index=855596 1764179887>1757917542
#ERR Elements not ordered. index=855598 1763784926>1751063745
#ERR Elements not ordered. index=855600 1770339615>1762763416
#ERR Elements not ordered. index=855603 1768342659>1758861634
#ERR Elements not ordered. index=855605 1771994459>1760447869
#ERR Elements not ordered. index=855608 1761660540>1753404261
#ERR Elements not ordered. index=855610 1757751746>1750760591
#ERR Elements not ordered. index=855613 1771888709>1770055734
#ERR Elements not ordered. index=855614 1770055734>1751234993
#ERR Elements not ordered. index=855616 1762031915>1760952947
#ERR Elements not ordered. index=855617 1760952947>1750319100
#ERR Elements not ordered. index=855620 1767837563>1766340694
#ERR Elements not ordered. index=855621 1766340694>1750806726
#ERR Elements not ordered. index=855623 1768767733>1757876409
#ERR Elements not ordered. index=855627 1768219871>1760029068
#ERR Elements not ordered. index=855629 1771357165>1761365538
#ERR Elements not ordered. index=855630 1761365538>1755557098
#ERR Elements not ordered. index=855631 1755557098>1751984532
#ERR Elements not ordered. index=855633 1762828907>1758200950
#ERR Elements not ordered. index=855635 1769468266>1752215100
#ERR Elements not ordered. index=855638 1767367406>1766244616
#ERR Elements not ordered. index=855639 1766244616>1753938193
#ERR Elements not ordered. index=855640 1753938193>1751385232
#ERR Elements not ordered. index=855643 1763132417>1759098135
#ERR Elements not ordered. index=855645 1762385610>1755008951
#ERR Elements not ordered. index=855649 1765643611>1758215477
#ERR Elements not ordered. index=855650 1758215477>1751596020
#ERR Elements not ordered. index=855652 1757070009>1752767604
#ERR Elements not ordered. index=855654 1764071551>1751932037
#ERR Elements not ordered. index=855657 1769055553>1764886563
#ERR Elements not ordered. index=855659 1768869184>1762685482
#ERR Elements not ordered. index=855660 1762685482>1754555370
#ERR Elements not ordered. index=855662 1764492523>1752370806
#ERR Elements not ordered. index=855664 1769665274>1758190191
#ERR Elements not ordered. index=855667 1768251693>1765221194
#ERR Elements not ordered. index=855668 1765221194>1752486687
#ERR Elements not ordered. index=855672 1771987549>1771924263
#ERR Elements not ordered. index=855673 1771924263>1762580685
#ERR Elements not ordered. index=855675 1764163760>1751058354
#ERR Elements not ordered. index=855679 1770449428>1770122385
#ERR Elements not ordered. index=855680 1770122385>1753724190
#ERR Elements not ordered. index=855683 1769551190>1755210818
#ERR Elements not ordered. index=855685 1768317021>1766891054
#ERR Elements not ordered. index=855686 1766891054>1755151538
#ERR Elements not ordered. index=855689 1763954749>1761543264
#ERR Elements not ordered. index=855691 1771780050>1765412165
#ERR Elements not ordered. index=855692 1765412165>1756098066
#ERR Elements not ordered. index=855696 1771169257>1768989858
#ERR Elements not ordered. index=855698 1772253021>1762093180
#ERR Elements not ordered. index=855700 1770678872>1765161500
#ERR Elements not ordered. index=855701 1765161500>1751780557
#ERR Elements not ordered. index=855704 1768812693>1763506225
#ERR Elements not ordered. index=855705 1763506225>1758706775
#ERR Elements not ordered. index=855706 1758706775>1750261820
#ERR Elements not ordered. index=855708 1763932191>1754228043
#ERR Elements not ordered. index=855710 1770765761>1754277211
#ERR Elements not ordered. index=855712 1756513313>1750213048
#ERR Elements not ordered. index=855714 1772202817>1769663521
#ERR Elements not ordered. index=855715 1769663521>1759055730
#ERR Elements not ordered. index=855716 1759055730>1754766210
#ERR Elements not ordered. index=855721 1768794640>1752790784
#ERR Elements not ordered. index=855722 1752790784>1750267063
#ERR Elements not ordered. index=855725 1767387479>1762103181
#ERR Elements not ordered. index=855726 1762103181>1761259673
#ERR Elements not ordered. index=855727 1761259673>1760300887
#ERR Elements not ordered. index=855728 1760300887>1753229353
#ERR Elements not ordered. index=855730 1764647849>1761664141
#ERR Elements not ordered. index=855731 1761664141>1759514896
#ERR Elements not ordered. index=855733 1767553438>1754239569
#ERR Elements not ordered. index=855735 1768049259>1767871486
#ERR Elements not ordered. index=855737 1769052596>1759888886
#ERR Elements not ordered. index=855738 1759888886>1752832706
#ERR Elements not ordered. index=855740 1764831072>1761350776
#ERR Elements not ordered. index=855741 1761350776>1753779643
#ERR Elements not ordered. index=855743 1766546279>1757596319
#ERR Elements not ordered. index=855745 1766563241>1765528160
#ERR Elements not ordered. index=855746 1765528160>1764803765
#ERR Elements not ordered. index=855748 1771755251>1759196445
#ERR Elements not ordered. index=855751 1766740050>1753743410
#ERR Elements not ordered. index=855753 1755461247>1751100340
#ERR Elements not ordered. index=855757 1763922339>1750611831
#ERR Elements not ordered. index=855760 1769991806>1763863668
#ERR Elements not ordered. index=855761 1763863668>1762293341
#ERR Elements not ordered. index=855763 1769968258>1769048780
#ERR Elements not ordered. index=855764 1769048780>1750500522
#ERR Elements not ordered. index=855767 1762531971>1755047692
#ERR Elements not ordered. index=855770 1772215011>1765873056
#ERR Elements not ordered. index=855771 1765873056>1752700847
#ERR Elements not ordered. index=855774 1771071887>1768948796
#ERR Elements not ordered. index=855776 1772007968>1767327657
#ERR Elements not ordered. index=855777 1767327657>1761907120
#ERR Elements not ordered. index=855778 1761907120>1755378863
#ERR Elements not ordered. index=855779 1755378863>1754230243
#ERR Elements not ordered. index=855782 1772020812>1755242868
#ERR Elements not ordered. index=855785 1769474955>1754341779
#ERR Elements not ordered. index=855786 1754341779>1754106180
#ERR Elements not ordered. index=855789 1765382040>1755072092
#ERR Elements not ordered. index=855791 1765222577>1755075438
#ERR Elements not ordered. index=855794 1768871868>1764251093
#ERR Elements not ordered. index=855795 1764251093>1751182254
#ERR Elements not ordered. index=855797 1762572983>1761489721
#ERR Elements not ordered. index=855798 1761489721>1757237122
#ERR Elements not ordered. index=855799 1757237122>1753759816
#ERR Elements not ordered. index=855801 1760961580>1756237491
#ERR Elements not ordered. index=855803 1766752803>1760282476
#ERR Elements not ordered. index=855804 1760282476>1752762638
#ERR Elements not ordered. index=855806 1765547179>1764870729
#ERR Elements not ordered. index=855809 1766036208>1751614619
#ERR Elements not ordered. index=855812 1767992194>1756733564
#ERR Elements not ordered. index=855813 1756733564>1752913585
#ERR Elements not ordered. index=855814 1752913585>1750259308
#ERR Elements not ordered. index=855817 1761145092>1751035018
#ERR Elements not ordered. index=855819 1770234076>1755341914
#ERR Elements not ordered. index=855822 1760632273>1757159872
#ERR Elements not ordered. index=855824 1762627260>1757064087
#ERR Elements not ordered. index=855826 1768539435>1757673942
#ERR Elements not ordered. index=855827 1757673942>1752315907
#ERR Elements not ordered. index=855830 1772248372>1762347449
#ERR Elements not ordered. index=855831 1762347449>1760315603
#ERR Elements not ordered. index=855832 1760315603>1752840047
#ERR Elements not ordered. index=855834 1756614910>1750742030
#ERR Elements not ordered. index=855836 1770955172>1751121959
#ERR Elements not ordered. index=855840 1767081747>1760008736
#ERR Elements not ordered. index=855841 1760008736>1756221153
#ERR Elements not ordered. index=855844 1766668876>1753641520
#ERR Elements not ordered. index=855846 1758342191>1755699470
#ERR Elements not ordered. index=855847 1755699470>1750857353
#ERR Elements not ordered. index=855849 1766945168>1761729332
#ERR Elements not ordered. index=855850 1761729332>1757991387
#ERR Elements not ordered. index=855851 1757991387>1751896599
#ERR Elements not ordered. index=855853 1766865167>1765408563
#ERR Elements not ordered. index=855854 1765408563>1751954999
#ERR Elements not ordered. index=855856 1765702851>1757548018
#ERR Elements not ordered. index=855857 1757548018>1754581518
#ERR Elements not ordered. index=855859 1766969937>1751144786
#ERR Elements not ordered. index=855862 1768823821>1763806812
#ERR Elements not ordered. index=855863 1763806812>1750267939
#ERR Elements not ordered. index=855868 1769468373>1766583489
#ERR Elements not ordered. index=855869 1766583489>1752474717
#ERR Elements not ordered. index=855871 1767493777>1757230552
#ERR Elements not ordered. index=855873 1770496745>1766726025
#ERR Elements not ordered. index=855874 1766726025>1761589045
#ERR Elements not ordered. index=855875 1761589045>1752960440
#ERR Elements not ordered. index=855877 1772257335>1767202553
#ERR Elements not ordered. index=855880 1770285027>1757077727
#ERR Elements not ordered. index=855883 1766077714>1765565602
#ERR Elements not ordered. index=855884 1765565602>1753258740
#ERR Elements not ordered. index=855887 1765218025>1751111279
#ERR Elements not ordered. index=855889 1765874657>1756904007
#ERR Elements not ordered. index=855891 1767895990>1758886981
#ERR Elements not ordered. index=855892 1758886981>1751631888
#ERR Elements not ordered. index=855898 1772218642>1770851494
#ERR Elements not ordered. index=855899 1770851494>1754379051
#ERR Elements not ordered. index=855901 1761573792>1754741652
#ERR Elements not ordered. index=855903 1758589580>1752438593
#ERR Elements not ordered. index=855907 1770892796>1760514576
#ERR Elements not ordered. index=855908 1760514576>1760467505
#ERR Elements not ordered. index=855911 1772244786>1751405935
#ERR Elements not ordered. index=855914 1770583897>1762787850
#ERR Elements not ordered. index=855915 1762787850>1758402275
#ERR Elements not ordered. index=855919 1771382924>1756692638
#ERR Elements not ordered. index=855922 1770792414>1768693192
#ERR Elements not ordered. index=855923 1768693192>1754134753
#ERR Elements not ordered. index=855926 1762304319>1754409238
#ERR Elements not ordered. index=855928 1759875011>1757272244
#ERR Elements not ordered. index=855929 1757272244>1755486506
#ERR Elements not ordered. index=855931 1767947476>1763301636
#ERR Elements not ordered. index=855932 1763301636>1760385951
#ERR Elements not ordered. index=855934 1769203755>1750350272
#ERR Elements not ordered. index=855936 1760673938>1757310298
#ERR Elements not ordered. index=855938 1768783503>1765458412
#ERR Elements not ordered. index=855939 1765458412>1751066580
#ERR Elements not ordered. index=855942 1770139057>1751926718
#ERR Elements not ordered. index=855945 1769164007>1755299707
#ERR Elements not ordered. index=855947 1770064000>1763081265
#ERR Elements not ordered. index=855948 1763081265>1750736295
#ERR Elements not ordered. index=855950 1755407794>1753336060
#ERR Elements not ordered. index=855952 1758386530>1754437155
#ERR Elements not ordered. index=855955 1768117485>1758075194
#ERR Elements not ordered. index=855957 1768492118>1768414781
#ERR Elements not ordered. index=855958 1768414781>1757862217
#ERR Elements not ordered. index=855959 1757862217>1753701000
#ERR Elements not ordered. index=855961 1771784431>1760196673
#ERR Elements not ordered. index=855962 1760196673>1755400530
#ERR Elements not ordered. index=855964 1769273146>1760851181
#ERR Elements not ordered. index=855966 1770921629>1761951606
#ERR Elements not ordered. index=855967 1761951606>1753810925
#ERR Elements not ordered. index=855969 1761420437>1759445704
#ERR Elements not ordered. index=855971 1770234121>1769820242
#ERR Elements not ordered. index=855972 1769820242>1765071376
#ERR Elements not ordered. index=855974 1767955390>1757082938
#ERR Elements not ordered. index=855977 1760276894>1751398457
#ERR Elements not ordered. index=855980 1762465373>1755908747
#ERR Elements not ordered. index=855983 1772315977>1765566980
#ERR Elements not ordered. index=855984 1765566980>1752715867
#ERR Elements not ordered. index=855988 1767686036>1765972401
#ERR Elements not ordered. index=855989 1765972401>1759375432
#ERR Elements not ordered. index=855990 1759375432>1750803958
#ERR Elements not ordered. index=855994 1767932314>1755598585
#ERR Elements not ordered. index=855996 1767223482>1759673517
#ERR Elements not ordered. index=856000 1766043702>1757724721
#ERR Elements not ordered. index=856004 1765225675>1760496537
#ERR Elements not ordered. index=856005 1760496537>1756473772
#ERR Elements not ordered. index=856008 1765559555>1763277373
#ERR Elements not ordered. index=856009 1763277373>1762173848
#ERR Elements not ordered. index=856011 1772019617>1758436108
#ERR Elements not ordered. index=856012 1758436108>1752310449
#ERR Elements not ordered. index=856014 1764955420>1762422880
#ERR Elements not ordered. index=856015 1762422880>1751189536
#ERR Elements not ordered. index=856017 1755933464>1754936446
#ERR Elements not ordered. index=856020 1761973998>1761750690
#ERR Elements not ordered. index=856021 1761750690>1754179509
#ERR Elements not ordered. index=856023 1768765115>1763381107
#ERR Elements not ordered. index=856024 1763381107>1763090562
#ERR Elements not ordered. index=856025 1763090562>1754083871
#ERR Elements not ordered. index=856027 1772315427>1760479087
#ERR Elements not ordered. index=856029 1769234153>1756353206
#ERR Elements not ordered. index=856031 1768348649>1750913733
#ERR Elements not ordered. index=856033 1770613547>1755618566
#ERR Elements not ordered. index=856035 1767608751>1751200274
#ERR Elements not ordered. index=856038 1768804499>1750233168
#ERR Elements not ordered. index=856040 1766284905>1755471328
#ERR Elements not ordered. index=856041 1755471328>1752194602
#ERR Elements not ordered. index=856043 1769182616>1754283233
#ERR Elements not ordered. index=856047 1766471741>1752304942
#ERR Elements not ordered. index=856050 1771616592>1756572991
#ERR Elements not ordered. index=856053 1772269681>1753516327
#ERR Elements not ordered. index=856055 1764988229>1754251796
#ERR Elements not ordered. index=856058 1764778236>1754331471
#ERR Elements not ordered. index=856060 1767490161>1763502598
#ERR Elements not ordered. index=856063 1771035489>1753383785
#ERR Elements not ordered. index=856067 1767511313>1766491957
#ERR Elements not ordered. index=856069 1770479356>1752761434
#ERR Elements not ordered. index=856071 1770755992>1755523568
#ERR Elements not ordered. index=856074 1771991903>1765664755
#ERR Elements not ordered. index=856075 1765664755>1758202932
#ERR Elements not ordered. index=856076 1758202932>1750758516
#ERR Elements not ordered. index=856080 1771979255>1750333984
#ERR Elements not ordered. index=856082 1771771302>1764046702
#ERR Elements not ordered. index=856084 1765183484>1751535986
#ERR Elements not ordered. index=856088 1758890060>1752584966
#ERR Elements not ordered. index=856091 1772126243>1753647977
#ERR Elements not ordered. index=856095 1766128423>1752188830
#ERR Elements not ordered. index=856099 1771564923>1765607834
#ERR Elements not ordered. index=856100 1765607834>1754538257
#ERR Elements not ordered. index=856102 1766640472>1754298896
#ERR Elements not ordered. index=856105 1770125838>1758652011
#ERR Elements not ordered. index=856107 1771296418>1752968872
#ERR Elements not ordered. index=856109 1764568968>1762485056
#ERR Elements not ordered. index=856110 1762485056>1754949914
#ERR Elements not ordered. index=856114 1771642492>1752073178
#ERR Elements not ordered. index=856116 1763041225>1750520794
#ERR Elements not ordered. index=856118 1757434738>1753966353
#ERR Elements not ordered. index=856121 1764860754>1755422219
#ERR Elements not ordered. index=856122 1755422219>1754320663
#ERR Elements not ordered. index=856124 1761570929>1752869008
#ERR Elements not ordered. index=856127 1756999759>1755418712
#ERR Elements not ordered. index=856128 1755418712>1753572159
#ERR Elements not ordered. index=856131 1767108689>1759270909
#ERR Elements not ordered. index=856133 1766081190>1765708663
#ERR Elements not ordered. index=856134 1765708663>1764172764
#ERR Elements not ordered. index=856135 1764172764>1763687226
#ERR Elements not ordered. index=856136 1763687226>1759626728
#ERR Elements not ordered. index=856137 1759626728>1757993737
#ERR Elements not ordered. index=856139 1764157038>1750319165
#ERR Elements not ordered. index=856145 1769426949>1768697894
#SDC Ite:0 KerTime:3.874493 AccTime:3.874493 KerErr:5847 AccErr:5847
#ABORT too many errors per iteration
#END