#HEADER size:1048576
#BEGIN Y:2016 M:09 D:13 Time:16:23:11
#IT Ite:0 KerTime:3.513082 AccTime:3.513082
#ERR Elements not ordered. index=683431 1401755798>1400424578
#ERR Elements not ordered. index=683433 1403496184>1401954439
#ERR Elements not ordered. index=683434 1401954439>1400125123
#ERR Elements not ordered. index=683436 1401817306>1400855430
#ERR Elements not ordered. index=683438 1401102896>1400236341
#ERR Elements not ordered. index=683440 1402778986>1401995262
#ERR Elements not ordered. index=683442 1403595079>1402450395
#ERR Elements not ordered. index=683444 1403931316>1398362489
#ERR Elements not ordered. index=683446 1403349184>1399876700
#ERR Elements not ordered. index=683447 1399876700>1399127276
#ERR Elements not ordered. index=683450 1402576456>1402004356
#ERR Elements not ordered. index=683451 1402004356>1398452608
#ERR Elements not ordered. index=683453 1401952957>1398473352
#ERR Elements not ordered. index=683456 1403013559>1399710301
#ERR Elements not ordered. index=683457 1399710301>1399538050
#ERR Elements not ordered. index=683461 1402465153>1401757889
#ERR Elements not ordered. index=683462 1401757889>1401618559
#ERR Elements not ordered. index=683463 1401618559>1398688968
#ERR Elements not ordered. index=683465 1403063992>1400263547
#ERR Elements not ordered. index=683469 1401159041>1400226041
#ERR Elements not ordered. index=683471 1401374712>1399520859
#ERR Elements not ordered. index=683473 1402075058>1401412159
#ERR Elements not ordered. index=683474 1401412159>1399517544
#ERR Elements not ordered. index=683475 1399517544>1399050821
#ERR Elements not ordered. index=683480 1403734357>1398580875
#ERR Elements not ordered. index=683483 1403810504>1403678118
#ERR Elements not ordered. index=683484 1403678118>1399232150
#ERR Elements not ordered. index=683485 1399232150>1398800798
#ERR Elements not ordered. index=683488 1401201574>1398639640
#ERR Elements not ordered. index=683490 1401986690>1400681026
#ERR Elements not ordered. index=683492 1402060332>1398667699
#ERR Elements not ordered. index=683494 1402366523>1399481207
#ERR Elements not ordered. index=683496 1399494969>1398402683
#ERR Elements not ordered. index=683498 1401460455>1398830675
#ERR Elements not ordered. index=683502 1403979100>1402450026
#ERR Elements not ordered. index=683503 1402450026>1401128822
#ERR Elements not ordered. index=683505 1402381169>1402069735
#ERR Elements not ordered. index=683506 1402069735>1401462570
#ERR Elements not ordered. index=683509 1402856482>1401163779
#ERR Elements not ordered. index=683510 1401163779>1398979528
#ERR Elements not ordered. index=683512 1403357243>1398712346
#ERR Elements not ordered. index=683514 1402340195>1399656621
#ERR Elements not ordered. index=683515 1399656621>1399487622
#ERR Elements not ordered. index=683516 1399487622>1399014177
#ERR Elements not ordered. index=683518 1399721194>1399598336
#ERR Elements not ordered. index=683521 1403509766>1400765516
#ERR Elements not ordered. index=683523 1402928069>1402303131
#ERR Elements not ordered. index=683525 1402679994>1402281156
#ERR Elements not ordered. index=683526 1402281156>1400954365
#ERR Elements not ordered. index=683528 1402175695>1401921551
#ERR Elements not ordered. index=683530 1403161223>1399785292
#ERR Elements not ordered. index=683534 1403760976>1399024641
#ERR Elements not ordered. index=683536 1401375437>1400890958
#ERR Elements not ordered. index=683538 1400941249>1400654385
#ERR Elements not ordered. index=683539 1400654385>1399049308
#ERR Elements not ordered. index=683542 1403850388>1400419140
#ERR Elements not ordered. index=683543 1400419140>1398596475
#ERR Elements not ordered. index=683544 1398596475>1398428923
#ERR Elements not ordered. index=683546 1403923183>1402602908
#ERR Elements not ordered. index=683547 1402602908>1399857279
#ERR Elements not ordered. index=683549 1403529260>1401825877
#ERR Elements not ordered. index=683551 1403091183>1401309920
#ERR Elements not ordered. index=683554 1403094482>1401542828
#ERR Elements not ordered. index=683555 1401542828>1399245443
#ERR Elements not ordered. index=683557 1403950100>1399096112
#ERR Elements not ordered. index=683560 1403719007>1399213661
#ERR Elements not ordered. index=683561 1399213661>1398569011
#ERR Elements not ordered. index=683563 1399323064>1399221266
#ERR Elements not ordered. index=683566 1403775777>1403301325
#ERR Elements not ordered. index=683567 1403301325>1399944948
#ERR Elements not ordered. index=683569 1402573082>1401980150
#ERR Elements not ordered. index=683570 1401980150>1401302820
#ERR Elements not ordered. index=683573 1402737881>1401772366
#ERR Elements not ordered. index=683574 1401772366>1399004396
#ERR Elements not ordered. index=683576 1402438743>1400985631
#ERR Elements not ordered. index=683577 1400985631>1400770624
#ERR Elements not ordered. index=683579 1403054876>1401869439
#ERR Elements not ordered. index=683580 1401869439>1399478509
#ERR Elements not ordered. index=683581 1399478509>1399177539
#ERR Elements not ordered. index=683583 1400180891>1399032522
#ERR Elements not ordered. index=683585 1401736908>1398392491
#ERR Elements not ordered. index=683587 1399717493>1399087299
#ERR Elements not ordered. index=683589 1400802306>1400255980
#ERR Elements not ordered. index=683591 1402737923>1399213569
#ERR Elements not ordered. index=683594 1400770157>1399952836
#ERR Elements not ordered. index=683596 1403745847>1400937918
#ERR Elements not ordered. index=683599 1403345511>1402937039
#ERR Elements not ordered. index=683600 1402937039>1402030694
#ERR Elements not ordered. index=683602 1403887115>1400531241
#ERR Elements not ordered. index=683603 1400531241>1399641016
#ERR Elements not ordered. index=683605 1403589570>1400814045
#ERR Elements not ordered. index=683607 1403167722>1401212121
#ERR Elements not ordered. index=683609 1401543097>1398418144
#ERR Elements not ordered. index=683611 1402155103>1399425034
#ERR Elements not ordered. index=683613 1399960740>1398647527
#ERR Elements not ordered. index=683615 1403639975>1400336938
#ERR Elements not ordered. index=683616 1400336938>1400333585
#ERR Elements not ordered. index=683618 1403665881>1402746454
#ERR Elements not ordered. index=683619 1402746454>1399011717
#ERR Elements not ordered. index=683622 1403753001>1402215365
#ERR Elements not ordered. index=683626 1403498902>1401659408
#ERR Elements not ordered. index=683628 1402967366>1399629560
#ERR Elements not ordered. index=683629 1399629560>1399241986
#ERR Elements not ordered. index=683633 1403868333>1398658250
#ERR Elements not ordered. index=683635 1403430800>1398500412
#ERR Elements not ordered. index=683636 1398500412>1398354425
#ERR Elements not ordered. index=683639 1401125568>1399902355
#ERR Elements not ordered. index=683642 1403508049>1398709223
#ERR Elements not ordered. index=683644 1401818104>1399864255
#ERR Elements not ordered. index=683645 1399864255>1399541472
#ERR Elements not ordered. index=683647 1402733323>1401490000
#ERR Elements not ordered. index=683648 1401490000>1398905946
#ERR Elements not ordered. index=683651 1403266591>1399147045
#ERR Elements not ordered. index=683654 1401958507>1400572773
#ERR Elements not ordered. index=683655 1400572773>1399436288
#ERR Elements not ordered. index=683659 1403903970>1399826402
#ERR Elements not ordered. index=683661 1403489368>1402917941
#ERR Elements not ordered. index=683662 1402917941>1401057966
#ERR Elements not ordered. index=683665 1402819950>1398697955
#ERR Elements not ordered. index=683667 1403240480>1402406925
#ERR Elements not ordered. index=683668 1402406925>1399881980
#ERR Elements not ordered. index=683670 1402956650>1402792520
#ERR Elements not ordered. index=683671 1402792520>1401532947
#ERR Elements not ordered. index=683673 1403196697>1402732500
#ERR Elements not ordered. index=683675 1403938049>1401242506
#ERR Elements not ordered. index=683676 1401242506>1400069856
#ERR Elements not ordered. index=683677 1400069856>1399968614
#ERR Elements not ordered. index=683680 1403755126>1400623972
#ERR Elements not ordered. index=683682 1403309857>1399676379
#ERR Elements not ordered. index=683684 1403810692>1399391612
#ERR Elements not ordered. index=683685 1399391612>1398945678
#ERR Elements not ordered. index=683687 1403548847>1403531142
#ERR Elements not ordered. index=683688 1403531142>1400639853
#ERR Elements not ordered. index=683689 1400639853>1399132087
#ERR Elements not ordered. index=683693 1403525948>1399132191
#ERR Elements not ordered. index=683697 1403179132>1400134973
#ERR Elements not ordered. index=683698 1400134973>1399300713
#ERR Elements not ordered. index=683700 1402545721>1400322399
#ERR Elements not ordered. index=683703 1402516596>1398959648
#ERR Elements not ordered. index=683707 1403302531>1403006620
#ERR Elements not ordered. index=683708 1403006620>1401822743
#ERR Elements not ordered. index=683709 1401822743>1401597724
#ERR Elements not ordered. index=683711 1403462862>1399124822
#ERR Elements not ordered. index=683713 1402517040>1398938389
#ERR Elements not ordered. index=683714 1398938389>1398548701
#ERR Elements not ordered. index=683720 1403864352>1403587738
#ERR Elements not ordered. index=683721 1403587738>1399120971
#ERR Elements not ordered. index=683724 1403982027>1403538586
#ERR Elements not ordered. index=683725 1403538586>1398717508
#ERR Elements not ordered. index=683728 1402603005>1401756330
#ERR Elements not ordered. index=683730 1401909995>1401309476
#ERR Elements not ordered. index=683732 1403971293>1400397193
#ERR Elements not ordered. index=683734 1403861323>1398802122
#ERR Elements not ordered. index=683735 1398802122>1398698017
#ERR Elements not ordered. index=683737 1401327290>1398832820
#ERR Elements not ordered. index=683739 1402189537>1402012023
#ERR Elements not ordered. index=683740 1402012023>1398875611
#ERR Elements not ordered. index=683743 1402332216>1400574074
#ERR Elements not ordered. index=683746 1401209724>1401084871
#ERR Elements not ordered. index=683749 1403829462>1401357191
#ERR Elements not ordered. index=683750 1401357191>1399237077
#ERR Elements not ordered. index=683752 1401314203>1399995447
#ERR Elements not ordered. index=683754 1401828465>1398864933
#ERR Elements not ordered. index=683756 1399661124>1399247797
#ERR Elements not ordered. index=683758 1400710015>1399907819
#ERR Elements not ordered. index=683760 1403969834>1403245755
#ERR Elements not ordered. index=683761 1403245755>1401571663
#ERR Elements not ordered. index=683762 1401571663>1401140995
#ERR Elements not ordered. index=683764 1402543590>1401591854
#ERR Elements not ordered. index=683765 1401591854>1399155585
#ERR Elements not ordered. index=683767 1403506443>1399003824
#ERR Elements not ordered. index=683770 1403136907>1400269866
#ERR Elements not ordered. index=683772 1402112313>1398731584
#ERR Elements not ordered. index=683775 1401095337>1400670877
#ERR Elements not ordered. index=683776 1400670877>1400599130
#ERR Elements not ordered. index=683777 1400599130>1398609923
#ERR Elements not ordered. index=683782 1403768900>1399307160
#ERR Elements not ordered. index=683785 1400518382>1400260212
#ERR Elements not ordered. index=683788 1402854154>1400551261
#ERR Elements not ordered. index=683789 1400551261>1398344297
#ERR Elements not ordered. index=683792 1403472960>1400277541
#ERR Elements not ordered. index=683793 1400277541>1400218136
#ERR Elements not ordered. index=683796 1402751322>1400227230
#ERR Elements not ordered. index=683798 1402735607>1399647038
#ERR Elements not ordered. index=683801 1402104597>1399063736
#ERR Elements not ordered. index=683804 1402889683>1398912767
#ERR Elements not ordered. index=683807 1402305784>1402039462
#ERR Elements not ordered. index=683808 1402039462>1400938898
#ERR Elements not ordered. index=683810 1401881405>1401566134
#ERR Elements not ordered. index=683812 1403751819>1402787175
#ERR Elements not ordered. index=683813 1402787175>1400938473
#ERR Elements not ordered. index=683815 1401702388>1400665953
#ERR Elements not ordered. index=683816 1400665953>1399099367
#ERR Elements not ordered. index=683819 1400947476>1399369371
#ERR Elements not ordered. index=683822 1403788834>1400998225
#ERR Elements not ordered. index=683823 1400998225>1399977503
#ERR Elements not ordered. index=683824 1399977503>1399654194
#ERR Elements not ordered. index=683826 1401024778>1400181760
#ERR Elements not ordered. index=683828 1402156586>1399284194
#ERR Elements not ordered. index=683829 1399284194>1398950275
#ERR Elements not ordered. index=683830 1398950275>1398718343
#ERR Elements not ordered. index=683832 1403034124>1400448838
#ERR Elements not ordered. index=683834 1403332812>1400368883
#ERR Elements not ordered. index=683837 1403606739>1401815417
#ERR Elements not ordered. index=683838 1401815417>1399828461
#ERR Elements not ordered. index=683842 1403874659>1403536014
#ERR Elements not ordered. index=683843 1403536014>1398565590
#ERR Elements not ordered. index=683845 1399350733>1398402611
#ERR Elements not ordered. index=683847 1403811803>1403614034
#ERR Elements not ordered. index=683848 1403614034>1401687772
#ERR Elements not ordered. index=683849 1401687772>1400377933
#ERR Elements not ordered. index=683851 1403442137>1401384967
#ERR Elements not ordered. index=683852 1401384967>1400275958
#ERR Elements not ordered. index=683853 1400275958>1400105684
#ERR Elements not ordered. index=683855 1401793632>1400779576
#ERR Elements not ordered. index=683856 1400779576>1398546262
#ERR Elements not ordered. index=683858 1398870438>1398743416
#ERR Elements not ordered. index=683860 1401174728>1399503694
#ERR Elements not ordered. index=683862 1402065378>1399668681
#ERR Elements not ordered. index=683865 1401345161>1400173493
#ERR Elements not ordered. index=683869 1403763340>1398755706
#ERR Elements not ordered. index=683873 1402690112>1399621293
#ERR Elements not ordered. index=683876 1401454872>1398483015
#ERR Elements not ordered. index=683878 1402316035>1399002889
#ERR Elements not ordered. index=683880 1402706424>1398645229
#ERR Elements not ordered. index=683882 1403889211>1402764710
#ERR Elements not ordered. index=683883 1402764710>1402159969
#ERR Elements not ordered. index=683885 1403100332>1400271788
#ERR Elements not ordered. index=683887 1402174011>1399062952
#ERR Elements not ordered. index=683889 1400990903>1398972102
#ERR Elements not ordered. index=683891 1401119189>1398553230
#ERR Elements not ordered. index=683893 1401030018>1399079950
#ERR Elements not ordered. index=683894 1399079950>1398866720
#ERR Elements not ordered. index=683897 1402149650>1401142288
#ERR Elements not ordered. index=683898 1401142288>1399547675
#ERR Elements not ordered. index=683900 1403155108>1399599147
#ERR Elements not ordered. index=683903 1403409929>1399686588
#ERR Elements not ordered. index=683904 1399686588>1398530080
#ERR Elements not ordered. index=683908 1403493939>1398431035
#ERR Elements not ordered. index=683912 1403364251>1402095690
#ERR Elements not ordered. index=683913 1402095690>1399439292
#ERR Elements not ordered. index=683916 1403485414>1402930630
#ERR Elements not ordered. index=683917 1402930630>1400140971
#ERR Elements not ordered. index=683918 1400140971>1399770849
#ERR Elements not ordered. index=683920 1400259693>1399597365
#ERR Elements not ordered. index=683921 1399597365>1398484703
#ERR Elements not ordered. index=683924 1403165141>1399397217
#ERR Elements not ordered. index=683926 1402599920>1401744630
#ERR Elements not ordered. index=683927 1401744630>1400940973
#ERR Elements not ordered. index=683928 1400940973>1398953800
#ERR Elements not ordered. index=683930 1401487761>1399086947
#ERR Elements not ordered. index=683932 1402155797>1400701485
#ERR Elements not ordered. index=683934 1403756300>1398999147
#ERR Elements not ordered. index=683937 1402819870>1399900044
#ERR Elements not ordered. index=683940 1403999318>1400700677
#ERR Elements not ordered. index=683943 1403671451>1398455157
#ERR Elements not ordered. index=683946 1403743256>1402135769
#ERR Elements not ordered. index=683947 1402135769>1398750755
#ERR Elements not ordered. index=683948 1398750755>1398397797
#ERR Elements not ordered. index=683951 1403914245>1403616002
#ERR Elements not ordered. index=683952 1403616002>1402160558
#ERR Elements not ordered. index=683953 1402160558>1400142443
#ERR Elements not ordered. index=683955 1401524671>1400571440
#ERR Elements not ordered. index=683956 1400571440>1398958908
#ERR Elements not ordered. index=683959 1402188179>1401201238
#ERR Elements not ordered. index=683960 1401201238>1400159170
#ERR Elements not ordered. index=683963 1402617864>1399552285
#ERR Elements not ordered. index=683968 1403256415>1401153207
#ERR Elements not ordered. index=683970 1402865740>1400634227
#ERR Elements not ordered. index=683971 1400634227>1400000339
#ERR Elements not ordered. index=683972 1400000339>1399445911
#ERR Elements not ordered. index=683974 1400524919>1399824664
#ERR Elements not ordered. index=683975 1399824664>1399600300
#ERR Elements not ordered. index=683980 1403761100>1398953934
#ERR Elements not ordered. index=683984 1402904675>1400763665
#ERR Elements not ordered. index=683986 1401726535>1400393876
#ERR Elements not ordered. index=683987 1400393876>1399598417
#ERR Elements not ordered. index=683991 1403879012>1398525800
#ERR Elements not ordered. index=683993 1402757425>1401348538
#ERR Elements not ordered. index=683994 1401348538>1399156052
#ERR Elements not ordered. index=683997 1403697199>1402247439
#ERR Elements not ordered. index=683998 1402247439>1401163558
#ERR Elements not ordered. index=683999 1401163558>1401084322
#ERR Elements not ordered. index=684001 1402473417>1401464831
#ERR Elements not ordered. index=684003 1402476574>1400039780
#ERR Elements not ordered. index=684006 1402364783>1399245975
#ERR Elements not ordered. index=684010 1403895666>1403865279
#ERR Elements not ordered. index=684011 1403865279>1403098362
#ERR Elements not ordered. index=684012 1403098362>1401374970
#ERR Elements not ordered. index=684014 1403642369>1400855103
#ERR Elements not ordered. index=684015 1400855103>1398733664
#ERR Elements not ordered. index=684017 1401778379>1401056831
#ERR Elements not ordered. index=684019 1403736172>1403439490
#ERR Elements not ordered. index=684020 1403439490>1400751290
#ERR Elements not ordered. index=684021 1400751290>1399821879
#ERR Elements not ordered. index=684023 1402927832>1399655461
#ERR Elements not ordered. index=684025 1402141849>1399413763
#ERR Elements not ordered. index=684026 1399413763>1399401933
#ERR Elements not ordered. index=684027 1399401933>1399340927
#ERR Elements not ordered. index=684029 1403763502>1400200864
#ERR Elements not ordered. index=684031 1400430322>1398736212
#ERR Elements not ordered. index=684033 1401558128>1401429824
#ERR Elements not ordered. index=684034 1401429824>1398768837
#ERR Elements not ordered. index=684037 1402599053>1399508830
#ERR Elements not ordered. index=684039 1399548078>1398537015
#ERR Elements not ordered. index=684041 1400358855>1399218694
#ERR Elements not ordered. index=684042 1399218694>1398842251
#ERR Elements not ordered. index=684045 1403725145>1403282672
#ERR Elements not ordered. index=684047 1403323299>1398351491
#ERR Elements not ordered. index=684049 1401623241>1400630321
#ERR Elements not ordered. index=684051 1402395877>1401368703
#ERR Elements not ordered. index=684052 1401368703>1398653361
#ERR Elements not ordered. index=684055 1401503171>1401170239
#ERR Elements not ordered. index=684056 1401170239>1398381509
#ERR Elements not ordered. index=684059 1401301366>1399714669
#ERR Elements not ordered. index=684062 1402730579>1399572898
#ERR Elements not ordered. index=684063 1399572898>1398703117
#ERR Elements not ordered. index=684066 1401919521>1400116579
#ERR Elements not ordered. index=684069 1402908681>1402315430
#ERR Elements not ordered. index=684071 1403268888>1399782611
#ERR Elements not ordered. index=684074 1403166886>1402227410
#ERR Elements not ordered. index=684075 1402227410>1398916416
#ERR Elements not ordered. index=684077 1402716453>1401242134
#ERR Elements not ordered. index=684078 1401242134>1400308378
#ERR Elements not ordered. index=684081 1403946420>1399747540
#ERR Elements not ordered. index=684083 1403474750>1400188285
#ERR Elements not ordered. index=684085 1400977865>1399944622
#ERR Elements not ordered. index=684087 1403991800>1402144674
#ERR Elements not ordered. index=684088 1402144674>1400682697
#ERR Elements not ordered. index=684091 1402953706>1398972631
#ERR Elements not ordered. index=684093 1401629348>1399412948
#ERR Elements not ordered. index=684095 1401111286>1398777222
#ERR Elements not ordered. index=684098 1401825242>1400080041
#ERR Elements not ordered. index=684099 1400080041>1399469968
#ERR Elements not ordered. index=684101 1403011174>1400255388
#ERR Elements not ordered. index=684103 1403628573>1401056184
#ERR Elements not ordered. index=684105 1402972410>1402212287
#ERR Elements not ordered. index=684106 1402212287>1401163551
#ERR Elements not ordered. index=684107 1401163551>1398486867
#ERR Elements not ordered. index=684110 1400827541>1400235808
#ERR Elements not ordered. index=684111 1400235808>1398408249
#ERR Elements not ordered. index=684115 1402578519>1399322234
#ERR Elements not ordered. index=684118 1402780292>1400038955
#ERR Elements not ordered. index=684119 1400038955>1398657955
#ERR Elements not ordered. index=684122 1403684744>1402992141
#ERR Elements not ordered. index=684123 1402992141>1400039191
#ERR Elements not ordered. index=684124 1400039191>1398668794
#ERR Elements not ordered. index=684127 1400125838>1399118783
#ERR Elements not ordered. index=684129 1403925074>1403574159
#ERR Elements not ordered. index=684130 1403574159>1400483875
#ERR Elements not ordered. index=684131 1400483875>1400119420
#ERR Elements not ordered. index=684133 1403455673>1399814542
#ERR Elements not ordered. index=684134 1399814542>1399579074
#ERR Elements not ordered. index=684138 1403589038>1403334696
#ERR Elements not ordered. index=684139 1403334696>1398385098
#ERR Elements not ordered. index=684142 1401893761>1399479055
#ERR Elements not ordered. index=684144 1400950467>1398545196
#ERR Elements not ordered. index=684147 1403817288>1400829259
#ERR Elements not ordered. index=684149 1403943011>1402609493
#ERR Elements not ordered. index=684151 1403884933>1401048746
#ERR Elements not ordered. index=684153 1402437132>1401078492
#ERR Elements not ordered. index=684154 1401078492>1400712315
#ERR Elements not ordered. index=684156 1401641991>1401165456
#ERR Elements not ordered. index=684158 1403034111>1402745636
#ERR Elements not ordered. index=684159 1402745636>1400455801
#ERR Elements not ordered. index=684160 1400455801>1398557066
#ERR Elements not ordered. index=684162 1401832661>1398935218
#ERR Elements not ordered. index=684163 1398935218>1398629025
#ERR Elements not ordered. index=684165 1400949892>1398504146
#ERR Elements not ordered. index=684167 1400809773>1399922495
#ERR Elements not ordered. index=684168 1399922495>1399885118
#ERR Elements not ordered. index=684170 1402992784>1401591609
#ERR Elements not ordered. index=684172 1403124550>1402198408
#ERR Elements not ordered. index=684173 1402198408>1402096928
#ERR Elements not ordered. index=684174 1402096928>1400393510
#ERR Elements not ordered. index=684176 1403324513>1400661726
#ERR Elements not ordered. index=684179 1403757282>1399048262
#ERR Elements not ordered. index=684180 1399048262>1398347675
#ERR Elements not ordered. index=684182 1403619158>1400316262
#ERR Elements not ordered. index=684184 1403005295>1400933383
#ERR Elements not ordered. index=684186 1401932520>1399419386
#ERR Elements not ordered. index=684189 1403807146>1398369042
#ERR Elements not ordered. index=684191 1401307512>1401089201
#ERR Elements not ordered. index=684192 1401089201>1399398457
#ERR Elements not ordered. index=684196 1401871769>1400850836
#ERR Elements not ordered. index=684197 1400850836>1398424698
#ERR Elements not ordered. index=684199 1401919663>1401893263
#ERR Elements not ordered. index=684200 1401893263>1400630117
#ERR Elements not ordered. index=684201 1400630117>1399375306
#ERR Elements not ordered. index=684203 1401087096>1400112717
#ERR Elements not ordered. index=684205 1402473242>1399224645
#ERR Elements not ordered. index=684207 1400708772>1399305835
#ERR Elements not ordered. index=684210 1400645505>1398688492
#ERR Elements not ordered. index=684212 1402377018>1402141986
#ERR Elements not ordered. index=684213 1402141986>1399172138
#ERR Elements not ordered. index=684214 1399172138>1398895848
#ERR Elements not ordered. index=684215 1398895848>1398457256
#ERR Elements not ordered. index=684217 1403650814>1400584947
#ERR Elements not ordered. index=684218 1400584947>1400155044
#ERR Elements not ordered. index=684219 1400155044>1398677328
#ERR Elements not ordered. index=684221 1401118324>1401026907
#ERR Elements not ordered. index=684223 1403816605>1398443508
#ERR Elements not ordered. index=684227 1402293806>1400336913
#ERR Elements not ordered. index=684229 1401085673>1400764121
#ERR Elements not ordered. index=684231 1403966152>1403692060
#ERR Elements not ordered. index=684232 1403692060>1398921176
#ERR Elements not ordered. index=684233 1398921176>1398684107
#ERR Elements not ordered. index=684235 1402616010>1401996224
#ERR Elements not ordered. index=684237 1403994694>1402416319
#ERR Elements not ordered. index=684238 1402416319>1401795743
#ERR Elements not ordered. index=684240 1403266713>1403071226
#ERR Elements not ordered. index=684241 1403071226>1401520207
#ERR Elements not ordered. index=684243 1403841434>1398483996
#ERR Elements not ordered. index=684246 1402858871>1401000030
#ERR Elements not ordered. index=684247 1401000030>1398978854
#ERR Elements not ordered. index=684250 1403552351>1401498941
#ERR Elements not ordered. index=684252 1402773629>1400055435
#ERR Elements not ordered. index=684253 1400055435>1399870772
#ERR Elements not ordered. index=684258 1401440950>1399306246
#ERR Elements not ordered. index=684259 1399306246>1398397260
#ERR Elements not ordered. index=684264 1403708126>1402957721
#ERR Elements not ordered. index=684265 1402957721>1400292045
#ERR Elements not ordered. index=684267 1403601543>1400026930
#ERR Elements not ordered. index=684268 1400026930>1399911677
#ERR Elements not ordered. index=684270 1401766956>1400183312
#ERR Elements not ordered. index=684271 1400183312>1398918873
#ERR Elements not ordered. index=684273 1403916964>1402171290
#ERR Elements not ordered. index=684274 1402171290>1400537932
#ERR Elements not ordered. index=684275 1400537932>1399537110
#ERR Elements not ordered. index=684277 1403320085>1401661248
#ERR Elements not ordered. index=684278 1401661248>1399646823
#ERR Elements not ordered. index=684281 1402238727>1399712532
#ERR Elements not ordered. index=684284 1402692437>1400414048
#ERR Elements not ordered. index=684288 1403742307>1399744423
#ERR Elements not ordered. index=684289 1399744423>1398641445
#ERR Elements not ordered. index=684291 1401991832>1398938783
#ERR Elements not ordered. index=684295 1403710683>1399435611
#ERR Elements not ordered. index=684297 1403511516>1399723464
#ERR Elements not ordered. index=684300 1402968812>1401920784
#ERR Elements not ordered. index=684301 1401920784>1400642878
#ERR Elements not ordered. index=684303 1401246906>1400410341
#ERR Elements not ordered. index=684305 1402488467>1401113754
#ERR Elements not ordered. index=684306 1401113754>1399711354
#ERR Elements not ordered. index=684308 1400107573>1399950444
#ERR Elements not ordered. index=684310 1403907863>1400491888
#ERR Elements not ordered. index=684312 1402862548>1402802454
#ERR Elements not ordered. index=684313 1402802454>1400394979
#ERR Elements not ordered. index=684314 1400394979>1398758622
#ERR Elements not ordered. index=684316 1401065694>1400431186
#ERR Elements not ordered. index=684319 1403685256>1401958092
#ERR Elements not ordered. index=684320 1401958092>1400275050
#ERR Elements not ordered. index=684322 1403668588>1402330116
#ERR Elements not ordered. index=684323 1402330116>1402198848
#ERR Elements not ordered. index=684324 1402198848>1401693172
#ERR Elements not ordered. index=684326 1403586774>1401759065
#ERR Elements not ordered. index=684327 1401759065>1399315553
#ERR Elements not ordered. index=684329 1403262221>1402910532
#ERR Elements not ordered. index=684330 1402910532>1402463032
#ERR Elements not ordered. index=684331 1402463032>1402064093
#ERR Elements not ordered. index=684335 1403189367>1399664586
#ERR Elements not ordered. index=684338 1403928721>1402366613
#ERR Elements not ordered. index=684339 1402366613>1401027033
#ERR Elements not ordered. index=684342 1403969713>1402283084
#ERR Elements not ordered. index=684343 1402283084>1399813410
#ERR Elements not ordered. index=684345 1402753290>1401845887
#ERR Elements not ordered. index=684347 1403152645>1398965139
#ERR Elements not ordered. index=684349 1402480003>1398395138
#ERR Elements not ordered. index=684351 1400086611>1399883528
#ERR Elements not ordered. index=684352 1399883528>1398599627
#ERR Elements not ordered. index=684356 1403730280>1398408294
#ERR Elements not ordered. index=684358 1402634071>1401642901
#ERR Elements not ordered. index=684359 1401642901>1400439279
#ERR Elements not ordered. index=684361 1403152356>1401165558
#ERR Elements not ordered. index=684363 1401197795>1400877923
#ERR Elements not ordered. index=684364 1400877923>1400467165
#ERR Elements not ordered. index=684366 1402262128>1398678502
#ERR Elements not ordered. index=684369 1403587383>1401155485
#ERR Elements not ordered. index=684371 1402965455>1401147114
#ERR Elements not ordered. index=684372 1401147114>1400677912
#ERR Elements not ordered. index=684373 1400677912>1399222103
#ERR Elements not ordered. index=684374 1399222103>1399158981
#ERR Elements not ordered. index=684375 1399158981>1399084680
#ERR Elements not ordered. index=684378 1403737126>1402659659
#ERR Elements not ordered. index=684381 1403909738>1400849607
#ERR Elements not ordered. index=684383 1401135008>1398779824
#ERR Elements not ordered. index=684384 1398779824>1398725507
#ERR Elements not ordered. index=684387 1402278451>1401213556
#ERR Elements not ordered. index=684388 1401213556>1400530159
#ERR Elements not ordered. index=684389 1400530159>1400491793
#ERR Elements not ordered. index=684390 1400491793>1398626081
#ERR Elements not ordered. index=684392 1402137895>1399813143
#ERR Elements not ordered. index=684395 1403884423>1398857695
#ERR Elements not ordered. index=684396 1398857695>1398599239
#ERR Elements not ordered. index=684398 1401376244>1400082758
#ERR Elements not ordered. index=684400 1400283287>1399729718
#ERR Elements not ordered. index=684404 1403869612>1398418117
#ERR Elements not ordered. index=684406 1400322345>1398475838
#ERR Elements not ordered. index=684409 1403988015>1400626145
#ERR Elements not ordered. index=684410 1400626145>1399712534
#ERR Elements not ordered. index=684412 1400565515>1400349026
#SDC Ite:0 KerTime:3.513082 AccTime:3.513082 KerErr:1414 AccErr:1414
#ABORT too many errors per iteration
#END