#HEADER size:1048576
#BEGIN Y:2016 M:09 D:13 Time:14:56:11
#IT Ite:0 KerTime:3.843940 AccTime:3.843940
#ERR The histogram from element 1453540601 differs. srcHist=1 dstHist=0

#ERR Elements not ordered. index=709246 1451772523>1451770159
#ERR Elements not ordered. index=709248 1451776949>1451775870
#ERR Elements not ordered. index=709250 1451781680>1451778644
#ERR Elements not ordered. index=709252 1451783539>1451781997
#ERR Elements not ordered. index=709260 1451806272>1451798584
#ERR Elements not ordered. index=709264 1451825152>1451815307
#ERR Elements not ordered. index=709272 1451833706>1451825495
#ERR Elements not ordered. index=709274 1451830805>1451828178
#ERR Elements not ordered. index=709276 1451834288>1451833262
#ERR Elements not ordered. index=709280 1451845445>1451758869
#ERR Elements not ordered. index=709286 1451866972>1451862357
#ERR Elements not ordered. index=709288 1451870833>1451849666
#ERR Elements not ordered. index=709292 1451884454>1451867535
#ERR Elements not ordered. index=709294 1451886287>1451880355
#ERR Elements not ordered. index=709296 1451887123>1451883895
#ERR Elements not ordered. index=709300 1451902378>1451895500
#ERR Elements not ordered. index=709304 1451908432>1451900134
#ERR Elements not ordered. index=709308 1451920407>1451906904
#ERR Elements not ordered. index=709312 1451949547>1451894878
#ERR Elements not ordered. index=709316 1451930563>1451918458
#ERR Elements not ordered. index=709320 1451959741>1451929790
#ERR Elements not ordered. index=709326 1451968468>1451950766
#ERR Elements not ordered. index=709328 1451977078>1451963523
#ERR Elements not ordered. index=709332 1451977254>1451975850
#ERR Elements not ordered. index=709336 1451978861>1451978361
#ERR Elements not ordered. index=709340 1451984585>1451980952
#ERR Elements not ordered. index=709344 1451996841>1451931681
#ERR Elements not ordered. index=709348 1451989736>1451988486
#ERR Elements not ordered. index=709356 1452002834>1452001339
#ERR Elements not ordered. index=709358 1452005339>1452002772
#ERR Elements not ordered. index=709360 1452006638>1451995854
#ERR Elements not ordered. index=709364 1452013592>1452004426
#ERR Elements not ordered. index=709368 1452015220>1452012525
#ERR Elements not ordered. index=709370 1452017024>1452016283
#ERR Elements not ordered. index=709372 1452020386>1452018641
#ERR Elements not ordered. index=709374 1452044302>1452018987
#ERR Elements not ordered. index=709376 1452056347>1452022088
#ERR Elements not ordered. index=709378 1452035645>1452022628
#ERR Elements not ordered. index=709384 1452051842>1452048328
#ERR Elements not ordered. index=709388 1452062928>1452052359
#ERR Elements not ordered. index=709390 1452057702>1452054389
#ERR Elements not ordered. index=709392 1452063979>1452056832
#ERR Elements not ordered. index=709396 1452077519>1452064649
#ERR Elements not ordered. index=709398 1452070722>1452069629
#ERR Elements not ordered. index=709400 1452089992>1452075320
#ERR Elements not ordered. index=709402 1452081666>1452078764
#ERR Elements not ordered. index=709406 1452086116>1452085457
#ERR Elements not ordered. index=709408 1452189453>1452037912
#ERR Elements not ordered. index=709414 1452111998>1452110518
#ERR Elements not ordered. index=709416 1452113217>1452112217
#ERR Elements not ordered. index=709418 1452119086>1452116327
#ERR Elements not ordered. index=709424 1452134412>1452098590
#ERR Elements not ordered. index=709430 1452148434>1452142196
#ERR Elements not ordered. index=709432 1452160032>1452133355
#ERR Elements not ordered. index=709436 1452171757>1452151656
#ERR Elements not ordered. index=709440 1452175402>1452164588
#ERR Elements not ordered. index=709446 1452180466>1452177530
#ERR Elements not ordered. index=709448 1452195895>1452180689
#ERR Elements not ordered. index=709452 1452205587>1452181977
#ERR Elements not ordered. index=709454 1452200306>1452199027
#ERR Elements not ordered. index=709456 1452206709>1452194520
#ERR Elements not ordered. index=709458 1452211465>1452203065
#ERR Elements not ordered. index=709460 1452213343>1452208855
#ERR Elements not ordered. index=709462 1452225022>1452212274
#ERR Elements not ordered. index=709464 1452225614>1452212745
#ERR Elements not ordered. index=709466 1452227769>1452217129
#ERR Elements not ordered. index=709468 1452231098>1452225424
#ERR Elements not ordered. index=709470 1452264448>1452229892
#ERR Elements not ordered. index=709472 1452454167>1452195132
#ERR Elements not ordered. index=709476 1452236771>1452235157
#ERR Elements not ordered. index=709480 1452265112>1452247947
#ERR Elements not ordered. index=709484 1452278677>1452269229
#ERR Elements not ordered. index=709488 1452297421>1452266129
#ERR Elements not ordered. index=709504 1452333398>1452289522
#ERR Elements not ordered. index=709508 1452350709>1452343207
#ERR Elements not ordered. index=709510 1452353173>1452352890
#ERR Elements not ordered. index=709512 1452357849>1452345425
#ERR Elements not ordered. index=709516 1452376940>1452363427
#ERR Elements not ordered. index=709520 1452387058>1452373214
#ERR Elements not ordered. index=709524 1452386457>1452381618
#ERR Elements not ordered. index=709526 1452390245>1452388120
#ERR Elements not ordered. index=709528 1452398984>1452378270
#ERR Elements not ordered. index=709534 1452405698>1452405369
#ERR Elements not ordered. index=709536 1452408887>1452390277
#ERR Elements not ordered. index=709540 1452413591>1452410105
#ERR Elements not ordered. index=709542 1452416665>1452416098
#ERR Elements not ordered. index=709544 1452420263>1452410263
#ERR Elements not ordered. index=709548 1452433638>1452417145
#ERR Elements not ordered. index=709552 1452436025>1452431592
#ERR Elements not ordered. index=709556 1452451867>1452438936
#ERR Elements not ordered. index=709560 1452456464>1452452033
#ERR Elements not ordered. index=709564 1452463013>1452457597
#ERR Elements not ordered. index=709568 1452463569>1452455699
#ERR Elements not ordered. index=709570 1452463436>1452461495
#ERR Elements not ordered. index=709572 1452477530>1452468894
#ERR Elements not ordered. index=709574 1452481935>1452473695
#ERR Elements not ordered. index=709576 1452485296>1452456220
#ERR Elements not ordered. index=709578 1452487383>1452477648
#ERR Elements not ordered. index=709580 1452488253>1452476538
#ERR Elements not ordered. index=709582 1452488492>1452485838
#ERR Elements not ordered. index=709584 1452514647>1452483009
#ERR Elements not ordered. index=709588 1452503588>1452491371
#ERR Elements not ordered. index=709592 1452527851>1452525583
#ERR Elements not ordered. index=709596 1452534757>1452529210
#ERR Elements not ordered. index=709598 1452538607>1452537771
#ERR Elements not ordered. index=709600 1452652472>1452537434
#ERR Elements not ordered. index=709606 1452560958>1452556852
#ERR Elements not ordered. index=709608 1452562253>1452545918
#ERR Elements not ordered. index=709614 1452577330>1452575979
#ERR Elements not ordered. index=709616 1452584029>1452567527
#ERR Elements not ordered. index=709618 1452579202>1452576545
#ERR Elements not ordered. index=709620 1452586324>1452578480
#ERR Elements not ordered. index=709622 1452584984>1452584890
#ERR Elements not ordered. index=709624 1452596416>1452583811
#ERR Elements not ordered. index=709626 1452590296>1452586894
#ERR Elements not ordered. index=709628 1452606451>1452590985
#ERR Elements not ordered. index=709630 1452598288>1452596530
#ERR Elements not ordered. index=709632 1452631158>1452601458
#ERR Elements not ordered. index=709634 1452613730>1452603012
#ERR Elements not ordered. index=709636 1452613747>1452611735
#ERR Elements not ordered. index=709638 1452619040>1452617057
#ERR Elements not ordered. index=709640 1452633992>1452624537
#ERR Elements not ordered. index=709642 1452640043>1452632037
#ERR Elements not ordered. index=709644 1452640141>1452640056
#ERR Elements not ordered. index=709646 1452643274>1452640872
#ERR Elements not ordered. index=709648 1452653011>1452650492
#ERR Elements not ordered. index=709650 1452656489>1452654340
#ERR Elements not ordered. index=709652 1452658073>1452656448
#ERR Elements not ordered. index=709654 1452662896>1452658055
#ERR Elements not ordered. index=709656 1452689636>1452667688
#ERR Elements not ordered. index=709658 1452671027>1452669865
#ERR Elements not ordered. index=709660 1452685028>1452671190
#ERR Elements not ordered. index=709664 1452714133>1452692991
#ERR Elements not ordered. index=709666 1452695594>1452693057
#ERR Elements not ordered. index=709668 1452697449>1452695976
#ERR Elements not ordered. index=709678 1452721348>1452716439
#ERR Elements not ordered. index=709680 1452722991>1452720677
#ERR Elements not ordered. index=709682 1452724964>1452723313
#ERR Elements not ordered. index=709684 1452733492>1452726815
#ERR Elements not ordered. index=709688 1452753067>1452730684
#ERR Elements not ordered. index=709696 1452793878>1452756489
#ERR Elements not ordered. index=709718 1452803000>1452799592
#ERR Elements not ordered. index=709720 1452809354>1452803429
#ERR Elements not ordered. index=709728 1453352189>1452761789
#ERR Elements not ordered. index=709760 1452857076>1452813144
#ERR Elements not ordered. index=709776 1452888156>1452858454
#ERR Elements not ordered. index=709778 1452893779>1452893150
#ERR Elements not ordered. index=709784 1452902757>1452898978
#ERR Elements not ordered. index=709788 1452911263>1452905819
#ERR Elements not ordered. index=709792 1452919068>1452917169
#ERR Elements not ordered. index=709808 1452947927>1452928562
#ERR Elements not ordered. index=709810 1452950889>1452948699
#ERR Elements not ordered. index=709816 1452962817>1452962563
#ERR Elements not ordered. index=709824 1452979630>1452965780
#ERR Elements not ordered. index=709828 1452989741>1452985355
#ERR Elements not ordered. index=709830 1452990400>1452990125
#ERR Elements not ordered. index=709832 1452992450>1452991930
#ERR Elements not ordered. index=709836 1452997086>1452994765
#ERR Elements not ordered. index=709838 1453002559>1453000016
#ERR Elements not ordered. index=709840 1453013110>1453004256
#ERR Elements not ordered. index=709842 1453015047>1453013141
#ERR Elements not ordered. index=709856 1453042538>1453029328
#ERR Elements not ordered. index=709858 1453045014>1453043049
#ERR Elements not ordered. index=709860 1453050637>1453046521
#ERR Elements not ordered. index=709888 1453112857>1453054180
#ERR Elements not ordered. index=709896 1453122546>1453115394
#ERR Elements not ordered. index=709920 1453162389>1453124496
#ERR Elements not ordered. index=709936 1453203382>1453170835
#ERR Elements not ordered. index=709944 1453219496>1453205870
#ERR Elements not ordered. index=709948 1453225052>1453222425
#ERR Elements not ordered. index=709952 1453235428>1453227103
#ERR Elements not ordered. index=709954 1453240277>1453236223
#ERR Elements not ordered. index=709956 1453244818>1453240968
#ERR Elements not ordered. index=709958 1453253013>1453252562
#ERR Elements not ordered. index=709976 1453298632>1453298558
#ERR Elements not ordered. index=709978 1453299988>1453299002
#ERR Elements not ordered. index=709980 1453304775>1453300072
#ERR Elements not ordered. index=709992 1453323399>1453311607
#ERR Elements not ordered. index=709996 1453325430>1453324277
#ERR Elements not ordered. index=709998 1453327584>1453326904
#ERR Elements not ordered. index=710008 1453360704>1453358309
#ERR Elements not ordered. index=710014 1453370271>1453369776
#ERR Elements not ordered. index=710016 1453412473>1453328503
#ERR Elements not ordered. index=710020 1453375376>1453370438
#ERR Elements not ordered. index=710032 1453392133>1453378441
#ERR Elements not ordered. index=710038 1453421090>1453413287
#ERR Elements not ordered. index=710040 1453422753>1453392716
#ERR Elements not ordered. index=710042 1453426910>1453421399
#ERR Elements not ordered. index=710044 1453433188>1453427179
#ERR Elements not ordered. index=710046 1453434791>1453434082
#ERR Elements not ordered. index=710048 -1>1453426718
#ERR Elements not ordered. index=710052 1453445693>1453436617
#ERR Elements not ordered. index=710054 1453447644>1453447419
#ERR Elements not ordered. index=710060 1453463866>1453456703
#ERR Elements not ordered. index=710064 1453468268>1453466125
#ERR Elements not ordered. index=710066 1453477242>1453476070
#ERR Elements not ordered. index=710070 1453489955>1453488415
#ERR Elements not ordered. index=710074 1453500726>1453498537
#ERR Elements not ordered. index=710080 1453510321>1453506037
#ERR Elements not ordered. index=710084 1453516040>1453513250
#ERR Elements not ordered. index=710086 1453517640>1453517436
#ERR Elements not ordered. index=710100 1453540002>1453538108
#SDC Ite:0 KerTime:3.843940 AccTime:3.843940 KerErr:203 AccErr:203
#END