#HEADER max_rows:2048 max_cols:2048 penalty:10
#BEGIN Y:2016 M:09 D:07 Time:05:40:48
#IT Ite:0 KerTime:0.290668 AccTime:0.290668
#ERR Error detected! kerrors = 1006797
#ERR  p: [466, 785], r: 3, e: -2440, error: 1
#ERR  p: [466, 786], r: 10, e: -2449, error: 2
#ERR  p: [466, 787], r: 6, e: -2457, error: 3
#ERR  p: [466, 788], r: 6, e: -2461, error: 4
#ERR  p: [466, 789], r: 3, e: -2471, error: 5
#ERR  p: [466, 790], r: 7, e: -2481, error: 6
#ERR  p: [466, 791], r: 0, e: -2491, error: 7
#ERR  p: [466, 792], r: 22, e: -2501, error: 8
#ERR  p: [466, 793], r: 6, e: -2511, error: 9
#ERR  p: [466, 794], r: 10, e: -2520, error: 10
#ERR  p: [466, 795], r: 2, e: -2529, error: 11
#ERR  p: [466, 796], r: 10, e: -2539, error: 12
#ERR  p: [466, 797], r: 9, e: -2549, error: 13
#ERR  p: [466, 798], r: 18, e: -2554, error: 14
#ERR  p: [466, 799], r: 4, e: -2564, error: 15
#ERR  p: [466, 800], r: 21, e: -2574, error: 16
#ERR  p: [466, 801], r: 11, e: -2582, error: 17
#ERR  p: [466, 802], r: 1, e: -2578, error: 18
#ERR  p: [466, 803], r: -9, e: -2584, error: 19
#ERR  p: [466, 804], r: -19, e: -2587, error: 20
#ERR  p: [466, 805], r: -29, e: -2595, error: 21
#ERR  p: [466, 806], r: -39, e: -2605, error: 22
#ERR  p: [466, 807], r: -49, e: -2612, error: 23
#ERR  p: [466, 808], r: -59, e: -2622, error: 24
#ERR  p: [466, 809], r: -69, e: -2632, error: 25
#ERR  p: [466, 810], r: -79, e: -2642, error: 26
#ERR  p: [466, 811], r: -89, e: -2652, error: 27
#ERR  p: [466, 812], r: -99, e: -2662, error: 28
#ERR  p: [466, 813], r: -109, e: -2672, error: 29
#ERR  p: [466, 814], r: -119, e: -2680, error: 30
#ERR  p: [466, 815], r: -129, e: -2687, error: 31
#ERR  p: [466, 816], r: -139, e: -2688, error: 32
#ERR  p: [466, 817], r: -149, e: -2689, error: 33
#ERR  p: [466, 818], r: -159, e: -2697, error: 34
#ERR  p: [466, 819], r: -169, e: -2707, error: 35
#ERR  p: [466, 820], r: -179, e: -2717, error: 36
#ERR  p: [466, 821], r: -189, e: -2722, error: 37
#ERR  p: [466, 822], r: -199, e: -2732, error: 38
#ERR  p: [466, 823], r: -209, e: -2742, error: 39
#ERR  p: [466, 824], r: -219, e: -2752, error: 40
#ERR  p: [466, 825], r: -229, e: -2758, error: 41
#ERR  p: [466, 826], r: -239, e: -2768, error: 42
#ERR  p: [466, 827], r: -249, e: -2777, error: 43
#ERR  p: [466, 828], r: -259, e: -2780, error: 44
#ERR  p: [466, 829], r: -269, e: -2790, error: 45
#ERR  p: [466, 830], r: -279, e: -2800, error: 46
#ERR  p: [466, 831], r: -289, e: -2810, error: 47
#ERR  p: [466, 832], r: -299, e: -2820, error: 48
#ERR  p: [466, 833], r: -309, e: -2830, error: 49
#ERR  p: [466, 834], r: -319, e: -2840, error: 50
#ERR  p: [466, 835], r: -329, e: -2850, error: 51
#ERR  p: [466, 836], r: -339, e: -2860, error: 52
#ERR  p: [466, 837], r: -349, e: -2870, error: 53
#ERR  p: [466, 838], r: -359, e: -2880, error: 54
#ERR  p: [466, 839], r: -369, e: -2890, error: 55
#ERR  p: [466, 840], r: -379, e: -2900, error: 56
#ERR  p: [466, 841], r: -389, e: -2910, error: 57
#ERR  p: [466, 842], r: -399, e: -2920, error: 58
#ERR  p: [466, 843], r: -409, e: -2930, error: 59
#ERR  p: [466, 844], r: -419, e: -2940, error: 60
#ERR  p: [466, 845], r: -429, e: -2950, error: 61
#ERR  p: [466, 846], r: -439, e: -2960, error: 62
#ERR  p: [466, 847], r: -449, e: -2970, error: 63
#ERR  p: [466, 848], r: -459, e: -2980, error: 64
#ERR  p: [466, 849], r: -469, e: -2990, error: 65
#ERR  p: [466, 850], r: -479, e: -3000, error: 66
#ERR  p: [466, 851], r: -489, e: -3010, error: 67
#ERR  p: [466, 852], r: -499, e: -3020, error: 68
#ERR  p: [466, 853], r: -509, e: -3030, error: 69
#ERR  p: [466, 854], r: -519, e: -3040, error: 70
#ERR  p: [466, 855], r: -529, e: -3050, error: 71
#ERR  p: [466, 856], r: -539, e: -3060, error: 72
#ERR  p: [466, 857], r: -549, e: -3070, error: 73
#ERR  p: [466, 858], r: -559, e: -3080, error: 74
#ERR  p: [466, 859], r: -569, e: -3090, error: 75
#ERR  p: [466, 860], r: -579, e: -3100, error: 76
#ERR  p: [466, 861], r: -589, e: -3110, error: 77
#ERR  p: [466, 862], r: -599, e: -3120, error: 78
#ERR  p: [466, 863], r: -609, e: -3130, error: 79
#ERR  p: [466, 864], r: -619, e: -3130, error: 80
#ERR  p: [466, 865], r: -629, e: -3140, error: 81
#ERR  p: [466, 866], r: -639, e: -3141, error: 82
#ERR  p: [466, 867], r: -649, e: -3151, error: 83
#ERR  p: [466, 868], r: -659, e: -3161, error: 84
#ERR  p: [466, 869], r: -669, e: -3170, error: 85
#ERR  p: [466, 870], r: -679, e: -3180, error: 86
#ERR  p: [466, 871], r: -689, e: -3185, error: 87
#ERR  p: [466, 872], r: -699, e: -3195, error: 88
#ERR  p: [466, 873], r: -709, e: -3205, error: 89
#ERR  p: [466, 874], r: -719, e: -3213, error: 90
#ERR  p: [466, 875], r: -729, e: -3223, error: 91
#ERR  p: [466, 876], r: -739, e: -3231, error: 92
#ERR  p: [466, 877], r: -749, e: -3241, error: 93
#ERR  p: [466, 878], r: -759, e: -3245, error: 94
#ERR  p: [466, 879], r: -769, e: -3255, error: 95
#ERR  p: [466, 880], r: -779, e: -3254, error: 96
#ERR  p: [466, 881], r: -789, e: -3264, error: 97
#ERR  p: [466, 882], r: -799, e: -3265, error: 98
#ERR  p: [466, 883], r: -809, e: -3270, error: 99
#ERR  p: [466, 884], r: -819, e: -3280, error: 100
#ERR  p: [466, 885], r: -829, e: -3289, error: 101
#ERR  p: [466, 886], r: -839, e: -3299, error: 102
#ERR  p: [466, 887], r: -849, e: -3309, error: 103
#ERR  p: [466, 888], r: -859, e: -3319, error: 104
#ERR  p: [466, 889], r: -869, e: -3329, error: 105
#ERR  p: [466, 890], r: -879, e: -3339, error: 106
#ERR  p: [466, 891], r: -889, e: -3349, error: 107
#ERR  p: [466, 892], r: -899, e: -3359, error: 108
#ERR  p: [466, 893], r: -909, e: -3368, error: 109
#ERR  p: [466, 894], r: -919, e: -3378, error: 110
#ERR  p: [466, 895], r: -929, e: -3381, error: 111
#ERR  p: [466, 896], r: -939, e: -3390, error: 112
#ERR  p: [466, 897], r: -949, e: -3400, error: 113
#ERR  p: [466, 898], r: -959, e: -3409, error: 114
#ERR  p: [466, 899], r: -969, e: -3416, error: 115
#ERR  p: [466, 900], r: -979, e: -3426, error: 116
#ERR  p: [466, 901], r: -989, e: -3423, error: 117
#ERR  p: [466, 902], r: -999, e: -3432, error: 118
#ERR  p: [466, 903], r: -1009, e: -3442, error: 119
#ERR  p: [466, 904], r: -1019, e: -3452, error: 120
#ERR  p: [466, 905], r: -1029, e: -3462, error: 121
#ERR  p: [466, 906], r: -1039, e: -3472, error: 122
#ERR  p: [466, 907], r: -1049, e: -3482, error: 123
#ERR  p: [466, 908], r: -1059, e: -3491, error: 124
#ERR  p: [466, 909], r: -1069, e: -3496, error: 125
#ERR  p: [466, 910], r: -1079, e: -3506, error: 126
#ERR  p: [466, 911], r: -1089, e: -3516, error: 127
#ERR  p: [466, 912], r: -1099, e: -3526, error: 128
#ERR  p: [466, 913], r: -1109, e: -3536, error: 129
#ERR  p: [466, 914], r: -1119, e: -3540, error: 130
#ERR  p: [466, 915], r: -1129, e: -3550, error: 131
#ERR  p: [466, 916], r: -1139, e: -3560, error: 132
#ERR  p: [466, 917], r: -1149, e: -3570, error: 133
#ERR  p: [466, 918], r: -1159, e: -3580, error: 134
#ERR  p: [466, 919], r: -1169, e: -3590, error: 135
#ERR  p: [466, 920], r: -1179, e: -3600, error: 136
#ERR  p: [466, 921], r: -1189, e: -3610, error: 137
#ERR  p: [466, 922], r: -1199, e: -3620, error: 138
#ERR  p: [466, 923], r: -1209, e: -3628, error: 139
#ERR  p: [466, 924], r: -1219, e: -3636, error: 140
#ERR  p: [466, 925], r: -1229, e: -3646, error: 141
#ERR  p: [466, 926], r: -1239, e: -3656, error: 142
#ERR  p: [466, 927], r: -1249, e: -3666, error: 143
#ERR  p: [466, 928], r: -1259, e: -3676, error: 144
#ERR  p: [466, 929], r: -1269, e: -3681, error: 145
#ERR  p: [466, 930], r: -1279, e: -3682, error: 146
#ERR  p: [466, 931], r: -1289, e: -3691, error: 147
#ERR  p: [466, 932], r: -1299, e: -3701, error: 148
#ERR  p: [466, 933], r: -1309, e: -3711, error: 149
#ERR  p: [466, 934], r: -1319, e: -3721, error: 150
#ERR  p: [466, 935], r: -1329, e: -3731, error: 151
#ERR  p: [466, 936], r: -1339, e: -3736, error: 152
#ERR  p: [466, 937], r: -1349, e: -3746, error: 153
#ERR  p: [466, 938], r: -1359, e: -3756, error: 154
#ERR  p: [466, 939], r: -1369, e: -3766, error: 155
#ERR  p: [466, 940], r: -1379, e: -3771, error: 156
#ERR  p: [466, 941], r: -1389, e: -3781, error: 157
#ERR  p: [466, 942], r: -1399, e: -3791, error: 158
#ERR  p: [466, 943], r: -1409, e: -3801, error: 159
#ERR  p: [466, 944], r: -1419, e: -3811, error: 160
#ERR  p: [466, 945], r: -1429, e: -3821, error: 161
#ERR  p: [466, 946], r: -1439, e: -3831, error: 162
#ERR  p: [466, 947], r: -1449, e: -3841, error: 163
#ERR  p: [466, 948], r: -1459, e: -3851, error: 164
#ERR  p: [466, 949], r: -1469, e: -3861, error: 165
#ERR  p: [466, 950], r: -1479, e: -3871, error: 166
#ERR  p: [466, 951], r: -1489, e: -3881, error: 167
#ERR  p: [466, 952], r: -1499, e: -3890, error: 168
#ERR  p: [466, 953], r: -1509, e: -3895, error: 169
#ERR  p: [466, 954], r: -1519, e: -3905, error: 170
#ERR  p: [466, 955], r: -1529, e: -3905, error: 171
#ERR  p: [466, 956], r: -1539, e: -3908, error: 172
#ERR  p: [466, 957], r: -1549, e: -3918, error: 173
#ERR  p: [466, 958], r: -1559, e: -3928, error: 174
#ERR  p: [466, 959], r: -1569, e: -3933, error: 175
#ERR  p: [466, 960], r: -1579, e: -3943, error: 176
#ERR  p: [466, 961], r: -1589, e: -3953, error: 177
#ERR  p: [466, 962], r: -1599, e: -3963, error: 178
#ERR  p: [466, 963], r: -1609, e: -3973, error: 179
#ERR  p: [466, 964], r: -1619, e: -3983, error: 180
#ERR  p: [466, 965], r: -1629, e: -3993, error: 181
#ERR  p: [466, 966], r: -1639, e: -4003, error: 182
#ERR  p: [466, 967], r: -1649, e: -4013, error: 183
#ERR  p: [466, 968], r: -1659, e: -4023, error: 184
#ERR  p: [466, 969], r: -1669, e: -4033, error: 185
#ERR  p: [466, 970], r: -1679, e: -4043, error: 186
#ERR  p: [466, 971], r: -1689, e: -4053, error: 187
#ERR  p: [466, 972], r: -1699, e: -4063, error: 188
#ERR  p: [466, 973], r: -1709, e: -4073, error: 189
#ERR  p: [466, 974], r: -1719, e: -4079, error: 190
#ERR  p: [466, 975], r: -1729, e: -4089, error: 191
#ERR  p: [466, 976], r: -1739, e: -4099, error: 192
#ERR  p: [466, 977], r: -1749, e: -4109, error: 193
#ERR  p: [466, 978], r: -1759, e: -4119, error: 194
#ERR  p: [466, 979], r: -1769, e: -4129, error: 195
#ERR  p: [466, 980], r: -1779, e: -4139, error: 196
#ERR  p: [466, 981], r: -1789, e: -4149, error: 197
#ERR  p: [466, 982], r: -1799, e: -4159, error: 198
#ERR  p: [466, 983], r: -1809, e: -4169, error: 199
#ERR  p: [466, 984], r: -1819, e: -4179, error: 200
#ERR  p: [466, 985], r: -1829, e: -4189, error: 201
#ERR  p: [466, 986], r: -1839, e: -4199, error: 202
#ERR  p: [466, 987], r: -1849, e: -4209, error: 203
#ERR  p: [466, 988], r: -1859, e: -4219, error: 204
#ERR  p: [466, 989], r: -1869, e: -4229, error: 205
#ERR  p: [466, 990], r: -1879, e: -4234, error: 206
#ERR  p: [466, 991], r: -1889, e: -4238, error: 207
#ERR  p: [466, 992], r: -1899, e: -4248, error: 208
#ERR  p: [466, 993], r: -1909, e: -4258, error: 209
#ERR  p: [466, 994], r: -1919, e: -4268, error: 210
#ERR  p: [466, 995], r: -1929, e: -4278, error: 211
#ERR  p: [466, 996], r: -1939, e: -4288, error: 212
#ERR  p: [466, 997], r: -1949, e: -4298, error: 213
#ERR  p: [466, 998], r: -1959, e: -4308, error: 214
#ERR  p: [466, 999], r: -1969, e: -4318, error: 215
#ERR  p: [466, 1000], r: -1979, e: -4328, error: 216
#ERR  p: [466, 1001], r: -1989, e: -4333, error: 217
#ERR  p: [466, 1002], r: -1999, e: -4340, error: 218
#ERR  p: [466, 1003], r: -2009, e: -4350, error: 219
#ERR  p: [466, 1004], r: -2019, e: -4360, error: 220
#ERR  p: [466, 1005], r: -2029, e: -4370, error: 221
#ERR  p: [466, 1006], r: -2039, e: -4380, error: 222
#ERR  p: [466, 1007], r: -2049, e: -4390, error: 223
#ERR  p: [466, 1008], r: -2059, e: -4399, error: 224
#ERR  p: [466, 1009], r: -2069, e: -4409, error: 225
#ERR  p: [466, 1010], r: -2079, e: -4418, error: 226
#ERR  p: [466, 1011], r: -2089, e: -4427, error: 227
#ERR  p: [466, 1012], r: -2099, e: -4431, error: 228
#ERR  p: [466, 1013], r: -2109, e: -4441, error: 229
#ERR  p: [466, 1014], r: -2119, e: -4451, error: 230
#ERR  p: [466, 1015], r: -2129, e: -4461, error: 231
#ERR  p: [466, 1016], r: -2139, e: -4465, error: 232
#ERR  p: [466, 1017], r: -2149, e: -4468, error: 233
#ERR  p: [466, 1018], r: -2159, e: -4478, error: 234
#ERR  p: [466, 1019], r: -2169, e: -4488, error: 235
#ERR  p: [466, 1020], r: -2179, e: -4498, error: 236
#ERR  p: [466, 1021], r: -2189, e: -4508, error: 237
#ERR  p: [466, 1022], r: -2199, e: -4518, error: 238
#ERR  p: [466, 1023], r: -2209, e: -4528, error: 239
#ERR  p: [466, 1024], r: -2219, e: -4538, error: 240
#ERR  p: [466, 1025], r: -2229, e: -4548, error: 241
#ERR  p: [466, 1026], r: -2239, e: -4558, error: 242
#ERR  p: [466, 1027], r: -2249, e: -4568, error: 243
#ERR  p: [466, 1028], r: -2259, e: -4578, error: 244
#ERR  p: [466, 1029], r: -2269, e: -4588, error: 245
#ERR  p: [466, 1030], r: -2279, e: -4598, error: 246
#ERR  p: [466, 1031], r: -2289, e: -4603, error: 247
#ERR  p: [466, 1032], r: -2299, e: -4603, error: 248
#ERR  p: [466, 1033], r: -2309, e: -4613, error: 249
#ERR  p: [466, 1034], r: -2319, e: -4623, error: 250
#ERR  p: [466, 1035], r: -2329, e: -4632, error: 251
#ERR  p: [466, 1036], r: -2339, e: -4638, error: 252
#ERR  p: [466, 1037], r: -2349, e: -4648, error: 253
#ERR  p: [466, 1038], r: -2359, e: -4658, error: 254
#ERR  p: [466, 1039], r: -2369, e: -4667, error: 255
#ERR  p: [466, 1040], r: -2379, e: -4677, error: 256
#ERR  p: [466, 1041], r: -2389, e: -4687, error: 257
#ERR  p: [466, 1042], r: -2399, e: -4697, error: 258
#ERR  p: [466, 1043], r: -2409, e: -4702, error: 259
#ERR  p: [466, 1044], r: -2419, e: -4712, error: 260
#ERR  p: [466, 1045], r: -2429, e: -4722, error: 261
#ERR  p: [466, 1046], r: -2439, e: -4732, error: 262
#ERR  p: [466, 1047], r: -2449, e: -4742, error: 263
#ERR  p: [466, 1048], r: -2459, e: -4752, error: 264
#ERR  p: [466, 1049], r: -2469, e: -4755, error: 265
#ERR  p: [466, 1050], r: -2479, e: -4763, error: 266
#ERR  p: [466, 1051], r: -2489, e: -4765, error: 267
#ERR  p: [466, 1052], r: -2499, e: -4774, error: 268
#ERR  p: [466, 1053], r: -2509, e: -4784, error: 269
#ERR  p: [466, 1054], r: -2519, e: -4792, error: 270
#ERR  p: [466, 1055], r: -2529, e: -4799, error: 271
#ERR  p: [466, 1056], r: -2539, e: -4809, error: 272
#ERR  p: [466, 1057], r: -2549, e: -4818, error: 273
#ERR  p: [466, 1058], r: -2559, e: -4828, error: 274
#ERR  p: [466, 1059], r: -2569, e: -4838, error: 275
#ERR  p: [466, 1060], r: -2579, e: -4847, error: 276
#ERR  p: [466, 1061], r: -2589, e: -4857, error: 277
#ERR  p: [466, 1062], r: -2599, e: -4855, error: 278
#ERR  p: [466, 1063], r: -2609, e: -4865, error: 279
#ERR  p: [466, 1064], r: -2619, e: -4875, error: 280
#ERR  p: [466, 1065], r: -2629, e: -4885, error: 281
#ERR  p: [466, 1066], r: -2639, e: -4893, error: 282
#ERR  p: [466, 1067], r: -2649, e: -4898, error: 283
#ERR  p: [466, 1068], r: -2659, e: -4906, error: 284
#ERR  p: [466, 1069], r: -2669, e: -4916, error: 285
#ERR  p: [466, 1070], r: -2679, e: -4926, error: 286
#ERR  p: [466, 1071], r: -2689, e: -4936, error: 287
#ERR  p: [466, 1072], r: -2699, e: -4946, error: 288
#ERR  p: [466, 1073], r: -2709, e: -4956, error: 289
#ERR  p: [466, 1074], r: -2719, e: -4964, error: 290
#ERR  p: [466, 1075], r: -2729, e: -4974, error: 291
#ERR  p: [466, 1076], r: -2739, e: -4984, error: 292
#ERR  p: [466, 1077], r: -2749, e: -4993, error: 293
#ERR  p: [466, 1078], r: -2759, e: -5003, error: 294
#ERR  p: [466, 1079], r: -2769, e: -5013, error: 295
#ERR  p: [466, 1080], r: -2779, e: -5018, error: 296
#ERR  p: [466, 1081], r: -2789, e: -5028, error: 297
#ERR  p: [466, 1082], r: -2799, e: -5038, error: 298
#ERR  p: [466, 1083], r: -2809, e: -5048, error: 299
#ERR  p: [466, 1084], r: -2819, e: -5058, error: 300
#ERR  p: [466, 1085], r: -2829, e: -5068, error: 301
#ERR  p: [466, 1086], r: -2839, e: -5078, error: 302
#ERR  p: [466, 1087], r: -2849, e: -5088, error: 303
#ERR  p: [466, 1088], r: -2859, e: -5093, error: 304
#ERR  p: [466, 1089], r: -2869, e: -5103, error: 305
#ERR  p: [466, 1090], r: -2879, e: -5113, error: 306
#ERR  p: [466, 1091], r: -2889, e: -5123, error: 307
#ERR  p: [466, 1092], r: -2899, e: -5133, error: 308
#ERR  p: [466, 1093], r: -2909, e: -5143, error: 309
#ERR  p: [466, 1094], r: -2919, e: -5149, error: 310
#ERR  p: [466, 1095], r: -2929, e: -5159, error: 311
#ERR  p: [466, 1096], r: -2939, e: -5169, error: 312
#ERR  p: [466, 1097], r: -2949, e: -5179, error: 313
#ERR  p: [466, 1098], r: -2959, e: -5184, error: 314
#ERR  p: [466, 1099], r: -2969, e: -5194, error: 315
#ERR  p: [466, 1100], r: -2979, e: -5203, error: 316
#ERR  p: [466, 1101], r: -2989, e: -5206, error: 317
#ERR  p: [466, 1102], r: -2999, e: -5216, error: 318
#ERR  p: [466, 1103], r: -3009, e: -5226, error: 319
#ERR  p: [466, 1104], r: -3019, e: -5236, error: 320
#ERR  p: [466, 1105], r: -3029, e: -5246, error: 321
#ERR  p: [466, 1106], r: -3039, e: -5256, error: 322
#ERR  p: [466, 1107], r: -3049, e: -5266, error: 323
#ERR  p: [466, 1108], r: -3059, e: -5276, error: 324
#ERR  p: [466, 1109], r: -3069, e: -5286, error: 325
#ERR  p: [466, 1110], r: -3079, e: -5292, error: 326
#ERR  p: [466, 1111], r: -3089, e: -5302, error: 327
#ERR  p: [466, 1112], r: -3099, e: -5312, error: 328
#ERR  p: [466, 1113], r: -3109, e: -5322, error: 329
#ERR  p: [466, 1114], r: -3119, e: -5332, error: 330
#ERR  p: [466, 1115], r: -3129, e: -5342, error: 331
#ERR  p: [466, 1116], r: -3139, e: -5352, error: 332
#ERR  p: [466, 1117], r: -3149, e: -5362, error: 333
#ERR  p: [466, 1118], r: -3159, e: -5372, error: 334
#ERR  p: [466, 1119], r: -3169, e: -5382, error: 335
#ERR  p: [466, 1120], r: -3179, e: -5392, error: 336
#ERR  p: [466, 1121], r: -3189, e: -5402, error: 337
#ERR  p: [466, 1122], r: -3199, e: -5412, error: 338
#ERR  p: [466, 1123], r: -3209, e: -5422, error: 339
#ERR  p: [466, 1124], r: -3219, e: -5432, error: 340
#ERR  p: [466, 1125], r: -3229, e: -5442, error: 341
#ERR  p: [466, 1126], r: -3239, e: -5452, error: 342
#ERR  p: [466, 1127], r: -3249, e: -5462, error: 343
#ERR  p: [466, 1128], r: -3259, e: -5472, error: 344
#ERR  p: [466, 1129], r: -3269, e: -5482, error: 345
#ERR  p: [466, 1130], r: -3279, e: -5492, error: 346
#ERR  p: [466, 1131], r: -3289, e: -5498, error: 347
#ERR  p: [466, 1132], r: -3299, e: -5508, error: 348
#ERR  p: [466, 1133], r: -3309, e: -5518, error: 349
#ERR  p: [466, 1134], r: -3319, e: -5528, error: 350
#ERR  p: [466, 1135], r: -3329, e: -5538, error: 351
#ERR  p: [466, 1136], r: -3339, e: -5548, error: 352
#ERR  p: [466, 1137], r: -3349, e: -5558, error: 353
#ERR  p: [466, 1138], r: -3359, e: -5566, error: 354
#ERR  p: [466, 1139], r: -3369, e: -5575, error: 355
#ERR  p: [466, 1140], r: -3379, e: -5578, error: 356
#ERR  p: [466, 1141], r: -3389, e: -5587, error: 357
#ERR  p: [466, 1142], r: -3399, e: -5597, error: 358
#ERR  p: [466, 1143], r: -3409, e: -5607, error: 359
#ERR  p: [466, 1144], r: -3419, e: -5617, error: 360
#ERR  p: [466, 1145], r: -3429, e: -5627, error: 361
#ERR  p: [466, 1146], r: -3439, e: -5628, error: 362
#ERR  p: [466, 1147], r: -3449, e: -5638, error: 363
#ERR  p: [466, 1148], r: -3459, e: -5648, error: 364
#ERR  p: [466, 1149], r: -3469, e: -5658, error: 365
#ERR  p: [466, 1150], r: -3479, e: -5663, error: 366
#ERR  p: [466, 1151], r: -3489, e: -5673, error: 367
#ERR  p: [466, 1152], r: -3499, e: -5683, error: 368
#ERR  p: [466, 1153], r: -3509, e: -5687, error: 369
#ERR  p: [466, 1154], r: -3519, e: -5681, error: 370
#ERR  p: [466, 1155], r: -3529, e: -5691, error: 371
#ERR  p: [466, 1156], r: -3539, e: -5701, error: 372
#ERR  p: [466, 1157], r: -3549, e: -5711, error: 373
#ERR  p: [466, 1158], r: -3559, e: -5721, error: 374
#ERR  p: [466, 1159], r: -3569, e: -5731, error: 375
#ERR  p: [466, 1160], r: -3579, e: -5741, error: 376
#ERR  p: [466, 1161], r: -3589, e: -5751, error: 377
#ERR  p: [466, 1162], r: -3599, e: -5761, error: 378
#ERR  p: [466, 1163], r: -3609, e: -5767, error: 379
#ERR  p: [466, 1164], r: -3619, e: -5777, error: 380
#ERR  p: [466, 1165], r: -3629, e: -5787, error: 381
#ERR  p: [466, 1166], r: -3639, e: -5797, error: 382
#ERR  p: [466, 1167], r: -3649, e: -5807, error: 383
#ERR  p: [466, 1168], r: -3659, e: -5817, error: 384
#ERR  p: [466, 1169], r: -3669, e: -5827, error: 385
#ERR  p: [466, 1170], r: -3679, e: -5837, error: 386
#ERR  p: [466, 1171], r: -3689, e: -5847, error: 387
#ERR  p: [466, 1172], r: -3699, e: -5857, error: 388
#ERR  p: [466, 1173], r: -3709, e: -5867, error: 389
#ERR  p: [466, 1174], r: -3719, e: -5872, error: 390
#ERR  p: [466, 1175], r: -3729, e: -5882, error: 391
#ERR  p: [466, 1176], r: -3739, e: -5892, error: 392
#ERR  p: [466, 1177], r: -3749, e: -5902, error: 393
#ERR  p: [466, 1178], r: -3759, e: -5912, error: 394
#ERR  p: [466, 1179], r: -3769, e: -5922, error: 395
#ERR  p: [466, 1180], r: -3779, e: -5932, error: 396
#ERR  p: [466, 1181], r: -3789, e: -5942, error: 397
#ERR  p: [466, 1182], r: -3799, e: -5952, error: 398
#ERR  p: [466, 1183], r: -3809, e: -5962, error: 399
#ERR  p: [466, 1184], r: -3819, e: -5972, error: 400
#ERR  p: [466, 1185], r: -3829, e: -5982, error: 401
#ERR  p: [466, 1186], r: -3839, e: -5992, error: 402
#ERR  p: [466, 1187], r: -3849, e: -6002, error: 403
#ERR  p: [466, 1188], r: -3859, e: -6007, error: 404
#ERR  p: [466, 1189], r: -3869, e: -6017, error: 405
#ERR  p: [466, 1190], r: -3879, e: -6027, error: 406
#ERR  p: [466, 1191], r: -3889, e: -6037, error: 407
#ERR  p: [466, 1192], r: -3899, e: -6047, error: 408
#ERR  p: [466, 1193], r: -3909, e: -6057, error: 409
#ERR  p: [466, 1194], r: -3919, e: -6067, error: 410
#ERR  p: [466, 1195], r: -3929, e: -6077, error: 411
#ERR  p: [466, 1196], r: -3939, e: -6087, error: 412
#ERR  p: [466, 1197], r: -3949, e: -6097, error: 413
#ERR  p: [466, 1198], r: -3959, e: -6107, error: 414
#ERR  p: [466, 1199], r: -3969, e: -6117, error: 415
#ERR  p: [466, 1200], r: -3979, e: -6127, error: 416
#ERR  p: [466, 1201], r: -3989, e: -6135, error: 417
#ERR  p: [466, 1202], r: -3999, e: -6144, error: 418
#ERR  p: [466, 1203], r: -4009, e: -6154, error: 419
#ERR  p: [466, 1204], r: -4019, e: -6160, error: 420
#ERR  p: [466, 1205], r: -4029, e: -6170, error: 421
#ERR  p: [466, 1206], r: -4039, e: -6180, error: 422
#ERR  p: [466, 1207], r: -4049, e: -6190, error: 423
#ERR  p: [466, 1208], r: -4059, e: -6195, error: 424
#ERR  p: [466, 1209], r: -4069, e: -6196, error: 425
#ERR  p: [466, 1210], r: -4079, e: -6205, error: 426
#ERR  p: [466, 1211], r: -4089, e: -6199, error: 427
#ERR  p: [466, 1212], r: -4099, e: -6193, error: 428
#ERR  p: [466, 1213], r: -4109, e: -6199, error: 429
#ERR  p: [466, 1214], r: -4119, e: -6208, error: 430
#ERR  p: [466, 1215], r: -4129, e: -6218, error: 431
#ERR  p: [466, 1216], r: -4139, e: -6227, error: 432
#ERR  p: [466, 1217], r: -4149, e: -6236, error: 433
#ERR  p: [466, 1218], r: -4159, e: -6246, error: 434
#ERR  p: [466, 1219], r: -4169, e: -6255, error: 435
#ERR  p: [466, 1220], r: -4179, e: -6260, error: 436
#ERR  p: [466, 1221], r: -4189, e: -6260, error: 437
#ERR  p: [466, 1222], r: -4199, e: -6266, error: 438
#ERR  p: [466, 1223], r: -4209, e: -6276, error: 439
#ERR  p: [466, 1224], r: -4219, e: -6280, error: 440
#ERR  p: [466, 1225], r: -4229, e: -6283, error: 441
#ERR  p: [466, 1226], r: -4239, e: -6277, error: 442
#ERR  p: [466, 1227], r: -4249, e: -6287, error: 443
#ERR  p: [466, 1228], r: -4259, e: -6297, error: 444
#ERR  p: [466, 1229], r: -4269, e: -6307, error: 445
#ERR  p: [466, 1230], r: -4279, e: -6317, error: 446
#ERR  p: [466, 1231], r: -4289, e: -6327, error: 447
#ERR  p: [466, 1232], r: -4299, e: -6337, error: 448
#ERR  p: [466, 1233], r: -4309, e: -6347, error: 449
#ERR  p: [466, 1234], r: -4319, e: -6357, error: 450
#ERR  p: [466, 1235], r: -4329, e: -6367, error: 451
#ERR  p: [466, 1236], r: -4339, e: -6377, error: 452
#ERR  p: [466, 1237], r: -4349, e: -6387, error: 453
#ERR  p: [466, 1238], r: -4359, e: -6397, error: 454
#ERR  p: [466, 1239], r: -4369, e: -6405, error: 455
#ERR  p: [466, 1240], r: -4379, e: -6414, error: 456
#ERR  p: [466, 1241], r: -4389, e: -6421, error: 457
#ERR  p: [466, 1242], r: -4399, e: -6431, error: 458
#ERR  p: [466, 1243], r: -4409, e: -6441, error: 459
#ERR  p: [466, 1244], r: -4419, e: -6451, error: 460
#ERR  p: [466, 1245], r: -4429, e: -6461, error: 461
#ERR  p: [466, 1246], r: -4439, e: -6469, error: 462
#ERR  p: [466, 1247], r: -4449, e: -6478, error: 463
#ERR  p: [466, 1248], r: -4459, e: -6488, error: 464
#ERR  p: [466, 1249], r: -4469, e: -6494, error: 465
#ERR  p: [466, 1250], r: -4479, e: -6498, error: 466
#ERR  p: [466, 1251], r: -4489, e: -6508, error: 467
#ERR  p: [466, 1252], r: -4499, e: -6513, error: 468
#ERR  p: [466, 1253], r: -4509, e: -6523, error: 469
#ERR  p: [466, 1254], r: -4519, e: -6533, error: 470
#ERR  p: [466, 1255], r: -4529, e: -6543, error: 471
#ERR  p: [466, 1256], r: -4539, e: -6553, error: 472
#ERR  p: [466, 1257], r: -4549, e: -6563, error: 473
#ERR  p: [466, 1258], r: -4559, e: -6573, error: 474
#ERR  p: [466, 1259], r: -4569, e: -6583, error: 475
#ERR  p: [466, 1260], r: -4579, e: -6593, error: 476
#ERR  p: [466, 1261], r: -4589, e: -6603, error: 477
#ERR  p: [466, 1262], r: -4599, e: -6612, error: 478
#ERR  p: [466, 1263], r: -4609, e: -6621, error: 479
#ERR  p: [466, 1264], r: -4619, e: -6631, error: 480
#ERR  p: [466, 1265], r: -4629, e: -6641, error: 481
#ERR  p: [466, 1266], r: -4639, e: -6651, error: 482
#ERR  p: [466, 1267], r: -4649, e: -6661, error: 483
#ERR  p: [466, 1268], r: -4659, e: -6671, error: 484
#ERR  p: [466, 1269], r: -4669, e: -6681, error: 485
#ERR  p: [466, 1270], r: -4679, e: -6691, error: 486
#ERR  p: [466, 1271], r: -4689, e: -6701, error: 487
#ERR  p: [466, 1272], r: -4699, e: -6707, error: 488
#ERR  p: [466, 1273], r: -4709, e: -6717, error: 489
#ERR  p: [466, 1274], r: -4719, e: -6722, error: 490
#ERR  p: [466, 1275], r: -4729, e: -6732, error: 491
#ERR  p: [466, 1276], r: -4739, e: -6741, error: 492
#ERR  p: [466, 1277], r: -4749, e: -6749, error: 493
#ERR  p: [466, 1278], r: -4759, e: -6759, error: 494
#ERR  p: [466, 1279], r: -4769, e: -6769, error: 495
#ERR  p: [466, 1280], r: -4779, e: -6779, error: 496
#ERR  p: [466, 1281], r: -4789, e: -6789, error: 497
#ERR  p: [466, 1282], r: -4799, e: -6799, error: 498
#ERR  p: [466, 1283], r: -4809, e: -6809, error: 499
#SDC Ite:0 KerTime:0.290668 AccTime:0.290668 KerErr:500 AccErr:500
#END