#HEADER max_rows:2048 max_cols:2048 penalty:10
#BEGIN Y:2016 M:09 D:07 Time:04:58:51
#IT Ite:0 KerTime:0.291268 AccTime:0.291268
#ERR Error detected! kerrors = 188814
#ERR  p: [1811, 338], r: 0, e: -13444, error: 1
#ERR  p: [1811, 339], r: 7, e: -13430, error: 2
#ERR  p: [1811, 340], r: 13, e: -13417, error: 3
#ERR  p: [1811, 341], r: 6, e: -13409, error: 4
#ERR  p: [1811, 342], r: 3, e: -13398, error: 5
#ERR  p: [1811, 343], r: 23, e: -13390, error: 6
#ERR  p: [1811, 344], r: 0, e: -13381, error: 7
#ERR  p: [1811, 345], r: 3, e: -13366, error: 8
#ERR  p: [1811, 346], r: 20, e: -13357, error: 9
#ERR  p: [1811, 347], r: 22, e: -13344, error: 10
#ERR  p: [1811, 348], r: 0, e: -13330, error: 11
#ERR  p: [1811, 349], r: 1, e: -13309, error: 12
#ERR  p: [1811, 350], r: 14, e: -13293, error: 13
#ERR  p: [1811, 351], r: 11, e: -13278, error: 14
#ERR  p: [1811, 352], r: 15, e: -13265, error: 15
#ERR  p: [1811, 353], r: 5, e: -13250, error: 16
#ERR  p: [1811, 354], r: -5, e: -13229, error: 17
#ERR  p: [1811, 355], r: -15, e: -13212, error: 18
#ERR  p: [1811, 356], r: -25, e: -13201, error: 19
#ERR  p: [1811, 357], r: -35, e: -13192, error: 20
#ERR  p: [1811, 358], r: -45, e: -13177, error: 21
#ERR  p: [1811, 359], r: -55, e: -13166, error: 22
#ERR  p: [1811, 360], r: -65, e: -13153, error: 23
#ERR  p: [1811, 361], r: -75, e: -13139, error: 24
#ERR  p: [1811, 362], r: -85, e: -13124, error: 25
#ERR  p: [1811, 363], r: -95, e: -13111, error: 26
#ERR  p: [1811, 364], r: -105, e: -13102, error: 27
#ERR  p: [1811, 365], r: -115, e: -13087, error: 28
#ERR  p: [1811, 366], r: -125, e: -13074, error: 29
#ERR  p: [1811, 367], r: -135, e: -13056, error: 30
#ERR  p: [1811, 368], r: -145, e: -13042, error: 31
#ERR  p: [1811, 369], r: -155, e: -13031, error: 32
#ERR  p: [1811, 370], r: -165, e: -13020, error: 33
#ERR  p: [1811, 371], r: -175, e: -13007, error: 34
#ERR  p: [1811, 372], r: -185, e: -12993, error: 35
#ERR  p: [1811, 373], r: -195, e: -12979, error: 36
#ERR  p: [1811, 374], r: -205, e: -12968, error: 37
#ERR  p: [1811, 375], r: -215, e: -12956, error: 38
#ERR  p: [1811, 376], r: -225, e: -12947, error: 39
#ERR  p: [1811, 377], r: -235, e: -12938, error: 40
#ERR  p: [1811, 378], r: -245, e: -12927, error: 41
#ERR  p: [1811, 379], r: -255, e: -12915, error: 42
#ERR  p: [1811, 380], r: -265, e: -12900, error: 43
#ERR  p: [1811, 381], r: -275, e: -12892, error: 44
#ERR  p: [1811, 382], r: -285, e: -12881, error: 45
#ERR  p: [1811, 383], r: -295, e: -12863, error: 46
#ERR  p: [1811, 384], r: -305, e: -12852, error: 47
#ERR  p: [1811, 385], r: -315, e: -12843, error: 48
#ERR  p: [1811, 386], r: -325, e: -12837, error: 49
#ERR  p: [1811, 387], r: -335, e: -12822, error: 50
#ERR  p: [1811, 388], r: -345, e: -12811, error: 51
#ERR  p: [1811, 389], r: -355, e: -12799, error: 52
#ERR  p: [1811, 390], r: -365, e: -12789, error: 53
#ERR  p: [1811, 391], r: -375, e: -12775, error: 54
#ERR  p: [1811, 392], r: -385, e: -12760, error: 55
#ERR  p: [1811, 393], r: -395, e: -12750, error: 56
#ERR  p: [1811, 394], r: -405, e: -12736, error: 57
#ERR  p: [1811, 395], r: -415, e: -12722, error: 58
#ERR  p: [1811, 396], r: -425, e: -12712, error: 59
#ERR  p: [1811, 397], r: -435, e: -12695, error: 60
#ERR  p: [1811, 398], r: -445, e: -12684, error: 61
#ERR  p: [1811, 399], r: -455, e: -12675, error: 62
#ERR  p: [1811, 400], r: -465, e: -12667, error: 63
#ERR  p: [1811, 401], r: -475, e: -12655, error: 64
#ERR  p: [1811, 402], r: -485, e: -12642, error: 65
#ERR  p: [1811, 403], r: -495, e: -12631, error: 66
#ERR  p: [1811, 404], r: -505, e: -12623, error: 67
#ERR  p: [1811, 405], r: -515, e: -12611, error: 68
#ERR  p: [1811, 406], r: -525, e: -12602, error: 69
#ERR  p: [1811, 407], r: -535, e: -12587, error: 70
#ERR  p: [1811, 408], r: -545, e: -12575, error: 71
#ERR  p: [1811, 409], r: -555, e: -12560, error: 72
#ERR  p: [1811, 410], r: -565, e: -12549, error: 73
#ERR  p: [1811, 411], r: -575, e: -12539, error: 74
#ERR  p: [1811, 412], r: -585, e: -12522, error: 75
#ERR  p: [1811, 413], r: -595, e: -12512, error: 76
#ERR  p: [1811, 414], r: -605, e: -12503, error: 77
#ERR  p: [1811, 415], r: -615, e: -12494, error: 78
#ERR  p: [1811, 416], r: -625, e: -12487, error: 79
#ERR  p: [1811, 417], r: -635, e: -12476, error: 80
#ERR  p: [1811, 418], r: -645, e: -12465, error: 81
#ERR  p: [1811, 419], r: -655, e: -12450, error: 82
#ERR  p: [1811, 420], r: -665, e: -12440, error: 83
#ERR  p: [1811, 421], r: -675, e: -12429, error: 84
#ERR  p: [1811, 422], r: -685, e: -12420, error: 85
#ERR  p: [1811, 423], r: -695, e: -12404, error: 86
#ERR  p: [1811, 424], r: -705, e: -12390, error: 87
#ERR  p: [1811, 425], r: -715, e: -12375, error: 88
#ERR  p: [1811, 426], r: -725, e: -12372, error: 89
#ERR  p: [1811, 427], r: -735, e: -12361, error: 90
#ERR  p: [1811, 428], r: -745, e: -12349, error: 91
#ERR  p: [1811, 429], r: -755, e: -12339, error: 92
#ERR  p: [1811, 430], r: -765, e: -12327, error: 93
#ERR  p: [1811, 431], r: -775, e: -12315, error: 94
#ERR  p: [1811, 432], r: -785, e: -12305, error: 95
#ERR  p: [1811, 433], r: -795, e: -12290, error: 96
#ERR  p: [1811, 434], r: -805, e: -12278, error: 97
#ERR  p: [1811, 435], r: -815, e: -12264, error: 98
#ERR  p: [1811, 436], r: -825, e: -12246, error: 99
#ERR  p: [1811, 437], r: -835, e: -12236, error: 100
#ERR  p: [1811, 438], r: -845, e: -12226, error: 101
#ERR  p: [1811, 439], r: -855, e: -12216, error: 102
#ERR  p: [1811, 440], r: -865, e: -12204, error: 103
#ERR  p: [1811, 441], r: -875, e: -12194, error: 104
#ERR  p: [1811, 442], r: -885, e: -12181, error: 105
#ERR  p: [1811, 443], r: -895, e: -12171, error: 106
#ERR  p: [1811, 444], r: -905, e: -12160, error: 107
#ERR  p: [1811, 445], r: -915, e: -12149, error: 108
#ERR  p: [1811, 446], r: -925, e: -12140, error: 109
#ERR  p: [1811, 447], r: -935, e: -12135, error: 110
#ERR  p: [1811, 448], r: -945, e: -12124, error: 111
#ERR  p: [1811, 449], r: -955, e: -12106, error: 112
#ERR  p: [1811, 450], r: -965, e: -12097, error: 113
#ERR  p: [1811, 451], r: -975, e: -12085, error: 114
#ERR  p: [1811, 452], r: -985, e: -12075, error: 115
#ERR  p: [1811, 453], r: -995, e: -12065, error: 116
#ERR  p: [1811, 454], r: -1005, e: -12044, error: 117
#ERR  p: [1811, 455], r: -1015, e: -12031, error: 118
#ERR  p: [1811, 456], r: -1025, e: -12019, error: 119
#ERR  p: [1811, 457], r: -1035, e: -12005, error: 120
#ERR  p: [1811, 458], r: -1045, e: -11990, error: 121
#ERR  p: [1811, 459], r: -1055, e: -11980, error: 122
#ERR  p: [1811, 460], r: -1065, e: -11968, error: 123
#ERR  p: [1811, 461], r: -1075, e: -11958, error: 124
#ERR  p: [1811, 462], r: -1085, e: -11943, error: 125
#ERR  p: [1811, 463], r: -1095, e: -11930, error: 126
#ERR  p: [1811, 464], r: -1105, e: -11919, error: 127
#ERR  p: [1811, 465], r: -1115, e: -11908, error: 128
#ERR  p: [1811, 466], r: -1125, e: -11894, error: 129
#ERR  p: [1811, 467], r: -1135, e: -11880, error: 130
#ERR  p: [1811, 468], r: -1145, e: -11874, error: 131
#ERR  p: [1811, 469], r: -1155, e: -11869, error: 132
#ERR  p: [1811, 470], r: -1165, e: -11857, error: 133
#ERR  p: [1811, 471], r: -1175, e: -11845, error: 134
#ERR  p: [1811, 472], r: -1185, e: -11832, error: 135
#ERR  p: [1811, 473], r: -1195, e: -11817, error: 136
#ERR  p: [1811, 474], r: -1205, e: -11803, error: 137
#ERR  p: [1811, 475], r: -1215, e: -11792, error: 138
#ERR  p: [1811, 476], r: -1225, e: -11781, error: 139
#ERR  p: [1811, 477], r: -1235, e: -11772, error: 140
#ERR  p: [1811, 478], r: -1245, e: -11759, error: 141
#ERR  p: [1811, 479], r: -1255, e: -11748, error: 142
#ERR  p: [1811, 480], r: -1265, e: -11734, error: 143
#ERR  p: [1811, 481], r: -1275, e: -11727, error: 144
#ERR  p: [1811, 482], r: -1285, e: -11711, error: 145
#ERR  p: [1811, 483], r: -1295, e: -11699, error: 146
#ERR  p: [1811, 484], r: -1305, e: -11687, error: 147
#ERR  p: [1811, 485], r: -1315, e: -11676, error: 148
#ERR  p: [1811, 486], r: -1325, e: -11668, error: 149
#ERR  p: [1811, 487], r: -1335, e: -11654, error: 150
#ERR  p: [1811, 488], r: -1345, e: -11646, error: 151
#ERR  p: [1811, 489], r: -1355, e: -11631, error: 152
#ERR  p: [1811, 490], r: -1365, e: -11624, error: 153
#ERR  p: [1811, 491], r: -1375, e: -11614, error: 154
#ERR  p: [1811, 492], r: -1385, e: -11597, error: 155
#ERR  p: [1811, 493], r: -1395, e: -11582, error: 156
#ERR  p: [1811, 494], r: -1405, e: -11571, error: 157
#ERR  p: [1811, 495], r: -1415, e: -11560, error: 158
#ERR  p: [1811, 496], r: -1425, e: -11545, error: 159
#ERR  p: [1811, 497], r: -1435, e: -11532, error: 160
#ERR  p: [1811, 498], r: -1445, e: -11517, error: 161
#ERR  p: [1811, 499], r: -1455, e: -11505, error: 162
#ERR  p: [1811, 500], r: -1465, e: -11496, error: 163
#ERR  p: [1811, 501], r: -1475, e: -11489, error: 164
#ERR  p: [1811, 502], r: -1485, e: -11475, error: 165
#ERR  p: [1811, 503], r: -1495, e: -11465, error: 166
#ERR  p: [1811, 504], r: -1505, e: -11456, error: 167
#ERR  p: [1811, 505], r: -1515, e: -11442, error: 168
#ERR  p: [1811, 506], r: -1525, e: -11436, error: 169
#ERR  p: [1811, 507], r: -1535, e: -11423, error: 170
#ERR  p: [1811, 508], r: -1545, e: -11402, error: 171
#ERR  p: [1811, 509], r: -1555, e: -11387, error: 172
#ERR  p: [1811, 510], r: -1565, e: -11373, error: 173
#ERR  p: [1811, 511], r: -1575, e: -11363, error: 174
#ERR  p: [1811, 512], r: -1585, e: -11352, error: 175
#ERR  p: [1811, 513], r: -1595, e: -11340, error: 176
#ERR  p: [1811, 514], r: -1605, e: -11328, error: 177
#ERR  p: [1811, 515], r: -1615, e: -11314, error: 178
#ERR  p: [1811, 516], r: -1625, e: -11304, error: 179
#ERR  p: [1811, 517], r: -1635, e: -11295, error: 180
#ERR  p: [1811, 518], r: -1645, e: -11288, error: 181
#ERR  p: [1811, 519], r: -1655, e: -11281, error: 182
#ERR  p: [1811, 520], r: -1665, e: -11269, error: 183
#ERR  p: [1811, 521], r: -1675, e: -11255, error: 184
#ERR  p: [1811, 522], r: -1685, e: -11242, error: 185
#ERR  p: [1811, 523], r: -1695, e: -11230, error: 186
#ERR  p: [1811, 524], r: -1705, e: -11219, error: 187
#ERR  p: [1811, 525], r: -1715, e: -11208, error: 188
#ERR  p: [1811, 526], r: -1725, e: -11199, error: 189
#ERR  p: [1811, 527], r: -1735, e: -11189, error: 190
#ERR  p: [1811, 528], r: -1745, e: -11176, error: 191
#ERR  p: [1811, 529], r: -1755, e: -11166, error: 192
#ERR  p: [1811, 530], r: -1765, e: -11155, error: 193
#ERR  p: [1811, 531], r: -1775, e: -11143, error: 194
#ERR  p: [1811, 532], r: -1785, e: -11131, error: 195
#ERR  p: [1811, 533], r: -1795, e: -11116, error: 196
#ERR  p: [1811, 534], r: -1805, e: -11106, error: 197
#ERR  p: [1811, 535], r: -1815, e: -11095, error: 198
#ERR  p: [1811, 536], r: -1825, e: -11084, error: 199
#ERR  p: [1811, 537], r: -1835, e: -11076, error: 200
#ERR  p: [1811, 538], r: -1845, e: -11066, error: 201
#ERR  p: [1811, 539], r: -1855, e: -11057, error: 202
#ERR  p: [1811, 540], r: -1865, e: -11042, error: 203
#ERR  p: [1811, 541], r: -1875, e: -11039, error: 204
#ERR  p: [1811, 542], r: -1885, e: -11029, error: 205
#ERR  p: [1811, 543], r: -1895, e: -11019, error: 206
#ERR  p: [1811, 544], r: -1905, e: -11009, error: 207
#ERR  p: [1811, 545], r: -1915, e: -10996, error: 208
#ERR  p: [1811, 546], r: -1925, e: -10985, error: 209
#ERR  p: [1811, 547], r: -1935, e: -10967, error: 210
#ERR  p: [1811, 548], r: -1945, e: -10954, error: 211
#ERR  p: [1811, 549], r: -1955, e: -10937, error: 212
#ERR  p: [1811, 550], r: -1965, e: -10925, error: 213
#ERR  p: [1811, 551], r: -1975, e: -10914, error: 214
#ERR  p: [1811, 552], r: -1985, e: -10906, error: 215
#ERR  p: [1811, 553], r: -1995, e: -10897, error: 216
#ERR  p: [1811, 554], r: -2005, e: -10883, error: 217
#ERR  p: [1811, 555], r: -2015, e: -10875, error: 218
#ERR  p: [1811, 556], r: -2025, e: -10865, error: 219
#ERR  p: [1811, 557], r: -2035, e: -10855, error: 220
#ERR  p: [1811, 558], r: -2045, e: -10844, error: 221
#ERR  p: [1811, 559], r: -2055, e: -10836, error: 222
#ERR  p: [1811, 560], r: -2065, e: -10825, error: 223
#ERR  p: [1811, 561], r: -2075, e: -10807, error: 224
#ERR  p: [1811, 562], r: -2085, e: -10796, error: 225
#ERR  p: [1811, 563], r: -2095, e: -10788, error: 226
#ERR  p: [1811, 564], r: -2105, e: -10773, error: 227
#ERR  p: [1811, 565], r: -2115, e: -10772, error: 228
#ERR  p: [1811, 566], r: -2125, e: -10762, error: 229
#ERR  p: [1811, 567], r: -2135, e: -10750, error: 230
#ERR  p: [1811, 568], r: -2145, e: -10736, error: 231
#ERR  p: [1811, 569], r: -2155, e: -10725, error: 232
#ERR  p: [1811, 570], r: -2165, e: -10716, error: 233
#ERR  p: [1811, 571], r: -2175, e: -10705, error: 234
#ERR  p: [1811, 572], r: -2185, e: -10694, error: 235
#ERR  p: [1811, 573], r: -2195, e: -10680, error: 236
#ERR  p: [1811, 574], r: -2205, e: -10674, error: 237
#ERR  p: [1811, 575], r: -2215, e: -10666, error: 238
#ERR  p: [1811, 576], r: -2225, e: -10655, error: 239
#ERR  p: [1811, 577], r: -2235, e: -10648, error: 240
#ERR  p: [1811, 578], r: -2245, e: -10634, error: 241
#ERR  p: [1811, 579], r: -2255, e: -10624, error: 242
#ERR  p: [1811, 580], r: -2265, e: -10614, error: 243
#ERR  p: [1811, 581], r: -2275, e: -10604, error: 244
#ERR  p: [1811, 582], r: -2285, e: -10595, error: 245
#ERR  p: [1811, 583], r: -2295, e: -10585, error: 246
#ERR  p: [1811, 584], r: -2305, e: -10575, error: 247
#ERR  p: [1811, 585], r: -2315, e: -10566, error: 248
#ERR  p: [1811, 586], r: -2325, e: -10556, error: 249
#ERR  p: [1811, 587], r: -2335, e: -10541, error: 250
#ERR  p: [1811, 588], r: -2345, e: -10529, error: 251
#ERR  p: [1811, 589], r: -2355, e: -10519, error: 252
#ERR  p: [1811, 590], r: -2365, e: -10514, error: 253
#ERR  p: [1811, 591], r: -2375, e: -10503, error: 254
#ERR  p: [1811, 592], r: -2385, e: -10488, error: 255
#ERR  p: [1811, 593], r: -2395, e: -10477, error: 256
#ERR  p: [1811, 594], r: -2405, e: -10465, error: 257
#ERR  p: [1811, 595], r: -2415, e: -10450, error: 258
#ERR  p: [1811, 596], r: -2425, e: -10436, error: 259
#ERR  p: [1811, 597], r: -2435, e: -10426, error: 260
#ERR  p: [1811, 598], r: -2445, e: -10414, error: 261
#ERR  p: [1811, 599], r: -2455, e: -10405, error: 262
#ERR  p: [1811, 600], r: -2465, e: -10390, error: 263
#ERR  p: [1811, 601], r: -2475, e: -10376, error: 264
#ERR  p: [1811, 602], r: -2485, e: -10361, error: 265
#ERR  p: [1811, 603], r: -2495, e: -10352, error: 266
#ERR  p: [1811, 604], r: -2505, e: -10337, error: 267
#ERR  p: [1811, 605], r: -2515, e: -10324, error: 268
#ERR  p: [1811, 606], r: -2525, e: -10311, error: 269
#ERR  p: [1811, 607], r: -2535, e: -10294, error: 270
#ERR  p: [1811, 608], r: -2545, e: -10279, error: 271
#ERR  p: [1811, 609], r: -2555, e: -10270, error: 272
#ERR  p: [1811, 610], r: -2565, e: -10258, error: 273
#ERR  p: [1811, 611], r: -2575, e: -10251, error: 274
#ERR  p: [1811, 612], r: -2585, e: -10238, error: 275
#ERR  p: [1811, 613], r: -2595, e: -10236, error: 276
#ERR  p: [1811, 614], r: -2605, e: -10223, error: 277
#ERR  p: [1811, 615], r: -2615, e: -10208, error: 278
#ERR  p: [1811, 616], r: -2625, e: -10196, error: 279
#ERR  p: [1811, 617], r: -2635, e: -10181, error: 280
#ERR  p: [1811, 618], r: -2645, e: -10172, error: 281
#ERR  p: [1811, 619], r: -2655, e: -10165, error: 282
#ERR  p: [1811, 620], r: -2665, e: -10157, error: 283
#ERR  p: [1811, 621], r: -2675, e: -10148, error: 284
#ERR  p: [1811, 622], r: -2685, e: -10141, error: 285
#ERR  p: [1811, 623], r: -2695, e: -10130, error: 286
#ERR  p: [1811, 624], r: -2705, e: -10118, error: 287
#ERR  p: [1811, 625], r: -2715, e: -10103, error: 288
#ERR  p: [1811, 626], r: -2725, e: -10092, error: 289
#ERR  p: [1811, 627], r: -2735, e: -10074, error: 290
#ERR  p: [1811, 628], r: -2745, e: -10056, error: 291
#ERR  p: [1811, 629], r: -2755, e: -10045, error: 292
#ERR  p: [1811, 630], r: -2765, e: -10029, error: 293
#ERR  p: [1811, 631], r: -2775, e: -10018, error: 294
#ERR  p: [1811, 632], r: -2785, e: -10004, error: 295
#ERR  p: [1811, 633], r: -2795, e: -10001, error: 296
#ERR  p: [1811, 634], r: -2805, e: -9993, error: 297
#ERR  p: [1811, 635], r: -2815, e: -9983, error: 298
#ERR  p: [1811, 636], r: -2825, e: -9977, error: 299
#ERR  p: [1811, 637], r: -2835, e: -9966, error: 300
#ERR  p: [1811, 638], r: -2845, e: -9951, error: 301
#ERR  p: [1811, 639], r: -2855, e: -9941, error: 302
#ERR  p: [1811, 640], r: -2865, e: -9932, error: 303
#ERR  p: [1811, 641], r: -2875, e: -9923, error: 304
#ERR  p: [1811, 642], r: -2885, e: -9912, error: 305
#ERR  p: [1811, 643], r: -2895, e: -9908, error: 306
#ERR  p: [1811, 644], r: -2905, e: -9898, error: 307
#ERR  p: [1811, 645], r: -2915, e: -9884, error: 308
#ERR  p: [1811, 646], r: -2925, e: -9875, error: 309
#ERR  p: [1811, 647], r: -2935, e: -9864, error: 310
#ERR  p: [1811, 648], r: -2945, e: -9856, error: 311
#ERR  p: [1811, 649], r: -2955, e: -9844, error: 312
#ERR  p: [1811, 650], r: -2965, e: -9833, error: 313
#ERR  p: [1811, 651], r: -2975, e: -9815, error: 314
#ERR  p: [1811, 652], r: -2985, e: -9805, error: 315
#ERR  p: [1811, 653], r: -2995, e: -9788, error: 316
#ERR  p: [1811, 654], r: -3005, e: -9773, error: 317
#ERR  p: [1811, 655], r: -3015, e: -9764, error: 318
#ERR  p: [1811, 656], r: -3025, e: -9757, error: 319
#ERR  p: [1811, 657], r: -3035, e: -9750, error: 320
#ERR  p: [1811, 658], r: -3045, e: -9739, error: 321
#ERR  p: [1811, 659], r: -3055, e: -9731, error: 322
#ERR  p: [1811, 660], r: -3065, e: -9729, error: 323
#ERR  p: [1811, 661], r: -3075, e: -9716, error: 324
#ERR  p: [1811, 662], r: -3085, e: -9707, error: 325
#ERR  p: [1811, 663], r: -3095, e: -9698, error: 326
#ERR  p: [1811, 664], r: -3105, e: -9683, error: 327
#ERR  p: [1811, 665], r: -3115, e: -9673, error: 328
#ERR  p: [1811, 666], r: -3125, e: -9661, error: 329
#ERR  p: [1811, 667], r: -3135, e: -9652, error: 330
#ERR  p: [1811, 668], r: -3145, e: -9645, error: 331
#ERR  p: [1811, 669], r: -3155, e: -9639, error: 332
#ERR  p: [1811, 670], r: -3165, e: -9631, error: 333
#ERR  p: [1811, 671], r: -3175, e: -9613, error: 334
#ERR  p: [1811, 672], r: -3185, e: -9597, error: 335
#ERR  p: [1811, 673], r: -3195, e: -9584, error: 336
#ERR  p: [1811, 674], r: -3205, e: -9572, error: 337
#ERR  p: [1811, 675], r: -3215, e: -9560, error: 338
#ERR  p: [1811, 676], r: -3225, e: -9548, error: 339
#ERR  p: [1811, 677], r: -3235, e: -9538, error: 340
#ERR  p: [1811, 678], r: -3245, e: -9528, error: 341
#ERR  p: [1811, 679], r: -3255, e: -9513, error: 342
#ERR  p: [1811, 680], r: -3265, e: -9506, error: 343
#ERR  p: [1811, 681], r: -3275, e: -9502, error: 344
#ERR  p: [1811, 682], r: -3285, e: -9491, error: 345
#ERR  p: [1811, 683], r: -3295, e: -9480, error: 346
#ERR  p: [1811, 684], r: -3305, e: -9468, error: 347
#ERR  p: [1811, 685], r: -3315, e: -9454, error: 348
#ERR  p: [1811, 686], r: -3325, e: -9439, error: 349
#ERR  p: [1811, 687], r: -3335, e: -9429, error: 350
#ERR  p: [1811, 688], r: -3345, e: -9416, error: 351
#ERR  p: [1811, 689], r: -3355, e: -9415, error: 352
#ERR  p: [1811, 690], r: -3365, e: -9411, error: 353
#ERR  p: [1811, 691], r: -3375, e: -9399, error: 354
#ERR  p: [1811, 692], r: -3385, e: -9396, error: 355
#ERR  p: [1811, 693], r: -3395, e: -9383, error: 356
#ERR  p: [1811, 694], r: -3405, e: -9377, error: 357
#ERR  p: [1811, 695], r: -3415, e: -9362, error: 358
#ERR  p: [1811, 696], r: -3425, e: -9353, error: 359
#ERR  p: [1811, 697], r: -3435, e: -9344, error: 360
#ERR  p: [1811, 698], r: -3445, e: -9333, error: 361
#ERR  p: [1811, 699], r: -3455, e: -9324, error: 362
#ERR  p: [1811, 700], r: -3465, e: -9317, error: 363
#ERR  p: [1811, 701], r: -3475, e: -9304, error: 364
#ERR  p: [1811, 702], r: -3485, e: -9306, error: 365
#ERR  p: [1811, 703], r: -3495, e: -9295, error: 366
#ERR  p: [1811, 704], r: -3505, e: -9290, error: 367
#ERR  p: [1811, 705], r: -3515, e: -9279, error: 368
#ERR  p: [1811, 706], r: -3525, e: -9269, error: 369
#ERR  p: [1811, 707], r: -3535, e: -9256, error: 370
#ERR  p: [1811, 708], r: -3545, e: -9244, error: 371
#ERR  p: [1811, 709], r: -3555, e: -9233, error: 372
#ERR  p: [1811, 710], r: -3565, e: -9222, error: 373
#ERR  p: [1811, 711], r: -3575, e: -9217, error: 374
#ERR  p: [1811, 712], r: -3585, e: -9209, error: 375
#ERR  p: [1811, 713], r: -3595, e: -9197, error: 376
#ERR  p: [1811, 714], r: -3605, e: -9191, error: 377
#ERR  p: [1811, 715], r: -3615, e: -9181, error: 378
#ERR  p: [1811, 716], r: -3625, e: -9171, error: 379
#ERR  p: [1811, 717], r: -3635, e: -9160, error: 380
#ERR  p: [1811, 718], r: -3645, e: -9150, error: 381
#ERR  p: [1811, 719], r: -3655, e: -9138, error: 382
#ERR  p: [1811, 720], r: -3665, e: -9124, error: 383
#ERR  p: [1811, 721], r: -3675, e: -9112, error: 384
#ERR  p: [1811, 722], r: -3685, e: -9099, error: 385
#ERR  p: [1811, 723], r: -3695, e: -9089, error: 386
#ERR  p: [1811, 724], r: -3705, e: -9079, error: 387
#ERR  p: [1811, 725], r: -3715, e: -9064, error: 388
#ERR  p: [1811, 726], r: -3725, e: -9052, error: 389
#ERR  p: [1811, 727], r: -3735, e: -9043, error: 390
#ERR  p: [1811, 728], r: -3745, e: -9034, error: 391
#ERR  p: [1811, 729], r: -3755, e: -9024, error: 392
#ERR  p: [1811, 730], r: -3765, e: -9009, error: 393
#ERR  p: [1811, 731], r: -3775, e: -8997, error: 394
#ERR  p: [1811, 732], r: -3785, e: -8988, error: 395
#ERR  p: [1811, 733], r: -3795, e: -8976, error: 396
#ERR  p: [1811, 734], r: -3805, e: -8964, error: 397
#ERR  p: [1811, 735], r: -3815, e: -8950, error: 398
#ERR  p: [1811, 736], r: -3825, e: -8935, error: 399
#ERR  p: [1811, 737], r: -3835, e: -8924, error: 400
#ERR  p: [1811, 738], r: -3845, e: -8910, error: 401
#ERR  p: [1811, 739], r: -3855, e: -8899, error: 402
#ERR  p: [1811, 740], r: -3865, e: -8891, error: 403
#ERR  p: [1811, 741], r: -3875, e: -8885, error: 404
#ERR  p: [1811, 742], r: -3885, e: -8870, error: 405
#ERR  p: [1811, 743], r: -3895, e: -8868, error: 406
#ERR  p: [1811, 744], r: -3905, e: -8857, error: 407
#ERR  p: [1811, 745], r: -3915, e: -8848, error: 408
#ERR  p: [1811, 746], r: -3925, e: -8839, error: 409
#ERR  p: [1811, 747], r: -3935, e: -8831, error: 410
#ERR  p: [1811, 748], r: -3945, e: -8824, error: 411
#ERR  p: [1811, 749], r: -3955, e: -8814, error: 412
#ERR  p: [1811, 750], r: -3965, e: -8803, error: 413
#ERR  p: [1811, 751], r: -3975, e: -8795, error: 414
#ERR  p: [1811, 752], r: -3985, e: -8784, error: 415
#ERR  p: [1811, 753], r: -3995, e: -8770, error: 416
#ERR  p: [1811, 754], r: -4005, e: -8756, error: 417
#ERR  p: [1811, 755], r: -4015, e: -8751, error: 418
#ERR  p: [1811, 756], r: -4025, e: -8740, error: 419
#ERR  p: [1811, 757], r: -4035, e: -8732, error: 420
#ERR  p: [1811, 758], r: -4045, e: -8721, error: 421
#ERR  p: [1811, 759], r: -4055, e: -8710, error: 422
#ERR  p: [1811, 760], r: -4065, e: -8701, error: 423
#ERR  p: [1811, 761], r: -4075, e: -8691, error: 424
#ERR  p: [1811, 762], r: -4085, e: -8684, error: 425
#ERR  p: [1811, 763], r: -4095, e: -8676, error: 426
#ERR  p: [1811, 764], r: -4105, e: -8663, error: 427
#ERR  p: [1811, 765], r: -4115, e: -8658, error: 428
#ERR  p: [1811, 766], r: -4125, e: -8645, error: 429
#ERR  p: [1811, 767], r: -4135, e: -8630, error: 430
#ERR  p: [1811, 768], r: -4145, e: -8619, error: 431
#ERR  p: [1811, 769], r: -4155, e: -8604, error: 432
#ERR  p: [1811, 770], r: -4165, e: -8597, error: 433
#ERR  p: [1811, 771], r: -4175, e: -8587, error: 434
#ERR  p: [1811, 772], r: -4185, e: -8579, error: 435
#ERR  p: [1811, 773], r: -4195, e: -8567, error: 436
#ERR  p: [1811, 774], r: -4205, e: -8550, error: 437
#ERR  p: [1811, 775], r: -4215, e: -8532, error: 438
#ERR  p: [1811, 776], r: -4225, e: -8518, error: 439
#ERR  p: [1811, 777], r: -4235, e: -8512, error: 440
#ERR  p: [1811, 778], r: -4245, e: -8503, error: 441
#ERR  p: [1811, 779], r: -4255, e: -8494, error: 442
#ERR  p: [1811, 780], r: -4265, e: -8480, error: 443
#ERR  p: [1811, 781], r: -4275, e: -8478, error: 444
#ERR  p: [1811, 782], r: -4285, e: -8470, error: 445
#ERR  p: [1811, 783], r: -4295, e: -8460, error: 446
#ERR  p: [1811, 784], r: -4305, e: -8446, error: 447
#ERR  p: [1811, 785], r: -4315, e: -8428, error: 448
#ERR  p: [1811, 786], r: -4325, e: -8414, error: 449
#ERR  p: [1811, 787], r: -4335, e: -8401, error: 450
#ERR  p: [1811, 788], r: -4345, e: -8391, error: 451
#ERR  p: [1811, 789], r: -4355, e: -8382, error: 452
#ERR  p: [1811, 790], r: -4365, e: -8376, error: 453
#ERR  p: [1811, 791], r: -4375, e: -8368, error: 454
#ERR  p: [1811, 792], r: -4385, e: -8356, error: 455
#ERR  p: [1811, 793], r: -4395, e: -8355, error: 456
#ERR  p: [1811, 794], r: -4405, e: -8350, error: 457
#ERR  p: [1811, 795], r: -4415, e: -8338, error: 458
#ERR  p: [1811, 796], r: -4425, e: -8326, error: 459
#ERR  p: [1811, 797], r: -4435, e: -8323, error: 460
#ERR  p: [1811, 798], r: -4445, e: -8311, error: 461
#ERR  p: [1811, 799], r: -4455, e: -8296, error: 462
#ERR  p: [1811, 800], r: -4465, e: -8289, error: 463
#ERR  p: [1811, 801], r: -4475, e: -8284, error: 464
#ERR  p: [1811, 802], r: -4485, e: -8273, error: 465
#ERR  p: [1811, 803], r: -4495, e: -8262, error: 466
#ERR  p: [1811, 804], r: -4505, e: -8257, error: 467
#ERR  p: [1811, 805], r: -4515, e: -8246, error: 468
#ERR  p: [1811, 806], r: -4525, e: -8238, error: 469
#ERR  p: [1811, 807], r: -4535, e: -8231, error: 470
#ERR  p: [1811, 808], r: -4545, e: -8218, error: 471
#ERR  p: [1811, 809], r: -4555, e: -8216, error: 472
#ERR  p: [1811, 810], r: -4565, e: -8210, error: 473
#ERR  p: [1811, 811], r: -4575, e: -8209, error: 474
#ERR  p: [1811, 812], r: -4585, e: -8196, error: 475
#ERR  p: [1811, 813], r: -4595, e: -8186, error: 476
#ERR  p: [1811, 814], r: -4605, e: -8176, error: 477
#ERR  p: [1811, 815], r: -4615, e: -8162, error: 478
#ERR  p: [1811, 816], r: -4625, e: -8153, error: 479
#ERR  p: [1811, 817], r: -4635, e: -8143, error: 480
#ERR  p: [1811, 818], r: -4645, e: -8139, error: 481
#ERR  p: [1811, 819], r: -4655, e: -8128, error: 482
#ERR  p: [1811, 820], r: -4665, e: -8114, error: 483
#ERR  p: [1811, 821], r: -4675, e: -8103, error: 484
#ERR  p: [1811, 822], r: -4685, e: -8091, error: 485
#ERR  p: [1811, 823], r: -4695, e: -8076, error: 486
#ERR  p: [1811, 824], r: -4705, e: -8069, error: 487
#ERR  p: [1811, 825], r: -4715, e: -8061, error: 488
#ERR  p: [1811, 826], r: -4725, e: -8053, error: 489
#ERR  p: [1811, 827], r: -4735, e: -8038, error: 490
#ERR  p: [1811, 828], r: -4745, e: -8028, error: 491
#ERR  p: [1811, 829], r: -4755, e: -8017, error: 492
#ERR  p: [1811, 830], r: -4765, e: -8007, error: 493
#ERR  p: [1811, 831], r: -4775, e: -7995, error: 494
#ERR  p: [1811, 832], r: -4785, e: -7983, error: 495
#ERR  p: [1811, 833], r: -4795, e: -7976, error: 496
#ERR  p: [1811, 834], r: -4805, e: -7967, error: 497
#ERR  p: [1811, 835], r: -4815, e: -7955, error: 498
#ERR  p: [1811, 836], r: -4825, e: -7948, error: 499
#SDC Ite:0 KerTime:0.291268 AccTime:0.291268 KerErr:500 AccErr:500
#END