#HEADER max_rows:2048 max_cols:2048 penalty:10
#BEGIN Y:2016 M:09 D:07 Time:05:00:07
#IT Ite:0 KerTime:0.294148 AccTime:0.294148
#ERR Error detected! kerrors = 617160
#ERR  p: [433, 1258], r: -6801, e: -6937, error: 1
#ERR  p: [433, 1259], r: -6794, e: -6947, error: 2
#ERR  p: [433, 1260], r: -6804, e: -6957, error: 3
#ERR  p: [433, 1261], r: -6814, e: -6967, error: 4
#ERR  p: [433, 1262], r: -6824, e: -6977, error: 5
#ERR  p: [433, 1263], r: -6834, e: -6987, error: 6
#ERR  p: [433, 1264], r: -6844, e: -6997, error: 7
#ERR  p: [433, 1265], r: -6854, e: -7007, error: 8
#ERR  p: [433, 1266], r: -6864, e: -7017, error: 9
#ERR  p: [433, 1267], r: -6874, e: -7027, error: 10
#ERR  p: [433, 1268], r: -6884, e: -7037, error: 11
#ERR  p: [433, 1269], r: -6894, e: -7047, error: 12
#ERR  p: [433, 1270], r: -6904, e: -7057, error: 13
#ERR  p: [433, 1271], r: -6914, e: -7067, error: 14
#ERR  p: [433, 1272], r: -6924, e: -7077, error: 15
#ERR  p: [433, 1273], r: -6934, e: -7087, error: 16
#ERR  p: [433, 1274], r: -6944, e: -7096, error: 17
#ERR  p: [433, 1275], r: -6954, e: -7106, error: 18
#ERR  p: [433, 1276], r: -6964, e: -7115, error: 19
#ERR  p: [433, 1277], r: -6974, e: -7124, error: 20
#ERR  p: [433, 1278], r: -6984, e: -7134, error: 21
#ERR  p: [433, 1279], r: -6994, e: -7144, error: 22
#ERR  p: [433, 1280], r: -7004, e: -7154, error: 23
#ERR  p: [433, 1281], r: -7014, e: -7160, error: 24
#ERR  p: [433, 1282], r: -7024, e: -7170, error: 25
#ERR  p: [433, 1283], r: -7034, e: -7180, error: 26
#ERR  p: [433, 1284], r: -7044, e: -7190, error: 27
#ERR  p: [433, 1285], r: -7054, e: -7200, error: 28
#ERR  p: [433, 1286], r: -7064, e: -7210, error: 29
#ERR  p: [433, 1287], r: -7074, e: -7220, error: 30
#ERR  p: [433, 1288], r: -7084, e: -7230, error: 31
#ERR  p: [433, 1289], r: -7094, e: -7240, error: 32
#ERR  p: [433, 1290], r: -7104, e: -7250, error: 33
#ERR  p: [433, 1291], r: -7114, e: -7260, error: 34
#ERR  p: [433, 1292], r: -7124, e: -7270, error: 35
#ERR  p: [433, 1293], r: -7134, e: -7280, error: 36
#ERR  p: [433, 1294], r: -7144, e: -7290, error: 37
#ERR  p: [433, 1295], r: -7154, e: -7300, error: 38
#ERR  p: [433, 1296], r: -7164, e: -7310, error: 39
#ERR  p: [433, 1297], r: -7174, e: -7320, error: 40
#ERR  p: [433, 1298], r: -7184, e: -7330, error: 41
#ERR  p: [433, 1299], r: -7194, e: -7333, error: 42
#ERR  p: [433, 1300], r: -7204, e: -7343, error: 43
#ERR  p: [433, 1301], r: -7214, e: -7351, error: 44
#ERR  p: [433, 1302], r: -7224, e: -7361, error: 45
#ERR  p: [433, 1303], r: -7234, e: -7371, error: 46
#ERR  p: [433, 1304], r: -7244, e: -7380, error: 47
#ERR  p: [433, 1305], r: -7254, e: -7389, error: 48
#ERR  p: [433, 1306], r: -7264, e: -7399, error: 49
#ERR  p: [433, 1307], r: -7274, e: -7409, error: 50
#ERR  p: [433, 1308], r: -7284, e: -7419, error: 51
#ERR  p: [433, 1309], r: -7294, e: -7429, error: 52
#ERR  p: [433, 1310], r: -7304, e: -7436, error: 53
#ERR  p: [433, 1311], r: -7314, e: -7446, error: 54
#ERR  p: [433, 1312], r: -7324, e: -7456, error: 55
#ERR  p: [433, 1313], r: -7334, e: -7466, error: 56
#ERR  p: [433, 1314], r: -7344, e: -7476, error: 57
#ERR  p: [433, 1315], r: -7354, e: -7486, error: 58
#ERR  p: [433, 1316], r: -7364, e: -7496, error: 59
#ERR  p: [433, 1317], r: -7374, e: -7506, error: 60
#ERR  p: [433, 1318], r: -7384, e: -7508, error: 61
#ERR  p: [433, 1319], r: -7394, e: -7517, error: 62
#ERR  p: [433, 1320], r: -7404, e: -7526, error: 63
#ERR  p: [433, 1321], r: -7414, e: -7536, error: 64
#ERR  p: [433, 1322], r: -7424, e: -7545, error: 65
#ERR  p: [433, 1323], r: -7434, e: -7555, error: 66
#ERR  p: [433, 1324], r: -7444, e: -7565, error: 67
#ERR  p: [433, 1325], r: -7454, e: -7575, error: 68
#ERR  p: [433, 1326], r: -7464, e: -7585, error: 69
#ERR  p: [433, 1327], r: -7474, e: -7595, error: 70
#ERR  p: [433, 1328], r: -7484, e: -7604, error: 71
#ERR  p: [433, 1329], r: -7494, e: -7613, error: 72
#ERR  p: [433, 1330], r: -7504, e: -7609, error: 73
#ERR  p: [433, 1331], r: -7514, e: -7617, error: 74
#ERR  p: [433, 1332], r: -7524, e: -7624, error: 75
#ERR  p: [433, 1333], r: -7534, e: -7634, error: 76
#ERR  p: [433, 1334], r: -7544, e: -7644, error: 77
#ERR  p: [433, 1335], r: -7554, e: -7645, error: 78
#ERR  p: [433, 1336], r: -7564, e: -7652, error: 79
#ERR  p: [433, 1337], r: -7574, e: -7662, error: 80
#ERR  p: [433, 1338], r: -7584, e: -7672, error: 81
#ERR  p: [433, 1339], r: -7594, e: -7680, error: 82
#ERR  p: [433, 1340], r: -7604, e: -7690, error: 83
#ERR  p: [433, 1341], r: -7614, e: -7700, error: 84
#ERR  p: [433, 1342], r: -7624, e: -7710, error: 85
#ERR  p: [433, 1343], r: -7634, e: -7720, error: 86
#ERR  p: [433, 1344], r: -7644, e: -7730, error: 87
#ERR  p: [433, 1345], r: -7654, e: -7740, error: 88
#ERR  p: [433, 1346], r: -7664, e: -7750, error: 89
#ERR  p: [433, 1347], r: -7674, e: -7760, error: 90
#ERR  p: [433, 1348], r: -7684, e: -7770, error: 91
#ERR  p: [433, 1349], r: -7694, e: -7780, error: 92
#ERR  p: [433, 1350], r: -7704, e: -7790, error: 93
#ERR  p: [433, 1351], r: -7714, e: -7800, error: 94
#ERR  p: [433, 1352], r: -7724, e: -7809, error: 95
#ERR  p: [433, 1353], r: -7734, e: -7819, error: 96
#ERR  p: [433, 1354], r: -7744, e: -7829, error: 97
#ERR  p: [433, 1355], r: -7754, e: -7836, error: 98
#ERR  p: [433, 1356], r: -7764, e: -7846, error: 99
#ERR  p: [433, 1357], r: -7774, e: -7856, error: 100
#ERR  p: [433, 1358], r: -7784, e: -7866, error: 101
#ERR  p: [433, 1359], r: -7794, e: -7876, error: 102
#ERR  p: [433, 1360], r: -7804, e: -7886, error: 103
#ERR  p: [433, 1361], r: -7814, e: -7896, error: 104
#ERR  p: [433, 1362], r: -7824, e: -7906, error: 105
#ERR  p: [433, 1363], r: -7834, e: -7916, error: 106
#ERR  p: [433, 1364], r: -7844, e: -7926, error: 107
#ERR  p: [433, 1365], r: -7854, e: -7936, error: 108
#ERR  p: [433, 1366], r: -7864, e: -7946, error: 109
#ERR  p: [433, 1367], r: -7874, e: -7956, error: 110
#ERR  p: [433, 1368], r: -7884, e: -7966, error: 111
#ERR  p: [433, 1369], r: -7894, e: -7976, error: 112
#ERR  p: [433, 1370], r: -7904, e: -7986, error: 113
#ERR  p: [433, 1371], r: -7914, e: -7996, error: 114
#ERR  p: [433, 1372], r: -7924, e: -8005, error: 115
#ERR  p: [433, 1373], r: -7934, e: -8015, error: 116
#ERR  p: [433, 1374], r: -7944, e: -8025, error: 117
#ERR  p: [433, 1375], r: -7954, e: -8034, error: 118
#ERR  p: [433, 1376], r: -7964, e: -8044, error: 119
#ERR  p: [433, 1377], r: -7974, e: -8054, error: 120
#ERR  p: [433, 1378], r: -7984, e: -8063, error: 121
#ERR  p: [433, 1379], r: -7994, e: -8073, error: 122
#ERR  p: [433, 1380], r: -8004, e: -8083, error: 123
#ERR  p: [433, 1381], r: -8014, e: -8093, error: 124
#ERR  p: [433, 1382], r: -8024, e: -8100, error: 125
#ERR  p: [433, 1383], r: -8034, e: -8110, error: 126
#ERR  p: [433, 1384], r: -8044, e: -8120, error: 127
#ERR  p: [433, 1385], r: -8054, e: -8130, error: 128
#ERR  p: [433, 1386], r: -8064, e: -8140, error: 129
#ERR  p: [433, 1387], r: -8074, e: -8150, error: 130
#ERR  p: [433, 1388], r: -8084, e: -8160, error: 131
#ERR  p: [433, 1389], r: -8094, e: -8170, error: 132
#ERR  p: [433, 1390], r: -8104, e: -8179, error: 133
#ERR  p: [433, 1391], r: -8114, e: -8189, error: 134
#ERR  p: [433, 1392], r: -8124, e: -8199, error: 135
#ERR  p: [433, 1393], r: -8134, e: -8209, error: 136
#ERR  p: [433, 1394], r: -8144, e: -8219, error: 137
#ERR  p: [433, 1395], r: -8154, e: -8229, error: 138
#ERR  p: [433, 1396], r: -8164, e: -8239, error: 139
#ERR  p: [433, 1397], r: -8174, e: -8249, error: 140
#ERR  p: [433, 1398], r: -8184, e: -8259, error: 141
#ERR  p: [433, 1399], r: -8194, e: -8269, error: 142
#ERR  p: [433, 1400], r: -8204, e: -8279, error: 143
#ERR  p: [433, 1401], r: -8214, e: -8289, error: 144
#ERR  p: [433, 1402], r: -8224, e: -8299, error: 145
#ERR  p: [433, 1403], r: -8234, e: -8309, error: 146
#ERR  p: [433, 1404], r: -8244, e: -8319, error: 147
#ERR  p: [433, 1405], r: -8254, e: -8329, error: 148
#ERR  p: [433, 1406], r: -8264, e: -8339, error: 149
#ERR  p: [433, 1407], r: -8274, e: -8349, error: 150
#ERR  p: [433, 1408], r: -8284, e: -8359, error: 151
#ERR  p: [433, 1409], r: -8294, e: -8369, error: 152
#ERR  p: [433, 1410], r: -8304, e: -8379, error: 153
#ERR  p: [433, 1411], r: -8314, e: -8389, error: 154
#ERR  p: [433, 1412], r: -8324, e: -8399, error: 155
#ERR  p: [433, 1413], r: -8334, e: -8409, error: 156
#ERR  p: [433, 1414], r: -8344, e: -8419, error: 157
#ERR  p: [433, 1415], r: -8354, e: -8429, error: 158
#ERR  p: [433, 1416], r: -8364, e: -8437, error: 159
#ERR  p: [433, 1417], r: -8374, e: -8447, error: 160
#ERR  p: [433, 1418], r: -8384, e: -8457, error: 161
#ERR  p: [433, 1419], r: -8394, e: -8466, error: 162
#ERR  p: [433, 1420], r: -8404, e: -8476, error: 163
#ERR  p: [433, 1421], r: -8414, e: -8486, error: 164
#ERR  p: [433, 1422], r: -8424, e: -8496, error: 165
#ERR  p: [433, 1423], r: -8434, e: -8506, error: 166
#ERR  p: [433, 1424], r: -8444, e: -8516, error: 167
#ERR  p: [433, 1425], r: -8454, e: -8526, error: 168
#ERR  p: [433, 1426], r: -8464, e: -8536, error: 169
#ERR  p: [433, 1427], r: -8474, e: -8546, error: 170
#ERR  p: [433, 1428], r: -8484, e: -8549, error: 171
#ERR  p: [433, 1429], r: -8494, e: -8557, error: 172
#ERR  p: [433, 1430], r: -8504, e: -8567, error: 173
#ERR  p: [433, 1431], r: -8514, e: -8577, error: 174
#ERR  p: [433, 1432], r: -8524, e: -8587, error: 175
#ERR  p: [433, 1433], r: -8534, e: -8592, error: 176
#ERR  p: [433, 1434], r: -8544, e: -8601, error: 177
#ERR  p: [433, 1435], r: -8554, e: -8611, error: 178
#ERR  p: [433, 1436], r: -8564, e: -8621, error: 179
#ERR  p: [433, 1437], r: -8574, e: -8631, error: 180
#ERR  p: [433, 1438], r: -8584, e: -8640, error: 181
#ERR  p: [433, 1439], r: -8594, e: -8650, error: 182
#ERR  p: [433, 1440], r: -8604, e: -8660, error: 183
#ERR  p: [433, 1441], r: -8614, e: -8670, error: 184
#ERR  p: [433, 1442], r: -8624, e: -8679, error: 185
#ERR  p: [433, 1443], r: -8634, e: -8689, error: 186
#ERR  p: [433, 1444], r: -8644, e: -8696, error: 187
#ERR  p: [433, 1445], r: -8654, e: -8706, error: 188
#ERR  p: [433, 1446], r: -8664, e: -8716, error: 189
#ERR  p: [433, 1447], r: -8674, e: -8726, error: 190
#ERR  p: [433, 1448], r: -8684, e: -8736, error: 191
#ERR  p: [433, 1449], r: -8694, e: -8746, error: 192
#ERR  p: [433, 1450], r: -8704, e: -8756, error: 193
#ERR  p: [433, 1451], r: -8714, e: -8766, error: 194
#ERR  p: [433, 1452], r: -8724, e: -8776, error: 195
#ERR  p: [433, 1453], r: -8734, e: -8786, error: 196
#ERR  p: [433, 1454], r: -8744, e: -8796, error: 197
#ERR  p: [433, 1455], r: -8754, e: -8806, error: 198
#ERR  p: [433, 1456], r: -8764, e: -8816, error: 199
#ERR  p: [433, 1457], r: -8774, e: -8826, error: 200
#ERR  p: [433, 1458], r: -8784, e: -8836, error: 201
#ERR  p: [433, 1459], r: -8794, e: -8846, error: 202
#ERR  p: [433, 1460], r: -8804, e: -8856, error: 203
#ERR  p: [433, 1461], r: -8814, e: -8866, error: 204
#ERR  p: [433, 1462], r: -8824, e: -8876, error: 205
#ERR  p: [433, 1463], r: -8834, e: -8886, error: 206
#ERR  p: [433, 1464], r: -8844, e: -8896, error: 207
#ERR  p: [433, 1465], r: -8854, e: -8906, error: 208
#ERR  p: [433, 1466], r: -8864, e: -8916, error: 209
#ERR  p: [433, 1467], r: -8874, e: -8926, error: 210
#ERR  p: [433, 1468], r: -8884, e: -8936, error: 211
#ERR  p: [433, 1469], r: -8894, e: -8946, error: 212
#ERR  p: [433, 1470], r: -8904, e: -8956, error: 213
#ERR  p: [433, 1471], r: -8914, e: -8966, error: 214
#ERR  p: [433, 1472], r: -8924, e: -8976, error: 215
#ERR  p: [433, 1473], r: -8934, e: -8986, error: 216
#ERR  p: [433, 1474], r: -8944, e: -8996, error: 217
#ERR  p: [433, 1475], r: -8954, e: -9006, error: 218
#ERR  p: [433, 1476], r: -8964, e: -9016, error: 219
#ERR  p: [433, 1477], r: -8974, e: -9026, error: 220
#ERR  p: [433, 1478], r: -8984, e: -9036, error: 221
#ERR  p: [433, 1479], r: -8994, e: -9046, error: 222
#ERR  p: [433, 1480], r: -9004, e: -9056, error: 223
#ERR  p: [433, 1481], r: -9014, e: -9066, error: 224
#ERR  p: [433, 1482], r: -9024, e: -9076, error: 225
#ERR  p: [433, 1483], r: -9034, e: -9086, error: 226
#ERR  p: [433, 1484], r: -9044, e: -9096, error: 227
#ERR  p: [433, 1485], r: -9054, e: -9103, error: 228
#ERR  p: [433, 1486], r: -9064, e: -9113, error: 229
#ERR  p: [433, 1487], r: -9074, e: -9121, error: 230
#ERR  p: [433, 1488], r: -9084, e: -9131, error: 231
#ERR  p: [433, 1489], r: -9094, e: -9139, error: 232
#ERR  p: [433, 1490], r: -9104, e: -9148, error: 233
#ERR  p: [433, 1491], r: -9114, e: -9158, error: 234
#ERR  p: [433, 1492], r: -9124, e: -9168, error: 235
#ERR  p: [433, 1493], r: -9134, e: -9178, error: 236
#ERR  p: [433, 1494], r: -9144, e: -9188, error: 237
#ERR  p: [433, 1495], r: -9154, e: -9194, error: 238
#ERR  p: [433, 1496], r: -9164, e: -9200, error: 239
#ERR  p: [433, 1497], r: -9174, e: -9210, error: 240
#ERR  p: [433, 1498], r: -9184, e: -9220, error: 241
#ERR  p: [433, 1499], r: -9194, e: -9230, error: 242
#ERR  p: [433, 1500], r: -9204, e: -9240, error: 243
#ERR  p: [433, 1501], r: -9214, e: -9250, error: 244
#ERR  p: [433, 1502], r: -9224, e: -9260, error: 245
#ERR  p: [433, 1503], r: -9234, e: -9270, error: 246
#ERR  p: [433, 1504], r: -9244, e: -9280, error: 247
#ERR  p: [433, 1505], r: -9254, e: -9290, error: 248
#ERR  p: [433, 1506], r: -9264, e: -9300, error: 249
#ERR  p: [433, 1507], r: -9274, e: -9310, error: 250
#ERR  p: [433, 1508], r: -9284, e: -9320, error: 251
#ERR  p: [433, 1509], r: -9294, e: -9330, error: 252
#ERR  p: [433, 1510], r: -9304, e: -9340, error: 253
#ERR  p: [433, 1511], r: -9314, e: -9350, error: 254
#ERR  p: [433, 1512], r: -9324, e: -9345, error: 255
#ERR  p: [433, 1513], r: -9334, e: -9350, error: 256
#ERR  p: [433, 1514], r: -9344, e: -9360, error: 257
#ERR  p: [433, 1515], r: -9354, e: -9369, error: 258
#ERR  p: [433, 1516], r: -9364, e: -9376, error: 259
#ERR  p: [433, 1517], r: -9374, e: -9386, error: 260
#ERR  p: [433, 1518], r: -9384, e: -9396, error: 261
#ERR  p: [433, 1519], r: -9394, e: -9406, error: 262
#ERR  p: [433, 1520], r: -9404, e: -9416, error: 263
#ERR  p: [433, 1521], r: -9414, e: -9426, error: 264
#ERR  p: [433, 1522], r: -9424, e: -9436, error: 265
#ERR  p: [433, 1523], r: -9434, e: -9446, error: 266
#ERR  p: [433, 1524], r: -9444, e: -9456, error: 267
#ERR  p: [433, 1525], r: -9454, e: -9466, error: 268
#ERR  p: [433, 1526], r: -9464, e: -9476, error: 269
#ERR  p: [433, 1527], r: -9474, e: -9486, error: 270
#ERR  p: [433, 1528], r: -9484, e: -9496, error: 271
#ERR  p: [433, 1529], r: -9494, e: -9506, error: 272
#ERR  p: [433, 1530], r: -9504, e: -9515, error: 273
#ERR  p: [433, 1531], r: -9514, e: -9525, error: 274
#ERR  p: [433, 1532], r: -9524, e: -9535, error: 275
#ERR  p: [433, 1533], r: -9534, e: -9545, error: 276
#ERR  p: [433, 1534], r: -9544, e: -9552, error: 277
#ERR  p: [433, 1535], r: -9554, e: -9562, error: 278
#ERR  p: [433, 1536], r: -9564, e: -9572, error: 279
#ERR  p: [433, 1537], r: -9574, e: -9582, error: 280
#ERR  p: [433, 1538], r: -9584, e: -9592, error: 281
#ERR  p: [433, 1539], r: -9594, e: -9597, error: 282
#ERR  p: [434, 1249], r: -6740, e: -6836, error: 283
#ERR  p: [434, 1250], r: -6750, e: -6846, error: 284
#ERR  p: [434, 1251], r: -6760, e: -6856, error: 285
#ERR  p: [434, 1252], r: -6770, e: -6866, error: 286
#ERR  p: [434, 1253], r: -6780, e: -6876, error: 287
#ERR  p: [434, 1254], r: -6790, e: -6886, error: 288
#ERR  p: [434, 1255], r: -6800, e: -6889, error: 289
#ERR  p: [434, 1256], r: -6810, e: -6899, error: 290
#ERR  p: [434, 1257], r: -6820, e: -6909, error: 291
#ERR  p: [434, 1258], r: -6811, e: -6919, error: 292
#ERR  p: [434, 1259], r: -6804, e: -6929, error: 293
#ERR  p: [434, 1260], r: -6795, e: -6939, error: 294
#ERR  p: [434, 1261], r: -6805, e: -6949, error: 295
#ERR  p: [434, 1262], r: -6815, e: -6959, error: 296
#ERR  p: [434, 1263], r: -6825, e: -6969, error: 297
#ERR  p: [434, 1264], r: -6835, e: -6979, error: 298
#ERR  p: [434, 1265], r: -6845, e: -6989, error: 299
#ERR  p: [434, 1266], r: -6855, e: -6999, error: 300
#ERR  p: [434, 1267], r: -6864, e: -7009, error: 301
#ERR  p: [434, 1268], r: -6874, e: -7019, error: 302
#ERR  p: [434, 1269], r: -6884, e: -7029, error: 303
#ERR  p: [434, 1270], r: -6894, e: -7039, error: 304
#ERR  p: [434, 1271], r: -6902, e: -7049, error: 305
#ERR  p: [434, 1272], r: -6912, e: -7059, error: 306
#ERR  p: [434, 1273], r: -6922, e: -7069, error: 307
#ERR  p: [434, 1274], r: -6932, e: -7079, error: 308
#ERR  p: [434, 1275], r: -6942, e: -7089, error: 309
#ERR  p: [434, 1276], r: -6952, e: -7099, error: 310
#ERR  p: [434, 1277], r: -6956, e: -7107, error: 311
#ERR  p: [434, 1278], r: -6966, e: -7117, error: 312
#ERR  p: [434, 1279], r: -6976, e: -7127, error: 313
#ERR  p: [434, 1280], r: -6986, e: -7137, error: 314
#ERR  p: [434, 1281], r: -6996, e: -7147, error: 315
#ERR  p: [434, 1282], r: -7006, e: -7157, error: 316
#ERR  p: [434, 1283], r: -7016, e: -7167, error: 317
#ERR  p: [434, 1284], r: -7026, e: -7177, error: 318
#ERR  p: [434, 1285], r: -7036, e: -7187, error: 319
#ERR  p: [434, 1286], r: -7046, e: -7197, error: 320
#ERR  p: [434, 1287], r: -7056, e: -7207, error: 321
#ERR  p: [434, 1288], r: -7066, e: -7217, error: 322
#ERR  p: [434, 1289], r: -7076, e: -7227, error: 323
#ERR  p: [434, 1290], r: -7086, e: -7237, error: 324
#ERR  p: [434, 1291], r: -7096, e: -7247, error: 325
#ERR  p: [434, 1292], r: -7106, e: -7257, error: 326
#ERR  p: [434, 1293], r: -7116, e: -7262, error: 327
#ERR  p: [434, 1294], r: -7126, e: -7272, error: 328
#ERR  p: [434, 1295], r: -7136, e: -7282, error: 329
#ERR  p: [434, 1296], r: -7146, e: -7292, error: 330
#ERR  p: [434, 1297], r: -7156, e: -7302, error: 331
#ERR  p: [434, 1298], r: -7166, e: -7312, error: 332
#ERR  p: [434, 1299], r: -7176, e: -7322, error: 333
#ERR  p: [434, 1300], r: -7186, e: -7332, error: 334
#ERR  p: [434, 1301], r: -7196, e: -7342, error: 335
#ERR  p: [434, 1302], r: -7206, e: -7352, error: 336
#ERR  p: [434, 1303], r: -7216, e: -7362, error: 337
#ERR  p: [434, 1304], r: -7226, e: -7370, error: 338
#ERR  p: [434, 1305], r: -7236, e: -7380, error: 339
#ERR  p: [434, 1306], r: -7246, e: -7390, error: 340
#ERR  p: [434, 1307], r: -7256, e: -7400, error: 341
#ERR  p: [434, 1308], r: -7266, e: -7410, error: 342
#ERR  p: [434, 1309], r: -7276, e: -7420, error: 343
#ERR  p: [434, 1310], r: -7286, e: -7429, error: 344
#ERR  p: [434, 1311], r: -7296, e: -7436, error: 345
#ERR  p: [434, 1312], r: -7306, e: -7446, error: 346
#ERR  p: [434, 1313], r: -7316, e: -7454, error: 347
#ERR  p: [434, 1314], r: -7326, e: -7464, error: 348
#ERR  p: [434, 1315], r: -7336, e: -7474, error: 349
#ERR  p: [434, 1316], r: -7346, e: -7484, error: 350
#ERR  p: [434, 1317], r: -7356, e: -7494, error: 351
#ERR  p: [434, 1318], r: -7366, e: -7504, error: 352
#ERR  p: [434, 1319], r: -7376, e: -7510, error: 353
#ERR  p: [434, 1320], r: -7386, e: -7518, error: 354
#ERR  p: [434, 1321], r: -7396, e: -7528, error: 355
#ERR  p: [434, 1322], r: -7406, e: -7535, error: 356
#ERR  p: [434, 1323], r: -7416, e: -7545, error: 357
#ERR  p: [434, 1324], r: -7426, e: -7555, error: 358
#ERR  p: [434, 1325], r: -7436, e: -7563, error: 359
#ERR  p: [434, 1326], r: -7446, e: -7573, error: 360
#ERR  p: [434, 1327], r: -7456, e: -7583, error: 361
#ERR  p: [434, 1328], r: -7466, e: -7593, error: 362
#ERR  p: [434, 1329], r: -7476, e: -7603, error: 363
#ERR  p: [434, 1330], r: -7486, e: -7613, error: 364
#ERR  p: [434, 1331], r: -7496, e: -7611, error: 365
#ERR  p: [434, 1332], r: -7506, e: -7617, error: 366
#ERR  p: [434, 1333], r: -7516, e: -7627, error: 367
#ERR  p: [434, 1334], r: -7526, e: -7633, error: 368
#ERR  p: [434, 1335], r: -7536, e: -7643, error: 369
#ERR  p: [434, 1336], r: -7546, e: -7645, error: 370
#ERR  p: [434, 1337], r: -7556, e: -7652, error: 371
#ERR  p: [434, 1338], r: -7566, e: -7662, error: 372
#ERR  p: [434, 1339], r: -7576, e: -7672, error: 373
#ERR  p: [434, 1340], r: -7586, e: -7680, error: 374
#ERR  p: [434, 1341], r: -7596, e: -7690, error: 375
#ERR  p: [434, 1342], r: -7606, e: -7700, error: 376
#ERR  p: [434, 1343], r: -7616, e: -7710, error: 377
#ERR  p: [434, 1344], r: -7626, e: -7720, error: 378
#ERR  p: [434, 1345], r: -7636, e: -7730, error: 379
#ERR  p: [434, 1346], r: -7646, e: -7740, error: 380
#ERR  p: [434, 1347], r: -7656, e: -7750, error: 381
#ERR  p: [434, 1348], r: -7666, e: -7758, error: 382
#ERR  p: [434, 1349], r: -7676, e: -7768, error: 383
#ERR  p: [434, 1350], r: -7686, e: -7778, error: 384
#ERR  p: [434, 1351], r: -7696, e: -7788, error: 385
#ERR  p: [434, 1352], r: -7706, e: -7798, error: 386
#ERR  p: [434, 1353], r: -7716, e: -7808, error: 387
#ERR  p: [434, 1354], r: -7726, e: -7818, error: 388
#ERR  p: [434, 1355], r: -7736, e: -7828, error: 389
#ERR  p: [434, 1356], r: -7746, e: -7838, error: 390
#ERR  p: [434, 1357], r: -7756, e: -7847, error: 391
#ERR  p: [434, 1358], r: -7766, e: -7856, error: 392
#ERR  p: [434, 1359], r: -7776, e: -7866, error: 393
#ERR  p: [434, 1360], r: -7786, e: -7876, error: 394
#ERR  p: [434, 1361], r: -7796, e: -7886, error: 395
#ERR  p: [434, 1362], r: -7806, e: -7896, error: 396
#ERR  p: [434, 1363], r: -7816, e: -7906, error: 397
#ERR  p: [434, 1364], r: -7826, e: -7908, error: 398
#ERR  p: [434, 1365], r: -7836, e: -7918, error: 399
#ERR  p: [434, 1366], r: -7846, e: -7928, error: 400
#ERR  p: [434, 1367], r: -7856, e: -7938, error: 401
#ERR  p: [434, 1368], r: -7866, e: -7948, error: 402
#ERR  p: [434, 1369], r: -7876, e: -7958, error: 403
#ERR  p: [434, 1370], r: -7886, e: -7968, error: 404
#ERR  p: [434, 1371], r: -7896, e: -7978, error: 405
#ERR  p: [434, 1372], r: -7906, e: -7988, error: 406
#ERR  p: [434, 1373], r: -7916, e: -7998, error: 407
#ERR  p: [434, 1374], r: -7926, e: -8008, error: 408
#ERR  p: [434, 1375], r: -7936, e: -8018, error: 409
#ERR  p: [434, 1376], r: -7946, e: -8028, error: 410
#ERR  p: [434, 1377], r: -7956, e: -8038, error: 411
#ERR  p: [434, 1378], r: -7966, e: -8048, error: 412
#ERR  p: [434, 1379], r: -7976, e: -8058, error: 413
#ERR  p: [434, 1380], r: -7986, e: -8068, error: 414
#ERR  p: [434, 1381], r: -7996, e: -8078, error: 415
#ERR  p: [434, 1382], r: -8006, e: -8088, error: 416
#ERR  p: [434, 1383], r: -8016, e: -8098, error: 417
#ERR  p: [434, 1384], r: -8026, e: -8108, error: 418
#ERR  p: [434, 1385], r: -8036, e: -8118, error: 419
#ERR  p: [434, 1386], r: -8046, e: -8122, error: 420
#ERR  p: [434, 1387], r: -8056, e: -8132, error: 421
#ERR  p: [434, 1388], r: -8066, e: -8142, error: 422
#ERR  p: [434, 1389], r: -8076, e: -8152, error: 423
#ERR  p: [434, 1390], r: -8086, e: -8162, error: 424
#ERR  p: [434, 1391], r: -8096, e: -8172, error: 425
#ERR  p: [434, 1392], r: -8106, e: -8182, error: 426
#ERR  p: [434, 1393], r: -8116, e: -8192, error: 427
#ERR  p: [434, 1394], r: -8126, e: -8202, error: 428
#ERR  p: [434, 1395], r: -8136, e: -8212, error: 429
#ERR  p: [434, 1396], r: -8146, e: -8222, error: 430
#ERR  p: [434, 1397], r: -8156, e: -8232, error: 431
#ERR  p: [434, 1398], r: -8166, e: -8242, error: 432
#ERR  p: [434, 1399], r: -8176, e: -8252, error: 433
#ERR  p: [434, 1400], r: -8186, e: -8262, error: 434
#ERR  p: [434, 1401], r: -8196, e: -8272, error: 435
#ERR  p: [434, 1402], r: -8206, e: -8282, error: 436
#ERR  p: [434, 1403], r: -8216, e: -8292, error: 437
#ERR  p: [434, 1404], r: -8226, e: -8302, error: 438
#ERR  p: [434, 1405], r: -8236, e: -8312, error: 439
#ERR  p: [434, 1406], r: -8246, e: -8322, error: 440
#ERR  p: [434, 1407], r: -8256, e: -8332, error: 441
#ERR  p: [434, 1408], r: -8266, e: -8342, error: 442
#ERR  p: [434, 1409], r: -8276, e: -8352, error: 443
#ERR  p: [434, 1410], r: -8286, e: -8362, error: 444
#ERR  p: [434, 1411], r: -8296, e: -8372, error: 445
#ERR  p: [434, 1412], r: -8306, e: -8382, error: 446
#ERR  p: [434, 1413], r: -8316, e: -8392, error: 447
#ERR  p: [434, 1414], r: -8326, e: -8402, error: 448
#ERR  p: [434, 1415], r: -8336, e: -8412, error: 449
#ERR  p: [434, 1416], r: -8346, e: -8422, error: 450
#ERR  p: [434, 1417], r: -8356, e: -8432, error: 451
#ERR  p: [434, 1418], r: -8366, e: -8442, error: 452
#ERR  p: [434, 1419], r: -8376, e: -8452, error: 453
#ERR  p: [434, 1420], r: -8386, e: -8462, error: 454
#ERR  p: [434, 1421], r: -8396, e: -8472, error: 455
#ERR  p: [434, 1422], r: -8406, e: -8482, error: 456
#ERR  p: [434, 1423], r: -8416, e: -8492, error: 457
#ERR  p: [434, 1424], r: -8426, e: -8502, error: 458
#ERR  p: [434, 1425], r: -8436, e: -8512, error: 459
#ERR  p: [434, 1426], r: -8446, e: -8522, error: 460
#ERR  p: [434, 1427], r: -8456, e: -8532, error: 461
#ERR  p: [434, 1428], r: -8466, e: -8542, error: 462
#ERR  p: [434, 1429], r: -8476, e: -8549, error: 463
#ERR  p: [434, 1430], r: -8486, e: -8559, error: 464
#ERR  p: [434, 1431], r: -8496, e: -8568, error: 465
#ERR  p: [434, 1432], r: -8506, e: -8578, error: 466
#ERR  p: [434, 1433], r: -8516, e: -8587, error: 467
#ERR  p: [434, 1434], r: -8526, e: -8593, error: 468
#ERR  p: [434, 1435], r: -8536, e: -8603, error: 469
#ERR  p: [434, 1436], r: -8546, e: -8613, error: 470
#ERR  p: [434, 1437], r: -8556, e: -8623, error: 471
#ERR  p: [434, 1438], r: -8566, e: -8632, error: 472
#ERR  p: [434, 1439], r: -8576, e: -8642, error: 473
#ERR  p: [434, 1440], r: -8586, e: -8652, error: 474
#ERR  p: [434, 1441], r: -8596, e: -8662, error: 475
#ERR  p: [434, 1442], r: -8606, e: -8671, error: 476
#ERR  p: [434, 1443], r: -8616, e: -8681, error: 477
#ERR  p: [434, 1444], r: -8626, e: -8689, error: 478
#ERR  p: [434, 1445], r: -8636, e: -8699, error: 479
#ERR  p: [434, 1446], r: -8646, e: -8706, error: 480
#ERR  p: [434, 1447], r: -8656, e: -8716, error: 481
#ERR  p: [434, 1448], r: -8666, e: -8726, error: 482
#ERR  p: [434, 1449], r: -8676, e: -8736, error: 483
#ERR  p: [434, 1450], r: -8686, e: -8746, error: 484
#ERR  p: [434, 1451], r: -8696, e: -8756, error: 485
#ERR  p: [434, 1452], r: -8706, e: -8766, error: 486
#ERR  p: [434, 1453], r: -8716, e: -8776, error: 487
#ERR  p: [434, 1454], r: -8726, e: -8786, error: 488
#ERR  p: [434, 1455], r: -8736, e: -8796, error: 489
#ERR  p: [434, 1456], r: -8746, e: -8806, error: 490
#ERR  p: [434, 1457], r: -8756, e: -8816, error: 491
#ERR  p: [434, 1458], r: -8766, e: -8824, error: 492
#ERR  p: [434, 1459], r: -8776, e: -8834, error: 493
#ERR  p: [434, 1460], r: -8786, e: -8844, error: 494
#ERR  p: [434, 1461], r: -8796, e: -8854, error: 495
#ERR  p: [434, 1462], r: -8806, e: -8864, error: 496
#ERR  p: [434, 1463], r: -8816, e: -8874, error: 497
#ERR  p: [434, 1464], r: -8826, e: -8884, error: 498
#ERR  p: [434, 1465], r: -8836, e: -8894, error: 499
#SDC Ite:0 KerTime:0.294148 AccTime:0.294148 KerErr:500 AccErr:500
#END