#HEADER max_rows:2048 max_cols:2048 penalty:10
#BEGIN Y:2016 M:09 D:07 Time:05:00:21
#IT Ite:0 KerTime:0.294904 AccTime:0.294904
#ERR Error detected! kerrors = 1037300
#ERR  p: [903, 161], r: -8251, e: -6797, error: 1
#ERR  p: [903, 162], r: -8244, e: -6786, error: 2
#ERR  p: [903, 163], r: -8233, e: -6769, error: 3
#ERR  p: [903, 164], r: -8219, e: -6755, error: 4
#ERR  p: [903, 165], r: -8204, e: -6742, error: 5
#ERR  p: [903, 166], r: -8195, e: -6737, error: 6
#ERR  p: [903, 167], r: -8383, e: -6725, error: 7
#ERR  p: [903, 168], r: -8372, e: -6711, error: 8
#ERR  p: [903, 169], r: -8358, e: -6697, error: 9
#ERR  p: [903, 170], r: -8346, e: -6684, error: 10
#ERR  p: [903, 171], r: -8124, e: -6673, error: 11
#ERR  p: [903, 172], r: -8114, e: -6657, error: 12
#ERR  p: [903, 173], r: -8100, e: -6636, error: 13
#ERR  p: [903, 174], r: -8091, e: -6623, error: 14
#ERR  p: [903, 175], r: -8073, e: -6613, error: 15
#ERR  p: [903, 176], r: -8060, e: -6600, error: 16
#ERR  p: [967, 97], r: 5, e: -8251, error: 17
#ERR  p: [967, 98], r: 4, e: -8244, error: 18
#ERR  p: [967, 99], r: 19, e: -8233, error: 19
#ERR  p: [967, 100], r: 0, e: -8219, error: 20
#ERR  p: [967, 101], r: 10, e: -8204, error: 21
#ERR  p: [967, 102], r: 13, e: -8195, error: 22
#ERR  p: [967, 103], r: 21, e: -8180, error: 23
#ERR  p: [967, 104], r: 22, e: -8165, error: 24
#ERR  p: [967, 105], r: 6, e: -8148, error: 25
#ERR  p: [967, 106], r: 13, e: -8138, error: 26
#ERR  p: [967, 107], r: 4, e: -8124, error: 27
#ERR  p: [967, 108], r: 0, e: -8114, error: 28
#ERR  p: [967, 109], r: 1, e: -8100, error: 29
#ERR  p: [967, 110], r: 14, e: -8091, error: 30
#ERR  p: [967, 111], r: 1, e: -8073, error: 31
#ERR  p: [967, 112], r: 14, e: -8060, error: 32
#ERR  p: [967, 113], r: 4, e: -8046, error: 33
#ERR  p: [967, 114], r: -6, e: -8033, error: 34
#ERR  p: [967, 115], r: -16, e: -8016, error: 35
#ERR  p: [967, 116], r: -26, e: -8005, error: 36
#ERR  p: [967, 117], r: -36, e: -7985, error: 37
#ERR  p: [967, 118], r: -46, e: -7975, error: 38
#ERR  p: [967, 119], r: -56, e: -7959, error: 39
#ERR  p: [967, 120], r: -66, e: -7948, error: 40
#ERR  p: [967, 121], r: -76, e: -7936, error: 41
#ERR  p: [967, 122], r: -86, e: -7927, error: 42
#ERR  p: [967, 123], r: -96, e: -7913, error: 43
#ERR  p: [967, 124], r: -106, e: -7900, error: 44
#ERR  p: [967, 125], r: -116, e: -7884, error: 45
#ERR  p: [967, 126], r: -126, e: -7867, error: 46
#ERR  p: [967, 127], r: -136, e: -7856, error: 47
#ERR  p: [967, 128], r: -146, e: -7841, error: 48
#ERR  p: [967, 129], r: -156, e: -7826, error: 49
#ERR  p: [967, 130], r: -166, e: -7817, error: 50
#ERR  p: [967, 131], r: -176, e: -7802, error: 51
#ERR  p: [967, 132], r: -186, e: -7786, error: 52
#ERR  p: [967, 133], r: -196, e: -7774, error: 53
#ERR  p: [967, 134], r: -206, e: -7764, error: 54
#ERR  p: [967, 135], r: -216, e: -7749, error: 55
#ERR  p: [967, 136], r: -226, e: -7738, error: 56
#ERR  p: [967, 137], r: -236, e: -7724, error: 57
#ERR  p: [967, 138], r: -246, e: -7710, error: 58
#ERR  p: [967, 139], r: -256, e: -7696, error: 59
#ERR  p: [967, 140], r: -266, e: -7682, error: 60
#ERR  p: [967, 141], r: -276, e: -7671, error: 61
#ERR  p: [967, 142], r: -286, e: -7661, error: 62
#ERR  p: [967, 143], r: -296, e: -7649, error: 63
#ERR  p: [967, 144], r: -306, e: -7637, error: 64
#ERR  p: [967, 145], r: -316, e: -7626, error: 65
#ERR  p: [967, 146], r: -326, e: -7612, error: 66
#ERR  p: [967, 147], r: -336, e: -7597, error: 67
#ERR  p: [967, 148], r: -346, e: -7583, error: 68
#ERR  p: [967, 149], r: -356, e: -7573, error: 69
#ERR  p: [967, 150], r: -366, e: -7557, error: 70
#ERR  p: [967, 151], r: -376, e: -7547, error: 71
#ERR  p: [967, 152], r: -386, e: -7534, error: 72
#ERR  p: [967, 153], r: -396, e: -7524, error: 73
#ERR  p: [967, 154], r: -406, e: -7512, error: 74
#ERR  p: [967, 155], r: -416, e: -7497, error: 75
#ERR  p: [967, 156], r: -426, e: -7495, error: 76
#ERR  p: [967, 157], r: -436, e: -7484, error: 77
#ERR  p: [967, 158], r: -446, e: -7473, error: 78
#ERR  p: [967, 159], r: -456, e: -7461, error: 79
#ERR  p: [967, 160], r: -466, e: -7448, error: 80
#ERR  p: [967, 161], r: -476, e: -7427, error: 81
#ERR  p: [967, 162], r: -486, e: -7413, error: 82
#ERR  p: [967, 163], r: -496, e: -7399, error: 83
#ERR  p: [967, 164], r: -506, e: -7388, error: 84
#ERR  p: [967, 165], r: -516, e: -7376, error: 85
#ERR  p: [967, 166], r: -526, e: -7365, error: 86
#ERR  p: [967, 167], r: -536, e: -7349, error: 87
#ERR  p: [967, 168], r: -546, e: -7335, error: 88
#ERR  p: [967, 169], r: -556, e: -7321, error: 89
#ERR  p: [967, 170], r: -566, e: -7306, error: 90
#ERR  p: [967, 171], r: -576, e: -7292, error: 91
#ERR  p: [967, 172], r: -586, e: -7276, error: 92
#ERR  p: [967, 173], r: -596, e: -7255, error: 93
#ERR  p: [967, 174], r: -606, e: -7244, error: 94
#ERR  p: [967, 175], r: -616, e: -7232, error: 95
#ERR  p: [967, 176], r: -626, e: -7221, error: 96
#ERR  p: [967, 177], r: -636, e: -7211, error: 97
#ERR  p: [967, 178], r: -646, e: -7201, error: 98
#ERR  p: [967, 179], r: -656, e: -7190, error: 99
#ERR  p: [967, 180], r: -666, e: -7180, error: 100
#ERR  p: [967, 181], r: -676, e: -7165, error: 101
#ERR  p: [967, 182], r: -686, e: -7151, error: 102
#ERR  p: [967, 183], r: -696, e: -7139, error: 103
#ERR  p: [967, 184], r: -706, e: -7128, error: 104
#ERR  p: [967, 185], r: -716, e: -7115, error: 105
#ERR  p: [967, 186], r: -726, e: -7104, error: 106
#ERR  p: [967, 187], r: -736, e: -7093, error: 107
#ERR  p: [967, 188], r: -746, e: -7080, error: 108
#ERR  p: [967, 189], r: -756, e: -7064, error: 109
#ERR  p: [967, 190], r: -766, e: -7050, error: 110
#ERR  p: [967, 191], r: -776, e: -7035, error: 111
#ERR  p: [967, 192], r: -786, e: -7027, error: 112
#ERR  p: [967, 193], r: -796, e: -7014, error: 113
#ERR  p: [967, 194], r: -806, e: -6999, error: 114
#ERR  p: [967, 195], r: -816, e: -6985, error: 115
#ERR  p: [967, 196], r: -826, e: -6970, error: 116
#ERR  p: [967, 197], r: -836, e: -6955, error: 117
#ERR  p: [967, 198], r: -846, e: -6941, error: 118
#ERR  p: [967, 199], r: -856, e: -6927, error: 119
#ERR  p: [967, 200], r: -866, e: -6916, error: 120
#ERR  p: [967, 201], r: -876, e: -6908, error: 121
#ERR  p: [967, 202], r: -886, e: -6897, error: 122
#ERR  p: [967, 203], r: -896, e: -6880, error: 123
#ERR  p: [967, 204], r: -906, e: -6865, error: 124
#ERR  p: [967, 205], r: -916, e: -6859, error: 125
#ERR  p: [967, 206], r: -926, e: -6848, error: 126
#ERR  p: [967, 207], r: -936, e: -6834, error: 127
#ERR  p: [967, 208], r: -946, e: -6825, error: 128
#ERR  p: [967, 209], r: -956, e: -6815, error: 129
#ERR  p: [967, 210], r: -966, e: -6804, error: 130
#ERR  p: [967, 211], r: -976, e: -6790, error: 131
#ERR  p: [967, 212], r: -986, e: -6784, error: 132
#ERR  p: [967, 213], r: -996, e: -6767, error: 133
#ERR  p: [967, 214], r: -1006, e: -6756, error: 134
#ERR  p: [967, 215], r: -1016, e: -6746, error: 135
#ERR  p: [967, 216], r: -1026, e: -6732, error: 136
#ERR  p: [967, 217], r: -1036, e: -6718, error: 137
#ERR  p: [967, 218], r: -1046, e: -6709, error: 138
#ERR  p: [967, 219], r: -1056, e: -6698, error: 139
#ERR  p: [967, 220], r: -1066, e: -6696, error: 140
#ERR  p: [967, 221], r: -1076, e: -6689, error: 141
#ERR  p: [967, 222], r: -1086, e: -6677, error: 142
#ERR  p: [967, 223], r: -1096, e: -6665, error: 143
#ERR  p: [967, 224], r: -1106, e: -6651, error: 144
#ERR  p: [967, 225], r: -1116, e: -6637, error: 145
#ERR  p: [967, 226], r: -1126, e: -6626, error: 146
#ERR  p: [967, 227], r: -1136, e: -6615, error: 147
#ERR  p: [967, 228], r: -1146, e: -6606, error: 148
#ERR  p: [967, 229], r: -1156, e: -6599, error: 149
#ERR  p: [967, 230], r: -1166, e: -6587, error: 150
#ERR  p: [967, 231], r: -1176, e: -6575, error: 151
#ERR  p: [967, 232], r: -1186, e: -6561, error: 152
#ERR  p: [967, 233], r: -1196, e: -6547, error: 153
#ERR  p: [967, 234], r: -1206, e: -6532, error: 154
#ERR  p: [967, 235], r: -1216, e: -6523, error: 155
#ERR  p: [967, 236], r: -1226, e: -6508, error: 156
#ERR  p: [967, 237], r: -1236, e: -6505, error: 157
#ERR  p: [967, 238], r: -1246, e: -6501, error: 158
#ERR  p: [967, 239], r: -1256, e: -6488, error: 159
#ERR  p: [967, 240], r: -1266, e: -6472, error: 160
#ERR  p: [967, 241], r: -1276, e: -6460, error: 161
#ERR  p: [967, 242], r: -1286, e: -6451, error: 162
#ERR  p: [967, 243], r: -1296, e: -6443, error: 163
#ERR  p: [967, 244], r: -1306, e: -6429, error: 164
#ERR  p: [967, 245], r: -1316, e: -6423, error: 165
#ERR  p: [967, 246], r: -1326, e: -6409, error: 166
#ERR  p: [967, 247], r: -1336, e: -6398, error: 167
#ERR  p: [967, 248], r: -1346, e: -6385, error: 168
#ERR  p: [967, 249], r: -1356, e: -6373, error: 169
#ERR  p: [967, 250], r: -1366, e: -6366, error: 170
#ERR  p: [967, 251], r: -1376, e: -6352, error: 171
#ERR  p: [967, 252], r: -1386, e: -6342, error: 172
#ERR  p: [967, 253], r: -1396, e: -6330, error: 173
#ERR  p: [967, 254], r: -1406, e: -6317, error: 174
#ERR  p: [967, 255], r: -1416, e: -6302, error: 175
#ERR  p: [967, 256], r: -1426, e: -6292, error: 176
#ERR  p: [967, 257], r: -1436, e: -6281, error: 177
#ERR  p: [967, 258], r: -1446, e: -6269, error: 178
#ERR  p: [967, 259], r: -1456, e: -6255, error: 179
#ERR  p: [967, 260], r: -1466, e: -6240, error: 180
#ERR  p: [967, 261], r: -1476, e: -6225, error: 181
#ERR  p: [967, 262], r: -1486, e: -6209, error: 182
#ERR  p: [967, 263], r: -1496, e: -6195, error: 183
#ERR  p: [967, 264], r: -1506, e: -6185, error: 184
#ERR  p: [967, 265], r: -1516, e: -6173, error: 185
#ERR  p: [967, 266], r: -1526, e: -6160, error: 186
#ERR  p: [967, 267], r: -1536, e: -6148, error: 187
#ERR  p: [967, 268], r: -1546, e: -6137, error: 188
#ERR  p: [967, 269], r: -1556, e: -6131, error: 189
#ERR  p: [967, 270], r: -1566, e: -6120, error: 190
#ERR  p: [967, 271], r: -1576, e: -6115, error: 191
#ERR  p: [967, 272], r: -1586, e: -6105, error: 192
#ERR  p: [967, 273], r: -1596, e: -6095, error: 193
#ERR  p: [967, 274], r: -1606, e: -6084, error: 194
#ERR  p: [967, 275], r: -1616, e: -6073, error: 195
#ERR  p: [967, 276], r: -1626, e: -6066, error: 196
#ERR  p: [967, 277], r: -1636, e: -6050, error: 197
#ERR  p: [967, 278], r: -1646, e: -6038, error: 198
#ERR  p: [967, 279], r: -1656, e: -6029, error: 199
#ERR  p: [967, 280], r: -1666, e: -6020, error: 200
#ERR  p: [967, 281], r: -1676, e: -6005, error: 201
#ERR  p: [967, 282], r: -1686, e: -5995, error: 202
#ERR  p: [967, 283], r: -1696, e: -5985, error: 203
#ERR  p: [967, 284], r: -1706, e: -5972, error: 204
#ERR  p: [967, 285], r: -1716, e: -5958, error: 205
#ERR  p: [967, 286], r: -1726, e: -5946, error: 206
#ERR  p: [967, 287], r: -1736, e: -5936, error: 207
#ERR  p: [967, 288], r: -1746, e: -5926, error: 208
#ERR  p: [967, 289], r: -1756, e: -5916, error: 209
#ERR  p: [967, 290], r: -1766, e: -5907, error: 210
#ERR  p: [967, 291], r: -1776, e: -5896, error: 211
#ERR  p: [967, 292], r: -1786, e: -5887, error: 212
#ERR  p: [967, 293], r: -1796, e: -5874, error: 213
#ERR  p: [967, 294], r: -1806, e: -5861, error: 214
#ERR  p: [967, 295], r: -1816, e: -5850, error: 215
#ERR  p: [967, 296], r: -1826, e: -5840, error: 216
#ERR  p: [967, 297], r: -1836, e: -5832, error: 217
#ERR  p: [967, 298], r: -1846, e: -5820, error: 218
#ERR  p: [967, 299], r: -1856, e: -5810, error: 219
#ERR  p: [967, 300], r: -1866, e: -5801, error: 220
#ERR  p: [967, 301], r: -1876, e: -5790, error: 221
#ERR  p: [967, 302], r: -1886, e: -5783, error: 222
#ERR  p: [967, 303], r: -1896, e: -5769, error: 223
#ERR  p: [967, 304], r: -1906, e: -5757, error: 224
#ERR  p: [967, 305], r: -1916, e: -5745, error: 225
#ERR  p: [967, 306], r: -1926, e: -5732, error: 226
#ERR  p: [967, 307], r: -1936, e: -5719, error: 227
#ERR  p: [967, 308], r: -1946, e: -5707, error: 228
#ERR  p: [967, 309], r: -1956, e: -5694, error: 229
#ERR  p: [967, 310], r: -1966, e: -5683, error: 230
#ERR  p: [967, 311], r: -1976, e: -5670, error: 231
#ERR  p: [967, 312], r: -1986, e: -5656, error: 232
#ERR  p: [967, 313], r: -1996, e: -5645, error: 233
#ERR  p: [967, 314], r: -2006, e: -5634, error: 234
#ERR  p: [967, 315], r: -2016, e: -5622, error: 235
#ERR  p: [967, 316], r: -2026, e: -5610, error: 236
#ERR  p: [967, 317], r: -2036, e: -5602, error: 237
#ERR  p: [967, 318], r: -2046, e: -5590, error: 238
#ERR  p: [967, 319], r: -2056, e: -5575, error: 239
#ERR  p: [967, 320], r: -2066, e: -5563, error: 240
#ERR  p: [967, 321], r: -2076, e: -5554, error: 241
#ERR  p: [967, 322], r: -2086, e: -5546, error: 242
#ERR  p: [967, 323], r: -2096, e: -5536, error: 243
#ERR  p: [967, 324], r: -2106, e: -5529, error: 244
#ERR  p: [967, 325], r: -2116, e: -5520, error: 245
#ERR  p: [967, 326], r: -2126, e: -5506, error: 246
#ERR  p: [967, 327], r: -2136, e: -5495, error: 247
#ERR  p: [967, 328], r: -2146, e: -5485, error: 248
#ERR  p: [967, 329], r: -2156, e: -5471, error: 249
#ERR  p: [967, 330], r: -2166, e: -5468, error: 250
#ERR  p: [967, 331], r: -2176, e: -5457, error: 251
#ERR  p: [967, 332], r: -2186, e: -5450, error: 252
#ERR  p: [967, 333], r: -2196, e: -5440, error: 253
#ERR  p: [967, 334], r: -2206, e: -5423, error: 254
#ERR  p: [967, 335], r: -2216, e: -5413, error: 255
#ERR  p: [967, 336], r: -2226, e: -5402, error: 256
#ERR  p: [967, 337], r: -2236, e: -5393, error: 257
#ERR  p: [967, 338], r: -2246, e: -5381, error: 258
#ERR  p: [967, 339], r: -2256, e: -5367, error: 259
#ERR  p: [967, 340], r: -2266, e: -5350, error: 260
#ERR  p: [967, 341], r: -2276, e: -5334, error: 261
#ERR  p: [967, 342], r: -2286, e: -5324, error: 262
#ERR  p: [967, 343], r: -2296, e: -5313, error: 263
#ERR  p: [967, 344], r: -2306, e: -5299, error: 264
#ERR  p: [967, 345], r: -2316, e: -5288, error: 265
#ERR  p: [967, 346], r: -2326, e: -5279, error: 266
#ERR  p: [967, 347], r: -2336, e: -5270, error: 267
#ERR  p: [967, 348], r: -2346, e: -5259, error: 268
#ERR  p: [967, 349], r: -2356, e: -5244, error: 269
#ERR  p: [967, 350], r: -2366, e: -5235, error: 270
#ERR  p: [967, 351], r: -2376, e: -5224, error: 271
#ERR  p: [967, 352], r: -2386, e: -5214, error: 272
#ERR  p: [967, 353], r: -2396, e: -5210, error: 273
#ERR  p: [967, 354], r: -2406, e: -5193, error: 274
#ERR  p: [967, 355], r: -2416, e: -5184, error: 275
#ERR  p: [967, 356], r: -2426, e: -5170, error: 276
#ERR  p: [967, 357], r: -2436, e: -5160, error: 277
#ERR  p: [967, 358], r: -2446, e: -5151, error: 278
#ERR  p: [967, 359], r: -2456, e: -5142, error: 279
#ERR  p: [967, 360], r: -2466, e: -5128, error: 280
#ERR  p: [967, 361], r: -2476, e: -5117, error: 281
#ERR  p: [967, 362], r: -2486, e: -5104, error: 282
#ERR  p: [967, 363], r: -2496, e: -5093, error: 283
#ERR  p: [967, 364], r: -2506, e: -5084, error: 284
#ERR  p: [967, 365], r: -2516, e: -5073, error: 285
#ERR  p: [967, 366], r: -2526, e: -5065, error: 286
#ERR  p: [967, 367], r: -2536, e: -5062, error: 287
#ERR  p: [967, 368], r: -2546, e: -5055, error: 288
#ERR  p: [967, 369], r: -2556, e: -5044, error: 289
#ERR  p: [967, 370], r: -2566, e: -5034, error: 290
#ERR  p: [967, 371], r: -2576, e: -5023, error: 291
#ERR  p: [967, 372], r: -2586, e: -5012, error: 292
#ERR  p: [967, 373], r: -2596, e: -5003, error: 293
#ERR  p: [967, 374], r: -2606, e: -4989, error: 294
#ERR  p: [967, 375], r: -2616, e: -4973, error: 295
#ERR  p: [967, 376], r: -2626, e: -4959, error: 296
#ERR  p: [967, 377], r: -2636, e: -4950, error: 297
#ERR  p: [967, 378], r: -2646, e: -4938, error: 298
#ERR  p: [967, 379], r: -2656, e: -4930, error: 299
#ERR  p: [967, 380], r: -2666, e: -4919, error: 300
#ERR  p: [967, 381], r: -2676, e: -4912, error: 301
#ERR  p: [967, 382], r: -2686, e: -4905, error: 302
#ERR  p: [967, 383], r: -2696, e: -4901, error: 303
#ERR  p: [967, 384], r: -2706, e: -4897, error: 304
#ERR  p: [967, 385], r: -2716, e: -4888, error: 305
#ERR  p: [967, 386], r: -2726, e: -4881, error: 306
#ERR  p: [967, 387], r: -2736, e: -4868, error: 307
#ERR  p: [967, 388], r: -2746, e: -4858, error: 308
#ERR  p: [967, 389], r: -2756, e: -4850, error: 309
#ERR  p: [967, 390], r: -2766, e: -4840, error: 310
#ERR  p: [967, 391], r: -2776, e: -4829, error: 311
#ERR  p: [967, 392], r: -2786, e: -4822, error: 312
#ERR  p: [967, 393], r: -2796, e: -4813, error: 313
#ERR  p: [967, 394], r: -2806, e: -4802, error: 314
#ERR  p: [967, 395], r: -2816, e: -4797, error: 315
#ERR  p: [967, 396], r: -2826, e: -4784, error: 316
#ERR  p: [967, 397], r: -2836, e: -4771, error: 317
#ERR  p: [967, 398], r: -2846, e: -4760, error: 318
#ERR  p: [967, 399], r: -2856, e: -4750, error: 319
#ERR  p: [967, 400], r: -2866, e: -4739, error: 320
#ERR  p: [967, 401], r: -2876, e: -4730, error: 321
#ERR  p: [967, 402], r: -2886, e: -4722, error: 322
#ERR  p: [967, 403], r: -2896, e: -4708, error: 323
#ERR  p: [967, 404], r: -2906, e: -4691, error: 324
#ERR  p: [967, 405], r: -2916, e: -4679, error: 325
#ERR  p: [967, 406], r: -2926, e: -4673, error: 326
#ERR  p: [967, 407], r: -2936, e: -4658, error: 327
#ERR  p: [967, 408], r: -2946, e: -4650, error: 328
#ERR  p: [967, 409], r: -2956, e: -4639, error: 329
#ERR  p: [967, 410], r: -2966, e: -4635, error: 330
#ERR  p: [967, 411], r: -2976, e: -4624, error: 331
#ERR  p: [967, 412], r: -2986, e: -4626, error: 332
#ERR  p: [967, 413], r: -2996, e: -4616, error: 333
#ERR  p: [967, 414], r: -3006, e: -4611, error: 334
#ERR  p: [967, 415], r: -3016, e: -4602, error: 335
#ERR  p: [967, 416], r: -3026, e: -4594, error: 336
#ERR  p: [967, 417], r: -3036, e: -4583, error: 337
#ERR  p: [967, 418], r: -3046, e: -4572, error: 338
#ERR  p: [967, 419], r: -3056, e: -4561, error: 339
#ERR  p: [967, 420], r: -3066, e: -4554, error: 340
#ERR  p: [967, 421], r: -3076, e: -4543, error: 341
#ERR  p: [967, 422], r: -3086, e: -4534, error: 342
#ERR  p: [967, 423], r: -3096, e: -4525, error: 343
#ERR  p: [967, 424], r: -3106, e: -4515, error: 344
#ERR  p: [967, 425], r: -3116, e: -4504, error: 345
#ERR  p: [967, 426], r: -3126, e: -4494, error: 346
#ERR  p: [967, 427], r: -3136, e: -4482, error: 347
#ERR  p: [967, 428], r: -3146, e: -4467, error: 348
#ERR  p: [967, 429], r: -3156, e: -4463, error: 349
#ERR  p: [967, 430], r: -3166, e: -4454, error: 350
#ERR  p: [967, 431], r: -3176, e: -4445, error: 351
#ERR  p: [967, 432], r: -3186, e: -4435, error: 352
#ERR  p: [967, 433], r: -3196, e: -4420, error: 353
#ERR  p: [967, 434], r: -3206, e: -4416, error: 354
#ERR  p: [967, 435], r: -3216, e: -4402, error: 355
#ERR  p: [967, 436], r: -3226, e: -4390, error: 356
#ERR  p: [967, 437], r: -3236, e: -4380, error: 357
#ERR  p: [967, 438], r: -3246, e: -4367, error: 358
#ERR  p: [967, 439], r: -3256, e: -4353, error: 359
#ERR  p: [967, 440], r: -3266, e: -4345, error: 360
#ERR  p: [967, 441], r: -3276, e: -4339, error: 361
#ERR  p: [967, 442], r: -3286, e: -4333, error: 362
#ERR  p: [967, 443], r: -3296, e: -4324, error: 363
#ERR  p: [967, 444], r: -3306, e: -4315, error: 364
#ERR  p: [967, 445], r: -3316, e: -4301, error: 365
#ERR  p: [967, 446], r: -3326, e: -4293, error: 366
#ERR  p: [967, 447], r: -3336, e: -4291, error: 367
#ERR  p: [967, 448], r: -3346, e: -4279, error: 368
#ERR  p: [967, 449], r: -3356, e: -4269, error: 369
#ERR  p: [967, 450], r: -3366, e: -4257, error: 370
#ERR  p: [967, 451], r: -3376, e: -4244, error: 371
#ERR  p: [967, 452], r: -3386, e: -4232, error: 372
#ERR  p: [967, 453], r: -3396, e: -4225, error: 373
#ERR  p: [967, 454], r: -3406, e: -4204, error: 374
#ERR  p: [967, 455], r: -3416, e: -4194, error: 375
#ERR  p: [967, 456], r: -3426, e: -4180, error: 376
#ERR  p: [967, 457], r: -3436, e: -4171, error: 377
#ERR  p: [967, 458], r: -3446, e: -4159, error: 378
#ERR  p: [967, 459], r: -3456, e: -4158, error: 379
#ERR  p: [967, 460], r: -3466, e: -4150, error: 380
#ERR  p: [967, 461], r: -3476, e: -4141, error: 381
#ERR  p: [967, 462], r: -3486, e: -4126, error: 382
#ERR  p: [967, 463], r: -3496, e: -4125, error: 383
#ERR  p: [967, 464], r: -3506, e: -4115, error: 384
#ERR  p: [967, 465], r: -3516, e: -4109, error: 385
#ERR  p: [967, 466], r: -3526, e: -4100, error: 386
#ERR  p: [967, 467], r: -3536, e: -4089, error: 387
#ERR  p: [967, 468], r: -3546, e: -4082, error: 388
#ERR  p: [967, 469], r: -3556, e: -4077, error: 389
#ERR  p: [967, 470], r: -3566, e: -4062, error: 390
#ERR  p: [967, 471], r: -3576, e: -4051, error: 391
#ERR  p: [967, 472], r: -3586, e: -4042, error: 392
#ERR  p: [967, 473], r: -3596, e: -4027, error: 393
#ERR  p: [967, 474], r: -3606, e: -4018, error: 394
#ERR  p: [967, 475], r: -3616, e: -4007, error: 395
#ERR  p: [967, 476], r: -3626, e: -3993, error: 396
#ERR  p: [967, 477], r: -3636, e: -3984, error: 397
#ERR  p: [967, 478], r: -3646, e: -3976, error: 398
#ERR  p: [967, 479], r: -3656, e: -3962, error: 399
#ERR  p: [967, 480], r: -3666, e: -3951, error: 400
#ERR  p: [967, 481], r: -3676, e: -3943, error: 401
#ERR  p: [967, 482], r: -3686, e: -3935, error: 402
#ERR  p: [967, 483], r: -3696, e: -3920, error: 403
#ERR  p: [967, 484], r: -3706, e: -3911, error: 404
#ERR  p: [967, 485], r: -3716, e: -3901, error: 405
#ERR  p: [967, 486], r: -3726, e: -3886, error: 406
#ERR  p: [967, 487], r: -3736, e: -3875, error: 407
#ERR  p: [967, 488], r: -3746, e: -3866, error: 408
#ERR  p: [967, 489], r: -3756, e: -3855, error: 409
#ERR  p: [967, 490], r: -3766, e: -3852, error: 410
#ERR  p: [967, 491], r: -3776, e: -3847, error: 411
#ERR  p: [967, 492], r: -3786, e: -3841, error: 412
#ERR  p: [967, 493], r: -3796, e: -3820, error: 413
#ERR  p: [967, 494], r: -3806, e: -3809, error: 414
#ERR  p: [968, 103], r: -8194, e: -8190, error: 415
#ERR  p: [968, 104], r: -8204, e: -8175, error: 416
#ERR  p: [968, 105], r: -8214, e: -8158, error: 417
#ERR  p: [968, 106], r: -8356, e: -8148, error: 418
#ERR  p: [968, 113], r: 18, e: -8056, error: 419
#ERR  p: [968, 114], r: 8, e: -8043, error: 420
#ERR  p: [968, 115], r: -2, e: -8026, error: 421
#ERR  p: [968, 116], r: -12, e: -8015, error: 422
#ERR  p: [968, 117], r: -22, e: -7995, error: 423
#ERR  p: [968, 118], r: -32, e: -7985, error: 424
#ERR  p: [968, 119], r: -42, e: -7969, error: 425
#ERR  p: [968, 120], r: -52, e: -7958, error: 426
#ERR  p: [968, 121], r: -62, e: -7946, error: 427
#ERR  p: [968, 122], r: -72, e: -7937, error: 428
#ERR  p: [968, 123], r: -82, e: -7923, error: 429
#ERR  p: [968, 124], r: -92, e: -7910, error: 430
#ERR  p: [968, 125], r: -102, e: -7894, error: 431
#ERR  p: [968, 126], r: -112, e: -7877, error: 432
#ERR  p: [968, 127], r: -122, e: -7866, error: 433
#ERR  p: [968, 128], r: -132, e: -7851, error: 434
#ERR  p: [968, 129], r: -142, e: -7836, error: 435
#ERR  p: [968, 130], r: -152, e: -7826, error: 436
#ERR  p: [968, 131], r: -162, e: -7812, error: 437
#ERR  p: [968, 132], r: -172, e: -7796, error: 438
#ERR  p: [968, 133], r: -182, e: -7784, error: 439
#ERR  p: [968, 134], r: -192, e: -7774, error: 440
#ERR  p: [968, 135], r: -202, e: -7759, error: 441
#ERR  p: [968, 136], r: -212, e: -7748, error: 442
#ERR  p: [968, 137], r: -222, e: -7734, error: 443
#ERR  p: [968, 138], r: -232, e: -7720, error: 444
#ERR  p: [968, 139], r: -242, e: -7706, error: 445
#ERR  p: [968, 140], r: -252, e: -7692, error: 446
#ERR  p: [968, 141], r: -262, e: -7681, error: 447
#ERR  p: [968, 142], r: -272, e: -7671, error: 448
#ERR  p: [968, 143], r: -282, e: -7659, error: 449
#ERR  p: [968, 144], r: -292, e: -7647, error: 450
#ERR  p: [968, 145], r: -302, e: -7636, error: 451
#ERR  p: [968, 146], r: -312, e: -7622, error: 452
#ERR  p: [968, 147], r: -322, e: -7607, error: 453
#ERR  p: [968, 148], r: -332, e: -7593, error: 454
#ERR  p: [968, 149], r: -342, e: -7583, error: 455
#ERR  p: [968, 150], r: -352, e: -7567, error: 456
#ERR  p: [968, 151], r: -362, e: -7557, error: 457
#ERR  p: [968, 152], r: -372, e: -7544, error: 458
#ERR  p: [968, 153], r: -382, e: -7534, error: 459
#ERR  p: [968, 154], r: -392, e: -7520, error: 460
#ERR  p: [968, 155], r: -402, e: -7507, error: 461
#ERR  p: [968, 156], r: -412, e: -7500, error: 462
#ERR  p: [968, 157], r: -422, e: -7494, error: 463
#ERR  p: [968, 158], r: -432, e: -7483, error: 464
#ERR  p: [968, 159], r: -442, e: -7470, error: 465
#ERR  p: [968, 160], r: -452, e: -7458, error: 466
#ERR  p: [968, 161], r: -462, e: -7437, error: 467
#ERR  p: [968, 162], r: -472, e: -7423, error: 468
#ERR  p: [968, 163], r: -482, e: -7409, error: 469
#ERR  p: [968, 164], r: -492, e: -7398, error: 470
#ERR  p: [968, 165], r: -502, e: -7386, error: 471
#ERR  p: [968, 166], r: -512, e: -7375, error: 472
#ERR  p: [968, 167], r: -522, e: -7359, error: 473
#ERR  p: [968, 168], r: -532, e: -7345, error: 474
#ERR  p: [968, 169], r: -542, e: -7331, error: 475
#ERR  p: [968, 170], r: -552, e: -7316, error: 476
#ERR  p: [968, 171], r: -562, e: -7302, error: 477
#ERR  p: [968, 172], r: -572, e: -7286, error: 478
#ERR  p: [968, 173], r: -582, e: -7265, error: 479
#ERR  p: [968, 174], r: -592, e: -7254, error: 480
#ERR  p: [968, 175], r: -602, e: -7241, error: 481
#ERR  p: [968, 176], r: -612, e: -7231, error: 482
#ERR  p: [968, 177], r: -622, e: -7221, error: 483
#ERR  p: [968, 178], r: -632, e: -7211, error: 484
#ERR  p: [968, 179], r: -642, e: -7200, error: 485
#ERR  p: [968, 180], r: -652, e: -7190, error: 486
#ERR  p: [968, 181], r: -662, e: -7175, error: 487
#ERR  p: [968, 182], r: -672, e: -7161, error: 488
#ERR  p: [968, 183], r: -682, e: -7149, error: 489
#ERR  p: [968, 184], r: -692, e: -7138, error: 490
#ERR  p: [968, 185], r: -702, e: -7125, error: 491
#ERR  p: [968, 186], r: -712, e: -7114, error: 492
#ERR  p: [968, 187], r: -722, e: -7103, error: 493
#ERR  p: [968, 188], r: -732, e: -7090, error: 494
#ERR  p: [968, 189], r: -742, e: -7074, error: 495
#ERR  p: [968, 190], r: -752, e: -7060, error: 496
#ERR  p: [968, 191], r: -762, e: -7045, error: 497
#ERR  p: [968, 192], r: -772, e: -7036, error: 498
#ERR  p: [968, 193], r: -782, e: -7024, error: 499
#SDC Ite:0 KerTime:0.294904 AccTime:0.294904 KerErr:500 AccErr:500
#END