#HEADER max_rows:2048 max_cols:2048 penalty:10
#BEGIN Y:2016 M:09 D:07 Time:04:23:17
#IT Ite:0 KerTime:0.290601 AccTime:0.290601
#ERR Error detected! kerrors = 515568
#ERR  p: [878, 1200], r: -2278, e: -2386, error: 1
#ERR  p: [879, 1199], r: -2268, e: -2377, error: 2
#ERR  p: [880, 1198], r: -2258, e: -2366, error: 3
#ERR  p: [881, 1197], r: -2251, e: -2360, error: 4
#ERR  p: [882, 1196], r: -2251, e: -2346, error: 5
#ERR  p: [883, 1195], r: -2241, e: -2323, error: 6
#ERR  p: [884, 1194], r: -2231, e: -2298, error: 7
#ERR  p: [885, 1193], r: -2221, e: -2282, error: 8
#ERR  p: [886, 1192], r: -2211, e: -2270, error: 9
#ERR  p: [887, 1191], r: -2201, e: -2258, error: 10
#ERR  p: [888, 1190], r: -2196, e: -2238, error: 11
#ERR  p: [889, 1189], r: -2186, e: -2218, error: 12
#ERR  p: [890, 1188], r: -2176, e: -2201, error: 13
#ERR  p: [891, 1187], r: -2166, e: -2184, error: 14
#ERR  p: [892, 1186], r: -2160, e: -2168, error: 15
#ERR  p: [893, 1186], r: 2, e: -2160, error: 16
#ERR  p: [893, 1187], r: 16, e: -2166, error: 17
#ERR  p: [893, 1188], r: 2, e: -2176, error: 18
#ERR  p: [893, 1189], r: 21, e: -2186, error: 19
#ERR  p: [893, 1190], r: 17, e: -2196, error: 20
#ERR  p: [893, 1191], r: 0, e: -2201, error: 21
#ERR  p: [893, 1192], r: 0, e: -2211, error: 22
#ERR  p: [893, 1193], r: 17, e: -2221, error: 23
#ERR  p: [893, 1194], r: 23, e: -2231, error: 24
#ERR  p: [893, 1195], r: 3, e: -2241, error: 25
#ERR  p: [893, 1196], r: 20, e: -2251, error: 26
#ERR  p: [893, 1197], r: 6, e: -2251, error: 27
#ERR  p: [893, 1198], r: 22, e: -2258, error: 28
#ERR  p: [893, 1199], r: 6, e: -2268, error: 29
#ERR  p: [893, 1200], r: 6, e: -2278, error: 30
#ERR  p: [893, 1201], r: -4, e: -2288, error: 31
#ERR  p: [893, 1202], r: -14, e: -2298, error: 32
#ERR  p: [893, 1203], r: -24, e: -2308, error: 33
#ERR  p: [893, 1204], r: -34, e: -2318, error: 34
#ERR  p: [893, 1205], r: -44, e: -2320, error: 35
#ERR  p: [893, 1206], r: -54, e: -2327, error: 36
#ERR  p: [893, 1207], r: -64, e: -2336, error: 37
#ERR  p: [893, 1208], r: -74, e: -2346, error: 38
#ERR  p: [893, 1209], r: -84, e: -2354, error: 39
#ERR  p: [893, 1210], r: -94, e: -2353, error: 40
#ERR  p: [893, 1211], r: -104, e: -2363, error: 41
#ERR  p: [893, 1212], r: -114, e: -2373, error: 42
#ERR  p: [893, 1213], r: -124, e: -2380, error: 43
#ERR  p: [893, 1214], r: -134, e: -2380, error: 44
#ERR  p: [893, 1215], r: -144, e: -2389, error: 45
#ERR  p: [893, 1216], r: -154, e: -2398, error: 46
#ERR  p: [893, 1217], r: -164, e: -2403, error: 47
#ERR  p: [893, 1218], r: -174, e: -2409, error: 48
#ERR  p: [893, 1219], r: -184, e: -2416, error: 49
#ERR  p: [893, 1220], r: -194, e: -2424, error: 50
#ERR  p: [893, 1221], r: -204, e: -2434, error: 51
#ERR  p: [893, 1222], r: -214, e: -2437, error: 52
#ERR  p: [893, 1223], r: -224, e: -2439, error: 53
#ERR  p: [893, 1224], r: -234, e: -2449, error: 54
#ERR  p: [893, 1225], r: -244, e: -2450, error: 55
#ERR  p: [893, 1226], r: -254, e: -2460, error: 56
#ERR  p: [893, 1227], r: -264, e: -2470, error: 57
#ERR  p: [893, 1228], r: -274, e: -2480, error: 58
#ERR  p: [893, 1229], r: -284, e: -2490, error: 59
#ERR  p: [893, 1230], r: -294, e: -2500, error: 60
#ERR  p: [893, 1231], r: -304, e: -2508, error: 61
#ERR  p: [893, 1232], r: -314, e: -2518, error: 62
#ERR  p: [893, 1233], r: -324, e: -2528, error: 63
#ERR  p: [893, 1234], r: -334, e: -2537, error: 64
#ERR  p: [893, 1235], r: -344, e: -2547, error: 65
#ERR  p: [893, 1236], r: -354, e: -2555, error: 66
#ERR  p: [893, 1237], r: -364, e: -2556, error: 67
#ERR  p: [893, 1238], r: -374, e: -2566, error: 68
#ERR  p: [893, 1239], r: -384, e: -2574, error: 69
#ERR  p: [893, 1240], r: -394, e: -2584, error: 70
#ERR  p: [893, 1241], r: -404, e: -2589, error: 71
#ERR  p: [893, 1242], r: -414, e: -2584, error: 72
#ERR  p: [893, 1243], r: -424, e: -2577, error: 73
#ERR  p: [893, 1244], r: -434, e: -2574, error: 74
#ERR  p: [893, 1245], r: -444, e: -2583, error: 75
#ERR  p: [893, 1246], r: -454, e: -2593, error: 76
#ERR  p: [893, 1247], r: -464, e: -2592, error: 77
#ERR  p: [893, 1248], r: -474, e: -2602, error: 78
#ERR  p: [893, 1249], r: -484, e: -2612, error: 79
#ERR  p: [893, 1250], r: -494, e: -2618, error: 80
#ERR  p: [893, 1251], r: -504, e: -2628, error: 81
#ERR  p: [893, 1252], r: -514, e: -2638, error: 82
#ERR  p: [893, 1253], r: -524, e: -2648, error: 83
#ERR  p: [893, 1254], r: -534, e: -2658, error: 84
#ERR  p: [893, 1255], r: -544, e: -2668, error: 85
#ERR  p: [893, 1256], r: -554, e: -2678, error: 86
#ERR  p: [893, 1257], r: -564, e: -2687, error: 87
#ERR  p: [893, 1258], r: -574, e: -2696, error: 88
#ERR  p: [893, 1259], r: -584, e: -2706, error: 89
#ERR  p: [893, 1260], r: -594, e: -2713, error: 90
#ERR  p: [893, 1261], r: -604, e: -2723, error: 91
#ERR  p: [893, 1262], r: -614, e: -2733, error: 92
#ERR  p: [893, 1263], r: -624, e: -2738, error: 93
#ERR  p: [893, 1264], r: -634, e: -2748, error: 94
#ERR  p: [893, 1265], r: -644, e: -2758, error: 95
#ERR  p: [893, 1266], r: -654, e: -2768, error: 96
#ERR  p: [893, 1267], r: -664, e: -2778, error: 97
#ERR  p: [893, 1268], r: -674, e: -2788, error: 98
#ERR  p: [893, 1269], r: -684, e: -2798, error: 99
#ERR  p: [893, 1270], r: -694, e: -2807, error: 100
#ERR  p: [893, 1271], r: -704, e: -2817, error: 101
#ERR  p: [893, 1272], r: -714, e: -2815, error: 102
#ERR  p: [893, 1273], r: -724, e: -2825, error: 103
#ERR  p: [893, 1274], r: -734, e: -2831, error: 104
#ERR  p: [893, 1275], r: -744, e: -2841, error: 105
#ERR  p: [893, 1276], r: -754, e: -2851, error: 106
#ERR  p: [893, 1277], r: -764, e: -2861, error: 107
#ERR  p: [893, 1278], r: -774, e: -2871, error: 108
#ERR  p: [893, 1279], r: -784, e: -2874, error: 109
#ERR  p: [893, 1280], r: -794, e: -2884, error: 110
#ERR  p: [893, 1281], r: -804, e: -2884, error: 111
#ERR  p: [893, 1282], r: -814, e: -2894, error: 112
#ERR  p: [893, 1283], r: -824, e: -2901, error: 113
#ERR  p: [893, 1284], r: -834, e: -2911, error: 114
#ERR  p: [893, 1285], r: -844, e: -2918, error: 115
#ERR  p: [893, 1286], r: -854, e: -2928, error: 116
#ERR  p: [893, 1287], r: -864, e: -2934, error: 117
#ERR  p: [893, 1288], r: -874, e: -2944, error: 118
#ERR  p: [893, 1289], r: -884, e: -2953, error: 119
#ERR  p: [893, 1290], r: -894, e: -2959, error: 120
#ERR  p: [893, 1291], r: -904, e: -2969, error: 121
#ERR  p: [893, 1292], r: -914, e: -2979, error: 122
#ERR  p: [893, 1293], r: -924, e: -2987, error: 123
#ERR  p: [893, 1294], r: -934, e: -2979, error: 124
#ERR  p: [893, 1295], r: -944, e: -2982, error: 125
#ERR  p: [893, 1296], r: -954, e: -2992, error: 126
#ERR  p: [893, 1297], r: -964, e: -3002, error: 127
#ERR  p: [893, 1298], r: -974, e: -3012, error: 128
#ERR  p: [893, 1299], r: -984, e: -3020, error: 129
#ERR  p: [893, 1300], r: -994, e: -3030, error: 130
#ERR  p: [893, 1301], r: -1004, e: -3040, error: 131
#ERR  p: [893, 1302], r: -1014, e: -3050, error: 132
#ERR  p: [893, 1303], r: -1024, e: -3060, error: 133
#ERR  p: [893, 1304], r: -1034, e: -3070, error: 134
#ERR  p: [893, 1305], r: -1044, e: -3078, error: 135
#ERR  p: [893, 1306], r: -1054, e: -3086, error: 136
#ERR  p: [893, 1307], r: -1064, e: -3095, error: 137
#ERR  p: [893, 1308], r: -1074, e: -3089, error: 138
#ERR  p: [893, 1309], r: -1084, e: -3099, error: 139
#ERR  p: [893, 1310], r: -1094, e: -3107, error: 140
#ERR  p: [893, 1311], r: -1104, e: -3117, error: 141
#ERR  p: [893, 1312], r: -1114, e: -3127, error: 142
#ERR  p: [893, 1313], r: -1124, e: -3136, error: 143
#ERR  p: [893, 1314], r: -1134, e: -3132, error: 144
#ERR  p: [893, 1315], r: -1144, e: -3142, error: 145
#ERR  p: [893, 1316], r: -1154, e: -3150, error: 146
#ERR  p: [893, 1317], r: -1164, e: -3154, error: 147
#ERR  p: [893, 1318], r: -1174, e: -3164, error: 148
#ERR  p: [893, 1319], r: -1184, e: -3166, error: 149
#ERR  p: [893, 1320], r: -1194, e: -3175, error: 150
#ERR  p: [893, 1321], r: -1204, e: -3180, error: 151
#ERR  p: [893, 1322], r: -1214, e: -3188, error: 152
#ERR  p: [893, 1323], r: -1224, e: -3198, error: 153
#ERR  p: [893, 1324], r: -1234, e: -3208, error: 154
#ERR  p: [893, 1325], r: -1244, e: -3218, error: 155
#ERR  p: [893, 1326], r: -1254, e: -3219, error: 156
#ERR  p: [893, 1327], r: -1264, e: -3227, error: 157
#ERR  p: [893, 1328], r: -1274, e: -3237, error: 158
#ERR  p: [893, 1329], r: -1284, e: -3247, error: 159
#ERR  p: [893, 1330], r: -1294, e: -3249, error: 160
#ERR  p: [893, 1331], r: -1304, e: -3259, error: 161
#ERR  p: [893, 1332], r: -1314, e: -3255, error: 162
#ERR  p: [893, 1333], r: -1324, e: -3265, error: 163
#ERR  p: [893, 1334], r: -1334, e: -3275, error: 164
#ERR  p: [893, 1335], r: -1344, e: -3283, error: 165
#ERR  p: [893, 1336], r: -1354, e: -3293, error: 166
#ERR  p: [893, 1337], r: -1364, e: -3294, error: 167
#ERR  p: [893, 1338], r: -1374, e: -3303, error: 168
#ERR  p: [893, 1339], r: -1384, e: -3306, error: 169
#ERR  p: [893, 1340], r: -1394, e: -3299, error: 170
#ERR  p: [893, 1341], r: -1404, e: -3309, error: 171
#ERR  p: [893, 1342], r: -1414, e: -3319, error: 172
#ERR  p: [893, 1343], r: -1424, e: -3326, error: 173
#ERR  p: [893, 1344], r: -1434, e: -3336, error: 174
#ERR  p: [893, 1345], r: -1444, e: -3345, error: 175
#ERR  p: [893, 1346], r: -1454, e: -3354, error: 176
#ERR  p: [893, 1347], r: -1464, e: -3364, error: 177
#ERR  p: [893, 1348], r: -1474, e: -3374, error: 178
#ERR  p: [893, 1349], r: -1484, e: -3376, error: 179
#ERR  p: [893, 1350], r: -1494, e: -3386, error: 180
#ERR  p: [893, 1351], r: -1504, e: -3395, error: 181
#ERR  p: [893, 1352], r: -1514, e: -3404, error: 182
#ERR  p: [893, 1353], r: -1524, e: -3414, error: 183
#ERR  p: [893, 1354], r: -1534, e: -3423, error: 184
#ERR  p: [893, 1355], r: -1544, e: -3429, error: 185
#ERR  p: [893, 1356], r: -1554, e: -3439, error: 186
#ERR  p: [893, 1357], r: -1564, e: -3449, error: 187
#ERR  p: [893, 1358], r: -1574, e: -3459, error: 188
#ERR  p: [893, 1359], r: -1584, e: -3469, error: 189
#ERR  p: [893, 1360], r: -1594, e: -3473, error: 190
#ERR  p: [893, 1361], r: -1604, e: -3472, error: 191
#ERR  p: [893, 1362], r: -1614, e: -3480, error: 192
#ERR  p: [893, 1363], r: -1624, e: -3490, error: 193
#ERR  p: [893, 1364], r: -1634, e: -3493, error: 194
#ERR  p: [893, 1365], r: -1644, e: -3503, error: 195
#ERR  p: [893, 1366], r: -1654, e: -3513, error: 196
#ERR  p: [893, 1367], r: -1664, e: -3523, error: 197
#ERR  p: [893, 1368], r: -1674, e: -3532, error: 198
#ERR  p: [893, 1369], r: -1684, e: -3527, error: 199
#ERR  p: [893, 1370], r: -1694, e: -3537, error: 200
#ERR  p: [893, 1371], r: -1704, e: -3541, error: 201
#ERR  p: [893, 1372], r: -1714, e: -3550, error: 202
#ERR  p: [893, 1373], r: -1724, e: -3560, error: 203
#ERR  p: [893, 1374], r: -1734, e: -3570, error: 204
#ERR  p: [893, 1375], r: -1744, e: -3580, error: 205
#ERR  p: [893, 1376], r: -1754, e: -3590, error: 206
#ERR  p: [893, 1377], r: -1764, e: -3600, error: 207
#ERR  p: [893, 1378], r: -1774, e: -3609, error: 208
#ERR  p: [893, 1379], r: -1784, e: -3619, error: 209
#ERR  p: [893, 1380], r: -1794, e: -3629, error: 210
#ERR  p: [893, 1381], r: -1804, e: -3639, error: 211
#ERR  p: [893, 1382], r: -1814, e: -3649, error: 212
#ERR  p: [893, 1383], r: -1824, e: -3659, error: 213
#ERR  p: [893, 1384], r: -1834, e: -3669, error: 214
#ERR  p: [893, 1385], r: -1844, e: -3679, error: 215
#ERR  p: [893, 1386], r: -1854, e: -3689, error: 216
#ERR  p: [893, 1387], r: -1864, e: -3695, error: 217
#ERR  p: [893, 1388], r: -1874, e: -3704, error: 218
#ERR  p: [893, 1389], r: -1884, e: -3709, error: 219
#ERR  p: [893, 1390], r: -1894, e: -3712, error: 220
#ERR  p: [893, 1391], r: -1904, e: -3713, error: 221
#ERR  p: [893, 1392], r: -1914, e: -3721, error: 222
#ERR  p: [893, 1393], r: -1924, e: -3723, error: 223
#ERR  p: [893, 1394], r: -1934, e: -3733, error: 224
#ERR  p: [893, 1395], r: -1944, e: -3743, error: 225
#ERR  p: [893, 1396], r: -1954, e: -3753, error: 226
#ERR  p: [893, 1397], r: -1964, e: -3757, error: 227
#ERR  p: [893, 1398], r: -1974, e: -3767, error: 228
#ERR  p: [893, 1399], r: -1984, e: -3777, error: 229
#ERR  p: [893, 1400], r: -1994, e: -3787, error: 230
#ERR  p: [893, 1401], r: -2004, e: -3789, error: 231
#ERR  p: [893, 1402], r: -2014, e: -3798, error: 232
#ERR  p: [893, 1403], r: -2024, e: -3807, error: 233
#ERR  p: [893, 1404], r: -2034, e: -3812, error: 234
#ERR  p: [893, 1405], r: -2044, e: -3815, error: 235
#ERR  p: [893, 1406], r: -2054, e: -3823, error: 236
#ERR  p: [893, 1407], r: -2064, e: -3827, error: 237
#ERR  p: [893, 1408], r: -2074, e: -3837, error: 238
#ERR  p: [893, 1409], r: -2084, e: -3847, error: 239
#ERR  p: [893, 1410], r: -2094, e: -3857, error: 240
#ERR  p: [893, 1411], r: -2104, e: -3867, error: 241
#ERR  p: [893, 1412], r: -2114, e: -3877, error: 242
#ERR  p: [893, 1413], r: -2124, e: -3887, error: 243
#ERR  p: [893, 1414], r: -2134, e: -3897, error: 244
#ERR  p: [893, 1415], r: -2144, e: -3907, error: 245
#ERR  p: [893, 1416], r: -2154, e: -3917, error: 246
#ERR  p: [893, 1417], r: -2164, e: -3927, error: 247
#ERR  p: [893, 1418], r: -2174, e: -3937, error: 248
#ERR  p: [893, 1419], r: -2184, e: -3945, error: 249
#ERR  p: [893, 1420], r: -2194, e: -3955, error: 250
#ERR  p: [893, 1421], r: -2204, e: -3965, error: 251
#ERR  p: [893, 1422], r: -2214, e: -3970, error: 252
#ERR  p: [893, 1423], r: -2224, e: -3980, error: 253
#ERR  p: [893, 1424], r: -2234, e: -3987, error: 254
#ERR  p: [893, 1425], r: -2244, e: -3997, error: 255
#ERR  p: [893, 1426], r: -2254, e: -4005, error: 256
#ERR  p: [893, 1427], r: -2264, e: -4005, error: 257
#ERR  p: [893, 1428], r: -2274, e: -4003, error: 258
#ERR  p: [893, 1429], r: -2284, e: -4013, error: 259
#ERR  p: [893, 1430], r: -2294, e: -4023, error: 260
#ERR  p: [893, 1431], r: -2304, e: -4033, error: 261
#ERR  p: [893, 1432], r: -2314, e: -4043, error: 262
#ERR  p: [893, 1433], r: -2324, e: -4052, error: 263
#ERR  p: [893, 1434], r: -2334, e: -4062, error: 264
#ERR  p: [893, 1435], r: -2344, e: -4072, error: 265
#ERR  p: [893, 1436], r: -2354, e: -4079, error: 266
#ERR  p: [893, 1437], r: -2364, e: -4089, error: 267
#ERR  p: [893, 1438], r: -2374, e: -4098, error: 268
#ERR  p: [893, 1439], r: -2384, e: -4108, error: 269
#ERR  p: [893, 1440], r: -2394, e: -4118, error: 270
#ERR  p: [893, 1441], r: -2404, e: -4128, error: 271
#ERR  p: [893, 1442], r: -2414, e: -4134, error: 272
#ERR  p: [893, 1443], r: -2424, e: -4144, error: 273
#ERR  p: [893, 1444], r: -2434, e: -4154, error: 274
#ERR  p: [893, 1445], r: -2444, e: -4164, error: 275
#ERR  p: [893, 1446], r: -2454, e: -4171, error: 276
#ERR  p: [893, 1447], r: -2464, e: -4177, error: 277
#ERR  p: [893, 1448], r: -2474, e: -4184, error: 278
#ERR  p: [893, 1449], r: -2484, e: -4192, error: 279
#ERR  p: [893, 1450], r: -2494, e: -4200, error: 280
#ERR  p: [893, 1451], r: -2504, e: -4206, error: 281
#ERR  p: [893, 1452], r: -2514, e: -4216, error: 282
#ERR  p: [893, 1453], r: -2524, e: -4221, error: 283
#ERR  p: [893, 1454], r: -2534, e: -4231, error: 284
#ERR  p: [893, 1455], r: -2544, e: -4239, error: 285
#ERR  p: [893, 1456], r: -2554, e: -4245, error: 286
#ERR  p: [893, 1457], r: -2564, e: -4255, error: 287
#ERR  p: [893, 1458], r: -2574, e: -4259, error: 288
#ERR  p: [893, 1459], r: -2584, e: -4262, error: 289
#ERR  p: [893, 1460], r: -2594, e: -4269, error: 290
#ERR  p: [893, 1461], r: -2604, e: -4279, error: 291
#ERR  p: [893, 1462], r: -2614, e: -4289, error: 292
#ERR  p: [893, 1463], r: -2624, e: -4299, error: 293
#ERR  p: [893, 1464], r: -2634, e: -4309, error: 294
#ERR  p: [893, 1465], r: -2644, e: -4319, error: 295
#ERR  p: [893, 1466], r: -2654, e: -4329, error: 296
#ERR  p: [893, 1467], r: -2664, e: -4339, error: 297
#ERR  p: [893, 1468], r: -2674, e: -4347, error: 298
#ERR  p: [893, 1469], r: -2684, e: -4353, error: 299
#ERR  p: [893, 1470], r: -2694, e: -4363, error: 300
#ERR  p: [893, 1471], r: -2704, e: -4360, error: 301
#ERR  p: [893, 1472], r: -2714, e: -4370, error: 302
#ERR  p: [893, 1473], r: -2724, e: -4380, error: 303
#ERR  p: [893, 1474], r: -2734, e: -4390, error: 304
#ERR  p: [893, 1475], r: -2744, e: -4400, error: 305
#ERR  p: [893, 1476], r: -2754, e: -4410, error: 306
#ERR  p: [893, 1477], r: -2764, e: -4420, error: 307
#ERR  p: [893, 1478], r: -2774, e: -4430, error: 308
#ERR  p: [893, 1479], r: -2784, e: -4440, error: 309
#ERR  p: [893, 1480], r: -2794, e: -4450, error: 310
#ERR  p: [893, 1481], r: -2804, e: -4460, error: 311
#ERR  p: [893, 1482], r: -2814, e: -4470, error: 312
#ERR  p: [893, 1483], r: -2824, e: -4480, error: 313
#ERR  p: [893, 1484], r: -2834, e: -4490, error: 314
#ERR  p: [893, 1485], r: -2844, e: -4500, error: 315
#ERR  p: [893, 1486], r: -2854, e: -4510, error: 316
#ERR  p: [893, 1487], r: -2864, e: -4520, error: 317
#ERR  p: [893, 1488], r: -2874, e: -4530, error: 318
#ERR  p: [893, 1489], r: -2884, e: -4533, error: 319
#ERR  p: [893, 1490], r: -2894, e: -4543, error: 320
#ERR  p: [893, 1491], r: -2904, e: -4553, error: 321
#ERR  p: [893, 1492], r: -2914, e: -4563, error: 322
#ERR  p: [893, 1493], r: -2924, e: -4573, error: 323
#ERR  p: [893, 1494], r: -2934, e: -4583, error: 324
#ERR  p: [893, 1495], r: -2944, e: -4593, error: 325
#ERR  p: [893, 1496], r: -2954, e: -4603, error: 326
#ERR  p: [893, 1497], r: -2964, e: -4613, error: 327
#ERR  p: [893, 1498], r: -2974, e: -4623, error: 328
#ERR  p: [893, 1499], r: -2984, e: -4633, error: 329
#ERR  p: [893, 1500], r: -2994, e: -4643, error: 330
#ERR  p: [893, 1501], r: -3004, e: -4648, error: 331
#ERR  p: [893, 1502], r: -3014, e: -4656, error: 332
#ERR  p: [893, 1503], r: -3024, e: -4650, error: 333
#ERR  p: [893, 1504], r: -3034, e: -4641, error: 334
#ERR  p: [893, 1505], r: -3044, e: -4650, error: 335
#ERR  p: [893, 1506], r: -3054, e: -4660, error: 336
#ERR  p: [893, 1507], r: -3064, e: -4670, error: 337
#ERR  p: [893, 1508], r: -3074, e: -4680, error: 338
#ERR  p: [893, 1509], r: -3084, e: -4687, error: 339
#ERR  p: [893, 1510], r: -3094, e: -4693, error: 340
#ERR  p: [893, 1511], r: -3104, e: -4701, error: 341
#ERR  p: [893, 1512], r: -3114, e: -4711, error: 342
#ERR  p: [893, 1513], r: -3124, e: -4720, error: 343
#ERR  p: [893, 1514], r: -3134, e: -4730, error: 344
#ERR  p: [893, 1515], r: -3144, e: -4740, error: 345
#ERR  p: [893, 1516], r: -3154, e: -4749, error: 346
#ERR  p: [893, 1517], r: -3164, e: -4759, error: 347
#ERR  p: [893, 1518], r: -3174, e: -4765, error: 348
#ERR  p: [893, 1519], r: -3184, e: -4775, error: 349
#ERR  p: [893, 1520], r: -3194, e: -4785, error: 350
#ERR  p: [893, 1521], r: -3204, e: -4795, error: 351
#ERR  p: [893, 1522], r: -3214, e: -4805, error: 352
#ERR  p: [893, 1523], r: -3224, e: -4815, error: 353
#ERR  p: [893, 1524], r: -3234, e: -4824, error: 354
#ERR  p: [893, 1525], r: -3244, e: -4834, error: 355
#ERR  p: [893, 1526], r: -3254, e: -4844, error: 356
#ERR  p: [893, 1527], r: -3264, e: -4852, error: 357
#ERR  p: [893, 1528], r: -3274, e: -4862, error: 358
#ERR  p: [893, 1529], r: -3284, e: -4872, error: 359
#ERR  p: [893, 1530], r: -3294, e: -4876, error: 360
#ERR  p: [893, 1531], r: -3304, e: -4886, error: 361
#ERR  p: [893, 1532], r: -3314, e: -4896, error: 362
#ERR  p: [893, 1533], r: -3324, e: -4906, error: 363
#ERR  p: [893, 1534], r: -3334, e: -4911, error: 364
#ERR  p: [893, 1535], r: -3344, e: -4915, error: 365
#ERR  p: [893, 1536], r: -3354, e: -4915, error: 366
#ERR  p: [893, 1537], r: -3364, e: -4925, error: 367
#ERR  p: [893, 1538], r: -3374, e: -4925, error: 368
#ERR  p: [893, 1539], r: -3384, e: -4932, error: 369
#ERR  p: [893, 1540], r: -3394, e: -4936, error: 370
#ERR  p: [893, 1541], r: -3404, e: -4937, error: 371
#ERR  p: [893, 1542], r: -3414, e: -4947, error: 372
#ERR  p: [893, 1543], r: -3424, e: -4957, error: 373
#ERR  p: [893, 1544], r: -3434, e: -4966, error: 374
#ERR  p: [893, 1545], r: -3444, e: -4964, error: 375
#ERR  p: [893, 1546], r: -3454, e: -4965, error: 376
#ERR  p: [893, 1547], r: -3464, e: -4973, error: 377
#ERR  p: [893, 1548], r: -3474, e: -4983, error: 378
#ERR  p: [893, 1549], r: -3484, e: -4993, error: 379
#ERR  p: [893, 1550], r: -3494, e: -5003, error: 380
#ERR  p: [893, 1551], r: -3504, e: -5013, error: 381
#ERR  p: [893, 1552], r: -3514, e: -5023, error: 382
#ERR  p: [893, 1553], r: -3524, e: -5033, error: 383
#ERR  p: [893, 1554], r: -3534, e: -5043, error: 384
#ERR  p: [893, 1555], r: -3544, e: -5053, error: 385
#ERR  p: [893, 1556], r: -3554, e: -5063, error: 386
#ERR  p: [893, 1557], r: -3564, e: -5073, error: 387
#ERR  p: [893, 1558], r: -3574, e: -5083, error: 388
#ERR  p: [893, 1559], r: -3584, e: -5093, error: 389
#ERR  p: [893, 1560], r: -3594, e: -5095, error: 390
#ERR  p: [893, 1561], r: -3604, e: -5105, error: 391
#ERR  p: [893, 1562], r: -3614, e: -5109, error: 392
#ERR  p: [893, 1563], r: -3624, e: -5119, error: 393
#ERR  p: [893, 1564], r: -3634, e: -5129, error: 394
#ERR  p: [893, 1565], r: -3644, e: -5139, error: 395
#ERR  p: [893, 1566], r: -3654, e: -5149, error: 396
#ERR  p: [893, 1567], r: -3664, e: -5159, error: 397
#ERR  p: [893, 1568], r: -3674, e: -5169, error: 398
#ERR  p: [893, 1569], r: -3684, e: -5175, error: 399
#ERR  p: [893, 1570], r: -3694, e: -5185, error: 400
#ERR  p: [893, 1571], r: -3704, e: -5195, error: 401
#ERR  p: [893, 1572], r: -3714, e: -5205, error: 402
#ERR  p: [893, 1573], r: -3724, e: -5215, error: 403
#ERR  p: [893, 1574], r: -3734, e: -5225, error: 404
#ERR  p: [893, 1575], r: -3744, e: -5230, error: 405
#ERR  p: [893, 1576], r: -3754, e: -5240, error: 406
#ERR  p: [893, 1577], r: -3764, e: -5250, error: 407
#ERR  p: [893, 1578], r: -3774, e: -5260, error: 408
#ERR  p: [893, 1579], r: -3784, e: -5270, error: 409
#ERR  p: [893, 1580], r: -3794, e: -5280, error: 410
#ERR  p: [893, 1581], r: -3804, e: -5290, error: 411
#ERR  p: [893, 1582], r: -3814, e: -5300, error: 412
#ERR  p: [893, 1583], r: -3824, e: -5310, error: 413
#ERR  p: [893, 1584], r: -3834, e: -5320, error: 414
#ERR  p: [893, 1585], r: -3844, e: -5330, error: 415
#ERR  p: [893, 1586], r: -3854, e: -5340, error: 416
#ERR  p: [893, 1587], r: -3864, e: -5350, error: 417
#ERR  p: [893, 1588], r: -3874, e: -5360, error: 418
#ERR  p: [893, 1589], r: -3884, e: -5370, error: 419
#ERR  p: [893, 1590], r: -3894, e: -5380, error: 420
#ERR  p: [893, 1591], r: -3904, e: -5390, error: 421
#ERR  p: [893, 1592], r: -3914, e: -5400, error: 422
#ERR  p: [893, 1593], r: -3924, e: -5410, error: 423
#ERR  p: [893, 1594], r: -3934, e: -5413, error: 424
#ERR  p: [893, 1595], r: -3944, e: -5421, error: 425
#ERR  p: [893, 1596], r: -3954, e: -5431, error: 426
#ERR  p: [893, 1597], r: -3964, e: -5441, error: 427
#ERR  p: [893, 1598], r: -3974, e: -5451, error: 428
#ERR  p: [893, 1599], r: -3984, e: -5461, error: 429
#ERR  p: [893, 1600], r: -3994, e: -5471, error: 430
#ERR  p: [893, 1601], r: -4004, e: -5480, error: 431
#ERR  p: [893, 1602], r: -4014, e: -5488, error: 432
#ERR  p: [893, 1603], r: -4024, e: -5498, error: 433
#ERR  p: [893, 1604], r: -4034, e: -5508, error: 434
#ERR  p: [893, 1605], r: -4044, e: -5518, error: 435
#ERR  p: [893, 1606], r: -4054, e: -5528, error: 436
#ERR  p: [893, 1607], r: -4064, e: -5538, error: 437
#ERR  p: [893, 1608], r: -4074, e: -5548, error: 438
#ERR  p: [893, 1609], r: -4084, e: -5558, error: 439
#ERR  p: [893, 1610], r: -4094, e: -5568, error: 440
#ERR  p: [893, 1611], r: -4104, e: -5578, error: 441
#ERR  p: [893, 1612], r: -4114, e: -5588, error: 442
#ERR  p: [893, 1613], r: -4124, e: -5598, error: 443
#ERR  p: [893, 1614], r: -4134, e: -5607, error: 444
#ERR  p: [893, 1615], r: -4144, e: -5617, error: 445
#ERR  p: [893, 1616], r: -4154, e: -5627, error: 446
#ERR  p: [893, 1617], r: -4164, e: -5637, error: 447
#ERR  p: [893, 1618], r: -4174, e: -5638, error: 448
#ERR  p: [893, 1619], r: -4184, e: -5647, error: 449
#ERR  p: [893, 1620], r: -4194, e: -5657, error: 450
#ERR  p: [893, 1621], r: -4204, e: -5666, error: 451
#ERR  p: [893, 1622], r: -4214, e: -5670, error: 452
#ERR  p: [893, 1623], r: -4224, e: -5678, error: 453
#ERR  p: [893, 1624], r: -4234, e: -5687, error: 454
#ERR  p: [893, 1625], r: -4244, e: -5697, error: 455
#ERR  p: [893, 1626], r: -4254, e: -5698, error: 456
#ERR  p: [893, 1627], r: -4264, e: -5706, error: 457
#ERR  p: [893, 1628], r: -4274, e: -5716, error: 458
#ERR  p: [893, 1629], r: -4284, e: -5726, error: 459
#ERR  p: [893, 1630], r: -4294, e: -5736, error: 460
#ERR  p: [893, 1631], r: -4304, e: -5740, error: 461
#ERR  p: [893, 1632], r: -4314, e: -5747, error: 462
#ERR  p: [893, 1633], r: -4324, e: -5752, error: 463
#ERR  p: [893, 1634], r: -4334, e: -5762, error: 464
#ERR  p: [893, 1635], r: -4344, e: -5772, error: 465
#ERR  p: [893, 1636], r: -4354, e: -5782, error: 466
#ERR  p: [893, 1637], r: -4364, e: -5792, error: 467
#ERR  p: [893, 1638], r: -4374, e: -5802, error: 468
#ERR  p: [893, 1639], r: -4384, e: -5812, error: 469
#ERR  p: [893, 1640], r: -4394, e: -5822, error: 470
#ERR  p: [893, 1641], r: -4404, e: -5832, error: 471
#ERR  p: [893, 1642], r: -4414, e: -5842, error: 472
#ERR  p: [893, 1643], r: -4424, e: -5852, error: 473
#ERR  p: [893, 1644], r: -4434, e: -5860, error: 474
#ERR  p: [893, 1645], r: -4444, e: -5870, error: 475
#ERR  p: [893, 1646], r: -4454, e: -5879, error: 476
#ERR  p: [893, 1647], r: -4464, e: -5889, error: 477
#ERR  p: [893, 1648], r: -4474, e: -5899, error: 478
#ERR  p: [893, 1649], r: -4484, e: -5898, error: 479
#ERR  p: [893, 1650], r: -4494, e: -5899, error: 480
#ERR  p: [893, 1651], r: -4504, e: -5905, error: 481
#ERR  p: [893, 1652], r: -4514, e: -5915, error: 482
#ERR  p: [893, 1653], r: -4524, e: -5924, error: 483
#ERR  p: [893, 1654], r: -4534, e: -5931, error: 484
#ERR  p: [893, 1655], r: -4544, e: -5941, error: 485
#ERR  p: [893, 1656], r: -4554, e: -5951, error: 486
#ERR  p: [893, 1657], r: -4564, e: -5961, error: 487
#ERR  p: [893, 1658], r: -4574, e: -5968, error: 488
#ERR  p: [893, 1659], r: -4584, e: -5978, error: 489
#ERR  p: [893, 1660], r: -4594, e: -5978, error: 490
#ERR  p: [893, 1661], r: -4604, e: -5988, error: 491
#ERR  p: [893, 1662], r: -4614, e: -5998, error: 492
#ERR  p: [893, 1663], r: -4624, e: -5998, error: 493
#ERR  p: [893, 1664], r: -4634, e: -6002, error: 494
#ERR  p: [893, 1665], r: -4644, e: -5998, error: 495
#ERR  p: [893, 1666], r: -4654, e: -6008, error: 496
#ERR  p: [893, 1667], r: -4664, e: -6018, error: 497
#ERR  p: [893, 1668], r: -4674, e: -6028, error: 498
#ERR  p: [893, 1669], r: -4684, e: -6038, error: 499
#SDC Ite:0 KerTime:0.290601 AccTime:0.290601 KerErr:500 AccErr:500
#END