#HEADER max_rows:2048 max_cols:2048 penalty:10
#BEGIN Y:2016 M:09 D:07 Time:05:02:32
#IT Ite:0 KerTime:0.291240 AccTime:0.291240
#ERR Error detected! kerrors = 1273760
#ERR  p: [563, 369], r: 1, e: -1506, error: 1
#ERR  p: [563, 370], r: 0, e: -1496, error: 2
#ERR  p: [563, 371], r: 23, e: -1484, error: 3
#ERR  p: [563, 372], r: 18, e: -1477, error: 4
#ERR  p: [563, 373], r: 8, e: -1464, error: 5
#ERR  p: [563, 374], r: 10, e: -1455, error: 6
#ERR  p: [563, 375], r: 2, e: -1456, error: 7
#ERR  p: [563, 376], r: 12, e: -1449, error: 8
#ERR  p: [563, 377], r: 6, e: -1440, error: 9
#ERR  p: [563, 378], r: 4, e: -1429, error: 10
#ERR  p: [563, 379], r: 22, e: -1415, error: 11
#ERR  p: [563, 380], r: 23, e: -1403, error: 12
#ERR  p: [563, 381], r: 15, e: -1392, error: 13
#ERR  p: [563, 382], r: 20, e: -1380, error: 14
#ERR  p: [563, 383], r: 11, e: -1372, error: 15
#ERR  p: [563, 384], r: 0, e: -1358, error: 16
#ERR  p: [563, 385], r: -10, e: -1348, error: 17
#ERR  p: [563, 386], r: -20, e: -1338, error: 18
#ERR  p: [563, 387], r: -30, e: -1339, error: 19
#ERR  p: [563, 388], r: -40, e: -1336, error: 20
#ERR  p: [563, 389], r: -50, e: -1328, error: 21
#ERR  p: [563, 390], r: -60, e: -1321, error: 22
#ERR  p: [563, 391], r: -70, e: -1318, error: 23
#ERR  p: [563, 392], r: -80, e: -1312, error: 24
#ERR  p: [563, 393], r: -90, e: -1302, error: 25
#ERR  p: [563, 394], r: -100, e: -1294, error: 26
#ERR  p: [563, 395], r: -110, e: -1287, error: 27
#ERR  p: [563, 396], r: -120, e: -1278, error: 28
#ERR  p: [563, 397], r: -130, e: -1275, error: 29
#ERR  p: [563, 398], r: -140, e: -1267, error: 30
#ERR  p: [563, 399], r: -150, e: -1258, error: 31
#ERR  p: [563, 400], r: -160, e: -1249, error: 32
#ERR  p: [563, 401], r: -170, e: -1247, error: 33
#ERR  p: [563, 402], r: -180, e: -1238, error: 34
#ERR  p: [563, 403], r: -190, e: -1227, error: 35
#ERR  p: [563, 404], r: -200, e: -1219, error: 36
#ERR  p: [563, 405], r: -210, e: -1210, error: 37
#ERR  p: [563, 406], r: -220, e: -1191, error: 38
#ERR  p: [563, 407], r: -230, e: -1192, error: 39
#ERR  p: [563, 408], r: -240, e: -1180, error: 40
#ERR  p: [563, 409], r: -250, e: -1171, error: 41
#ERR  p: [563, 410], r: -260, e: -1162, error: 42
#ERR  p: [563, 411], r: -270, e: -1154, error: 43
#ERR  p: [563, 412], r: -280, e: -1146, error: 44
#ERR  p: [563, 413], r: -290, e: -1138, error: 45
#ERR  p: [563, 414], r: -300, e: -1129, error: 46
#ERR  p: [563, 415], r: -310, e: -1130, error: 47
#ERR  p: [563, 416], r: -320, e: -1116, error: 48
#ERR  p: [563, 417], r: -330, e: -1117, error: 49
#ERR  p: [563, 418], r: -340, e: -1111, error: 50
#ERR  p: [563, 419], r: -350, e: -1105, error: 51
#ERR  p: [563, 420], r: -360, e: -1097, error: 52
#ERR  p: [563, 421], r: -370, e: -1094, error: 53
#ERR  p: [563, 422], r: -380, e: -1085, error: 54
#ERR  p: [563, 423], r: -390, e: -1079, error: 55
#ERR  p: [563, 424], r: -400, e: -1068, error: 56
#ERR  p: [563, 425], r: -410, e: -1059, error: 57
#ERR  p: [563, 426], r: -420, e: -1052, error: 58
#ERR  p: [563, 427], r: -430, e: -1040, error: 59
#ERR  p: [563, 428], r: -440, e: -1033, error: 60
#ERR  p: [563, 429], r: -450, e: -1029, error: 61
#ERR  p: [563, 430], r: -460, e: -1022, error: 62
#ERR  p: [563, 431], r: -470, e: -1005, error: 63
#ERR  p: [563, 432], r: -480, e: -1006, error: 64
#ERR  p: [563, 433], r: -490, e: -997, error: 65
#ERR  p: [563, 434], r: -500, e: -978, error: 66
#ERR  p: [563, 435], r: -510, e: -979, error: 67
#ERR  p: [563, 436], r: -520, e: -976, error: 68
#ERR  p: [563, 437], r: -530, e: -973, error: 69
#ERR  p: [563, 438], r: -540, e: -964, error: 70
#ERR  p: [563, 439], r: -550, e: -955, error: 71
#ERR  p: [563, 440], r: -560, e: -947, error: 72
#ERR  p: [563, 441], r: -570, e: -942, error: 73
#ERR  p: [563, 442], r: -580, e: -942, error: 74
#ERR  p: [563, 443], r: -590, e: -942, error: 75
#ERR  p: [563, 444], r: -600, e: -934, error: 76
#ERR  p: [563, 445], r: -610, e: -933, error: 77
#ERR  p: [563, 446], r: -620, e: -925, error: 78
#ERR  p: [563, 447], r: -630, e: -915, error: 79
#ERR  p: [563, 448], r: -640, e: -906, error: 80
#ERR  p: [563, 449], r: -650, e: -903, error: 81
#ERR  p: [563, 450], r: -660, e: -889, error: 82
#ERR  p: [563, 451], r: -670, e: -882, error: 83
#ERR  p: [563, 452], r: -680, e: -875, error: 84
#ERR  p: [563, 453], r: -690, e: -856, error: 85
#ERR  p: [563, 454], r: -700, e: -863, error: 86
#ERR  p: [563, 455], r: -710, e: -862, error: 87
#ERR  p: [563, 456], r: -720, e: -853, error: 88
#ERR  p: [563, 457], r: -730, e: -841, error: 89
#ERR  p: [563, 458], r: -740, e: -843, error: 90
#ERR  p: [563, 459], r: -750, e: -833, error: 91
#ERR  p: [563, 460], r: -760, e: -825, error: 92
#ERR  p: [563, 461], r: -770, e: -817, error: 93
#ERR  p: [563, 462], r: -780, e: -810, error: 94
#ERR  p: [563, 463], r: -790, e: -815, error: 95
#ERR  p: [563, 464], r: -800, e: -806, error: 96
#ERR  p: [564, 385], r: -2, e: -1358, error: 97
#ERR  p: [564, 386], r: -12, e: -1348, error: 98
#ERR  p: [564, 387], r: -22, e: -1340, error: 99
#ERR  p: [564, 388], r: -31, e: -1340, error: 100
#ERR  p: [564, 389], r: -38, e: -1334, error: 101
#ERR  p: [564, 390], r: -48, e: -1330, error: 102
#ERR  p: [564, 391], r: -58, e: -1321, error: 103
#ERR  p: [564, 392], r: -68, e: -1320, error: 104
#ERR  p: [564, 393], r: -78, e: -1312, error: 105
#ERR  p: [564, 394], r: -88, e: -1302, error: 106
#ERR  p: [564, 395], r: -98, e: -1295, error: 107
#ERR  p: [564, 396], r: -108, e: -1288, error: 108
#ERR  p: [564, 397], r: -118, e: -1280, error: 109
#ERR  p: [564, 398], r: -128, e: -1276, error: 110
#ERR  p: [564, 399], r: -138, e: -1268, error: 111
#ERR  p: [564, 400], r: -148, e: -1259, error: 112
#ERR  p: [564, 401], r: -158, e: -1250, error: 113
#ERR  p: [564, 402], r: -168, e: -1248, error: 114
#ERR  p: [564, 403], r: -178, e: -1237, error: 115
#ERR  p: [564, 404], r: -188, e: -1229, error: 116
#ERR  p: [564, 405], r: -198, e: -1219, error: 117
#ERR  p: [564, 406], r: -208, e: -1201, error: 118
#ERR  p: [564, 407], r: -218, e: -1192, error: 119
#ERR  p: [564, 408], r: -228, e: -1190, error: 120
#ERR  p: [564, 409], r: -238, e: -1180, error: 121
#ERR  p: [564, 410], r: -248, e: -1172, error: 122
#ERR  p: [564, 411], r: -258, e: -1162, error: 123
#ERR  p: [564, 412], r: -262, e: -1146, error: 124
#ERR  p: [564, 413], r: -272, e: -1146, error: 125
#ERR  p: [564, 414], r: -282, e: -1139, error: 126
#ERR  p: [564, 415], r: -292, e: -1130, error: 127
#ERR  p: [564, 416], r: -302, e: -1126, error: 128
#ERR  p: [564, 417], r: -312, e: -1117, error: 129
#ERR  p: [564, 418], r: -322, e: -1121, error: 130
#ERR  p: [564, 419], r: -332, e: -1111, error: 131
#ERR  p: [564, 420], r: -342, e: -1103, error: 132
#ERR  p: [564, 421], r: -352, e: -1101, error: 133
#ERR  p: [564, 422], r: -362, e: -1095, error: 134
#ERR  p: [564, 423], r: -372, e: -1077, error: 135
#ERR  p: [564, 424], r: -382, e: -1078, error: 136
#ERR  p: [564, 425], r: -392, e: -1068, error: 137
#ERR  p: [564, 426], r: -402, e: -1061, error: 138
#ERR  p: [564, 427], r: -412, e: -1050, error: 139
#ERR  p: [564, 428], r: -422, e: -1041, error: 140
#ERR  p: [564, 429], r: -432, e: -1034, error: 141
#ERR  p: [564, 430], r: -442, e: -1030, error: 142
#ERR  p: [564, 431], r: -452, e: -1015, error: 143
#ERR  p: [564, 432], r: -462, e: -1006, error: 144
#ERR  p: [564, 433], r: -472, e: -1007, error: 145
#ERR  p: [564, 434], r: -482, e: -988, error: 146
#ERR  p: [564, 435], r: -492, e: -981, error: 147
#ERR  p: [564, 436], r: -502, e: -971, error: 148
#ERR  p: [564, 437], r: -512, e: -977, error: 149
#ERR  p: [564, 438], r: -522, e: -974, error: 150
#ERR  p: [564, 439], r: -532, e: -965, error: 151
#ERR  p: [564, 440], r: -542, e: -953, error: 152
#ERR  p: [564, 441], r: -552, e: -946, error: 153
#ERR  p: [564, 442], r: -562, e: -934, error: 154
#ERR  p: [564, 443], r: -572, e: -943, error: 155
#ERR  p: [564, 444], r: -582, e: -944, error: 156
#ERR  p: [564, 445], r: -592, e: -935, error: 157
#ERR  p: [564, 446], r: -602, e: -934, error: 158
#ERR  p: [564, 447], r: -612, e: -925, error: 159
#ERR  p: [564, 448], r: -622, e: -916, error: 160
#ERR  p: [564, 449], r: -632, e: -898, error: 161
#ERR  p: [564, 450], r: -642, e: -899, error: 162
#ERR  p: [564, 451], r: -652, e: -891, error: 163
#ERR  p: [564, 452], r: -662, e: -882, error: 164
#ERR  p: [564, 453], r: -672, e: -866, error: 165
#ERR  p: [564, 454], r: -682, e: -858, error: 166
#ERR  p: [564, 455], r: -692, e: -862, error: 167
#ERR  p: [564, 456], r: -702, e: -863, error: 168
#ERR  p: [564, 457], r: -712, e: -851, error: 169
#ERR  p: [564, 458], r: -722, e: -841, error: 170
#ERR  p: [564, 459], r: -732, e: -843, error: 171
#ERR  p: [564, 460], r: -742, e: -831, error: 172
#ERR  p: [564, 461], r: -752, e: -826, error: 173
#ERR  p: [564, 462], r: -762, e: -818, error: 174
#ERR  p: [564, 463], r: -772, e: -813, error: 175
#ERR  p: [564, 464], r: -782, e: -816, error: 176
#ERR  p: [564, 465], r: -792, e: -810, error: 177
#ERR  p: [564, 466], r: -802, e: -803, error: 178
#ERR  p: [565, 385], r: -12, e: -1368, error: 179
#ERR  p: [565, 386], r: -3, e: -1358, error: 180
#ERR  p: [565, 387], r: -13, e: -1349, error: 181
#ERR  p: [565, 388], r: -22, e: -1340, error: 182
#ERR  p: [565, 389], r: -32, e: -1341, error: 183
#ERR  p: [565, 390], r: -39, e: -1335, error: 184
#ERR  p: [565, 391], r: -49, e: -1331, error: 185
#ERR  p: [565, 392], r: -59, e: -1324, error: 186
#ERR  p: [565, 393], r: -69, e: -1321, error: 187
#ERR  p: [565, 394], r: -79, e: -1312, error: 188
#ERR  p: [565, 395], r: -89, e: -1305, error: 189
#ERR  p: [565, 396], r: -99, e: -1296, error: 190
#ERR  p: [565, 397], r: -109, e: -1290, error: 191
#ERR  p: [565, 398], r: -119, e: -1282, error: 192
#ERR  p: [565, 399], r: -129, e: -1277, error: 193
#ERR  p: [565, 400], r: -137, e: -1267, error: 194
#ERR  p: [565, 401], r: -147, e: -1260, error: 195
#ERR  p: [565, 402], r: -157, e: -1253, error: 196
#ERR  p: [565, 403], r: -165, e: -1245, error: 197
#ERR  p: [565, 404], r: -175, e: -1239, error: 198
#ERR  p: [565, 405], r: -185, e: -1229, error: 199
#ERR  p: [565, 406], r: -195, e: -1211, error: 200
#ERR  p: [565, 407], r: -205, e: -1202, error: 201
#ERR  p: [565, 408], r: -214, e: -1188, error: 202
#ERR  p: [565, 409], r: -224, e: -1190, error: 203
#ERR  p: [565, 410], r: -234, e: -1181, error: 204
#ERR  p: [565, 411], r: -244, e: -1172, error: 205
#ERR  p: [565, 412], r: -254, e: -1156, error: 206
#ERR  p: [565, 413], r: -264, e: -1149, error: 207
#ERR  p: [565, 414], r: -270, e: -1144, error: 208
#ERR  p: [565, 415], r: -280, e: -1140, error: 209
#ERR  p: [565, 416], r: -290, e: -1131, error: 210
#ERR  p: [565, 417], r: -300, e: -1126, error: 211
#ERR  p: [565, 418], r: -310, e: -1121, error: 212
#ERR  p: [565, 419], r: -320, e: -1121, error: 213
#ERR  p: [565, 420], r: -330, e: -1112, error: 214
#ERR  p: [565, 421], r: -340, e: -1107, error: 215
#ERR  p: [565, 422], r: -350, e: -1102, error: 216
#ERR  p: [565, 423], r: -360, e: -1087, error: 217
#ERR  p: [565, 424], r: -370, e: -1078, error: 218
#ERR  p: [565, 425], r: -380, e: -1078, error: 219
#ERR  p: [565, 426], r: -390, e: -1071, error: 220
#ERR  p: [565, 427], r: -400, e: -1060, error: 221
#ERR  p: [565, 428], r: -410, e: -1051, error: 222
#ERR  p: [565, 429], r: -420, e: -1042, error: 223
#ERR  p: [565, 430], r: -430, e: -1037, error: 224
#ERR  p: [565, 431], r: -440, e: -1025, error: 225
#ERR  p: [565, 432], r: -450, e: -1016, error: 226
#ERR  p: [565, 433], r: -460, e: -1009, error: 227
#ERR  p: [565, 434], r: -470, e: -998, error: 228
#ERR  p: [565, 435], r: -480, e: -986, error: 229
#ERR  p: [565, 436], r: -490, e: -981, error: 230
#ERR  p: [565, 437], r: -500, e: -971, error: 231
#ERR  p: [565, 438], r: -509, e: -974, error: 232
#ERR  p: [565, 439], r: -518, e: -970, error: 233
#ERR  p: [565, 440], r: -528, e: -963, error: 234
#ERR  p: [565, 441], r: -538, e: -956, error: 235
#ERR  p: [565, 442], r: -548, e: -944, error: 236
#ERR  p: [565, 443], r: -558, e: -934, error: 237
#ERR  p: [565, 444], r: -568, e: -944, error: 238
#ERR  p: [565, 445], r: -578, e: -945, error: 239
#ERR  p: [565, 446], r: -588, e: -938, error: 240
#ERR  p: [565, 447], r: -598, e: -934, error: 241
#ERR  p: [565, 448], r: -608, e: -923, error: 242
#ERR  p: [565, 449], r: -618, e: -908, error: 243
#ERR  p: [565, 450], r: -628, e: -896, error: 244
#ERR  p: [565, 451], r: -638, e: -901, error: 245
#ERR  p: [565, 452], r: -648, e: -892, error: 246
#ERR  p: [565, 453], r: -658, e: -876, error: 247
#ERR  p: [565, 454], r: -668, e: -868, error: 248
#ERR  p: [565, 455], r: -678, e: -861, error: 249
#ERR  p: [565, 456], r: -688, e: -859, error: 250
#ERR  p: [565, 457], r: -698, e: -861, error: 251
#ERR  p: [565, 458], r: -708, e: -851, error: 252
#ERR  p: [565, 459], r: -718, e: -842, error: 253
#ERR  p: [565, 460], r: -728, e: -841, error: 254
#ERR  p: [565, 461], r: -738, e: -831, error: 255
#ERR  p: [565, 462], r: -748, e: -828, error: 256
#ERR  p: [565, 463], r: -758, e: -816, error: 257
#ERR  p: [565, 464], r: -768, e: -815, error: 258
#ERR  p: [565, 465], r: -778, e: -820, error: 259
#ERR  p: [565, 466], r: -788, e: -811, error: 260
#ERR  p: [565, 467], r: -798, e: -803, error: 261
#ERR  p: [566, 385], r: -22, e: -1371, error: 262
#ERR  p: [566, 386], r: -13, e: -1368, error: 263
#ERR  p: [566, 387], r: -4, e: -1359, error: 264
#ERR  p: [566, 388], r: -14, e: -1350, error: 265
#ERR  p: [566, 389], r: -24, e: -1342, error: 266
#ERR  p: [566, 390], r: -33, e: -1342, error: 267
#ERR  p: [566, 391], r: -35, e: -1331, error: 268
#ERR  p: [566, 392], r: -45, e: -1332, error: 269
#ERR  p: [566, 393], r: -55, e: -1325, error: 270
#ERR  p: [566, 394], r: -65, e: -1317, error: 271
#ERR  p: [566, 395], r: -75, e: -1310, error: 272
#ERR  p: [566, 396], r: -85, e: -1306, error: 273
#ERR  p: [566, 397], r: -95, e: -1297, error: 274
#ERR  p: [566, 398], r: -105, e: -1290, error: 275
#ERR  p: [566, 399], r: -115, e: -1283, error: 276
#ERR  p: [566, 400], r: -125, e: -1277, error: 277
#ERR  p: [566, 401], r: -135, e: -1265, error: 278
#ERR  p: [566, 402], r: -145, e: -1261, error: 279
#ERR  p: [566, 403], r: -155, e: -1255, error: 280
#ERR  p: [566, 404], r: -165, e: -1248, error: 281
#ERR  p: [566, 405], r: -175, e: -1239, error: 282
#ERR  p: [566, 406], r: -185, e: -1221, error: 283
#ERR  p: [566, 407], r: -194, e: -1210, error: 284
#ERR  p: [566, 408], r: -204, e: -1198, error: 285
#ERR  p: [566, 409], r: -209, e: -1183, error: 286
#ERR  p: [566, 410], r: -219, e: -1191, error: 287
#ERR  p: [566, 411], r: -229, e: -1181, error: 288
#ERR  p: [566, 412], r: -239, e: -1166, error: 289
#ERR  p: [566, 413], r: -249, e: -1156, error: 290
#ERR  p: [566, 414], r: -259, e: -1152, error: 291
#ERR  p: [566, 415], r: -269, e: -1145, error: 292
#ERR  p: [566, 416], r: -279, e: -1141, error: 293
#ERR  p: [566, 417], r: -289, e: -1134, error: 294
#ERR  p: [566, 418], r: -299, e: -1130, error: 295
#ERR  p: [566, 419], r: -305, e: -1116, error: 296
#ERR  p: [566, 420], r: -315, e: -1122, error: 297
#ERR  p: [566, 421], r: -325, e: -1116, error: 298
#ERR  p: [566, 422], r: -335, e: -1108, error: 299
#ERR  p: [566, 423], r: -345, e: -1097, error: 300
#ERR  p: [566, 424], r: -355, e: -1088, error: 301
#ERR  p: [566, 425], r: -365, e: -1073, error: 302
#ERR  p: [566, 426], r: -375, e: -1080, error: 303
#ERR  p: [566, 427], r: -385, e: -1070, error: 304
#ERR  p: [566, 428], r: -395, e: -1059, error: 305
#ERR  p: [566, 429], r: -405, e: -1052, error: 306
#ERR  p: [566, 430], r: -415, e: -1040, error: 307
#ERR  p: [566, 431], r: -425, e: -1035, error: 308
#ERR  p: [566, 432], r: -435, e: -1026, error: 309
#ERR  p: [566, 433], r: -445, e: -1015, error: 310
#ERR  p: [566, 434], r: -455, e: -1008, error: 311
#ERR  p: [566, 435], r: -465, e: -996, error: 312
#ERR  p: [566, 436], r: -475, e: -986, error: 313
#ERR  p: [566, 437], r: -485, e: -981, error: 314
#ERR  p: [566, 438], r: -495, e: -973, error: 315
#ERR  p: [566, 439], r: -505, e: -977, error: 316
#ERR  p: [566, 440], r: -515, e: -972, error: 317
#ERR  p: [566, 441], r: -525, e: -963, error: 318
#ERR  p: [566, 442], r: -535, e: -954, error: 319
#ERR  p: [566, 443], r: -545, e: -944, error: 320
#ERR  p: [566, 444], r: -555, e: -935, error: 321
#ERR  p: [566, 445], r: -565, e: -943, error: 322
#ERR  p: [566, 446], r: -575, e: -944, error: 323
#ERR  p: [566, 447], r: -585, e: -941, error: 324
#ERR  p: [566, 448], r: -595, e: -933, error: 325
#ERR  p: [566, 449], r: -605, e: -918, error: 326
#ERR  p: [566, 450], r: -615, e: -906, error: 327
#ERR  p: [566, 451], r: -625, e: -897, error: 328
#ERR  p: [566, 452], r: -635, e: -901, error: 329
#ERR  p: [566, 453], r: -645, e: -886, error: 330
#ERR  p: [566, 454], r: -655, e: -878, error: 331
#ERR  p: [566, 455], r: -665, e: -868, error: 332
#ERR  p: [566, 456], r: -675, e: -863, error: 333
#ERR  p: [566, 457], r: -685, e: -863, error: 334
#ERR  p: [566, 458], r: -695, e: -861, error: 335
#ERR  p: [566, 459], r: -705, e: -852, error: 336
#ERR  p: [566, 460], r: -715, e: -844, error: 337
#ERR  p: [566, 461], r: -725, e: -841, error: 338
#ERR  p: [566, 462], r: -735, e: -830, error: 339
#ERR  p: [566, 463], r: -745, e: -826, error: 340
#ERR  p: [566, 464], r: -755, e: -816, error: 341
#ERR  p: [566, 465], r: -765, e: -819, error: 342
#ERR  p: [566, 466], r: -775, e: -821, error: 343
#ERR  p: [566, 467], r: -784, e: -807, error: 344
#ERR  p: [566, 468], r: -794, e: -803, error: 345
#ERR  p: [567, 385], r: -32, e: -1380, error: 346
#ERR  p: [567, 386], r: -13, e: -1362, error: 347
#ERR  p: [567, 387], r: -14, e: -1369, error: 348
#ERR  p: [567, 388], r: -6, e: -1360, error: 349
#ERR  p: [567, 389], r: -16, e: -1352, error: 350
#ERR  p: [567, 390], r: -24, e: -1342, error: 351
#ERR  p: [567, 391], r: -34, e: -1341, error: 352
#ERR  p: [567, 392], r: -38, e: -1334, error: 353
#ERR  p: [567, 393], r: -45, e: -1332, error: 354
#ERR  p: [567, 394], r: -55, e: -1327, error: 355
#ERR  p: [567, 395], r: -65, e: -1320, error: 356
#ERR  p: [567, 396], r: -75, e: -1310, error: 357
#ERR  p: [567, 397], r: -85, e: -1307, error: 358
#ERR  p: [567, 398], r: -95, e: -1298, error: 359
#ERR  p: [567, 399], r: -105, e: -1292, error: 360
#ERR  p: [567, 400], r: -115, e: -1284, error: 361
#ERR  p: [567, 401], r: -125, e: -1275, error: 362
#ERR  p: [567, 402], r: -135, e: -1268, error: 363
#ERR  p: [567, 403], r: -145, e: -1262, error: 364
#ERR  p: [567, 404], r: -155, e: -1257, error: 365
#ERR  p: [567, 405], r: -165, e: -1249, error: 366
#ERR  p: [567, 406], r: -166, e: -1230, error: 367
#ERR  p: [567, 407], r: -176, e: -1220, error: 368
#ERR  p: [567, 408], r: -186, e: -1208, error: 369
#ERR  p: [567, 409], r: -196, e: -1193, error: 370
#ERR  p: [567, 410], r: -206, e: -1184, error: 371
#ERR  p: [567, 411], r: -216, e: -1191, error: 372
#ERR  p: [567, 412], r: -226, e: -1176, error: 373
#ERR  p: [567, 413], r: -236, e: -1166, error: 374
#ERR  p: [567, 414], r: -246, e: -1157, error: 375
#ERR  p: [567, 415], r: -256, e: -1154, error: 376
#ERR  p: [567, 416], r: -260, e: -1136, error: 377
#ERR  p: [567, 417], r: -270, e: -1143, error: 378
#ERR  p: [567, 418], r: -280, e: -1138, error: 379
#ERR  p: [567, 419], r: -290, e: -1126, error: 380
#ERR  p: [567, 420], r: -300, e: -1118, error: 381
#ERR  p: [567, 421], r: -310, e: -1126, error: 382
#ERR  p: [567, 422], r: -320, e: -1116, error: 383
#ERR  p: [567, 423], r: -330, e: -1107, error: 384
#ERR  p: [567, 424], r: -340, e: -1098, error: 385
#ERR  p: [567, 425], r: -350, e: -1083, error: 386
#ERR  p: [567, 426], r: -360, e: -1076, error: 387
#ERR  p: [567, 427], r: -370, e: -1080, error: 388
#ERR  p: [567, 428], r: -380, e: -1069, error: 389
#ERR  p: [567, 429], r: -390, e: -1061, error: 390
#ERR  p: [567, 430], r: -400, e: -1050, error: 391
#ERR  p: [567, 431], r: -406, e: -1031, error: 392
#ERR  p: [567, 432], r: -416, e: -1036, error: 393
#ERR  p: [567, 433], r: -426, e: -1025, error: 394
#ERR  p: [567, 434], r: -436, e: -1006, error: 395
#ERR  p: [567, 435], r: -446, e: -1006, error: 396
#ERR  p: [567, 436], r: -456, e: -996, error: 397
#ERR  p: [567, 437], r: -466, e: -988, error: 398
#ERR  p: [567, 438], r: -476, e: -982, error: 399
#ERR  p: [567, 439], r: -486, e: -974, error: 400
#ERR  p: [567, 440], r: -496, e: -979, error: 401
#ERR  p: [567, 441], r: -506, e: -973, error: 402
#ERR  p: [567, 442], r: -516, e: -964, error: 403
#ERR  p: [567, 443], r: -526, e: -954, error: 404
#ERR  p: [567, 444], r: -536, e: -945, error: 405
#ERR  p: [567, 445], r: -546, e: -938, error: 406
#ERR  p: [567, 446], r: -556, e: -946, error: 407
#ERR  p: [567, 447], r: -566, e: -946, error: 408
#ERR  p: [567, 448], r: -576, e: -942, error: 409
#ERR  p: [567, 449], r: -586, e: -928, error: 410
#ERR  p: [567, 450], r: -596, e: -916, error: 411
#ERR  p: [567, 451], r: -606, e: -907, error: 412
#ERR  p: [567, 452], r: -616, e: -900, error: 413
#ERR  p: [567, 453], r: -626, e: -892, error: 414
#ERR  p: [567, 454], r: -636, e: -888, error: 415
#ERR  p: [567, 455], r: -646, e: -878, error: 416
#ERR  p: [567, 456], r: -656, e: -869, error: 417
#ERR  p: [567, 457], r: -666, e: -854, error: 418
#ERR  p: [567, 458], r: -676, e: -864, error: 419
#ERR  p: [567, 459], r: -686, e: -861, error: 420
#ERR  p: [567, 460], r: -696, e: -854, error: 421
#ERR  p: [567, 461], r: -706, e: -846, error: 422
#ERR  p: [567, 462], r: -716, e: -840, error: 423
#ERR  p: [567, 463], r: -726, e: -831, error: 424
#ERR  p: [567, 464], r: -736, e: -826, error: 425
#ERR  p: [567, 465], r: -746, e: -820, error: 426
#ERR  p: [567, 466], r: -756, e: -820, error: 427
#ERR  p: [567, 467], r: -766, e: -817, error: 428
#ERR  p: [567, 468], r: -776, e: -810, error: 429
#ERR  p: [567, 469], r: -785, e: -794, error: 430
#ERR  p: [568, 385], r: -42, e: -1390, error: 431
#ERR  p: [568, 386], r: -23, e: -1372, error: 432
#ERR  p: [568, 387], r: -14, e: -1363, error: 433
#ERR  p: [568, 388], r: -16, e: -1370, error: 434
#ERR  p: [568, 389], r: -8, e: -1362, error: 435
#ERR  p: [568, 390], r: -17, e: -1352, error: 436
#ERR  p: [568, 391], r: -24, e: -1342, error: 437
#ERR  p: [568, 392], r: -34, e: -1343, error: 438
#ERR  p: [568, 393], r: -39, e: -1335, error: 439
#ERR  p: [568, 394], r: -45, e: -1332, error: 440
#ERR  p: [568, 395], r: -55, e: -1329, error: 441
#ERR  p: [568, 396], r: -65, e: -1320, error: 442
#ERR  p: [568, 397], r: -75, e: -1312, error: 443
#ERR  p: [568, 398], r: -85, e: -1308, error: 444
#ERR  p: [568, 399], r: -95, e: -1299, error: 445
#ERR  p: [568, 400], r: -105, e: -1293, error: 446
#ERR  p: [568, 401], r: -115, e: -1285, error: 447
#ERR  p: [568, 402], r: -125, e: -1277, error: 448
#ERR  p: [568, 403], r: -135, e: -1271, error: 449
#ERR  p: [568, 404], r: -145, e: -1265, error: 450
#ERR  p: [568, 405], r: -150, e: -1252, error: 451
#ERR  p: [568, 406], r: -160, e: -1240, error: 452
#ERR  p: [568, 407], r: -164, e: -1228, error: 453
#ERR  p: [568, 408], r: -174, e: -1218, error: 454
#ERR  p: [568, 409], r: -184, e: -1203, error: 455
#ERR  p: [568, 410], r: -194, e: -1194, error: 456
#ERR  p: [568, 411], r: -201, e: -1179, error: 457
#ERR  p: [568, 412], r: -211, e: -1186, error: 458
#ERR  p: [568, 413], r: -221, e: -1171, error: 459
#ERR  p: [568, 414], r: -231, e: -1167, error: 460
#ERR  p: [568, 415], r: -241, e: -1158, error: 461
#ERR  p: [568, 416], r: -251, e: -1146, error: 462
#ERR  p: [568, 417], r: -261, e: -1139, error: 463
#ERR  p: [568, 418], r: -271, e: -1147, error: 464
#ERR  p: [568, 419], r: -280, e: -1136, error: 465
#ERR  p: [568, 420], r: -290, e: -1128, error: 466
#ERR  p: [568, 421], r: -300, e: -1122, error: 467
#ERR  p: [568, 422], r: -310, e: -1126, error: 468
#ERR  p: [568, 423], r: -320, e: -1116, error: 469
#ERR  p: [568, 424], r: -330, e: -1108, error: 470
#ERR  p: [568, 425], r: -340, e: -1093, error: 471
#ERR  p: [568, 426], r: -350, e: -1085, error: 472
#ERR  p: [568, 427], r: -360, e: -1077, error: 473
#ERR  p: [568, 428], r: -368, e: -1078, error: 474
#ERR  p: [568, 429], r: -378, e: -1070, error: 475
#ERR  p: [568, 430], r: -388, e: -1060, error: 476
#ERR  p: [568, 431], r: -398, e: -1041, error: 477
#ERR  p: [568, 432], r: -407, e: -1032, error: 478
#ERR  p: [568, 433], r: -414, e: -1034, error: 479
#ERR  p: [568, 434], r: -424, e: -1016, error: 480
#ERR  p: [568, 435], r: -434, e: -1008, error: 481
#ERR  p: [568, 436], r: -444, e: -1006, error: 482
#ERR  p: [568, 437], r: -454, e: -998, error: 483
#ERR  p: [568, 438], r: -464, e: -991, error: 484
#ERR  p: [568, 439], r: -474, e: -984, error: 485
#ERR  p: [568, 440], r: -484, e: -976, error: 486
#ERR  p: [568, 441], r: -494, e: -979, error: 487
#ERR  p: [568, 442], r: -504, e: -973, error: 488
#ERR  p: [568, 443], r: -514, e: -964, error: 489
#ERR  p: [568, 444], r: -524, e: -955, error: 490
#ERR  p: [568, 445], r: -534, e: -943, error: 491
#ERR  p: [568, 446], r: -544, e: -936, error: 492
#ERR  p: [568, 447], r: -554, e: -946, error: 493
#ERR  p: [568, 448], r: -564, e: -948, error: 494
#ERR  p: [568, 449], r: -574, e: -938, error: 495
#ERR  p: [568, 450], r: -584, e: -926, error: 496
#ERR  p: [568, 451], r: -594, e: -917, error: 497
#ERR  p: [568, 452], r: -601, e: -902, error: 498
#ERR  p: [568, 453], r: -611, e: -902, error: 499
#SDC Ite:0 KerTime:0.291240 AccTime:0.291240 KerErr:500 AccErr:500
#END