#HEADER max_rows:2048 max_cols:2048 penalty:10
#BEGIN Y:2016 M:09 D:07 Time:04:39:23
#IT Ite:0 KerTime:0.290605 AccTime:0.290605
#ERR Error detected! kerrors = 259276
#ERR  p: [1604, 833], r: 11, e: -6169, error: 1
#ERR  p: [1604, 834], r: 1, e: -6159, error: 2
#ERR  p: [1604, 835], r: 13, e: -6147, error: 3
#ERR  p: [1604, 836], r: 5, e: -6137, error: 4
#ERR  p: [1604, 837], r: 18, e: -6128, error: 5
#ERR  p: [1604, 838], r: 1, e: -6119, error: 6
#ERR  p: [1604, 839], r: 14, e: -6110, error: 7
#ERR  p: [1604, 840], r: 11, e: -6098, error: 8
#ERR  p: [1604, 841], r: 8, e: -6088, error: 9
#ERR  p: [1604, 842], r: 3, e: -6079, error: 10
#ERR  p: [1604, 843], r: 18, e: -6069, error: 11
#ERR  p: [1604, 844], r: 5, e: -6057, error: 12
#ERR  p: [1604, 845], r: 20, e: -6048, error: 13
#ERR  p: [1604, 846], r: 6, e: -6037, error: 14
#ERR  p: [1604, 847], r: 20, e: -6025, error: 15
#ERR  p: [1604, 848], r: 12, e: -6014, error: 16
#ERR  p: [1604, 849], r: 2, e: -6005, error: 17
#ERR  p: [1604, 850], r: -8, e: -5994, error: 18
#ERR  p: [1604, 851], r: -18, e: -5984, error: 19
#ERR  p: [1604, 852], r: -28, e: -5975, error: 20
#ERR  p: [1604, 853], r: -38, e: -5964, error: 21
#ERR  p: [1604, 854], r: -48, e: -5955, error: 22
#ERR  p: [1604, 855], r: -58, e: -5948, error: 23
#ERR  p: [1604, 856], r: -68, e: -5940, error: 24
#ERR  p: [1604, 857], r: -78, e: -5934, error: 25
#ERR  p: [1604, 858], r: -88, e: -5927, error: 26
#ERR  p: [1604, 859], r: -98, e: -5919, error: 27
#ERR  p: [1604, 860], r: -108, e: -5908, error: 28
#ERR  p: [1604, 861], r: -118, e: -5892, error: 29
#ERR  p: [1604, 862], r: -128, e: -5883, error: 30
#ERR  p: [1604, 863], r: -138, e: -5876, error: 31
#ERR  p: [1604, 864], r: -148, e: -5867, error: 32
#ERR  p: [1604, 865], r: -158, e: -5855, error: 33
#ERR  p: [1604, 866], r: -168, e: -5849, error: 34
#ERR  p: [1604, 867], r: -178, e: -5839, error: 35
#ERR  p: [1604, 868], r: -188, e: -5831, error: 36
#ERR  p: [1604, 869], r: -198, e: -5821, error: 37
#ERR  p: [1604, 870], r: -208, e: -5805, error: 38
#ERR  p: [1604, 871], r: -218, e: -5798, error: 39
#ERR  p: [1604, 872], r: -228, e: -5790, error: 40
#ERR  p: [1604, 873], r: -238, e: -5788, error: 41
#ERR  p: [1604, 874], r: -248, e: -5779, error: 42
#ERR  p: [1604, 875], r: -258, e: -5768, error: 43
#ERR  p: [1604, 876], r: -268, e: -5760, error: 44
#ERR  p: [1604, 877], r: -278, e: -5753, error: 45
#ERR  p: [1604, 878], r: -288, e: -5743, error: 46
#ERR  p: [1604, 879], r: -298, e: -5732, error: 47
#ERR  p: [1604, 880], r: -308, e: -5716, error: 48
#ERR  p: [1604, 881], r: -318, e: -5706, error: 49
#ERR  p: [1604, 882], r: -328, e: -5702, error: 50
#ERR  p: [1604, 883], r: -338, e: -5694, error: 51
#ERR  p: [1604, 884], r: -348, e: -5689, error: 52
#ERR  p: [1604, 885], r: -358, e: -5679, error: 53
#ERR  p: [1604, 886], r: -368, e: -5675, error: 54
#ERR  p: [1604, 887], r: -378, e: -5668, error: 55
#ERR  p: [1604, 888], r: -388, e: -5659, error: 56
#ERR  p: [1604, 889], r: -398, e: -5653, error: 57
#ERR  p: [1604, 890], r: -408, e: -5646, error: 58
#ERR  p: [1604, 891], r: -418, e: -5634, error: 59
#ERR  p: [1604, 892], r: -428, e: -5621, error: 60
#ERR  p: [1604, 893], r: -438, e: -5606, error: 61
#ERR  p: [1604, 894], r: -448, e: -5596, error: 62
#ERR  p: [1604, 895], r: -458, e: -5582, error: 63
#ERR  p: [1604, 896], r: -468, e: -5571, error: 64
#ERR  p: [1604, 897], r: -478, e: -5561, error: 65
#ERR  p: [1604, 898], r: -488, e: -5545, error: 66
#ERR  p: [1604, 899], r: -498, e: -5541, error: 67
#ERR  p: [1604, 900], r: -508, e: -5533, error: 68
#ERR  p: [1604, 901], r: -518, e: -5523, error: 69
#ERR  p: [1604, 902], r: -528, e: -5513, error: 70
#ERR  p: [1604, 903], r: -538, e: -5504, error: 71
#ERR  p: [1604, 904], r: -548, e: -5494, error: 72
#ERR  p: [1604, 905], r: -558, e: -5486, error: 73
#ERR  p: [1604, 906], r: -568, e: -5478, error: 74
#ERR  p: [1604, 907], r: -578, e: -5467, error: 75
#ERR  p: [1604, 908], r: -588, e: -5458, error: 76
#ERR  p: [1604, 909], r: -598, e: -5447, error: 77
#ERR  p: [1604, 910], r: -608, e: -5440, error: 78
#ERR  p: [1604, 911], r: -618, e: -5429, error: 79
#ERR  p: [1604, 912], r: -628, e: -5428, error: 80
#ERR  p: [1604, 913], r: -638, e: -5416, error: 81
#ERR  p: [1604, 914], r: -648, e: -5406, error: 82
#ERR  p: [1604, 915], r: -658, e: -5399, error: 83
#ERR  p: [1604, 916], r: -668, e: -5393, error: 84
#ERR  p: [1604, 917], r: -678, e: -5384, error: 85
#ERR  p: [1604, 918], r: -688, e: -5375, error: 86
#ERR  p: [1604, 919], r: -698, e: -5369, error: 87
#ERR  p: [1604, 920], r: -708, e: -5353, error: 88
#ERR  p: [1604, 921], r: -718, e: -5335, error: 89
#ERR  p: [1604, 922], r: -728, e: -5335, error: 90
#ERR  p: [1604, 923], r: -738, e: -5330, error: 91
#ERR  p: [1604, 924], r: -748, e: -5318, error: 92
#ERR  p: [1604, 925], r: -758, e: -5307, error: 93
#ERR  p: [1604, 926], r: -768, e: -5295, error: 94
#ERR  p: [1604, 927], r: -778, e: -5282, error: 95
#ERR  p: [1604, 928], r: -788, e: -5273, error: 96
#ERR  p: [1604, 929], r: -798, e: -5264, error: 97
#ERR  p: [1604, 930], r: -808, e: -5254, error: 98
#ERR  p: [1604, 931], r: -818, e: -5245, error: 99
#ERR  p: [1604, 932], r: -828, e: -5235, error: 100
#ERR  p: [1604, 933], r: -838, e: -5223, error: 101
#ERR  p: [1604, 934], r: -848, e: -5215, error: 102
#ERR  p: [1604, 935], r: -858, e: -5198, error: 103
#ERR  p: [1604, 936], r: -868, e: -5188, error: 104
#ERR  p: [1604, 937], r: -878, e: -5172, error: 105
#ERR  p: [1604, 938], r: -888, e: -5167, error: 106
#ERR  p: [1604, 939], r: -898, e: -5157, error: 107
#ERR  p: [1604, 940], r: -908, e: -5149, error: 108
#ERR  p: [1604, 941], r: -918, e: -5140, error: 109
#ERR  p: [1604, 942], r: -928, e: -5139, error: 110
#ERR  p: [1604, 943], r: -938, e: -5127, error: 111
#ERR  p: [1604, 944], r: -948, e: -5118, error: 112
#ERR  p: [1604, 945], r: -958, e: -5111, error: 113
#ERR  p: [1604, 946], r: -968, e: -5104, error: 114
#ERR  p: [1604, 947], r: -978, e: -5098, error: 115
#ERR  p: [1604, 948], r: -988, e: -5086, error: 116
#ERR  p: [1604, 949], r: -998, e: -5077, error: 117
#ERR  p: [1604, 950], r: -1008, e: -5069, error: 118
#ERR  p: [1604, 951], r: -1018, e: -5064, error: 119
#ERR  p: [1604, 952], r: -1028, e: -5047, error: 120
#ERR  p: [1604, 953], r: -1038, e: -5037, error: 121
#ERR  p: [1604, 954], r: -1048, e: -5028, error: 122
#ERR  p: [1604, 955], r: -1058, e: -5016, error: 123
#ERR  p: [1604, 956], r: -1068, e: -5008, error: 124
#ERR  p: [1604, 957], r: -1078, e: -5001, error: 125
#ERR  p: [1604, 958], r: -1088, e: -4992, error: 126
#ERR  p: [1604, 959], r: -1098, e: -4984, error: 127
#ERR  p: [1604, 960], r: -1108, e: -4966, error: 128
#ERR  p: [1604, 961], r: -1118, e: -4976, error: 129
#ERR  p: [1604, 962], r: -1128, e: -4969, error: 130
#ERR  p: [1604, 963], r: -1138, e: -4962, error: 131
#ERR  p: [1604, 964], r: -1148, e: -4957, error: 132
#ERR  p: [1604, 965], r: -1158, e: -4948, error: 133
#ERR  p: [1604, 966], r: -1168, e: -4954, error: 134
#ERR  p: [1604, 967], r: -1178, e: -4947, error: 135
#ERR  p: [1604, 968], r: -1188, e: -4939, error: 136
#ERR  p: [1604, 969], r: -1198, e: -4933, error: 137
#ERR  p: [1604, 970], r: -1208, e: -4925, error: 138
#ERR  p: [1604, 971], r: -1218, e: -4913, error: 139
#ERR  p: [1604, 972], r: -1228, e: -4902, error: 140
#ERR  p: [1604, 973], r: -1238, e: -4893, error: 141
#ERR  p: [1604, 974], r: -1248, e: -4883, error: 142
#ERR  p: [1604, 975], r: -1258, e: -4872, error: 143
#ERR  p: [1604, 976], r: -1268, e: -4862, error: 144
#ERR  p: [1604, 977], r: -1278, e: -4855, error: 145
#ERR  p: [1604, 978], r: -1288, e: -4850, error: 146
#ERR  p: [1604, 979], r: -1298, e: -4837, error: 147
#ERR  p: [1604, 980], r: -1308, e: -4827, error: 148
#ERR  p: [1604, 981], r: -1318, e: -4816, error: 149
#ERR  p: [1604, 982], r: -1328, e: -4798, error: 150
#ERR  p: [1604, 983], r: -1338, e: -4794, error: 151
#ERR  p: [1604, 984], r: -1348, e: -4786, error: 152
#ERR  p: [1604, 985], r: -1358, e: -4770, error: 153
#ERR  p: [1604, 986], r: -1368, e: -4753, error: 154
#ERR  p: [1604, 987], r: -1378, e: -4734, error: 155
#ERR  p: [1604, 988], r: -1388, e: -4725, error: 156
#ERR  p: [1604, 989], r: -1398, e: -4718, error: 157
#ERR  p: [1604, 990], r: -1408, e: -4707, error: 158
#ERR  p: [1604, 991], r: -1418, e: -4697, error: 159
#ERR  p: [1604, 992], r: -1428, e: -4694, error: 160
#ERR  p: [1604, 993], r: -1438, e: -4676, error: 161
#ERR  p: [1604, 994], r: -1448, e: -4670, error: 162
#ERR  p: [1604, 995], r: -1458, e: -4660, error: 163
#ERR  p: [1604, 996], r: -1468, e: -4655, error: 164
#ERR  p: [1604, 997], r: -1478, e: -4645, error: 165
#ERR  p: [1604, 998], r: -1488, e: -4637, error: 166
#ERR  p: [1604, 999], r: -1498, e: -4640, error: 167
#ERR  p: [1604, 1000], r: -1508, e: -4631, error: 168
#ERR  p: [1604, 1001], r: -1518, e: -4623, error: 169
#ERR  p: [1604, 1002], r: -1528, e: -4618, error: 170
#ERR  p: [1604, 1003], r: -1538, e: -4599, error: 171
#ERR  p: [1604, 1004], r: -1548, e: -4591, error: 172
#ERR  p: [1604, 1005], r: -1558, e: -4582, error: 173
#ERR  p: [1604, 1006], r: -1568, e: -4576, error: 174
#ERR  p: [1604, 1007], r: -1578, e: -4570, error: 175
#ERR  p: [1604, 1008], r: -1588, e: -4562, error: 176
#ERR  p: [1604, 1009], r: -1598, e: -4554, error: 177
#ERR  p: [1604, 1010], r: -1608, e: -4548, error: 178
#ERR  p: [1604, 1011], r: -1618, e: -4542, error: 179
#ERR  p: [1604, 1012], r: -1628, e: -4543, error: 180
#ERR  p: [1604, 1013], r: -1638, e: -4534, error: 181
#ERR  p: [1604, 1014], r: -1648, e: -4531, error: 182
#ERR  p: [1604, 1015], r: -1658, e: -4515, error: 183
#ERR  p: [1604, 1016], r: -1668, e: -4501, error: 184
#ERR  p: [1604, 1017], r: -1678, e: -4490, error: 185
#ERR  p: [1604, 1018], r: -1688, e: -4480, error: 186
#ERR  p: [1604, 1019], r: -1698, e: -4471, error: 187
#ERR  p: [1604, 1020], r: -1708, e: -4462, error: 188
#ERR  p: [1604, 1021], r: -1718, e: -4454, error: 189
#ERR  p: [1604, 1022], r: -1728, e: -4448, error: 190
#ERR  p: [1604, 1023], r: -1738, e: -4444, error: 191
#ERR  p: [1604, 1024], r: -1748, e: -4435, error: 192
#ERR  p: [1604, 1025], r: -1758, e: -4426, error: 193
#ERR  p: [1604, 1026], r: -1768, e: -4423, error: 194
#ERR  p: [1604, 1027], r: -1778, e: -4416, error: 195
#ERR  p: [1604, 1028], r: -1788, e: -4411, error: 196
#ERR  p: [1604, 1029], r: -1798, e: -4403, error: 197
#ERR  p: [1604, 1030], r: -1808, e: -4396, error: 198
#ERR  p: [1604, 1031], r: -1818, e: -4382, error: 199
#ERR  p: [1604, 1032], r: -1828, e: -4375, error: 200
#ERR  p: [1604, 1033], r: -1838, e: -4358, error: 201
#ERR  p: [1604, 1034], r: -1848, e: -4364, error: 202
#ERR  p: [1604, 1035], r: -1858, e: -4358, error: 203
#ERR  p: [1604, 1036], r: -1868, e: -4344, error: 204
#ERR  p: [1604, 1037], r: -1878, e: -4334, error: 205
#ERR  p: [1604, 1038], r: -1888, e: -4322, error: 206
#ERR  p: [1604, 1039], r: -1898, e: -4312, error: 207
#ERR  p: [1604, 1040], r: -1908, e: -4294, error: 208
#ERR  p: [1604, 1041], r: -1918, e: -4298, error: 209
#ERR  p: [1604, 1042], r: -1928, e: -4290, error: 210
#ERR  p: [1604, 1043], r: -1938, e: -4280, error: 211
#ERR  p: [1604, 1044], r: -1948, e: -4268, error: 212
#ERR  p: [1604, 1045], r: -1958, e: -4259, error: 213
#ERR  p: [1604, 1046], r: -1968, e: -4253, error: 214
#ERR  p: [1604, 1047], r: -1978, e: -4245, error: 215
#ERR  p: [1604, 1048], r: -1988, e: -4235, error: 216
#ERR  p: [1604, 1049], r: -1998, e: -4227, error: 217
#ERR  p: [1604, 1050], r: -2008, e: -4219, error: 218
#ERR  p: [1604, 1051], r: -2018, e: -4209, error: 219
#ERR  p: [1604, 1052], r: -2028, e: -4201, error: 220
#ERR  p: [1604, 1053], r: -2038, e: -4196, error: 221
#ERR  p: [1604, 1054], r: -2048, e: -4192, error: 222
#ERR  p: [1604, 1055], r: -2058, e: -4184, error: 223
#ERR  p: [1604, 1056], r: -2068, e: -4190, error: 224
#ERR  p: [1604, 1057], r: -2078, e: -4186, error: 225
#ERR  p: [1604, 1058], r: -2088, e: -4181, error: 226
#ERR  p: [1604, 1059], r: -2098, e: -4175, error: 227
#ERR  p: [1604, 1060], r: -2108, e: -4169, error: 228
#ERR  p: [1604, 1061], r: -2118, e: -4157, error: 229
#ERR  p: [1604, 1062], r: -2128, e: -4147, error: 230
#ERR  p: [1604, 1063], r: -2138, e: -4143, error: 231
#ERR  p: [1604, 1064], r: -2148, e: -4133, error: 232
#ERR  p: [1604, 1065], r: -2158, e: -4117, error: 233
#ERR  p: [1604, 1066], r: -2168, e: -4107, error: 234
#ERR  p: [1604, 1067], r: -2178, e: -4099, error: 235
#ERR  p: [1604, 1068], r: -2188, e: -4089, error: 236
#ERR  p: [1604, 1069], r: -2198, e: -4083, error: 237
#ERR  p: [1604, 1070], r: -2208, e: -4078, error: 238
#ERR  p: [1604, 1071], r: -2218, e: -4072, error: 239
#ERR  p: [1604, 1072], r: -2228, e: -4065, error: 240
#ERR  p: [1604, 1073], r: -2238, e: -4053, error: 241
#ERR  p: [1604, 1074], r: -2248, e: -4040, error: 242
#ERR  p: [1604, 1075], r: -2258, e: -4021, error: 243
#ERR  p: [1604, 1076], r: -2268, e: -4014, error: 244
#ERR  p: [1604, 1077], r: -2278, e: -4008, error: 245
#ERR  p: [1604, 1078], r: -2288, e: -3990, error: 246
#ERR  p: [1604, 1079], r: -2298, e: -3983, error: 247
#ERR  p: [1604, 1080], r: -2308, e: -3978, error: 248
#ERR  p: [1604, 1081], r: -2318, e: -3976, error: 249
#ERR  p: [1604, 1082], r: -2328, e: -3973, error: 250
#ERR  p: [1604, 1083], r: -2338, e: -3963, error: 251
#ERR  p: [1604, 1084], r: -2348, e: -3955, error: 252
#ERR  p: [1604, 1085], r: -2358, e: -3948, error: 253
#ERR  p: [1604, 1086], r: -2368, e: -3939, error: 254
#ERR  p: [1604, 1087], r: -2378, e: -3920, error: 255
#ERR  p: [1604, 1088], r: -2388, e: -3909, error: 256
#ERR  p: [1604, 1089], r: -2398, e: -3900, error: 257
#ERR  p: [1604, 1090], r: -2408, e: -3897, error: 258
#ERR  p: [1604, 1091], r: -2418, e: -3881, error: 259
#ERR  p: [1604, 1092], r: -2428, e: -3871, error: 260
#ERR  p: [1604, 1093], r: -2438, e: -3862, error: 261
#ERR  p: [1604, 1094], r: -2448, e: -3851, error: 262
#ERR  p: [1604, 1095], r: -2458, e: -3841, error: 263
#ERR  p: [1604, 1096], r: -2468, e: -3840, error: 264
#ERR  p: [1604, 1097], r: -2478, e: -3834, error: 265
#ERR  p: [1604, 1098], r: -2488, e: -3824, error: 266
#ERR  p: [1604, 1099], r: -2498, e: -3819, error: 267
#ERR  p: [1604, 1100], r: -2508, e: -3809, error: 268
#ERR  p: [1604, 1101], r: -2518, e: -3800, error: 269
#ERR  p: [1604, 1102], r: -2528, e: -3790, error: 270
#ERR  p: [1604, 1103], r: -2538, e: -3784, error: 271
#ERR  p: [1604, 1104], r: -2548, e: -3781, error: 272
#ERR  p: [1604, 1105], r: -2558, e: -3769, error: 273
#ERR  p: [1604, 1106], r: -2568, e: -3751, error: 274
#ERR  p: [1604, 1107], r: -2578, e: -3750, error: 275
#ERR  p: [1604, 1108], r: -2588, e: -3745, error: 276
#ERR  p: [1604, 1109], r: -2598, e: -3738, error: 277
#ERR  p: [1604, 1110], r: -2608, e: -3740, error: 278
#ERR  p: [1604, 1111], r: -2618, e: -3731, error: 279
#ERR  p: [1604, 1112], r: -2628, e: -3722, error: 280
#ERR  p: [1604, 1113], r: -2638, e: -3717, error: 281
#ERR  p: [1604, 1114], r: -2648, e: -3708, error: 282
#ERR  p: [1604, 1115], r: -2658, e: -3709, error: 283
#ERR  p: [1604, 1116], r: -2668, e: -3699, error: 284
#ERR  p: [1604, 1117], r: -2678, e: -3696, error: 285
#ERR  p: [1604, 1118], r: -2688, e: -3694, error: 286
#ERR  p: [1604, 1119], r: -2698, e: -3685, error: 287
#ERR  p: [1604, 1120], r: -2708, e: -3685, error: 288
#ERR  p: [1604, 1121], r: -2718, e: -3673, error: 289
#ERR  p: [1604, 1122], r: -2728, e: -3655, error: 290
#ERR  p: [1604, 1123], r: -2738, e: -3654, error: 291
#ERR  p: [1604, 1124], r: -2748, e: -3642, error: 292
#ERR  p: [1604, 1125], r: -2758, e: -3633, error: 293
#ERR  p: [1604, 1126], r: -2768, e: -3626, error: 294
#ERR  p: [1604, 1127], r: -2778, e: -3622, error: 295
#ERR  p: [1604, 1128], r: -2788, e: -3607, error: 296
#ERR  p: [1604, 1129], r: -2798, e: -3599, error: 297
#ERR  p: [1604, 1130], r: -2808, e: -3594, error: 298
#ERR  p: [1604, 1131], r: -2818, e: -3596, error: 299
#ERR  p: [1604, 1132], r: -2828, e: -3586, error: 300
#ERR  p: [1604, 1133], r: -2838, e: -3577, error: 301
#ERR  p: [1604, 1134], r: -2848, e: -3566, error: 302
#ERR  p: [1604, 1135], r: -2858, e: -3555, error: 303
#ERR  p: [1604, 1136], r: -2868, e: -3545, error: 304
#ERR  p: [1604, 1137], r: -2878, e: -3539, error: 305
#ERR  p: [1604, 1138], r: -2888, e: -3533, error: 306
#ERR  p: [1604, 1139], r: -2898, e: -3537, error: 307
#ERR  p: [1604, 1140], r: -2908, e: -3533, error: 308
#ERR  p: [1604, 1141], r: -2918, e: -3526, error: 309
#ERR  p: [1604, 1142], r: -2928, e: -3515, error: 310
#ERR  p: [1604, 1143], r: -2938, e: -3505, error: 311
#ERR  p: [1604, 1144], r: -2948, e: -3497, error: 312
#ERR  p: [1604, 1145], r: -2958, e: -3490, error: 313
#ERR  p: [1604, 1146], r: -2968, e: -3482, error: 314
#ERR  p: [1604, 1147], r: -2978, e: -3476, error: 315
#ERR  p: [1604, 1148], r: -2988, e: -3466, error: 316
#ERR  p: [1604, 1149], r: -2998, e: -3457, error: 317
#ERR  p: [1604, 1150], r: -3008, e: -3446, error: 318
#ERR  p: [1604, 1151], r: -3018, e: -3435, error: 319
#ERR  p: [1604, 1152], r: -3028, e: -3427, error: 320
#ERR  p: [1604, 1153], r: -3038, e: -3421, error: 321
#ERR  p: [1604, 1154], r: -3048, e: -3405, error: 322
#ERR  p: [1604, 1155], r: -3058, e: -3397, error: 323
#ERR  p: [1604, 1156], r: -3068, e: -3387, error: 324
#ERR  p: [1604, 1157], r: -3078, e: -3390, error: 325
#ERR  p: [1604, 1158], r: -3088, e: -3380, error: 326
#ERR  p: [1604, 1159], r: -3098, e: -3365, error: 327
#ERR  p: [1604, 1160], r: -3108, e: -3358, error: 328
#ERR  p: [1604, 1161], r: -3118, e: -3359, error: 329
#ERR  p: [1604, 1162], r: -3128, e: -3342, error: 330
#ERR  p: [1604, 1163], r: -3138, e: -3335, error: 331
#ERR  p: [1604, 1164], r: -3148, e: -3326, error: 332
#ERR  p: [1604, 1165], r: -3158, e: -3327, error: 333
#ERR  p: [1604, 1166], r: -3168, e: -3329, error: 334
#ERR  p: [1604, 1167], r: -3178, e: -3324, error: 335
#ERR  p: [1604, 1168], r: -3188, e: -3320, error: 336
#ERR  p: [1604, 1169], r: -3198, e: -3321, error: 337
#ERR  p: [1604, 1170], r: -3208, e: -3310, error: 338
#ERR  p: [1604, 1171], r: -3218, e: -3298, error: 339
#ERR  p: [1604, 1172], r: -3228, e: -3288, error: 340
#ERR  p: [1604, 1173], r: -3238, e: -3273, error: 341
#ERR  p: [1604, 1174], r: -3248, e: -3262, error: 342
#ERR  p: [1605, 836], r: -6001, e: -6147, error: 343
#ERR  p: [1605, 837], r: -5987, e: -6138, error: 344
#ERR  p: [1605, 838], r: -5975, e: -6129, error: 345
#ERR  p: [1605, 839], r: -5963, e: -6119, error: 346
#ERR  p: [1605, 840], r: -5953, e: -6108, error: 347
#ERR  p: [1605, 841], r: -5945, e: -6098, error: 348
#ERR  p: [1605, 842], r: -5936, e: -6089, error: 349
#ERR  p: [1605, 843], r: -5925, e: -6079, error: 350
#ERR  p: [1605, 844], r: -5914, e: -6067, error: 351
#ERR  p: [1605, 845], r: -5905, e: -6058, error: 352
#ERR  p: [1605, 846], r: -5894, e: -6047, error: 353
#ERR  p: [1605, 847], r: -5904, e: -6035, error: 354
#ERR  p: [1605, 848], r: -5914, e: -6024, error: 355
#ERR  p: [1605, 849], r: 11, e: -6015, error: 356
#ERR  p: [1605, 850], r: 1, e: -6004, error: 357
#ERR  p: [1605, 851], r: -9, e: -5994, error: 358
#ERR  p: [1605, 852], r: -19, e: -5985, error: 359
#ERR  p: [1605, 853], r: -29, e: -5974, error: 360
#ERR  p: [1605, 854], r: -39, e: -5965, error: 361
#ERR  p: [1605, 855], r: -49, e: -5958, error: 362
#ERR  p: [1605, 856], r: -59, e: -5950, error: 363
#ERR  p: [1605, 857], r: -69, e: -5942, error: 364
#ERR  p: [1605, 858], r: -77, e: -5933, error: 365
#ERR  p: [1605, 859], r: -87, e: -5929, error: 366
#ERR  p: [1605, 860], r: -97, e: -5918, error: 367
#ERR  p: [1605, 861], r: -107, e: -5902, error: 368
#ERR  p: [1605, 862], r: -117, e: -5893, error: 369
#ERR  p: [1605, 863], r: -127, e: -5886, error: 370
#ERR  p: [1605, 864], r: -137, e: -5877, error: 371
#ERR  p: [1605, 865], r: -146, e: -5865, error: 372
#ERR  p: [1605, 866], r: -156, e: -5859, error: 373
#ERR  p: [1605, 867], r: -166, e: -5849, error: 374
#ERR  p: [1605, 868], r: -176, e: -5837, error: 375
#ERR  p: [1605, 869], r: -186, e: -5831, error: 376
#ERR  p: [1605, 870], r: -196, e: -5815, error: 377
#ERR  p: [1605, 871], r: -206, e: -5808, error: 378
#ERR  p: [1605, 872], r: -216, e: -5799, error: 379
#ERR  p: [1605, 873], r: -226, e: -5793, error: 380
#ERR  p: [1605, 874], r: -236, e: -5789, error: 381
#ERR  p: [1605, 875], r: -246, e: -5778, error: 382
#ERR  p: [1605, 876], r: -256, e: -5770, error: 383
#ERR  p: [1605, 877], r: -266, e: -5762, error: 384
#ERR  p: [1605, 878], r: -276, e: -5753, error: 385
#ERR  p: [1605, 879], r: -286, e: -5742, error: 386
#ERR  p: [1605, 880], r: -296, e: -5726, error: 387
#ERR  p: [1605, 881], r: -306, e: -5716, error: 388
#ERR  p: [1605, 882], r: -316, e: -5709, error: 389
#ERR  p: [1605, 883], r: -326, e: -5703, error: 390
#ERR  p: [1605, 884], r: -336, e: -5697, error: 391
#ERR  p: [1605, 885], r: -346, e: -5689, error: 392
#ERR  p: [1605, 886], r: -356, e: -5681, error: 393
#ERR  p: [1605, 887], r: -366, e: -5677, error: 394
#ERR  p: [1605, 888], r: -376, e: -5668, error: 395
#ERR  p: [1605, 889], r: -386, e: -5659, error: 396
#ERR  p: [1605, 890], r: -396, e: -5655, error: 397
#ERR  p: [1605, 891], r: -406, e: -5644, error: 398
#ERR  p: [1605, 892], r: -416, e: -5631, error: 399
#ERR  p: [1605, 893], r: -426, e: -5616, error: 400
#ERR  p: [1605, 894], r: -436, e: -5606, error: 401
#ERR  p: [1605, 895], r: -446, e: -5592, error: 402
#ERR  p: [1605, 896], r: -456, e: -5581, error: 403
#ERR  p: [1605, 897], r: -466, e: -5571, error: 404
#ERR  p: [1605, 898], r: -470, e: -5553, error: 405
#ERR  p: [1605, 899], r: -480, e: -5545, error: 406
#ERR  p: [1605, 900], r: -490, e: -5542, error: 407
#ERR  p: [1605, 901], r: -500, e: -5533, error: 408
#ERR  p: [1605, 902], r: -510, e: -5523, error: 409
#ERR  p: [1605, 903], r: -520, e: -5514, error: 410
#ERR  p: [1605, 904], r: -530, e: -5504, error: 411
#ERR  p: [1605, 905], r: -540, e: -5495, error: 412
#ERR  p: [1605, 906], r: -550, e: -5487, error: 413
#ERR  p: [1605, 907], r: -560, e: -5477, error: 414
#ERR  p: [1605, 908], r: -570, e: -5468, error: 415
#ERR  p: [1605, 909], r: -580, e: -5457, error: 416
#ERR  p: [1605, 910], r: -590, e: -5450, error: 417
#ERR  p: [1605, 911], r: -600, e: -5432, error: 418
#ERR  p: [1605, 912], r: -610, e: -5431, error: 419
#ERR  p: [1605, 913], r: -620, e: -5426, error: 420
#ERR  p: [1605, 914], r: -630, e: -5416, error: 421
#ERR  p: [1605, 915], r: -640, e: -5406, error: 422
#ERR  p: [1605, 916], r: -650, e: -5402, error: 423
#ERR  p: [1605, 917], r: -660, e: -5394, error: 424
#ERR  p: [1605, 918], r: -670, e: -5385, error: 425
#ERR  p: [1605, 919], r: -680, e: -5377, error: 426
#ERR  p: [1605, 920], r: -690, e: -5363, error: 427
#ERR  p: [1605, 921], r: -700, e: -5345, error: 428
#ERR  p: [1605, 922], r: -710, e: -5334, error: 429
#ERR  p: [1605, 923], r: -720, e: -5337, error: 430
#ERR  p: [1605, 924], r: -730, e: -5328, error: 431
#ERR  p: [1605, 925], r: -740, e: -5317, error: 432
#ERR  p: [1605, 926], r: -750, e: -5305, error: 433
#ERR  p: [1605, 927], r: -760, e: -5292, error: 434
#ERR  p: [1605, 928], r: -770, e: -5283, error: 435
#ERR  p: [1605, 929], r: -780, e: -5274, error: 436
#ERR  p: [1605, 930], r: -790, e: -5264, error: 437
#ERR  p: [1605, 931], r: -800, e: -5255, error: 438
#ERR  p: [1605, 932], r: -810, e: -5245, error: 439
#ERR  p: [1605, 933], r: -820, e: -5233, error: 440
#ERR  p: [1605, 934], r: -830, e: -5224, error: 441
#ERR  p: [1605, 935], r: -840, e: -5208, error: 442
#ERR  p: [1605, 936], r: -850, e: -5198, error: 443
#ERR  p: [1605, 937], r: -860, e: -5180, error: 444
#ERR  p: [1605, 938], r: -870, e: -5173, error: 445
#ERR  p: [1605, 939], r: -880, e: -5167, error: 446
#ERR  p: [1605, 940], r: -890, e: -5159, error: 447
#ERR  p: [1605, 941], r: -900, e: -5150, error: 448
#ERR  p: [1605, 942], r: -910, e: -5140, error: 449
#ERR  p: [1605, 943], r: -920, e: -5137, error: 450
#ERR  p: [1605, 944], r: -930, e: -5128, error: 451
#ERR  p: [1605, 945], r: -940, e: -5119, error: 452
#ERR  p: [1605, 946], r: -950, e: -5112, error: 453
#ERR  p: [1605, 947], r: -960, e: -5105, error: 454
#ERR  p: [1605, 948], r: -970, e: -5096, error: 455
#ERR  p: [1605, 949], r: -980, e: -5087, error: 456
#ERR  p: [1605, 950], r: -990, e: -5077, error: 457
#ERR  p: [1605, 951], r: -1000, e: -5071, error: 458
#ERR  p: [1605, 952], r: -1010, e: -5057, error: 459
#ERR  p: [1605, 953], r: -1020, e: -5047, error: 460
#ERR  p: [1605, 954], r: -1030, e: -5038, error: 461
#ERR  p: [1605, 955], r: -1040, e: -5026, error: 462
#ERR  p: [1605, 956], r: -1050, e: -5018, error: 463
#ERR  p: [1605, 957], r: -1060, e: -5010, error: 464
#ERR  p: [1605, 958], r: -1070, e: -5001, error: 465
#ERR  p: [1605, 959], r: -1080, e: -4994, error: 466
#ERR  p: [1605, 960], r: -1090, e: -4976, error: 467
#ERR  p: [1605, 961], r: -1100, e: -4967, error: 468
#ERR  p: [1605, 962], r: -1110, e: -4976, error: 469
#ERR  p: [1605, 963], r: -1120, e: -4969, error: 470
#ERR  p: [1605, 964], r: -1130, e: -4964, error: 471
#ERR  p: [1605, 965], r: -1140, e: -4956, error: 472
#ERR  p: [1605, 966], r: -1150, e: -4949, error: 473
#ERR  p: [1605, 967], r: -1160, e: -4957, error: 474
#ERR  p: [1605, 968], r: -1170, e: -4949, error: 475
#ERR  p: [1605, 969], r: -1180, e: -4941, error: 476
#ERR  p: [1605, 970], r: -1190, e: -4933, error: 477
#ERR  p: [1605, 971], r: -1200, e: -4923, error: 478
#ERR  p: [1605, 972], r: -1210, e: -4912, error: 479
#ERR  p: [1605, 973], r: -1220, e: -4903, error: 480
#ERR  p: [1605, 974], r: -1230, e: -4893, error: 481
#ERR  p: [1605, 975], r: -1240, e: -4882, error: 482
#ERR  p: [1605, 976], r: -1250, e: -4872, error: 483
#ERR  p: [1605, 977], r: -1260, e: -4862, error: 484
#ERR  p: [1605, 978], r: -1270, e: -4856, error: 485
#ERR  p: [1605, 979], r: -1280, e: -4847, error: 486
#ERR  p: [1605, 980], r: -1290, e: -4837, error: 487
#ERR  p: [1605, 981], r: -1300, e: -4826, error: 488
#ERR  p: [1605, 982], r: -1310, e: -4808, error: 489
#ERR  p: [1605, 983], r: -1320, e: -4798, error: 490
#ERR  p: [1605, 984], r: -1330, e: -4796, error: 491
#ERR  p: [1605, 985], r: -1340, e: -4780, error: 492
#ERR  p: [1605, 986], r: -1350, e: -4763, error: 493
#ERR  p: [1605, 987], r: -1360, e: -4744, error: 494
#ERR  p: [1605, 988], r: -1370, e: -4735, error: 495
#ERR  p: [1605, 989], r: -1380, e: -4727, error: 496
#ERR  p: [1605, 990], r: -1390, e: -4717, error: 497
#ERR  p: [1605, 991], r: -1400, e: -4707, error: 498
#ERR  p: [1605, 992], r: -1410, e: -4698, error: 499
#SDC Ite:0 KerTime:0.290605 AccTime:0.290605 KerErr:500 AccErr:500
#END