#HEADER max_rows:2048 max_cols:2048 penalty:10
#BEGIN Y:2016 M:09 D:07 Time:05:36:44
#IT Ite:0 KerTime:0.294772 AccTime:0.294772
#ERR Error detected! kerrors = 276725
#ERR  p: [139, 1898], r: 15899, e: -16862, error: 1
#ERR  p: [139, 1899], r: 15889, e: -16872, error: 2
#ERR  p: [139, 1900], r: 15879, e: -16882, error: 3
#ERR  p: [139, 1901], r: 15869, e: -16892, error: 4
#ERR  p: [139, 1902], r: 15859, e: -16902, error: 5
#ERR  p: [139, 1903], r: 15849, e: -16912, error: 6
#ERR  p: [139, 1904], r: 15839, e: -16922, error: 7
#ERR  p: [139, 1905], r: 15829, e: -16932, error: 8
#ERR  p: [139, 1906], r: 15819, e: -16942, error: 9
#ERR  p: [139, 1907], r: 15809, e: -16952, error: 10
#ERR  p: [139, 1908], r: 15799, e: -16962, error: 11
#ERR  p: [139, 1909], r: 15789, e: -16972, error: 12
#ERR  p: [139, 1910], r: 15779, e: -16982, error: 13
#ERR  p: [139, 1911], r: 15769, e: -16992, error: 14
#ERR  p: [139, 1912], r: 15759, e: -17002, error: 15
#ERR  p: [139, 1913], r: 15749, e: -17012, error: 16
#ERR  p: [139, 1914], r: 15739, e: -17022, error: 17
#ERR  p: [139, 1915], r: 15729, e: -17032, error: 18
#ERR  p: [139, 1916], r: 15719, e: -17042, error: 19
#ERR  p: [139, 1917], r: 15709, e: -17052, error: 20
#ERR  p: [139, 1918], r: 15699, e: -17062, error: 21
#ERR  p: [139, 1919], r: 15689, e: -17072, error: 22
#ERR  p: [139, 1920], r: 15679, e: -17082, error: 23
#ERR  p: [139, 1921], r: 15669, e: -17092, error: 24
#ERR  p: [139, 1922], r: 15659, e: -17102, error: 25
#ERR  p: [139, 1923], r: 15649, e: -17112, error: 26
#ERR  p: [139, 1924], r: 15639, e: -17122, error: 27
#ERR  p: [139, 1925], r: 15629, e: -17132, error: 28
#ERR  p: [139, 1926], r: 15619, e: -17142, error: 29
#ERR  p: [139, 1927], r: 15609, e: -17152, error: 30
#ERR  p: [139, 1928], r: 15599, e: -17162, error: 31
#ERR  p: [139, 1929], r: 15589, e: -17172, error: 32
#ERR  p: [139, 1930], r: 15579, e: -17182, error: 33
#ERR  p: [139, 1931], r: 15569, e: -17192, error: 34
#ERR  p: [139, 1932], r: 15559, e: -17202, error: 35
#ERR  p: [139, 1933], r: 15549, e: -17212, error: 36
#ERR  p: [139, 1934], r: 15539, e: -17222, error: 37
#ERR  p: [139, 1935], r: 15529, e: -17232, error: 38
#ERR  p: [139, 1936], r: 15519, e: -17242, error: 39
#ERR  p: [139, 1937], r: 15509, e: -17252, error: 40
#ERR  p: [139, 1938], r: 15499, e: -17262, error: 41
#ERR  p: [139, 1939], r: 15489, e: -17272, error: 42
#ERR  p: [139, 1940], r: 15479, e: -17282, error: 43
#ERR  p: [139, 1941], r: 15469, e: -17292, error: 44
#ERR  p: [139, 1942], r: 15459, e: -17302, error: 45
#ERR  p: [139, 1943], r: 15449, e: -17312, error: 46
#ERR  p: [139, 1944], r: 15439, e: -17322, error: 47
#ERR  p: [139, 1945], r: 15429, e: -17332, error: 48
#ERR  p: [139, 1946], r: 15419, e: -17342, error: 49
#ERR  p: [139, 1947], r: 15409, e: -17352, error: 50
#ERR  p: [139, 1948], r: 15399, e: -17362, error: 51
#ERR  p: [139, 1949], r: 15389, e: -17372, error: 52
#ERR  p: [139, 1950], r: 15379, e: -17382, error: 53
#ERR  p: [139, 1951], r: 15369, e: -17392, error: 54
#ERR  p: [139, 1952], r: 15359, e: -17402, error: 55
#ERR  p: [139, 1953], r: 15349, e: -17412, error: 56
#ERR  p: [139, 1954], r: 15339, e: -17422, error: 57
#ERR  p: [139, 1955], r: 15329, e: -17432, error: 58
#ERR  p: [139, 1956], r: 15319, e: -17442, error: 59
#ERR  p: [139, 1957], r: 15309, e: -17452, error: 60
#ERR  p: [139, 1958], r: 15299, e: -17462, error: 61
#ERR  p: [139, 1959], r: 15289, e: -17472, error: 62
#ERR  p: [139, 1960], r: 15279, e: -17482, error: 63
#ERR  p: [139, 1961], r: 15269, e: -17492, error: 64
#ERR  p: [139, 1962], r: 15259, e: -17502, error: 65
#ERR  p: [139, 1963], r: 15249, e: -17512, error: 66
#ERR  p: [139, 1964], r: 15239, e: -17522, error: 67
#ERR  p: [139, 1965], r: 15229, e: -17532, error: 68
#ERR  p: [139, 1966], r: 15219, e: -17542, error: 69
#ERR  p: [139, 1967], r: 15209, e: -17552, error: 70
#ERR  p: [139, 1968], r: 15199, e: -17562, error: 71
#ERR  p: [139, 1969], r: 15189, e: -17572, error: 72
#ERR  p: [139, 1970], r: 15179, e: -17582, error: 73
#ERR  p: [139, 1971], r: 15169, e: -17592, error: 74
#ERR  p: [139, 1972], r: 15159, e: -17602, error: 75
#ERR  p: [139, 1973], r: 15149, e: -17612, error: 76
#ERR  p: [139, 1974], r: 15139, e: -17622, error: 77
#ERR  p: [139, 1975], r: 15129, e: -17632, error: 78
#ERR  p: [139, 1976], r: 15119, e: -17642, error: 79
#ERR  p: [139, 1977], r: 15109, e: -17652, error: 80
#ERR  p: [139, 1978], r: 15099, e: -17662, error: 81
#ERR  p: [139, 1979], r: 15089, e: -17672, error: 82
#ERR  p: [139, 1980], r: 15079, e: -17682, error: 83
#ERR  p: [139, 1981], r: 15069, e: -17692, error: 84
#ERR  p: [139, 1982], r: 15059, e: -17702, error: 85
#ERR  p: [139, 1983], r: 15049, e: -17712, error: 86
#ERR  p: [139, 1984], r: 15039, e: -17722, error: 87
#ERR  p: [139, 1985], r: 15029, e: -17732, error: 88
#ERR  p: [139, 1986], r: 15019, e: -17742, error: 89
#ERR  p: [139, 1987], r: 15009, e: -17752, error: 90
#ERR  p: [139, 1988], r: 14999, e: -17762, error: 91
#ERR  p: [139, 1989], r: 14989, e: -17772, error: 92
#ERR  p: [139, 1990], r: 14979, e: -17782, error: 93
#ERR  p: [139, 1991], r: 14969, e: -17792, error: 94
#ERR  p: [139, 1992], r: 14959, e: -17802, error: 95
#ERR  p: [139, 1993], r: 14949, e: -17812, error: 96
#ERR  p: [139, 1994], r: 14939, e: -17822, error: 97
#ERR  p: [139, 1995], r: 14929, e: -17832, error: 98
#ERR  p: [139, 1996], r: 14919, e: -17842, error: 99
#ERR  p: [139, 1997], r: 14909, e: -17852, error: 100
#ERR  p: [139, 1998], r: 14899, e: -17862, error: 101
#ERR  p: [139, 1999], r: 14889, e: -17872, error: 102
#ERR  p: [139, 2000], r: 14879, e: -17882, error: 103
#ERR  p: [139, 2001], r: 14869, e: -17892, error: 104
#ERR  p: [139, 2002], r: 14859, e: -17902, error: 105
#ERR  p: [139, 2003], r: 14849, e: -17912, error: 106
#ERR  p: [139, 2004], r: 14839, e: -17922, error: 107
#ERR  p: [139, 2005], r: 14829, e: -17932, error: 108
#ERR  p: [139, 2006], r: 14819, e: -17942, error: 109
#ERR  p: [139, 2007], r: 14809, e: -17952, error: 110
#ERR  p: [139, 2008], r: 14799, e: -17962, error: 111
#ERR  p: [139, 2009], r: 14789, e: -17972, error: 112
#ERR  p: [139, 2010], r: 14779, e: -17982, error: 113
#ERR  p: [139, 2011], r: 14769, e: -17992, error: 114
#ERR  p: [139, 2012], r: 14759, e: -18002, error: 115
#ERR  p: [139, 2013], r: 14749, e: -18012, error: 116
#ERR  p: [139, 2014], r: 14739, e: -18022, error: 117
#ERR  p: [139, 2015], r: 14729, e: -18032, error: 118
#ERR  p: [139, 2016], r: 14719, e: -18042, error: 119
#ERR  p: [139, 2017], r: 14709, e: -18052, error: 120
#ERR  p: [139, 2018], r: 14699, e: -18062, error: 121
#ERR  p: [139, 2019], r: 14689, e: -18072, error: 122
#ERR  p: [139, 2020], r: 14679, e: -18082, error: 123
#ERR  p: [139, 2021], r: 14669, e: -18092, error: 124
#ERR  p: [139, 2022], r: 14659, e: -18102, error: 125
#ERR  p: [139, 2023], r: 14649, e: -18112, error: 126
#ERR  p: [139, 2024], r: 14639, e: -18122, error: 127
#ERR  p: [139, 2025], r: 14629, e: -18132, error: 128
#ERR  p: [139, 2026], r: 14619, e: -18142, error: 129
#ERR  p: [139, 2027], r: 14609, e: -18152, error: 130
#ERR  p: [139, 2028], r: 14599, e: -18162, error: 131
#ERR  p: [139, 2029], r: 14589, e: -18172, error: 132
#ERR  p: [139, 2030], r: 14579, e: -18182, error: 133
#ERR  p: [139, 2031], r: 14569, e: -18192, error: 134
#ERR  p: [139, 2032], r: 14559, e: -18202, error: 135
#ERR  p: [139, 2033], r: 14549, e: -18212, error: 136
#ERR  p: [139, 2034], r: 14539, e: -18222, error: 137
#ERR  p: [139, 2035], r: 14529, e: -18232, error: 138
#ERR  p: [139, 2036], r: 14519, e: -18242, error: 139
#ERR  p: [139, 2037], r: 14509, e: -18252, error: 140
#ERR  p: [139, 2038], r: 14499, e: -18262, error: 141
#ERR  p: [139, 2039], r: 14489, e: -18272, error: 142
#ERR  p: [139, 2040], r: 14479, e: -18282, error: 143
#ERR  p: [139, 2041], r: 14469, e: -18292, error: 144
#ERR  p: [139, 2042], r: 14459, e: -18302, error: 145
#ERR  p: [139, 2043], r: 14449, e: -18312, error: 146
#ERR  p: [139, 2044], r: 14439, e: -18322, error: 147
#ERR  p: [139, 2045], r: 14429, e: -18332, error: 148
#ERR  p: [139, 2046], r: 14419, e: -18342, error: 149
#ERR  p: [139, 2047], r: 14409, e: -18352, error: 150
#ERR  p: [139, 2048], r: 14399, e: -18362, error: 151
#ERR  p: [140, 1898], r: 15889, e: -16848, error: 152
#ERR  p: [140, 1899], r: 15897, e: -16858, error: 153
#ERR  p: [140, 1900], r: 15888, e: -16868, error: 154
#ERR  p: [140, 1901], r: 15878, e: -16878, error: 155
#ERR  p: [140, 1902], r: 15868, e: -16888, error: 156
#ERR  p: [140, 1903], r: 15858, e: -16898, error: 157
#ERR  p: [140, 1904], r: 15850, e: -16908, error: 158
#ERR  p: [140, 1905], r: 15840, e: -16918, error: 159
#ERR  p: [140, 1906], r: 15830, e: -16928, error: 160
#ERR  p: [140, 1907], r: 15820, e: -16938, error: 161
#ERR  p: [140, 1908], r: 15810, e: -16948, error: 162
#ERR  p: [140, 1909], r: 15800, e: -16958, error: 163
#ERR  p: [140, 1910], r: 15790, e: -16968, error: 164
#ERR  p: [140, 1911], r: 15780, e: -16978, error: 165
#ERR  p: [140, 1912], r: 15770, e: -16988, error: 166
#ERR  p: [140, 1913], r: 15760, e: -16998, error: 167
#ERR  p: [140, 1914], r: 15754, e: -17007, error: 168
#ERR  p: [140, 1915], r: 15744, e: -17017, error: 169
#ERR  p: [140, 1916], r: 15734, e: -17027, error: 170
#ERR  p: [140, 1917], r: 15724, e: -17037, error: 171
#ERR  p: [140, 1918], r: 15714, e: -17047, error: 172
#ERR  p: [140, 1919], r: 15704, e: -17057, error: 173
#ERR  p: [140, 1920], r: 15694, e: -17067, error: 174
#ERR  p: [140, 1921], r: 15684, e: -17077, error: 175
#ERR  p: [140, 1922], r: 15674, e: -17087, error: 176
#ERR  p: [140, 1923], r: 15664, e: -17097, error: 177
#ERR  p: [140, 1924], r: 15654, e: -17107, error: 178
#ERR  p: [140, 1925], r: 15644, e: -17117, error: 179
#ERR  p: [140, 1926], r: 15634, e: -17127, error: 180
#ERR  p: [140, 1927], r: 15624, e: -17137, error: 181
#ERR  p: [140, 1928], r: 15614, e: -17147, error: 182
#ERR  p: [140, 1929], r: 15604, e: -17157, error: 183
#ERR  p: [140, 1930], r: 15594, e: -17167, error: 184
#ERR  p: [140, 1931], r: 15584, e: -17177, error: 185
#ERR  p: [140, 1932], r: 15574, e: -17187, error: 186
#ERR  p: [140, 1933], r: 15564, e: -17197, error: 187
#ERR  p: [140, 1934], r: 15554, e: -17207, error: 188
#ERR  p: [140, 1935], r: 15544, e: -17217, error: 189
#ERR  p: [140, 1936], r: 15534, e: -17227, error: 190
#ERR  p: [140, 1937], r: 15524, e: -17237, error: 191
#ERR  p: [140, 1938], r: 15514, e: -17247, error: 192
#ERR  p: [140, 1939], r: 15504, e: -17257, error: 193
#ERR  p: [140, 1940], r: 15494, e: -17267, error: 194
#ERR  p: [140, 1941], r: 15484, e: -17277, error: 195
#ERR  p: [140, 1942], r: 15474, e: -17287, error: 196
#ERR  p: [140, 1943], r: 15464, e: -17297, error: 197
#ERR  p: [140, 1944], r: 15454, e: -17307, error: 198
#ERR  p: [140, 1945], r: 15444, e: -17317, error: 199
#ERR  p: [140, 1946], r: 15434, e: -17327, error: 200
#ERR  p: [140, 1947], r: 15424, e: -17337, error: 201
#ERR  p: [140, 1948], r: 15414, e: -17347, error: 202
#ERR  p: [140, 1949], r: 15404, e: -17357, error: 203
#ERR  p: [140, 1950], r: 15394, e: -17367, error: 204
#ERR  p: [140, 1951], r: 15384, e: -17377, error: 205
#ERR  p: [140, 1952], r: 15374, e: -17387, error: 206
#ERR  p: [140, 1953], r: 15364, e: -17397, error: 207
#ERR  p: [140, 1954], r: 15354, e: -17407, error: 208
#ERR  p: [140, 1955], r: 15344, e: -17417, error: 209
#ERR  p: [140, 1956], r: 15334, e: -17427, error: 210
#ERR  p: [140, 1957], r: 15324, e: -17437, error: 211
#ERR  p: [140, 1958], r: 15314, e: -17447, error: 212
#ERR  p: [140, 1959], r: 15304, e: -17457, error: 213
#ERR  p: [140, 1960], r: 15294, e: -17467, error: 214
#ERR  p: [140, 1961], r: 15284, e: -17477, error: 215
#ERR  p: [140, 1962], r: 15274, e: -17487, error: 216
#ERR  p: [140, 1963], r: 15264, e: -17497, error: 217
#ERR  p: [140, 1964], r: 15254, e: -17507, error: 218
#ERR  p: [140, 1965], r: 15244, e: -17517, error: 219
#ERR  p: [140, 1966], r: 15234, e: -17527, error: 220
#ERR  p: [140, 1967], r: 15224, e: -17537, error: 221
#ERR  p: [140, 1968], r: 15214, e: -17547, error: 222
#ERR  p: [140, 1969], r: 15204, e: -17557, error: 223
#ERR  p: [140, 1970], r: 15194, e: -17567, error: 224
#ERR  p: [140, 1971], r: 15184, e: -17577, error: 225
#ERR  p: [140, 1972], r: 15174, e: -17587, error: 226
#ERR  p: [140, 1973], r: 15164, e: -17597, error: 227
#ERR  p: [140, 1974], r: 15154, e: -17607, error: 228
#ERR  p: [140, 1975], r: 15144, e: -17617, error: 229
#ERR  p: [140, 1976], r: 15134, e: -17627, error: 230
#ERR  p: [140, 1977], r: 15124, e: -17637, error: 231
#ERR  p: [140, 1978], r: 15114, e: -17647, error: 232
#ERR  p: [140, 1979], r: 15104, e: -17657, error: 233
#ERR  p: [140, 1980], r: 15094, e: -17667, error: 234
#ERR  p: [140, 1981], r: 15084, e: -17677, error: 235
#ERR  p: [140, 1982], r: 15074, e: -17687, error: 236
#ERR  p: [140, 1983], r: 15064, e: -17697, error: 237
#ERR  p: [140, 1984], r: 15054, e: -17707, error: 238
#ERR  p: [140, 1985], r: 15044, e: -17717, error: 239
#ERR  p: [140, 1986], r: 15034, e: -17727, error: 240
#ERR  p: [140, 1987], r: 15024, e: -17737, error: 241
#ERR  p: [140, 1988], r: 15014, e: -17747, error: 242
#ERR  p: [140, 1989], r: 15004, e: -17757, error: 243
#ERR  p: [140, 1990], r: 14994, e: -17767, error: 244
#ERR  p: [140, 1991], r: 14984, e: -17777, error: 245
#ERR  p: [140, 1992], r: 14974, e: -17787, error: 246
#ERR  p: [140, 1993], r: 14964, e: -17797, error: 247
#ERR  p: [140, 1994], r: 14954, e: -17807, error: 248
#ERR  p: [140, 1995], r: 14944, e: -17817, error: 249
#ERR  p: [140, 1996], r: 14934, e: -17827, error: 250
#ERR  p: [140, 1997], r: 14924, e: -17837, error: 251
#ERR  p: [140, 1998], r: 14914, e: -17847, error: 252
#ERR  p: [140, 1999], r: 14904, e: -17857, error: 253
#ERR  p: [140, 2000], r: 14894, e: -17867, error: 254
#ERR  p: [140, 2001], r: 14884, e: -17877, error: 255
#ERR  p: [140, 2002], r: 14874, e: -17887, error: 256
#ERR  p: [140, 2003], r: 14864, e: -17897, error: 257
#ERR  p: [140, 2004], r: 14854, e: -17907, error: 258
#ERR  p: [140, 2005], r: 14844, e: -17917, error: 259
#ERR  p: [140, 2006], r: 14834, e: -17927, error: 260
#ERR  p: [140, 2007], r: 14824, e: -17937, error: 261
#ERR  p: [140, 2008], r: 14814, e: -17947, error: 262
#ERR  p: [140, 2009], r: 14804, e: -17957, error: 263
#ERR  p: [140, 2010], r: 14794, e: -17967, error: 264
#ERR  p: [140, 2011], r: 14784, e: -17977, error: 265
#ERR  p: [140, 2012], r: 14774, e: -17987, error: 266
#ERR  p: [140, 2013], r: 14764, e: -17997, error: 267
#ERR  p: [140, 2014], r: 14754, e: -18007, error: 268
#ERR  p: [140, 2015], r: 14744, e: -18017, error: 269
#ERR  p: [140, 2016], r: 14734, e: -18027, error: 270
#ERR  p: [140, 2017], r: 14724, e: -18037, error: 271
#ERR  p: [140, 2018], r: 14714, e: -18047, error: 272
#ERR  p: [140, 2019], r: 14704, e: -18057, error: 273
#ERR  p: [140, 2020], r: 14694, e: -18067, error: 274
#ERR  p: [140, 2021], r: 14684, e: -18077, error: 275
#ERR  p: [140, 2022], r: 14674, e: -18087, error: 276
#ERR  p: [140, 2023], r: 14664, e: -18097, error: 277
#ERR  p: [140, 2024], r: 14654, e: -18107, error: 278
#ERR  p: [140, 2025], r: 14644, e: -18117, error: 279
#ERR  p: [140, 2026], r: 14634, e: -18127, error: 280
#ERR  p: [140, 2027], r: 14624, e: -18137, error: 281
#ERR  p: [140, 2028], r: 14614, e: -18147, error: 282
#ERR  p: [140, 2029], r: 14604, e: -18157, error: 283
#ERR  p: [140, 2030], r: 14594, e: -18167, error: 284
#ERR  p: [140, 2031], r: 14584, e: -18177, error: 285
#ERR  p: [140, 2032], r: 14574, e: -18187, error: 286
#ERR  p: [140, 2033], r: 14564, e: -18197, error: 287
#ERR  p: [140, 2034], r: 14554, e: -18207, error: 288
#ERR  p: [140, 2035], r: 14544, e: -18217, error: 289
#ERR  p: [140, 2036], r: 14534, e: -18227, error: 290
#ERR  p: [140, 2037], r: 14524, e: -18237, error: 291
#ERR  p: [140, 2038], r: 14514, e: -18247, error: 292
#ERR  p: [140, 2039], r: 14504, e: -18257, error: 293
#ERR  p: [140, 2040], r: 14494, e: -18267, error: 294
#ERR  p: [140, 2041], r: 14484, e: -18277, error: 295
#ERR  p: [140, 2042], r: 14474, e: -18287, error: 296
#ERR  p: [140, 2043], r: 14464, e: -18297, error: 297
#ERR  p: [140, 2044], r: 14454, e: -18307, error: 298
#ERR  p: [140, 2045], r: 14444, e: -18317, error: 299
#ERR  p: [140, 2046], r: 14434, e: -18327, error: 300
#ERR  p: [140, 2047], r: 14424, e: -18337, error: 301
#ERR  p: [140, 2048], r: 14414, e: -18347, error: 302
#ERR  p: [141, 1898], r: 15879, e: -16834, error: 303
#ERR  p: [141, 1899], r: 15887, e: -16844, error: 304
#ERR  p: [141, 1900], r: 15897, e: -16854, error: 305
#ERR  p: [141, 1901], r: 15887, e: -16864, error: 306
#ERR  p: [141, 1902], r: 15877, e: -16874, error: 307
#ERR  p: [141, 1903], r: 15867, e: -16884, error: 308
#ERR  p: [141, 1904], r: 15862, e: -16894, error: 309
#ERR  p: [141, 1905], r: 15852, e: -16904, error: 310
#ERR  p: [141, 1906], r: 15842, e: -16914, error: 311
#ERR  p: [141, 1907], r: 15832, e: -16924, error: 312
#ERR  p: [141, 1908], r: 15822, e: -16934, error: 313
#ERR  p: [141, 1909], r: 15812, e: -16944, error: 314
#ERR  p: [141, 1910], r: 15802, e: -16954, error: 315
#ERR  p: [141, 1911], r: 15792, e: -16964, error: 316
#ERR  p: [141, 1912], r: 15782, e: -16974, error: 317
#ERR  p: [141, 1913], r: 15772, e: -16984, error: 318
#ERR  p: [141, 1914], r: 15762, e: -16994, error: 319
#ERR  p: [141, 1915], r: 15754, e: -17004, error: 320
#ERR  p: [141, 1916], r: 15744, e: -17014, error: 321
#ERR  p: [141, 1917], r: 15734, e: -17024, error: 322
#ERR  p: [141, 1918], r: 15724, e: -17034, error: 323
#ERR  p: [141, 1919], r: 15714, e: -17044, error: 324
#ERR  p: [141, 1920], r: 15704, e: -17054, error: 325
#ERR  p: [141, 1921], r: 15694, e: -17064, error: 326
#ERR  p: [141, 1922], r: 15684, e: -17074, error: 327
#ERR  p: [141, 1923], r: 15674, e: -17084, error: 328
#ERR  p: [141, 1924], r: 15664, e: -17094, error: 329
#ERR  p: [141, 1925], r: 15654, e: -17104, error: 330
#ERR  p: [141, 1926], r: 15645, e: -17114, error: 331
#ERR  p: [141, 1927], r: 15635, e: -17124, error: 332
#ERR  p: [141, 1928], r: 15625, e: -17134, error: 333
#ERR  p: [141, 1929], r: 15615, e: -17144, error: 334
#ERR  p: [141, 1930], r: 15605, e: -17154, error: 335
#ERR  p: [141, 1931], r: 15595, e: -17164, error: 336
#ERR  p: [141, 1932], r: 15585, e: -17174, error: 337
#ERR  p: [141, 1933], r: 15575, e: -17184, error: 338
#ERR  p: [141, 1934], r: 15565, e: -17194, error: 339
#ERR  p: [141, 1935], r: 15555, e: -17204, error: 340
#ERR  p: [141, 1936], r: 15545, e: -17214, error: 341
#ERR  p: [141, 1937], r: 15535, e: -17224, error: 342
#ERR  p: [141, 1938], r: 15525, e: -17234, error: 343
#ERR  p: [141, 1939], r: 15518, e: -17243, error: 344
#ERR  p: [141, 1940], r: 15508, e: -17253, error: 345
#ERR  p: [141, 1941], r: 15498, e: -17263, error: 346
#ERR  p: [141, 1942], r: 15488, e: -17273, error: 347
#ERR  p: [141, 1943], r: 15478, e: -17283, error: 348
#ERR  p: [141, 1944], r: 15468, e: -17293, error: 349
#ERR  p: [141, 1945], r: 15458, e: -17303, error: 350
#ERR  p: [141, 1946], r: 15448, e: -17313, error: 351
#ERR  p: [141, 1947], r: 15438, e: -17323, error: 352
#ERR  p: [141, 1948], r: 15428, e: -17333, error: 353
#ERR  p: [141, 1949], r: 15418, e: -17343, error: 354
#ERR  p: [141, 1950], r: 15408, e: -17353, error: 355
#ERR  p: [141, 1951], r: 15398, e: -17363, error: 356
#ERR  p: [141, 1952], r: 15388, e: -17373, error: 357
#ERR  p: [141, 1953], r: 15378, e: -17383, error: 358
#ERR  p: [141, 1954], r: 15368, e: -17393, error: 359
#ERR  p: [141, 1955], r: 15358, e: -17403, error: 360
#ERR  p: [141, 1956], r: 15348, e: -17413, error: 361
#ERR  p: [141, 1957], r: 15338, e: -17423, error: 362
#ERR  p: [141, 1958], r: 15328, e: -17433, error: 363
#ERR  p: [141, 1959], r: 15318, e: -17443, error: 364
#ERR  p: [141, 1960], r: 15308, e: -17453, error: 365
#ERR  p: [141, 1961], r: 15298, e: -17463, error: 366
#ERR  p: [141, 1962], r: 15288, e: -17473, error: 367
#ERR  p: [141, 1963], r: 15278, e: -17483, error: 368
#ERR  p: [141, 1964], r: 15268, e: -17493, error: 369
#ERR  p: [141, 1965], r: 15258, e: -17503, error: 370
#ERR  p: [141, 1966], r: 15248, e: -17513, error: 371
#ERR  p: [141, 1967], r: 15238, e: -17523, error: 372
#ERR  p: [141, 1968], r: 15228, e: -17533, error: 373
#ERR  p: [141, 1969], r: 15218, e: -17543, error: 374
#ERR  p: [141, 1970], r: 15208, e: -17553, error: 375
#ERR  p: [141, 1971], r: 15198, e: -17563, error: 376
#ERR  p: [141, 1972], r: 15188, e: -17573, error: 377
#ERR  p: [141, 1973], r: 15178, e: -17583, error: 378
#ERR  p: [141, 1974], r: 15168, e: -17593, error: 379
#ERR  p: [141, 1975], r: 15158, e: -17603, error: 380
#ERR  p: [141, 1976], r: 15148, e: -17613, error: 381
#ERR  p: [141, 1977], r: 15138, e: -17623, error: 382
#ERR  p: [141, 1978], r: 15128, e: -17633, error: 383
#ERR  p: [141, 1979], r: 15118, e: -17643, error: 384
#ERR  p: [141, 1980], r: 15108, e: -17653, error: 385
#ERR  p: [141, 1981], r: 15098, e: -17663, error: 386
#ERR  p: [141, 1982], r: 15088, e: -17673, error: 387
#ERR  p: [141, 1983], r: 15078, e: -17683, error: 388
#ERR  p: [141, 1984], r: 15068, e: -17693, error: 389
#ERR  p: [141, 1985], r: 15058, e: -17703, error: 390
#ERR  p: [141, 1986], r: 15048, e: -17713, error: 391
#ERR  p: [141, 1987], r: 15038, e: -17723, error: 392
#ERR  p: [141, 1988], r: 15028, e: -17733, error: 393
#ERR  p: [141, 1989], r: 15018, e: -17743, error: 394
#ERR  p: [141, 1990], r: 15008, e: -17753, error: 395
#ERR  p: [141, 1991], r: 14998, e: -17763, error: 396
#ERR  p: [141, 1992], r: 14988, e: -17773, error: 397
#ERR  p: [141, 1993], r: 14978, e: -17783, error: 398
#ERR  p: [141, 1994], r: 14968, e: -17793, error: 399
#ERR  p: [141, 1995], r: 14958, e: -17803, error: 400
#ERR  p: [141, 1996], r: 14948, e: -17813, error: 401
#ERR  p: [141, 1997], r: 14938, e: -17823, error: 402
#ERR  p: [141, 1998], r: 14928, e: -17833, error: 403
#ERR  p: [141, 1999], r: 14918, e: -17843, error: 404
#ERR  p: [141, 2000], r: 14908, e: -17853, error: 405
#ERR  p: [141, 2001], r: 14898, e: -17863, error: 406
#ERR  p: [141, 2002], r: 14888, e: -17873, error: 407
#ERR  p: [141, 2003], r: 14878, e: -17883, error: 408
#ERR  p: [141, 2004], r: 14868, e: -17893, error: 409
#ERR  p: [141, 2005], r: 14858, e: -17903, error: 410
#ERR  p: [141, 2006], r: 14848, e: -17913, error: 411
#ERR  p: [141, 2007], r: 14838, e: -17923, error: 412
#ERR  p: [141, 2008], r: 14828, e: -17933, error: 413
#ERR  p: [141, 2009], r: 14818, e: -17943, error: 414
#ERR  p: [141, 2010], r: 14808, e: -17953, error: 415
#ERR  p: [141, 2011], r: 14798, e: -17963, error: 416
#ERR  p: [141, 2012], r: 14788, e: -17973, error: 417
#ERR  p: [141, 2013], r: 14778, e: -17983, error: 418
#ERR  p: [141, 2014], r: 14768, e: -17993, error: 419
#ERR  p: [141, 2015], r: 14758, e: -18003, error: 420
#ERR  p: [141, 2016], r: 14748, e: -18013, error: 421
#ERR  p: [141, 2017], r: 14738, e: -18023, error: 422
#ERR  p: [141, 2018], r: 14728, e: -18033, error: 423
#ERR  p: [141, 2019], r: 14718, e: -18043, error: 424
#ERR  p: [141, 2020], r: 14708, e: -18053, error: 425
#ERR  p: [141, 2021], r: 14698, e: -18063, error: 426
#ERR  p: [141, 2022], r: 14688, e: -18073, error: 427
#ERR  p: [141, 2023], r: 14678, e: -18083, error: 428
#ERR  p: [141, 2024], r: 14668, e: -18093, error: 429
#ERR  p: [141, 2025], r: 14658, e: -18103, error: 430
#ERR  p: [141, 2026], r: 14648, e: -18113, error: 431
#ERR  p: [141, 2027], r: 14638, e: -18123, error: 432
#ERR  p: [141, 2028], r: 14628, e: -18133, error: 433
#ERR  p: [141, 2029], r: 14618, e: -18143, error: 434
#ERR  p: [141, 2030], r: 14608, e: -18153, error: 435
#ERR  p: [141, 2031], r: 14598, e: -18163, error: 436
#ERR  p: [141, 2032], r: 14588, e: -18173, error: 437
#ERR  p: [141, 2033], r: 14578, e: -18183, error: 438
#ERR  p: [141, 2034], r: 14568, e: -18193, error: 439
#ERR  p: [141, 2035], r: 14558, e: -18203, error: 440
#ERR  p: [141, 2036], r: 14548, e: -18213, error: 441
#ERR  p: [141, 2037], r: 14538, e: -18223, error: 442
#ERR  p: [141, 2038], r: 14528, e: -18233, error: 443
#ERR  p: [141, 2039], r: 14518, e: -18243, error: 444
#ERR  p: [141, 2040], r: 14508, e: -18253, error: 445
#ERR  p: [141, 2041], r: 14498, e: -18263, error: 446
#ERR  p: [141, 2042], r: 14488, e: -18273, error: 447
#ERR  p: [141, 2043], r: 14478, e: -18283, error: 448
#ERR  p: [141, 2044], r: 14468, e: -18293, error: 449
#ERR  p: [141, 2045], r: 14458, e: -18303, error: 450
#ERR  p: [141, 2046], r: 14448, e: -18313, error: 451
#ERR  p: [141, 2047], r: 14438, e: -18323, error: 452
#ERR  p: [141, 2048], r: 14428, e: -18333, error: 453
#ERR  p: [142, 1898], r: 15869, e: -16820, error: 454
#ERR  p: [142, 1899], r: 15877, e: -16830, error: 455
#ERR  p: [142, 1900], r: 15891, e: -16840, error: 456
#ERR  p: [142, 1901], r: 15893, e: -16850, error: 457
#ERR  p: [142, 1902], r: 15884, e: -16860, error: 458
#ERR  p: [142, 1903], r: 15875, e: -16870, error: 459
#ERR  p: [142, 1904], r: 15867, e: -16880, error: 460
#ERR  p: [142, 1905], r: 15866, e: -16890, error: 461
#ERR  p: [142, 1906], r: 15856, e: -16900, error: 462
#ERR  p: [142, 1907], r: 15846, e: -16910, error: 463
#ERR  p: [142, 1908], r: 15836, e: -16920, error: 464
#ERR  p: [142, 1909], r: 15826, e: -16930, error: 465
#ERR  p: [142, 1910], r: 15816, e: -16940, error: 466
#ERR  p: [142, 1911], r: 15806, e: -16950, error: 467
#ERR  p: [142, 1912], r: 15796, e: -16960, error: 468
#ERR  p: [142, 1913], r: 15786, e: -16970, error: 469
#ERR  p: [142, 1914], r: 15776, e: -16980, error: 470
#ERR  p: [142, 1915], r: 15766, e: -16990, error: 471
#ERR  p: [142, 1916], r: 15756, e: -17000, error: 472
#ERR  p: [142, 1917], r: 15746, e: -17010, error: 473
#ERR  p: [142, 1918], r: 15736, e: -17020, error: 474
#ERR  p: [142, 1919], r: 15726, e: -17030, error: 475
#ERR  p: [142, 1920], r: 15716, e: -17040, error: 476
#ERR  p: [142, 1921], r: 15706, e: -17050, error: 477
#ERR  p: [142, 1922], r: 15696, e: -17060, error: 478
#ERR  p: [142, 1923], r: 15686, e: -17070, error: 479
#ERR  p: [142, 1924], r: 15676, e: -17080, error: 480
#ERR  p: [142, 1925], r: 15666, e: -17090, error: 481
#ERR  p: [142, 1926], r: 15656, e: -17100, error: 482
#ERR  p: [142, 1927], r: 15646, e: -17110, error: 483
#ERR  p: [142, 1928], r: 15636, e: -17120, error: 484
#ERR  p: [142, 1929], r: 15626, e: -17130, error: 485
#ERR  p: [142, 1930], r: 15616, e: -17140, error: 486
#ERR  p: [142, 1931], r: 15606, e: -17150, error: 487
#ERR  p: [142, 1932], r: 15596, e: -17160, error: 488
#ERR  p: [142, 1933], r: 15586, e: -17170, error: 489
#ERR  p: [142, 1934], r: 15576, e: -17180, error: 490
#ERR  p: [142, 1935], r: 15566, e: -17190, error: 491
#ERR  p: [142, 1936], r: 15556, e: -17200, error: 492
#ERR  p: [142, 1937], r: 15546, e: -17210, error: 493
#ERR  p: [142, 1938], r: 15536, e: -17220, error: 494
#ERR  p: [142, 1939], r: 15526, e: -17230, error: 495
#ERR  p: [142, 1940], r: 15517, e: -17240, error: 496
#ERR  p: [142, 1941], r: 15511, e: -17250, error: 497
#ERR  p: [142, 1942], r: 15501, e: -17260, error: 498
#ERR  p: [142, 1943], r: 15491, e: -17270, error: 499
#SDC Ite:0 KerTime:0.294772 AccTime:0.294772 KerErr:500 AccErr:500
#END