#HEADER max_rows:2048 max_cols:2048 penalty:10
#BEGIN Y:2016 M:09 D:07 Time:05:20:56
#IT Ite:0 KerTime:0.294193 AccTime:0.294193
#ERR Error detected! kerrors = 434105
#ERR  p: [1495, 1263], r: 747934336, e: -1856, error: 1
#ERR  p: [1495, 1264], r: 747934326, e: -1846, error: 2
#ERR  p: [1495, 1265], r: 747934316, e: -1837, error: 3
#ERR  p: [1495, 1266], r: 747934306, e: -1828, error: 4
#ERR  p: [1495, 1267], r: 747934296, e: -1827, error: 5
#ERR  p: [1495, 1268], r: 747934286, e: -1819, error: 6
#ERR  p: [1495, 1269], r: 747934276, e: -1807, error: 7
#ERR  p: [1495, 1270], r: 747934266, e: -1803, error: 8
#ERR  p: [1495, 1271], r: 747934256, e: -1791, error: 9
#ERR  p: [1495, 1272], r: 747934246, e: -1792, error: 10
#ERR  p: [1495, 1273], r: 747934236, e: -1788, error: 11
#ERR  p: [1495, 1274], r: 747934226, e: -1780, error: 12
#ERR  p: [1495, 1275], r: 747934216, e: -1772, error: 13
#ERR  p: [1495, 1276], r: 747934206, e: -1767, error: 14
#ERR  p: [1495, 1277], r: 747934196, e: -1756, error: 15
#ERR  p: [1495, 1278], r: 747934186, e: -1763, error: 16
#ERR  p: [1495, 1279], r: 747934176, e: -1756, error: 17
#ERR  p: [1495, 1280], r: 747934166, e: -1743, error: 18
#ERR  p: [1495, 1281], r: 747934156, e: -1739, error: 19
#ERR  p: [1495, 1282], r: 747934146, e: -1722, error: 20
#ERR  p: [1495, 1283], r: 747934136, e: -1724, error: 21
#ERR  p: [1495, 1284], r: 747934126, e: -1714, error: 22
#ERR  p: [1495, 1285], r: 747934116, e: -1709, error: 23
#ERR  p: [1495, 1286], r: 747934106, e: -1707, error: 24
#ERR  p: [1495, 1287], r: 747934096, e: -1715, error: 25
#ERR  p: [1495, 1288], r: 747934086, e: -1718, error: 26
#ERR  p: [1495, 1289], r: 747934076, e: -1723, error: 27
#ERR  p: [1495, 1290], r: 747934066, e: -1729, error: 28
#ERR  p: [1495, 1291], r: 747934056, e: -1722, error: 29
#ERR  p: [1495, 1292], r: 747934046, e: -1717, error: 30
#ERR  p: [1495, 1293], r: 747934036, e: -1713, error: 31
#ERR  p: [1495, 1294], r: 747934026, e: -1702, error: 32
#ERR  p: [1495, 1295], r: 747934016, e: -1699, error: 33
#ERR  p: [1495, 1296], r: 747934006, e: -1701, error: 34
#ERR  p: [1495, 1297], r: 747933996, e: -1694, error: 35
#ERR  p: [1495, 1298], r: 747933986, e: -1686, error: 36
#ERR  p: [1495, 1299], r: 747933976, e: -1682, error: 37
#ERR  p: [1495, 1300], r: 747933966, e: -1678, error: 38
#ERR  p: [1495, 1301], r: 747933956, e: -1673, error: 39
#ERR  p: [1495, 1302], r: 747933946, e: -1665, error: 40
#ERR  p: [1495, 1303], r: 747933936, e: -1663, error: 41
#ERR  p: [1495, 1304], r: 747933926, e: -1647, error: 42
#ERR  p: [1495, 1305], r: 747933916, e: -1638, error: 43
#ERR  p: [1495, 1306], r: 747933906, e: -1628, error: 44
#ERR  p: [1495, 1307], r: 747933896, e: -1615, error: 45
#ERR  p: [1495, 1308], r: 747933886, e: -1612, error: 46
#ERR  p: [1495, 1309], r: 747933876, e: -1608, error: 47
#ERR  p: [1495, 1310], r: 747933866, e: -1603, error: 48
#ERR  p: [1495, 1311], r: 747933856, e: -1603, error: 49
#ERR  p: [1495, 1312], r: 747933846, e: -1594, error: 50
#ERR  p: [1495, 1313], r: 747933836, e: -1579, error: 51
#ERR  p: [1495, 1314], r: 747933826, e: -1589, error: 52
#ERR  p: [1495, 1315], r: 747933816, e: -1581, error: 53
#ERR  p: [1495, 1316], r: 747933806, e: -1573, error: 54
#ERR  p: [1495, 1317], r: 747933796, e: -1563, error: 55
#ERR  p: [1495, 1318], r: 747933786, e: -1550, error: 56
#ERR  p: [1495, 1319], r: 747933776, e: -1560, error: 57
#ERR  p: [1495, 1320], r: 747933766, e: -1566, error: 58
#ERR  p: [1495, 1321], r: 747933756, e: -1560, error: 59
#ERR  p: [1495, 1322], r: 747933746, e: -1551, error: 60
#ERR  p: [1495, 1323], r: 747933736, e: -1542, error: 61
#ERR  p: [1495, 1324], r: 747933726, e: -1546, error: 62
#ERR  p: [1495, 1325], r: 747933716, e: -1532, error: 63
#ERR  p: [1495, 1326], r: 747933706, e: -1531, error: 64
#ERR  p: [1495, 1327], r: 747933696, e: -1538, error: 65
#ERR  p: [1495, 1328], r: 747933686, e: -1536, error: 66
#ERR  p: [1495, 1329], r: 747933676, e: -1527, error: 67
#ERR  p: [1495, 1330], r: 747933666, e: -1524, error: 68
#ERR  p: [1495, 1331], r: 747933656, e: -1512, error: 69
#ERR  p: [1495, 1332], r: 747933646, e: -1522, error: 70
#ERR  p: [1495, 1333], r: 747933636, e: -1519, error: 71
#ERR  p: [1495, 1334], r: 747933626, e: -1513, error: 72
#ERR  p: [1495, 1335], r: 747933616, e: -1508, error: 73
#ERR  p: [1495, 1336], r: 747933606, e: -1500, error: 74
#ERR  p: [1495, 1337], r: 747933596, e: -1492, error: 75
#ERR  p: [1495, 1338], r: 747933586, e: -1484, error: 76
#ERR  p: [1495, 1339], r: 747933576, e: -1485, error: 77
#ERR  p: [1495, 1340], r: 747933566, e: -1476, error: 78
#ERR  p: [1495, 1341], r: 747933556, e: -1471, error: 79
#ERR  p: [1495, 1342], r: 747933546, e: -1466, error: 80
#ERR  p: [1495, 1343], r: 747933536, e: -1462, error: 81
#ERR  p: [1495, 1344], r: 747933526, e: -1459, error: 82
#ERR  p: [1495, 1345], r: 747933516, e: -1454, error: 83
#ERR  p: [1495, 1346], r: 747933506, e: -1445, error: 84
#ERR  p: [1495, 1347], r: 747933496, e: -1437, error: 85
#ERR  p: [1495, 1348], r: 747933486, e: -1420, error: 86
#ERR  p: [1495, 1349], r: 747933476, e: -1419, error: 87
#ERR  p: [1495, 1350], r: 747933466, e: -1417, error: 88
#ERR  p: [1495, 1351], r: 747933456, e: -1409, error: 89
#ERR  p: [1495, 1352], r: 747933446, e: -1401, error: 90
#ERR  p: [1495, 1353], r: 747933436, e: -1392, error: 91
#ERR  p: [1495, 1354], r: 747933426, e: -1385, error: 92
#ERR  p: [1495, 1355], r: 747933416, e: -1383, error: 93
#ERR  p: [1495, 1356], r: 747933406, e: -1384, error: 94
#ERR  p: [1495, 1357], r: 747933396, e: -1390, error: 95
#ERR  p: [1495, 1358], r: 747933386, e: -1383, error: 96
#ERR  p: [1495, 1359], r: 747933376, e: -1379, error: 97
#ERR  p: [1495, 1360], r: 747933366, e: -1378, error: 98
#ERR  p: [1495, 1361], r: 747933356, e: -1380, error: 99
#ERR  p: [1495, 1362], r: 747933346, e: -1373, error: 100
#ERR  p: [1495, 1363], r: 747933336, e: -1373, error: 101
#ERR  p: [1495, 1364], r: 747933326, e: -1374, error: 102
#ERR  p: [1495, 1365], r: 747933316, e: -1368, error: 103
#ERR  p: [1495, 1366], r: 747933306, e: -1367, error: 104
#ERR  p: [1495, 1367], r: 747933296, e: -1363, error: 105
#ERR  p: [1495, 1368], r: 747933286, e: -1367, error: 106
#ERR  p: [1495, 1369], r: 747933276, e: -1372, error: 107
#ERR  p: [1495, 1370], r: 747933266, e: -1355, error: 108
#ERR  p: [1495, 1371], r: 747933256, e: -1357, error: 109
#ERR  p: [1495, 1372], r: 747933246, e: -1349, error: 110
#ERR  p: [1495, 1373], r: 747933236, e: -1338, error: 111
#ERR  p: [1495, 1374], r: 747933226, e: -1321, error: 112
#ERR  p: [1495, 1375], r: 747933216, e: -1321, error: 113
#ERR  p: [1495, 1376], r: 747933206, e: -1319, error: 114
#ERR  p: [1495, 1377], r: 747933196, e: -1321, error: 115
#ERR  p: [1495, 1378], r: 747933186, e: -1313, error: 116
#ERR  p: [1495, 1379], r: 747933176, e: -1302, error: 117
#ERR  p: [1495, 1380], r: 747933166, e: -1290, error: 118
#ERR  p: [1495, 1381], r: 747933156, e: -1285, error: 119
#ERR  p: [1495, 1382], r: 747933146, e: -1295, error: 120
#ERR  p: [1495, 1383], r: 747933136, e: -1290, error: 121
#ERR  p: [1495, 1384], r: 747933126, e: -1295, error: 122
#ERR  p: [1495, 1385], r: 747933116, e: -1296, error: 123
#ERR  p: [1495, 1386], r: 747933106, e: -1289, error: 124
#ERR  p: [1495, 1387], r: 747933096, e: -1294, error: 125
#ERR  p: [1495, 1388], r: 747933086, e: -1285, error: 126
#ERR  p: [1495, 1389], r: 747933076, e: -1273, error: 127
#ERR  p: [1495, 1390], r: 747933066, e: -1278, error: 128
#ERR  p: [1495, 1391], r: 747933056, e: -1270, error: 129
#ERR  p: [1495, 1392], r: 747933046, e: -1262, error: 130
#ERR  p: [1495, 1393], r: 747933036, e: -1269, error: 131
#ERR  p: [1495, 1394], r: 747933026, e: -1267, error: 132
#ERR  p: [1495, 1395], r: 747933016, e: -1258, error: 133
#ERR  p: [1495, 1396], r: 747933006, e: -1253, error: 134
#ERR  p: [1495, 1397], r: 747932996, e: -1247, error: 135
#ERR  p: [1495, 1398], r: 747932986, e: -1241, error: 136
#ERR  p: [1495, 1399], r: 747932976, e: -1240, error: 137
#ERR  p: [1495, 1400], r: 747932966, e: -1229, error: 138
#ERR  p: [1495, 1401], r: 747932956, e: -1234, error: 139
#ERR  p: [1495, 1402], r: 747932946, e: -1237, error: 140
#ERR  p: [1495, 1403], r: 747932936, e: -1234, error: 141
#ERR  p: [1495, 1404], r: 747932926, e: -1225, error: 142
#ERR  p: [1495, 1405], r: 747932916, e: -1218, error: 143
#ERR  p: [1495, 1406], r: 747932906, e: -1209, error: 144
#ERR  p: [1495, 1407], r: 747932896, e: -1201, error: 145
#ERR  p: [1495, 1408], r: 747932886, e: -1201, error: 146
#ERR  p: [1495, 1409], r: 747932876, e: -1193, error: 147
#ERR  p: [1495, 1410], r: 747932866, e: -1185, error: 148
#ERR  p: [1495, 1411], r: 747932856, e: -1185, error: 149
#ERR  p: [1495, 1412], r: 747932846, e: -1177, error: 150
#ERR  p: [1495, 1413], r: 747932836, e: -1168, error: 151
#ERR  p: [1495, 1414], r: 747932826, e: -1164, error: 152
#ERR  p: [1495, 1415], r: 747932816, e: -1157, error: 153
#ERR  p: [1495, 1416], r: 747932806, e: -1150, error: 154
#ERR  p: [1495, 1417], r: 747932796, e: -1155, error: 155
#ERR  p: [1495, 1418], r: 747932786, e: -1156, error: 156
#ERR  p: [1495, 1419], r: 747932776, e: -1159, error: 157
#ERR  p: [1495, 1420], r: 747932766, e: -1152, error: 158
#ERR  p: [1495, 1421], r: 747932756, e: -1148, error: 159
#ERR  p: [1495, 1422], r: 747932746, e: -1154, error: 160
#ERR  p: [1495, 1423], r: 747932736, e: -1149, error: 161
#ERR  p: [1495, 1424], r: 747932726, e: -1143, error: 162
#ERR  p: [1495, 1425], r: 747932716, e: -1147, error: 163
#ERR  p: [1495, 1426], r: 747932706, e: -1139, error: 164
#ERR  p: [1495, 1427], r: 747932696, e: -1125, error: 165
#ERR  p: [1495, 1428], r: 747932686, e: -1135, error: 166
#ERR  p: [1495, 1429], r: 747932676, e: -1138, error: 167
#ERR  p: [1495, 1430], r: 747932666, e: -1130, error: 168
#ERR  p: [1495, 1431], r: 747932656, e: -1121, error: 169
#ERR  p: [1495, 1432], r: 747932646, e: -1112, error: 170
#ERR  p: [1495, 1433], r: 747932636, e: -1106, error: 171
#ERR  p: [1495, 1434], r: 747932626, e: -1110, error: 172
#ERR  p: [1495, 1435], r: 747932616, e: -1111, error: 173
#ERR  p: [1495, 1436], r: 747932606, e: -1118, error: 174
#ERR  p: [1495, 1437], r: 747932596, e: -1112, error: 175
#ERR  p: [1495, 1438], r: 747932586, e: -1111, error: 176
#ERR  p: [1495, 1439], r: 747932576, e: -1117, error: 177
#ERR  p: [1495, 1440], r: 747932566, e: -1118, error: 178
#ERR  p: [1495, 1441], r: 747932556, e: -1109, error: 179
#ERR  p: [1495, 1442], r: 747932546, e: -1101, error: 180
#ERR  p: [1495, 1443], r: 747932536, e: -1099, error: 181
#ERR  p: [1495, 1444], r: 747932526, e: -1107, error: 182
#ERR  p: [1495, 1445], r: 747932516, e: -1105, error: 183
#ERR  p: [1495, 1446], r: 747932506, e: -1106, error: 184
#ERR  p: [1495, 1447], r: 747932496, e: -1104, error: 185
#ERR  p: [1495, 1448], r: 747932486, e: -1104, error: 186
#ERR  p: [1495, 1449], r: 747932476, e: -1106, error: 187
#ERR  p: [1495, 1450], r: 747932466, e: -1116, error: 188
#ERR  p: [1495, 1451], r: 747932456, e: -1117, error: 189
#ERR  p: [1495, 1452], r: 747932446, e: -1120, error: 190
#ERR  p: [1495, 1453], r: 747932436, e: -1121, error: 191
#ERR  p: [1495, 1454], r: 747932426, e: -1113, error: 192
#ERR  p: [1495, 1455], r: 747932416, e: -1112, error: 193
#ERR  p: [1495, 1456], r: 747932406, e: -1106, error: 194
#ERR  p: [1495, 1457], r: 747932396, e: -1101, error: 195
#ERR  p: [1495, 1458], r: 747932386, e: -1093, error: 196
#ERR  p: [1495, 1459], r: 747932376, e: -1100, error: 197
#ERR  p: [1495, 1460], r: 747932366, e: -1091, error: 198
#ERR  p: [1495, 1461], r: 747932356, e: -1090, error: 199
#ERR  p: [1495, 1462], r: 747932346, e: -1081, error: 200
#ERR  p: [1495, 1463], r: 747932336, e: -1072, error: 201
#ERR  p: [1495, 1464], r: 747932326, e: -1078, error: 202
#ERR  p: [1495, 1465], r: 747932316, e: -1087, error: 203
#ERR  p: [1495, 1466], r: 747932306, e: -1097, error: 204
#ERR  p: [1495, 1467], r: 747932296, e: -1105, error: 205
#ERR  p: [1495, 1468], r: 747932286, e: -1097, error: 206
#ERR  p: [1495, 1469], r: 747932276, e: -1103, error: 207
#ERR  p: [1495, 1470], r: 747932266, e: -1097, error: 208
#ERR  p: [1495, 1471], r: 747932256, e: -1107, error: 209
#ERR  p: [1495, 1472], r: 747932246, e: -1101, error: 210
#ERR  p: [1495, 1473], r: 747932236, e: -1110, error: 211
#ERR  p: [1495, 1474], r: 747932226, e: -1110, error: 212
#ERR  p: [1495, 1475], r: 747932216, e: -1120, error: 213
#ERR  p: [1495, 1476], r: 747932206, e: -1119, error: 214
#ERR  p: [1495, 1477], r: 747932196, e: -1128, error: 215
#ERR  p: [1495, 1478], r: 747932186, e: -1123, error: 216
#ERR  p: [1495, 1479], r: 747932176, e: -1117, error: 217
#ERR  p: [1495, 1480], r: 747932166, e: -1120, error: 218
#ERR  p: [1495, 1481], r: 747932156, e: -1116, error: 219
#ERR  p: [1495, 1482], r: 747932146, e: -1107, error: 220
#ERR  p: [1495, 1483], r: 747932136, e: -1106, error: 221
#ERR  p: [1495, 1484], r: 747932126, e: -1104, error: 222
#ERR  p: [1495, 1485], r: 747932116, e: -1099, error: 223
#ERR  p: [1495, 1486], r: 747932106, e: -1104, error: 224
#ERR  p: [1495, 1487], r: 747932096, e: -1114, error: 225
#ERR  p: [1495, 1488], r: 747932086, e: -1120, error: 226
#ERR  p: [1495, 1489], r: 747932076, e: -1130, error: 227
#ERR  p: [1495, 1490], r: 747932066, e: -1128, error: 228
#ERR  p: [1495, 1491], r: 747932056, e: -1125, error: 229
#ERR  p: [1495, 1492], r: 747932046, e: -1118, error: 230
#ERR  p: [1495, 1493], r: 747932036, e: -1119, error: 231
#ERR  p: [1495, 1494], r: 747932026, e: -1112, error: 232
#ERR  p: [1495, 1495], r: 747932016, e: -1122, error: 233
#ERR  p: [1495, 1496], r: 747932006, e: -1132, error: 234
#ERR  p: [1495, 1497], r: 747931996, e: -1136, error: 235
#ERR  p: [1495, 1498], r: 747931986, e: -1132, error: 236
#ERR  p: [1495, 1499], r: 747931976, e: -1128, error: 237
#ERR  p: [1495, 1500], r: 747931966, e: -1129, error: 238
#ERR  p: [1495, 1501], r: 747931956, e: -1135, error: 239
#ERR  p: [1495, 1502], r: 747931946, e: -1130, error: 240
#ERR  p: [1495, 1503], r: 747931936, e: -1127, error: 241
#ERR  p: [1495, 1504], r: 747931926, e: -1137, error: 242
#ERR  p: [1495, 1505], r: 747931916, e: -1136, error: 243
#ERR  p: [1495, 1506], r: 747931906, e: -1142, error: 244
#ERR  p: [1495, 1507], r: 747931896, e: -1147, error: 245
#ERR  p: [1495, 1508], r: 747931886, e: -1136, error: 246
#ERR  p: [1495, 1509], r: 747931876, e: -1137, error: 247
#ERR  p: [1495, 1510], r: 747931866, e: -1147, error: 248
#ERR  p: [1495, 1511], r: 747931856, e: -1157, error: 249
#ERR  p: [1495, 1512], r: 747931846, e: -1165, error: 250
#ERR  p: [1495, 1513], r: 747931836, e: -1175, error: 251
#ERR  p: [1495, 1514], r: 747931826, e: -1174, error: 252
#ERR  p: [1495, 1515], r: 747931816, e: -1168, error: 253
#ERR  p: [1495, 1516], r: 747931806, e: -1167, error: 254
#ERR  p: [1495, 1517], r: 747931796, e: -1175, error: 255
#ERR  p: [1495, 1518], r: 747931786, e: -1171, error: 256
#ERR  p: [1495, 1519], r: 747931776, e: -1162, error: 257
#ERR  p: [1495, 1520], r: 747931766, e: -1171, error: 258
#ERR  p: [1495, 1521], r: 747931756, e: -1175, error: 259
#ERR  p: [1495, 1522], r: 747931746, e: -1169, error: 260
#ERR  p: [1495, 1523], r: 747931736, e: -1178, error: 261
#ERR  p: [1495, 1524], r: 747931726, e: -1186, error: 262
#ERR  p: [1495, 1525], r: 747931716, e: -1190, error: 263
#ERR  p: [1495, 1526], r: 747931706, e: -1197, error: 264
#ERR  p: [1495, 1527], r: 747931696, e: -1206, error: 265
#ERR  p: [1495, 1528], r: 747931686, e: -1212, error: 266
#ERR  p: [1495, 1529], r: 747931676, e: -1222, error: 267
#ERR  p: [1495, 1530], r: 747931666, e: -1215, error: 268
#ERR  p: [1495, 1531], r: 747931656, e: -1206, error: 269
#ERR  p: [1495, 1532], r: 747931646, e: -1207, error: 270
#ERR  p: [1495, 1533], r: 747931636, e: -1198, error: 271
#ERR  p: [1495, 1534], r: 747931626, e: -1201, error: 272
#ERR  p: [1495, 1535], r: 747931616, e: -1196, error: 273
#ERR  p: [1495, 1536], r: 747931606, e: -1192, error: 274
#ERR  p: [1495, 1537], r: 747931596, e: -1184, error: 275
#ERR  p: [1495, 1538], r: 747931586, e: -1175, error: 276
#ERR  p: [1495, 1539], r: 747931576, e: -1165, error: 277
#ERR  p: [1495, 1540], r: 747931566, e: -1157, error: 278
#ERR  p: [1495, 1541], r: 747931556, e: -1167, error: 279
#ERR  p: [1495, 1542], r: 747931546, e: -1177, error: 280
#ERR  p: [1495, 1543], r: 747931536, e: -1187, error: 281
#ERR  p: [1495, 1544], r: 747931526, e: -1183, error: 282
#ERR  p: [1495, 1545], r: 747931516, e: -1182, error: 283
#ERR  p: [1495, 1546], r: 747931506, e: -1184, error: 284
#ERR  p: [1495, 1547], r: 747931496, e: -1194, error: 285
#ERR  p: [1495, 1548], r: 747931486, e: -1199, error: 286
#ERR  p: [1495, 1549], r: 747931476, e: -1199, error: 287
#ERR  p: [1495, 1550], r: 747931466, e: -1194, error: 288
#ERR  p: [1495, 1551], r: 747931456, e: -1192, error: 289
#ERR  p: [1495, 1552], r: 747931446, e: -1188, error: 290
#ERR  p: [1495, 1553], r: 747931436, e: -1185, error: 291
#ERR  p: [1495, 1554], r: 747931426, e: -1177, error: 292
#ERR  p: [1495, 1555], r: 747931416, e: -1170, error: 293
#ERR  p: [1495, 1556], r: 747931406, e: -1162, error: 294
#ERR  p: [1495, 1557], r: 747931396, e: -1162, error: 295
#ERR  p: [1495, 1558], r: 747931386, e: -1162, error: 296
#ERR  p: [1495, 1559], r: 747931376, e: -1159, error: 297
#ERR  p: [1495, 1560], r: 747931366, e: -1151, error: 298
#ERR  p: [1495, 1561], r: 747931356, e: -1160, error: 299
#ERR  p: [1495, 1562], r: 747931346, e: -1166, error: 300
#ERR  p: [1495, 1563], r: 747931336, e: -1162, error: 301
#ERR  p: [1495, 1564], r: 747931326, e: -1170, error: 302
#ERR  p: [1495, 1565], r: 747931316, e: -1171, error: 303
#ERR  p: [1495, 1566], r: 747931306, e: -1181, error: 304
#ERR  p: [1495, 1567], r: 747931296, e: -1191, error: 305
#ERR  p: [1495, 1568], r: 747931286, e: -1193, error: 306
#ERR  p: [1495, 1569], r: 747931276, e: -1203, error: 307
#ERR  p: [1495, 1570], r: 747931266, e: -1213, error: 308
#ERR  p: [1495, 1571], r: 747931256, e: -1223, error: 309
#ERR  p: [1495, 1572], r: 747931246, e: -1229, error: 310
#ERR  p: [1495, 1573], r: 747931236, e: -1239, error: 311
#ERR  p: [1495, 1574], r: 747931226, e: -1244, error: 312
#ERR  p: [1495, 1575], r: 747931216, e: -1246, error: 313
#ERR  p: [1495, 1576], r: 747931206, e: -1254, error: 314
#ERR  p: [1495, 1577], r: 747931196, e: -1264, error: 315
#ERR  p: [1495, 1578], r: 747931186, e: -1262, error: 316
#ERR  p: [1495, 1579], r: 747931176, e: -1271, error: 317
#ERR  p: [1495, 1580], r: 747931166, e: -1277, error: 318
#ERR  p: [1495, 1581], r: 747931156, e: -1287, error: 319
#ERR  p: [1495, 1582], r: 747931146, e: -1293, error: 320
#ERR  p: [1495, 1583], r: 747931136, e: -1299, error: 321
#ERR  p: [1495, 1584], r: 747931126, e: -1292, error: 322
#ERR  p: [1495, 1585], r: 747931116, e: -1296, error: 323
#ERR  p: [1495, 1586], r: 747931106, e: -1304, error: 324
#ERR  p: [1495, 1587], r: 747931096, e: -1308, error: 325
#ERR  p: [1495, 1588], r: 747931086, e: -1307, error: 326
#ERR  p: [1495, 1589], r: 747931076, e: -1315, error: 327
#ERR  p: [1495, 1590], r: 747931066, e: -1317, error: 328
#ERR  p: [1495, 1591], r: 747931056, e: -1326, error: 329
#ERR  p: [1495, 1592], r: 747931046, e: -1329, error: 330
#ERR  p: [1495, 1593], r: 747931036, e: -1333, error: 331
#ERR  p: [1495, 1594], r: 747931026, e: -1343, error: 332
#ERR  p: [1495, 1595], r: 747931016, e: -1342, error: 333
#ERR  p: [1495, 1596], r: 747931006, e: -1336, error: 334
#ERR  p: [1495, 1597], r: 747930996, e: -1346, error: 335
#ERR  p: [1495, 1598], r: 747930986, e: -1350, error: 336
#ERR  p: [1495, 1599], r: 747930976, e: -1344, error: 337
#ERR  p: [1495, 1600], r: 747930966, e: -1349, error: 338
#ERR  p: [1495, 1601], r: 747930956, e: -1358, error: 339
#ERR  p: [1495, 1602], r: 747930946, e: -1364, error: 340
#ERR  p: [1495, 1603], r: 747930936, e: -1373, error: 341
#ERR  p: [1495, 1604], r: 747930926, e: -1368, error: 342
#ERR  p: [1495, 1605], r: 747930916, e: -1360, error: 343
#ERR  p: [1495, 1606], r: 747930906, e: -1366, error: 344
#ERR  p: [1495, 1607], r: 747930896, e: -1368, error: 345
#ERR  p: [1495, 1608], r: 747930886, e: -1365, error: 346
#ERR  p: [1495, 1609], r: 747930876, e: -1366, error: 347
#ERR  p: [1495, 1610], r: 747930866, e: -1376, error: 348
#ERR  p: [1495, 1611], r: 747930856, e: -1377, error: 349
#ERR  p: [1495, 1612], r: 747930846, e: -1374, error: 350
#ERR  p: [1495, 1613], r: 747930836, e: -1370, error: 351
#ERR  p: [1495, 1614], r: 747930826, e: -1374, error: 352
#ERR  p: [1495, 1615], r: 747930816, e: -1375, error: 353
#ERR  p: [1495, 1616], r: 747930806, e: -1368, error: 354
#ERR  p: [1495, 1617], r: 747930796, e: -1366, error: 355
#ERR  p: [1495, 1618], r: 747930786, e: -1376, error: 356
#ERR  p: [1495, 1619], r: 747930776, e: -1378, error: 357
#ERR  p: [1495, 1620], r: 747930766, e: -1388, error: 358
#ERR  p: [1495, 1621], r: 747930756, e: -1398, error: 359
#ERR  p: [1495, 1622], r: 747930746, e: -1407, error: 360
#ERR  p: [1495, 1623], r: 747930736, e: -1417, error: 361
#ERR  p: [1495, 1624], r: 747930726, e: -1423, error: 362
#ERR  p: [1495, 1625], r: 747930716, e: -1424, error: 363
#ERR  p: [1495, 1626], r: 747930706, e: -1430, error: 364
#ERR  p: [1495, 1627], r: 747930696, e: -1440, error: 365
#ERR  p: [1495, 1628], r: 747930686, e: -1448, error: 366
#ERR  p: [1495, 1629], r: 747930676, e: -1455, error: 367
#ERR  p: [1495, 1630], r: 747930666, e: -1448, error: 368
#ERR  p: [1495, 1631], r: 747930656, e: -1458, error: 369
#ERR  p: [1495, 1632], r: 747930646, e: -1468, error: 370
#ERR  p: [1495, 1633], r: 747930636, e: -1478, error: 371
#ERR  p: [1495, 1634], r: 747930626, e: -1465, error: 372
#ERR  p: [1495, 1635], r: 747930616, e: -1460, error: 373
#ERR  p: [1495, 1636], r: 747930606, e: -1451, error: 374
#ERR  p: [1495, 1637], r: 747930596, e: -1457, error: 375
#ERR  p: [1495, 1638], r: 747930586, e: -1466, error: 376
#ERR  p: [1495, 1639], r: 747930576, e: -1465, error: 377
#ERR  p: [1495, 1640], r: 747930566, e: -1458, error: 378
#ERR  p: [1495, 1641], r: 747930556, e: -1458, error: 379
#ERR  p: [1495, 1642], r: 747930546, e: -1463, error: 380
#ERR  p: [1495, 1643], r: 747930536, e: -1452, error: 381
#ERR  p: [1495, 1644], r: 747930526, e: -1440, error: 382
#ERR  p: [1495, 1645], r: 747930516, e: -1434, error: 383
#ERR  p: [1495, 1646], r: 747930506, e: -1440, error: 384
#ERR  p: [1495, 1647], r: 747930496, e: -1432, error: 385
#ERR  p: [1495, 1648], r: 747930486, e: -1442, error: 386
#ERR  p: [1495, 1649], r: 747930476, e: -1448, error: 387
#ERR  p: [1495, 1650], r: 747930466, e: -1452, error: 388
#ERR  p: [1495, 1651], r: 747930456, e: -1458, error: 389
#ERR  p: [1495, 1652], r: 747930446, e: -1463, error: 390
#ERR  p: [1495, 1653], r: 747930436, e: -1460, error: 391
#ERR  p: [1495, 1654], r: 747930426, e: -1456, error: 392
#ERR  p: [1495, 1655], r: 747930416, e: -1450, error: 393
#ERR  p: [1495, 1656], r: 747930406, e: -1448, error: 394
#ERR  p: [1495, 1657], r: 747930396, e: -1442, error: 395
#ERR  p: [1495, 1658], r: 747930386, e: -1448, error: 396
#ERR  p: [1495, 1659], r: 747930376, e: -1458, error: 397
#ERR  p: [1495, 1660], r: 747930366, e: -1468, error: 398
#ERR  p: [1495, 1661], r: 747930356, e: -1478, error: 399
#ERR  p: [1495, 1662], r: 747930346, e: -1488, error: 400
#ERR  p: [1495, 1663], r: 747930336, e: -1498, error: 401
#ERR  p: [1495, 1664], r: 747930326, e: -1497, error: 402
#ERR  p: [1495, 1665], r: 747930316, e: -1503, error: 403
#ERR  p: [1495, 1666], r: 747930306, e: -1505, error: 404
#ERR  p: [1495, 1667], r: 747930296, e: -1513, error: 405
#ERR  p: [1495, 1668], r: 747930286, e: -1517, error: 406
#ERR  p: [1495, 1669], r: 747930276, e: -1525, error: 407
#ERR  p: [1495, 1670], r: 747930266, e: -1532, error: 408
#ERR  p: [1495, 1671], r: 747930256, e: -1536, error: 409
#ERR  p: [1495, 1672], r: 747930246, e: -1536, error: 410
#ERR  p: [1495, 1673], r: 747930236, e: -1546, error: 411
#ERR  p: [1495, 1674], r: 747930226, e: -1556, error: 412
#ERR  p: [1495, 1675], r: 747930216, e: -1566, error: 413
#ERR  p: [1495, 1676], r: 747930206, e: -1576, error: 414
#ERR  p: [1495, 1677], r: 747930196, e: -1586, error: 415
#ERR  p: [1495, 1678], r: 747930186, e: -1596, error: 416
#ERR  p: [1495, 1679], r: 747930176, e: -1605, error: 417
#ERR  p: [1495, 1680], r: 747930166, e: -1615, error: 418
#ERR  p: [1495, 1681], r: 747930156, e: -1625, error: 419
#ERR  p: [1495, 1682], r: 747930146, e: -1630, error: 420
#ERR  p: [1495, 1683], r: 747930136, e: -1636, error: 421
#ERR  p: [1495, 1684], r: 747930126, e: -1646, error: 422
#ERR  p: [1495, 1685], r: 747930116, e: -1656, error: 423
#ERR  p: [1495, 1686], r: 747930106, e: -1656, error: 424
#ERR  p: [1495, 1687], r: 747930096, e: -1665, error: 425
#ERR  p: [1495, 1688], r: 747930086, e: -1669, error: 426
#ERR  p: [1495, 1689], r: 747930076, e: -1679, error: 427
#ERR  p: [1495, 1690], r: 747930066, e: -1687, error: 428
#ERR  p: [1495, 1691], r: 747930056, e: -1697, error: 429
#ERR  p: [1495, 1692], r: 747930046, e: -1703, error: 430
#ERR  p: [1495, 1693], r: 747930036, e: -1713, error: 431
#ERR  p: [1495, 1694], r: 747930026, e: -1723, error: 432
#ERR  p: [1495, 1695], r: 747930016, e: -1728, error: 433
#ERR  p: [1495, 1696], r: 747930006, e: -1734, error: 434
#ERR  p: [1495, 1697], r: 747929996, e: -1744, error: 435
#ERR  p: [1495, 1698], r: 747929986, e: -1749, error: 436
#ERR  p: [1495, 1699], r: 747929976, e: -1753, error: 437
#ERR  p: [1495, 1700], r: 747929966, e: -1746, error: 438
#ERR  p: [1495, 1701], r: 747929956, e: -1738, error: 439
#ERR  p: [1495, 1702], r: 747929946, e: -1742, error: 440
#ERR  p: [1495, 1703], r: 747929936, e: -1752, error: 441
#ERR  p: [1495, 1704], r: 747929926, e: -1759, error: 442
#ERR  p: [1495, 1705], r: 747929916, e: -1769, error: 443
#ERR  p: [1495, 1706], r: 747929906, e: -1779, error: 444
#ERR  p: [1495, 1707], r: 747929896, e: -1789, error: 445
#ERR  p: [1495, 1708], r: 747929886, e: -1799, error: 446
#ERR  p: [1495, 1709], r: 747929876, e: -1804, error: 447
#ERR  p: [1495, 1710], r: 747929866, e: -1795, error: 448
#ERR  p: [1495, 1711], r: 747929856, e: -1802, error: 449
#ERR  p: [1495, 1712], r: 747929846, e: -1812, error: 450
#ERR  p: [1495, 1713], r: 747929836, e: -1822, error: 451
#ERR  p: [1495, 1714], r: 747929826, e: -1832, error: 452
#ERR  p: [1495, 1715], r: 747929816, e: -1842, error: 453
#ERR  p: [1495, 1716], r: 747929806, e: -1841, error: 454
#ERR  p: [1495, 1717], r: 747929796, e: -1851, error: 455
#ERR  p: [1495, 1718], r: 747929786, e: -1851, error: 456
#ERR  p: [1495, 1719], r: 747929776, e: -1861, error: 457
#ERR  p: [1495, 1720], r: 747929766, e: -1871, error: 458
#ERR  p: [1495, 1721], r: 747929756, e: -1875, error: 459
#ERR  p: [1495, 1722], r: 747929746, e: -1875, error: 460
#ERR  p: [1495, 1723], r: 747929736, e: -1885, error: 461
#ERR  p: [1495, 1724], r: 747929726, e: -1895, error: 462
#ERR  p: [1495, 1725], r: 747929716, e: -1903, error: 463
#ERR  p: [1495, 1726], r: 747929706, e: -1900, error: 464
#ERR  p: [1495, 1727], r: 747929696, e: -1910, error: 465
#ERR  p: [1495, 1728], r: 747929686, e: -1920, error: 466
#ERR  p: [1495, 1729], r: 747929676, e: -1926, error: 467
#ERR  p: [1495, 1730], r: 747929666, e: -1926, error: 468
#ERR  p: [1495, 1731], r: 747929656, e: -1936, error: 469
#ERR  p: [1495, 1732], r: 747929646, e: -1946, error: 470
#ERR  p: [1495, 1733], r: 747929636, e: -1956, error: 471
#ERR  p: [1495, 1734], r: 747929626, e: -1965, error: 472
#ERR  p: [1495, 1735], r: 747929616, e: -1954, error: 473
#ERR  p: [1495, 1736], r: 747929606, e: -1954, error: 474
#ERR  p: [1495, 1737], r: 747929596, e: -1963, error: 475
#ERR  p: [1495, 1738], r: 747929586, e: -1972, error: 476
#ERR  p: [1495, 1739], r: 747929576, e: -1982, error: 477
#ERR  p: [1495, 1740], r: 747929566, e: -1992, error: 478
#ERR  p: [1495, 1741], r: 747929556, e: -2002, error: 479
#ERR  p: [1495, 1742], r: 747929546, e: -2008, error: 480
#ERR  p: [1495, 1743], r: 747929536, e: -2006, error: 481
#ERR  p: [1495, 1744], r: 747929526, e: -2011, error: 482
#ERR  p: [1495, 1745], r: 747929516, e: -2013, error: 483
#ERR  p: [1495, 1746], r: 747929506, e: -2020, error: 484
#ERR  p: [1495, 1747], r: 747929496, e: -2026, error: 485
#ERR  p: [1495, 1748], r: 747929486, e: -2028, error: 486
#ERR  p: [1495, 1749], r: 747929476, e: -2038, error: 487
#ERR  p: [1495, 1750], r: 747929466, e: -2038, error: 488
#ERR  p: [1495, 1751], r: 747929456, e: -2047, error: 489
#ERR  p: [1495, 1752], r: 747929446, e: -2057, error: 490
#ERR  p: [1495, 1753], r: 747929436, e: -2066, error: 491
#ERR  p: [1495, 1754], r: 747929426, e: -2064, error: 492
#ERR  p: [1495, 1755], r: 747929416, e: -2074, error: 493
#ERR  p: [1495, 1756], r: 747929406, e: -2084, error: 494
#ERR  p: [1495, 1757], r: 747929396, e: -2094, error: 495
#ERR  p: [1495, 1758], r: 747929386, e: -2104, error: 496
#ERR  p: [1495, 1759], r: 747929376, e: -2104, error: 497
#ERR  p: [1495, 1760], r: 747929366, e: -2112, error: 498
#ERR  p: [1495, 1761], r: 747929356, e: -2122, error: 499
#SDC Ite:0 KerTime:0.294193 AccTime:0.294193 KerErr:500 AccErr:500
#END