#HEADER max_rows:2048 max_cols:2048 penalty:10
#BEGIN Y:2016 M:09 D:07 Time:05:12:36
#IT Ite:0 KerTime:0.291232 AccTime:0.291232
#ERR Error detected! kerrors = 357308
#ERR  p: [1151, 1232], r: -3033, e: -1037, error: 1
#ERR  p: [1152, 1233], r: -1044, e: -1041, error: 2
#ERR  p: [1153, 1234], r: -1046, e: -1043, error: 3
#ERR  p: [1153, 1235], r: -1054, e: -1053, error: 4
#ERR  p: [1154, 1235], r: -1048, e: -1045, error: 5
#ERR  p: [1154, 1236], r: -1057, e: -1055, error: 6
#ERR  p: [1155, 1236], r: -1049, e: -1047, error: 7
#ERR  p: [1155, 1237], r: -1058, e: -1056, error: 8
#ERR  p: [1167, 1215], r: -3042, e: -949, error: 9
#ERR  p: [1183, 1198], r: -3056, e: -941, error: 10
#ERR  p: [1199, 1181], r: -3063, e: -884, error: 11
#ERR  p: [1215, 1164], r: -3071, e: -939, error: 12
#ERR  p: [1231, 1147], r: -3075, e: -1031, error: 13
#ERR  p: [1247, 1130], r: -3083, e: -1171, error: 14
#ERR  p: [1263, 1113], r: -3092, e: -1329, error: 15
#ERR  p: [1279, 1096], r: -3103, e: -1506, error: 16
#ERR  p: [1295, 1079], r: -3109, e: -1738, error: 17
#ERR  p: [1311, 1062], r: -3119, e: -1973, error: 18
#ERR  p: [1327, 1045], r: -3129, e: -2176, error: 19
#ERR  p: [1343, 1028], r: -3137, e: -2394, error: 20
#ERR  p: [1359, 1011], r: -3145, e: -2645, error: 21
#ERR  p: [1375, 994], r: -3139, e: -2887, error: 22
#ERR  p: [1391, 978], r: 8, e: -3139, error: 23
#ERR  p: [1391, 979], r: 22, e: -3145, error: 24
#ERR  p: [1391, 980], r: 12, e: -3137, error: 25
#ERR  p: [1391, 981], r: 1, e: -3129, error: 26
#ERR  p: [1391, 982], r: 15, e: -3119, error: 27
#ERR  p: [1391, 983], r: 11, e: -3109, error: 28
#ERR  p: [1391, 984], r: 19, e: -3103, error: 29
#ERR  p: [1391, 985], r: 8, e: -3092, error: 30
#ERR  p: [1391, 986], r: 15, e: -3083, error: 31
#ERR  p: [1391, 987], r: 22, e: -3075, error: 32
#ERR  p: [1391, 988], r: 13, e: -3071, error: 33
#ERR  p: [1391, 989], r: 6, e: -3063, error: 34
#ERR  p: [1391, 990], r: 21, e: -3056, error: 35
#ERR  p: [1391, 991], r: 13, e: -3042, error: 36
#ERR  p: [1391, 992], r: 13, e: -3033, error: 37
#ERR  p: [1391, 993], r: 3, e: -3022, error: 38
#ERR  p: [1391, 994], r: -7, e: -3012, error: 39
#ERR  p: [1391, 995], r: -17, e: -3000, error: 40
#ERR  p: [1391, 996], r: -27, e: -2989, error: 41
#ERR  p: [1391, 997], r: -37, e: -2986, error: 42
#ERR  p: [1391, 998], r: -47, e: -2973, error: 43
#ERR  p: [1391, 999], r: -57, e: -2968, error: 44
#ERR  p: [1391, 1000], r: -67, e: -2966, error: 45
#ERR  p: [1391, 1001], r: -77, e: -2952, error: 46
#ERR  p: [1391, 1002], r: -87, e: -2943, error: 47
#ERR  p: [1391, 1003], r: -97, e: -2941, error: 48
#ERR  p: [1391, 1004], r: -107, e: -2936, error: 49
#ERR  p: [1391, 1005], r: -117, e: -2921, error: 50
#ERR  p: [1391, 1006], r: -127, e: -2912, error: 51
#ERR  p: [1391, 1007], r: -137, e: -2904, error: 52
#ERR  p: [1391, 1008], r: -147, e: -2894, error: 53
#ERR  p: [1391, 1009], r: -157, e: -2882, error: 54
#ERR  p: [1391, 1010], r: -167, e: -2874, error: 55
#ERR  p: [1391, 1011], r: -177, e: -2873, error: 56
#ERR  p: [1391, 1012], r: -187, e: -2880, error: 57
#ERR  p: [1391, 1013], r: -197, e: -2876, error: 58
#ERR  p: [1391, 1014], r: -207, e: -2866, error: 59
#ERR  p: [1391, 1015], r: -217, e: -2859, error: 60
#ERR  p: [1391, 1016], r: -227, e: -2852, error: 61
#ERR  p: [1391, 1017], r: -237, e: -2843, error: 62
#ERR  p: [1391, 1018], r: -247, e: -2831, error: 63
#ERR  p: [1391, 1019], r: -257, e: -2820, error: 64
#ERR  p: [1391, 1020], r: -267, e: -2810, error: 65
#ERR  p: [1391, 1021], r: -277, e: -2801, error: 66
#ERR  p: [1391, 1022], r: -287, e: -2794, error: 67
#ERR  p: [1391, 1023], r: -297, e: -2785, error: 68
#ERR  p: [1391, 1024], r: -307, e: -2778, error: 69
#ERR  p: [1391, 1025], r: -317, e: -2765, error: 70
#ERR  p: [1391, 1026], r: -327, e: -2754, error: 71
#ERR  p: [1391, 1027], r: -337, e: -2744, error: 72
#ERR  p: [1391, 1028], r: -347, e: -2733, error: 73
#ERR  p: [1391, 1029], r: -357, e: -2721, error: 74
#ERR  p: [1391, 1030], r: -367, e: -2721, error: 75
#ERR  p: [1391, 1031], r: -377, e: -2713, error: 76
#ERR  p: [1391, 1032], r: -387, e: -2706, error: 77
#ERR  p: [1391, 1033], r: -397, e: -2698, error: 78
#ERR  p: [1391, 1034], r: -407, e: -2690, error: 79
#ERR  p: [1391, 1035], r: -417, e: -2684, error: 80
#ERR  p: [1391, 1036], r: -427, e: -2684, error: 81
#ERR  p: [1391, 1037], r: -437, e: -2688, error: 82
#ERR  p: [1391, 1038], r: -447, e: -2688, error: 83
#ERR  p: [1391, 1039], r: -457, e: -2681, error: 84
#ERR  p: [1391, 1040], r: -467, e: -2670, error: 85
#ERR  p: [1391, 1041], r: -477, e: -2661, error: 86
#ERR  p: [1391, 1042], r: -487, e: -2654, error: 87
#ERR  p: [1391, 1043], r: -497, e: -2652, error: 88
#ERR  p: [1391, 1044], r: -507, e: -2644, error: 89
#ERR  p: [1391, 1045], r: -517, e: -2633, error: 90
#ERR  p: [1391, 1046], r: -527, e: -2622, error: 91
#ERR  p: [1391, 1047], r: -537, e: -2612, error: 92
#ERR  p: [1391, 1048], r: -547, e: -2597, error: 93
#ERR  p: [1391, 1049], r: -557, e: -2591, error: 94
#ERR  p: [1391, 1050], r: -567, e: -2586, error: 95
#ERR  p: [1391, 1051], r: -577, e: -2584, error: 96
#ERR  p: [1391, 1052], r: -587, e: -2573, error: 97
#ERR  p: [1391, 1053], r: -597, e: -2562, error: 98
#ERR  p: [1391, 1054], r: -607, e: -2552, error: 99
#ERR  p: [1391, 1055], r: -617, e: -2543, error: 100
#ERR  p: [1391, 1056], r: -627, e: -2534, error: 101
#ERR  p: [1391, 1057], r: -637, e: -2523, error: 102
#ERR  p: [1391, 1058], r: -647, e: -2531, error: 103
#ERR  p: [1391, 1059], r: -657, e: -2521, error: 104
#ERR  p: [1391, 1060], r: -667, e: -2514, error: 105
#ERR  p: [1391, 1061], r: -677, e: -2507, error: 106
#ERR  p: [1391, 1062], r: -687, e: -2507, error: 107
#ERR  p: [1391, 1063], r: -697, e: -2498, error: 108
#ERR  p: [1391, 1064], r: -707, e: -2486, error: 109
#ERR  p: [1391, 1065], r: -717, e: -2474, error: 110
#ERR  p: [1391, 1066], r: -727, e: -2466, error: 111
#ERR  p: [1391, 1067], r: -737, e: -2450, error: 112
#ERR  p: [1391, 1068], r: -747, e: -2456, error: 113
#ERR  p: [1391, 1069], r: -757, e: -2448, error: 114
#ERR  p: [1391, 1070], r: -767, e: -2442, error: 115
#ERR  p: [1391, 1071], r: -777, e: -2436, error: 116
#ERR  p: [1391, 1072], r: -787, e: -2430, error: 117
#ERR  p: [1391, 1073], r: -797, e: -2434, error: 118
#ERR  p: [1391, 1074], r: -807, e: -2430, error: 119
#ERR  p: [1391, 1075], r: -817, e: -2440, error: 120
#ERR  p: [1391, 1076], r: -827, e: -2437, error: 121
#ERR  p: [1391, 1077], r: -837, e: -2423, error: 122
#ERR  p: [1391, 1078], r: -847, e: -2414, error: 123
#ERR  p: [1391, 1079], r: -857, e: -2400, error: 124
#ERR  p: [1391, 1080], r: -867, e: -2394, error: 125
#ERR  p: [1391, 1081], r: -877, e: -2385, error: 126
#ERR  p: [1391, 1082], r: -887, e: -2377, error: 127
#ERR  p: [1391, 1083], r: -897, e: -2371, error: 128
#ERR  p: [1391, 1084], r: -907, e: -2363, error: 129
#ERR  p: [1391, 1085], r: -917, e: -2362, error: 130
#ERR  p: [1391, 1086], r: -927, e: -2354, error: 131
#ERR  p: [1391, 1087], r: -937, e: -2346, error: 132
#ERR  p: [1391, 1088], r: -947, e: -2342, error: 133
#ERR  p: [1391, 1089], r: -957, e: -2343, error: 134
#ERR  p: [1391, 1090], r: -967, e: -2331, error: 135
#ERR  p: [1391, 1091], r: -977, e: -2324, error: 136
#ERR  p: [1391, 1092], r: -987, e: -2316, error: 137
#ERR  p: [1391, 1093], r: -997, e: -2305, error: 138
#ERR  p: [1391, 1094], r: -1007, e: -2306, error: 139
#ERR  p: [1391, 1095], r: -1017, e: -2302, error: 140
#ERR  p: [1391, 1096], r: -1027, e: -2295, error: 141
#ERR  p: [1391, 1097], r: -1037, e: -2288, error: 142
#ERR  p: [1391, 1098], r: -1047, e: -2284, error: 143
#ERR  p: [1391, 1099], r: -1057, e: -2277, error: 144
#ERR  p: [1391, 1100], r: -1067, e: -2261, error: 145
#ERR  p: [1391, 1101], r: -1077, e: -2268, error: 146
#ERR  p: [1391, 1102], r: -1087, e: -2258, error: 147
#ERR  p: [1391, 1103], r: -1097, e: -2250, error: 148
#ERR  p: [1391, 1104], r: -1107, e: -2241, error: 149
#ERR  p: [1391, 1105], r: -1117, e: -2231, error: 150
#ERR  p: [1391, 1106], r: -1127, e: -2232, error: 151
#ERR  p: [1391, 1107], r: -1137, e: -2218, error: 152
#ERR  p: [1391, 1108], r: -1147, e: -2211, error: 153
#ERR  p: [1391, 1109], r: -1157, e: -2202, error: 154
#ERR  p: [1391, 1110], r: -1167, e: -2194, error: 155
#ERR  p: [1391, 1111], r: -1177, e: -2187, error: 156
#ERR  p: [1391, 1112], r: -1187, e: -2182, error: 157
#ERR  p: [1391, 1113], r: -1197, e: -2172, error: 158
#ERR  p: [1391, 1114], r: -1207, e: -2169, error: 159
#ERR  p: [1391, 1115], r: -1217, e: -2172, error: 160
#ERR  p: [1391, 1116], r: -1227, e: -2165, error: 161
#ERR  p: [1391, 1117], r: -1237, e: -2157, error: 162
#ERR  p: [1391, 1118], r: -1247, e: -2151, error: 163
#ERR  p: [1391, 1119], r: -1257, e: -2141, error: 164
#ERR  p: [1391, 1120], r: -1267, e: -2144, error: 165
#ERR  p: [1391, 1121], r: -1277, e: -2134, error: 166
#ERR  p: [1391, 1122], r: -1287, e: -2128, error: 167
#ERR  p: [1391, 1123], r: -1297, e: -2122, error: 168
#ERR  p: [1391, 1124], r: -1307, e: -2106, error: 169
#ERR  p: [1391, 1125], r: -1317, e: -2110, error: 170
#ERR  p: [1391, 1126], r: -1327, e: -2094, error: 171
#ERR  p: [1391, 1127], r: -1337, e: -2094, error: 172
#ERR  p: [1391, 1128], r: -1347, e: -2089, error: 173
#ERR  p: [1391, 1129], r: -1357, e: -2080, error: 174
#ERR  p: [1391, 1130], r: -1367, e: -2070, error: 175
#ERR  p: [1391, 1131], r: -1377, e: -2065, error: 176
#ERR  p: [1391, 1132], r: -1387, e: -2074, error: 177
#ERR  p: [1391, 1133], r: -1397, e: -2065, error: 178
#ERR  p: [1391, 1134], r: -1407, e: -2072, error: 179
#ERR  p: [1391, 1135], r: -1417, e: -2073, error: 180
#ERR  p: [1391, 1136], r: -1427, e: -2064, error: 181
#ERR  p: [1391, 1137], r: -1437, e: -2057, error: 182
#ERR  p: [1391, 1138], r: -1447, e: -2053, error: 183
#ERR  p: [1391, 1139], r: -1457, e: -2045, error: 184
#ERR  p: [1391, 1140], r: -1467, e: -2032, error: 185
#ERR  p: [1391, 1141], r: -1477, e: -2023, error: 186
#ERR  p: [1391, 1142], r: -1487, e: -2014, error: 187
#ERR  p: [1391, 1143], r: -1497, e: -2004, error: 188
#ERR  p: [1391, 1144], r: -1507, e: -1994, error: 189
#ERR  p: [1391, 1145], r: -1517, e: -1985, error: 190
#ERR  p: [1391, 1146], r: -1527, e: -1978, error: 191
#ERR  p: [1391, 1147], r: -1537, e: -1974, error: 192
#ERR  p: [1391, 1148], r: -1547, e: -1969, error: 193
#ERR  p: [1391, 1149], r: -1557, e: -1958, error: 194
#ERR  p: [1391, 1150], r: -1567, e: -1956, error: 195
#ERR  p: [1391, 1151], r: -1577, e: -1940, error: 196
#ERR  p: [1391, 1152], r: -1587, e: -1933, error: 197
#ERR  p: [1391, 1153], r: -1597, e: -1922, error: 198
#ERR  p: [1391, 1154], r: -1607, e: -1914, error: 199
#ERR  p: [1391, 1155], r: -1617, e: -1907, error: 200
#ERR  p: [1391, 1156], r: -1627, e: -1894, error: 201
#ERR  p: [1391, 1157], r: -1637, e: -1897, error: 202
#ERR  p: [1391, 1158], r: -1647, e: -1886, error: 203
#ERR  p: [1391, 1159], r: -1657, e: -1877, error: 204
#ERR  p: [1391, 1160], r: -1667, e: -1871, error: 205
#ERR  p: [1391, 1161], r: -1677, e: -1865, error: 206
#ERR  p: [1391, 1162], r: -1687, e: -1861, error: 207
#ERR  p: [1391, 1163], r: -1697, e: -1855, error: 208
#ERR  p: [1391, 1164], r: -1707, e: -1844, error: 209
#ERR  p: [1391, 1165], r: -1717, e: -1831, error: 210
#ERR  p: [1391, 1166], r: -1727, e: -1833, error: 211
#ERR  p: [1391, 1167], r: -1737, e: -1828, error: 212
#ERR  p: [1391, 1168], r: -1747, e: -1817, error: 213
#ERR  p: [1391, 1169], r: -1757, e: -1806, error: 214
#ERR  p: [1391, 1170], r: -1767, e: -1802, error: 215
#ERR  p: [1391, 1171], r: -1777, e: -1799, error: 216
#ERR  p: [1391, 1172], r: -1787, e: -1792, error: 217
#ERR  p: [1392, 993], r: 10, e: -3032, error: 218
#ERR  p: [1392, 994], r: 2, e: -3022, error: 219
#ERR  p: [1392, 995], r: -8, e: -3010, error: 220
#ERR  p: [1392, 996], r: -18, e: -2999, error: 221
#ERR  p: [1392, 997], r: -28, e: -2992, error: 222
#ERR  p: [1392, 998], r: -38, e: -2983, error: 223
#ERR  p: [1392, 999], r: -48, e: -2974, error: 224
#ERR  p: [1392, 1000], r: -58, e: -2970, error: 225
#ERR  p: [1392, 1001], r: -68, e: -2962, error: 226
#ERR  p: [1392, 1002], r: -78, e: -2953, error: 227
#ERR  p: [1392, 1003], r: -78, e: -2934, error: 228
#ERR  p: [1392, 1004], r: -88, e: -2932, error: 229
#ERR  p: [1392, 1005], r: -98, e: -2931, error: 230
#ERR  p: [1392, 1006], r: -108, e: -2922, error: 231
#ERR  p: [1392, 1007], r: -118, e: -2913, error: 232
#ERR  p: [1392, 1008], r: -128, e: -2904, error: 233
#ERR  p: [1392, 1009], r: -138, e: -2892, error: 234
#ERR  p: [1392, 1010], r: -148, e: -2883, error: 235
#ERR  p: [1392, 1011], r: -158, e: -2877, error: 236
#ERR  p: [1392, 1012], r: -168, e: -2877, error: 237
#ERR  p: [1392, 1013], r: -178, e: -2883, error: 238
#ERR  p: [1392, 1014], r: -188, e: -2876, error: 239
#ERR  p: [1392, 1015], r: -198, e: -2869, error: 240
#ERR  p: [1392, 1016], r: -208, e: -2862, error: 241
#ERR  p: [1392, 1017], r: -218, e: -2853, error: 242
#ERR  p: [1392, 1018], r: -228, e: -2841, error: 243
#ERR  p: [1392, 1019], r: -238, e: -2830, error: 244
#ERR  p: [1392, 1020], r: -248, e: -2820, error: 245
#ERR  p: [1392, 1021], r: -258, e: -2811, error: 246
#ERR  p: [1392, 1022], r: -268, e: -2804, error: 247
#ERR  p: [1392, 1023], r: -278, e: -2795, error: 248
#ERR  p: [1392, 1024], r: -288, e: -2788, error: 249
#ERR  p: [1392, 1025], r: -298, e: -2775, error: 250
#ERR  p: [1392, 1026], r: -308, e: -2764, error: 251
#ERR  p: [1392, 1027], r: -318, e: -2754, error: 252
#ERR  p: [1392, 1028], r: -328, e: -2743, error: 253
#ERR  p: [1392, 1029], r: -338, e: -2731, error: 254
#ERR  p: [1392, 1030], r: -348, e: -2724, error: 255
#ERR  p: [1392, 1031], r: -358, e: -2712, error: 256
#ERR  p: [1392, 1032], r: -368, e: -2714, error: 257
#ERR  p: [1392, 1033], r: -378, e: -2708, error: 258
#ERR  p: [1392, 1034], r: -388, e: -2700, error: 259
#ERR  p: [1392, 1035], r: -398, e: -2693, error: 260
#ERR  p: [1392, 1036], r: -408, e: -2687, error: 261
#ERR  p: [1392, 1037], r: -418, e: -2685, error: 262
#ERR  p: [1392, 1038], r: -428, e: -2689, error: 263
#ERR  p: [1392, 1039], r: -438, e: -2688, error: 264
#ERR  p: [1392, 1040], r: -448, e: -2680, error: 265
#ERR  p: [1392, 1041], r: -458, e: -2671, error: 266
#ERR  p: [1392, 1042], r: -468, e: -2664, error: 267
#ERR  p: [1392, 1043], r: -478, e: -2657, error: 268
#ERR  p: [1392, 1044], r: -488, e: -2653, error: 269
#ERR  p: [1392, 1045], r: -498, e: -2643, error: 270
#ERR  p: [1392, 1046], r: -508, e: -2632, error: 271
#ERR  p: [1392, 1047], r: -518, e: -2622, error: 272
#ERR  p: [1392, 1048], r: -528, e: -2607, error: 273
#ERR  p: [1392, 1049], r: -538, e: -2601, error: 274
#ERR  p: [1392, 1050], r: -548, e: -2592, error: 275
#ERR  p: [1392, 1051], r: -558, e: -2590, error: 276
#ERR  p: [1392, 1052], r: -568, e: -2583, error: 277
#ERR  p: [1392, 1053], r: -578, e: -2572, error: 278
#ERR  p: [1392, 1054], r: -588, e: -2562, error: 279
#ERR  p: [1392, 1055], r: -598, e: -2553, error: 280
#ERR  p: [1392, 1056], r: -608, e: -2544, error: 281
#ERR  p: [1392, 1057], r: -618, e: -2533, error: 282
#ERR  p: [1392, 1058], r: -628, e: -2525, error: 283
#ERR  p: [1392, 1059], r: -638, e: -2531, error: 284
#ERR  p: [1392, 1060], r: -648, e: -2524, error: 285
#ERR  p: [1392, 1061], r: -658, e: -2505, error: 286
#ERR  p: [1392, 1062], r: -668, e: -2510, error: 287
#ERR  p: [1392, 1063], r: -678, e: -2508, error: 288
#ERR  p: [1392, 1064], r: -688, e: -2496, error: 289
#ERR  p: [1392, 1065], r: -698, e: -2484, error: 290
#ERR  p: [1392, 1066], r: -708, e: -2476, error: 291
#ERR  p: [1392, 1067], r: -718, e: -2460, error: 292
#ERR  p: [1392, 1068], r: -728, e: -2453, error: 293
#ERR  p: [1392, 1069], r: -738, e: -2458, error: 294
#ERR  p: [1392, 1070], r: -748, e: -2451, error: 295
#ERR  p: [1392, 1071], r: -758, e: -2443, error: 296
#ERR  p: [1392, 1072], r: -768, e: -2436, error: 297
#ERR  p: [1392, 1073], r: -778, e: -2431, error: 298
#ERR  p: [1392, 1074], r: -788, e: -2436, error: 299
#ERR  p: [1392, 1075], r: -798, e: -2421, error: 300
#ERR  p: [1392, 1076], r: -808, e: -2431, error: 301
#ERR  p: [1392, 1077], r: -818, e: -2433, error: 302
#ERR  p: [1392, 1078], r: -828, e: -2414, error: 303
#ERR  p: [1392, 1079], r: -838, e: -2410, error: 304
#ERR  p: [1392, 1080], r: -848, e: -2404, error: 305
#ERR  p: [1392, 1081], r: -858, e: -2394, error: 306
#ERR  p: [1392, 1082], r: -868, e: -2386, error: 307
#ERR  p: [1392, 1083], r: -878, e: -2368, error: 308
#ERR  p: [1392, 1084], r: -888, e: -2373, error: 309
#ERR  p: [1392, 1085], r: -898, e: -2364, error: 310
#ERR  p: [1392, 1086], r: -908, e: -2363, error: 311
#ERR  p: [1392, 1087], r: -918, e: -2345, error: 312
#ERR  p: [1392, 1088], r: -928, e: -2350, error: 313
#ERR  p: [1392, 1089], r: -938, e: -2345, error: 314
#ERR  p: [1392, 1090], r: -948, e: -2341, error: 315
#ERR  p: [1392, 1091], r: -958, e: -2334, error: 316
#ERR  p: [1392, 1092], r: -968, e: -2326, error: 317
#ERR  p: [1392, 1093], r: -978, e: -2315, error: 318
#ERR  p: [1392, 1094], r: -988, e: -2309, error: 319
#ERR  p: [1392, 1095], r: -998, e: -2309, error: 320
#ERR  p: [1392, 1096], r: -1008, e: -2305, error: 321
#ERR  p: [1392, 1097], r: -1018, e: -2296, error: 322
#ERR  p: [1392, 1098], r: -1028, e: -2291, error: 323
#ERR  p: [1392, 1099], r: -1038, e: -2287, error: 324
#ERR  p: [1392, 1100], r: -1048, e: -2271, error: 325
#ERR  p: [1392, 1101], r: -1058, e: -2262, error: 326
#ERR  p: [1392, 1102], r: -1068, e: -2268, error: 327
#ERR  p: [1392, 1103], r: -1078, e: -2260, error: 328
#ERR  p: [1392, 1104], r: -1088, e: -2251, error: 329
#ERR  p: [1392, 1105], r: -1098, e: -2241, error: 330
#ERR  p: [1392, 1106], r: -1108, e: -2234, error: 331
#ERR  p: [1392, 1107], r: -1118, e: -2228, error: 332
#ERR  p: [1392, 1108], r: -1128, e: -2221, error: 333
#ERR  p: [1392, 1109], r: -1138, e: -2212, error: 334
#ERR  p: [1392, 1110], r: -1148, e: -2203, error: 335
#ERR  p: [1392, 1111], r: -1158, e: -2195, error: 336
#ERR  p: [1392, 1112], r: -1168, e: -2190, error: 337
#ERR  p: [1392, 1113], r: -1178, e: -2182, error: 338
#ERR  p: [1392, 1114], r: -1188, e: -2175, error: 339
#ERR  p: [1392, 1115], r: -1198, e: -2171, error: 340
#ERR  p: [1392, 1116], r: -1208, e: -2175, error: 341
#ERR  p: [1392, 1117], r: -1218, e: -2167, error: 342
#ERR  p: [1392, 1118], r: -1228, e: -2160, error: 343
#ERR  p: [1392, 1119], r: -1238, e: -2151, error: 344
#ERR  p: [1392, 1120], r: -1248, e: -2144, error: 345
#ERR  p: [1392, 1121], r: -1258, e: -2144, error: 346
#ERR  p: [1392, 1122], r: -1268, e: -2137, error: 347
#ERR  p: [1392, 1123], r: -1278, e: -2128, error: 348
#ERR  p: [1392, 1124], r: -1288, e: -2116, error: 349
#ERR  p: [1392, 1125], r: -1298, e: -2109, error: 350
#ERR  p: [1392, 1126], r: -1308, e: -2104, error: 351
#ERR  p: [1392, 1127], r: -1318, e: -2095, error: 352
#ERR  p: [1392, 1128], r: -1328, e: -2085, error: 353
#ERR  p: [1392, 1129], r: -1338, e: -2090, error: 354
#ERR  p: [1392, 1130], r: -1348, e: -2080, error: 355
#ERR  p: [1392, 1131], r: -1358, e: -2071, error: 356
#ERR  p: [1392, 1132], r: -1368, e: -2068, error: 357
#ERR  p: [1392, 1133], r: -1378, e: -2075, error: 358
#ERR  p: [1392, 1134], r: -1388, e: -2066, error: 359
#ERR  p: [1392, 1135], r: -1398, e: -2074, error: 360
#ERR  p: [1392, 1136], r: -1408, e: -2074, error: 361
#ERR  p: [1392, 1137], r: -1418, e: -2067, error: 362
#ERR  p: [1392, 1138], r: -1428, e: -2060, error: 363
#ERR  p: [1392, 1139], r: -1438, e: -2053, error: 364
#ERR  p: [1392, 1140], r: -1448, e: -2042, error: 365
#ERR  p: [1392, 1141], r: -1458, e: -2033, error: 366
#ERR  p: [1392, 1142], r: -1468, e: -2024, error: 367
#ERR  p: [1392, 1143], r: -1478, e: -2014, error: 368
#ERR  p: [1392, 1144], r: -1488, e: -2004, error: 369
#ERR  p: [1392, 1145], r: -1498, e: -1995, error: 370
#ERR  p: [1392, 1146], r: -1508, e: -1988, error: 371
#ERR  p: [1392, 1147], r: -1518, e: -1979, error: 372
#ERR  p: [1392, 1148], r: -1528, e: -1977, error: 373
#ERR  p: [1392, 1149], r: -1538, e: -1968, error: 374
#ERR  p: [1392, 1150], r: -1548, e: -1962, error: 375
#ERR  p: [1392, 1151], r: -1558, e: -1950, error: 376
#ERR  p: [1392, 1152], r: -1568, e: -1943, error: 377
#ERR  p: [1392, 1153], r: -1578, e: -1932, error: 378
#ERR  p: [1392, 1154], r: -1588, e: -1913, error: 379
#ERR  p: [1392, 1155], r: -1598, e: -1917, error: 380
#ERR  p: [1392, 1156], r: -1608, e: -1904, error: 381
#ERR  p: [1392, 1157], r: -1618, e: -1896, error: 382
#ERR  p: [1392, 1158], r: -1628, e: -1896, error: 383
#ERR  p: [1392, 1159], r: -1638, e: -1887, error: 384
#ERR  p: [1392, 1160], r: -1648, e: -1880, error: 385
#ERR  p: [1392, 1161], r: -1658, e: -1874, error: 386
#ERR  p: [1392, 1162], r: -1668, e: -1856, error: 387
#ERR  p: [1392, 1163], r: -1678, e: -1862, error: 388
#ERR  p: [1392, 1164], r: -1688, e: -1854, error: 389
#ERR  p: [1392, 1165], r: -1698, e: -1841, error: 390
#ERR  p: [1392, 1166], r: -1708, e: -1832, error: 391
#ERR  p: [1392, 1167], r: -1718, e: -1834, error: 392
#ERR  p: [1392, 1168], r: -1728, e: -1827, error: 393
#ERR  p: [1392, 1169], r: -1738, e: -1816, error: 394
#ERR  p: [1392, 1170], r: -1748, e: -1807, error: 395
#ERR  p: [1392, 1171], r: -1758, e: -1805, error: 396
#ERR  p: [1392, 1172], r: -1768, e: -1802, error: 397
#ERR  p: [1392, 1173], r: -1778, e: -1789, error: 398
#ERR  p: [1393, 993], r: 0, e: -3035, error: 399
#ERR  p: [1393, 994], r: 7, e: -3032, error: 400
#ERR  p: [1393, 995], r: 2, e: -3020, error: 401
#ERR  p: [1393, 996], r: -8, e: -3009, error: 402
#ERR  p: [1393, 997], r: -18, e: -2999, error: 403
#ERR  p: [1393, 998], r: -26, e: -2990, error: 404
#ERR  p: [1393, 999], r: -36, e: -2984, error: 405
#ERR  p: [1393, 1000], r: -46, e: -2975, error: 406
#ERR  p: [1393, 1001], r: -56, e: -2970, error: 407
#ERR  p: [1393, 1002], r: -66, e: -2963, error: 408
#ERR  p: [1393, 1003], r: -76, e: -2944, error: 409
#ERR  p: [1393, 1004], r: -81, e: -2937, error: 410
#ERR  p: [1393, 1005], r: -89, e: -2933, error: 411
#ERR  p: [1393, 1006], r: -99, e: -2932, error: 412
#ERR  p: [1393, 1007], r: -109, e: -2923, error: 413
#ERR  p: [1393, 1008], r: -119, e: -2914, error: 414
#ERR  p: [1393, 1009], r: -129, e: -2902, error: 415
#ERR  p: [1393, 1010], r: -139, e: -2893, error: 416
#ERR  p: [1393, 1011], r: -149, e: -2884, error: 417
#ERR  p: [1393, 1012], r: -159, e: -2881, error: 418
#ERR  p: [1393, 1013], r: -169, e: -2878, error: 419
#ERR  p: [1393, 1014], r: -178, e: -2883, error: 420
#ERR  p: [1393, 1015], r: -188, e: -2878, error: 421
#ERR  p: [1393, 1016], r: -198, e: -2871, error: 422
#ERR  p: [1393, 1017], r: -208, e: -2863, error: 423
#ERR  p: [1393, 1018], r: -218, e: -2851, error: 424
#ERR  p: [1393, 1019], r: -228, e: -2840, error: 425
#ERR  p: [1393, 1020], r: -238, e: -2830, error: 426
#ERR  p: [1393, 1021], r: -248, e: -2821, error: 427
#ERR  p: [1393, 1022], r: -258, e: -2812, error: 428
#ERR  p: [1393, 1023], r: -268, e: -2805, error: 429
#ERR  p: [1393, 1024], r: -278, e: -2796, error: 430
#ERR  p: [1393, 1025], r: -287, e: -2785, error: 431
#ERR  p: [1393, 1026], r: -297, e: -2774, error: 432
#ERR  p: [1393, 1027], r: -307, e: -2764, error: 433
#ERR  p: [1393, 1028], r: -317, e: -2753, error: 434
#ERR  p: [1393, 1029], r: -327, e: -2741, error: 435
#ERR  p: [1393, 1030], r: -337, e: -2733, error: 436
#ERR  p: [1393, 1031], r: -347, e: -2722, error: 437
#ERR  p: [1393, 1032], r: -357, e: -2715, error: 438
#ERR  p: [1393, 1033], r: -360, e: -2706, error: 439
#ERR  p: [1393, 1034], r: -370, e: -2709, error: 440
#ERR  p: [1393, 1035], r: -380, e: -2702, error: 441
#ERR  p: [1393, 1036], r: -390, e: -2693, error: 442
#ERR  p: [1393, 1037], r: -400, e: -2688, error: 443
#ERR  p: [1393, 1038], r: -410, e: -2687, error: 444
#ERR  p: [1393, 1039], r: -420, e: -2691, error: 445
#ERR  p: [1393, 1040], r: -430, e: -2680, error: 446
#ERR  p: [1393, 1041], r: -440, e: -2681, error: 447
#ERR  p: [1393, 1042], r: -450, e: -2671, error: 448
#ERR  p: [1393, 1043], r: -460, e: -2664, error: 449
#ERR  p: [1393, 1044], r: -470, e: -2660, error: 450
#ERR  p: [1393, 1045], r: -480, e: -2653, error: 451
#ERR  p: [1393, 1046], r: -490, e: -2642, error: 452
#ERR  p: [1393, 1047], r: -500, e: -2632, error: 453
#ERR  p: [1393, 1048], r: -510, e: -2617, error: 454
#ERR  p: [1393, 1049], r: -520, e: -2611, error: 455
#ERR  p: [1393, 1050], r: -530, e: -2602, error: 456
#ERR  p: [1393, 1051], r: -540, e: -2596, error: 457
#ERR  p: [1393, 1052], r: -550, e: -2592, error: 458
#ERR  p: [1393, 1053], r: -560, e: -2582, error: 459
#ERR  p: [1393, 1054], r: -570, e: -2572, error: 460
#ERR  p: [1393, 1055], r: -580, e: -2563, error: 461
#ERR  p: [1393, 1056], r: -590, e: -2553, error: 462
#ERR  p: [1393, 1057], r: -600, e: -2543, error: 463
#ERR  p: [1393, 1058], r: -610, e: -2534, error: 464
#ERR  p: [1393, 1059], r: -620, e: -2525, error: 465
#ERR  p: [1393, 1060], r: -630, e: -2531, error: 466
#ERR  p: [1393, 1061], r: -640, e: -2515, error: 467
#ERR  p: [1393, 1062], r: -650, e: -2505, error: 468
#ERR  p: [1393, 1063], r: -660, e: -2512, error: 469
#ERR  p: [1393, 1064], r: -670, e: -2506, error: 470
#ERR  p: [1393, 1065], r: -680, e: -2494, error: 471
#ERR  p: [1393, 1066], r: -690, e: -2484, error: 472
#ERR  p: [1393, 1067], r: -700, e: -2470, error: 473
#ERR  p: [1393, 1068], r: -710, e: -2460, error: 474
#ERR  p: [1393, 1069], r: -720, e: -2454, error: 475
#ERR  p: [1393, 1070], r: -730, e: -2460, error: 476
#ERR  p: [1393, 1071], r: -740, e: -2453, error: 477
#ERR  p: [1393, 1072], r: -750, e: -2445, error: 478
#ERR  p: [1393, 1073], r: -760, e: -2439, error: 479
#ERR  p: [1393, 1074], r: -770, e: -2429, error: 480
#ERR  p: [1393, 1075], r: -780, e: -2431, error: 481
#ERR  p: [1393, 1076], r: -790, e: -2424, error: 482
#ERR  p: [1393, 1077], r: -800, e: -2434, error: 483
#ERR  p: [1393, 1078], r: -810, e: -2424, error: 484
#ERR  p: [1393, 1079], r: -820, e: -2417, error: 485
#ERR  p: [1393, 1080], r: -830, e: -2414, error: 486
#ERR  p: [1393, 1081], r: -840, e: -2404, error: 487
#ERR  p: [1393, 1082], r: -850, e: -2395, error: 488
#ERR  p: [1393, 1083], r: -860, e: -2378, error: 489
#ERR  p: [1393, 1084], r: -870, e: -2370, error: 490
#ERR  p: [1393, 1085], r: -880, e: -2374, error: 491
#ERR  p: [1393, 1086], r: -890, e: -2365, error: 492
#ERR  p: [1393, 1087], r: -900, e: -2355, error: 493
#ERR  p: [1393, 1088], r: -910, e: -2349, error: 494
#ERR  p: [1393, 1089], r: -920, e: -2351, error: 495
#ERR  p: [1393, 1090], r: -930, e: -2346, error: 496
#ERR  p: [1393, 1091], r: -940, e: -2343, error: 497
#ERR  p: [1393, 1092], r: -950, e: -2334, error: 498
#ERR  p: [1393, 1093], r: -960, e: -2325, error: 499
#SDC Ite:0 KerTime:0.291232 AccTime:0.291232 KerErr:500 AccErr:500
#END