#HEADER max_rows:2048 max_cols:2048 penalty:10
#BEGIN Y:2016 M:09 D:07 Time:05:10:52
#IT Ite:0 KerTime:0.290838 AccTime:0.290838
#ERR Error detected! kerrors = 460273
#ERR  p: [25, 1553], r: 8, e: -15145, error: 1
#ERR  p: [25, 1554], r: 6, e: -15155, error: 2
#ERR  p: [25, 1555], r: 2, e: -15165, error: 3
#ERR  p: [25, 1556], r: 20, e: -15175, error: 4
#ERR  p: [25, 1557], r: 5, e: -15185, error: 5
#ERR  p: [25, 1558], r: 5, e: -15195, error: 6
#ERR  p: [25, 1559], r: 5, e: -15205, error: 7
#ERR  p: [25, 1560], r: 6, e: -15215, error: 8
#ERR  p: [25, 1561], r: 4, e: -15225, error: 9
#ERR  p: [25, 1562], r: 16, e: -15235, error: 10
#ERR  p: [25, 1563], r: 22, e: -15245, error: 11
#ERR  p: [25, 1564], r: 2, e: -15255, error: 12
#ERR  p: [25, 1565], r: 21, e: -15265, error: 13
#ERR  p: [25, 1566], r: 22, e: -15275, error: 14
#ERR  p: [25, 1567], r: 11, e: -15285, error: 15
#ERR  p: [25, 1568], r: 17, e: -15295, error: 16
#ERR  p: [25, 1569], r: 7, e: -15305, error: 17
#ERR  p: [25, 1570], r: -3, e: -15315, error: 18
#ERR  p: [25, 1571], r: -13, e: -15325, error: 19
#ERR  p: [25, 1572], r: -23, e: -15335, error: 20
#ERR  p: [25, 1573], r: -33, e: -15345, error: 21
#ERR  p: [25, 1574], r: -43, e: -15355, error: 22
#ERR  p: [25, 1575], r: -53, e: -15365, error: 23
#ERR  p: [25, 1576], r: -63, e: -15375, error: 24
#ERR  p: [25, 1577], r: -73, e: -15385, error: 25
#ERR  p: [25, 1578], r: -83, e: -15395, error: 26
#ERR  p: [25, 1579], r: -93, e: -15405, error: 27
#ERR  p: [25, 1580], r: -103, e: -15415, error: 28
#ERR  p: [25, 1581], r: -113, e: -15425, error: 29
#ERR  p: [25, 1582], r: -123, e: -15435, error: 30
#ERR  p: [25, 1583], r: -133, e: -15445, error: 31
#ERR  p: [25, 1584], r: -143, e: -15455, error: 32
#ERR  p: [25, 1585], r: -153, e: -15465, error: 33
#ERR  p: [25, 1586], r: -163, e: -15475, error: 34
#ERR  p: [25, 1587], r: -173, e: -15485, error: 35
#ERR  p: [25, 1588], r: -183, e: -15495, error: 36
#ERR  p: [25, 1589], r: -193, e: -15505, error: 37
#ERR  p: [25, 1590], r: -203, e: -15515, error: 38
#ERR  p: [25, 1591], r: -213, e: -15525, error: 39
#ERR  p: [25, 1592], r: -223, e: -15535, error: 40
#ERR  p: [25, 1593], r: -233, e: -15545, error: 41
#ERR  p: [25, 1594], r: -243, e: -15555, error: 42
#ERR  p: [25, 1595], r: -253, e: -15565, error: 43
#ERR  p: [25, 1596], r: -263, e: -15575, error: 44
#ERR  p: [25, 1597], r: -273, e: -15585, error: 45
#ERR  p: [25, 1598], r: -283, e: -15595, error: 46
#ERR  p: [25, 1599], r: -293, e: -15605, error: 47
#ERR  p: [25, 1600], r: -303, e: -15615, error: 48
#ERR  p: [25, 1601], r: -313, e: -15625, error: 49
#ERR  p: [25, 1602], r: -323, e: -15635, error: 50
#ERR  p: [25, 1603], r: -333, e: -15645, error: 51
#ERR  p: [25, 1604], r: -343, e: -15655, error: 52
#ERR  p: [25, 1605], r: -353, e: -15665, error: 53
#ERR  p: [25, 1606], r: -363, e: -15675, error: 54
#ERR  p: [25, 1607], r: -373, e: -15685, error: 55
#ERR  p: [25, 1608], r: -383, e: -15695, error: 56
#ERR  p: [25, 1609], r: -393, e: -15705, error: 57
#ERR  p: [25, 1610], r: -403, e: -15715, error: 58
#ERR  p: [25, 1611], r: -413, e: -15725, error: 59
#ERR  p: [25, 1612], r: -423, e: -15735, error: 60
#ERR  p: [25, 1613], r: -433, e: -15745, error: 61
#ERR  p: [25, 1614], r: -443, e: -15755, error: 62
#ERR  p: [25, 1615], r: -453, e: -15765, error: 63
#ERR  p: [25, 1616], r: -463, e: -15775, error: 64
#ERR  p: [25, 1617], r: -473, e: -15785, error: 65
#ERR  p: [25, 1618], r: -483, e: -15795, error: 66
#ERR  p: [25, 1619], r: -493, e: -15805, error: 67
#ERR  p: [25, 1620], r: -503, e: -15815, error: 68
#ERR  p: [25, 1621], r: -513, e: -15825, error: 69
#ERR  p: [25, 1622], r: -523, e: -15835, error: 70
#ERR  p: [25, 1623], r: -533, e: -15845, error: 71
#ERR  p: [25, 1624], r: -543, e: -15855, error: 72
#ERR  p: [25, 1625], r: -553, e: -15865, error: 73
#ERR  p: [25, 1626], r: -563, e: -15875, error: 74
#ERR  p: [25, 1627], r: -573, e: -15885, error: 75
#ERR  p: [25, 1628], r: -583, e: -15895, error: 76
#ERR  p: [25, 1629], r: -593, e: -15905, error: 77
#ERR  p: [25, 1630], r: -603, e: -15915, error: 78
#ERR  p: [25, 1631], r: -613, e: -15925, error: 79
#ERR  p: [25, 1632], r: -623, e: -15935, error: 80
#ERR  p: [25, 1633], r: -633, e: -15945, error: 81
#ERR  p: [25, 1634], r: -643, e: -15955, error: 82
#ERR  p: [25, 1635], r: -653, e: -15965, error: 83
#ERR  p: [25, 1636], r: -663, e: -15975, error: 84
#ERR  p: [25, 1637], r: -673, e: -15985, error: 85
#ERR  p: [25, 1638], r: -683, e: -15995, error: 86
#ERR  p: [25, 1639], r: -693, e: -16005, error: 87
#ERR  p: [25, 1640], r: -703, e: -16015, error: 88
#ERR  p: [25, 1641], r: -713, e: -16025, error: 89
#ERR  p: [25, 1642], r: -723, e: -16035, error: 90
#ERR  p: [25, 1643], r: -733, e: -16045, error: 91
#ERR  p: [25, 1644], r: -743, e: -16055, error: 92
#ERR  p: [25, 1645], r: -753, e: -16065, error: 93
#ERR  p: [25, 1646], r: -763, e: -16075, error: 94
#ERR  p: [25, 1647], r: -773, e: -16085, error: 95
#ERR  p: [25, 1648], r: -783, e: -16095, error: 96
#ERR  p: [25, 1649], r: -793, e: -16105, error: 97
#ERR  p: [25, 1650], r: -803, e: -16115, error: 98
#ERR  p: [25, 1651], r: -813, e: -16125, error: 99
#ERR  p: [25, 1652], r: -823, e: -16135, error: 100
#ERR  p: [25, 1653], r: -833, e: -16145, error: 101
#ERR  p: [25, 1654], r: -843, e: -16155, error: 102
#ERR  p: [25, 1655], r: -853, e: -16165, error: 103
#ERR  p: [25, 1656], r: -863, e: -16175, error: 104
#ERR  p: [25, 1657], r: -873, e: -16185, error: 105
#ERR  p: [25, 1658], r: -883, e: -16195, error: 106
#ERR  p: [25, 1659], r: -893, e: -16205, error: 107
#ERR  p: [25, 1660], r: -903, e: -16215, error: 108
#ERR  p: [25, 1661], r: -913, e: -16225, error: 109
#ERR  p: [25, 1662], r: -923, e: -16235, error: 110
#ERR  p: [25, 1663], r: -933, e: -16245, error: 111
#ERR  p: [25, 1664], r: -943, e: -16255, error: 112
#ERR  p: [25, 1665], r: -953, e: -16265, error: 113
#ERR  p: [25, 1666], r: -963, e: -16275, error: 114
#ERR  p: [25, 1667], r: -973, e: -16285, error: 115
#ERR  p: [25, 1668], r: -983, e: -16295, error: 116
#ERR  p: [25, 1669], r: -993, e: -16305, error: 117
#ERR  p: [25, 1670], r: -1003, e: -16315, error: 118
#ERR  p: [25, 1671], r: -1013, e: -16325, error: 119
#ERR  p: [25, 1672], r: -1023, e: -16335, error: 120
#ERR  p: [25, 1673], r: -1033, e: -16345, error: 121
#ERR  p: [25, 1674], r: -1043, e: -16355, error: 122
#ERR  p: [25, 1675], r: -1053, e: -16365, error: 123
#ERR  p: [25, 1676], r: -1063, e: -16375, error: 124
#ERR  p: [25, 1677], r: -1073, e: -16385, error: 125
#ERR  p: [25, 1678], r: -1083, e: -16395, error: 126
#ERR  p: [25, 1679], r: -1093, e: -16405, error: 127
#ERR  p: [25, 1680], r: -1103, e: -16415, error: 128
#ERR  p: [25, 1681], r: -1113, e: -16425, error: 129
#ERR  p: [25, 1682], r: -1123, e: -16435, error: 130
#ERR  p: [25, 1683], r: -1133, e: -16445, error: 131
#ERR  p: [25, 1684], r: -1143, e: -16455, error: 132
#ERR  p: [25, 1685], r: -1153, e: -16465, error: 133
#ERR  p: [25, 1686], r: -1163, e: -16475, error: 134
#ERR  p: [25, 1687], r: -1173, e: -16485, error: 135
#ERR  p: [25, 1688], r: -1183, e: -16495, error: 136
#ERR  p: [25, 1689], r: -1193, e: -16505, error: 137
#ERR  p: [25, 1690], r: -1203, e: -16515, error: 138
#ERR  p: [25, 1691], r: -1213, e: -16525, error: 139
#ERR  p: [25, 1692], r: -1223, e: -16535, error: 140
#ERR  p: [25, 1693], r: -1233, e: -16545, error: 141
#ERR  p: [25, 1694], r: -1243, e: -16555, error: 142
#ERR  p: [25, 1695], r: -1253, e: -16565, error: 143
#ERR  p: [25, 1696], r: -1263, e: -16575, error: 144
#ERR  p: [25, 1697], r: -1273, e: -16585, error: 145
#ERR  p: [25, 1698], r: -1283, e: -16595, error: 146
#ERR  p: [25, 1699], r: -1293, e: -16605, error: 147
#ERR  p: [25, 1700], r: -1303, e: -16615, error: 148
#ERR  p: [25, 1701], r: -1313, e: -16625, error: 149
#ERR  p: [25, 1702], r: -1323, e: -16635, error: 150
#ERR  p: [25, 1703], r: -1333, e: -16645, error: 151
#ERR  p: [25, 1704], r: -1343, e: -16655, error: 152
#ERR  p: [25, 1705], r: -1353, e: -16665, error: 153
#ERR  p: [25, 1706], r: -1363, e: -16675, error: 154
#ERR  p: [25, 1707], r: -1373, e: -16685, error: 155
#ERR  p: [25, 1708], r: -1383, e: -16695, error: 156
#ERR  p: [25, 1709], r: -1393, e: -16705, error: 157
#ERR  p: [25, 1710], r: -1403, e: -16715, error: 158
#ERR  p: [25, 1711], r: -1413, e: -16725, error: 159
#ERR  p: [25, 1712], r: -1423, e: -16735, error: 160
#ERR  p: [25, 1713], r: -1433, e: -16745, error: 161
#ERR  p: [25, 1714], r: -1443, e: -16755, error: 162
#ERR  p: [25, 1715], r: -1453, e: -16765, error: 163
#ERR  p: [25, 1716], r: -1463, e: -16775, error: 164
#ERR  p: [25, 1717], r: -1473, e: -16785, error: 165
#ERR  p: [25, 1718], r: -1483, e: -16795, error: 166
#ERR  p: [25, 1719], r: -1493, e: -16805, error: 167
#ERR  p: [25, 1720], r: -1503, e: -16815, error: 168
#ERR  p: [25, 1721], r: -1513, e: -16825, error: 169
#ERR  p: [25, 1722], r: -1523, e: -16835, error: 170
#ERR  p: [25, 1723], r: -1533, e: -16845, error: 171
#ERR  p: [25, 1724], r: -1543, e: -16855, error: 172
#ERR  p: [25, 1725], r: -1553, e: -16865, error: 173
#ERR  p: [25, 1726], r: -1563, e: -16875, error: 174
#ERR  p: [25, 1727], r: -1573, e: -16885, error: 175
#ERR  p: [25, 1728], r: -1583, e: -16895, error: 176
#ERR  p: [25, 1729], r: -1593, e: -16905, error: 177
#ERR  p: [25, 1730], r: -1603, e: -16915, error: 178
#ERR  p: [25, 1731], r: -1613, e: -16925, error: 179
#ERR  p: [25, 1732], r: -1623, e: -16935, error: 180
#ERR  p: [25, 1733], r: -1633, e: -16945, error: 181
#ERR  p: [25, 1734], r: -1643, e: -16955, error: 182
#ERR  p: [25, 1735], r: -1653, e: -16965, error: 183
#ERR  p: [25, 1736], r: -1663, e: -16975, error: 184
#ERR  p: [25, 1737], r: -1673, e: -16985, error: 185
#ERR  p: [25, 1738], r: -1683, e: -16995, error: 186
#ERR  p: [25, 1739], r: -1693, e: -17005, error: 187
#ERR  p: [25, 1740], r: -1703, e: -17015, error: 188
#ERR  p: [25, 1741], r: -1713, e: -17025, error: 189
#ERR  p: [25, 1742], r: -1723, e: -17035, error: 190
#ERR  p: [25, 1743], r: -1733, e: -17045, error: 191
#ERR  p: [25, 1744], r: -1743, e: -17055, error: 192
#ERR  p: [25, 1745], r: -1753, e: -17065, error: 193
#ERR  p: [25, 1746], r: -1763, e: -17075, error: 194
#ERR  p: [25, 1747], r: -1773, e: -17085, error: 195
#ERR  p: [25, 1748], r: -1783, e: -17095, error: 196
#ERR  p: [25, 1749], r: -1793, e: -17105, error: 197
#ERR  p: [25, 1750], r: -1803, e: -17115, error: 198
#ERR  p: [25, 1751], r: -1813, e: -17125, error: 199
#ERR  p: [25, 1752], r: -1823, e: -17135, error: 200
#ERR  p: [25, 1753], r: -1833, e: -17145, error: 201
#ERR  p: [25, 1754], r: -1843, e: -17155, error: 202
#ERR  p: [25, 1755], r: -1853, e: -17165, error: 203
#ERR  p: [25, 1756], r: -1863, e: -17175, error: 204
#ERR  p: [25, 1757], r: -1873, e: -17185, error: 205
#ERR  p: [25, 1758], r: -1883, e: -17195, error: 206
#ERR  p: [25, 1759], r: -1893, e: -17205, error: 207
#ERR  p: [25, 1760], r: -1903, e: -17215, error: 208
#ERR  p: [25, 1761], r: -1913, e: -17225, error: 209
#ERR  p: [25, 1762], r: -1923, e: -17235, error: 210
#ERR  p: [25, 1763], r: -1933, e: -17245, error: 211
#ERR  p: [25, 1764], r: -1943, e: -17255, error: 212
#ERR  p: [25, 1765], r: -1953, e: -17265, error: 213
#ERR  p: [25, 1766], r: -1963, e: -17275, error: 214
#ERR  p: [25, 1767], r: -1973, e: -17285, error: 215
#ERR  p: [25, 1768], r: -1983, e: -17295, error: 216
#ERR  p: [25, 1769], r: -1993, e: -17305, error: 217
#ERR  p: [25, 1770], r: -2003, e: -17315, error: 218
#ERR  p: [25, 1771], r: -2013, e: -17325, error: 219
#ERR  p: [25, 1772], r: -2023, e: -17335, error: 220
#ERR  p: [25, 1773], r: -2033, e: -17345, error: 221
#ERR  p: [25, 1774], r: -2043, e: -17355, error: 222
#ERR  p: [25, 1775], r: -2053, e: -17365, error: 223
#ERR  p: [25, 1776], r: -2063, e: -17375, error: 224
#ERR  p: [25, 1777], r: -2073, e: -17385, error: 225
#ERR  p: [25, 1778], r: -2083, e: -17395, error: 226
#ERR  p: [25, 1779], r: -2093, e: -17405, error: 227
#ERR  p: [25, 1780], r: -2103, e: -17415, error: 228
#ERR  p: [25, 1781], r: -2113, e: -17425, error: 229
#ERR  p: [25, 1782], r: -2123, e: -17435, error: 230
#ERR  p: [25, 1783], r: -2133, e: -17445, error: 231
#ERR  p: [25, 1784], r: -2143, e: -17455, error: 232
#ERR  p: [25, 1785], r: -2153, e: -17465, error: 233
#ERR  p: [25, 1786], r: -2163, e: -17475, error: 234
#ERR  p: [25, 1787], r: -2173, e: -17485, error: 235
#ERR  p: [25, 1788], r: -2183, e: -17495, error: 236
#ERR  p: [25, 1789], r: -2193, e: -17505, error: 237
#ERR  p: [25, 1790], r: -2203, e: -17515, error: 238
#ERR  p: [25, 1791], r: -2213, e: -17525, error: 239
#ERR  p: [25, 1792], r: -2223, e: -17535, error: 240
#ERR  p: [25, 1793], r: -2233, e: -17545, error: 241
#ERR  p: [25, 1794], r: -2243, e: -17555, error: 242
#ERR  p: [25, 1795], r: -2253, e: -17565, error: 243
#ERR  p: [25, 1796], r: -2263, e: -17575, error: 244
#ERR  p: [25, 1797], r: -2273, e: -17585, error: 245
#ERR  p: [25, 1798], r: -2283, e: -17595, error: 246
#ERR  p: [25, 1799], r: -2293, e: -17605, error: 247
#ERR  p: [25, 1800], r: -2303, e: -17615, error: 248
#ERR  p: [25, 1801], r: -2313, e: -17625, error: 249
#ERR  p: [25, 1802], r: -2323, e: -17635, error: 250
#ERR  p: [25, 1803], r: -2333, e: -17645, error: 251
#ERR  p: [25, 1804], r: -2343, e: -17655, error: 252
#ERR  p: [25, 1805], r: -2353, e: -17665, error: 253
#ERR  p: [25, 1806], r: -2363, e: -17675, error: 254
#ERR  p: [25, 1807], r: -2373, e: -17685, error: 255
#ERR  p: [25, 1808], r: -2383, e: -17695, error: 256
#ERR  p: [25, 1809], r: -2393, e: -17705, error: 257
#ERR  p: [25, 1810], r: -2403, e: -17715, error: 258
#ERR  p: [25, 1811], r: -2413, e: -17725, error: 259
#ERR  p: [25, 1812], r: -2423, e: -17735, error: 260
#ERR  p: [25, 1813], r: -2433, e: -17745, error: 261
#ERR  p: [25, 1814], r: -2443, e: -17755, error: 262
#ERR  p: [25, 1815], r: -2453, e: -17765, error: 263
#ERR  p: [25, 1816], r: -2463, e: -17775, error: 264
#ERR  p: [25, 1817], r: -2473, e: -17785, error: 265
#ERR  p: [25, 1818], r: -2483, e: -17795, error: 266
#ERR  p: [25, 1819], r: -2493, e: -17805, error: 267
#ERR  p: [25, 1820], r: -2503, e: -17815, error: 268
#ERR  p: [25, 1821], r: -2513, e: -17825, error: 269
#ERR  p: [25, 1822], r: -2523, e: -17835, error: 270
#ERR  p: [25, 1823], r: -2533, e: -17845, error: 271
#ERR  p: [25, 1824], r: -2543, e: -17855, error: 272
#ERR  p: [25, 1825], r: -2553, e: -17865, error: 273
#ERR  p: [25, 1826], r: -2563, e: -17875, error: 274
#ERR  p: [25, 1827], r: -2573, e: -17885, error: 275
#ERR  p: [25, 1828], r: -2583, e: -17895, error: 276
#ERR  p: [25, 1829], r: -2593, e: -17905, error: 277
#ERR  p: [25, 1830], r: -2603, e: -17915, error: 278
#ERR  p: [25, 1831], r: -2613, e: -17925, error: 279
#ERR  p: [25, 1832], r: -2623, e: -17935, error: 280
#ERR  p: [25, 1833], r: -2633, e: -17945, error: 281
#ERR  p: [25, 1834], r: -2643, e: -17955, error: 282
#ERR  p: [25, 1835], r: -2653, e: -17965, error: 283
#ERR  p: [25, 1836], r: -2663, e: -17975, error: 284
#ERR  p: [25, 1837], r: -2673, e: -17985, error: 285
#ERR  p: [25, 1838], r: -2683, e: -17995, error: 286
#ERR  p: [25, 1839], r: -2693, e: -18005, error: 287
#ERR  p: [25, 1840], r: -2703, e: -18015, error: 288
#ERR  p: [25, 1841], r: -2713, e: -18025, error: 289
#ERR  p: [25, 1842], r: -2723, e: -18035, error: 290
#ERR  p: [25, 1843], r: -2733, e: -18045, error: 291
#ERR  p: [25, 1844], r: -2743, e: -18055, error: 292
#ERR  p: [25, 1845], r: -2753, e: -18065, error: 293
#ERR  p: [25, 1846], r: -2763, e: -18075, error: 294
#ERR  p: [25, 1847], r: -2773, e: -18085, error: 295
#ERR  p: [25, 1848], r: -2783, e: -18095, error: 296
#ERR  p: [25, 1849], r: -2793, e: -18105, error: 297
#ERR  p: [25, 1850], r: -2803, e: -18115, error: 298
#ERR  p: [25, 1851], r: -2813, e: -18125, error: 299
#ERR  p: [25, 1852], r: -2823, e: -18135, error: 300
#ERR  p: [25, 1853], r: -2833, e: -18145, error: 301
#ERR  p: [25, 1854], r: -2843, e: -18155, error: 302
#ERR  p: [25, 1855], r: -2853, e: -18165, error: 303
#ERR  p: [25, 1856], r: -2863, e: -18175, error: 304
#ERR  p: [25, 1857], r: -2873, e: -18185, error: 305
#ERR  p: [25, 1858], r: -2883, e: -18195, error: 306
#ERR  p: [25, 1859], r: -2893, e: -18205, error: 307
#ERR  p: [25, 1860], r: -2903, e: -18215, error: 308
#ERR  p: [25, 1861], r: -2913, e: -18225, error: 309
#ERR  p: [25, 1862], r: -2923, e: -18235, error: 310
#ERR  p: [25, 1863], r: -2933, e: -18245, error: 311
#ERR  p: [25, 1864], r: -2943, e: -18255, error: 312
#ERR  p: [25, 1865], r: -2953, e: -18265, error: 313
#ERR  p: [25, 1866], r: -2963, e: -18275, error: 314
#ERR  p: [25, 1867], r: -2973, e: -18285, error: 315
#ERR  p: [25, 1868], r: -2983, e: -18295, error: 316
#ERR  p: [25, 1869], r: -2993, e: -18305, error: 317
#ERR  p: [25, 1870], r: -3003, e: -18315, error: 318
#ERR  p: [25, 1871], r: -3013, e: -18325, error: 319
#ERR  p: [25, 1872], r: -3023, e: -18335, error: 320
#ERR  p: [25, 1873], r: -3033, e: -18345, error: 321
#ERR  p: [25, 1874], r: -3043, e: -18355, error: 322
#ERR  p: [25, 1875], r: -3053, e: -18365, error: 323
#ERR  p: [25, 1876], r: -3063, e: -18375, error: 324
#ERR  p: [25, 1877], r: -3073, e: -18385, error: 325
#ERR  p: [25, 1878], r: -3083, e: -18395, error: 326
#ERR  p: [25, 1879], r: -3093, e: -18405, error: 327
#ERR  p: [25, 1880], r: -3103, e: -18415, error: 328
#ERR  p: [25, 1881], r: -3113, e: -18425, error: 329
#ERR  p: [25, 1882], r: -3123, e: -18435, error: 330
#ERR  p: [25, 1883], r: -3133, e: -18445, error: 331
#ERR  p: [25, 1884], r: -3143, e: -18455, error: 332
#ERR  p: [25, 1885], r: -3153, e: -18465, error: 333
#ERR  p: [25, 1886], r: -3163, e: -18475, error: 334
#ERR  p: [25, 1887], r: -3173, e: -18485, error: 335
#ERR  p: [25, 1888], r: -3183, e: -18495, error: 336
#ERR  p: [25, 1889], r: -3193, e: -18505, error: 337
#ERR  p: [25, 1890], r: -3203, e: -18515, error: 338
#ERR  p: [25, 1891], r: -3213, e: -18525, error: 339
#ERR  p: [25, 1892], r: -3223, e: -18535, error: 340
#ERR  p: [25, 1893], r: -3233, e: -18545, error: 341
#ERR  p: [25, 1894], r: -3243, e: -18555, error: 342
#ERR  p: [25, 1895], r: -3253, e: -18565, error: 343
#ERR  p: [25, 1896], r: -3263, e: -18575, error: 344
#ERR  p: [25, 1897], r: -3273, e: -18585, error: 345
#ERR  p: [25, 1898], r: -3283, e: -18595, error: 346
#ERR  p: [25, 1899], r: -3293, e: -18605, error: 347
#ERR  p: [25, 1900], r: -3303, e: -18615, error: 348
#ERR  p: [25, 1901], r: -3313, e: -18625, error: 349
#ERR  p: [25, 1902], r: -3323, e: -18635, error: 350
#ERR  p: [25, 1903], r: -3333, e: -18645, error: 351
#ERR  p: [25, 1904], r: -3343, e: -18655, error: 352
#ERR  p: [25, 1905], r: -3353, e: -18665, error: 353
#ERR  p: [25, 1906], r: -3363, e: -18675, error: 354
#ERR  p: [25, 1907], r: -3373, e: -18685, error: 355
#ERR  p: [25, 1908], r: -3383, e: -18695, error: 356
#ERR  p: [25, 1909], r: -3393, e: -18705, error: 357
#ERR  p: [25, 1910], r: -3403, e: -18715, error: 358
#ERR  p: [25, 1911], r: -3413, e: -18725, error: 359
#ERR  p: [25, 1912], r: -3423, e: -18735, error: 360
#ERR  p: [25, 1913], r: -3433, e: -18745, error: 361
#ERR  p: [25, 1914], r: -3443, e: -18755, error: 362
#ERR  p: [25, 1915], r: -3453, e: -18765, error: 363
#ERR  p: [25, 1916], r: -3463, e: -18775, error: 364
#ERR  p: [25, 1917], r: -3473, e: -18785, error: 365
#ERR  p: [25, 1918], r: -3483, e: -18795, error: 366
#ERR  p: [25, 1919], r: -3493, e: -18805, error: 367
#ERR  p: [25, 1920], r: -3503, e: -18815, error: 368
#ERR  p: [25, 1921], r: -3513, e: -18825, error: 369
#ERR  p: [25, 1922], r: -3523, e: -18835, error: 370
#ERR  p: [25, 1923], r: -3533, e: -18845, error: 371
#ERR  p: [25, 1924], r: -3543, e: -18855, error: 372
#ERR  p: [25, 1925], r: -3553, e: -18865, error: 373
#ERR  p: [25, 1926], r: -3563, e: -18875, error: 374
#ERR  p: [25, 1927], r: -3573, e: -18885, error: 375
#ERR  p: [25, 1928], r: -3583, e: -18895, error: 376
#ERR  p: [25, 1929], r: -3593, e: -18905, error: 377
#ERR  p: [25, 1930], r: -3603, e: -18915, error: 378
#ERR  p: [25, 1931], r: -3613, e: -18925, error: 379
#ERR  p: [25, 1932], r: -3623, e: -18935, error: 380
#ERR  p: [25, 1933], r: -3633, e: -18945, error: 381
#ERR  p: [25, 1934], r: -3643, e: -18955, error: 382
#ERR  p: [25, 1935], r: -3653, e: -18965, error: 383
#ERR  p: [25, 1936], r: -3663, e: -18975, error: 384
#ERR  p: [25, 1937], r: -3673, e: -18985, error: 385
#ERR  p: [25, 1938], r: -3683, e: -18995, error: 386
#ERR  p: [25, 1939], r: -3693, e: -19005, error: 387
#ERR  p: [25, 1940], r: -3703, e: -19015, error: 388
#ERR  p: [25, 1941], r: -3713, e: -19025, error: 389
#ERR  p: [25, 1942], r: -3723, e: -19035, error: 390
#ERR  p: [25, 1943], r: -3733, e: -19045, error: 391
#ERR  p: [25, 1944], r: -3743, e: -19055, error: 392
#ERR  p: [25, 1945], r: -3753, e: -19065, error: 393
#ERR  p: [25, 1946], r: -3763, e: -19075, error: 394
#ERR  p: [25, 1947], r: -3773, e: -19085, error: 395
#ERR  p: [25, 1948], r: -3783, e: -19095, error: 396
#ERR  p: [25, 1949], r: -3793, e: -19105, error: 397
#ERR  p: [25, 1950], r: -3803, e: -19115, error: 398
#ERR  p: [25, 1951], r: -3813, e: -19125, error: 399
#ERR  p: [25, 1952], r: -3823, e: -19135, error: 400
#ERR  p: [25, 1953], r: -3833, e: -19145, error: 401
#ERR  p: [25, 1954], r: -3843, e: -19155, error: 402
#ERR  p: [25, 1955], r: -3853, e: -19165, error: 403
#ERR  p: [25, 1956], r: -3863, e: -19175, error: 404
#ERR  p: [25, 1957], r: -3873, e: -19185, error: 405
#ERR  p: [25, 1958], r: -3883, e: -19195, error: 406
#ERR  p: [25, 1959], r: -3893, e: -19205, error: 407
#ERR  p: [25, 1960], r: -3903, e: -19215, error: 408
#ERR  p: [25, 1961], r: -3913, e: -19225, error: 409
#ERR  p: [25, 1962], r: -3923, e: -19235, error: 410
#ERR  p: [25, 1963], r: -3933, e: -19245, error: 411
#ERR  p: [25, 1964], r: -3943, e: -19255, error: 412
#ERR  p: [25, 1965], r: -3953, e: -19265, error: 413
#ERR  p: [25, 1966], r: -3963, e: -19275, error: 414
#ERR  p: [25, 1967], r: -3973, e: -19285, error: 415
#ERR  p: [25, 1968], r: -3983, e: -19295, error: 416
#ERR  p: [25, 1969], r: -3993, e: -19305, error: 417
#ERR  p: [25, 1970], r: -4003, e: -19315, error: 418
#ERR  p: [25, 1971], r: -4013, e: -19325, error: 419
#ERR  p: [25, 1972], r: -4023, e: -19335, error: 420
#ERR  p: [25, 1973], r: -4033, e: -19345, error: 421
#ERR  p: [25, 1974], r: -4043, e: -19355, error: 422
#ERR  p: [25, 1975], r: -4053, e: -19365, error: 423
#ERR  p: [25, 1976], r: -4063, e: -19375, error: 424
#ERR  p: [25, 1977], r: -4073, e: -19385, error: 425
#ERR  p: [25, 1978], r: -4083, e: -19395, error: 426
#ERR  p: [25, 1979], r: -4093, e: -19405, error: 427
#ERR  p: [25, 1980], r: -4103, e: -19415, error: 428
#ERR  p: [25, 1981], r: -4113, e: -19425, error: 429
#ERR  p: [25, 1982], r: -4123, e: -19435, error: 430
#ERR  p: [25, 1983], r: -4133, e: -19445, error: 431
#ERR  p: [25, 1984], r: -4143, e: -19455, error: 432
#ERR  p: [25, 1985], r: -4153, e: -19465, error: 433
#ERR  p: [25, 1986], r: -4163, e: -19475, error: 434
#ERR  p: [25, 1987], r: -4173, e: -19485, error: 435
#ERR  p: [25, 1988], r: -4183, e: -19495, error: 436
#ERR  p: [25, 1989], r: -4193, e: -19505, error: 437
#ERR  p: [25, 1990], r: -4203, e: -19515, error: 438
#ERR  p: [25, 1991], r: -4213, e: -19525, error: 439
#ERR  p: [25, 1992], r: -4223, e: -19535, error: 440
#ERR  p: [25, 1993], r: -4233, e: -19545, error: 441
#ERR  p: [25, 1994], r: -4243, e: -19555, error: 442
#ERR  p: [25, 1995], r: -4253, e: -19565, error: 443
#ERR  p: [25, 1996], r: -4263, e: -19575, error: 444
#ERR  p: [25, 1997], r: -4273, e: -19585, error: 445
#ERR  p: [25, 1998], r: -4283, e: -19595, error: 446
#ERR  p: [25, 1999], r: -4293, e: -19605, error: 447
#ERR  p: [25, 2000], r: -4303, e: -19615, error: 448
#ERR  p: [25, 2001], r: -4313, e: -19625, error: 449
#ERR  p: [25, 2002], r: -4323, e: -19635, error: 450
#ERR  p: [25, 2003], r: -4333, e: -19645, error: 451
#ERR  p: [25, 2004], r: -4343, e: -19655, error: 452
#ERR  p: [25, 2005], r: -4353, e: -19665, error: 453
#ERR  p: [25, 2006], r: -4363, e: -19675, error: 454
#ERR  p: [25, 2007], r: -4373, e: -19685, error: 455
#ERR  p: [25, 2008], r: -4383, e: -19695, error: 456
#ERR  p: [25, 2009], r: -4393, e: -19705, error: 457
#ERR  p: [25, 2010], r: -4403, e: -19715, error: 458
#ERR  p: [25, 2011], r: -4413, e: -19725, error: 459
#ERR  p: [25, 2012], r: -4423, e: -19735, error: 460
#ERR  p: [25, 2013], r: -4433, e: -19745, error: 461
#ERR  p: [25, 2014], r: -4443, e: -19755, error: 462
#ERR  p: [25, 2015], r: -4453, e: -19765, error: 463
#ERR  p: [25, 2016], r: -4463, e: -19775, error: 464
#ERR  p: [25, 2017], r: -4473, e: -19785, error: 465
#ERR  p: [25, 2018], r: -4483, e: -19795, error: 466
#ERR  p: [25, 2019], r: -4493, e: -19805, error: 467
#ERR  p: [25, 2020], r: -4503, e: -19815, error: 468
#ERR  p: [25, 2021], r: -4513, e: -19825, error: 469
#ERR  p: [25, 2022], r: -4523, e: -19835, error: 470
#ERR  p: [25, 2023], r: -4533, e: -19845, error: 471
#ERR  p: [25, 2024], r: -4543, e: -19855, error: 472
#ERR  p: [25, 2025], r: -4553, e: -19865, error: 473
#ERR  p: [25, 2026], r: -4563, e: -19875, error: 474
#ERR  p: [25, 2027], r: -4573, e: -19885, error: 475
#ERR  p: [25, 2028], r: -4583, e: -19895, error: 476
#ERR  p: [25, 2029], r: -4593, e: -19905, error: 477
#ERR  p: [25, 2030], r: -4603, e: -19915, error: 478
#ERR  p: [25, 2031], r: -4613, e: -19925, error: 479
#ERR  p: [25, 2032], r: -4623, e: -19935, error: 480
#ERR  p: [25, 2033], r: -4633, e: -19945, error: 481
#ERR  p: [25, 2034], r: -4643, e: -19955, error: 482
#ERR  p: [25, 2035], r: -4653, e: -19965, error: 483
#ERR  p: [25, 2036], r: -4663, e: -19975, error: 484
#ERR  p: [25, 2037], r: -4673, e: -19985, error: 485
#ERR  p: [25, 2038], r: -4683, e: -19995, error: 486
#ERR  p: [25, 2039], r: -4693, e: -20005, error: 487
#ERR  p: [25, 2040], r: -4703, e: -20015, error: 488
#ERR  p: [25, 2041], r: -4713, e: -20025, error: 489
#ERR  p: [25, 2042], r: -4723, e: -20035, error: 490
#ERR  p: [25, 2043], r: -4733, e: -20045, error: 491
#ERR  p: [25, 2044], r: -4743, e: -20055, error: 492
#ERR  p: [25, 2045], r: -4753, e: -20065, error: 493
#ERR  p: [25, 2046], r: -4763, e: -20075, error: 494
#ERR  p: [25, 2047], r: -4773, e: -20085, error: 495
#ERR  p: [25, 2048], r: -4783, e: -20095, error: 496
#ERR  p: [26, 1554], r: -15005, e: -15138, error: 497
#ERR  p: [26, 1555], r: -14996, e: -15148, error: 498
#ERR  p: [26, 1556], r: -15006, e: -15158, error: 499
#SDC Ite:0 KerTime:0.290838 AccTime:0.290838 KerErr:500 AccErr:500
#END