#HEADER max_rows:2048 max_cols:2048 penalty:10
#BEGIN Y:2016 M:09 D:07 Time:06:03:58
#IT Ite:0 KerTime:0.290846 AccTime:0.290846
#ERR Error detected! kerrors = 324156
#ERR  p: [1691, 1140], r: 1770594094, e: -4174, error: 1
#ERR  p: [1691, 1141], r: 1770594084, e: -4165, error: 2
#ERR  p: [1691, 1142], r: 1770594074, e: -4158, error: 3
#ERR  p: [1691, 1143], r: 1770594064, e: -4150, error: 4
#ERR  p: [1691, 1144], r: 1770594054, e: -4141, error: 5
#ERR  p: [1691, 1145], r: 1770594044, e: -4133, error: 6
#ERR  p: [1691, 1146], r: 1770594034, e: -4124, error: 7
#ERR  p: [1691, 1147], r: 1770594024, e: -4122, error: 8
#ERR  p: [1691, 1148], r: 1770594014, e: -4125, error: 9
#ERR  p: [1691, 1149], r: 1770594004, e: -4117, error: 10
#ERR  p: [1691, 1150], r: 1770593994, e: -4111, error: 11
#ERR  p: [1691, 1151], r: 1770593984, e: -4102, error: 12
#ERR  p: [1691, 1152], r: 1770593974, e: -4093, error: 13
#ERR  p: [1691, 1153], r: 1770593964, e: -4083, error: 14
#ERR  p: [1691, 1154], r: 1770593954, e: -4075, error: 15
#ERR  p: [1691, 1155], r: 1770593944, e: -4066, error: 16
#ERR  p: [1691, 1156], r: 1770593934, e: -4055, error: 17
#ERR  p: [1691, 1157], r: 1770593924, e: -4046, error: 18
#ERR  p: [1691, 1158], r: 1770593914, e: -4035, error: 19
#ERR  p: [1691, 1159], r: 1770593904, e: -4025, error: 20
#ERR  p: [1691, 1160], r: 1770593894, e: -4018, error: 21
#ERR  p: [1691, 1161], r: 1770593884, e: -4026, error: 22
#ERR  p: [1691, 1162], r: 1770593874, e: -4020, error: 23
#ERR  p: [1691, 1163], r: 1770593864, e: -4014, error: 24
#ERR  p: [1691, 1164], r: 1770593854, e: -4002, error: 25
#ERR  p: [1691, 1165], r: 1770593844, e: -3995, error: 26
#ERR  p: [1691, 1166], r: 1770593834, e: -3985, error: 27
#ERR  p: [1691, 1167], r: 1770593824, e: -3975, error: 28
#ERR  p: [1691, 1168], r: 1770593814, e: -3962, error: 29
#ERR  p: [1691, 1169], r: 1770593804, e: -3956, error: 30
#ERR  p: [1691, 1170], r: 1770593794, e: -3946, error: 31
#ERR  p: [1691, 1171], r: 1770593784, e: -3931, error: 32
#ERR  p: [1691, 1172], r: 1770593774, e: -3922, error: 33
#ERR  p: [1691, 1173], r: 1770593764, e: -3923, error: 34
#ERR  p: [1691, 1174], r: 1770593754, e: -3917, error: 35
#ERR  p: [1691, 1175], r: 1770593744, e: -3907, error: 36
#ERR  p: [1691, 1176], r: 1770593734, e: -3901, error: 37
#ERR  p: [1691, 1177], r: 1770593724, e: -3891, error: 38
#ERR  p: [1691, 1178], r: 1770593714, e: -3890, error: 39
#ERR  p: [1691, 1179], r: 1770593704, e: -3883, error: 40
#ERR  p: [1691, 1180], r: 1770593694, e: -3882, error: 41
#ERR  p: [1691, 1181], r: 1770593684, e: -3866, error: 42
#ERR  p: [1691, 1182], r: 1770593674, e: -3856, error: 43
#ERR  p: [1691, 1183], r: 1770593664, e: -3839, error: 44
#ERR  p: [1691, 1184], r: 1770593654, e: -3830, error: 45
#ERR  p: [1691, 1185], r: 1770593644, e: -3822, error: 46
#ERR  p: [1691, 1186], r: 1770593634, e: -3811, error: 47
#ERR  p: [1691, 1187], r: 1770593624, e: -3801, error: 48
#ERR  p: [1691, 1188], r: 1770593614, e: -3796, error: 49
#ERR  p: [1691, 1189], r: 1770593604, e: -3791, error: 50
#ERR  p: [1691, 1190], r: 1770593594, e: -3784, error: 51
#ERR  p: [1691, 1191], r: 1770593584, e: -3773, error: 52
#ERR  p: [1691, 1192], r: 1770593574, e: -3764, error: 53
#ERR  p: [1691, 1193], r: 1770593564, e: -3756, error: 54
#ERR  p: [1691, 1194], r: 1770593554, e: -3742, error: 55
#ERR  p: [1691, 1195], r: 1770593544, e: -3737, error: 56
#ERR  p: [1691, 1196], r: 1770593534, e: -3728, error: 57
#ERR  p: [1691, 1197], r: 1770593524, e: -3719, error: 58
#ERR  p: [1691, 1198], r: 1770593514, e: -3706, error: 59
#ERR  p: [1691, 1199], r: 1770593504, e: -3701, error: 60
#ERR  p: [1691, 1200], r: 1770593494, e: -3695, error: 61
#ERR  p: [1691, 1201], r: 1770593484, e: -3699, error: 62
#ERR  p: [1691, 1202], r: 1770593474, e: -3698, error: 63
#ERR  p: [1691, 1203], r: 1770593464, e: -3684, error: 64
#ERR  p: [1691, 1204], r: 1770593454, e: -3681, error: 65
#ERR  p: [1691, 1205], r: 1770593444, e: -3672, error: 66
#ERR  p: [1691, 1206], r: 1770593434, e: -3656, error: 67
#ERR  p: [1691, 1207], r: 1770593424, e: -3642, error: 68
#ERR  p: [1691, 1208], r: 1770593414, e: -3642, error: 69
#ERR  p: [1691, 1209], r: 1770593404, e: -3630, error: 70
#ERR  p: [1691, 1210], r: 1770593394, e: -3617, error: 71
#ERR  p: [1691, 1211], r: 1770593384, e: -3609, error: 72
#ERR  p: [1691, 1212], r: 1770593374, e: -3599, error: 73
#ERR  p: [1691, 1213], r: 1770593364, e: -3592, error: 74
#ERR  p: [1691, 1214], r: 1770593354, e: -3582, error: 75
#ERR  p: [1691, 1215], r: 1770593344, e: -3574, error: 76
#ERR  p: [1691, 1216], r: 1770593334, e: -3564, error: 77
#ERR  p: [1691, 1217], r: 1770593324, e: -3563, error: 78
#ERR  p: [1691, 1218], r: 1770593314, e: -3552, error: 79
#ERR  p: [1691, 1219], r: 1770593304, e: -3545, error: 80
#ERR  p: [1691, 1220], r: 1770593294, e: -3533, error: 81
#ERR  p: [1691, 1221], r: 1770593284, e: -3528, error: 82
#ERR  p: [1691, 1222], r: 1770593274, e: -3521, error: 83
#ERR  p: [1691, 1223], r: 1770593264, e: -3513, error: 84
#ERR  p: [1691, 1224], r: 1770593254, e: -3507, error: 85
#ERR  p: [1691, 1225], r: 1770593244, e: -3496, error: 86
#ERR  p: [1691, 1226], r: 1770593234, e: -3485, error: 87
#ERR  p: [1691, 1227], r: 1770593224, e: -3479, error: 88
#ERR  p: [1691, 1228], r: 1770593214, e: -3472, error: 89
#ERR  p: [1691, 1229], r: 1770593204, e: -3465, error: 90
#ERR  p: [1691, 1230], r: 1770593194, e: -3458, error: 91
#ERR  p: [1691, 1231], r: 1770593184, e: -3453, error: 92
#ERR  p: [1691, 1232], r: 1770593174, e: -3451, error: 93
#ERR  p: [1691, 1233], r: 1770593164, e: -3446, error: 94
#ERR  p: [1691, 1234], r: 1770593154, e: -3437, error: 95
#ERR  p: [1691, 1235], r: 1770593144, e: -3428, error: 96
#ERR  p: [1691, 1236], r: 1770593134, e: -3417, error: 97
#ERR  p: [1691, 1237], r: 1770593124, e: -3405, error: 98
#ERR  p: [1691, 1238], r: 1770593114, e: -3397, error: 99
#ERR  p: [1691, 1239], r: 1770593104, e: -3384, error: 100
#ERR  p: [1691, 1240], r: 1770593094, e: -3379, error: 101
#ERR  p: [1691, 1241], r: 1770593084, e: -3380, error: 102
#ERR  p: [1691, 1242], r: 1770593074, e: -3378, error: 103
#ERR  p: [1691, 1243], r: 1770593064, e: -3369, error: 104
#ERR  p: [1691, 1244], r: 1770593054, e: -3353, error: 105
#ERR  p: [1691, 1245], r: 1770593044, e: -3343, error: 106
#ERR  p: [1691, 1246], r: 1770593034, e: -3343, error: 107
#ERR  p: [1691, 1247], r: 1770593024, e: -3330, error: 108
#ERR  p: [1691, 1248], r: 1770593014, e: -3323, error: 109
#ERR  p: [1691, 1249], r: 1770593004, e: -3317, error: 110
#ERR  p: [1691, 1250], r: 1770592994, e: -3308, error: 111
#ERR  p: [1691, 1251], r: 1770592984, e: -3299, error: 112
#ERR  p: [1691, 1252], r: 1770592974, e: -3295, error: 113
#ERR  p: [1691, 1253], r: 1770592964, e: -3297, error: 114
#ERR  p: [1691, 1254], r: 1770592954, e: -3285, error: 115
#ERR  p: [1691, 1255], r: 1770592944, e: -3280, error: 116
#ERR  p: [1691, 1256], r: 1770592934, e: -3270, error: 117
#ERR  p: [1691, 1257], r: 1770592924, e: -3260, error: 118
#ERR  p: [1691, 1258], r: 1770592914, e: -3243, error: 119
#ERR  p: [1691, 1259], r: 1770592904, e: -3236, error: 120
#ERR  p: [1691, 1260], r: 1770592894, e: -3225, error: 121
#ERR  p: [1691, 1261], r: 1770592884, e: -3220, error: 122
#ERR  p: [1691, 1262], r: 1770592874, e: -3210, error: 123
#ERR  p: [1691, 1263], r: 1770592864, e: -3215, error: 124
#ERR  p: [1691, 1264], r: 1770592854, e: -3217, error: 125
#ERR  p: [1691, 1265], r: 1770592844, e: -3211, error: 126
#ERR  p: [1691, 1266], r: 1770592834, e: -3204, error: 127
#ERR  p: [1691, 1267], r: 1770592824, e: -3195, error: 128
#ERR  p: [1691, 1268], r: 1770592814, e: -3187, error: 129
#ERR  p: [1691, 1269], r: 1770592804, e: -3188, error: 130
#ERR  p: [1691, 1270], r: 1770592794, e: -3180, error: 131
#ERR  p: [1691, 1271], r: 1770592784, e: -3173, error: 132
#ERR  p: [1691, 1272], r: 1770592774, e: -3163, error: 133
#ERR  p: [1691, 1273], r: 1770592764, e: -3156, error: 134
#ERR  p: [1691, 1274], r: 1770592754, e: -3146, error: 135
#ERR  p: [1691, 1275], r: 1770592744, e: -3136, error: 136
#ERR  p: [1691, 1276], r: 1770592734, e: -3131, error: 137
#ERR  p: [1691, 1277], r: 1770592724, e: -3128, error: 138
#ERR  p: [1691, 1278], r: 1770592714, e: -3121, error: 139
#ERR  p: [1691, 1279], r: 1770592704, e: -3108, error: 140
#ERR  p: [1691, 1280], r: 1770592694, e: -3103, error: 141
#ERR  p: [1691, 1281], r: 1770592684, e: -3095, error: 142
#ERR  p: [1691, 1282], r: 1770592674, e: -3101, error: 143
#ERR  p: [1691, 1283], r: 1770592664, e: -3100, error: 144
#ERR  p: [1691, 1284], r: 1770592654, e: -3094, error: 145
#ERR  p: [1691, 1285], r: 1770592644, e: -3090, error: 146
#ERR  p: [1691, 1286], r: 1770592634, e: -3083, error: 147
#ERR  p: [1691, 1287], r: 1770592624, e: -3076, error: 148
#ERR  p: [1691, 1288], r: 1770592614, e: -3067, error: 149
#ERR  p: [1691, 1289], r: 1770592604, e: -3060, error: 150
#ERR  p: [1691, 1290], r: 1770592594, e: -3051, error: 151
#ERR  p: [1691, 1291], r: 1770592584, e: -3040, error: 152
#ERR  p: [1691, 1292], r: 1770592574, e: -3034, error: 153
#ERR  p: [1691, 1293], r: 1770592564, e: -3024, error: 154
#ERR  p: [1691, 1294], r: 1770592554, e: -3033, error: 155
#ERR  p: [1691, 1295], r: 1770592544, e: -3028, error: 156
#ERR  p: [1691, 1296], r: 1770592534, e: -3029, error: 157
#ERR  p: [1691, 1297], r: 1770592524, e: -3022, error: 158
#ERR  p: [1691, 1298], r: 1770592514, e: -3015, error: 159
#ERR  p: [1691, 1299], r: 1770592504, e: -3012, error: 160
#ERR  p: [1691, 1300], r: 1770592494, e: -3006, error: 161
#ERR  p: [1691, 1301], r: 1770592484, e: -2993, error: 162
#ERR  p: [1691, 1302], r: 1770592474, e: -2988, error: 163
#ERR  p: [1691, 1303], r: 1770592464, e: -2978, error: 164
#ERR  p: [1691, 1304], r: 1770592454, e: -2965, error: 165
#ERR  p: [1691, 1305], r: 1770592444, e: -2954, error: 166
#ERR  p: [1691, 1306], r: 1770592434, e: -2948, error: 167
#ERR  p: [1691, 1307], r: 1770592424, e: -2951, error: 168
#ERR  p: [1691, 1308], r: 1770592414, e: -2936, error: 169
#ERR  p: [1691, 1309], r: 1770592404, e: -2919, error: 170
#ERR  p: [1691, 1310], r: 1770592394, e: -2909, error: 171
#ERR  p: [1691, 1311], r: 1770592384, e: -2895, error: 172
#ERR  p: [1691, 1312], r: 1770592374, e: -2905, error: 173
#ERR  p: [1691, 1313], r: 1770592364, e: -2909, error: 174
#ERR  p: [1691, 1314], r: 1770592354, e: -2896, error: 175
#ERR  p: [1691, 1315], r: 1770592344, e: -2890, error: 176
#ERR  p: [1691, 1316], r: 1770592334, e: -2885, error: 177
#ERR  p: [1691, 1317], r: 1770592324, e: -2875, error: 178
#ERR  p: [1691, 1318], r: 1770592314, e: -2872, error: 179
#ERR  p: [1691, 1319], r: 1770592304, e: -2863, error: 180
#ERR  p: [1691, 1320], r: 1770592294, e: -2854, error: 181
#ERR  p: [1691, 1321], r: 1770592284, e: -2849, error: 182
#ERR  p: [1691, 1322], r: 1770592274, e: -2838, error: 183
#ERR  p: [1691, 1323], r: 1770592264, e: -2837, error: 184
#ERR  p: [1691, 1324], r: 1770592254, e: -2821, error: 185
#ERR  p: [1691, 1325], r: 1770592244, e: -2814, error: 186
#ERR  p: [1691, 1326], r: 1770592234, e: -2807, error: 187
#ERR  p: [1691, 1327], r: 1770592224, e: -2797, error: 188
#ERR  p: [1691, 1328], r: 1770592214, e: -2789, error: 189
#ERR  p: [1691, 1329], r: 1770592204, e: -2783, error: 190
#ERR  p: [1691, 1330], r: 1770592194, e: -2778, error: 191
#ERR  p: [1691, 1331], r: 1770592184, e: -2787, error: 192
#ERR  p: [1691, 1332], r: 1770592174, e: -2783, error: 193
#ERR  p: [1691, 1333], r: 1770592164, e: -2776, error: 194
#ERR  p: [1691, 1334], r: 1770592154, e: -2763, error: 195
#ERR  p: [1691, 1335], r: 1770592144, e: -2756, error: 196
#ERR  p: [1691, 1336], r: 1770592134, e: -2749, error: 197
#ERR  p: [1691, 1337], r: 1770592124, e: -2735, error: 198
#ERR  p: [1691, 1338], r: 1770592114, e: -2726, error: 199
#ERR  p: [1691, 1339], r: 1770592104, e: -2722, error: 200
#ERR  p: [1691, 1340], r: 1770592094, e: -2714, error: 201
#ERR  p: [1691, 1341], r: 1770592084, e: -2709, error: 202
#ERR  p: [1691, 1342], r: 1770592074, e: -2704, error: 203
#ERR  p: [1691, 1343], r: 1770592064, e: -2711, error: 204
#ERR  p: [1691, 1344], r: 1770592054, e: -2709, error: 205
#ERR  p: [1691, 1345], r: 1770592044, e: -2704, error: 206
#ERR  p: [1691, 1346], r: 1770592034, e: -2703, error: 207
#ERR  p: [1691, 1347], r: 1770592024, e: -2692, error: 208
#ERR  p: [1691, 1348], r: 1770592014, e: -2685, error: 209
#ERR  p: [1691, 1349], r: 1770592004, e: -2679, error: 210
#ERR  p: [1691, 1350], r: 1770591994, e: -2663, error: 211
#ERR  p: [1691, 1351], r: 1770591984, e: -2654, error: 212
#ERR  p: [1691, 1352], r: 1770591974, e: -2650, error: 213
#ERR  p: [1691, 1353], r: 1770591964, e: -2646, error: 214
#ERR  p: [1691, 1354], r: 1770591954, e: -2637, error: 215
#ERR  p: [1691, 1355], r: 1770591944, e: -2625, error: 216
#ERR  p: [1691, 1356], r: 1770591934, e: -2616, error: 217
#ERR  p: [1691, 1357], r: 1770591924, e: -2605, error: 218
#ERR  p: [1691, 1358], r: 1770591914, e: -2596, error: 219
#ERR  p: [1691, 1359], r: 1770591904, e: -2599, error: 220
#ERR  p: [1691, 1360], r: 1770591894, e: -2595, error: 221
#ERR  p: [1691, 1361], r: 1770591884, e: -2586, error: 222
#ERR  p: [1691, 1362], r: 1770591874, e: -2572, error: 223
#ERR  p: [1691, 1363], r: 1770591864, e: -2566, error: 224
#ERR  p: [1691, 1364], r: 1770591854, e: -2558, error: 225
#ERR  p: [1691, 1365], r: 1770591844, e: -2552, error: 226
#ERR  p: [1691, 1366], r: 1770591834, e: -2539, error: 227
#ERR  p: [1691, 1367], r: 1770591824, e: -2531, error: 228
#ERR  p: [1691, 1368], r: 1770591814, e: -2528, error: 229
#ERR  p: [1691, 1369], r: 1770591804, e: -2522, error: 230
#ERR  p: [1691, 1370], r: 1770591794, e: -2522, error: 231
#ERR  p: [1691, 1371], r: 1770591784, e: -2510, error: 232
#ERR  p: [1691, 1372], r: 1770591774, e: -2500, error: 233
#ERR  p: [1691, 1373], r: 1770591764, e: -2497, error: 234
#ERR  p: [1691, 1374], r: 1770591754, e: -2492, error: 235
#ERR  p: [1691, 1375], r: 1770591744, e: -2497, error: 236
#ERR  p: [1691, 1376], r: 1770591734, e: -2492, error: 237
#ERR  p: [1691, 1377], r: 1770591724, e: -2483, error: 238
#ERR  p: [1691, 1378], r: 1770591714, e: -2476, error: 239
#ERR  p: [1691, 1379], r: 1770591704, e: -2473, error: 240
#ERR  p: [1691, 1380], r: 1770591694, e: -2466, error: 241
#ERR  p: [1691, 1381], r: 1770591684, e: -2456, error: 242
#ERR  p: [1691, 1382], r: 1770591674, e: -2444, error: 243
#ERR  p: [1691, 1383], r: 1770591664, e: -2433, error: 244
#ERR  p: [1691, 1384], r: 1770591654, e: -2421, error: 245
#ERR  p: [1691, 1385], r: 1770591644, e: -2408, error: 246
#ERR  p: [1691, 1386], r: 1770591634, e: -2400, error: 247
#ERR  p: [1691, 1387], r: 1770591624, e: -2396, error: 248
#ERR  p: [1691, 1388], r: 1770591614, e: -2380, error: 249
#ERR  p: [1691, 1389], r: 1770591604, e: -2370, error: 250
#ERR  p: [1691, 1390], r: 1770591594, e: -2367, error: 251
#ERR  p: [1691, 1391], r: 1770591584, e: -2358, error: 252
#ERR  p: [1691, 1392], r: 1770591574, e: -2347, error: 253
#ERR  p: [1691, 1393], r: 1770591564, e: -2344, error: 254
#ERR  p: [1691, 1394], r: 1770591554, e: -2342, error: 255
#ERR  p: [1691, 1395], r: 1770591544, e: -2336, error: 256
#ERR  p: [1691, 1396], r: 1770591534, e: -2331, error: 257
#ERR  p: [1691, 1397], r: 1770591524, e: -2322, error: 258
#ERR  p: [1691, 1398], r: 1770591514, e: -2309, error: 259
#ERR  p: [1691, 1399], r: 1770591504, e: -2309, error: 260
#ERR  p: [1691, 1400], r: 1770591494, e: -2300, error: 261
#ERR  p: [1691, 1401], r: 1770591484, e: -2284, error: 262
#ERR  p: [1691, 1402], r: 1770591474, e: -2270, error: 263
#ERR  p: [1691, 1403], r: 1770591464, e: -2261, error: 264
#ERR  p: [1691, 1404], r: 1770591454, e: -2257, error: 265
#ERR  p: [1691, 1405], r: 1770591444, e: -2247, error: 266
#ERR  p: [1691, 1406], r: 1770591434, e: -2233, error: 267
#ERR  p: [1691, 1407], r: 1770591424, e: -2224, error: 268
#ERR  p: [1691, 1408], r: 1770591414, e: -2217, error: 269
#ERR  p: [1691, 1409], r: 1770591404, e: -2209, error: 270
#ERR  p: [1691, 1410], r: 1770591394, e: -2203, error: 271
#ERR  p: [1691, 1411], r: 1770591384, e: -2196, error: 272
#ERR  p: [1691, 1412], r: 1770591374, e: -2179, error: 273
#ERR  p: [1691, 1413], r: 1770591364, e: -2172, error: 274
#ERR  p: [1691, 1414], r: 1770591354, e: -2165, error: 275
#ERR  p: [1691, 1415], r: 1770591344, e: -2163, error: 276
#ERR  p: [1691, 1416], r: 1770591334, e: -2152, error: 277
#ERR  p: [1691, 1417], r: 1770591324, e: -2140, error: 278
#ERR  p: [1691, 1418], r: 1770591314, e: -2142, error: 279
#ERR  p: [1691, 1419], r: 1770591304, e: -2135, error: 280
#ERR  p: [1691, 1420], r: 1770591294, e: -2126, error: 281
#ERR  p: [1691, 1421], r: 1770591284, e: -2128, error: 282
#ERR  p: [1691, 1422], r: 1770591274, e: -2123, error: 283
#ERR  p: [1691, 1423], r: 1770591264, e: -2113, error: 284
#ERR  p: [1691, 1424], r: 1770591254, e: -2103, error: 285
#ERR  p: [1691, 1425], r: 1770591244, e: -2102, error: 286
#ERR  p: [1691, 1426], r: 1770591234, e: -2110, error: 287
#ERR  p: [1691, 1427], r: 1770591224, e: -2104, error: 288
#ERR  p: [1691, 1428], r: 1770591214, e: -2111, error: 289
#ERR  p: [1691, 1429], r: 1770591204, e: -2104, error: 290
#ERR  p: [1691, 1430], r: 1770591194, e: -2097, error: 291
#ERR  p: [1691, 1431], r: 1770591184, e: -2094, error: 292
#ERR  p: [1691, 1432], r: 1770591174, e: -2088, error: 293
#ERR  p: [1691, 1433], r: 1770591164, e: -2076, error: 294
#ERR  p: [1691, 1434], r: 1770591154, e: -2067, error: 295
#ERR  p: [1691, 1435], r: 1770591144, e: -2063, error: 296
#ERR  p: [1691, 1436], r: 1770591134, e: -2062, error: 297
#ERR  p: [1691, 1437], r: 1770591124, e: -2057, error: 298
#ERR  p: [1691, 1438], r: 1770591114, e: -2047, error: 299
#ERR  p: [1691, 1439], r: 1770591104, e: -2041, error: 300
#ERR  p: [1691, 1440], r: 1770591094, e: -2033, error: 301
#ERR  p: [1691, 1441], r: 1770591084, e: -2022, error: 302
#ERR  p: [1691, 1442], r: 1770591074, e: -2012, error: 303
#ERR  p: [1691, 1443], r: 1770591064, e: -2006, error: 304
#ERR  p: [1691, 1444], r: 1770591054, e: -1995, error: 305
#ERR  p: [1691, 1445], r: 1770591044, e: -1989, error: 306
#ERR  p: [1691, 1446], r: 1770591034, e: -1982, error: 307
#ERR  p: [1691, 1447], r: 1770591024, e: -1979, error: 308
#ERR  p: [1691, 1448], r: 1770591014, e: -1978, error: 309
#ERR  p: [1691, 1449], r: 1770591004, e: -1970, error: 310
#ERR  p: [1691, 1450], r: 1770590994, e: -1963, error: 311
#ERR  p: [1691, 1451], r: 1770590984, e: -1953, error: 312
#ERR  p: [1691, 1452], r: 1770590974, e: -1946, error: 313
#ERR  p: [1691, 1453], r: 1770590964, e: -1939, error: 314
#ERR  p: [1691, 1454], r: 1770590954, e: -1936, error: 315
#ERR  p: [1691, 1455], r: 1770590944, e: -1934, error: 316
#ERR  p: [1691, 1456], r: 1770590934, e: -1924, error: 317
#ERR  p: [1691, 1457], r: 1770590924, e: -1928, error: 318
#ERR  p: [1691, 1458], r: 1770590914, e: -1928, error: 319
#ERR  p: [1691, 1459], r: 1770590904, e: -1916, error: 320
#ERR  p: [1691, 1460], r: 1770590894, e: -1906, error: 321
#ERR  p: [1691, 1461], r: 1770590884, e: -1904, error: 322
#ERR  p: [1691, 1462], r: 1770590874, e: -1906, error: 323
#ERR  p: [1691, 1463], r: 1770590864, e: -1903, error: 324
#ERR  p: [1691, 1464], r: 1770590854, e: -1890, error: 325
#ERR  p: [1691, 1465], r: 1770590844, e: -1885, error: 326
#ERR  p: [1691, 1466], r: 1770590834, e: -1882, error: 327
#ERR  p: [1691, 1467], r: 1770590824, e: -1877, error: 328
#ERR  p: [1691, 1468], r: 1770590814, e: -1872, error: 329
#ERR  p: [1691, 1469], r: 1770590804, e: -1870, error: 330
#ERR  p: [1691, 1470], r: 1770590794, e: -1879, error: 331
#ERR  p: [1691, 1471], r: 1770590784, e: -1878, error: 332
#ERR  p: [1691, 1472], r: 1770590774, e: -1885, error: 333
#ERR  p: [1691, 1473], r: 1770590764, e: -1874, error: 334
#ERR  p: [1691, 1474], r: 1770590754, e: -1867, error: 335
#ERR  p: [1691, 1475], r: 1770590744, e: -1858, error: 336
#ERR  p: [1691, 1476], r: 1770590734, e: -1848, error: 337
#ERR  p: [1691, 1477], r: 1770590724, e: -1850, error: 338
#ERR  p: [1691, 1478], r: 1770590714, e: -1837, error: 339
#ERR  p: [1691, 1479], r: 1770590704, e: -1832, error: 340
#ERR  p: [1691, 1480], r: 1770590694, e: -1826, error: 341
#ERR  p: [1691, 1481], r: 1770590684, e: -1811, error: 342
#ERR  p: [1691, 1482], r: 1770590674, e: -1801, error: 343
#ERR  p: [1691, 1483], r: 1770590664, e: -1795, error: 344
#ERR  p: [1691, 1484], r: 1770590654, e: -1805, error: 345
#ERR  p: [1691, 1485], r: 1770590644, e: -1804, error: 346
#ERR  p: [1691, 1486], r: 1770590634, e: -1798, error: 347
#ERR  p: [1691, 1487], r: 1770590624, e: -1787, error: 348
#ERR  p: [1691, 1488], r: 1770590614, e: -1784, error: 349
#ERR  p: [1691, 1489], r: 1770590604, e: -1782, error: 350
#ERR  p: [1691, 1490], r: 1770590594, e: -1774, error: 351
#ERR  p: [1691, 1491], r: 1770590584, e: -1767, error: 352
#ERR  p: [1691, 1492], r: 1770590574, e: -1760, error: 353
#ERR  p: [1691, 1493], r: 1770590564, e: -1763, error: 354
#ERR  p: [1691, 1494], r: 1770590554, e: -1750, error: 355
#ERR  p: [1691, 1495], r: 1770590544, e: -1741, error: 356
#ERR  p: [1691, 1496], r: 1770590534, e: -1738, error: 357
#ERR  p: [1691, 1497], r: 1770590524, e: -1734, error: 358
#ERR  p: [1691, 1498], r: 1770590514, e: -1723, error: 359
#ERR  p: [1691, 1499], r: 1770590504, e: -1716, error: 360
#ERR  p: [1691, 1500], r: 1770590494, e: -1716, error: 361
#ERR  p: [1691, 1501], r: 1770590484, e: -1716, error: 362
#ERR  p: [1691, 1502], r: 1770590474, e: -1717, error: 363
#ERR  p: [1691, 1503], r: 1770590464, e: -1727, error: 364
#ERR  p: [1691, 1504], r: 1770590454, e: -1726, error: 365
#ERR  p: [1691, 1505], r: 1770590444, e: -1716, error: 366
#ERR  p: [1691, 1506], r: 1770590434, e: -1704, error: 367
#ERR  p: [1691, 1507], r: 1770590424, e: -1700, error: 368
#ERR  p: [1691, 1508], r: 1770590414, e: -1699, error: 369
#ERR  p: [1691, 1509], r: 1770590404, e: -1687, error: 370
#ERR  p: [1691, 1510], r: 1770590394, e: -1678, error: 371
#ERR  p: [1691, 1511], r: 1770590384, e: -1669, error: 372
#ERR  p: [1691, 1512], r: 1770590374, e: -1662, error: 373
#ERR  p: [1691, 1513], r: 1770590364, e: -1651, error: 374
#ERR  p: [1691, 1514], r: 1770590354, e: -1643, error: 375
#ERR  p: [1691, 1515], r: 1770590344, e: -1633, error: 376
#ERR  p: [1691, 1516], r: 1770590334, e: -1623, error: 377
#ERR  p: [1691, 1517], r: 1770590324, e: -1627, error: 378
#ERR  p: [1691, 1518], r: 1770590314, e: -1620, error: 379
#ERR  p: [1691, 1519], r: 1770590304, e: -1617, error: 380
#ERR  p: [1691, 1520], r: 1770590294, e: -1620, error: 381
#ERR  p: [1691, 1521], r: 1770590284, e: -1607, error: 382
#ERR  p: [1691, 1522], r: 1770590274, e: -1609, error: 383
#ERR  p: [1691, 1523], r: 1770590264, e: -1614, error: 384
#ERR  p: [1691, 1524], r: 1770590254, e: -1614, error: 385
#ERR  p: [1691, 1525], r: 1770590244, e: -1619, error: 386
#ERR  p: [1691, 1526], r: 1770590234, e: -1614, error: 387
#ERR  p: [1691, 1527], r: 1770590224, e: -1607, error: 388
#ERR  p: [1691, 1528], r: 1770590214, e: -1599, error: 389
#ERR  p: [1691, 1529], r: 1770590204, e: -1588, error: 390
#ERR  p: [1691, 1530], r: 1770590194, e: -1579, error: 391
#ERR  p: [1691, 1531], r: 1770590184, e: -1568, error: 392
#ERR  p: [1691, 1532], r: 1770590174, e: -1559, error: 393
#ERR  p: [1691, 1533], r: 1770590164, e: -1550, error: 394
#ERR  p: [1691, 1534], r: 1770590154, e: -1540, error: 395
#ERR  p: [1691, 1535], r: 1770590144, e: -1530, error: 396
#ERR  p: [1691, 1536], r: 1770590134, e: -1518, error: 397
#ERR  p: [1691, 1537], r: 1770590124, e: -1516, error: 398
#ERR  p: [1691, 1538], r: 1770590114, e: -1520, error: 399
#ERR  p: [1691, 1539], r: 1770590104, e: -1517, error: 400
#ERR  p: [1691, 1540], r: 1770590094, e: -1518, error: 401
#ERR  p: [1691, 1541], r: 1770590084, e: -1519, error: 402
#ERR  p: [1691, 1542], r: 1770590074, e: -1525, error: 403
#ERR  p: [1691, 1543], r: 1770590064, e: -1524, error: 404
#ERR  p: [1691, 1544], r: 1770590054, e: -1520, error: 405
#ERR  p: [1691, 1545], r: 1770590044, e: -1520, error: 406
#ERR  p: [1691, 1546], r: 1770590034, e: -1517, error: 407
#ERR  p: [1691, 1547], r: 1770590024, e: -1509, error: 408
#ERR  p: [1691, 1548], r: 1770590014, e: -1503, error: 409
#ERR  p: [1691, 1549], r: 1770590004, e: -1496, error: 410
#ERR  p: [1691, 1550], r: 1770589994, e: -1490, error: 411
#ERR  p: [1691, 1551], r: 1770589984, e: -1492, error: 412
#ERR  p: [1691, 1552], r: 1770589974, e: -1496, error: 413
#ERR  p: [1691, 1553], r: 1770589964, e: -1490, error: 414
#ERR  p: [1691, 1554], r: 1770589954, e: -1484, error: 415
#ERR  p: [1691, 1555], r: 1770589944, e: -1491, error: 416
#ERR  p: [1691, 1556], r: 1770589934, e: -1484, error: 417
#ERR  p: [1691, 1557], r: 1770589924, e: -1470, error: 418
#ERR  p: [1691, 1558], r: 1770589914, e: -1463, error: 419
#ERR  p: [1691, 1559], r: 1770589904, e: -1460, error: 420
#ERR  p: [1691, 1560], r: 1770589894, e: -1452, error: 421
#ERR  p: [1691, 1561], r: 1770589884, e: -1446, error: 422
#ERR  p: [1691, 1562], r: 1770589874, e: -1451, error: 423
#ERR  p: [1691, 1563], r: 1770589864, e: -1446, error: 424
#ERR  p: [1691, 1564], r: 1770589854, e: -1452, error: 425
#ERR  p: [1691, 1565], r: 1770589844, e: -1448, error: 426
#ERR  p: [1691, 1566], r: 1770589834, e: -1454, error: 427
#ERR  p: [1691, 1567], r: 1770589824, e: -1459, error: 428
#ERR  p: [1691, 1568], r: 1770589814, e: -1469, error: 429
#ERR  p: [1691, 1569], r: 1770589804, e: -1469, error: 430
#ERR  p: [1691, 1570], r: 1770589794, e: -1462, error: 431
#ERR  p: [1691, 1571], r: 1770589784, e: -1450, error: 432
#ERR  p: [1691, 1572], r: 1770589774, e: -1442, error: 433
#ERR  p: [1691, 1573], r: 1770589764, e: -1440, error: 434
#ERR  p: [1691, 1574], r: 1770589754, e: -1436, error: 435
#ERR  p: [1691, 1575], r: 1770589744, e: -1429, error: 436
#ERR  p: [1691, 1576], r: 1770589734, e: -1421, error: 437
#ERR  p: [1691, 1577], r: 1770589724, e: -1415, error: 438
#ERR  p: [1691, 1578], r: 1770589714, e: -1406, error: 439
#ERR  p: [1691, 1579], r: 1770589704, e: -1396, error: 440
#ERR  p: [1691, 1580], r: 1770589694, e: -1389, error: 441
#ERR  p: [1691, 1581], r: 1770589684, e: -1380, error: 442
#ERR  p: [1691, 1582], r: 1770589674, e: -1373, error: 443
#ERR  p: [1691, 1583], r: 1770589664, e: -1366, error: 444
#ERR  p: [1691, 1584], r: 1770589654, e: -1367, error: 445
#ERR  p: [1691, 1585], r: 1770589644, e: -1376, error: 446
#ERR  p: [1691, 1586], r: 1770589634, e: -1379, error: 447
#ERR  p: [1691, 1587], r: 1770589624, e: -1373, error: 448
#ERR  p: [1691, 1588], r: 1770589614, e: -1364, error: 449
#ERR  p: [1691, 1589], r: 1770589604, e: -1359, error: 450
#ERR  p: [1691, 1590], r: 1770589594, e: -1353, error: 451
#ERR  p: [1691, 1591], r: 1770589584, e: -1346, error: 452
#ERR  p: [1691, 1592], r: 1770589574, e: -1337, error: 453
#ERR  p: [1691, 1593], r: 1770589564, e: -1337, error: 454
#ERR  p: [1691, 1594], r: 1770589554, e: -1332, error: 455
#ERR  p: [1691, 1595], r: 1770589544, e: -1323, error: 456
#ERR  p: [1691, 1596], r: 1770589534, e: -1317, error: 457
#ERR  p: [1691, 1597], r: 1770589524, e: -1315, error: 458
#ERR  p: [1691, 1598], r: 1770589514, e: -1308, error: 459
#ERR  p: [1691, 1599], r: 1770589504, e: -1301, error: 460
#ERR  p: [1691, 1600], r: 1770589494, e: -1301, error: 461
#ERR  p: [1691, 1601], r: 1770589484, e: -1305, error: 462
#ERR  p: [1691, 1602], r: 1770589474, e: -1298, error: 463
#ERR  p: [1691, 1603], r: 1770589464, e: -1291, error: 464
#ERR  p: [1691, 1604], r: 1770589454, e: -1281, error: 465
#ERR  p: [1691, 1605], r: 1770589444, e: -1274, error: 466
#ERR  p: [1691, 1606], r: 1770589434, e: -1281, error: 467
#ERR  p: [1691, 1607], r: 1770589424, e: -1279, error: 468
#ERR  p: [1691, 1608], r: 1770589414, e: -1279, error: 469
#ERR  p: [1691, 1609], r: 1770589404, e: -1280, error: 470
#ERR  p: [1691, 1610], r: 1770589394, e: -1286, error: 471
#ERR  p: [1691, 1611], r: 1770589384, e: -1289, error: 472
#ERR  p: [1691, 1612], r: 1770589374, e: -1280, error: 473
#ERR  p: [1691, 1613], r: 1770589364, e: -1270, error: 474
#ERR  p: [1691, 1614], r: 1770589354, e: -1272, error: 475
#ERR  p: [1691, 1615], r: 1770589344, e: -1266, error: 476
#ERR  p: [1691, 1616], r: 1770589334, e: -1264, error: 477
#ERR  p: [1691, 1617], r: 1770589324, e: -1265, error: 478
#ERR  p: [1691, 1618], r: 1770589314, e: -1271, error: 479
#ERR  p: [1691, 1619], r: 1770589304, e: -1264, error: 480
#ERR  p: [1691, 1620], r: 1770589294, e: -1255, error: 481
#ERR  p: [1691, 1621], r: 1770589284, e: -1257, error: 482
#ERR  p: [1691, 1622], r: 1770589274, e: -1256, error: 483
#ERR  p: [1691, 1623], r: 1770589264, e: -1252, error: 484
#ERR  p: [1691, 1624], r: 1770589254, e: -1259, error: 485
#ERR  p: [1691, 1625], r: 1770589244, e: -1268, error: 486
#ERR  p: [1691, 1626], r: 1770589234, e: -1276, error: 487
#ERR  p: [1691, 1627], r: 1770589224, e: -1282, error: 488
#ERR  p: [1691, 1628], r: 1770589214, e: -1273, error: 489
#ERR  p: [1691, 1629], r: 1770589204, e: -1283, error: 490
#ERR  p: [1691, 1630], r: 1770589194, e: -1279, error: 491
#ERR  p: [1691, 1631], r: 1770589184, e: -1277, error: 492
#ERR  p: [1691, 1632], r: 1770589174, e: -1268, error: 493
#ERR  p: [1691, 1633], r: 1770589164, e: -1261, error: 494
#ERR  p: [1691, 1634], r: 1770589154, e: -1258, error: 495
#ERR  p: [1691, 1635], r: 1770589144, e: -1260, error: 496
#ERR  p: [1691, 1636], r: 1770589134, e: -1268, error: 497
#ERR  p: [1691, 1637], r: 1770589124, e: -1267, error: 498
#ERR  p: [1691, 1638], r: 1770589114, e: -1258, error: 499
#SDC Ite:0 KerTime:0.290846 AccTime:0.290846 KerErr:500 AccErr:500
#END