#HEADER max_rows:2048 max_cols:2048 penalty:10
#BEGIN Y:2016 M:09 D:07 Time:05:41:53
#IT Ite:0 KerTime:0.294524 AccTime:0.294524
#ERR Error detected! kerrors = 86964
#ERR  p: [1691, 1746], r: 14, e: -1307, error: 1
#ERR  p: [1691, 1747], r: 21, e: -1300, error: 2
#ERR  p: [1691, 1748], r: 23, e: -1310, error: 3
#ERR  p: [1691, 1749], r: 6, e: -1304, error: 4
#ERR  p: [1691, 1750], r: 20, e: -1309, error: 5
#ERR  p: [1691, 1751], r: 5, e: -1319, error: 6
#ERR  p: [1691, 1752], r: 19, e: -1328, error: 7
#ERR  p: [1691, 1753], r: 11, e: -1338, error: 8
#ERR  p: [1691, 1754], r: 13, e: -1340, error: 9
#ERR  p: [1691, 1755], r: 8, e: -1343, error: 10
#ERR  p: [1691, 1756], r: 7, e: -1351, error: 11
#ERR  p: [1691, 1757], r: 23, e: -1348, error: 12
#ERR  p: [1691, 1758], r: 20, e: -1344, error: 13
#ERR  p: [1691, 1759], r: 10, e: -1343, error: 14
#ERR  p: [1691, 1760], r: 11, e: -1353, error: 15
#ERR  p: [1691, 1761], r: 1, e: -1351, error: 16
#ERR  p: [1691, 1762], r: -9, e: -1342, error: 17
#ERR  p: [1691, 1763], r: -19, e: -1336, error: 18
#ERR  p: [1691, 1764], r: -29, e: -1328, error: 19
#ERR  p: [1691, 1765], r: -39, e: -1328, error: 20
#ERR  p: [1691, 1766], r: -49, e: -1326, error: 21
#ERR  p: [1691, 1767], r: -59, e: -1335, error: 22
#ERR  p: [1691, 1768], r: -69, e: -1345, error: 23
#ERR  p: [1691, 1769], r: -79, e: -1340, error: 24
#ERR  p: [1691, 1770], r: -89, e: -1341, error: 25
#ERR  p: [1691, 1771], r: -99, e: -1327, error: 26
#ERR  p: [1691, 1772], r: -109, e: -1333, error: 27
#ERR  p: [1691, 1773], r: -119, e: -1343, error: 28
#ERR  p: [1691, 1774], r: -129, e: -1350, error: 29
#ERR  p: [1691, 1775], r: -139, e: -1360, error: 30
#ERR  p: [1691, 1776], r: -149, e: -1370, error: 31
#ERR  p: [1691, 1777], r: -159, e: -1380, error: 32
#ERR  p: [1691, 1778], r: -169, e: -1390, error: 33
#ERR  p: [1691, 1779], r: -179, e: -1387, error: 34
#ERR  p: [1691, 1780], r: -189, e: -1395, error: 35
#ERR  p: [1691, 1781], r: -199, e: -1395, error: 36
#ERR  p: [1691, 1782], r: -209, e: -1401, error: 37
#ERR  p: [1691, 1783], r: -219, e: -1411, error: 38
#ERR  p: [1691, 1784], r: -229, e: -1421, error: 39
#ERR  p: [1691, 1785], r: -239, e: -1431, error: 40
#ERR  p: [1691, 1786], r: -249, e: -1441, error: 41
#ERR  p: [1691, 1787], r: -259, e: -1449, error: 42
#ERR  p: [1691, 1788], r: -269, e: -1451, error: 43
#ERR  p: [1691, 1789], r: -279, e: -1452, error: 44
#ERR  p: [1691, 1790], r: -289, e: -1462, error: 45
#ERR  p: [1691, 1791], r: -299, e: -1464, error: 46
#ERR  p: [1691, 1792], r: -309, e: -1460, error: 47
#ERR  p: [1691, 1793], r: -319, e: -1468, error: 48
#ERR  p: [1691, 1794], r: -329, e: -1476, error: 49
#ERR  p: [1691, 1795], r: -339, e: -1485, error: 50
#ERR  p: [1691, 1796], r: -349, e: -1483, error: 51
#ERR  p: [1691, 1797], r: -359, e: -1490, error: 52
#ERR  p: [1691, 1798], r: -369, e: -1497, error: 53
#ERR  p: [1691, 1799], r: -379, e: -1505, error: 54
#ERR  p: [1691, 1800], r: -389, e: -1515, error: 55
#ERR  p: [1691, 1801], r: -399, e: -1525, error: 56
#ERR  p: [1691, 1802], r: -409, e: -1534, error: 57
#ERR  p: [1691, 1803], r: -419, e: -1544, error: 58
#ERR  p: [1691, 1804], r: -429, e: -1533, error: 59
#ERR  p: [1691, 1805], r: -439, e: -1543, error: 60
#ERR  p: [1691, 1806], r: -449, e: -1552, error: 61
#ERR  p: [1691, 1807], r: -459, e: -1561, error: 62
#ERR  p: [1691, 1808], r: -469, e: -1552, error: 63
#ERR  p: [1691, 1809], r: -479, e: -1540, error: 64
#ERR  p: [1691, 1810], r: -489, e: -1526, error: 65
#ERR  p: [1691, 1811], r: -499, e: -1519, error: 66
#ERR  p: [1691, 1812], r: -509, e: -1525, error: 67
#ERR  p: [1691, 1813], r: -519, e: -1535, error: 68
#ERR  p: [1691, 1814], r: -529, e: -1537, error: 69
#ERR  p: [1691, 1815], r: -539, e: -1531, error: 70
#ERR  p: [1691, 1816], r: -549, e: -1519, error: 71
#ERR  p: [1691, 1817], r: -559, e: -1526, error: 72
#ERR  p: [1691, 1818], r: -569, e: -1535, error: 73
#ERR  p: [1691, 1819], r: -579, e: -1545, error: 74
#ERR  p: [1691, 1820], r: -589, e: -1554, error: 75
#ERR  p: [1691, 1821], r: -599, e: -1560, error: 76
#ERR  p: [1691, 1822], r: -609, e: -1560, error: 77
#ERR  p: [1691, 1823], r: -619, e: -1568, error: 78
#ERR  p: [1691, 1824], r: -629, e: -1578, error: 79
#ERR  p: [1691, 1825], r: -639, e: -1588, error: 80
#ERR  p: [1691, 1826], r: -649, e: -1598, error: 81
#ERR  p: [1691, 1827], r: -659, e: -1608, error: 82
#ERR  p: [1691, 1828], r: -669, e: -1618, error: 83
#ERR  p: [1691, 1829], r: -679, e: -1616, error: 84
#ERR  p: [1691, 1830], r: -689, e: -1622, error: 85
#ERR  p: [1691, 1831], r: -699, e: -1632, error: 86
#ERR  p: [1691, 1832], r: -709, e: -1640, error: 87
#ERR  p: [1691, 1833], r: -719, e: -1644, error: 88
#ERR  p: [1691, 1834], r: -729, e: -1641, error: 89
#ERR  p: [1691, 1835], r: -739, e: -1650, error: 90
#ERR  p: [1691, 1836], r: -749, e: -1637, error: 91
#ERR  p: [1691, 1837], r: -759, e: -1629, error: 92
#ERR  p: [1691, 1838], r: -769, e: -1639, error: 93
#ERR  p: [1691, 1839], r: -779, e: -1648, error: 94
#ERR  p: [1691, 1840], r: -789, e: -1638, error: 95
#ERR  p: [1691, 1841], r: -799, e: -1630, error: 96
#ERR  p: [1691, 1842], r: -809, e: -1638, error: 97
#ERR  p: [1691, 1843], r: -819, e: -1635, error: 98
#ERR  p: [1691, 1844], r: -829, e: -1645, error: 99
#ERR  p: [1691, 1845], r: -839, e: -1654, error: 100
#ERR  p: [1691, 1846], r: -849, e: -1654, error: 101
#ERR  p: [1691, 1847], r: -859, e: -1648, error: 102
#ERR  p: [1691, 1848], r: -869, e: -1649, error: 103
#ERR  p: [1691, 1849], r: -879, e: -1651, error: 104
#ERR  p: [1691, 1850], r: -889, e: -1643, error: 105
#ERR  p: [1691, 1851], r: -899, e: -1644, error: 106
#ERR  p: [1691, 1852], r: -909, e: -1650, error: 107
#ERR  p: [1691, 1853], r: -919, e: -1642, error: 108
#ERR  p: [1691, 1854], r: -929, e: -1630, error: 109
#ERR  p: [1691, 1855], r: -939, e: -1634, error: 110
#ERR  p: [1691, 1856], r: -949, e: -1643, error: 111
#ERR  p: [1691, 1857], r: -959, e: -1646, error: 112
#ERR  p: [1691, 1858], r: -969, e: -1640, error: 113
#ERR  p: [1691, 1859], r: -979, e: -1637, error: 114
#ERR  p: [1691, 1860], r: -989, e: -1630, error: 115
#ERR  p: [1691, 1861], r: -999, e: -1622, error: 116
#ERR  p: [1691, 1862], r: -1009, e: -1631, error: 117
#ERR  p: [1691, 1863], r: -1019, e: -1635, error: 118
#ERR  p: [1691, 1864], r: -1029, e: -1632, error: 119
#ERR  p: [1691, 1865], r: -1039, e: -1621, error: 120
#ERR  p: [1691, 1866], r: -1049, e: -1625, error: 121
#ERR  p: [1691, 1867], r: -1059, e: -1628, error: 122
#ERR  p: [1691, 1868], r: -1069, e: -1636, error: 123
#ERR  p: [1691, 1869], r: -1079, e: -1646, error: 124
#ERR  p: [1691, 1870], r: -1089, e: -1656, error: 125
#ERR  p: [1691, 1871], r: -1099, e: -1666, error: 126
#ERR  p: [1691, 1872], r: -1109, e: -1660, error: 127
#ERR  p: [1691, 1873], r: -1119, e: -1648, error: 128
#ERR  p: [1691, 1874], r: -1129, e: -1649, error: 129
#ERR  p: [1691, 1875], r: -1139, e: -1658, error: 130
#ERR  p: [1691, 1876], r: -1149, e: -1664, error: 131
#ERR  p: [1691, 1877], r: -1159, e: -1668, error: 132
#ERR  p: [1691, 1878], r: -1169, e: -1678, error: 133
#ERR  p: [1691, 1879], r: -1179, e: -1688, error: 134
#ERR  p: [1691, 1880], r: -1189, e: -1698, error: 135
#ERR  p: [1691, 1881], r: -1199, e: -1708, error: 136
#ERR  p: [1691, 1882], r: -1209, e: -1708, error: 137
#ERR  p: [1691, 1883], r: -1219, e: -1698, error: 138
#ERR  p: [1691, 1884], r: -1229, e: -1708, error: 139
#ERR  p: [1691, 1885], r: -1239, e: -1718, error: 140
#ERR  p: [1691, 1886], r: -1249, e: -1728, error: 141
#ERR  p: [1691, 1887], r: -1259, e: -1735, error: 142
#ERR  p: [1691, 1888], r: -1269, e: -1744, error: 143
#ERR  p: [1691, 1889], r: -1279, e: -1754, error: 144
#ERR  p: [1691, 1890], r: -1289, e: -1764, error: 145
#ERR  p: [1691, 1891], r: -1299, e: -1761, error: 146
#ERR  p: [1691, 1892], r: -1309, e: -1769, error: 147
#ERR  p: [1691, 1893], r: -1319, e: -1779, error: 148
#ERR  p: [1691, 1894], r: -1329, e: -1783, error: 149
#ERR  p: [1691, 1895], r: -1339, e: -1788, error: 150
#ERR  p: [1691, 1896], r: -1349, e: -1780, error: 151
#ERR  p: [1691, 1897], r: -1359, e: -1786, error: 152
#ERR  p: [1691, 1898], r: -1369, e: -1794, error: 153
#ERR  p: [1691, 1899], r: -1379, e: -1804, error: 154
#ERR  p: [1691, 1900], r: -1389, e: -1813, error: 155
#ERR  p: [1691, 1901], r: -1399, e: -1823, error: 156
#ERR  p: [1691, 1902], r: -1409, e: -1833, error: 157
#ERR  p: [1691, 1903], r: -1419, e: -1835, error: 158
#ERR  p: [1691, 1904], r: -1429, e: -1840, error: 159
#ERR  p: [1691, 1905], r: -1439, e: -1831, error: 160
#ERR  p: [1691, 1906], r: -1449, e: -1841, error: 161
#ERR  p: [1691, 1907], r: -1459, e: -1851, error: 162
#ERR  p: [1691, 1908], r: -1469, e: -1861, error: 163
#ERR  p: [1691, 1909], r: -1479, e: -1871, error: 164
#ERR  p: [1691, 1910], r: -1489, e: -1881, error: 165
#ERR  p: [1691, 1911], r: -1499, e: -1891, error: 166
#ERR  p: [1691, 1912], r: -1509, e: -1901, error: 167
#ERR  p: [1691, 1913], r: -1519, e: -1911, error: 168
#ERR  p: [1691, 1914], r: -1529, e: -1919, error: 169
#ERR  p: [1691, 1915], r: -1539, e: -1921, error: 170
#ERR  p: [1691, 1916], r: -1549, e: -1928, error: 171
#ERR  p: [1691, 1917], r: -1559, e: -1936, error: 172
#ERR  p: [1691, 1918], r: -1569, e: -1946, error: 173
#ERR  p: [1691, 1919], r: -1579, e: -1950, error: 174
#ERR  p: [1691, 1920], r: -1589, e: -1956, error: 175
#ERR  p: [1691, 1921], r: -1599, e: -1966, error: 176
#ERR  p: [1691, 1922], r: -1609, e: -1971, error: 177
#ERR  p: [1691, 1923], r: -1619, e: -1961, error: 178
#ERR  p: [1691, 1924], r: -1629, e: -1971, error: 179
#ERR  p: [1691, 1925], r: -1639, e: -1981, error: 180
#ERR  p: [1691, 1926], r: -1649, e: -1991, error: 181
#ERR  p: [1691, 1927], r: -1659, e: -2001, error: 182
#ERR  p: [1691, 1928], r: -1669, e: -2007, error: 183
#ERR  p: [1691, 1929], r: -1679, e: -2017, error: 184
#ERR  p: [1691, 1930], r: -1689, e: -2027, error: 185
#ERR  p: [1691, 1931], r: -1699, e: -2037, error: 186
#ERR  p: [1691, 1932], r: -1709, e: -2046, error: 187
#ERR  p: [1691, 1933], r: -1719, e: -2042, error: 188
#ERR  p: [1691, 1934], r: -1729, e: -2049, error: 189
#ERR  p: [1691, 1935], r: -1739, e: -2057, error: 190
#ERR  p: [1691, 1936], r: -1749, e: -2051, error: 191
#ERR  p: [1691, 1937], r: -1759, e: -2061, error: 192
#ERR  p: [1691, 1938], r: -1769, e: -2070, error: 193
#ERR  p: [1691, 1939], r: -1779, e: -2077, error: 194
#ERR  p: [1691, 1940], r: -1789, e: -2087, error: 195
#ERR  p: [1691, 1941], r: -1799, e: -2089, error: 196
#ERR  p: [1691, 1942], r: -1809, e: -2094, error: 197
#ERR  p: [1691, 1943], r: -1819, e: -2101, error: 198
#ERR  p: [1691, 1944], r: -1829, e: -2111, error: 199
#ERR  p: [1691, 1945], r: -1839, e: -2120, error: 200
#ERR  p: [1691, 1946], r: -1849, e: -2120, error: 201
#ERR  p: [1691, 1947], r: -1859, e: -2126, error: 202
#ERR  p: [1691, 1948], r: -1869, e: -2136, error: 203
#ERR  p: [1691, 1949], r: -1879, e: -2146, error: 204
#ERR  p: [1691, 1950], r: -1889, e: -2156, error: 205
#ERR  p: [1691, 1951], r: -1899, e: -2160, error: 206
#ERR  p: [1691, 1952], r: -1909, e: -2170, error: 207
#ERR  p: [1691, 1953], r: -1919, e: -2180, error: 208
#ERR  p: [1691, 1954], r: -1929, e: -2190, error: 209
#ERR  p: [1691, 1955], r: -1939, e: -2198, error: 210
#ERR  p: [1691, 1956], r: -1949, e: -2208, error: 211
#ERR  p: [1691, 1957], r: -1959, e: -2218, error: 212
#ERR  p: [1691, 1958], r: -1969, e: -2219, error: 213
#ERR  p: [1691, 1959], r: -1979, e: -2228, error: 214
#ERR  p: [1691, 1960], r: -1989, e: -2229, error: 215
#ERR  p: [1691, 1961], r: -1999, e: -2231, error: 216
#ERR  p: [1691, 1962], r: -2009, e: -2234, error: 217
#ERR  p: [1691, 1963], r: -2019, e: -2237, error: 218
#ERR  p: [1691, 1964], r: -2029, e: -2243, error: 219
#ERR  p: [1691, 1965], r: -2039, e: -2253, error: 220
#ERR  p: [1691, 1966], r: -2049, e: -2259, error: 221
#ERR  p: [1691, 1967], r: -2059, e: -2269, error: 222
#ERR  p: [1691, 1968], r: -2069, e: -2270, error: 223
#ERR  p: [1691, 1969], r: -2079, e: -2280, error: 224
#ERR  p: [1691, 1970], r: -2089, e: -2286, error: 225
#ERR  p: [1691, 1971], r: -2099, e: -2296, error: 226
#ERR  p: [1691, 1972], r: -2109, e: -2306, error: 227
#ERR  p: [1691, 1973], r: -2119, e: -2316, error: 228
#ERR  p: [1691, 1974], r: -2129, e: -2320, error: 229
#ERR  p: [1691, 1975], r: -2139, e: -2323, error: 230
#ERR  p: [1691, 1976], r: -2149, e: -2318, error: 231
#ERR  p: [1691, 1977], r: -2159, e: -2325, error: 232
#ERR  p: [1691, 1978], r: -2169, e: -2335, error: 233
#ERR  p: [1691, 1979], r: -2179, e: -2345, error: 234
#ERR  p: [1691, 1980], r: -2189, e: -2355, error: 235
#ERR  p: [1691, 1981], r: -2199, e: -2350, error: 236
#ERR  p: [1691, 1982], r: -2209, e: -2360, error: 237
#ERR  p: [1691, 1983], r: -2219, e: -2370, error: 238
#ERR  p: [1691, 1984], r: -2229, e: -2380, error: 239
#ERR  p: [1691, 1985], r: -2239, e: -2388, error: 240
#ERR  p: [1691, 1986], r: -2249, e: -2393, error: 241
#ERR  p: [1691, 1987], r: -2259, e: -2402, error: 242
#ERR  p: [1691, 1988], r: -2269, e: -2410, error: 243
#ERR  p: [1691, 1989], r: -2279, e: -2412, error: 244
#ERR  p: [1691, 1990], r: -2289, e: -2408, error: 245
#ERR  p: [1691, 1991], r: -2299, e: -2415, error: 246
#ERR  p: [1691, 1992], r: -2309, e: -2425, error: 247
#ERR  p: [1691, 1993], r: -2319, e: -2425, error: 248
#ERR  p: [1691, 1994], r: -2329, e: -2433, error: 249
#ERR  p: [1691, 1995], r: -2339, e: -2443, error: 250
#ERR  p: [1691, 1996], r: -2349, e: -2453, error: 251
#ERR  p: [1691, 1997], r: -2359, e: -2463, error: 252
#ERR  p: [1691, 1998], r: -2369, e: -2472, error: 253
#ERR  p: [1691, 1999], r: -2379, e: -2479, error: 254
#ERR  p: [1691, 2000], r: -2389, e: -2483, error: 255
#ERR  p: [1691, 2001], r: -2399, e: -2486, error: 256
#ERR  p: [1691, 2002], r: -2409, e: -2496, error: 257
#ERR  p: [1691, 2003], r: -2419, e: -2505, error: 258
#ERR  p: [1691, 2004], r: -2429, e: -2515, error: 259
#ERR  p: [1691, 2005], r: -2439, e: -2525, error: 260
#ERR  p: [1691, 2006], r: -2449, e: -2533, error: 261
#ERR  p: [1691, 2007], r: -2459, e: -2537, error: 262
#ERR  p: [1691, 2008], r: -2469, e: -2538, error: 263
#ERR  p: [1691, 2009], r: -2479, e: -2540, error: 264
#ERR  p: [1691, 2010], r: -2489, e: -2547, error: 265
#ERR  p: [1691, 2011], r: -2499, e: -2557, error: 266
#ERR  p: [1691, 2012], r: -2509, e: -2565, error: 267
#ERR  p: [1691, 2013], r: -2519, e: -2564, error: 268
#ERR  p: [1691, 2014], r: -2529, e: -2570, error: 269
#ERR  p: [1691, 2015], r: -2539, e: -2580, error: 270
#ERR  p: [1691, 2016], r: -2549, e: -2590, error: 271
#ERR  p: [1691, 2017], r: -2559, e: -2593, error: 272
#ERR  p: [1691, 2018], r: -2569, e: -2596, error: 273
#ERR  p: [1691, 2019], r: -2579, e: -2594, error: 274
#ERR  p: [1691, 2020], r: -2589, e: -2604, error: 275
#ERR  p: [1691, 2021], r: -2599, e: -2613, error: 276
#ERR  p: [1691, 2022], r: -2609, e: -2615, error: 277
#ERR  p: [1692, 1745], r: -1307, e: -1325, error: 278
#ERR  p: [1692, 1761], r: 7, e: -1357, error: 279
#ERR  p: [1692, 1762], r: 7, e: -1345, error: 280
#ERR  p: [1692, 1763], r: -3, e: -1346, error: 281
#ERR  p: [1692, 1764], r: -13, e: -1338, error: 282
#ERR  p: [1692, 1765], r: -23, e: -1331, error: 283
#ERR  p: [1692, 1766], r: -33, e: -1330, error: 284
#ERR  p: [1692, 1767], r: -43, e: -1328, error: 285
#ERR  p: [1692, 1768], r: -53, e: -1337, error: 286
#ERR  p: [1692, 1769], r: -63, e: -1347, error: 287
#ERR  p: [1692, 1770], r: -73, e: -1342, error: 288
#ERR  p: [1692, 1771], r: -83, e: -1337, error: 289
#ERR  p: [1692, 1772], r: -93, e: -1329, error: 290
#ERR  p: [1692, 1773], r: -103, e: -1336, error: 291
#ERR  p: [1692, 1774], r: -113, e: -1343, error: 292
#ERR  p: [1692, 1775], r: -123, e: -1350, error: 293
#ERR  p: [1692, 1776], r: -133, e: -1360, error: 294
#ERR  p: [1692, 1777], r: -143, e: -1370, error: 295
#ERR  p: [1692, 1778], r: -153, e: -1380, error: 296
#ERR  p: [1692, 1779], r: -163, e: -1390, error: 297
#ERR  p: [1692, 1780], r: -173, e: -1389, error: 298
#ERR  p: [1692, 1781], r: -183, e: -1399, error: 299
#ERR  p: [1692, 1782], r: -193, e: -1397, error: 300
#ERR  p: [1692, 1783], r: -203, e: -1404, error: 301
#ERR  p: [1692, 1784], r: -213, e: -1412, error: 302
#ERR  p: [1692, 1785], r: -223, e: -1415, error: 303
#ERR  p: [1692, 1786], r: -233, e: -1425, error: 304
#ERR  p: [1692, 1787], r: -243, e: -1435, error: 305
#ERR  p: [1692, 1788], r: -253, e: -1445, error: 306
#ERR  p: [1692, 1789], r: -263, e: -1454, error: 307
#ERR  p: [1692, 1790], r: -273, e: -1456, error: 308
#ERR  p: [1692, 1791], r: -283, e: -1464, error: 309
#ERR  p: [1692, 1792], r: -293, e: -1466, error: 310
#ERR  p: [1692, 1793], r: -303, e: -1463, error: 311
#ERR  p: [1692, 1794], r: -313, e: -1470, error: 312
#ERR  p: [1692, 1795], r: -323, e: -1478, error: 313
#ERR  p: [1692, 1796], r: -333, e: -1488, error: 314
#ERR  p: [1692, 1797], r: -343, e: -1477, error: 315
#ERR  p: [1692, 1798], r: -353, e: -1487, error: 316
#ERR  p: [1692, 1799], r: -363, e: -1497, error: 317
#ERR  p: [1692, 1800], r: -373, e: -1507, error: 318
#ERR  p: [1692, 1801], r: -383, e: -1517, error: 319
#ERR  p: [1692, 1802], r: -393, e: -1527, error: 320
#ERR  p: [1692, 1803], r: -403, e: -1537, error: 321
#ERR  p: [1692, 1804], r: -413, e: -1543, error: 322
#ERR  p: [1692, 1805], r: -423, e: -1535, error: 323
#ERR  p: [1692, 1806], r: -433, e: -1545, error: 324
#ERR  p: [1692, 1807], r: -443, e: -1555, error: 325
#ERR  p: [1692, 1808], r: -453, e: -1562, error: 326
#ERR  p: [1692, 1809], r: -463, e: -1550, error: 327
#ERR  p: [1692, 1810], r: -473, e: -1536, error: 328
#ERR  p: [1692, 1811], r: -483, e: -1528, error: 329
#ERR  p: [1692, 1812], r: -493, e: -1521, error: 330
#ERR  p: [1692, 1813], r: -503, e: -1528, error: 331
#ERR  p: [1692, 1814], r: -513, e: -1538, error: 332
#ERR  p: [1692, 1815], r: -523, e: -1541, error: 333
#ERR  p: [1692, 1816], r: -533, e: -1529, error: 334
#ERR  p: [1692, 1817], r: -543, e: -1522, error: 335
#ERR  p: [1692, 1818], r: -553, e: -1526, error: 336
#ERR  p: [1692, 1819], r: -563, e: -1536, error: 337
#ERR  p: [1692, 1820], r: -573, e: -1546, error: 338
#ERR  p: [1692, 1821], r: -583, e: -1556, error: 339
#ERR  p: [1692, 1822], r: -593, e: -1561, error: 340
#ERR  p: [1692, 1823], r: -603, e: -1564, error: 341
#ERR  p: [1692, 1824], r: -613, e: -1572, error: 342
#ERR  p: [1692, 1825], r: -623, e: -1581, error: 343
#ERR  p: [1692, 1826], r: -633, e: -1591, error: 344
#ERR  p: [1692, 1827], r: -643, e: -1601, error: 345
#ERR  p: [1692, 1828], r: -653, e: -1611, error: 346
#ERR  p: [1692, 1829], r: -663, e: -1621, error: 347
#ERR  p: [1692, 1830], r: -673, e: -1617, error: 348
#ERR  p: [1692, 1831], r: -683, e: -1626, error: 349
#ERR  p: [1692, 1832], r: -693, e: -1634, error: 350
#ERR  p: [1692, 1833], r: -703, e: -1641, error: 351
#ERR  p: [1692, 1834], r: -713, e: -1648, error: 352
#ERR  p: [1692, 1835], r: -723, e: -1641, error: 353
#ERR  p: [1692, 1836], r: -733, e: -1647, error: 354
#ERR  p: [1692, 1837], r: -743, e: -1639, error: 355
#ERR  p: [1692, 1838], r: -753, e: -1632, error: 356
#ERR  p: [1692, 1839], r: -763, e: -1642, error: 357
#ERR  p: [1692, 1840], r: -773, e: -1648, error: 358
#ERR  p: [1692, 1841], r: -783, e: -1638, error: 359
#ERR  p: [1692, 1842], r: -793, e: -1632, error: 360
#ERR  p: [1692, 1843], r: -803, e: -1640, error: 361
#ERR  p: [1692, 1844], r: -813, e: -1639, error: 362
#ERR  p: [1692, 1845], r: -823, e: -1646, error: 363
#ERR  p: [1692, 1846], r: -833, e: -1656, error: 364
#ERR  p: [1692, 1847], r: -843, e: -1648, error: 365
#ERR  p: [1692, 1848], r: -853, e: -1651, error: 366
#ERR  p: [1692, 1849], r: -863, e: -1651, error: 367
#ERR  p: [1692, 1850], r: -873, e: -1652, error: 368
#ERR  p: [1692, 1851], r: -883, e: -1647, error: 369
#ERR  p: [1692, 1852], r: -893, e: -1646, error: 370
#ERR  p: [1692, 1853], r: -903, e: -1652, error: 371
#ERR  p: [1692, 1854], r: -913, e: -1640, error: 372
#ERR  p: [1692, 1855], r: -923, e: -1630, error: 373
#ERR  p: [1692, 1856], r: -933, e: -1636, error: 374
#ERR  p: [1692, 1857], r: -943, e: -1646, error: 375
#ERR  p: [1692, 1858], r: -953, e: -1648, error: 376
#ERR  p: [1692, 1859], r: -963, e: -1643, error: 377
#ERR  p: [1692, 1860], r: -973, e: -1640, error: 378
#ERR  p: [1692, 1861], r: -983, e: -1631, error: 379
#ERR  p: [1692, 1862], r: -993, e: -1626, error: 380
#ERR  p: [1692, 1863], r: -1003, e: -1634, error: 381
#ERR  p: [1692, 1864], r: -1013, e: -1639, error: 382
#ERR  p: [1692, 1865], r: -1023, e: -1631, error: 383
#ERR  p: [1692, 1866], r: -1033, e: -1623, error: 384
#ERR  p: [1692, 1867], r: -1043, e: -1627, error: 385
#ERR  p: [1692, 1868], r: -1053, e: -1630, error: 386
#ERR  p: [1692, 1869], r: -1063, e: -1639, error: 387
#ERR  p: [1692, 1870], r: -1073, e: -1649, error: 388
#ERR  p: [1692, 1871], r: -1083, e: -1659, error: 389
#ERR  p: [1692, 1872], r: -1093, e: -1669, error: 390
#ERR  p: [1692, 1873], r: -1103, e: -1658, error: 391
#ERR  p: [1692, 1874], r: -1113, e: -1650, error: 392
#ERR  p: [1692, 1875], r: -1123, e: -1651, error: 393
#ERR  p: [1692, 1876], r: -1133, e: -1659, error: 394
#ERR  p: [1692, 1877], r: -1143, e: -1665, error: 395
#ERR  p: [1692, 1878], r: -1153, e: -1662, error: 396
#ERR  p: [1692, 1879], r: -1163, e: -1672, error: 397
#ERR  p: [1692, 1880], r: -1173, e: -1682, error: 398
#ERR  p: [1692, 1881], r: -1183, e: -1692, error: 399
#ERR  p: [1692, 1882], r: -1193, e: -1702, error: 400
#ERR  p: [1692, 1883], r: -1203, e: -1708, error: 401
#ERR  p: [1692, 1884], r: -1213, e: -1701, error: 402
#ERR  p: [1692, 1885], r: -1223, e: -1711, error: 403
#ERR  p: [1692, 1886], r: -1233, e: -1720, error: 404
#ERR  p: [1692, 1887], r: -1243, e: -1728, error: 405
#ERR  p: [1692, 1888], r: -1253, e: -1738, error: 406
#ERR  p: [1692, 1889], r: -1263, e: -1747, error: 407
#ERR  p: [1692, 1890], r: -1273, e: -1757, error: 408
#ERR  p: [1692, 1891], r: -1283, e: -1766, error: 409
#ERR  p: [1692, 1892], r: -1293, e: -1765, error: 410
#ERR  p: [1692, 1893], r: -1303, e: -1772, error: 411
#ERR  p: [1692, 1894], r: -1313, e: -1782, error: 412
#ERR  p: [1692, 1895], r: -1323, e: -1777, error: 413
#ERR  p: [1692, 1896], r: -1333, e: -1787, error: 414
#ERR  p: [1692, 1897], r: -1343, e: -1780, error: 415
#ERR  p: [1692, 1898], r: -1353, e: -1786, error: 416
#ERR  p: [1692, 1899], r: -1363, e: -1796, error: 417
#ERR  p: [1692, 1900], r: -1373, e: -1805, error: 418
#ERR  p: [1692, 1901], r: -1383, e: -1815, error: 419
#ERR  p: [1692, 1902], r: -1393, e: -1825, error: 420
#ERR  p: [1692, 1903], r: -1403, e: -1835, error: 421
#ERR  p: [1692, 1904], r: -1413, e: -1835, error: 422
#ERR  p: [1692, 1905], r: -1423, e: -1841, error: 423
#ERR  p: [1692, 1906], r: -1433, e: -1834, error: 424
#ERR  p: [1692, 1907], r: -1443, e: -1844, error: 425
#ERR  p: [1692, 1908], r: -1453, e: -1854, error: 426
#ERR  p: [1692, 1909], r: -1463, e: -1864, error: 427
#ERR  p: [1692, 1910], r: -1473, e: -1871, error: 428
#ERR  p: [1692, 1911], r: -1483, e: -1881, error: 429
#ERR  p: [1692, 1912], r: -1493, e: -1891, error: 430
#ERR  p: [1692, 1913], r: -1503, e: -1901, error: 431
#ERR  p: [1692, 1914], r: -1513, e: -1911, error: 432
#ERR  p: [1692, 1915], r: -1523, e: -1920, error: 433
#ERR  p: [1692, 1916], r: -1533, e: -1915, error: 434
#ERR  p: [1692, 1917], r: -1543, e: -1925, error: 435
#ERR  p: [1692, 1918], r: -1553, e: -1935, error: 436
#ERR  p: [1692, 1919], r: -1563, e: -1945, error: 437
#ERR  p: [1692, 1920], r: -1573, e: -1953, error: 438
#ERR  p: [1692, 1921], r: -1583, e: -1960, error: 439
#ERR  p: [1692, 1922], r: -1593, e: -1968, error: 440
#ERR  p: [1692, 1923], r: -1603, e: -1971, error: 441
#ERR  p: [1692, 1924], r: -1613, e: -1964, error: 442
#ERR  p: [1692, 1925], r: -1623, e: -1973, error: 443
#ERR  p: [1692, 1926], r: -1633, e: -1983, error: 444
#ERR  p: [1692, 1927], r: -1643, e: -1993, error: 445
#ERR  p: [1692, 1928], r: -1653, e: -2003, error: 446
#ERR  p: [1692, 1929], r: -1663, e: -2011, error: 447
#ERR  p: [1692, 1930], r: -1673, e: -2020, error: 448
#ERR  p: [1692, 1931], r: -1683, e: -2030, error: 449
#ERR  p: [1692, 1932], r: -1693, e: -2037, error: 450
#ERR  p: [1692, 1933], r: -1703, e: -2047, error: 451
#ERR  p: [1692, 1934], r: -1713, e: -2044, error: 452
#ERR  p: [1692, 1935], r: -1723, e: -2051, error: 453
#ERR  p: [1692, 1936], r: -1733, e: -2059, error: 454
#ERR  p: [1692, 1937], r: -1743, e: -2053, error: 455
#ERR  p: [1692, 1938], r: -1753, e: -2055, error: 456
#ERR  p: [1692, 1939], r: -1763, e: -2065, error: 457
#ERR  p: [1692, 1940], r: -1773, e: -2075, error: 458
#ERR  p: [1692, 1941], r: -1783, e: -2085, error: 459
#ERR  p: [1692, 1942], r: -1793, e: -2092, error: 460
#ERR  p: [1692, 1943], r: -1803, e: -2096, error: 461
#ERR  p: [1692, 1944], r: -1813, e: -2104, error: 462
#ERR  p: [1692, 1945], r: -1823, e: -2113, error: 463
#ERR  p: [1692, 1946], r: -1833, e: -2123, error: 464
#ERR  p: [1692, 1947], r: -1843, e: -2122, error: 465
#ERR  p: [1692, 1948], r: -1853, e: -2130, error: 466
#ERR  p: [1692, 1949], r: -1863, e: -2138, error: 467
#ERR  p: [1692, 1950], r: -1873, e: -2148, error: 468
#ERR  p: [1692, 1951], r: -1883, e: -2156, error: 469
#ERR  p: [1692, 1952], r: -1893, e: -2164, error: 470
#ERR  p: [1692, 1953], r: -1903, e: -2172, error: 471
#ERR  p: [1692, 1954], r: -1913, e: -2182, error: 472
#ERR  p: [1692, 1955], r: -1923, e: -2192, error: 473
#ERR  p: [1692, 1956], r: -1933, e: -2202, error: 474
#ERR  p: [1692, 1957], r: -1943, e: -2210, error: 475
#ERR  p: [1692, 1958], r: -1953, e: -2219, error: 476
#ERR  p: [1692, 1959], r: -1963, e: -2222, error: 477
#ERR  p: [1692, 1960], r: -1973, e: -2231, error: 478
#ERR  p: [1692, 1961], r: -1983, e: -2223, error: 479
#ERR  p: [1692, 1962], r: -1993, e: -2233, error: 480
#ERR  p: [1692, 1963], r: -2003, e: -2236, error: 481
#ERR  p: [1692, 1964], r: -2013, e: -2238, error: 482
#ERR  p: [1692, 1965], r: -2023, e: -2243, error: 483
#ERR  p: [1692, 1966], r: -2033, e: -2253, error: 484
#ERR  p: [1692, 1967], r: -2043, e: -2261, error: 485
#ERR  p: [1692, 1968], r: -2053, e: -2270, error: 486
#ERR  p: [1692, 1969], r: -2063, e: -2272, error: 487
#ERR  p: [1692, 1970], r: -2073, e: -2281, error: 488
#ERR  p: [1692, 1971], r: -2083, e: -2289, error: 489
#ERR  p: [1692, 1972], r: -2093, e: -2299, error: 490
#ERR  p: [1692, 1973], r: -2103, e: -2309, error: 491
#ERR  p: [1692, 1974], r: -2113, e: -2318, error: 492
#ERR  p: [1692, 1975], r: -2123, e: -2324, error: 493
#ERR  p: [1692, 1976], r: -2133, e: -2323, error: 494
#ERR  p: [1692, 1977], r: -2143, e: -2320, error: 495
#ERR  p: [1692, 1978], r: -2153, e: -2328, error: 496
#ERR  p: [1692, 1979], r: -2163, e: -2337, error: 497
#ERR  p: [1692, 1980], r: -2173, e: -2347, error: 498
#ERR  p: [1692, 1981], r: -2183, e: -2356, error: 499
#SDC Ite:0 KerTime:0.294524 AccTime:0.294524 KerErr:500 AccErr:500
#END