#HEADER max_rows:2048 max_cols:2048 penalty:10
#BEGIN Y:2016 M:09 D:07 Time:05:11:10
#IT Ite:0 KerTime:0.295883 AccTime:0.295883
#ERR Error detected! kerrors = 926705
#ERR  p: [1007, 222], r: -7709, e: -7049, error: 1
#ERR  p: [1017, 207], r: -7775, e: -7317, error: 2
#ERR  p: [1019, 204], r: -7788, e: -7372, error: 3
#ERR  p: [1021, 201], r: -7801, e: -7437, error: 4
#ERR  p: [1023, 198], r: -7812, e: -7500, error: 5
#ERR  p: [1037, 178], r: 10, e: -7880, error: 6
#ERR  p: [1037, 179], r: 9, e: -7864, error: 7
#ERR  p: [1037, 180], r: 1, e: -7855, error: 8
#ERR  p: [1037, 181], r: 5, e: -7845, error: 9
#ERR  p: [1037, 182], r: 7, e: -7833, error: 10
#ERR  p: [1037, 183], r: 3, e: -7824, error: 11
#ERR  p: [1037, 184], r: 1, e: -7812, error: 12
#ERR  p: [1037, 185], r: 3, e: -7801, error: 13
#ERR  p: [1037, 186], r: 15, e: -7788, error: 14
#ERR  p: [1037, 187], r: 16, e: -7775, error: 15
#ERR  p: [1037, 188], r: 23, e: -7762, error: 16
#ERR  p: [1037, 189], r: 13, e: -7748, error: 17
#ERR  p: [1037, 190], r: 14, e: -7735, error: 18
#ERR  p: [1037, 191], r: 4, e: -7720, error: 19
#ERR  p: [1037, 192], r: 5, e: -7709, error: 20
#ERR  p: [1037, 193], r: -5, e: -7702, error: 21
#ERR  p: [1037, 194], r: -15, e: -7690, error: 22
#ERR  p: [1037, 195], r: -25, e: -7677, error: 23
#ERR  p: [1037, 196], r: -35, e: -7661, error: 24
#ERR  p: [1037, 197], r: -45, e: -7646, error: 25
#ERR  p: [1037, 198], r: -55, e: -7635, error: 26
#ERR  p: [1037, 199], r: -65, e: -7621, error: 27
#ERR  p: [1037, 200], r: -75, e: -7610, error: 28
#ERR  p: [1037, 201], r: -85, e: -7597, error: 29
#ERR  p: [1037, 202], r: -95, e: -7584, error: 30
#ERR  p: [1037, 203], r: -105, e: -7563, error: 31
#ERR  p: [1037, 204], r: -115, e: -7548, error: 32
#ERR  p: [1037, 205], r: -125, e: -7535, error: 33
#ERR  p: [1037, 206], r: -135, e: -7519, error: 34
#ERR  p: [1037, 207], r: -145, e: -7505, error: 35
#ERR  p: [1037, 208], r: -155, e: -7486, error: 36
#ERR  p: [1037, 209], r: -165, e: -7476, error: 37
#ERR  p: [1037, 210], r: -175, e: -7466, error: 38
#ERR  p: [1037, 211], r: -185, e: -7457, error: 39
#ERR  p: [1037, 212], r: -195, e: -7448, error: 40
#ERR  p: [1037, 213], r: -205, e: -7436, error: 41
#ERR  p: [1037, 214], r: -215, e: -7425, error: 42
#ERR  p: [1037, 215], r: -225, e: -7414, error: 43
#ERR  p: [1037, 216], r: -235, e: -7401, error: 44
#ERR  p: [1037, 217], r: -245, e: -7387, error: 45
#ERR  p: [1037, 218], r: -255, e: -7377, error: 46
#ERR  p: [1037, 219], r: -265, e: -7365, error: 47
#ERR  p: [1037, 220], r: -275, e: -7355, error: 48
#ERR  p: [1037, 221], r: -285, e: -7339, error: 49
#ERR  p: [1037, 222], r: -295, e: -7321, error: 50
#ERR  p: [1037, 223], r: -305, e: -7315, error: 51
#ERR  p: [1037, 224], r: -315, e: -7305, error: 52
#ERR  p: [1037, 225], r: -325, e: -7303, error: 53
#ERR  p: [1037, 226], r: -335, e: -7297, error: 54
#ERR  p: [1037, 227], r: -345, e: -7288, error: 55
#ERR  p: [1037, 228], r: -355, e: -7278, error: 56
#ERR  p: [1037, 229], r: -365, e: -7264, error: 57
#ERR  p: [1037, 230], r: -375, e: -7252, error: 58
#ERR  p: [1037, 231], r: -385, e: -7238, error: 59
#ERR  p: [1037, 232], r: -395, e: -7227, error: 60
#ERR  p: [1037, 233], r: -405, e: -7215, error: 61
#ERR  p: [1037, 234], r: -415, e: -7204, error: 62
#ERR  p: [1037, 235], r: -425, e: -7195, error: 63
#ERR  p: [1037, 236], r: -435, e: -7182, error: 64
#ERR  p: [1037, 237], r: -445, e: -7170, error: 65
#ERR  p: [1037, 238], r: -455, e: -7162, error: 66
#ERR  p: [1037, 239], r: -465, e: -7154, error: 67
#ERR  p: [1037, 240], r: -475, e: -7142, error: 68
#ERR  p: [1037, 241], r: -485, e: -7131, error: 69
#ERR  p: [1037, 242], r: -495, e: -7120, error: 70
#ERR  p: [1037, 243], r: -505, e: -7110, error: 71
#ERR  p: [1037, 244], r: -515, e: -7099, error: 72
#ERR  p: [1037, 245], r: -525, e: -7088, error: 73
#ERR  p: [1037, 246], r: -535, e: -7081, error: 74
#ERR  p: [1037, 247], r: -545, e: -7075, error: 75
#ERR  p: [1037, 248], r: -555, e: -7061, error: 76
#ERR  p: [1037, 249], r: -565, e: -7049, error: 77
#ERR  p: [1037, 250], r: -575, e: -7039, error: 78
#ERR  p: [1037, 251], r: -585, e: -7027, error: 79
#ERR  p: [1037, 252], r: -595, e: -7008, error: 80
#ERR  p: [1037, 253], r: -605, e: -6997, error: 81
#ERR  p: [1037, 254], r: -615, e: -6985, error: 82
#ERR  p: [1037, 255], r: -625, e: -6976, error: 83
#ERR  p: [1037, 256], r: -635, e: -6964, error: 84
#ERR  p: [1037, 257], r: -645, e: -6953, error: 85
#ERR  p: [1037, 258], r: -655, e: -6945, error: 86
#ERR  p: [1037, 259], r: -665, e: -6936, error: 87
#ERR  p: [1037, 260], r: -675, e: -6922, error: 88
#ERR  p: [1037, 261], r: -685, e: -6911, error: 89
#ERR  p: [1037, 262], r: -695, e: -6902, error: 90
#ERR  p: [1037, 263], r: -705, e: -6892, error: 91
#ERR  p: [1037, 264], r: -715, e: -6878, error: 92
#ERR  p: [1037, 265], r: -725, e: -6866, error: 93
#ERR  p: [1037, 266], r: -735, e: -6852, error: 94
#ERR  p: [1037, 267], r: -745, e: -6840, error: 95
#ERR  p: [1037, 268], r: -755, e: -6829, error: 96
#ERR  p: [1037, 269], r: -765, e: -6823, error: 97
#ERR  p: [1037, 270], r: -775, e: -6808, error: 98
#ERR  p: [1037, 271], r: -785, e: -6790, error: 99
#ERR  p: [1037, 272], r: -795, e: -6780, error: 100
#ERR  p: [1037, 273], r: -805, e: -6772, error: 101
#ERR  p: [1037, 274], r: -815, e: -6760, error: 102
#ERR  p: [1037, 275], r: -825, e: -6748, error: 103
#ERR  p: [1037, 276], r: -835, e: -6737, error: 104
#ERR  p: [1037, 277], r: -845, e: -6721, error: 105
#ERR  p: [1037, 278], r: -855, e: -6707, error: 106
#ERR  p: [1037, 279], r: -865, e: -6689, error: 107
#ERR  p: [1037, 280], r: -875, e: -6681, error: 108
#ERR  p: [1037, 281], r: -885, e: -6673, error: 109
#ERR  p: [1037, 282], r: -895, e: -6662, error: 110
#ERR  p: [1037, 283], r: -905, e: -6648, error: 111
#ERR  p: [1037, 284], r: -915, e: -6638, error: 112
#ERR  p: [1037, 285], r: -925, e: -6626, error: 113
#ERR  p: [1037, 286], r: -935, e: -6608, error: 114
#ERR  p: [1037, 287], r: -945, e: -6599, error: 115
#ERR  p: [1037, 288], r: -955, e: -6592, error: 116
#ERR  p: [1037, 289], r: -965, e: -6581, error: 117
#ERR  p: [1037, 290], r: -975, e: -6573, error: 118
#ERR  p: [1037, 291], r: -985, e: -6561, error: 119
#ERR  p: [1037, 292], r: -995, e: -6550, error: 120
#ERR  p: [1037, 293], r: -1005, e: -6536, error: 121
#ERR  p: [1037, 294], r: -1015, e: -6527, error: 122
#ERR  p: [1037, 295], r: -1025, e: -6517, error: 123
#ERR  p: [1037, 296], r: -1035, e: -6506, error: 124
#ERR  p: [1037, 297], r: -1045, e: -6487, error: 125
#ERR  p: [1037, 298], r: -1055, e: -6475, error: 126
#ERR  p: [1037, 299], r: -1065, e: -6465, error: 127
#ERR  p: [1037, 300], r: -1075, e: -6448, error: 128
#ERR  p: [1037, 301], r: -1085, e: -6435, error: 129
#ERR  p: [1037, 302], r: -1095, e: -6425, error: 130
#ERR  p: [1037, 303], r: -1105, e: -6414, error: 131
#ERR  p: [1037, 304], r: -1115, e: -6404, error: 132
#ERR  p: [1037, 305], r: -1125, e: -6392, error: 133
#ERR  p: [1037, 306], r: -1135, e: -6383, error: 134
#ERR  p: [1037, 307], r: -1145, e: -6369, error: 135
#ERR  p: [1037, 308], r: -1155, e: -6359, error: 136
#ERR  p: [1037, 309], r: -1165, e: -6348, error: 137
#ERR  p: [1037, 310], r: -1175, e: -6336, error: 138
#ERR  p: [1037, 311], r: -1185, e: -6329, error: 139
#ERR  p: [1037, 312], r: -1195, e: -6325, error: 140
#ERR  p: [1037, 313], r: -1205, e: -6316, error: 141
#ERR  p: [1037, 314], r: -1215, e: -6306, error: 142
#ERR  p: [1037, 315], r: -1225, e: -6300, error: 143
#ERR  p: [1037, 316], r: -1235, e: -6289, error: 144
#ERR  p: [1037, 317], r: -1245, e: -6275, error: 145
#ERR  p: [1037, 318], r: -1255, e: -6267, error: 146
#ERR  p: [1037, 319], r: -1265, e: -6258, error: 147
#ERR  p: [1037, 320], r: -1275, e: -6249, error: 148
#ERR  p: [1037, 321], r: -1285, e: -6238, error: 149
#ERR  p: [1037, 322], r: -1295, e: -6231, error: 150
#ERR  p: [1037, 323], r: -1305, e: -6217, error: 151
#ERR  p: [1037, 324], r: -1315, e: -6203, error: 152
#ERR  p: [1037, 325], r: -1325, e: -6189, error: 153
#ERR  p: [1037, 326], r: -1335, e: -6168, error: 154
#ERR  p: [1037, 327], r: -1345, e: -6154, error: 155
#ERR  p: [1037, 328], r: -1355, e: -6140, error: 156
#ERR  p: [1037, 329], r: -1365, e: -6131, error: 157
#ERR  p: [1037, 330], r: -1375, e: -6117, error: 158
#ERR  p: [1037, 331], r: -1385, e: -6107, error: 159
#ERR  p: [1037, 332], r: -1395, e: -6096, error: 160
#ERR  p: [1037, 333], r: -1405, e: -6085, error: 161
#ERR  p: [1037, 334], r: -1415, e: -6073, error: 162
#ERR  p: [1037, 335], r: -1425, e: -6054, error: 163
#ERR  p: [1037, 336], r: -1435, e: -6042, error: 164
#ERR  p: [1037, 337], r: -1445, e: -6032, error: 165
#ERR  p: [1037, 338], r: -1455, e: -6015, error: 166
#ERR  p: [1037, 339], r: -1465, e: -6004, error: 167
#ERR  p: [1037, 340], r: -1475, e: -5995, error: 168
#ERR  p: [1037, 341], r: -1485, e: -5979, error: 169
#ERR  p: [1037, 342], r: -1495, e: -5966, error: 170
#ERR  p: [1037, 343], r: -1505, e: -5956, error: 171
#ERR  p: [1037, 344], r: -1515, e: -5947, error: 172
#ERR  p: [1037, 345], r: -1525, e: -5936, error: 173
#ERR  p: [1037, 346], r: -1535, e: -5927, error: 174
#ERR  p: [1037, 347], r: -1545, e: -5910, error: 175
#ERR  p: [1037, 348], r: -1555, e: -5902, error: 176
#ERR  p: [1037, 349], r: -1565, e: -5894, error: 177
#ERR  p: [1037, 350], r: -1575, e: -5878, error: 178
#ERR  p: [1037, 351], r: -1585, e: -5868, error: 179
#ERR  p: [1037, 352], r: -1595, e: -5862, error: 180
#ERR  p: [1037, 353], r: -1605, e: -5845, error: 181
#ERR  p: [1037, 354], r: -1615, e: -5837, error: 182
#ERR  p: [1037, 355], r: -1625, e: -5828, error: 183
#ERR  p: [1037, 356], r: -1635, e: -5817, error: 184
#ERR  p: [1037, 357], r: -1645, e: -5805, error: 185
#ERR  p: [1037, 358], r: -1655, e: -5790, error: 186
#ERR  p: [1037, 359], r: -1665, e: -5769, error: 187
#ERR  p: [1037, 360], r: -1675, e: -5760, error: 188
#ERR  p: [1037, 361], r: -1685, e: -5750, error: 189
#ERR  p: [1037, 362], r: -1695, e: -5741, error: 190
#ERR  p: [1037, 363], r: -1705, e: -5732, error: 191
#ERR  p: [1037, 364], r: -1715, e: -5713, error: 192
#ERR  p: [1037, 365], r: -1725, e: -5701, error: 193
#ERR  p: [1037, 366], r: -1735, e: -5691, error: 194
#ERR  p: [1037, 367], r: -1745, e: -5678, error: 195
#ERR  p: [1037, 368], r: -1755, e: -5669, error: 196
#ERR  p: [1037, 369], r: -1765, e: -5661, error: 197
#ERR  p: [1037, 370], r: -1775, e: -5647, error: 198
#ERR  p: [1037, 371], r: -1785, e: -5640, error: 199
#ERR  p: [1037, 372], r: -1795, e: -5627, error: 200
#ERR  p: [1037, 373], r: -1805, e: -5618, error: 201
#ERR  p: [1037, 374], r: -1815, e: -5605, error: 202
#ERR  p: [1037, 375], r: -1825, e: -5593, error: 203
#ERR  p: [1037, 376], r: -1835, e: -5584, error: 204
#ERR  p: [1037, 377], r: -1845, e: -5573, error: 205
#ERR  p: [1037, 378], r: -1855, e: -5563, error: 206
#ERR  p: [1037, 379], r: -1865, e: -5556, error: 207
#ERR  p: [1037, 380], r: -1875, e: -5546, error: 208
#ERR  p: [1037, 381], r: -1885, e: -5540, error: 209
#ERR  p: [1037, 382], r: -1895, e: -5533, error: 210
#ERR  p: [1037, 383], r: -1905, e: -5515, error: 211
#ERR  p: [1037, 384], r: -1915, e: -5508, error: 212
#ERR  p: [1037, 385], r: -1925, e: -5501, error: 213
#ERR  p: [1037, 386], r: -1935, e: -5491, error: 214
#ERR  p: [1037, 387], r: -1945, e: -5480, error: 215
#ERR  p: [1037, 388], r: -1955, e: -5471, error: 216
#ERR  p: [1037, 389], r: -1965, e: -5459, error: 217
#ERR  p: [1037, 390], r: -1975, e: -5456, error: 218
#ERR  p: [1037, 391], r: -1985, e: -5459, error: 219
#ERR  p: [1037, 392], r: -1995, e: -5447, error: 220
#ERR  p: [1037, 393], r: -2005, e: -5436, error: 221
#ERR  p: [1037, 394], r: -2015, e: -5424, error: 222
#ERR  p: [1037, 395], r: -2025, e: -5408, error: 223
#ERR  p: [1037, 396], r: -2035, e: -5400, error: 224
#ERR  p: [1037, 397], r: -2045, e: -5391, error: 225
#ERR  p: [1037, 398], r: -2055, e: -5377, error: 226
#ERR  p: [1037, 399], r: -2065, e: -5368, error: 227
#ERR  p: [1037, 400], r: -2075, e: -5360, error: 228
#ERR  p: [1037, 401], r: -2085, e: -5346, error: 229
#ERR  p: [1037, 402], r: -2095, e: -5338, error: 230
#ERR  p: [1037, 403], r: -2105, e: -5324, error: 231
#ERR  p: [1037, 404], r: -2115, e: -5303, error: 232
#ERR  p: [1037, 405], r: -2125, e: -5291, error: 233
#ERR  p: [1037, 406], r: -2135, e: -5272, error: 234
#ERR  p: [1037, 407], r: -2145, e: -5262, error: 235
#ERR  p: [1037, 408], r: -2155, e: -5255, error: 236
#ERR  p: [1037, 409], r: -2165, e: -5243, error: 237
#ERR  p: [1037, 410], r: -2175, e: -5235, error: 238
#ERR  p: [1037, 411], r: -2185, e: -5243, error: 239
#ERR  p: [1037, 412], r: -2195, e: -5231, error: 240
#ERR  p: [1037, 413], r: -2205, e: -5226, error: 241
#ERR  p: [1037, 414], r: -2215, e: -5221, error: 242
#ERR  p: [1037, 415], r: -2225, e: -5216, error: 243
#ERR  p: [1037, 416], r: -2235, e: -5200, error: 244
#ERR  p: [1037, 417], r: -2245, e: -5191, error: 245
#ERR  p: [1037, 418], r: -2255, e: -5185, error: 246
#ERR  p: [1037, 419], r: -2265, e: -5174, error: 247
#ERR  p: [1037, 420], r: -2275, e: -5162, error: 248
#ERR  p: [1037, 421], r: -2285, e: -5167, error: 249
#ERR  p: [1037, 422], r: -2295, e: -5158, error: 250
#ERR  p: [1037, 423], r: -2305, e: -5140, error: 251
#ERR  p: [1037, 424], r: -2315, e: -5131, error: 252
#ERR  p: [1037, 425], r: -2325, e: -5121, error: 253
#ERR  p: [1037, 426], r: -2335, e: -5115, error: 254
#ERR  p: [1037, 427], r: -2345, e: -5104, error: 255
#ERR  p: [1037, 428], r: -2355, e: -5089, error: 256
#ERR  p: [1037, 429], r: -2365, e: -5079, error: 257
#ERR  p: [1037, 430], r: -2375, e: -5063, error: 258
#ERR  p: [1037, 431], r: -2385, e: -5056, error: 259
#ERR  p: [1037, 432], r: -2395, e: -5047, error: 260
#ERR  p: [1037, 433], r: -2405, e: -5038, error: 261
#ERR  p: [1037, 434], r: -2415, e: -5024, error: 262
#ERR  p: [1037, 435], r: -2425, e: -5016, error: 263
#ERR  p: [1037, 436], r: -2435, e: -4998, error: 264
#ERR  p: [1037, 437], r: -2445, e: -4989, error: 265
#ERR  p: [1037, 438], r: -2455, e: -4984, error: 266
#ERR  p: [1037, 439], r: -2465, e: -4981, error: 267
#ERR  p: [1037, 440], r: -2475, e: -4969, error: 268
#ERR  p: [1037, 441], r: -2485, e: -4958, error: 269
#ERR  p: [1037, 442], r: -2495, e: -4940, error: 270
#ERR  p: [1037, 443], r: -2505, e: -4931, error: 271
#ERR  p: [1037, 444], r: -2515, e: -4925, error: 272
#ERR  p: [1037, 445], r: -2525, e: -4918, error: 273
#ERR  p: [1037, 446], r: -2535, e: -4907, error: 274
#ERR  p: [1037, 447], r: -2545, e: -4898, error: 275
#ERR  p: [1037, 448], r: -2555, e: -4891, error: 276
#ERR  p: [1037, 449], r: -2565, e: -4873, error: 277
#ERR  p: [1037, 450], r: -2575, e: -4866, error: 278
#ERR  p: [1037, 451], r: -2585, e: -4859, error: 279
#ERR  p: [1037, 452], r: -2595, e: -4857, error: 280
#ERR  p: [1037, 453], r: -2605, e: -4844, error: 281
#ERR  p: [1037, 454], r: -2615, e: -4836, error: 282
#ERR  p: [1037, 455], r: -2625, e: -4825, error: 283
#ERR  p: [1037, 456], r: -2635, e: -4818, error: 284
#ERR  p: [1037, 457], r: -2645, e: -4811, error: 285
#ERR  p: [1037, 458], r: -2655, e: -4801, error: 286
#ERR  p: [1037, 459], r: -2665, e: -4793, error: 287
#ERR  p: [1037, 460], r: -2675, e: -4777, error: 288
#ERR  p: [1037, 461], r: -2685, e: -4766, error: 289
#ERR  p: [1037, 462], r: -2695, e: -4751, error: 290
#ERR  p: [1037, 463], r: -2705, e: -4742, error: 291
#ERR  p: [1037, 464], r: -2715, e: -4728, error: 292
#ERR  p: [1037, 465], r: -2725, e: -4722, error: 293
#ERR  p: [1037, 466], r: -2735, e: -4713, error: 294
#ERR  p: [1037, 467], r: -2745, e: -4703, error: 295
#ERR  p: [1037, 468], r: -2755, e: -4696, error: 296
#ERR  p: [1037, 469], r: -2765, e: -4677, error: 297
#ERR  p: [1037, 470], r: -2775, e: -4666, error: 298
#ERR  p: [1037, 471], r: -2785, e: -4656, error: 299
#ERR  p: [1037, 472], r: -2795, e: -4645, error: 300
#ERR  p: [1037, 473], r: -2805, e: -4636, error: 301
#ERR  p: [1037, 474], r: -2815, e: -4639, error: 302
#ERR  p: [1037, 475], r: -2825, e: -4633, error: 303
#ERR  p: [1037, 476], r: -2835, e: -4633, error: 304
#ERR  p: [1037, 477], r: -2845, e: -4623, error: 305
#ERR  p: [1037, 478], r: -2855, e: -4608, error: 306
#ERR  p: [1037, 479], r: -2865, e: -4594, error: 307
#ERR  p: [1037, 480], r: -2875, e: -4584, error: 308
#ERR  p: [1037, 481], r: -2885, e: -4565, error: 309
#ERR  p: [1037, 482], r: -2895, e: -4556, error: 310
#ERR  p: [1037, 483], r: -2905, e: -4544, error: 311
#ERR  p: [1037, 484], r: -2915, e: -4532, error: 312
#ERR  p: [1037, 485], r: -2925, e: -4527, error: 313
#ERR  p: [1037, 486], r: -2935, e: -4519, error: 314
#ERR  p: [1037, 487], r: -2945, e: -4506, error: 315
#ERR  p: [1037, 488], r: -2955, e: -4500, error: 316
#ERR  p: [1037, 489], r: -2965, e: -4488, error: 317
#ERR  p: [1037, 490], r: -2975, e: -4470, error: 318
#ERR  p: [1037, 491], r: -2985, e: -4459, error: 319
#ERR  p: [1037, 492], r: -2995, e: -4450, error: 320
#ERR  p: [1037, 493], r: -3005, e: -4442, error: 321
#ERR  p: [1037, 494], r: -3015, e: -4436, error: 322
#ERR  p: [1037, 495], r: -3025, e: -4435, error: 323
#ERR  p: [1037, 496], r: -3035, e: -4423, error: 324
#ERR  p: [1037, 497], r: -3045, e: -4415, error: 325
#ERR  p: [1037, 498], r: -3055, e: -4406, error: 326
#ERR  p: [1037, 499], r: -3065, e: -4398, error: 327
#ERR  p: [1037, 500], r: -3075, e: -4389, error: 328
#ERR  p: [1037, 501], r: -3085, e: -4377, error: 329
#ERR  p: [1037, 502], r: -3095, e: -4368, error: 330
#ERR  p: [1037, 503], r: -3105, e: -4351, error: 331
#ERR  p: [1037, 504], r: -3115, e: -4332, error: 332
#ERR  p: [1037, 505], r: -3125, e: -4321, error: 333
#ERR  p: [1037, 506], r: -3135, e: -4311, error: 334
#ERR  p: [1037, 507], r: -3145, e: -4303, error: 335
#ERR  p: [1037, 508], r: -3155, e: -4295, error: 336
#ERR  p: [1037, 509], r: -3165, e: -4286, error: 337
#ERR  p: [1037, 510], r: -3175, e: -4277, error: 338
#ERR  p: [1037, 511], r: -3185, e: -4268, error: 339
#ERR  p: [1037, 512], r: -3195, e: -4261, error: 340
#ERR  p: [1037, 513], r: -3205, e: -4250, error: 341
#ERR  p: [1037, 514], r: -3215, e: -4240, error: 342
#ERR  p: [1037, 515], r: -3225, e: -4223, error: 343
#ERR  p: [1037, 516], r: -3235, e: -4212, error: 344
#ERR  p: [1037, 517], r: -3245, e: -4203, error: 345
#ERR  p: [1037, 518], r: -3255, e: -4195, error: 346
#ERR  p: [1037, 519], r: -3265, e: -4186, error: 347
#ERR  p: [1037, 520], r: -3275, e: -4170, error: 348
#ERR  p: [1037, 521], r: -3285, e: -4160, error: 349
#ERR  p: [1037, 522], r: -3295, e: -4150, error: 350
#ERR  p: [1037, 523], r: -3305, e: -4140, error: 351
#ERR  p: [1037, 524], r: -3315, e: -4131, error: 352
#ERR  p: [1037, 525], r: -3325, e: -4125, error: 353
#ERR  p: [1037, 526], r: -3335, e: -4109, error: 354
#ERR  p: [1037, 527], r: -3345, e: -4095, error: 355
#ERR  p: [1037, 528], r: -3355, e: -4084, error: 356
#ERR  p: [1037, 529], r: -3365, e: -4076, error: 357
#ERR  p: [1037, 530], r: -3375, e: -4073, error: 358
#ERR  p: [1037, 531], r: -3385, e: -4067, error: 359
#ERR  p: [1037, 532], r: -3395, e: -4060, error: 360
#ERR  p: [1037, 533], r: -3405, e: -4049, error: 361
#ERR  p: [1037, 534], r: -3415, e: -4040, error: 362
#ERR  p: [1037, 535], r: -3425, e: -4036, error: 363
#ERR  p: [1037, 536], r: -3435, e: -4039, error: 364
#ERR  p: [1037, 537], r: -3445, e: -4032, error: 365
#ERR  p: [1037, 538], r: -3455, e: -4021, error: 366
#ERR  p: [1037, 539], r: -3465, e: -4012, error: 367
#ERR  p: [1037, 540], r: -3475, e: -4000, error: 368
#ERR  p: [1037, 541], r: -3485, e: -3985, error: 369
#ERR  p: [1037, 542], r: -3495, e: -3976, error: 370
#ERR  p: [1037, 543], r: -3505, e: -3967, error: 371
#ERR  p: [1037, 544], r: -3515, e: -3961, error: 372
#ERR  p: [1037, 545], r: -3525, e: -3948, error: 373
#ERR  p: [1037, 546], r: -3535, e: -3934, error: 374
#ERR  p: [1037, 547], r: -3545, e: -3916, error: 375
#ERR  p: [1037, 548], r: -3555, e: -3903, error: 376
#ERR  p: [1037, 549], r: -3565, e: -3894, error: 377
#ERR  p: [1037, 550], r: -3575, e: -3885, error: 378
#ERR  p: [1037, 551], r: -3585, e: -3879, error: 379
#ERR  p: [1037, 552], r: -3595, e: -3870, error: 380
#ERR  p: [1037, 553], r: -3605, e: -3861, error: 381
#ERR  p: [1037, 554], r: -3615, e: -3851, error: 382
#ERR  p: [1037, 555], r: -3625, e: -3844, error: 383
#ERR  p: [1037, 556], r: -3635, e: -3837, error: 384
#ERR  p: [1037, 557], r: -3645, e: -3823, error: 385
#ERR  p: [1037, 558], r: -3655, e: -3814, error: 386
#ERR  p: [1037, 559], r: -3665, e: -3805, error: 387
#ERR  p: [1037, 560], r: -3675, e: -3798, error: 388
#ERR  p: [1037, 561], r: -3685, e: -3786, error: 389
#ERR  p: [1037, 562], r: -3695, e: -3781, error: 390
#ERR  p: [1037, 563], r: -3705, e: -3768, error: 391
#ERR  p: [1037, 564], r: -3715, e: -3756, error: 392
#ERR  p: [1037, 565], r: -3725, e: -3748, error: 393
#ERR  p: [1037, 566], r: -3735, e: -3737, error: 394
#ERR  p: [1038, 193], r: 4, e: -7710, error: 395
#ERR  p: [1038, 194], r: -6, e: -7700, error: 396
#ERR  p: [1038, 195], r: -15, e: -7687, error: 397
#ERR  p: [1038, 196], r: -25, e: -7671, error: 398
#ERR  p: [1038, 197], r: -35, e: -7656, error: 399
#ERR  p: [1038, 198], r: -45, e: -7645, error: 400
#ERR  p: [1038, 199], r: -55, e: -7631, error: 401
#ERR  p: [1038, 200], r: -65, e: -7620, error: 402
#ERR  p: [1038, 201], r: -75, e: -7607, error: 403
#ERR  p: [1038, 202], r: -85, e: -7594, error: 404
#ERR  p: [1038, 203], r: -95, e: -7573, error: 405
#ERR  p: [1038, 204], r: -105, e: -7558, error: 406
#ERR  p: [1038, 205], r: -115, e: -7545, error: 407
#ERR  p: [1038, 206], r: -125, e: -7529, error: 408
#ERR  p: [1038, 207], r: -135, e: -7515, error: 409
#ERR  p: [1038, 208], r: -145, e: -7496, error: 410
#ERR  p: [1038, 209], r: -155, e: -7486, error: 411
#ERR  p: [1038, 210], r: -165, e: -7476, error: 412
#ERR  p: [1038, 211], r: -175, e: -7467, error: 413
#ERR  p: [1038, 212], r: -185, e: -7458, error: 414
#ERR  p: [1038, 213], r: -195, e: -7446, error: 415
#ERR  p: [1038, 214], r: -205, e: -7435, error: 416
#ERR  p: [1038, 215], r: -215, e: -7424, error: 417
#ERR  p: [1038, 216], r: -225, e: -7411, error: 418
#ERR  p: [1038, 217], r: -235, e: -7397, error: 419
#ERR  p: [1038, 218], r: -245, e: -7387, error: 420
#ERR  p: [1038, 219], r: -255, e: -7375, error: 421
#ERR  p: [1038, 220], r: -265, e: -7365, error: 422
#ERR  p: [1038, 221], r: -275, e: -7349, error: 423
#ERR  p: [1038, 222], r: -285, e: -7331, error: 424
#ERR  p: [1038, 223], r: -295, e: -7322, error: 425
#ERR  p: [1038, 224], r: -305, e: -7315, error: 426
#ERR  p: [1038, 225], r: -315, e: -7305, error: 427
#ERR  p: [1038, 226], r: -325, e: -7307, error: 428
#ERR  p: [1038, 227], r: -335, e: -7298, error: 429
#ERR  p: [1038, 228], r: -345, e: -7288, error: 430
#ERR  p: [1038, 229], r: -355, e: -7274, error: 431
#ERR  p: [1038, 230], r: -365, e: -7262, error: 432
#ERR  p: [1038, 231], r: -375, e: -7248, error: 433
#ERR  p: [1038, 232], r: -385, e: -7237, error: 434
#ERR  p: [1038, 233], r: -395, e: -7225, error: 435
#ERR  p: [1038, 234], r: -405, e: -7214, error: 436
#ERR  p: [1038, 235], r: -415, e: -7205, error: 437
#ERR  p: [1038, 236], r: -425, e: -7192, error: 438
#ERR  p: [1038, 237], r: -435, e: -7180, error: 439
#ERR  p: [1038, 238], r: -445, e: -7172, error: 440
#ERR  p: [1038, 239], r: -455, e: -7163, error: 441
#ERR  p: [1038, 240], r: -465, e: -7152, error: 442
#ERR  p: [1038, 241], r: -475, e: -7141, error: 443
#ERR  p: [1038, 242], r: -485, e: -7130, error: 444
#ERR  p: [1038, 243], r: -495, e: -7120, error: 445
#ERR  p: [1038, 244], r: -505, e: -7109, error: 446
#ERR  p: [1038, 245], r: -515, e: -7098, error: 447
#ERR  p: [1038, 246], r: -525, e: -7089, error: 448
#ERR  p: [1038, 247], r: -535, e: -7085, error: 449
#ERR  p: [1038, 248], r: -545, e: -7071, error: 450
#ERR  p: [1038, 249], r: -555, e: -7059, error: 451
#ERR  p: [1038, 250], r: -565, e: -7049, error: 452
#ERR  p: [1038, 251], r: -575, e: -7037, error: 453
#ERR  p: [1038, 252], r: -585, e: -7018, error: 454
#ERR  p: [1038, 253], r: -595, e: -7007, error: 455
#ERR  p: [1038, 254], r: -605, e: -6995, error: 456
#ERR  p: [1038, 255], r: -615, e: -6986, error: 457
#ERR  p: [1038, 256], r: -625, e: -6974, error: 458
#ERR  p: [1038, 257], r: -635, e: -6963, error: 459
#ERR  p: [1038, 258], r: -645, e: -6953, error: 460
#ERR  p: [1038, 259], r: -655, e: -6945, error: 461
#ERR  p: [1038, 260], r: -665, e: -6932, error: 462
#ERR  p: [1038, 261], r: -675, e: -6921, error: 463
#ERR  p: [1038, 262], r: -685, e: -6912, error: 464
#ERR  p: [1038, 263], r: -695, e: -6902, error: 465
#ERR  p: [1038, 264], r: -705, e: -6888, error: 466
#ERR  p: [1038, 265], r: -715, e: -6876, error: 467
#ERR  p: [1038, 266], r: -725, e: -6862, error: 468
#ERR  p: [1038, 267], r: -735, e: -6850, error: 469
#ERR  p: [1038, 268], r: -745, e: -6839, error: 470
#ERR  p: [1038, 269], r: -755, e: -6833, error: 471
#ERR  p: [1038, 270], r: -765, e: -6818, error: 472
#ERR  p: [1038, 271], r: -775, e: -6800, error: 473
#ERR  p: [1038, 272], r: -785, e: -6790, error: 474
#ERR  p: [1038, 273], r: -795, e: -6780, error: 475
#ERR  p: [1038, 274], r: -805, e: -6770, error: 476
#ERR  p: [1038, 275], r: -815, e: -6758, error: 477
#ERR  p: [1038, 276], r: -825, e: -6747, error: 478
#ERR  p: [1038, 277], r: -835, e: -6731, error: 479
#ERR  p: [1038, 278], r: -845, e: -6717, error: 480
#ERR  p: [1038, 279], r: -855, e: -6699, error: 481
#ERR  p: [1038, 280], r: -865, e: -6689, error: 482
#ERR  p: [1038, 281], r: -875, e: -6681, error: 483
#ERR  p: [1038, 282], r: -885, e: -6672, error: 484
#ERR  p: [1038, 283], r: -895, e: -6658, error: 485
#ERR  p: [1038, 284], r: -905, e: -6648, error: 486
#ERR  p: [1038, 285], r: -915, e: -6636, error: 487
#ERR  p: [1038, 286], r: -925, e: -6618, error: 488
#ERR  p: [1038, 287], r: -935, e: -6609, error: 489
#ERR  p: [1038, 288], r: -945, e: -6599, error: 490
#ERR  p: [1038, 289], r: -955, e: -6591, error: 491
#ERR  p: [1038, 290], r: -965, e: -6581, error: 492
#ERR  p: [1038, 291], r: -975, e: -6571, error: 493
#ERR  p: [1038, 292], r: -985, e: -6560, error: 494
#ERR  p: [1038, 293], r: -995, e: -6546, error: 495
#ERR  p: [1038, 294], r: -1005, e: -6537, error: 496
#ERR  p: [1038, 295], r: -1015, e: -6527, error: 497
#ERR  p: [1038, 296], r: -1025, e: -6516, error: 498
#ERR  p: [1038, 297], r: -1035, e: -6497, error: 499
#SDC Ite:0 KerTime:0.295883 AccTime:0.295883 KerErr:500 AccErr:500
#END