#HEADER max_rows:2048 max_cols:2048 penalty:10
#BEGIN Y:2016 M:09 D:07 Time:04:26:57
#IT Ite:0 KerTime:0.290839 AccTime:0.290839
#ERR Error detected! kerrors = 661279
#ERR  p: [275, 216], r: -10145, e: -473, error: 1
#ERR  p: [276, 213], r: -10169, e: -496, error: 2
#ERR  p: [277, 210], r: -10196, e: -532, error: 3
#ERR  p: [278, 207], r: -10223, e: -554, error: 4
#ERR  p: [279, 204], r: -10250, e: -582, error: 5
#ERR  p: [280, 201], r: -10274, e: -616, error: 6
#ERR  p: [281, 198], r: -10295, e: -656, error: 7
#ERR  p: [282, 195], r: -10323, e: -695, error: 8
#ERR  p: [1307, 194], r: 16, e: -10323, error: 9
#ERR  p: [1307, 195], r: 14, e: -10309, error: 10
#ERR  p: [1307, 196], r: 4, e: -10295, error: 11
#ERR  p: [1307, 197], r: 7, e: -10285, error: 12
#ERR  p: [1307, 198], r: 6, e: -10274, error: 13
#ERR  p: [1307, 199], r: 12, e: -10263, error: 14
#ERR  p: [1307, 200], r: 23, e: -10250, error: 15
#ERR  p: [1307, 201], r: 10, e: -10234, error: 16
#ERR  p: [1307, 202], r: 11, e: -10223, error: 17
#ERR  p: [1307, 203], r: 3, e: -10211, error: 18
#ERR  p: [1307, 204], r: 13, e: -10198, error: 19
#ERR  p: [1307, 205], r: 12, e: -10185, error: 20
#ERR  p: [1307, 206], r: 14, e: -10169, error: 21
#ERR  p: [1307, 207], r: 9, e: -10155, error: 22
#ERR  p: [1307, 208], r: 15, e: -10145, error: 23
#ERR  p: [1307, 209], r: 5, e: -10135, error: 24
#ERR  p: [1307, 210], r: -5, e: -10120, error: 25
#ERR  p: [1307, 211], r: -15, e: -10107, error: 26
#ERR  p: [1307, 212], r: -25, e: -10097, error: 27
#ERR  p: [1307, 213], r: -35, e: -10080, error: 28
#ERR  p: [1307, 214], r: -45, e: -10073, error: 29
#ERR  p: [1307, 215], r: -55, e: -10057, error: 30
#ERR  p: [1307, 216], r: -65, e: -10047, error: 31
#ERR  p: [1307, 217], r: -75, e: -10033, error: 32
#ERR  p: [1307, 218], r: -85, e: -10023, error: 33
#ERR  p: [1307, 219], r: -95, e: -10012, error: 34
#ERR  p: [1307, 220], r: -105, e: -10001, error: 35
#ERR  p: [1307, 221], r: -115, e: -9985, error: 36
#ERR  p: [1307, 222], r: -125, e: -9973, error: 37
#ERR  p: [1307, 223], r: -135, e: -9960, error: 38
#ERR  p: [1307, 224], r: -145, e: -9949, error: 39
#ERR  p: [1307, 225], r: -155, e: -9937, error: 40
#ERR  p: [1307, 226], r: -165, e: -9926, error: 41
#ERR  p: [1307, 227], r: -175, e: -9911, error: 42
#ERR  p: [1307, 228], r: -185, e: -9901, error: 43
#ERR  p: [1307, 229], r: -195, e: -9885, error: 44
#ERR  p: [1307, 230], r: -205, e: -9873, error: 45
#ERR  p: [1307, 231], r: -215, e: -9859, error: 46
#ERR  p: [1307, 232], r: -225, e: -9848, error: 47
#ERR  p: [1307, 233], r: -235, e: -9837, error: 48
#ERR  p: [1307, 234], r: -245, e: -9826, error: 49
#ERR  p: [1307, 235], r: -255, e: -9817, error: 50
#ERR  p: [1307, 236], r: -265, e: -9805, error: 51
#ERR  p: [1307, 237], r: -275, e: -9793, error: 52
#ERR  p: [1307, 238], r: -285, e: -9777, error: 53
#ERR  p: [1307, 239], r: -295, e: -9761, error: 54
#ERR  p: [1307, 240], r: -305, e: -9745, error: 55
#ERR  p: [1307, 241], r: -315, e: -9733, error: 56
#ERR  p: [1307, 242], r: -325, e: -9719, error: 57
#ERR  p: [1307, 243], r: -335, e: -9708, error: 58
#ERR  p: [1307, 244], r: -345, e: -9696, error: 59
#ERR  p: [1307, 245], r: -355, e: -9683, error: 60
#ERR  p: [1307, 246], r: -365, e: -9669, error: 61
#ERR  p: [1307, 247], r: -375, e: -9663, error: 62
#ERR  p: [1307, 248], r: -385, e: -9654, error: 63
#ERR  p: [1307, 249], r: -395, e: -9639, error: 64
#ERR  p: [1307, 250], r: -405, e: -9630, error: 65
#ERR  p: [1307, 251], r: -415, e: -9621, error: 66
#ERR  p: [1307, 252], r: -425, e: -9611, error: 67
#ERR  p: [1307, 253], r: -435, e: -9598, error: 68
#ERR  p: [1307, 254], r: -445, e: -9581, error: 69
#ERR  p: [1307, 255], r: -455, e: -9569, error: 70
#ERR  p: [1307, 256], r: -465, e: -9552, error: 71
#ERR  p: [1307, 257], r: -475, e: -9541, error: 72
#ERR  p: [1307, 258], r: -485, e: -9530, error: 73
#ERR  p: [1307, 259], r: -495, e: -9519, error: 74
#ERR  p: [1307, 260], r: -505, e: -9507, error: 75
#ERR  p: [1307, 261], r: -515, e: -9491, error: 76
#ERR  p: [1307, 262], r: -525, e: -9482, error: 77
#ERR  p: [1307, 263], r: -535, e: -9469, error: 78
#ERR  p: [1307, 264], r: -545, e: -9453, error: 79
#ERR  p: [1307, 265], r: -555, e: -9438, error: 80
#ERR  p: [1307, 266], r: -565, e: -9428, error: 81
#ERR  p: [1307, 267], r: -575, e: -9420, error: 82
#ERR  p: [1307, 268], r: -585, e: -9414, error: 83
#ERR  p: [1307, 269], r: -595, e: -9410, error: 84
#ERR  p: [1307, 270], r: -605, e: -9395, error: 85
#ERR  p: [1307, 271], r: -615, e: -9380, error: 86
#ERR  p: [1307, 272], r: -625, e: -9366, error: 87
#ERR  p: [1307, 273], r: -635, e: -9355, error: 88
#ERR  p: [1307, 274], r: -645, e: -9341, error: 89
#ERR  p: [1307, 275], r: -655, e: -9329, error: 90
#ERR  p: [1307, 276], r: -665, e: -9315, error: 91
#ERR  p: [1307, 277], r: -675, e: -9298, error: 92
#ERR  p: [1307, 278], r: -685, e: -9285, error: 93
#ERR  p: [1307, 279], r: -695, e: -9282, error: 94
#ERR  p: [1307, 280], r: -705, e: -9269, error: 95
#ERR  p: [1307, 281], r: -715, e: -9258, error: 96
#ERR  p: [1307, 282], r: -725, e: -9244, error: 97
#ERR  p: [1307, 283], r: -735, e: -9229, error: 98
#ERR  p: [1307, 284], r: -745, e: -9215, error: 99
#ERR  p: [1307, 285], r: -755, e: -9205, error: 100
#ERR  p: [1307, 286], r: -765, e: -9193, error: 101
#ERR  p: [1307, 287], r: -775, e: -9182, error: 102
#ERR  p: [1307, 288], r: -785, e: -9171, error: 103
#ERR  p: [1307, 289], r: -795, e: -9157, error: 104
#ERR  p: [1307, 290], r: -805, e: -9149, error: 105
#ERR  p: [1307, 291], r: -815, e: -9142, error: 106
#ERR  p: [1307, 292], r: -825, e: -9132, error: 107
#ERR  p: [1307, 293], r: -835, e: -9122, error: 108
#ERR  p: [1307, 294], r: -845, e: -9106, error: 109
#ERR  p: [1307, 295], r: -855, e: -9095, error: 110
#ERR  p: [1307, 296], r: -865, e: -9082, error: 111
#ERR  p: [1307, 297], r: -875, e: -9078, error: 112
#ERR  p: [1307, 298], r: -885, e: -9062, error: 113
#ERR  p: [1307, 299], r: -895, e: -9062, error: 114
#ERR  p: [1307, 300], r: -905, e: -9045, error: 115
#ERR  p: [1307, 301], r: -915, e: -9035, error: 116
#ERR  p: [1307, 302], r: -925, e: -9025, error: 117
#ERR  p: [1307, 303], r: -935, e: -9011, error: 118
#ERR  p: [1307, 304], r: -945, e: -8997, error: 119
#ERR  p: [1307, 305], r: -955, e: -8982, error: 120
#ERR  p: [1307, 306], r: -965, e: -8971, error: 121
#ERR  p: [1307, 307], r: -975, e: -8957, error: 122
#ERR  p: [1307, 308], r: -985, e: -8942, error: 123
#ERR  p: [1307, 309], r: -995, e: -8931, error: 124
#ERR  p: [1307, 310], r: -1005, e: -8920, error: 125
#ERR  p: [1307, 311], r: -1015, e: -8911, error: 126
#ERR  p: [1307, 312], r: -1025, e: -8906, error: 127
#ERR  p: [1307, 313], r: -1035, e: -8896, error: 128
#ERR  p: [1307, 314], r: -1045, e: -8885, error: 129
#ERR  p: [1307, 315], r: -1055, e: -8876, error: 130
#ERR  p: [1307, 316], r: -1065, e: -8861, error: 131
#ERR  p: [1307, 317], r: -1075, e: -8850, error: 132
#ERR  p: [1307, 318], r: -1085, e: -8841, error: 133
#ERR  p: [1307, 319], r: -1095, e: -8834, error: 134
#ERR  p: [1307, 320], r: -1105, e: -8824, error: 135
#ERR  p: [1307, 321], r: -1115, e: -8808, error: 136
#ERR  p: [1307, 322], r: -1125, e: -8802, error: 137
#ERR  p: [1307, 323], r: -1135, e: -8788, error: 138
#ERR  p: [1307, 324], r: -1145, e: -8778, error: 139
#ERR  p: [1307, 325], r: -1155, e: -8764, error: 140
#ERR  p: [1307, 326], r: -1165, e: -8752, error: 141
#ERR  p: [1307, 327], r: -1175, e: -8742, error: 142
#ERR  p: [1307, 328], r: -1185, e: -8728, error: 143
#ERR  p: [1307, 329], r: -1195, e: -8715, error: 144
#ERR  p: [1307, 330], r: -1205, e: -8705, error: 145
#ERR  p: [1307, 331], r: -1215, e: -8690, error: 146
#ERR  p: [1307, 332], r: -1225, e: -8679, error: 147
#ERR  p: [1307, 333], r: -1235, e: -8668, error: 148
#ERR  p: [1307, 334], r: -1245, e: -8651, error: 149
#ERR  p: [1307, 335], r: -1255, e: -8645, error: 150
#ERR  p: [1307, 336], r: -1265, e: -8633, error: 151
#ERR  p: [1307, 337], r: -1275, e: -8621, error: 152
#ERR  p: [1307, 338], r: -1285, e: -8604, error: 153
#ERR  p: [1307, 339], r: -1295, e: -8591, error: 154
#ERR  p: [1307, 340], r: -1305, e: -8582, error: 155
#ERR  p: [1307, 341], r: -1315, e: -8572, error: 156
#ERR  p: [1307, 342], r: -1325, e: -8556, error: 157
#ERR  p: [1307, 343], r: -1335, e: -8546, error: 158
#ERR  p: [1307, 344], r: -1345, e: -8532, error: 159
#ERR  p: [1307, 345], r: -1355, e: -8518, error: 160
#ERR  p: [1307, 346], r: -1365, e: -8508, error: 161
#ERR  p: [1307, 347], r: -1375, e: -8499, error: 162
#ERR  p: [1307, 348], r: -1385, e: -8486, error: 163
#ERR  p: [1307, 349], r: -1395, e: -8474, error: 164
#ERR  p: [1307, 350], r: -1405, e: -8461, error: 165
#ERR  p: [1307, 351], r: -1415, e: -8451, error: 166
#ERR  p: [1307, 352], r: -1425, e: -8437, error: 167
#ERR  p: [1307, 353], r: -1435, e: -8429, error: 168
#ERR  p: [1307, 354], r: -1445, e: -8418, error: 169
#ERR  p: [1307, 355], r: -1455, e: -8402, error: 170
#ERR  p: [1307, 356], r: -1465, e: -8388, error: 171
#ERR  p: [1307, 357], r: -1475, e: -8372, error: 172
#ERR  p: [1307, 358], r: -1485, e: -8357, error: 173
#ERR  p: [1307, 359], r: -1495, e: -8343, error: 174
#ERR  p: [1307, 360], r: -1505, e: -8329, error: 175
#ERR  p: [1307, 361], r: -1515, e: -8314, error: 176
#ERR  p: [1307, 362], r: -1525, e: -8300, error: 177
#ERR  p: [1307, 363], r: -1535, e: -8290, error: 178
#ERR  p: [1307, 364], r: -1545, e: -8280, error: 179
#ERR  p: [1307, 365], r: -1555, e: -8268, error: 180
#ERR  p: [1307, 366], r: -1565, e: -8257, error: 181
#ERR  p: [1307, 367], r: -1575, e: -8245, error: 182
#ERR  p: [1307, 368], r: -1585, e: -8233, error: 183
#ERR  p: [1307, 369], r: -1595, e: -8219, error: 184
#ERR  p: [1307, 370], r: -1605, e: -8205, error: 185
#ERR  p: [1307, 371], r: -1615, e: -8193, error: 186
#ERR  p: [1307, 372], r: -1625, e: -8182, error: 187
#ERR  p: [1307, 373], r: -1635, e: -8171, error: 188
#ERR  p: [1307, 374], r: -1645, e: -8161, error: 189
#ERR  p: [1307, 375], r: -1655, e: -8144, error: 190
#ERR  p: [1307, 376], r: -1665, e: -8133, error: 191
#ERR  p: [1307, 377], r: -1675, e: -8119, error: 192
#ERR  p: [1307, 378], r: -1685, e: -8104, error: 193
#ERR  p: [1307, 379], r: -1695, e: -8095, error: 194
#ERR  p: [1307, 380], r: -1705, e: -8083, error: 195
#ERR  p: [1307, 381], r: -1715, e: -8071, error: 196
#ERR  p: [1307, 382], r: -1725, e: -8060, error: 197
#ERR  p: [1307, 383], r: -1735, e: -8047, error: 198
#ERR  p: [1307, 384], r: -1745, e: -8035, error: 199
#ERR  p: [1307, 385], r: -1755, e: -8021, error: 200
#ERR  p: [1307, 386], r: -1765, e: -8012, error: 201
#ERR  p: [1307, 387], r: -1775, e: -8001, error: 202
#ERR  p: [1307, 388], r: -1785, e: -7985, error: 203
#ERR  p: [1307, 389], r: -1795, e: -7968, error: 204
#ERR  p: [1307, 390], r: -1805, e: -7961, error: 205
#ERR  p: [1307, 391], r: -1815, e: -7948, error: 206
#ERR  p: [1307, 392], r: -1825, e: -7939, error: 207
#ERR  p: [1307, 393], r: -1835, e: -7928, error: 208
#ERR  p: [1307, 394], r: -1845, e: -7916, error: 209
#ERR  p: [1307, 395], r: -1855, e: -7900, error: 210
#ERR  p: [1307, 396], r: -1865, e: -7889, error: 211
#ERR  p: [1307, 397], r: -1875, e: -7881, error: 212
#ERR  p: [1307, 398], r: -1885, e: -7870, error: 213
#ERR  p: [1307, 399], r: -1895, e: -7861, error: 214
#ERR  p: [1307, 400], r: -1905, e: -7852, error: 215
#ERR  p: [1307, 401], r: -1915, e: -7838, error: 216
#ERR  p: [1307, 402], r: -1925, e: -7829, error: 217
#ERR  p: [1307, 403], r: -1935, e: -7820, error: 218
#ERR  p: [1307, 404], r: -1945, e: -7808, error: 219
#ERR  p: [1307, 405], r: -1955, e: -7798, error: 220
#ERR  p: [1307, 406], r: -1965, e: -7788, error: 221
#ERR  p: [1307, 407], r: -1975, e: -7773, error: 222
#ERR  p: [1307, 408], r: -1985, e: -7759, error: 223
#ERR  p: [1307, 409], r: -1995, e: -7747, error: 224
#ERR  p: [1307, 410], r: -2005, e: -7734, error: 225
#ERR  p: [1307, 411], r: -2015, e: -7719, error: 226
#ERR  p: [1307, 412], r: -2025, e: -7707, error: 227
#ERR  p: [1307, 413], r: -2035, e: -7692, error: 228
#ERR  p: [1307, 414], r: -2045, e: -7683, error: 229
#ERR  p: [1307, 415], r: -2055, e: -7673, error: 230
#ERR  p: [1307, 416], r: -2065, e: -7664, error: 231
#ERR  p: [1307, 417], r: -2075, e: -7648, error: 232
#ERR  p: [1307, 418], r: -2085, e: -7642, error: 233
#ERR  p: [1307, 419], r: -2095, e: -7631, error: 234
#ERR  p: [1307, 420], r: -2105, e: -7614, error: 235
#ERR  p: [1307, 421], r: -2115, e: -7613, error: 236
#ERR  p: [1307, 422], r: -2125, e: -7604, error: 237
#ERR  p: [1307, 423], r: -2135, e: -7592, error: 238
#ERR  p: [1307, 424], r: -2145, e: -7584, error: 239
#ERR  p: [1307, 425], r: -2155, e: -7574, error: 240
#ERR  p: [1307, 426], r: -2165, e: -7564, error: 241
#ERR  p: [1307, 427], r: -2175, e: -7554, error: 242
#ERR  p: [1307, 428], r: -2185, e: -7542, error: 243
#ERR  p: [1307, 429], r: -2195, e: -7533, error: 244
#ERR  p: [1307, 430], r: -2205, e: -7519, error: 245
#ERR  p: [1307, 431], r: -2215, e: -7510, error: 246
#ERR  p: [1307, 432], r: -2225, e: -7501, error: 247
#ERR  p: [1307, 433], r: -2235, e: -7489, error: 248
#ERR  p: [1307, 434], r: -2245, e: -7481, error: 249
#ERR  p: [1307, 435], r: -2255, e: -7473, error: 250
#ERR  p: [1307, 436], r: -2265, e: -7464, error: 251
#ERR  p: [1307, 437], r: -2275, e: -7452, error: 252
#ERR  p: [1307, 438], r: -2285, e: -7438, error: 253
#ERR  p: [1307, 439], r: -2295, e: -7424, error: 254
#ERR  p: [1307, 440], r: -2305, e: -7407, error: 255
#ERR  p: [1307, 441], r: -2315, e: -7395, error: 256
#ERR  p: [1307, 442], r: -2325, e: -7383, error: 257
#ERR  p: [1307, 443], r: -2335, e: -7371, error: 258
#ERR  p: [1307, 444], r: -2345, e: -7361, error: 259
#ERR  p: [1307, 445], r: -2355, e: -7349, error: 260
#ERR  p: [1307, 446], r: -2365, e: -7339, error: 261
#ERR  p: [1307, 447], r: -2375, e: -7325, error: 262
#ERR  p: [1307, 448], r: -2385, e: -7316, error: 263
#ERR  p: [1307, 449], r: -2395, e: -7305, error: 264
#ERR  p: [1307, 450], r: -2405, e: -7297, error: 265
#ERR  p: [1307, 451], r: -2415, e: -7288, error: 266
#ERR  p: [1307, 452], r: -2425, e: -7273, error: 267
#ERR  p: [1307, 453], r: -2435, e: -7265, error: 268
#ERR  p: [1307, 454], r: -2445, e: -7254, error: 269
#ERR  p: [1307, 455], r: -2455, e: -7244, error: 270
#ERR  p: [1307, 456], r: -2465, e: -7235, error: 271
#ERR  p: [1307, 457], r: -2475, e: -7229, error: 272
#ERR  p: [1307, 458], r: -2485, e: -7214, error: 273
#ERR  p: [1307, 459], r: -2495, e: -7206, error: 274
#ERR  p: [1307, 460], r: -2505, e: -7189, error: 275
#ERR  p: [1307, 461], r: -2515, e: -7186, error: 276
#ERR  p: [1307, 462], r: -2525, e: -7187, error: 277
#ERR  p: [1307, 463], r: -2535, e: -7180, error: 278
#ERR  p: [1307, 464], r: -2545, e: -7173, error: 279
#ERR  p: [1307, 465], r: -2555, e: -7167, error: 280
#ERR  p: [1307, 466], r: -2565, e: -7156, error: 281
#ERR  p: [1307, 467], r: -2575, e: -7145, error: 282
#ERR  p: [1307, 468], r: -2585, e: -7131, error: 283
#ERR  p: [1307, 469], r: -2595, e: -7123, error: 284
#ERR  p: [1307, 470], r: -2605, e: -7115, error: 285
#ERR  p: [1307, 471], r: -2615, e: -7105, error: 286
#ERR  p: [1307, 472], r: -2625, e: -7089, error: 287
#ERR  p: [1307, 473], r: -2635, e: -7077, error: 288
#ERR  p: [1307, 474], r: -2645, e: -7063, error: 289
#ERR  p: [1307, 475], r: -2655, e: -7057, error: 290
#ERR  p: [1307, 476], r: -2665, e: -7049, error: 291
#ERR  p: [1307, 477], r: -2675, e: -7040, error: 292
#ERR  p: [1307, 478], r: -2685, e: -7032, error: 293
#ERR  p: [1307, 479], r: -2695, e: -7023, error: 294
#ERR  p: [1307, 480], r: -2705, e: -7014, error: 295
#ERR  p: [1307, 481], r: -2715, e: -7006, error: 296
#ERR  p: [1307, 482], r: -2725, e: -6999, error: 297
#ERR  p: [1307, 483], r: -2735, e: -6983, error: 298
#ERR  p: [1307, 484], r: -2745, e: -6972, error: 299
#ERR  p: [1307, 485], r: -2755, e: -6966, error: 300
#ERR  p: [1307, 486], r: -2765, e: -6954, error: 301
#ERR  p: [1307, 487], r: -2775, e: -6941, error: 302
#ERR  p: [1307, 488], r: -2785, e: -6935, error: 303
#ERR  p: [1307, 489], r: -2795, e: -6923, error: 304
#ERR  p: [1307, 490], r: -2805, e: -6913, error: 305
#ERR  p: [1307, 491], r: -2815, e: -6900, error: 306
#ERR  p: [1307, 492], r: -2825, e: -6891, error: 307
#ERR  p: [1307, 493], r: -2835, e: -6879, error: 308
#ERR  p: [1307, 494], r: -2845, e: -6868, error: 309
#ERR  p: [1307, 495], r: -2855, e: -6856, error: 310
#ERR  p: [1307, 496], r: -2865, e: -6846, error: 311
#ERR  p: [1307, 497], r: -2875, e: -6837, error: 312
#ERR  p: [1307, 498], r: -2885, e: -6829, error: 313
#ERR  p: [1307, 499], r: -2895, e: -6815, error: 314
#ERR  p: [1307, 500], r: -2905, e: -6804, error: 315
#ERR  p: [1307, 501], r: -2915, e: -6787, error: 316
#ERR  p: [1307, 502], r: -2925, e: -6781, error: 317
#ERR  p: [1307, 503], r: -2935, e: -6772, error: 318
#ERR  p: [1307, 504], r: -2945, e: -6763, error: 319
#ERR  p: [1307, 505], r: -2955, e: -6750, error: 320
#ERR  p: [1307, 506], r: -2965, e: -6735, error: 321
#ERR  p: [1307, 507], r: -2975, e: -6727, error: 322
#ERR  p: [1307, 508], r: -2985, e: -6715, error: 323
#ERR  p: [1307, 509], r: -2995, e: -6704, error: 324
#ERR  p: [1307, 510], r: -3005, e: -6690, error: 325
#ERR  p: [1307, 511], r: -3015, e: -6674, error: 326
#ERR  p: [1307, 512], r: -3025, e: -6660, error: 327
#ERR  p: [1307, 513], r: -3035, e: -6644, error: 328
#ERR  p: [1307, 514], r: -3045, e: -6633, error: 329
#ERR  p: [1307, 515], r: -3055, e: -6624, error: 330
#ERR  p: [1307, 516], r: -3065, e: -6613, error: 331
#ERR  p: [1307, 517], r: -3075, e: -6604, error: 332
#ERR  p: [1307, 518], r: -3085, e: -6594, error: 333
#ERR  p: [1307, 519], r: -3095, e: -6579, error: 334
#ERR  p: [1307, 520], r: -3105, e: -6565, error: 335
#ERR  p: [1307, 521], r: -3115, e: -6557, error: 336
#ERR  p: [1307, 522], r: -3125, e: -6542, error: 337
#ERR  p: [1307, 523], r: -3135, e: -6531, error: 338
#ERR  p: [1307, 524], r: -3145, e: -6522, error: 339
#ERR  p: [1307, 525], r: -3155, e: -6518, error: 340
#ERR  p: [1307, 526], r: -3165, e: -6510, error: 341
#ERR  p: [1307, 527], r: -3175, e: -6510, error: 342
#ERR  p: [1307, 528], r: -3185, e: -6499, error: 343
#ERR  p: [1307, 529], r: -3195, e: -6487, error: 344
#ERR  p: [1307, 530], r: -3205, e: -6486, error: 345
#ERR  p: [1307, 531], r: -3215, e: -6471, error: 346
#ERR  p: [1307, 532], r: -3225, e: -6462, error: 347
#ERR  p: [1307, 533], r: -3235, e: -6453, error: 348
#ERR  p: [1307, 534], r: -3245, e: -6441, error: 349
#ERR  p: [1307, 535], r: -3255, e: -6435, error: 350
#ERR  p: [1307, 536], r: -3265, e: -6424, error: 351
#ERR  p: [1307, 537], r: -3275, e: -6413, error: 352
#ERR  p: [1307, 538], r: -3285, e: -6402, error: 353
#ERR  p: [1307, 539], r: -3295, e: -6393, error: 354
#ERR  p: [1307, 540], r: -3305, e: -6382, error: 355
#ERR  p: [1307, 541], r: -3315, e: -6370, error: 356
#ERR  p: [1307, 542], r: -3325, e: -6359, error: 357
#ERR  p: [1307, 543], r: -3335, e: -6346, error: 358
#ERR  p: [1307, 544], r: -3345, e: -6339, error: 359
#ERR  p: [1307, 545], r: -3355, e: -6324, error: 360
#ERR  p: [1307, 546], r: -3365, e: -6314, error: 361
#ERR  p: [1307, 547], r: -3375, e: -6302, error: 362
#ERR  p: [1307, 548], r: -3385, e: -6292, error: 363
#ERR  p: [1307, 549], r: -3395, e: -6288, error: 364
#ERR  p: [1307, 550], r: -3405, e: -6276, error: 365
#ERR  p: [1307, 551], r: -3415, e: -6270, error: 366
#ERR  p: [1307, 552], r: -3425, e: -6260, error: 367
#ERR  p: [1307, 553], r: -3435, e: -6245, error: 368
#ERR  p: [1307, 554], r: -3445, e: -6232, error: 369
#ERR  p: [1307, 555], r: -3455, e: -6221, error: 370
#ERR  p: [1307, 556], r: -3465, e: -6208, error: 371
#ERR  p: [1307, 557], r: -3475, e: -6194, error: 372
#ERR  p: [1307, 558], r: -3485, e: -6182, error: 373
#ERR  p: [1307, 559], r: -3495, e: -6172, error: 374
#ERR  p: [1307, 560], r: -3505, e: -6163, error: 375
#ERR  p: [1307, 561], r: -3515, e: -6151, error: 376
#ERR  p: [1307, 562], r: -3525, e: -6143, error: 377
#ERR  p: [1307, 563], r: -3535, e: -6131, error: 378
#ERR  p: [1307, 564], r: -3545, e: -6123, error: 379
#ERR  p: [1307, 565], r: -3555, e: -6114, error: 380
#ERR  p: [1307, 566], r: -3565, e: -6103, error: 381
#ERR  p: [1307, 567], r: -3575, e: -6088, error: 382
#ERR  p: [1307, 568], r: -3585, e: -6074, error: 383
#ERR  p: [1307, 569], r: -3595, e: -6066, error: 384
#ERR  p: [1307, 570], r: -3605, e: -6057, error: 385
#ERR  p: [1307, 571], r: -3615, e: -6051, error: 386
#ERR  p: [1307, 572], r: -3625, e: -6042, error: 387
#ERR  p: [1307, 573], r: -3635, e: -6031, error: 388
#ERR  p: [1307, 574], r: -3645, e: -6022, error: 389
#ERR  p: [1307, 575], r: -3655, e: -6018, error: 390
#ERR  p: [1307, 576], r: -3665, e: -6007, error: 391
#ERR  p: [1307, 577], r: -3675, e: -5994, error: 392
#ERR  p: [1307, 578], r: -3685, e: -5985, error: 393
#ERR  p: [1307, 579], r: -3695, e: -5977, error: 394
#ERR  p: [1307, 580], r: -3705, e: -5964, error: 395
#ERR  p: [1307, 581], r: -3715, e: -5958, error: 396
#ERR  p: [1307, 582], r: -3725, e: -5947, error: 397
#ERR  p: [1307, 583], r: -3735, e: -5937, error: 398
#ERR  p: [1307, 584], r: -3745, e: -5925, error: 399
#ERR  p: [1307, 585], r: -3755, e: -5916, error: 400
#ERR  p: [1307, 586], r: -3765, e: -5918, error: 401
#ERR  p: [1307, 587], r: -3775, e: -5908, error: 402
#ERR  p: [1307, 588], r: -3785, e: -5897, error: 403
#ERR  p: [1307, 589], r: -3795, e: -5883, error: 404
#ERR  p: [1307, 590], r: -3805, e: -5875, error: 405
#ERR  p: [1307, 591], r: -3815, e: -5866, error: 406
#ERR  p: [1307, 592], r: -3825, e: -5854, error: 407
#ERR  p: [1307, 593], r: -3835, e: -5846, error: 408
#ERR  p: [1307, 594], r: -3845, e: -5830, error: 409
#ERR  p: [1307, 595], r: -3855, e: -5830, error: 410
#ERR  p: [1307, 596], r: -3865, e: -5823, error: 411
#ERR  p: [1307, 597], r: -3875, e: -5815, error: 412
#ERR  p: [1307, 598], r: -3885, e: -5809, error: 413
#ERR  p: [1307, 599], r: -3895, e: -5810, error: 414
#ERR  p: [1307, 600], r: -3905, e: -5800, error: 415
#ERR  p: [1307, 601], r: -3915, e: -5790, error: 416
#ERR  p: [1307, 602], r: -3925, e: -5781, error: 417
#ERR  p: [1307, 603], r: -3935, e: -5769, error: 418
#ERR  p: [1307, 604], r: -3945, e: -5767, error: 419
#ERR  p: [1307, 605], r: -3955, e: -5757, error: 420
#ERR  p: [1307, 606], r: -3965, e: -5747, error: 421
#ERR  p: [1307, 607], r: -3975, e: -5739, error: 422
#ERR  p: [1307, 608], r: -3985, e: -5729, error: 423
#ERR  p: [1307, 609], r: -3995, e: -5719, error: 424
#ERR  p: [1307, 610], r: -4005, e: -5702, error: 425
#ERR  p: [1307, 611], r: -4015, e: -5694, error: 426
#ERR  p: [1307, 612], r: -4025, e: -5688, error: 427
#ERR  p: [1307, 613], r: -4035, e: -5679, error: 428
#ERR  p: [1307, 614], r: -4045, e: -5668, error: 429
#ERR  p: [1307, 615], r: -4055, e: -5657, error: 430
#ERR  p: [1307, 616], r: -4065, e: -5646, error: 431
#ERR  p: [1307, 617], r: -4075, e: -5636, error: 432
#ERR  p: [1307, 618], r: -4085, e: -5624, error: 433
#ERR  p: [1307, 619], r: -4095, e: -5609, error: 434
#ERR  p: [1307, 620], r: -4105, e: -5599, error: 435
#ERR  p: [1307, 621], r: -4115, e: -5590, error: 436
#ERR  p: [1307, 622], r: -4125, e: -5582, error: 437
#ERR  p: [1307, 623], r: -4135, e: -5568, error: 438
#ERR  p: [1307, 624], r: -4145, e: -5552, error: 439
#ERR  p: [1307, 625], r: -4155, e: -5544, error: 440
#ERR  p: [1307, 626], r: -4165, e: -5539, error: 441
#ERR  p: [1307, 627], r: -4175, e: -5527, error: 442
#ERR  p: [1307, 628], r: -4185, e: -5517, error: 443
#ERR  p: [1307, 629], r: -4195, e: -5510, error: 444
#ERR  p: [1307, 630], r: -4205, e: -5503, error: 445
#ERR  p: [1307, 631], r: -4215, e: -5495, error: 446
#ERR  p: [1307, 632], r: -4225, e: -5484, error: 447
#ERR  p: [1307, 633], r: -4235, e: -5472, error: 448
#ERR  p: [1307, 634], r: -4245, e: -5470, error: 449
#ERR  p: [1307, 635], r: -4255, e: -5458, error: 450
#ERR  p: [1307, 636], r: -4265, e: -5442, error: 451
#ERR  p: [1307, 637], r: -4275, e: -5429, error: 452
#ERR  p: [1307, 638], r: -4285, e: -5420, error: 453
#ERR  p: [1307, 639], r: -4295, e: -5410, error: 454
#ERR  p: [1307, 640], r: -4305, e: -5400, error: 455
#ERR  p: [1307, 641], r: -4315, e: -5391, error: 456
#ERR  p: [1307, 642], r: -4325, e: -5381, error: 457
#ERR  p: [1307, 643], r: -4335, e: -5371, error: 458
#ERR  p: [1307, 644], r: -4345, e: -5363, error: 459
#ERR  p: [1307, 645], r: -4355, e: -5355, error: 460
#ERR  p: [1307, 646], r: -4365, e: -5352, error: 461
#ERR  p: [1307, 647], r: -4375, e: -5341, error: 462
#ERR  p: [1307, 648], r: -4385, e: -5331, error: 463
#ERR  p: [1307, 649], r: -4395, e: -5321, error: 464
#ERR  p: [1307, 650], r: -4405, e: -5312, error: 465
#ERR  p: [1307, 651], r: -4415, e: -5306, error: 466
#ERR  p: [1307, 652], r: -4425, e: -5299, error: 467
#ERR  p: [1307, 653], r: -4435, e: -5291, error: 468
#ERR  p: [1307, 654], r: -4445, e: -5282, error: 469
#ERR  p: [1307, 655], r: -4455, e: -5274, error: 470
#ERR  p: [1307, 656], r: -4465, e: -5274, error: 471
#ERR  p: [1307, 657], r: -4475, e: -5259, error: 472
#ERR  p: [1307, 658], r: -4485, e: -5247, error: 473
#ERR  p: [1307, 659], r: -4495, e: -5236, error: 474
#ERR  p: [1307, 660], r: -4505, e: -5221, error: 475
#ERR  p: [1307, 661], r: -4515, e: -5209, error: 476
#ERR  p: [1307, 662], r: -4525, e: -5198, error: 477
#ERR  p: [1307, 663], r: -4535, e: -5192, error: 478
#ERR  p: [1307, 664], r: -4545, e: -5184, error: 479
#ERR  p: [1307, 665], r: -4555, e: -5171, error: 480
#ERR  p: [1307, 666], r: -4565, e: -5159, error: 481
#ERR  p: [1307, 667], r: -4575, e: -5159, error: 482
#ERR  p: [1307, 668], r: -4585, e: -5148, error: 483
#ERR  p: [1307, 669], r: -4595, e: -5137, error: 484
#ERR  p: [1307, 670], r: -4605, e: -5128, error: 485
#ERR  p: [1307, 671], r: -4615, e: -5116, error: 486
#ERR  p: [1307, 672], r: -4625, e: -5109, error: 487
#ERR  p: [1307, 673], r: -4635, e: -5100, error: 488
#ERR  p: [1307, 674], r: -4645, e: -5092, error: 489
#ERR  p: [1307, 675], r: -4655, e: -5084, error: 490
#ERR  p: [1307, 676], r: -4665, e: -5070, error: 491
#ERR  p: [1307, 677], r: -4675, e: -5059, error: 492
#ERR  p: [1307, 678], r: -4685, e: -5049, error: 493
#ERR  p: [1307, 679], r: -4695, e: -5038, error: 494
#ERR  p: [1307, 680], r: -4705, e: -5023, error: 495
#ERR  p: [1307, 681], r: -4715, e: -5014, error: 496
#ERR  p: [1307, 682], r: -4725, e: -4998, error: 497
#ERR  p: [1307, 683], r: -4735, e: -4992, error: 498
#ERR  p: [1307, 684], r: -4745, e: -4983, error: 499
#SDC Ite:0 KerTime:0.290839 AccTime:0.290839 KerErr:500 AccErr:500
#END