#HEADER max_rows:2048 max_cols:2048 penalty:10
#BEGIN Y:2016 M:09 D:07 Time:04:59:52
#IT Ite:0 KerTime:0.290779 AccTime:0.290779
#ERR Error detected! kerrors = 73
#ERR  p: [497, 1793], r: -11304, e: -11320, error: 1
#ERR  p: [497, 1794], r: -11314, e: -11330, error: 2
#ERR  p: [497, 1795], r: -11324, e: -11340, error: 3
#ERR  p: [497, 1796], r: -11334, e: -11347, error: 4
#ERR  p: [497, 1797], r: -11344, e: -11357, error: 5
#ERR  p: [497, 1798], r: -11354, e: -11367, error: 6
#ERR  p: [497, 1799], r: -11364, e: -11377, error: 7
#ERR  p: [497, 1800], r: -11374, e: -11387, error: 8
#ERR  p: [497, 1801], r: -11384, e: -11397, error: 9
#ERR  p: [497, 1802], r: -11394, e: -11407, error: 10
#ERR  p: [497, 1803], r: -11404, e: -11413, error: 11
#ERR  p: [497, 1804], r: -11414, e: -11423, error: 12
#ERR  p: [497, 1805], r: -11424, e: -11433, error: 13
#ERR  p: [497, 1806], r: -11434, e: -11439, error: 14
#ERR  p: [497, 1807], r: -11444, e: -11449, error: 15
#ERR  p: [497, 1808], r: -11454, e: -11459, error: 16
#ERR  p: [497, 1809], r: -11464, e: -11469, error: 17
#ERR  p: [497, 1810], r: -11474, e: -11475, error: 18
#ERR  p: [497, 1811], r: -11484, e: -11485, error: 19
#ERR  p: [497, 1812], r: -11494, e: -11495, error: 20
#ERR  p: [498, 1794], r: -11304, e: -11315, error: 21
#ERR  p: [498, 1795], r: -11314, e: -11325, error: 22
#ERR  p: [498, 1796], r: -11324, e: -11335, error: 23
#ERR  p: [498, 1797], r: -11334, e: -11345, error: 24
#ERR  p: [498, 1798], r: -11344, e: -11355, error: 25
#ERR  p: [498, 1799], r: -11354, e: -11365, error: 26
#ERR  p: [498, 1800], r: -11364, e: -11375, error: 27
#ERR  p: [498, 1801], r: -11374, e: -11385, error: 28
#ERR  p: [498, 1802], r: -11384, e: -11395, error: 29
#ERR  p: [498, 1803], r: -11394, e: -11405, error: 30
#ERR  p: [498, 1804], r: -11401, e: -11410, error: 31
#ERR  p: [498, 1805], r: -11411, e: -11420, error: 32
#ERR  p: [498, 1806], r: -11421, e: -11430, error: 33
#ERR  p: [498, 1807], r: -11431, e: -11440, error: 34
#ERR  p: [498, 1808], r: -11441, e: -11449, error: 35
#ERR  p: [498, 1809], r: -11451, e: -11459, error: 36
#ERR  p: [498, 1810], r: -11461, e: -11468, error: 37
#ERR  p: [498, 1811], r: -11471, e: -11475, error: 38
#ERR  p: [498, 1812], r: -11481, e: -11485, error: 39
#ERR  p: [498, 1813], r: -11491, e: -11495, error: 40
#ERR  p: [498, 1814], r: -11501, e: -11502, error: 41
#ERR  p: [498, 1815], r: -11511, e: -11512, error: 42
#ERR  p: [499, 1795], r: -11304, e: -11307, error: 43
#ERR  p: [499, 1796], r: -11314, e: -11317, error: 44
#ERR  p: [499, 1797], r: -11324, e: -11327, error: 45
#ERR  p: [499, 1798], r: -11334, e: -11337, error: 46
#ERR  p: [499, 1799], r: -11344, e: -11347, error: 47
#ERR  p: [499, 1800], r: -11352, e: -11357, error: 48
#ERR  p: [499, 1801], r: -11362, e: -11367, error: 49
#ERR  p: [499, 1802], r: -11372, e: -11377, error: 50
#ERR  p: [499, 1803], r: -11382, e: -11387, error: 51
#ERR  p: [499, 1804], r: -11392, e: -11397, error: 52
#ERR  p: [499, 1805], r: -11402, e: -11407, error: 53
#ERR  p: [499, 1806], r: -11412, e: -11417, error: 54
#ERR  p: [499, 1807], r: -11422, e: -11427, error: 55
#ERR  p: [499, 1808], r: -11432, e: -11437, error: 56
#ERR  p: [499, 1809], r: -11441, e: -11447, error: 57
#ERR  p: [499, 1810], r: -11451, e: -11457, error: 58
#ERR  p: [499, 1811], r: -11461, e: -11467, error: 59
#ERR  p: [499, 1812], r: -11471, e: -11476, error: 60
#ERR  p: [499, 1813], r: -11481, e: -11486, error: 61
#ERR  p: [499, 1814], r: -11491, e: -11496, error: 62
#ERR  p: [499, 1815], r: -11501, e: -11506, error: 63
#ERR  p: [499, 1816], r: -11510, e: -11511, error: 64
#ERR  p: [500, 1809], r: -11430, e: -11432, error: 65
#ERR  p: [500, 1810], r: -11440, e: -11442, error: 66
#ERR  p: [500, 1811], r: -11450, e: -11452, error: 67
#ERR  p: [500, 1812], r: -11460, e: -11462, error: 68
#ERR  p: [500, 1813], r: -11470, e: -11472, error: 69
#ERR  p: [500, 1814], r: -11480, e: -11482, error: 70
#ERR  p: [500, 1815], r: -11490, e: -11492, error: 71
#ERR  p: [500, 1816], r: -11500, e: -11502, error: 72
#ERR  p: [500, 1817], r: -11510, e: -11512, error: 73
#SDC Ite:0 KerTime:0.290779 AccTime:0.290779 KerErr:73 AccErr:73
#END