#HEADER max_rows:2048 max_cols:2048 penalty:10
#BEGIN Y:2016 M:09 D:07 Time:05:08:35
#IT Ite:0 KerTime:0.293234 AccTime:0.293234
#ERR Error detected! kerrors = 1334093
#ERR  p: [721, 17], r: 8, e: -6947, error: 1
#ERR  p: [721, 18], r: 15, e: -6933, error: 2
#ERR  p: [721, 19], r: 1, e: -6919, error: 3
#ERR  p: [721, 20], r: 23, e: -6903, error: 4
#ERR  p: [721, 21], r: 0, e: -6888, error: 5
#ERR  p: [721, 22], r: 13, e: -6873, error: 6
#ERR  p: [721, 23], r: 17, e: -6855, error: 7
#ERR  p: [721, 24], r: 18, e: -6841, error: 8
#ERR  p: [721, 25], r: 18, e: -6820, error: 9
#ERR  p: [721, 26], r: 12, e: -6800, error: 10
#ERR  p: [721, 27], r: 11, e: -6784, error: 11
#ERR  p: [721, 28], r: 0, e: -6770, error: 12
#ERR  p: [721, 29], r: 3, e: -6756, error: 13
#ERR  p: [721, 30], r: 6, e: -6735, error: 14
#ERR  p: [721, 31], r: 7, e: -6719, error: 15
#ERR  p: [721, 32], r: 0, e: -6703, error: 16
#ERR  p: [721, 33], r: -10, e: -6686, error: 17
#ERR  p: [721, 34], r: -20, e: -6670, error: 18
#ERR  p: [721, 35], r: -30, e: -6658, error: 19
#ERR  p: [721, 36], r: -40, e: -6643, error: 20
#ERR  p: [721, 37], r: -50, e: -6628, error: 21
#ERR  p: [721, 38], r: -60, e: -6614, error: 22
#ERR  p: [721, 39], r: -70, e: -6599, error: 23
#ERR  p: [721, 40], r: -80, e: -6586, error: 24
#ERR  p: [721, 41], r: -90, e: -6572, error: 25
#ERR  p: [721, 42], r: -100, e: -6557, error: 26
#ERR  p: [721, 43], r: -110, e: -6547, error: 27
#ERR  p: [721, 44], r: -120, e: -6529, error: 28
#ERR  p: [721, 45], r: -130, e: -6514, error: 29
#ERR  p: [721, 46], r: -140, e: -6493, error: 30
#ERR  p: [721, 47], r: -150, e: -6482, error: 31
#ERR  p: [721, 48], r: -160, e: -6471, error: 32
#ERR  p: [721, 49], r: -170, e: -6457, error: 33
#ERR  p: [721, 50], r: -180, e: -6442, error: 34
#ERR  p: [721, 51], r: -190, e: -6426, error: 35
#ERR  p: [721, 52], r: -200, e: -6412, error: 36
#ERR  p: [721, 53], r: -210, e: -6398, error: 37
#ERR  p: [721, 54], r: -220, e: -6387, error: 38
#ERR  p: [721, 55], r: -230, e: -6380, error: 39
#ERR  p: [721, 56], r: -240, e: -6363, error: 40
#ERR  p: [721, 57], r: -250, e: -6354, error: 41
#ERR  p: [721, 58], r: -260, e: -6344, error: 42
#ERR  p: [721, 59], r: -270, e: -6327, error: 43
#ERR  p: [721, 60], r: -280, e: -6316, error: 44
#ERR  p: [721, 61], r: -290, e: -6306, error: 45
#ERR  p: [721, 62], r: -300, e: -6293, error: 46
#ERR  p: [721, 63], r: -310, e: -6280, error: 47
#ERR  p: [721, 64], r: -320, e: -6265, error: 48
#ERR  p: [721, 65], r: -330, e: -6247, error: 49
#ERR  p: [721, 66], r: -340, e: -6233, error: 50
#ERR  p: [721, 67], r: -350, e: -6224, error: 51
#ERR  p: [721, 68], r: -360, e: -6213, error: 52
#ERR  p: [721, 69], r: -370, e: -6199, error: 53
#ERR  p: [721, 70], r: -380, e: -6188, error: 54
#ERR  p: [721, 71], r: -390, e: -6172, error: 55
#ERR  p: [721, 72], r: -400, e: -6158, error: 56
#ERR  p: [721, 73], r: -410, e: -6141, error: 57
#ERR  p: [721, 74], r: -420, e: -6127, error: 58
#ERR  p: [721, 75], r: -430, e: -6112, error: 59
#ERR  p: [721, 76], r: -440, e: -6091, error: 60
#ERR  p: [721, 77], r: -450, e: -6080, error: 61
#ERR  p: [721, 78], r: -460, e: -6064, error: 62
#ERR  p: [721, 79], r: -470, e: -6054, error: 63
#ERR  p: [721, 80], r: -480, e: -6039, error: 64
#ERR  p: [721, 81], r: -490, e: -6028, error: 65
#ERR  p: [721, 82], r: -500, e: -6017, error: 66
#ERR  p: [721, 83], r: -510, e: -6006, error: 67
#ERR  p: [721, 84], r: -520, e: -5994, error: 68
#ERR  p: [721, 85], r: -530, e: -5978, error: 69
#ERR  p: [721, 86], r: -540, e: -5959, error: 70
#ERR  p: [721, 87], r: -550, e: -5944, error: 71
#ERR  p: [721, 88], r: -560, e: -5934, error: 72
#ERR  p: [721, 89], r: -570, e: -5922, error: 73
#ERR  p: [721, 90], r: -580, e: -5907, error: 74
#ERR  p: [721, 91], r: -590, e: -5897, error: 75
#ERR  p: [721, 92], r: -600, e: -5889, error: 76
#ERR  p: [721, 93], r: -610, e: -5879, error: 77
#ERR  p: [721, 94], r: -620, e: -5870, error: 78
#ERR  p: [721, 95], r: -630, e: -5860, error: 79
#ERR  p: [721, 96], r: -640, e: -5852, error: 80
#ERR  p: [721, 97], r: -650, e: -5837, error: 81
#ERR  p: [721, 98], r: -660, e: -5828, error: 82
#ERR  p: [721, 99], r: -670, e: -5813, error: 83
#ERR  p: [721, 100], r: -680, e: -5804, error: 84
#ERR  p: [721, 101], r: -690, e: -5789, error: 85
#ERR  p: [721, 102], r: -700, e: -5771, error: 86
#ERR  p: [721, 103], r: -710, e: -5756, error: 87
#ERR  p: [721, 104], r: -720, e: -5747, error: 88
#ERR  p: [721, 105], r: -730, e: -5734, error: 89
#ERR  p: [721, 106], r: -740, e: -5725, error: 90
#ERR  p: [721, 107], r: -750, e: -5714, error: 91
#ERR  p: [721, 108], r: -760, e: -5703, error: 92
#ERR  p: [721, 109], r: -770, e: -5700, error: 93
#ERR  p: [721, 110], r: -780, e: -5692, error: 94
#ERR  p: [721, 111], r: -790, e: -5677, error: 95
#ERR  p: [721, 112], r: -800, e: -5662, error: 96
#ERR  p: [721, 113], r: -810, e: -5649, error: 97
#ERR  p: [721, 114], r: -820, e: -5638, error: 98
#ERR  p: [721, 115], r: -830, e: -5624, error: 99
#ERR  p: [721, 116], r: -840, e: -5612, error: 100
#ERR  p: [721, 117], r: -850, e: -5591, error: 101
#ERR  p: [721, 118], r: -860, e: -5575, error: 102
#ERR  p: [721, 119], r: -870, e: -5567, error: 103
#ERR  p: [721, 120], r: -880, e: -5554, error: 104
#ERR  p: [721, 121], r: -890, e: -5539, error: 105
#ERR  p: [721, 122], r: -900, e: -5528, error: 106
#ERR  p: [721, 123], r: -910, e: -5514, error: 107
#ERR  p: [721, 124], r: -920, e: -5499, error: 108
#ERR  p: [721, 125], r: -930, e: -5483, error: 109
#ERR  p: [721, 126], r: -940, e: -5466, error: 110
#ERR  p: [721, 127], r: -950, e: -5453, error: 111
#ERR  p: [721, 128], r: -960, e: -5438, error: 112
#ERR  p: [721, 129], r: -970, e: -5423, error: 113
#ERR  p: [721, 130], r: -980, e: -5410, error: 114
#ERR  p: [721, 131], r: -990, e: -5393, error: 115
#ERR  p: [721, 132], r: -1000, e: -5385, error: 116
#ERR  p: [721, 133], r: -1010, e: -5371, error: 117
#ERR  p: [721, 134], r: -1020, e: -5363, error: 118
#ERR  p: [721, 135], r: -1030, e: -5355, error: 119
#ERR  p: [721, 136], r: -1040, e: -5345, error: 120
#ERR  p: [721, 137], r: -1050, e: -5332, error: 121
#ERR  p: [721, 138], r: -1060, e: -5318, error: 122
#ERR  p: [721, 139], r: -1070, e: -5307, error: 123
#ERR  p: [721, 140], r: -1080, e: -5293, error: 124
#ERR  p: [721, 141], r: -1090, e: -5280, error: 125
#ERR  p: [721, 142], r: -1100, e: -5262, error: 126
#ERR  p: [721, 143], r: -1110, e: -5247, error: 127
#ERR  p: [721, 144], r: -1120, e: -5231, error: 128
#ERR  p: [721, 145], r: -1130, e: -5220, error: 129
#ERR  p: [721, 146], r: -1140, e: -5215, error: 130
#ERR  p: [721, 147], r: -1150, e: -5202, error: 131
#ERR  p: [721, 148], r: -1160, e: -5188, error: 132
#ERR  p: [721, 149], r: -1170, e: -5178, error: 133
#ERR  p: [721, 150], r: -1180, e: -5171, error: 134
#ERR  p: [721, 151], r: -1190, e: -5162, error: 135
#ERR  p: [721, 152], r: -1200, e: -5153, error: 136
#ERR  p: [721, 153], r: -1210, e: -5144, error: 137
#ERR  p: [721, 154], r: -1220, e: -5138, error: 138
#ERR  p: [721, 155], r: -1230, e: -5124, error: 139
#ERR  p: [721, 156], r: -1240, e: -5114, error: 140
#ERR  p: [721, 157], r: -1250, e: -5097, error: 141
#ERR  p: [721, 158], r: -1260, e: -5086, error: 142
#ERR  p: [721, 159], r: -1270, e: -5074, error: 143
#ERR  p: [721, 160], r: -1280, e: -5064, error: 144
#ERR  p: [721, 161], r: -1290, e: -5053, error: 145
#ERR  p: [721, 162], r: -1300, e: -5039, error: 146
#ERR  p: [721, 163], r: -1310, e: -5022, error: 147
#ERR  p: [721, 164], r: -1320, e: -5011, error: 148
#ERR  p: [721, 165], r: -1330, e: -5001, error: 149
#ERR  p: [721, 166], r: -1340, e: -4991, error: 150
#ERR  p: [721, 167], r: -1350, e: -4981, error: 151
#ERR  p: [721, 168], r: -1360, e: -4968, error: 152
#ERR  p: [721, 169], r: -1370, e: -4956, error: 153
#ERR  p: [721, 170], r: -1380, e: -4945, error: 154
#ERR  p: [721, 171], r: -1390, e: -4937, error: 155
#ERR  p: [721, 172], r: -1400, e: -4927, error: 156
#ERR  p: [721, 173], r: -1410, e: -4907, error: 157
#ERR  p: [721, 174], r: -1420, e: -4894, error: 158
#ERR  p: [721, 175], r: -1430, e: -4880, error: 159
#ERR  p: [721, 176], r: -1440, e: -4865, error: 160
#ERR  p: [721, 177], r: -1450, e: -4848, error: 161
#ERR  p: [721, 178], r: -1460, e: -4834, error: 162
#ERR  p: [721, 179], r: -1470, e: -4818, error: 163
#ERR  p: [721, 180], r: -1480, e: -4809, error: 164
#ERR  p: [721, 181], r: -1490, e: -4799, error: 165
#ERR  p: [721, 182], r: -1500, e: -4786, error: 166
#ERR  p: [721, 183], r: -1510, e: -4774, error: 167
#ERR  p: [721, 184], r: -1520, e: -4763, error: 168
#ERR  p: [721, 185], r: -1530, e: -4750, error: 169
#ERR  p: [721, 186], r: -1540, e: -4737, error: 170
#ERR  p: [721, 187], r: -1550, e: -4723, error: 171
#ERR  p: [721, 188], r: -1560, e: -4712, error: 172
#ERR  p: [721, 189], r: -1570, e: -4704, error: 173
#ERR  p: [721, 190], r: -1580, e: -4692, error: 174
#ERR  p: [721, 191], r: -1590, e: -4677, error: 175
#ERR  p: [721, 192], r: -1600, e: -4671, error: 176
#ERR  p: [721, 193], r: -1610, e: -4662, error: 177
#ERR  p: [721, 194], r: -1620, e: -4650, error: 178
#ERR  p: [721, 195], r: -1630, e: -4640, error: 179
#ERR  p: [721, 196], r: -1640, e: -4625, error: 180
#ERR  p: [721, 197], r: -1650, e: -4612, error: 181
#ERR  p: [721, 198], r: -1660, e: -4600, error: 182
#ERR  p: [721, 199], r: -1670, e: -4590, error: 183
#ERR  p: [721, 200], r: -1680, e: -4580, error: 184
#ERR  p: [721, 201], r: -1690, e: -4567, error: 185
#ERR  p: [721, 202], r: -1700, e: -4553, error: 186
#ERR  p: [721, 203], r: -1710, e: -4539, error: 187
#ERR  p: [721, 204], r: -1720, e: -4524, error: 188
#ERR  p: [721, 205], r: -1730, e: -4507, error: 189
#ERR  p: [721, 206], r: -1740, e: -4497, error: 190
#ERR  p: [721, 207], r: -1750, e: -4486, error: 191
#ERR  p: [721, 208], r: -1760, e: -4479, error: 192
#ERR  p: [721, 209], r: -1770, e: -4470, error: 193
#ERR  p: [721, 210], r: -1780, e: -4460, error: 194
#ERR  p: [721, 211], r: -1790, e: -4446, error: 195
#ERR  p: [721, 212], r: -1800, e: -4440, error: 196
#ERR  p: [721, 213], r: -1810, e: -4430, error: 197
#ERR  p: [721, 214], r: -1820, e: -4415, error: 198
#ERR  p: [721, 215], r: -1830, e: -4408, error: 199
#ERR  p: [721, 216], r: -1840, e: -4402, error: 200
#ERR  p: [721, 217], r: -1850, e: -4392, error: 201
#ERR  p: [721, 218], r: -1860, e: -4383, error: 202
#ERR  p: [721, 219], r: -1870, e: -4376, error: 203
#ERR  p: [721, 220], r: -1880, e: -4368, error: 204
#ERR  p: [721, 221], r: -1890, e: -4352, error: 205
#ERR  p: [721, 222], r: -1900, e: -4334, error: 206
#ERR  p: [721, 223], r: -1910, e: -4323, error: 207
#ERR  p: [721, 224], r: -1920, e: -4310, error: 208
#ERR  p: [721, 225], r: -1930, e: -4300, error: 209
#ERR  p: [721, 226], r: -1940, e: -4289, error: 210
#ERR  p: [721, 227], r: -1950, e: -4275, error: 211
#ERR  p: [721, 228], r: -1960, e: -4266, error: 212
#ERR  p: [721, 229], r: -1970, e: -4260, error: 213
#ERR  p: [721, 230], r: -1980, e: -4248, error: 214
#ERR  p: [721, 231], r: -1990, e: -4238, error: 215
#ERR  p: [721, 232], r: -2000, e: -4231, error: 216
#ERR  p: [721, 233], r: -2010, e: -4219, error: 217
#ERR  p: [721, 234], r: -2020, e: -4210, error: 218
#ERR  p: [721, 235], r: -2030, e: -4201, error: 219
#ERR  p: [721, 236], r: -2040, e: -4186, error: 220
#ERR  p: [721, 237], r: -2050, e: -4177, error: 221
#ERR  p: [721, 238], r: -2060, e: -4160, error: 222
#ERR  p: [721, 239], r: -2070, e: -4147, error: 223
#ERR  p: [721, 240], r: -2080, e: -4139, error: 224
#ERR  p: [721, 241], r: -2090, e: -4127, error: 225
#ERR  p: [721, 242], r: -2100, e: -4118, error: 226
#ERR  p: [721, 243], r: -2110, e: -4112, error: 227
#ERR  p: [721, 244], r: -2120, e: -4103, error: 228
#ERR  p: [721, 245], r: -2130, e: -4097, error: 229
#ERR  p: [721, 246], r: -2140, e: -4085, error: 230
#ERR  p: [721, 247], r: -2150, e: -4074, error: 231
#ERR  p: [721, 248], r: -2160, e: -4064, error: 232
#ERR  p: [721, 249], r: -2170, e: -4049, error: 233
#ERR  p: [721, 250], r: -2180, e: -4040, error: 234
#ERR  p: [721, 251], r: -2190, e: -4033, error: 235
#ERR  p: [721, 252], r: -2200, e: -4026, error: 236
#ERR  p: [721, 253], r: -2210, e: -4017, error: 237
#ERR  p: [721, 254], r: -2220, e: -4003, error: 238
#ERR  p: [721, 255], r: -2230, e: -3988, error: 239
#ERR  p: [721, 256], r: -2240, e: -3982, error: 240
#ERR  p: [721, 257], r: -2250, e: -3972, error: 241
#ERR  p: [721, 258], r: -2260, e: -3966, error: 242
#ERR  p: [721, 259], r: -2270, e: -3960, error: 243
#ERR  p: [721, 260], r: -2280, e: -3951, error: 244
#ERR  p: [721, 261], r: -2290, e: -3944, error: 245
#ERR  p: [721, 262], r: -2300, e: -3938, error: 246
#ERR  p: [721, 263], r: -2310, e: -3926, error: 247
#ERR  p: [721, 264], r: -2320, e: -3915, error: 248
#ERR  p: [721, 265], r: -2330, e: -3900, error: 249
#ERR  p: [721, 266], r: -2340, e: -3885, error: 250
#ERR  p: [721, 267], r: -2350, e: -3872, error: 251
#ERR  p: [721, 268], r: -2360, e: -3861, error: 252
#ERR  p: [721, 269], r: -2370, e: -3855, error: 253
#ERR  p: [721, 270], r: -2380, e: -3849, error: 254
#ERR  p: [721, 271], r: -2390, e: -3838, error: 255
#ERR  p: [721, 272], r: -2400, e: -3828, error: 256
#ERR  p: [721, 273], r: -2410, e: -3818, error: 257
#ERR  p: [721, 274], r: -2420, e: -3808, error: 258
#ERR  p: [721, 275], r: -2430, e: -3796, error: 259
#ERR  p: [721, 276], r: -2440, e: -3785, error: 260
#ERR  p: [721, 277], r: -2450, e: -3768, error: 261
#ERR  p: [721, 278], r: -2460, e: -3755, error: 262
#ERR  p: [721, 279], r: -2470, e: -3745, error: 263
#ERR  p: [721, 280], r: -2480, e: -3736, error: 264
#ERR  p: [721, 281], r: -2490, e: -3727, error: 265
#ERR  p: [721, 282], r: -2500, e: -3713, error: 266
#ERR  p: [721, 283], r: -2510, e: -3698, error: 267
#ERR  p: [721, 284], r: -2520, e: -3687, error: 268
#ERR  p: [721, 285], r: -2530, e: -3677, error: 269
#ERR  p: [721, 286], r: -2540, e: -3661, error: 270
#ERR  p: [721, 287], r: -2550, e: -3648, error: 271
#ERR  p: [721, 288], r: -2560, e: -3638, error: 272
#ERR  p: [721, 289], r: -2570, e: -3629, error: 273
#ERR  p: [721, 290], r: -2580, e: -3623, error: 274
#ERR  p: [721, 291], r: -2590, e: -3612, error: 275
#ERR  p: [721, 292], r: -2600, e: -3602, error: 276
#ERR  p: [721, 293], r: -2610, e: -3594, error: 277
#ERR  p: [721, 294], r: -2620, e: -3587, error: 278
#ERR  p: [721, 295], r: -2630, e: -3577, error: 279
#ERR  p: [721, 296], r: -2640, e: -3571, error: 280
#ERR  p: [721, 297], r: -2650, e: -3567, error: 281
#ERR  p: [721, 298], r: -2660, e: -3556, error: 282
#ERR  p: [721, 299], r: -2670, e: -3547, error: 283
#ERR  p: [721, 300], r: -2680, e: -3538, error: 284
#ERR  p: [721, 301], r: -2690, e: -3527, error: 285
#ERR  p: [721, 302], r: -2700, e: -3521, error: 286
#ERR  p: [721, 303], r: -2710, e: -3511, error: 287
#ERR  p: [721, 304], r: -2720, e: -3496, error: 288
#ERR  p: [721, 305], r: -2730, e: -3484, error: 289
#ERR  p: [721, 306], r: -2740, e: -3476, error: 290
#ERR  p: [721, 307], r: -2750, e: -3466, error: 291
#ERR  p: [721, 308], r: -2760, e: -3456, error: 292
#ERR  p: [721, 309], r: -2770, e: -3446, error: 293
#ERR  p: [721, 310], r: -2780, e: -3436, error: 294
#ERR  p: [721, 311], r: -2790, e: -3428, error: 295
#ERR  p: [721, 312], r: -2800, e: -3418, error: 296
#ERR  p: [721, 313], r: -2810, e: -3407, error: 297
#ERR  p: [721, 314], r: -2820, e: -3399, error: 298
#ERR  p: [721, 315], r: -2830, e: -3388, error: 299
#ERR  p: [721, 316], r: -2840, e: -3376, error: 300
#ERR  p: [721, 317], r: -2850, e: -3370, error: 301
#ERR  p: [721, 318], r: -2860, e: -3365, error: 302
#ERR  p: [721, 319], r: -2870, e: -3357, error: 303
#ERR  p: [721, 320], r: -2880, e: -3350, error: 304
#ERR  p: [721, 321], r: -2890, e: -3343, error: 305
#ERR  p: [721, 322], r: -2900, e: -3332, error: 306
#ERR  p: [721, 323], r: -2910, e: -3327, error: 307
#ERR  p: [721, 324], r: -2920, e: -3320, error: 308
#ERR  p: [721, 325], r: -2930, e: -3313, error: 309
#ERR  p: [721, 326], r: -2940, e: -3298, error: 310
#ERR  p: [721, 327], r: -2950, e: -3287, error: 311
#ERR  p: [721, 328], r: -2960, e: -3273, error: 312
#ERR  p: [721, 329], r: -2970, e: -3258, error: 313
#ERR  p: [721, 330], r: -2980, e: -3252, error: 314
#ERR  p: [721, 331], r: -2990, e: -3240, error: 315
#ERR  p: [721, 332], r: -3000, e: -3229, error: 316
#ERR  p: [721, 333], r: -3010, e: -3218, error: 317
#ERR  p: [721, 334], r: -3020, e: -3203, error: 318
#ERR  p: [721, 335], r: -3030, e: -3194, error: 319
#ERR  p: [721, 336], r: -3040, e: -3183, error: 320
#ERR  p: [721, 337], r: -3050, e: -3177, error: 321
#ERR  p: [721, 338], r: -3060, e: -3168, error: 322
#ERR  p: [721, 339], r: -3070, e: -3154, error: 323
#ERR  p: [721, 340], r: -3080, e: -3137, error: 324
#ERR  p: [721, 341], r: -3090, e: -3129, error: 325
#ERR  p: [721, 342], r: -3100, e: -3119, error: 326
#ERR  p: [721, 343], r: -3110, e: -3112, error: 327
#ERR  p: [722, 33], r: -1, e: -6696, error: 328
#ERR  p: [722, 34], r: -11, e: -6680, error: 329
#ERR  p: [722, 35], r: -21, e: -6668, error: 330
#ERR  p: [722, 36], r: -31, e: -6653, error: 331
#ERR  p: [722, 37], r: -41, e: -6638, error: 332
#ERR  p: [722, 38], r: -49, e: -6624, error: 333
#ERR  p: [722, 39], r: -59, e: -6609, error: 334
#ERR  p: [722, 40], r: -69, e: -6596, error: 335
#ERR  p: [722, 41], r: -79, e: -6582, error: 336
#ERR  p: [722, 42], r: -89, e: -6567, error: 337
#ERR  p: [722, 43], r: -99, e: -6557, error: 338
#ERR  p: [722, 44], r: -109, e: -6539, error: 339
#ERR  p: [722, 45], r: -119, e: -6524, error: 340
#ERR  p: [722, 46], r: -129, e: -6503, error: 341
#ERR  p: [722, 47], r: -139, e: -6492, error: 342
#ERR  p: [722, 48], r: -149, e: -6481, error: 343
#ERR  p: [722, 49], r: -159, e: -6467, error: 344
#ERR  p: [722, 50], r: -169, e: -6452, error: 345
#ERR  p: [722, 51], r: -179, e: -6436, error: 346
#ERR  p: [722, 52], r: -189, e: -6422, error: 347
#ERR  p: [722, 53], r: -199, e: -6408, error: 348
#ERR  p: [722, 54], r: -209, e: -6397, error: 349
#ERR  p: [722, 55], r: -219, e: -6390, error: 350
#ERR  p: [722, 56], r: -229, e: -6373, error: 351
#ERR  p: [722, 57], r: -239, e: -6364, error: 352
#ERR  p: [722, 58], r: -249, e: -6354, error: 353
#ERR  p: [722, 59], r: -259, e: -6337, error: 354
#ERR  p: [722, 60], r: -268, e: -6325, error: 355
#ERR  p: [722, 61], r: -276, e: -6312, error: 356
#ERR  p: [722, 62], r: -286, e: -6303, error: 357
#ERR  p: [722, 63], r: -296, e: -6290, error: 358
#ERR  p: [722, 64], r: -306, e: -6275, error: 359
#ERR  p: [722, 65], r: -316, e: -6257, error: 360
#ERR  p: [722, 66], r: -326, e: -6243, error: 361
#ERR  p: [722, 67], r: -336, e: -6234, error: 362
#ERR  p: [722, 68], r: -346, e: -6223, error: 363
#ERR  p: [722, 69], r: -356, e: -6209, error: 364
#ERR  p: [722, 70], r: -366, e: -6198, error: 365
#ERR  p: [722, 71], r: -376, e: -6182, error: 366
#ERR  p: [722, 72], r: -386, e: -6168, error: 367
#ERR  p: [722, 73], r: -396, e: -6151, error: 368
#ERR  p: [722, 74], r: -406, e: -6137, error: 369
#ERR  p: [722, 75], r: -416, e: -6122, error: 370
#ERR  p: [722, 76], r: -426, e: -6101, error: 371
#ERR  p: [722, 77], r: -436, e: -6090, error: 372
#ERR  p: [722, 78], r: -446, e: -6074, error: 373
#ERR  p: [722, 79], r: -456, e: -6064, error: 374
#ERR  p: [722, 80], r: -466, e: -6049, error: 375
#ERR  p: [722, 81], r: -476, e: -6038, error: 376
#ERR  p: [722, 82], r: -486, e: -6027, error: 377
#ERR  p: [722, 83], r: -496, e: -6013, error: 378
#ERR  p: [722, 84], r: -506, e: -6002, error: 379
#ERR  p: [722, 85], r: -516, e: -5988, error: 380
#ERR  p: [722, 86], r: -526, e: -5969, error: 381
#ERR  p: [722, 87], r: -536, e: -5954, error: 382
#ERR  p: [722, 88], r: -546, e: -5944, error: 383
#ERR  p: [722, 89], r: -556, e: -5932, error: 384
#ERR  p: [722, 90], r: -566, e: -5917, error: 385
#ERR  p: [722, 91], r: -576, e: -5907, error: 386
#ERR  p: [722, 92], r: -586, e: -5899, error: 387
#ERR  p: [722, 93], r: -596, e: -5889, error: 388
#ERR  p: [722, 94], r: -606, e: -5880, error: 389
#ERR  p: [722, 95], r: -616, e: -5870, error: 390
#ERR  p: [722, 96], r: -626, e: -5861, error: 391
#ERR  p: [722, 97], r: -636, e: -5847, error: 392
#ERR  p: [722, 98], r: -646, e: -5838, error: 393
#ERR  p: [722, 99], r: -656, e: -5823, error: 394
#ERR  p: [722, 100], r: -666, e: -5811, error: 395
#ERR  p: [722, 101], r: -676, e: -5799, error: 396
#ERR  p: [722, 102], r: -686, e: -5781, error: 397
#ERR  p: [722, 103], r: -696, e: -5766, error: 398
#ERR  p: [722, 104], r: -706, e: -5757, error: 399
#ERR  p: [722, 105], r: -716, e: -5744, error: 400
#ERR  p: [722, 106], r: -726, e: -5735, error: 401
#ERR  p: [722, 107], r: -736, e: -5723, error: 402
#ERR  p: [722, 108], r: -746, e: -5713, error: 403
#ERR  p: [722, 109], r: -756, e: -5701, error: 404
#ERR  p: [722, 110], r: -766, e: -5701, error: 405
#ERR  p: [722, 111], r: -776, e: -5687, error: 406
#ERR  p: [722, 112], r: -786, e: -5672, error: 407
#ERR  p: [722, 113], r: -796, e: -5659, error: 408
#ERR  p: [722, 114], r: -806, e: -5648, error: 409
#ERR  p: [722, 115], r: -816, e: -5634, error: 410
#ERR  p: [722, 116], r: -826, e: -5622, error: 411
#ERR  p: [722, 117], r: -836, e: -5601, error: 412
#ERR  p: [722, 118], r: -846, e: -5585, error: 413
#ERR  p: [722, 119], r: -856, e: -5577, error: 414
#ERR  p: [722, 120], r: -866, e: -5564, error: 415
#ERR  p: [722, 121], r: -876, e: -5549, error: 416
#ERR  p: [722, 122], r: -886, e: -5538, error: 417
#ERR  p: [722, 123], r: -896, e: -5524, error: 418
#ERR  p: [722, 124], r: -906, e: -5509, error: 419
#ERR  p: [722, 125], r: -916, e: -5493, error: 420
#ERR  p: [722, 126], r: -926, e: -5476, error: 421
#ERR  p: [722, 127], r: -936, e: -5463, error: 422
#ERR  p: [722, 128], r: -946, e: -5448, error: 423
#ERR  p: [722, 129], r: -956, e: -5433, error: 424
#ERR  p: [722, 130], r: -966, e: -5420, error: 425
#ERR  p: [722, 131], r: -976, e: -5403, error: 426
#ERR  p: [722, 132], r: -986, e: -5395, error: 427
#ERR  p: [722, 133], r: -996, e: -5381, error: 428
#ERR  p: [722, 134], r: -1006, e: -5373, error: 429
#ERR  p: [722, 135], r: -1016, e: -5364, error: 430
#ERR  p: [722, 136], r: -1026, e: -5355, error: 431
#ERR  p: [722, 137], r: -1036, e: -5342, error: 432
#ERR  p: [722, 138], r: -1046, e: -5328, error: 433
#ERR  p: [722, 139], r: -1056, e: -5317, error: 434
#ERR  p: [722, 140], r: -1066, e: -5303, error: 435
#ERR  p: [722, 141], r: -1076, e: -5290, error: 436
#ERR  p: [722, 142], r: -1086, e: -5272, error: 437
#ERR  p: [722, 143], r: -1096, e: -5257, error: 438
#ERR  p: [722, 144], r: -1106, e: -5241, error: 439
#ERR  p: [722, 145], r: -1116, e: -5230, error: 440
#ERR  p: [722, 146], r: -1126, e: -5223, error: 441
#ERR  p: [722, 147], r: -1136, e: -5212, error: 442
#ERR  p: [722, 148], r: -1146, e: -5198, error: 443
#ERR  p: [722, 149], r: -1156, e: -5188, error: 444
#ERR  p: [722, 150], r: -1166, e: -5181, error: 445
#ERR  p: [722, 151], r: -1176, e: -5172, error: 446
#ERR  p: [722, 152], r: -1186, e: -5163, error: 447
#ERR  p: [722, 153], r: -1196, e: -5154, error: 448
#ERR  p: [722, 154], r: -1206, e: -5142, error: 449
#ERR  p: [722, 155], r: -1216, e: -5134, error: 450
#ERR  p: [722, 156], r: -1226, e: -5124, error: 451
#ERR  p: [722, 157], r: -1236, e: -5107, error: 452
#ERR  p: [722, 158], r: -1246, e: -5096, error: 453
#ERR  p: [722, 159], r: -1256, e: -5084, error: 454
#ERR  p: [722, 160], r: -1266, e: -5074, error: 455
#ERR  p: [722, 161], r: -1276, e: -5063, error: 456
#ERR  p: [722, 162], r: -1286, e: -5049, error: 457
#ERR  p: [722, 163], r: -1296, e: -5032, error: 458
#ERR  p: [722, 164], r: -1306, e: -5021, error: 459
#ERR  p: [722, 165], r: -1316, e: -5011, error: 460
#ERR  p: [722, 166], r: -1326, e: -5001, error: 461
#ERR  p: [722, 167], r: -1336, e: -4991, error: 462
#ERR  p: [722, 168], r: -1346, e: -4978, error: 463
#ERR  p: [722, 169], r: -1356, e: -4964, error: 464
#ERR  p: [722, 170], r: -1366, e: -4955, error: 465
#ERR  p: [722, 171], r: -1376, e: -4946, error: 466
#ERR  p: [722, 172], r: -1386, e: -4937, error: 467
#ERR  p: [722, 173], r: -1396, e: -4917, error: 468
#ERR  p: [722, 174], r: -1406, e: -4904, error: 469
#ERR  p: [722, 175], r: -1416, e: -4890, error: 470
#ERR  p: [722, 176], r: -1426, e: -4875, error: 471
#ERR  p: [722, 177], r: -1436, e: -4858, error: 472
#ERR  p: [722, 178], r: -1446, e: -4844, error: 473
#ERR  p: [722, 179], r: -1456, e: -4828, error: 474
#ERR  p: [722, 180], r: -1466, e: -4819, error: 475
#ERR  p: [722, 181], r: -1476, e: -4809, error: 476
#ERR  p: [722, 182], r: -1486, e: -4796, error: 477
#ERR  p: [722, 183], r: -1496, e: -4782, error: 478
#ERR  p: [722, 184], r: -1506, e: -4773, error: 479
#ERR  p: [722, 185], r: -1516, e: -4760, error: 480
#ERR  p: [722, 186], r: -1526, e: -4747, error: 481
#ERR  p: [722, 187], r: -1536, e: -4733, error: 482
#ERR  p: [722, 188], r: -1546, e: -4722, error: 483
#ERR  p: [722, 189], r: -1556, e: -4714, error: 484
#ERR  p: [722, 190], r: -1566, e: -4702, error: 485
#ERR  p: [722, 191], r: -1576, e: -4687, error: 486
#ERR  p: [722, 192], r: -1586, e: -4678, error: 487
#ERR  p: [722, 193], r: -1596, e: -4667, error: 488
#ERR  p: [722, 194], r: -1606, e: -4660, error: 489
#ERR  p: [722, 195], r: -1616, e: -4650, error: 490
#ERR  p: [722, 196], r: -1626, e: -4635, error: 491
#ERR  p: [722, 197], r: -1636, e: -4622, error: 492
#ERR  p: [722, 198], r: -1646, e: -4610, error: 493
#ERR  p: [722, 199], r: -1656, e: -4600, error: 494
#ERR  p: [722, 200], r: -1666, e: -4590, error: 495
#ERR  p: [722, 201], r: -1676, e: -4577, error: 496
#ERR  p: [722, 202], r: -1686, e: -4563, error: 497
#ERR  p: [722, 203], r: -1696, e: -4549, error: 498
#ERR  p: [722, 204], r: -1706, e: -4534, error: 499
#SDC Ite:0 KerTime:0.293234 AccTime:0.293234 KerErr:500 AccErr:500
#END