#HEADER structured:YES size:50 iterations:50
#BEGIN Y:2016 M:09 D:06 Time:05:44:09
#IT Ite:0 KerTime:16.679541 AccTime:16.679541
#IT Ite:1 KerTime:16.801642 AccTime:33.481183
#ERR p: [1] x_gold:6.622697457589515e-02 x_output:6.622688953322506e-02 y_gold:0.000000000000000e+00 y_output:0.000000000000000e+00 z_gold:0.000000000000000e+00 z_output:0.000000000000000e+00
#ERR p: [2] x_gold:6.921464208186491e-02 x_output:6.921455633774075e-02 y_gold:0.000000000000000e+00 y_output:0.000000000000000e+00 z_gold:0.000000000000000e+00 z_output:0.000000000000000e+00
#ERR p: [3] x_gold:7.645096326916508e-02 x_output:7.645085918299248e-02 y_gold:0.000000000000000e+00 y_output:0.000000000000000e+00 z_gold:0.000000000000000e+00 z_output:0.000000000000000e+00
#ERR p: [4] x_gold:9.054717429785029e-02 x_output:9.054715885028097e-02 y_gold:0.000000000000000e+00 y_output:0.000000000000000e+00 z_gold:0.000000000000000e+00 z_output:0.000000000000000e+00
#ERR p: [5] x_gold:1.125010532452283e-01 x_output:1.125010531761109e-01 y_gold:0.000000000000000e+00 y_output:0.000000000000000e+00 z_gold:0.000000000000000e+00 z_output:0.000000000000000e+00
#ERR p: [6] x_gold:1.350000000022282e-01 x_output:1.350000000022279e-01 y_gold:0.000000000000000e+00 y_output:0.000000000000000e+00 z_gold:0.000000000000000e+00 z_output:0.000000000000000e+00
#ERR p: [51] x_gold:0.000000000000000e+00 x_output:0.000000000000000e+00 y_gold:6.622697457589512e-02 y_output:6.622688936974558e-02 z_gold:0.000000000000000e+00 z_output:0.000000000000000e+00
#ERR p: [52] x_gold:5.025378867085888e-02 x_output:5.025375137554026e-02 y_gold:5.025378867085888e-02 y_output:5.025375424143760e-02 z_gold:0.000000000000000e+00 z_output:0.000000000000000e+00
#ERR p: [53] x_gold:6.641706622699628e-02 x_output:6.641697367584502e-02 y_gold:3.087028326693688e-02 y_output:3.087024006398458e-02 z_gold:0.000000000000000e+00 z_output:0.000000000000000e+00
#ERR p: [54] x_gold:7.434457333289608e-02 x_output:7.434449509155228e-02 y_gold:2.479346199689558e-02 y_output:2.479343599707434e-02 z_gold:0.000000000000000e+00 z_output:0.000000000000000e+00
#ERR p: [55] x_gold:9.036570459004944e-02 x_output:9.036569102091331e-02 y_gold:2.266564951672115e-02 y_output:2.266564820099470e-02 z_gold:0.000000000000000e+00 z_output:0.000000000000000e+00
#ERR p: [56] x_gold:1.125006617264054e-01 x_output:1.125006616793496e-01 y_gold:2.250038621612371e-02 y_output:2.250038619445159e-02 z_gold:0.000000000000000e+00 z_output:0.000000000000000e+00
#ERR p: [57] x_gold:1.350000000013857e-01 x_output:1.350000000013855e-01 y_gold:2.250000000071732e-02 y_output:2.250000000071723e-02 z_gold:0.000000000000000e+00 z_output:0.000000000000000e+00
#ERR p: [102] x_gold:0.000000000000000e+00 x_output:0.000000000000000e+00 y_gold:6.921464208186491e-02 y_output:6.921455540531588e-02 z_gold:0.000000000000000e+00 z_output:0.000000000000000e+00
#ERR p: [103] x_gold:3.087028326693688e-02 x_output:3.087024791736733e-02 y_gold:6.641706622699629e-02 y_output:6.641696886934016e-02 z_gold:0.000000000000000e+00 z_output:0.000000000000000e+00
#ERR p: [104] x_gold:5.697958352417006e-02 x_output:5.697948043390738e-02 y_gold:5.697958352417006e-02 y_output:5.697949737991410e-02 z_gold:0.000000000000000e+00 z_output:0.000000000000000e+00
#ERR p: [105] x_gold:7.020323453157649e-02 x_output:7.020320226759266e-02 y_gold:4.667491638662815e-02 y_output:4.667489387721662e-02 z_gold:0.000000000000000e+00 z_output:0.000000000000000e+00
#ERR p: [106] x_gold:9.009761953281765e-02 x_output:9.009761121607582e-02 y_gold:4.507805793513904e-02 y_output:4.507805461676803e-02 z_gold:0.000000000000000e+00 z_output:0.000000000000000e+00
#ERR p: [107] x_gold:1.125001453967083e-01 x_output:1.125001453827940e-01 y_gold:4.500012737360983e-02 y_output:4.500012736248406e-02 z_gold:0.000000000000000e+00 z_output:0.000000000000000e+00
#ERR p: [108] x_gold:1.350000000001769e-01 x_output:1.350000000001769e-01 y_gold:4.500000000007832e-02 y_output:4.500000000007830e-02 z_gold:0.000000000000000e+00 z_output:0.000000000000000e+00
#ERR p: [153] x_gold:0.000000000000000e+00 x_output:0.000000000000000e+00 y_gold:7.645096326916508e-02 y_output:7.645085977888968e-02 z_gold:0.000000000000000e+00 z_output:0.000000000000000e+00
#ERR p: [154] x_gold:2.479346199689558e-02 x_output:2.479343414297430e-02 y_gold:7.434457333289608e-02 y_output:7.434448552290179e-02 z_gold:0.000000000000000e+00 z_output:0.000000000000000e+00
#ERR p: [155] x_gold:4.667491638662815e-02 x_output:4.667489038129941e-02 y_gold:7.020323453157649e-02 y_output:7.020319840443769e-02 z_gold:0.000000000000000e+00 z_output:0.000000000000000e+00
#ERR p: [156] x_gold:6.796502477982039e-02 x_output:6.796502068860837e-02 y_gold:6.796502477982039e-02 y_output:6.796501671118323e-02 z_gold:0.000000000000000e+00 z_output:0.000000000000000e+00
#ERR p: [157] x_gold:9.000887201433884e-02 x_output:9.000886977624653e-02 y_gold:6.750840233796195e-02 y_output:6.750840031545809e-02 z_gold:0.000000000000000e+00 z_output:0.000000000000000e+00
#ERR p: [158] x_gold:1.125000093127651e-01 x_output:1.125000093113248e-01 y_gold:6.750000916686076e-02 y_output:6.750000916550079e-02 z_gold:0.000000000000000e+00 z_output:0.000000000000000e+00
#ERR p: [204] x_gold:0.000000000000000e+00 x_output:0.000000000000000e+00 y_gold:9.054717429785029e-02 y_output:9.054715836642992e-02 z_gold:0.000000000000000e+00 z_output:0.000000000000000e+00
#ERR p: [205] x_gold:2.266564951672115e-02 x_output:2.266564474225439e-02 y_gold:9.036570459004944e-02 y_output:9.036569424027710e-02 z_gold:0.000000000000000e+00 z_output:0.000000000000000e+00
#ERR p: [206] x_gold:4.507805793513904e-02 x_output:4.507805633034959e-02 y_gold:9.009761953281765e-02 y_output:9.009761714803201e-02 z_gold:0.000000000000000e+00 z_output:0.000000000000000e+00
#ERR p: [207] x_gold:6.750840233796195e-02 x_output:6.750840243150787e-02 y_gold:9.000887201433884e-02 y_output:9.000887176281190e-02 z_gold:0.000000000000000e+00 z_output:0.000000000000000e+00
#ERR p: [208] x_gold:9.000026513316059e-02 x_output:9.000026502100698e-02 y_gold:9.000026513316059e-02 y_output:9.000026501652171e-02 z_gold:0.000000000000000e+00 z_output:0.000000000000000e+00
#ERR p: [209] x_gold:1.125000000775346e-01 x_output:1.125000000774926e-01 y_gold:9.000000007741063e-02 y_output:9.000000007736868e-02 z_gold:0.000000000000000e+00 z_output:0.000000000000000e+00
#ERR p: [255] x_gold:0.000000000000000e+00 x_output:0.000000000000000e+00 y_gold:1.125010532452283e-01 y_output:1.125010531842609e-01 z_gold:0.000000000000000e+00 z_output:0.000000000000000e+00
#ERR p: [256] x_gold:2.250038621612371e-02 x_output:2.250038619306649e-02 y_gold:1.125006617264054e-01 y_output:1.125006616889254e-01 z_gold:0.000000000000000e+00 z_output:0.000000000000000e+00
#ERR p: [257] x_gold:4.500012737360983e-02 x_output:4.500012736689172e-02 y_gold:1.125001453967083e-01 y_output:1.125001453892423e-01 z_gold:0.000000000000000e+00 z_output:0.000000000000000e+00
#ERR p: [258] x_gold:6.750000916686076e-02 x_output:6.750000916647579e-02 y_gold:1.125000093127651e-01 y_output:1.125000093123841e-01 z_gold:0.000000000000000e+00 z_output:0.000000000000000e+00
#ERR p: [259] x_gold:9.000000007741063e-02 x_output:9.000000007741320e-02 y_gold:1.125000000775346e-01 y_output:1.125000000775371e-01 z_gold:0.000000000000000e+00 z_output:0.000000000000000e+00
#ERR p: [306] x_gold:0.000000000000000e+00 x_output:0.000000000000000e+00 y_gold:1.350000000022282e-01 y_output:1.350000000022279e-01 z_gold:0.000000000000000e+00 z_output:0.000000000000000e+00
#ERR p: [307] x_gold:2.250000000071732e-02 x_output:2.250000000071724e-02 y_gold:1.350000000013857e-01 y_output:1.350000000013855e-01 z_gold:0.000000000000000e+00 z_output:0.000000000000000e+00
#ERR p: [308] x_gold:4.500000000007832e-02 x_output:4.500000000007831e-02 y_gold:1.350000000001769e-01 y_output:1.350000000001769e-01 z_gold:0.000000000000000e+00 z_output:0.000000000000000e+00
#ERR p: [2601] x_gold:0.000000000000000e+00 x_output:0.000000000000000e+00 y_gold:0.000000000000000e+00 y_output:0.000000000000000e+00 z_gold:6.622697457589510e-02 z_output:6.622688944775044e-02
#ERR p: [2602] x_gold:5.025378867085888e-02 x_output:5.025374282521602e-02 y_gold:0.000000000000000e+00 y_output:0.000000000000000e+00 z_gold:5.025378867085887e-02 z_output:5.025374328252716e-02
#ERR p: [2603] x_gold:6.641706622699628e-02 x_output:6.641697649369920e-02 y_gold:0.000000000000000e+00 y_output:0.000000000000000e+00 z_gold:3.087028326693688e-02 z_output:3.087024441148618e-02
#ERR p: [2604] x_gold:7.434457333289608e-02 x_output:7.434448357400476e-02 y_gold:0.000000000000000e+00 y_output:0.000000000000000e+00 z_gold:2.479346199689558e-02 z_output:2.479343605337677e-02
#ERR p: [2605] x_gold:9.036570459004944e-02 x_output:9.036569396530442e-02 y_gold:0.000000000000000e+00 y_output:0.000000000000000e+00 z_gold:2.266564951672115e-02 z_output:2.266564521440655e-02
#ERR p: [2606] x_gold:1.125006617264054e-01 x_output:1.125006616829004e-01 y_gold:0.000000000000000e+00 y_output:0.000000000000000e+00 z_gold:2.250038621612371e-02 z_output:2.250038619095537e-02
#ERR p: [2607] x_gold:1.350000000013857e-01 x_output:1.350000000013855e-01 y_gold:0.000000000000000e+00 y_output:0.000000000000000e+00 z_gold:2.250000000071732e-02 z_output:2.250000000071722e-02
#ERR p: [2652] x_gold:0.000000000000000e+00 x_output:0.000000000000000e+00 y_gold:5.025378867085887e-02 y_output:5.025374287852578e-02 z_gold:5.025378867085887e-02 z_output:5.025374322602674e-02
#ERR p: [2653] x_gold:4.313436249543116e-02 x_output:4.313431771853815e-02 y_gold:4.313436249543116e-02 y_output:4.313432139879845e-02 z_gold:4.313436249543116e-02 z_output:4.313432415053137e-02
#ERR p: [2654] x_gold:6.328062943032357e-02 x_output:6.328051587317692e-02 y_gold:3.086173441337455e-02 y_output:3.086167335739496e-02 z_gold:3.086173441337455e-02 z_output:3.086168455924228e-02
#ERR p: [2655] x_gold:7.259643546794599e-02 x_output:7.259637106051586e-02 y_gold:2.428940844284733e-02 y_output:2.428937960055310e-02 z_gold:2.428940844284733e-02 z_output:2.428938435864010e-02
#ERR p: [2656] x_gold:9.024204411744691e-02 x_output:9.024203486064468e-02 y_gold:2.261278997564128e-02 y_output:2.261278877934952e-02 z_gold:2.261278997564128e-02 z_output:2.261278591649452e-02
#ERR p: [2657] x_gold:1.125004153494502e-01 x_output:1.125004153198880e-01 y_gold:2.250024372420234e-02 y_output:2.250024371044585e-02 z_gold:2.250024372420234e-02 z_output:2.250024370696001e-02
#ERR p: [2658] x_gold:1.350000000007341e-01 x_output:1.350000000007339e-01 y_gold:2.250000000032364e-02 y_output:2.250000000032360e-02 z_gold:2.250000000032364e-02 z_output:2.250000000032360e-02
#ERR p: [2703] x_gold:0.000000000000000e+00 x_output:0.000000000000000e+00 y_gold:6.641706622699629e-02 y_output:6.641697634766151e-02 z_gold:3.087028326693689e-02 z_output:3.087024431124661e-02
#ERR p: [2704] x_gold:3.086173441337455e-02 x_output:3.086166908671502e-02 y_gold:6.328062943032357e-02 y_output:6.328052121771802e-02 z_gold:3.086173441337455e-02 z_output:3.086168346776924e-02
#ERR p: [2705] x_gold:5.360572406261237e-02 x_output:5.360554450052636e-02 y_gold:5.360572406261237e-02 y_output:5.360578605446601e-02 z_gold:2.720890394813226e-02 z_output:2.720936741807675e-02
#ERR p: [2706] x_gold:6.934094845029903e-02 x_output:6.934064858369024e-02 y_gold:4.620300589252390e-02 y_output:4.620294429816087e-02 z_gold:2.328361249070751e-02 z_output:2.328403832675715e-02
#ERR p: [2707] x_gold:9.006289218645054e-02 x_output:9.006288657373682e-02 y_gold:4.505109354795333e-02 y_output:4.505109109447918e-02 z_gold:2.253267605924575e-02 z_output:2.253267384462806e-02
#ERR p: [2708] x_gold:1.125000909743474e-01 x_output:1.125000909656490e-01 y_gold:4.500007995658545e-02 y_output:4.500007994959880e-02 z_gold:2.250005427205795e-02 z_output:2.250005426687773e-02
#ERR p: [2709] x_gold:1.350000000000541e-01 x_output:1.350000000000541e-01 y_gold:4.500000000004868e-02 y_output:4.500000000004867e-02 z_gold:2.250000000000000e-02 z_output:2.250000000000000e-02
#ERR p: [2754] x_gold:0.000000000000000e+00 x_output:0.000000000000000e+00 y_gold:7.434457333289608e-02 y_output:7.434448433119835e-02 z_gold:2.479346199689558e-02 z_output:2.479343595723409e-02
#ERR p: [2755] x_gold:2.428940844284733e-02 x_output:2.428937378774868e-02 y_gold:7.259643546794599e-02 y_output:7.259636985886614e-02 z_gold:2.428940844284733e-02 z_output:2.428938352770522e-02
#ERR p: [2756] x_gold:4.620300589252390e-02 x_output:4.620277369531142e-02 y_gold:6.934094845029903e-02 y_output:6.934096158353678e-02 z_gold:2.328361249070751e-02 z_output:2.328407416620264e-02
#ERR p: [2757] x_gold:6.777817989080658e-02 x_output:6.777793081391367e-02 y_gold:6.777817989080658e-02 y_output:6.777817866428104e-02 z_gold:2.267213011795450e-02 z_output:2.267259853350748e-02
#ERR p: [2758] x_gold:9.000552985524932e-02 x_output:9.000552840667787e-02 y_gold:6.750527558993313e-02 y_output:6.750527427744146e-02 z_gold:2.250329378946606e-02 z_output:2.250329302551794e-02
#ERR p: [2759] x_gold:1.125000057943903e-01 x_output:1.125000057934923e-01 y_gold:6.750000570806117e-02 y_output:6.750000570721142e-02 z_gold:2.250000352096973e-02 z_output:2.250000352042732e-02
#ERR p: [2805] x_gold:0.000000000000000e+00 x_output:0.000000000000000e+00 y_gold:9.036570459004944e-02 y_output:9.036569367865559e-02 z_gold:2.266564951672115e-02 z_output:2.266564505741938e-02
#ERR p: [2806] x_gold:2.261278997564128e-02 x_output:2.261278585509361e-02 y_gold:9.024204411744691e-02 y_output:9.024203783703356e-02 z_gold:2.261278997564128e-02 z_output:2.261278650596790e-02
#ERR p: [2807] x_gold:4.505109354795333e-02 x_output:4.505109224680777e-02 y_gold:9.006289218645054e-02 y_output:9.006289167562072e-02 z_gold:2.253267605924575e-02 z_output:2.253267503986559e-02
#ERR p: [2808] x_gold:6.750527558993313e-02 x_output:6.750527585614852e-02 y_gold:9.000552985524932e-02 y_output:9.000553006848429e-02 z_gold:2.250329378946606e-02 z_output:2.250329346583817e-02
#ERR p: [2809] x_gold:9.000015842005191e-02 x_output:9.000015836713735e-02 y_gold:9.000015842005191e-02 y_output:9.000015836709897e-02 z_gold:2.250010674808057e-02 z_output:2.250010668486699e-02
#ERR p: [2810] x_gold:1.125000000477203e-01 x_output:1.125000000476945e-01 y_gold:9.000000004764809e-02 y_output:9.000000004762231e-02 z_gold:2.250000002949949e-02 z_output:2.250000002948326e-02
#ERR p: [2856] x_gold:0.000000000000000e+00 x_output:0.000000000000000e+00 y_gold:1.125006617264054e-01 y_output:1.125006616882373e-01 z_gold:2.250038621612371e-02 z_output:2.250038619373695e-02
#ERR p: [2857] x_gold:2.250024372420234e-02 x_output:2.250024370957665e-02 y_gold:1.125004153494502e-01 y_output:1.125004153261219e-01 z_gold:2.250024372420234e-02 z_output:2.250024371025794e-02
#ERR p: [2858] x_gold:4.500007995658545e-02 x_output:4.500007995245906e-02 y_gold:1.125000909743474e-01 y_output:1.125000909698204e-01 z_gold:2.250005427205795e-02 z_output:2.250005426913855e-02
#ERR p: [2859] x_gold:6.750000570806117e-02 x_output:6.750000570783844e-02 y_gold:1.125000057943903e-01 y_output:1.125000057941731e-01 z_gold:2.250000352096973e-02 z_output:2.250000352080668e-02
#ERR p: [2860] x_gold:9.000000004764809e-02 x_output:9.000000004765060e-02 y_gold:1.125000000477203e-01 y_output:1.125000000477228e-01 z_gold:2.250000002949949e-02 z_output:2.250000002949949e-02
#ERR p: [2907] x_gold:0.000000000000000e+00 x_output:0.000000000000000e+00 y_gold:1.350000000013857e-01 y_output:1.350000000013855e-01 z_gold:2.250000000071732e-02 z_output:2.250000000071724e-02
#ERR p: [2908] x_gold:2.250000000032364e-02 x_output:2.250000000032360e-02 y_gold:1.350000000007341e-01 y_output:1.350000000007340e-01 z_gold:2.250000000032364e-02 z_output:2.250000000032360e-02
#ERR p: [5202] x_gold:0.000000000000000e+00 x_output:0.000000000000000e+00 y_gold:0.000000000000000e+00 y_output:0.000000000000000e+00 z_gold:6.921464208186491e-02 z_output:6.921455327207847e-02
#ERR p: [5203] x_gold:3.087028326693688e-02 x_output:3.087024358717606e-02 y_gold:0.000000000000000e+00 y_output:0.000000000000000e+00 z_gold:6.641706622699628e-02 z_output:6.641697372300186e-02
#ERR p: [5204] x_gold:5.697958352417006e-02 x_output:5.697949613103736e-02 y_gold:0.000000000000000e+00 y_output:0.000000000000000e+00 z_gold:5.697958352417006e-02 z_output:5.697949490070900e-02
#ERR p: [5205] x_gold:7.020323453157649e-02 x_output:7.020318669158200e-02 y_gold:0.000000000000000e+00 y_output:0.000000000000000e+00 z_gold:4.667491638662815e-02 z_output:4.667488960109679e-02
#ERR p: [5206] x_gold:9.009761953281765e-02 x_output:9.009761647394447e-02 y_gold:0.000000000000000e+00 y_output:0.000000000000000e+00 z_gold:4.507805793513904e-02 z_output:4.507805559183660e-02
#ERR p: [5207] x_gold:1.125001453967083e-01 x_output:1.125001453870441e-01 y_gold:0.000000000000000e+00 y_output:0.000000000000000e+00 z_gold:4.500012737360983e-02 z_output:4.500012736518545e-02
#ERR p: [5208] x_gold:1.350000000001769e-01 x_output:1.350000000001769e-01 y_gold:0.000000000000000e+00 y_output:0.000000000000000e+00 z_gold:4.500000000007832e-02 z_output:4.500000000007830e-02
#ERR p: [5253] x_gold:0.000000000000000e+00 x_output:0.000000000000000e+00 y_gold:3.087028326693688e-02 y_output:3.087024348499981e-02 z_gold:6.641706622699628e-02 z_output:6.641697375367844e-02
#ERR p: [5254] x_gold:3.086173441337455e-02 x_output:3.086168611776433e-02 y_gold:3.086173441337454e-02 y_output:3.086168429275576e-02 z_gold:6.328062943032357e-02 z_output:6.328053235121896e-02
#ERR p: [5255] x_gold:5.360572406261237e-02 x_output:5.360564224328635e-02 y_gold:2.720890394813226e-02 y_output:2.720885521656790e-02 z_gold:5.360572406261237e-02 z_output:5.360565608259864e-02
#ERR p: [5256] x_gold:6.934094845029903e-02 x_output:6.934092364275703e-02 y_gold:2.328361249070751e-02 y_output:2.328359514170367e-02 z_gold:4.620300589252390e-02 z_output:4.620299178257475e-02
#ERR p: [5257] x_gold:9.006289218645054e-02 x_output:9.006288977390650e-02 y_gold:2.253267605924575e-02 y_output:2.253267557196782e-02 z_gold:4.505109354795333e-02 z_output:4.505109136023236e-02
#ERR p: [5258] x_gold:1.125000909743474e-01 x_output:1.125000909678266e-01 y_gold:2.250005427205795e-02 y_output:2.250005426892103e-02 z_gold:4.500007995658545e-02 z_output:4.500007995087949e-02
#ERR p: [5259] x_gold:1.350000000000541e-01 x_output:1.350000000000541e-01 y_gold:2.250000000000000e-02 y_output:2.250000000000000e-02 z_gold:4.500000000004868e-02 z_output:4.500000000004867e-02
#ERR p: [5304] x_gold:0.000000000000000e+00 x_output:0.000000000000000e+00 y_gold:5.697958352417006e-02 y_output:5.697949588550088e-02 z_gold:5.697958352417006e-02 z_output:5.697949499141121e-02
#ERR p: [5305] x_gold:2.720890394813226e-02 x_output:2.720885514452951e-02 y_gold:5.360572406261237e-02 y_output:5.360564037427396e-02 z_gold:5.360572406261237e-02 z_output:5.360565637899247e-02
#ERR p: [5306] x_gold:4.715164141609585e-02 x_output:4.715157749653895e-02 y_gold:4.715164141609585e-02 y_output:4.715157874785352e-02 z_gold:4.715164141609585e-02 z_output:4.715162698840987e-02
#ERR p: [5307] x_gold:6.798417169619254e-02 x_output:6.798416475731940e-02 y_gold:4.538567903035289e-02 y_output:4.538566218445224e-02 z_gold:4.538567903035289e-02 z_output:4.538568217656258e-02
#ERR p: [5308] x_gold:9.001512789265814e-02 x_output:9.001512662225777e-02 y_gold:4.501298117036653e-02 y_output:4.501298047972471e-02 z_gold:4.501298117036653e-02 z_output:4.501297995138656e-02
#ERR p: [5309] x_gold:1.125000196994872e-01 x_output:1.125000196976052e-01 y_gold:4.500001745469762e-02 y_output:4.500001745317004e-02 z_gold:4.500001745469762e-02 z_output:4.500001745303870e-02
#ERR p: [5355] x_gold:0.000000000000000e+00 x_output:0.000000000000000e+00 y_gold:7.020323453157649e-02 y_output:7.020318688809878e-02 z_gold:4.667491638662815e-02 z_output:4.667488971217591e-02
#ERR p: [5356] x_gold:2.328361249070751e-02 x_output:2.328359414897393e-02 y_gold:6.934094845029903e-02 y_output:6.934092221180309e-02 z_gold:4.620300589252390e-02 z_output:4.620299398026618e-02
#ERR p: [5357] x_gold:4.538567903035289e-02 x_output:4.538566561057234e-02 y_gold:6.798417169619254e-02 y_output:6.798416637283280e-02 z_gold:4.538567903035289e-02 z_output:4.538568475321253e-02
#ERR p: [5358] x_gold:6.754462721142442e-02 x_output:6.754467889597471e-02 y_gold:6.754462721142442e-02 y_output:6.754468019320814e-02 z_gold:4.504394987141520e-02 z_output:4.504397863637808e-02
#ERR p: [5359] x_gold:9.000119003034732e-02 x_output:9.000118975613507e-02 y_gold:6.750115739280013e-02 y_output:6.750115708906740e-02 z_gold:4.500107303891163e-02 z_output:4.500107272135240e-02
#ERR p: [5360] x_gold:1.125000012122844e-01 x_output:1.125000012120935e-01 y_gold:6.750000119584791e-02 y_output:6.750000119566626e-02 z_gold:4.500000108868923e-02 z_output:4.500000108851924e-02
#ERR p: [5406] x_gold:0.000000000000000e+00 x_output:0.000000000000000e+00 y_gold:9.009761953281765e-02 y_output:9.009761641476309e-02 z_gold:4.507805793513904e-02 z_output:4.507805554326447e-02
#ERR p: [5407] x_gold:2.253267605924575e-02 x_output:2.253267453878871e-02 y_gold:9.006289218645054e-02 y_output:9.006289078625274e-02 z_gold:4.505109354795333e-02 z_output:4.505109244516554e-02
#ERR p: [5408] x_gold:4.501298117036653e-02 x_output:4.501298099433140e-02 y_gold:9.001512789265814e-02 y_output:9.001512830214614e-02 z_gold:4.501298117036653e-02 z_output:4.501298164684442e-02
#ERR p: [5409] x_gold:6.750115739280013e-02 x_output:6.750115767993753e-02 y_gold:9.000119003034732e-02 y_output:9.000119031510208e-02 z_gold:4.500107303891163e-02 z_output:4.500107330217270e-02
#ERR p: [5410] x_gold:9.000002725807983e-02 x_output:9.000002726451760e-02 y_gold:9.000002725807983e-02 y_output:9.000002726374534e-02 z_gold:4.500002605569799e-02 z_output:4.500002605655904e-02
#ERR p: [5411] x_gold:1.125000000088314e-01 x_output:1.125000000088266e-01 y_gold:9.000000000881907e-02 y_output:9.000000000881420e-02 z_gold:4.500000000808787e-02 z_output:4.500000000808341e-02
#ERR p: [5457] x_gold:0.000000000000000e+00 x_output:0.000000000000000e+00 y_gold:1.125001453967083e-01 y_output:1.125001453884385e-01 z_gold:4.500012737360983e-02 z_output:4.500012736634044e-02
#ERR p: [5458] x_gold:2.250005427205795e-02 x_output:2.250005426873887e-02 y_gold:1.125000909743474e-01 y_output:1.125000909694160e-01 z_gold:4.500007995658545e-02 z_output:4.500007995219132e-02
#ERR p: [5459] x_gold:4.500001745469762e-02 x_output:4.500001745389555e-02 y_gold:1.125000196994872e-01 y_output:1.125000196986432e-01 z_gold:4.500001745469762e-02 z_output:4.500001745389929e-02
#ERR p: [5460] x_gold:6.750000119584791e-02 x_output:6.750000119582041e-02 y_gold:1.125000012122844e-01 y_output:1.125000012122596e-01 z_gold:4.500000108868923e-02 z_output:4.500000108865764e-02
#ERR p: [5461] x_gold:9.000000000881907e-02 x_output:9.000000000882040e-02 y_gold:1.125000000088314e-01 y_output:1.125000000088328e-01 z_gold:4.500000000808787e-02 z_output:4.500000000808880e-02
#ERR p: [5508] x_gold:0.000000000000000e+00 x_output:0.000000000000000e+00 y_gold:1.350000000001769e-01 y_output:1.350000000001769e-01 z_gold:4.500000000007832e-02 z_output:4.500000000007831e-02
#ERR p: [7803] x_gold:0.000000000000000e+00 x_output:0.000000000000000e+00 y_gold:0.000000000000000e+00 y_output:0.000000000000000e+00 z_gold:7.645096326916508e-02 z_output:7.645086112583455e-02
#ERR p: [7804] x_gold:2.479346199689558e-02 x_output:2.479343603782870e-02 y_gold:0.000000000000000e+00 y_output:0.000000000000000e+00 z_gold:7.434457333289608e-02 z_output:7.434448603448414e-02
#ERR p: [7805] x_gold:4.667491638662815e-02 x_output:4.667489066788559e-02 y_gold:0.000000000000000e+00 y_output:0.000000000000000e+00 z_gold:7.020323453157649e-02 z_output:7.020318853028922e-02
#ERR p: [7806] x_gold:6.796502477982039e-02 x_output:6.796501428986780e-02 y_gold:0.000000000000000e+00 y_output:0.000000000000000e+00 z_gold:6.796502477982039e-02 z_output:6.796501433274217e-02
#ERR p: [7807] x_gold:9.000887201433884e-02 x_output:9.000887170344422e-02 y_gold:0.000000000000000e+00 y_output:0.000000000000000e+00 z_gold:6.750840233796195e-02 z_output:6.750840205001092e-02
#ERR p: [7808] x_gold:1.125000093127651e-01 x_output:1.125000093121203e-01 y_gold:0.000000000000000e+00 y_output:0.000000000000000e+00 z_gold:6.750000916686076e-02 z_output:6.750000916622584e-02
#ERR p: [7854] x_gold:0.000000000000000e+00 x_output:0.000000000000000e+00 y_gold:2.479346199689558e-02 y_output:2.479343605417378e-02 z_gold:7.434457333289608e-02 z_output:7.434448602045775e-02
#ERR p: [7855] x_gold:2.428940844284733e-02 x_output:2.428938709779420e-02 y_gold:2.428940844284733e-02 y_output:2.428938707090044e-02 z_gold:7.259643546794599e-02 z_output:7.259636274399109e-02
#ERR p: [7856] x_gold:4.620300589252390e-02 x_output:4.620298488108004e-02 y_gold:2.328361249070751e-02 y_output:2.328360107017152e-02 z_gold:6.934094845029903e-02 z_output:6.934091314578610e-02
#ERR p: [7857] x_gold:6.777817989080658e-02 x_output:6.777817294332318e-02 y_gold:2.267213011795450e-02 y_output:2.267212693653070e-02 z_gold:6.777817989080658e-02 z_output:6.777817296122668e-02
#ERR p: [7858] x_gold:9.000552985524932e-02 x_output:9.000552966053180e-02 y_gold:2.250329378946606e-02 y_output:2.250329367806655e-02 z_gold:6.750527558993313e-02 z_output:6.750527540713977e-02
#ERR p: [7859] x_gold:1.125000057943903e-01 x_output:1.125000057939589e-01 y_gold:2.250000352096973e-02 y_output:2.250000352075580e-02 z_gold:6.750000570806117e-02 z_output:6.750000570763545e-02
#ERR p: [7905] x_gold:0.000000000000000e+00 x_output:0.000000000000000e+00 y_gold:4.667491638662815e-02 y_output:4.667489065939429e-02 z_gold:7.020323453157649e-02 z_output:7.020318850855786e-02
#ERR p: [7906] x_gold:2.328361249070751e-02 x_output:2.328360112195625e-02 y_gold:4.620300589252390e-02 y_output:4.620298490847833e-02 z_gold:6.934094845029903e-02 z_output:6.934091307945398e-02
#ERR p: [7907] x_gold:4.538567903035289e-02 x_output:4.538566944977741e-02 y_gold:4.538567903035289e-02 y_output:4.538566957288920e-02 z_gold:6.798417169619254e-02 z_output:6.798415797973194e-02
#ERR p: [7908] x_gold:6.754462721142442e-02 x_output:6.754462533613526e-02 y_gold:4.504394987141520e-02 y_output:4.504394840582181e-02 z_gold:6.754462721142442e-02 z_output:6.754462534521680e-02
#ERR p: [7909] x_gold:9.000119003034732e-02 x_output:9.000118998740081e-02 y_gold:4.500107303891163e-02 y_output:4.500107299760338e-02 z_gold:6.750115739280013e-02 z_output:6.750115735191298e-02
#ERR p: [7910] x_gold:1.125000012122844e-01 x_output:1.125000012121640e-01 y_gold:4.500000108868923e-02 y_output:4.500000108858997e-02 z_gold:6.750000119584791e-02 z_output:6.750000119572863e-02
#ERR p: [7956] x_gold:0.000000000000000e+00 x_output:0.000000000000000e+00 y_gold:6.796502477982039e-02 y_output:6.796501431105333e-02 z_gold:6.796502477982039e-02 z_output:6.796501434500135e-02
#ERR p: [7957] x_gold:2.267213011795450e-02 x_output:2.267212699344247e-02 y_gold:6.777817989080658e-02 y_output:6.777817288151265e-02 z_gold:6.777817989080658e-02 z_output:6.777817290333456e-02
#ERR p: [7958] x_gold:4.504394987141520e-02 x_output:4.504394833789038e-02 y_gold:6.754462721142442e-02 y_output:6.754462526731020e-02 z_gold:6.754462721142442e-02 z_output:6.754462527661290e-02
#ERR p: [7959] x_gold:6.750205633259466e-02 x_output:6.750205609928465e-02 y_gold:6.750205633259466e-02 y_output:6.750205609683212e-02 z_gold:6.750205633259466e-02 z_output:6.750205610386842e-02
#ERR p: [7960] x_gold:9.000007418402461e-02 x_output:9.000007418465236e-02 y_gold:6.750007335069019e-02 y_output:6.750007334783355e-02 z_gold:6.750007335069019e-02 z_output:6.750007335133440e-02
#ERR p: [7961] x_gold:1.125000000639745e-01 x_output:1.125000000639633e-01 y_gold:6.750000006322836e-02 y_output:6.750000006321769e-02 z_gold:6.750000006322836e-02 z_output:6.750000006321728e-02
#ERR p: [8007] x_gold:0.000000000000000e+00 x_output:0.000000000000000e+00 y_gold:9.000887201433884e-02 y_output:9.000887170207926e-02 z_gold:6.750840233796195e-02 z_output:6.750840204839452e-02
#ERR p: [8008] x_gold:2.250329378946606e-02 x_output:2.250329367800498e-02 y_gold:9.000552985524932e-02 y_output:9.000552965861963e-02 z_gold:6.750527558993313e-02 z_output:6.750527540564759e-02
#ERR p: [8009] x_gold:4.500107303891163e-02 x_output:4.500107299545676e-02 y_gold:9.000119003034732e-02 y_output:9.000118998768671e-02 z_gold:6.750115739280013e-02 z_output:6.750115735230570e-02
#ERR p: [8010] x_gold:6.750007335069019e-02 x_output:6.750007334904387e-02 y_gold:9.000007418402461e-02 y_output:9.000007418583807e-02 z_gold:6.750007335069019e-02 z_output:6.750007335255903e-02
#ERR p: [8011] x_gold:9.000000072498351e-02 x_output:9.000000072666826e-02 y_gold:9.000000072498351e-02 y_output:9.000000072666710e-02 z_gold:6.750000072301852e-02 z_output:6.750000072470855e-02
#ERR p: [8012] x_gold:1.125000000000502e-01 x_output:1.125000000000501e-01 y_gold:9.000000000005008e-02 y_output:9.000000000005007e-02 z_gold:6.750000000004973e-02 z_output:6.750000000004970e-02
#ERR p: [8058] x_gold:0.000000000000000e+00 x_output:0.000000000000000e+00 y_gold:1.125000093127651e-01 y_output:1.125000093122493e-01 z_gold:6.750000916686076e-02 z_output:6.750000916635505e-02
#ERR p: [8059] x_gold:2.250000352096973e-02 x_output:2.250000352074231e-02 y_gold:1.125000057943903e-01 y_output:1.125000057941021e-01 z_gold:6.750000570806117e-02 z_output:6.750000570777882e-02
#ERR p: [8060] x_gold:4.500000108868923e-02 x_output:4.500000108865453e-02 y_gold:1.125000012122844e-01 y_output:1.125000012122560e-01 z_gold:6.750000119584791e-02 z_output:6.750000119582079e-02
#ERR p: [8061] x_gold:6.750000006322836e-02 x_output:6.750000006323131e-02 y_gold:1.125000000639745e-01 y_output:1.125000000639778e-01 z_gold:6.750000006322836e-02 z_output:6.750000006323174e-02
#ERR p: [8062] x_gold:9.000000000005008e-02 x_output:9.000000000005011e-02 y_gold:1.125000000000502e-01 y_output:1.125000000000502e-01 z_gold:6.750000000004973e-02 z_output:6.750000000004974e-02
#ERR p: [10404] x_gold:0.000000000000000e+00 x_output:0.000000000000000e+00 y_gold:0.000000000000000e+00 y_output:0.000000000000000e+00 z_gold:9.054717429785029e-02 z_output:9.054715826047655e-02
#ERR p: [10405] x_gold:2.266564951672115e-02 x_output:2.266564509451871e-02 y_gold:0.000000000000000e+00 y_output:0.000000000000000e+00 z_gold:9.036570459004944e-02 z_output:9.036569352605611e-02
#ERR p: [10406] x_gold:4.507805793513904e-02 x_output:4.507805548304414e-02 y_gold:0.000000000000000e+00 y_output:0.000000000000000e+00 z_gold:9.009761953281765e-02 z_output:9.009761629199126e-02
#ERR p: [10407] x_gold:6.750840233796195e-02 x_output:6.750840201719480e-02 y_gold:0.000000000000000e+00 y_output:0.000000000000000e+00 z_gold:9.000887201433884e-02 z_output:9.000887167126177e-02
#ERR p: [10408] x_gold:9.000026513316059e-02 x_output:9.000026512069390e-02 y_gold:0.000000000000000e+00 y_output:0.000000000000000e+00 z_gold:9.000026513316059e-02 z_output:9.000026512069502e-02
#ERR p: [10409] x_gold:1.125000000775346e-01 x_output:1.125000000775293e-01 y_gold:0.000000000000000e+00 y_output:0.000000000000000e+00 z_gold:9.000000007741063e-02 z_output:9.000000007740534e-02
#ERR p: [10455] x_gold:0.000000000000000e+00 x_output:0.000000000000000e+00 y_gold:2.266564951672115e-02 y_output:2.266564509516709e-02 z_gold:9.036570459004944e-02 z_output:9.036569352532399e-02
#ERR p: [10456] x_gold:2.261278997564128e-02 x_output:2.261278685003111e-02 y_gold:2.261278997564128e-02 y_output:2.261278685059027e-02 z_gold:9.024204411744691e-02 z_output:9.024203658021800e-02
#ERR p: [10457] x_gold:4.505109354795333e-02 x_output:4.505109189976028e-02 y_gold:2.253267605924575e-02 y_output:2.253267504698463e-02 z_gold:9.006289218645054e-02 z_output:9.006289004905151e-02
#ERR p: [10458] x_gold:6.750527558993313e-02 x_output:6.750527538437355e-02 y_gold:2.250329378946606e-02 y_output:2.250329366709644e-02 z_gold:9.000552985524932e-02 z_output:9.000552963727225e-02
#ERR p: [10459] x_gold:9.000015842005191e-02 x_output:9.000015841248733e-02 y_gold:2.250010674808057e-02 y_output:2.250010674317589e-02 z_gold:9.000015842005191e-02 z_output:9.000015841248787e-02
#ERR p: [10460] x_gold:1.125000000477203e-01 x_output:1.125000000477170e-01 y_gold:2.250000002949949e-02 y_output:2.250000002949745e-02 z_gold:9.000000004764809e-02 z_output:9.000000004764483e-02
#ERR p: [10506] x_gold:0.000000000000000e+00 x_output:0.000000000000000e+00 y_gold:4.507805793513904e-02 y_output:4.507805548258060e-02 z_gold:9.009761953281765e-02 z_output:9.009761629102014e-02
#ERR p: [10507] x_gold:2.253267605924575e-02 x_output:2.253267504655248e-02 y_gold:4.505109354795333e-02 y_output:4.505109189948799e-02 z_gold:9.006289218645054e-02 z_output:9.006289004857236e-02
#ERR p: [10508] x_gold:4.501298117036653e-02 x_output:4.501298071200750e-02 y_gold:4.501298117036653e-02 y_output:4.501298071195300e-02 z_gold:9.001512789265814e-02 z_output:9.001512733673075e-02
#ERR p: [10509] x_gold:6.750115739280013e-02 x_output:6.750115734371080e-02 y_gold:4.500107303891163e-02 y_output:4.500107299434703e-02 z_gold:9.000119003034732e-02 z_output:9.000118997952461e-02
#ERR p: [10510] x_gold:9.000002725807983e-02 x_output:9.000002725666213e-02 y_gold:4.500002605569799e-02 y_output:4.500002605437012e-02 z_gold:9.000002725807983e-02 z_output:9.000002725666227e-02
#ERR p: [10511] x_gold:1.125000000088314e-01 x_output:1.125000000088308e-01 y_gold:4.500000000808787e-02 y_output:4.500000000808729e-02 z_gold:9.000000000881907e-02 z_output:9.000000000881844e-02
#ERR p: [10557] x_gold:0.000000000000000e+00 x_output:0.000000000000000e+00 y_gold:6.750840233796195e-02 y_output:6.750840201701991e-02 z_gold:9.000887201433884e-02 z_output:9.000887167104067e-02
#ERR p: [10558] x_gold:2.250329378946606e-02 x_output:2.250329366696073e-02 y_gold:6.750527558993313e-02 y_output:6.750527538433841e-02 z_gold:9.000552985524932e-02 z_output:9.000552963718572e-02
#ERR p: [10559] x_gold:4.500107303891163e-02 x_output:4.500107299437896e-02 y_gold:6.750115739280013e-02 y_output:6.750115734377052e-02 z_gold:9.000119003034732e-02 z_output:9.000118997955511e-02
#ERR p: [10560] x_gold:6.750007335069019e-02 x_output:6.750007334686896e-02 y_gold:6.750007335069019e-02 y_output:6.750007334687221e-02 z_gold:9.000007418402461e-02 z_output:9.000007418014311e-02
#ERR p: [10561] x_gold:9.000000072498351e-02 x_output:9.000000072492968e-02 y_gold:6.750000072301852e-02 y_output:6.750000072296518e-02 z_gold:9.000000072498351e-02 z_output:9.000000072492970e-02
#ERR p: [10608] x_gold:0.000000000000000e+00 x_output:0.000000000000000e+00 y_gold:9.000026513316059e-02 y_output:9.000026512066603e-02 z_gold:9.000026513316059e-02 z_output:9.000026512066700e-02
#ERR p: [10609] x_gold:2.250010674808057e-02 x_output:2.250010674317522e-02 y_gold:9.000015842005191e-02 y_output:9.000015841245942e-02 z_gold:9.000015842005191e-02 z_output:9.000015841246001e-02
#ERR p: [10610] x_gold:4.500002605569799e-02 x_output:4.500002605435838e-02 y_gold:9.000002725807983e-02 y_output:9.000002725664685e-02 z_gold:9.000002725807983e-02 z_output:9.000002725664699e-02
#ERR p: [10611] x_gold:6.750000072301852e-02 x_output:6.750000072296328e-02 y_gold:9.000000072498351e-02 y_output:9.000000072492774e-02 z_gold:9.000000072498351e-02 z_output:9.000000072492778e-02
#ERR p: [10612] x_gold:9.000000000062626e-02 x_output:9.000000000062607e-02 y_gold:9.000000000062626e-02 y_output:9.000000000062607e-02 z_gold:9.000000000062626e-02 z_output:9.000000000062607e-02
#ERR p: [10659] x_gold:0.000000000000000e+00 x_output:0.000000000000000e+00 y_gold:1.125000000775346e-01 y_output:1.125000000775293e-01 z_gold:9.000000007741063e-02 z_output:9.000000007740530e-02
#ERR p: [10660] x_gold:2.250000002949949e-02 x_output:2.250000002949744e-02 y_gold:1.125000000477203e-01 y_output:1.125000000477170e-01 z_gold:9.000000004764809e-02 z_output:9.000000004764480e-02
#ERR p: [10661] x_gold:4.500000000808787e-02 x_output:4.500000000808729e-02 y_gold:1.125000000088314e-01 y_output:1.125000000088308e-01 z_gold:9.000000000881907e-02 z_output:9.000000000881844e-02
#ERR p: [13005] x_gold:0.000000000000000e+00 x_output:0.000000000000000e+00 y_gold:0.000000000000000e+00 y_output:0.000000000000000e+00 z_gold:1.125010532452283e-01 z_output:1.125010531811111e-01
#ERR p: [13006] x_gold:2.250038621612371e-02 x_output:2.250038619286453e-02 y_gold:0.000000000000000e+00 y_output:0.000000000000000e+00 z_gold:1.125006617264054e-01 z_output:1.125006616859617e-01
#ERR p: [13007] x_gold:4.500012737360983e-02 x_output:4.500012736573175e-02 y_gold:0.000000000000000e+00 y_output:0.000000000000000e+00 z_gold:1.125001453967083e-01 z_output:1.125001453876546e-01
#ERR p: [13008] x_gold:6.750000916686076e-02 x_output:6.750000916626256e-02 y_gold:0.000000000000000e+00 y_output:0.000000000000000e+00 z_gold:1.125000093127651e-01 z_output:1.125000093121560e-01
#ERR p: [13009] x_gold:9.000000007741063e-02 x_output:9.000000007740473e-02 y_gold:0.000000000000000e+00 y_output:0.000000000000000e+00 z_gold:1.125000000775346e-01 z_output:1.125000000775287e-01
#ERR p: [13056] x_gold:0.000000000000000e+00 x_output:0.000000000000000e+00 y_gold:2.250038621612371e-02 y_output:2.250038619286497e-02 z_gold:1.125006617264054e-01 z_output:1.125006616859612e-01
#ERR p: [13057] x_gold:2.250024372420234e-02 x_output:2.250024370945138e-02 y_gold:2.250024372420234e-02 y_output:2.250024370945182e-02 z_gold:1.125004153494502e-01 z_output:1.125004153239698e-01
#ERR p: [13058] x_gold:4.500007995658545e-02 x_output:4.500007995162188e-02 y_gold:2.250005427205795e-02 y_output:2.250005426870030e-02 z_gold:1.125000909743474e-01 z_output:1.125000909686652e-01
#ERR p: [13059] x_gold:6.750000570806117e-02 x_output:6.750000570768737e-02 y_gold:2.250000352096973e-02 y_output:2.250000352074063e-02 z_gold:1.125000057943903e-01 z_output:1.125000057940100e-01
#ERR p: [13060] x_gold:9.000000004764809e-02 x_output:9.000000004764447e-02 y_gold:2.250000002949949e-02 y_output:2.250000002949723e-02 z_gold:1.125000000477203e-01 z_output:1.125000000477167e-01
#ERR p: [13107] x_gold:0.000000000000000e+00 x_output:0.000000000000000e+00 y_gold:4.500012737360983e-02 y_output:4.500012736573143e-02 z_gold:1.125001453967083e-01 z_output:1.125001453876541e-01
#ERR p: [13108] x_gold:2.250005427205795e-02 x_output:2.250005426870004e-02 y_gold:4.500007995658545e-02 y_output:4.500007995162172e-02 z_gold:1.125000909743474e-01 z_output:1.125000909686649e-01
#ERR p: [13109] x_gold:4.500001745469762e-02 x_output:4.500001745359458e-02 y_gold:4.500001745469762e-02 y_output:4.500001745359461e-02 z_gold:1.125000196994872e-01 z_output:1.125000196982362e-01
#ERR p: [13110] x_gold:6.750000119584791e-02 x_output:6.750000119576814e-02 y_gold:4.500000108868923e-02 y_output:4.500000108861685e-02 z_gold:1.125000012122844e-01 z_output:1.125000012122033e-01
#ERR p: [13111] x_gold:9.000000000881907e-02 x_output:9.000000000881835e-02 y_gold:4.500000000808787e-02 y_output:4.500000000808722e-02 z_gold:1.125000000088314e-01 z_output:1.125000000088307e-01
#ERR p: [13158] x_gold:0.000000000000000e+00 x_output:0.000000000000000e+00 y_gold:6.750000916686076e-02 y_output:6.750000916626242e-02 z_gold:1.125000093127651e-01 z_output:1.125000093121559e-01
#ERR p: [13159] x_gold:2.250000352096973e-02 x_output:2.250000352074058e-02 y_gold:6.750000570806117e-02 y_output:6.750000570768727e-02 z_gold:1.125000057943903e-01 z_output:1.125000057940100e-01
#ERR p: [13160] x_gold:4.500000108868923e-02 x_output:4.500000108861683e-02 y_gold:6.750000119584791e-02 y_output:6.750000119576813e-02 z_gold:1.125000012122844e-01 z_output:1.125000012122033e-01
#ERR p: [13161] x_gold:6.750000006322836e-02 x_output:6.750000006322383e-02 y_gold:6.750000006322836e-02 y_output:6.750000006322383e-02 z_gold:1.125000000639745e-01 z_output:1.125000000639699e-01
#ERR p: [13209] x_gold:0.000000000000000e+00 x_output:0.000000000000000e+00 y_gold:9.000000007741063e-02 y_output:9.000000007740473e-02 z_gold:1.125000000775346e-01 z_output:1.125000000775287e-01
#ERR p: [13210] x_gold:2.250000002949949e-02 x_output:2.250000002949723e-02 y_gold:9.000000004764809e-02 y_output:9.000000004764447e-02 z_gold:1.125000000477203e-01 z_output:1.125000000477167e-01
#ERR p: [13211] x_gold:4.500000000808787e-02 x_output:4.500000000808722e-02 y_gold:9.000000000881907e-02 y_output:9.000000000881835e-02 z_gold:1.125000000088314e-01 z_output:1.125000000088307e-01
#ERR p: [15606] x_gold:0.000000000000000e+00 x_output:0.000000000000000e+00 y_gold:0.000000000000000e+00 y_output:0.000000000000000e+00 z_gold:1.350000000022282e-01 z_output:1.350000000022279e-01
#ERR p: [15607] x_gold:2.250000000071732e-02 x_output:2.250000000071723e-02 y_gold:0.000000000000000e+00 y_output:0.000000000000000e+00 z_gold:1.350000000013857e-01 z_output:1.350000000013855e-01
#ERR p: [15608] x_gold:4.500000000007832e-02 x_output:4.500000000007831e-02 y_gold:0.000000000000000e+00 y_output:0.000000000000000e+00 z_gold:1.350000000001769e-01 z_output:1.350000000001769e-01
#ERR p: [15657] x_gold:0.000000000000000e+00 x_output:0.000000000000000e+00 y_gold:2.250000000071732e-02 y_output:2.250000000071723e-02 z_gold:1.350000000013857e-01 z_output:1.350000000013855e-01
#ERR p: [15658] x_gold:2.250000000032364e-02 x_output:2.250000000032360e-02 y_gold:2.250000000032364e-02 y_output:2.250000000032360e-02 z_gold:1.350000000007341e-01 z_output:1.350000000007339e-01
#ERR p: [15659] x_gold:4.500000000004868e-02 x_output:4.500000000004868e-02 y_gold:2.250000000000000e-02 y_output:2.250000000000000e-02 z_gold:1.350000000000541e-01 z_output:1.350000000000541e-01
#ERR p: [15708] x_gold:0.000000000000000e+00 x_output:0.000000000000000e+00 y_gold:4.500000000007832e-02 y_output:4.500000000007831e-02 z_gold:1.350000000001769e-01 z_output:1.350000000001769e-01
#ERR p: [15709] x_gold:2.250000000000000e-02 x_output:2.250000000000000e-02 y_gold:4.500000000004868e-02 y_output:4.500000000004868e-02 z_gold:1.350000000000541e-01 z_output:1.350000000000541e-01
#ERR total_abs_diff:8.271854 max_rel_diff:0.000777 max_abs_diff:4.229480
#SDC Ite:1 KerTime:16.801642 AccTime:33.481183 KerErr:214 AccErr:214
#END