#HEADER structured:YES size:50 iterations:50
#BEGIN Y:2016 M:09 D:06 Time:09:29:05
#IT Ite:0 KerTime:16.692737 AccTime:16.692737
#IT Ite:1 KerTime:16.691893 AccTime:33.384630
#ERR p: [73624] x_gold:6.975000000000000e-01 x_output:6.974998257590931e-01 y_gold:3.375000000000000e-01 y_output:3.374998270022190e-01 z_gold:6.300000000000000e-01 z_output:6.299998270022187e-01
#ERR p: [73625] x_gold:7.200000000000000e-01 x_output:7.200001630485221e-01 y_gold:3.375000000000000e-01 y_output:3.374998258582960e-01 z_gold:6.300000000000000e-01 z_output:6.299998258582961e-01
#ERR p: [73675] x_gold:6.975000000000000e-01 x_output:6.974996739167117e-01 y_gold:3.600000000000000e-01 y_output:3.600000000000000e-01 z_gold:6.300000000000000e-01 z_output:6.299996540124008e-01
#ERR p: [73676] x_gold:7.200000000000000e-01 x_output:7.200003484665017e-01 y_gold:3.600000000000000e-01 y_output:3.600000000000000e-01 z_gold:6.300000000000000e-01 z_output:6.299996517246407e-01
#ERR p: [73726] x_gold:6.975000000000000e-01 x_output:6.974998257590931e-01 y_gold:3.825000000000000e-01 y_output:3.825001729977811e-01 z_gold:6.300000000000000e-01 z_output:6.299998270022187e-01
#ERR p: [73727] x_gold:7.200000000000000e-01 x_output:7.200001630485221e-01 y_gold:3.825000000000000e-01 y_output:3.825001741417041e-01 z_gold:6.300000000000000e-01 z_output:6.299998258582961e-01
#ERR p: [76225] x_gold:6.975000000000000e-01 x_output:6.974996739167117e-01 y_gold:3.375000000000000e-01 y_output:3.374996540124010e-01 z_gold:6.525000000000000e-01 z_output:6.525000000000000e-01
#ERR p: [76226] x_gold:7.200000000000000e-01 x_output:7.200003484665017e-01 y_gold:3.375000000000000e-01 y_output:3.374996517246407e-01 z_gold:6.525000000000000e-01 z_output:6.525000000000000e-01
#ERR p: [76276] x_gold:6.975000000000000e-01 x_output:6.983587298242945e-01 y_gold:3.600000000000000e-01 y_output:3.600000000000000e-01 z_gold:6.525000000000000e-01 z_output:6.525000000000000e-01
#ERR p: [76277] x_gold:7.200000000000000e-01 x_output:7.200007416367478e-01 y_gold:3.600000000000000e-01 y_output:3.600000000000000e-01 z_gold:6.525000000000000e-01 z_output:6.525000000000000e-01
#ERR p: [76327] x_gold:6.975000000000000e-01 x_output:6.974996739167117e-01 y_gold:3.825000000000000e-01 y_output:3.825003459875991e-01 z_gold:6.525000000000000e-01 z_output:6.525000000000000e-01
#ERR p: [76328] x_gold:7.200000000000000e-01 x_output:7.200003484665017e-01 y_gold:3.825000000000000e-01 y_output:3.825003482753593e-01 z_gold:6.525000000000000e-01 z_output:6.525000000000000e-01
#ERR p: [78826] x_gold:6.975000000000000e-01 x_output:6.974998257590931e-01 y_gold:3.375000000000000e-01 y_output:3.374998270022190e-01 z_gold:6.750000000000000e-01 z_output:6.750001729977814e-01
#ERR p: [78827] x_gold:7.200000000000000e-01 x_output:7.200001630485221e-01 y_gold:3.375000000000000e-01 y_output:3.374998258582960e-01 z_gold:6.750000000000000e-01 z_output:6.750001741417040e-01
#ERR p: [78877] x_gold:6.975000000000000e-01 x_output:6.974996739167117e-01 y_gold:3.600000000000000e-01 y_output:3.600000000000000e-01 z_gold:6.750000000000000e-01 z_output:6.750003459875993e-01
#ERR p: [78878] x_gold:7.200000000000000e-01 x_output:7.200003484665017e-01 y_gold:3.600000000000000e-01 y_output:3.600000000000000e-01 z_gold:6.750000000000000e-01 z_output:6.750003482753594e-01
#ERR p: [78928] x_gold:6.975000000000000e-01 x_output:6.974998257590931e-01 y_gold:3.825000000000000e-01 y_output:3.825001729977811e-01 z_gold:6.750000000000000e-01 z_output:6.750001729977814e-01
#ERR p: [78929] x_gold:7.200000000000000e-01 x_output:7.200001630485221e-01 y_gold:3.825000000000000e-01 y_output:3.825001741417041e-01 z_gold:6.750000000000000e-01 z_output:6.750001741417040e-01
#ERR total_abs_diff:0.000000 max_rel_diff:0.000000 max_abs_diff:0.000000
#SDC Ite:1 KerTime:16.691893 AccTime:33.384630 KerErr:18 AccErr:18
#END