#HEADER size:1048576
#BEGIN Y:2016 M:09 D:07 Time:06:59:25
#IT Ite:0 KerTime:5.688896 AccTime:5.688896
#ERR The histogram from element 1151116533 differs. srcHist=1 dstHist=2

#ERR The histogram from element 1151662435 differs. srcHist=1 dstHist=2

#ERR The histogram from element 1151854973 differs. srcHist=1 dstHist=0

#ERR The histogram from element 1152207594 differs. srcHist=1 dstHist=0

#ERR The histogram from element 996793991 differs. srcHist=1 dstHist=2

#ERR The histogram from element 996794401 differs. srcHist=1 dstHist=2

#ERR The histogram from element 996795595 differs. srcHist=1 dstHist=2

#ERR The histogram from element 996799511 differs. srcHist=1 dstHist=2

#ERR The histogram from element 996802482 differs. srcHist=1 dstHist=2

#ERR The histogram from element 996803255 differs. srcHist=1 dstHist=2

#ERR The histogram from element 996803458 differs. srcHist=1 dstHist=2

#ERR The histogram from element 996803718 differs. srcHist=1 dstHist=2

#ERR The histogram from element 996803886 differs. srcHist=1 dstHist=2

#ERR The histogram from element 996805696 differs. srcHist=1 dstHist=2

#ERR The histogram from element 996805818 differs. srcHist=1 dstHist=2

#ERR The histogram from element 996806308 differs. srcHist=1 dstHist=2

#ERR The histogram from element 996808523 differs. srcHist=1 dstHist=2

#ERR The histogram from element 996808770 differs. srcHist=1 dstHist=2

#ERR The histogram from element 996811481 differs. srcHist=1 dstHist=2

#ERR The histogram from element 996812156 differs. srcHist=1 dstHist=2

#ERR The histogram from element 996812182 differs. srcHist=1 dstHist=2

#ERR The histogram from element 996814608 differs. srcHist=1 dstHist=2

#ERR The histogram from element 996815036 differs. srcHist=1 dstHist=2

#ERR The histogram from element 996815812 differs. srcHist=1 dstHist=2

#ERR The histogram from element 996816809 differs. srcHist=1 dstHist=2

#ERR The histogram from element 996819117 differs. srcHist=1 dstHist=2

#ERR The histogram from element 996819652 differs. srcHist=1 dstHist=2

#ERR The histogram from element 996823087 differs. srcHist=1 dstHist=2

#ERR The histogram from element 996825587 differs. srcHist=1 dstHist=2

#ERR The histogram from element 996830297 differs. srcHist=1 dstHist=2

#ERR The histogram from element 996834292 differs. srcHist=1 dstHist=2

#ERR The histogram from element 996834624 differs. srcHist=1 dstHist=2

#ERR The histogram from element 996836839 differs. srcHist=1 dstHist=2

#ERR The histogram from element 996837814 differs. srcHist=1 dstHist=2

#ERR The histogram from element 996841588 differs. srcHist=1 dstHist=2

#ERR The histogram from element 997609891 differs. srcHist=1 dstHist=2

#ERR The histogram from element 998696009 differs. srcHist=1 dstHist=2

#ERR The histogram from element 998849887 differs. srcHist=1 dstHist=2

#ERR The histogram from element 998859489 differs. srcHist=1 dstHist=2

#ERR The histogram from element 998873813 differs. srcHist=1 dstHist=2

#ERR The histogram from element 998884590 differs. srcHist=1 dstHist=2

#ERR The histogram from element 998885271 differs. srcHist=1 dstHist=2

#ERR The histogram from element 998886326 differs. srcHist=1 dstHist=2

#ERR The histogram from element 998888965 differs. srcHist=1 dstHist=2

#ERR The histogram from element 998891215 differs. srcHist=1 dstHist=2

#ERR The histogram from element 998901552 differs. srcHist=1 dstHist=2

#ERR The histogram from element 998903324 differs. srcHist=1 dstHist=2

#ERR The histogram from element 998904213 differs. srcHist=1 dstHist=2

#ERR The histogram from element 998905561 differs. srcHist=1 dstHist=2

#ERR The histogram from element 998910533 differs. srcHist=1 dstHist=2

#ERR The histogram from element 998912150 differs. srcHist=1 dstHist=2

#ERR The histogram from element 998912356 differs. srcHist=1 dstHist=2

#ERR The histogram from element 998917696 differs. srcHist=1 dstHist=2

#ERR The histogram from element 998922895 differs. srcHist=1 dstHist=2

#ERR The histogram from element 998925474 differs. srcHist=1 dstHist=2

#ERR The histogram from element 998942660 differs. srcHist=1 dstHist=2

#ERR The histogram from element 998965000 differs. srcHist=1 dstHist=2

#ERR The histogram from element 998967851 differs. srcHist=1 dstHist=2

#ERR The histogram from element 998976346 differs. srcHist=1 dstHist=2

#ERR The histogram from element 998976510 differs. srcHist=1 dstHist=2

#ERR The histogram from element 998980751 differs. srcHist=1 dstHist=2

#ERR The histogram from element 998982875 differs. srcHist=1 dstHist=2

#ERR The histogram from element 998986096 differs. srcHist=1 dstHist=2

#ERR The histogram from element 998992480 differs. srcHist=1 dstHist=2

#ERR The histogram from element 998993581 differs. srcHist=1 dstHist=2

#ERR The histogram from element 998999595 differs. srcHist=1 dstHist=2

#ERR The histogram from element 999012084 differs. srcHist=1 dstHist=2

#ERR The histogram from element 1000711729 differs. srcHist=1 dstHist=2

#ERR The histogram from element 1000715388 differs. srcHist=1 dstHist=2

#ERR The histogram from element 1000727795 differs. srcHist=1 dstHist=2

#ERR The histogram from element 1000731392 differs. srcHist=1 dstHist=2

#ERR The histogram from element 1000738891 differs. srcHist=1 dstHist=2

#ERR The histogram from element 1000744459 differs. srcHist=1 dstHist=2

#ERR The histogram from element 1000750226 differs. srcHist=1 dstHist=2

#ERR The histogram from element 1000751771 differs. srcHist=1 dstHist=2

#ERR The histogram from element 1000760169 differs. srcHist=1 dstHist=2

#ERR The histogram from element 1000768696 differs. srcHist=1 dstHist=2

#ERR The histogram from element 1000772494 differs. srcHist=1 dstHist=2

#ERR The histogram from element 1000776224 differs. srcHist=1 dstHist=2

#ERR The histogram from element 1000780448 differs. srcHist=1 dstHist=2

#ERR The histogram from element 1000784394 differs. srcHist=1 dstHist=2

#ERR The histogram from element 1000788102 differs. srcHist=1 dstHist=2

#ERR The histogram from element 1000798919 differs. srcHist=1 dstHist=2

#ERR The histogram from element 1000801374 differs. srcHist=1 dstHist=2

#ERR The histogram from element 1000803961 differs. srcHist=1 dstHist=2

#ERR The histogram from element 1000804456 differs. srcHist=1 dstHist=2

#ERR The histogram from element 1000807008 differs. srcHist=1 dstHist=2

#ERR The histogram from element 1000809918 differs. srcHist=1 dstHist=2

#ERR The histogram from element 1000816110 differs. srcHist=1 dstHist=2

#ERR The histogram from element 1000818708 differs. srcHist=1 dstHist=2

#ERR The histogram from element 1000819283 differs. srcHist=1 dstHist=2

#ERR The histogram from element 1000819321 differs. srcHist=1 dstHist=2

#ERR The histogram from element 1000819654 differs. srcHist=1 dstHist=2

#ERR The histogram from element 1000819836 differs. srcHist=1 dstHist=2

#ERR The histogram from element 1000820582 differs. srcHist=1 dstHist=2

#ERR The histogram from element 1000821512 differs. srcHist=1 dstHist=2

#ERR The histogram from element 1000824855 differs. srcHist=1 dstHist=2

#ERR The histogram from element 1000824937 differs. srcHist=1 dstHist=2

#ERR The histogram from element 1000826609 differs. srcHist=1 dstHist=2

#ERR The histogram from element 1000831664 differs. srcHist=1 dstHist=2

#ERR The histogram from element 1000832974 differs. srcHist=1 dstHist=2

#ERR The histogram from element 1000833760 differs. srcHist=1 dstHist=2

#ERR The histogram from element 1000836501 differs. srcHist=1 dstHist=2

#ERR The histogram from element 1000838283 differs. srcHist=1 dstHist=2

#ERR The histogram from element 1000840959 differs. srcHist=1 dstHist=2

#ERR The histogram from element 1000843180 differs. srcHist=1 dstHist=2

#ERR The histogram from element 1000844014 differs. srcHist=1 dstHist=2

#ERR The histogram from element 1000844633 differs. srcHist=1 dstHist=2

#ERR The histogram from element 1000848662 differs. srcHist=1 dstHist=2

#ERR The histogram from element 1000849603 differs. srcHist=1 dstHist=2

#ERR The histogram from element 1000858038 differs. srcHist=1 dstHist=2

#ERR The histogram from element 1000866225 differs. srcHist=1 dstHist=2

#ERR The histogram from element 1000868671 differs. srcHist=1 dstHist=2

#ERR The histogram from element 1000879583 differs. srcHist=1 dstHist=2

#ERR The histogram from element 1000879656 differs. srcHist=1 dstHist=2

#ERR The histogram from element 1000885174 differs. srcHist=1 dstHist=2

#ERR The histogram from element 1000897035 differs. srcHist=1 dstHist=2

#ERR The histogram from element 1000902524 differs. srcHist=1 dstHist=2

#ERR The histogram from element 1000907217 differs. srcHist=1 dstHist=2

#ERR The histogram from element 1000932455 differs. srcHist=1 dstHist=2

#ERR The histogram from element 1000935054 differs. srcHist=1 dstHist=2

#ERR The histogram from element 1000947638 differs. srcHist=1 dstHist=2

#ERR The histogram from element 1000953151 differs. srcHist=1 dstHist=2

#ERR The histogram from element 1000961080 differs. srcHist=1 dstHist=2

#ERR The histogram from element 1000965167 differs. srcHist=1 dstHist=2

#ERR The histogram from element 1000968078 differs. srcHist=1 dstHist=2

#ERR The histogram from element 1000983687 differs. srcHist=1 dstHist=2

#ERR The histogram from element 1000984835 differs. srcHist=1 dstHist=2

#ERR The histogram from element 1000997246 differs. srcHist=1 dstHist=2

#ERR The histogram from element 1001137334 differs. srcHist=1 dstHist=0

#ERR The histogram from element 1001187630 differs. srcHist=1 dstHist=0

#ERR The histogram from element 1001232245 differs. srcHist=1 dstHist=0

#ERR The histogram from element 1001286599 differs. srcHist=1 dstHist=0

#ERR The histogram from element 1001290772 differs. srcHist=1 dstHist=0

#ERR The histogram from element 1001349496 differs. srcHist=1 dstHist=0

#ERR The histogram from element 1001393320 differs. srcHist=1 dstHist=0

#ERR The histogram from element 1001534890 differs. srcHist=1 dstHist=0

#ERR The histogram from element 1001563590 differs. srcHist=1 dstHist=0

#ERR The histogram from element 1001580202 differs. srcHist=1 dstHist=0

#ERR The histogram from element 1001580903 differs. srcHist=1 dstHist=0

#ERR The histogram from element 1001624383 differs. srcHist=1 dstHist=0

#ERR The histogram from element 1001691003 differs. srcHist=1 dstHist=0

#ERR The histogram from element 1001720062 differs. srcHist=1 dstHist=0

#ERR The histogram from element 1001728123 differs. srcHist=1 dstHist=0

#ERR The histogram from element 1001733054 differs. srcHist=1 dstHist=0

#ERR The histogram from element 1001878575 differs. srcHist=1 dstHist=0

#ERR The histogram from element 1001946414 differs. srcHist=1 dstHist=0

#ERR The histogram from element 1001946427 differs. srcHist=1 dstHist=0

#ERR The histogram from element 1001962631 differs. srcHist=1 dstHist=0

#ERR The histogram from element 1001964248 differs. srcHist=1 dstHist=0

#ERR The histogram from element 1001990917 differs. srcHist=1 dstHist=0

#ERR The histogram from element 1002023875 differs. srcHist=1 dstHist=0

#ERR The histogram from element 1002091626 differs. srcHist=1 dstHist=0

#ERR The histogram from element 1002104738 differs. srcHist=1 dstHist=0

#ERR The histogram from element 1002118363 differs. srcHist=1 dstHist=0

#ERR The histogram from element 1002166225 differs. srcHist=1 dstHist=0

#ERR The histogram from element 1002178725 differs. srcHist=1 dstHist=0

#ERR The histogram from element 1002181270 differs. srcHist=1 dstHist=0

#ERR The histogram from element 1002184594 differs. srcHist=1 dstHist=0

#ERR The histogram from element 1002191525 differs. srcHist=1 dstHist=0

#ERR The histogram from element 1002191853 differs. srcHist=1 dstHist=0

#ERR The histogram from element 1002196774 differs. srcHist=1 dstHist=0

#ERR The histogram from element 1002202658 differs. srcHist=1 dstHist=0

#ERR The histogram from element 1002217252 differs. srcHist=1 dstHist=0

#ERR The histogram from element 1002217268 differs. srcHist=1 dstHist=0

#ERR The histogram from element 1002225396 differs. srcHist=1 dstHist=0

#ERR The histogram from element 1002228111 differs. srcHist=1 dstHist=0

#ERR The histogram from element 1002228201 differs. srcHist=1 dstHist=0

#ERR The histogram from element 1002232807 differs. srcHist=1 dstHist=0

#ERR The histogram from element 1002239506 differs. srcHist=1 dstHist=0

#ERR The histogram from element 1002274255 differs. srcHist=1 dstHist=0

#ERR The histogram from element 1002277059 differs. srcHist=1 dstHist=0

#ERR The histogram from element 1002278239 differs. srcHist=1 dstHist=0

#ERR The histogram from element 1002288267 differs. srcHist=1 dstHist=0

#ERR The histogram from element 1002312383 differs. srcHist=1 dstHist=0

#ERR The histogram from element 1002317264 differs. srcHist=1 dstHist=0

#ERR The histogram from element 1002327497 differs. srcHist=1 dstHist=0

#ERR The histogram from element 1002338857 differs. srcHist=1 dstHist=0

#ERR The histogram from element 1002354366 differs. srcHist=1 dstHist=0

#ERR The histogram from element 1002360716 differs. srcHist=1 dstHist=0

#ERR The histogram from element 1002379525 differs. srcHist=1 dstHist=0

#ERR The histogram from element 1002409182 differs. srcHist=1 dstHist=0

#ERR The histogram from element 1002413906 differs. srcHist=1 dstHist=0

#ERR The histogram from element 1002471754 differs. srcHist=1 dstHist=0

#ERR The histogram from element 1002518519 differs. srcHist=1 dstHist=0

#ERR The histogram from element 1002550004 differs. srcHist=1 dstHist=0

#ERR The histogram from element 1002557353 differs. srcHist=1 dstHist=0

#ERR The histogram from element 1002638051 differs. srcHist=1 dstHist=0

#ERR The histogram from element 1002645112 differs. srcHist=1 dstHist=0

#ERR The histogram from element 1002647623 differs. srcHist=1 dstHist=0

#ERR The histogram from element 1002647775 differs. srcHist=1 dstHist=0

#ERR The histogram from element 1002652290 differs. srcHist=1 dstHist=0

#ERR The histogram from element 1002653432 differs. srcHist=1 dstHist=0

#ERR The histogram from element 1002654903 differs. srcHist=1 dstHist=0

#ERR The histogram from element 1002657937 differs. srcHist=1 dstHist=0

#ERR The histogram from element 1002658741 differs. srcHist=1 dstHist=0

#ERR The histogram from element 1002661880 differs. srcHist=1 dstHist=0

#ERR The histogram from element 1002662771 differs. srcHist=1 dstHist=0

#ERR The histogram from element 1002667894 differs. srcHist=1 dstHist=0

#ERR The histogram from element 1002668763 differs. srcHist=1 dstHist=0

#ERR The histogram from element 1002669539 differs. srcHist=1 dstHist=0

#ERR The histogram from element 1002678099 differs. srcHist=1 dstHist=0

#ERR The histogram from element 1002679100 differs. srcHist=1 dstHist=0

#ERR The histogram from element 1002679424 differs. srcHist=1 dstHist=0

#ERR The histogram from element 1002685286 differs. srcHist=1 dstHist=0

#ERR The histogram from element 1002688739 differs. srcHist=1 dstHist=0

#ERR The histogram from element 1002689558 differs. srcHist=1 dstHist=0

#ERR The histogram from element 1002690137 differs. srcHist=1 dstHist=0

#ERR The histogram from element 1002690727 differs. srcHist=1 dstHist=0

#ERR The histogram from element 1002690871 differs. srcHist=1 dstHist=0

#ERR The histogram from element 1002691844 differs. srcHist=1 dstHist=0

#ERR The histogram from element 1002693622 differs. srcHist=1 dstHist=0

#ERR The histogram from element 1002697240 differs. srcHist=1 dstHist=0

#ERR The histogram from element 1002701418 differs. srcHist=1 dstHist=0

#ERR The histogram from element 1002703050 differs. srcHist=1 dstHist=0

#ERR The histogram from element 1002703061 differs. srcHist=1 dstHist=0

#ERR The histogram from element 1002707233 differs. srcHist=1 dstHist=0

#ERR The histogram from element 1002715868 differs. srcHist=1 dstHist=0

#ERR The histogram from element 1002716541 differs. srcHist=1 dstHist=0

#ERR The histogram from element 1002716591 differs. srcHist=1 dstHist=0

#ERR The histogram from element 1002718780 differs. srcHist=1 dstHist=0

#ERR The histogram from element 1002720584 differs. srcHist=1 dstHist=0

#ERR The histogram from element 1002813936 differs. srcHist=1 dstHist=0

#ERR The histogram from element 1003145308 differs. srcHist=1 dstHist=0

#ERR The histogram from element 1003156634 differs. srcHist=1 dstHist=0

#ERR The histogram from element 1003175267 differs. srcHist=1 dstHist=0

#ERR The histogram from element 1003204198 differs. srcHist=1 dstHist=0

#ERR The histogram from element 1003210536 differs. srcHist=1 dstHist=0

#ERR The histogram from element 1003240147 differs. srcHist=1 dstHist=0

#ERR The histogram from element 1003251812 differs. srcHist=1 dstHist=0

#ERR The histogram from element 1003254102 differs. srcHist=1 dstHist=0

#ERR The histogram from element 1003263132 differs. srcHist=1 dstHist=0

#ERR The histogram from element 1003284418 differs. srcHist=1 dstHist=0

#ERR The histogram from element 1003300592 differs. srcHist=1 dstHist=0

#ERR The histogram from element 1003302371 differs. srcHist=1 dstHist=0

#ERR The histogram from element 1003323940 differs. srcHist=1 dstHist=0

#ERR The histogram from element 1003330082 differs. srcHist=1 dstHist=0

#ERR The histogram from element 1003382924 differs. srcHist=1 dstHist=0

#ERR The histogram from element 1003390830 differs. srcHist=1 dstHist=0

#ERR The histogram from element 1003393215 differs. srcHist=1 dstHist=0

#ERR The histogram from element 1003404482 differs. srcHist=1 dstHist=0

#ERR The histogram from element 1003414365 differs. srcHist=1 dstHist=0

#ERR The histogram from element 1003427888 differs. srcHist=1 dstHist=0

#ERR The histogram from element 1003428260 differs. srcHist=1 dstHist=0

#ERR The histogram from element 1003439597 differs. srcHist=1 dstHist=0

#ERR The histogram from element 1003465871 differs. srcHist=1 dstHist=0

#ERR The histogram from element 1003469706 differs. srcHist=1 dstHist=0

#ERR The histogram from element 1003473607 differs. srcHist=1 dstHist=0

#ERR The histogram from element 1003478504 differs. srcHist=1 dstHist=0

#ERR The histogram from element 1003483771 differs. srcHist=1 dstHist=0

#ERR The histogram from element 1003490794 differs. srcHist=1 dstHist=0

#ERR The histogram from element 1003500602 differs. srcHist=1 dstHist=0

#ERR The histogram from element 1003504545 differs. srcHist=1 dstHist=0

#ERR The histogram from element 1003904716 differs. srcHist=1 dstHist=0

#ERR The histogram from element 1003936918 differs. srcHist=1 dstHist=0

#ERR The histogram from element 1003939181 differs. srcHist=1 dstHist=0

#ERR The histogram from element 1003939697 differs. srcHist=1 dstHist=0

#ERR The histogram from element 1003948940 differs. srcHist=1 dstHist=0

#ERR The histogram from element 1003956062 differs. srcHist=1 dstHist=0

#ERR The histogram from element 1003956489 differs. srcHist=1 dstHist=0

#ERR The histogram from element 1003970677 differs. srcHist=1 dstHist=0

#ERR The histogram from element 1003978778 differs. srcHist=1 dstHist=0

#ERR The histogram from element 1003989997 differs. srcHist=1 dstHist=0

#ERR The histogram from element 1003993960 differs. srcHist=1 dstHist=0

#ERR The histogram from element 1003994277 differs. srcHist=1 dstHist=0

#ERR The histogram from element 1003995302 differs. srcHist=1 dstHist=0

#ERR The histogram from element 1004036895 differs. srcHist=1 dstHist=0

#ERR The histogram from element 1004037042 differs. srcHist=1 dstHist=0

#ERR The histogram from element 1004040003 differs. srcHist=1 dstHist=0

#ERR The histogram from element 1004044139 differs. srcHist=1 dstHist=0

#ERR The histogram from element 1004049320 differs. srcHist=1 dstHist=0

#ERR The histogram from element 1004058123 differs. srcHist=1 dstHist=0

#ERR The histogram from element 1004060364 differs. srcHist=1 dstHist=0

#ERR The histogram from element 1004068464 differs. srcHist=1 dstHist=0

#ERR The histogram from element 1004091042 differs. srcHist=1 dstHist=0

#ERR The histogram from element 1004091195 differs. srcHist=1 dstHist=0

#ERR The histogram from element 1004094259 differs. srcHist=1 dstHist=0

#ERR The histogram from element 1004095474 differs. srcHist=1 dstHist=0

#ERR The histogram from element 1004096639 differs. srcHist=1 dstHist=0

#ERR The histogram from element 1004098152 differs. srcHist=1 dstHist=0

#ERR The histogram from element 1004102533 differs. srcHist=1 dstHist=0

#ERR The histogram from element 1004116354 differs. srcHist=1 dstHist=0

#ERR The histogram from element 1004116874 differs. srcHist=1 dstHist=0

#ERR The histogram from element 1004127085 differs. srcHist=1 dstHist=0

#ERR The histogram from element 1005054164 differs. srcHist=1 dstHist=2

#ERR The histogram from element 1005083940 differs. srcHist=1 dstHist=2

#ERR The histogram from element 1005093705 differs. srcHist=1 dstHist=2

#ERR The histogram from element 1005107540 differs. srcHist=1 dstHist=2

#ERR The histogram from element 1005113107 differs. srcHist=1 dstHist=2

#ERR The histogram from element 1005119226 differs. srcHist=1 dstHist=2

#ERR The histogram from element 1005123594 differs. srcHist=1 dstHist=2

#ERR The histogram from element 1005128600 differs. srcHist=1 dstHist=2

#ERR The histogram from element 1005134577 differs. srcHist=1 dstHist=2

#ERR The histogram from element 1005136457 differs. srcHist=1 dstHist=2

#ERR The histogram from element 1005146050 differs. srcHist=1 dstHist=2

#ERR The histogram from element 1005146331 differs. srcHist=1 dstHist=2

#ERR The histogram from element 1005148909 differs. srcHist=1 dstHist=2

#ERR The histogram from element 1005150510 differs. srcHist=1 dstHist=2

#ERR The histogram from element 1005151158 differs. srcHist=1 dstHist=2

#ERR The histogram from element 1005156471 differs. srcHist=1 dstHist=2

#ERR The histogram from element 1005158482 differs. srcHist=1 dstHist=2

#ERR The histogram from element 1005159377 differs. srcHist=1 dstHist=2

#ERR The histogram from element 1005159732 differs. srcHist=1 dstHist=2

#ERR The histogram from element 1005169258 differs. srcHist=1 dstHist=2

#ERR The histogram from element 1005172734 differs. srcHist=1 dstHist=2

#ERR The histogram from element 1005175413 differs. srcHist=1 dstHist=2

#ERR The histogram from element 1005179174 differs. srcHist=1 dstHist=2

#ERR The histogram from element 1005180835 differs. srcHist=1 dstHist=2

#ERR The histogram from element 1005181938 differs. srcHist=1 dstHist=2

#ERR The histogram from element 1005182775 differs. srcHist=1 dstHist=2

#ERR The histogram from element 1005184929 differs. srcHist=1 dstHist=2

#ERR The histogram from element 1005189981 differs. srcHist=1 dstHist=2

#ERR The histogram from element 1005200898 differs. srcHist=1 dstHist=2

#ERR The histogram from element 1005224386 differs. srcHist=1 dstHist=2

#ERR The histogram from element 1005452009 differs. srcHist=1 dstHist=0

#ERR The histogram from element 1005466324 differs. srcHist=1 dstHist=0

#ERR The histogram from element 1005529882 differs. srcHist=1 dstHist=0

#ERR The histogram from element 1005546744 differs. srcHist=1 dstHist=0

#ERR The histogram from element 1005551164 differs. srcHist=1 dstHist=0

#ERR The histogram from element 1005557423 differs. srcHist=1 dstHist=0

#ERR The histogram from element 1005558399 differs. srcHist=1 dstHist=0

#ERR The histogram from element 1005563055 differs. srcHist=1 dstHist=0

#ERR The histogram from element 1005564614 differs. srcHist=1 dstHist=0

#ERR The histogram from element 1005564625 differs. srcHist=1 dstHist=0

#ERR The histogram from element 1005564772 differs. srcHist=1 dstHist=0

#ERR The histogram from element 1005568833 differs. srcHist=1 dstHist=0

#ERR The histogram from element 1005574826 differs. srcHist=1 dstHist=0

#ERR The histogram from element 1005575468 differs. srcHist=1 dstHist=0

#ERR The histogram from element 1005580572 differs. srcHist=1 dstHist=0

#ERR The histogram from element 1005580843 differs. srcHist=1 dstHist=0

#ERR The histogram from element 1005581061 differs. srcHist=1 dstHist=0

#ERR The histogram from element 1005581144 differs. srcHist=1 dstHist=0

#ERR The histogram from element 1005581505 differs. srcHist=1 dstHist=0

#ERR The histogram from element 1005585003 differs. srcHist=1 dstHist=0

#ERR The histogram from element 1005585480 differs. srcHist=1 dstHist=0

#ERR The histogram from element 1005590551 differs. srcHist=1 dstHist=0

#ERR The histogram from element 1005593461 differs. srcHist=1 dstHist=0

#ERR The histogram from element 1005598244 differs. srcHist=1 dstHist=0

#ERR The histogram from element 1005599214 differs. srcHist=1 dstHist=0

#ERR The histogram from element 1005602375 differs. srcHist=1 dstHist=0

#ERR The histogram from element 1005602994 differs. srcHist=1 dstHist=0

#ERR The histogram from element 1005603937 differs. srcHist=1 dstHist=0

#ERR The histogram from element 1005604202 differs. srcHist=1 dstHist=0

#ERR The histogram from element 1005604643 differs. srcHist=1 dstHist=0

#ERR The histogram from element 1005900609 differs. srcHist=1 dstHist=0

#ERR The histogram from element 1005902576 differs. srcHist=1 dstHist=0

#ERR The histogram from element 1005904950 differs. srcHist=1 dstHist=0

#ERR The histogram from element 1005905519 differs. srcHist=1 dstHist=0

#ERR The histogram from element 1005906478 differs. srcHist=1 dstHist=0

#ERR The histogram from element 1005907184 differs. srcHist=1 dstHist=0

#ERR The histogram from element 1005908408 differs. srcHist=1 dstHist=0

#ERR The histogram from element 1005908593 differs. srcHist=1 dstHist=0

#ERR The histogram from element 1005912945 differs. srcHist=1 dstHist=0

#ERR The histogram from element 1005913033 differs. srcHist=1 dstHist=0

#ERR The histogram from element 1005916047 differs. srcHist=1 dstHist=0

#ERR The histogram from element 1005918711 differs. srcHist=1 dstHist=0

#ERR The histogram from element 1005924077 differs. srcHist=1 dstHist=0

#ERR The histogram from element 1005927474 differs. srcHist=1 dstHist=0

#ERR The histogram from element 1005930555 differs. srcHist=1 dstHist=0

#ERR The histogram from element 1005931808 differs. srcHist=1 dstHist=0

#ERR The histogram from element 1005933675 differs. srcHist=1 dstHist=0

#ERR The histogram from element 1005934061 differs. srcHist=1 dstHist=0

#ERR The histogram from element 1005936376 differs. srcHist=1 dstHist=0

#ERR The histogram from element 1005937834 differs. srcHist=1 dstHist=0

#ERR The histogram from element 1005939653 differs. srcHist=1 dstHist=0

#ERR The histogram from element 1005942722 differs. srcHist=1 dstHist=0

#ERR The histogram from element 1005942981 differs. srcHist=1 dstHist=0

#ERR The histogram from element 1005943683 differs. srcHist=1 dstHist=0

#ERR The histogram from element 1005946094 differs. srcHist=1 dstHist=0

#ERR The histogram from element 1005949703 differs. srcHist=1 dstHist=0

#ERR The histogram from element 1005960557 differs. srcHist=1 dstHist=0

#ERR The histogram from element 1005961759 differs. srcHist=1 dstHist=0

#ERR The histogram from element 1005966200 differs. srcHist=1 dstHist=0

#ERR The histogram from element 1005969177 differs. srcHist=1 dstHist=0

#ERR The histogram from element 1005973736 differs. srcHist=1 dstHist=0

#ERR The histogram from element 1006103457 differs. srcHist=1 dstHist=2

#ERR The histogram from element 1006157922 differs. srcHist=1 dstHist=2

#ERR The histogram from element 1006160371 differs. srcHist=1 dstHist=2

#ERR The histogram from element 1006162241 differs. srcHist=1 dstHist=2

#ERR The histogram from element 1006162883 differs. srcHist=1 dstHist=2

#ERR The histogram from element 1006164708 differs. srcHist=1 dstHist=2

#ERR The histogram from element 1006165651 differs. srcHist=1 dstHist=2

#ERR The histogram from element 1006168424 differs. srcHist=1 dstHist=2

#ERR The histogram from element 1006169277 differs. srcHist=1 dstHist=2

#ERR The histogram from element 1006170533 differs. srcHist=1 dstHist=2

#ERR The histogram from element 1011923733 differs. srcHist=1 dstHist=0

#ERR Elements not ordered. index=563133 1151662435>1151116533
#ERR Elements not ordered. index=563194 1151255736>1151120112
#ERR Elements not ordered. index=563198 1151265244>1151259328
#ERR Elements not ordered. index=563200 1151266628>1151265972
#ERR Elements not ordered. index=563226 1151328037>1151283856
#ERR Elements not ordered. index=563230 1151332955>1151329794
#ERR Elements not ordered. index=563242 1151354273>1151333258
#ERR Elements not ordered. index=563250 1151366250>1151358594
#ERR Elements not ordered. index=563254 1151383677>1151380957
#ERR Elements not ordered. index=563258 1151387873>1151363435
#ERR Elements not ordered. index=563262 1151395689>1151390548
#ERR Elements not ordered. index=563264 1151402920>1151398518
#ERR Elements not ordered. index=563322 1151521409>1151411906
#ERR Elements not ordered. index=563326 1151526288>1151523344
#ERR Elements not ordered. index=563328 1151532960>1151532831
#ERR Elements not ordered. index=563330 1151540285>1151538600
#ERR Elements not ordered. index=563332 1151542323>1151540663
#ERR Elements not ordered. index=563354 1151578047>1151543416
#ERR Elements not ordered. index=563362 1151592055>1151579217
#ERR Elements not ordered. index=563364 1151599030>1151596747
#ERR Elements not ordered. index=563370 1151609805>1151601699
#ERR Elements not ordered. index=563372 1151613235>1151610786
#ERR Elements not ordered. index=563386 1151656471>1151621637
#ERR Elements not ordered. index=563394 1151666987>1151660901
#ERR Elements not ordered. index=563398 1151681000>1151669325
#ERR Elements not ordered. index=563400 1151681360>1151681193
#ERR Elements not ordered. index=563418 1151713136>1151683114
#ERR Elements not ordered. index=563426 1151731962>1151722173
#ERR Elements not ordered. index=563430 1151736814>1151734422
#ERR Elements not ordered. index=563450 1151791771>1151757184
#ERR Elements not ordered. index=563458 1151801371>1151801041
#ERR Elements not ordered. index=563460 1151806256>1151803118
#ERR Elements not ordered. index=563466 1151818720>1151814777
#ERR Elements not ordered. index=563468 1151822899>1151821843
#ERR Elements not ordered. index=563470 1151825847>1151823793
#ERR Elements not ordered. index=563480 1151840380>1151840054
#ERR Elements not ordered. index=563482 1151847735>1151842916
#ERR Elements not ordered. index=563644 1152206111>1151116533
#ERR Elements not ordered. index=487685 996813779>996795595
#ERR Elements not ordered. index=487702 996816809>996815036
#ERR Elements not ordered. index=487706 996834292>996819652
#ERR Elements not ordered. index=487714 996841588>996793991
#ERR Elements not ordered. index=487734 996816809>996815036
#ERR Elements not ordered. index=487738 996834292>996819652
#ERR Elements not ordered. index=487746 996841588>996831871
#ERR Elements not ordered. index=487750 996843582>996841692
#ERR Elements not ordered. index=487754 996848105>996843176
#ERR Elements not ordered. index=487758 996861530>996853686
#ERR Elements not ordered. index=487762 996878283>996850601
#ERR Elements not ordered. index=487778 996918958>996866896
#ERR Elements not ordered. index=487788 996927541>996921875
#ERR Elements not ordered. index=487790 996939587>996931493
#ERR Elements not ordered. index=487794 996950863>996941191
#ERR Elements not ordered. index=487798 996960367>996954539
#ERR Elements not ordered. index=487804 996975217>996970896
#ERR Elements not ordered. index=487808 996987769>996984652
#ERR Elements not ordered. index=487810 996989537>996919004
#ERR Elements not ordered. index=487840 997076974>997067857
#ERR Elements not ordered. index=487842 997083454>997007688
#ERR Elements not ordered. index=487844 997017511>997008578
#ERR Elements not ordered. index=487846 997019773>997018698
#ERR Elements not ordered. index=487850 997024882>997023262
#ERR Elements not ordered. index=487854 997037113>997031411
#ERR Elements not ordered. index=487858 997044039>997040919
#ERR Elements not ordered. index=487874 997098666>997088887
#ERR Elements not ordered. index=487876 997101068>997098742
#ERR Elements not ordered. index=487878 997110651>997101327
#ERR Elements not ordered. index=487882 997119828>997116218
#ERR Elements not ordered. index=487886 997125800>997120605
#ERR Elements not ordered. index=487890 997133599>997126274
#ERR Elements not ordered. index=487894 997136826>997134296
#ERR Elements not ordered. index=487898 997146148>997139591
#ERR Elements not ordered. index=487900 997148994>997146636
#ERR Elements not ordered. index=487902 997149756>997149178
#ERR Elements not ordered. index=487904 997154996>997153326
#ERR Elements not ordered. index=487906 997157124>997143295
#ERR Elements not ordered. index=487910 997161310>997157964
#ERR Elements not ordered. index=487914 997175733>997163008
#ERR Elements not ordered. index=487916 997164074>997163739
#ERR Elements not ordered. index=487918 997166821>997164254
#ERR Elements not ordered. index=487938 997226428>997168836
#ERR Elements not ordered. index=487942 997212378>997188494
#ERR Elements not ordered. index=487946 997226390>997219329
#ERR Elements not ordered. index=487954 997259657>997226783
#ERR Elements not ordered. index=487966 997262479>997260401
#ERR Elements not ordered. index=487968 997264793>997263308
#ERR Elements not ordered. index=487970 997270420>997262599
#ERR Elements not ordered. index=487972 997271033>997270780
#ERR Elements not ordered. index=487978 997299588>997296868
#ERR Elements not ordered. index=487986 997331104>997282531
#ERR Elements not ordered. index=488002 997378558>997327952
#ERR Elements not ordered. index=488014 997354660>997350332
#ERR Elements not ordered. index=488025 997432092>997428611
#ERR Elements not ordered. index=488035 997465452>997464068
#ERR Elements not ordered. index=488039 997472579>997471278
#ERR Elements not ordered. index=488057 997524616>997437582
#ERR Elements not ordered. index=488062 997535711>997530027
#ERR Elements not ordered. index=488066 997544087>997471093
#ERR Elements not ordered. index=488070 997503672>997501199
#ERR Elements not ordered. index=488074 997554790>997541513
#ERR Elements not ordered. index=488078 997551199>997549636
#ERR Elements not ordered. index=488084 997561279>997561036
#ERR Elements not ordered. index=488089 997927212>997525650
#ERR Elements not ordered. index=488098 997963123>997868612
#ERR Elements not ordered. index=488102 997880730>997880211
#ERR Elements not ordered. index=488106 997900942>997898630
#ERR Elements not ordered. index=488118 997960398>997959618
#ERR Elements not ordered. index=488119 997959618>997580065
#ERR Elements not ordered. index=488120 997580065>997579805
#ERR Elements not ordered. index=488122 997599868>997582260
#ERR Elements not ordered. index=488126 997609891>997606932
#ERR Elements not ordered. index=488130 997616368>997569359
#ERR Elements not ordered. index=488146 997642260>997620709
#ERR Elements not ordered. index=488150 997623590>997623520
#SDC Ite:0 KerTime:5.688896 AccTime:5.688896 KerErr:1254 AccErr:1254
#ABORT too many errors per iteration
#END