#HEADER size:1048576
#BEGIN Y:2016 M:09 D:07 Time:07:17:45
#IT Ite:0 KerTime:4.006071 AccTime:4.006071
#ERR Elements not ordered. index=262145 951706234>742884238
#ERR Elements not ordered. index=262146 742884238>647099432
#ERR Elements not ordered. index=262147 647099432>517305273
#ERR Elements not ordered. index=262150 911834161>638429031
#ERR Elements not ordered. index=262151 638429031>416315786
#ERR Elements not ordered. index=262153 888481864>687033217
#ERR Elements not ordered. index=262155 764783459>526297157
#ERR Elements not ordered. index=262159 838438601>605115238
#ERR Elements not ordered. index=262161 734998182>425178484
#ERR Elements not ordered. index=262164 929917598>406688610
#ERR Elements not ordered. index=262167 719382187>534624028
#ERR Elements not ordered. index=262168 534624028>402381397
#ERR Elements not ordered. index=262169 402381397>378200639
#ERR Elements not ordered. index=262173 583669867>388040225
#ERR Elements not ordered. index=262175 822843263>433730203
#ERR Elements not ordered. index=262178 1057525584>834402121
#ERR Elements not ordered. index=262180 1053827749>378836898
#ERR Elements not ordered. index=262183 1006482416>552907640
#ERR Elements not ordered. index=262185 939652084>613129471
#ERR Elements not ordered. index=262187 1015494466>952201821
#ERR Elements not ordered. index=262190 1013930533>714251827
#ERR Elements not ordered. index=262191 714251827>499497121
#ERR Elements not ordered. index=262193 735819338>408243426
#ERR Elements not ordered. index=262195 931368561>360230670
#ERR Elements not ordered. index=262197 719537834>664696016
#ERR Elements not ordered. index=262199 721944963>672704601
#ERR Elements not ordered. index=262201 1026908791>689402672
#ERR Elements not ordered. index=262202 689402672>549847726
#ERR Elements not ordered. index=262204 1019443747>516845575
#ERR Elements not ordered. index=262207 952511435>556253929
#ERR Elements not ordered. index=262209 725513124>660449483
#ERR Elements not ordered. index=262210 660449483>534597383
#ERR Elements not ordered. index=262212 753383925>417127187
#ERR Elements not ordered. index=262215 1024720951>357340356
#ERR Elements not ordered. index=262218 1061291283>983162231
#ERR Elements not ordered. index=262219 983162231>797785765
#ERR Elements not ordered. index=262220 797785765>363759115
#ERR Elements not ordered. index=262222 966010158>944813996
#ERR Elements not ordered. index=262223 944813996>479577554
#ERR Elements not ordered. index=262225 985039824>477422973
#ERR Elements not ordered. index=262227 849294269>575585885
#ERR Elements not ordered. index=262229 1006563537>659793212
#ERR Elements not ordered. index=262231 669218956>444209503
#ERR Elements not ordered. index=262235 976554951>717882758
#ERR Elements not ordered. index=262237 915985827>406139915
#ERR Elements not ordered. index=262241 925732448>767513705
#ERR Elements not ordered. index=262243 938178690>762484239
#ERR Elements not ordered. index=262244 762484239>608607086
#ERR Elements not ordered. index=262246 832877618>800595309
#ERR Elements not ordered. index=262247 800595309>793104089
#ERR Elements not ordered. index=262248 793104089>685786693
#ERR Elements not ordered. index=262250 867809464>383293810
#ERR Elements not ordered. index=262253 886068220>387093651
#ERR Elements not ordered. index=169372 761556141>357277235
#ERR Elements not ordered. index=262257 1064610823>594160370
#ERR Elements not ordered. index=262259 788179326>751163970
#ERR Elements not ordered. index=262261 911132889>778449730
#ERR Elements not ordered. index=262262 778449730>570905576
#ERR Elements not ordered. index=262263 570905576>432237020
#ERR Elements not ordered. index=262265 960902460>740320421
#ERR Elements not ordered. index=262266 740320421>409536223
#ERR Elements not ordered. index=169373 357277235>352656062
#ERR Elements not ordered. index=169375 756747660>552356072
#ERR Elements not ordered. index=169376 552356072>412844208
#ERR Elements not ordered. index=169378 856629406>583764937
#ERR Elements not ordered. index=169380 870639904>756877174
#ERR Elements not ordered. index=169381 756877174>495545760
#ERR Elements not ordered. index=169383 673058053>352424757
#ERR Elements not ordered. index=169385 1064368261>746707099
#ERR Elements not ordered. index=169386 746707099>534149419
#ERR Elements not ordered. index=169387 534149419>459934419
#ERR Elements not ordered. index=262271 1037297185>709382788
#ERR Elements not ordered. index=262274 888023850>626227748
#ERR Elements not ordered. index=262276 1024405157>500363512
#ERR Elements not ordered. index=262280 1012038363>562772073
#ERR Elements not ordered. index=262282 933297661>517629042
#ERR Elements not ordered. index=262284 1030670935>474272515
#ERR Elements not ordered. index=262287 704206604>408948723
#ERR Elements not ordered. index=262289 685619841>366159223
#ERR Elements not ordered. index=262292 812926945>796594629
#ERR Elements not ordered. index=262293 796594629>765490456
#ERR Elements not ordered. index=169392 1050497920>497469240
#ERR Elements not ordered. index=169394 677031418>639486036
#ERR Elements not ordered. index=169395 639486036>479566200
#ERR Elements not ordered. index=169397 561032055>439923577
#ERR Elements not ordered. index=169400 919159270>739016882
#ERR Elements not ordered. index=169402 891195480>521425743
#ERR Elements not ordered. index=169404 1064665647>585013296
#ERR Elements not ordered. index=169406 989230294>760509593
#ERR Elements not ordered. index=169407 760509593>482179105
#ERR Elements not ordered. index=169409 778292220>512142746
#ERR Elements not ordered. index=262295 810398196>354337313
#ERR Elements not ordered. index=262297 431906188>363529704
#ERR Elements not ordered. index=169411 680883165>516980305
#ERR Elements not ordered. index=169413 890982101>592384805
#ERR Elements not ordered. index=169415 867743486>635568580
#ERR Elements not ordered. index=169416 635568580>375159238
#ERR Elements not ordered. index=169419 1045866930>806810139
#ERR Elements not ordered. index=169422 985011525>939911533
#ERR Elements not ordered. index=262299 697810699>468856516
#ERR Elements not ordered. index=262300 468856516>420565931
#ERR Elements not ordered. index=262302 867132911>780435558
#ERR Elements not ordered. index=262303 780435558>461797762
#ERR Elements not ordered. index=262305 941251209>569103808
#ERR Elements not ordered. index=262307 867376802>595526439
#ERR Elements not ordered. index=262310 834820480>714013837
#ERR Elements not ordered. index=262311 714013837>653983236
#ERR Elements not ordered. index=262313 703590334>550774036
#ERR Elements not ordered. index=262314 550774036>535436983
#ERR Elements not ordered. index=169423 939911533>600670242
#ERR Elements not ordered. index=169424 600670242>589646906
#ERR Elements not ordered. index=169426 611150098>487728224
#ERR Elements not ordered. index=169429 855887317>669763508
#ERR Elements not ordered. index=169430 669763508>590161797
#ERR Elements not ordered. index=169432 979108227>915925480
#ERR Elements not ordered. index=169433 915925480>898114070
#ERR Elements not ordered. index=169434 898114070>401325981
#ERR Elements not ordered. index=169436 795234329>424345485
#ERR Elements not ordered. index=262316 950038328>783707394
#ERR Elements not ordered. index=262318 999307507>975301518
#ERR Elements not ordered. index=262319 975301518>842082043
#ERR Elements not ordered. index=262321 1044850976>842500650
#ERR Elements not ordered. index=169440 910690671>590763947
#ERR Elements not ordered. index=169441 590763947>433586240
#ERR Elements not ordered. index=169444 967735659>875907129
#ERR Elements not ordered. index=169446 943606039>370806269
#ERR Elements not ordered. index=262323 933012183>627408120
#ERR Elements not ordered. index=262325 929656436>602925162
#ERR Elements not ordered. index=262326 602925162>392377417
#ERR Elements not ordered. index=262328 850608756>667074021
#ERR Elements not ordered. index=169449 932850339>369148615
#ERR Elements not ordered. index=169451 800902203>466563956
#ERR Elements not ordered. index=169452 466563956>355414728
#ERR Elements not ordered. index=262332 974716061>500928320
#ERR Elements not ordered. index=262333 500928320>473481186
#ERR Elements not ordered. index=169456 733554607>592004070
#ERR Elements not ordered. index=169458 820634265>661001679
#ERR Elements not ordered. index=262338 895691855>585744190
#ERR Elements not ordered. index=262340 789806505>630846042
#ERR Elements not ordered. index=262342 1002119650>833640165
#ERR Elements not ordered. index=262344 1017265294>425371648
#ERR Elements not ordered. index=262346 1045356383>837755580
#ERR Elements not ordered. index=262347 837755580>551234523
#ERR Elements not ordered. index=262348 551234523>401903717
#ERR Elements not ordered. index=169460 853814431>721457662
#ERR Elements not ordered. index=169464 1012698458>820920421
#ERR Elements not ordered. index=169465 820920421>581190540
#ERR Elements not ordered. index=169467 993523227>849084852
#ERR Elements not ordered. index=169469 1012874688>924551900
#ERR Elements not ordered. index=169470 924551900>612879162
#ERR Elements not ordered. index=169471 612879162>561542337
#ERR Elements not ordered. index=169474 885310858>657121525
#ERR Elements not ordered. index=169476 685899986>406535138
#ERR Elements not ordered. index=169479 1022200641>555379830
#ERR Elements not ordered. index=169481 705052811>570733300
#ERR Elements not ordered. index=169483 736891337>584770899
#ERR Elements not ordered. index=169485 1063932035>487321006
#ERR Elements not ordered. index=169487 917999376>509972587
#ERR Elements not ordered. index=169490 845013134>699877786
#ERR Elements not ordered. index=169492 768810336>605951825
#ERR Elements not ordered. index=169494 920763860>706554110
#ERR Elements not ordered. index=169495 706554110>606416688
#ERR Elements not ordered. index=169497 1057324699>597010223
#ERR Elements not ordered. index=169499 889133658>405556610
#ERR Elements not ordered. index=169503 899389235>393190339
#ERR Elements not ordered. index=169506 1046875790>674993541
#ERR Elements not ordered. index=169508 713574179>625415361
#ERR Elements not ordered. index=169510 870836668>381536577
#ERR Elements not ordered. index=169512 452555854>356310576
#ERR Elements not ordered. index=262352 1020940584>1013780876
#ERR Elements not ordered. index=262353 1013780876>401031147
#ERR Elements not ordered. index=169517 1048246842>770080752
#ERR Elements not ordered. index=169519 972467559>388457648
#ERR Elements not ordered. index=169521 877878250>595797744
#ERR Elements not ordered. index=169524 805115426>513908438
#ERR Elements not ordered. index=169526 833565844>775808506
#ERR Elements not ordered. index=169527 775808506>537981293
#ERR Elements not ordered. index=169531 1047393316>566427996
#ERR Elements not ordered. index=169532 566427996>476018992
#ERR Elements not ordered. index=169534 1057209533>906131354
#ERR Elements not ordered. index=169535 906131354>768070005
#ERR Elements not ordered. index=169536 768070005>562309274
#ERR Elements not ordered. index=169540 884033372>428485272
#ERR Elements not ordered. index=169543 909933385>624589659
#ERR Elements not ordered. index=169546 1049271307>714952539
#ERR Elements not ordered. index=169547 714952539>535090243
#ERR Elements not ordered. index=169548 535090243>479872192
#ERR Elements not ordered. index=169551 714056963>468869484
#ERR Elements not ordered. index=262356 966259119>819554096
#ERR Elements not ordered. index=262357 819554096>786784224
#ERR Elements not ordered. index=262358 786784224>575089333
#ERR Elements not ordered. index=262360 1003572257>827950897
#ERR Elements not ordered. index=262362 838578700>751685338
#ERR Elements not ordered. index=262364 810482679>764095275
#ERR Elements not ordered. index=262365 764095275>476391937
#ERR Elements not ordered. index=262368 1052940118>944507056
#ERR Elements not ordered. index=262369 944507056>693377369
#ERR Elements not ordered. index=262371 1054636980>777208264
#ERR Elements not ordered. index=262372 777208264>482166588
#ERR Elements not ordered. index=262375 961118687>359524274
#ERR Elements not ordered. index=262377 905535250>389219218
#ERR Elements not ordered. index=169553 886671534>415293564
#ERR Elements not ordered. index=169555 757291945>592467433
#ERR Elements not ordered. index=169556 592467433>528861038
#ERR Elements not ordered. index=169558 801768718>757024551
#ERR Elements not ordered. index=169560 832852597>516890109
#ERR Elements not ordered. index=169564 1022256314>598167481
#ERR Elements not ordered. index=169567 1060704841>691944562
#ERR Elements not ordered. index=169569 953899171>799000175
#ERR Elements not ordered. index=169571 994297189>979520093
#ERR Elements not ordered. index=169572 979520093>532138830
#ERR Elements not ordered. index=169574 597263196>470713918
#ERR Elements not ordered. index=169576 783144555>525966856
#ERR Elements not ordered. index=169578 1024820460>621123638
#ERR Elements not ordered. index=262379 895747838>827143549
#ERR Elements not ordered. index=262380 827143549>596082158
#ERR Elements not ordered. index=262381 596082158>468713055
#ERR Elements not ordered. index=262383 672071910>623322208
#ERR Elements not ordered. index=262385 643663603>541344657
#ERR Elements not ordered. index=262387 905056307>522335296
#ERR Elements not ordered. index=262389 899524900>656871691
#ERR Elements not ordered. index=262391 799951706>633180773
#ERR Elements not ordered. index=262393 960468151>516803865
#ERR Elements not ordered. index=262395 1003832651>725214664
#ERR Elements not ordered. index=262397 909390624>666106935
#ERR Elements not ordered. index=262398 666106935>588273177
#ERR Elements not ordered. index=262399 588273177>463046033
#ERR Elements not ordered. index=262404 1059425035>938561326
#ERR Elements not ordered. index=262405 938561326>585559818
#ERR Elements not ordered. index=262406 585559818>576186145
#ERR Elements not ordered. index=262407 576186145>380804752
#ERR Elements not ordered. index=262410 947347977>593791294
#ERR Elements not ordered. index=262413 997044089>842519061
#ERR Elements not ordered. index=262414 842519061>415636751
#ERR Elements not ordered. index=262417 1002930661>825962007
#ERR Elements not ordered. index=262418 825962007>481669508
#ERR Elements not ordered. index=262419 481669508>400243943
#ERR Elements not ordered. index=262421 575944836>420222592
#ERR Elements not ordered. index=262423 1014191499>507801212
#ERR Elements not ordered. index=262425 936650300>514097733
#ERR Elements not ordered. index=262426 514097733>432387874
#ERR Elements not ordered. index=262428 853674414>683795217
#ERR Elements not ordered. index=262429 683795217>597043518
#ERR Elements not ordered. index=262430 597043518>583419157
#ERR Elements not ordered. index=262431 583419157>478612597
#ERR Elements not ordered. index=262432 478612597>382706029
#ERR Elements not ordered. index=262434 924513654>395362284
#ERR Elements not ordered. index=262436 1018294304>957334314
#ERR Elements not ordered. index=262437 957334314>595780789
#ERR Elements not ordered. index=262439 917353384>622577478
#ERR Elements not ordered. index=262442 793521178>750988771
#ERR Elements not ordered. index=262443 750988771>648323020
#ERR Elements not ordered. index=262444 648323020>406799022
#ERR Elements not ordered. index=262447 689200167>630561282
#ERR Elements not ordered. index=262448 630561282>484259822
#ERR Elements not ordered. index=262449 484259822>366668448
#ERR Elements not ordered. index=262453 848880052>795000028
#ERR Elements not ordered. index=262454 795000028>633059875
#ERR Elements not ordered. index=262456 932792992>924568305
#ERR Elements not ordered. index=262457 924568305>503998561
#ERR Elements not ordered. index=262459 939558281>414607280
#ERR Elements not ordered. index=262463 773262277>549579358
#ERR Elements not ordered. index=262465 1030246840>801058694
#ERR Elements not ordered. index=262466 801058694>442501931
#ERR Elements not ordered. index=262468 987227139>681428091
#ERR Elements not ordered. index=262469 681428091>554694722
#ERR Elements not ordered. index=262471 914447247>446956409
#ERR Elements not ordered. index=262473 893676775>766983171
#ERR Elements not ordered. index=262474 766983171>472131344
#ERR Elements not ordered. index=262477 937608847>624839493
#ERR Elements not ordered. index=262478 624839493>415642033
#ERR Elements not ordered. index=262481 938908698>714835458
#ERR Elements not ordered. index=262482 714835458>400437164
#ERR Elements not ordered. index=262486 841138926>363202634
#ERR Elements not ordered. index=262488 836504732>467407545
#ERR Elements not ordered. index=262490 990240666>934722380
#ERR Elements not ordered. index=262491 934722380>749051950
#ERR Elements not ordered. index=262493 1059005450>639515876
#ERR Elements not ordered. index=262495 858072240>538823144
#ERR Elements not ordered. index=262498 955877774>926146116
#ERR Elements not ordered. index=262499 926146116>722105359
#ERR Elements not ordered. index=262500 722105359>527643387
#ERR Elements not ordered. index=262502 825959320>351584835
#ERR Elements not ordered. index=262506 1056478895>438492954
#ERR Elements not ordered. index=169582 1034682006>616996768
#ERR Elements not ordered. index=169585 999324275>711943504
#ERR Elements not ordered. index=169586 711943504>359718985
#ERR Elements not ordered. index=169588 1052740582>405990502
#ERR Elements not ordered. index=169590 828588469>385010442
#ERR Elements not ordered. index=169591 385010442>352251825
#ERR Elements not ordered. index=262508 1012536286>516980887
#ERR Elements not ordered. index=262510 1007356625>447964037
#ERR Elements not ordered. index=262512 1008190091>408108799
#ERR Elements not ordered. index=262514 1030406122>935284182
#ERR Elements not ordered. index=262517 1053304089>588641478
#ERR Elements not ordered. index=262519 697505522>614085889
#ERR Elements not ordered. index=262521 1033512191>380400312
#ERR Elements not ordered. index=262524 798320589>361997095
#ERR Elements not ordered. index=262526 896847796>560341619
#ERR Elements not ordered. index=262528 903826836>695863725
#ERR Elements not ordered. index=262529 695863725>376385199
#ERR Elements not ordered. index=262531 586363983>403309243
#ERR Elements not ordered. index=262533 802416604>586864935
#ERR Elements not ordered. index=262536 1060990871>474828237
#ERR Elements not ordered. index=262538 1036041096>477325992
#ERR Elements not ordered. index=169595 1022385725>674205868
#ERR Elements not ordered. index=169596 674205868>628417584
#ERR Elements not ordered. index=169599 899372008>543471077
#ERR Elements not ordered. index=169602 967872077>640135034
#ERR Elements not ordered. index=169603 640135034>506909617
#ERR Elements not ordered. index=169605 640841972>353988459
#ERR Elements not ordered. index=169608 843953036>491468704
#ERR Elements not ordered. index=169611 1016896737>527615314
#ERR Elements not ordered. index=169614 1005831890>989588274
#ERR Elements not ordered. index=169616 1048684082>764489875
#ERR Elements not ordered. index=169617 764489875>742642352
#ERR Elements not ordered. index=169618 742642352>729006198
#ERR Elements not ordered. index=169619 729006198>631424516
#ERR Elements not ordered. index=169621 807986014>666244572
#ERR Elements not ordered. index=169623 761550788>411821700
#ERR Elements not ordered. index=169626 950227088>393768546
#ERR Elements not ordered. index=169628 714898082>384840855
#ERR Elements not ordered. index=169630 934271720>742943262
#ERR Elements not ordered. index=169631 742943262>656989127
#ERR Elements not ordered. index=169633 915941742>915184265
#ERR Elements not ordered. index=169634 915184265>628755228
#ERR Elements not ordered. index=169635 628755228>424009327
#ERR Elements not ordered. index=169637 857611110>468534046
#ERR Elements not ordered. index=169639 587334119>363640724
#ERR Elements not ordered. index=169641 412578740>378631607
#ERR Elements not ordered. index=169642 378631607>354812296
#ERR Elements not ordered. index=169646 1061823364>507969711
#ERR Elements not ordered. index=169648 998486286>413213160
#ERR Elements not ordered. index=169650 547925945>349648210
#ERR Elements not ordered. index=169653 621158117>424835806
#ERR Elements not ordered. index=262541 945702526>695238015
#ERR Elements not ordered. index=262542 695238015>634929113
#ERR Elements not ordered. index=262544 981904872>560709700
#ERR Elements not ordered. index=262545 560709700>427874337
#ERR Elements not ordered. index=262548 984998965>888960622
#ERR Elements not ordered. index=262550 989087180>499738935
#ERR Elements not ordered. index=262552 1010772278>696531182
#ERR Elements not ordered. index=262554 772307296>369537830
#ERR Elements not ordered. index=169656 900573821>890022980
#ERR Elements not ordered. index=169657 890022980>840384047
#ERR Elements not ordered. index=169658 840384047>655579615
#ERR Elements not ordered. index=169659 655579615>572367426
#ERR Elements not ordered. index=169661 717793892>705297329
#ERR Elements not ordered. index=169664 889526365>443555277
#ERR Elements not ordered. index=169666 979790403>604759271
#ERR Elements not ordered. index=169668 726372483>691274589
#ERR Elements not ordered. index=169670 862773702>839570844
#ERR Elements not ordered. index=169673 1007879829>741811870
#ERR Elements not ordered. index=169674 741811870>374001796
#ERR Elements not ordered. index=169676 797284014>466009717
#ERR Elements not ordered. index=169678 479873218>419129697
#ERR Elements not ordered. index=169682 986832648>777665940
#ERR Elements not ordered. index=169683 777665940>590560442
#ERR Elements not ordered. index=169685 908042791>756254882
#ERR Elements not ordered. index=169686 756254882>614564928
#ERR Elements not ordered. index=169688 1039400734>685912252
#ERR Elements not ordered. index=169689 685912252>438224506
#ERR Elements not ordered. index=169691 452271050>419521296
#ERR Elements not ordered. index=169692 419521296>410258330
#ERR Elements not ordered. index=169696 758138125>543107810
#ERR Elements not ordered. index=169699 727347461>618299463
#ERR Elements not ordered. index=169701 945169903>899453633
#ERR Elements not ordered. index=169702 899453633>364258640
#ERR Elements not ordered. index=169705 849706461>709758358
#ERR Elements not ordered. index=169708 994695378>911363104
#ERR Elements not ordered. index=169709 911363104>364493211
#ERR Elements not ordered. index=169712 856625353>656653921
#ERR Elements not ordered. index=169715 906286961>828939254
#ERR Elements not ordered. index=169716 828939254>436877719
#ERR Elements not ordered. index=169721 1002638051>511459780
#ERR Elements not ordered. index=169723 824973854>358127214
#ERR Elements not ordered. index=169725 648946594>469113225
#ERR Elements not ordered. index=262559 1048201190>528789794
#ERR Elements not ordered. index=262561 1010736847>853604345
#ERR Elements not ordered. index=262562 853604345>620924531
#ERR Elements not ordered. index=262563 620924531>563378188
#ERR Elements not ordered. index=262565 636564065>369684834
#ERR Elements not ordered. index=262567 1063804319>672430031
#ERR Elements not ordered. index=262568 672430031>501552293
#ERR Elements not ordered. index=262569 501552293>411697097
#ERR Elements not ordered. index=262573 1043203610>368718484
#ERR Elements not ordered. index=262575 775181746>585196755
#ERR Elements not ordered. index=262577 669323332>570137722
#ERR Elements not ordered. index=262579 1060051389>1012030584
#ERR Elements not ordered. index=262580 1012030584>753095862
#ERR Elements not ordered. index=262581 753095862>498198455
#ERR Elements not ordered. index=262583 786084523>348689502
#ERR Elements not ordered. index=262585 655455985>372047421
#ERR Elements not ordered. index=262587 530720460>410761721
#ERR Elements not ordered. index=169728 728559153>562749068
#ERR Elements not ordered. index=169729 562749068>421233813
#ERR Elements not ordered. index=169731 692657511>601818031
#ERR Elements not ordered. index=169733 994153087>555155282
#ERR Elements not ordered. index=169734 555155282>477219679
#ERR Elements not ordered. index=169736 1031209792>718511457
#ERR Elements not ordered. index=169738 926814237>699089234
#ERR Elements not ordered. index=169739 699089234>418431092
#ERR Elements not ordered. index=169741 863627500>781582153
#ERR Elements not ordered. index=169743 892329622>839712006
#ERR Elements not ordered. index=169744 839712006>615045262
#ERR Elements not ordered. index=169746 758193718>684425135
#ERR Elements not ordered. index=262592 642296569>447374284
#ERR Elements not ordered. index=262596 999598004>552559498
#ERR Elements not ordered. index=262598 839859576>563695058
#ERR Elements not ordered. index=262601 975138087>774401467
#ERR Elements not ordered. index=262605 951909679>562454275
#ERR Elements not ordered. index=262606 562454275>435477211
#ERR Elements not ordered. index=262610 739808205>621358023
#ERR Elements not ordered. index=262612 867158349>588151527
#ERR Elements not ordered. index=262614 787648283>775456225
#ERR Elements not ordered. index=262615 775456225>755215840
#ERR Elements not ordered. index=262616 755215840>511557756
#ERR Elements not ordered. index=262617 511557756>443236693
#ERR Elements not ordered. index=169747 684425135>650479616
#ERR Elements not ordered. index=169750 1054046116>816019463
#ERR Elements not ordered. index=169752 1062710297>563151807
#ERR Elements not ordered. index=169753 563151807>375154137
#ERR Elements not ordered. index=169754 375154137>368179781
#ERR Elements not ordered. index=169756 382565034>369716711
#ERR Elements not ordered. index=169759 806689685>667373876
#ERR Elements not ordered. index=169760 667373876>525613322
#ERR Elements not ordered. index=169762 1002986031>749450441
#ERR Elements not ordered. index=169765 1012136926>796900460
#ERR Elements not ordered. index=169766 796900460>351551823
#ERR Elements not ordered. index=169769 917797411>528592068
#ERR Elements not ordered. index=169770 528592068>499731122
#ERR Elements not ordered. index=169772 1054622342>713060158
#ERR Elements not ordered. index=262621 976445099>749956102
#ERR Elements not ordered. index=262622 749956102>357143146
#ERR Elements not ordered. index=262624 390395637>349896143
#ERR Elements not ordered. index=262627 937949311>902290894
#ERR Elements not ordered. index=262628 902290894>371053614
#ERR Elements not ordered. index=262632 1035963574>829450193
#ERR Elements not ordered. index=262633 829450193>589858090
#ERR Elements not ordered. index=262634 589858090>408264035
#ERR Elements not ordered. index=262636 853941182>347952508
#ERR Elements not ordered. index=262640 887416596>883385433
#ERR Elements not ordered. index=262641 883385433>369983064
#ERR Elements not ordered. index=262644 1052954824>886190959
#ERR Elements not ordered. index=262645 886190959>607634237
#ERR Elements not ordered. index=262648 870779713>586849531
#ERR Elements not ordered. index=262649 586849531>366544823
#ERR Elements not ordered. index=262652 847562811>652760367
#ERR Elements not ordered. index=262654 820366623>633210708
#ERR Elements not ordered. index=262658 882609833>502271667
#ERR Elements not ordered. index=262660 994076125>559891059
#ERR Elements not ordered. index=262662 680798087>584228106
#ERR Elements not ordered. index=262665 818938209>600305593
#ERR Elements not ordered. index=262666 600305593>544871775
#ERR Elements not ordered. index=262667 544871775>374714256
#ERR Elements not ordered. index=262669 930558800>766286428
#ERR Elements not ordered. index=262671 937928502>817364322
#ERR Elements not ordered. index=262672 817364322>730416537
#ERR Elements not ordered. index=262674 752093071>443621444
#ERR Elements not ordered. index=262676 964215528>479984696
#ERR Elements not ordered. index=262679 986119531>356400092
#ERR Elements not ordered. index=262681 415479684>375058341
#ERR Elements not ordered. index=262683 967449554>562764754
#ERR Elements not ordered. index=262685 960303106>920914161
#ERR Elements not ordered. index=262686 920914161>630252373
#ERR Elements not ordered. index=169773 713060158>576347601
#ERR Elements not ordered. index=169774 576347601>487145482
#ERR Elements not ordered. index=169776 862077593>731194786
#ERR Elements not ordered. index=169778 831766624>774539989
#ERR Elements not ordered. index=169779 774539989>599874969
#ERR Elements not ordered. index=262689 826162495>759412142
#ERR Elements not ordered. index=262690 759412142>491704683
#ERR Elements not ordered. index=262692 678187580>664593231
#ERR Elements not ordered. index=262694 854722635>570787230
#ERR Elements not ordered. index=262697 927550721>701358052
#ERR Elements not ordered. index=262699 945513977>401785545
#ERR Elements not ordered. index=262701 467072487>362182774
#ERR Elements not ordered. index=262703 1022156318>447536047
#ERR Elements not ordered. index=262705 927808218>706829890
#ERR Elements not ordered. index=262707 1047661556>969096988
#ERR Elements not ordered. index=262709 975019790>630324333
#ERR Elements not ordered. index=262712 736621385>367017034
#ERR Elements not ordered. index=169781 1056703938>970111269
#ERR Elements not ordered. index=169782 970111269>814650272
#ERR Elements not ordered. index=169783 814650272>579875840
#ERR Elements not ordered. index=169786 1007143785>1000581225
#ERR Elements not ordered. index=169787 1000581225>998687951
#ERR Elements not ordered. index=169788 998687951>865471104
#ERR Elements not ordered. index=169790 1008843527>418321955
#ERR Elements not ordered. index=169791 418321955>408652600
#ERR Elements not ordered. index=169793 796898982>399143056
#ERR Elements not ordered. index=169795 1020901529>369142014
#ERR Elements not ordered. index=169798 1009532739>522048120
#ERR Elements not ordered. index=169800 840329023>657538470
#ERR Elements not ordered. index=262715 694041989>356717196
#ERR Elements not ordered. index=262718 598092628>540430045
#ERR Elements not ordered. index=262720 1026736740>972763088
#ERR Elements not ordered. index=262721 972763088>549558267
#ERR Elements not ordered. index=169803 1059273500>1011729215
#ERR Elements not ordered. index=169804 1011729215>654484274
#SDC Ite:0 KerTime:4.006071 AccTime:4.006071 KerErr:175982 AccErr:175982
#ABORT too many errors per iteration
#END