#HEADER size:1048576
#BEGIN Y:2016 M:09 D:07 Time:11:18:57
#IT Ite:0 KerTime:6.215569 AccTime:6.215569
#ERR The histogram from element 1109105454 differs. srcHist=1 dstHist=0

#ERR Elements not ordered. index=541511 1106882749>1106880956
#ERR Elements not ordered. index=541513 1106896270>1106883361
#ERR Elements not ordered. index=541521 1106908595>1106900375
#ERR Elements not ordered. index=541533 1106923958>1106922840
#ERR Elements not ordered. index=541537 1106962676>1106930789
#ERR Elements not ordered. index=541551 1108279502>1106961550
#ERR Elements not ordered. index=541561 1106992129>1106983314
#ERR Elements not ordered. index=541565 1106997180>1106995675
#ERR Elements not ordered. index=541569 1107000819>1106877102
#ERR Elements not ordered. index=541573 1107003997>1107000170
#ERR Elements not ordered. index=541577 1107020793>1107009925
#ERR Elements not ordered. index=541585 1107030855>1107009599
#ERR Elements not ordered. index=541589 1107022714>1107022436
#ERR Elements not ordered. index=541591 1107025267>1107024165
#ERR Elements not ordered. index=541633 1107094976>1106973382
#ERR Elements not ordered. index=541649 1107128028>1107100750
#ERR Elements not ordered. index=541657 1107138979>1107133330
#ERR Elements not ordered. index=541665 1107147803>1107141625
#ERR Elements not ordered. index=541667 1107151075>1107148892
#ERR Elements not ordered. index=541673 1107186166>1107151209
#ERR Elements not ordered. index=541681 1107196774>1107194417
#ERR Elements not ordered. index=541685 1107207430>1107199134
#ERR Elements not ordered. index=541689 1107212717>1107209140
#ERR Elements not ordered. index=541693 1107222362>1107220517
#ERR Elements not ordered. index=541695 1107224004>1107223887
#ERR Elements not ordered. index=541705 1107239943>1107232992
#ERR Elements not ordered. index=541713 1107264664>1107263996
#ERR Elements not ordered. index=541761 1107371204>1107275549
#ERR Elements not ordered. index=541765 1107377060>1107373541
#ERR Elements not ordered. index=541769 1107380198>1107378573
#ERR Elements not ordered. index=541771 1107384844>1107381656
#ERR Elements not ordered. index=541773 1107385280>1107384904
#ERR Elements not ordered. index=541775 1107386837>1107386407
#ERR Elements not ordered. index=541779 1107394361>1107394291
#ERR Elements not ordered. index=541781 1107398249>1107396867
#ERR Elements not ordered. index=541785 1107407884>1107400877
#ERR Elements not ordered. index=541793 1107418368>1107415913
#ERR Elements not ordered. index=541795 1107421729>1107419539
#ERR Elements not ordered. index=541801 1107435831>1107432273
#ERR Elements not ordered. index=541809 1107454642>1107438210
#ERR Elements not ordered. index=541817 1107462876>1107455957
#ERR Elements not ordered. index=541825 1107487460>1107477562
#ERR Elements not ordered. index=541827 1107491904>1107490329
#ERR Elements not ordered. index=541829 1107493862>1107489218
#ERR Elements not ordered. index=541833 1107503220>1107477885
#ERR Elements not ordered. index=541837 1107504562>1107496031
#ERR Elements not ordered. index=541839 1107507437>1107505829
#ERR Elements not ordered. index=541841 1107511932>1107507060
#ERR Elements not ordered. index=541845 1107519241>1107516545
#ERR Elements not ordered. index=541857 1107537343>1107515497
#ERR Elements not ordered. index=541881 1107573604>1107568172
#ERR Elements not ordered. index=541883 1107575114>1107574062
#ERR Elements not ordered. index=541889 1107590028>1107584176
#ERR Elements not ordered. index=541893 1107599442>1107590072
#ERR Elements not ordered. index=541897 1107612438>1107609553
#ERR Elements not ordered. index=541899 1107613796>1107613509
#ERR Elements not ordered. index=541901 1107617661>1107614051
#ERR Elements not ordered. index=541921 1107659792>1107628921
#ERR Elements not ordered. index=541925 1107669150>1107667168
#ERR Elements not ordered. index=541937 1107692399>1107671781
#ERR Elements not ordered. index=541945 1107707206>1107703220
#ERR Elements not ordered. index=541949 1107713768>1107711043
#ERR Elements not ordered. index=541953 1107715333>1107715173
#ERR Elements not ordered. index=541957 1107717511>1107716014
#ERR Elements not ordered. index=541961 1107726124>1107722907
#ERR Elements not ordered. index=541965 1107738704>1107734099
#ERR Elements not ordered. index=541967 1107745006>1107741393
#ERR Elements not ordered. index=541977 1107766217>1107762014
#ERR Elements not ordered. index=541981 1107773606>1107769170
#ERR Elements not ordered. index=541985 1107793175>1107787260
#ERR Elements not ordered. index=541987 1107797932>1107795688
#ERR Elements not ordered. index=541993 1107804888>1107803671
#ERR Elements not ordered. index=542017 1107849102>1107807726
#ERR Elements not ordered. index=542025 1107863852>1107857795
#ERR Elements not ordered. index=542027 1107866460>1107864622
#ERR Elements not ordered. index=542045 1107889838>1107886696
#ERR Elements not ordered. index=542049 1107896640>1107894045
#ERR Elements not ordered. index=542065 1107921837>1107915621
#ERR Elements not ordered. index=542069 1107926186>1107922137
#ERR Elements not ordered. index=542073 1107931020>1107927280
#ERR Elements not ordered. index=542085 1107947360>1107946737
#ERR Elements not ordered. index=542091 1107952584>1107952342
#ERR Elements not ordered. index=542093 1107955835>1107954944
#ERR Elements not ordered. index=542097 1107970341>1107965287
#ERR Elements not ordered. index=542099 1107974948>1107974177
#ERR Elements not ordered. index=542105 1107981905>1107975646
#ERR Elements not ordered. index=542107 1107984592>1107982453
#ERR Elements not ordered. index=542111 1107996492>1107991856
#ERR Elements not ordered. index=542115 1108009093>1108006740
#ERR Elements not ordered. index=542117 1108011254>1108010441
#ERR Elements not ordered. index=542121 1108018613>1108017778
#ERR Elements not ordered. index=542125 1108027153>1108018908
#ERR Elements not ordered. index=542129 1108037569>1108029197
#ERR Elements not ordered. index=542133 1108045657>1108041939
#ERR Elements not ordered. index=542135 1108048157>1108047494
#ERR Elements not ordered. index=542145 1108067511>1108048739
#ERR Elements not ordered. index=542147 1108070928>1108069295
#ERR Elements not ordered. index=542161 1108101816>1108076751
#ERR Elements not ordered. index=542165 1108109057>1108103645
#ERR Elements not ordered. index=542169 1108117874>1108111236
#ERR Elements not ordered. index=542177 1108128537>1108110296
#ERR Elements not ordered. index=542183 1108131557>1108130633
#ERR Elements not ordered. index=542185 1108148195>1108141130
#ERR Elements not ordered. index=542189 1108156202>1108154676
#ERR Elements not ordered. index=542193 1108166026>1108133835
#ERR Elements not ordered. index=542201 1108187960>1108175861
#ERR Elements not ordered. index=542209 1108196716>1108187926
#ERR Elements not ordered. index=542217 1108211946>1108203105
#ERR Elements not ordered. index=542221 1108215999>1108213894
#ERR Elements not ordered. index=542233 1108242110>1108237393
#ERR Elements not ordered. index=542237 1108257791>1108242202
#ERR Elements not ordered. index=542241 1108274724>1108256158
#ERR Elements not ordered. index=542247 1108283127>1108281050
#ERR Elements not ordered. index=542249 1108290848>1108283556
#ERR Elements not ordered. index=542255 1108292555>1108292070
#ERR Elements not ordered. index=542257 1108305337>1108293483
#ERR Elements not ordered. index=542259 1108296033>1108294548
#ERR Elements not ordered. index=542273 1108345655>1108327164
#ERR Elements not ordered. index=542285 1108351672>1108348562
#ERR Elements not ordered. index=542289 1108381812>1108351998
#ERR Elements not ordered. index=542305 1108403009>1108387993
#ERR Elements not ordered. index=542317 1108422047>1108421813
#ERR Elements not ordered. index=542327 1108433772>1108433495
#ERR Elements not ordered. index=542329 1108437119>1108434257
#ERR Elements not ordered. index=542333 1108449835>1108441219
#ERR Elements not ordered. index=542337 1108464883>1108453032
#ERR Elements not ordered. index=542341 1108471035>1108467752
#ERR Elements not ordered. index=542345 1108487594>1108476293
#ERR Elements not ordered. index=542353 1108519659>1108492854
#ERR Elements not ordered. index=542365 1108529419>1108522800
#ERR Elements not ordered. index=542369 1108558233>1108530979
#ERR Elements not ordered. index=542385 1108576760>1108562504
#ERR Elements not ordered. index=542395 1108580683>1108579963
#ERR Elements not ordered. index=542397 1108587401>1108580761
#ERR Elements not ordered. index=542401 1108635871>1108310744
#ERR Elements not ordered. index=542425 1108637334>1108637293
#ERR Elements not ordered. index=542433 1108667391>1108648675
#ERR Elements not ordered. index=542453 1108694834>1108694726
#ERR Elements not ordered. index=542455 1108699263>1108697265
#ERR Elements not ordered. index=542457 1108701751>1108700680
#ERR Elements not ordered. index=542459 1108702279>1108701840
#ERR Elements not ordered. index=542461 1108708353>1108704348
#ERR Elements not ordered. index=542465 1108789347>1108710153
#ERR Elements not ordered. index=542505 1108803451>1108791640
#ERR Elements not ordered. index=542513 1108833666>1108803863
#ERR Elements not ordered. index=542525 1108849335>1108839022
#ERR Elements not ordered. index=542529 1108860083>1108589344
#ERR Elements not ordered. index=542537 1108861759>1108853926
#ERR Elements not ordered. index=542539 1108865574>1108862164
#ERR Elements not ordered. index=542545 1108879099>1108865878
#ERR Elements not ordered. index=542547 1108881558>1108880573
#ERR Elements not ordered. index=542549 1108882632>1108872887
#ERR Elements not ordered. index=542551 1108891119>1108888737
#ERR Elements not ordered. index=542553 1108892760>1108881865
#ERR Elements not ordered. index=542557 1108895794>1108892865
#ERR Elements not ordered. index=542559 1108898948>1108898368
#ERR Elements not ordered. index=542561 1108904447>1108900455
#ERR Elements not ordered. index=542567 1108912695>1108910388
#ERR Elements not ordered. index=542569 1108921532>1108913750
#ERR Elements not ordered. index=542577 1108945946>1108923944
#ERR Elements not ordered. index=542589 1108957604>1108947871
#ERR Elements not ordered. index=542593 1108985137>1108960679
#ERR Elements not ordered. index=542607 1108990985>1108990052
#ERR Elements not ordered. index=542609 1108994637>1108990993
#ERR Elements not ordered. index=542615 1109003968>1109003678
#ERR Elements not ordered. index=542617 1109005528>1109004795
#ERR Elements not ordered. index=542621 1109014830>1109009732
#ERR Elements not ordered. index=542625 1109019241>1109017274
#ERR Elements not ordered. index=542629 1109032217>1109020822
#ERR Elements not ordered. index=542633 1109038925>1109033363
#ERR Elements not ordered. index=542639 1109042130>1109039638
#ERR Elements not ordered. index=542641 1109051565>1109042642
#ERR Elements not ordered. index=542647 1109060342>1109053119
#ERR Elements not ordered. index=542649 1109075915>1109063107
#ERR Elements not ordered. index=542657 -1>1108896532
#ERR Elements not ordered. index=542661 1109090809>1109087057
#ERR Elements not ordered. index=542663 1109096650>1109095021
#SDC Ite:0 KerTime:6.215569 AccTime:6.215569 KerErr:178 AccErr:178
#END