#HEADER size:1048576
#BEGIN Y:2016 M:09 D:07 Time:10:16:05
#IT Ite:0 KerTime:5.795569 AccTime:5.795569
#ERR The histogram from element 1144227006 differs. srcHist=1 dstHist=2

#ERR The histogram from element 1144662628 differs. srcHist=1 dstHist=2

#ERR The histogram from element 1144804332 differs. srcHist=1 dstHist=0

#ERR The histogram from element 1145352578 differs. srcHist=1 dstHist=2

#ERR The histogram from element 1146701767 differs. srcHist=1 dstHist=0

#ERR The histogram from element 1147343267 differs. srcHist=1 dstHist=2

#ERR The histogram from element 1148357846 differs. srcHist=1 dstHist=3

#ERR The histogram from element 1148979342 differs. srcHist=1 dstHist=2

#ERR The histogram from element 1148983897 differs. srcHist=1 dstHist=2

#ERR The histogram from element 1148985916 differs. srcHist=1 dstHist=2

#ERR The histogram from element 1148986308 differs. srcHist=1 dstHist=2

#ERR The histogram from element 1148987496 differs. srcHist=1 dstHist=2

#ERR The histogram from element 1148987916 differs. srcHist=1 dstHist=2

#ERR The histogram from element 1148988705 differs. srcHist=1 dstHist=2

#ERR The histogram from element 1148990580 differs. srcHist=1 dstHist=2

#ERR The histogram from element 1149005892 differs. srcHist=1 dstHist=2

#ERR The histogram from element 1149006193 differs. srcHist=1 dstHist=2

#ERR The histogram from element 1149006515 differs. srcHist=1 dstHist=2

#ERR The histogram from element 1149007121 differs. srcHist=1 dstHist=2

#ERR The histogram from element 1149008271 differs. srcHist=1 dstHist=2

#ERR The histogram from element 1149008488 differs. srcHist=1 dstHist=2

#ERR The histogram from element 1149010517 differs. srcHist=1 dstHist=2

#ERR The histogram from element 1149011036 differs. srcHist=1 dstHist=2

#ERR The histogram from element 1149013712 differs. srcHist=1 dstHist=2

#ERR The histogram from element 1149013917 differs. srcHist=1 dstHist=2

#ERR The histogram from element 1149013942 differs. srcHist=1 dstHist=2

#ERR The histogram from element 1149014408 differs. srcHist=1 dstHist=2

#ERR The histogram from element 1149014667 differs. srcHist=1 dstHist=2

#ERR The histogram from element 1149022690 differs. srcHist=1 dstHist=0

#ERR The histogram from element 1149027083 differs. srcHist=1 dstHist=0

#ERR The histogram from element 1149028202 differs. srcHist=1 dstHist=0

#ERR The histogram from element 1149029534 differs. srcHist=1 dstHist=0

#ERR The histogram from element 1149031021 differs. srcHist=1 dstHist=0

#ERR The histogram from element 1149036910 differs. srcHist=1 dstHist=0

#ERR The histogram from element 1149036936 differs. srcHist=1 dstHist=0

#ERR The histogram from element 1149044249 differs. srcHist=1 dstHist=2

#ERR The histogram from element 1149045203 differs. srcHist=1 dstHist=2

#ERR The histogram from element 1149047334 differs. srcHist=1 dstHist=0

#ERR The histogram from element 1149049003 differs. srcHist=1 dstHist=0

#ERR The histogram from element 1149051920 differs. srcHist=1 dstHist=2

#ERR The histogram from element 1149053987 differs. srcHist=1 dstHist=0

#ERR The histogram from element 1149060994 differs. srcHist=1 dstHist=0

#ERR The histogram from element 1149061308 differs. srcHist=1 dstHist=0

#ERR The histogram from element 1149061423 differs. srcHist=1 dstHist=2

#ERR The histogram from element 1149062780 differs. srcHist=1 dstHist=2

#ERR The histogram from element 1149063458 differs. srcHist=1 dstHist=2

#ERR The histogram from element 1149063484 differs. srcHist=1 dstHist=0

#ERR The histogram from element 1149067066 differs. srcHist=1 dstHist=0

#ERR The histogram from element 1149070657 differs. srcHist=1 dstHist=0

#ERR The histogram from element 1149072113 differs. srcHist=1 dstHist=2

#ERR The histogram from element 1149074800 differs. srcHist=1 dstHist=0

#ERR The histogram from element 1149076301 differs. srcHist=1 dstHist=0

#ERR The histogram from element 1149078054 differs. srcHist=1 dstHist=2

#ERR The histogram from element 1149080153 differs. srcHist=1 dstHist=0

#ERR The histogram from element 1149083204 differs. srcHist=1 dstHist=2

#ERR The histogram from element 1149083277 differs. srcHist=1 dstHist=0

#ERR The histogram from element 1149083285 differs. srcHist=1 dstHist=0

#ERR The histogram from element 1149084664 differs. srcHist=1 dstHist=0

#ERR The histogram from element 1149088255 differs. srcHist=1 dstHist=0

#ERR The histogram from element 1149090494 differs. srcHist=1 dstHist=0

#ERR The histogram from element 1149092377 differs. srcHist=1 dstHist=0

#ERR The histogram from element 1149096802 differs. srcHist=1 dstHist=0

#ERR The histogram from element 1149097252 differs. srcHist=1 dstHist=0

#ERR The histogram from element 1149100033 differs. srcHist=1 dstHist=0

#ERR The histogram from element 1149101703 differs. srcHist=1 dstHist=0

#ERR The histogram from element 1149102218 differs. srcHist=1 dstHist=0

#ERR The histogram from element 1149105078 differs. srcHist=1 dstHist=0

#ERR The histogram from element 1149107506 differs. srcHist=1 dstHist=0

#ERR The histogram from element 1150840348 differs. srcHist=1 dstHist=0

#ERR The histogram from element 1153147970 differs. srcHist=1 dstHist=2

#ERR The histogram from element 1153152420 differs. srcHist=1 dstHist=2

#ERR The histogram from element 1153162073 differs. srcHist=1 dstHist=2

#ERR The histogram from element 1153162077 differs. srcHist=1 dstHist=2

#ERR The histogram from element 1153162265 differs. srcHist=1 dstHist=2

#ERR The histogram from element 1153168974 differs. srcHist=1 dstHist=2

#ERR The histogram from element 1153169784 differs. srcHist=1 dstHist=2

#ERR The histogram from element 1153170559 differs. srcHist=1 dstHist=2

#ERR The histogram from element 1153171772 differs. srcHist=1 dstHist=2

#ERR The histogram from element 1153176520 differs. srcHist=1 dstHist=0

#ERR The histogram from element 1153184092 differs. srcHist=1 dstHist=0

#ERR The histogram from element 1153204282 differs. srcHist=1 dstHist=0

#ERR The histogram from element 1153215194 differs. srcHist=1 dstHist=0

#ERR The histogram from element 1153216377 differs. srcHist=1 dstHist=0

#ERR The histogram from element 1153217093 differs. srcHist=1 dstHist=0

#ERR The histogram from element 1153219081 differs. srcHist=1 dstHist=0

#ERR The histogram from element 1153220854 differs. srcHist=1 dstHist=0

#ERR The histogram from element 1153222329 differs. srcHist=1 dstHist=0

#ERR The histogram from element 1153223052 differs. srcHist=1 dstHist=0

#ERR The histogram from element 1160185021 differs. srcHist=1 dstHist=2

#ERR The histogram from element 1186078883 differs. srcHist=1 dstHist=0

#ERR The histogram from element 1188211259 differs. srcHist=1 dstHist=0

#ERR The histogram from element 1190306535 differs. srcHist=1 dstHist=0

#ERR The histogram from element 1192434590 differs. srcHist=1 dstHist=0

#ERR The histogram from element 1194541818 differs. srcHist=1 dstHist=0

#ERR The histogram from element 1196637111 differs. srcHist=1 dstHist=0

#ERR The histogram from element 1198672257 differs. srcHist=1 dstHist=0

#ERR The histogram from element 1200761364 differs. srcHist=1 dstHist=0

#ERR Elements not ordered. index=559755 1146664843>1144228843
#ERR Elements not ordered. index=559848 1144533325>1144475203
#ERR Elements not ordered. index=559850 1144615258>1144612526
#ERR Elements not ordered. index=559864 1144657627>1144618268
#ERR Elements not ordered. index=559880 1144687788>1144533670
#ERR Elements not ordered. index=559912 1144636949>1144227006
#ERR Elements not ordered. index=559914 1144771318>1144770998
#ERR Elements not ordered. index=559928 1144803839>1144771426
#ERR Elements not ordered. index=559930 1144804717>1144227006
#ERR Elements not ordered. index=559944 1144836426>1144397981
#ERR Elements not ordered. index=559964 1144461143>1144452467
#ERR Elements not ordered. index=559968 1144464435>1144462024
#ERR Elements not ordered. index=559972 1144473722>1144471406
#ERR Elements not ordered. index=559976 1144736960>1144691038
#ERR Elements not ordered. index=559996 1144743690>1144740708
#ERR Elements not ordered. index=560000 1144753491>1144751593
#ERR Elements not ordered. index=560004 1144770716>1144761628
#ERR Elements not ordered. index=560008 1144804820>1144688778
#ERR Elements not ordered. index=560268 1145364848>1145364184
#ERR Elements not ordered. index=560272 1145371975>1145367247
#ERR Elements not ordered. index=560276 1145378345>1145373048
#ERR Elements not ordered. index=560280 1145609458>1145380596
#ERR Elements not ordered. index=560395 1146337143>1145610247
#ERR Elements not ordered. index=560779 1148845862>1146338075
#ERR Elements not ordered. index=560936 1146664768>1145352578
#ERR Elements not ordered. index=560954 1146701442>1145352578
#ERR Elements not ordered. index=561292 1147346199>1147344724
#ERR Elements not ordered. index=561296 1147355318>1147352566
#ERR Elements not ordered. index=561300 1147372949>1147362649
#ERR Elements not ordered. index=561304 1147604577>1147379530
#ERR Elements not ordered. index=561419 1148459216>1147608132
#ERR Elements not ordered. index=561803 1150844577>1148459260
#ERR Elements not ordered. index=561936 1148793111>1148791598
#ERR Elements not ordered. index=561940 1148817978>1148814166
#ERR Elements not ordered. index=561944 1148824763>1148820182
#ERR Elements not ordered. index=561948 1148831555>1148825907
#ERR Elements not ordered. index=561952 1148837777>1148834748
#ERR Elements not ordered. index=561954 1148840052>1148838512
#ERR Elements not ordered. index=561960 1148849724>1147343267
#ERR Elements not ordered. index=561962 1148983897>1148979342
#ERR Elements not ordered. index=561974 1149010517>1149008488
#ERR Elements not ordered. index=561976 1149063458>1148985916
#ERR Elements not ordered. index=561978 1149011036>1147343267
#ERR Elements not ordered. index=561990 1149078054>1149072113
#ERR Elements not ordered. index=561992 1149083204>1148753127
#ERR Elements not ordered. index=562012 1148795380>1148793026
#ERR Elements not ordered. index=562016 1148801330>1148796995
#ERR Elements not ordered. index=562020 1148814199>1148805287
#ERR Elements not ordered. index=562030 1148872896>1148869485
#ERR Elements not ordered. index=562032 1148880176>1148875005
#ERR Elements not ordered. index=562034 1148880765>1148880317
#ERR Elements not ordered. index=562036 1148884050>1148880899
#ERR Elements not ordered. index=562038 1148889876>1148889487
#ERR Elements not ordered. index=562040 1148930531>1148908582
#ERR Elements not ordered. index=562056 1148977752>1148892798
#ERR Elements not ordered. index=562076 1148939405>1148935491
#ERR Elements not ordered. index=562080 1148952357>1148941545
#ERR Elements not ordered. index=562084 1148958030>1148955130
#ERR Elements not ordered. index=562088 1149002380>1148979342
#ERR Elements not ordered. index=562102 1149010517>1149008488
#ERR Elements not ordered. index=562104 1149063458>1149010881
#ERR Elements not ordered. index=562118 1149078054>1149072113
#ERR Elements not ordered. index=562316 1149525276>1149524879
#ERR Elements not ordered. index=562320 1149534539>1149530556
#ERR Elements not ordered. index=562324 1149543973>1149540314
#ERR Elements not ordered. index=562328 1149748478>1149546938
#ERR Elements not ordered. index=562443 1150484989>1149748638
#ERR Elements not ordered. index=562827 1152986108>1150486033
#ERR Elements not ordered. index=562984 1150795581>1148357846
#ERR Elements not ordered. index=562986 1150799744>1150797576
#ERR Elements not ordered. index=563000 1150837911>1150800112
#ERR Elements not ordered. index=563002 1150844460>1148357846
#ERR Elements not ordered. index=563016 1150873675>1150666196
#ERR Elements not ordered. index=563338 1151557884>1149524063
#ERR Elements not ordered. index=564008 1152952029>1144662628
#ERR Elements not ordered. index=564012 1152964244>1152953374
#ERR Elements not ordered. index=564016 1153017579>1152991219
#ERR Elements not ordered. index=564020 1153040241>1153034279
#ERR Elements not ordered. index=564026 1153147970>1144662628
#ERR Elements not ordered. index=564028 1153144707>1153137819
#ERR Elements not ordered. index=564040 1153171772>1152956085
#ERR Elements not ordered. index=564060 1152997519>1152994362
#ERR Elements not ordered. index=564064 1153002481>1152999722
#ERR Elements not ordered. index=564068 1153019794>1153009502
#ERR Elements not ordered. index=564072 1153054159>1153022489
#ERR Elements not ordered. index=564092 1153058390>1153054963
#ERR Elements not ordered. index=564096 1153070813>1153063826
#ERR Elements not ordered. index=564100 1153084864>1153071729
#ERR Elements not ordered. index=564104 1153089863>1153085780
#ERR Elements not ordered. index=564362 1153657090>1151558798
#ERR Elements not ordered. index=565386 1155796915>1153658341
#ERR Elements not ordered. index=566410 1157945475>1155796918
#ERR Elements not ordered. index=567434 1160049065>1157948793
#ERR Elements not ordered. index=568458 1162103122>1160052866
#ERR Elements not ordered. index=569482 1164175827>1160185021
#ERR Elements not ordered. index=570506 1166253137>1162106321
#ERR Elements not ordered. index=571530 1168326557>1164178554
#ERR Elements not ordered. index=572554 1170387415>1166253141
#ERR Elements not ordered. index=573132 1171602527>1171594636
#ERR Elements not ordered. index=573134 1171605410>1171602248
#ERR Elements not ordered. index=573142 1171621457>1171619935
#ERR Elements not ordered. index=573144 1171628553>1171604067
#ERR Elements not ordered. index=573146 1171634785>1171629004
#ERR Elements not ordered. index=573148 1171641979>1171638914
#ERR Elements not ordered. index=573152 1171654141>1171624906
#ERR Elements not ordered. index=573160 1171663911>1171651416
#ERR Elements not ordered. index=573168 1171679782>1171662613
#ERR Elements not ordered. index=573176 1171694567>1171675307
#ERR Elements not ordered. index=573184 1171715859>1171688938
#ERR Elements not ordered. index=573192 1171734091>1171715669
#ERR Elements not ordered. index=573198 1171738116>1171736784
#ERR Elements not ordered. index=573200 1171739597>1171733635
#ERR Elements not ordered. index=573204 1171754651>1171738339
#ERR Elements not ordered. index=573208 1171761504>1171757354
#ERR Elements not ordered. index=573212 1171767577>1171763979
#ERR Elements not ordered. index=573216 1171788362>1171777191
#ERR Elements not ordered. index=573218 1171780590>1171777269
#ERR Elements not ordered. index=573220 1171788988>1171784824
#ERR Elements not ordered. index=573224 1171801654>1171788817
#ERR Elements not ordered. index=573226 1171797353>1171795690
#ERR Elements not ordered. index=573228 1171808054>1171798994
#ERR Elements not ordered. index=573232 1171823588>1171807477
#ERR Elements not ordered. index=573234 1171815934>1171811127
#ERR Elements not ordered. index=573238 1171829810>1171823933
#ERR Elements not ordered. index=573240 1171843496>1171830355
#ERR Elements not ordered. index=573248 1171854758>1171845692
#ERR Elements not ordered. index=573252 1171848640>1171847479
#ERR Elements not ordered. index=573254 1171849243>1171849046
#ERR Elements not ordered. index=573256 1171878904>1171850811
#ERR Elements not ordered. index=573258 1171859251>1171855911
#ERR Elements not ordered. index=573264 1171875576>1171870136
#ERR Elements not ordered. index=573268 1171884556>1171876702
#ERR Elements not ordered. index=573272 1171895707>1171884010
#ERR Elements not ordered. index=573276 1171891523>1171889170
#ERR Elements not ordered. index=573280 1171892505>1171891713
#ERR Elements not ordered. index=573578 1172508151>1168327494
#ERR Elements not ordered. index=573580 1172513867>1172512497
#ERR Elements not ordered. index=573583 1172524962>1172514621
#ERR Elements not ordered. index=573587 1172761956>1172525316
#ERR Elements not ordered. index=573707 1173535433>1172764854
#ERR Elements not ordered. index=574091 1185295052>1173542980
#ERR Elements not ordered. index=574602 1174605066>1170387449
#ERR Elements not ordered. index=574604 1174609561>1174608154
#ERR Elements not ordered. index=574607 1174629046>1174612338
#ERR Elements not ordered. index=574611 1174889342>1174629997
#ERR Elements not ordered. index=574731 1175667873>1174891049
#ERR Elements not ordered. index=575115 1187402561>1175668660
#ERR Elements not ordered. index=575626 1176680419>1172510370
#ERR Elements not ordered. index=575628 1176685414>1176684918
#ERR Elements not ordered. index=575631 1176704811>1176686069
#ERR Elements not ordered. index=575635 1176949732>1176709655
#ERR Elements not ordered. index=575755 1177802264>1176951408
#ERR Elements not ordered. index=576139 1189484621>1177805470
#ERR Elements not ordered. index=576650 1178870220>1172511075
#ERR Elements not ordered. index=576652 1178883204>1178881039
#ERR Elements not ordered. index=576655 1178888923>1178884937
#ERR Elements not ordered. index=576659 1179141057>1178897282
#ERR Elements not ordered. index=576779 1179870696>1179142717
#ERR Elements not ordered. index=577163 1191653907>1179870883
#ERR Elements not ordered. index=577674 1180947733>1174606299
#ERR Elements not ordered. index=577676 1180955743>1180954048
#ERR Elements not ordered. index=577679 1180964415>1180956755
#ERR Elements not ordered. index=577683 1181201849>1180965449
#ERR Elements not ordered. index=577803 1182003217>1181203364
#ERR Elements not ordered. index=578187 1193748866>1182007622
#ERR Elements not ordered. index=578698 1182979891>1174607941
#ERR Elements not ordered. index=578700 1182988157>1182987141
#ERR Elements not ordered. index=578703 1183003450>1182989960
#ERR Elements not ordered. index=578707 1183235290>1183005338
#ERR Elements not ordered. index=578827 1184035943>1183236768
#ERR Elements not ordered. index=579211 1195849818>1184036954
#ERR Elements not ordered. index=579722 1185023827>1176682223
#ERR Elements not ordered. index=579850 1185293680>1185024578
#ERR Elements not ordered. index=580235 1197937778>1186081288
#ERR Elements not ordered. index=580746 1187130066>1176683169
#ERR Elements not ordered. index=580874 1187402495>1187130198
#ERR Elements not ordered. index=581259 1200004675>1188211518
#ERR Elements not ordered. index=581770 1189250318>1178879000
#ERR Elements not ordered. index=581898 1189482522>1189254777
#ERR Elements not ordered. index=582283 -1>1190309230
#ERR Elements not ordered. index=582794 1191392656>1178879576
#ERR Elements not ordered. index=582922 1191650666>1191393423
#ERR Elements not ordered. index=583307 -1>1192435149
#ERR Elements not ordered. index=583818 1193482488>1180950925
#ERR Elements not ordered. index=583946 1193748741>1193485259
#ERR Elements not ordered. index=584331 -1>1194544371
#ERR Elements not ordered. index=584842 1195566654>1180953193
#ERR Elements not ordered. index=584970 1195846408>1195568584
#ERR Elements not ordered. index=585355 -1>1196642282
#ERR Elements not ordered. index=585866 1197651836>1182983354
#ERR Elements not ordered. index=585994 1197934891>1197655510
#ERR Elements not ordered. index=586379 -1>1198673658
#ERR Elements not ordered. index=586890 1199774430>1182986792
#ERR Elements not ordered. index=587018 1200004634>1199775330
#ERR Elements not ordered. index=587403 -1>1200764814
#ERR Elements not ordered. index=587916 1201815356>1201812014
#ERR Elements not ordered. index=587919 1201835452>1201822039
#ERR Elements not ordered. index=587923 1202064925>1201840885
#ERR Elements not ordered. index=588043 1202830657>1202065124
#ERR Elements not ordered. index=588427 1236076622>1202835554
#ERR Elements not ordered. index=588938 1203905856>1201808388
#ERR Elements not ordered. index=588940 1203928442>1203914780
#ERR Elements not ordered. index=588943 1203933594>1203929200
#ERR Elements not ordered. index=588947 1204154262>1203934085
#ERR Elements not ordered. index=589067 1204968098>1204155538
#ERR Elements not ordered. index=589451 1238089394>1204970118
#ERR Elements not ordered. index=589962 1206002000>1203907569
#ERR Elements not ordered. index=589964 1206016387>1206012192
#ERR Elements not ordered. index=589967 1206020360>1206016766
#ERR Elements not ordered. index=589971 1206268998>1206021609
#ERR Elements not ordered. index=590091 1207049836>1206270804
#ERR Elements not ordered. index=590475 1240105849>1207051880
#ERR Elements not ordered. index=590986 1208072364>1203914306
#ERR Elements not ordered. index=590988 1208082420>1208080182
#ERR Elements not ordered. index=590991 1208090467>1208084492
#ERR Elements not ordered. index=590995 1208360052>1208091814
#ERR Elements not ordered. index=591115 1209101736>1208363598
#ERR Elements not ordered. index=591499 1242208322>1209113221
#ERR Elements not ordered. index=592010 1210141401>1206003693
#ERR Elements not ordered. index=592012 1210153583>1210147647
#ERR Elements not ordered. index=592015 1210162475>1210156523
#ERR Elements not ordered. index=592019 1210416687>1210167408
#ERR Elements not ordered. index=592139 1211188887>1210418431
#ERR Elements not ordered. index=592523 1244297689>1211190760
#ERR Elements not ordered. index=593034 1212178746>1206004301
#ERR Elements not ordered. index=593036 1212182729>1212182076
#ERR Elements not ordered. index=593039 1212202393>1212193512
#ERR Elements not ordered. index=593043 1212436857>1212207691
#ERR Elements not ordered. index=593163 1213160785>1212437261
#ERR Elements not ordered. index=593547 1246437009>1213163194
#ERR Elements not ordered. index=594058 1214221341>1208074222
#ERR Elements not ordered. index=594060 1214229474>1214226296
#ERR Elements not ordered. index=594063 1214237676>1214231285
#ERR Elements not ordered. index=594067 1214470545>1214239144
#ERR Elements not ordered. index=594187 1215271891>1214473687
#ERR Elements not ordered. index=594571 1248505850>1215273248
#ERR Elements not ordered. index=595082 1216266802>1208079341
#ERR Elements not ordered. index=595084 1216276348>1216273567
#ERR Elements not ordered. index=595087 1216279188>1216276380
#ERR Elements not ordered. index=595091 1216536386>1216280696
#ERR Elements not ordered. index=595211 1217262425>1216536829
#ERR Elements not ordered. index=595595 1250524392>1217276288
#ERR Elements not ordered. index=596106 1218281508>1210142747
#ERR Elements not ordered. index=596108 1218289386>1218285378
#ERR Elements not ordered. index=596111 1218293952>1218289632
#ERR Elements not ordered. index=596115 1218522835>1218295086
#ERR Elements not ordered. index=596235 1219328254>1218523198
#ERR Elements not ordered. index=596619 1251566372>1219329550
#ERR Elements not ordered. index=597130 1220350894>1210143330
#ERR Elements not ordered. index=597132 1220364968>1220358211
#ERR Elements not ordered. index=597135 1220367831>1220366013
#ERR Elements not ordered. index=597139 1220603925>1220368023
#ERR Elements not ordered. index=597259 1221374755>1220606381
#ERR Elements not ordered. index=597643 1251776802>1221380345
#ERR Elements not ordered. index=598154 1222428109>1212180794
#ERR Elements not ordered. index=598156 1222442891>1222442232
#ERR Elements not ordered. index=598159 1222444759>1222443036
#ERR Elements not ordered. index=598163 1222680680>1222447796
#ERR Elements not ordered. index=598283 1223469772>1222680906
#ERR Elements not ordered. index=598667 1252563024>1223474488
#ERR Elements not ordered. index=599178 1224550626>1212181388
#ERR Elements not ordered. index=599180 1224558598>1224554704
#ERR Elements not ordered. index=599183 1224562718>1224558685
#ERR Elements not ordered. index=599187 1224795319>1224564048
#ERR Elements not ordered. index=599307 1225586529>1224798653
#ERR Elements not ordered. index=599691 1253583774>1225596292
#ERR Elements not ordered. index=600202 1226727974>1214221946
#ERR Elements not ordered. index=600204 1226741425>1226740597
#ERR Elements not ordered. index=600207 1226748217>1226744296
#ERR Elements not ordered. index=600211 1226978291>1226748791
#ERR Elements not ordered. index=600331 1227820155>1226980188
#ERR Elements not ordered. index=600715 1253851741>1227821974
#ERR Elements not ordered. index=601226 1228918995>1214224419
#ERR Elements not ordered. index=601228 1228939412>1228927424
#ERR Elements not ordered. index=601231 1228950807>1228939508
#ERR Elements not ordered. index=601235 1229202286>1228951428
#ERR Elements not ordered. index=601355 1229959135>1229203047
#ERR Elements not ordered. index=601739 1254660765>1229959991
#ERR Elements not ordered. index=602250 1231021358>1216267352
#ERR Elements not ordered. index=602252 1231025119>1231024930
#ERR Elements not ordered. index=602255 1231032989>1231025600
#ERR Elements not ordered. index=602259 1231251665>1231034942
#ERR Elements not ordered. index=602379 1232033565>1231251716
#ERR Elements not ordered. index=602763 1255847820>1232034149
#ERR Elements not ordered. index=603274 1233043674>1216268284
#ERR Elements not ordered. index=603276 1233051229>1233049624
#ERR Elements not ordered. index=603279 1233061998>1233056470
#ERR Elements not ordered. index=603283 1233275182>1233062672
#ERR Elements not ordered. index=603403 1234055520>1233277759
#ERR Elements not ordered. index=603787 1256132786>1234055951
#ERR Elements not ordered. index=604298 1235042598>1218281529
#ERR Elements not ordered. index=604811 1256945182>1236084105
#ERR Elements not ordered. index=605322 1237086619>1218283092
#ERR Elements not ordered. index=605835 1258027774>1238093495
#ERR Elements not ordered. index=606346 1239076523>1220351683
#ERR Elements not ordered. index=606859 1258286673>1240106348
#ERR Elements not ordered. index=607370 1241168077>1220354902
#ERR Elements not ordered. index=607883 1259054935>1242208969
#ERR Elements not ordered. index=608394 1243271991>1222431080
#ERR Elements not ordered. index=608907 1260158050>1244302045
#ERR Elements not ordered. index=609418 1245343211>1222431716
#ERR Elements not ordered. index=609931 1260396847>1246438056
#ERR Elements not ordered. index=610442 1247491542>1224554103
#ERR Elements not ordered. index=610955 1261178839>1248508692
#ERR Elements not ordered. index=611466 1249515896>1224554430
#ERR Elements not ordered. index=611979 1262201381>1250525853
#ERR Elements not ordered. index=612490 1251550045>1226729457
#ERR Elements not ordered. index=612498 1251565302>1251551095
#ERR Elements not ordered. index=612618 1251776689>1249516562
#ERR Elements not ordered. index=613003 1262436143>1252565492
#ERR Elements not ordered. index=613514 1253561500>1226736875
#ERR Elements not ordered. index=613522 1253578537>1253565629
#ERR Elements not ordered. index=613642 1253847407>1247491921
#ERR Elements not ordered. index=614027 1263295559>1254662047
#ERR Elements not ordered. index=614538 1255827498>1228921398
#ERR Elements not ordered. index=614546 1255846969>1255827785
#ERR Elements not ordered. index=614666 1256132430>1245344543
#ERR Elements not ordered. index=615051 1264382508>1256945381
#ERR Elements not ordered. index=615562 1258016581>1228922778
#ERR Elements not ordered. index=615570 1258025062>1258017678
#ERR Elements not ordered. index=615690 1258284789>1243272080
#ERR Elements not ordered. index=616075 1264595434>1259058370
#ERR Elements not ordered. index=616586 1260125360>1231021979
#ERR Elements not ordered. index=616594 1260154178>1260128307
#ERR Elements not ordered. index=616714 1260395467>1241168264
#ERR Elements not ordered. index=617099 1265386899>1261185034
#ERR Elements not ordered. index=617610 1262189696>1231022898
#ERR Elements not ordered. index=617618 1262201231>1262189839
#ERR Elements not ordered. index=617738 1262428715>1239076824
#ERR Elements not ordered. index=618123 1266535138>1263297545
#ERR Elements not ordered. index=618634 1264367238>1233047121
#ERR Elements not ordered. index=618642 1264380464>1264368361
#ERR Elements not ordered. index=618762 1264594974>1237087783
#ERR Elements not ordered. index=619147 1266786646>1265389401
#ERR Elements not ordered. index=619658 1266506591>1233048639
#ERR Elements not ordered. index=619666 1266526369>1266507230
#ERR Elements not ordered. index=619786 1266786574>1235044305
#ERR Elements not ordered. index=620684 1268634065>1268625708
#ERR Elements not ordered. index=620687 1268644713>1268635193
#ERR Elements not ordered. index=620691 1268861868>1268645479
#ERR Elements not ordered. index=620811 1269628500>1268861893
#ERR Elements not ordered. index=621195 1337579660>1269640071
#ERR Elements not ordered. index=621708 1270646439>1270640578
#ERR Elements not ordered. index=621711 1270652578>1270647088
#ERR Elements not ordered. index=621715 1270909933>1270660092
#ERR Elements not ordered. index=621835 1271756267>1270916267
#ERR Elements not ordered. index=622219 1339671229>1271764874
#ERR Elements not ordered. index=622732 1272909944>1272906671
#ERR Elements not ordered. index=622735 1272917234>1272914903
#ERR Elements not ordered. index=622739 1273138627>1272920780
#ERR Elements not ordered. index=622859 1273901007>1273144318
#ERR Elements not ordered. index=623243 1341765998>1273903724
#ERR Elements not ordered. index=623756 1274955962>1274954772
#ERR Elements not ordered. index=623759 1274958781>1274956094
#ERR Elements not ordered. index=623763 1275201421>1274960100
#ERR Elements not ordered. index=623883 1276027150>1275206642
#ERR Elements not ordered. index=624267 1343958623>1276030510
#ERR Elements not ordered. index=624780 1277072296>1277069769
#ERR Elements not ordered. index=624783 1277078944>1277074110
#ERR Elements not ordered. index=624787 1277327965>1277079012
#ERR Elements not ordered. index=624907 1278099534>1277330750
#ERR Elements not ordered. index=625291 1346149956>1278102710
#ERR Elements not ordered. index=625804 1279094588>1279090193
#ERR Elements not ordered. index=625807 1279102465>1279099114
#ERR Elements not ordered. index=625811 1279389382>1279103024
#ERR Elements not ordered. index=625931 1280154722>1279389608
#ERR Elements not ordered. index=626315 1348122224>1280157813
#ERR Elements not ordered. index=626828 1281191112>1281188734
#ERR Elements not ordered. index=626831 1281195530>1281191628
#ERR Elements not ordered. index=626835 1281438132>1281196476
#ERR Elements not ordered. index=626955 1282202715>1281438771
#ERR Elements not ordered. index=627339 1350177247>1282204535
#ERR Elements not ordered. index=627852 1283272654>1283262527
#ERR Elements not ordered. index=627855 1283282539>1283273160
#ERR Elements not ordered. index=627859 1283545663>1283292806
#ERR Elements not ordered. index=627979 1284360538>1283546248
#ERR Elements not ordered. index=628363 1352360914>1284361391
#ERR Elements not ordered. index=628876 1285423577>1285419468
#ERR Elements not ordered. index=628879 1285432488>1285428985
#ERR Elements not ordered. index=628883 1285638368>1285433771
#ERR Elements not ordered. index=629003 1286443315>1285639770
#ERR Elements not ordered. index=629387 1354457586>1286444681
#ERR Elements not ordered. index=629900 1287488262>1287484688
#ERR Elements not ordered. index=629903 1287501331>1287490386
#ERR Elements not ordered. index=629907 1287729238>1287501336
#ERR Elements not ordered. index=630027 1288538600>1287733629
#ERR Elements not ordered. index=630411 1356645856>1288539685
#ERR Elements not ordered. index=630924 1289563207>1289555902
#ERR Elements not ordered. index=630927 1289570605>1289564345
#ERR Elements not ordered. index=630931 1289820274>1289574610
#ERR Elements not ordered. index=631051 1290620381>1289829388
#ERR Elements not ordered. index=631435 1358776697>1290620819
#ERR Elements not ordered. index=631948 1291657646>1291653172
#ERR Elements not ordered. index=631951 1291670186>1291664239
#ERR Elements not ordered. index=631955 1291931524>1291670253
#ERR Elements not ordered. index=632075 1292753758>1291935823
#ERR Elements not ordered. index=632459 1360901509>1292754272
#ERR Elements not ordered. index=632972 1293913513>1293911924
#ERR Elements not ordered. index=632975 1293918508>1293913578
#ERR Elements not ordered. index=632979 1294188992>1293920780
#ERR Elements not ordered. index=633099 1294986135>1294194065
#ERR Elements not ordered. index=633483 1363063718>1294988676
#ERR Elements not ordered. index=633996 1296096351>1296094615
#SDC Ite:0 KerTime:5.795569 AccTime:5.795569 KerErr:681 AccErr:681
#ABORT too many errors per iteration
#END