#HEADER size:1048576
#BEGIN Y:2016 M:09 D:07 Time:10:53:58
#IT Ite:0 KerTime:6.431129 AccTime:6.431129
#ERR The histogram from element 1345700992 differs. srcHist=0 dstHist=1

#ERR The histogram from element 470975237 differs. srcHist=1 dstHist=0

#ERR Elements not ordered. index=230020 471006206>471005410
#ERR Elements not ordered. index=230022 471019479>471009043
#ERR Elements not ordered. index=230054 471108320>471107714
#ERR Elements not ordered. index=230056 471110771>471109427
#ERR Elements not ordered. index=230062 471119265>471119193
#ERR Elements not ordered. index=230064 471122891>471120661
#ERR Elements not ordered. index=230068 471141628>471128633
#ERR Elements not ordered. index=230074 471151751>471148362
#ERR Elements not ordered. index=230078 471156587>471155178
#ERR Elements not ordered. index=230080 471157344>471157319
#ERR Elements not ordered. index=230084 471160872>471160805
#ERR Elements not ordered. index=230088 471166678>471166184
#ERR Elements not ordered. index=230092 471177014>471169998
#ERR Elements not ordered. index=230126 471217118>471216998
#ERR Elements not ordered. index=230132 471229003>471227717
#ERR Elements not ordered. index=230136 471236369>471236152
#ERR Elements not ordered. index=230144 471249180>471249021
#ERR Elements not ordered. index=230146 471250959>471249784
#ERR Elements not ordered. index=230150 471261792>471259981
#ERR Elements not ordered. index=230152 471270004>471267675
#ERR Elements not ordered. index=230154 471270720>471270217
#ERR Elements not ordered. index=230156 471275091>471274503
#ERR Elements not ordered. index=230166 471289053>471287484
#ERR Elements not ordered. index=230176 471297141>471296494
#ERR Elements not ordered. index=230186 471324266>471324226
#ERR Elements not ordered. index=230192 471348877>471348398
#ERR Elements not ordered. index=230198 471364067>471363223
#ERR Elements not ordered. index=230200 471376206>471370999
#ERR Elements not ordered. index=230204 471395365>471383906
#ERR Elements not ordered. index=230218 471412002>471410583
#ERR Elements not ordered. index=230220 471412566>471412285
#ERR Elements not ordered. index=230224 471422622>471417687
#ERR Elements not ordered. index=230234 471441368>471440296
#ERR Elements not ordered. index=230240 471461689>471460331
#ERR Elements not ordered. index=230250 471471654>471468903
#ERR Elements not ordered. index=230252 471474363>471474189
#ERR Elements not ordered. index=230254 471483941>471477351
#ERR Elements not ordered. index=230256 471494058>471486035
#ERR Elements not ordered. index=230260 471496804>471494457
#ERR Elements not ordered. index=230262 471500218>471497730
#ERR Elements not ordered. index=230266 471508283>471508282
#ERR Elements not ordered. index=230272 471515417>471513025
#ERR Elements not ordered. index=230276 471529413>471519743
#ERR Elements not ordered. index=230292 471552156>471548118
#ERR Elements not ordered. index=230296 471562934>471559458
#ERR Elements not ordered. index=230300 471566231>471564939
#ERR Elements not ordered. index=230306 471583099>471576055
#ERR Elements not ordered. index=230308 471593175>471584014
#ERR Elements not ordered. index=230314 471594702>471593949
#ERR Elements not ordered. index=230316 471598642>471597544
#ERR Elements not ordered. index=230320 471609683>471601287
#ERR Elements not ordered. index=230324 471616708>471610124
#ERR Elements not ordered. index=230332 471627043>471626129
#ERR Elements not ordered. index=230334 471632941>471630513
#ERR Elements not ordered. index=230340 471664396>471646006
#ERR Elements not ordered. index=230348 471675643>471669790
#ERR Elements not ordered. index=230352 471685797>471681967
#ERR Elements not ordered. index=230380 471750784>471749900
#ERR Elements not ordered. index=230384 471757679>471755419
#ERR Elements not ordered. index=230398 471772937>471766585
#ERR Elements not ordered. index=230404 471784430>471779221
#ERR Elements not ordered. index=230418 471803170>471801535
#ERR Elements not ordered. index=230424 471821894>471821685
#ERR Elements not ordered. index=230428 471842517>471831686
#ERR Elements not ordered. index=230440 471856990>471855123
#ERR Elements not ordered. index=230446 471868191>471866061
#ERR Elements not ordered. index=230448 471873755>471869377
#ERR Elements not ordered. index=230452 471899905>471875078
#ERR Elements not ordered. index=230468 471924480>471913724
#ERR Elements not ordered. index=230476 471937246>471928571
#ERR Elements not ordered. index=230484 471962494>471946687
#ERR Elements not ordered. index=230494 471964929>471964716
#ERR Elements not ordered. index=230496 471967689>471967176
#ERR Elements not ordered. index=230504 471990374>471985907
#ERR Elements not ordered. index=230508 472007793>471995289
#ERR Elements not ordered. index=230516 472031451>472011984
#ERR Elements not ordered. index=230534 472037622>472036254
#ERR Elements not ordered. index=230536 472044648>472039997
#ERR Elements not ordered. index=230540 472048579>472044937
#ERR Elements not ordered. index=230544 472051933>472049178
#ERR Elements not ordered. index=230548 472063336>472052507
#ERR Elements not ordered. index=230554 472067663>472064432
#ERR Elements not ordered. index=230556 472088366>472068200
#ERR Elements not ordered. index=230564 472126242>472090972
#ERR Elements not ordered. index=230578 472132063>472131344
#ERR Elements not ordered. index=230580 472162510>472133181
#ERR Elements not ordered. index=230596 472165853>472164551
#ERR Elements not ordered. index=230600 472181577>472171005
#ERR Elements not ordered. index=230604 472192023>472190299
#ERR Elements not ordered. index=230612 472204713>472199845
#ERR Elements not ordered. index=230616 472219239>472217693
#ERR Elements not ordered. index=230618 472222809>472221460
#ERR Elements not ordered. index=230620 472229397>472224972
#ERR Elements not ordered. index=230624 472234138>472230495
#ERR Elements not ordered. index=230628 472255931>472236380
#ERR Elements not ordered. index=230652 472303579>472295057
#ERR Elements not ordered. index=230662 472309615>472309046
#ERR Elements not ordered. index=230664 472313105>472311347
#ERR Elements not ordered. index=230668 472337285>472321228
#ERR Elements not ordered. index=230676 472360304>472347695
#ERR Elements not ordered. index=230694 472369569>472369441
#ERR Elements not ordered. index=230696 472376897>472375175
#ERR Elements not ordered. index=230702 472388267>472386901
#ERR Elements not ordered. index=230704 472389408>472388703
#ERR Elements not ordered. index=230706 472392500>472391251
#ERR Elements not ordered. index=230708 472396186>472392762
#ERR Elements not ordered. index=230712 472399228>472398115
#ERR Elements not ordered. index=230716 472405760>472405183
#ERR Elements not ordered. index=230720 472416811>472411127
#ERR Elements not ordered. index=230724 472441295>472416949
#ERR Elements not ordered. index=230740 472498374>472450136
#ERR Elements not ordered. index=230770 472507123>472499209
#ERR Elements not ordered. index=230772 472600301>472507612
#ERR Elements not ordered. index=230826 472611085>472609787
#ERR Elements not ordered. index=230828 472616104>472611731
#ERR Elements not ordered. index=230832 472618531>472616752
#ERR Elements not ordered. index=230834 472623930>472621192
#ERR Elements not ordered. index=230836 472650389>472627938
#ERR Elements not ordered. index=230848 472659140>472657856
#ERR Elements not ordered. index=230852 472676336>472666687
#ERR Elements not ordered. index=230860 472683307>472678810
#ERR Elements not ordered. index=230868 472711015>472692683
#ERR Elements not ordered. index=230882 472715190>472711646
#ERR Elements not ordered. index=230884 472724358>472716069
#ERR Elements not ordered. index=230896 472732981>472732257
#ERR Elements not ordered. index=230898 472733708>472733039
#ERR Elements not ordered. index=230900 472916141>472733962
#ERR Elements not ordered. index=231000 472956186>472951660
#ERR Elements not ordered. index=231012 472977233>472968716
#ERR Elements not ordered. index=231018 472985093>472980619
#ERR Elements not ordered. index=231020 472997074>472987558
#ERR Elements not ordered. index=231032 473030631>473026098
#ERR Elements not ordered. index=231036 473050294>473040403
#ERR Elements not ordered. index=231044 473072419>473052781
#ERR Elements not ordered. index=231058 473075284>473074619
#ERR Elements not ordered. index=231060 473077688>473076367
#ERR Elements not ordered. index=231064 473083539>473079448
#ERR Elements not ordered. index=231066 473085494>473083859
#ERR Elements not ordered. index=231068 473093487>473086133
#ERR Elements not ordered. index=231092 473173513>473151405
#ERR Elements not ordered. index=231116 473209861>473198947
#ERR Elements not ordered. index=231124 473216137>473214046
#ERR Elements not ordered. index=231130 473232582>473230590
#ERR Elements not ordered. index=231132 473236953>473232915
#ERR Elements not ordered. index=231136 473244362>473241224
#ERR Elements not ordered. index=231140 473256372>473253242
#ERR Elements not ordered. index=231144 473266307>473256933
#ERR Elements not ordered. index=231148 473273036>473267115
#ERR Elements not ordered. index=231156 473330033>473273506
#ERR Elements not ordered. index=231182 473332265>473330974
#ERR Elements not ordered. index=231184 473354035>473337295
#ERR Elements not ordered. index=231188 473361292>473354417
#ERR Elements not ordered. index=231194 473365602>473364375
#ERR Elements not ordered. index=231196 473378389>473366560
#ERR Elements not ordered. index=231204 473405374>473378538
#ERR Elements not ordered. index=231220 473421678>473409896
#ERR Elements not ordered. index=231236 473454128>473454014
#ERR Elements not ordered. index=231240 473469122>473466871
#ERR Elements not ordered. index=231244 473484356>473475607
#ERR Elements not ordered. index=231252 473534052>473486617
#ERR Elements not ordered. index=231284 473721042>473538591
#ERR Elements not ordered. index=231378 473729685>473729618
#ERR Elements not ordered. index=231380 473736543>473729864
#ERR Elements not ordered. index=231388 473756307>473749745
#ERR Elements not ordered. index=231396 473805467>473756783
#ERR Elements not ordered. index=231412 473840937>473808000
#ERR Elements not ordered. index=231424 473843596>473842412
#ERR Elements not ordered. index=231430 473852746>473852723
#ERR Elements not ordered. index=231440 473873486>473873301
#ERR Elements not ordered. index=231442 473881942>473879532
#ERR Elements not ordered. index=231444 473903534>473884254
#ERR Elements not ordered. index=231460 473915270>473914802
#ERR Elements not ordered. index=231462 473918999>473917378
#ERR Elements not ordered. index=231464 473922921>473919929
#ERR Elements not ordered. index=231466 473938208>473938010
#ERR Elements not ordered. index=231468 473943506>473938864
#ERR Elements not ordered. index=231476 474074357>473949102
#ERR Elements not ordered. index=231536 474083335>474081825
#ERR Elements not ordered. index=231538 474086024>474083445
#ERR Elements not ordered. index=231540 474336475>474086789
#ERR Elements not ordered. index=231650 474339682>474338223
#ERR Elements not ordered. index=231652 474352224>474342743
#ERR Elements not ordered. index=231662 474363943>474363501
#ERR Elements not ordered. index=231664 474367047>474366375
#ERR Elements not ordered. index=231668 474656534>474372933
#ERR Elements not ordered. index=231802 474673551>474672926
#ERR Elements not ordered. index=231804 474675636>474674489
#ERR Elements not ordered. index=231830 474742295>474740038
#ERR Elements not ordered. index=231832 474745685>474743036
#ERR Elements not ordered. index=231858 474809338>474809306
#ERR Elements not ordered. index=231860 474819691>474814337
#ERR Elements not ordered. index=231872 474838503>474837879
#ERR Elements not ordered. index=231876 474843976>474843418
#ERR Elements not ordered. index=231884 474864605>474861135
#ERR Elements not ordered. index=231892 474890716>474881516
#ERR Elements not ordered. index=231896 474892561>474891414
#ERR Elements not ordered. index=231898 474896091>474892662
#ERR Elements not ordered. index=231902 474908693>474900763
#ERR Elements not ordered. index=231904 474911137>474909051
#ERR Elements not ordered. index=231916 474944615>474940835
#ERR Elements not ordered. index=231920 474954286>474953545
#ERR Elements not ordered. index=231922 474956987>474956246
#ERR Elements not ordered. index=231924 474960505>474958943
#ERR Elements not ordered. index=231930 474970838>474968038
#ERR Elements not ordered. index=231932 474976810>474972214
#ERR Elements not ordered. index=231940 474987241>474981668
#ERR Elements not ordered. index=231946 474992889>474988003
#ERR Elements not ordered. index=231948 474994079>474993109
#ERR Elements not ordered. index=231950 474996737>474995571
#ERR Elements not ordered. index=231952 474999941>474999514
#ERR Elements not ordered. index=231956 475024222>475004290
#ERR Elements not ordered. index=231966 475027659>475025621
#ERR Elements not ordered. index=231968 475034395>475027967
#ERR Elements not ordered. index=231972 475048634>475035639
#ERR Elements not ordered. index=231974 475056491>475052128
#ERR Elements not ordered. index=231976 475061925>475058584
#ERR Elements not ordered. index=231984 475076158>475075009
#ERR Elements not ordered. index=231990 475094966>475093023
#ERR Elements not ordered. index=231992 475101409>475095601
#ERR Elements not ordered. index=231996 475104032>475102431
#ERR Elements not ordered. index=232002 475113349>475113079
#ERR Elements not ordered. index=232004 475123220>475115810
#ERR Elements not ordered. index=232008 475126100>475124635
#ERR Elements not ordered. index=232016 475150654>475150231
#ERR Elements not ordered. index=232028 475177244>475166736
#ERR Elements not ordered. index=232036 475208635>475182428
#ERR Elements not ordered. index=232052 475227779>475215326
#ERR Elements not ordered. index=232060 475239316>475236863
#ERR Elements not ordered. index=232062 475239826>475239501
#ERR Elements not ordered. index=232064 475243349>475241185
#ERR Elements not ordered. index=232066 475246222>475245164
#ERR Elements not ordered. index=232068 475249203>475248559
#ERR Elements not ordered. index=232070 475260231>475249935
#ERR Elements not ordered. index=232072 475263790>475261463
#ERR Elements not ordered. index=232076 475279677>475270057
#ERR Elements not ordered. index=232084 475317234>475282011
#ERR Elements not ordered. index=232112 475342905>475339643
#ERR Elements not ordered. index=232128 475374465>475373975
#ERR Elements not ordered. index=232170 475449214>475448605
#ERR Elements not ordered. index=232172 475452695>475450012
#ERR Elements not ordered. index=232176 475462726>475457760
#ERR Elements not ordered. index=232180 475487314>475470630
#ERR Elements not ordered. index=232188 475494994>475493305
#ERR Elements not ordered. index=232192 475501517>475500710
#ERR Elements not ordered. index=232196 475525541>475504844
#ERR Elements not ordered. index=232206 475531979>475529640
#ERR Elements not ordered. index=232208 475535477>475535060
#ERR Elements not ordered. index=232228 475597842>475597392
#ERR Elements not ordered. index=232232 475605952>475603352
#ERR Elements not ordered. index=232238 475614426>475610431
#ERR Elements not ordered. index=232240 475617020>475615090
#ERR Elements not ordered. index=232244 475656588>475620041
#ERR Elements not ordered. index=232280 475700098>475689324
#ERR Elements not ordered. index=232284 475708667>475702556
#ERR Elements not ordered. index=232286 475718701>475716920
#ERR Elements not ordered. index=232290 475724863>475723931
#ERR Elements not ordered. index=232292 475750103>475729506
#ERR Elements not ordered. index=232304 475757315>475755092
#ERR Elements not ordered. index=232306 475761242>475758608
#ERR Elements not ordered. index=232308 475796325>475761947
#ERR Elements not ordered. index=232338 475809694>475809180
#ERR Elements not ordered. index=232340 475820810>475809914
#ERR Elements not ordered. index=232348 475831318>475822575
#ERR Elements not ordered. index=232352 475838235>475832927
#ERR Elements not ordered. index=232356 475854540>475845165
#ERR Elements not ordered. index=232364 475884612>475873401
#ERR Elements not ordered. index=232372 476006740>475891570
#ERR Elements not ordered. index=232432 476018381>476016769
#ERR Elements not ordered. index=232434 476018992>476018763
#ERR Elements not ordered. index=232436 476026717>476020738
#ERR Elements not ordered. index=232448 476042775>476037166
#ERR Elements not ordered. index=232452 476058042>476050381
#ERR Elements not ordered. index=232460 476067695>476061731
#ERR Elements not ordered. index=232468 476111834>476078626
#ERR Elements not ordered. index=232486 476116952>476114129
#ERR Elements not ordered. index=232488 476121234>476119707
#ERR Elements not ordered. index=232492 476137142>476128188
#ERR Elements not ordered. index=232498 476144569>476138085
#ERR Elements not ordered. index=232500 476147646>476144751
#ERR Elements not ordered. index=232516 476181089>476180872
#ERR Elements not ordered. index=232520 476187047>476186642
#ERR Elements not ordered. index=232522 476195290>476194402
#ERR Elements not ordered. index=232532 476218030>476209929
#ERR Elements not ordered. index=232536 476219698>476219058
#ERR Elements not ordered. index=232546 476244312>476242851
#ERR Elements not ordered. index=232548 476245378>476244429
#ERR Elements not ordered. index=232552 476256768>476246178
#ERR Elements not ordered. index=232556 476257617>476257390
#ERR Elements not ordered. index=232564 476280019>476272970
#ERR Elements not ordered. index=232576 476300027>476292602
#ERR Elements not ordered. index=232578 476302897>476302608
#ERR Elements not ordered. index=232582 476304577>476304265
#ERR Elements not ordered. index=232590 476319138>476317384
#ERR Elements not ordered. index=232592 476321760>476319392
#ERR Elements not ordered. index=232594 476327798>476324609
#ERR Elements not ordered. index=232596 476331796>476327959
#ERR Elements not ordered. index=232602 476341443>476337313
#ERR Elements not ordered. index=232604 476356859>476345124
#ERR Elements not ordered. index=232612 476358182>476357523
#ERR Elements not ordered. index=232616 476370432>476365831
#ERR Elements not ordered. index=232620 476386002>476379555
#ERR Elements not ordered. index=232640 476428416>476417493
#ERR Elements not ordered. index=232644 476437724>476431520
#ERR Elements not ordered. index=232654 476459362>476455556
#ERR Elements not ordered. index=232656 476463205>476462604
#ERR Elements not ordered. index=232660 476473546>476466136
#ERR Elements not ordered. index=232668 476488909>476481700
#ERR Elements not ordered. index=232676 476505715>476503263
#ERR Elements not ordered. index=232682 476515147>476511444
#ERR Elements not ordered. index=232684 476525889>476516249
#ERR Elements not ordered. index=232686 476527375>476525920
#ERR Elements not ordered. index=232692 476543373>476536232
#ERR Elements not ordered. index=232700 476553525>476553018
#ERR Elements not ordered. index=232702 476555634>476554657
#ERR Elements not ordered. index=232704 476561570>476556852
#ERR Elements not ordered. index=232708 476575122>476564975
#ERR Elements not ordered. index=232712 476587922>476582636
#ERR Elements not ordered. index=232716 476597061>476588872
#ERR Elements not ordered. index=232722 476599310>476598701
#ERR Elements not ordered. index=232724 476601444>476599976
#ERR Elements not ordered. index=232736 476621313>476619103
#ERR Elements not ordered. index=232738 476624008>476622899
#ERR Elements not ordered. index=232740 476654761>476624565
#ERR Elements not ordered. index=232752 476672990>476662169
#ERR Elements not ordered. index=232756 476730482>476673148
#ERR Elements not ordered. index=232798 476751316>476750470
#ERR Elements not ordered. index=232808 476777280>476770661
#ERR Elements not ordered. index=232812 476793797>476787542
#ERR Elements not ordered. index=232818 476801938>476800089
#ERR Elements not ordered. index=232820 476804853>476802280
#ERR Elements not ordered. index=232824 476815113>476809527
#ERR Elements not ordered. index=232830 476823247>476822063
#ERR Elements not ordered. index=232832 476833388>476828542
#ERR Elements not ordered. index=232834 476835744>476835706
#ERR Elements not ordered. index=232836 476851063>476839240
#ERR Elements not ordered. index=232844 476855749>476854012
#ERR Elements not ordered. index=232848 476860530>476857427
#ERR Elements not ordered. index=232852 476913648>476867149
#ERR Elements not ordered. index=232884 477011047>476914977
#ERR Elements not ordered. index=232936 477017393>477012059
#ERR Elements not ordered. index=232940 477025934>477020562
#ERR Elements not ordered. index=232948 477138846>477039285
#ERR Elements not ordered. index=233012 477165922>477159131
#ERR Elements not ordered. index=233018 477175419>477175052
#ERR Elements not ordered. index=233020 477177059>477176662
#ERR Elements not ordered. index=233032 477195236>477194537
#ERR Elements not ordered. index=233038 477213705>477212519
#ERR Elements not ordered. index=233040 477218360>477215702
#ERR Elements not ordered. index=233044 477243538>477219679
#ERR Elements not ordered. index=233060 477260549>477255464
#ERR Elements not ordered. index=233064 477269723>477265535
#ERR Elements not ordered. index=233068 477277674>477275165
#ERR Elements not ordered. index=233076 477515481>477282676
#ERR Elements not ordered. index=233182 477519640>477517176
#ERR Elements not ordered. index=233184 477527575>477522471
#ERR Elements not ordered. index=233188 477534099>477527647
#ERR Elements not ordered. index=233196 477551676>477536220
#ERR Elements not ordered. index=233204 477982400>477558453
#ERR Elements not ordered. index=233432 477990361>477986689
#ERR Elements not ordered. index=233440 478016064>478013810
#ERR Elements not ordered. index=233444 478031630>478017058
#ERR Elements not ordered. index=233456 478046749>478041480
#ERR Elements not ordered. index=233460 478136346>478051236
#ERR Elements not ordered. index=233512 478158762>478151025
#ERR Elements not ordered. index=233516 478168333>478160827
#ERR Elements not ordered. index=233524 478190250>478171332
#ERR Elements not ordered. index=233538 478196213>478195941
#ERR Elements not ordered. index=233540 478209033>478196259
#ERR Elements not ordered. index=233554 478214998>478214745
#ERR Elements not ordered. index=233556 478276461>478215229
#ERR Elements not ordered. index=233586 478281616>478280404
#ERR Elements not ordered. index=233588 478422496>478281759
#ERR Elements not ordered. index=233646 478426947>478424796
#ERR Elements not ordered. index=233648 478438607>478430950
#ERR Elements not ordered. index=233652 478447438>478442891
#ERR Elements not ordered. index=233658 478452412>478450728
#ERR Elements not ordered. index=233660 478464875>478454338
#ERR Elements not ordered. index=233668 478494009>478474079
#ERR Elements not ordered. index=233680 478505062>478501155
#ERR Elements not ordered. index=233684 478541490>478507785
#ERR Elements not ordered. index=233702 478549804>478547267
#ERR Elements not ordered. index=233704 478556301>478550397
#ERR Elements not ordered. index=233708 478568412>478562203
#ERR Elements not ordered. index=233716 478824247>478576127
#ERR Elements not ordered. index=233844 478838100>478827575
#ERR Elements not ordered. index=233856 478858917>478854986
#ERR Elements not ordered. index=233860 478867994>478860758
#ERR Elements not ordered. index=233870 478868669>478868409
#ERR Elements not ordered. index=233872 478877852>478874097
#ERR Elements not ordered. index=233876 478912601>478880994
#ERR Elements not ordered. index=233898 478928739>478927399
#ERR Elements not ordered. index=233900 478934358>478929883
#ERR Elements not ordered. index=233904 478940963>478935394
#ERR Elements not ordered. index=233908 479007606>478944047
#ERR Elements not ordered. index=233936 479013930>479010049
#ERR Elements not ordered. index=233940 479030729>479016012
#ERR Elements not ordered. index=233950 479035687>479033147
#ERR Elements not ordered. index=233952 479044765>479035925
#ERR Elements not ordered. index=233956 479057811>479045134
#ERR Elements not ordered. index=233962 479066760>479061064
#ERR Elements not ordered. index=233964 479075379>479066808
#ERR Elements not ordered. index=233968 479080503>479080051
#ERR Elements not ordered. index=233970 479082105>479080775
#ERR Elements not ordered. index=233972 479532763>479082718
#ERR Elements not ordered. index=234224 479558540>479554826
#ERR Elements not ordered. index=234226 479558787>479558786
#ERR Elements not ordered. index=234232 479572433>479569284
#ERR Elements not ordered. index=234234 479576286>479573510
#ERR Elements not ordered. index=234238 479579003>479578704
#ERR Elements not ordered. index=234240 479580603>479579375
#ERR Elements not ordered. index=234244 479602726>479595765
#ERR Elements not ordered. index=234256 479614947>479612074
#ERR Elements not ordered. index=234260 479678420>479618386
#ERR Elements not ordered. index=234286 479694515>479683928
#ERR Elements not ordered. index=234288 479697552>479696592
#ERR Elements not ordered. index=234292 479785319>479700517
#ERR Elements not ordered. index=234340 479799844>479789524
#ERR Elements not ordered. index=234350 479813229>479809291
#ERR Elements not ordered. index=234352 479823227>479813583
#ERR Elements not ordered. index=234356 479970005>479824272
#ERR Elements not ordered. index=234434 479975688>479970032
#ERR Elements not ordered. index=234436 479993431>479976413
#ERR Elements not ordered. index=234446 480004756>480004711
#ERR Elements not ordered. index=234448 480013588>480004798
#ERR Elements not ordered. index=234452 480073510>480018103
#ERR Elements not ordered. index=234484 481049421>480079392
#ERR Elements not ordered. index=234916 481055735>481051530
#ERR Elements not ordered. index=234924 481080516>481065885
#ERR Elements not ordered. index=234932 481099417>481083637
#ERR Elements not ordered. index=234946 481118442>481115928
#ERR Elements not ordered. index=234948 481145940>481119446
#ERR Elements not ordered. index=234964 481200444>481153597
#ERR Elements not ordered. index=234984 481203058>481200952
#ERR Elements not ordered. index=234988 481214779>481206742
#ERR Elements not ordered. index=234994 481224603>481223280
#ERR Elements not ordered. index=234996 481312855>481225793
#ERR Elements not ordered. index=235040 481320182>481317660
#ERR Elements not ordered. index=235044 481322894>481321540
#ERR Elements not ordered. index=235066 481369567>481369039
#ERR Elements not ordered. index=235068 481378045>481371993
#ERR Elements not ordered. index=235078 481406463>481406205
#ERR Elements not ordered. index=235080 481413403>481413384
#ERR Elements not ordered. index=235082 481419052>481417158
#ERR Elements not ordered. index=235084 481424063>481419858
#ERR Elements not ordered. index=235088 481432754>481425040
#ERR Elements not ordered. index=235098 481447428>481447363
#ERR Elements not ordered. index=235100 481453923>481452861
#ERR Elements not ordered. index=235140 481541256>481532812
#ERR Elements not ordered. index=235142 481546454>481542877
#ERR Elements not ordered. index=235148 481563522>481562720
#ERR Elements not ordered. index=235150 481564459>481564122
#ERR Elements not ordered. index=235156 481588123>481580522
#ERR Elements not ordered. index=235164 481589882>481589386
#ERR Elements not ordered. index=235166 481592959>481590962
#ERR Elements not ordered. index=235168 481595642>481593711
#ERR Elements not ordered. index=235178 481611020>481608400
#ERR Elements not ordered. index=235180 481618995>481611402
#ERR Elements not ordered. index=235186 481625417>481621192
#ERR Elements not ordered. index=235188 481650737>481626527
#ERR Elements not ordered. index=235204 481663565>481656880
#ERR Elements not ordered. index=235206 481669508>481664149
#ERR Elements not ordered. index=235208 481673866>481670291
#ERR Elements not ordered. index=235212 481683957>481674317
#ERR Elements not ordered. index=235218 481688935>481687711
#ERR Elements not ordered. index=235220 481695461>481689296
#ERR Elements not ordered. index=235240 481731669>481729827
#ERR Elements not ordered. index=235244 481741905>481733077
#ERR Elements not ordered. index=235252 481749120>481747064
#ERR Elements not ordered. index=235254 481757179>481755275
#ERR Elements not ordered. index=235256 481761939>481757503
#ERR Elements not ordered. index=235260 481773189>481762893
#ERR Elements not ordered. index=235268 481794377>481774980
#ERR Elements not ordered. index=235286 481806725>481804581
#ERR Elements not ordered. index=235288 481819543>481808804
#ERR Elements not ordered. index=235292 481829087>481823067
#ERR Elements not ordered. index=235298 481834702>481829936
#ERR Elements not ordered. index=235300 481861279>481836276
#ERR Elements not ordered. index=235312 481864439>481864112
#ERR Elements not ordered. index=235316 481930127>481869834
#ERR Elements not ordered. index=235338 481939714>481937945
#ERR Elements not ordered. index=235340 481951839>481941879
#ERR Elements not ordered. index=235348 482029962>481966080
#ERR Elements not ordered. index=235380 482112301>482034773
#ERR Elements not ordered. index=235442 482157048>482157022
#ERR Elements not ordered. index=235452 482179105>482173172
#ERR Elements not ordered. index=235456 482193967>482180878
#ERR Elements not ordered. index=235460 482202700>482198892
#ERR Elements not ordered. index=235468 482213789>482213132
#ERR Elements not ordered. index=235472 482220551>482220138
#ERR Elements not ordered. index=235478 482224346>482223649
#ERR Elements not ordered. index=235480 482225968>482225160
#ERR Elements not ordered. index=235484 482247174>482230284
#ERR Elements not ordered. index=235492 482281694>482247738
#ERR Elements not ordered. index=235508 482313831>482288350
#ERR Elements not ordered. index=235532 482349248>482335909
#ERR Elements not ordered. index=235538 482351887>482350800
#ERR Elements not ordered. index=235540 482398437>482352558
#ERR Elements not ordered. index=235562 482407332>482403439
#SDC Ite:0 KerTime:6.431129 AccTime:6.431129 KerErr:523 AccErr:523
#ABORT too many errors per iteration
#END