#HEADER size:1048576
#BEGIN Y:2016 M:09 D:07 Time:10:29:58
#IT Ite:0 KerTime:5.983767 AccTime:5.983767
#ERR The histogram from element 1071199562 differs. srcHist=1 dstHist=2

#ERR The histogram from element 1076071262 differs. srcHist=1 dstHist=0

#ERR Elements not ordered. index=525083 1076068048>1074879233
#ERR Elements not ordered. index=525085 1075677346>1073665972
#ERR Elements not ordered. index=525087 1076161539>1075128531
#ERR Elements not ordered. index=525088 1075128531>1074799053
#ERR Elements not ordered. index=525090 1078174816>1076633295
#ERR Elements not ordered. index=525092 1078328429>1078137812
#ERR Elements not ordered. index=525093 1078137812>1074521207
#ERR Elements not ordered. index=525095 1078405442>1078055742
#ERR Elements not ordered. index=525097 1078258629>1074273836
#ERR Elements not ordered. index=525099 1078150531>1077468871
#ERR Elements not ordered. index=525100 1077468871>1075771787
#ERR Elements not ordered. index=525101 1075771787>1073860901
#ERR Elements not ordered. index=525104 1076280241>1075932678
#ERR Elements not ordered. index=525106 1078204796>1074161781
#ERR Elements not ordered. index=525108 1076679436>1073812050
#ERR Elements not ordered. index=525110 1077038087>1076761953
#ERR Elements not ordered. index=525111 1076761953>1073655326
#ERR Elements not ordered. index=525113 1076540260>1075750040
#ERR Elements not ordered. index=525116 1076938327>1076783717
#ERR Elements not ordered. index=525118 1077363501>1074846092
#ERR Elements not ordered. index=525120 1078075741>1076272116
#ERR Elements not ordered. index=525122 1076964160>1073887483
#ERR Elements not ordered. index=525126 1077468360>1074670538
#ERR Elements not ordered. index=525128 1075099495>1074313254
#ERR Elements not ordered. index=525130 1077152961>1074523045
#ERR Elements not ordered. index=525131 1074523045>1073360318
#ERR Elements not ordered. index=525133 1075959499>1075013214
#ERR Elements not ordered. index=525135 1077880179>1074791373
#ERR Elements not ordered. index=525136 1074791373>1073613413
#ERR Elements not ordered. index=525139 1078195336>1074681230
#ERR Elements not ordered. index=525140 1074681230>1073692024
#ERR Elements not ordered. index=525143 1076148316>1074209715
#ERR Elements not ordered. index=525145 1076929830>1075140157
#ERR Elements not ordered. index=525146 1075140157>1074349426
#ERR Elements not ordered. index=525148 1077435977>1077104143
#ERR Elements not ordered. index=525149 1077104143>1074182708
#ERR Elements not ordered. index=525152 1076165251>1074412898
#ERR Elements not ordered. index=525155 1076576079>1074738533
#ERR Elements not ordered. index=525157 1077684907>1077035556
#ERR Elements not ordered. index=525158 1077035556>1075206414
#ERR Elements not ordered. index=525161 1077024340>1075176799
#ERR Elements not ordered. index=525163 1077107228>1073499249
#ERR Elements not ordered. index=525165 1077439329>1075578832
#ERR Elements not ordered. index=525166 1075578832>1075294818
#ERR Elements not ordered. index=525167 1075294818>1074529307
#ERR Elements not ordered. index=525169 1076540275>1074829542
#ERR Elements not ordered. index=525171 1076867208>1075781728
#ERR Elements not ordered. index=525173 1077742450>1075759610
#ERR Elements not ordered. index=525175 1078056051>1075910093
#ERR Elements not ordered. index=525177 1076915357>1075598278
#ERR Elements not ordered. index=525179 1076421156>1074516040
#ERR Elements not ordered. index=525181 1077907489>1076131001
#ERR Elements not ordered. index=525182 1076131001>1073843229
#ERR Elements not ordered. index=525184 1077386021>1075123242
#ERR Elements not ordered. index=525187 1075605037>1073451964
#ERR Elements not ordered. index=525189 1077224131>1073891543
#ERR Elements not ordered. index=525191 1077634479>1077479220
#ERR Elements not ordered. index=525192 1077479220>1076313004
#ERR Elements not ordered. index=525193 1076313004>1075627684
#ERR Elements not ordered. index=525195 1076095748>1074443233
#ERR Elements not ordered. index=525197 1077788162>1074569325
#ERR Elements not ordered. index=525198 1074569325>1074396246
#ERR Elements not ordered. index=525199 1074396246>1073897743
#ERR Elements not ordered. index=525201 1076563046>1074525310
#ERR Elements not ordered. index=525202 1074525310>1073698169
#ERR Elements not ordered. index=525205 1077878467>1076877541
#ERR Elements not ordered. index=525208 1077790714>1074867483
#ERR Elements not ordered. index=525211 1077261884>1076761151
#ERR Elements not ordered. index=525213 1077778507>1074343195
#ERR Elements not ordered. index=525215 1075371131>1073965490
#ERR Elements not ordered. index=525217 1076400272>1073945339
#ERR Elements not ordered. index=525219 1074674918>1074058775
#ERR Elements not ordered. index=525221 1078356763>1074781679
#ERR Elements not ordered. index=525222 1074781679>1074180748
#ERR Elements not ordered. index=525224 1077311833>1075782239
#ERR Elements not ordered. index=525227 1077452207>1075117220
#ERR Elements not ordered. index=525229 1076689667>1074087493
#ERR Elements not ordered. index=525231 1077764022>1077369134
#ERR Elements not ordered. index=525233 1078099534>1075465721
#ERR Elements not ordered. index=525236 1078375235>1074982389
#ERR Elements not ordered. index=525238 1076844809>1074468366
#ERR Elements not ordered. index=525241 1077459000>1075935649
#ERR Elements not ordered. index=525242 1075935649>1075547571
#ERR Elements not ordered. index=525243 1075547571>1074353374
#ERR Elements not ordered. index=525244 1074353374>1073747586
#ERR Elements not ordered. index=525247 1076050314>1073375299
#ERR Elements not ordered. index=525250 1078380568>1075422286
#ERR Elements not ordered. index=525251 1075422286>1073542598
#ERR Elements not ordered. index=525252 1073542598>1073338139
#ERR Elements not ordered. index=525254 1078302934>1077832451
#ERR Elements not ordered. index=525255 1077832451>1077231913
#ERR Elements not ordered. index=525256 1077231913>1075136184
#ERR Elements not ordered. index=525258 1077179066>1075326602
#ERR Elements not ordered. index=525261 1078005259>1073997061
#ERR Elements not ordered. index=525263 1075599693>1074782174
#ERR Elements not ordered. index=525265 1077009780>1075307641
#ERR Elements not ordered. index=525267 1075936115>1074896594
#ERR Elements not ordered. index=525268 1074896594>1073706864
#ERR Elements not ordered. index=525273 1076612083>1074568076
#ERR Elements not ordered. index=525275 1077326467>1075434389
#ERR Elements not ordered. index=525276 1075434389>1074651677
#ERR Elements not ordered. index=525279 1077615874>1076624349
#ERR Elements not ordered. index=525280 1076624349>1076562412
#ERR Elements not ordered. index=525281 1076562412>1075721751
#ERR Elements not ordered. index=525282 1075721751>1074684519
#ERR Elements not ordered. index=525286 1078012430>1074569522
#ERR Elements not ordered. index=525287 1074569522>1073864651
#ERR Elements not ordered. index=525290 1077109814>1073677503
#ERR Elements not ordered. index=525293 1076409138>1074355331
#ERR Elements not ordered. index=525294 1074355331>1074054766
#ERR Elements not ordered. index=525296 1074827301>1073564128
#ERR Elements not ordered. index=525298 1078085921>1075412097
#ERR Elements not ordered. index=525300 1077396831>1076915901
#ERR Elements not ordered. index=525301 1076915901>1074274564
#ERR Elements not ordered. index=525303 1077935605>1074113724
#ERR Elements not ordered. index=525304 1074113724>1073386203
#ERR Elements not ordered. index=525306 1077113602>1075810688
#ERR Elements not ordered. index=525307 1075810688>1075099901
#ERR Elements not ordered. index=525308 1075099901>1075051829
#ERR Elements not ordered. index=525311 1077972217>1075082349
#ERR Elements not ordered. index=525313 1077230206>1073552964
#ERR Elements not ordered. index=525315 1078243226>1077330938
#ERR Elements not ordered. index=525316 1077330938>1075331340
#ERR Elements not ordered. index=525318 1077692682>1075791088
#ERR Elements not ordered. index=525319 1075791088>1074069376
#ERR Elements not ordered. index=525321 1077616583>1076806809
#ERR Elements not ordered. index=525324 1077832238>1076987962
#ERR Elements not ordered. index=525325 1076987962>1076793754
#ERR Elements not ordered. index=525326 1076793754>1075393129
#ERR Elements not ordered. index=525329 1076899805>1075586615
#ERR Elements not ordered. index=525331 1078140099>1077354111
#ERR Elements not ordered. index=525332 1077354111>1076240550
#ERR Elements not ordered. index=525334 1076649537>1076454496
#ERR Elements not ordered. index=525336 1076563246>1075056444
#ERR Elements not ordered. index=525339 1078298134>1075979188
#ERR Elements not ordered. index=525342 1077506654>1074026262
#ERR Elements not ordered. index=525344 1074510792>1073584593
#ERR Elements not ordered. index=525346 1078132897>1075198147
#ERR Elements not ordered. index=525348 1075450196>1074391866
#ERR Elements not ordered. index=525350 1076631718>1075353808
#ERR Elements not ordered. index=525351 1075353808>1073901670
#ERR Elements not ordered. index=525354 1078117944>1074611472
#ERR Elements not ordered. index=525355 1074611472>1073411065
#ERR Elements not ordered. index=525358 1076972257>1073361574
#ERR Elements not ordered. index=525360 1075681397>1073873676
#ERR Elements not ordered. index=525362 1076046842>1073775477
#ERR Elements not ordered. index=525364 1077125886>1076991614
#ERR Elements not ordered. index=525365 1076991614>1075714924
#ERR Elements not ordered. index=525369 1077050124>1076942892
#ERR Elements not ordered. index=525370 1076942892>1074388778
#ERR Elements not ordered. index=525371 1074388778>1073750921
#ERR Elements not ordered. index=525373 1077226720>1076162778
#ERR Elements not ordered. index=525374 1076162778>1073716405
#ERR Elements not ordered. index=525376 1075571837>1074972070
#ERR Elements not ordered. index=525378 1077116634>1075670703
#ERR Elements not ordered. index=525380 1078293456>1073949236
#ERR Elements not ordered. index=525383 1075124422>1074463399
#ERR Elements not ordered. index=525384 1074463399>1073348642
#ERR Elements not ordered. index=525387 1075810980>1075718608
#ERR Elements not ordered. index=525390 1078124840>1075126858
#ERR Elements not ordered. index=525393 1077714514>1074289222
#ERR Elements not ordered. index=525395 1077833042>1076726238
#ERR Elements not ordered. index=525397 1077149074>1074245011
#ERR Elements not ordered. index=525401 1078401965>1074265684
#ERR Elements not ordered. index=525403 1078127064>1077307900
#ERR Elements not ordered. index=525404 1077307900>1074691968
#ERR Elements not ordered. index=525406 1077117259>1073500059
#ERR Elements not ordered. index=525409 1077609684>1077471564
#ERR Elements not ordered. index=525410 1077471564>1073916994
#ERR Elements not ordered. index=525415 1077154768>1074867685
#ERR Elements not ordered. index=525417 1075281263>1073621485
#ERR Elements not ordered. index=525419 1078393979>1077348593
#ERR Elements not ordered. index=525421 1077873419>1075754527
#ERR Elements not ordered. index=525423 1076537291>1075842519
#ERR Elements not ordered. index=525425 1077630370>1076710274
#ERR Elements not ordered. index=525426 1076710274>1076464979
#ERR Elements not ordered. index=525427 1076464979>1075729050
#ERR Elements not ordered. index=525428 1075729050>1074007957
#ERR Elements not ordered. index=525430 1074440852>1073728507
#ERR Elements not ordered. index=525433 1077836990>1074684446
#ERR Elements not ordered. index=525435 1075661147>1073879853
#ERR Elements not ordered. index=525437 1076170756>1075169762
#ERR Elements not ordered. index=525438 1075169762>1073885765
#ERR Elements not ordered. index=525440 1077909783>1075985198
#ERR Elements not ordered. index=525442 1076836923>1075512333
#ERR Elements not ordered. index=525444 1078101327>1075844243
#ERR Elements not ordered. index=525447 1077992265>1074121454
#ERR Elements not ordered. index=525451 1077079772>1076711492
#ERR Elements not ordered. index=525452 1076711492>1074033195
#ERR Elements not ordered. index=525454 1074308315>1073847693
#ERR Elements not ordered. index=525457 1077832860>1073595165
#ERR Elements not ordered. index=525461 1077732268>1077260198
#ERR Elements not ordered. index=525462 1077260198>1073995291
#ERR Elements not ordered. index=525465 1075991647>1074466569
#ERR Elements not ordered. index=525467 1076896291>1073434027
#ERR Elements not ordered. index=525469 1075374761>1075156153
#ERR Elements not ordered. index=525471 1076170558>1075182587
#ERR Elements not ordered. index=525473 1076008305>1074877619
#ERR Elements not ordered. index=525474 1074877619>1073686368
#ERR Elements not ordered. index=525477 1075526036>1073991335
#ERR Elements not ordered. index=525479 1076933001>1074740329
#ERR Elements not ordered. index=525481 1075919710>1074372982
#ERR Elements not ordered. index=525484 1076070495>1074561259
#ERR Elements not ordered. index=525486 1077380828>1074671185
#ERR Elements not ordered. index=525489 1077764446>1077398907
#ERR Elements not ordered. index=525490 1077398907>1075450830
#ERR Elements not ordered. index=525492 1077079340>1076319424
#ERR Elements not ordered. index=525493 1076319424>1074633201
#ERR Elements not ordered. index=525494 1074633201>1074590262
#ERR Elements not ordered. index=525497 1078183911>1075379050
#ERR Elements not ordered. index=525498 1075379050>1074749743
#ERR Elements not ordered. index=525500 1075127529>1074487124
#ERR Elements not ordered. index=525503 1077916032>1077764356
#ERR Elements not ordered. index=525504 1077764356>1077537857
#ERR Elements not ordered. index=525506 1078297827>1078025157
#ERR Elements not ordered. index=525507 1078025157>1077389947
#ERR Elements not ordered. index=525508 1077389947>1075328028
#ERR Elements not ordered. index=525510 1077935282>1076203399
#ERR Elements not ordered. index=525511 1076203399>1074879890
#ERR Elements not ordered. index=525514 1077851651>1073806468
#ERR Elements not ordered. index=525516 1077984252>1075632216
#ERR Elements not ordered. index=525517 1075632216>1073545311
#ERR Elements not ordered. index=525519 1076094505>1073957257
#ERR Elements not ordered. index=525521 1078413259>1078215413
#ERR Elements not ordered. index=525522 1078215413>1075305542
#ERR Elements not ordered. index=525524 1076748556>1074800659
#ERR Elements not ordered. index=525528 1078193842>1076002864
#ERR Elements not ordered. index=525530 1076555011>1076069355
#ERR Elements not ordered. index=525532 1076937593>1074161967
#ERR Elements not ordered. index=525534 1077387915>1074023585
#ERR Elements not ordered. index=525537 1077671578>1073836518
#ERR Elements not ordered. index=525539 1075552251>1074418354
#ERR Elements not ordered. index=525542 1077309238>1076442084
#ERR Elements not ordered. index=525543 1076442084>1074761973
#ERR Elements not ordered. index=525546 1077596215>1074831246
#ERR Elements not ordered. index=525549 1078295703>1077144263
#ERR Elements not ordered. index=525550 1077144263>1076090580
#ERR Elements not ordered. index=525552 1077291737>1074613796
#ERR Elements not ordered. index=525554 1078158219>1076565932
#ERR Elements not ordered. index=525556 1078159067>1077660427
#ERR Elements not ordered. index=525557 1077660427>1074091438
#ERR Elements not ordered. index=525560 1077182569>1073605146
#ERR Elements not ordered. index=525563 1077668198>1073387205
#ERR Elements not ordered. index=525566 1076438403>1073871988
#ERR Elements not ordered. index=525568 1077621291>1074024093
#ERR Elements not ordered. index=525570 1077724952>1075907030
#ERR Elements not ordered. index=525571 1075907030>1074773424
#ERR Elements not ordered. index=525574 1078264096>1073555629
#ERR Elements not ordered. index=525576 1077850254>1075470353
#ERR Elements not ordered. index=525577 1075470353>1075359433
#ERR Elements not ordered. index=525579 1078282692>1077026979
#ERR Elements not ordered. index=525580 1077026979>1073654728
#ERR Elements not ordered. index=525582 1075137727>1074411563
#ERR Elements not ordered. index=525584 1077569636>1074241705
#ERR Elements not ordered. index=525585 1074241705>1074127022
#ERR Elements not ordered. index=525588 1078321351>1077634834
#ERR Elements not ordered. index=525589 1077634834>1076834852
#ERR Elements not ordered. index=525590 1076834852>1074206963
#ERR Elements not ordered. index=525592 1078126807>1076776707
#ERR Elements not ordered. index=525593 1076776707>1076389793
#ERR Elements not ordered. index=525595 1078002905>1076266027
#ERR Elements not ordered. index=525596 1076266027>1075232541
#ERR Elements not ordered. index=525597 1075232541>1074867466
#ERR Elements not ordered. index=525598 1074867466>1074161094
#ERR Elements not ordered. index=525600 1076251891>1075427122
#ERR Elements not ordered. index=525601 1075427122>1075237685
#ERR Elements not ordered. index=525602 1075237685>1074190224
#ERR Elements not ordered. index=525603 1074190224>1073373284
#ERR Elements not ordered. index=525605 1074791130>1073633318
#ERR Elements not ordered. index=525606 1073633318>1073568268
#ERR Elements not ordered. index=525609 1078415229>1075607856
#ERR Elements not ordered. index=525610 1075607856>1073423041
#ERR Elements not ordered. index=525612 1078120249>1077181076
#ERR Elements not ordered. index=525613 1077181076>1074018279
#ERR Elements not ordered. index=525617 1078022585>1073845154
#ERR Elements not ordered. index=525619 1076244112>1075845601
#ERR Elements not ordered. index=525622 1076650519>1073531743
#ERR Elements not ordered. index=525624 1076026499>1074624618
#ERR Elements not ordered. index=525625 1074624618>1074600623
#ERR Elements not ordered. index=525627 1078387514>1076913793
#ERR Elements not ordered. index=525628 1076913793>1076373742
#ERR Elements not ordered. index=525629 1076373742>1076324125
#ERR Elements not ordered. index=525631 1077939410>1073536442
#ERR Elements not ordered. index=525633 1077700080>1076509724
#ERR Elements not ordered. index=525634 1076509724>1075198028
#ERR Elements not ordered. index=525636 1075375838>1074059721
#ERR Elements not ordered. index=525638 1078407065>1076782688
#ERR Elements not ordered. index=525641 1078404002>1076455617
#ERR Elements not ordered. index=525644 1078139625>1075166191
#ERR Elements not ordered. index=525646 1077570104>1076842571
#ERR Elements not ordered. index=525648 1077664593>1075184555
#ERR Elements not ordered. index=525649 1075184555>1074839563
#ERR Elements not ordered. index=525650 1074839563>1074178403
#ERR Elements not ordered. index=525653 1076979472>1075837052
#ERR Elements not ordered. index=525654 1075837052>1073420518
#ERR Elements not ordered. index=525657 1076716923>1076561171
#ERR Elements not ordered. index=525658 1076561171>1076248156
#ERR Elements not ordered. index=525659 1076248156>1074898454
#ERR Elements not ordered. index=525660 1074898454>1073477638
#ERR Elements not ordered. index=525664 1077420105>1076308895
#ERR Elements not ordered. index=525665 1076308895>1074569040
#ERR Elements not ordered. index=525666 1074569040>1073848569
#ERR Elements not ordered. index=525669 1075267667>1074733870
#ERR Elements not ordered. index=525670 1074733870>1074112397
#ERR Elements not ordered. index=525672 1075342048>1075306511
#ERR Elements not ordered. index=525673 1075306511>1073449351
#ERR Elements not ordered. index=525676 1077122919>1076832092
#ERR Elements not ordered. index=525677 1076832092>1075985065
#ERR Elements not ordered. index=525679 1077905165>1077109968
#ERR Elements not ordered. index=525680 1077109968>1076506913
#ERR Elements not ordered. index=525681 1076506913>1073814354
#ERR Elements not ordered. index=525684 1076240605>1074758248
#ERR Elements not ordered. index=525685 1074758248>1073538807
#ERR Elements not ordered. index=525690 1078413952>1074182924
#ERR Elements not ordered. index=525692 1077822019>1074231223
#ERR Elements not ordered. index=525693 1074231223>1073645314
#ERR Elements not ordered. index=525697 1077559256>1073920648
#ERR Elements not ordered. index=525700 1078335719>1075903917
#ERR Elements not ordered. index=525703 1077956439>1073974618
#ERR Elements not ordered. index=525705 1076251317>1073779253
#ERR Elements not ordered. index=525706 1073779253>1073370528
#ERR Elements not ordered. index=525709 1076827157>1076408340
#ERR Elements not ordered. index=525710 1076408340>1074523062
#ERR Elements not ordered. index=525714 1077365286>1076366833
#ERR Elements not ordered. index=525715 1076366833>1076306310
#ERR Elements not ordered. index=525716 1076306310>1074771386
#ERR Elements not ordered. index=525718 1076064843>1075426996
#ERR Elements not ordered. index=525720 1076243362>1075626012
#ERR Elements not ordered. index=525721 1075626012>1074190202
#ERR Elements not ordered. index=525722 1074190202>1074167797
#ERR Elements not ordered. index=525724 1078356804>1077433617
#ERR Elements not ordered. index=525725 1077433617>1074983982
#ERR Elements not ordered. index=525726 1074983982>1074443182
#ERR Elements not ordered. index=525729 1075549759>1073432462
#ERR Elements not ordered. index=525731 1077327881>1074038935
#ERR Elements not ordered. index=525733 1078216074>1078014362
#ERR Elements not ordered. index=525734 1078014362>1074167462
#ERR Elements not ordered. index=525737 1077107601>1075890479
#ERR Elements not ordered. index=525740 1078417274>1075296812
#ERR Elements not ordered. index=525743 1077936343>1076152874
#ERR Elements not ordered. index=525746 1078358911>1078350230
#ERR Elements not ordered. index=525747 1078350230>1075667787
#ERR Elements not ordered. index=525749 1077652423>1077325018
#ERR Elements not ordered. index=525750 1077325018>1076196064
#ERR Elements not ordered. index=525751 1076196064>1073931377
#ERR Elements not ordered. index=525753 1075313479>1073665091
#ERR Elements not ordered. index=525756 1077864140>1076122092
#ERR Elements not ordered. index=525759 1078047670>1077445077
#ERR Elements not ordered. index=525760 1077445077>1074849401
#ERR Elements not ordered. index=525762 1078261324>1073473175
#ERR Elements not ordered. index=525765 1077569517>1077068158
#ERR Elements not ordered. index=525766 1077068158>1073660108
#ERR Elements not ordered. index=525770 1077769840>1077069099
#ERR Elements not ordered. index=525771 1077069099>1076879918
#ERR Elements not ordered. index=525772 1076879918>1075739073
#ERR Elements not ordered. index=525773 1075739073>1074356391
#ERR Elements not ordered. index=525776 1077952407>1077662449
#ERR Elements not ordered. index=525777 1077662449>1077333694
#ERR Elements not ordered. index=525778 1077333694>1074527239
#ERR Elements not ordered. index=525781 1077209381>1076333865
#ERR Elements not ordered. index=525783 1078362971>1076568015
#ERR Elements not ordered. index=525784 1076568015>1076025688
#ERR Elements not ordered. index=525785 1076025688>1074911820
#ERR Elements not ordered. index=525787 1077601445>1074488762
#ERR Elements not ordered. index=525789 1078217764>1076390906
#ERR Elements not ordered. index=525790 1076390906>1074459104
#ERR Elements not ordered. index=525793 1076652579>1074506378
#ERR Elements not ordered. index=525795 1076939926>1075130321
#ERR Elements not ordered. index=525796 1075130321>1074332432
#ERR Elements not ordered. index=525797 1074332432>1074225329
#ERR Elements not ordered. index=525799 1076625597>1076130868
#ERR Elements not ordered. index=525801 1077769124>1077490994
#ERR Elements not ordered. index=525802 1077490994>1073463905
#ERR Elements not ordered. index=525806 1076609033>1074466375
#ERR Elements not ordered. index=525809 1076340971>1074318132
#ERR Elements not ordered. index=525810 1074318132>1073338701
#ERR Elements not ordered. index=525814 1077253791>1076788019
#ERR Elements not ordered. index=525815 1076788019>1074217012
#ERR Elements not ordered. index=525817 1077145960>1073625474
#ERR Elements not ordered. index=525819 1077362161>1077060785
#ERR Elements not ordered. index=525820 1077060785>1074973731
#ERR Elements not ordered. index=525822 1075101777>1073648512
#ERR Elements not ordered. index=525824 1077063716>1074129643
#ERR Elements not ordered. index=525825 1074129643>1073445094
#ERR Elements not ordered. index=525828 1077105979>1075623412
#ERR Elements not ordered. index=525830 1078355001>1075888168
#ERR Elements not ordered. index=525832 1076246378>1074539706
#ERR Elements not ordered. index=525834 1076860398>1073514363
#ERR Elements not ordered. index=525836 1076300453>1075671154
#ERR Elements not ordered. index=525838 1078397999>1076490538
#ERR Elements not ordered. index=525839 1076490538>1075071925
#ERR Elements not ordered. index=525841 1078373442>1078174123
#ERR Elements not ordered. index=525842 1078174123>1076825171
#ERR Elements not ordered. index=525843 1076825171>1074158385
#ERR Elements not ordered. index=525846 1078132400>1077453476
#ERR Elements not ordered. index=525847 1077453476>1073993870
#ERR Elements not ordered. index=525850 1077631203>1073623815
#ERR Elements not ordered. index=525853 1077623514>1076334021
#ERR Elements not ordered. index=525854 1076334021>1073581705
#ERR Elements not ordered. index=525858 1078304729>1075384451
#ERR Elements not ordered. index=525860 1075462311>1074725866
#ERR Elements not ordered. index=525861 1074725866>1074432957
#ERR Elements not ordered. index=525862 1074432957>1074145266
#ERR Elements not ordered. index=525864 1077839037>1077416915
#ERR Elements not ordered. index=525866 1077593366>1076634079
#ERR Elements not ordered. index=525867 1076634079>1076588751
#ERR Elements not ordered. index=525869 1077084209>1076143925
#ERR Elements not ordered. index=525870 1076143925>1073501959
#ERR Elements not ordered. index=525872 1076793258>1075341341
#ERR Elements not ordered. index=525873 1075341341>1074247732
#ERR Elements not ordered. index=525875 1077256172>1075527034
#ERR Elements not ordered. index=525877 1075828251>1073791517
#ERR Elements not ordered. index=525880 1076425790>1075102010
#ERR Elements not ordered. index=525882 1076010888>1075724776
#ERR Elements not ordered. index=525883 1075724776>1073728169
#ERR Elements not ordered. index=525885 1077329419>1074293168
#ERR Elements not ordered. index=525888 1075447397>1074582908
#ERR Elements not ordered. index=525890 1078394766>1074116781
#ERR Elements not ordered. index=525892 1076079864>1075991704
#ERR Elements not ordered. index=525893 1075991704>1075903582
#ERR Elements not ordered. index=525896 1077196814>1076099119
#ERR Elements not ordered. index=525897 1076099119>1075223879
#ERR Elements not ordered. index=525898 1075223879>1074548814
#ERR Elements not ordered. index=525899 1074548814>1073874994
#ERR Elements not ordered. index=525900 1073874994>1073502752
#ERR Elements not ordered. index=525903 1077599251>1075585727
#ERR Elements not ordered. index=525906 1076105899>1073341514
#ERR Elements not ordered. index=525909 1075886505>1074438895
#ERR Elements not ordered. index=525911 1077848367>1075785586
#ERR Elements not ordered. index=525912 1075785586>1074669635
#ERR Elements not ordered. index=525913 1074669635>1073670496
#ERR Elements not ordered. index=525915 1077318309>1075467748
#ERR Elements not ordered. index=525916 1075467748>1074815533
#ERR Elements not ordered. index=525919 1077166326>1077027423
#ERR Elements not ordered. index=525920 1077027423>1076573317
#ERR Elements not ordered. index=525921 1076573317>1075979736
#ERR Elements not ordered. index=525925 1077044450>1074167874
#ERR Elements not ordered. index=525929 1077302554>1075978631
#ERR Elements not ordered. index=525930 1075978631>1075130949
#ERR Elements not ordered. index=525932 1077753730>1075724019
#ERR Elements not ordered. index=525933 1075724019>1074218257
#ERR Elements not ordered. index=525935 1078370417>1075222036
#ERR Elements not ordered. index=525939 1078113540>1076070456
#ERR Elements not ordered. index=525940 1076070456>1074888789
#ERR Elements not ordered. index=525941 1074888789>1074199757
#ERR Elements not ordered. index=525943 1076825215>1074240706
#ERR Elements not ordered. index=525944 1074240706>1073370854
#ERR Elements not ordered. index=525947 1078076379>1074193434
#ERR Elements not ordered. index=525951 1077918321>1076609898
#ERR Elements not ordered. index=525952 1076609898>1073485837
#ERR Elements not ordered. index=525957 1078134173>1074010903
#ERR Elements not ordered. index=525959 1077093067>1073916311
#ERR Elements not ordered. index=525962 1076679286>1074687319
#ERR Elements not ordered. index=525964 1077318208>1074726560
#ERR Elements not ordered. index=525965 1074726560>1073764213
#ERR Elements not ordered. index=525968 1078379432>1078278637
#ERR Elements not ordered. index=525969 1078278637>1073952861
#ERR Elements not ordered. index=525971 1078133220>1076293008
#ERR Elements not ordered. index=525972 1076293008>1075186494
#ERR Elements not ordered. index=525974 1075274458>1073595779
#ERR Elements not ordered. index=525977 1077324209>1073468460
#ERR Elements not ordered. index=525979 1077828495>1077553711
#ERR Elements not ordered. index=525980 1077553711>1075585866
#ERR Elements not ordered. index=525981 1075585866>1075207658
#ERR Elements not ordered. index=525983 1077036136>1073744144
#ERR Elements not ordered. index=525986 1077023927>1076667798
#ERR Elements not ordered. index=525988 1077244821>1076478182
#ERR Elements not ordered. index=525989 1076478182>1073994055
#ERR Elements not ordered. index=525992 1075723497>1075413794
#ERR Elements not ordered. index=525994 1077776057>1074353249
#ERR Elements not ordered. index=525995 1074353249>1074190103
#ERR Elements not ordered. index=525997 1077957320>1074840639
#ERR Elements not ordered. index=526000 1077106783>1076042322
#ERR Elements not ordered. index=526003 1078075710>1076111150
#ERR Elements not ordered. index=526005 1076741485>1074676977
#ERR Elements not ordered. index=526007 1078305451>1075211067
#ERR Elements not ordered. index=526011 1077582706>1074211914
#ERR Elements not ordered. index=526013 1074575675>1073815342
#ERR Elements not ordered. index=526015 1077393151>1075951671
#ERR Elements not ordered. index=526017 1076616230>1074273272
#ERR Elements not ordered. index=526018 1074273272>1074202952
#ERR Elements not ordered. index=526021 1076202556>1074874398
#ERR Elements not ordered. index=526023 1075419705>1073658288
#ERR Elements not ordered. index=526026 1077434050>1073656731
#ERR Elements not ordered. index=526028 1077907524>1073742909
#ERR Elements not ordered. index=526029 1073742909>1073531698
#ERR Elements not ordered. index=526031 1076742929>1075894893
#ERR Elements not ordered. index=526033 1076542846>1073762675
#ERR Elements not ordered. index=526035 1076920854>1075953351
#ERR Elements not ordered. index=526037 1078174532>1077702722
#ERR Elements not ordered. index=526039 1077711001>1075825761
#ERR Elements not ordered. index=526041 1077217974>1075105894
#ERR Elements not ordered. index=526044 1078299754>1075185082
#ERR Elements not ordered. index=526045 1075185082>1075130071
#ERR Elements not ordered. index=526049 1076598726>1073461272
#ERR Elements not ordered. index=526053 1077998482>1075499041
#ERR Elements not ordered. index=526055 1077810988>1073401259
#ERR Elements not ordered. index=526057 1075278205>1074748529
#SDC Ite:0 KerTime:5.983767 AccTime:5.983767 KerErr:1381 AccErr:1381
#ABORT too many errors per iteration
#END