#HEADER size:1048576
#BEGIN Y:2016 M:09 D:07 Time:10:36:35
#IT Ite:0 KerTime:7.355700 AccTime:7.355700
#ERR Elements not ordered. index=121240 247582351>247580188
#ERR Elements not ordered. index=121242 247586079>247585710
#ERR Elements not ordered. index=121244 247595069>247590859
#ERR Elements not ordered. index=121254 247611032>247610153
#ERR Elements not ordered. index=121256 247622020>247615693
#ERR Elements not ordered. index=121260 247633786>247624372
#ERR Elements not ordered. index=121264 247636953>247635720
#ERR Elements not ordered. index=121270 247646366>247644113
#ERR Elements not ordered. index=121272 247652974>247650294
#ERR Elements not ordered. index=121276 247683008>247670389
#ERR Elements not ordered. index=121280 247691399>247685718
#ERR Elements not ordered. index=121300 247718881>247715575
#ERR Elements not ordered. index=121302 247721909>247721749
#ERR Elements not ordered. index=121304 247729573>247726430
#ERR Elements not ordered. index=121310 247734861>247733924
#ERR Elements not ordered. index=121312 247739144>247737279
#ERR Elements not ordered. index=121314 247744548>247740391
#ERR Elements not ordered. index=121316 247748613>247746041
#ERR Elements not ordered. index=121318 247753394>247750192
#ERR Elements not ordered. index=121320 247764057>247506166
#ERR Elements not ordered. index=121328 247770015>247759554
#ERR Elements not ordered. index=121332 247777444>247774604
#ERR Elements not ordered. index=121334 247784535>247780583
#ERR Elements not ordered. index=121336 247793511>247778513
#ERR Elements not ordered. index=121338 247794394>247793826
#ERR Elements not ordered. index=121340 247799853>247797238
#ERR Elements not ordered. index=121344 247815333>247803314
#ERR Elements not ordered. index=121350 247823334>247820237
#ERR Elements not ordered. index=121352 247842093>247791981
#ERR Elements not ordered. index=121356 247831798>247824439
#ERR Elements not ordered. index=121360 247843564>247842350
#ERR Elements not ordered. index=121366 247855530>247853158
#ERR Elements not ordered. index=121368 247858477>247841456
#ERR Elements not ordered. index=121376 247869645>247859830
#ERR Elements not ordered. index=121378 247876034>247873833
#ERR Elements not ordered. index=121380 247878240>247869478
#ERR Elements not ordered. index=121384 247884574>247882049
#ERR Elements not ordered. index=121388 247888177>247885189
#ERR Elements not ordered. index=121394 247897706>247897001
#ERR Elements not ordered. index=121396 247909309>247903402
#ERR Elements not ordered. index=121398 247916327>247911910
#ERR Elements not ordered. index=121400 247918892>247918014
#ERR Elements not ordered. index=121404 247928086>247924874
#ERR Elements not ordered. index=121408 247937055>247931754
#ERR Elements not ordered. index=121414 247941041>247939533
#ERR Elements not ordered. index=121416 247958880>247942322
#ERR Elements not ordered. index=121424 247963318>247959634
#ERR Elements not ordered. index=121426 247971591>247971157
#ERR Elements not ordered. index=121428 247972871>247972523
#ERR Elements not ordered. index=121430 247974763>247973091
#ERR Elements not ordered. index=121432 248003500>247977288
#ERR Elements not ordered. index=121448 248034862>247876697
#ERR Elements not ordered. index=121450 248014115>248008076
#ERR Elements not ordered. index=121464 248043657>248031209
#ERR Elements not ordered. index=121466 248046411>248041920
#ERR Elements not ordered. index=121472 248063724>248060370
#ERR Elements not ordered. index=121476 248072904>248067601
#ERR Elements not ordered. index=121480 248082307>248079231
#ERR Elements not ordered. index=121484 248094675>248088752
#ERR Elements not ordered. index=121488 248101763>248100592
#ERR Elements not ordered. index=121492 248103050>248102450
#ERR Elements not ordered. index=121496 248118115>248112339
#ERR Elements not ordered. index=121500 248124547>248122791
#ERR Elements not ordered. index=121502 248128525>248128387
#ERR Elements not ordered. index=121504 248135081>248128873
#ERR Elements not ordered. index=121510 248146484>248145517
#ERR Elements not ordered. index=121512 248167006>248044608
#ERR Elements not ordered. index=121516 248152782>248148432
#ERR Elements not ordered. index=121518 248161977>248155454
#ERR Elements not ordered. index=121522 248177749>248176154
#ERR Elements not ordered. index=121524 248179079>248177779
#ERR Elements not ordered. index=121528 248195249>248180824
#ERR Elements not ordered. index=121544 248239783>248164823
#ERR Elements not ordered. index=121548 248214448>248201774
#ERR Elements not ordered. index=121552 248218279>248214946
#ERR Elements not ordered. index=121554 248220101>248219034
#ERR Elements not ordered. index=121556 248229542>248222306
#ERR Elements not ordered. index=121560 248237320>248231159
#ERR Elements not ordered. index=121562 248244423>248241506
#ERR Elements not ordered. index=121564 248249699>248244842
#ERR Elements not ordered. index=121568 248253922>248249833
#ERR Elements not ordered. index=121576 248266349>248238415
#ERR Elements not ordered. index=121580 248276806>248270426
#ERR Elements not ordered. index=121584 248286783>248265805
#ERR Elements not ordered. index=121586 248280537>248277648
#ERR Elements not ordered. index=121588 248297809>248289025
#ERR Elements not ordered. index=121592 248303878>248285180
#ERR Elements not ordered. index=121596 248304585>248303379
#ERR Elements not ordered. index=121600 248307404>248304715
#ERR Elements not ordered. index=121602 248314637>248308621
#ERR Elements not ordered. index=121604 248315563>248307644
#ERR Elements not ordered. index=121608 248331354>248325528
#ERR Elements not ordered. index=121612 248339104>248333996
#ERR Elements not ordered. index=121616 248353976>248339458
#ERR Elements not ordered. index=121622 248350432>248349942
#ERR Elements not ordered. index=121624 248376823>248352189
#ERR Elements not ordered. index=121626 248355604>248354204
#ERR Elements not ordered. index=121632 248362229>248358147
#ERR Elements not ordered. index=121634 248367999>248363259
#ERR Elements not ordered. index=121640 248427624>248368307
#ERR Elements not ordered. index=121648 248405292>248393107
#ERR Elements not ordered. index=121652 248411997>248409949
#ERR Elements not ordered. index=121664 248456326>248436909
#ERR Elements not ordered. index=121672 248540756>248458013
#ERR Elements not ordered. index=121702 248546146>248543984
#ERR Elements not ordered. index=121704 248606356>248426745
#ERR Elements not ordered. index=121708 248550147>248548016
#ERR Elements not ordered. index=121710 248552671>248552447
#ERR Elements not ordered. index=121736 248586539>248561678
#ERR Elements not ordered. index=121738 248589403>248587912
#ERR Elements not ordered. index=121740 248591001>248589683
#ERR Elements not ordered. index=121744 248600413>248598120
#ERR Elements not ordered. index=121752 248616318>248611146
#ERR Elements not ordered. index=121758 248618827>248617649
#ERR Elements not ordered. index=121760 248636269>248622279
#ERR Elements not ordered. index=121766 248636716>248636566
#ERR Elements not ordered. index=121768 248729644>248605204
#ERR Elements not ordered. index=121772 248643168>248641439
#ERR Elements not ordered. index=121774 248647898>248645132
#ERR Elements not ordered. index=121784 248676264>248653586
#ERR Elements not ordered. index=121786 248682576>248676933
#ERR Elements not ordered. index=121792 248693231>248683488
#ERR Elements not ordered. index=121796 248704180>248693495
#ERR Elements not ordered. index=121800 248710949>248704600
#ERR Elements not ordered. index=121804 248717046>248711844
#ERR Elements not ordered. index=121806 248718280>248717637
#ERR Elements not ordered. index=121808 248721261>248719419
#ERR Elements not ordered. index=121810 248725020>248723388
#ERR Elements not ordered. index=121812 248732927>248725696
#ERR Elements not ordered. index=121814 248744841>248739392
#ERR Elements not ordered. index=121816 248745954>248738956
#ERR Elements not ordered. index=121820 248751665>248745523
#ERR Elements not ordered. index=121824 248760293>248750162
#ERR Elements not ordered. index=121826 248756455>248756239
#ERR Elements not ordered. index=121832 248770732>248759820
#ERR Elements not ordered. index=121836 248775140>248773729
#ERR Elements not ordered. index=121840 248780423>248769240
#ERR Elements not ordered. index=121848 248801085>248791832
#ERR Elements not ordered. index=121852 248804841>248801250
#ERR Elements not ordered. index=121854 248806313>248804782
#ERR Elements not ordered. index=121856 248810572>248809253
#ERR Elements not ordered. index=121858 248813224>248810813
#ERR Elements not ordered. index=121860 248817713>248813748
#ERR Elements not ordered. index=121864 248824470>248818221
#ERR Elements not ordered. index=121868 248826091>248826000
#ERR Elements not ordered. index=121872 248846725>248827303
#ERR Elements not ordered. index=121880 248858276>248842185
#ERR Elements not ordered. index=121884 248853355>248851410
#ERR Elements not ordered. index=121886 248855273>248854074
#ERR Elements not ordered. index=121896 248877591>248870335
#ERR Elements not ordered. index=121898 248881483>248879166
#ERR Elements not ordered. index=121900 248886356>248881635
#ERR Elements not ordered. index=121904 248900211>248892035
#ERR Elements not ordered. index=121910 248900853>248900291
#ERR Elements not ordered. index=121912 248921196>248903298
#ERR Elements not ordered. index=121920 248944570>248921400
#ERR Elements not ordered. index=121928 248967686>248879892
#ERR Elements not ordered. index=121930 248947683>248946392
#ERR Elements not ordered. index=121936 248959822>248953720
#ERR Elements not ordered. index=121940 248972658>248968102
#ERR Elements not ordered. index=121944 248989565>248973908
#ERR Elements not ordered. index=121952 248990462>248989680
#ERR Elements not ordered. index=121956 249001647>248991717
#ERR Elements not ordered. index=121960 249050459>248961769
#ERR Elements not ordered. index=121964 249016374>249014902
#ERR Elements not ordered. index=121976 249043695>249019230
#ERR Elements not ordered. index=121984 249075079>249049431
#ERR Elements not ordered. index=121988 249083711>249077435
#ERR Elements not ordered. index=121990 249093051>249091627
#ERR Elements not ordered. index=121992 249106638>249096750
#ERR Elements not ordered. index=122000 249140723>249126480
#ERR Elements not ordered. index=122004 249136228>249127495
#ERR Elements not ordered. index=122008 249162769>249139319
#ERR Elements not ordered. index=122010 249142629>249141942
#ERR Elements not ordered. index=122016 249152997>249147607
#ERR Elements not ordered. index=122024 249217557>249158580
#ERR Elements not ordered. index=122026 249167247>249165689
#ERR Elements not ordered. index=122030 249185155>249182128
#ERR Elements not ordered. index=122032 249186928>249186534
#ERR Elements not ordered. index=122034 249194413>249191756
#ERR Elements not ordered. index=122044 249213728>249209807
#ERR Elements not ordered. index=122048 249223265>249220883
#ERR Elements not ordered. index=122052 249241736>249235512
#ERR Elements not ordered. index=122056 249286854>249214734
#ERR Elements not ordered. index=122058 249250018>249248996
#ERR Elements not ordered. index=122060 249254779>249251950
#ERR Elements not ordered. index=122064 249261247>249255077
#ERR Elements not ordered. index=122068 249277117>249263915
#ERR Elements not ordered. index=122072 249289867>249288867
#ERR Elements not ordered. index=122080 249312599>249291145
#ERR Elements not ordered. index=122084 249302371>249301151
#ERR Elements not ordered. index=122086 249306016>249302630
#ERR Elements not ordered. index=122088 249446841>249309252
#ERR Elements not ordered. index=122092 249316593>249313923
#ERR Elements not ordered. index=122096 249322905>249322612
#ERR Elements not ordered. index=122098 249328271>249326700
#ERR Elements not ordered. index=122116 249375115>249373402
#ERR Elements not ordered. index=122118 249376357>249376067
#ERR Elements not ordered. index=122128 249397424>249395787
#ERR Elements not ordered. index=122152 249461445>249455482
#ERR Elements not ordered. index=122156 249467008>249466286
#ERR Elements not ordered. index=126262 257948734>257948169
#ERR Elements not ordered. index=126284 257979735>257978481
#ERR Elements not ordered. index=126288 257988195>257983181
#ERR Elements not ordered. index=126292 257996247>257990853
#ERR Elements not ordered. index=126304 258026870>258024851
#ERR Elements not ordered. index=126306 258028511>258027276
#ERR Elements not ordered. index=126308 258034305>258029187
#ERR Elements not ordered. index=126312 258040470>257938753
#ERR Elements not ordered. index=126318 258048071>258044657
#ERR Elements not ordered. index=126320 258055419>258041139
#ERR Elements not ordered. index=126324 258060838>258048635
#ERR Elements not ordered. index=126326 258064365>258061359
#ERR Elements not ordered. index=126328 258067245>258064192
#ERR Elements not ordered. index=126330 258070842>258069366
#ERR Elements not ordered. index=126332 258078265>258073753
#ERR Elements not ordered. index=126336 258091423>258084020
#ERR Elements not ordered. index=126342 258096475>258095330
#ERR Elements not ordered. index=126344 258107536>258097024
#ERR Elements not ordered. index=126352 258114450>258113948
#ERR Elements not ordered. index=126358 258125511>258122771
#ERR Elements not ordered. index=126360 258144299>258126636
#ERR Elements not ordered. index=126374 258155261>258154957
#ERR Elements not ordered. index=126376 258158206>258065139
#ERR Elements not ordered. index=126380 258173623>258161986
#ERR Elements not ordered. index=126384 258182728>258176577
#ERR Elements not ordered. index=126392 258213838>258185669
#ERR Elements not ordered. index=126400 258235546>258215845
#ERR Elements not ordered. index=126408 258272305>258158002
#ERR Elements not ordered. index=126416 258256102>258240751
#ERR Elements not ordered. index=126420 258262972>258258367
#ERR Elements not ordered. index=126424 258301066>258280585
#ERR Elements not ordered. index=126440 258350911>258264336
#ERR Elements not ordered. index=126456 258347273>258320673
#ERR Elements not ordered. index=126458 258350129>258347616
#ERR Elements not ordered. index=126460 258357563>258351508
#ERR Elements not ordered. index=126462 258367795>258366338
#ERR Elements not ordered. index=126464 258377865>258371963
#ERR Elements not ordered. index=126472 258411604>258350530
#ERR Elements not ordered. index=126480 258402158>258390922
#ERR Elements not ordered. index=126488 258413639>258404184
#ERR Elements not ordered. index=126492 258427612>258420355
#ERR Elements not ordered. index=126494 258432135>258425802
#ERR Elements not ordered. index=126496 258438976>258431634
#ERR Elements not ordered. index=126504 258464221>258434639
#ERR Elements not ordered. index=126508 258458804>258452365
#ERR Elements not ordered. index=126516 258475307>258472022
#ERR Elements not ordered. index=126518 258476629>258476338
#ERR Elements not ordered. index=126520 258498358>258462250
#ERR Elements not ordered. index=126528 258487972>258477222
#ERR Elements not ordered. index=126532 258493977>258491848
#ERR Elements not ordered. index=126536 258566239>258497350
#ERR Elements not ordered. index=126538 258508883>258508225
#ERR Elements not ordered. index=126542 258515552>258514448
#ERR Elements not ordered. index=126552 258541060>258531477
#ERR Elements not ordered. index=126556 258548850>258542488
#ERR Elements not ordered. index=126558 258551191>258549781
#ERR Elements not ordered. index=126562 258575408>258573799
#ERR Elements not ordered. index=126564 258578680>258565277
#ERR Elements not ordered. index=126568 258680201>258577394
#ERR Elements not ordered. index=126570 258599387>258598042
#ERR Elements not ordered. index=126572 258602310>258601714
#ERR Elements not ordered. index=126574 258608446>258607338
#ERR Elements not ordered. index=126578 258616589>258616056
#ERR Elements not ordered. index=126600 258656534>258637493
#ERR Elements not ordered. index=126604 258664406>258663929
#ERR Elements not ordered. index=126610 258688332>258685340
#ERR Elements not ordered. index=126612 258699659>258688935
#ERR Elements not ordered. index=126616 258708479>258701019
#ERR Elements not ordered. index=126624 258717925>258713270
#ERR Elements not ordered. index=126628 258723555>258720626
#ERR Elements not ordered. index=126632 258769506>258665911
#ERR Elements not ordered. index=126648 258752798>258728964
#ERR Elements not ordered. index=126656 258762164>258755912
#ERR Elements not ordered. index=126660 258771195>258763990
#ERR Elements not ordered. index=126664 258784588>258770331
#ERR Elements not ordered. index=126672 258788467>258785126
#ERR Elements not ordered. index=126678 258794519>258794142
#ERR Elements not ordered. index=126680 258796459>258787986
#ERR Elements not ordered. index=126688 258803176>258797279
#ERR Elements not ordered. index=126696 258811562>258803645
#ERR Elements not ordered. index=126700 258819360>258815015
#ERR Elements not ordered. index=126702 258822583>258819538
#ERR Elements not ordered. index=126704 258825474>258821941
#ERR Elements not ordered. index=126706 258826093>258823125
#ERR Elements not ordered. index=126708 258830796>258828506
#ERR Elements not ordered. index=126710 258832590>258828805
#ERR Elements not ordered. index=126712 258833839>258830846
#ERR Elements not ordered. index=126722 258854114>258852160
#ERR Elements not ordered. index=126724 258857542>258856212
#ERR Elements not ordered. index=126728 258870411>258846540
#ERR Elements not ordered. index=126730 258878733>258864052
#ERR Elements not ordered. index=126732 258880001>258879796
#ERR Elements not ordered. index=126736 258901587>258881976
#ERR Elements not ordered. index=126744 258909473>258899016
#ERR Elements not ordered. index=126748 258917259>258911214
#ERR Elements not ordered. index=126752 258926444>258918345
#ERR Elements not ordered. index=126756 258937888>258927941
#ERR Elements not ordered. index=126758 258942525>258932706
#ERR Elements not ordered. index=126760 258943532>258939043
#ERR Elements not ordered. index=126762 258949439>258943527
#ERR Elements not ordered. index=126764 258952615>258947312
#ERR Elements not ordered. index=126766 258956843>258949493
#ERR Elements not ordered. index=126768 258965159>258957237
#ERR Elements not ordered. index=126770 258961095>258960058
#ERR Elements not ordered. index=126776 258986500>258963605
#ERR Elements not ordered. index=126780 258982707>258980089
#ERR Elements not ordered. index=126782 258991160>258986708
#ERR Elements not ordered. index=126784 258995807>258985549
#ERR Elements not ordered. index=126788 258993654>258991645
#ERR Elements not ordered. index=126790 259004221>259002179
#ERR Elements not ordered. index=126792 259014050>258994532
#ERR Elements not ordered. index=126796 259013080>259005385
#ERR Elements not ordered. index=126800 259015771>259013706
#ERR Elements not ordered. index=126802 259019147>259015015
#ERR Elements not ordered. index=126804 259026739>259026654
#ERR Elements not ordered. index=126806 259031343>259031029
#ERR Elements not ordered. index=126808 259071562>259036642
#ERR Elements not ordered. index=126814 259045770>259041726
#ERR Elements not ordered. index=126816 259049719>259048469
#ERR Elements not ordered. index=126824 259079871>259069790
#ERR Elements not ordered. index=126840 259115669>259071609
#ERR Elements not ordered. index=126842 259125158>259110150
#ERR Elements not ordered. index=126844 259125840>259123584
#ERR Elements not ordered. index=126846 259127847>259126875
#ERR Elements not ordered. index=126850 259140054>259136791
#ERR Elements not ordered. index=126852 259140670>259140627
#ERR Elements not ordered. index=126854 259142436>259142428
#ERR Elements not ordered. index=126856 259147277>259128647
#ERR Elements not ordered. index=126860 259157246>259154613
#ERR Elements not ordered. index=126864 259167911>259147094
#ERR Elements not ordered. index=126866 259165804>259163222
#ERR Elements not ordered. index=126870 259171376>259168199
#ERR Elements not ordered. index=126872 259185123>259166677
#ERR Elements not ordered. index=126876 259186619>259171791
#ERR Elements not ordered. index=126878 259191331>259188827
#ERR Elements not ordered. index=126880 259194054>259192610
#ERR Elements not ordered. index=126884 259207516>259198907
#ERR Elements not ordered. index=126888 259238030>259215456
#ERR Elements not ordered. index=126896 259234314>259229869
#ERR Elements not ordered. index=126900 259242453>259234494
#ERR Elements not ordered. index=126902 259242120>259241075
#ERR Elements not ordered. index=126904 259253880>259244887
#ERR Elements not ordered. index=126918 259261969>259261401
#ERR Elements not ordered. index=126920 259306769>259262393
#ERR Elements not ordered. index=126942 259317311>259315674
#ERR Elements not ordered. index=126944 259324796>259318346
#ERR Elements not ordered. index=128736 262960983>262959867
#ERR Elements not ordered. index=128744 262970272>262921582
#ERR Elements not ordered. index=128746 262976266>262974412
#ERR Elements not ordered. index=128748 262980313>262977158
#ERR Elements not ordered. index=128750 262980985>262980447
#ERR Elements not ordered. index=128790 263062136>263059275
#ERR Elements not ordered. index=128792 263069973>263063822
#ERR Elements not ordered. index=128798 263082323>263075527
#ERR Elements not ordered. index=128800 263085007>263082612
#ERR Elements not ordered. index=128808 263099004>262968634
#ERR Elements not ordered. index=128812 263110701>263103070
#ERR Elements not ordered. index=128816 263136308>263091050
#ERR Elements not ordered. index=128818 263117838>263115080
#ERR Elements not ordered. index=128822 263142161>263138915
#ERR Elements not ordered. index=128824 263144171>263124032
#ERR Elements not ordered. index=128828 263153156>263144547
#ERR Elements not ordered. index=128832 263158219>263153446
#ERR Elements not ordered. index=128836 263166470>263160174
#ERR Elements not ordered. index=128842 263177332>263175599
#ERR Elements not ordered. index=128844 263180938>263178382
#ERR Elements not ordered. index=128848 263191052>263185514
#ERR Elements not ordered. index=128852 263211494>263198148
#ERR Elements not ordered. index=128856 263229588>263218161
#ERR Elements not ordered. index=128864 263248006>263231864
#ERR Elements not ordered. index=128872 263292984>263171486
#ERR Elements not ordered. index=128880 263265279>263250582
#ERR Elements not ordered. index=128882 263275037>263271432
#ERR Elements not ordered. index=128884 263277948>263275510
#ERR Elements not ordered. index=128890 263295568>263293578
#ERR Elements not ordered. index=128900 263306811>263302822
#ERR Elements not ordered. index=128904 263313183>263292479
#ERR Elements not ordered. index=128906 263320962>263315887
#ERR Elements not ordered. index=128908 263324688>263323319
#ERR Elements not ordered. index=128910 263326275>263325623
#ERR Elements not ordered. index=128912 263332135>263329871
#ERR Elements not ordered. index=128914 263336020>263334710
#ERR Elements not ordered. index=128916 263347237>263346810
#ERR Elements not ordered. index=128920 263357470>263330036
#ERR Elements not ordered. index=128922 263355233>263354974
#ERR Elements not ordered. index=128924 263361943>263358701
#ERR Elements not ordered. index=128928 263371037>263356701
#ERR Elements not ordered. index=128932 263371834>263365846
#ERR Elements not ordered. index=128936 263380095>263374568
#ERR Elements not ordered. index=128940 263384897>263381587
#ERR Elements not ordered. index=128942 263389879>263387642
#ERR Elements not ordered. index=128944 263394230>263387665
#ERR Elements not ordered. index=128946 263392395>263390270
#ERR Elements not ordered. index=128952 263420851>263394929
#ERR Elements not ordered. index=128956 263413941>263409197
#ERR Elements not ordered. index=128960 263427804>263418940
#ERR Elements not ordered. index=128962 263424030>263421628
#ERR Elements not ordered. index=128964 263430564>263427940
#ERR Elements not ordered. index=128966 263436430>263429383
#ERR Elements not ordered. index=128968 263467900>263431949
#ERR Elements not ordered. index=128980 263464583>263458610
#ERR Elements not ordered. index=128984 263478006>263468311
#ERR Elements not ordered. index=128992 263486902>263485750
#ERR Elements not ordered. index=128994 263491295>263490761
#ERR Elements not ordered. index=128996 263498506>263493292
#ERR Elements not ordered. index=129000 263566557>263464711
#ERR Elements not ordered. index=129016 263534912>263501965
#ERR Elements not ordered. index=129018 263536714>263535141
#ERR Elements not ordered. index=129020 263546730>263545018
#ERR Elements not ordered. index=129026 263578155>263569077
#ERR Elements not ordered. index=129028 263582759>263579338
#ERR Elements not ordered. index=129032 263632853>263565418
#ERR Elements not ordered. index=129034 263594836>263586366
#ERR Elements not ordered. index=129040 263602665>263596737
#ERR Elements not ordered. index=129044 263620046>263609188
#ERR Elements not ordered. index=129046 263634477>263622078
#ERR Elements not ordered. index=129048 263642768>263633399
#ERR Elements not ordered. index=129050 263642978>263635213
#ERR Elements not ordered. index=129056 263668659>263647040
#ERR Elements not ordered. index=129060 263659845>263653204
#ERR Elements not ordered. index=129064 263750212>263667015
#ERR Elements not ordered. index=129066 263674194>263673720
#ERR Elements not ordered. index=129068 263680763>263674241
#ERR Elements not ordered. index=129070 263683698>263680888
#ERR Elements not ordered. index=129072 263686468>263683878
#ERR Elements not ordered. index=129088 263712128>263703011
#ERR Elements not ordered. index=129096 263739168>263721934
#ERR Elements not ordered. index=129100 263750301>263740624
#ERR Elements not ordered. index=129104 263762528>263759488
#ERR Elements not ordered. index=129106 263762822>263762657
#ERR Elements not ordered. index=129108 263767359>263763412
#ERR Elements not ordered. index=129110 263771546>263767486
#ERR Elements not ordered. index=129112 263774502>263772274
#ERR Elements not ordered. index=129116 263783752>263776209
#ERR Elements not ordered. index=129120 263804242>263785866
#ERR Elements not ordered. index=129124 263808342>263798271
#ERR Elements not ordered. index=129126 263806887>263806068
#ERR Elements not ordered. index=129128 263815764>263806994
#ERR Elements not ordered. index=129132 263824245>263819456
#ERR Elements not ordered. index=129134 263824325>263822485
#ERR Elements not ordered. index=129138 263831127>263830351
#ERR Elements not ordered. index=129140 263836002>263831243
#ERR Elements not ordered. index=129144 263844875>263826133
#ERR Elements not ordered. index=129148 263843823>263841512
#ERR Elements not ordered. index=129152 263853728>263848569
#ERR Elements not ordered. index=129154 263855878>263854069
#ERR Elements not ordered. index=129156 263864243>263862572
#ERR Elements not ordered. index=129158 263869197>263864734
#ERR Elements not ordered. index=129160 263886829>263869216
#ERR Elements not ordered. index=129164 263893121>263887728
#ERR Elements not ordered. index=129168 263907805>263879382
#ERR Elements not ordered. index=129174 263917194>263916958
#ERR Elements not ordered. index=129176 263930222>263905613
#ERR Elements not ordered. index=129180 263926600>263922109
#ERR Elements not ordered. index=129184 263949602>263927258
#ERR Elements not ordered. index=129188 263936250>263936088
#ERR Elements not ordered. index=129190 263947331>263939003
#ERR Elements not ordered. index=129192 263970792>263947926
#ERR Elements not ordered. index=129194 263950770>263950542
#ERR Elements not ordered. index=129196 263954822>263954178
#ERR Elements not ordered. index=129200 263961892>263958071
#ERR Elements not ordered. index=129204 263978483>263968273
#ERR Elements not ordered. index=129208 263997545>263978176
#ERR Elements not ordered. index=129210 263982477>263979752
#ERR Elements not ordered. index=129220 263998663>263998552
#ERR Elements not ordered. index=129222 264009068>264001320
#ERR Elements not ordered. index=129236 264024952>264023741
#ERR Elements not ordered. index=129240 264037733>264034287
#ERR Elements not ordered. index=129256 264060025>263993717
#ERR Elements not ordered. index=129258 264060527>264060437
#ERR Elements not ordered. index=129260 264063766>264061829
#ERR Elements not ordered. index=129264 264066521>264065190
#ERR Elements not ordered. index=129268 264072538>264067011
#ERR Elements not ordered. index=129272 264082046>264075408
#ERR Elements not ordered. index=129280 264099981>264084926
#ERR Elements not ordered. index=129288 264105835>264056041
#ERR Elements not ordered. index=129296 264120108>264115346
#ERR Elements not ordered. index=129302 264133472>264130757
#ERR Elements not ordered. index=129304 264136000>264134736
#ERR Elements not ordered. index=129310 264146252>264141506
#ERR Elements not ordered. index=129312 264155539>264147838
#ERR Elements not ordered. index=129318 264162527>264160807
#ERR Elements not ordered. index=129320 264180172>264124979
#ERR Elements not ordered. index=129324 264168498>264165829
#ERR Elements not ordered. index=129334 264187570>264187451
#ERR Elements not ordered. index=129336 264189750>264179650
#ERR Elements not ordered. index=129338 264193002>264189569
#ERR Elements not ordered. index=129340 264196725>264194604
#ERR Elements not ordered. index=129342 264198234>264197886
#ERR Elements not ordered. index=129344 264203732>264194792
#ERR Elements not ordered. index=129348 264209268>264203370
#ERR Elements not ordered. index=129350 264214049>264212426
#ERR Elements not ordered. index=129352 264220855>264214427
#ERR Elements not ordered. index=129358 264230195>264229214
#ERR Elements not ordered. index=129360 264241774>264235138
#ERR Elements not ordered. index=129366 264245577>264244216
#ERR Elements not ordered. index=129368 264275624>264247846
#ERR Elements not ordered. index=129382 264284468>264283886
#ERR Elements not ordered. index=129384 264331878>264218289
#SDC Ite:0 KerTime:7.355700 AccTime:7.355700 KerErr:722 AccErr:722
#ABORT too many errors per iteration
#END