#HEADER size:1048576
#BEGIN Y:2016 M:09 D:07 Time:09:09:08
#IT Ite:0 KerTime:6.611410 AccTime:6.611410
#ERR The histogram from element 1585326694 differs. srcHist=1 dstHist=0

#ERR Elements not ordered. index=771319 1579108270>1579103440
#ERR Elements not ordered. index=771325 1579112581>1579111978
#ERR Elements not ordered. index=771327 1579126321>1579112788
#ERR Elements not ordered. index=771335 1579158963>1579127065
#ERR Elements not ordered. index=771353 1579160924>1579160560
#ERR Elements not ordered. index=771355 1579161638>1579161548
#ERR Elements not ordered. index=771357 1579162544>1579161890
#ERR Elements not ordered. index=771359 1579170433>1579163125
#ERR Elements not ordered. index=771365 1579178765>1579171394
#ERR Elements not ordered. index=771367 1579224124>1579181412
#ERR Elements not ordered. index=771395 1579234779>1579232349
#ERR Elements not ordered. index=771399 1579364119>1579242022
#ERR Elements not ordered. index=771453 1579366308>1579364412
#ERR Elements not ordered. index=771455 1579381116>1579366752
#ERR Elements not ordered. index=771461 1579385749>1579382609
#ERR Elements not ordered. index=771463 1579591306>1579387013
#ERR Elements not ordered. index=771563 1579607016>1579601580
#ERR Elements not ordered. index=771567 1579627768>1579612390
#ERR Elements not ordered. index=771575 1579641302>1579628917
#ERR Elements not ordered. index=771587 1579657956>1579648644
#ERR Elements not ordered. index=771591 1579770391>1579659417
#ERR Elements not ordered. index=771643 1579772334>1579771135
#ERR Elements not ordered. index=771647 1579784383>1579775036
#ERR Elements not ordered. index=771651 1579793556>1579785489
#ERR Elements not ordered. index=771655 1579812469>1579795910
#ERR Elements not ordered. index=771665 1579820638>1579814941
#ERR Elements not ordered. index=771667 1579823159>1579821114
#ERR Elements not ordered. index=771671 1579840967>1579825796
#ERR Elements not ordered. index=771681 1580440404>1579838558
#ERR Elements not ordered. index=771683 1579838892>1579838846
#ERR Elements not ordered. index=771685 1579840656>1579839757
#ERR Elements not ordered. index=771719 1579920340>1579089936
#ERR Elements not ordered. index=771723 1579928492>1579925702
#ERR Elements not ordered. index=771727 1579943661>1579936692
#ERR Elements not ordered. index=771729 1579948223>1579947019
#ERR Elements not ordered. index=771751 1580009662>1579951455
#ERR Elements not ordered. index=771759 1580026325>1580012904
#ERR Elements not ordered. index=771763 1580032156>1580028847
#ERR Elements not ordered. index=771847 1580180756>1580034797
#ERR Elements not ordered. index=771851 1580196935>1580190904
#ERR Elements not ordered. index=771855 1580202415>1580202324
#ERR Elements not ordered. index=771863 1580221347>1580202995
#ERR Elements not ordered. index=771911 1580316869>1580222713
#ERR Elements not ordered. index=771915 1580320553>1580317852
#ERR Elements not ordered. index=771917 1580324603>1580323798
#ERR Elements not ordered. index=771943 1580370721>1580326293
#ERR Elements not ordered. index=771945 1580379472>1580379437
#ERR Elements not ordered. index=771959 1580421538>1580382114
#ERR Elements not ordered. index=771963 1580429571>1580427036
#ERR Elements not ordered. index=772675 1581982341>1581978375
#ERR Elements not ordered. index=772679 1581987407>1581986162
#ERR Elements not ordered. index=772681 1581986895>1581986176
#ERR Elements not ordered. index=772683 1581995817>1581989190
#ERR Elements not ordered. index=772687 1582001963>1581996547
#ERR Elements not ordered. index=772693 1582005758>1582004507
#ERR Elements not ordered. index=772695 1582027842>1582012447
#ERR Elements not ordered. index=772705 1583883798>1582033841
#ERR Elements not ordered. index=773635 1583897243>1583894355
#ERR Elements not ordered. index=773639 1583909291>1583898487
#ERR Elements not ordered. index=773651 1583916278>1583914975
#ERR Elements not ordered. index=773655 1583928114>1583919467
#ERR Elements not ordered. index=773659 1583931436>1583930476
#ERR Elements not ordered. index=773663 1583952623>1583940907
#ERR Elements not ordered. index=773671 1583997162>1583957402
#ERR Elements not ordered. index=773687 1584005053>1583998844
#ERR Elements not ordered. index=773691 1584008393>1584007303
#ERR Elements not ordered. index=773695 1584023178>1584008490
#ERR Elements not ordered. index=773703 1584090766>1584027735
#ERR Elements not ordered. index=773729 -1>1584070237
#ERR Elements not ordered. index=774279 1585065996>1581972317
#ERR Elements not ordered. index=774281 1585070195>1585067982
#ERR Elements not ordered. index=774295 1585118207>1585078292
#ERR Elements not ordered. index=774343 1585226171>1585133544
#ERR Elements not ordered. index=774351 1585239587>1585231762
#ERR Elements not ordered. index=774375 1585282339>1585250909
#ERR Elements not ordered. index=774391 1585302157>1585288329
#ERR Elements not ordered. index=774393 1585308898>1585303657
#ERR Elements not ordered. index=774399 1585315768>1585313762
#SDC Ite:0 KerTime:6.611410 AccTime:6.611410 KerErr:79 AccErr:79
#END