#HEADER size:1048576
#BEGIN Y:2016 M:09 D:07 Time:08:30:57
#IT Ite:0 KerTime:5.402820 AccTime:5.402820
#ERR The histogram from element 88005733 differs. srcHist=1 dstHist=0

#ERR The histogram from element 88182285 differs. srcHist=1 dstHist=0

#ERR The histogram from element 88184052 differs. srcHist=1 dstHist=0

#ERR The histogram from element 88187775 differs. srcHist=1 dstHist=0

#ERR Elements not ordered. index=42149 86126117>86092202
#ERR Elements not ordered. index=42160 87732017>86116345
#ERR Elements not ordered. index=42161 86116345>86115296
#ERR Elements not ordered. index=42165 86128956>86083812
#ERR Elements not ordered. index=42169 86136816>86132339
#ERR Elements not ordered. index=42173 86141660>86138023
#ERR Elements not ordered. index=42177 86160853>86143868
#ERR Elements not ordered. index=42179 86162927>86160988
#ERR Elements not ordered. index=42181 86163189>86140046
#ERR Elements not ordered. index=42185 86166405>86165716
#ERR Elements not ordered. index=42191 86170620>86170127
#ERR Elements not ordered. index=42197 86189289>86184834
#ERR Elements not ordered. index=42205 86200988>86189337
#ERR Elements not ordered. index=42207 86205902>86202862
#ERR Elements not ordered. index=42213 86225215>86212381
#ERR Elements not ordered. index=42217 86234042>86228403
#ERR Elements not ordered. index=42221 86249853>86241446
#ERR Elements not ordered. index=42225 86256513>86254594
#ERR Elements not ordered. index=42227 86261162>86260466
#ERR Elements not ordered. index=42229 86266855>86265357
#ERR Elements not ordered. index=42231 86278534>86276841
#ERR Elements not ordered. index=42233 86279779>86279204
#ERR Elements not ordered. index=42235 86288400>86282607
#ERR Elements not ordered. index=42245 86298420>86296930
#ERR Elements not ordered. index=42261 86324927>86312855
#ERR Elements not ordered. index=42263 86327749>86325914
#ERR Elements not ordered. index=42293 86381939>86334932
#ERR Elements not ordered. index=42301 86406079>86400303
#ERR Elements not ordered. index=42305 86424796>86409819
#ERR Elements not ordered. index=42323 86474198>86470757
#ERR Elements not ordered. index=42325 86488159>86478549
#ERR Elements not ordered. index=42333 86495794>86489370
#ERR Elements not ordered. index=42335 86498234>86497273
#ERR Elements not ordered. index=42337 86505074>86497796
#ERR Elements not ordered. index=42351 86532772>86529642
#ERR Elements not ordered. index=42353 86538748>86533097
#ERR Elements not ordered. index=42355 86543870>86533659
#ERR Elements not ordered. index=42357 86551396>86550846
#ERR Elements not ordered. index=42373 86577476>86572900
#ERR Elements not ordered. index=42375 86579996>86578544
#ERR Elements not ordered. index=42377 86580313>86577846
#ERR Elements not ordered. index=42379 86585233>86584397
#ERR Elements not ordered. index=42381 86587869>86582661
#ERR Elements not ordered. index=42383 86589247>86587445
#ERR Elements not ordered. index=42385 86591329>86590896
#ERR Elements not ordered. index=42387 86593962>86592230
#ERR Elements not ordered. index=42391 86598989>86595826
#ERR Elements not ordered. index=42393 86599677>86596322
#ERR Elements not ordered. index=42395 86607618>86600398
#ERR Elements not ordered. index=42397 86612013>86603726
#ERR Elements not ordered. index=42399 86613880>86609165
#ERR Elements not ordered. index=42401 86615282>86609469
#ERR Elements not ordered. index=42403 86618984>86612044
#ERR Elements not ordered. index=42405 86621819>86617386
#ERR Elements not ordered. index=42407 86625632>86625459
#ERR Elements not ordered. index=42409 86631089>86627221
#ERR Elements not ordered. index=42411 86639063>86631300
#ERR Elements not ordered. index=42413 86644810>86628418
#ERR Elements not ordered. index=42417 86652462>86648295
#ERR Elements not ordered. index=42431 86680090>86678028
#ERR Elements not ordered. index=42433 86682540>86682314
#ERR Elements not ordered. index=42435 86686142>86684420
#ERR Elements not ordered. index=42437 86690930>86688339
#ERR Elements not ordered. index=42439 86693177>86691352
#ERR Elements not ordered. index=42441 86695402>86692886
#ERR Elements not ordered. index=42445 86702758>86700782
#ERR Elements not ordered. index=42447 86705658>86701530
#ERR Elements not ordered. index=42449 86710088>86707367
#ERR Elements not ordered. index=42451 86711580>86708626
#ERR Elements not ordered. index=42457 86724335>86721957
#ERR Elements not ordered. index=42461 86727049>86722581
#ERR Elements not ordered. index=42469 86747443>86735496
#ERR Elements not ordered. index=42489 86788189>86783784
#ERR Elements not ordered. index=42491 86789131>86788412
#ERR Elements not ordered. index=42493 86792179>86789257
#ERR Elements not ordered. index=42497 86799243>86798925
#ERR Elements not ordered. index=42501 86800918>86800277
#ERR Elements not ordered. index=42505 86805546>86802917
#ERR Elements not ordered. index=42509 86822447>86807582
#ERR Elements not ordered. index=42513 86825718>86824432
#ERR Elements not ordered. index=42517 86836611>86727750
#ERR Elements not ordered. index=42521 86844160>86840765
#ERR Elements not ordered. index=42525 86850526>86845029
#ERR Elements not ordered. index=42533 86868714>86859219
#ERR Elements not ordered. index=42537 86875197>86869162
#ERR Elements not ordered. index=42539 86877400>86875570
#ERR Elements not ordered. index=42541 86879854>86872992
#ERR Elements not ordered. index=42545 86887533>86879073
#ERR Elements not ordered. index=42549 86896293>86887967
#ERR Elements not ordered. index=42553 86905486>86896499
#ERR Elements not ordered. index=42557 86910284>86897752
#ERR Elements not ordered. index=42561 86919884>86911971
#ERR Elements not ordered. index=42563 86921657>86921456
#ERR Elements not ordered. index=42565 86923662>86920491
#ERR Elements not ordered. index=42567 86925162>86924334
#ERR Elements not ordered. index=42573 86938611>86937394
#ERR Elements not ordered. index=42577 86945411>86944237
#ERR Elements not ordered. index=42581 86948718>86947033
#ERR Elements not ordered. index=42583 86952281>86951067
#ERR Elements not ordered. index=42585 86955590>86953209
#ERR Elements not ordered. index=42587 86960053>86956805
#ERR Elements not ordered. index=42591 86968533>86966116
#ERR Elements not ordered. index=42593 86970351>86966570
#ERR Elements not ordered. index=42605 87000138>86993550
#ERR Elements not ordered. index=42607 87001592>86999637
#ERR Elements not ordered. index=42609 87010442>86999877
#ERR Elements not ordered. index=42613 87013226>87004515
#ERR Elements not ordered. index=42629 87041267>87020172
#ERR Elements not ordered. index=42633 87057092>87044887
#ERR Elements not ordered. index=42635 87059682>87057817
#ERR Elements not ordered. index=42637 87061890>87059521
#ERR Elements not ordered. index=42641 87068515>87066134
#ERR Elements not ordered. index=42645 87081583>87072067
#ERR Elements not ordered. index=42649 87092536>87078982
#ERR Elements not ordered. index=42653 87097828>87085013
#ERR Elements not ordered. index=42657 87101987>87098820
#ERR Elements not ordered. index=42661 87105061>87102267
#ERR Elements not ordered. index=42665 87111536>87109576
#ERR Elements not ordered. index=42669 87118047>87115239
#ERR Elements not ordered. index=42673 87125913>87120067
#ERR Elements not ordered. index=42675 87129773>87127876
#ERR Elements not ordered. index=42683 87140859>87139891
#ERR Elements not ordered. index=42685 87145254>87143028
#ERR Elements not ordered. index=42687 87148968>87148089
#ERR Elements not ordered. index=42689 87151584>87145754
#ERR Elements not ordered. index=42691 87157291>87153734
#ERR Elements not ordered. index=42693 87158559>87153584
#ERR Elements not ordered. index=42697 87165465>87164585
#ERR Elements not ordered. index=42701 87173558>87167200
#ERR Elements not ordered. index=42709 87198537>87191874
#ERR Elements not ordered. index=42715 87210414>87207178
#ERR Elements not ordered. index=42717 87215463>87209901
#ERR Elements not ordered. index=42719 87216317>87216085
#ERR Elements not ordered. index=42725 87234180>87226685
#ERR Elements not ordered. index=42729 87236010>87235398
#ERR Elements not ordered. index=42731 87240651>87240476
#ERR Elements not ordered. index=42747 87278841>87276804
#ERR Elements not ordered. index=42753 87294601>87293461
#ERR Elements not ordered. index=42761 87314730>87309575
#ERR Elements not ordered. index=42765 87325970>87325778
#ERR Elements not ordered. index=42773 87345108>87305471
#ERR Elements not ordered. index=42789 87374766>87363661
#ERR Elements not ordered. index=42793 87380252>87376736
#ERR Elements not ordered. index=42801 87404681>87394693
#ERR Elements not ordered. index=42803 87415262>87408379
#ERR Elements not ordered. index=42805 87415643>87413679
#ERR Elements not ordered. index=42807 87422443>87417434
#ERR Elements not ordered. index=42809 87429380>87418125
#ERR Elements not ordered. index=42811 87430457>87427046
#ERR Elements not ordered. index=42813 87432742>87430346
#ERR Elements not ordered. index=42815 87433407>87432717
#ERR Elements not ordered. index=42821 87439553>87435884
#ERR Elements not ordered. index=42829 87459828>87446457
#ERR Elements not ordered. index=42831 87461223>87458508
#ERR Elements not ordered. index=42833 87461483>87461472
#ERR Elements not ordered. index=42837 87480789>87468293
#ERR Elements not ordered. index=42841 87489837>87482189
#ERR Elements not ordered. index=42843 87490468>87484165
#ERR Elements not ordered. index=42845 87496044>87493200
#ERR Elements not ordered. index=42847 87498478>87494069
#ERR Elements not ordered. index=42849 87503491>87501825
#ERR Elements not ordered. index=42851 87505854>87504831
#ERR Elements not ordered. index=42863 87537677>87535999
#ERR Elements not ordered. index=42877 87565354>87558615
#ERR Elements not ordered. index=42883 87574577>87572767
#ERR Elements not ordered. index=42889 87585732>87581167
#ERR Elements not ordered. index=42895 87591337>87590748
#ERR Elements not ordered. index=42909 87619148>87618443
#ERR Elements not ordered. index=42911 87619855>87619455
#ERR Elements not ordered. index=42913 87622295>87620858
#ERR Elements not ordered. index=42915 87624185>87622382
#ERR Elements not ordered. index=42917 87633451>87630545
#ERR Elements not ordered. index=42919 87634064>87633803
#ERR Elements not ordered. index=42923 87643948>87642962
#ERR Elements not ordered. index=42925 87653458>87648095
#ERR Elements not ordered. index=42933 87675906>87668738
#ERR Elements not ordered. index=42941 87687972>87681775
#ERR Elements not ordered. index=42945 87690753>87689634
#ERR Elements not ordered. index=42947 87703202>87700428
#ERR Elements not ordered. index=42949 87704371>87702676
#ERR Elements not ordered. index=42969 87752336>87747455
#ERR Elements not ordered. index=42971 87756989>87754031
#ERR Elements not ordered. index=42987 87807302>87794024
#ERR Elements not ordered. index=42991 87809811>87808938
#ERR Elements not ordered. index=42993 87812447>87812310
#ERR Elements not ordered. index=43003 87836652>87836498
#ERR Elements not ordered. index=43011 87865278>87856710
#ERR Elements not ordered. index=43035 87920743>87919767
#ERR Elements not ordered. index=43037 87927147>87921812
#ERR Elements not ordered. index=43039 87934613>87925438
#ERR Elements not ordered. index=43043 87952861>87947614
#ERR Elements not ordered. index=43045 87964208>87953286
#ERR Elements not ordered. index=43053 87972999>87972930
#ERR Elements not ordered. index=43055 87977155>87974985
#ERR Elements not ordered. index=43057 87980054>87977240
#ERR Elements not ordered. index=43061 87984116>87982211
#ERR Elements not ordered. index=43065 87994147>87991777
#ERR Elements not ordered. index=43073 88009105>88007896
#ERR Elements not ordered. index=43077 88031727>88010234
#ERR Elements not ordered. index=43093 88133371>88035218
#ERR Elements not ordered. index=43109 88071460>88041527
#ERR Elements not ordered. index=43111 88072964>88072708
#ERR Elements not ordered. index=43113 88075787>88075130
#ERR Elements not ordered. index=43115 88077367>88076509
#ERR Elements not ordered. index=43117 88083458>88078261
#ERR Elements not ordered. index=43121 88088268>88084303
#ERR Elements not ordered. index=43125 88094705>88075627
#ERR Elements not ordered. index=43129 88098511>88094227
#ERR Elements not ordered. index=43133 88108935>88089777
#ERR Elements not ordered. index=43137 88131557>88108688
#ERR Elements not ordered. index=43141 88139300>88097382
#ERR Elements not ordered. index=43143 88140063>88132641
#ERR Elements not ordered. index=43145 88141812>88135446
#ERR Elements not ordered. index=43147 88144961>88139980
#ERR Elements not ordered. index=43149 88147308>88122802
#ERR Elements not ordered. index=43151 88154056>88143144
#ERR Elements not ordered. index=43153 88155878>88145167
#ERR Elements not ordered. index=43155 88156160>88153681
#ERR Elements not ordered. index=43157 -1>88140335
#ERR Elements not ordered. index=43159 88160484>88159121
#ERR Elements not ordered. index=43161 88162410>88162156
#ERR Elements not ordered. index=43163 88162982>88162492
#ERR Elements not ordered. index=43165 88163900>88155790
#ERR Elements not ordered. index=43167 88165643>88165096
#ERR Elements not ordered. index=43169 88166965>88164017
#ERR Elements not ordered. index=43171 88175175>88167616
#ERR Elements not ordered. index=43173 88177721>88163637
#ERR Elements not ordered. index=43175 88185288>88182243
#ERR Elements not ordered. index=43177 88186872>88165867
#ERR Elements not ordered. index=43179 -1>88186739
#ERR Elements not ordered. index=43181 -1>88175831
#ERR Elements not ordered. index=43183 -1>88188428
#SDC Ite:0 KerTime:5.402820 AccTime:5.402820 KerErr:236 AccErr:236
#END