#HEADER size:1048576
#BEGIN Y:2016 M:09 D:07 Time:06:45:58
#IT Ite:0 KerTime:5.688771 AccTime:5.688771
#ERR The histogram from element 1075172687 differs. srcHist=1 dstHist=0

#ERR The histogram from element 1075183040 differs. srcHist=1 dstHist=0

#ERR The histogram from element 1075186494 differs. srcHist=1 dstHist=0

#ERR The histogram from element 1075198147 differs. srcHist=1 dstHist=0

#ERR The histogram from element 1075252991 differs. srcHist=1 dstHist=0

#ERR The histogram from element 1075267858 differs. srcHist=1 dstHist=0

#ERR The histogram from element 1075281001 differs. srcHist=1 dstHist=0

#ERR The histogram from element 1075281263 differs. srcHist=1 dstHist=0

#ERR The histogram from element 1075287908 differs. srcHist=1 dstHist=0

#ERR The histogram from element 1075294818 differs. srcHist=1 dstHist=0

#ERR The histogram from element 1075296812 differs. srcHist=1 dstHist=0

#ERR The histogram from element 1075310482 differs. srcHist=1 dstHist=0

#ERR The histogram from element 1075317622 differs. srcHist=1 dstHist=0

#ERR The histogram from element 1075323207 differs. srcHist=1 dstHist=0

#ERR The histogram from element 1075326602 differs. srcHist=1 dstHist=0

#ERR The histogram from element 1075331340 differs. srcHist=1 dstHist=0

#ERR The histogram from element 1075335654 differs. srcHist=1 dstHist=0

#ERR The histogram from element 1075337424 differs. srcHist=1 dstHist=0

#ERR The histogram from element 1075342039 differs. srcHist=1 dstHist=0

#ERR The histogram from element 1075342048 differs. srcHist=1 dstHist=0

#ERR The histogram from element 1075358710 differs. srcHist=1 dstHist=0

#ERR The histogram from element 1075367719 differs. srcHist=1 dstHist=0

#ERR The histogram from element 1075377154 differs. srcHist=1 dstHist=0

#ERR The histogram from element 1075378499 differs. srcHist=1 dstHist=0

#ERR The histogram from element 1075383247 differs. srcHist=1 dstHist=0

#ERR The histogram from element 1075390212 differs. srcHist=1 dstHist=0

#ERR The histogram from element 1075397602 differs. srcHist=1 dstHist=0

#ERR The histogram from element 1075415613 differs. srcHist=1 dstHist=0

#ERR The histogram from element 1075419705 differs. srcHist=1 dstHist=0

#ERR The histogram from element 1075421478 differs. srcHist=1 dstHist=0

#ERR The histogram from element 1075422286 differs. srcHist=1 dstHist=0

#ERR The histogram from element 1077119813 differs. srcHist=1 dstHist=2

#ERR The histogram from element 1077182189 differs. srcHist=1 dstHist=2

#ERR The histogram from element 1077183788 differs. srcHist=1 dstHist=2

#ERR The histogram from element 1077189548 differs. srcHist=1 dstHist=2

#ERR The histogram from element 1077194790 differs. srcHist=1 dstHist=2

#ERR The histogram from element 1077199365 differs. srcHist=1 dstHist=2

#ERR The histogram from element 1077217974 differs. srcHist=1 dstHist=2

#ERR The histogram from element 1077221766 differs. srcHist=1 dstHist=2

#ERR The histogram from element 1077226384 differs. srcHist=1 dstHist=2

#ERR The histogram from element 1077226402 differs. srcHist=1 dstHist=2

#ERR The histogram from element 1077239875 differs. srcHist=1 dstHist=2

#ERR The histogram from element 1077244821 differs. srcHist=1 dstHist=2

#ERR The histogram from element 1077244962 differs. srcHist=1 dstHist=2

#ERR The histogram from element 1077246810 differs. srcHist=1 dstHist=2

#ERR The histogram from element 1077248278 differs. srcHist=1 dstHist=2

#ERR The histogram from element 1077249263 differs. srcHist=1 dstHist=2

#ERR The histogram from element 1077254453 differs. srcHist=1 dstHist=2

#ERR The histogram from element 1077260474 differs. srcHist=1 dstHist=2

#ERR The histogram from element 1077263685 differs. srcHist=1 dstHist=2

#ERR The histogram from element 1077273671 differs. srcHist=1 dstHist=2

#ERR The histogram from element 1077276073 differs. srcHist=1 dstHist=2

#ERR The histogram from element 1077281066 differs. srcHist=1 dstHist=2

#ERR The histogram from element 1077282929 differs. srcHist=1 dstHist=2

#ERR The histogram from element 1077283031 differs. srcHist=1 dstHist=2

#ERR The histogram from element 1077291737 differs. srcHist=1 dstHist=2

#ERR The histogram from element 1077302455 differs. srcHist=1 dstHist=2

#ERR The histogram from element 1077304764 differs. srcHist=1 dstHist=2

#ERR The histogram from element 1077317977 differs. srcHist=1 dstHist=2

#ERR The histogram from element 1077322340 differs. srcHist=1 dstHist=2

#ERR The histogram from element 1077333509 differs. srcHist=1 dstHist=2

#ERR The histogram from element 1077337024 differs. srcHist=1 dstHist=2

#ERR The histogram from element 1079410419 differs. srcHist=1 dstHist=2

#ERR The histogram from element 1079415906 differs. srcHist=1 dstHist=2

#ERR The histogram from element 1079427376 differs. srcHist=1 dstHist=2

#ERR The histogram from element 1079431253 differs. srcHist=1 dstHist=2

#ERR The histogram from element 1079432919 differs. srcHist=1 dstHist=2

#ERR The histogram from element 1079436602 differs. srcHist=1 dstHist=2

#ERR The histogram from element 1079441197 differs. srcHist=1 dstHist=2

#ERR The histogram from element 1079451726 differs. srcHist=1 dstHist=2

#ERR The histogram from element 1079453016 differs. srcHist=1 dstHist=2

#ERR The histogram from element 1079466042 differs. srcHist=1 dstHist=2

#ERR The histogram from element 1079467831 differs. srcHist=1 dstHist=2

#ERR The histogram from element 1079470228 differs. srcHist=1 dstHist=2

#ERR The histogram from element 1079475631 differs. srcHist=1 dstHist=2

#ERR The histogram from element 1079476169 differs. srcHist=1 dstHist=2

#ERR The histogram from element 1079480903 differs. srcHist=1 dstHist=2

#ERR The histogram from element 1079482703 differs. srcHist=1 dstHist=2

#ERR The histogram from element 1079487804 differs. srcHist=1 dstHist=2

#ERR The histogram from element 1079494349 differs. srcHist=1 dstHist=2

#ERR The histogram from element 1079505168 differs. srcHist=1 dstHist=2

#ERR The histogram from element 1079506765 differs. srcHist=1 dstHist=2

#ERR The histogram from element 1079508702 differs. srcHist=1 dstHist=2

#ERR The histogram from element 1079508777 differs. srcHist=1 dstHist=2

#ERR The histogram from element 1079516632 differs. srcHist=1 dstHist=2

#ERR The histogram from element 1079536102 differs. srcHist=1 dstHist=2

#ERR The histogram from element 1079553958 differs. srcHist=1 dstHist=2

#ERR The histogram from element 1079560052 differs. srcHist=1 dstHist=2

#ERR The histogram from element 1079561621 differs. srcHist=1 dstHist=2

#ERR The histogram from element 1079571880 differs. srcHist=1 dstHist=2

#ERR The histogram from element 1079582152 differs. srcHist=1 dstHist=2

#ERR The histogram from element 1079591549 differs. srcHist=1 dstHist=2

#ERR The histogram from element 1079642758 differs. srcHist=1 dstHist=2

#ERR The histogram from element 1081234043 differs. srcHist=1 dstHist=2

#ERR The histogram from element 1081243092 differs. srcHist=1 dstHist=2

#ERR The histogram from element 1081245970 differs. srcHist=1 dstHist=2

#ERR The histogram from element 1081252234 differs. srcHist=1 dstHist=2

#ERR The histogram from element 1081253966 differs. srcHist=1 dstHist=2

#ERR The histogram from element 1081256031 differs. srcHist=1 dstHist=2

#ERR The histogram from element 1081263992 differs. srcHist=1 dstHist=2

#ERR The histogram from element 1081296278 differs. srcHist=1 dstHist=2

#ERR The histogram from element 1081307239 differs. srcHist=1 dstHist=2

#ERR The histogram from element 1081308712 differs. srcHist=1 dstHist=2

#ERR The histogram from element 1081310430 differs. srcHist=1 dstHist=2

#ERR The histogram from element 1081320612 differs. srcHist=1 dstHist=2

#ERR The histogram from element 1081320734 differs. srcHist=1 dstHist=2

#ERR The histogram from element 1081324073 differs. srcHist=1 dstHist=2

#ERR The histogram from element 1081324227 differs. srcHist=1 dstHist=2

#ERR The histogram from element 1081326126 differs. srcHist=1 dstHist=2

#ERR The histogram from element 1081401475 differs. srcHist=1 dstHist=2

#ERR The histogram from element 1081402328 differs. srcHist=1 dstHist=2

#ERR The histogram from element 1081410292 differs. srcHist=1 dstHist=2

#ERR The histogram from element 1081423520 differs. srcHist=1 dstHist=2

#ERR The histogram from element 1081440721 differs. srcHist=1 dstHist=2

#ERR The histogram from element 1081442255 differs. srcHist=1 dstHist=2

#ERR The histogram from element 1081443731 differs. srcHist=1 dstHist=2

#ERR The histogram from element 1081467615 differs. srcHist=1 dstHist=2

#ERR The histogram from element 1081468409 differs. srcHist=1 dstHist=2

#ERR The histogram from element 1081474332 differs. srcHist=1 dstHist=2

#ERR The histogram from element 1081478715 differs. srcHist=1 dstHist=2

#ERR The histogram from element 1081491782 differs. srcHist=1 dstHist=2

#ERR The histogram from element 1081499306 differs. srcHist=1 dstHist=2

#ERR The histogram from element 1081500189 differs. srcHist=1 dstHist=2

#ERR The histogram from element 1081505446 differs. srcHist=1 dstHist=2

#ERR The histogram from element 1081507698 differs. srcHist=1 dstHist=2

#ERR The histogram from element 1083426974 differs. srcHist=1 dstHist=2

#ERR The histogram from element 1083442914 differs. srcHist=1 dstHist=2

#ERR The histogram from element 1083446144 differs. srcHist=1 dstHist=2

#ERR The histogram from element 1083479303 differs. srcHist=1 dstHist=2

#ERR The histogram from element 1083504753 differs. srcHist=1 dstHist=2

#ERR The histogram from element 1083507338 differs. srcHist=1 dstHist=2

#ERR The histogram from element 1083513761 differs. srcHist=1 dstHist=2

#ERR The histogram from element 1083515668 differs. srcHist=1 dstHist=2

#ERR The histogram from element 1083516682 differs. srcHist=1 dstHist=2

#ERR The histogram from element 1083522035 differs. srcHist=1 dstHist=2

#ERR The histogram from element 1083530293 differs. srcHist=1 dstHist=2

#ERR The histogram from element 1083533050 differs. srcHist=1 dstHist=2

#ERR The histogram from element 1083534101 differs. srcHist=1 dstHist=2

#ERR The histogram from element 1083535490 differs. srcHist=1 dstHist=2

#ERR The histogram from element 1083540717 differs. srcHist=1 dstHist=2

#ERR The histogram from element 1083546321 differs. srcHist=1 dstHist=2

#ERR The histogram from element 1083546872 differs. srcHist=1 dstHist=2

#ERR The histogram from element 1083551790 differs. srcHist=1 dstHist=2

#ERR The histogram from element 1083553384 differs. srcHist=1 dstHist=2

#ERR The histogram from element 1083556263 differs. srcHist=1 dstHist=2

#ERR The histogram from element 1083564312 differs. srcHist=1 dstHist=2

#ERR The histogram from element 1083567031 differs. srcHist=1 dstHist=2

#ERR The histogram from element 1083572434 differs. srcHist=1 dstHist=2

#ERR The histogram from element 1083582764 differs. srcHist=1 dstHist=2

#ERR The histogram from element 1083594482 differs. srcHist=1 dstHist=2

#ERR The histogram from element 1083596244 differs. srcHist=1 dstHist=2

#ERR The histogram from element 1083606514 differs. srcHist=1 dstHist=2

#ERR The histogram from element 1083611204 differs. srcHist=1 dstHist=2

#ERR The histogram from element 1083613501 differs. srcHist=1 dstHist=2

#ERR The histogram from element 1083696443 differs. srcHist=1 dstHist=2

#ERR The histogram from element 1085228838 differs. srcHist=1 dstHist=2

#ERR The histogram from element 1085243490 differs. srcHist=1 dstHist=2

#ERR The histogram from element 1085326040 differs. srcHist=1 dstHist=2

#ERR The histogram from element 1085353620 differs. srcHist=1 dstHist=2

#ERR The histogram from element 1085353690 differs. srcHist=1 dstHist=2

#ERR The histogram from element 1085356276 differs. srcHist=1 dstHist=2

#ERR The histogram from element 1085362104 differs. srcHist=1 dstHist=2

#ERR The histogram from element 1085369360 differs. srcHist=1 dstHist=2

#ERR The histogram from element 1085370373 differs. srcHist=1 dstHist=2

#ERR The histogram from element 1085393797 differs. srcHist=1 dstHist=2

#ERR The histogram from element 1085407308 differs. srcHist=1 dstHist=2

#ERR The histogram from element 1085419752 differs. srcHist=1 dstHist=2

#ERR The histogram from element 1085428412 differs. srcHist=1 dstHist=2

#ERR The histogram from element 1085491294 differs. srcHist=1 dstHist=2

#ERR The histogram from element 1085502233 differs. srcHist=1 dstHist=2

#ERR The histogram from element 1085507771 differs. srcHist=1 dstHist=2

#ERR The histogram from element 1085511109 differs. srcHist=1 dstHist=2

#ERR The histogram from element 1085516297 differs. srcHist=1 dstHist=2

#ERR The histogram from element 1085520933 differs. srcHist=1 dstHist=2

#ERR The histogram from element 1085520994 differs. srcHist=1 dstHist=2

#ERR The histogram from element 1085521749 differs. srcHist=1 dstHist=2

#ERR The histogram from element 1085523648 differs. srcHist=1 dstHist=2

#ERR The histogram from element 1085524409 differs. srcHist=1 dstHist=2

#ERR The histogram from element 1085525516 differs. srcHist=1 dstHist=2

#ERR The histogram from element 1085526847 differs. srcHist=1 dstHist=2

#ERR The histogram from element 1085526857 differs. srcHist=1 dstHist=2

#ERR The histogram from element 1085527889 differs. srcHist=1 dstHist=2

#ERR The histogram from element 1085533729 differs. srcHist=1 dstHist=2

#ERR The histogram from element 1085541887 differs. srcHist=1 dstHist=2

#ERR The histogram from element 1085543243 differs. srcHist=1 dstHist=2

#ERR The histogram from element 1085546197 differs. srcHist=1 dstHist=2

#ERR The histogram from element 1085549280 differs. srcHist=1 dstHist=2

#ERR The histogram from element 1085550886 differs. srcHist=1 dstHist=2

#ERR The histogram from element 1085551840 differs. srcHist=1 dstHist=2

#ERR The histogram from element 1085552310 differs. srcHist=1 dstHist=2

#ERR The histogram from element 1085554463 differs. srcHist=1 dstHist=2

#ERR The histogram from element 1085554677 differs. srcHist=1 dstHist=2

#ERR The histogram from element 1085558345 differs. srcHist=1 dstHist=2

#ERR The histogram from element 1085562732 differs. srcHist=1 dstHist=2

#ERR The histogram from element 1085567852 differs. srcHist=1 dstHist=2

#ERR The histogram from element 1085569908 differs. srcHist=1 dstHist=2

#ERR The histogram from element 1085573418 differs. srcHist=1 dstHist=2

#ERR The histogram from element 1085573462 differs. srcHist=1 dstHist=2

#ERR The histogram from element 1085574315 differs. srcHist=1 dstHist=2

#ERR The histogram from element 1085574519 differs. srcHist=1 dstHist=2

#ERR The histogram from element 1085578136 differs. srcHist=1 dstHist=2

#ERR The histogram from element 1085578200 differs. srcHist=1 dstHist=2

#ERR The histogram from element 1085579453 differs. srcHist=1 dstHist=2

#ERR The histogram from element 1085584025 differs. srcHist=1 dstHist=2

#ERR The histogram from element 1085585694 differs. srcHist=1 dstHist=2

#ERR The histogram from element 1085588016 differs. srcHist=1 dstHist=2

#ERR The histogram from element 1085589219 differs. srcHist=1 dstHist=2

#ERR The histogram from element 1085589626 differs. srcHist=1 dstHist=2

#ERR The histogram from element 1085591902 differs. srcHist=1 dstHist=2

#ERR The histogram from element 1085594413 differs. srcHist=1 dstHist=2

#ERR The histogram from element 1085596547 differs. srcHist=1 dstHist=2

#ERR The histogram from element 1085603988 differs. srcHist=1 dstHist=2

#ERR The histogram from element 1085608351 differs. srcHist=1 dstHist=2

#ERR The histogram from element 1085608949 differs. srcHist=1 dstHist=2

#ERR The histogram from element 1085640220 differs. srcHist=1 dstHist=2

#ERR The histogram from element 1085648995 differs. srcHist=1 dstHist=2

#ERR The histogram from element 1085657810 differs. srcHist=1 dstHist=2

#ERR The histogram from element 1087472546 differs. srcHist=1 dstHist=2

#ERR The histogram from element 1087474474 differs. srcHist=1 dstHist=2

#ERR The histogram from element 1087479059 differs. srcHist=1 dstHist=2

#ERR The histogram from element 1087481583 differs. srcHist=1 dstHist=2

#ERR The histogram from element 1087482766 differs. srcHist=1 dstHist=2

#ERR The histogram from element 1087488848 differs. srcHist=1 dstHist=2

#ERR The histogram from element 1087502361 differs. srcHist=1 dstHist=2

#ERR The histogram from element 1087507340 differs. srcHist=1 dstHist=2

#ERR The histogram from element 1087510933 differs. srcHist=1 dstHist=2

#ERR The histogram from element 1087511103 differs. srcHist=1 dstHist=2

#ERR The histogram from element 1087512275 differs. srcHist=1 dstHist=2

#ERR The histogram from element 1087514559 differs. srcHist=1 dstHist=2

#ERR The histogram from element 1087518030 differs. srcHist=1 dstHist=2

#ERR The histogram from element 1087532739 differs. srcHist=1 dstHist=2

#ERR The histogram from element 1087534683 differs. srcHist=1 dstHist=2

#ERR The histogram from element 1087541213 differs. srcHist=1 dstHist=2

#ERR The histogram from element 1087542862 differs. srcHist=1 dstHist=2

#ERR The histogram from element 1087547273 differs. srcHist=1 dstHist=2

#ERR The histogram from element 1087548382 differs. srcHist=1 dstHist=2

#ERR The histogram from element 1087555224 differs. srcHist=1 dstHist=2

#ERR The histogram from element 1087556893 differs. srcHist=1 dstHist=2

#ERR The histogram from element 1087559396 differs. srcHist=1 dstHist=2

#ERR The histogram from element 1087561651 differs. srcHist=1 dstHist=2

#ERR The histogram from element 1087562462 differs. srcHist=1 dstHist=2

#ERR The histogram from element 1087566818 differs. srcHist=1 dstHist=2

#ERR The histogram from element 1087569426 differs. srcHist=1 dstHist=2

#ERR The histogram from element 1087571245 differs. srcHist=1 dstHist=2

#ERR The histogram from element 1087572252 differs. srcHist=1 dstHist=2

#ERR The histogram from element 1087573295 differs. srcHist=1 dstHist=2

#ERR The histogram from element 1087576474 differs. srcHist=1 dstHist=2

#ERR The histogram from element 1087579690 differs. srcHist=1 dstHist=2

#ERR The histogram from element 1087584182 differs. srcHist=1 dstHist=2

#ERR The histogram from element 1087584187 differs. srcHist=1 dstHist=2

#ERR The histogram from element 1087585458 differs. srcHist=1 dstHist=2

#ERR The histogram from element 1087585536 differs. srcHist=1 dstHist=2

#ERR The histogram from element 1087589636 differs. srcHist=1 dstHist=2

#ERR The histogram from element 1087590601 differs. srcHist=1 dstHist=2

#ERR The histogram from element 1087591995 differs. srcHist=1 dstHist=2

#ERR The histogram from element 1087592079 differs. srcHist=1 dstHist=2

#ERR The histogram from element 1087595564 differs. srcHist=1 dstHist=2

#ERR The histogram from element 1087605175 differs. srcHist=1 dstHist=2

#ERR The histogram from element 1087608176 differs. srcHist=1 dstHist=2

#ERR The histogram from element 1087609437 differs. srcHist=1 dstHist=2

#ERR The histogram from element 1087613702 differs. srcHist=1 dstHist=2

#ERR The histogram from element 1087613711 differs. srcHist=1 dstHist=2

#ERR The histogram from element 1087619106 differs. srcHist=1 dstHist=2

#ERR The histogram from element 1087619553 differs. srcHist=1 dstHist=2

#ERR The histogram from element 1087624675 differs. srcHist=1 dstHist=2

#ERR The histogram from element 1087625341 differs. srcHist=1 dstHist=2

#ERR The histogram from element 1087627598 differs. srcHist=1 dstHist=2

#ERR The histogram from element 1087630352 differs. srcHist=1 dstHist=2

#ERR The histogram from element 1087634476 differs. srcHist=1 dstHist=2

#ERR The histogram from element 1087642198 differs. srcHist=1 dstHist=2

#ERR The histogram from element 1087643153 differs. srcHist=1 dstHist=2

#ERR The histogram from element 1087645596 differs. srcHist=1 dstHist=2

#ERR The histogram from element 1087645992 differs. srcHist=1 dstHist=2

#ERR The histogram from element 1087646713 differs. srcHist=1 dstHist=2

#ERR The histogram from element 1087651518 differs. srcHist=1 dstHist=2

#ERR The histogram from element 1087651717 differs. srcHist=1 dstHist=2

#ERR The histogram from element 1087658422 differs. srcHist=1 dstHist=2

#ERR The histogram from element 1087673205 differs. srcHist=1 dstHist=2

#ERR The histogram from element 1087676210 differs. srcHist=1 dstHist=2

#ERR The histogram from element 1093544737 differs. srcHist=1 dstHist=2

#ERR The histogram from element 1093753506 differs. srcHist=1 dstHist=2

#ERR The histogram from element 1093783485 differs. srcHist=1 dstHist=2

#ERR The histogram from element 1093785172 differs. srcHist=1 dstHist=2

#ERR The histogram from element 1093791792 differs. srcHist=1 dstHist=2

#ERR The histogram from element 1093793884 differs. srcHist=1 dstHist=2

#ERR The histogram from element 1093793938 differs. srcHist=1 dstHist=2

#ERR The histogram from element 1093808227 differs. srcHist=1 dstHist=2

#ERR The histogram from element 1093820293 differs. srcHist=1 dstHist=2

#ERR The histogram from element 1093822587 differs. srcHist=1 dstHist=2

#ERR The histogram from element 1093824543 differs. srcHist=1 dstHist=2

#ERR The histogram from element 1093826619 differs. srcHist=1 dstHist=2

#ERR The histogram from element 1093838980 differs. srcHist=1 dstHist=2

#ERR The histogram from element 1093839614 differs. srcHist=1 dstHist=2

#ERR The histogram from element 1093853335 differs. srcHist=1 dstHist=2

#ERR The histogram from element 1093871041 differs. srcHist=1 dstHist=2

#ERR The histogram from element 1093875535 differs. srcHist=1 dstHist=2

#ERR The histogram from element 1093876835 differs. srcHist=1 dstHist=2

#ERR The histogram from element 1093881043 differs. srcHist=1 dstHist=2

#ERR The histogram from element 1093888649 differs. srcHist=1 dstHist=2

#ERR The histogram from element 1093908965 differs. srcHist=1 dstHist=2

#ERR The histogram from element 1093910354 differs. srcHist=1 dstHist=2

#ERR The histogram from element 1093921913 differs. srcHist=1 dstHist=2

#ERR The histogram from element 1093922093 differs. srcHist=1 dstHist=2

#ERR The histogram from element 1093925905 differs. srcHist=1 dstHist=2

#ERR The histogram from element 1093931707 differs. srcHist=1 dstHist=2

#ERR The histogram from element 1093935341 differs. srcHist=1 dstHist=2

#ERR The histogram from element 1093937579 differs. srcHist=1 dstHist=2

#ERR The histogram from element 1093942973 differs. srcHist=1 dstHist=2

#ERR The histogram from element 1093964750 differs. srcHist=1 dstHist=2

#ERR The histogram from element 1093966301 differs. srcHist=1 dstHist=2

#ERR The histogram from element 1095501441 differs. srcHist=1 dstHist=0

#ERR The histogram from element 1095502354 differs. srcHist=1 dstHist=0

#ERR The histogram from element 1095515367 differs. srcHist=1 dstHist=0

#ERR The histogram from element 1095515855 differs. srcHist=1 dstHist=0

#ERR The histogram from element 1095519353 differs. srcHist=1 dstHist=0

#ERR The histogram from element 1095521432 differs. srcHist=1 dstHist=0

#ERR The histogram from element 1095531480 differs. srcHist=1 dstHist=0

#ERR The histogram from element 1095532190 differs. srcHist=1 dstHist=0

#ERR The histogram from element 1095538739 differs. srcHist=1 dstHist=0

#ERR The histogram from element 1095539785 differs. srcHist=1 dstHist=0

#ERR The histogram from element 1095546225 differs. srcHist=1 dstHist=0

#ERR The histogram from element 1095553431 differs. srcHist=1 dstHist=0

#ERR The histogram from element 1095559457 differs. srcHist=1 dstHist=0

#ERR The histogram from element 1095566848 differs. srcHist=1 dstHist=0

#ERR The histogram from element 1095573206 differs. srcHist=1 dstHist=0

#ERR The histogram from element 1095579941 differs. srcHist=1 dstHist=0

#ERR The histogram from element 1095580453 differs. srcHist=1 dstHist=0

#ERR The histogram from element 1095589908 differs. srcHist=1 dstHist=0

#ERR The histogram from element 1095597830 differs. srcHist=1 dstHist=0

#ERR The histogram from element 1095601809 differs. srcHist=1 dstHist=0

#ERR The histogram from element 1095611466 differs. srcHist=1 dstHist=0

#ERR The histogram from element 1095620671 differs. srcHist=1 dstHist=0

#ERR The histogram from element 1095622190 differs. srcHist=1 dstHist=0

#ERR The histogram from element 1095626101 differs. srcHist=1 dstHist=0

#ERR The histogram from element 1095632468 differs. srcHist=1 dstHist=0

#ERR The histogram from element 1095635317 differs. srcHist=1 dstHist=0

#ERR The histogram from element 1095645897 differs. srcHist=1 dstHist=0

#ERR The histogram from element 1095652564 differs. srcHist=1 dstHist=0

#ERR The histogram from element 1095671850 differs. srcHist=1 dstHist=0

#ERR The histogram from element 1095704867 differs. srcHist=1 dstHist=0

#ERR The histogram from element 1095709528 differs. srcHist=1 dstHist=2

#ERR The histogram from element 1095713771 differs. srcHist=1 dstHist=2

#ERR The histogram from element 1095718738 differs. srcHist=1 dstHist=2

#ERR The histogram from element 1095721502 differs. srcHist=1 dstHist=2

#ERR The histogram from element 1095734195 differs. srcHist=1 dstHist=2

#ERR The histogram from element 1095741488 differs. srcHist=1 dstHist=2

#ERR The histogram from element 1095743913 differs. srcHist=1 dstHist=2

#ERR The histogram from element 1095744977 differs. srcHist=1 dstHist=2

#ERR The histogram from element 1095763642 differs. srcHist=1 dstHist=2

#ERR The histogram from element 1095773232 differs. srcHist=1 dstHist=2

#ERR The histogram from element 1095773583 differs. srcHist=1 dstHist=2

#ERR The histogram from element 1095794575 differs. srcHist=1 dstHist=2

#ERR The histogram from element 1095794874 differs. srcHist=1 dstHist=2

#ERR The histogram from element 1095810987 differs. srcHist=1 dstHist=2

#ERR The histogram from element 1095813292 differs. srcHist=1 dstHist=2

#ERR The histogram from element 1095834405 differs. srcHist=1 dstHist=2

#ERR The histogram from element 1095834463 differs. srcHist=1 dstHist=2

#ERR The histogram from element 1095842705 differs. srcHist=1 dstHist=2

#ERR The histogram from element 1095853204 differs. srcHist=1 dstHist=2

#ERR The histogram from element 1095860458 differs. srcHist=1 dstHist=2

#ERR The histogram from element 1095863663 differs. srcHist=1 dstHist=2

#ERR The histogram from element 1095863756 differs. srcHist=1 dstHist=2

#ERR The histogram from element 1095867712 differs. srcHist=1 dstHist=2

#ERR The histogram from element 1095868682 differs. srcHist=1 dstHist=2

#ERR The histogram from element 1095871484 differs. srcHist=1 dstHist=2

#ERR The histogram from element 1095883823 differs. srcHist=1 dstHist=2

#ERR The histogram from element 1095884421 differs. srcHist=1 dstHist=2

#ERR The histogram from element 1095889096 differs. srcHist=1 dstHist=2

#ERR The histogram from element 1095889993 differs. srcHist=1 dstHist=2

#ERR The histogram from element 1096000368 differs. srcHist=1 dstHist=2

#ERR The histogram from element 1096021264 differs. srcHist=1 dstHist=2

#ERR The histogram from element 1096618332 differs. srcHist=1 dstHist=0

#ERR The histogram from element 1096626981 differs. srcHist=1 dstHist=0

#ERR The histogram from element 1096633568 differs. srcHist=1 dstHist=0

#ERR The histogram from element 1096651734 differs. srcHist=1 dstHist=0

#ERR The histogram from element 1096672263 differs. srcHist=1 dstHist=0

#ERR The histogram from element 1096692564 differs. srcHist=1 dstHist=0

#ERR The histogram from element 1096699073 differs. srcHist=1 dstHist=0

#ERR The histogram from element 1096709906 differs. srcHist=1 dstHist=0

#ERR The histogram from element 1096738910 differs. srcHist=1 dstHist=0

#ERR The histogram from element 1096744372 differs. srcHist=1 dstHist=0

#ERR The histogram from element 1096746577 differs. srcHist=1 dstHist=0

#ERR The histogram from element 1096764284 differs. srcHist=1 dstHist=0

#ERR The histogram from element 1096770603 differs. srcHist=1 dstHist=0

#ERR The histogram from element 1096774714 differs. srcHist=1 dstHist=0

#ERR The histogram from element 1096777960 differs. srcHist=1 dstHist=0

#ERR The histogram from element 1096788221 differs. srcHist=1 dstHist=0

#ERR The histogram from element 1096793801 differs. srcHist=1 dstHist=0

#ERR The histogram from element 1096794217 differs. srcHist=1 dstHist=0

#ERR The histogram from element 1096794728 differs. srcHist=1 dstHist=0

#ERR The histogram from element 1096803114 differs. srcHist=1 dstHist=0

#ERR The histogram from element 1096806936 differs. srcHist=1 dstHist=0

#ERR The histogram from element 1096808798 differs. srcHist=1 dstHist=0

#ERR The histogram from element 1096813473 differs. srcHist=1 dstHist=0

#ERR The histogram from element 1096815044 differs. srcHist=1 dstHist=0

#ERR The histogram from element 1096816271 differs. srcHist=1 dstHist=0

#ERR The histogram from element 1096817974 differs. srcHist=1 dstHist=0

#ERR The histogram from element 1096825221 differs. srcHist=1 dstHist=0

#ERR The histogram from element 1096825465 differs. srcHist=1 dstHist=0

#ERR The histogram from element 1096827420 differs. srcHist=1 dstHist=0

#ERR The histogram from element 1096928784 differs. srcHist=1 dstHist=0

#ERR The histogram from element 1096931318 differs. srcHist=1 dstHist=0

#ERR The histogram from element 1097246278 differs. srcHist=1 dstHist=0

#ERR The histogram from element 1097509252 differs. srcHist=1 dstHist=0

#ERR The histogram from element 1097553924 differs. srcHist=1 dstHist=0

#ERR The histogram from element 1097587142 differs. srcHist=1 dstHist=0

#ERR The histogram from element 1097596180 differs. srcHist=1 dstHist=0

#ERR The histogram from element 1097621671 differs. srcHist=1 dstHist=0

#ERR The histogram from element 1097711298 differs. srcHist=1 dstHist=0

#ERR The histogram from element 1097715321 differs. srcHist=1 dstHist=0

#ERR The histogram from element 1097717888 differs. srcHist=1 dstHist=0

#ERR The histogram from element 1097745822 differs. srcHist=1 dstHist=0

#ERR The histogram from element 1097770748 differs. srcHist=1 dstHist=0

#ERR The histogram from element 1097771315 differs. srcHist=1 dstHist=0

#ERR The histogram from element 1097791163 differs. srcHist=1 dstHist=0

#ERR The histogram from element 1097798355 differs. srcHist=1 dstHist=0

#ERR The histogram from element 1097802115 differs. srcHist=1 dstHist=0

#ERR The histogram from element 1097803411 differs. srcHist=1 dstHist=0

#ERR The histogram from element 1097803568 differs. srcHist=1 dstHist=0

#ERR The histogram from element 1097809826 differs. srcHist=1 dstHist=0

#ERR The histogram from element 1097816416 differs. srcHist=1 dstHist=0

#ERR The histogram from element 1097832331 differs. srcHist=1 dstHist=0

#ERR The histogram from element 1097840284 differs. srcHist=1 dstHist=0

#ERR The histogram from element 1097854381 differs. srcHist=1 dstHist=0

#ERR The histogram from element 1097882572 differs. srcHist=1 dstHist=2

#ERR The histogram from element 1097884887 differs. srcHist=1 dstHist=2

#ERR The histogram from element 1097885847 differs. srcHist=1 dstHist=0

#ERR The histogram from element 1097894756 differs. srcHist=1 dstHist=0

#ERR The histogram from element 1097897451 differs. srcHist=1 dstHist=0

#ERR The histogram from element 1097900972 differs. srcHist=1 dstHist=2

#ERR The histogram from element 1097907452 differs. srcHist=1 dstHist=2

#ERR The histogram from element 1097908505 differs. srcHist=1 dstHist=0

#ERR The histogram from element 1097914611 differs. srcHist=1 dstHist=0

#ERR The histogram from element 1097918396 differs. srcHist=1 dstHist=2

#ERR The histogram from element 1097919378 differs. srcHist=1 dstHist=2

#ERR The histogram from element 1097926511 differs. srcHist=1 dstHist=2

#ERR The histogram from element 1097930646 differs. srcHist=1 dstHist=0

#ERR The histogram from element 1097933459 differs. srcHist=1 dstHist=0

#ERR The histogram from element 1097950108 differs. srcHist=1 dstHist=2

#ERR The histogram from element 1097953402 differs. srcHist=1 dstHist=2

#ERR The histogram from element 1097955047 differs. srcHist=1 dstHist=0

#ERR The histogram from element 1097966709 differs. srcHist=1 dstHist=2

#ERR The histogram from element 1097970359 differs. srcHist=1 dstHist=2

#ERR The histogram from element 1097970517 differs. srcHist=1 dstHist=0

#ERR The histogram from element 1097970844 differs. srcHist=1 dstHist=2

#ERR The histogram from element 1097972981 differs. srcHist=1 dstHist=2

#ERR The histogram from element 1097976392 differs. srcHist=1 dstHist=2

#ERR The histogram from element 1097983945 differs. srcHist=1 dstHist=2

#ERR The histogram from element 1098005429 differs. srcHist=1 dstHist=0

#ERR The histogram from element 1098009656 differs. srcHist=1 dstHist=2

#ERR The histogram from element 1098010650 differs. srcHist=1 dstHist=2

#ERR The histogram from element 1098032293 differs. srcHist=1 dstHist=2

#ERR The histogram from element 1098047071 differs. srcHist=1 dstHist=2

#ERR The histogram from element 1098056915 differs. srcHist=1 dstHist=2

#ERR The histogram from element 1098060139 differs. srcHist=1 dstHist=2

#ERR The histogram from element 1098065383 differs. srcHist=1 dstHist=2

#ERR The histogram from element 1098077383 differs. srcHist=1 dstHist=2

#ERR The histogram from element 1098087464 differs. srcHist=1 dstHist=2

#ERR The histogram from element 1098088693 differs. srcHist=1 dstHist=2

#ERR The histogram from element 1098094562 differs. srcHist=1 dstHist=2

#ERR The histogram from element 1098100300 differs. srcHist=1 dstHist=2

#ERR The histogram from element 1098113131 differs. srcHist=1 dstHist=2

#ERR The histogram from element 1098118996 differs. srcHist=1 dstHist=2

#ERR The histogram from element 1098122542 differs. srcHist=1 dstHist=2

#ERR The histogram from element 1098125752 differs. srcHist=1 dstHist=2

#ERR The histogram from element 1098127811 differs. srcHist=1 dstHist=2

#ERR The histogram from element 1098129911 differs. srcHist=1 dstHist=2

#ERR The histogram from element 1098130643 differs. srcHist=1 dstHist=2

#ERR The histogram from element 1098147785 differs. srcHist=1 dstHist=2

#ERR The histogram from element 1098149339 differs. srcHist=1 dstHist=2

#ERR The histogram from element 1098153584 differs. srcHist=1 dstHist=2

#ERR The histogram from element 1098156521 differs. srcHist=1 dstHist=2

#ERR The histogram from element 1098163598 differs. srcHist=1 dstHist=2

#ERR The histogram from element 1098164418 differs. srcHist=1 dstHist=2

#ERR The histogram from element 1098167588 differs. srcHist=1 dstHist=2

#ERR The histogram from element 1098181389 differs. srcHist=1 dstHist=2

#ERR The histogram from element 1098182134 differs. srcHist=1 dstHist=2

#ERR The histogram from element 1098189411 differs. srcHist=1 dstHist=2

#ERR The histogram from element 1098190274 differs. srcHist=1 dstHist=2

#ERR The histogram from element 1098190689 differs. srcHist=1 dstHist=2

#ERR The histogram from element 1098191380 differs. srcHist=1 dstHist=2

#ERR The histogram from element 1098193073 differs. srcHist=1 dstHist=2

#ERR The histogram from element 1098202434 differs. srcHist=1 dstHist=2

#ERR The histogram from element 1098203837 differs. srcHist=1 dstHist=2

#ERR The histogram from element 1098205472 differs. srcHist=1 dstHist=2

#ERR The histogram from element 1098207527 differs. srcHist=1 dstHist=2

#ERR The histogram from element 1098208658 differs. srcHist=1 dstHist=2

#ERR The histogram from element 1098217592 differs. srcHist=1 dstHist=2

#ERR The histogram from element 1098226920 differs. srcHist=1 dstHist=2

#ERR The histogram from element 1098227924 differs. srcHist=1 dstHist=2

#ERR The histogram from element 1098228056 differs. srcHist=1 dstHist=2

#ERR The histogram from element 1098231378 differs. srcHist=1 dstHist=2

#ERR The histogram from element 1098231663 differs. srcHist=1 dstHist=2

#ERR The histogram from element 1098238799 differs. srcHist=1 dstHist=2

#ERR The histogram from element 1098253499 differs. srcHist=1 dstHist=2

#ERR The histogram from element 1098272292 differs. srcHist=1 dstHist=2

#ERR The histogram from element 1098296834 differs. srcHist=1 dstHist=2

#ERR The histogram from element 1099590490 differs. srcHist=1 dstHist=2

#ERR The histogram from element 1099592468 differs. srcHist=1 dstHist=2

#ERR The histogram from element 1099598565 differs. srcHist=1 dstHist=2

#SDC Ite:0 KerTime:5.688771 AccTime:5.688771 KerErr:3417 AccErr:3417
#ABORT too many errors per iteration
#END