#HEADER size:33554432
#BEGIN Y:2015 M:11 D:21 Time:03:04:51
#IT Ite:0 KerTime:0.738155 AccTime:0.738155
#IT Ite:1 KerTime:0.506116 AccTime:1.244271
#IT Ite:2 KerTime:0.378911 AccTime:1.623182
#IT Ite:3 KerTime:0.375372 AccTime:1.998554
#IT Ite:4 KerTime:0.504168 AccTime:2.502722
#IT Ite:5 KerTime:0.397055 AccTime:2.899777
#IT Ite:6 KerTime:0.378287 AccTime:3.278064
#IT Ite:7 KerTime:0.368179 AccTime:3.646243
#IT Ite:8 KerTime:0.375090 AccTime:4.021333
#IT Ite:9 KerTime:0.360312 AccTime:4.381645
#IT Ite:10 KerTime:0.431051 AccTime:4.812696
#IT Ite:11 KerTime:0.376026 AccTime:5.188722
#IT Ite:12 KerTime:0.361915 AccTime:5.550637
#IT Ite:13 KerTime:0.482369 AccTime:6.033006
#IT Ite:14 KerTime:0.365203 AccTime:6.398209
#IT Ite:15 KerTime:0.373476 AccTime:6.771685
#IT Ite:16 KerTime:0.461492 AccTime:7.233177
#IT Ite:17 KerTime:0.373384 AccTime:7.606561
#IT Ite:18 KerTime:0.352245 AccTime:7.958806
#IT Ite:19 KerTime:0.366680 AccTime:8.325486
#IT Ite:20 KerTime:0.359129 AccTime:8.684615
#IT Ite:21 KerTime:0.381223 AccTime:9.065838
#IT Ite:22 KerTime:0.370402 AccTime:9.436240
#IT Ite:23 KerTime:0.385010 AccTime:9.821250
#IT Ite:24 KerTime:0.386507 AccTime:10.207757
#IT Ite:25 KerTime:0.370571 AccTime:10.578328
#IT Ite:26 KerTime:0.366682 AccTime:10.945010
#IT Ite:27 KerTime:0.364469 AccTime:11.309479
#IT Ite:28 KerTime:0.383656 AccTime:11.693135
#IT Ite:29 KerTime:0.384637 AccTime:12.077772
#IT Ite:30 KerTime:0.394515 AccTime:12.472287
#IT Ite:31 KerTime:0.369499 AccTime:12.841786
#IT Ite:32 KerTime:0.433872 AccTime:13.275658
#IT Ite:33 KerTime:0.397958 AccTime:13.673616
#IT Ite:34 KerTime:0.355053 AccTime:14.028669
#IT Ite:35 KerTime:0.389594 AccTime:14.418263
#IT Ite:36 KerTime:0.436741 AccTime:14.855004
#IT Ite:37 KerTime:0.421006 AccTime:15.276010
#IT Ite:38 KerTime:0.361791 AccTime:15.637801
#IT Ite:39 KerTime:0.486228 AccTime:16.124029
#IT Ite:40 KerTime:0.364510 AccTime:16.488539
#IT Ite:41 KerTime:0.388777 AccTime:16.877316
#IT Ite:42 KerTime:0.410657 AccTime:17.287973
#IT Ite:43 KerTime:0.388783 AccTime:17.676756
#IT Ite:44 KerTime:0.392205 AccTime:18.068961
#IT Ite:45 KerTime:0.357207 AccTime:18.426168
#IT Ite:46 KerTime:0.373036 AccTime:18.799204
#IT Ite:47 KerTime:0.367493 AccTime:19.166697
#IT Ite:48 KerTime:0.357069 AccTime:19.523766
#IT Ite:49 KerTime:0.381920 AccTime:19.905686
#IT Ite:50 KerTime:0.415869 AccTime:20.321555
#IT Ite:51 KerTime:0.358350 AccTime:20.679905
#IT Ite:52 KerTime:0.363021 AccTime:21.042926
#IT Ite:53 KerTime:0.433797 AccTime:21.476723
#IT Ite:54 KerTime:0.364635 AccTime:21.841358
#IT Ite:55 KerTime:0.389277 AccTime:22.230635
#IT Ite:56 KerTime:0.358097 AccTime:22.588732
#IT Ite:57 KerTime:0.384345 AccTime:22.973077
#IT Ite:58 KerTime:0.367587 AccTime:23.340664
#IT Ite:59 KerTime:0.373885 AccTime:23.714549
#IT Ite:60 KerTime:0.372628 AccTime:24.087177
#IT Ite:61 KerTime:0.366846 AccTime:24.454023
#IT Ite:62 KerTime:0.390630 AccTime:24.844653
#IT Ite:63 KerTime:0.370011 AccTime:25.214664
#IT Ite:64 KerTime:0.370949 AccTime:25.585613
#IT Ite:65 KerTime:0.368112 AccTime:25.953725
#IT Ite:66 KerTime:0.510282 AccTime:26.464007
#IT Ite:67 KerTime:0.381214 AccTime:26.845221
#IT Ite:68 KerTime:0.383359 AccTime:27.228580
#IT Ite:69 KerTime:0.483674 AccTime:27.712254
#IT Ite:70 KerTime:0.403327 AccTime:28.115581
#IT Ite:71 KerTime:0.378251 AccTime:28.493832
#IT Ite:72 KerTime:0.386627 AccTime:28.880459
#IT Ite:73 KerTime:0.359569 AccTime:29.240028
#IT Ite:74 KerTime:0.371789 AccTime:29.611817
#IT Ite:75 KerTime:0.360838 AccTime:29.972655
#IT Ite:76 KerTime:0.353502 AccTime:30.326157
#IT Ite:77 KerTime:0.367739 AccTime:30.693896
#IT Ite:78 KerTime:0.394827 AccTime:31.088723
#IT Ite:79 KerTime:0.372986 AccTime:31.461709
#IT Ite:80 KerTime:0.380443 AccTime:31.842152
#IT Ite:81 KerTime:0.374769 AccTime:32.216921
#IT Ite:82 KerTime:0.380544 AccTime:32.597465
#IT Ite:83 KerTime:0.352473 AccTime:32.949938
#IT Ite:84 KerTime:0.416115 AccTime:33.366053
#IT Ite:85 KerTime:0.432275 AccTime:33.798328
#IT Ite:86 KerTime:0.399527 AccTime:34.197855
#IT Ite:87 KerTime:0.362214 AccTime:34.560069
#IT Ite:88 KerTime:0.384017 AccTime:34.944086
#IT Ite:89 KerTime:0.390850 AccTime:35.334936
#IT Ite:90 KerTime:0.391701 AccTime:35.726637
#IT Ite:91 KerTime:0.361511 AccTime:36.088148
#IT Ite:92 KerTime:0.389010 AccTime:36.477158
#IT Ite:93 KerTime:0.479493 AccTime:36.956651
#IT Ite:94 KerTime:0.362892 AccTime:37.319543
#IT Ite:95 KerTime:0.377103 AccTime:37.696646
#IT Ite:96 KerTime:0.383751 AccTime:38.080397
#IT Ite:97 KerTime:0.380112 AccTime:38.460509
#IT Ite:98 KerTime:0.356495 AccTime:38.817004
#IT Ite:99 KerTime:0.438707 AccTime:39.255711
#IT Ite:100 KerTime:0.382828 AccTime:39.638539
#IT Ite:101 KerTime:0.504942 AccTime:40.143481
#IT Ite:102 KerTime:0.419364 AccTime:40.562845
#IT Ite:103 KerTime:0.373789 AccTime:40.936634
#IT Ite:104 KerTime:0.383225 AccTime:41.319859
#IT Ite:105 KerTime:0.366875 AccTime:41.686734
#IT Ite:106 KerTime:0.386389 AccTime:42.073123
#IT Ite:107 KerTime:0.418495 AccTime:42.491618
#IT Ite:108 KerTime:0.392508 AccTime:42.884126
#IT Ite:109 KerTime:0.354338 AccTime:43.238464
#IT Ite:110 KerTime:0.374871 AccTime:43.613335
#IT Ite:111 KerTime:0.405639 AccTime:44.018974
#IT Ite:112 KerTime:0.361103 AccTime:44.380077
#IT Ite:113 KerTime:0.367368 AccTime:44.747445
#IT Ite:114 KerTime:0.352579 AccTime:45.100024
#IT Ite:115 KerTime:0.370739 AccTime:45.470763
#IT Ite:116 KerTime:0.348680 AccTime:45.819443
#IT Ite:117 KerTime:0.352085 AccTime:46.171528
#IT Ite:118 KerTime:0.378947 AccTime:46.550475
#IT Ite:119 KerTime:0.356323 AccTime:46.906798
#IT Ite:120 KerTime:0.360950 AccTime:47.267748
#IT Ite:121 KerTime:0.403387 AccTime:47.671135
#IT Ite:122 KerTime:0.352583 AccTime:48.023718
#IT Ite:123 KerTime:0.395431 AccTime:48.419149
#IT Ite:124 KerTime:0.376878 AccTime:48.796027
#IT Ite:125 KerTime:0.353640 AccTime:49.149667
#IT Ite:126 KerTime:0.358662 AccTime:49.508329
#IT Ite:127 KerTime:0.384394 AccTime:49.892723
#IT Ite:128 KerTime:0.372752 AccTime:50.265475
#IT Ite:129 KerTime:0.435720 AccTime:50.701195
#IT Ite:130 KerTime:0.375363 AccTime:51.076558
#IT Ite:131 KerTime:0.356774 AccTime:51.433332
#IT Ite:132 KerTime:0.363814 AccTime:51.797146
#IT Ite:133 KerTime:0.433067 AccTime:52.230213
#IT Ite:134 KerTime:0.559695 AccTime:52.789908
#IT Ite:135 KerTime:0.403237 AccTime:53.193145
#IT Ite:136 KerTime:0.380026 AccTime:53.573171
#IT Ite:137 KerTime:0.357543 AccTime:53.930714
#IT Ite:138 KerTime:0.499233 AccTime:54.429947
#IT Ite:139 KerTime:0.362650 AccTime:54.792597
#IT Ite:140 KerTime:0.493298 AccTime:55.285895
#IT Ite:141 KerTime:0.390303 AccTime:55.676198
#IT Ite:142 KerTime:0.371450 AccTime:56.047648
#IT Ite:143 KerTime:0.367978 AccTime:56.415626
#IT Ite:144 KerTime:0.371087 AccTime:56.786713
#IT Ite:145 KerTime:0.381716 AccTime:57.168429
#IT Ite:146 KerTime:0.401141 AccTime:57.569570
#IT Ite:147 KerTime:0.360588 AccTime:57.930158
#IT Ite:148 KerTime:0.362336 AccTime:58.292494
#IT Ite:149 KerTime:0.375201 AccTime:58.667695
#IT Ite:150 KerTime:0.393948 AccTime:59.061643
#IT Ite:151 KerTime:0.368309 AccTime:59.429952
#IT Ite:152 KerTime:0.392808 AccTime:59.822760
#IT Ite:153 KerTime:0.348681 AccTime:60.171441
#IT Ite:154 KerTime:0.401646 AccTime:60.573087
#IT Ite:155 KerTime:0.360862 AccTime:60.933949
#IT Ite:156 KerTime:0.351810 AccTime:61.285759
#IT Ite:157 KerTime:0.375282 AccTime:61.661041
#IT Ite:158 KerTime:0.376489 AccTime:62.037530
#IT Ite:159 KerTime:0.408706 AccTime:62.446236
#IT Ite:160 KerTime:0.365466 AccTime:62.811702
#IT Ite:161 KerTime:0.359309 AccTime:63.171011
#IT Ite:162 KerTime:0.363535 AccTime:63.534546
#IT Ite:163 KerTime:0.365841 AccTime:63.900387
#IT Ite:164 KerTime:0.372558 AccTime:64.272945
#IT Ite:165 KerTime:0.368367 AccTime:64.641312
#IT Ite:166 KerTime:0.359502 AccTime:65.000814
#IT Ite:167 KerTime:0.541010 AccTime:65.541824
#IT Ite:168 KerTime:0.362875 AccTime:65.904699
#IT Ite:169 KerTime:0.366425 AccTime:66.271124
#IT Ite:170 KerTime:0.376374 AccTime:66.647498
#IT Ite:171 KerTime:0.363785 AccTime:67.011283
#IT Ite:172 KerTime:0.360360 AccTime:67.371643
#IT Ite:173 KerTime:0.448305 AccTime:67.819948
#IT Ite:174 KerTime:0.353084 AccTime:68.173032
#IT Ite:175 KerTime:0.446977 AccTime:68.620009
#IT Ite:176 KerTime:0.384638 AccTime:69.004647
#IT Ite:177 KerTime:0.403815 AccTime:69.408462
#IT Ite:178 KerTime:0.350704 AccTime:69.759166
#IT Ite:179 KerTime:0.363151 AccTime:70.122317
#IT Ite:180 KerTime:0.397871 AccTime:70.520188
#IT Ite:181 KerTime:0.367536 AccTime:70.887724
#IT Ite:182 KerTime:0.354239 AccTime:71.241963
#IT Ite:183 KerTime:0.371314 AccTime:71.613277
#IT Ite:184 KerTime:0.397702 AccTime:72.010979
#IT Ite:185 KerTime:0.361506 AccTime:72.372485
#IT Ite:186 KerTime:0.393255 AccTime:72.765740
#IT Ite:187 KerTime:0.367296 AccTime:73.133036
#IT Ite:188 KerTime:0.367551 AccTime:73.500587
#IT Ite:189 KerTime:0.409132 AccTime:73.909719
#IT Ite:190 KerTime:0.375034 AccTime:74.284753
#IT Ite:191 KerTime:0.373840 AccTime:74.658593
#IT Ite:192 KerTime:0.382784 AccTime:75.041377
#IT Ite:193 KerTime:0.376608 AccTime:75.417985
#IT Ite:194 KerTime:0.374992 AccTime:75.792977
#IT Ite:195 KerTime:0.372912 AccTime:76.165889
#IT Ite:196 KerTime:0.416617 AccTime:76.582506
#IT Ite:197 KerTime:0.379688 AccTime:76.962194
#IT Ite:198 KerTime:0.373809 AccTime:77.336003
#IT Ite:199 KerTime:0.362518 AccTime:77.698521
#IT Ite:200 KerTime:0.381465 AccTime:78.079986
#IT Ite:201 KerTime:0.362990 AccTime:78.442976
#IT Ite:202 KerTime:0.626068 AccTime:79.069044
#IT Ite:203 KerTime:0.385942 AccTime:79.454986
#IT Ite:204 KerTime:0.407576 AccTime:79.862562
#IT Ite:205 KerTime:0.364889 AccTime:80.227451
#IT Ite:206 KerTime:0.363532 AccTime:80.590983
#IT Ite:207 KerTime:0.364250 AccTime:80.955233
#IT Ite:208 KerTime:0.366361 AccTime:81.321594
#IT Ite:209 KerTime:0.500741 AccTime:81.822335
#IT Ite:210 KerTime:0.352634 AccTime:82.174969
#IT Ite:211 KerTime:0.377075 AccTime:82.552044
#IT Ite:212 KerTime:0.432081 AccTime:82.984125
#IT Ite:213 KerTime:0.360191 AccTime:83.344316
#IT Ite:214 KerTime:0.369403 AccTime:83.713719
#IT Ite:215 KerTime:0.363497 AccTime:84.077216
#IT Ite:216 KerTime:0.382798 AccTime:84.460014
#IT Ite:217 KerTime:0.433039 AccTime:84.893053
#IT Ite:218 KerTime:0.406486 AccTime:85.299539
#IT Ite:219 KerTime:0.364825 AccTime:85.664364
#IT Ite:220 KerTime:0.417900 AccTime:86.082264
#IT Ite:221 KerTime:0.368943 AccTime:86.451207
#IT Ite:222 KerTime:0.396749 AccTime:86.847956
#IT Ite:223 KerTime:0.388575 AccTime:87.236531
#IT Ite:224 KerTime:0.377887 AccTime:87.614418
#IT Ite:225 KerTime:0.388980 AccTime:88.003398
#IT Ite:226 KerTime:0.452454 AccTime:88.455852
#IT Ite:227 KerTime:0.374110 AccTime:88.829962
#IT Ite:228 KerTime:0.375363 AccTime:89.205325
#IT Ite:229 KerTime:0.377902 AccTime:89.583227
#IT Ite:230 KerTime:0.357925 AccTime:89.941152
#IT Ite:231 KerTime:0.398568 AccTime:90.339720
#IT Ite:232 KerTime:0.424034 AccTime:90.763754
#IT Ite:233 KerTime:0.359459 AccTime:91.123213
#IT Ite:234 KerTime:0.428345 AccTime:91.551558
#IT Ite:235 KerTime:0.418088 AccTime:91.969646
#IT Ite:236 KerTime:0.382948 AccTime:92.352594
#IT Ite:237 KerTime:0.362056 AccTime:92.714650
#IT Ite:238 KerTime:0.399169 AccTime:93.113819
#IT Ite:239 KerTime:0.350596 AccTime:93.464415
#IT Ite:240 KerTime:0.369447 AccTime:93.833862
#IT Ite:241 KerTime:0.372323 AccTime:94.206185
#IT Ite:242 KerTime:0.426007 AccTime:94.632192
#IT Ite:243 KerTime:0.375218 AccTime:95.007410
#IT Ite:244 KerTime:0.363135 AccTime:95.370545
#IT Ite:245 KerTime:0.364329 AccTime:95.734874
#IT Ite:246 KerTime:0.383596 AccTime:96.118470
#IT Ite:247 KerTime:0.414977 AccTime:96.533447
#IT Ite:248 KerTime:0.385056 AccTime:96.918503
#IT Ite:249 KerTime:0.378121 AccTime:97.296624
#IT Ite:250 KerTime:0.375865 AccTime:97.672489
#IT Ite:251 KerTime:0.408932 AccTime:98.081421
#IT Ite:252 KerTime:0.384919 AccTime:98.466340
#IT Ite:253 KerTime:0.375990 AccTime:98.842330
#IT Ite:254 KerTime:0.440021 AccTime:99.282351
#IT Ite:255 KerTime:0.485074 AccTime:99.767425
#IT Ite:256 KerTime:0.377012 AccTime:100.144437
#IT Ite:257 KerTime:0.367110 AccTime:100.511547
#IT Ite:258 KerTime:0.416348 AccTime:100.927895
#IT Ite:259 KerTime:0.358957 AccTime:101.286852
#IT Ite:260 KerTime:0.368130 AccTime:101.654982
#IT Ite:261 KerTime:0.417733 AccTime:102.072715
#IT Ite:262 KerTime:0.427892 AccTime:102.500607
#IT Ite:263 KerTime:0.437249 AccTime:102.937856
#IT Ite:264 KerTime:0.372412 AccTime:103.310268
#IT Ite:265 KerTime:0.445726 AccTime:103.755994
#IT Ite:266 KerTime:0.372383 AccTime:104.128377
#IT Ite:267 KerTime:0.371345 AccTime:104.499722
#IT Ite:268 KerTime:0.376729 AccTime:104.876451
#IT Ite:269 KerTime:0.373385 AccTime:105.249836
#IT Ite:270 KerTime:0.390816 AccTime:105.640652
#IT Ite:271 KerTime:0.366521 AccTime:106.007173
#IT Ite:272 KerTime:0.383463 AccTime:106.390636
#IT Ite:273 KerTime:0.358692 AccTime:106.749328
#IT Ite:274 KerTime:0.365929 AccTime:107.115257
#IT Ite:275 KerTime:0.366993 AccTime:107.482250
#IT Ite:276 KerTime:0.439331 AccTime:107.921581
#IT Ite:277 KerTime:0.357661 AccTime:108.279242
#IT Ite:278 KerTime:0.357955 AccTime:108.637197
#IT Ite:279 KerTime:0.379517 AccTime:109.016714
#IT Ite:280 KerTime:0.376970 AccTime:109.393684
#IT Ite:281 KerTime:0.370070 AccTime:109.763754
#IT Ite:282 KerTime:0.379749 AccTime:110.143503
#IT Ite:283 KerTime:0.474663 AccTime:110.618166
#IT Ite:284 KerTime:0.402152 AccTime:111.020318
#IT Ite:285 KerTime:0.416418 AccTime:111.436736
#IT Ite:286 KerTime:0.386869 AccTime:111.823605
#IT Ite:287 KerTime:0.373966 AccTime:112.197571
#IT Ite:288 KerTime:0.377890 AccTime:112.575461
#IT Ite:289 KerTime:0.357879 AccTime:112.933340
#IT Ite:290 KerTime:0.358136 AccTime:113.291476
#IT Ite:291 KerTime:0.362679 AccTime:113.654155
#IT Ite:292 KerTime:0.406857 AccTime:114.061012
#IT Ite:293 KerTime:0.442428 AccTime:114.503440
#IT Ite:294 KerTime:0.385060 AccTime:114.888500
#IT Ite:295 KerTime:0.432761 AccTime:115.321261
#IT Ite:296 KerTime:0.387027 AccTime:115.708288
#ERR The histogram from element 518067317 differs. srcHist=1 dstHist=2

#ERR The histogram from element 1031887525 differs. srcHist=1 dstHist=3

#ERR The histogram from element 530449773 differs. srcHist=1 dstHist=2

#ERR The histogram from element 532177283 differs. srcHist=1 dstHist=2

#ERR The histogram from element 534022866 differs. srcHist=1 dstHist=2

#ERR The histogram from element 1569761834 differs. srcHist=1 dstHist=2

#ERR The histogram from element 42468536 differs. srcHist=1 dstHist=2

#ERR The histogram from element 1065746606 differs. srcHist=1 dstHist=3

#ERR The histogram from element 53994616 differs. srcHist=1 dstHist=2

#ERR The histogram from element 560857080 differs. srcHist=1 dstHist=2

#ERR The histogram from element 60499432 differs. srcHist=1 dstHist=2

#ERR The histogram from element 67985468 differs. srcHist=1 dstHist=2

#ERR The histogram from element 79847581 differs. srcHist=1 dstHist=2

#ERR The histogram from element 1621519319 differs. srcHist=1 dstHist=2

#ERR The histogram from element 88609186 differs. srcHist=1 dstHist=2

#ERR The histogram from element 599111264 differs. srcHist=1 dstHist=2

#ERR The histogram from element 97083679 differs. srcHist=1 dstHist=2

#ERR The histogram from element 609605257 differs. srcHist=1 dstHist=2

#ERR The histogram from element 609885957 differs. srcHist=1 dstHist=2

#ERR The histogram from element 610287687 differs. srcHist=1 dstHist=2

#ERR The histogram from element 610294949 differs. srcHist=1 dstHist=2

#ERR The histogram from element 610297717 differs. srcHist=1 dstHist=2

#ERR The histogram from element 610298803 differs. srcHist=1 dstHist=2

#ERR The histogram from element 610299761 differs. srcHist=1 dstHist=2

#ERR The histogram from element 610300950 differs. srcHist=1 dstHist=2

#ERR The histogram from element 610301583 differs. srcHist=1 dstHist=2

#ERR The histogram from element 610301783 differs. srcHist=1 dstHist=2

#ERR The histogram from element 610302184 differs. srcHist=1 dstHist=2

#ERR The histogram from element 610302351 differs. srcHist=1 dstHist=2

#ERR The histogram from element 610302385 differs. srcHist=1 dstHist=2

#ERR The histogram from element 610302485 differs. srcHist=1 dstHist=2

#ERR The histogram from element 610302684 differs. srcHist=1 dstHist=2

#ERR The histogram from element 610302844 differs. srcHist=1 dstHist=2

#ERR The histogram from element 610303088 differs. srcHist=1 dstHist=2

#ERR The histogram from element 610303217 differs. srcHist=1 dstHist=2

#ERR The histogram from element 610303277 differs. srcHist=1 dstHist=2

#ERR The histogram from element 610303327 differs. srcHist=1 dstHist=2

#ERR The histogram from element 610303516 differs. srcHist=1 dstHist=2

#ERR The histogram from element 610303944 differs. srcHist=1 dstHist=2

#ERR The histogram from element 610304205 differs. srcHist=1 dstHist=2

#ERR The histogram from element 610304388 differs. srcHist=1 dstHist=2

#ERR The histogram from element 610304558 differs. srcHist=1 dstHist=2

#ERR The histogram from element 610304751 differs. srcHist=1 dstHist=2

#ERR The histogram from element 610304907 differs. srcHist=1 dstHist=2

#ERR The histogram from element 610305435 differs. srcHist=1 dstHist=2

#ERR The histogram from element 610306052 differs. srcHist=1 dstHist=2

#ERR The histogram from element 610306058 differs. srcHist=1 dstHist=2

#ERR The histogram from element 610306260 differs. srcHist=1 dstHist=2

#ERR The histogram from element 610306362 differs. srcHist=1 dstHist=2

#ERR The histogram from element 610306698 differs. srcHist=1 dstHist=2

#ERR The histogram from element 610307248 differs. srcHist=1 dstHist=2

#ERR The histogram from element 610308177 differs. srcHist=1 dstHist=2

#ERR The histogram from element 610309036 differs. srcHist=1 dstHist=2

#ERR The histogram from element 610313464 differs. srcHist=1 dstHist=2

#ERR The histogram from element 610319207 differs. srcHist=1 dstHist=0

#ERR The histogram from element 610329705 differs. srcHist=1 dstHist=2

#ERR The histogram from element 610361579 differs. srcHist=1 dstHist=2

#ERR The histogram from element 610362547 differs. srcHist=1 dstHist=2

#ERR The histogram from element 610362818 differs. srcHist=1 dstHist=2

#ERR The histogram from element 610363414 differs. srcHist=1 dstHist=2

#ERR The histogram from element 610363482 differs. srcHist=1 dstHist=2

#ERR The histogram from element 610364854 differs. srcHist=1 dstHist=2

#ERR The histogram from element 610364948 differs. srcHist=1 dstHist=2

#ERR The histogram from element 610364967 differs. srcHist=1 dstHist=2

#ERR The histogram from element 610365089 differs. srcHist=1 dstHist=2

#ERR The histogram from element 610365350 differs. srcHist=1 dstHist=2

#ERR The histogram from element 610366337 differs. srcHist=1 dstHist=2

#ERR The histogram from element 610366404 differs. srcHist=1 dstHist=2

#ERR The histogram from element 610366528 differs. srcHist=1 dstHist=2

#ERR The histogram from element 610366670 differs. srcHist=1 dstHist=2

#ERR The histogram from element 610366887 differs. srcHist=1 dstHist=2

#ERR The histogram from element 610366925 differs. srcHist=1 dstHist=2

#ERR The histogram from element 610367181 differs. srcHist=1 dstHist=2

#ERR The histogram from element 610367469 differs. srcHist=1 dstHist=2

#ERR The histogram from element 610367639 differs. srcHist=1 dstHist=2

#ERR The histogram from element 610367892 differs. srcHist=1 dstHist=2

#ERR The histogram from element 610368572 differs. srcHist=1 dstHist=2

#ERR The histogram from element 610368584 differs. srcHist=1 dstHist=2

#ERR The histogram from element 610368872 differs. srcHist=1 dstHist=2

#ERR The histogram from element 610369339 differs. srcHist=1 dstHist=2

#ERR The histogram from element 610369464 differs. srcHist=1 dstHist=2

#ERR The histogram from element 610369475 differs. srcHist=1 dstHist=2

#ERR The histogram from element 610369525 differs. srcHist=1 dstHist=2

#ERR The histogram from element 610369612 differs. srcHist=1 dstHist=2

#ERR The histogram from element 610369808 differs. srcHist=1 dstHist=2

#ERR The histogram from element 610370404 differs. srcHist=1 dstHist=2

#ERR The histogram from element 610371188 differs. srcHist=1 dstHist=2

#ERR The histogram from element 610389377 differs. srcHist=1 dstHist=2

#ERR The histogram from element 610393955 differs. srcHist=1 dstHist=0

#ERR The histogram from element 610427881 differs. srcHist=1 dstHist=2

#ERR The histogram from element 610427998 differs. srcHist=1 dstHist=2

#ERR The histogram from element 610429627 differs. srcHist=1 dstHist=2

#ERR The histogram from element 610429825 differs. srcHist=1 dstHist=2

#ERR The histogram from element 610429902 differs. srcHist=1 dstHist=2

#ERR The histogram from element 610430055 differs. srcHist=1 dstHist=2

#ERR The histogram from element 610430174 differs. srcHist=1 dstHist=2

#ERR The histogram from element 610430372 differs. srcHist=1 dstHist=2

#ERR The histogram from element 610430511 differs. srcHist=1 dstHist=2

#ERR The histogram from element 610430635 differs. srcHist=1 dstHist=2

#ERR The histogram from element 610430810 differs. srcHist=1 dstHist=2

#ERR The histogram from element 610431092 differs. srcHist=1 dstHist=2

#ERR The histogram from element 610431165 differs. srcHist=1 dstHist=2

#ERR The histogram from element 610431186 differs. srcHist=1 dstHist=2

#ERR The histogram from element 610431236 differs. srcHist=1 dstHist=2

#ERR The histogram from element 610431542 differs. srcHist=1 dstHist=2

#ERR The histogram from element 610431622 differs. srcHist=1 dstHist=2

#ERR The histogram from element 610431799 differs. srcHist=1 dstHist=2

#ERR The histogram from element 610431949 differs. srcHist=1 dstHist=2

#ERR The histogram from element 610432306 differs. srcHist=1 dstHist=2

#ERR The histogram from element 610432717 differs. srcHist=1 dstHist=2

#ERR The histogram from element 610433130 differs. srcHist=1 dstHist=2

#ERR The histogram from element 610433195 differs. srcHist=1 dstHist=2

#ERR The histogram from element 610433226 differs. srcHist=1 dstHist=2

#ERR The histogram from element 610433322 differs. srcHist=1 dstHist=2

#ERR The histogram from element 610433387 differs. srcHist=1 dstHist=2

#ERR The histogram from element 610433429 differs. srcHist=1 dstHist=2

#ERR The histogram from element 610433432 differs. srcHist=1 dstHist=2

#ERR The histogram from element 610433540 differs. srcHist=1 dstHist=2

#ERR The histogram from element 610433920 differs. srcHist=1 dstHist=2

#ERR The histogram from element 610434046 differs. srcHist=1 dstHist=2

#ERR The histogram from element 610434284 differs. srcHist=1 dstHist=2

#ERR The histogram from element 610452287 differs. srcHist=1 dstHist=0

#ERR The histogram from element 610454911 differs. srcHist=1 dstHist=2

#ERR The histogram from element 610485231 differs. srcHist=1 dstHist=0

#ERR The histogram from element 610485719 differs. srcHist=1 dstHist=2

#ERR The histogram from element 610488874 differs. srcHist=1 dstHist=2

#ERR The histogram from element 610488934 differs. srcHist=1 dstHist=2

#ERR The histogram from element 610489422 differs. srcHist=1 dstHist=2

#ERR The histogram from element 610489977 differs. srcHist=1 dstHist=2

#ERR The histogram from element 610490372 differs. srcHist=1 dstHist=2

#ERR The histogram from element 610490690 differs. srcHist=1 dstHist=2

#ERR The histogram from element 610490765 differs. srcHist=1 dstHist=2

#ERR The histogram from element 610490891 differs. srcHist=1 dstHist=2

#ERR The histogram from element 610491100 differs. srcHist=1 dstHist=2

#ERR The histogram from element 610491137 differs. srcHist=1 dstHist=2

#ERR The histogram from element 610491249 differs. srcHist=1 dstHist=2

#ERR The histogram from element 610491340 differs. srcHist=1 dstHist=2

#ERR The histogram from element 610491393 differs. srcHist=1 dstHist=2

#ERR The histogram from element 610491489 differs. srcHist=1 dstHist=2

#ERR The histogram from element 610491609 differs. srcHist=1 dstHist=2

#ERR The histogram from element 610491813 differs. srcHist=1 dstHist=2

#ERR The histogram from element 610491863 differs. srcHist=1 dstHist=2

#ERR The histogram from element 610491910 differs. srcHist=1 dstHist=2

#ERR The histogram from element 610491933 differs. srcHist=1 dstHist=2

#ERR The histogram from element 610492312 differs. srcHist=1 dstHist=2

#ERR The histogram from element 610492315 differs. srcHist=1 dstHist=2

#ERR The histogram from element 610492367 differs. srcHist=1 dstHist=2

#ERR The histogram from element 610492414 differs. srcHist=1 dstHist=2

#ERR The histogram from element 610492485 differs. srcHist=1 dstHist=2

#ERR The histogram from element 610492555 differs. srcHist=1 dstHist=2

#ERR The histogram from element 610492594 differs. srcHist=1 dstHist=2

#ERR The histogram from element 610492602 differs. srcHist=1 dstHist=2

#ERR The histogram from element 610492648 differs. srcHist=1 dstHist=2

#ERR The histogram from element 610493057 differs. srcHist=1 dstHist=2

#ERR The histogram from element 610493455 differs. srcHist=1 dstHist=2

#ERR The histogram from element 610494900 differs. srcHist=1 dstHist=0

#ERR The histogram from element 610495102 differs. srcHist=1 dstHist=2

#ERR The histogram from element 610517911 differs. srcHist=1 dstHist=2

#ERR The histogram from element 610545681 differs. srcHist=1 dstHist=0

#ERR The histogram from element 610546762 differs. srcHist=1 dstHist=0

#ERR The histogram from element 610548266 differs. srcHist=1 dstHist=0

#ERR The histogram from element 610548904 differs. srcHist=1 dstHist=0

#ERR The histogram from element 610552116 differs. srcHist=1 dstHist=0

#ERR The histogram from element 610552398 differs. srcHist=1 dstHist=0

#ERR The histogram from element 610552993 differs. srcHist=1 dstHist=0

#ERR The histogram from element 610553375 differs. srcHist=1 dstHist=0

#ERR The histogram from element 610553381 differs. srcHist=1 dstHist=0

#ERR The histogram from element 610553491 differs. srcHist=1 dstHist=0

#ERR The histogram from element 610556332 differs. srcHist=1 dstHist=0

#ERR The histogram from element 610560512 differs. srcHist=1 dstHist=0

#ERR The histogram from element 610560639 differs. srcHist=1 dstHist=0

#ERR The histogram from element 610560698 differs. srcHist=1 dstHist=0

#ERR The histogram from element 610560815 differs. srcHist=1 dstHist=0

#ERR The histogram from element 610561147 differs. srcHist=1 dstHist=0

#ERR The histogram from element 610562064 differs. srcHist=1 dstHist=0

#ERR The histogram from element 610564061 differs. srcHist=1 dstHist=0

#ERR The histogram from element 610564210 differs. srcHist=1 dstHist=2

#ERR The histogram from element 610564538 differs. srcHist=1 dstHist=0

#ERR The histogram from element 610564554 differs. srcHist=1 dstHist=2

#ERR The histogram from element 610564624 differs. srcHist=1 dstHist=0

#ERR The histogram from element 610564866 differs. srcHist=1 dstHist=2

#ERR The histogram from element 610564882 differs. srcHist=1 dstHist=2

#ERR The histogram from element 610565041 differs. srcHist=1 dstHist=2

#ERR The histogram from element 610565075 differs. srcHist=1 dstHist=2

#ERR The histogram from element 610565091 differs. srcHist=1 dstHist=2

#ERR The histogram from element 610565629 differs. srcHist=1 dstHist=2

#ERR The histogram from element 610565631 differs. srcHist=1 dstHist=0

#ERR The histogram from element 610566427 differs. srcHist=1 dstHist=2

#ERR The histogram from element 610566792 differs. srcHist=1 dstHist=2

#ERR The histogram from element 610566827 differs. srcHist=1 dstHist=2

#ERR The histogram from element 610566897 differs. srcHist=1 dstHist=2

#ERR The histogram from element 610567021 differs. srcHist=1 dstHist=0

#ERR The histogram from element 610567478 differs. srcHist=1 dstHist=2

#ERR The histogram from element 610567600 differs. srcHist=1 dstHist=2

#ERR The histogram from element 610567655 differs. srcHist=1 dstHist=2

#ERR The histogram from element 610567870 differs. srcHist=1 dstHist=2

#ERR The histogram from element 610567909 differs. srcHist=1 dstHist=2

#ERR The histogram from element 610567915 differs. srcHist=1 dstHist=0

#ERR The histogram from element 610568188 differs. srcHist=1 dstHist=2

#ERR The histogram from element 610568192 differs. srcHist=1 dstHist=2

#ERR The histogram from element 610568319 differs. srcHist=1 dstHist=2

#ERR The histogram from element 610568521 differs. srcHist=1 dstHist=2

#ERR The histogram from element 610568669 differs. srcHist=1 dstHist=0

#ERR The histogram from element 610568700 differs. srcHist=1 dstHist=2

#ERR The histogram from element 610568808 differs. srcHist=2 dstHist=1

#ERR The histogram from element 610569543 differs. srcHist=1 dstHist=2

#ERR The histogram from element 610569672 differs. srcHist=1 dstHist=2

#ERR The histogram from element 610569719 differs. srcHist=1 dstHist=2

#ERR The histogram from element 610569731 differs. srcHist=1 dstHist=2

#ERR The histogram from element 610569752 differs. srcHist=1 dstHist=2

#ERR The histogram from element 610569776 differs. srcHist=1 dstHist=2

#ERR The histogram from element 610569806 differs. srcHist=1 dstHist=2

#ERR The histogram from element 610570066 differs. srcHist=1 dstHist=0

#ERR The histogram from element 610570247 differs. srcHist=1 dstHist=2

#ERR The histogram from element 610570556 differs. srcHist=1 dstHist=0

#ERR The histogram from element 610572371 differs. srcHist=1 dstHist=0

#ERR The histogram from element 610572398 differs. srcHist=1 dstHist=0

#ERR The histogram from element 610573266 differs. srcHist=1 dstHist=0

#ERR The histogram from element 610573652 differs. srcHist=1 dstHist=2

#ERR The histogram from element 610577816 differs. srcHist=1 dstHist=0

#ERR The histogram from element 610578021 differs. srcHist=1 dstHist=0

#ERR The histogram from element 610586696 differs. srcHist=1 dstHist=2

#ERR The histogram from element 610588748 differs. srcHist=1 dstHist=0

#ERR The histogram from element 610602594 differs. srcHist=1 dstHist=2

#ERR The histogram from element 610619260 differs. srcHist=1 dstHist=0

#ERR The histogram from element 610619650 differs. srcHist=1 dstHist=0

#ERR The histogram from element 610619798 differs. srcHist=1 dstHist=0

#ERR The histogram from element 610620534 differs. srcHist=1 dstHist=0

#ERR The histogram from element 610620829 differs. srcHist=1 dstHist=0

#ERR The histogram from element 610621403 differs. srcHist=1 dstHist=0

#ERR The histogram from element 610621491 differs. srcHist=1 dstHist=0

#ERR The histogram from element 610623342 differs. srcHist=1 dstHist=0

#ERR The histogram from element 610623948 differs. srcHist=1 dstHist=0

#ERR The histogram from element 610624023 differs. srcHist=2 dstHist=1

#ERR The histogram from element 610624196 differs. srcHist=1 dstHist=0

#ERR The histogram from element 610624328 differs. srcHist=1 dstHist=0

#ERR The histogram from element 610625627 differs. srcHist=1 dstHist=0

#ERR The histogram from element 610626230 differs. srcHist=1 dstHist=0

#ERR The histogram from element 610626449 differs. srcHist=1 dstHist=0

#ERR The histogram from element 610626504 differs. srcHist=1 dstHist=0

#ERR The histogram from element 610627078 differs. srcHist=1 dstHist=0

#ERR The histogram from element 610627657 differs. srcHist=1 dstHist=0

#ERR The histogram from element 610628182 differs. srcHist=1 dstHist=0

#ERR The histogram from element 610628348 differs. srcHist=1 dstHist=0

#ERR The histogram from element 610628539 differs. srcHist=1 dstHist=0

#ERR The histogram from element 610630212 differs. srcHist=1 dstHist=0

#ERR The histogram from element 610631312 differs. srcHist=1 dstHist=0

#ERR The histogram from element 610631691 differs. srcHist=1 dstHist=0

#ERR The histogram from element 610632348 differs. srcHist=1 dstHist=0

#ERR The histogram from element 610633042 differs. srcHist=1 dstHist=0

#ERR The histogram from element 610633208 differs. srcHist=1 dstHist=2

#ERR The histogram from element 610633407 differs. srcHist=1 dstHist=2

#ERR The histogram from element 610633474 differs. srcHist=1 dstHist=0

#ERR The histogram from element 610634311 differs. srcHist=1 dstHist=0

#ERR The histogram from element 610634389 differs. srcHist=1 dstHist=0

#ERR The histogram from element 610634390 differs. srcHist=1 dstHist=0

#ERR The histogram from element 610634523 differs. srcHist=1 dstHist=0

#ERR The histogram from element 610635392 differs. srcHist=1 dstHist=2

#ERR The histogram from element 610635544 differs. srcHist=1 dstHist=0

#ERR The histogram from element 610637870 differs. srcHist=1 dstHist=0

#ERR The histogram from element 610638494 differs. srcHist=1 dstHist=2

#ERR The histogram from element 610638678 differs. srcHist=1 dstHist=2

#ERR The histogram from element 610638883 differs. srcHist=1 dstHist=2

#ERR The histogram from element 610640164 differs. srcHist=1 dstHist=2

#ERR The histogram from element 610640205 differs. srcHist=1 dstHist=2

#ERR The histogram from element 610641889 differs. srcHist=1 dstHist=2

#ERR The histogram from element 610649553 differs. srcHist=1 dstHist=2

#ERR The histogram from element 610650238 differs. srcHist=1 dstHist=2

#ERR The histogram from element 610650823 differs. srcHist=1 dstHist=2

#ERR The histogram from element 610651409 differs. srcHist=1 dstHist=2

#ERR The histogram from element 610651653 differs. srcHist=1 dstHist=2

#ERR The histogram from element 610651769 differs. srcHist=1 dstHist=2

#ERR The histogram from element 610651853 differs. srcHist=1 dstHist=2

#ERR The histogram from element 610652322 differs. srcHist=1 dstHist=2

#ERR The histogram from element 610652581 differs. srcHist=1 dstHist=2

#ERR The histogram from element 610652866 differs. srcHist=1 dstHist=2

#ERR The histogram from element 610652882 differs. srcHist=1 dstHist=2

#ERR The histogram from element 610652996 differs. srcHist=1 dstHist=2

#ERR The histogram from element 610653401 differs. srcHist=1 dstHist=2

#ERR The histogram from element 610653826 differs. srcHist=1 dstHist=2

#ERR The histogram from element 610654022 differs. srcHist=1 dstHist=2

#ERR The histogram from element 610654100 differs. srcHist=1 dstHist=2

#ERR The histogram from element 610654315 differs. srcHist=1 dstHist=2

#ERR The histogram from element 610654356 differs. srcHist=1 dstHist=2

#ERR The histogram from element 610654522 differs. srcHist=1 dstHist=2

#ERR The histogram from element 610655146 differs. srcHist=1 dstHist=2

#ERR The histogram from element 610655738 differs. srcHist=1 dstHist=2

#ERR The histogram from element 610691085 differs. srcHist=1 dstHist=2

#ERR The histogram from element 610707747 differs. srcHist=1 dstHist=2

#ERR The histogram from element 610707905 differs. srcHist=1 dstHist=2

#ERR The histogram from element 610708063 differs. srcHist=1 dstHist=2

#ERR The histogram from element 610708864 differs. srcHist=1 dstHist=2

#ERR The histogram from element 610709401 differs. srcHist=1 dstHist=2

#ERR The histogram from element 610709497 differs. srcHist=1 dstHist=2

#ERR The histogram from element 610710562 differs. srcHist=1 dstHist=2

#ERR The histogram from element 610710609 differs. srcHist=1 dstHist=2

#ERR The histogram from element 610710739 differs. srcHist=1 dstHist=2

#ERR The histogram from element 610710875 differs. srcHist=1 dstHist=2

#ERR The histogram from element 610711216 differs. srcHist=1 dstHist=2

#ERR The histogram from element 610711299 differs. srcHist=1 dstHist=2

#ERR The histogram from element 610711303 differs. srcHist=1 dstHist=2

#ERR The histogram from element 610711450 differs. srcHist=1 dstHist=2

#ERR The histogram from element 610712253 differs. srcHist=1 dstHist=2

#ERR The histogram from element 610712577 differs. srcHist=1 dstHist=2

#ERR The histogram from element 610712790 differs. srcHist=1 dstHist=2

#ERR The histogram from element 610712946 differs. srcHist=1 dstHist=2

#ERR The histogram from element 610713030 differs. srcHist=1 dstHist=2

#ERR The histogram from element 610713249 differs. srcHist=1 dstHist=2

#ERR The histogram from element 610713758 differs. srcHist=1 dstHist=2

#ERR The histogram from element 610714139 differs. srcHist=1 dstHist=2

#ERR The histogram from element 610714197 differs. srcHist=1 dstHist=2

#ERR The histogram from element 610714502 differs. srcHist=1 dstHist=2

#ERR The histogram from element 610714615 differs. srcHist=1 dstHist=2

#ERR The histogram from element 610714631 differs. srcHist=1 dstHist=2

#ERR The histogram from element 610714881 differs. srcHist=1 dstHist=2

#ERR The histogram from element 610714942 differs. srcHist=1 dstHist=2

#ERR The histogram from element 610714978 differs. srcHist=1 dstHist=2

#ERR The histogram from element 610715155 differs. srcHist=1 dstHist=2

#ERR The histogram from element 610715333 differs. srcHist=1 dstHist=2

#ERR The histogram from element 610715586 differs. srcHist=1 dstHist=2

#ERR The histogram from element 610753459 differs. srcHist=1 dstHist=0

#ERR The histogram from element 610756375 differs. srcHist=1 dstHist=0

#ERR The histogram from element 610764535 differs. srcHist=1 dstHist=0

#ERR The histogram from element 610764806 differs. srcHist=1 dstHist=2

#ERR The histogram from element 610767517 differs. srcHist=1 dstHist=0

#ERR The histogram from element 610769745 differs. srcHist=1 dstHist=2

#ERR The histogram from element 610773740 differs. srcHist=1 dstHist=2

#ERR The histogram from element 610774764 differs. srcHist=1 dstHist=2

#ERR The histogram from element 610775008 differs. srcHist=1 dstHist=2

#ERR The histogram from element 610775132 differs. srcHist=1 dstHist=2

#ERR The histogram from element 610775165 differs. srcHist=1 dstHist=2

#ERR The histogram from element 610782511 differs. srcHist=1 dstHist=2

#ERR The histogram from element 610787817 differs. srcHist=1 dstHist=2

#ERR The histogram from element 610787822 differs. srcHist=1 dstHist=2

#ERR The histogram from element 610788088 differs. srcHist=1 dstHist=2

#ERR The histogram from element 610788264 differs. srcHist=1 dstHist=2

#ERR The histogram from element 610788537 differs. srcHist=1 dstHist=2

#ERR The histogram from element 610788547 differs. srcHist=1 dstHist=2

#ERR The histogram from element 610788860 differs. srcHist=1 dstHist=2

#ERR The histogram from element 610788906 differs. srcHist=1 dstHist=2

#ERR The histogram from element 610789351 differs. srcHist=1 dstHist=2

#ERR The histogram from element 610789401 differs. srcHist=1 dstHist=2

#ERR The histogram from element 610789595 differs. srcHist=2 dstHist=4

#ERR The histogram from element 610789659 differs. srcHist=1 dstHist=2

#ERR The histogram from element 610789669 differs. srcHist=1 dstHist=2

#ERR The histogram from element 610789678 differs. srcHist=1 dstHist=2

#ERR The histogram from element 610789872 differs. srcHist=1 dstHist=2

#ERR The histogram from element 610790005 differs. srcHist=1 dstHist=2

#ERR The histogram from element 610790210 differs. srcHist=1 dstHist=2

#ERR The histogram from element 610790224 differs. srcHist=1 dstHist=2

#ERR The histogram from element 610790238 differs. srcHist=1 dstHist=2

#ERR The histogram from element 610790861 differs. srcHist=1 dstHist=2

#ERR The histogram from element 610793226 differs. srcHist=1 dstHist=2

#ERR The histogram from element 610797699 differs. srcHist=1 dstHist=0

#ERR The histogram from element 610797986 differs. srcHist=1 dstHist=2

#ERR The histogram from element 610816867 differs. srcHist=1 dstHist=0

#ERR The histogram from element 610820598 differs. srcHist=1 dstHist=0

#ERR The histogram from element 610821290 differs. srcHist=1 dstHist=0

#ERR The histogram from element 610824498 differs. srcHist=1 dstHist=2

#ERR The histogram from element 610836949 differs. srcHist=1 dstHist=2

#ERR The histogram from element 610840479 differs. srcHist=1 dstHist=2

#ERR The histogram from element 610840571 differs. srcHist=1 dstHist=2

#ERR The histogram from element 610841657 differs. srcHist=1 dstHist=2

#ERR The histogram from element 610841837 differs. srcHist=1 dstHist=2

#ERR The histogram from element 610841884 differs. srcHist=1 dstHist=2

#ERR The histogram from element 610841953 differs. srcHist=1 dstHist=2

#ERR The histogram from element 610842467 differs. srcHist=1 dstHist=2

#ERR The histogram from element 610842620 differs. srcHist=1 dstHist=2

#ERR The histogram from element 610842660 differs. srcHist=1 dstHist=2

#ERR The histogram from element 610842732 differs. srcHist=1 dstHist=2

#ERR The histogram from element 610843597 differs. srcHist=1 dstHist=2

#ERR The histogram from element 610843720 differs. srcHist=1 dstHist=2

#ERR The histogram from element 610843775 differs. srcHist=1 dstHist=2

#ERR The histogram from element 610843819 differs. srcHist=1 dstHist=2

#ERR The histogram from element 610844052 differs. srcHist=1 dstHist=2

#ERR The histogram from element 610844673 differs. srcHist=1 dstHist=2

#ERR The histogram from element 610844846 differs. srcHist=1 dstHist=2

#ERR The histogram from element 610844970 differs. srcHist=1 dstHist=2

#ERR The histogram from element 610845291 differs. srcHist=1 dstHist=2

#ERR The histogram from element 610845450 differs. srcHist=2 dstHist=3

#ERR The histogram from element 610845494 differs. srcHist=1 dstHist=2

#ERR The histogram from element 610845749 differs. srcHist=1 dstHist=2

#ERR The histogram from element 610845926 differs. srcHist=1 dstHist=2

#ERR The histogram from element 610846069 differs. srcHist=1 dstHist=2

#ERR The histogram from element 610846162 differs. srcHist=1 dstHist=2

#ERR The histogram from element 610846208 differs. srcHist=1 dstHist=2

#ERR The histogram from element 610846409 differs. srcHist=1 dstHist=2

#ERR The histogram from element 610846596 differs. srcHist=1 dstHist=2

#ERR The histogram from element 610850053 differs. srcHist=1 dstHist=0

#ERR The histogram from element 610851032 differs. srcHist=1 dstHist=0

#ERR The histogram from element 610867627 differs. srcHist=1 dstHist=2

#ERR The histogram from element 610873455 differs. srcHist=2 dstHist=1

#ERR The histogram from element 610891460 differs. srcHist=2 dstHist=3

#ERR The histogram from element 610892479 differs. srcHist=1 dstHist=0

#ERR The histogram from element 610902029 differs. srcHist=1 dstHist=2

#ERR The histogram from element 610902556 differs. srcHist=1 dstHist=2

#ERR The histogram from element 610903351 differs. srcHist=1 dstHist=2

#ERR The histogram from element 610903378 differs. srcHist=1 dstHist=2

#ERR The histogram from element 610903952 differs. srcHist=1 dstHist=2

#ERR The histogram from element 610904380 differs. srcHist=1 dstHist=2

#ERR The histogram from element 610905385 differs. srcHist=1 dstHist=2

#ERR The histogram from element 610906212 differs. srcHist=1 dstHist=2

#ERR The histogram from element 610906243 differs. srcHist=1 dstHist=2

#ERR The histogram from element 610906280 differs. srcHist=1 dstHist=2

#ERR The histogram from element 610906467 differs. srcHist=1 dstHist=2

#ERR The histogram from element 610907426 differs. srcHist=1 dstHist=2

#ERR The histogram from element 610907820 differs. srcHist=1 dstHist=2

#ERR The histogram from element 610908698 differs. srcHist=1 dstHist=2

#ERR The histogram from element 610908763 differs. srcHist=1 dstHist=2

#ERR The histogram from element 610909144 differs. srcHist=1 dstHist=2

#ERR The histogram from element 610909281 differs. srcHist=1 dstHist=2

#ERR The histogram from element 610909604 differs. srcHist=1 dstHist=2

#ERR The histogram from element 610909771 differs. srcHist=1 dstHist=2

#ERR The histogram from element 610910103 differs. srcHist=1 dstHist=2

#ERR The histogram from element 610910150 differs. srcHist=1 dstHist=2

#ERR The histogram from element 610910154 differs. srcHist=1 dstHist=2

#ERR The histogram from element 610910298 differs. srcHist=1 dstHist=2

#ERR The histogram from element 610910591 differs. srcHist=1 dstHist=2

#ERR The histogram from element 610910735 differs. srcHist=1 dstHist=2

#ERR The histogram from element 610910909 differs. srcHist=1 dstHist=2

#ERR The histogram from element 610911189 differs. srcHist=1 dstHist=2

#ERR The histogram from element 610912007 differs. srcHist=1 dstHist=2

#ERR The histogram from element 610925900 differs. srcHist=1 dstHist=2

#ERR The histogram from element 610926413 differs. srcHist=1 dstHist=0

#ERR The histogram from element 610927848 differs. srcHist=1 dstHist=2

#ERR The histogram from element 610940966 differs. srcHist=1 dstHist=2

#ERR The histogram from element 610955230 differs. srcHist=1 dstHist=2

#ERR The histogram from element 610970428 differs. srcHist=1 dstHist=2

#ERR The histogram from element 610970538 differs. srcHist=1 dstHist=2

#ERR The histogram from element 610970577 differs. srcHist=1 dstHist=2

#ERR The histogram from element 610971383 differs. srcHist=1 dstHist=2

#ERR The histogram from element 610976402 differs. srcHist=1 dstHist=2

#ERR The histogram from element 610977892 differs. srcHist=1 dstHist=2

#ERR The histogram from element 610978118 differs. srcHist=1 dstHist=2

#ERR The histogram from element 610978271 differs. srcHist=1 dstHist=2

#ERR The histogram from element 610978304 differs. srcHist=1 dstHist=2

#ERR The histogram from element 610978570 differs. srcHist=1 dstHist=2

#ERR The histogram from element 610978624 differs. srcHist=1 dstHist=2

#ERR The histogram from element 610978654 differs. srcHist=1 dstHist=2

#ERR The histogram from element 610979254 differs. srcHist=1 dstHist=2

#ERR The histogram from element 610979264 differs. srcHist=1 dstHist=2

#ERR The histogram from element 610979521 differs. srcHist=1 dstHist=2

#ERR The histogram from element 610979675 differs. srcHist=1 dstHist=2

#ERR The histogram from element 610979811 differs. srcHist=1 dstHist=2

#ERR The histogram from element 610979949 differs. srcHist=1 dstHist=2

#ERR The histogram from element 610980627 differs. srcHist=1 dstHist=2

#ERR The histogram from element 610980646 differs. srcHist=1 dstHist=2

#ERR The histogram from element 610981186 differs. srcHist=1 dstHist=2

#ERR The histogram from element 610981242 differs. srcHist=1 dstHist=2

#ERR The histogram from element 610981253 differs. srcHist=1 dstHist=2

#ERR The histogram from element 610981385 differs. srcHist=1 dstHist=2

#ERR The histogram from element 610981575 differs. srcHist=1 dstHist=2

#ERR The histogram from element 610981578 differs. srcHist=1 dstHist=2

#ERR The histogram from element 610981632 differs. srcHist=1 dstHist=2

#ERR The histogram from element 610981643 differs. srcHist=1 dstHist=2

#ERR The histogram from element 610982048 differs. srcHist=1 dstHist=2

#ERR The histogram from element 610982198 differs. srcHist=1 dstHist=2

#ERR The histogram from element 611013121 differs. srcHist=1 dstHist=2

#ERR The histogram from element 611021364 differs. srcHist=1 dstHist=0

#ERR The histogram from element 611030069 differs. srcHist=1 dstHist=2

#ERR The histogram from element 611030326 differs. srcHist=1 dstHist=2

#ERR The histogram from element 611030345 differs. srcHist=1 dstHist=2

#ERR The histogram from element 611030572 differs. srcHist=1 dstHist=2

#ERR The histogram from element 611030678 differs. srcHist=1 dstHist=2

#ERR The histogram from element 611030954 differs. srcHist=1 dstHist=2

#ERR The histogram from element 611031055 differs. srcHist=1 dstHist=2

#ERR The histogram from element 611031114 differs. srcHist=1 dstHist=2

#ERR The histogram from element 611031161 differs. srcHist=1 dstHist=2

#ERR The histogram from element 611031632 differs. srcHist=1 dstHist=2

#ERR The histogram from element 611031750 differs. srcHist=1 dstHist=2

#ERR The histogram from element 611031837 differs. srcHist=1 dstHist=2

#ERR The histogram from element 611031858 differs. srcHist=1 dstHist=2

#ERR The histogram from element 611032126 differs. srcHist=1 dstHist=2

#ERR The histogram from element 611032181 differs. srcHist=1 dstHist=2

#ERR The histogram from element 611032197 differs. srcHist=1 dstHist=2

#ERR The histogram from element 611032402 differs. srcHist=1 dstHist=2

#ERR The histogram from element 611032537 differs. srcHist=1 dstHist=2

#ERR The histogram from element 611032845 differs. srcHist=1 dstHist=2

#ERR The histogram from element 611032886 differs. srcHist=1 dstHist=2

#ERR The histogram from element 611033555 differs. srcHist=1 dstHist=2

#ERR The histogram from element 611033719 differs. srcHist=1 dstHist=2

#ERR The histogram from element 611034031 differs. srcHist=1 dstHist=2

#ERR The histogram from element 611034034 differs. srcHist=1 dstHist=2

#ERR The histogram from element 611034399 differs. srcHist=1 dstHist=2

#ERR The histogram from element 611034429 differs. srcHist=1 dstHist=2

#ERR The histogram from element 611034749 differs. srcHist=1 dstHist=2

#ERR The histogram from element 611035094 differs. srcHist=1 dstHist=2

#ERR The histogram from element 611035321 differs. srcHist=1 dstHist=2

#ERR The histogram from element 611035552 differs. srcHist=1 dstHist=2

#ERR The histogram from element 611036370 differs. srcHist=1 dstHist=0

#ERR The histogram from element 611037041 differs. srcHist=1 dstHist=0

#ERR The histogram from element 611037589 differs. srcHist=1 dstHist=0

#ERR The histogram from element 611037836 differs. srcHist=1 dstHist=0

#ERR The histogram from element 611038114 differs. srcHist=1 dstHist=0

#ERR The histogram from element 611038136 differs. srcHist=1 dstHist=0

#ERR The histogram from element 611038355 differs. srcHist=1 dstHist=0

#ERR The histogram from element 611038821 differs. srcHist=1 dstHist=0

#ERR The histogram from element 611039390 differs. srcHist=1 dstHist=0

#ERR The histogram from element 611041087 differs. srcHist=1 dstHist=0

#ERR The histogram from element 611041353 differs. srcHist=1 dstHist=0

#SDC Ite:296 KerTime:0.387027 AccTime:115.708288 KerErr:26587 AccErr:26587
#ABORT too many errors per iteration
#END