#HEADER size:33554432
#BEGIN Y:2015 M:11 D:21 Time:02:19:31
#IT Ite:0 KerTime:0.527293 AccTime:0.527293
#IT Ite:1 KerTime:0.380801 AccTime:0.908094
#IT Ite:2 KerTime:0.357049 AccTime:1.265143
#IT Ite:3 KerTime:0.406881 AccTime:1.672024
#IT Ite:4 KerTime:0.371007 AccTime:2.043031
#IT Ite:5 KerTime:0.368728 AccTime:2.411759
#IT Ite:6 KerTime:0.374251 AccTime:2.786010
#IT Ite:7 KerTime:0.360380 AccTime:3.146390
#IT Ite:8 KerTime:0.376849 AccTime:3.523239
#IT Ite:9 KerTime:0.355946 AccTime:3.879185
#IT Ite:10 KerTime:0.360114 AccTime:4.239299
#IT Ite:11 KerTime:0.342459 AccTime:4.581758
#IT Ite:12 KerTime:0.355261 AccTime:4.937019
#IT Ite:13 KerTime:0.366078 AccTime:5.303097
#IT Ite:14 KerTime:0.357928 AccTime:5.661025
#IT Ite:15 KerTime:0.359614 AccTime:6.020639
#IT Ite:16 KerTime:0.353057 AccTime:6.373696
#IT Ite:17 KerTime:0.458429 AccTime:6.832125
#IT Ite:18 KerTime:0.369235 AccTime:7.201360
#IT Ite:19 KerTime:0.359136 AccTime:7.560496
#IT Ite:20 KerTime:0.532556 AccTime:8.093052
#IT Ite:21 KerTime:0.347574 AccTime:8.440626
#IT Ite:22 KerTime:0.380569 AccTime:8.821195
#IT Ite:23 KerTime:0.353128 AccTime:9.174323
#IT Ite:24 KerTime:0.383143 AccTime:9.557466
#IT Ite:25 KerTime:0.399750 AccTime:9.957216
#IT Ite:26 KerTime:0.390400 AccTime:10.347616
#IT Ite:27 KerTime:0.358010 AccTime:10.705626
#IT Ite:28 KerTime:0.353606 AccTime:11.059232
#IT Ite:29 KerTime:0.366307 AccTime:11.425539
#IT Ite:30 KerTime:0.377568 AccTime:11.803107
#IT Ite:31 KerTime:0.380222 AccTime:12.183329
#IT Ite:32 KerTime:0.374253 AccTime:12.557582
#IT Ite:33 KerTime:0.355274 AccTime:12.912856
#IT Ite:34 KerTime:0.346839 AccTime:13.259695
#IT Ite:35 KerTime:0.372419 AccTime:13.632114
#IT Ite:36 KerTime:0.399977 AccTime:14.032091
#IT Ite:37 KerTime:0.383813 AccTime:14.415904
#IT Ite:38 KerTime:0.357927 AccTime:14.773831
#IT Ite:39 KerTime:0.374669 AccTime:15.148500
#IT Ite:40 KerTime:0.357647 AccTime:15.506147
#IT Ite:41 KerTime:0.384075 AccTime:15.890222
#IT Ite:42 KerTime:0.380980 AccTime:16.271202
#IT Ite:43 KerTime:0.523990 AccTime:16.795192
#IT Ite:44 KerTime:0.713086 AccTime:17.508278
#IT Ite:45 KerTime:0.366602 AccTime:17.874880
#IT Ite:46 KerTime:0.417482 AccTime:18.292362
#IT Ite:47 KerTime:0.377022 AccTime:18.669384
#IT Ite:48 KerTime:0.362725 AccTime:19.032109
#IT Ite:49 KerTime:0.353747 AccTime:19.385856
#IT Ite:50 KerTime:0.357530 AccTime:19.743386
#IT Ite:51 KerTime:0.418850 AccTime:20.162236
#IT Ite:52 KerTime:0.382210 AccTime:20.544446
#IT Ite:53 KerTime:0.352684 AccTime:20.897130
#IT Ite:54 KerTime:0.395502 AccTime:21.292632
#IT Ite:55 KerTime:0.388085 AccTime:21.680717
#IT Ite:56 KerTime:0.359762 AccTime:22.040479
#IT Ite:57 KerTime:0.372373 AccTime:22.412852
#IT Ite:58 KerTime:0.368931 AccTime:22.781783
#IT Ite:59 KerTime:0.358646 AccTime:23.140429
#IT Ite:60 KerTime:0.439169 AccTime:23.579598
#IT Ite:61 KerTime:0.394706 AccTime:23.974304
#IT Ite:62 KerTime:0.397598 AccTime:24.371902
#IT Ite:63 KerTime:0.363684 AccTime:24.735586
#IT Ite:64 KerTime:0.366290 AccTime:25.101876
#IT Ite:65 KerTime:0.341003 AccTime:25.442879
#IT Ite:66 KerTime:0.403484 AccTime:25.846363
#IT Ite:67 KerTime:0.366013 AccTime:26.212376
#IT Ite:68 KerTime:0.351907 AccTime:26.564283
#IT Ite:69 KerTime:0.360836 AccTime:26.925119
#IT Ite:70 KerTime:0.364083 AccTime:27.289202
#IT Ite:71 KerTime:0.405064 AccTime:27.694266
#IT Ite:72 KerTime:0.381992 AccTime:28.076258
#IT Ite:73 KerTime:0.387814 AccTime:28.464072
#IT Ite:74 KerTime:0.385949 AccTime:28.850021
#IT Ite:75 KerTime:0.349894 AccTime:29.199915
#IT Ite:76 KerTime:0.375688 AccTime:29.575603
#IT Ite:77 KerTime:0.489339 AccTime:30.064942
#IT Ite:78 KerTime:0.357755 AccTime:30.422697
#IT Ite:79 KerTime:0.366980 AccTime:30.789677
#IT Ite:80 KerTime:0.340515 AccTime:31.130192
#IT Ite:81 KerTime:0.355150 AccTime:31.485342
#IT Ite:82 KerTime:0.376723 AccTime:31.862065
#IT Ite:83 KerTime:0.358538 AccTime:32.220603
#IT Ite:84 KerTime:0.357746 AccTime:32.578349
#IT Ite:85 KerTime:0.366086 AccTime:32.944435
#IT Ite:86 KerTime:0.356141 AccTime:33.300576
#IT Ite:87 KerTime:0.404743 AccTime:33.705319
#IT Ite:88 KerTime:0.367563 AccTime:34.072882
#IT Ite:89 KerTime:0.365534 AccTime:34.438416
#IT Ite:90 KerTime:0.363834 AccTime:34.802250
#IT Ite:91 KerTime:0.384450 AccTime:35.186700
#IT Ite:92 KerTime:0.346483 AccTime:35.533183
#IT Ite:93 KerTime:0.352002 AccTime:35.885185
#IT Ite:94 KerTime:0.353386 AccTime:36.238571
#IT Ite:95 KerTime:0.366314 AccTime:36.604885
#IT Ite:96 KerTime:0.381343 AccTime:36.986228
#IT Ite:97 KerTime:0.423307 AccTime:37.409535
#IT Ite:98 KerTime:0.531940 AccTime:37.941475
#IT Ite:99 KerTime:0.371225 AccTime:38.312700
#IT Ite:100 KerTime:0.375840 AccTime:38.688540
#IT Ite:101 KerTime:0.387573 AccTime:39.076113
#IT Ite:102 KerTime:0.378318 AccTime:39.454431
#IT Ite:103 KerTime:0.501004 AccTime:39.955435
#IT Ite:104 KerTime:0.353480 AccTime:40.308915
#IT Ite:105 KerTime:0.355997 AccTime:40.664912
#IT Ite:106 KerTime:0.372736 AccTime:41.037648
#IT Ite:107 KerTime:0.524488 AccTime:41.562136
#IT Ite:108 KerTime:0.381006 AccTime:41.943142
#IT Ite:109 KerTime:0.413551 AccTime:42.356693
#IT Ite:110 KerTime:0.346640 AccTime:42.703333
#IT Ite:111 KerTime:0.363356 AccTime:43.066689
#IT Ite:112 KerTime:0.363529 AccTime:43.430218
#IT Ite:113 KerTime:0.470107 AccTime:43.900325
#IT Ite:114 KerTime:0.372284 AccTime:44.272609
#IT Ite:115 KerTime:0.551334 AccTime:44.823943
#IT Ite:116 KerTime:0.409712 AccTime:45.233655
#IT Ite:117 KerTime:0.384645 AccTime:45.618300
#IT Ite:118 KerTime:0.349629 AccTime:45.967929
#IT Ite:119 KerTime:0.394508 AccTime:46.362437
#IT Ite:120 KerTime:0.333946 AccTime:46.696383
#IT Ite:121 KerTime:0.418118 AccTime:47.114501
#IT Ite:122 KerTime:0.374717 AccTime:47.489218
#IT Ite:123 KerTime:0.387993 AccTime:47.877211
#IT Ite:124 KerTime:0.435129 AccTime:48.312340
#IT Ite:125 KerTime:0.380787 AccTime:48.693127
#IT Ite:126 KerTime:0.361171 AccTime:49.054298
#IT Ite:127 KerTime:0.374706 AccTime:49.429004
#IT Ite:128 KerTime:0.384723 AccTime:49.813727
#IT Ite:129 KerTime:0.349679 AccTime:50.163406
#IT Ite:130 KerTime:0.363862 AccTime:50.527268
#IT Ite:131 KerTime:0.363642 AccTime:50.890910
#IT Ite:132 KerTime:0.376010 AccTime:51.266920
#IT Ite:133 KerTime:0.417433 AccTime:51.684353
#IT Ite:134 KerTime:0.344691 AccTime:52.029044
#IT Ite:135 KerTime:0.383375 AccTime:52.412419
#IT Ite:136 KerTime:0.393141 AccTime:52.805560
#IT Ite:137 KerTime:0.371848 AccTime:53.177408
#IT Ite:138 KerTime:0.367604 AccTime:53.545012
#IT Ite:139 KerTime:0.470463 AccTime:54.015475
#IT Ite:140 KerTime:0.370583 AccTime:54.386058
#IT Ite:141 KerTime:0.360034 AccTime:54.746092
#IT Ite:142 KerTime:0.349005 AccTime:55.095097
#IT Ite:143 KerTime:0.540345 AccTime:55.635442
#IT Ite:144 KerTime:0.383555 AccTime:56.018997
#IT Ite:145 KerTime:0.383160 AccTime:56.402157
#IT Ite:146 KerTime:0.366179 AccTime:56.768336
#IT Ite:147 KerTime:0.374547 AccTime:57.142883
#IT Ite:148 KerTime:0.428360 AccTime:57.571243
#IT Ite:149 KerTime:0.353263 AccTime:57.924506
#IT Ite:150 KerTime:0.359680 AccTime:58.284186
#IT Ite:151 KerTime:0.354180 AccTime:58.638366
#IT Ite:152 KerTime:0.390258 AccTime:59.028624
#IT Ite:153 KerTime:0.351447 AccTime:59.380071
#IT Ite:154 KerTime:0.350633 AccTime:59.730704
#IT Ite:155 KerTime:0.451060 AccTime:60.181764
#IT Ite:156 KerTime:0.374572 AccTime:60.556336
#IT Ite:157 KerTime:0.356708 AccTime:60.913044
#IT Ite:158 KerTime:0.339311 AccTime:61.252355
#IT Ite:159 KerTime:0.382535 AccTime:61.634890
#IT Ite:160 KerTime:0.362743 AccTime:61.997633
#IT Ite:161 KerTime:0.383521 AccTime:62.381154
#IT Ite:162 KerTime:0.353023 AccTime:62.734177
#IT Ite:163 KerTime:0.350700 AccTime:63.084877
#IT Ite:164 KerTime:0.520863 AccTime:63.605740
#IT Ite:165 KerTime:0.373764 AccTime:63.979504
#IT Ite:166 KerTime:0.346942 AccTime:64.326446
#IT Ite:167 KerTime:0.367350 AccTime:64.693796
#IT Ite:168 KerTime:0.367930 AccTime:65.061726
#IT Ite:169 KerTime:0.458914 AccTime:65.520640
#IT Ite:170 KerTime:0.348567 AccTime:65.869207
#IT Ite:171 KerTime:0.376780 AccTime:66.245987
#IT Ite:172 KerTime:0.387033 AccTime:66.633020
#IT Ite:173 KerTime:0.358444 AccTime:66.991464
#IT Ite:174 KerTime:0.457377 AccTime:67.448841
#IT Ite:175 KerTime:0.358517 AccTime:67.807358
#IT Ite:176 KerTime:0.365526 AccTime:68.172884
#IT Ite:177 KerTime:0.503852 AccTime:68.676736
#IT Ite:178 KerTime:0.403204 AccTime:69.079940
#IT Ite:179 KerTime:0.372665 AccTime:69.452605
#IT Ite:180 KerTime:0.347449 AccTime:69.800054
#IT Ite:181 KerTime:0.366252 AccTime:70.166306
#IT Ite:182 KerTime:0.349043 AccTime:70.515349
#IT Ite:183 KerTime:0.426575 AccTime:70.941924
#IT Ite:184 KerTime:0.434946 AccTime:71.376870
#IT Ite:185 KerTime:0.406427 AccTime:71.783297
#IT Ite:186 KerTime:0.424576 AccTime:72.207873
#IT Ite:187 KerTime:0.416137 AccTime:72.624010
#IT Ite:188 KerTime:0.355148 AccTime:72.979158
#IT Ite:189 KerTime:0.399931 AccTime:73.379089
#IT Ite:190 KerTime:0.550417 AccTime:73.929506
#IT Ite:191 KerTime:0.360595 AccTime:74.290101
#IT Ite:192 KerTime:0.406530 AccTime:74.696631
#IT Ite:193 KerTime:0.376993 AccTime:75.073624
#IT Ite:194 KerTime:0.346665 AccTime:75.420289
#IT Ite:195 KerTime:0.468408 AccTime:75.888697
#IT Ite:196 KerTime:0.362858 AccTime:76.251555
#IT Ite:197 KerTime:0.369761 AccTime:76.621316
#IT Ite:198 KerTime:0.357392 AccTime:76.978708
#IT Ite:199 KerTime:0.354688 AccTime:77.333396
#IT Ite:200 KerTime:0.355978 AccTime:77.689374
#IT Ite:201 KerTime:0.409104 AccTime:78.098478
#IT Ite:202 KerTime:0.369548 AccTime:78.468026
#IT Ite:203 KerTime:0.412728 AccTime:78.880754
#IT Ite:204 KerTime:0.375076 AccTime:79.255830
#IT Ite:205 KerTime:0.360835 AccTime:79.616665
#IT Ite:206 KerTime:0.417607 AccTime:80.034272
#IT Ite:207 KerTime:0.359833 AccTime:80.394105
#IT Ite:208 KerTime:0.363964 AccTime:80.758069
#IT Ite:209 KerTime:0.382461 AccTime:81.140530
#IT Ite:210 KerTime:0.354879 AccTime:81.495409
#IT Ite:211 KerTime:0.374622 AccTime:81.870031
#IT Ite:212 KerTime:0.376517 AccTime:82.246548
#IT Ite:213 KerTime:0.525105 AccTime:82.771653
#IT Ite:214 KerTime:0.353929 AccTime:83.125582
#IT Ite:215 KerTime:0.433780 AccTime:83.559362
#IT Ite:216 KerTime:0.361260 AccTime:83.920622
#IT Ite:217 KerTime:0.383817 AccTime:84.304439
#IT Ite:218 KerTime:0.357386 AccTime:84.661825
#IT Ite:219 KerTime:0.341901 AccTime:85.003726
#IT Ite:220 KerTime:0.376198 AccTime:85.379924
#IT Ite:221 KerTime:0.379150 AccTime:85.759074
#IT Ite:222 KerTime:0.378594 AccTime:86.137668
#IT Ite:223 KerTime:0.373436 AccTime:86.511104
#IT Ite:224 KerTime:0.362527 AccTime:86.873631
#IT Ite:225 KerTime:0.356579 AccTime:87.230210
#IT Ite:226 KerTime:0.380129 AccTime:87.610339
#IT Ite:227 KerTime:0.371305 AccTime:87.981644
#IT Ite:228 KerTime:0.384368 AccTime:88.366012
#IT Ite:229 KerTime:0.429447 AccTime:88.795459
#IT Ite:230 KerTime:0.380605 AccTime:89.176064
#IT Ite:231 KerTime:0.373687 AccTime:89.549751
#IT Ite:232 KerTime:0.390770 AccTime:89.940521
#IT Ite:233 KerTime:0.353108 AccTime:90.293629
#IT Ite:234 KerTime:0.407844 AccTime:90.701473
#ERR The histogram from element 516732542 differs. srcHist=1 dstHist=2

#ERR The histogram from element 524875624 differs. srcHist=1 dstHist=0

#ERR The histogram from element 524877963 differs. srcHist=1 dstHist=0

#ERR The histogram from element 524877986 differs. srcHist=1 dstHist=0

#ERR The histogram from element 524878045 differs. srcHist=1 dstHist=0

#ERR The histogram from element 524878103 differs. srcHist=1 dstHist=0

#ERR The histogram from element 524878193 differs. srcHist=1 dstHist=0

#ERR The histogram from element 524969812 differs. srcHist=1 dstHist=0

#ERR The histogram from element 525035646 differs. srcHist=1 dstHist=0

#ERR The histogram from element 525102273 differs. srcHist=1 dstHist=0

#ERR The histogram from element 525168308 differs. srcHist=1 dstHist=0

#ERR The histogram from element 525309220 differs. srcHist=1 dstHist=2

#ERR The histogram from element 525310200 differs. srcHist=1 dstHist=0

#ERR The histogram from element 525352525 differs. srcHist=1 dstHist=2

#ERR The histogram from element 525356493 differs. srcHist=1 dstHist=2

#ERR The histogram from element 525390484 differs. srcHist=1 dstHist=2

#ERR The histogram from element 525412893 differs. srcHist=1 dstHist=0

#ERR The histogram from element 525414943 differs. srcHist=1 dstHist=0

#ERR The histogram from element 525532466 differs. srcHist=1 dstHist=2

#ERR The histogram from element 525584458 differs. srcHist=1 dstHist=0

#ERR The histogram from element 525588740 differs. srcHist=1 dstHist=0

#ERR The histogram from element 525601268 differs. srcHist=1 dstHist=0

#ERR The histogram from element 525612550 differs. srcHist=1 dstHist=2

#ERR The histogram from element 525634578 differs. srcHist=1 dstHist=0

#ERR The histogram from element 525636910 differs. srcHist=1 dstHist=0

#ERR The histogram from element 525682042 differs. srcHist=1 dstHist=0

#ERR The histogram from element 525738761 differs. srcHist=1 dstHist=0

#ERR The histogram from element 525761818 differs. srcHist=1 dstHist=2

#ERR The histogram from element 525778407 differs. srcHist=1 dstHist=0

#ERR The histogram from element 525783296 differs. srcHist=1 dstHist=0

#ERR The histogram from element 525804632 differs. srcHist=1 dstHist=0

#ERR The histogram from element 525859399 differs. srcHist=2 dstHist=1

#ERR The histogram from element 525862226 differs. srcHist=1 dstHist=0

#ERR The histogram from element 525871885 differs. srcHist=1 dstHist=0

#ERR The histogram from element 525871979 differs. srcHist=1 dstHist=0

#ERR The histogram from element 525937336 differs. srcHist=1 dstHist=0

#ERR The histogram from element 525964334 differs. srcHist=1 dstHist=0

#ERR The histogram from element 525965019 differs. srcHist=1 dstHist=0

#ERR The histogram from element 525965028 differs. srcHist=1 dstHist=0

#ERR The histogram from element 525965195 differs. srcHist=1 dstHist=0

#ERR The histogram from element 525965294 differs. srcHist=1 dstHist=0

#ERR The histogram from element 525965329 differs. srcHist=1 dstHist=0

#ERR The histogram from element 525965547 differs. srcHist=1 dstHist=0

#ERR The histogram from element 45508071 differs. srcHist=1 dstHist=2

#ERR The histogram from element 77567468 differs. srcHist=1 dstHist=2

#ERR The histogram from element 101245399 differs. srcHist=1 dstHist=2

#ERR The histogram from element 118994710 differs. srcHist=1 dstHist=2

#ERR The histogram from element 232424274 differs. srcHist=1 dstHist=2

#ERR The histogram from element 251861794 differs. srcHist=1 dstHist=2

#ERR The histogram from element 256592923 differs. srcHist=1 dstHist=2

#ERR The histogram from element 284048751 differs. srcHist=1 dstHist=2

#ERR The histogram from element 284804427 differs. srcHist=1 dstHist=2

#ERR The histogram from element 335208501 differs. srcHist=1 dstHist=2

#ERR The histogram from element 356668925 differs. srcHist=1 dstHist=2

#ERR The histogram from element 378308877 differs. srcHist=1 dstHist=2

#ERR The histogram from element 402150292 differs. srcHist=1 dstHist=2

#ERR The histogram from element 494206473 differs. srcHist=1 dstHist=2

#ERR The histogram from element 494706768 differs. srcHist=1 dstHist=2

#ERR Elements not ordered. index=8182924 523775266>45508071
#ERR Elements not ordered. index=8182956 523776988>251861794
#ERR Elements not ordered. index=8182960 523777238>523777109
#ERR Elements not ordered. index=8182988 523779437>335208501
#ERR Elements not ordered. index=8182990 523779541>523779525
#ERR Elements not ordered. index=8182992 523779659>523779564
#ERR Elements not ordered. index=8182994 523779896>523779844
#ERR Elements not ordered. index=8183020 523781301>523777329
#ERR Elements not ordered. index=8183028 523781703>523781352
#ERR Elements not ordered. index=8183030 523781792>523781712
#ERR Elements not ordered. index=8183052 523782959>523779911
#ERR Elements not ordered. index=8183056 523783026>523783010
#ERR Elements not ordered. index=8183060 523783128>523783040
#ERR Elements not ordered. index=8183062 523783253>523783134
#ERR Elements not ordered. index=8183064 523783286>523783282
#ERR Elements not ordered. index=8183066 523783413>523783407
#ERR Elements not ordered. index=8183084 523784207>523781870
#ERR Elements not ordered. index=8183100 523785028>523784284
#ERR Elements not ordered. index=8183116 523785992>523783415
#ERR Elements not ordered. index=8183118 523786091>523785995
#ERR Elements not ordered. index=8183132 523786781>523786171
#ERR Elements not ordered. index=8183134 523786799>523786791
#ERR Elements not ordered. index=8183148 523787523>523785123
#ERR Elements not ordered. index=8183152 523787938>523787734
#ERR Elements not ordered. index=8183164 523788656>523788107
#ERR Elements not ordered. index=8183166 523788865>523788684
#ERR Elements not ordered. index=8183180 523789799>523786807
#ERR Elements not ordered. index=8183188 523790183>523789962
#ERR Elements not ordered. index=8183196 523790761>523790397
#ERR Elements not ordered. index=8183198 523790809>523790791
#ERR Elements not ordered. index=8183204 523791239>523790940
#ERR Elements not ordered. index=8183212 523791714>523789213
#ERR Elements not ordered. index=8183220 523792250>523791826
#ERR Elements not ordered. index=8183228 523792665>523792488
#ERR Elements not ordered. index=8183236 523793037>523792825
#ERR Elements not ordered. index=8183240 523793328>523793254
#ERR Elements not ordered. index=8183244 523793602>523791550
#ERR Elements not ordered. index=8183248 523793922>523793808
#ERR Elements not ordered. index=8183252 523794103>523793959
#ERR Elements not ordered. index=8183256 523794590>523794436
#ERR Elements not ordered. index=8183260 523794797>523794660
#ERR Elements not ordered. index=8183264 523795083>523795047
#ERR Elements not ordered. index=8183268 523795149>523795126
#ERR Elements not ordered. index=8183272 523795345>523795342
#ERR Elements not ordered. index=8183274 523795606>523795370
#ERR Elements not ordered. index=8183276 523795764>523793372
#ERR Elements not ordered. index=8183308 523797832>523795852
#ERR Elements not ordered. index=8183310 523797907>523797892
#ERR Elements not ordered. index=8183340 523800079>523798000
#ERR Elements not ordered. index=8183372 523801958>523800319
#ERR Elements not ordered. index=8183404 523804174>523802195
#ERR Elements not ordered. index=8183406 523804244>523804229
#ERR Elements not ordered. index=8183408 523804363>523804301
#ERR Elements not ordered. index=8183410 523804451>523804399
#ERR Elements not ordered. index=8183436 523805961>523802892
#ERR Elements not ordered. index=8183444 523806606>523806201
#ERR Elements not ordered. index=8183446 523806762>523806646
#ERR Elements not ordered. index=8183468 523808466>523804474
#ERR Elements not ordered. index=8183472 523808611>523808543
#ERR Elements not ordered. index=8183474 523808761>523808681
#ERR Elements not ordered. index=8183476 523808871>523808830
#ERR Elements not ordered. index=8183478 523808936>523808924
#ERR Elements not ordered. index=8183480 523809000>523808940
#ERR Elements not ordered. index=8183482 523809151>523809099
#ERR Elements not ordered. index=8183500 523810077>523806965
#ERR Elements not ordered. index=8183532 523812189>523809233
#ERR Elements not ordered. index=8183548 523813769>523812966
#ERR Elements not ordered. index=8183564 523814926>523811159
#ERR Elements not ordered. index=8183580 523816294>523815254
#ERR Elements not ordered. index=8183582 523816352>523816308
#ERR Elements not ordered. index=8183596 523816924>523813799
#ERR Elements not ordered. index=8183600 523817193>523817004
#ERR Elements not ordered. index=8183612 523817988>523817291
#ERR Elements not ordered. index=8183614 523818313>523818201
#ERR Elements not ordered. index=8183616 523818473>523818363
#ERR Elements not ordered. index=8183618 523818765>523818586
#ERR Elements not ordered. index=8183628 523819443>523816367
#ERR Elements not ordered. index=8183644 523820299>523819881
#ERR Elements not ordered. index=8183660 523821119>523818823
#ERR Elements not ordered. index=8183676 523822649>523821877
#ERR Elements not ordered. index=8183684 523823204>523823164
#ERR Elements not ordered. index=8183692 523823720>523820621
#ERR Elements not ordered. index=8183700 523824106>523823784
#ERR Elements not ordered. index=8183702 523824172>523824151
#ERR Elements not ordered. index=8183708 523824517>523824328
#ERR Elements not ordered. index=8183710 523824732>523824598
#ERR Elements not ordered. index=8183716 523825036>523824799
#ERR Elements not ordered. index=8183718 523825204>523825182
#ERR Elements not ordered. index=8183724 523825904>523823332
#ERR Elements not ordered. index=8183726 523826193>523825983
#ERR Elements not ordered. index=8183732 523826265>523826213
#ERR Elements not ordered. index=8183740 523826545>523826403
#ERR Elements not ordered. index=8183744 523827053>523826761
#ERR Elements not ordered. index=8183748 523827337>523827068
#ERR Elements not ordered. index=8183752 523827598>523827365
#ERR Elements not ordered. index=8183756 523827729>523825322
#ERR Elements not ordered. index=8183760 523828134>523827764
#ERR Elements not ordered. index=8183764 523828291>523828150
#ERR Elements not ordered. index=8183768 523828547>523828326
#ERR Elements not ordered. index=8183772 523828632>523828563
#ERR Elements not ordered. index=8183776 523829005>523828795
#ERR Elements not ordered. index=8183780 523829059>523829024
#ERR Elements not ordered. index=8183784 523829666>523829307
#ERR Elements not ordered. index=8183788 523829914>523827658
#ERR Elements not ordered. index=8183792 523830219>523830101
#ERR Elements not ordered. index=8183796 523830515>523830464
#ERR Elements not ordered. index=8183798 523830811>523830535
#ERR Elements not ordered. index=8183820 523832402>523829802
#ERR Elements not ordered. index=8183852 523834632>523832448
#ERR Elements not ordered. index=8183884 523836509>523833625
#ERR Elements not ordered. index=8183888 523836668>523836515
#ERR Elements not ordered. index=8183916 523838146>523834839
#ERR Elements not ordered. index=8183924 523838499>523838229
#ERR Elements not ordered. index=8183948 523840641>523836683
#ERR Elements not ordered. index=8183956 523841194>523840708
#ERR Elements not ordered. index=8183980 523842841>523838808
#ERR Elements not ordered. index=8183988 523843496>523843149
#ERR Elements not ordered. index=8184012 523844771>523841267
#ERR Elements not ordered. index=8184020 523845475>523845045
#ERR Elements not ordered. index=8184044 523846992>523843799
#ERR Elements not ordered. index=8184046 523847042>523847041
#ERR Elements not ordered. index=8184048 523847616>523847458
#ERR Elements not ordered. index=8184050 523847729>523847627
#ERR Elements not ordered. index=8184052 523847771>523847764
#ERR Elements not ordered. index=8184054 523847810>523847789
#ERR Elements not ordered. index=8184056 523848029>523847950
#ERR Elements not ordered. index=8184058 523848131>523848099
#ERR Elements not ordered. index=8184076 523848947>523845860
#ERR Elements not ordered. index=8184092 523850362>523849066
#ERR Elements not ordered. index=8184108 523851462>523848171
#ERR Elements not ordered. index=8184124 523852606>523851671
#ERR Elements not ordered. index=8184140 523853185>523850379
#ERR Elements not ordered. index=8184156 523853902>523853402
#ERR Elements not ordered. index=8184172 523855160>523852714
#ERR Elements not ordered. index=8184176 523855429>523855379
#ERR Elements not ordered. index=8184188 523856177>523855505
#ERR Elements not ordered. index=8184192 523856342>523856328
#ERR Elements not ordered. index=8184204 523856860>523854134
#ERR Elements not ordered. index=8184220 523857622>523857269
#ERR Elements not ordered. index=8184228 523858043>523857653
#ERR Elements not ordered. index=8184230 523858153>523858124
#ERR Elements not ordered. index=8184236 523858293>523856458
#ERR Elements not ordered. index=8184244 523858676>523858481
#ERR Elements not ordered. index=8184248 523858906>523858705
#ERR Elements not ordered. index=8184252 523859137>523859037
#ERR Elements not ordered. index=8184254 523859234>523859214
#ERR Elements not ordered. index=8184256 523859417>523859290
#ERR Elements not ordered. index=8184258 523859525>523859512
#ERR Elements not ordered. index=8184260 523859647>523859638
#ERR Elements not ordered. index=8184262 523859684>523859673
#ERR Elements not ordered. index=8184264 523859875>523859808
#ERR Elements not ordered. index=8184266 523860005>523859997
#ERR Elements not ordered. index=8184268 523860125>523858168
#ERR Elements not ordered. index=8184300 523862599>523860025
#ERR Elements not ordered. index=8184332 523864485>523861415
#ERR Elements not ordered. index=8184364 523867516>523862767
#ERR Elements not ordered. index=8184368 523867910>523867542
#ERR Elements not ordered. index=8184396 523869807>523865053
#ERR Elements not ordered. index=8184428 523872003>523868019
#ERR Elements not ordered. index=8184436 523872366>523872131
#ERR Elements not ordered. index=8184460 523874077>523870262
#ERR Elements not ordered. index=8184468 523874721>523874142
#ERR Elements not ordered. index=8184492 523876016>523872591
#ERR Elements not ordered. index=8184500 523876551>523876167
#ERR Elements not ordered. index=8184524 523877488>523874832
#ERR Elements not ordered. index=8184532 523878211>523878016
#ERR Elements not ordered. index=8184556 523879805>523876846
#ERR Elements not ordered. index=8184560 523880053>523879915
#ERR Elements not ordered. index=8184564 523880256>523880066
#ERR Elements not ordered. index=8184568 523880526>523880373
#ERR Elements not ordered. index=8184588 523881823>523878328
#ERR Elements not ordered. index=8184592 523881948>523881825
#ERR Elements not ordered. index=8184596 523882117>523881975
#ERR Elements not ordered. index=8184600 523882426>523882211
#ERR Elements not ordered. index=8184620 523883712>523880537
#ERR Elements not ordered. index=8184624 523883870>523883740
#ERR Elements not ordered. index=8184628 523884087>523883935
#ERR Elements not ordered. index=8184632 523884345>523884188
#ERR Elements not ordered. index=8184634 523884426>523884403
#ERR Elements not ordered. index=8184652 523885759>523882496
#ERR Elements not ordered. index=8184654 523886007>523885940
#ERR Elements not ordered. index=8184656 523886132>523886072
#ERR Elements not ordered. index=8184658 523886192>523886155
#ERR Elements not ordered. index=8184660 523886570>523886204
#ERR Elements not ordered. index=8184684 523887965>523884487
#ERR Elements not ordered. index=8184700 523889049>523888646
#ERR Elements not ordered. index=8184716 523889837>523887145
#ERR Elements not ordered. index=8184732 523890589>523890045
#ERR Elements not ordered. index=8184748 523891489>523889100
#ERR Elements not ordered. index=8184750 523891641>523891587
#ERR Elements not ordered. index=8184764 523892491>523891667
#ERR Elements not ordered. index=8184766 523892582>523892568
#ERR Elements not ordered. index=8184780 523893500>523890615
#ERR Elements not ordered. index=8184784 523893825>523893584
#ERR Elements not ordered. index=8184796 523894324>523893974
#ERR Elements not ordered. index=8184812 523895351>523892864
#ERR Elements not ordered. index=8184828 523896322>523895827
#ERR Elements not ordered. index=8184836 523896783>523896482
#ERR Elements not ordered. index=8184844 523897476>523894847
#ERR Elements not ordered. index=8184852 523897671>523897496
#ERR Elements not ordered. index=8184860 523898110>523897821
#ERR Elements not ordered. index=8184862 523898267>523898161
#ERR Elements not ordered. index=8184868 523898758>523898357
#ERR Elements not ordered. index=8184876 523899250>523896909
#ERR Elements not ordered. index=8184884 523899796>523899583
#ERR Elements not ordered. index=8184892 523900167>523899961
#ERR Elements not ordered. index=8184900 523901172>523900527
#ERR Elements not ordered. index=8184904 523901461>523901211
#ERR Elements not ordered. index=8184908 523901630>523899107
#ERR Elements not ordered. index=8184912 523901907>523901638
#ERR Elements not ordered. index=8184916 523902054>523901911
#ERR Elements not ordered. index=8184920 523902506>523902312
#ERR Elements not ordered. index=8184924 523902965>523902591
#ERR Elements not ordered. index=8184928 523903138>523902981
#ERR Elements not ordered. index=8184932 523903434>523903167
#ERR Elements not ordered. index=8184936 523903566>523903449
#ERR Elements not ordered. index=8184940 523903637>523901471
#ERR Elements not ordered. index=8184944 523903800>523903735
#ERR Elements not ordered. index=8184948 523904020>523903925
#ERR Elements not ordered. index=8184952 523904318>523904273
#ERR Elements not ordered. index=8184956 523904519>523904419
#ERR Elements not ordered. index=8184960 523904655>523904581
#ERR Elements not ordered. index=8184962 523904806>523904763
#ERR Elements not ordered. index=8184964 523904917>523904858
#ERR Elements not ordered. index=8184966 523904952>523904936
#ERR Elements not ordered. index=8184972 523905261>523903607
#ERR Elements not ordered. index=8185004 523907455>523905361
#ERR Elements not ordered. index=8185036 523909617>523907301
#ERR Elements not ordered. index=8185040 523909722>523909677
#ERR Elements not ordered. index=8185068 523911651>523908287
#ERR Elements not ordered. index=8185100 523914498>523909806
#ERR Elements not ordered. index=8185108 523914821>523914580
#ERR Elements not ordered. index=8185132 523916250>523912141
#ERR Elements not ordered. index=8185140 523916939>523916450
#ERR Elements not ordered. index=8185164 523918437>523914826
#ERR Elements not ordered. index=8185172 523918955>523918678
#ERR Elements not ordered. index=8185196 523920456>523916940
#ERR Elements not ordered. index=8185198 523920501>523920490
#ERR Elements not ordered. index=8185204 523920761>523920658
#ERR Elements not ordered. index=8185206 523920888>523920796
#ERR Elements not ordered. index=8185228 523921904>523918985
#ERR Elements not ordered. index=8185236 523922513>523922142
#ERR Elements not ordered. index=8185240 523922793>523922568
#ERR Elements not ordered. index=8185260 523924183>523920912
#ERR Elements not ordered. index=8185276 523924801>523924218
#ERR Elements not ordered. index=8185292 523925293>523923028
#ERR Elements not ordered. index=8185308 523926267>523925506
#ERR Elements not ordered. index=8185312 523927011>523926596
#ERR Elements not ordered. index=8185324 523927804>523924857
#ERR Elements not ordered. index=8185328 523927915>523927876
#ERR Elements not ordered. index=8185340 523928793>523928076
#ERR Elements not ordered. index=8185342 523928909>523928797
#ERR Elements not ordered. index=8185344 523928922>523928916
#ERR Elements not ordered. index=8185356 523929625>523927025
#ERR Elements not ordered. index=8185372 523930384>523929961
#ERR Elements not ordered. index=8185388 523931653>523929129
#ERR Elements not ordered. index=8185396 523932320>523932267
#ERR Elements not ordered. index=8185404 523932724>523932353
#ERR Elements not ordered. index=8185412 523933078>523932808
#ERR Elements not ordered. index=8185420 523933504>523930832
#ERR Elements not ordered. index=8185428 523934109>523933776
#ERR Elements not ordered. index=8185430 523934267>523934266
#ERR Elements not ordered. index=8185436 523934591>523934332
#ERR Elements not ordered. index=8185438 523934622>523934620
#ERR Elements not ordered. index=8185444 523934988>523934628
#ERR Elements not ordered. index=8185452 523935330>523933158
#ERR Elements not ordered. index=8185456 523935667>523935644
#ERR Elements not ordered. index=8185460 523935922>523935793
#ERR Elements not ordered. index=8185464 523936270>523935968
#ERR Elements not ordered. index=8185468 523936502>523936460
#ERR Elements not ordered. index=8185472 523936594>523936552
#ERR Elements not ordered. index=8185476 523936720>523936629
#ERR Elements not ordered. index=8185480 523937026>523936799
#ERR Elements not ordered. index=8185482 523937043>523937030
#ERR Elements not ordered. index=8185484 523937107>523935169
#ERR Elements not ordered. index=8185516 523939523>523937048
#ERR Elements not ordered. index=8185518 523939732>523939538
#ERR Elements not ordered. index=8185548 523942163>523939759
#ERR Elements not ordered. index=8185552 523942441>523942231
#ERR Elements not ordered. index=8185580 523944321>523940775
#ERR Elements not ordered. index=8185582 523944391>523944339
#ERR Elements not ordered. index=8185584 523944648>523944453
#ERR Elements not ordered. index=8185586 523944832>523944751
#ERR Elements not ordered. index=8185612 523946031>523942583
#ERR Elements not ordered. index=8185614 523946148>523946141
#ERR Elements not ordered. index=8185616 523946228>523946166
#ERR Elements not ordered. index=8185618 523946509>523946407
#ERR Elements not ordered. index=8185644 523948137>523944965
#ERR Elements not ordered. index=8185646 523948408>523948322
#ERR Elements not ordered. index=8185648 523948538>523948517
#ERR Elements not ordered. index=8185676 523950436>523946581
#ERR Elements not ordered. index=8185684 523951048>523950446
#ERR Elements not ordered. index=8185686 523951171>523951098
#ERR Elements not ordered. index=8185708 523952158>523948884
#ERR Elements not ordered. index=8185712 523952357>523952283
#ERR Elements not ordered. index=8185716 523952549>523952479
#ERR Elements not ordered. index=8185720 523952819>523952572
#ERR Elements not ordered. index=8185722 523953034>523952970
#ERR Elements not ordered. index=8185740 523954376>523951190
#ERR Elements not ordered. index=8185742 523954480>523954378
#ERR Elements not ordered. index=8185744 523954684>523954529
#ERR Elements not ordered. index=8185746 523954873>523954734
#ERR Elements not ordered. index=8185748 523954997>523954958
#ERR Elements not ordered. index=8185750 523955056>523955040
#ERR Elements not ordered. index=8185752 523955073>523955064
#ERR Elements not ordered. index=8185754 523955212>523955197
#ERR Elements not ordered. index=8185772 523956169>523953083
#ERR Elements not ordered. index=8185774 523956259>523956195
#ERR Elements not ordered. index=8185804 523958741>523955238
#ERR Elements not ordered. index=8185820 523959355>523958947
#ERR Elements not ordered. index=8185836 523960689>523957467
#ERR Elements not ordered. index=8185852 523961623>523960786
#ERR Elements not ordered. index=8185856 523961687>523961679
#ERR Elements not ordered. index=8185868 523962636>523959612
#ERR Elements not ordered. index=8185872 523962834>523962668
#ERR Elements not ordered. index=8185884 523963512>523962910
#ERR Elements not ordered. index=8185900 523964563>523961789
#ERR Elements not ordered. index=8185908 523965021>523964567
#ERR Elements not ordered. index=8185916 523965712>523965279
#ERR Elements not ordered. index=8185924 523966153>523965734
#ERR Elements not ordered. index=8185932 523966830>523964252
#ERR Elements not ordered. index=8185940 523967256>523966875
#ERR Elements not ordered. index=8185948 523967678>523967258
#ERR Elements not ordered. index=8185956 523967969>523967779
#ERR Elements not ordered. index=8185964 523968519>523966203
#ERR Elements not ordered. index=8185966 523968560>523968539
#ERR Elements not ordered. index=8185972 523968697>523968595
#ERR Elements not ordered. index=8185974 523968756>523968712
#ERR Elements not ordered. index=8185980 523969340>523969108
#ERR Elements not ordered. index=8185982 523969415>523969373
#ERR Elements not ordered. index=8185988 523969556>523969458
#ERR Elements not ordered. index=8185990 523969822>523969681
#ERR Elements not ordered. index=8185996 523970060>523968182
#ERR Elements not ordered. index=8185998 523970179>523970168
#ERR Elements not ordered. index=8186004 523970877>523970304
#ERR Elements not ordered. index=8186006 523970997>523970919
#ERR Elements not ordered. index=8186012 523971233>523971074
#ERR Elements not ordered. index=8186014 523971333>523971324
#ERR Elements not ordered. index=8186020 523971871>523971418
#ERR Elements not ordered. index=8186022 523972071>523972041
#ERR Elements not ordered. index=8186028 523972336>523969838
#ERR Elements not ordered. index=8186030 523972479>523972426
#ERR Elements not ordered. index=8186036 523972665>523972497
#ERR Elements not ordered. index=8186044 523973037>523972898
#ERR Elements not ordered. index=8186048 523973280>523973040
#ERR Elements not ordered. index=8186052 523973413>523973303
#ERR Elements not ordered. index=8186056 523973899>523973498
#ERR Elements not ordered. index=8186060 523974028>523972154
#ERR Elements not ordered. index=8186064 523974341>523974072
#ERR Elements not ordered. index=8186068 523974433>523974348
#ERR Elements not ordered. index=8186070 523974555>523974523
#ERR Elements not ordered. index=8186072 523974665>523974641
#ERR Elements not ordered. index=8186092 523976167>523973968
#ERR Elements not ordered. index=8186124 523978237>523976193
#ERR Elements not ordered. index=8186156 523980423>523978225
#ERR Elements not ordered. index=8186160 523980537>523980426
#ERR Elements not ordered. index=8186188 523981894>523978445
#ERR Elements not ordered. index=8186220 523983564>523980683
#ERR Elements not ordered. index=8186228 523983923>523983569
#ERR Elements not ordered. index=8186252 523985561>523982400
#ERR Elements not ordered. index=8186260 523985948>523985660
#ERR Elements not ordered. index=8186284 523987557>523984042
#ERR Elements not ordered. index=8186292 523988318>523987964
#ERR Elements not ordered. index=8186316 523989619>523985951
#ERR Elements not ordered. index=8186320 523989874>523989700
#ERR Elements not ordered. index=8186324 523990086>523989891
#ERR Elements not ordered. index=8186328 523990287>523990200
#ERR Elements not ordered. index=8186348 523991546>523988558
#ERR Elements not ordered. index=8186352 523991892>523991805
#ERR Elements not ordered. index=8186356 523992277>523992031
#ERR Elements not ordered. index=8186360 523992390>523992321
#ERR Elements not ordered. index=8186362 523992667>523992620
#ERR Elements not ordered. index=8186380 523993534>523990310
#ERR Elements not ordered. index=8186382 523993552>523993549
#ERR Elements not ordered. index=8186384 523993695>523993615
#ERR Elements not ordered. index=8186386 523993902>523993866
#ERR Elements not ordered. index=8186412 523994980>523992683
#ERR Elements not ordered. index=8186428 523996053>523995000
#ERR Elements not ordered. index=8186444 523997356>523994495
#ERR Elements not ordered. index=8186460 523997841>523997407
#ERR Elements not ordered. index=8186476 523998708>523996056
#ERR Elements not ordered. index=8186478 523998749>523998742
#ERR Elements not ordered. index=8186492 523999880>523998767
#ERR Elements not ordered. index=8186494 523999943>523999926
#ERR Elements not ordered. index=8186508 524000540>523997876
#ERR Elements not ordered. index=8186512 524000627>524000590
#ERR Elements not ordered. index=8186524 524001103>524000716
#ERR Elements not ordered. index=8186526 524001191>524001169
#ERR Elements not ordered. index=8186540 524002176>524000027
#ERR Elements not ordered. index=8186556 524003376>524002929
#ERR Elements not ordered. index=8186564 524003903>524003560
#ERR Elements not ordered. index=8186572 524004290>524002011
#ERR Elements not ordered. index=8186580 524004693>524004393
#ERR Elements not ordered. index=8186582 524004829>524004698
#ERR Elements not ordered. index=8186588 524005090>524004936
#ERR Elements not ordered. index=8186596 524005316>524005231
#ERR Elements not ordered. index=8186604 524005623>524004014
#ERR Elements not ordered. index=8186612 524005946>524005852
#ERR Elements not ordered. index=8186620 524006655>524006464
#ERR Elements not ordered. index=8186628 524007199>524006992
#ERR Elements not ordered. index=8186632 524007535>524007210
#ERR Elements not ordered. index=8186636 524007685>524005488
#ERR Elements not ordered. index=8186640 524008143>524008012
#ERR Elements not ordered. index=8186644 524008578>524008457
#ERR Elements not ordered. index=8186648 524008648>524008624
#ERR Elements not ordered. index=8186652 524008937>524008782
#ERR Elements not ordered. index=8186654 524008989>524008982
#ERR Elements not ordered. index=8186656 524009200>524009147
#ERR Elements not ordered. index=8186658 524009260>524009211
#ERR Elements not ordered. index=8186660 524009399>524009355
#ERR Elements not ordered. index=8186662 524009510>524009419
#ERR Elements not ordered. index=8186664 524009774>524009632
#ERR Elements not ordered. index=8186668 524010091>524007623
#ERR Elements not ordered. index=8186700 524012184>524010318
#ERR Elements not ordered. index=8186732 524014416>524012407
#ERR Elements not ordered. index=8186734 524014504>524014503
#ERR Elements not ordered. index=8186736 524014567>524014522
#ERR Elements not ordered. index=8186738 524014599>524014578
#ERR Elements not ordered. index=8186764 524016337>524012859
#ERR Elements not ordered. index=8186772 524016635>524016388
#ERR Elements not ordered. index=8186796 524018129>524014922
#ERR Elements not ordered. index=8186798 524018243>524018195
#ERR Elements not ordered. index=8186804 524018440>524018261
#ERR Elements not ordered. index=8186806 524018577>524018532
#ERR Elements not ordered. index=8186828 524020347>524016724
#ERR Elements not ordered. index=8186832 524020577>524020388
#ERR Elements not ordered. index=8186836 524020781>524020681
#ERR Elements not ordered. index=8186840 524020939>524020839
#ERR Elements not ordered. index=8186860 524021970>524018614
#ERR Elements not ordered. index=8186862 524022057>524022044
#ERR Elements not ordered. index=8186864 524022386>524022087
#ERR Elements not ordered. index=8186866 524022432>524022424
#ERR Elements not ordered. index=8186868 524022589>524022467
#ERR Elements not ordered. index=8186870 524022701>524022674
#ERR Elements not ordered. index=8186872 524022798>524022766
#ERR Elements not ordered. index=8186874 524022953>524022942
#ERR Elements not ordered. index=8186892 524023812>524020981
#ERR Elements not ordered. index=8186908 524024687>524024392
#ERR Elements not ordered. index=8186924 524025834>524022980
#ERR Elements not ordered. index=8186940 524027242>524026019
#ERR Elements not ordered. index=8186942 524027459>524027359
#ERR Elements not ordered. index=8186956 524028275>524024741
#SDC Ite:234 KerTime:0.407844 AccTime:90.701473 KerErr:4889 AccErr:4889
#ABORT too many errors per iteration
#END