#HEADER size:33554432
#BEGIN Y:2015 M:11 D:21 Time:06:26:15
#IT Ite:0 KerTime:0.376343 AccTime:0.376343
#IT Ite:1 KerTime:0.342621 AccTime:0.718964
#IT Ite:2 KerTime:0.402479 AccTime:1.121443
#IT Ite:3 KerTime:0.376970 AccTime:1.498413
#IT Ite:4 KerTime:0.431897 AccTime:1.930310
#IT Ite:5 KerTime:0.392994 AccTime:2.323304
#IT Ite:6 KerTime:0.415468 AccTime:2.738772
#IT Ite:7 KerTime:0.356020 AccTime:3.094792
#ERR The histogram from element 407395553 differs. srcHist=32 dstHist=0

#ERR The histogram from element -1839571743 differs. srcHist=32 dstHist=0

#ERR The histogram from element 208428257 differs. srcHist=32 dstHist=0

#SDC Ite:7 KerTime:0.356020 AccTime:3.094792 KerErr:3 AccErr:3
#IT Ite:8 KerTime:0.374087 AccTime:3.468879
#ERR The histogram from element 1653103841 differs. srcHist=32 dstHist=0

#ERR The histogram from element -593863455 differs. srcHist=32 dstHist=0

#ERR The histogram from element 1454136545 differs. srcHist=32 dstHist=0

#SDC Ite:8 KerTime:0.374087 AccTime:3.468879 KerErr:3 AccErr:6
#ABORT amount of errors equals of the last iteration
#END