#HEADER size:33554432
#BEGIN Y:2015 M:11 D:21 Time:02:16:43
#IT Ite:0 KerTime:0.350905 AccTime:0.350905
#IT Ite:1 KerTime:0.387002 AccTime:0.737907
#IT Ite:2 KerTime:0.347522 AccTime:1.085429
#IT Ite:3 KerTime:0.395622 AccTime:1.481051
#IT Ite:4 KerTime:0.354446 AccTime:1.835497
#IT Ite:5 KerTime:0.366435 AccTime:2.201932
#IT Ite:6 KerTime:0.378550 AccTime:2.580482
#IT Ite:7 KerTime:0.484391 AccTime:3.064873
#IT Ite:8 KerTime:0.376741 AccTime:3.441614
#IT Ite:9 KerTime:0.360580 AccTime:3.802194
#IT Ite:10 KerTime:0.470413 AccTime:4.272607
#IT Ite:11 KerTime:0.356115 AccTime:4.628722
#IT Ite:12 KerTime:0.352723 AccTime:4.981445
#IT Ite:13 KerTime:0.542865 AccTime:5.524310
#IT Ite:14 KerTime:0.365990 AccTime:5.890300
#IT Ite:15 KerTime:0.395019 AccTime:6.285319
#IT Ite:16 KerTime:0.366722 AccTime:6.652041
#IT Ite:17 KerTime:0.368051 AccTime:7.020092
#IT Ite:18 KerTime:0.353094 AccTime:7.373186
#IT Ite:19 KerTime:0.355370 AccTime:7.728556
#IT Ite:20 KerTime:0.363463 AccTime:8.092019
#IT Ite:21 KerTime:0.363125 AccTime:8.455144
#IT Ite:22 KerTime:0.400469 AccTime:8.855613
#IT Ite:23 KerTime:0.360830 AccTime:9.216443
#IT Ite:24 KerTime:0.357710 AccTime:9.574153
#IT Ite:25 KerTime:0.354122 AccTime:9.928275
#IT Ite:26 KerTime:0.438895 AccTime:10.367170
#IT Ite:27 KerTime:0.395757 AccTime:10.762927
#IT Ite:28 KerTime:0.354238 AccTime:11.117165
#IT Ite:29 KerTime:0.408609 AccTime:11.525774
#IT Ite:30 KerTime:0.351309 AccTime:11.877083
#IT Ite:31 KerTime:0.366605 AccTime:12.243688
#IT Ite:32 KerTime:0.371309 AccTime:12.614997
#IT Ite:33 KerTime:0.565639 AccTime:13.180636
#IT Ite:34 KerTime:0.371416 AccTime:13.552052
#IT Ite:35 KerTime:0.394966 AccTime:13.947018
#IT Ite:36 KerTime:0.360364 AccTime:14.307382
#IT Ite:37 KerTime:0.357348 AccTime:14.664730
#IT Ite:38 KerTime:0.379132 AccTime:15.043862
#IT Ite:39 KerTime:0.440543 AccTime:15.484405
#IT Ite:40 KerTime:0.355113 AccTime:15.839518
#IT Ite:41 KerTime:0.350779 AccTime:16.190297
#IT Ite:42 KerTime:0.401880 AccTime:16.592177
#IT Ite:43 KerTime:0.347295 AccTime:16.939472
#IT Ite:44 KerTime:0.363979 AccTime:17.303451
#IT Ite:45 KerTime:0.363272 AccTime:17.666723
#IT Ite:46 KerTime:0.376357 AccTime:18.043080
#IT Ite:47 KerTime:0.425638 AccTime:18.468718
#IT Ite:48 KerTime:0.354054 AccTime:18.822772
#IT Ite:49 KerTime:0.354284 AccTime:19.177056
#IT Ite:50 KerTime:0.421441 AccTime:19.598497
#IT Ite:51 KerTime:0.363454 AccTime:19.961951
#IT Ite:52 KerTime:0.360156 AccTime:20.322107
#IT Ite:53 KerTime:0.368372 AccTime:20.690479
#IT Ite:54 KerTime:0.441953 AccTime:21.132432
#ERR The histogram from element 284538862 differs. srcHist=1 dstHist=0

#ERR The histogram from element -1862944786 differs. srcHist=0 dstHist=1

#ERR Elements not ordered. index=4444327 284539464>284539382
#ERR Elements not ordered. index=4444329 284539585>284539519
#ERR Elements not ordered. index=4444333 284539930>284539599
#ERR Elements not ordered. index=4444343 284540282>284540185
#ERR Elements not ordered. index=4444345 284540307>284540292
#ERR Elements not ordered. index=4444347 284540399>284540358
#ERR Elements not ordered. index=4444349 284541050>284540579
#ERR Elements not ordered. index=4444361 284541617>284541518
#ERR Elements not ordered. index=4444365 284543469>284541829
#ERR Elements not ordered. index=4444389 284543588>284543490
#ERR Elements not ordered. index=4444391 284543666>284543614
#ERR Elements not ordered. index=4444395 284543973>284543875
#ERR Elements not ordered. index=4444397 284544703>284544037
#ERR Elements not ordered. index=4444417 284545557>284545546
#ERR Elements not ordered. index=4444425 284546110>284546073
#ERR Elements not ordered. index=4444429 284546303>284546257
#ERR Elements not ordered. index=4444431 284546590>284546471
#ERR Elements not ordered. index=4444433 284546670>284546642
#ERR Elements not ordered. index=4444439 284547174>284546994
#ERR Elements not ordered. index=4444445 284548534>284547559
#ERR Elements not ordered. index=4444461 284550543>284548649
#ERR Elements not ordered. index=4444497 284550746>284550687
#ERR Elements not ordered. index=4444499 284551159>284550971
#ERR Elements not ordered. index=4444501 284551587>284551221
#ERR Elements not ordered. index=4444509 284551908>284551850
#ERR Elements not ordered. index=4444511 284552032>284552006
#ERR Elements not ordered. index=4444517 284552415>284552338
#ERR Elements not ordered. index=4444521 284552795>284552603
#ERR Elements not ordered. index=4444525 284555997>284552861
#ERR Elements not ordered. index=4444583 284556172>284556106
#ERR Elements not ordered. index=4444585 284556469>284556194
#ERR Elements not ordered. index=4444589 284562787>284556551
#ERR Elements not ordered. index=4444689 284563310>284563132
#ERR Elements not ordered. index=4444691 284563440>284563419
#ERR Elements not ordered. index=4444693 284563610>284563551
#ERR Elements not ordered. index=4444697 284563873>284563763
#ERR Elements not ordered. index=4444701 284564067>284563977
#ERR Elements not ordered. index=4444711 284565115>284565061
#ERR Elements not ordered. index=4444713 284565178>284565163
#ERR Elements not ordered. index=4444717 284566798>284565366
#ERR Elements not ordered. index=4444739 284567084>284567071
#ERR Elements not ordered. index=4444741 284567127>284567108
#ERR Elements not ordered. index=4444743 284567268>284567145
#ERR Elements not ordered. index=4444745 284567422>284567290
#ERR Elements not ordered. index=4444749 284568829>284567511
#ERR Elements not ordered. index=4444781 284571895>284569285
#ERR Elements not ordered. index=4444821 284572286>284572098
#ERR Elements not ordered. index=4444825 284572573>284572505
#ERR Elements not ordered. index=4444829 284573466>284572851
#ERR Elements not ordered. index=4444845 284578121>284573754
#ERR Elements not ordered. index=4444915 284578256>284578234
#ERR Elements not ordered. index=4444917 284578373>284578294
#ERR Elements not ordered. index=4444919 284578487>284578448
#ERR Elements not ordered. index=4444921 284578517>284578514
#ERR Elements not ordered. index=4444923 284578651>284578531
#ERR Elements not ordered. index=4444927 284578777>284578760
#ERR Elements not ordered. index=4444929 284579017>284578938
#ERR Elements not ordered. index=4444931 284579098>284579095
#ERR Elements not ordered. index=4444933 284579273>284579140
#ERR Elements not ordered. index=4444937 284579422>284579386
#ERR Elements not ordered. index=4444941 284579486>284579437
#ERR Elements not ordered. index=4444949 284579763>284579638
#ERR Elements not ordered. index=4444955 284579817>284579796
#ERR Elements not ordered. index=4444957 284580081>284579957
#ERR Elements not ordered. index=4444967 284581080>284580807
#ERR Elements not ordered. index=4444969 284581186>284581085
#ERR Elements not ordered. index=4444979 284582168>284582123
#ERR Elements not ordered. index=4444981 284582183>284582170
#ERR Elements not ordered. index=4444983 284582280>284582241
#ERR Elements not ordered. index=4444985 284582359>284582324
#ERR Elements not ordered. index=4444987 284582498>284582370
#ERR Elements not ordered. index=4444989 284582655>284582520
#ERR Elements not ordered. index=4444995 284582920>284582755
#ERR Elements not ordered. index=4444997 284582995>284582928
#ERR Elements not ordered. index=4445001 284583432>284583342
#ERR Elements not ordered. index=4445005 284583641>284583538
#ERR Elements not ordered. index=4445011 284583888>284583763
#ERR Elements not ordered. index=4445013 284583928>284583895
#ERR Elements not ordered. index=4445015 284583955>284583932
#ERR Elements not ordered. index=4445019 284584287>284584262
#ERR Elements not ordered. index=4445021 284585023>284584385
#ERR Elements not ordered. index=4445037 284585972>284585306
#ERR Elements not ordered. index=4445053 284586474>284586429
#ERR Elements not ordered. index=4445059 284586803>284586780
#ERR Elements not ordered. index=4445061 284586922>284586855
#ERR Elements not ordered. index=4445063 284586983>284586982
#ERR Elements not ordered. index=4445065 284587716>284587164
#ERR Elements not ordered. index=4445069 284588793>284587785
#ERR Elements not ordered. index=4445091 284588856>284588827
#ERR Elements not ordered. index=4445093 284589137>284588943
#ERR Elements not ordered. index=4445101 284590661>284589542
#ERR Elements not ordered. index=4445129 284590978>284590938
#ERR Elements not ordered. index=4445131 284591086>284591021
#ERR Elements not ordered. index=4445133 284591329>284591100
#ERR Elements not ordered. index=4445139 284591724>284591675
#ERR Elements not ordered. index=4445141 284591787>284591742
#ERR Elements not ordered. index=4445143 284592133>284591905
#ERR Elements not ordered. index=4445145 284592242>284592179
#ERR Elements not ordered. index=4445149 284592683>284592503
#ERR Elements not ordered. index=4445153 284593073>284592700
#ERR Elements not ordered. index=4445157 284593602>284593182
#ERR Elements not ordered. index=4445163 284593778>284593672
#ERR Elements not ordered. index=4445165 284597232>284593898
#ERR Elements not ordered. index=4445209 284597474>284597447
#ERR Elements not ordered. index=4445213 284598541>284597581
#ERR Elements not ordered. index=4445225 284598873>284598763
#ERR Elements not ordered. index=4445229 284602051>284599108
#ERR Elements not ordered. index=4445281 284602501>284602243
#ERR Elements not ordered. index=4445285 284602808>284602553
#ERR Elements not ordered. index=4445289 284602977>284602866
#ERR Elements not ordered. index=4445293 284606453>284603005
#ERR Elements not ordered. index=4445351 284606733>284606703
#ERR Elements not ordered. index=4445353 284607234>284606831
#ERR Elements not ordered. index=4445357 284612932>284607352
#ERR Elements not ordered. index=4445437 284614474>284612978
#ERR Elements not ordered. index=4445453 284615396>284614476
#ERR Elements not ordered. index=4445473 284615603>284615560
#ERR Elements not ordered. index=4445475 284615744>284615612
#ERR Elements not ordered. index=4445477 284615912>284615834
#ERR Elements not ordered. index=4445481 284616013>284615938
#ERR Elements not ordered. index=4445485 284622673>284616065
#ERR Elements not ordered. index=4445579 284622853>284622817
#ERR Elements not ordered. index=4445581 284622957>284622897
#ERR Elements not ordered. index=4445589 284623481>284623181
#ERR Elements not ordered. index=4445599 284623972>284623843
#ERR Elements not ordered. index=4445601 284624173>284624145
#ERR Elements not ordered. index=4445603 284624243>284624223
#ERR Elements not ordered. index=4445605 284624434>284624372
#ERR Elements not ordered. index=4445609 284624756>284624546
#ERR Elements not ordered. index=4445617 284625167>284625115
#ERR Elements not ordered. index=4445621 284625572>284625331
#ERR Elements not ordered. index=4445625 284625595>284625573
#ERR Elements not ordered. index=4445629 284625911>284625686
#ERR Elements not ordered. index=4445637 284626213>284626011
#ERR Elements not ordered. index=4445643 284626298>284626293
#ERR Elements not ordered. index=4445645 284626495>284626400
#ERR Elements not ordered. index=4445649 284626779>284626646
#ERR Elements not ordered. index=4445651 284626805>284626785
#ERR Elements not ordered. index=4445653 284627232>284626886
#ERR Elements not ordered. index=4445661 284627883>284627400
#ERR Elements not ordered. index=4445671 284628081>284628045
#ERR Elements not ordered. index=4445673 284628278>284628186
#ERR Elements not ordered. index=4445677 284631427>284628396
#ERR Elements not ordered. index=4445726 -1862944786>284631516
#SDC Ite:54 KerTime:0.441953 AccTime:21.132432 KerErr:146 AccErr:146
#IT Ite:55 KerTime:0.411846 AccTime:21.544278
#IT Ite:56 KerTime:0.354097 AccTime:21.898375
#IT Ite:57 KerTime:0.368597 AccTime:22.266972
#IT Ite:58 KerTime:0.356929 AccTime:22.623901
#IT Ite:59 KerTime:0.375070 AccTime:22.998971
#ERR The histogram from element 672532924 differs. srcHist=1 dstHist=0

#ERR The histogram from element 689310140 differs. srcHist=0 dstHist=1

#ERR Elements not ordered. index=10507277 689310140>672532959
#SDC Ite:59 KerTime:0.375070 AccTime:22.998971 KerErr:3 AccErr:149
#IT Ite:60 KerTime:0.383993 AccTime:23.382964
#IT Ite:61 KerTime:0.367337 AccTime:23.750301
#IT Ite:62 KerTime:0.347742 AccTime:24.098043
#IT Ite:63 KerTime:0.351493 AccTime:24.449536
#IT Ite:64 KerTime:0.382043 AccTime:24.831579
#IT Ite:65 KerTime:0.381214 AccTime:25.212793
#IT Ite:66 KerTime:0.374746 AccTime:25.587539
#IT Ite:67 KerTime:0.369908 AccTime:25.957447
#IT Ite:68 KerTime:0.357685 AccTime:26.315132
#IT Ite:69 KerTime:0.336354 AccTime:26.651486
#IT Ite:70 KerTime:0.355470 AccTime:27.006956
#IT Ite:71 KerTime:0.531789 AccTime:27.538745
#IT Ite:72 KerTime:0.365844 AccTime:27.904589
#IT Ite:73 KerTime:0.570695 AccTime:28.475284
#IT Ite:74 KerTime:0.362069 AccTime:28.837353
#IT Ite:75 KerTime:0.350594 AccTime:29.187947
#IT Ite:76 KerTime:0.355075 AccTime:29.543022
#IT Ite:77 KerTime:0.582062 AccTime:30.125084
#IT Ite:78 KerTime:0.370514 AccTime:30.495598
#IT Ite:79 KerTime:0.418106 AccTime:30.913704
#IT Ite:80 KerTime:0.346307 AccTime:31.260011
#IT Ite:81 KerTime:0.394557 AccTime:31.654568
#IT Ite:82 KerTime:0.367161 AccTime:32.021729
#IT Ite:83 KerTime:0.406607 AccTime:32.428336
#IT Ite:84 KerTime:0.362777 AccTime:32.791113
#IT Ite:85 KerTime:0.340965 AccTime:33.132078
#IT Ite:86 KerTime:0.365593 AccTime:33.497671
#IT Ite:87 KerTime:0.350101 AccTime:33.847772
#IT Ite:88 KerTime:0.350265 AccTime:34.198037
#IT Ite:89 KerTime:0.440798 AccTime:34.638835
#IT Ite:90 KerTime:0.376538 AccTime:35.015373
#IT Ite:91 KerTime:0.373801 AccTime:35.389174
#IT Ite:92 KerTime:0.364819 AccTime:35.753993
#IT Ite:93 KerTime:0.347282 AccTime:36.101275
#IT Ite:94 KerTime:0.381617 AccTime:36.482892
#IT Ite:95 KerTime:0.376200 AccTime:36.859092
#IT Ite:96 KerTime:0.394637 AccTime:37.253729
#ERR The histogram from element 1161385776 differs. srcHist=1 dstHist=2

#ERR The histogram from element 1161394742 differs. srcHist=1 dstHist=0

#ERR The histogram from element 1167852788 differs. srcHist=1 dstHist=0

#ERR The histogram from element 1167852883 differs. srcHist=1 dstHist=0

#ERR Elements not ordered. index=18148254 1161388180>1161385776
#ERR Elements not ordered. index=18148364 1161394878>1161394800
#ERR Elements not ordered. index=18148368 1161395105>1161395057
#ERR Elements not ordered. index=18148370 1161395275>1161395117
#ERR Elements not ordered. index=18148374 1161395458>1161395319
#ERR Elements not ordered. index=18148390 1161396224>1161396205
#ERR Elements not ordered. index=18148396 1161396534>1161396502
#ERR Elements not ordered. index=18148398 1161397268>1161396572
#ERR Elements not ordered. index=18148408 1161397320>1161397314
#ERR Elements not ordered. index=18148410 1161397492>1161397443
#ERR Elements not ordered. index=18148412 1161397686>1161397506
#ERR Elements not ordered. index=18148414 1161398854>1161397704
#ERR Elements not ordered. index=18148438 1161399570>1161399396
#ERR Elements not ordered. index=18148444 1161400043>1161399728
#ERR Elements not ordered. index=18148446 1161400304>1161400046
#ERR Elements not ordered. index=18148462 1161401747>1161400935
#ERR Elements not ordered. index=18148466 1161401164>1161401086
#ERR Elements not ordered. index=18148476 1161401901>1161401893
#ERR Elements not ordered. index=18148478 1161403210>1161401906
#ERR Elements not ordered. index=18148486 1161402857>1161402679
#ERR Elements not ordered. index=18148494 1161403170>1161403032
#ERR Elements not ordered. index=18148498 1161403375>1161403304
#ERR Elements not ordered. index=18148502 1161403874>1161403345
#ERR Elements not ordered. index=18148510 1161404706>1161403924
#ERR Elements not ordered. index=18148530 1161405902>1161405869
#ERR Elements not ordered. index=18148534 1161406282>1161406140
#ERR Elements not ordered. index=18148542 1161406691>1161406492
#ERR Elements not ordered. index=18148546 1161406773>1161406735
#ERR Elements not ordered. index=18148550 1161407214>1161406850
#ERR Elements not ordered. index=18148558 1161407621>1161407266
#ERR Elements not ordered. index=18148566 1161407722>1161407663
#ERR Elements not ordered. index=18148570 1161408142>1161408008
#ERR Elements not ordered. index=18148576 1161408693>1161408670
#ERR Elements not ordered. index=18148578 1161408825>1161408744
#ERR Elements not ordered. index=18148584 1161409088>1161409012
#ERR Elements not ordered. index=18148586 1161409351>1161409139
#ERR Elements not ordered. index=18148590 1161409427>1161409382
#ERR Elements not ordered. index=18148592 1161409741>1161409668
#ERR Elements not ordered. index=18148618 1161411246>1161411124
#ERR Elements not ordered. index=18148622 1161411390>1161411270
#ERR Elements not ordered. index=18148632 1161412159>1161411867
#ERR Elements not ordered. index=18148634 1161412533>1161412318
#ERR Elements not ordered. index=18148638 1161413733>1161412660
#ERR Elements not ordered. index=18148658 1161413934>1161413892
#ERR Elements not ordered. index=18148662 1161414331>1161414028
#ERR Elements not ordered. index=18148664 1161414113>1161414064
#ERR Elements not ordered. index=18148666 1161414284>1161414179
#ERR Elements not ordered. index=18148668 1161414390>1161414267
#ERR Elements not ordered. index=18148670 1161415134>1161414454
#ERR Elements not ordered. index=18148676 1161414669>1161414617
#ERR Elements not ordered. index=18148680 1161414949>1161414823
#ERR Elements not ordered. index=18148682 1161415012>1161414955
#ERR Elements not ordered. index=18148684 1161415301>1161415157
#ERR Elements not ordered. index=18148686 1161416195>1161415298
#ERR Elements not ordered. index=18148688 1161415527>1161415505
#ERR Elements not ordered. index=18148690 1161415563>1161415373
#ERR Elements not ordered. index=18148692 1161415831>1161415577
#ERR Elements not ordered. index=18148694 1161416050>1161415957
#ERR Elements not ordered. index=18148698 1161416395>1161416362
#ERR Elements not ordered. index=18148700 1161416437>1161416407
#ERR Elements not ordered. index=18148702 1161418653>1161416450
#ERR Elements not ordered. index=18148706 1161416586>1161416537
#ERR Elements not ordered. index=18148712 1161417006>1161416902
#ERR Elements not ordered. index=18148714 1161417156>1161417124
#ERR Elements not ordered. index=18148718 1161417605>1161417313
#ERR Elements not ordered. index=18148726 1161418326>1161418060
#ERR Elements not ordered. index=18148730 1161418482>1161418376
#ERR Elements not ordered. index=18148732 1161418956>1161418563
#ERR Elements not ordered. index=18148734 1161418984>1161418694
#ERR Elements not ordered. index=18148736 1161419063>1161418977
#ERR Elements not ordered. index=18148738 1161419261>1161418989
#ERR Elements not ordered. index=18148740 1161419077>1161419045
#ERR Elements not ordered. index=18148742 1161419820>1161419242
#ERR Elements not ordered. index=18148750 1161420208>1161419539
#ERR Elements not ordered. index=18148754 1161420005>1161419836
#ERR Elements not ordered. index=18148762 1161420537>1161420403
#ERR Elements not ordered. index=18148764 1161420582>1161420494
#ERR Elements not ordered. index=18148766 1161429254>1161420593
#ERR Elements not ordered. index=18148772 1161421052>1161421028
#ERR Elements not ordered. index=18148774 1161421083>1161420778
#ERR Elements not ordered. index=18148782 1161421451>1161421373
#ERR Elements not ordered. index=18148786 1161421662>1161421506
#ERR Elements not ordered. index=18148790 1161421866>1161421735
#ERR Elements not ordered. index=18148794 1161422127>1161421983
#ERR Elements not ordered. index=18148802 1161422805>1161422794
#ERR Elements not ordered. index=18148806 1161423101>1161423052
#ERR Elements not ordered. index=18148810 1161423208>1161423155
#ERR Elements not ordered. index=18148812 1161423343>1161423335
#ERR Elements not ordered. index=18148814 1161424322>1161423374
#ERR Elements not ordered. index=18148822 1161424710>1161424333
#ERR Elements not ordered. index=18148828 1161424988>1161424914
#ERR Elements not ordered. index=18148832 1161425304>1161425250
#ERR Elements not ordered. index=18148834 1161425517>1161425339
#ERR Elements not ordered. index=18148838 1161425753>1161425661
#ERR Elements not ordered. index=18148848 1161426130>1161426099
#ERR Elements not ordered. index=18148856 1161427288>1161427143
#ERR Elements not ordered. index=18148862 1161427581>1161427545
#ERR Elements not ordered. index=18148870 1161428412>1161427861
#ERR Elements not ordered. index=18148874 1161428350>1161428274
#ERR Elements not ordered. index=18148878 1161428865>1161428650
#ERR Elements not ordered. index=18148882 1161429012>1161428867
#ERR Elements not ordered. index=18148892 1161429762>1161429671
#ERR Elements not ordered. index=18148894 1161429967>1161429819
#ERR Elements not ordered. index=18148896 1161430126>1161429846
#ERR Elements not ordered. index=18148898 1161430198>1161430140
#ERR Elements not ordered. index=18148902 1161430261>1161430217
#ERR Elements not ordered. index=18148906 1161430624>1161430354
#ERR Elements not ordered. index=18148910 1161431232>1161430723
#ERR Elements not ordered. index=18148926 1161431699>1161431634
#ERR Elements not ordered. index=18148934 1161432356>1161431993
#ERR Elements not ordered. index=18148936 1161432024>1161431998
#ERR Elements not ordered. index=18148942 1161433372>1161432348
#ERR Elements not ordered. index=18148946 1161432793>1161432496
#ERR Elements not ordered. index=18148954 1161433098>1161432919
#ERR Elements not ordered. index=18148958 1161436005>1161433238
#ERR Elements not ordered. index=18148968 1161434005>1161434001
#ERR Elements not ordered. index=18148974 1161434391>1161434077
#ERR Elements not ordered. index=18148976 1161434381>1161434352
#ERR Elements not ordered. index=18148980 1161434709>1161434437
#ERR Elements not ordered. index=18148982 1161434805>1161434596
#ERR Elements not ordered. index=18148986 1161435115>1161435067
#ERR Elements not ordered. index=18148990 1161435442>1161435407
#ERR Elements not ordered. index=18148992 1161435545>1161435528
#ERR Elements not ordered. index=18149004 1161436619>1161436497
#ERR Elements not ordered. index=18149006 1161436953>1161436645
#ERR Elements not ordered. index=18149010 1161437084>1161436928
#ERR Elements not ordered. index=18149014 1161437448>1161437078
#ERR Elements not ordered. index=18149022 1161437717>1161437396
#ERR Elements not ordered. index=18149026 1161437988>1161437813
#ERR Elements not ordered. index=18149030 1161438249>1161438000
#ERR Elements not ordered. index=18149032 1161438361>1161438276
#ERR Elements not ordered. index=18149034 1161438674>1161438381
#ERR Elements not ordered. index=18149038 1161439660>1161438531
#ERR Elements not ordered. index=18149050 1161440199>1161439149
#ERR Elements not ordered. index=18149054 1161442073>1161439741
#ERR Elements not ordered. index=18149058 1161439828>1161439798
#ERR Elements not ordered. index=18149070 1161441028>1161440969
#ERR Elements not ordered. index=18149074 1161441236>1161441092
#ERR Elements not ordered. index=18149078 1161441471>1161441323
#ERR Elements not ordered. index=18149082 1161441751>1161441457
#ERR Elements not ordered. index=18149086 1161445694>1161441843
#ERR Elements not ordered. index=18149094 1161442519>1161442414
#ERR Elements not ordered. index=18149096 1161442689>1161442677
#ERR Elements not ordered. index=18149102 1161443398>1161442806
#ERR Elements not ordered. index=18149104 1161443024>1161442930
#ERR Elements not ordered. index=18149106 1161443399>1161443058
#ERR Elements not ordered. index=18149108 1161443084>1161443083
#ERR Elements not ordered. index=18149110 1161443429>1161443344
#ERR Elements not ordered. index=18149114 1161443931>1161443575
#ERR Elements not ordered. index=18149118 1161444050>1161443959
#ERR Elements not ordered. index=18149122 1161444699>1161444121
#ERR Elements not ordered. index=18149126 1161444890>1161444486
#ERR Elements not ordered. index=18149136 1161445235>1161445215
#ERR Elements not ordered. index=18149138 1161445238>1161445048
#ERR Elements not ordered. index=18149142 1161445682>1161445351
#ERR Elements not ordered. index=18149150 1161455895>1161445704
#ERR Elements not ordered. index=18149158 1161446324>1161446234
#ERR Elements not ordered. index=18149162 1161446776>1161446352
#ERR Elements not ordered. index=18149166 1161446862>1161446692
#ERR Elements not ordered. index=18149174 1161447758>1161447034
#ERR Elements not ordered. index=18149178 1161447702>1161447583
#ERR Elements not ordered. index=18149186 1161448070>1161448014
#ERR Elements not ordered. index=18149190 1161448456>1161448049
#ERR Elements not ordered. index=18149196 1161448581>1161448568
#ERR Elements not ordered. index=18149198 1161448755>1161448534
#ERR Elements not ordered. index=18149202 1161448843>1161448714
#ERR Elements not ordered. index=18149206 1161448895>1161448882
#ERR Elements not ordered. index=18149210 1161449267>1161448921
#ERR Elements not ordered. index=18149212 1161449370>1161449357
#ERR Elements not ordered. index=18149218 1161449889>1161449870
#ERR Elements not ordered. index=18149220 1161450053>1161449921
#ERR Elements not ordered. index=18149224 1161450443>1161450352
#ERR Elements not ordered. index=18149226 1161450499>1161450399
#ERR Elements not ordered. index=18149230 1161451270>1161450595
#ERR Elements not ordered. index=18149232 1161451359>1161450784
#ERR Elements not ordered. index=18149234 1161451393>1161451011
#ERR Elements not ordered. index=18149236 1161451681>1161451673
#ERR Elements not ordered. index=18149238 1161452019>1161451380
#ERR Elements not ordered. index=18149240 1161452129>1161451483
#ERR Elements not ordered. index=18149243 1161454221>1161452203
#ERR Elements not ordered. index=18149246 1161454452>1161450734
#ERR Elements not ordered. index=18149254 1161453133>1161452977
#ERR Elements not ordered. index=18149258 1161453242>1161453238
#ERR Elements not ordered. index=18149262 1161453710>1161452551
#ERR Elements not ordered. index=18149264 1161453557>1161453454
#ERR Elements not ordered. index=18149270 1161454511>1161453315
#ERR Elements not ordered. index=18149278 1161478606>1161412102
#ERR Elements not ordered. index=18149286 1161455156>1161455060
#ERR Elements not ordered. index=18149304 1161456164>1161456161
#ERR Elements not ordered. index=18149306 1161456386>1161456172
#ERR Elements not ordered. index=18149308 1161456523>1161456395
#ERR Elements not ordered. index=18149310 1161456549>1161454686
#ERR Elements not ordered. index=18149312 1161455433>1161455268
#ERR Elements not ordered. index=18149314 1161456788>1161456527
#ERR Elements not ordered. index=18149320 1161456960>1161456896
#ERR Elements not ordered. index=18149326 1161457510>1161456629
#ERR Elements not ordered. index=18149328 1161457202>1161456901
#ERR Elements not ordered. index=18149334 1161457593>1161457272
#ERR Elements not ordered. index=18149336 1161457909>1161457695
#ERR Elements not ordered. index=18149338 1161457944>1161457863
#ERR Elements not ordered. index=18149342 1161459247>1161457670
#ERR Elements not ordered. index=18149346 1161458827>1161458407
#ERR Elements not ordered. index=18149350 1161459398>1161458848
#ERR Elements not ordered. index=18149354 1161459317>1161459193
#ERR Elements not ordered. index=18149356 1161459512>1161459454
#ERR Elements not ordered. index=18149358 1161459689>1161459652
#ERR Elements not ordered. index=18149362 1161459849>1161459744
#ERR Elements not ordered. index=18149366 1161460077>1161459960
#ERR Elements not ordered. index=18149370 1161460413>1161460252
#ERR Elements not ordered. index=18149372 1161460551>1161460467
#ERR Elements not ordered. index=18149374 1161460714>1161460565
#ERR Elements not ordered. index=18149378 1161461001>1161460774
#ERR Elements not ordered. index=18149386 1161461586>1161461450
#ERR Elements not ordered. index=18149390 1161462094>1161461780
#ERR Elements not ordered. index=18149392 1161461878>1161461843
#ERR Elements not ordered. index=18149398 1161462351>1161462178
#ERR Elements not ordered. index=18149402 1161462619>1161462615
#ERR Elements not ordered. index=18149404 1161462641>1161462629
#ERR Elements not ordered. index=18149406 1161462790>1161459281
#ERR Elements not ordered. index=18149408 1161461503>1161459504
#ERR Elements not ordered. index=18149410 1161462858>1161462670
#ERR Elements not ordered. index=18149414 1161463278>1161462911
#ERR Elements not ordered. index=18149418 1161463134>1161463110
#ERR Elements not ordered. index=18149420 1161463666>1161463452
#ERR Elements not ordered. index=18149422 1161463699>1161462778
#ERR Elements not ordered. index=18149426 1161463842>1161463703
#ERR Elements not ordered. index=18149430 1161464088>1161463730
#ERR Elements not ordered. index=18149432 1161463925>1161463889
#ERR Elements not ordered. index=18149440 1161464838>1161464777
#ERR Elements not ordered. index=18149442 1161464943>1161464860
#ERR Elements not ordered. index=18149452 1161465400>1161465333
#ERR Elements not ordered. index=18149454 1161465455>1161465414
#ERR Elements not ordered. index=18149458 1161466358>1161465655
#ERR Elements not ordered. index=18149464 1161466578>1161466457
#ERR Elements not ordered. index=18149476 1161467316>1161467272
#ERR Elements not ordered. index=18149478 1161467634>1161467454
#ERR Elements not ordered. index=18149482 1161467683>1161467645
#ERR Elements not ordered. index=18149494 1161468106>1161468031
#ERR Elements not ordered. index=18149496 1161468218>1161468179
#ERR Elements not ordered. index=18149500 1161468882>1161468676
#ERR Elements not ordered. index=18149502 1161468950>1161468814
#ERR Elements not ordered. index=18149504 1161469025>1161468973
#ERR Elements not ordered. index=18149510 1161469686>1161469442
#ERR Elements not ordered. index=18149516 1161469762>1161469753
#ERR Elements not ordered. index=18149528 1161470246>1161470232
#ERR Elements not ordered. index=18149534 1161470596>1161464126
#ERR Elements not ordered. index=18149538 1161470724>1161470595
#ERR Elements not ordered. index=18149544 1161470960>1161470899
#ERR Elements not ordered. index=18149546 1161471053>1161471002
#ERR Elements not ordered. index=18149550 1161471373>1161471245
#ERR Elements not ordered. index=18149554 1161471533>1161471464
#ERR Elements not ordered. index=18149558 1161471946>1161471613
#ERR Elements not ordered. index=18149564 1161472662>1161472379
#ERR Elements not ordered. index=18149570 1161472995>1161472853
#ERR Elements not ordered. index=18149574 1161473186>1161473165
#ERR Elements not ordered. index=18149576 1161473398>1161473225
#ERR Elements not ordered. index=18149578 1161473560>1161473400
#ERR Elements not ordered. index=18149584 1161473888>1161473781
#ERR Elements not ordered. index=18149590 1161474488>1161474055
#ERR Elements not ordered. index=18149594 1161474527>1161474365
#ERR Elements not ordered. index=18149598 1161475229>1161470811
#ERR Elements not ordered. index=18149600 1161471589>1161470844
#ERR Elements not ordered. index=18149606 1161475774>1161474704
#ERR Elements not ordered. index=18149614 1161476050>1161475210
#ERR Elements not ordered. index=18149618 1161476411>1161476086
#ERR Elements not ordered. index=18149620 1161476315>1161476250
#ERR Elements not ordered. index=18149626 1161476804>1161476754
#ERR Elements not ordered. index=18149628 1161476910>1161476865
#ERR Elements not ordered. index=18149630 1161476990>1161476324
#ERR Elements not ordered. index=18149632 1161477024>1161476853
#ERR Elements not ordered. index=18149638 1161477821>1161477491
#ERR Elements not ordered. index=18149642 1161478058>1161477849
#ERR Elements not ordered. index=18149646 1161478251>1161477985
#ERR Elements not ordered. index=18149662 1161478939>1161477025
#ERR Elements not ordered. index=18149666 1161478641>1161478486
#ERR Elements not ordered. index=18149678 1161479347>1161479138
#ERR Elements not ordered. index=18149686 1161479853>1161479551
#ERR Elements not ordered. index=18149694 1161481305>1161479639
#ERR Elements not ordered. index=18149698 1161480254>1161480122
#ERR Elements not ordered. index=18149702 1161480829>1161480731
#ERR Elements not ordered. index=18149706 1161480898>1161480852
#ERR Elements not ordered. index=18149714 1161481610>1161481406
#ERR Elements not ordered. index=18149718 1161482061>1161481890
#ERR Elements not ordered. index=18149722 1161481990>1161481930
#ERR Elements not ordered. index=18149730 1161482585>1161482354
#ERR Elements not ordered. index=18149734 1161482644>1161482512
#ERR Elements not ordered. index=18149736 1161482688>1161482627
#ERR Elements not ordered. index=18149738 1161482819>1161482666
#ERR Elements not ordered. index=18149740 1161482755>1161482697
#ERR Elements not ordered. index=18149742 1161483806>1161482832
#ERR Elements not ordered. index=18149746 1161483329>1161482860
#ERR Elements not ordered. index=18149748 1161483457>1161483388
#ERR Elements not ordered. index=18149750 1161483581>1161483373
#ERR Elements not ordered. index=18149754 1161483694>1161483504
#ERR Elements not ordered. index=18149758 1161485263>1161482427
#ERR Elements not ordered. index=18149760 1161483701>1161483628
#ERR Elements not ordered. index=18149762 1161483734>1161483695
#ERR Elements not ordered. index=18149764 1161483984>1161483735
#ERR Elements not ordered. index=18149766 1161484139>1161483996
#ERR Elements not ordered. index=18149768 1161484414>1161484281
#ERR Elements not ordered. index=18149770 1161484546>1161484478
#ERR Elements not ordered. index=18149774 1161484948>1161484576
#ERR Elements not ordered. index=18149778 1161485387>1161485142
#ERR Elements not ordered. index=18149782 1161485880>1161485476
#ERR Elements not ordered. index=18149784 1161485611>1161485500
#ERR Elements not ordered. index=18149786 1161485797>1161485671
#ERR Elements not ordered. index=18149790 1161488676>1161480109
#ERR Elements not ordered. index=18149792 1161482008>1161480418
#ERR Elements not ordered. index=18149798 1161486996>1161486057
#ERR Elements not ordered. index=18149806 1161487062>1161486047
#ERR Elements not ordered. index=18149810 1161487245>1161487082
#ERR Elements not ordered. index=18149822 1161488165>1161487251
#ERR Elements not ordered. index=18149826 1161487881>1161487865
#ERR Elements not ordered. index=18149834 1161489014>1161488868
#ERR Elements not ordered. index=18149838 1161489720>1161489187
#ERR Elements not ordered. index=18149846 1161489857>1161489788
#ERR Elements not ordered. index=18149850 1161490159>1161489844
#ERR Elements not ordered. index=18149854 1161491880>1161488801
#ERR Elements not ordered. index=18149862 1161491026>1161490847
#ERR Elements not ordered. index=18149866 1161491428>1161491087
#ERR Elements not ordered. index=18149870 1161491839>1161490846
#ERR Elements not ordered. index=18149878 1161493023>1161492243
#ERR Elements not ordered. index=18149882 1161492475>1161492462
#ERR Elements not ordered. index=18149886 1161493890>1161492692
#ERR Elements not ordered. index=18149894 1161493559>1161493153
#ERR Elements not ordered. index=18149898 1161493826>1161493762
#ERR Elements not ordered. index=18149902 1161495444>1161493993
#ERR Elements not ordered. index=18149904 1161494234>1161494145
#ERR Elements not ordered. index=18149906 1161494690>1161494085
#ERR Elements not ordered. index=18149908 1161494250>1161494235
#ERR Elements not ordered. index=18149910 1161495636>1161494560
#ERR Elements not ordered. index=18149914 1161496605>1161495464
#ERR Elements not ordered. index=18149916 1161495686>1161495464
#ERR Elements not ordered. index=18149918 1161500298>1161494649
#ERR Elements not ordered. index=18149920 1161495834>1161495804
#ERR Elements not ordered. index=18149934 1161497172>1161497025
#ERR Elements not ordered. index=18149938 1161497466>1161497228
#ERR Elements not ordered. index=18149942 1161498614>1161497467
#ERR Elements not ordered. index=18149946 1161498460>1161497852
#ERR Elements not ordered. index=18149950 1161499191>1161498463
#ERR Elements not ordered. index=18149954 1161498769>1161498768
#ERR Elements not ordered. index=18149958 1161499401>1161498937
#ERR Elements not ordered. index=18149966 1161499731>1161499342
#ERR Elements not ordered. index=18149970 1161499656>1161499597
#ERR Elements not ordered. index=18149978 1161500394>1161500306
#ERR Elements not ordered. index=18149982 1161500799>1161500510
#ERR Elements not ordered. index=18149986 1161501101>1161500540
#ERR Elements not ordered. index=18149988 1161500981>1161500952
#ERR Elements not ordered. index=18149990 1161501187>1161500847
#ERR Elements not ordered. index=18149992 1161501133>1161500981
#ERR Elements not ordered. index=18149994 1161501665>1161501231
#ERR Elements not ordered. index=18149998 1161502058>1161501322
#ERR Elements not ordered. index=18150002 1161501748>1161501351
#ERR Elements not ordered. index=18150010 1161503593>1161502009
#ERR Elements not ordered. index=18150014 1161504696>1161502122
#ERR Elements not ordered. index=18150018 1161502467>1161502391
#ERR Elements not ordered. index=18150022 1161502635>1161502500
#ERR Elements not ordered. index=18150026 1161503185>1161502782
#ERR Elements not ordered. index=18150028 1161503422>1161503371
#ERR Elements not ordered. index=18150030 1161503466>1161503207
#ERR Elements not ordered. index=18150034 1161503913>1161503570
#ERR Elements not ordered. index=18150038 1161504446>1161504031
#ERR Elements not ordered. index=18150042 1161505594>1161504482
#ERR Elements not ordered. index=18150046 1161513846>1161504633
#ERR Elements not ordered. index=18150050 1161505200>1161505018
#ERR Elements not ordered. index=18150054 1161505387>1161505209
#ERR Elements not ordered. index=18150062 1161506384>1161505340
#ERR Elements not ordered. index=18150066 1161505770>1161505514
#ERR Elements not ordered. index=18150068 1161506035>1161505857
#ERR Elements not ordered. index=18150070 1161506247>1161505903
#ERR Elements not ordered. index=18150076 1161506819>1161506808
#ERR Elements not ordered. index=18150078 1161508150>1161506541
#ERR Elements not ordered. index=18150082 1161506916>1161506717
#ERR Elements not ordered. index=18150086 1161507665>1161507104
#ERR Elements not ordered. index=18150090 1161507739>1161507539
#ERR Elements not ordered. index=18150094 1161508097>1161507758
#ERR Elements not ordered. index=18150098 1161508033>1161507941
#ERR Elements not ordered. index=18150102 1161508953>1161508176
#ERR Elements not ordered. index=18150106 1161508701>1161508545
#ERR Elements not ordered. index=18150108 1161510908>1161510032
#ERR Elements not ordered. index=18150110 1161510930>1161508939
#ERR Elements not ordered. index=18150112 1161508962>1161508953
#ERR Elements not ordered. index=18150114 1161509166>1161509148
#ERR Elements not ordered. index=18150118 1161509675>1161509492
#ERR Elements not ordered. index=18150124 1161510121>1161510026
#ERR Elements not ordered. index=18150126 1161510138>1161510093
#ERR Elements not ordered. index=18150140 1161511088>1161511056
#ERR Elements not ordered. index=18150142 1161511233>1161510997
#ERR Elements not ordered. index=18150150 1161511838>1161511599
#ERR Elements not ordered. index=18150152 1161511752>1161511612
#ERR Elements not ordered. index=18150154 1161511880>1161511720
#ERR Elements not ordered. index=18150158 1161512712>1161511755
#ERR Elements not ordered. index=18150160 1161512169>1161511916
#ERR Elements not ordered. index=18150164 1161512472>1161512457
#ERR Elements not ordered. index=18150170 1161512813>1161512722
#ERR Elements not ordered. index=18150174 1161516618>1161512848
#ERR Elements not ordered. index=18150178 1161513213>1161513171
#ERR Elements not ordered. index=18150182 1161513580>1161513273
#ERR Elements not ordered. index=18150184 1161513521>1161513338
#ERR Elements not ordered. index=18150186 1161513821>1161513683
#ERR Elements not ordered. index=18150190 1161514154>1161513751
#ERR Elements not ordered. index=18150196 1161514564>1161514195
#ERR Elements not ordered. index=18150198 1161514758>1161514229
#ERR Elements not ordered. index=18150202 1161514629>1161514564
#ERR Elements not ordered. index=18150204 1161515564>1161515308
#ERR Elements not ordered. index=18150206 1161515599>1161514701
#ERR Elements not ordered. index=18150214 1161515055>1161515020
#ERR Elements not ordered. index=18150218 1161515246>1161515169
#ERR Elements not ordered. index=18150222 1161516255>1161515585
#ERR Elements not ordered. index=18150224 1161515709>1161515692
#ERR Elements not ordered. index=18150226 1161516029>1161515974
#ERR Elements not ordered. index=18150230 1161516131>1161515794
#ERR Elements not ordered. index=18150234 1161519053>1161516152
#ERR Elements not ordered. index=18150238 1161519350>1161516231
#ERR Elements not ordered. index=18150246 1161516679>1161516666
#ERR Elements not ordered. index=18150250 1161517105>1161516730
#ERR Elements not ordered. index=18150252 1161517296>1161517290
#ERR Elements not ordered. index=18150254 1161517587>1161516886
#ERR Elements not ordered. index=18150258 1161517027>1161516932
#ERR Elements not ordered. index=18150262 1161517230>1161517173
#ERR Elements not ordered. index=18150267 1161580194>1161517577
#ERR Elements not ordered. index=18150270 1161520136>1161516497
#ERR Elements not ordered. index=18150272 1161517794>1161517654
#ERR Elements not ordered. index=18150274 1161518351>1161517939
#ERR Elements not ordered. index=18150278 1161518501>1161518304
#ERR Elements not ordered. index=18150280 1161518746>1161518535
#ERR Elements not ordered. index=18150282 1161518761>1161518569
#ERR Elements not ordered. index=18150284 1161518965>1161518824
#ERR Elements not ordered. index=18150286 1161519154>1161518028
#ERR Elements not ordered. index=18150288 1161518980>1161518875
#ERR Elements not ordered. index=18150290 1161519230>1161519084
#ERR Elements not ordered. index=18150296 1161519745>1161519734
#ERR Elements not ordered. index=18150298 1161519921>1161519789
#ERR Elements not ordered. index=18150302 1161522879>1161432509
#ERR Elements not ordered. index=18150312 1161520257>1161520234
#ERR Elements not ordered. index=18150316 1161520645>1161520630
#ERR Elements not ordered. index=18150322 1161521334>1161521140
#ERR Elements not ordered. index=18150326 1161522051>1161521352
#ERR Elements not ordered. index=18150330 1161521762>1161521432
#ERR Elements not ordered. index=18150334 1161522253>1161520154
#ERR Elements not ordered. index=18150338 1161522138>1161521093
#ERR Elements not ordered. index=18150342 1161522435>1161521843
#ERR Elements not ordered. index=18150348 1161523422>1161523175
#ERR Elements not ordered. index=18150350 1161523600>1161522920
#ERR Elements not ordered. index=18150358 1161524109>1161523443
#ERR Elements not ordered. index=18150366 1161525677>1161522303
#ERR Elements not ordered. index=18150370 1161524367>1161522572
#ERR Elements not ordered. index=18150372 1161525175>1161524821
#ERR Elements not ordered. index=18150374 1161525631>1161524702
#ERR Elements not ordered. index=18150378 1161525717>1161524981
#ERR Elements not ordered. index=18150382 1161526499>1161525372
#ERR Elements not ordered. index=18150384 1161525985>1161525786
#ERR Elements not ordered. index=18150390 1161526842>1161526840
#ERR Elements not ordered. index=18150394 1161527119>1161526900
#ERR Elements not ordered. index=18150398 1161527818>1161525729
#ERR Elements not ordered. index=18150402 1161527361>1161527156
#ERR Elements not ordered. index=18150406 1161527800>1161527589
#ERR Elements not ordered. index=18150410 1161528248>1161528118
#ERR Elements not ordered. index=18150414 1161528491>1161528131
#ERR Elements not ordered. index=18150418 1161528373>1161528293
#ERR Elements not ordered. index=18150422 1161528994>1161528867
#ERR Elements not ordered. index=18150426 1161529457>1161529009
#ERR Elements not ordered. index=18150430 1161530291>1161529680
#ERR Elements not ordered. index=18150434 1161530171>1161529849
#ERR Elements not ordered. index=18150438 1161530513>1161530253
#ERR Elements not ordered. index=18150446 1161532003>1161530891
#ERR Elements not ordered. index=18150450 1161531189>1161531078
#ERR Elements not ordered. index=18150454 1161531474>1161531429
#ERR Elements not ordered. index=18150458 1161531660>1161531520
#ERR Elements not ordered. index=18150462 1161532913>1161531731
#ERR Elements not ordered. index=18150466 1161531927>1161531902
#ERR Elements not ordered. index=18150468 1161532099>1161531978
#ERR Elements not ordered. index=18150470 1161532134>1161532027
#ERR Elements not ordered. index=18150472 1161532263>1161532220
#ERR Elements not ordered. index=18150474 1161532345>1161532178
#ERR Elements not ordered. index=18150478 1161532944>1161532668
#ERR Elements not ordered. index=18150482 1161533449>1161533257
#ERR Elements not ordered. index=18150486 1161533577>1161533553
#ERR Elements not ordered. index=18150488 1161533642>1161533557
#ERR Elements not ordered. index=18150490 1161534091>1161533650
#ERR Elements not ordered. index=18150492 1161534204>1161534047
#ERR Elements not ordered. index=18150494 1161536800>1161534176
#ERR Elements not ordered. index=18150498 1161534460>1161534294
#ERR Elements not ordered. index=18150502 1161534817>1161534510
#ERR Elements not ordered. index=18150510 1161535097>1161534985
#ERR Elements not ordered. index=18150518 1161536188>1161535297
#ERR Elements not ordered. index=18150522 1161535776>1161535692
#ERR Elements not ordered. index=18150526 1161536236>1161536041
#ERR Elements not ordered. index=18150528 1161536276>1161536223
#ERR Elements not ordered. index=18150530 1161536484>1161536316
#ERR Elements not ordered. index=18150532 1161536580>1161536561
#ERR Elements not ordered. index=18150534 1161536877>1161536629
#ERR Elements not ordered. index=18150538 1161537027>1161536917
#ERR Elements not ordered. index=18150542 1161537490>1161537322
#ERR Elements not ordered. index=18150546 1161537633>1161537400
#ERR Elements not ordered. index=18150548 1161537621>1161537496
#SDC Ite:96 KerTime:0.394637 AccTime:37.253729 KerErr:25176 AccErr:25325
#ABORT too many errors per iteration
#END