#HEADER size:33554432
#BEGIN Y:2015 M:11 D:19 Time:12:43:57
#IT Ite:0 KerTime:0.162803 AccTime:0.162803
#IT Ite:1 KerTime:0.163187 AccTime:0.325990
#IT Ite:2 KerTime:0.163260 AccTime:0.489250
#IT Ite:3 KerTime:0.163234 AccTime:0.652484
#IT Ite:4 KerTime:0.163284 AccTime:0.815768
#IT Ite:5 KerTime:0.163358 AccTime:0.979126
#IT Ite:6 KerTime:0.163298 AccTime:1.142424
#IT Ite:7 KerTime:0.163382 AccTime:1.305806
#IT Ite:8 KerTime:0.163236 AccTime:1.469042
#IT Ite:9 KerTime:0.165267 AccTime:1.634309
#IT Ite:10 KerTime:0.163338 AccTime:1.797647
#IT Ite:11 KerTime:0.163306 AccTime:1.960953
#IT Ite:12 KerTime:0.163341 AccTime:2.124294
#IT Ite:13 KerTime:0.163435 AccTime:2.287729
#IT Ite:14 KerTime:0.163302 AccTime:2.451031
#IT Ite:15 KerTime:0.163369 AccTime:2.614400
#IT Ite:16 KerTime:0.163288 AccTime:2.777688
#IT Ite:17 KerTime:0.163263 AccTime:2.940951
#IT Ite:18 KerTime:0.163329 AccTime:3.104280
#IT Ite:19 KerTime:0.163300 AccTime:3.267580
#IT Ite:20 KerTime:0.163439 AccTime:3.431019
#IT Ite:21 KerTime:0.163265 AccTime:3.594284
#IT Ite:22 KerTime:0.163363 AccTime:3.757647
#IT Ite:23 KerTime:0.165377 AccTime:3.923024
#IT Ite:24 KerTime:0.163302 AccTime:4.086326
#IT Ite:25 KerTime:0.163197 AccTime:4.249523
#IT Ite:26 KerTime:0.163323 AccTime:4.412846
#IT Ite:27 KerTime:0.163289 AccTime:4.576135
#IT Ite:28 KerTime:0.163430 AccTime:4.739565
#IT Ite:29 KerTime:0.163292 AccTime:4.902857
#IT Ite:30 KerTime:0.163415 AccTime:5.066272
#IT Ite:31 KerTime:0.163384 AccTime:5.229656
#IT Ite:32 KerTime:0.163322 AccTime:5.392978
#IT Ite:33 KerTime:0.163242 AccTime:5.556220
#IT Ite:34 KerTime:0.163351 AccTime:5.719571
#IT Ite:35 KerTime:0.163390 AccTime:5.882961
#IT Ite:36 KerTime:0.163387 AccTime:6.046348
#IT Ite:37 KerTime:0.164955 AccTime:6.211303
#IT Ite:38 KerTime:0.163298 AccTime:6.374601
#IT Ite:39 KerTime:0.163281 AccTime:6.537882
#IT Ite:40 KerTime:0.163261 AccTime:6.701143
#IT Ite:41 KerTime:0.163412 AccTime:6.864555
#IT Ite:42 KerTime:0.163404 AccTime:7.027959
#IT Ite:43 KerTime:0.163354 AccTime:7.191313
#IT Ite:44 KerTime:0.163317 AccTime:7.354630
#IT Ite:45 KerTime:0.163354 AccTime:7.517984
#IT Ite:46 KerTime:0.163236 AccTime:7.681220
#IT Ite:47 KerTime:0.163390 AccTime:7.844610
#IT Ite:48 KerTime:0.163272 AccTime:8.007882
#IT Ite:49 KerTime:0.163271 AccTime:8.171153
#IT Ite:50 KerTime:0.163297 AccTime:8.334450
#IT Ite:51 KerTime:0.165245 AccTime:8.499695
#IT Ite:52 KerTime:0.163379 AccTime:8.663074
#IT Ite:53 KerTime:0.163280 AccTime:8.826354
#IT Ite:54 KerTime:0.163160 AccTime:8.989514
#IT Ite:55 KerTime:0.163320 AccTime:9.152834
#IT Ite:56 KerTime:0.163398 AccTime:9.316232
#IT Ite:57 KerTime:0.163372 AccTime:9.479604
#IT Ite:58 KerTime:0.163381 AccTime:9.642985
#IT Ite:59 KerTime:0.163368 AccTime:9.806353
#IT Ite:60 KerTime:0.163318 AccTime:9.969671
#IT Ite:61 KerTime:0.163245 AccTime:10.132916
#IT Ite:62 KerTime:0.163361 AccTime:10.296277
#IT Ite:63 KerTime:0.163387 AccTime:10.459664
#IT Ite:64 KerTime:0.163286 AccTime:10.622950
#IT Ite:65 KerTime:0.165456 AccTime:10.788406
#IT Ite:66 KerTime:0.163335 AccTime:10.951741
#IT Ite:67 KerTime:0.163305 AccTime:11.115046
#IT Ite:68 KerTime:0.163363 AccTime:11.278409
#IT Ite:69 KerTime:0.163313 AccTime:11.441722
#IT Ite:70 KerTime:0.163391 AccTime:11.605113
#IT Ite:71 KerTime:0.163309 AccTime:11.768422
#IT Ite:72 KerTime:0.163253 AccTime:11.931675
#IT Ite:73 KerTime:0.163164 AccTime:12.094839
#IT Ite:74 KerTime:0.163191 AccTime:12.258030
#IT Ite:75 KerTime:0.163276 AccTime:12.421306
#IT Ite:76 KerTime:0.163239 AccTime:12.584545
#IT Ite:77 KerTime:0.163351 AccTime:12.747896
#IT Ite:78 KerTime:0.163454 AccTime:12.911350
#IT Ite:79 KerTime:0.165202 AccTime:13.076552
#IT Ite:80 KerTime:0.163299 AccTime:13.239851
#IT Ite:81 KerTime:0.163368 AccTime:13.403219
#IT Ite:82 KerTime:0.163315 AccTime:13.566534
#IT Ite:83 KerTime:0.163271 AccTime:13.729805
#IT Ite:84 KerTime:0.163284 AccTime:13.893089
#IT Ite:85 KerTime:0.163389 AccTime:14.056478
#IT Ite:86 KerTime:0.163371 AccTime:14.219849
#IT Ite:87 KerTime:0.163353 AccTime:14.383202
#IT Ite:88 KerTime:0.163324 AccTime:14.546526
#IT Ite:89 KerTime:0.163273 AccTime:14.709799
#IT Ite:90 KerTime:0.163316 AccTime:14.873115
#IT Ite:91 KerTime:0.163328 AccTime:15.036443
#IT Ite:92 KerTime:0.163491 AccTime:15.199934
#IT Ite:93 KerTime:0.164901 AccTime:15.364835
#IT Ite:94 KerTime:0.163288 AccTime:15.528123
#IT Ite:95 KerTime:0.163332 AccTime:15.691455
#IT Ite:96 KerTime:0.163282 AccTime:15.854737
#IT Ite:97 KerTime:0.163320 AccTime:16.018057
#IT Ite:98 KerTime:0.163344 AccTime:16.181401
#IT Ite:99 KerTime:0.163238 AccTime:16.344639
#IT Ite:100 KerTime:0.163437 AccTime:16.508076
#IT Ite:101 KerTime:0.163276 AccTime:16.671352
#IT Ite:102 KerTime:0.163345 AccTime:16.834697
#IT Ite:103 KerTime:0.163337 AccTime:16.998034
#IT Ite:104 KerTime:0.163375 AccTime:17.161409
#IT Ite:105 KerTime:0.163282 AccTime:17.324691
#IT Ite:106 KerTime:0.163302 AccTime:17.487993
#IT Ite:107 KerTime:0.164929 AccTime:17.652922
#IT Ite:108 KerTime:0.163375 AccTime:17.816297
#IT Ite:109 KerTime:0.163354 AccTime:17.979651
#IT Ite:110 KerTime:0.163378 AccTime:18.143029
#IT Ite:111 KerTime:0.163436 AccTime:18.306465
#IT Ite:112 KerTime:0.163347 AccTime:18.469812
#IT Ite:113 KerTime:0.163467 AccTime:18.633279
#IT Ite:114 KerTime:0.163411 AccTime:18.796690
#IT Ite:115 KerTime:0.163292 AccTime:18.959982
#IT Ite:116 KerTime:0.163398 AccTime:19.123380
#IT Ite:117 KerTime:0.163286 AccTime:19.286666
#IT Ite:118 KerTime:0.163269 AccTime:19.449935
#IT Ite:119 KerTime:0.163274 AccTime:19.613209
#IT Ite:120 KerTime:0.163374 AccTime:19.776583
#IT Ite:121 KerTime:0.164862 AccTime:19.941445
#IT Ite:122 KerTime:0.163428 AccTime:20.104873
#IT Ite:123 KerTime:0.163426 AccTime:20.268299
#IT Ite:124 KerTime:0.163344 AccTime:20.431643
#IT Ite:125 KerTime:0.163400 AccTime:20.595043
#IT Ite:126 KerTime:0.163330 AccTime:20.758373
#IT Ite:127 KerTime:0.163224 AccTime:20.921597
#IT Ite:128 KerTime:0.163323 AccTime:21.084920
#IT Ite:129 KerTime:0.163380 AccTime:21.248300
#IT Ite:130 KerTime:0.163311 AccTime:21.411611
#IT Ite:131 KerTime:0.163432 AccTime:21.575043
#IT Ite:132 KerTime:0.163262 AccTime:21.738305
#IT Ite:133 KerTime:0.163369 AccTime:21.901674
#IT Ite:134 KerTime:0.163352 AccTime:22.065026
#IT Ite:135 KerTime:0.164955 AccTime:22.229981
#IT Ite:136 KerTime:0.163387 AccTime:22.393368
#IT Ite:137 KerTime:0.163257 AccTime:22.556625
#IT Ite:138 KerTime:0.163260 AccTime:22.719885
#IT Ite:139 KerTime:0.163349 AccTime:22.883234
#IT Ite:140 KerTime:0.163307 AccTime:23.046541
#IT Ite:141 KerTime:0.163352 AccTime:23.209893
#IT Ite:142 KerTime:0.163341 AccTime:23.373234
#IT Ite:143 KerTime:0.163301 AccTime:23.536535
#IT Ite:144 KerTime:0.163275 AccTime:23.699810
#IT Ite:145 KerTime:0.163290 AccTime:23.863100
#IT Ite:146 KerTime:0.163301 AccTime:24.026401
#ERR The link between Val and Key arrays in incorrect. index=1499979 wrong_key=95851891 val=24379039 correct_key_pointed_by_val=1240569701
#SDC Ite:146 KerTime:0.163301 AccTime:24.026401 KerErr:1 AccErr:1
#IT Ite:147 KerTime:0.163306 AccTime:24.189707
#IT Ite:148 KerTime:0.163207 AccTime:24.352914
#IT Ite:149 KerTime:0.163289 AccTime:24.516203
#IT Ite:150 KerTime:0.163175 AccTime:24.679378
#IT Ite:151 KerTime:0.163282 AccTime:24.842660
#IT Ite:152 KerTime:0.163313 AccTime:25.005973
#IT Ite:153 KerTime:0.163241 AccTime:25.169214
#IT Ite:154 KerTime:0.163358 AccTime:25.332572
#IT Ite:155 KerTime:0.163180 AccTime:25.495752
#IT Ite:156 KerTime:0.163183 AccTime:25.658935
#IT Ite:157 KerTime:0.163254 AccTime:25.822189
#IT Ite:158 KerTime:0.163351 AccTime:25.985540
#IT Ite:159 KerTime:0.163464 AccTime:26.149004
#IT Ite:160 KerTime:0.165428 AccTime:26.314432
#IT Ite:161 KerTime:0.163274 AccTime:26.477706
#IT Ite:162 KerTime:0.163381 AccTime:26.641087
#IT Ite:163 KerTime:0.163381 AccTime:26.804468
#IT Ite:164 KerTime:0.163298 AccTime:26.967766
#IT Ite:165 KerTime:0.163278 AccTime:27.131044
#IT Ite:166 KerTime:0.163393 AccTime:27.294437
#IT Ite:167 KerTime:0.163270 AccTime:27.457707
#IT Ite:168 KerTime:0.163310 AccTime:27.621017
#IT Ite:169 KerTime:0.163349 AccTime:27.784366
#IT Ite:170 KerTime:0.163321 AccTime:27.947687
#IT Ite:171 KerTime:0.163377 AccTime:28.111064
#IT Ite:172 KerTime:0.163224 AccTime:28.274288
#IT Ite:173 KerTime:0.163279 AccTime:28.437567
#IT Ite:174 KerTime:0.165006 AccTime:28.602573
#IT Ite:175 KerTime:0.163261 AccTime:28.765834
#IT Ite:176 KerTime:0.163179 AccTime:28.929013
#IT Ite:177 KerTime:0.163208 AccTime:29.092221
#IT Ite:178 KerTime:0.163306 AccTime:29.255527
#IT Ite:179 KerTime:0.163271 AccTime:29.418798
#IT Ite:180 KerTime:0.163251 AccTime:29.582049
#IT Ite:181 KerTime:0.163382 AccTime:29.745431
#IT Ite:182 KerTime:0.163349 AccTime:29.908780
#IT Ite:183 KerTime:0.163287 AccTime:30.072067
#IT Ite:184 KerTime:0.163154 AccTime:30.235221
#IT Ite:185 KerTime:0.163336 AccTime:30.398557
#IT Ite:186 KerTime:0.163419 AccTime:30.561976
#IT Ite:187 KerTime:0.163344 AccTime:30.725320
#IT Ite:188 KerTime:0.164957 AccTime:30.890277
#IT Ite:189 KerTime:0.163363 AccTime:31.053640
#IT Ite:190 KerTime:0.163285 AccTime:31.216925
#IT Ite:191 KerTime:0.163334 AccTime:31.380259
#IT Ite:192 KerTime:0.163370 AccTime:31.543629
#IT Ite:193 KerTime:0.163299 AccTime:31.706928
#IT Ite:194 KerTime:0.163179 AccTime:31.870107
#IT Ite:195 KerTime:0.163244 AccTime:32.033351
#IT Ite:196 KerTime:0.163249 AccTime:32.196600
#IT Ite:197 KerTime:0.163377 AccTime:32.359977
#IT Ite:198 KerTime:0.163439 AccTime:32.523416
#IT Ite:199 KerTime:0.163319 AccTime:32.686735
#IT Ite:200 KerTime:0.163291 AccTime:32.850026
#IT Ite:201 KerTime:0.163387 AccTime:33.013413
#IT Ite:202 KerTime:0.165121 AccTime:33.178534
#IT Ite:203 KerTime:0.163332 AccTime:33.341866
#IT Ite:204 KerTime:0.163298 AccTime:33.505164
#IT Ite:205 KerTime:0.163358 AccTime:33.668522
#IT Ite:206 KerTime:0.163337 AccTime:33.831859
#IT Ite:207 KerTime:0.163300 AccTime:33.995159
#IT Ite:208 KerTime:0.163390 AccTime:34.158549
#IT Ite:209 KerTime:0.163329 AccTime:34.321878
#IT Ite:210 KerTime:0.163351 AccTime:34.485229
#IT Ite:211 KerTime:0.163343 AccTime:34.648572
#IT Ite:212 KerTime:0.163318 AccTime:34.811890
#IT Ite:213 KerTime:0.163334 AccTime:34.975224
#IT Ite:214 KerTime:0.163375 AccTime:35.138599
#IT Ite:215 KerTime:0.163306 AccTime:35.301905
#IT Ite:216 KerTime:0.165195 AccTime:35.467100
#IT Ite:217 KerTime:0.163354 AccTime:35.630454
#IT Ite:218 KerTime:0.163312 AccTime:35.793766
#IT Ite:219 KerTime:0.163312 AccTime:35.957078
#IT Ite:220 KerTime:0.163376 AccTime:36.120454
#IT Ite:221 KerTime:0.163377 AccTime:36.283831
#IT Ite:222 KerTime:0.163270 AccTime:36.447101
#IT Ite:223 KerTime:0.163290 AccTime:36.610391
#IT Ite:224 KerTime:0.163247 AccTime:36.773638
#IT Ite:225 KerTime:0.163179 AccTime:36.936817
#IT Ite:226 KerTime:0.163311 AccTime:37.100128
#IT Ite:227 KerTime:0.163405 AccTime:37.263533
#IT Ite:228 KerTime:0.163326 AccTime:37.426859
#IT Ite:229 KerTime:0.163291 AccTime:37.590150
#IT Ite:230 KerTime:0.165073 AccTime:37.755223
#IT Ite:231 KerTime:0.163405 AccTime:37.918628
#IT Ite:232 KerTime:0.163374 AccTime:38.082002
#IT Ite:233 KerTime:0.163200 AccTime:38.245202
#IT Ite:234 KerTime:0.163261 AccTime:38.408463
#IT Ite:235 KerTime:0.163287 AccTime:38.571750
#IT Ite:236 KerTime:0.163270 AccTime:38.735020
#IT Ite:237 KerTime:0.163233 AccTime:38.898253
#IT Ite:238 KerTime:0.163320 AccTime:39.061573
#IT Ite:239 KerTime:0.163488 AccTime:39.225061
#IT Ite:240 KerTime:0.163385 AccTime:39.388446
#IT Ite:241 KerTime:0.163286 AccTime:39.551732
#IT Ite:242 KerTime:0.163445 AccTime:39.715177
#IT Ite:243 KerTime:0.163389 AccTime:39.878566
#IT Ite:244 KerTime:0.165324 AccTime:40.043890
#IT Ite:245 KerTime:0.163318 AccTime:40.207208
#IT Ite:246 KerTime:0.163349 AccTime:40.370557
#IT Ite:247 KerTime:0.163293 AccTime:40.533850
#IT Ite:248 KerTime:0.163258 AccTime:40.697108
#IT Ite:249 KerTime:0.163337 AccTime:40.860445
#IT Ite:250 KerTime:0.163316 AccTime:41.023761
#IT Ite:251 KerTime:0.163358 AccTime:41.187119
#IT Ite:252 KerTime:0.163297 AccTime:41.350416
#IT Ite:253 KerTime:0.163354 AccTime:41.513770
#IT Ite:254 KerTime:0.163472 AccTime:41.677242
#IT Ite:255 KerTime:0.163366 AccTime:41.840608
#IT Ite:256 KerTime:0.163444 AccTime:42.004052
#IT Ite:257 KerTime:0.163448 AccTime:42.167500
#IT Ite:258 KerTime:0.165193 AccTime:42.332693
#IT Ite:259 KerTime:0.163321 AccTime:42.496014
#IT Ite:260 KerTime:0.163311 AccTime:42.659325
#IT Ite:261 KerTime:0.163393 AccTime:42.822718
#IT Ite:262 KerTime:0.163418 AccTime:42.986136
#IT Ite:263 KerTime:0.163473 AccTime:43.149609
#IT Ite:264 KerTime:0.163447 AccTime:43.313056
#IT Ite:265 KerTime:0.163407 AccTime:43.476463
#IT Ite:266 KerTime:0.163292 AccTime:43.639755
#IT Ite:267 KerTime:0.163393 AccTime:43.803148
#IT Ite:268 KerTime:0.163433 AccTime:43.966581
#IT Ite:269 KerTime:0.163334 AccTime:44.129915
#IT Ite:270 KerTime:0.163335 AccTime:44.293250
#IT Ite:271 KerTime:0.163461 AccTime:44.456711
#IT Ite:272 KerTime:0.165051 AccTime:44.621762
#IT Ite:273 KerTime:0.163328 AccTime:44.785090
#IT Ite:274 KerTime:0.163313 AccTime:44.948403
#IT Ite:275 KerTime:0.163388 AccTime:45.111791
#IT Ite:276 KerTime:0.163281 AccTime:45.275072
#IT Ite:277 KerTime:0.163408 AccTime:45.438480
#IT Ite:278 KerTime:0.163388 AccTime:45.601868
#IT Ite:279 KerTime:0.163376 AccTime:45.765244
#IT Ite:280 KerTime:0.163352 AccTime:45.928596
#IT Ite:281 KerTime:0.163377 AccTime:46.091973
#IT Ite:282 KerTime:0.163495 AccTime:46.255468
#IT Ite:283 KerTime:0.163290 AccTime:46.418758
#IT Ite:284 KerTime:0.163398 AccTime:46.582156
#IT Ite:285 KerTime:0.163364 AccTime:46.745520
#IT Ite:286 KerTime:0.165358 AccTime:46.910878
#IT Ite:287 KerTime:0.163274 AccTime:47.074152
#IT Ite:288 KerTime:0.163409 AccTime:47.237561
#IT Ite:289 KerTime:0.163463 AccTime:47.401024
#IT Ite:290 KerTime:0.163443 AccTime:47.564467
#IT Ite:291 KerTime:0.163324 AccTime:47.727791
#IT Ite:292 KerTime:0.163391 AccTime:47.891182
#IT Ite:293 KerTime:0.163407 AccTime:48.054589
#IT Ite:294 KerTime:0.163442 AccTime:48.218031
#IT Ite:295 KerTime:0.163375 AccTime:48.381406
#IT Ite:296 KerTime:0.163293 AccTime:48.544699
#IT Ite:297 KerTime:0.163307 AccTime:48.708006
#IT Ite:298 KerTime:0.163378 AccTime:48.871384
#IT Ite:299 KerTime:0.163315 AccTime:49.034699
#IT Ite:300 KerTime:0.165188 AccTime:49.199887
#IT Ite:301 KerTime:0.163367 AccTime:49.363254
#IT Ite:302 KerTime:0.163250 AccTime:49.526504
#IT Ite:303 KerTime:0.163338 AccTime:49.689842
#IT Ite:304 KerTime:0.163406 AccTime:49.853248
#IT Ite:305 KerTime:0.163255 AccTime:50.016503
#IT Ite:306 KerTime:0.163368 AccTime:50.179871
#IT Ite:307 KerTime:0.163300 AccTime:50.343171
#IT Ite:308 KerTime:0.163422 AccTime:50.506593
#IT Ite:309 KerTime:0.163357 AccTime:50.669950
#IT Ite:310 KerTime:0.163263 AccTime:50.833213
#IT Ite:311 KerTime:0.163387 AccTime:50.996600
#IT Ite:312 KerTime:0.163404 AccTime:51.160004
#IT Ite:313 KerTime:0.163410 AccTime:51.323414
#IT Ite:314 KerTime:0.165007 AccTime:51.488421
#IT Ite:315 KerTime:0.163293 AccTime:51.651714
#IT Ite:316 KerTime:0.163385 AccTime:51.815099
#IT Ite:317 KerTime:0.163254 AccTime:51.978353
#IT Ite:318 KerTime:0.163280 AccTime:52.141633
#IT Ite:319 KerTime:0.163418 AccTime:52.305051
#IT Ite:320 KerTime:0.163398 AccTime:52.468449
#IT Ite:321 KerTime:0.163392 AccTime:52.631841
#IT Ite:322 KerTime:0.163300 AccTime:52.795141
#IT Ite:323 KerTime:0.163355 AccTime:52.958496
#IT Ite:324 KerTime:0.163413 AccTime:53.121909
#IT Ite:325 KerTime:0.163315 AccTime:53.285224
#IT Ite:326 KerTime:0.163391 AccTime:53.448615
#IT Ite:327 KerTime:0.163249 AccTime:53.611864
#IT Ite:328 KerTime:0.163242 AccTime:53.775106
#IT Ite:329 KerTime:0.163272 AccTime:53.938378
#IT Ite:330 KerTime:0.163438 AccTime:54.101816
#IT Ite:331 KerTime:0.163445 AccTime:54.265261
#IT Ite:332 KerTime:0.163228 AccTime:54.428489
#IT Ite:333 KerTime:0.163391 AccTime:54.591880
#IT Ite:334 KerTime:0.163401 AccTime:54.755281
#IT Ite:335 KerTime:0.163388 AccTime:54.918669
#IT Ite:336 KerTime:0.163431 AccTime:55.082100
#IT Ite:337 KerTime:0.163405 AccTime:55.245505
#IT Ite:338 KerTime:0.163499 AccTime:55.409004
#IT Ite:339 KerTime:0.163371 AccTime:55.572375
#IT Ite:340 KerTime:0.163403 AccTime:55.735778
#IT Ite:341 KerTime:0.163398 AccTime:55.899176
#IT Ite:342 KerTime:0.164968 AccTime:56.064144
#IT Ite:343 KerTime:0.163284 AccTime:56.227428
#IT Ite:344 KerTime:0.163427 AccTime:56.390855
#IT Ite:345 KerTime:0.163322 AccTime:56.554177
#IT Ite:346 KerTime:0.163322 AccTime:56.717499
#IT Ite:347 KerTime:0.163332 AccTime:56.880831
#IT Ite:348 KerTime:0.163389 AccTime:57.044220
#IT Ite:349 KerTime:0.163479 AccTime:57.207699
#IT Ite:350 KerTime:0.163338 AccTime:57.371037
#IT Ite:351 KerTime:0.163479 AccTime:57.534516
#IT Ite:352 KerTime:0.163257 AccTime:57.697773
#IT Ite:353 KerTime:0.163335 AccTime:57.861108
#IT Ite:354 KerTime:0.163412 AccTime:58.024520
#IT Ite:355 KerTime:0.163374 AccTime:58.187894
#IT Ite:356 KerTime:0.165034 AccTime:58.352928
#IT Ite:357 KerTime:0.163308 AccTime:58.516236
#IT Ite:358 KerTime:0.163319 AccTime:58.679555
#IT Ite:359 KerTime:0.163363 AccTime:58.842918
#IT Ite:360 KerTime:0.163266 AccTime:59.006184
#IT Ite:361 KerTime:0.163339 AccTime:59.169523
#IT Ite:362 KerTime:0.163531 AccTime:59.333054
#IT Ite:363 KerTime:0.163385 AccTime:59.496439
#IT Ite:364 KerTime:0.163323 AccTime:59.659762
#IT Ite:365 KerTime:0.163401 AccTime:59.823163
#IT Ite:366 KerTime:0.163453 AccTime:59.986616
#IT Ite:367 KerTime:0.163405 AccTime:60.150021
#IT Ite:368 KerTime:0.163427 AccTime:60.313448
#IT Ite:369 KerTime:0.163393 AccTime:60.476841
#IT Ite:370 KerTime:0.165085 AccTime:60.641926
#IT Ite:371 KerTime:0.163318 AccTime:60.805244
#IT Ite:372 KerTime:0.163354 AccTime:60.968598
#IT Ite:373 KerTime:0.163363 AccTime:61.131961
#IT Ite:374 KerTime:0.163259 AccTime:61.295220
#IT Ite:375 KerTime:0.163271 AccTime:61.458491
#IT Ite:376 KerTime:0.163324 AccTime:61.621815
#IT Ite:377 KerTime:0.163434 AccTime:61.785249
#IT Ite:378 KerTime:0.163282 AccTime:61.948531
#IT Ite:379 KerTime:0.163258 AccTime:62.111789
#IT Ite:380 KerTime:0.163249 AccTime:62.275038
#IT Ite:381 KerTime:0.163255 AccTime:62.438293
#IT Ite:382 KerTime:0.163275 AccTime:62.601568
#IT Ite:383 KerTime:0.163282 AccTime:62.764850
#IT Ite:384 KerTime:0.165081 AccTime:62.929931
#IT Ite:385 KerTime:0.163283 AccTime:63.093214
#IT Ite:386 KerTime:0.163286 AccTime:63.256500
#IT Ite:387 KerTime:0.163422 AccTime:63.419922
#IT Ite:388 KerTime:0.163402 AccTime:63.583324
#IT Ite:389 KerTime:0.163409 AccTime:63.746733
#IT Ite:390 KerTime:0.163421 AccTime:63.910154
#IT Ite:391 KerTime:0.163326 AccTime:64.073480
#IT Ite:392 KerTime:0.163396 AccTime:64.236876
#IT Ite:393 KerTime:0.163313 AccTime:64.400189
#IT Ite:394 KerTime:0.163293 AccTime:64.563482
#IT Ite:395 KerTime:0.163364 AccTime:64.726846
#IT Ite:396 KerTime:0.163348 AccTime:64.890194
#IT Ite:397 KerTime:0.163279 AccTime:65.053473
#IT Ite:398 KerTime:0.165165 AccTime:65.218638
#IT Ite:399 KerTime:0.163225 AccTime:65.381863
#IT Ite:400 KerTime:0.163434 AccTime:65.545297
#IT Ite:401 KerTime:0.163393 AccTime:65.708690
#IT Ite:402 KerTime:0.163399 AccTime:65.872089
#IT Ite:403 KerTime:0.163404 AccTime:66.035493
#IT Ite:404 KerTime:0.163415 AccTime:66.198908
#IT Ite:405 KerTime:0.163397 AccTime:66.362305
#IT Ite:406 KerTime:0.163245 AccTime:66.525550
#IT Ite:407 KerTime:0.163183 AccTime:66.688733
#IT Ite:408 KerTime:0.163205 AccTime:66.851938
#IT Ite:409 KerTime:0.163327 AccTime:67.015265
#IT Ite:410 KerTime:0.163323 AccTime:67.178588
#IT Ite:411 KerTime:0.163354 AccTime:67.341942
#IT Ite:412 KerTime:0.165429 AccTime:67.507371
#IT Ite:413 KerTime:0.163300 AccTime:67.670671
#IT Ite:414 KerTime:0.163236 AccTime:67.833907
#IT Ite:415 KerTime:0.163260 AccTime:67.997167
#IT Ite:416 KerTime:0.163239 AccTime:68.160406
#IT Ite:417 KerTime:0.163331 AccTime:68.323737
#IT Ite:418 KerTime:0.163258 AccTime:68.486995
#IT Ite:419 KerTime:0.163346 AccTime:68.650341
#IT Ite:420 KerTime:0.163464 AccTime:68.813805
#IT Ite:421 KerTime:0.163274 AccTime:68.977079
#IT Ite:422 KerTime:0.163402 AccTime:69.140481
#IT Ite:423 KerTime:0.163275 AccTime:69.303756
#IT Ite:424 KerTime:0.163237 AccTime:69.466993
#IT Ite:425 KerTime:0.163295 AccTime:69.630288
#IT Ite:426 KerTime:0.165128 AccTime:69.795416
#IT Ite:427 KerTime:0.163162 AccTime:69.958578
#IT Ite:428 KerTime:0.163306 AccTime:70.121884
#IT Ite:429 KerTime:0.163304 AccTime:70.285188
#IT Ite:430 KerTime:0.163441 AccTime:70.448629
#IT Ite:431 KerTime:0.163384 AccTime:70.612013
#IT Ite:432 KerTime:0.163262 AccTime:70.775275
#IT Ite:433 KerTime:0.163333 AccTime:70.938608
#IT Ite:434 KerTime:0.163301 AccTime:71.101909
#IT Ite:435 KerTime:0.163258 AccTime:71.265167
#IT Ite:436 KerTime:0.163407 AccTime:71.428574
#IT Ite:437 KerTime:0.163366 AccTime:71.591940
#IT Ite:438 KerTime:0.163405 AccTime:71.755345
#IT Ite:439 KerTime:0.163504 AccTime:71.918849
#IT Ite:440 KerTime:0.163383 AccTime:72.082232
#IT Ite:441 KerTime:0.163378 AccTime:72.245610
#IT Ite:442 KerTime:0.163443 AccTime:72.409053
#IT Ite:443 KerTime:0.163289 AccTime:72.572342
#IT Ite:444 KerTime:0.163346 AccTime:72.735688
#IT Ite:445 KerTime:0.163284 AccTime:72.898972
#IT Ite:446 KerTime:0.163355 AccTime:73.062327
#IT Ite:447 KerTime:0.163463 AccTime:73.225790
#IT Ite:448 KerTime:0.163424 AccTime:73.389214
#IT Ite:449 KerTime:0.163359 AccTime:73.552573
#IT Ite:450 KerTime:0.163429 AccTime:73.716002
#IT Ite:451 KerTime:0.163310 AccTime:73.879312
#IT Ite:452 KerTime:0.163271 AccTime:74.042583
#IT Ite:453 KerTime:0.163442 AccTime:74.206025
#IT Ite:454 KerTime:0.165217 AccTime:74.371242
#IT Ite:455 KerTime:0.163379 AccTime:74.534621
#IT Ite:456 KerTime:0.163549 AccTime:74.698170
#IT Ite:457 KerTime:0.163442 AccTime:74.861612
#IT Ite:458 KerTime:0.163417 AccTime:75.025029
#IT Ite:459 KerTime:0.163324 AccTime:75.188353
#IT Ite:460 KerTime:0.163384 AccTime:75.351737
#IT Ite:461 KerTime:0.163476 AccTime:75.515213
#IT Ite:462 KerTime:0.163379 AccTime:75.678592
#IT Ite:463 KerTime:0.163363 AccTime:75.841955
#IT Ite:464 KerTime:0.163341 AccTime:76.005296
#IT Ite:465 KerTime:0.163329 AccTime:76.168625
#IT Ite:466 KerTime:0.163363 AccTime:76.331988
#IT Ite:467 KerTime:0.163432 AccTime:76.495420
#IT Ite:468 KerTime:0.165302 AccTime:76.660722
#IT Ite:469 KerTime:0.163485 AccTime:76.824207
#IT Ite:470 KerTime:0.163326 AccTime:76.987533
#IT Ite:471 KerTime:0.163349 AccTime:77.150882
#IT Ite:472 KerTime:0.163287 AccTime:77.314169
#IT Ite:473 KerTime:0.163312 AccTime:77.477481
#IT Ite:474 KerTime:0.163389 AccTime:77.640870
#IT Ite:475 KerTime:0.163405 AccTime:77.804275
#IT Ite:476 KerTime:0.163496 AccTime:77.967771
#IT Ite:477 KerTime:0.163343 AccTime:78.131114
#IT Ite:478 KerTime:0.163365 AccTime:78.294479
#IT Ite:479 KerTime:0.163406 AccTime:78.457885
#IT Ite:480 KerTime:0.163399 AccTime:78.621284
#IT Ite:481 KerTime:0.163388 AccTime:78.784672
#IT Ite:482 KerTime:0.165073 AccTime:78.949745
#IT Ite:483 KerTime:0.163310 AccTime:79.113055
#IT Ite:484 KerTime:0.163317 AccTime:79.276372
#IT Ite:485 KerTime:0.163432 AccTime:79.439804
#IT Ite:486 KerTime:0.163466 AccTime:79.603270
#IT Ite:487 KerTime:0.163406 AccTime:79.766676
#IT Ite:488 KerTime:0.163250 AccTime:79.929926
#IT Ite:489 KerTime:0.163395 AccTime:80.093321
#IT Ite:490 KerTime:0.163342 AccTime:80.256663
#IT Ite:491 KerTime:0.163354 AccTime:80.420017
#IT Ite:492 KerTime:0.163412 AccTime:80.583429
#IT Ite:493 KerTime:0.163387 AccTime:80.746816
#IT Ite:494 KerTime:0.163360 AccTime:80.910176
#IT Ite:495 KerTime:0.163395 AccTime:81.073571
#IT Ite:496 KerTime:0.164940 AccTime:81.238511
#IT Ite:497 KerTime:0.163368 AccTime:81.401879
#IT Ite:498 KerTime:0.163439 AccTime:81.565318
#IT Ite:499 KerTime:0.163345 AccTime:81.728663
#IT Ite:500 KerTime:0.163410 AccTime:81.892073
#IT Ite:501 KerTime:0.163408 AccTime:82.055481
#IT Ite:502 KerTime:0.163442 AccTime:82.218923
#IT Ite:503 KerTime:0.163438 AccTime:82.382361
#IT Ite:504 KerTime:0.163302 AccTime:82.545663
#IT Ite:505 KerTime:0.163245 AccTime:82.708908
#IT Ite:506 KerTime:0.163367 AccTime:82.872275
#IT Ite:507 KerTime:0.163302 AccTime:83.035577
#IT Ite:508 KerTime:0.163389 AccTime:83.198966
#IT Ite:509 KerTime:0.163279 AccTime:83.362245
#IT Ite:510 KerTime:0.165126 AccTime:83.527371
#IT Ite:511 KerTime:0.163310 AccTime:83.690681
#IT Ite:512 KerTime:0.163301 AccTime:83.853982
#IT Ite:513 KerTime:0.163324 AccTime:84.017306
#IT Ite:514 KerTime:0.163430 AccTime:84.180736
#IT Ite:515 KerTime:0.163347 AccTime:84.344083
#IT Ite:516 KerTime:0.163408 AccTime:84.507491
#IT Ite:517 KerTime:0.163375 AccTime:84.670866
#IT Ite:518 KerTime:0.163333 AccTime:84.834199
#IT Ite:519 KerTime:0.163355 AccTime:84.997554
#IT Ite:520 KerTime:0.163262 AccTime:85.160816
#IT Ite:521 KerTime:0.163338 AccTime:85.324154
#IT Ite:522 KerTime:0.163362 AccTime:85.487516
#IT Ite:523 KerTime:0.163480 AccTime:85.650996
#IT Ite:524 KerTime:0.163266 AccTime:85.814262
#IT Ite:525 KerTime:0.165674 AccTime:85.979936
#IT Ite:526 KerTime:0.163249 AccTime:86.143185
#IT Ite:527 KerTime:0.163386 AccTime:86.306571
#IT Ite:528 KerTime:0.163227 AccTime:86.469798
#IT Ite:529 KerTime:0.163306 AccTime:86.633104
#IT Ite:530 KerTime:0.163401 AccTime:86.796505
#IT Ite:531 KerTime:0.163343 AccTime:86.959848
#IT Ite:532 KerTime:0.163410 AccTime:87.123258
#IT Ite:533 KerTime:0.163336 AccTime:87.286594
#IT Ite:534 KerTime:0.163413 AccTime:87.450007
#IT Ite:535 KerTime:0.163299 AccTime:87.613306
#IT Ite:536 KerTime:0.163378 AccTime:87.776684
#IT Ite:537 KerTime:0.163475 AccTime:87.940159
#IT Ite:538 KerTime:0.165429 AccTime:88.105588
#IT Ite:539 KerTime:0.163326 AccTime:88.268914
#IT Ite:540 KerTime:0.163287 AccTime:88.432201
#IT Ite:541 KerTime:0.163359 AccTime:88.595560
#IT Ite:542 KerTime:0.163245 AccTime:88.758805
#IT Ite:543 KerTime:0.163389 AccTime:88.922194
#IT Ite:544 KerTime:0.163296 AccTime:89.085490
#IT Ite:545 KerTime:0.163326 AccTime:89.248816
#IT Ite:546 KerTime:0.163462 AccTime:89.412278
#IT Ite:547 KerTime:0.163412 AccTime:89.575690
#IT Ite:548 KerTime:0.163447 AccTime:89.739137
#IT Ite:549 KerTime:0.163363 AccTime:89.902500
#IT Ite:550 KerTime:0.163438 AccTime:90.065938
#IT Ite:551 KerTime:0.163315 AccTime:90.229253
#IT Ite:552 KerTime:0.165305 AccTime:90.394558
#IT Ite:553 KerTime:0.163345 AccTime:90.557903
#IT Ite:554 KerTime:0.163400 AccTime:90.721303
#IT Ite:555 KerTime:0.163397 AccTime:90.884700
#IT Ite:556 KerTime:0.163380 AccTime:91.048080
#IT Ite:557 KerTime:0.163467 AccTime:91.211547
#IT Ite:558 KerTime:0.163432 AccTime:91.374979
#IT Ite:559 KerTime:0.163305 AccTime:91.538284
#IT Ite:560 KerTime:0.163347 AccTime:91.701631
#IT Ite:561 KerTime:0.163348 AccTime:91.864979
#IT Ite:562 KerTime:0.163262 AccTime:92.028241
#IT Ite:563 KerTime:0.163316 AccTime:92.191557
#IT Ite:564 KerTime:0.163203 AccTime:92.354760
#IT Ite:565 KerTime:0.163268 AccTime:92.518028
#IT Ite:566 KerTime:0.165369 AccTime:92.683397
#IT Ite:567 KerTime:0.163390 AccTime:92.846787
#IT Ite:568 KerTime:0.163385 AccTime:93.010172
#IT Ite:569 KerTime:0.163465 AccTime:93.173637
#IT Ite:570 KerTime:0.163267 AccTime:93.336904
#IT Ite:571 KerTime:0.163344 AccTime:93.500248
#IT Ite:572 KerTime:0.163378 AccTime:93.663626
#IT Ite:573 KerTime:0.163240 AccTime:93.826866
#IT Ite:574 KerTime:0.163312 AccTime:93.990178
#IT Ite:575 KerTime:0.163322 AccTime:94.153500
#IT Ite:576 KerTime:0.163346 AccTime:94.316846
#IT Ite:577 KerTime:0.163364 AccTime:94.480210
#IT Ite:578 KerTime:0.163239 AccTime:94.643449
#IT Ite:579 KerTime:0.163267 AccTime:94.806716
#IT Ite:580 KerTime:0.165374 AccTime:94.972090
#IT Ite:581 KerTime:0.163342 AccTime:95.135432
#IT Ite:582 KerTime:0.163332 AccTime:95.298764
#IT Ite:583 KerTime:0.163361 AccTime:95.462125
#IT Ite:584 KerTime:0.163425 AccTime:95.625550
#IT Ite:585 KerTime:0.163422 AccTime:95.788972
#IT Ite:586 KerTime:0.163431 AccTime:95.952403
#IT Ite:587 KerTime:0.163518 AccTime:96.115921
#IT Ite:588 KerTime:0.163446 AccTime:96.279367
#IT Ite:589 KerTime:0.163427 AccTime:96.442794
#IT Ite:590 KerTime:0.163357 AccTime:96.606151
#IT Ite:591 KerTime:0.163454 AccTime:96.769605
#IT Ite:592 KerTime:0.163417 AccTime:96.933022
#IT Ite:593 KerTime:0.163299 AccTime:97.096321
#IT Ite:594 KerTime:0.165083 AccTime:97.261404
#IT Ite:595 KerTime:0.163299 AccTime:97.424703
#IT Ite:596 KerTime:0.163276 AccTime:97.587979
#IT Ite:597 KerTime:0.163385 AccTime:97.751364
#IT Ite:598 KerTime:0.163442 AccTime:97.914806
#IT Ite:599 KerTime:0.163321 AccTime:98.078127
#IT Ite:600 KerTime:0.163362 AccTime:98.241489
#IT Ite:601 KerTime:0.163218 AccTime:98.404707
#IT Ite:602 KerTime:0.163309 AccTime:98.568016
#IT Ite:603 KerTime:0.163194 AccTime:98.731210
#IT Ite:604 KerTime:0.163304 AccTime:98.894514
#IT Ite:605 KerTime:0.163410 AccTime:99.057924
#IT Ite:606 KerTime:0.163324 AccTime:99.221248
#IT Ite:607 KerTime:0.163346 AccTime:99.384594
#IT Ite:608 KerTime:0.165274 AccTime:99.549868
#IT Ite:609 KerTime:0.163279 AccTime:99.713147
#IT Ite:610 KerTime:0.163261 AccTime:99.876408
#IT Ite:611 KerTime:0.163286 AccTime:100.039694
#IT Ite:612 KerTime:0.163246 AccTime:100.202940
#IT Ite:613 KerTime:0.163322 AccTime:100.366262
#IT Ite:614 KerTime:0.163254 AccTime:100.529516
#IT Ite:615 KerTime:0.163376 AccTime:100.692892
#IT Ite:616 KerTime:0.163325 AccTime:100.856217
#IT Ite:617 KerTime:0.163331 AccTime:101.019548
#IT Ite:618 KerTime:0.163362 AccTime:101.182910
#IT Ite:619 KerTime:0.163357 AccTime:101.346267
#IT Ite:620 KerTime:0.163424 AccTime:101.509691
#IT Ite:621 KerTime:0.163344 AccTime:101.673035
#IT Ite:622 KerTime:0.165111 AccTime:101.838146
#IT Ite:623 KerTime:0.163337 AccTime:102.001483
#IT Ite:624 KerTime:0.163270 AccTime:102.164753
#IT Ite:625 KerTime:0.163365 AccTime:102.328118
#IT Ite:626 KerTime:0.163368 AccTime:102.491486
#IT Ite:627 KerTime:0.163326 AccTime:102.654812
#IT Ite:628 KerTime:0.163447 AccTime:102.818259
#IT Ite:629 KerTime:0.163317 AccTime:102.981576
#IT Ite:630 KerTime:0.163346 AccTime:103.144922
#IT Ite:631 KerTime:0.163230 AccTime:103.308152
#IT Ite:632 KerTime:0.163290 AccTime:103.471442
#IT Ite:633 KerTime:0.163331 AccTime:103.634773
#IT Ite:634 KerTime:0.163267 AccTime:103.798040
#IT Ite:635 KerTime:0.163437 AccTime:103.961477
#IT Ite:636 KerTime:0.163426 AccTime:104.124903
#IT Ite:637 KerTime:0.163395 AccTime:104.288298
#IT Ite:638 KerTime:0.163334 AccTime:104.451632
#IT Ite:639 KerTime:0.163265 AccTime:104.614897
#IT Ite:640 KerTime:0.163354 AccTime:104.778251
#IT Ite:641 KerTime:0.163382 AccTime:104.941633
#IT Ite:642 KerTime:0.163248 AccTime:105.104881
#IT Ite:643 KerTime:0.163193 AccTime:105.268074
#IT Ite:644 KerTime:0.163271 AccTime:105.431345
#IT Ite:645 KerTime:0.163332 AccTime:105.594677
#IT Ite:646 KerTime:0.163289 AccTime:105.757966
#IT Ite:647 KerTime:0.163347 AccTime:105.921313
#IT Ite:648 KerTime:0.163382 AccTime:106.084695
#IT Ite:649 KerTime:0.163317 AccTime:106.248012
#IT Ite:650 KerTime:0.165299 AccTime:106.413311
#IT Ite:651 KerTime:0.163342 AccTime:106.576653
#IT Ite:652 KerTime:0.163380 AccTime:106.740033
#IT Ite:653 KerTime:0.163297 AccTime:106.903330
#IT Ite:654 KerTime:0.163257 AccTime:107.066587
#IT Ite:655 KerTime:0.163258 AccTime:107.229845
#IT Ite:656 KerTime:0.163402 AccTime:107.393247
#IT Ite:657 KerTime:0.163319 AccTime:107.556566
#IT Ite:658 KerTime:0.163273 AccTime:107.719839
#IT Ite:659 KerTime:0.163231 AccTime:107.883070
#IT Ite:660 KerTime:0.163300 AccTime:108.046370
#IT Ite:661 KerTime:0.163296 AccTime:108.209666
#IT Ite:662 KerTime:0.163201 AccTime:108.372867
#IT Ite:663 KerTime:0.163437 AccTime:108.536304
#IT Ite:664 KerTime:0.165413 AccTime:108.701717
#IT Ite:665 KerTime:0.163209 AccTime:108.864926
#IT Ite:666 KerTime:0.163324 AccTime:109.028250
#IT Ite:667 KerTime:0.163327 AccTime:109.191577
#IT Ite:668 KerTime:0.163357 AccTime:109.354934
#IT Ite:669 KerTime:0.163461 AccTime:109.518395
#IT Ite:670 KerTime:0.163361 AccTime:109.681756
#IT Ite:671 KerTime:0.163437 AccTime:109.845193
#IT Ite:672 KerTime:0.163438 AccTime:110.008631
#IT Ite:673 KerTime:0.163302 AccTime:110.171933
#IT Ite:674 KerTime:0.163370 AccTime:110.335303
#IT Ite:675 KerTime:0.163250 AccTime:110.498553
#IT Ite:676 KerTime:0.163332 AccTime:110.661885
#IT Ite:677 KerTime:0.163438 AccTime:110.825323
#IT Ite:678 KerTime:0.164950 AccTime:110.990273
#IT Ite:679 KerTime:0.163300 AccTime:111.153573
#IT Ite:680 KerTime:0.163424 AccTime:111.316997
#IT Ite:681 KerTime:0.163404 AccTime:111.480401
#IT Ite:682 KerTime:0.163397 AccTime:111.643798
#IT Ite:683 KerTime:0.163384 AccTime:111.807182
#IT Ite:684 KerTime:0.163412 AccTime:111.970594
#IT Ite:685 KerTime:0.163531 AccTime:112.134125
#IT Ite:686 KerTime:0.163405 AccTime:112.297530
#IT Ite:687 KerTime:0.163415 AccTime:112.460945
#IT Ite:688 KerTime:0.163360 AccTime:112.624305
#IT Ite:689 KerTime:0.163268 AccTime:112.787573
#IT Ite:690 KerTime:0.163389 AccTime:112.950962
#IT Ite:691 KerTime:0.163304 AccTime:113.114266
#IT Ite:692 KerTime:0.164891 AccTime:113.279157
#IT Ite:693 KerTime:0.163379 AccTime:113.442536
#IT Ite:694 KerTime:0.163311 AccTime:113.605847
#IT Ite:695 KerTime:0.163405 AccTime:113.769252
#IT Ite:696 KerTime:0.163458 AccTime:113.932710
#IT Ite:697 KerTime:0.163413 AccTime:114.096123
#IT Ite:698 KerTime:0.163358 AccTime:114.259481
#IT Ite:699 KerTime:0.163385 AccTime:114.422866
#IT Ite:700 KerTime:0.163378 AccTime:114.586244
#IT Ite:701 KerTime:0.163342 AccTime:114.749586
#IT Ite:702 KerTime:0.163384 AccTime:114.912970
#IT Ite:703 KerTime:0.163381 AccTime:115.076351
#IT Ite:704 KerTime:0.163267 AccTime:115.239618
#IT Ite:705 KerTime:0.163321 AccTime:115.402939
#IT Ite:706 KerTime:0.163364 AccTime:115.566303
#IT Ite:707 KerTime:0.163291 AccTime:115.729594
#IT Ite:708 KerTime:0.163349 AccTime:115.892943
#IT Ite:709 KerTime:0.163416 AccTime:116.056359
#IT Ite:710 KerTime:0.163336 AccTime:116.219695
#IT Ite:711 KerTime:0.163272 AccTime:116.382967
#IT Ite:712 KerTime:0.163291 AccTime:116.546258
#IT Ite:713 KerTime:0.163425 AccTime:116.709683
#IT Ite:714 KerTime:0.163457 AccTime:116.873140
#IT Ite:715 KerTime:0.163418 AccTime:117.036558
#IT Ite:716 KerTime:0.163410 AccTime:117.199968
#IT Ite:717 KerTime:0.163274 AccTime:117.363242
#IT Ite:718 KerTime:0.163428 AccTime:117.526670
#IT Ite:719 KerTime:0.163429 AccTime:117.690099
#IT Ite:720 KerTime:0.165079 AccTime:117.855178
#IT Ite:721 KerTime:0.163475 AccTime:118.018653
#IT Ite:722 KerTime:0.163437 AccTime:118.182090
#IT Ite:723 KerTime:0.163448 AccTime:118.345538
#IT Ite:724 KerTime:0.163374 AccTime:118.508912
#IT Ite:725 KerTime:0.163252 AccTime:118.672164
#IT Ite:726 KerTime:0.163400 AccTime:118.835564
#IT Ite:727 KerTime:0.163389 AccTime:118.998953
#IT Ite:728 KerTime:0.163303 AccTime:119.162256
#IT Ite:729 KerTime:0.163432 AccTime:119.325688
#IT Ite:730 KerTime:0.163250 AccTime:119.488938
#IT Ite:731 KerTime:0.163461 AccTime:119.652399
#IT Ite:732 KerTime:0.163425 AccTime:119.815824
#IT Ite:733 KerTime:0.163333 AccTime:119.979157
#IT Ite:734 KerTime:0.165004 AccTime:120.144161
#IT Ite:735 KerTime:0.163363 AccTime:120.307524
#IT Ite:736 KerTime:0.163263 AccTime:120.470787
#IT Ite:737 KerTime:0.163337 AccTime:120.634124
#IT Ite:738 KerTime:0.163285 AccTime:120.797409
#IT Ite:739 KerTime:0.163380 AccTime:120.960789
#IT Ite:740 KerTime:0.163443 AccTime:121.124232
#IT Ite:741 KerTime:0.163314 AccTime:121.287546
#IT Ite:742 KerTime:0.163354 AccTime:121.450900
#IT Ite:743 KerTime:0.163450 AccTime:121.614350
#IT Ite:744 KerTime:0.163338 AccTime:121.777688
#IT Ite:745 KerTime:0.163471 AccTime:121.941159
#IT Ite:746 KerTime:0.163351 AccTime:122.104510
#IT Ite:747 KerTime:0.163505 AccTime:122.268015
#IT Ite:748 KerTime:0.165314 AccTime:122.433329
#IT Ite:749 KerTime:0.163263 AccTime:122.596592
#IT Ite:750 KerTime:0.163535 AccTime:122.760127
#IT Ite:751 KerTime:0.163500 AccTime:122.923627
#IT Ite:752 KerTime:0.163277 AccTime:123.086904
#IT Ite:753 KerTime:0.163440 AccTime:123.250344
#IT Ite:754 KerTime:0.163372 AccTime:123.413716
#IT Ite:755 KerTime:0.163311 AccTime:123.577027
#IT Ite:756 KerTime:0.163372 AccTime:123.740399
#IT Ite:757 KerTime:0.163335 AccTime:123.903734
#IT Ite:758 KerTime:0.163390 AccTime:124.067124
#IT Ite:759 KerTime:0.163413 AccTime:124.230537
#IT Ite:760 KerTime:0.163407 AccTime:124.393944
#IT Ite:761 KerTime:0.163424 AccTime:124.557368
#IT Ite:762 KerTime:0.165115 AccTime:124.722483
#IT Ite:763 KerTime:0.163339 AccTime:124.885822
#IT Ite:764 KerTime:0.163397 AccTime:125.049219
#IT Ite:765 KerTime:0.163355 AccTime:125.212574
#IT Ite:766 KerTime:0.163365 AccTime:125.375939
#IT Ite:767 KerTime:0.163408 AccTime:125.539347
#IT Ite:768 KerTime:0.163341 AccTime:125.702688
#IT Ite:769 KerTime:0.163379 AccTime:125.866067
#IT Ite:770 KerTime:0.163278 AccTime:126.029345
#IT Ite:771 KerTime:0.163335 AccTime:126.192680
#IT Ite:772 KerTime:0.163316 AccTime:126.355996
#IT Ite:773 KerTime:0.163418 AccTime:126.519414
#IT Ite:774 KerTime:0.163455 AccTime:126.682869
#IT Ite:775 KerTime:0.163352 AccTime:126.846221
#IT Ite:776 KerTime:0.165056 AccTime:127.011277
#IT Ite:777 KerTime:0.163385 AccTime:127.174662
#IT Ite:778 KerTime:0.163411 AccTime:127.338073
#IT Ite:779 KerTime:0.163358 AccTime:127.501431
#IT Ite:780 KerTime:0.163434 AccTime:127.664865
#IT Ite:781 KerTime:0.163375 AccTime:127.828240
#IT Ite:782 KerTime:0.163323 AccTime:127.991563
#IT Ite:783 KerTime:0.163319 AccTime:128.154882
#IT Ite:784 KerTime:0.163330 AccTime:128.318212
#IT Ite:785 KerTime:0.163353 AccTime:128.481565
#IT Ite:786 KerTime:0.163391 AccTime:128.644956
#IT Ite:787 KerTime:0.163376 AccTime:128.808332
