#HEADER size:33554432
#BEGIN Y:2015 M:11 D:21 Time:01:16:14
#IT Ite:0 KerTime:0.162678 AccTime:0.162678
#IT Ite:1 KerTime:0.163169 AccTime:0.325847
#IT Ite:2 KerTime:0.163162 AccTime:0.489009
#IT Ite:3 KerTime:0.163420 AccTime:0.652429
#IT Ite:4 KerTime:0.163298 AccTime:0.815727
#IT Ite:5 KerTime:0.163334 AccTime:0.979061
#IT Ite:6 KerTime:0.163380 AccTime:1.142441
#IT Ite:7 KerTime:0.163321 AccTime:1.305762
#IT Ite:8 KerTime:0.163303 AccTime:1.469065
#IT Ite:9 KerTime:0.163325 AccTime:1.632390
#IT Ite:10 KerTime:0.163258 AccTime:1.795648
#IT Ite:11 KerTime:0.163256 AccTime:1.958904
#IT Ite:12 KerTime:0.163222 AccTime:2.122126
#IT Ite:13 KerTime:0.163290 AccTime:2.285416
#IT Ite:14 KerTime:0.163335 AccTime:2.448751
#IT Ite:15 KerTime:0.163284 AccTime:2.612035
#IT Ite:16 KerTime:0.163319 AccTime:2.775354
#IT Ite:17 KerTime:0.163157 AccTime:2.938511
#IT Ite:18 KerTime:0.163195 AccTime:3.101706
#IT Ite:19 KerTime:0.163193 AccTime:3.264899
#IT Ite:20 KerTime:0.163172 AccTime:3.428071
#IT Ite:21 KerTime:0.163217 AccTime:3.591288
#IT Ite:22 KerTime:0.163234 AccTime:3.754522
#IT Ite:23 KerTime:0.163262 AccTime:3.917784
#IT Ite:24 KerTime:0.163251 AccTime:4.081035
#IT Ite:25 KerTime:0.163285 AccTime:4.244320
#IT Ite:26 KerTime:0.163274 AccTime:4.407594
#IT Ite:27 KerTime:0.163354 AccTime:4.570948
#IT Ite:28 KerTime:0.163242 AccTime:4.734190
#IT Ite:29 KerTime:0.163288 AccTime:4.897478
#IT Ite:30 KerTime:0.163278 AccTime:5.060756
#IT Ite:31 KerTime:0.163222 AccTime:5.223978
#IT Ite:32 KerTime:0.163245 AccTime:5.387223
#IT Ite:33 KerTime:0.163191 AccTime:5.550414
#IT Ite:34 KerTime:0.163393 AccTime:5.713807
#IT Ite:35 KerTime:0.163339 AccTime:5.877146
#IT Ite:36 KerTime:0.163275 AccTime:6.040421
#IT Ite:37 KerTime:0.163242 AccTime:6.203663
#IT Ite:38 KerTime:0.163238 AccTime:6.366901
#IT Ite:39 KerTime:0.163254 AccTime:6.530155
#IT Ite:40 KerTime:0.163233 AccTime:6.693388
#IT Ite:41 KerTime:0.163182 AccTime:6.856570
#IT Ite:42 KerTime:0.163275 AccTime:7.019845
#IT Ite:43 KerTime:0.163147 AccTime:7.182992
#IT Ite:44 KerTime:0.163242 AccTime:7.346234
#IT Ite:45 KerTime:0.163226 AccTime:7.509460
#IT Ite:46 KerTime:0.163209 AccTime:7.672669
#IT Ite:47 KerTime:0.163381 AccTime:7.836050
#IT Ite:48 KerTime:0.163215 AccTime:7.999265
#IT Ite:49 KerTime:0.163253 AccTime:8.162518
#IT Ite:50 KerTime:0.163296 AccTime:8.325814
#IT Ite:51 KerTime:0.163424 AccTime:8.489238
#IT Ite:52 KerTime:0.163285 AccTime:8.652523
#IT Ite:53 KerTime:0.163276 AccTime:8.815799
#IT Ite:54 KerTime:0.163221 AccTime:8.979020
#IT Ite:55 KerTime:0.163131 AccTime:9.142151
#IT Ite:56 KerTime:0.163172 AccTime:9.305323
#IT Ite:57 KerTime:0.163227 AccTime:9.468550
#IT Ite:58 KerTime:0.163274 AccTime:9.631824
#IT Ite:59 KerTime:0.163278 AccTime:9.795102
#IT Ite:60 KerTime:0.163271 AccTime:9.958373
#IT Ite:61 KerTime:0.163307 AccTime:10.121680
#IT Ite:62 KerTime:0.163418 AccTime:10.285098
#IT Ite:63 KerTime:0.163309 AccTime:10.448407
#IT Ite:64 KerTime:0.163206 AccTime:10.611613
#IT Ite:65 KerTime:0.163294 AccTime:10.774907
#IT Ite:66 KerTime:0.163256 AccTime:10.938163
#IT Ite:67 KerTime:0.163211 AccTime:11.101374
#IT Ite:68 KerTime:0.163241 AccTime:11.264615
#IT Ite:69 KerTime:0.163216 AccTime:11.427831
#IT Ite:70 KerTime:0.163204 AccTime:11.591035
#IT Ite:71 KerTime:0.163276 AccTime:11.754311
#IT Ite:72 KerTime:0.163310 AccTime:11.917621
#IT Ite:73 KerTime:0.163223 AccTime:12.080844
#IT Ite:74 KerTime:0.163104 AccTime:12.243948
#IT Ite:75 KerTime:0.163173 AccTime:12.407121
#IT Ite:76 KerTime:0.163158 AccTime:12.570279
#IT Ite:77 KerTime:0.163161 AccTime:12.733440
#IT Ite:78 KerTime:0.163236 AccTime:12.896676
#IT Ite:79 KerTime:0.163178 AccTime:13.059854
#IT Ite:80 KerTime:0.163295 AccTime:13.223149
#IT Ite:81 KerTime:0.163150 AccTime:13.386299
#IT Ite:82 KerTime:0.163241 AccTime:13.549540
#IT Ite:83 KerTime:0.163257 AccTime:13.712797
#IT Ite:84 KerTime:0.163254 AccTime:13.876051
#IT Ite:85 KerTime:0.163231 AccTime:14.039282
#IT Ite:86 KerTime:0.163205 AccTime:14.202487
#IT Ite:87 KerTime:0.163278 AccTime:14.365765
#IT Ite:88 KerTime:0.163211 AccTime:14.528976
#IT Ite:89 KerTime:0.163204 AccTime:14.692180
#IT Ite:90 KerTime:0.163172 AccTime:14.855352
#IT Ite:91 KerTime:0.163131 AccTime:15.018483
#IT Ite:92 KerTime:0.163177 AccTime:15.181660
#IT Ite:93 KerTime:0.163400 AccTime:15.345060
#IT Ite:94 KerTime:0.163267 AccTime:15.508327
#IT Ite:95 KerTime:0.163302 AccTime:15.671629
#IT Ite:96 KerTime:0.163330 AccTime:15.834959
#IT Ite:97 KerTime:0.163391 AccTime:15.998350
#IT Ite:98 KerTime:0.163286 AccTime:16.161636
#IT Ite:99 KerTime:0.163266 AccTime:16.324902
#IT Ite:100 KerTime:0.163342 AccTime:16.488244
#IT Ite:101 KerTime:0.163258 AccTime:16.651502
#IT Ite:102 KerTime:0.163221 AccTime:16.814723
#IT Ite:103 KerTime:0.163321 AccTime:16.978044
#IT Ite:104 KerTime:0.163345 AccTime:17.141389
#IT Ite:105 KerTime:0.163208 AccTime:17.304597
#IT Ite:106 KerTime:0.163249 AccTime:17.467846
#IT Ite:107 KerTime:0.163223 AccTime:17.631069
#IT Ite:108 KerTime:0.163345 AccTime:17.794414
#IT Ite:109 KerTime:0.163176 AccTime:17.957590
#IT Ite:110 KerTime:0.163232 AccTime:18.120822
#IT Ite:111 KerTime:0.163304 AccTime:18.284126
#IT Ite:112 KerTime:0.163261 AccTime:18.447387
#IT Ite:113 KerTime:0.163237 AccTime:18.610624
#IT Ite:114 KerTime:0.163230 AccTime:18.773854
#IT Ite:115 KerTime:0.163290 AccTime:18.937144
#IT Ite:116 KerTime:0.163276 AccTime:19.100420
#IT Ite:117 KerTime:0.163267 AccTime:19.263687
#IT Ite:118 KerTime:0.163302 AccTime:19.426989
#IT Ite:119 KerTime:0.163382 AccTime:19.590371
#IT Ite:120 KerTime:0.163186 AccTime:19.753557
#IT Ite:121 KerTime:0.163199 AccTime:19.916756
#IT Ite:122 KerTime:0.163324 AccTime:20.080080
#IT Ite:123 KerTime:0.163212 AccTime:20.243292
#IT Ite:124 KerTime:0.163423 AccTime:20.406715
#IT Ite:125 KerTime:0.163134 AccTime:20.569849
#IT Ite:126 KerTime:0.163293 AccTime:20.733142
#IT Ite:127 KerTime:0.163349 AccTime:20.896491
#IT Ite:128 KerTime:0.163274 AccTime:21.059765
#IT Ite:129 KerTime:0.163259 AccTime:21.223024
#IT Ite:130 KerTime:0.163270 AccTime:21.386294
#IT Ite:131 KerTime:0.163376 AccTime:21.549670
#IT Ite:132 KerTime:0.163269 AccTime:21.712939
#IT Ite:133 KerTime:0.163355 AccTime:21.876294
#IT Ite:134 KerTime:0.163314 AccTime:22.039608
#IT Ite:135 KerTime:0.163386 AccTime:22.202994
#IT Ite:136 KerTime:0.163222 AccTime:22.366216
#IT Ite:137 KerTime:0.163281 AccTime:22.529497
#IT Ite:138 KerTime:0.163290 AccTime:22.692787
#IT Ite:139 KerTime:0.163153 AccTime:22.855940
#IT Ite:140 KerTime:0.163253 AccTime:23.019193
#IT Ite:141 KerTime:0.163327 AccTime:23.182520
#IT Ite:142 KerTime:0.163220 AccTime:23.345740
#IT Ite:143 KerTime:0.163340 AccTime:23.509080
#IT Ite:144 KerTime:0.163249 AccTime:23.672329
#IT Ite:145 KerTime:0.163354 AccTime:23.835683
#IT Ite:146 KerTime:0.163342 AccTime:23.999025
#IT Ite:147 KerTime:0.163297 AccTime:24.162322
#IT Ite:148 KerTime:0.163200 AccTime:24.325522
#IT Ite:149 KerTime:0.163248 AccTime:24.488770
#IT Ite:150 KerTime:0.163281 AccTime:24.652051
#IT Ite:151 KerTime:0.163306 AccTime:24.815357
#IT Ite:152 KerTime:0.163344 AccTime:24.978701
#IT Ite:153 KerTime:0.163305 AccTime:25.142006
#IT Ite:154 KerTime:0.163218 AccTime:25.305224
#IT Ite:155 KerTime:0.163307 AccTime:25.468531
#IT Ite:156 KerTime:0.163294 AccTime:25.631825
#IT Ite:157 KerTime:0.163364 AccTime:25.795189
#IT Ite:158 KerTime:0.163145 AccTime:25.958334
#IT Ite:159 KerTime:0.163215 AccTime:26.121549
#IT Ite:160 KerTime:0.163281 AccTime:26.284830
#IT Ite:161 KerTime:0.163251 AccTime:26.448081
#IT Ite:162 KerTime:0.163235 AccTime:26.611316
#IT Ite:163 KerTime:0.163269 AccTime:26.774585
#IT Ite:164 KerTime:0.163159 AccTime:26.937744
#IT Ite:165 KerTime:0.163292 AccTime:27.101036
#IT Ite:166 KerTime:0.163318 AccTime:27.264354
#IT Ite:167 KerTime:0.163192 AccTime:27.427546
#IT Ite:168 KerTime:0.163296 AccTime:27.590842
#IT Ite:169 KerTime:0.163207 AccTime:27.754049
#IT Ite:170 KerTime:0.163169 AccTime:27.917218
#IT Ite:171 KerTime:0.163219 AccTime:28.080437
#IT Ite:172 KerTime:0.163266 AccTime:28.243703
#IT Ite:173 KerTime:0.163318 AccTime:28.407021
#IT Ite:174 KerTime:0.163309 AccTime:28.570330
#IT Ite:175 KerTime:0.163183 AccTime:28.733513
#IT Ite:176 KerTime:0.163329 AccTime:28.896842
#IT Ite:177 KerTime:0.163299 AccTime:29.060141
#IT Ite:178 KerTime:0.163170 AccTime:29.223311
#IT Ite:179 KerTime:0.163168 AccTime:29.386479
#IT Ite:180 KerTime:0.163219 AccTime:29.549698
#IT Ite:181 KerTime:0.163297 AccTime:29.712995
#IT Ite:182 KerTime:0.163221 AccTime:29.876216
#ERR The histogram from element 1756260313 differs. srcHist=0 dstHist=1

#ERR The histogram from element 1757308889 differs. srcHist=1 dstHist=0

#ERR The link between Val and Key arrays in incorrect. index=27441182 wrong_key=1756260313 val=22852886 correct_key_pointed_by_val=1757308889
#SDC Ite:182 KerTime:0.163221 AccTime:29.876216 KerErr:3 AccErr:3
#IT Ite:183 KerTime:0.163283 AccTime:30.039499
#IT Ite:184 KerTime:0.163213 AccTime:30.202712
#IT Ite:185 KerTime:0.163205 AccTime:30.365917
#IT Ite:186 KerTime:0.163196 AccTime:30.529113
#IT Ite:187 KerTime:0.163203 AccTime:30.692316
#IT Ite:188 KerTime:0.163288 AccTime:30.855604
#IT Ite:189 KerTime:0.163230 AccTime:31.018834
#IT Ite:190 KerTime:0.163222 AccTime:31.182056
#IT Ite:191 KerTime:0.163341 AccTime:31.345397
#IT Ite:192 KerTime:0.163255 AccTime:31.508652
#IT Ite:193 KerTime:0.163267 AccTime:31.671919
#IT Ite:194 KerTime:0.163298 AccTime:31.835217
#IT Ite:195 KerTime:0.163309 AccTime:31.998526
#IT Ite:196 KerTime:0.165021 AccTime:32.163547
#IT Ite:197 KerTime:0.163282 AccTime:32.326829
#IT Ite:198 KerTime:0.163348 AccTime:32.490177
#IT Ite:199 KerTime:0.163311 AccTime:32.653488
#IT Ite:200 KerTime:0.163236 AccTime:32.816724
#IT Ite:201 KerTime:0.163311 AccTime:32.980035
#IT Ite:202 KerTime:0.163179 AccTime:33.143214
#IT Ite:203 KerTime:0.163403 AccTime:33.306617
#IT Ite:204 KerTime:0.163346 AccTime:33.469963
#IT Ite:205 KerTime:0.163291 AccTime:33.633254
#IT Ite:206 KerTime:0.163394 AccTime:33.796648
#IT Ite:207 KerTime:0.163269 AccTime:33.959917
#IT Ite:208 KerTime:0.163275 AccTime:34.123192
