#HEADER size:33554432
#BEGIN Y:2015 M:11 D:21 Time:07:56:55
#IT Ite:0 KerTime:0.162690 AccTime:0.162690
#IT Ite:1 KerTime:0.163163 AccTime:0.325853
#IT Ite:2 KerTime:0.163241 AccTime:0.489094
#IT Ite:3 KerTime:0.163262 AccTime:0.652356
#IT Ite:4 KerTime:0.163311 AccTime:0.815667
#IT Ite:5 KerTime:0.163232 AccTime:0.978899
#IT Ite:6 KerTime:0.163262 AccTime:1.142161
#IT Ite:7 KerTime:0.163303 AccTime:1.305464
#IT Ite:8 KerTime:0.163334 AccTime:1.468798
#IT Ite:9 KerTime:0.163340 AccTime:1.632138
#IT Ite:10 KerTime:0.163306 AccTime:1.795444
#IT Ite:11 KerTime:0.163076 AccTime:1.958520
#IT Ite:12 KerTime:0.163219 AccTime:2.121739
#IT Ite:13 KerTime:0.163317 AccTime:2.285056
#ERR The histogram from element -1346609951 differs. srcHist=32 dstHist=0

#SDC Ite:13 KerTime:0.163317 AccTime:2.285056 KerErr:1 AccErr:1
#IT Ite:14 KerTime:0.163232 AccTime:2.448288
#IT Ite:15 KerTime:0.164975 AccTime:2.613263
#ERR The histogram from element -1354998559 differs. srcHist=32 dstHist=0

#SDC Ite:15 KerTime:0.164975 AccTime:2.613263 KerErr:1 AccErr:2
#IT Ite:16 KerTime:0.163187 AccTime:2.776450
#ERR The histogram from element -1090757407 differs. srcHist=32 dstHist=0

#SDC Ite:16 KerTime:0.163187 AccTime:2.776450 KerErr:1 AccErr:3
#ABORT amount of errors equals of the last iteration
#END