#HEADER size:33554432
#BEGIN Y:2015 M:11 D:19 Time:10:59:05
#IT Ite:0 KerTime:0.162705 AccTime:0.162705
#IT Ite:1 KerTime:0.163225 AccTime:0.325930
#IT Ite:2 KerTime:0.163230 AccTime:0.489160
#IT Ite:3 KerTime:0.163268 AccTime:0.652428
#IT Ite:4 KerTime:0.163310 AccTime:0.815738
#IT Ite:5 KerTime:0.163217 AccTime:0.978955
#IT Ite:6 KerTime:0.163281 AccTime:1.142236
#IT Ite:7 KerTime:0.163278 AccTime:1.305514
#IT Ite:8 KerTime:0.163351 AccTime:1.468865
#IT Ite:9 KerTime:0.163241 AccTime:1.632106
#IT Ite:10 KerTime:0.163312 AccTime:1.795418
#IT Ite:11 KerTime:0.163342 AccTime:1.958760
#IT Ite:12 KerTime:0.163359 AccTime:2.122119
#IT Ite:13 KerTime:0.163182 AccTime:2.285301
#IT Ite:14 KerTime:0.163294 AccTime:2.448595
#IT Ite:15 KerTime:0.163350 AccTime:2.611945
#IT Ite:16 KerTime:0.163295 AccTime:2.775240
#IT Ite:17 KerTime:0.163289 AccTime:2.938529
#IT Ite:18 KerTime:0.163292 AccTime:3.101821
#IT Ite:19 KerTime:0.163300 AccTime:3.265121
#IT Ite:20 KerTime:0.163322 AccTime:3.428443
#IT Ite:21 KerTime:0.163412 AccTime:3.591855
#IT Ite:22 KerTime:0.163359 AccTime:3.755214
#IT Ite:23 KerTime:0.163407 AccTime:3.918621
#IT Ite:24 KerTime:0.163374 AccTime:4.081995
#IT Ite:25 KerTime:0.163338 AccTime:4.245333
#IT Ite:26 KerTime:0.163242 AccTime:4.408575
#IT Ite:27 KerTime:0.163337 AccTime:4.571912
#IT Ite:28 KerTime:0.163369 AccTime:4.735281
#IT Ite:29 KerTime:0.165191 AccTime:4.900472
#IT Ite:30 KerTime:0.163290 AccTime:5.063762
#IT Ite:31 KerTime:0.163293 AccTime:5.227055
#IT Ite:32 KerTime:0.163288 AccTime:5.390343
#IT Ite:33 KerTime:0.163305 AccTime:5.553648
#IT Ite:34 KerTime:0.163356 AccTime:5.717004
#IT Ite:35 KerTime:0.163230 AccTime:5.880234
#IT Ite:36 KerTime:0.163196 AccTime:6.043430
#IT Ite:37 KerTime:0.163282 AccTime:6.206712
#IT Ite:38 KerTime:0.163230 AccTime:6.369942
#IT Ite:39 KerTime:0.163328 AccTime:6.533270
#IT Ite:40 KerTime:0.163321 AccTime:6.696591
#ERR The link between Val and Key arrays in incorrect. index=1387116 wrong_key=88587443 val=7104246 correct_key_pointed_by_val=88587971
#SDC Ite:40 KerTime:0.163321 AccTime:6.696591 KerErr:1 AccErr:1
#IT Ite:41 KerTime:0.163266 AccTime:6.859857
#IT Ite:42 KerTime:0.163201 AccTime:7.023058
#IT Ite:43 KerTime:0.163243 AccTime:7.186301
#IT Ite:44 KerTime:0.163362 AccTime:7.349663
#IT Ite:45 KerTime:0.163247 AccTime:7.512910
#IT Ite:46 KerTime:0.163304 AccTime:7.676214
#IT Ite:47 KerTime:0.163343 AccTime:7.839557
#IT Ite:48 KerTime:0.163310 AccTime:8.002867
#IT Ite:49 KerTime:0.163349 AccTime:8.166216
#IT Ite:50 KerTime:0.163308 AccTime:8.329524
#IT Ite:51 KerTime:0.163343 AccTime:8.492867
#IT Ite:52 KerTime:0.163222 AccTime:8.656089
#IT Ite:53 KerTime:0.163355 AccTime:8.819444
#IT Ite:54 KerTime:0.163258 AccTime:8.982702
#IT Ite:55 KerTime:0.163262 AccTime:9.145964
#IT Ite:56 KerTime:0.163301 AccTime:9.309265
#IT Ite:57 KerTime:0.163387 AccTime:9.472652
#IT Ite:58 KerTime:0.163383 AccTime:9.636035
#IT Ite:59 KerTime:0.163293 AccTime:9.799328
#IT Ite:60 KerTime:0.163179 AccTime:9.962507
#IT Ite:61 KerTime:0.163328 AccTime:10.125835
#IT Ite:62 KerTime:0.163273 AccTime:10.289108
#IT Ite:63 KerTime:0.163215 AccTime:10.452323
#IT Ite:64 KerTime:0.163373 AccTime:10.615696
#IT Ite:65 KerTime:0.163404 AccTime:10.779100
#IT Ite:66 KerTime:0.163279 AccTime:10.942379
#IT Ite:67 KerTime:0.163310 AccTime:11.105689
#IT Ite:68 KerTime:0.163370 AccTime:11.269059
#IT Ite:69 KerTime:0.163310 AccTime:11.432369
#IT Ite:70 KerTime:0.163274 AccTime:11.595643
#IT Ite:71 KerTime:0.163413 AccTime:11.759056
#IT Ite:72 KerTime:0.163260 AccTime:11.922316
#IT Ite:73 KerTime:0.163212 AccTime:12.085528
#IT Ite:74 KerTime:0.163228 AccTime:12.248756
#IT Ite:75 KerTime:0.163227 AccTime:12.411983
#IT Ite:76 KerTime:0.163271 AccTime:12.575254
#IT Ite:77 KerTime:0.163284 AccTime:12.738538
#IT Ite:78 KerTime:0.163335 AccTime:12.901873
#IT Ite:79 KerTime:0.163240 AccTime:13.065113
#IT Ite:80 KerTime:0.163208 AccTime:13.228321
#IT Ite:81 KerTime:0.163251 AccTime:13.391572
#IT Ite:82 KerTime:0.163236 AccTime:13.554808
#IT Ite:83 KerTime:0.163268 AccTime:13.718076
#IT Ite:84 KerTime:0.163349 AccTime:13.881425
#IT Ite:85 KerTime:0.163319 AccTime:14.044744
#IT Ite:86 KerTime:0.163292 AccTime:14.208036
#IT Ite:87 KerTime:0.163334 AccTime:14.371370
#IT Ite:88 KerTime:0.163244 AccTime:14.534614
#IT Ite:89 KerTime:0.163335 AccTime:14.697949
#IT Ite:90 KerTime:0.163313 AccTime:14.861262
#IT Ite:91 KerTime:0.163295 AccTime:15.024557
#IT Ite:92 KerTime:0.163351 AccTime:15.187908
#IT Ite:93 KerTime:0.163289 AccTime:15.351197
#IT Ite:94 KerTime:0.163456 AccTime:15.514653
#IT Ite:95 KerTime:0.163246 AccTime:15.677899
#IT Ite:96 KerTime:0.163408 AccTime:15.841307
#IT Ite:97 KerTime:0.163223 AccTime:16.004530
#IT Ite:98 KerTime:0.163252 AccTime:16.167782
#IT Ite:99 KerTime:0.163302 AccTime:16.331084
#IT Ite:100 KerTime:0.163223 AccTime:16.494307
#IT Ite:101 KerTime:0.163292 AccTime:16.657599
#IT Ite:102 KerTime:0.163301 AccTime:16.820900
#IT Ite:103 KerTime:0.163315 AccTime:16.984215
#IT Ite:104 KerTime:0.163267 AccTime:17.147482
#IT Ite:105 KerTime:0.163294 AccTime:17.310776
#IT Ite:106 KerTime:0.163296 AccTime:17.474072
#IT Ite:107 KerTime:0.163334 AccTime:17.637406
#IT Ite:108 KerTime:0.163371 AccTime:17.800777
#IT Ite:109 KerTime:0.163229 AccTime:17.964006
#IT Ite:110 KerTime:0.163308 AccTime:18.127314
#IT Ite:111 KerTime:0.163347 AccTime:18.290661
