#HEADER size:1048576
#BEGIN Y:2016 M:09 D:12 Time:22:38:51
#IT Ite:0 KerTime:2.795411 AccTime:2.795411
#ERR The histogram from element 516012423 differs. srcHist=1 dstHist=2

#ERR The histogram from element 516160623 differs. srcHist=1 dstHist=0

#ERR The histogram from element 516161566 differs. srcHist=1 dstHist=0

#ERR The histogram from element 516161672 differs. srcHist=1 dstHist=0

#ERR The histogram from element 516163728 differs. srcHist=1 dstHist=0

#ERR The histogram from element 516165073 differs. srcHist=1 dstHist=0

#ERR The histogram from element 516172243 differs. srcHist=1 dstHist=0

#ERR The histogram from element 516208124 differs. srcHist=1 dstHist=0

#ERR The histogram from element 516209072 differs. srcHist=1 dstHist=0

#ERR The histogram from element 516209950 differs. srcHist=1 dstHist=0

#ERR The histogram from element 516211570 differs. srcHist=1 dstHist=0

#ERR The histogram from element 516212290 differs. srcHist=1 dstHist=0

#ERR The histogram from element 516216740 differs. srcHist=1 dstHist=0

#ERR The histogram from element 516229056 differs. srcHist=1 dstHist=0

#ERR The histogram from element 516230523 differs. srcHist=1 dstHist=0

#ERR The histogram from element 516233142 differs. srcHist=1 dstHist=0

#ERR The histogram from element 516233420 differs. srcHist=1 dstHist=0

#ERR The histogram from element 516234237 differs. srcHist=1 dstHist=0

#ERR The histogram from element 516236255 differs. srcHist=1 dstHist=0

#ERR The histogram from element 516236485 differs. srcHist=1 dstHist=0

#ERR The histogram from element 516239482 differs. srcHist=1 dstHist=0

#ERR The histogram from element 516241553 differs. srcHist=1 dstHist=0

#ERR The histogram from element 516241829 differs. srcHist=1 dstHist=0

#ERR The histogram from element 516242455 differs. srcHist=1 dstHist=0

#ERR The histogram from element 516245491 differs. srcHist=1 dstHist=0

#ERR The histogram from element 516249203 differs. srcHist=1 dstHist=0

#ERR The histogram from element 516251445 differs. srcHist=1 dstHist=0

#ERR The histogram from element 516251514 differs. srcHist=1 dstHist=0

#ERR The histogram from element 516252713 differs. srcHist=1 dstHist=0

#ERR The histogram from element 516254105 differs. srcHist=1 dstHist=0

#ERR The histogram from element 516254788 differs. srcHist=1 dstHist=0

#ERR The histogram from element 516256016 differs. srcHist=1 dstHist=0

#ERR The histogram from element 516256929 differs. srcHist=1 dstHist=0

#ERR The histogram from element 516258221 differs. srcHist=1 dstHist=0

#ERR The histogram from element 516258932 differs. srcHist=1 dstHist=0

#ERR The histogram from element 516259337 differs. srcHist=1 dstHist=0

#ERR The histogram from element 516263874 differs. srcHist=1 dstHist=0

#ERR The histogram from element 516265116 differs. srcHist=1 dstHist=0

#ERR The histogram from element 516268845 differs. srcHist=1 dstHist=0

#ERR The histogram from element 516272951 differs. srcHist=1 dstHist=0

#ERR The histogram from element 516273808 differs. srcHist=1 dstHist=0

#ERR The histogram from element 516275213 differs. srcHist=1 dstHist=0

#ERR The histogram from element 516276323 differs. srcHist=1 dstHist=0

#ERR The histogram from element 516277417 differs. srcHist=1 dstHist=0

#ERR The histogram from element 516280010 differs. srcHist=1 dstHist=0

#ERR The histogram from element 516281892 differs. srcHist=1 dstHist=0

#ERR The histogram from element 516282070 differs. srcHist=1 dstHist=0

#ERR The histogram from element 516282483 differs. srcHist=1 dstHist=0

#ERR The histogram from element 516284153 differs. srcHist=1 dstHist=0

#ERR The histogram from element 516285673 differs. srcHist=1 dstHist=0

#ERR The histogram from element 516285787 differs. srcHist=1 dstHist=0

#ERR The histogram from element 516287072 differs. srcHist=1 dstHist=0

#ERR The histogram from element 516288728 differs. srcHist=1 dstHist=0

#ERR The histogram from element 516292643 differs. srcHist=1 dstHist=0

#ERR The histogram from element 516293144 differs. srcHist=1 dstHist=0

#ERR The histogram from element 516297593 differs. srcHist=1 dstHist=0

#ERR The histogram from element 516299055 differs. srcHist=1 dstHist=0

#ERR The histogram from element 516301583 differs. srcHist=1 dstHist=0

#ERR The histogram from element 516302029 differs. srcHist=1 dstHist=0

#ERR The histogram from element 516303833 differs. srcHist=1 dstHist=0

#ERR The histogram from element 516305597 differs. srcHist=1 dstHist=0

#ERR The histogram from element 516313500 differs. srcHist=1 dstHist=0

#ERR The histogram from element 516316280 differs. srcHist=1 dstHist=0

#ERR The histogram from element 516317409 differs. srcHist=1 dstHist=0

#ERR The histogram from element 516317867 differs. srcHist=1 dstHist=0

#ERR The histogram from element 516317871 differs. srcHist=1 dstHist=0

#ERR The histogram from element 516318177 differs. srcHist=1 dstHist=0

#ERR The histogram from element 516319368 differs. srcHist=1 dstHist=0

#ERR The histogram from element 516319786 differs. srcHist=1 dstHist=0

#ERR The histogram from element 516322226 differs. srcHist=1 dstHist=0

#ERR The histogram from element 516324554 differs. srcHist=1 dstHist=0

#ERR The histogram from element 516327867 differs. srcHist=1 dstHist=0

#ERR The histogram from element 516329245 differs. srcHist=1 dstHist=0

#ERR The histogram from element 516332653 differs. srcHist=1 dstHist=0

#ERR The histogram from element 516335417 differs. srcHist=1 dstHist=0

#ERR The histogram from element 516335757 differs. srcHist=1 dstHist=0

#ERR The histogram from element 516341000 differs. srcHist=1 dstHist=0

#ERR The histogram from element 516341253 differs. srcHist=1 dstHist=0

#ERR The histogram from element 516342656 differs. srcHist=1 dstHist=0

#ERR The histogram from element 516345408 differs. srcHist=1 dstHist=0

#ERR The histogram from element 516347703 differs. srcHist=1 dstHist=0

#ERR The histogram from element 516347789 differs. srcHist=1 dstHist=0

#ERR The histogram from element 516351039 differs. srcHist=1 dstHist=0

#ERR The histogram from element 516354916 differs. srcHist=1 dstHist=0

#ERR The histogram from element 516354969 differs. srcHist=1 dstHist=0

#ERR The histogram from element 516356157 differs. srcHist=1 dstHist=0

#ERR The histogram from element 516369287 differs. srcHist=1 dstHist=0

#ERR The histogram from element 516371777 differs. srcHist=1 dstHist=0

#ERR The histogram from element 516372507 differs. srcHist=1 dstHist=0

#ERR The histogram from element 516377996 differs. srcHist=1 dstHist=0

#ERR The histogram from element 516380682 differs. srcHist=1 dstHist=0

#ERR The histogram from element 516381151 differs. srcHist=1 dstHist=0

#ERR The histogram from element 516381904 differs. srcHist=1 dstHist=0

#ERR The histogram from element 516383640 differs. srcHist=1 dstHist=0

#ERR The histogram from element 516399173 differs. srcHist=1 dstHist=0

#ERR The histogram from element 516407483 differs. srcHist=1 dstHist=0

#ERR The histogram from element 516408436 differs. srcHist=1 dstHist=0

#ERR The histogram from element 516414737 differs. srcHist=1 dstHist=0

#ERR The histogram from element 516417974 differs. srcHist=1 dstHist=0

#ERR The histogram from element 516419594 differs. srcHist=1 dstHist=0

#ERR The histogram from element 516419820 differs. srcHist=1 dstHist=0

#ERR The histogram from element 516421337 differs. srcHist=1 dstHist=0

#ERR The histogram from element 516423121 differs. srcHist=1 dstHist=0

#ERR The histogram from element 516424279 differs. srcHist=1 dstHist=0

#ERR The histogram from element 516432557 differs. srcHist=1 dstHist=0

#ERR The histogram from element 516433471 differs. srcHist=1 dstHist=0

#ERR The histogram from element 516440080 differs. srcHist=1 dstHist=0

#ERR The histogram from element 516443262 differs. srcHist=1 dstHist=0

#ERR The histogram from element 516450557 differs. srcHist=1 dstHist=0

#ERR The histogram from element 516451625 differs. srcHist=1 dstHist=0

#ERR The histogram from element 516452895 differs. srcHist=1 dstHist=0

#ERR The histogram from element 516454912 differs. srcHist=1 dstHist=0

#ERR The histogram from element 516458627 differs. srcHist=1 dstHist=0

#ERR The histogram from element 516464133 differs. srcHist=1 dstHist=0

#ERR The histogram from element 516464354 differs. srcHist=1 dstHist=0

#ERR The histogram from element 516470345 differs. srcHist=1 dstHist=0

#ERR The histogram from element 516470611 differs. srcHist=1 dstHist=0

#ERR The histogram from element 516477391 differs. srcHist=1 dstHist=0

#ERR The histogram from element 516478216 differs. srcHist=1 dstHist=0

#ERR The histogram from element 516481195 differs. srcHist=1 dstHist=0

#ERR The histogram from element 516490176 differs. srcHist=1 dstHist=0

#ERR The histogram from element 516499985 differs. srcHist=1 dstHist=0

#ERR The histogram from element 516501925 differs. srcHist=1 dstHist=0

#ERR The histogram from element 516503924 differs. srcHist=1 dstHist=0

#ERR The histogram from element 516503941 differs. srcHist=1 dstHist=0

#ERR The histogram from element 516505331 differs. srcHist=1 dstHist=0

#ERR The histogram from element 516651259 differs. srcHist=1 dstHist=2

#ERR The histogram from element 516657445 differs. srcHist=1 dstHist=2

#ERR The histogram from element 516661394 differs. srcHist=1 dstHist=2

#ERR The histogram from element 516662273 differs. srcHist=1 dstHist=2

#ERR The histogram from element 516663545 differs. srcHist=1 dstHist=2

#ERR The histogram from element 516663902 differs. srcHist=1 dstHist=2

#ERR The histogram from element 516666949 differs. srcHist=1 dstHist=2

#ERR The histogram from element 516679202 differs. srcHist=1 dstHist=2

#ERR The histogram from element 516681797 differs. srcHist=1 dstHist=2

#ERR The histogram from element 516683387 differs. srcHist=1 dstHist=2

#ERR The histogram from element 516690799 differs. srcHist=1 dstHist=2

#ERR The histogram from element 516693800 differs. srcHist=1 dstHist=2

#ERR The histogram from element 516704600 differs. srcHist=1 dstHist=2

#ERR The histogram from element 516719052 differs. srcHist=1 dstHist=2

#ERR The histogram from element 516720195 differs. srcHist=1 dstHist=2

#ERR The histogram from element 516741666 differs. srcHist=1 dstHist=2

#ERR The histogram from element 516744919 differs. srcHist=1 dstHist=2

#ERR The histogram from element 516749590 differs. srcHist=1 dstHist=2

#ERR The histogram from element 516752621 differs. srcHist=1 dstHist=2

#ERR The histogram from element 516753798 differs. srcHist=1 dstHist=2

#ERR The histogram from element 516756384 differs. srcHist=1 dstHist=2

#ERR The histogram from element 516759590 differs. srcHist=1 dstHist=2

#ERR The histogram from element 516763620 differs. srcHist=1 dstHist=2

#ERR The histogram from element 516770506 differs. srcHist=1 dstHist=2

#ERR The histogram from element 516770912 differs. srcHist=1 dstHist=2

#ERR The histogram from element 516796562 differs. srcHist=1 dstHist=2

#ERR The histogram from element 516801574 differs. srcHist=1 dstHist=2

#ERR The histogram from element 516804769 differs. srcHist=1 dstHist=2

#ERR The histogram from element 516811091 differs. srcHist=1 dstHist=2

#ERR The histogram from element 516815304 differs. srcHist=1 dstHist=2

#ERR The histogram from element 516817402 differs. srcHist=1 dstHist=2

#ERR The histogram from element 516818873 differs. srcHist=1 dstHist=2

#ERR The histogram from element 516834298 differs. srcHist=1 dstHist=2

#ERR The histogram from element 516839227 differs. srcHist=1 dstHist=2

#ERR The histogram from element 516843740 differs. srcHist=1 dstHist=2

#ERR The histogram from element 516844368 differs. srcHist=1 dstHist=2

#ERR The histogram from element 516845216 differs. srcHist=1 dstHist=2

#ERR The histogram from element 516847775 differs. srcHist=1 dstHist=2

#ERR The histogram from element 516850272 differs. srcHist=1 dstHist=2

#ERR The histogram from element 516850898 differs. srcHist=1 dstHist=2

#ERR The histogram from element 516850959 differs. srcHist=1 dstHist=2

#ERR The histogram from element 516851831 differs. srcHist=1 dstHist=2

#ERR The histogram from element 516854730 differs. srcHist=1 dstHist=2

#ERR The histogram from element 516855686 differs. srcHist=1 dstHist=2

#ERR The histogram from element 516860007 differs. srcHist=1 dstHist=2

#ERR The histogram from element 516865553 differs. srcHist=1 dstHist=2

#ERR The histogram from element 516870861 differs. srcHist=1 dstHist=2

#ERR The histogram from element 516873382 differs. srcHist=1 dstHist=2

#ERR The histogram from element 516877631 differs. srcHist=1 dstHist=2

#ERR The histogram from element 516878434 differs. srcHist=1 dstHist=2

#ERR The histogram from element 516888058 differs. srcHist=1 dstHist=2

#ERR The histogram from element 516890164 differs. srcHist=1 dstHist=2

#ERR The histogram from element 516898147 differs. srcHist=1 dstHist=2

#ERR The histogram from element 516902109 differs. srcHist=1 dstHist=2

#ERR The histogram from element 516902110 differs. srcHist=1 dstHist=2

#ERR The histogram from element 516902561 differs. srcHist=1 dstHist=2

#ERR The histogram from element 516905463 differs. srcHist=1 dstHist=2

#ERR The histogram from element 516909120 differs. srcHist=1 dstHist=2

#ERR The histogram from element 516910638 differs. srcHist=1 dstHist=2

#ERR The histogram from element 516914473 differs. srcHist=1 dstHist=2

#ERR The histogram from element 516921479 differs. srcHist=1 dstHist=2

#ERR The histogram from element 516926562 differs. srcHist=1 dstHist=2

#ERR The histogram from element 516926707 differs. srcHist=1 dstHist=2

#ERR The histogram from element 516927027 differs. srcHist=1 dstHist=2

#ERR The histogram from element 2066987275 differs. srcHist=1 dstHist=2

#ERR The histogram from element 2066989705 differs. srcHist=1 dstHist=2

#ERR The histogram from element 2066992542 differs. srcHist=1 dstHist=2

#ERR The histogram from element 2067000561 differs. srcHist=1 dstHist=2

#ERR The histogram from element 2067003815 differs. srcHist=1 dstHist=2

#ERR The histogram from element 2067050907 differs. srcHist=1 dstHist=2

#ERR The histogram from element 2067051118 differs. srcHist=1 dstHist=2

#ERR The histogram from element 2067055548 differs. srcHist=1 dstHist=2

#ERR The histogram from element 2067067466 differs. srcHist=1 dstHist=2

#ERR The histogram from element 2067068528 differs. srcHist=1 dstHist=2

#ERR The histogram from element 2067072739 differs. srcHist=1 dstHist=2

#ERR The histogram from element 2067076174 differs. srcHist=1 dstHist=2

#ERR The histogram from element 2067084054 differs. srcHist=1 dstHist=2

#ERR The histogram from element 2067105805 differs. srcHist=1 dstHist=2

#ERR The histogram from element 2067127594 differs. srcHist=1 dstHist=2

#ERR The histogram from element 2067132462 differs. srcHist=1 dstHist=2

#ERR The histogram from element 2067140351 differs. srcHist=1 dstHist=2

#ERR The histogram from element 2067146465 differs. srcHist=1 dstHist=2

#ERR The histogram from element 2067152041 differs. srcHist=1 dstHist=2

#ERR The histogram from element 2067152973 differs. srcHist=1 dstHist=2

#ERR The histogram from element 2067153266 differs. srcHist=1 dstHist=2

#ERR The histogram from element 2067158231 differs. srcHist=1 dstHist=2

#ERR The histogram from element 2067173734 differs. srcHist=1 dstHist=2

#ERR The histogram from element 2067189385 differs. srcHist=1 dstHist=2

#ERR The histogram from element 2067196985 differs. srcHist=1 dstHist=2

#ERR The histogram from element 2067198754 differs. srcHist=1 dstHist=2

#ERR The histogram from element 2067206138 differs. srcHist=1 dstHist=2

#ERR The histogram from element 2067224702 differs. srcHist=1 dstHist=2

#ERR The histogram from element 2067228950 differs. srcHist=1 dstHist=2

#ERR The histogram from element 2067243370 differs. srcHist=1 dstHist=2

#ERR The histogram from element 2067243977 differs. srcHist=1 dstHist=2

#ERR The histogram from element 2067254604 differs. srcHist=1 dstHist=2

#ERR The histogram from element 2067258384 differs. srcHist=1 dstHist=2

#ERR The histogram from element 2067260320 differs. srcHist=1 dstHist=2

#ERR The histogram from element 2067273801 differs. srcHist=1 dstHist=2

#ERR The histogram from element 2067282781 differs. srcHist=1 dstHist=2

#ERR The histogram from element 2067286729 differs. srcHist=1 dstHist=2

#ERR The histogram from element 2067307691 differs. srcHist=1 dstHist=2

#ERR The histogram from element 2067312011 differs. srcHist=1 dstHist=2

#ERR The histogram from element 2067315008 differs. srcHist=1 dstHist=2

#ERR The histogram from element 2067331166 differs. srcHist=1 dstHist=2

#ERR The histogram from element 2067331937 differs. srcHist=1 dstHist=2

#ERR The histogram from element 2067345558 differs. srcHist=1 dstHist=2

#ERR The histogram from element 2067366383 differs. srcHist=1 dstHist=2

#ERR The histogram from element 2067366671 differs. srcHist=1 dstHist=2

#ERR The histogram from element 2067377969 differs. srcHist=1 dstHist=2

#ERR The histogram from element 2067390713 differs. srcHist=1 dstHist=2

#ERR The histogram from element 2067399855 differs. srcHist=1 dstHist=2

#ERR The histogram from element 2067414547 differs. srcHist=1 dstHist=2

#ERR The histogram from element 2067415459 differs. srcHist=1 dstHist=2

#ERR The histogram from element 2067439933 differs. srcHist=1 dstHist=2

#ERR The histogram from element 2067455920 differs. srcHist=1 dstHist=2

#ERR The histogram from element 2067469424 differs. srcHist=1 dstHist=2

#ERR The histogram from element 2067475222 differs. srcHist=1 dstHist=2

#ERR The histogram from element 2067477554 differs. srcHist=1 dstHist=2

#ERR The histogram from element 2067487795 differs. srcHist=1 dstHist=2

#ERR The histogram from element 2067502600 differs. srcHist=1 dstHist=2

#ERR The histogram from element 2067506357 differs. srcHist=1 dstHist=2

#ERR The histogram from element 2067537231 differs. srcHist=1 dstHist=2

#ERR The histogram from element 2067538271 differs. srcHist=1 dstHist=2

#ERR Elements not ordered. index=252348 2067538271>516022874
#ERR Elements not ordered. index=252415 516159380>516012423
#ERR Elements not ordered. index=252445 516207284>515789697
#ERR Elements not ordered. index=252564 516927027>516356385
#SDC Ite:0 KerTime:2.795411 AccTime:2.795411 KerErr:254 AccErr:254
#END