#HEADER size:1048576
#BEGIN Y:2016 M:09 D:12 Time:23:14:36
#IT Ite:0 KerTime:2.791096 AccTime:2.791096
#ERR The histogram from element 204113857 differs. srcHist=1 dstHist=2

#ERR The histogram from element 236135765 differs. srcHist=1 dstHist=2

#ERR The histogram from element 236138485 differs. srcHist=1 dstHist=2

#ERR The histogram from element 236139554 differs. srcHist=1 dstHist=2

#ERR The histogram from element 309274595 differs. srcHist=1 dstHist=0

#ERR The histogram from element 309305939 differs. srcHist=1 dstHist=0

#ERR The histogram from element 309310789 differs. srcHist=1 dstHist=0

#ERR The histogram from element 309311658 differs. srcHist=1 dstHist=2

#ERR The histogram from element 309311863 differs. srcHist=1 dstHist=2

#ERR The histogram from element 309349345 differs. srcHist=1 dstHist=0

#ERR The histogram from element 309357668 differs. srcHist=1 dstHist=0

#ERR The histogram from element 309380813 differs. srcHist=1 dstHist=2

#ERR The histogram from element 309381557 differs. srcHist=1 dstHist=2

#ERR The histogram from element 309414813 differs. srcHist=1 dstHist=0

#ERR The histogram from element 309444100 differs. srcHist=1 dstHist=0

#ERR The histogram from element 309444194 differs. srcHist=1 dstHist=0

#ERR The histogram from element 309450918 differs. srcHist=1 dstHist=0

#ERR The histogram from element 309452014 differs. srcHist=1 dstHist=0

#ERR The histogram from element 309452015 differs. srcHist=1 dstHist=0

#ERR The histogram from element 309461364 differs. srcHist=1 dstHist=0

#ERR The histogram from element 309467303 differs. srcHist=1 dstHist=0

#ERR The histogram from element 309471107 differs. srcHist=1 dstHist=0

#ERR The histogram from element 309588656 differs. srcHist=1 dstHist=2

#ERR The histogram from element 309610517 differs. srcHist=1 dstHist=0

#ERR The histogram from element 309672950 differs. srcHist=1 dstHist=2

#ERR The histogram from element 309678578 differs. srcHist=1 dstHist=2

#ERR The histogram from element 309684722 differs. srcHist=1 dstHist=2

#ERR The histogram from element 309691327 differs. srcHist=1 dstHist=2

#ERR The histogram from element 309691690 differs. srcHist=1 dstHist=2

#ERR The histogram from element 310347377 differs. srcHist=1 dstHist=2

#ERR Elements not ordered. index=150802 309303610>204113857
#ERR Elements not ordered. index=150805 309311863>309308075
#ERR Elements not ordered. index=150825 309381557>309340841
#ERR Elements not ordered. index=150862 309588656>309418210
#ERR Elements not ordered. index=150891 309691690>236135765
#ERR Elements not ordered. index=150951 310347377>309612821
#SDC Ite:0 KerTime:2.791096 AccTime:2.791096 KerErr:36 AccErr:36
#END