#HEADER streams: 1 boxes:10 block_size:192
#BEGIN Y:2016 M:09 D:04 Time:13:25:47
#IT Ite:0 KerTime:87.323173 AccTime:87.323173
#ERR stream: 0, p: [95424], ea: 4, v_r: -1.3090382105563006e+03, v_e: 1.7706499944838881e+03, x_r: -1.4787626140319121e+03, x_e: 5.5840126940816795e+01, y_r: -5.2716664960764467e+02, y_e: -1.2524656253333346e+03, z_r: -1.0478657382616827e+03, z_e: 8.9648555647405303e+01

#ERR stream: 0, p: [191214], ea: 4, v_r: 8.3040435129076502e+02, v_e: 8.3040435129076502e+02, x_r: 3.3677804102858670e+02, x_e: 3.3677804102858670e+02, y_r: -5.7543134407717298e+02, y_e: -5.7543134407717298e+02, z_r: -5.7751684471557178e+02, z_e: -5.7751684471557178e+02

#ERR stream: 0, p: [95425], ea: 0, v_r: -1.3273596039639133e+03, v_e: 2.6293627046356560e+03, x_r: -2.7056924340301666e+03, x_e: 1.6002145036231002e+03, y_r: -3.2210481234558929e+03, y_e: 2.1734241809834120e+03, z_r: -1.7510049148674514e+03, z_e: 6.4176433284924417e+02

#ERR stream: 0, p: [95426], ea: 4, v_r: -1.5065721032888557e+03, v_e: 2.2418799304355771e+03, x_r: -2.4285760381127338e+03, x_e: 9.3248206531792914e+02, y_r: -1.3120291108137183e+03, y_e: -7.2638975707165787e+02, z_r: -1.0024354592669588e+03, z_e: -3.1602106943194917e+02

#ERR stream: 0, p: [95427], ea: 4, v_r: -1.1027062250101899e+03, v_e: 1.4376009886708957e+03, x_r: -9.9696305763182340e+02, x_e: -2.3038284580018825e+02, y_r: -6.2301187166025579e+02, y_e: -7.4214901274410590e+02, z_r: -4.4713301515219297e+02, z_e: -4.7856823729342699e+02

#ERR stream: 0, p: [95428], ea: 4, v_r: -1.0592227699930927e+03, v_e: 1.2148104946170972e+03, x_r: -6.7354646675002653e+02, x_e: -4.2805871404666487e+02, y_r: -4.5547739648640771e+01, y_e: -1.0936721167318969e+03, z_r: 2.7172495673276751e+02, z_e: -1.1041140634891319e+03

#ERR stream: 0, p: [95429], ea: 4, v_r: -9.8080102907523883e+02, v_e: 1.3008108716036963e+03, x_r: -9.0055594632709949e+02, x_e: -2.0797871273921467e+02, y_r: -9.5033829831779644e+02, y_e: -1.7348495133070477e+02, z_r: -4.1363533227431901e+01, z_e: -9.3167461466176394e+02

#ERR stream: 0, p: [95430], ea: 4, v_r: -1.3283172728167899e+03, v_e: 1.8638705171812237e+03, x_r: -2.1010175547909839e+03, x_e: 7.7558080949912676e+02, y_r: -1.0512821143589358e+03, y_e: -6.0508755003847921e+02, z_r: -5.8410598702026753e+01, z_e: -1.3356790368389732e+03

#ERR stream: 0, p: [95431], ea: 4, v_r: -9.7516048818417676e+02, v_e: 1.1284243036793400e+03, x_r: -2.1431315083596127e+02, x_e: -8.3090633553388932e+02, y_r: -2.7354270066560639e+02, y_e: -7.9948721638750760e+02, z_r: -1.5456066859579286e+02, z_e: -5.9221843765406629e+02

#ERR stream: 0, p: [95432], ea: 4, v_r: -9.2786582308213463e+02, v_e: 1.4294120932240780e+03, x_r: -9.3413408940261093e+02, x_e: -2.2762538844293732e+02, y_r: -1.9744830477101443e+03, y_e: 1.1792756765685203e+03, z_r: -1.6902566665501479e+02, z_e: -1.0222218349733132e+03

#ERR stream: 0, p: [95433], ea: 4, v_r: -1.3669245846517456e+03, v_e: 1.9225705828901418e+03, x_r: -2.4395758322531296e+03, x_e: 1.1682743363158202e+03, y_r: -2.7705759293287525e+02, y_e: -1.7280752723399878e+03, z_r: -8.1588380680305579e+02, z_e: -2.7230921486897250e+02

#ERR stream: 0, p: [95434], ea: 4, v_r: -1.0555905323036122e+03, v_e: 1.3293524147148983e+03, x_r: -7.1163253878931766e+02, x_e: -4.6853338111192966e+02, y_r: -3.6844003613128450e+02, y_e: -9.4093280239296757e+02, z_r: -6.1192125494349557e+02, z_e: -1.8765338345065598e+02

#ERR stream: 0, p: [95435], ea: 4, v_r: -1.5029203202105007e+03, v_e: 2.6604400974715209e+03, x_r: -1.3062662789414749e+03, x_e: -9.3544277602516456e+02, y_r: -3.5498045746113376e+03, y_e: 2.1986722893070182e+03, z_r: -2.5015565577895513e+03, z_e: 1.6712631730799769e+03

#ERR stream: 0, p: [95436], ea: 4, v_r: -1.0004200038175329e+03, v_e: 1.6349582720207811e+03, x_r: -6.0713340780269539e+02, x_e: -8.8857708313026626e+02, y_r: -2.2593445810817120e+03, y_e: 1.3502478148086277e+03, z_r: -1.2204592511140313e+03, z_e: 3.9958161714035839e+02

#ERR stream: 0, p: [95437], ea: 4, v_r: -1.1074794522663854e+03, v_e: 2.0885555869511968e+03, x_r: -1.4901026765126880e+03, x_e: 6.7617582001866566e+01, y_r: -2.6788947123503976e+03, y_e: 1.7265698930081808e+03, z_r: -1.8807706641847383e+03, z_e: 1.3117987794554504e+03

#ERR stream: 0, p: [95438], ea: 4, v_r: -1.3496680940989584e+03, v_e: 1.8077479134836331e+03, x_r: -1.5235375097164799e+03, x_e: 5.7434416853561345e+01, y_r: -7.8331313806159210e+02, y_e: -9.3300269198011313e+02, z_r: -5.5824074091481725e+02, z_e: -6.0188760712122939e+02

#ERR stream: 0, p: [95439], ea: 4, v_r: -1.1355290879968272e+03, v_e: 1.8068448557662502e+03, x_r: -1.3922906647310333e+03, x_e: 5.7700238945897070e+01, y_r: -1.5787393770156182e+03, y_e: 1.0786531583818297e+02, z_r: -1.5106014309742659e+03, z_e: 7.8650813814308992e+02

#ERR stream: 0, p: [95440], ea: 4, v_r: -9.3290330084525249e+02, v_e: 1.2060336767915226e+03, x_r: -1.2337037275910834e+03, x_e: 2.6991795930863333e+02, y_r: -3.0266778098837290e+02, y_e: -8.5392922304786077e+02, z_r: 1.1138018602084045e+01, z_e: -8.6469474522751545e+02

#ERR stream: 0, p: [95441], ea: 4, v_r: -1.1395280448693202e+03, v_e: 1.5998689598531039e+03, x_r: -3.5880968493247065e+02, x_e: -1.1765101553255306e+03, y_r: -2.1286683785937003e+03, y_e: 1.0129320406923124e+03, z_r: -3.7618010124752897e+02, z_e: -8.3723912969470950e+02

#ERR stream: 0, p: [95442], ea: 4, v_r: -1.1988210477964815e+03, v_e: 2.2478895090228502e+03, x_r: -2.6518867713374320e+03, x_e: 1.7998334725747548e+03, y_r: -2.5418834202628213e+03, y_e: 1.4264365526022864e+03, z_r: -1.0320819220630283e+03, z_e: -3.1471943290679991e+02

#ERR stream: 0, p: [95443], ea: 4, v_r: -1.2326252636921747e+03, v_e: 1.8908291102849614e+03, x_r: -2.2724672739656417e+03, x_e: 1.1496508551706261e+03, y_r: -1.0988759188442868e+03, y_e: -6.1242237645826287e+02, z_r: -8.3388553376523657e+02, z_e: -2.6664352624943427e+02

#ERR stream: 0, p: [95444], ea: 4, v_r: -1.5608132853652155e+03, v_e: 2.2414413061056143e+03, x_r: -1.4794077227519422e+03, x_e: -3.5977404825657788e+02, y_r: -1.0830576066755775e+03, y_e: -1.1547993758558712e+03, z_r: -2.2431297044863895e+03, z_e: 1.4045974211571061e+03

#ERR stream: 0, p: [95445], ea: 4, v_r: -9.4518417215841066e+02, v_e: 1.3860996745230175e+03, x_r: -3.1626935644507830e+02, x_e: -1.0194547740302578e+03, y_r: -1.8229440109487930e+03, y_e: 8.7820029626414828e+02, z_r: -7.0874445243421189e+02, z_e: -1.9344656858898745e+02

#ERR stream: 0, p: [95446], ea: 4, v_r: -1.1064399860974258e+03, v_e: 1.5647744011024095e+03, x_r: -1.1254342671820955e+02, x_e: -1.4515376266525400e+03, y_r: -1.8879453459723111e+03, y_e: 6.9157732514503311e+02, z_r: -1.0168922910176516e+03, z_e: 8.1615149640131008e+01

#ERR stream: 0, p: [95447], ea: 4, v_r: -1.1932853860768355e+03, v_e: 1.6468345229988975e+03, x_r: -1.1088404193494328e+03, x_e: -2.6417294523127947e+02, y_r: -7.6343610851677215e+02, y_e: -8.4913655305806390e+02, z_r: -1.2210527502092229e+03, z_e: 3.9984422633233481e+02

#ERR stream: 0, p: [95448], ea: 4, v_r: -1.5086751474405021e+03, v_e: 2.5094310193199631e+03, x_r: -1.2516376779534648e+03, x_e: -8.8254173266216890e+02, y_r: -3.1270517130697344e+03, y_e: 1.5922344335391997e+03, z_r: -2.1267634124144815e+03, z_e: 1.0942170658736761e+03

#ERR stream: 0, p: [95449], ea: 4, v_r: -1.2018981803998051e+03, v_e: 1.6893483995146094e+03, x_r: -2.1546352552849066e+03, x_e: 1.0272504087082250e+03, y_r: -6.9978098945752492e+02, y_e: -8.7198191550674676e+02, z_r: -3.4322411747247216e+01, z_e: -1.2110716443480553e+03

#ERR stream: 0, p: [95450], ea: 4, v_r: -1.0382416350988208e+03, v_e: 1.3274339479785260e+03, x_r: -5.7453151002595142e+01, x_e: -1.2316098258750483e+03, y_r: -1.2338081011046311e+03, y_e: 7.7230956339333730e+01, z_r: -4.6530614129204980e+02, z_e: -4.4076957374647247e+02

#ERR stream: 0, p: [95451], ea: 4, v_r: -1.4571020204358492e+03, v_e: 2.0563169382359929e+03, x_r: -1.5426640776775326e+02, x_e: -1.9066267645786388e+03, y_r: -3.0397117693876862e+03, y_e: 1.6958467624381092e+03, z_r: -5.1047440414498885e+02, z_e: -1.0755395024010497e+03

#ERR stream: 0, p: [95452], ea: 4, v_r: -1.1494437977285759e+03, v_e: 1.4414043596474448e+03, x_r: -2.8249773296992129e+02, x_e: -1.0619783680758899e+03, y_r: -2.1821296484802804e+02, y_e: -1.2957035494028894e+03, z_r: -1.5644988255748312e+03, z_e: 9.0285896215596449e+02

#ERR stream: 0, p: [95453], ea: 4, v_r: -1.1817590958177918e+03, v_e: 1.3779893992646425e+03, x_r: -2.6620651621121033e+02, x_e: -1.0144066513609359e+03, y_r: -5.6846189071693925e+02, y_e: -7.1250668637746924e+02, z_r: 2.8840744736488695e+01, z_e: -9.8730374465040563e+02

#ERR stream: 0, p: [95454], ea: 4, v_r: -1.4495958950000991e+03, v_e: 2.3904203519207827e+03, x_r: -5.6964419837048445e+02, x_e: -1.7587005812582508e+03, y_r: -3.0488531705403543e+03, y_e: 1.5171429114190009e+03, z_r: -2.6245999823823363e+03, z_e: 1.9601717062175194e+03

#ERR stream: 0, p: [95455], ea: 4, v_r: -1.0739064391380200e+03, v_e: 1.4889551849514437e+03, x_r: -9.4481613961601639e+01, x_e: -1.3817580665324283e+03, y_r: -1.3924183593696825e+03, y_e: 8.7909936337363803e+01, z_r: -1.3719437256930439e+03, z_e: 6.4849350044503808e+02

#ERR stream: 0, p: [95456], ea: 4, v_r: -1.0761104935327789e+03, v_e: 1.5686679049919182e+03, x_r: -1.2769416377115954e+03, x_e: 5.1098112302244282e+01, y_r: -1.7729736696622515e+03, y_e: 6.9261303994621824e+02, z_r: 8.2871346588239319e+01, z_e: -1.4235772898756704e+03

#ERR stream: 0, p: [95457], ea: 4, v_r: -1.2733339154171013e+03, v_e: 1.9353059229963071e+03, x_r: -2.6149277513316151e+03, x_e: 1.5486924259754906e+03, y_r: -1.0906093201830242e+03, y_e: -6.2741718212996227e+02, z_r: -3.4614134909921466e+02, z_e: -1.0157588662701369e+03

#ERR stream: 0, p: [95458], ea: 4, v_r: -1.4139517108204452e+03, v_e: 2.0085981583556731e+03, x_r: -4.4875097918051165e+02, x_e: -1.4775649601314983e+03, y_r: -2.3936456510031430e+03, y_e: 8.8756777310170276e+02, z_r: -1.0169666036748602e+03, z_e: -2.8076528344028009e+02

#ERR stream: 0, p: [95459], ea: 4, v_r: -1.3834467740251821e+03, v_e: 2.0150772145941498e+03, x_r: -1.9332691861103895e+03, x_e: 4.5234936753409556e+02, y_r: -1.9847499704933564e+03, y_e: 5.0373475097105432e+02, z_r: 1.3065754899331682e+02, z_e: -1.8292594227380114e+03

#ERR stream: 0, p: [95460], ea: 4, v_r: -1.0239020208506454e+03, v_e: 1.8283190846218968e+03, x_r: -2.2291159826448879e+03, x_e: 1.4641127258497775e+03, y_r: -2.0920464975909908e+03, y_e: 1.1593878838768551e+03, z_r: -4.4127553785772028e+02, z_e: -9.5763626482251891e+02

#ERR stream: 0, p: [95461], ea: 4, v_r: -1.4471922116042124e+03, v_e: 1.7807804875119027e+03, x_r: -5.9333013613539599e+01, x_e: -1.6520454380233693e+03, y_r: -1.6491132791154832e+03, y_e: 1.0283842600355015e+02, z_r: -5.2025834748218514e+01, z_e: -1.2746638184374508e+03

#ERR stream: 0, p: [95462], ea: 4, v_r: -1.2390957730659511e+03, v_e: 1.4918547467782898e+03, x_r: -8.1769419003647806e+02, x_e: -5.2528191839516205e+02, y_r: -5.9971077065341808e+02, y_e: -7.7128910004373961e+02, z_r: 2.6752384212485646e+02, z_e: -1.3552942579238422e+03

#ERR stream: 0, p: [95463], ea: 4, v_r: -1.2432249172132570e+03, v_e: 2.1701219667588539e+03, x_r: -2.4215814672630131e+03, x_e: 1.3213629958356159e+03, y_r: -2.7635018813687857e+03, y_e: 1.7914164016643169e+03, z_r: -2.9494687462449201e+02, z_e: -1.5524491473021840e+03

#ERR stream: 0, p: [95464], ea: 4, v_r: -1.2151130944073325e+03, v_e: 2.0160389254428078e+03, x_r: -1.7765619049078978e+03, x_e: 4.5107287533037572e+02, y_r: -1.5072157192747675e+03, y_e: -2.6496010547297385e+02, z_r: -2.1039872440399245e+03, z_e: 1.6509735720694962e+03

#ERR stream: 0, p: [95465], ea: 4, v_r: -1.1040183864675373e+03, v_e: 1.8266104917775006e+03, x_r: -1.8461548342542089e+03, x_e: 7.5927348940233856e+02, y_r: -1.1301378858316668e+03, y_e: -5.8994037866343774e+02, z_r: -1.8890058119148864e+03, z_e: 1.4953789330577683e+03

#ERR stream: 0, p: [95466], ea: 4, v_r: -9.6037954049180473e+02, v_e: 1.1284571656955766e+03, x_r: -2.2160023897396493e+02, x_e: -8.3049515305568457e+02, y_r: -6.5469333266557499e+02, y_e: -3.6745814763525158e+02, z_r: 1.9914786954597244e+02, z_e: -1.0247955517644139e+03

#ERR stream: 0, p: [95467], ea: 4, v_r: -1.0813908722151546e+03, v_e: 1.3315958210545195e+03, x_r: -2.5840248651119475e+02, x_e: -9.8101719204926178e+02, y_r: -1.8016132146776818e+02, y_e: -1.1972661713720399e+03, z_r: -1.2506851494924088e+03, z_e: 5.7850399080862371e+02

#ERR stream: 0, p: [95468], ea: 4, v_r: -1.4383324388854369e+03, v_e: 1.9448230359152346e+03, x_r: -1.2624395705124206e+02, x_e: -1.8030400643877565e+03, y_r: -2.9170248789479888e+03, y_e: 1.6030283626008356e+03, z_r: 9.8642441472320073e+01, z_e: -1.7635200414716280e+03

#ERR stream: 0, p: [95469], ea: 4, v_r: -1.3703236137941046e+03, v_e: 1.9664592635886074e+03, x_r: -1.3078511623707197e+03, x_e: -3.1483844865932957e+02, y_r: -1.4716704230315643e+03, y_e: -2.6058760603005635e+02, z_r: -1.1926136377974924e+03, z_e: 1.0089624445823935e+02

#ERR stream: 0, p: [95470], ea: 4, v_r: -9.5394495320152066e+02, v_e: 1.5583495325809265e+03, x_r: -1.8019535736073133e+03, x_e: 9.4786151108326476e+02, y_r: -1.2993035309073523e+03, y_e: 9.2598191912009611e+01, z_r: -7.0329690503292818e+02, z_e: -2.1909881480531206e+02

#ERR stream: 0, p: [95471], ea: 4, v_r: -1.0929316309083986e+03, v_e: 1.6593951003680841e+03, x_r: -1.5512422918794457e+03, x_e: 3.7230652642274350e+02, y_r: -1.6304905577386514e+03, y_e: 4.1554127273814231e+02, z_r: -3.5341751051888338e+02, z_e: -8.6958416581936183e+02

#ERR stream: 0, p: [95472], ea: 4, v_r: -1.2276443555048734e+03, v_e: 1.4085385492330506e+03, x_r: -1.3919975022576146e+01, x_e: -1.3070351069515220e+03, y_r: -8.2304444770672103e+02, y_e: -4.5885806822236674e+02, z_r: 2.6189973325518542e+02, z_e: -1.2790710791497054e+03

#ERR stream: 0, p: [95473], ea: 4, v_r: -1.0840634371575682e+03, v_e: 1.6302199011579025e+03, x_r: -1.9773928194678597e+03, x_e: 9.9063477573721855e+02, y_r: -5.2436445429697483e+02, y_e: -1.1522044522061740e+03, z_r: -1.1228389979460435e+03, z_e: 3.9513540465392327e+02

#ERR stream: 0, p: [95474], ea: 4, v_r: -9.6862809779608438e+02, v_e: 1.7463924929487694e+03, x_r: -1.0601838845440245e+03, x_e: -2.7907409625173972e+02, y_r: -2.1096890846892411e+03, y_e: 1.1090688807668464e+03, z_r: -1.7964097160816355e+03, z_e: 1.4318123412877860e+03

#ERR stream: 0, p: [95475], ea: 4, v_r: -1.0259854844528443e+03, v_e: 1.5006672618016567e+03, x_r: -1.1695246169748596e+02, x_e: -1.3924878083351571e+03, y_r: -1.6033968626750077e+03, y_e: 3.7656807532267970e+02, z_r: -1.5564201180780969e+03, z_e: 9.4193621238578282e+02

#ERR stream: 0, p: [95476], ea: 4, v_r: -1.4802405862625076e+03, v_e: 2.0034454875163574e+03, x_r: -2.3038876342937624e+03, x_e: 8.3305720457161704e+02, y_r: -5.3754008807166713e+02, y_e: -1.4178753277090091e+03, z_r: -2.9774539297209674e+02, z_e: -1.0521176665702701e+03

#ERR stream: 0, p: [95477], ea: 4, v_r: -1.2525681817903840e+03, v_e: 2.1664484649992878e+03, x_r: -2.1595888689505314e+03, x_e: 9.0290573140468086e+02, y_r: -2.7961712901912210e+03, y_e: 1.7886139276702384e+03, z_r: -5.4564150193179444e+02, z_e: -1.1339998886761330e+03

#ERR stream: 0, p: [95478], ea: 4, v_r: -1.1643982567513503e+03, v_e: 1.8460733694492524e+03, x_r: -1.6806025563470350e+03, x_e: 4.1397820188280542e+02, y_r: -1.8089530348392832e+03, y_e: 4.6308717809185566e+02, z_r: -8.6560837368920375e+02, z_e: -2.5894561489022641e+02

#ERR stream: 0, p: [95479], ea: 4, v_r: -1.3508923258790142e+03, v_e: 2.0825082437372721e+03, x_r: -7.7470364329883250e+02, x_e: -1.1319816979401712e+03, y_r: -2.6747958059729253e+03, y_e: 1.3201660947571988e+03, z_r: -1.3128136159394226e+03, z_e: 1.0886672056106906e+02

#ERR stream: 0, p: [95480], ea: 4, v_r: -1.2014741876447285e+03, v_e: 1.7808521245439397e+03, x_r: -9.2365448858292461e+02, x_e: -6.2583379799293800e+02, y_r: -2.2864276786775495e+03, y_e: 1.1279920723992268e+03, z_r: -4.2086857923858912e+02, z_e: -9.3214623318647807e+02

#ERR stream: 0, p: [95481], ea: 4, v_r: -1.3943545610474009e+03, v_e: 1.9133493016214377e+03, x_r: -2.7695408474020296e+03, x_e: 1.5305834959874787e+03, y_r: -2.0784290676231529e+02, y_e: -1.7207353473022711e+03, z_r: 1.3780160970496365e+01, z_e: -1.3725649493194321e+03

#ERR stream: 0, p: [95482], ea: 4, v_r: -1.1217308786105266e+03, v_e: 1.3971214335290931e+03, x_r: -4.1995566426955712e+01, x_e: -1.2970567129930080e+03, y_r: -6.5180324913307891e+02, y_e: -7.2113223653032890e+02, z_r: -1.1125717494051835e+03, z_e: 3.3948309197968109e+02

#ERR stream: 0, p: [95483], ea: 4, v_r: -1.4788865327907092e+03, v_e: 2.2447228742258094e+03, x_r: -2.7238281194373144e+03, x_e: 1.3653489713609952e+03, y_r: -1.5779551456311806e+03, y_e: -2.9778945068588092e+02, z_r: -4.2643564068263328e+02, z_e: -1.1775479204800376e+03

#ERR stream: 0, p: [95484], ea: 4, v_r: -1.0245586208191598e+03, v_e: 1.5374802196316903e+03, x_r: -1.6681657258114390e+03, x_e: 6.4041195414959384e+02, y_r: -1.4898667030426193e+03, y_e: 3.8452930939140020e+02, z_r: 8.5648083909842939e+01, z_e: -1.3957978449498937e+03

#ERR stream: 0, p: [95485], ea: 4, v_r: -1.0943156430457207e+03, v_e: 1.4388721422065037e+03, x_r: -1.2262903625573333e+03, x_e: 4.5795994374092963e+01, y_r: -6.0892948222833854e+02, y_e: -7.4292118532351446e+02, z_r: -2.2770979825159901e+02, z_e: -7.5516368822763343e+02

#ERR stream: 0, p: [95486], ea: 4, v_r: -1.2815088699770877e+03, v_e: 1.8716049966431760e+03, x_r: -1.5187487022366366e+02, x_e: -1.7359058721412835e+03, y_r: -2.4898109085252559e+03, y_e: 1.1859630586351896e+03, z_r: -1.2176087686038290e+03, z_e: 9.8030453933370268e+01

#ERR stream: 0, p: [95487], ea: 4, v_r: -1.3503119200509250e+03, v_e: 2.1661539096722890e+03, x_r: -1.9423851311995763e+03, x_e: 4.8439813586887249e+02, y_r: -1.3503065336602447e+03, y_e: -6.9986167383804798e+02, z_r: -2.2928653935612292e+03, z_e: 1.7734562134255632e+03

#ERR stream: 0, p: [95488], ea: 4, v_r: -9.2760134997127045e+02, v_e: 1.0733904009815169e+03, x_r: -2.0386097513262595e+02, x_e: -7.9038255536389806e+02, y_r: -2.6020186573051495e+02, y_e: -7.6049576473996774e+02, z_r: -1.4702265583882354e+02, z_e: -5.6333560362839000e+02

#ERR stream: 0, p: [95489], ea: 4, v_r: -1.3025683641152127e+03, v_e: 1.6121204723562007e+03, x_r: -3.3238154542349253e+02, x_e: -1.1860047849709897e+03, y_r: -1.4702231567414283e+03, y_e: 9.2974609074457277e+01, z_r: 2.1207671157415967e+02, z_e: -1.4633393185751727e+03

#ERR stream: 0, p: [95490], ea: 4, v_r: -1.4112449338602694e+03, v_e: 2.2572502636376703e+03, x_r: -2.3486668132233822e+03, x_e: 9.3981343268489547e+02, y_r: -2.1792374175812924e+03, y_e: 5.6601527881624168e+02, z_r: -7.6984178303972612e+02, z_e: -7.4988972733037224e+02

#ERR stream: 0, p: [95491], ea: 4, v_r: -1.0504208430392430e+03, v_e: 1.5755734601396559e+03, x_r: -8.1049077207480184e+02, x_e: -5.5407160053974371e+02, y_r: -1.8158899542891522e+03, y_e: 6.9664003168007355e+02, z_r: -7.7708661944633252e+02, z_e: -2.2040159375736405e+02

#ERR stream: 0, p: [95492], ea: 4, v_r: -1.5374763459312121e+03, v_e: 2.2370735801966557e+03, x_r: -1.1487450570266112e+03, x_e: -7.8791505895388275e+02, y_r: -1.7119108600091897e+03, y_e: -2.9579152950997758e+02, z_r: -1.9629645148243112e+03, z_e: 9.7353347134061676e+02

#ERR stream: 0, p: [95493], ea: 4, v_r: -1.4957508513786177e+03, v_e: 2.1229441903508946e+03, x_r: -2.6826523617295411e+03, x_e: 1.2904055104296206e+03, y_r: -6.0558450495995726e+02, y_e: -1.5017562102017903e+03, z_r: -6.2200513787657144e+02, z_e: -7.0763513257643729e+02

#ERR stream: 0, p: [95494], ea: 4, v_r: -9.2560223521735611e+02, v_e: 1.8026023079681834e+03, x_r: -2.0780277436391470e+03, x_e: 1.4435039789426801e+03, y_r: -2.1958433833376766e+03, y_e: 1.4894364725814910e+03, z_r: -8.3549974010145661e+02, z_e: -2.5198001249637952e+02

#ERR stream: 0, p: [95495], ea: 4, v_r: -1.0968559401201057e+03, v_e: 1.6243430724101354e+03, x_r: -1.0599824419129657e+03, x_e: -2.6051623380767933e+02, y_r: -1.0170300744309761e+03, y_e: -5.2554868177635410e+02, z_r: -1.6079161023985885e+03, z_e: 1.0182298443963687e+03

#ERR stream: 0, p: [95496], ea: 4, v_r: -1.2340651348530605e+03, v_e: 1.7512689989019323e+03, x_r: -1.4170785388646393e+03, x_e: 5.4664181031474087e+01, y_r: -3.4156304707144324e+02, y_e: -1.5729727307145422e+03, z_r: -1.9732048170958958e+03, z_e: 1.4327967184853160e+03

#ERR stream: 0, p: [95497], ea: 4, v_r: -9.8922339309919232e+02, v_e: 1.2684191087269319e+03, x_r: -1.3009769472585124e+03, x_e: 2.8364835817545378e+02, y_r: -1.2217414529725664e+02, y_e: -1.1409242507278072e+03, z_r: -1.6852128619263712e+02, z_e: -6.6630202941758762e+02

#ERR stream: 0, p: [95498], ea: 4, v_r: -1.1476686095088180e+03, v_e: 1.9594621561288527e+03, x_r: -2.2093376019234929e+03, x_e: 1.1924057646372012e+03, y_r: -2.0752503825549957e+03, y_e: 8.6715363509906047e+02, z_r: -6.8018308113470914e+02, z_e: -6.5065036450288062e+02

#ERR stream: 0, p: [95499], ea: 4, v_r: -1.4178115054497355e+03, v_e: 2.2537659186036535e+03, x_r: -1.7477700265375197e+03, x_e: 7.2893492959656413e+01, y_r: -2.5093934358086940e+03, y_e: 9.9707643019530838e+02, z_r: -1.0822874020765039e+03, z_e: -3.1551749087173658e+02

#ERR stream: 0, p: [95500], ea: 4, v_r: -1.4615706624881502e+03, v_e: 1.8865656043107524e+03, x_r: -1.3201196325669032e+03, x_e: -3.0187537232668069e+02, y_r: -1.0861333644088986e+03, y_e: -6.1316202390434307e+02, z_r: -2.6661892927102144e+01, z_e: -1.3516080906567238e+03

#ERR stream: 0, p: [95501], ea: 4, v_r: -1.3241517173509678e+03, v_e: 1.8590644493742789e+03, x_r: -1.2587550201925108e+03, x_e: -2.9675609248777488e+02, y_r: -1.8882869248131233e+03, y_e: 4.6467288315944796e+02, z_r: -1.2411884844722525e+02, z_e: -1.3307094483493770e+03

#ERR stream: 0, p: [95502], ea: 4, v_r: -1.1506903703439023e+03, v_e: 1.6462884079258952e+03, x_r: -1.3467977297295006e+03, x_e: 5.3020483533183693e+01, y_r: -1.4270368968440403e+03, y_e: 9.6521455733880714e+01, z_r: -3.2702205635555430e+02, z_e: -8.6297548043907250e+02

#ERR stream: 0, p: [95503], ea: 4, v_r: -9.6916143484495342e+02, v_e: 1.2370428910984906e+03, x_r: -2.5054012627369940e+02, x_e: -9.1096079472727968e+02, y_r: -5.7603291945502440e+02, y_e: -6.3833487995354471e+02, z_r: -9.6815451093845206e+02, z_e: 3.0052890862315036e+02

#ERR stream: 0, p: [95504], ea: 4, v_r: -1.1121800116403476e+03, v_e: 1.7548219406880696e+03, x_r: -6.5101822575608685e+02, x_e: -9.5395203889525430e+02, y_r: -2.2403138894890312e+03, y_e: 1.1128216423774572e+03, z_r: -1.3165637300384265e+03, z_e: 4.2848892432966932e+02

#ERR stream: 0, p: [95505], ea: 4, v_r: -1.5409920805102363e+03, v_e: 2.2504941185322173e+03, x_r: -2.7800269657550712e+03, x_e: 1.3672932841588938e+03, y_r: -3.9055973820917887e+02, y_e: -2.0219133722391457e+03, z_r: -1.5546529567097218e+03, z_e: 5.4502203567868730e+02

#ERR stream: 0, p: [95506], ea: 4, v_r: -9.4893608520136900e+02, v_e: 1.0373631407633870e+03, x_r: 9.0633573533294740e+00, x_e: -9.6290244157002996e+02, y_r: -2.1822490711772485e+02, y_e: -7.3554735729786603e+02, z_r: 2.4047138285797831e+02, z_e: -9.4244806313213883e+02

#ERR stream: 0, p: [95507], ea: 4, v_r: -1.1940688311342049e+03, v_e: 2.0171554097450523e+03, x_r: -2.2753522251059890e+03, x_e: 1.2263590267916379e+03, y_r: -1.4590443250083222e+03, y_e: -2.6547229813893068e+02, z_r: -1.5962803425819181e+03, z_e: 8.7731386940833283e+02

#ERR stream: 0, p: [95508], ea: 4, v_r: -1.2090896067958552e+03, v_e: 2.4507719805351662e+03, x_r: -2.7469058767240508e+03, x_e: 1.9618560739899847e+03, y_r: -2.7205424380940358e+03, y_e: 1.5567795457542911e+03, z_r: -1.8296673378507362e+03, z_e: 1.0678579085038368e+03

#ERR stream: 0, p: [95509], ea: 4, v_r: -1.2456552493940278e+03, v_e: 1.5863217381350946e+03, x_r: -1.8994855585310661e+03, x_e: 6.5961193282195416e+02, y_r: -1.1840360313572678e+02, y_e: -1.4273284182306256e+03, z_r: 2.8705264049369435e+02, z_e: -1.4421522224277205e+03

#ERR stream: 0, p: [95510], ea: 4, v_r: -1.2468870374313965e+03, v_e: 2.0599101907474974e+03, x_r: -2.3586190186696076e+03, x_e: 1.2524636790655400e+03, y_r: -1.4819540730138635e+03, y_e: -2.7153073512390074e+02, z_r: -1.4039222112215291e+03, z_e: 5.0056304152045897e+02

#ERR stream: 0, p: [95511], ea: 4, v_r: -9.8783700112443250e+02, v_e: 1.4715378058706865e+03, x_r: -1.3771433249466033e+03, x_e: 3.2903390051000900e+02, y_r: -6.9487288258950775e+02, y_e: -7.5807716800160983e+02, z_r: -1.2346887961381606e+03, z_e: 6.3955299839561224e+02

#ERR stream: 0, p: [95512], ea: 4, v_r: -9.7008194990495849e+02, v_e: 1.1936928583683457e+03, x_r: -3.9772108416860441e+01, x_e: -1.1073991740687918e+03, y_r: -1.1054336891746755e+03, y_e: 6.8934658452932354e+01, z_r: -3.4873959943467099e+01, z_e: -8.5443270945495431e+02

#ERR stream: 0, p: [95513], ea: 4, v_r: -1.5245446592899498e+03, v_e: 2.8205400221491200e+03, x_r: -2.3525770106809696e+03, x_e: 6.3208995594107239e+02, y_r: -3.0222325399528177e+03, y_e: 1.2512123412016235e+03, z_r: -2.8143456213787335e+03, z_e: 2.3115834391560206e+03

#ERR stream: 0, p: [95514], ea: 4, v_r: -1.0846324440284566e+03, v_e: 1.2469924713251821e+03, x_r: -7.2090648914869213e+00, x_e: -1.1576785769428448e+03, y_r: -3.1468749062877185e+02, y_e: -8.8340926510838335e+02, z_r: -3.8646813919188429e+02, z_e: -4.1511476267306136e+02

#ERR stream: 0, p: [95515], ea: 4, v_r: -1.5222345687066902e+03, v_e: 2.2433032819123550e+03, x_r: -2.4398947280349130e+03, x_e: 9.3268050031994483e+02, y_r: -1.0157036414964729e+03, y_e: -1.1563139906470533e+03, z_r: -1.2867711043375616e+03, z_e: 1.1380083978695492e+02

#ERR stream: 0, p: [95516], ea: 4, v_r: -1.0692998490002833e+03, v_e: 1.2468563701115399e+03, x_r: -2.4087361679289867e+02, x_e: -9.1787309525593230e+02, y_r: -5.1436558944815340e+02, y_e: -6.4470271043514492e+02, z_r: 2.6096185001600173e+01, z_e: -8.9334937112670559e+02

#ERR stream: 0, p: [95517], ea: 4, v_r: -1.5022480275946202e+03, v_e: 1.9417761233056215e+03, x_r: -1.3476265513233561e+03, x_e: -3.1153570848417525e+02, y_r: -5.4570737381335186e+02, y_e: -1.3741594552926699e+03, z_r: -8.8197744677390665e+02, z_e: -2.7420580551418107e+02

#ERR stream: 0, p: [95518], ea: 4, v_r: -1.3518366192268404e+03, v_e: 1.8139655616583455e+03, x_r: -2.0932278056333707e+03, x_e: 7.5394445911942773e+02, y_r: -2.1849903144043856e+02, y_e: -1.6310425913857680e+03, z_r: -5.1753495409015227e+02, z_e: -6.0491076398029793e+02

#ERR stream: 0, p: [95519], ea: 4, v_r: -1.2730478976599957e+03, v_e: 1.5352115865650567e+03, x_r: -8.3274647765588520e+02, x_e: -5.4121258806639776e+02, y_r: -1.3238203622918303e+02, y_e: -1.3811792342335998e+03, z_r: -4.5000409514635157e+02, z_e: -5.1161382324026636e+02

#ERR stream: 0, p: [95520], ea: 4, v_r: -1.2017782664035626e+03, v_e: 2.0769821466399194e+03, x_r: -2.3076028504583815e+03, x_e: 1.2626222963087891e+03, y_r: -1.5102042844893185e+03, y_e: -2.7291240691167712e+02, z_r: -1.8608586440576773e+03, z_e: 1.3019871994104276e+03

#ERR stream: 0, p: [95521], ea: 4, v_r: -1.0950796894086952e+03, v_e: 1.7558044248220817e+03, x_r: -8.8972659808054266e+02, x_e: -6.1699708217928037e+02, y_r: -2.4177059623472437e+03, y_e: 1.4494995219336759e+03, z_r: -8.8285189964339395e+02, z_e: -2.4484005677224147e+02

#ERR stream: 0, p: [95522], ea: 4, v_r: -1.2722052267440120e+03, v_e: 1.9822692224884404e+03, x_r: -7.4018040648645751e+02, x_e: -1.0771296613294428e+03, y_r: -2.7820046613170698e+03, y_e: 1.6361982295170183e+03, z_r: -1.0099284551723100e+03, z_e: -2.7631351718351050e+02

#ERR stream: 0, p: [95523], ea: 4, v_r: -9.5586064900317990e+02, v_e: 1.5560031398137346e+03, x_r: -3.7174440291933672e+02, x_e: -1.1444411872762321e+03, y_r: -2.1736878893282810e+03, y_e: 1.2851806763181926e+03, z_r: -1.3581243459574991e+03, z_e: 6.7897957382872596e+02

#ERR stream: 0, p: [95524], ea: 4, v_r: -1.3532769344377627e+03, v_e: 1.6604704688985878e+03, x_r: -8.9412477483430746e+02, x_e: -5.8545737868868764e+02, y_r: -1.6984808720908518e+02, y_e: -1.4935310270930254e+03, z_r: -7.5425738409553412e+02, z_e: -2.3473547243103081e+02

#ERR stream: 0, p: [95525], ea: 4, v_r: -9.4254382349514458e+02, v_e: 1.5112348734867724e+03, x_r: -7.6579477980545789e+02, x_e: -5.3105431006269714e+02, y_r: -2.0809388064426939e+03, y_e: 1.2475958003526275e+03, z_r: -7.5987767202508428e+02, z_e: -2.1073578981223193e+02

#ERR stream: 0, p: [95526], ea: 4, v_r: -1.4683129024138411e+03, v_e: 2.5923260330528228e+03, x_r: -3.1787115774540844e+03, x_e: 2.0754787212460537e+03, y_r: -2.6950433858388724e+03, y_e: 1.1475212898155592e+03, z_r: -8.9301961789399104e+02, z_e: -8.6095083008153028e+02

#ERR stream: 0, p: [95527], ea: 4, v_r: -1.1962883358587439e+03, v_e: 1.5429608328873057e+03, x_r: -7.3344817521342989e+01, x_e: -1.4312831903511135e+03, y_r: -1.6641925793815180e+03, y_e: 3.8517128498142051e+02, z_r: -3.1929082009195042e+02, z_e: -8.0805391168148390e+02

#ERR stream: 0, p: [95528], ea: 4, v_r: -1.0025322106597951e+03, v_e: 1.2301067782639882e+03, x_r: -6.6238392476019283e+02, x_e: -4.3371749356513629e+02, y_r: -1.2582655775242513e+02, y_e: -1.1064349980239901e+03, z_r: -5.5876761322170069e+02, z_e: -1.7389631501723807e+02

#ERR stream: 0, p: [95529], ea: 4, v_r: -1.0742261993278846e+03, v_e: 1.2131426148384523e+03, x_r: -2.2416878216257166e+02, x_e: -8.9345712783759507e+02, y_r: -6.4461301509131175e+01, y_e: -1.0920041710231317e+03, z_r: -1.4848934858500573e+02, z_e: -6.3693052756376596e+02

#ERR stream: 0, p: [95530], ea: 4, v_r: -1.2776047973172379e+03, v_e: 2.2302993057524986e+03, x_r: -2.7503963328120221e+03, x_e: 1.7852478594974298e+03, y_r: -2.0800048178924840e+03, y_e: 5.6025499572202307e+02, z_r: -1.0034788850830365e+03, z_e: -3.1322464130854092e+02

#ERR stream: 0, p: [95531], ea: 4, v_r: -1.5190770374377371e+03, v_e: 2.3069818411594306e+03, x_r: -2.4654341994009451e+03, x_e: 9.5943188991464478e+02, y_r: -1.3660213468495065e+03, y_e: -7.4700071788634000e+02, z_r: -1.3268028863492650e+03, z_e: 1.1751078751043130e+02

#ERR stream: 0, p: [95532], ea: 4, v_r: -1.3164275219290914e+03, v_e: 1.9706869559794254e+03, x_r: -1.0225112615471556e+03, x_e: -6.9217893098081686e+02, y_r: -2.7753224783262494e+03, y_e: 1.6255788520236986e+03, z_r: -2.2469471942027172e+02, z_e: -1.4091925791404783e+03

#ERR stream: 0, p: [95533], ea: 4, v_r: -1.1223650602353609e+03, v_e: 1.9175762820613299e+03, x_r: -2.1516521172756898e+03, x_e: 1.1661440449916433e+03, y_r: -1.6037962041483102e+03, y_e: 1.1475907752733710e+02, z_r: -1.3016063383210942e+03, z_e: 4.6637996435973741e+02

#ERR stream: 0, p: [95534], ea: 4, v_r: -1.0041087745515712e+03, v_e: 1.2645191324078903e+03, x_r: -6.7692581032854491e+02, x_e: -4.4568273847447449e+02, y_r: -3.5047100353218497e+02, y_e: -8.9504296811410472e+02, z_r: -5.8207750317965474e+02, z_e: -1.7850141994537901e+02

#ERR stream: 0, p: [95535], ea: 4, v_r: -1.1695820653392627e+03, v_e: 1.9565124960209462e+03, x_r: -1.9780281157389138e+03, x_e: 8.1437705294890702e+02, y_r: -1.8834256967015424e+03, y_e: 4.9144713472782706e+02, z_r: -1.1321195988409809e+03, z_e: 1.0090258531497831e+02

#ERR stream: 0, p: [95536], ea: 4, v_r: -1.5816734530984177e+03, v_e: 2.3802743326015284e+03, x_r: -2.2072188784725990e+03, x_e: 5.3170223918628483e+02, y_r: -8.3461791609812042e+02, y_e: -1.6814441712663213e+03, z_r: -2.5888064672678847e+03, z_e: 1.9477855506358521e+03

#ERR stream: 0, p: [95537], ea: 4, v_r: -9.4812755208759586e+02, v_e: 1.1359500296095337e+03, x_r: -2.1991477624212897e+02, x_e: -8.3656348115793185e+02, y_r: -3.0638170156397933e+02, y_e: -8.0434842606709321e+02, z_r: -5.3683700528048041e+02, z_e: -1.6023735660180927e+02

#ERR stream: 0, p: [95538], ea: 4, v_r: -1.4397824055812414e+03, v_e: 2.4537418248786398e+03, x_r: -3.0888976409275328e+03, x_e: 1.9652550032658166e+03, y_r: -2.8400222959496191e+03, y_e: 1.5549013434059996e+03, z_r: -6.3263539930515993e+00, z_e: -2.2268532099492345e+03

#ERR stream: 0, p: [95539], ea: 4, v_r: -1.1405625587805616e+03, v_e: 1.6579616169534302e+03, x_r: -3.6746583728897127e+02, x_e: -1.2204007439351651e+03, y_r: -1.5318838894790367e+03, y_e: 9.8470146079754556e+01, z_r: -1.7058926296816651e+03, z_e: 1.0402352705516544e+03

#ERR stream: 0, p: [95540], ea: 4, v_r: -1.0927878544507021e+03, v_e: 1.3994173477788499e+03, x_r: -1.2082486355382496e+03, x_e: 4.4362748398470536e+01, y_r: -3.6286015711083303e+02, y_e: -9.9074016827321327e+02, z_r: -2.0225077413369419e+02, z_e: -7.3474738863733353e+02

#ERR stream: 0, p: [95541], ea: 4, v_r: -1.1635365609920257e+03, v_e: 1.5612946278796985e+03, x_r: -1.8016578687833617e+03, x_e: 6.4892600974556683e+02, y_r: -1.8806385920193264e+02, y_e: -1.4038513682947259e+03, z_r: -4.4544646306416951e+02, z_e: -5.2065151958321735e+02

#ERR stream: 0, p: [95542], ea: 4, v_r: -1.3788982689595427e+03, v_e: 2.2738381756724016e+03, x_r: -5.4186232298612322e+02, x_e: -1.6729277417793512e+03, y_r: -2.9001588468002828e+03, y_e: 1.4431509785144290e+03, z_r: -2.4965967307861242e+03, z_e: 1.8645730040278786e+03

#ERR stream: 0, p: [95543], ea: 4, v_r: -9.3296679843694699e+02, v_e: 1.2373695767798549e+03, x_r: -8.5663531455542181e+02, x_e: -1.9783547122732276e+02, y_r: -9.0398975258982489e+02, y_e: -1.6502399041384072e+02, z_r: -3.9346209907243590e+01, z_e: -8.8623630752663291e+02

#ERR stream: 0, p: [95544], ea: 4, v_r: -1.2962110966421724e+03, v_e: 1.7691637149980882e+03, x_r: -1.4743030568934719e+03, x_e: 5.6111226714021683e+01, y_r: -7.8431546128427624e+02, y_e: -9.1272057720915552e+02, z_r: -8.0301369160747618e+02, z_e: -2.4955914648177168e+02

#ERR stream: 0, p: [95545], ea: 4, v_r: -1.1133907574447342e+03, v_e: 1.9709024992391533e+03, x_r: -9.6770586050195220e+02, x_e: -6.9299305288452888e+02, y_r: -2.6297599087314011e+03, y_e: 1.6288164932266175e+03, z_r: -1.8531986780763402e+03, z_e: 1.2381022101719880e+03

#ERR stream: 0, p: [95546], ea: 4, v_r: -1.1851419206145968e+03, v_e: 1.8927978860684450e+03, x_r: -1.9804705854593619e+03, x_e: 7.8886342210264274e+02, y_r: -2.2795874619572228e+03, y_e: 1.1990023135211397e+03, z_r: 2.8027174545001824e+01, z_e: -1.7175407958793444e+03

#ERR stream: 0, p: [95547], ea: 4, v_r: -1.4790043099145057e+03, v_e: 2.0770887382173423e+03, x_r: -2.0065319086865090e+03, x_e: 4.6392500380429095e+02, y_r: -3.5829781476138646e+02, y_e: -1.8661999836268722e+03, z_r: -1.7686102799584000e+03, z_e: 9.0188784005974958e+02

#ERR stream: 0, p: [95548], ea: 4, v_r: -1.4505422117694027e+03, v_e: 1.8988226259493094e+03, x_r: -6.9738050553904304e+02, x_e: -1.0337512752925838e+03, y_r: -8.8270387705302880e+02, y_e: -9.7956596633835841e+02, z_r: -1.4600444770730730e+03, z_e: 4.6121257271214802e+02

#ERR stream: 0, p: [95549], ea: 4, v_r: -1.4362422014184613e+03, v_e: 1.8448676724075133e+03, x_r: -6.7948589786090179e+02, x_e: -1.0042873350056465e+03, y_r: -8.3867794995538350e+02, y_e: -9.5211584493547889e+02, z_r: -1.1503231323333014e+03, z_e: 9.4070393385545572e+01

#ERR stream: 0, p: [95550], ea: 4, v_r: -1.2354721829300026e+03, v_e: 1.6797236803269702e+03, x_r: -6.2124456093893355e+02, x_e: -9.1393613923905218e+02, y_r: -1.2853948432802113e+03, y_e: -2.2303126519708007e+02, z_r: -1.0524320041540520e+03, z_e: 8.6356700374646337e+01

#ERR stream: 0, p: [95551], ea: 4, v_r: -9.9245668281634880e+02, v_e: 1.6385926516855666e+03, x_r: -1.8853388244053297e+03, x_e: 9.9695497817899309e+02, y_r: -1.5560879452081610e+03, y_e: 4.1107670417549002e+02, z_r: -5.5463074860607435e+02, z_e: -5.4445928333425502e+02

#ERR stream: 0, p: [95552], ea: 4, v_r: -1.1317363564938960e+03, v_e: 1.5557230351271021e+03, x_r: -3.4592915479222415e+02, x_e: -1.1439617191963775e+03, y_r: -2.0817084039566657e+03, y_e: 9.8463724999569399e+02, z_r: -1.3702748834553483e+02, z_e: -1.1126331962928941e+03

#ERR stream: 0, p: [95553], ea: 4, v_r: -1.0734885246890351e+03, v_e: 1.8132209407176538e+03, x_r: -1.8346012406128880e+03, x_e: 7.5580122471438676e+02, y_r: -2.3578856536396202e+03, y_e: 1.4965865597952372e+03, z_r: -2.3823805017856935e+02, z_e: -1.2970204426768630e+03

#ERR stream: 0, p: [95554], ea: 4, v_r: -1.1543338638384566e+03, v_e: 2.0382153219008860e+03, x_r: -2.4781110280069765e+03, x_e: 1.6302467336752059e+03, y_r: -1.2425258807082496e+03, y_e: -6.5781331685172961e+02, z_r: -2.0085540613777168e+03, z_e: 1.6684082579566050e+03

#ERR stream: 0, p: [95555], ea: 4, v_r: -1.1679209933441739e+03, v_e: 2.1326856598449122e+03, x_r: -1.2917702493873583e+03, x_e: -3.4043131789316169e+02, y_r: -2.7905698776938916e+03, y_e: 1.7627882846208506e+03, z_r: -1.9629541241439733e+03, z_e: 1.3396256240257273e+03

#ERR stream: 0, p: [95556], ea: 4, v_r: -9.7467250158169304e+02, v_e: 1.3006538801572972e+03, x_r: -2.8307192060119058e+02, x_e: -9.5658017462001260e+02, y_r: -1.5676794827428594e+03, y_e: 5.7388254448496207e+02, z_r: -9.1341310401792882e+01, z_e: -9.3049790502922554e+02

#ERR stream: 0, p: [95557], ea: 4, v_r: -1.3066138918592319e+03, v_e: 2.5785254401117413e+03, x_r: -2.9287035965527180e+03, x_e: 2.0632719647659796e+03, y_r: -2.3848899623225921e+03, y_e: 6.5047658266041742e+02, z_r: -2.4290873441437088e+03, z_e: 2.1122949084757070e+03

#ERR stream: 0, p: [95558], ea: 4, v_r: -1.2433398889858604e+03, v_e: 1.4897372390129708e+03, x_r: -3.5845304400276738e+01, x_e: -1.3822517135171659e+03, y_r: -1.1374271514158124e+03, y_e: -1.9948630255281074e+02, z_r: -1.6011121294638478e+01, z_e: -1.0666582934017315e+03

#ERR stream: 0, p: [95559], ea: 4, v_r: -1.5001513587904076e+03, v_e: 2.3007101571357816e+03, x_r: -1.1743673174513567e+03, x_e: -8.0919749468103589e+02, y_r: -2.6411657547970935e+03, y_e: 1.0177612710013651e+03, z_r: -1.4256047192076635e+03, z_e: 1.1964996809528665e+02

#ERR stream: 0, p: [95560], ea: 4, v_r: -1.1873821815901658e+03, v_e: 1.7847753421247244e+03, x_r: -1.4317832823897174e+03, x_e: 5.8360028996319627e+01, y_r: -2.2334488763186569e+03, y_e: 1.1301415681532089e+03, z_r: 5.6897481768342885e+01, z_e: -1.6193026615811027e+03

#ERR stream: 0, p: [95561], ea: 4, v_r: -1.2128612292189853e+03, v_e: 1.7410239566372443e+03, x_r: -2.4422559686199302e+03, x_e: 1.3928243759641682e+03, y_r: -4.8340497779494143e+02, y_e: -1.2317453599029966e+03, z_r: -2.6621953452059398e+02, z_e: -9.1451433104495868e+02

#ERR stream: 0, p: [95562], ea: 4, v_r: -1.0240020553166889e+03, v_e: 1.5436608999974917e+03, x_r: -1.2219972634650103e+03, x_e: 4.9182974699924571e+01, y_r: -1.1488141020415603e+03, y_e: -2.0403827601132318e+02, z_r: -1.1152885740524985e+03, z_e: 3.7536067628336718e+02

#ERR stream: 0, p: [95563], ea: 4, v_r: -1.3885544194582837e+03, v_e: 1.7933593475762982e+03, x_r: -9.6359548379997773e+02, x_e: -6.3106872942071334e+02, y_r: -1.3247830547198564e+03, y_e: -2.3940875820996652e+02, z_r: -4.7389982520469907e+01, z_e: -1.2843481463399269e+03

#ERR stream: 0, p: [95564], ea: 4, v_r: -1.2815800112999841e+03, v_e: 1.7339670702539147e+03, x_r: -3.6142902909239018e+02, x_e: -1.2771284406287805e+03, y_r: -8.6045154932558353e+02, y_e: -8.9367440498844678e+02, z_r: -2.0725083797646671e+03, z_e: 1.4196547125545953e+03

#ERR stream: 0, p: [95565], ea: 4, v_r: -1.3243713598155593e+03, v_e: 2.5547248666909959e+03, x_r: -2.6730280352752989e+03, x_e: 1.5549355072585288e+03, y_r: -3.1546730114425445e+03, y_e: 2.1111671820859801e+03, z_r: -1.4577651784061259e+03, z_e: 1.3327663485778436e+02

#ERR stream: 0, p: [95566], ea: 4, v_r: -1.4463683452246435e+03, v_e: 2.1182852201781066e+03, x_r: -1.1077720061115222e+03, x_e: -7.4389894127804200e+02, y_r: -3.0050121614346076e+03, y_e: 1.7468566213252202e+03, z_r: 5.7638128038957156e+01, z_e: -1.9211701300274553e+03

#ERR stream: 0, p: [95567], ea: 4, v_r: -9.8622468472274204e+02, v_e: 1.5454216825709154e+03, x_r: -1.4205739442790939e+03, x_e: 3.4692356789953544e+02, y_r: -1.7035601639815991e+03, y_e: 6.8321718310669621e+02, z_r: -3.4903519452331091e+02, z_e: -8.0952139346120396e+02

#ERR stream: 0, p: [95568], ea: 4, v_r: -1.3510709532261922e+03, v_e: 2.1035855159765274e+03, x_r: -1.6304968522545714e+03, x_e: 6.6447144204529678e+01, y_r: -1.3212619310694440e+03, y_e: -6.7990418226740212e+02, z_r: -2.2777770847208917e+03, z_e: 1.7223312776694233e+03

#ERR stream: 0, p: [95569], ea: 4, v_r: -1.2347694045212031e+03, v_e: 1.6854346043692967e+03, x_r: -1.6632696888912137e+03, x_e: 3.7692124884935839e+02, y_r: -4.8722603476462990e+02, y_e: -1.1923244560451687e+03, z_r: -7.4510368440025240e+02, z_e: -2.3818893625147516e+02

#ERR stream: 0, p: [95570], ea: 4, v_r: -1.2948316871427949e+03, v_e: 1.6738548752493821e+03, x_r: -1.4321725552312116e+03, x_e: 5.2664525875886468e+01, y_r: -1.9871226669778588e+02, y_e: -1.5051345831367612e+03, z_r: -7.4019254937733479e+02, z_e: -2.3680400319408216e+02

#ERR stream: 0, p: [95571], ea: 4, v_r: -1.0057567616969357e+03, v_e: 1.4995108741570425e+03, x_r: -1.1980690505504608e+03, x_e: 4.8124507164019228e+01, y_r: -1.3043640505503365e+03, y_e: 8.8559134868160299e+01, z_r: -7.0504569392779467e+02, z_e: -2.1057263929546457e+02

#ERR stream: 0, p: [95572], ea: 4, v_r: -9.9448749656720872e+02, v_e: 1.5906573762998933e+03, x_r: -1.6550775299961217e+03, x_e: 6.6227533257070286e+02, y_r: -1.5356826528389074e+03, y_e: 3.9886422558062020e+02, z_r: -5.4249833547591004e+02, z_e: -5.2843835945212641e+02

#ERR stream: 0, p: [95573], ea: 4, v_r: -1.0941236836095616e+03, v_e: 1.4942890025994086e+03, x_r: -1.2367479650344144e+03, x_e: 4.6784373889185595e+01, y_r: -2.4631697792992196e+02, y_e: -1.3427583720248301e+03, z_r: -1.2986372017400099e+03, z_e: 6.4890572376902685e+02

#ERR stream: 0, p: [95574], ea: 4, v_r: -1.4383541060186999e+03, v_e: 2.5977876259361860e+03, x_r: -3.1491367306057086e+03, x_e: 2.0807527489292670e+03, y_r: -3.2381576931544287e+03, y_e: 2.1447454696727696e+03, z_r: -3.6499752921783943e+02, z_e: -1.8585509616010650e+03

#ERR stream: 0, p: [95575], ea: 4, v_r: -1.0434926373992080e+03, v_e: 1.5378262628258581e+03, x_r: -1.9007392687664656e+03, x_e: 9.3520051934991955e+02, y_r: -8.7244702773144377e+02, y_e: -4.9873370879215645e+02, z_r: -2.7223734660241843e+02, z_e: -8.0704594642203745e+02

#ERR stream: 0, p: [95576], ea: 4, v_r: -1.3595575970363468e+03, v_e: 2.1737281676914290e+03, x_r: -2.5271530634218907e+03, x_e: 1.3205727291167229e+03, y_r: -7.7633645122317705e+02, y_e: -1.5350224041814747e+03, z_r: -2.2566493897878099e+03, z_e: 1.7785587665694657e+03

#ERR stream: 0, p: [95577], ea: 4, v_r: -1.1288784540351326e+03, v_e: 1.5119358286811207e+03, x_r: -8.0778546391117015e+02, x_e: -5.3155318093481071e+02, y_r: -1.5617581882675206e+03, y_e: 3.7738302239176102e+02, z_r: 1.3872023506861959e+02, z_e: -1.3722446334828085e+03

#ERR stream: 0, p: [95578], ea: 4, v_r: -1.0390316825201960e+03, v_e: 1.7851892989471978e+03, x_r: -1.5452855198797511e+03, x_e: 3.9963718094744371e+02, y_r: -1.5419331862245861e+03, y_e: 1.0754539364577226e+02, z_r: -1.8361535977719543e+03, z_e: 1.4623001833905985e+03

#ERR stream: 0, p: [95579], ea: 4, v_r: -1.2651004218998539e+03, v_e: 1.6683539644591074e+03, x_r: -6.2353427772845669e+02, x_e: -9.0726383438640130e+02, y_r: -1.5069852051497442e+03, y_e: 9.7164368752355685e+01, z_r: -3.2533907095558862e+02, z_e: -8.7426179805940319e+02

#ERR stream: 0, p: [95580], ea: 4, v_r: -1.3885772862989506e+03, v_e: 2.2087789173654801e+03, x_r: -5.1573724820575558e+02, x_e: -1.6253560419865735e+03, y_r: -2.5785255559295351e+03, y_e: 9.7843285000124570e+02, z_r: -2.4621614132903110e+03, z_e: 1.8107423417366911e+03

#ERR stream: 0, p: [95581], ea: 4, v_r: -9.7133258497086103e+02, v_e: 1.6406701543276954e+03, x_r: -1.6600158496817348e+03, x_e: 6.8387722871898075e+02, y_r: -2.1335031668633028e+03, y_e: 1.3541675186324424e+03, z_r: -2.1556670220149550e+02, z_e: -1.1735926284915865e+03

#ERR stream: 0, p: [95582], ea: 4, v_r: -1.0670234181053715e+03, v_e: 1.3289830171734905e+03, x_r: -3.9947418483892861e+01, x_e: -1.2337985106451249e+03, y_r: -6.2001442956055439e+02, y_e: -6.8596220234365842e+02, z_r: -1.0583109849024445e+03, z_e: 3.2292630621155558e+02

#ERR stream: 0, p: [95583], ea: 4, v_r: -9.3489735248894920e+02, v_e: 1.6983666007113554e+03, x_r: -1.6423703977913638e+03, x_e: 7.0762480948350765e+02, y_r: -2.1586973750646653e+03, y_e: 1.4029200982466066e+03, z_r: -8.0920886499786025e+02, z_e: -2.3721076746972690e+02

#ERR stream: 0, p: [95584], ea: 4, v_r: -1.0914013758392030e+03, v_e: 1.4360515462392168e+03, x_r: -7.5469393190403324e+01, x_e: -1.3321859204259963e+03, y_r: -1.5467809075992436e+03, y_e: 3.5879596564284287e+02, z_r: -5.1739352308901084e+02, z_e: -4.7652457932100128e+02

#ERR stream: 0, p: [95585], ea: 4, v_r: -1.1869312593467762e+03, v_e: 1.5987712336923701e+03, x_r: -5.8848118434822959e+02, x_e: -8.7018334321058524e+02, y_r: -9.9356469863647294e+02, y_e: -5.1836220179073985e+02, z_r: -1.2251332595057088e+03, z_e: 3.8866617160977950e+02

#ERR stream: 0, p: [95586], ea: 4, v_r: -9.9624864970719261e+02, v_e: 1.2990722856474929e+03, x_r: -6.2738542840264437e+01, x_e: -1.2053605715168494e+03, y_r: -1.2094817641119434e+03, y_e: 7.5860863096220029e+01, z_r: -6.5239952072707149e+02, z_e: -1.8208544699951676e+02

#ERR stream: 0, p: [95587], ea: 4, v_r: -1.2941454137347578e+03, v_e: 1.8695261631815397e+03, x_r: -6.9373890541264450e+02, x_e: -1.0167077751598983e+03, y_r: -1.9479667407683121e+03, y_e: 4.6842041987514943e+02, z_r: -1.1756318635062723e+03, z_e: 9.6916514857991601e+01

#ERR stream: 0, p: [95588], ea: 4, v_r: -1.2238008229104310e+03, v_e: 1.7785119837834604e+03, x_r: -9.2148514002053503e+02, x_e: -6.2566952340508158e+02, y_r: -1.8275547904495311e+03, y_e: 4.4546597045742743e+02, z_r: -8.6817988540102863e+02, z_e: -2.4917666833707892e+02

#ERR stream: 0, p: [95589], ea: 4, v_r: -1.3738288118428636e+03, v_e: 2.6285315300017187e+03, x_r: -2.4521308158564966e+03, x_e: 1.0938447989310673e+03, y_r: -2.7662986455797900e+03, y_e: 1.1663463248920900e+03, z_r: -2.5609480509028003e+03, z_e: 2.1540887712757203e+03

#ERR stream: 0, p: [95590], ea: 4, v_r: -1.4531782467277394e+03, v_e: 1.9975879184297978e+03, x_r: -4.4418182712651867e+02, x_e: -1.4688759231659515e+03, y_r: -2.6729665008128336e+03, y_e: 1.2642992552119961e+03, z_r: -1.7594677782054745e+02, z_e: -1.4286493034905943e+03

#ERR stream: 0, p: [95591], ea: 4, v_r: -9.6213676308828747e+02, v_e: 1.5566674708656803e+03, x_r: -1.6039259764779936e+03, x_e: 6.4776106559096638e+02, y_r: -1.3186526428230654e+03, y_e: 9.2646989855877067e+01, z_r: -8.9919694964399389e+02, z_e: 7.9948607089076972e+01

#ERR stream: 0, p: [95592], ea: 4, v_r: -9.5682648959196274e+02, v_e: 1.1371266766076078e+03, x_r: -2.1635804223609648e+02, x_e: -8.3764288328825728e+02, y_r: -1.1684964553649634e+02, y_e: -1.0228795406120897e+03, z_r: -7.1608363792695332e+02, z_e: 5.7567889327746045e+01

#ERR stream: 0, p: [95593], ea: 4, v_r: -1.2893011876433943e+03, v_e: 1.6236747058996630e+03, x_r: -8.6918994567379616e+02, x_e: -5.7226796398021997e+02, y_r: -4.5001367634738432e+02, y_e: -1.1492579200861533e+03, z_r: -7.4740230856481537e+02, z_e: -2.2920036012471812e+02

#ERR stream: 0, p: [95594], ea: 4, v_r: -1.1057176098907362e+03, v_e: 2.2821747595891043e+03, x_r: -2.2846082625849922e+03, x_e: 1.3882859396422050e+03, y_r: -2.5521243212648692e+03, y_e: 1.4504113007916005e+03, z_r: -2.1350259642855267e+03, z_e: 1.8706193811678243e+03

#ERR stream: 0, p: [95595], ea: 4, v_r: -1.3848096149237324e+03, v_e: 2.4077832703052527e+03, x_r: -2.0752845253623527e+03, x_e: 5.3942345746824901e+02, y_r: -2.3440184473330628e+03, y_e: 6.0605726240981505e+02, z_r: -2.2037169114639923e+03, z_e: 1.5106175273863771e+03

#ERR stream: 0, p: [95596], ea: 4, v_r: -1.4166801031692339e+03, v_e: 1.8983520685781966e+03, x_r: -1.3024927296635881e+03, x_e: -3.0397494458515564e+02, y_r: -1.1211642980814029e+03, y_e: -6.1619159716841079e+02, z_r: -6.0891706081301311e+02, z_e: -6.3155138691528998e+02

#ERR stream: 0, p: [95597], ea: 4, v_r: -1.2237766650730875e+03, v_e: 1.6794140350439216e+03, x_r: -6.2399552298622439e+02, x_e: -9.1345679689385622e+02, y_r: -1.5222629490697900e+03, y_e: 9.8531041298662046e+01, z_r: -8.2178392153991194e+02, z_e: -2.3556652291174461e+02

#ERR stream: 0, p: [95598], ea: 4, v_r: -1.2162806144280623e+03, v_e: 1.6799035697091640e+03, x_r: -8.8318599877297947e+02, x_e: -5.9110943850236936e+02, y_r: -1.4996099746688997e+03, y_e: 9.8421709819182880e+01, z_r: -5.7519844721132586e+02, z_e: -5.5807048163413117e+02

#ERR stream: 0, p: [95599], ea: 4, v_r: -1.3331028402845207e+03, v_e: 1.5682412973785313e+03, x_r: -5.7812381262415261e+02, x_e: -8.5396744033254527e+02, y_r: -1.2223579962273892e+02, y_e: -1.4111064423101936e+03, z_r: -4.6290129682514595e+02, z_e: -5.2253870651866146e+02

#ERR stream: 0, p: [95600], ea: 4, v_r: -1.2792209711931298e+03, v_e: 1.5947855487159527e+03, x_r: -4.1145838340298198e+01, x_e: -1.4812147424392654e+03, y_r: -2.5635038870422960e+02, y_e: -1.4334765399773087e+03, z_r: -1.9942234660697115e+03, z_e: 1.3051119210911579e+03

#ERR stream: 0, p: [95601], ea: 4, v_r: -1.1377815991073360e+03, v_e: 1.5106384219514021e+03, x_r: -8.0637797528010026e+02, x_e: -5.3138228895996008e+02, y_r: -1.3435468677469457e+03, y_e: 8.7854625595124105e+01, z_r: -6.6768692986191553e+01, z_e: -1.0815481696157638e+03

#ERR stream: 0, p: [95602], ea: 4, v_r: -1.3160392350814229e+03, v_e: 1.7681689588599613e+03, x_r: -9.2690161554697727e+02, x_e: -6.2314012060455639e+02, y_r: -8.2074541898262532e+02, y_e: -9.1192886246971932e+02, z_r: -1.3353065566585267e+03, z_e: 4.2939164506210170e+02

#ERR stream: 0, p: [95603], ea: 4, v_r: -1.4067603854883637e+03, v_e: 2.1352464478133998e+03, x_r: -2.5909854544912196e+03, x_e: 1.2987601162703611e+03, y_r: -1.5009973650666882e+03, y_e: -2.8326608779831491e+02, z_r: -4.0563812907313587e+02, z_e: -1.1201182307202416e+03

#ERR stream: 0, p: [95604], ea: 4, v_r: -1.2710809565531356e+03, v_e: 2.5764257469448467e+03, x_r: -2.8877427526654392e+03, x_e: 2.0624425858354166e+03, y_r: -2.8600276316326158e+03, y_e: 1.6365973398808835e+03, z_r: -1.9234763882657428e+03, z_e: 1.1226081542466377e+03

#ERR stream: 0, p: [95605], ea: 4, v_r: -1.3821941844687451e+03, v_e: 1.9116037189428084e+03, x_r: -9.9566567823929233e+02, x_e: -6.7343827041596614e+02, y_r: -1.1790682166515080e+03, y_e: -6.1953672764651651e+02, z_r: -1.4386809311303539e+03, z_e: 4.6462301290761224e+02

#ERR stream: 0, p: [95606], ea: 4, v_r: -9.9297558525582826e+02, v_e: 1.3834385760368557e+03, x_r: -1.7716249344304219e+03, x_e: 8.4098791029527467e+02, y_r: -3.7759882429590954e+02, y_e: -9.7892014965767044e+02, z_r: -2.0853739610636265e+02, z_e: -7.2660069445357590e+02

#ERR stream: 0, p: [95607], ea: 4, v_r: -1.5067337287143835e+03, v_e: 2.2363197499622042e+03, x_r: -5.0849341762413883e+02, x_e: -1.6453057973686393e+03, y_r: -2.6438352219631756e+03, y_e: 9.8917229931280747e+02, z_r: -1.7160429447740714e+03, z_e: 5.4568155034526683e+02

#ERR stream: 0, p: [95608], ea: 4, v_r: -1.2821225784354283e+03, v_e: 2.5746691190983502e+03, x_r: -2.6213769928419570e+03, x_e: 1.5663517382827349e+03, y_r: -2.8978391988389430e+03, y_e: 1.6357481733858599e+03, z_r: -2.1938489854194127e+03, z_e: 1.6161545490700871e+03

#ERR stream: 0, p: [95609], ea: 4, v_r: -1.3286748803997871e+03, v_e: 1.8202510753286069e+03, x_r: -9.4713634718200160e+02, x_e: -6.4158312343691205e+02, y_r: -8.6314443723216095e+02, y_e: -9.3841251731408886e+02, z_r: -1.6222981911638392e+03, z_e: 7.9137834410983294e+02

#ERR stream: 0, p: [95610], ea: 4, v_r: -9.2302516556757757e+02, v_e: 1.1699355620276610e+03, x_r: -8.2667612422627144e+02, x_e: -1.8713694207811662e+02, y_r: -6.6469780731969263e+02, y_e: -3.8049400524711547e+02, z_r: 1.7262498146733768e+02, z_e: -1.0626645620939487e+03

#ERR stream: 0, p: [95611], ea: 4, v_r: -1.1311221174098146e+03, v_e: 1.7525591924965454e+03, x_r: -2.3451307218928537e+03, x_e: 1.4030691312748734e+03, y_r: -1.4296174292508440e+03, y_e: 1.0283548472697179e+02, z_r: 1.0040524623021919e+02, z_e: -1.5916562133065415e+03

#ERR stream: 0, p: [95612], ea: 4, v_r: -9.3633852323741621e+02, v_e: 1.5566097312675965e+03, x_r: -1.1849117960245214e+03, x_e: 5.0819009357719978e+01, y_r: -2.0768070176436631e+03, y_e: 1.2851026291797541e+03, z_r: -5.8039793445661280e+02, z_e: -5.1592445123179323e+02

#ERR stream: 0, p: [95613], ea: 4, v_r: -1.0087401931208643e+03, v_e: 1.7329091086563876e+03, x_r: -6.4013412737481201e+02, x_e: -9.4198477172588787e+02, y_r: -2.3569157225304943e+03, y_e: 1.4319078124822042e+03, z_r: -1.6637644135683800e+03, z_e: 1.0886824248009336e+03

#ERR stream: 0, p: [95614], ea: 4, v_r: -1.3420736275463487e+03, v_e: 1.6111825819549329e+03, x_r: -3.2449450211224033e+01, x_e: -1.4956349879421186e+03, y_r: -7.1743677038561623e+02, y_e: -8.3229518899333743e+02, z_r: -7.8122289331697641e+02, z_e: -2.2685949824936279e+02

#ERR stream: 0, p: [95615], ea: 4, v_r: -1.3079663147829747e+03, v_e: 1.7172574185667320e+03, x_r: -3.5655097657356657e+02, x_e: -1.2643559392012112e+03, y_r: -1.0753351010562085e+03, y_e: -5.5701133253327396e+02, z_r: -1.3394183121931205e+03, z_e: 4.1755267069047943e+02

#SDC Ite:0 KerTime:87.323173 AccTime:87.323173 KerErr:193 AccErr:193
#END