#HEADER streams: 1 boxes:10 block_size:192
#BEGIN Y:2016 M:09 D:04 Time:19:59:54
#IT Ite:0 KerTime:87.390462 AccTime:87.390462
#ERR stream: 0, p: [12422], ea: 4, v_r: 1.3108357303339010e+03, v_e: 1.3108357303339010e+03, x_r: 8.1588661387147908e+02, x_e: 8.1588661387147908e+02, y_r: -9.5096520515765894e+02, y_e: -9.5096520515765894e+02, z_r: -1.2172796621402060e+03, z_e: -1.2172796621402060e+03

#ERR stream: 0, p: [108461], ea: 0, v_r: 2.0267969294019711e+03, v_e: 2.0267969294019711e+03, x_r: 5.0514068854668920e+02, x_e: 5.0514068854668920e+02, y_r: -1.0596819888741147e+03, y_e: -1.0596819888741147e+03, z_r: -1.4545677705823898e+03, z_e: -1.4545677705823898e+03

#ERR stream: 0, p: [156669], ea: 0, v_r: 2.0707380484402588e+03, v_e: 2.0707380484402588e+03, x_r: -1.8923778760589996e+03, x_e: -1.8923778760589996e+03, y_r: 9.0840442742627681e+02, y_e: 9.0840442742627681e+02, z_r: 5.1866375202444840e+02, z_e: 5.1866375202444840e+02

#ERR stream: 0, p: [60480], ea: 0, v_r: 2.9944051767698593e+03, v_e: 2.9929327049146527e+03, x_r: 1.8431927657422457e+03, x_e: 1.8433765899137406e+03, y_r: 1.6573813580245979e+02, y_e: 1.6541131834356941e+02, z_r: 2.4844872661751242e+03, z_e: 2.4840194431920040e+03

#ERR stream: 0, p: [20945], ea: 4, v_r: 1.5549877869823367e+03, v_e: 1.5549877869823367e+03, x_r: 7.0806321989344028e+01, x_e: 7.0806321989344028e+01, y_r: -2.3184986628897619e+02, y_e: -2.3184986628897619e+02, z_r: 9.6818196370072462e+02, z_e: 9.6818196370072462e+02

#ERR stream: 0, p: [114020], ea: 0, v_r: 1.4124335189647400e+03, v_e: 1.4124335189647400e+03, x_r: -2.1760439924162844e+02, x_e: -2.1760439924162844e+02, y_r: 1.1338327755217955e+02, y_e: 1.1338327755217955e+02, z_r: -4.6834673709826632e+02, z_e: -4.6834673709826632e+02

#ERR stream: 0, p: [159649], ea: 0, v_r: 3.1023732046246009e+03, v_e: 3.1023732046246009e+03, x_r: 1.5960158943283813e+02, x_e: 1.5960158943283813e+02, y_r: -2.1871109933793246e+03, y_e: -2.1871109933793246e+03, z_r: 1.7905715281672650e+02, z_e: 1.7905715281672650e+02

#ERR stream: 0, p: [60481], ea: 0, v_r: 2.8222470206665394e+03, v_e: 2.8209647457049114e+03, x_r: 6.5306478977314475e+02, x_e: 6.5369721034151314e+02, y_r: -1.4693506548132248e+03, y_e: -1.4688768614756061e+03, z_r: 1.7382836428669719e+02, z_e: 1.7448850100643443e+02

#ERR stream: 0, p: [60482], ea: 4, v_r: 2.2273072664718807e+03, v_e: 2.2264294793096992e+03, x_r: -2.0496370722464276e+03, x_e: -2.0479905641956202e+03, y_r: 1.2457208009127632e+02, y_e: 1.2423967822056525e+02, z_r: 1.3586360047250241e+02, z_e: 1.3628749259487697e+02

#ERR stream: 0, p: [161430], ea: 4, v_r: 1.7297235899429991e+03, v_e: 1.7297235899429991e+03, x_r: 7.6236808101781810e+02, x_e: 7.6236808101781810e+02, y_r: -5.5958452085342435e+02, y_e: -5.5958452085342435e+02, z_r: 7.7971942297333817e+02, z_e: 7.7971942297333817e+02

#ERR stream: 0, p: [60483], ea: 0, v_r: 3.3842635268688614e+03, v_e: 3.3827319835107724e+03, x_r: 2.0786161482893631e+03, x_e: 2.0789171025020828e+03, y_r: 2.7839894021821183e+03, y_e: 2.7824656192441230e+03, z_r: -4.3679902652621058e+02, z_e: -4.3576389509003297e+02

#ERR stream: 0, p: [25861], ea: 4, v_r: 2.4945739907213815e+03, v_e: 2.4945739907213815e+03, x_r: -8.4361292369223224e+02, x_e: -8.4361292369223224e+02, y_r: 2.0619421977473094e+03, y_e: 2.0619421977473094e+03, z_r: 1.0848817398718988e+03, z_e: 1.0848817398718988e+03

#ERR stream: 0, p: [116977], ea: 0, v_r: 1.1468240041033639e+03, v_e: 1.1468240041033639e+03, x_r: 6.6935662713289020e+01, x_e: 6.6935662713289020e+01, y_r: 7.9708112798956577e+01, y_e: 7.9708112798956577e+01, z_r: 9.2997673034345939e+02, z_e: 9.2997673034345939e+02

#ERR stream: 0, p: [60484], ea: 0, v_r: 1.7498648314801951e+03, v_e: 1.7491602384707705e+03, x_r: -1.2741586651551661e+03, x_e: -1.2730706020403047e+03, y_r: -1.2460934262810588e+03, y_e: -1.2457578547992230e+03, z_r: -5.6518620802632176e+02, z_e: -5.6453820083493736e+02

#ERR stream: 0, p: [163123], ea: 4, v_r: 2.0098622914818695e+03, v_e: 2.0098622914818695e+03, x_r: 8.7563928102305044e+02, x_e: 8.7563928102305044e+02, y_r: 8.7124323101793652e+02, y_e: 8.7124323101793652e+02, z_r: 8.9553071892970729e+02, z_e: 8.9553071892970729e+02

#ERR stream: 0, p: [118144], ea: 0, v_r: 2.3042448811414938e+03, v_e: 2.3042448811414938e+03, x_r: 1.8795838624720316e+03, x_e: 1.8795838624720316e+03, y_r: 5.4736935450980775e+02, y_e: 5.4736935450980775e+02, z_r: -2.1132183525883293e+03, z_e: -2.1132183525883293e+03

#ERR stream: 0, p: [28815], ea: 0, v_r: 1.9948513303321088e+03, v_e: 1.9948513303321088e+03, x_r: -6.7595212570338265e+02, x_e: -6.7595212570338265e+02, y_r: 4.8511079923110964e+02, y_e: 4.8511079923110964e+02, z_r: 4.3719918848125462e+02, z_e: 4.3719918848125462e+02

#ERR stream: 0, p: [60485], ea: 0, v_r: 2.4137549665043425e+03, v_e: 2.4127532971162191e+03, x_r: 9.2786180495383647e+01, x_e: 9.3550661678570364e+01, y_r: 1.3223319905251620e+02, y_e: 1.3200315757416658e+02, z_r: -1.7027256487545824e+03, z_e: -1.7014059773019005e+03

#ERR stream: 0, p: [60486], ea: 4, v_r: 3.5780679339008993e+03, v_e: 3.5764321724430533e+03, x_r: 8.2649356541550821e+02, x_e: 8.2754012750376887e+02, y_r: 2.9458858701557810e+03, y_e: 2.9441493230647125e+03, z_r: 2.2826859967938840e+03, z_e: 2.2824561539321039e+03

#ERR stream: 0, p: [169303], ea: 2, v_r: 2.1366277738646581e+03, v_e: 2.1366277738646581e+03, x_r: -1.4916423062145100e+03, x_e: -1.4916423062145100e+03, y_r: 1.7227025791291435e+03, y_e: 1.7227025791291435e+03, z_r: -2.7738922482572877e+02, z_e: -2.7738922482572877e+02

#ERR stream: 0, p: [60487], ea: 0, v_r: 2.0740611046909430e+03, v_e: 2.0731533270232371e+03, x_r: -3.1604937923033435e+02, x_e: -3.1521144926681467e+02, y_r: -1.0792573985712747e+03, y_e: -1.0789585302078765e+03, z_r: 1.2704299132123613e+02, z_e: 1.2750646948575206e+02

#ERR stream: 0, p: [30342], ea: 4, v_r: 2.1081607567529459e+03, v_e: 2.1081607567529459e+03, x_r: -1.9076059857708685e+03, x_e: -1.9076059857708685e+03, y_r: -1.9060233583122954e+03, y_e: -1.9060233583122954e+03, z_r: -6.6458722635833874e+02, z_e: -6.6458722635833874e+02

#ERR stream: 0, p: [121449], ea: 0, v_r: 3.1422521865447898e+03, v_e: 3.1422521865447898e+03, x_r: 1.3940707191559275e+03, x_e: 1.3940707191559275e+03, y_r: -1.6289446556252610e+03, y_e: -1.6289446556252610e+03, z_r: 9.0399240848510090e+01, z_e: 9.0399240848510090e+01

#ERR stream: 0, p: [170972], ea: 0, v_r: 1.1458972373821953e+03, v_e: 1.1458972373821953e+03, x_r: 6.6181340573048104e+01, x_e: 6.6181340573048104e+01, y_r: 9.0735805769787589e+02, y_e: 9.0735805769787589e+02, z_r: -3.4768860491236325e+02, z_e: -3.4768860491236325e+02

#ERR stream: 0, p: [60488], ea: 0, v_r: 3.6883446908365122e+03, v_e: 3.6865047153583946e+03, x_r: 2.9779031786402220e+03, x_e: 2.9777685863888219e+03, y_r: 9.1160351348126994e+02, y_e: 9.1085814162697352e+02, z_r: 3.0613276740621236e+03, z_e: 3.0607334555354087e+03

#ERR stream: 0, p: [60489], ea: 4, v_r: 2.6337306562634672e+03, v_e: 2.6325519518289357e+03, x_r: 1.6183298744636866e+03, x_e: 1.6184459500177823e+03, y_r: -3.6190150230819216e+02, y_e: -3.6187126049984175e+02, z_r: -1.3517403560268374e+03, z_e: -1.3504176721914962e+03

#ERR stream: 0, p: [172784], ea: 4, v_r: 1.3195262360987831e+03, v_e: 1.3195262360987831e+03, x_r: -4.2997236703296585e+02, x_e: -4.2997236703296585e+02, y_r: -6.6959949494952718e+02, y_e: -6.6959949494952718e+02, z_r: 8.2457485182856453e+02, z_e: 8.2457485182856453e+02

#ERR stream: 0, p: [34903], ea: 0, v_r: 3.2882778024847303e+03, v_e: 3.2882778024847303e+03, x_r: -4.8198136781060430e+02, x_e: -4.8198136781060430e+02, y_r: 1.4596498168292246e+03, y_e: 1.4596498168292246e+03, z_r: 2.6593017894039353e+03, z_e: 2.6593017894039353e+03

#ERR stream: 0, p: [124210], ea: 0, v_r: 2.6662058297718763e+03, v_e: 2.6662058297718763e+03, x_r: -3.9156408668241824e+02, x_e: -3.9156408668241824e+02, y_r: -8.9335486253496424e+02, y_e: -8.9335486253496424e+02, z_r: -1.3517520511951434e+03, z_e: -1.3517520511951434e+03

#ERR stream: 0, p: [60490], ea: 0, v_r: 3.5733169036475751e+03, v_e: 3.5719025460861008e+03, x_r: -2.6040919509768310e+03, x_e: -2.6015946621785611e+03, y_r: 2.9434138185806746e+03, y_e: 2.9417493040039994e+03, z_r: 9.0575799677268083e+02, z_e: 9.0612541882501080e+02

#ERR stream: 0, p: [178492], ea: 2, v_r: 1.1830883990431059e+03, v_e: 1.1830883990431059e+03, x_r: -8.4826215436031578e+02, x_e: -8.4826215436031578e+02, y_r: 5.1461893723986816e+02, y_e: 5.1461893723986816e+02, z_r: 4.1688041417968648e+01, z_e: 4.1688041417968648e+01

#ERR stream: 0, p: [60491], ea: 0, v_r: 2.6610866176939758e+03, v_e: 2.6599250301235752e+03, x_r: 1.6352100250067185e+03, x_e: 1.6352572729320868e+03, y_r: -1.8984683982926861e+03, y_e: -1.8977207794128499e+03, z_r: -2.3874622269540268e+03, z_e: -2.3856499894963640e+03

#ERR stream: 0, p: [125883], ea: 4, v_r: 3.3196210787154405e+03, v_e: 3.3196210787154405e+03, x_r: 8.2241416156564117e+02, x_e: 8.2241416156564117e+02, y_r: 2.0948059197070188e+03, y_e: 2.0948059197070188e+03, z_r: -2.3610925323450519e+03, z_e: -2.3610925323450519e+03

#ERR stream: 0, p: [38325], ea: 0, v_r: 1.5229359560194769e+03, v_e: 1.5229359560194769e+03, x_r: 6.7340253918486883e+02, x_e: 6.7340253918486883e+02, y_r: -1.4323156245743071e+03, y_e: -1.4323156245743071e+03, z_r: 6.8811789214705971e+02, z_e: 6.8811789214705971e+02

#ERR stream: 0, p: [180132], ea: 0, v_r: 1.7839839480099652e+03, v_e: 1.7839839480099652e+03, x_r: -1.6491525505961608e+03, x_e: -1.6491525505961608e+03, y_r: -9.2792963056528265e+02, y_e: -9.2792963056528265e+02, z_r: 4.2024367871326228e+02, z_e: 4.2024367871326228e+02

#ERR stream: 0, p: [60492], ea: 0, v_r: 3.3000369803472308e+03, v_e: 3.2985395329915991e+03, x_r: -5.0167812579132783e+02, x_e: -5.0025447817065873e+02, y_r: -1.0826387451864753e+03, y_e: -1.0824753139776524e+03, z_r: 2.1018271852503917e+03, z_e: 2.1016646056965365e+03

#ERR stream: 0, p: [181725], ea: 2, v_r: 1.7618659470656019e+03, v_e: 1.7618659470656019e+03, x_r: -1.2590203111443218e+03, x_e: -1.2590203111443218e+03, y_r: -9.2714851045083515e+02, y_e: -9.2714851045083515e+02, z_r: 1.0945946132702948e+03, z_e: 1.0945946132702948e+03

#ERR stream: 0, p: [60493], ea: 0, v_r: 1.9822274559151617e+03, v_e: 1.9813177399609008e+03, x_r: 1.2193743125894364e+03, x_e: 1.2194003144822027e+03, y_r: -1.7938508254873018e+03, y_e: -1.7931035285036301e+03, z_r: -6.3812812208338323e+02, z_e: -6.3726877460935827e+02

#ERR stream: 0, p: [40924], ea: 4, v_r: 2.0257009498654891e+03, v_e: 2.0257009498654891e+03, x_r: -1.0940317247292569e+03, x_e: -1.0940317247292569e+03, y_r: 1.0028399650413670e+02, y_e: 1.0028399650413670e+02, z_r: 8.4286416246802546e+01, z_e: 8.4286416246802546e+01

#ERR stream: 0, p: [130122], ea: 0, v_r: 3.6918765850991126e+03, v_e: 3.6918765850991126e+03, x_r: -3.3584220899157740e+03, x_e: -3.3584220899157740e+03, y_r: 2.9980560448949859e+03, y_e: 2.9980560448949859e+03, z_r: 2.3185411090332109e+03, z_e: 2.3185411090332109e+03

#ERR stream: 0, p: [183333], ea: 0, v_r: 1.5548062715793401e+03, v_e: 1.5548062715793401e+03, x_r: 3.4910053436364393e+02, x_e: 3.4910053436364393e+02, y_r: 9.8157636182642443e+02, y_e: 9.8157636182642443e+02, z_r: -1.1112382997101474e+03, z_e: -1.1112382997101474e+03

#ERR stream: 0, p: [60494], ea: 0, v_r: 1.9891665367786511e+03, v_e: 1.9883536955373665e+03, x_r: -1.4480853434668827e+03, x_e: -1.4468273694532206e+03, y_r: -1.4162380152487990e+03, y_e: -1.4158557404596020e+03, z_r: -2.6094740988365214e+02, z_e: -2.6036732816976127e+02

#ERR stream: 0, p: [184878], ea: 2, v_r: 2.0793601833126736e+03, v_e: 2.0793601833126736e+03, x_r: -1.0644166189548391e+03, x_e: -1.0644166189548391e+03, y_r: -3.0704271047463584e+02, y_e: -3.0704271047463584e+02, z_r: 8.8460122616840624e+02, z_e: 8.8460122616840624e+02

#ERR stream: 0, p: [60495], ea: 0, v_r: 1.9508719923992485e+03, v_e: 1.9500498161120590e+03, x_r: 7.5996195568221012e+01, x_e: 7.6553854754984741e+01, y_r: -1.3907914420411453e+03, y_e: -1.3903157240266510e+03, z_r: -1.3771419788953497e+03, z_e: -1.3760356597622222e+03

#ERR stream: 0, p: [132652], ea: 4, v_r: 9.6665263721174324e+02, v_e: 9.6665263721174324e+02, x_r: 4.3937825386296581e+01, x_e: 4.3937825386296581e+01, y_r: 6.2239491409797063e+02, y_e: 6.2239491409797063e+02, z_r: -8.8475190486964209e+02, z_e: -8.8475190486964209e+02

#ERR stream: 0, p: [45195], ea: 0, v_r: 2.4976863810021700e+03, v_e: 2.4976863810021700e+03, x_r: -2.2491850453387515e+03, x_e: -2.2491850453387515e+03, y_r: 1.5586836676508583e+03, y_e: 1.5586836676508583e+03, z_r: 5.9065571052169537e+02, z_e: 5.9065571052169537e+02

#ERR stream: 0, p: [186484], ea: 0, v_r: 1.7210050056917812e+03, v_e: 1.7210050056917812e+03, x_r: -5.5635561901318567e+02, x_e: -5.5635561901318567e+02, y_r: -2.3737081560381185e+02, y_e: -2.3737081560381185e+02, z_r: 7.6720042532954824e+02, z_e: 7.6720042532954824e+02

#ERR stream: 0, p: [60496], ea: 0, v_r: 2.4725903847348086e+03, v_e: 2.4715340178527417e+03, x_r: 1.0442166861988912e+03, x_e: 1.0445229824388534e+03, y_r: -8.1459344111977782e+02, y_e: -8.1435814778494273e+02, z_r: -2.2181924465274142e+03, z_e: -2.2165625253284170e+03

#ERR stream: 0, p: [188046], ea: 2, v_r: 9.1538859334066990e+02, v_e: 9.1538859334066990e+02, x_r: -8.2884583523474726e+02, x_e: -8.2884583523474726e+02, y_r: 4.7658616572528750e+01, y_e: 4.7658616572528750e+01, z_r: -1.2765194918212512e+02, z_e: -1.2765194918212512e+02

#ERR stream: 0, p: [137232], ea: 0, v_r: 2.1844661887873785e+03, v_e: 2.1844661887873785e+03, x_r: -1.5528092163689475e+03, x_e: -1.5528092163689475e+03, y_r: -7.5533901370002422e+02, y_e: -7.5533901370002422e+02, z_r: -3.2513849612190847e+02, z_e: -3.2513849612190847e+02

#ERR stream: 0, p: [47801], ea: 0, v_r: 2.4074484149541554e+03, v_e: 2.4074484149541554e+03, x_r: -2.1814396872790617e+03, x_e: -2.1814396872790617e+03, y_r: 1.5126628931002481e+03, y_e: 1.5126628931002481e+03, z_r: -7.7144088660315174e+02, z_e: -7.7144088660315174e+02

#ERR stream: 0, p: [60497], ea: 0, v_r: 1.9682228927823692e+03, v_e: 1.9673798600536870e+03, x_r: 8.3146134912832849e+02, x_e: 8.3168952660281218e+02, y_r: -1.0261776570480995e+03, y_e: -1.0258201734678153e+03, z_r: -1.7659513775917846e+03, z_e: -1.7646441969385130e+03

#ERR stream: 0, p: [60498], ea: 4, v_r: 3.1169308203762548e+03, v_e: 3.1156680129865917e+03, x_r: -1.0760820729943403e+03, x_e: -1.0744990703927060e+03, y_r: 1.3688547354371792e+03, y_e: 1.3679758085203732e+03, z_r: -1.0033956662657076e+03, z_e: -1.0022738708436694e+03

#ERR stream: 0, p: [140420], ea: 4, v_r: 2.1674816899593784e+03, v_e: 2.1674816899593784e+03, x_r: -3.1499669458133627e+02, x_e: -3.1499669458133627e+02, y_r: -2.7816793698818861e+02, y_e: -2.7816793698818861e+02, z_r: -1.9801258890782274e+03, z_e: -1.9801258890782274e+03

#ERR stream: 0, p: [60499], ea: 0, v_r: 3.5008424740842374e+03, v_e: 3.4992336841145484e+03, x_r: 2.1519132911517454e+03, x_e: 2.1521054173577577e+03, y_r: 1.9170191281653160e+02, y_e: 1.9139693923277468e+02, z_r: -4.5342459822238101e+02, z_e: -4.5229356473685090e+02

#ERR stream: 0, p: [60500], ea: 4, v_r: 2.7720922315866014e+03, v_e: 2.7708045273705638e+03, x_r: 2.2366318696273797e+03, x_e: 2.2364410213707306e+03, y_r: -1.4450064348056969e+03, y_e: -1.4444429608309329e+03, z_r: -8.9123629830784637e+02, z_e: -8.9003671886275902e+02

#ERR stream: 0, p: [141936], ea: 4, v_r: 2.0741739592445929e+03, v_e: 2.0741739592445929e+03, x_r: 9.1108693536972669e+02, x_e: 9.1108693536972669e+02, y_r: -6.6576541605443333e+02, y_e: -6.6576541605443333e+02, z_r: 1.6696015290792793e+03, z_e: 1.6696015290792793e+03

#ERR stream: 0, p: [60501], ea: 0, v_r: 2.4095699725500754e+03, v_e: 2.4084956602443376e+03, x_r: -3.6729908984146289e+02, x_e: -3.6620736263898988e+02, y_r: 5.9683483715495254e+02, y_e: 5.9629955083510515e+02, z_r: 1.5355876885455043e+03, z_e: 1.5354527156315419e+03

#ERR stream: 0, p: [60502], ea: 4, v_r: 2.4014846563384972e+03, v_e: 2.4003353785515733e+03, x_r: 1.9384683531756571e+03, x_e: 1.9383011786491611e+03, y_r: -1.2512437898004441e+03, y_e: -1.2507573880954046e+03, z_r: 1.4917492842364877e+02, z_e: 1.4977222279583333e+02

#ERR stream: 0, p: [143442], ea: 4, v_r: 2.9078232331347385e+03, v_e: 2.9078232331347385e+03, x_r: -2.1005231930944938e+03, x_e: -2.1005231930944938e+03, y_r: -9.7884572045875814e+02, y_e: -9.7884572045875814e+02, z_r: 1.9214644260250486e+02, z_e: 1.9214644260250486e+02

#ERR stream: 0, p: [60503], ea: 0, v_r: 3.5042458925724263e+03, v_e: 3.5026240515592426e+03, x_r: 8.1000834948690965e+02, x_e: 8.1104728565710786e+02, y_r: 2.8855101436358855e+03, y_e: 2.8837790124052563e+03, z_r: 2.9079884880373993e+03, z_e: 2.9074319726835811e+03

#ERR stream: 0, p: [60504], ea: 4, v_r: 2.9059387943610204e+03, v_e: 2.9048052177512909e+03, x_r: -1.5615094760054481e+03, x_e: -1.5597728786405000e+03, y_r: 2.3922829299272603e+03, y_e: 2.3910004317309822e+03, z_r: -9.3524066806359701e+02, z_e: -9.3424916321968419e+02

#ERR stream: 0, p: [60505], ea: 4, v_r: 2.9413011904881882e+03, v_e: 2.9400702936979351e+03, x_r: -1.0138314289875110e+03, x_e: -1.0123758405463274e+03, y_r: -4.0155925703782293e+02, y_e: -4.0167246681220911e+02, z_r: -3.8376574055804508e+02, z_e: -3.8290260530009181e+02

#ERR stream: 0, p: [60506], ea: 4, v_r: 3.0563508211371400e+03, v_e: 3.0550304987076224e+03, x_r: -1.0531030541429966e+03, x_e: -1.0513689517971413e+03, y_r: 2.5178797596949439e+03, y_e: 2.5163774826495633e+03, z_r: 2.5348588996706285e+03, z_e: 2.5344019289501293e+03

#ERR stream: 0, p: [60507], ea: 4, v_r: 3.1603574864309671e+03, v_e: 3.1589289880874494e+03, x_r: 1.2461841438980002e+02, x_e: 1.2572288808984838e+02, y_r: 1.7541310879348580e+02, y_e: 1.7502998534678395e+02, z_r: 1.4078332801767419e+03, z_e: 1.4079550244204991e+03

#ERR stream: 0, p: [60508], ea: 4, v_r: 1.9353976310345388e+03, v_e: 1.9346066612054590e+03, x_r: -1.7796489750417859e+03, x_e: -1.7782692231798362e+03, y_r: -1.7488142308921731e+03, y_e: -1.7483049512949024e+03, z_r: 1.1677045778260856e+02, z_e: 1.1717414278714389e+02

#ERR stream: 0, p: [60509], ea: 4, v_r: 2.8466558793334871e+03, v_e: 2.8453394651035273e+03, x_r: 1.7505173168524545e+03, x_e: 1.7506264714775748e+03, y_r: -9.3683837973382504e+02, y_e: -9.3655888660204300e+02, z_r: -3.6936668081438086e+02, z_e: -3.6842295105869187e+02

#ERR stream: 0, p: [60510], ea: 4, v_r: 2.2522606523922750e+03, v_e: 2.2512474815734622e+03, x_r: 1.3844990795395606e+03, x_e: 1.3845618852977684e+03, y_r: -1.1740151950783411e+03, y_e: -1.1735820585100112e+03, z_r: -1.1564859689313969e+03, z_e: -1.1553341393410874e+03

#ERR stream: 0, p: [60511], ea: 4, v_r: 2.7619196109383211e+03, v_e: 2.7607363556789414e+03, x_r: -2.0096305177006752e+03, x_e: -2.0076948385107080e+03, y_r: -3.7453131860681503e+02, y_e: -3.7473060846516751e+02, z_r: 2.2880753266326542e+03, z_e: 2.2876921265250953e+03

#ERR stream: 0, p: [60512], ea: 4, v_r: 2.9436498894448223e+03, v_e: 2.9423017725893815e+03, x_r: 1.1655869932657018e+02, x_e: 1.1760312442965437e+02, y_r: 1.6374672788594617e+02, y_e: 1.6337721840609123e+02, z_r: 1.8760667935168033e+03, z_e: 1.8759072359628785e+03

#ERR stream: 0, p: [60513], ea: 4, v_r: 3.1193885265206018e+03, v_e: 3.1180421318056647e+03, x_r: -2.2692812169823751e+03, x_e: -2.2671120792112015e+03, y_r: -1.0216291009368894e+03, y_e: -1.0215813115274765e+03, z_r: 2.5838013114997480e+03, z_e: 2.5833721561035559e+03

#ERR stream: 0, p: [60514], ea: 4, v_r: 3.0974408119022369e+03, v_e: 3.0961670915616287e+03, x_r: -1.6625363309644774e+03, x_e: -1.6605771366680556e+03, y_r: 2.5513942099643955e+03, y_e: 2.5499246771722273e+03, z_r: 1.3798354230745581e+03, z_e: 1.3799093021292742e+03

#ERR stream: 0, p: [60515], ea: 4, v_r: 2.3105148897648073e+03, v_e: 2.3095031383952910e+03, x_r: 5.3325520935220857e+02, x_e: 5.3379049126737573e+02, y_r: -3.1663167623192192e+02, y_e: -3.1665208314485824e+02, z_r: -7.4349032832165824e+02, z_e: -7.4256675123282162e+02

#ERR stream: 0, p: [60516], ea: 4, v_r: 2.1115114523198572e+03, v_e: 2.1106057127159752e+03, x_r: 4.8742531704560383e+02, x_e: 4.8784704292417825e+02, y_r: -1.5055900052720594e+03, y_e: -1.5050478685995979e+03, z_r: -1.4901765271101663e+03, z_e: -1.4889556560169217e+03

#ERR stream: 0, p: [60517], ea: 4, v_r: 2.6125427591862895e+03, v_e: 2.6114369938546624e+03, x_r: 6.0175283932762511e+02, x_e: 6.0235718319413979e+02, y_r: 1.4279817601907288e+02, y_e: 1.4256805124833048e+02, z_r: -1.8425212304708855e+03, z_e: -1.8410626378349991e+03

#ERR stream: 0, p: [60518], ea: 4, v_r: 2.7330550962220846e+03, v_e: 2.7318166484752592e+03, x_r: 2.2033037558296846e+03, x_e: 2.2032062091533007e+03, y_r: 6.7330774704891076e+02, y_e: 6.7286445569439877e+02, z_r: -1.4016198611966922e+03, z_e: -1.4002469846666284e+03

#ERR stream: 0, p: [60519], ea: 4, v_r: 3.2741362047363500e+03, v_e: 3.2727385341578515e+03, x_r: -1.7551732479613704e+03, x_e: -1.7532034212472158e+03, y_r: -4.4530747272504942e+02, y_e: -4.4549361489475677e+02, z_r: 1.4565165832745490e+03, z_e: 1.4566355650646151e+03

#ERR stream: 0, p: [60520], ea: 4, v_r: 3.2676771235577557e+03, v_e: 3.2660806356120574e+03, x_r: 2.6368866116542072e+03, x_e: 2.6368254156862549e+03, y_r: 2.0617869359417418e+03, y_e: 2.0605089095647168e+03, z_r: 2.0859258885347826e+03, z_e: 2.0857144420136556e+03

#ERR stream: 0, p: [60521], ea: 4, v_r: 3.1398894097792549e+03, v_e: 3.1386357985002683e+03, x_r: -2.2878170574538603e+03, x_e: -2.2856399608256575e+03, y_r: 1.9836170258397483e+03, y_e: 1.9823992391490710e+03, z_r: 7.9551351349637548e+02, z_e: 7.9584581665091343e+02

#ERR stream: 0, p: [60522], ea: 4, v_r: 3.0376162697565269e+03, v_e: 3.0361745708283338e+03, x_r: 2.4507883532032702e+03, x_e: 2.4506527384113333e+03, y_r: 1.6630933584919160e+02, y_e: 1.6605217987415602e+02, z_r: 1.8976768348634616e+02, z_e: 1.9048701575041724e+02

#ERR stream: 0, p: [60523], ea: 4, v_r: 2.5653352606353642e+03, v_e: 2.5641205098507398e+03, x_r: 2.0709419306449108e+03, x_e: 2.0707232654786817e+03, y_r: -2.3215680297664676e+03, y_e: -2.3205586696475680e+03, z_r: -3.3334187836739318e+02, z_e: -3.3244317547868326e+02

#ERR stream: 0, p: [60524], ea: 4, v_r: 2.4137050007815851e+03, v_e: 2.4127550795504667e+03, x_r: -8.3406096251684039e+02, x_e: -8.3287356370297334e+02, y_r: 1.0594528424541900e+03, y_e: 1.0588036138785230e+03, z_r: -1.7029021858125002e+03, z_e: -1.7016667076182489e+03

#ERR stream: 0, p: [60525], ea: 4, v_r: 3.0521099589899636e+03, v_e: 3.0507175896462772e+03, x_r: -4.6355779462042642e+02, x_e: -4.6226310378418395e+02, y_r: -1.5870148178300126e+03, y_e: -1.5865814661561365e+03, z_r: 1.9435258543474449e+03, z_e: 1.9433827024780942e+03

#ERR stream: 0, p: [60526], ea: 4, v_r: 2.3930715070873634e+03, v_e: 2.3921004615981960e+03, x_r: -2.2011448543024012e+03, x_e: -2.1993734596884747e+03, y_r: -7.8436699750806770e+02, y_e: -7.8434199153468057e+02, z_r: 6.0441148759791417e+02, z_e: 6.0469231029325147e+02

#ERR stream: 0, p: [60527], ea: 4, v_r: 2.9708965577663625e+03, v_e: 2.9695908042424448e+03, x_r: 1.2553085153425313e+03, x_e: 1.2557165769985543e+03, y_r: -4.0786008169084346e+02, y_e: -4.0785139407373396e+02, z_r: -1.5253004006582466e+03, z_e: -1.5238369312064774e+03

#ERR stream: 0, p: [60528], ea: 4, v_r: 1.7031381154546368e+03, v_e: 1.7024736747816853e+03, x_r: -9.1445421672725092e+02, x_e: -9.1356261849878615e+02, y_r: -8.8686760034098836e+02, y_e: -8.8665752728713596e+02, z_r: -1.5295369269189216e+03, z_e: -1.5285147513750530e+03

#ERR stream: 0, p: [60529], ea: 4, v_r: 2.2144442227500981e+03, v_e: 2.2136141679043963e+03, x_r: -2.0390993054099490e+03, x_e: -2.0375253492313309e+03, y_r: 5.4803690543940047e+02, y_e: 5.4756587102637502e+02, z_r: -1.1388908141273696e+03, z_e: -1.1379832144853399e+03

#ERR stream: 0, p: [60530], ea: 4, v_r: 3.4973500845675412e+03, v_e: 3.4958875778906954e+03, x_r: -2.5462239368697797e+03, x_e: -2.5437165059384329e+03, y_r: 1.5394165533370140e+03, y_e: 1.5382731790955038e+03, z_r: 2.8986880884313696e+03, z_e: 2.8981923474162663e+03

#ERR stream: 0, p: [60531], ea: 4, v_r: 2.8850777475341283e+03, v_e: 2.8838601479983809e+03, x_r: -2.6523523540860210e+03, x_e: -2.6501203828367402e+03, y_r: -9.4446846713545654e+02, y_e: -9.4445590368763499e+02, z_r: 2.3892711795898481e+03, z_e: 2.3888797808021736e+03

#ERR stream: 0, p: [60532], ea: 4, v_r: 2.2486112410311334e+03, v_e: 2.2476922651987443e+03, x_r: -2.0676571192398369e+03, x_e: -2.0660540762801556e+03, y_r: -2.0318322576210546e+03, y_e: -2.0312405591458221e+03, z_r: 1.3566791639089206e+02, z_e: 1.3613693145243712e+02

#ERR stream: 0, p: [60533], ea: 4, v_r: 3.0939490880418698e+03, v_e: 3.0925696437358420e+03, x_r: -4.7162136688271232e+02, x_e: -4.7021956140664764e+02, y_r: 7.6635110047164756e+02, y_e: 7.6566377923175833e+02, z_r: 1.9717336216452072e+03, z_e: 1.9715603129931139e+03

#ERR stream: 0, p: [60534], ea: 4, v_r: 2.4570423571915858e+03, v_e: 2.4559429025316858e+03, x_r: 1.9806570367912880e+03, x_e: 1.9805494695607651e+03, y_r: 1.3340007377222906e+02, y_e: 1.3323566731443398e+02, z_r: -1.7315919542013885e+03, z_e: -1.7301377125697684e+03

#ERR stream: 0, p: [60535], ea: 4, v_r: 2.2270426701467813e+03, v_e: 2.2261186721302397e+03, x_r: -1.6211729500501035e+03, x_e: -1.6196918362527772e+03, y_r: -7.3026295870955687e+02, y_e: -7.3021541443218246e+02, z_r: 5.6282618730414049e+02, z_e: 5.6309613437988412e+02

#ERR stream: 0, p: [60536], ea: 4, v_r: 2.4881319609549328e+03, v_e: 2.4870990095821630e+03, x_r: 5.7237758903837062e+02, x_e: 5.7296267987509941e+02, y_r: 6.1330367337329847e+02, y_e: 6.1288737157358344e+02, z_r: -2.2316913901370999e+03, z_e: -2.2301220657363974e+03

#ERR stream: 0, p: [60537], ea: 4, v_r: 2.0167050821651278e+03, v_e: 2.0158684630154939e+03, x_r: -3.0884887332596526e+02, x_e: -3.0804568854022665e+02, y_r: -2.7609166184020836e+02, y_e: -2.7613872817859163e+02, z_r: -1.0364198508446539e+03, z_e: -1.0354866399498990e+03

#ERR stream: 0, p: [60538], ea: 4, v_r: 1.7898164910061378e+03, v_e: 1.7891034595725325e+03, x_r: -9.6046429460533227e+02, x_e: -9.5952228223099905e+02, y_r: -1.2752566479179284e+03, y_e: -1.2748909989766541e+03, z_r: -1.2643475217691760e+03, z_e: -1.2633941551482801e+03

#ERR stream: 0, p: [60539], ea: 4, v_r: 2.6827822396307633e+03, v_e: 2.6815747680292784e+03, x_r: -4.0791145878539260e+02, x_e: -4.0679136143887592e+02, y_r: -1.3953220563135892e+03, y_e: -1.3949391871183498e+03, z_r: 1.1936312623107235e+03, z_e: 1.1937534009682629e+03

#ERR stream: 0, p: [60540], ea: 4, v_r: 2.1656737679299467e+03, v_e: 2.1648172970653382e+03, x_r: -1.1629609646677100e+03, x_e: -1.1617428031743420e+03, y_r: 1.1973162448797329e+02, y_e: 1.1946811370800177e+02, z_r: -1.1134088947203991e+03, z_e: -1.1124628917943837e+03

#ERR stream: 0, p: [60541], ea: 4, v_r: 1.9610394930465463e+03, v_e: 1.9602036209412265e+03, x_r: -1.4266624463255814e+03, x_e: -1.4253607482594430e+03, y_r: -1.3954211780560224e+03, y_e: -1.3950423090059292e+03, z_r: 8.7128747606671129e+02, z_e: 8.7137013334469827e+02

#ERR stream: 0, p: [60542], ea: 4, v_r: 3.3463445995970374e+03, v_e: 3.3449147018382896e+03, x_r: 2.0530828168808680e+03, x_e: 2.0533609351312261e+03, y_r: 2.7513547460910413e+03, y_e: 2.7499723221974004e+03, z_r: -2.9992318624968038e+03, z_e: -2.9970883244282386e+03

#ERR stream: 0, p: [60543], ea: 4, v_r: 3.3930177641741357e+03, v_e: 3.3915440460495920e+03, x_r: -5.1830203033887835e+02, x_e: -5.1680915009222986e+02, y_r: 8.3959950933612379e+02, y_e: 8.3888223200914263e+02, z_r: 8.6040390545205980e+02, z_e: 8.6081896031430290e+02

#ERR stream: 0, p: [60544], ea: 4, v_r: 3.1415168946339613e+03, v_e: 3.1402231067928365e+03, x_r: -4.8219143646605096e+02, x_e: -4.8082538365102033e+02, y_r: 1.9823261110385993e+03, y_e: 1.9811945019918503e+03, z_r: -1.0104470382121491e+03, z_e: -1.0093037139772936e+03

#ERR stream: 0, p: [60545], ea: 4, v_r: 3.5705261517292865e+03, v_e: 3.5689730615908566e+03, x_r: -1.9134328840448184e+03, x_e: -1.9111994859828396e+03, y_r: 2.0054217303941854e+02, y_e: 2.0000249591751353e+02, z_r: 2.9589771039664038e+03, z_e: 2.9584695909307452e+03

#ERR stream: 0, p: [60546], ea: 4, v_r: 2.7682759735198474e+03, v_e: 2.7669540020367258e+03, x_r: 6.4278131424003777e+02, x_e: 6.4339210473932849e+02, y_r: -2.5026789873953612e+03, y_e: -2.5016839928154650e+03, z_r: 1.7630099130747112e+03, z_e: 1.7628954086233816e+03

#ERR stream: 0, p: [60547], ea: 4, v_r: 3.4220409545254824e+03, v_e: 3.4206043654635973e+03, x_r: -1.8357945032075993e+03, x_e: -1.8336214203093116e+03, y_r: 2.1622479990490356e+03, y_e: 2.1608769122105250e+03, z_r: 2.1805888638555352e+03, z_e: 2.1803881800124254e+03

#ERR stream: 0, p: [60548], ea: 4, v_r: 2.4278018249067372e+03, v_e: 2.4267033939577564e+03, x_r: 9.6312979385873689e+01, x_e: 9.7092630882455069e+01, y_r: -1.2633541593281450e+03, y_e: -1.2629768102809942e+03, z_r: 6.1483880886963743e+02, z_e: 6.1517689224231026e+02

#ERR stream: 0, p: [60549], ea: 4, v_r: 2.0491897339596449e+03, v_e: 2.0483820795184301e+03, x_r: -7.0765450134226114e+02, x_e: -7.0670700528035366e+02, y_r: -2.8077362914996115e+02, y_e: -2.8082713094743559e+02, z_r: -1.8394769243459109e+03, z_e: -1.8382430576588811e+03

#ERR stream: 0, p: [60550], ea: 4, v_r: 2.5204336151186412e+03, v_e: 2.5193169571522890e+03, x_r: 9.9820376442694510e+01, x_e: 1.0056380552573738e+02, y_r: -2.2795680762545117e+03, y_e: -2.2787199646139634e+03, z_r: -3.2928987434087264e+02, z_e: -3.2847298052215859e+02

#ERR stream: 0, p: [60551], ea: 4, v_r: 3.0358005164823358e+03, v_e: 3.0343910206660144e+03, x_r: 7.0383943618858530e+02, x_e: 7.0448464444624028e+02, y_r: -2.7453231364995972e+03, y_e: -2.7442444766918970e+03, z_r: 7.6855965314008495e+02, z_e: 7.6901439536157761e+02

#ERR stream: 0, p: [60552], ea: 4, v_r: 3.5363405802020293e+03, v_e: 3.5347844079814972e+03, x_r: 2.1708362220592380e+03, x_e: 2.1711403831328239e+03, y_r: 2.9083251051534817e+03, y_e: 2.9067981783408673e+03, z_r: -1.8130154154323320e+03, z_e: -1.8113248590883791e+03

#ERR stream: 0, p: [60553], ea: 4, v_r: 3.0311832868835445e+03, v_e: 3.0298122371392687e+03, x_r: -4.6045730493010370e+02, x_e: -4.5921367335143253e+02, y_r: -2.1582139768650172e+03, y_e: -2.1575023464863211e+03, z_r: 1.3482486008449464e+03, z_e: 1.3483954340736843e+03

#ERR stream: 0, p: [60554], ea: 4, v_r: 3.3235246670204715e+03, v_e: 3.3221315954089887e+03, x_r: -1.1462704139847137e+03, x_e: -1.1444819581230151e+03, y_r: 2.0987622873848213e+03, y_e: 2.0974841531176462e+03, z_r: 8.4305458680675883e+02, z_e: 8.4342859900090264e+02

#ERR stream: 0, p: [60555], ea: 4, v_r: 2.8679648655582519e+03, v_e: 2.8666701932918004e+03, x_r: 1.7620466000916917e+03, x_e: 1.7622242263032451e+03, y_r: 7.0721261394203896e+02, y_e: 7.0671574273985163e+02, z_r: -9.2122413675539838e+02, z_e: -9.2005679918717124e+02

#ERR stream: 0, p: [60556], ea: 4, v_r: 2.6019641640697841e+03, v_e: 2.6008096418564260e+03, x_r: 1.5993409109947488e+03, x_e: 1.5993899100894944e+03, y_r: -1.8559765856813294e+03, y_e: -1.8552425053562254e+03, z_r: -1.8353970018865107e+03, z_e: -1.8338362165345445e+03

#ERR stream: 0, p: [60557], ea: 4, v_r: 2.6854603838775611e+03, v_e: 2.6842229173837454e+03, x_r: 1.0736481126551129e+02, x_e: 1.0822143278153423e+02, y_r: -1.9124375382747919e+03, y_e: -1.9117706486478357e+03, z_r: 1.1949290291862510e+03, z_e: 1.1950643895142780e+03

#ERR stream: 0, p: [60558], ea: 4, v_r: 2.6432909183930683e+03, v_e: 2.6422315964320396e+03, x_r: -1.9253755155970500e+03, x_e: -1.9236563819759997e+03, y_r: -3.6016161050440451e+02, y_e: -3.6031135684449828e+02, z_r: -3.4572299594242145e+02, z_e: -3.4498550890153501e+02

#ERR stream: 0, p: [60559], ea: 4, v_r: 1.6680139263140920e+03, v_e: 1.6673210423627145e+03, x_r: -2.5484529303977479e+02, x_e: -2.5424211794123050e+02, y_r: -1.5090245728014283e+03, y_e: -1.5084981178627722e+03, z_r: -1.1779636392010179e+03, z_e: -1.1770282362171411e+03

#ERR stream: 0, p: [60560], ea: 4, v_r: 2.6253989259427995e+03, v_e: 2.6242968509258862e+03, x_r: -1.9110747339104339e+03, x_e: -1.9092462927499553e+03, y_r: 1.4748841059715321e+02, y_e: 1.4708341170863471e+02, z_r: 1.6715608397051324e+03, z_e: 1.6714219553794962e+03

#ERR stream: 0, p: [60561], ea: 4, v_r: 2.9908219183069991e+03, v_e: 2.9894214288743124e+03, x_r: 6.9209871995657954e+02, x_e: 6.9293683253345694e+02, y_r: 1.3144492981639685e+03, y_e: 1.3135205947996451e+03, z_r: 2.4812236202057661e+03, z_e: 2.4807591239900917e+03

#ERR stream: 0, p: [60562], ea: 4, v_r: 2.4098335945573467e+03, v_e: 2.4087704599565318e+03, x_r: 9.3999539001973801e+01, x_e: 9.4866018832066104e+01, y_r: 1.0585622378385128e+03, y_e: 1.0578533075646130e+03, z_r: 6.1176581020883305e+02, z_e: 6.1206044026045868e+02

#ERR stream: 0, p: [60563], ea: 4, v_r: 2.4824428980245766e+03, v_e: 2.4813263202059898e+03, x_r: -8.5300636823691320e+02, x_e: -8.5174978715133648e+02, y_r: -1.7668248544272958e+03, y_e: -1.7662749887314528e+03, z_r: 1.5800331755963598e+03, z_e: 1.5799221274831025e+03

#ERR stream: 0, p: [60564], ea: 4, v_r: 2.7030889351797737e+03, v_e: 2.7019454193207243e+03, x_r: -1.4487838397761707e+03, x_e: -1.4472587620237073e+03, y_r: -1.9245554789282946e+03, y_e: -1.9239976163449644e+03, z_r: 1.6432776998162444e+02, z_e: 1.6491246644594219e+02

#ERR stream: 0, p: [60565], ea: 4, v_r: 1.9595826604819451e+03, v_e: 1.9588076935961901e+03, x_r: -1.0522905965465391e+03, x_e: -1.0511883584461298e+03, y_r: 1.0833765395894878e+02, y_e: 1.0809921954517471e+02, z_r: -1.0074540295170763e+03, z_e: -1.0065980506720459e+03

#ERR stream: 0, p: [60566], ea: 4, v_r: 3.4089488466320486e+03, v_e: 3.4073258679765263e+03, x_r: 2.7497230262265234e+03, x_e: 2.7496590343236758e+03, y_r: 2.1501605973173359e+03, y_e: 2.1488821841288304e+03, z_r: 8.6806806107113925e+02, z_e: 8.6851350221402788e+02

#ERR stream: 0, p: [60567], ea: 4, v_r: 2.2865831416603528e+03, v_e: 2.2857714484880048e+03, x_r: -2.1070685517518837e+03, x_e: -2.1054578640898430e+03, y_r: 1.8821710200186203e+03, y_e: 1.8812176510444490e+03, z_r: -2.0522690836298684e+03, z_e: -2.0510601797011086e+03

#ERR stream: 0, p: [60568], ea: 4, v_r: 2.4207590598732240e+03, v_e: 2.4197697482503645e+03, x_r: -3.7026287028041287e+02, x_e: -3.6940453876369668e+02, y_r: -2.1903289456361413e+03, y_e: -2.1895702194873293e+03, z_r: -2.1738228245463411e+03, z_e: -2.1722811254702779e+03

#ERR stream: 0, p: [60569], ea: 4, v_r: 2.8919947203903780e+03, v_e: 2.8906703903742614e+03, x_r: 1.7786394480417157e+03, x_e: 1.7787002772134063e+03, y_r: -2.0621528113054428e+03, y_e: -2.0613305565347264e+03, z_r: -9.3064912643830439e+02, z_e: -9.2940779064134313e+02

#ERR stream: 0, p: [60570], ea: 4, v_r: 4.1075262743067433e+03, v_e: 4.1055434228635067e+03, x_r: 2.5262791097034024e+03, x_e: 2.5266741488841099e+03, y_r: 3.3812466372549084e+03, y_e: 3.3792111059401295e+03, z_r: 3.4099675192139762e+03, z_e: 3.4092897044846754e+03

#ERR stream: 0, p: [60571], ea: 4, v_r: 3.2117384330865634e+03, v_e: 3.2105162306785128e+03, x_r: -2.9572513983855320e+03, x_e: -2.9548133754093815e+03, y_r: 2.6456036292425597e+03, y_e: 2.6441344325141345e+03, z_r: 1.9751352087471773e+02, z_e: 1.9807788025008506e+02

#ERR stream: 0, p: [60572], ea: 4, v_r: 2.3104503783616792e+03, v_e: 2.3095256674472926e+03, x_r: -1.6826669610524345e+03, x_e: -1.6812161923494414e+03, y_r: -1.2019084485117012e+03, y_e: -1.2016564050643130e+03, z_r: -7.4594508394512764e+02, z_e: -7.4510020089962336e+02

#ERR stream: 0, p: [60573], ea: 4, v_r: 2.8662252660711256e+03, v_e: 2.8649609585604426e+03, x_r: 1.2105048108139579e+03, x_e: 1.2109770658533312e+03, y_r: 1.2573313062843415e+03, y_e: 1.2565663898898556e+03, z_r: -9.2082567978536349e+02, z_e: -9.1969568603804225e+02

#ERR stream: 0, p: [60574], ea: 4, v_r: 2.6123481870153246e+03, v_e: 2.6112145034984296e+03, x_r: 6.0172713407865660e+02, x_e: 6.0244870286826017e+02, y_r: 2.1496091941405402e+03, y_e: 2.1484333956714927e+03, z_r: -3.3803241526945567e+02, z_e: -3.3726774909659974e+02

#ERR stream: 0, p: [60575], ea: 4, v_r: 2.4729705166156173e+03, v_e: 2.4718499227540065e+03, x_r: 1.9936316815738658e+03, x_e: 1.9935434176910683e+03, y_r: 6.0923404338334410e+02, y_e: 6.0883293677869005e+02, z_r: -1.2682380962731290e+03, z_e: -1.2669958662183838e+03

#ERR stream: 0, p: [60576], ea: 4, v_r: 3.0414881717568260e+03, v_e: 3.0399699152081621e+03, x_r: 2.4567037574300921e+03, x_e: 2.4564889759193748e+03, y_r: -1.5835928642567997e+03, y_e: -1.5829809685747498e+03, z_r: 1.9393868582729999e+03, z_e: 1.9392438125071533e+03

#ERR stream: 0, p: [60577], ea: 4, v_r: 1.9485909752515440e+03, v_e: 1.9477717881796009e+03, x_r: -2.9764580009901084e+02, x_e: -2.9691312521420832e+02, y_r: -1.3886605388433452e+03, y_e: -1.3882092983652653e+03, z_r: -1.0021417085377805e+03, z_e: -1.0012114844380890e+03

#ERR stream: 0, p: [60578], ea: 4, v_r: 2.8791038849858037e+03, v_e: 2.8778576672529325e+03, x_r: -9.9106708068623777e+02, x_e: -9.8961622886673820e+02, y_r: -9.4488162833708884e+02, y_e: -9.4475832460274717e+02, z_r: 7.2854079227725390e+02, z_e: 7.2891130930268343e+02

#ERR stream: 0, p: [60579], ea: 4, v_r: 2.7435236966801990e+03, v_e: 2.7422896873473287e+03, x_r: -9.4271783110876015e+02, x_e: -9.4132909423677700e+02, y_r: -1.9526434464462868e+03, y_e: -1.9520357508703935e+03, z_r: 1.7462067152638165e+03, z_e: 1.7460839881185379e+03

#ERR stream: 0, p: [60580], ea: 4, v_r: 2.2933640254487309e+03, v_e: 2.2923747121688061e+03, x_r: 8.9510434918249445e+01, x_e: 9.0226711766297569e+01, y_r: -7.5413198799592453e+02, y_e: -7.5397262216747697e+02, z_r: -7.3863619529694154e+02, z_e: -7.3772825692197648e+02

#ERR stream: 0, p: [60581], ea: 4, v_r: 2.3421753307876479e+03, v_e: 2.3412630845951817e+03, x_r: -1.7070293579177662e+03, x_e: -1.7055023283778883e+03, y_r: 5.7963176935375111e+02, y_e: 5.7913489670789136e+02, z_r: -7.5499819802699199e+02, z_e: -7.5418619420699861e+02

#ERR stream: 0, p: [60582], ea: 4, v_r: 2.7070887614026578e+03, v_e: 2.7058666452306443e+03, x_r: 6.2486851892832829e+02, x_e: 6.2564943923454325e+02, y_r: 2.2284839935312525e+03, y_e: 2.2271937963192986e+03, z_r: 1.2076404364960219e+03, z_e: 1.2077168725849183e+03

#ERR stream: 0, p: [60583], ea: 4, v_r: 2.9128626119004257e+03, v_e: 2.9115444003158777e+03, x_r: 1.7890814987585857e+03, x_e: 1.7893405324500120e+03, y_r: 2.3962018847409904e+03, y_e: 2.3948903526119179e+03, z_r: -3.7595640622581141e+02, z_e: -3.7506546034204479e+02

#ERR stream: 0, p: [60584], ea: 4, v_r: 2.1194194067472085e+03, v_e: 2.1185050984597005e+03, x_r: -3.2331522322850157e+02, x_e: -3.2247342978840055e+02, y_r: -1.1031297365184846e+03, y_e: -1.1028229517545053e+03, z_r: -2.7671604507791722e+02, z_e: -2.7606134282798610e+02

#ERR stream: 0, p: [60585], ea: 4, v_r: 2.2632218344536132e+03, v_e: 2.2622533026638971e+03, x_r: 5.2139110641474292e+02, x_e: 5.2194227695638301e+02, y_r: 5.5838422984055057e+02, y_e: 5.5798025525442779e+02, z_r: -1.1618246281074642e+03, z_e: -1.1607540213423822e+03

#ERR stream: 0, p: [60586], ea: 4, v_r: 2.0322478752422298e+03, v_e: 2.0314776733751112e+03, x_r: -1.8712537976923757e+03, x_e: -1.8697430546014036e+03, y_r: 1.2836374555198120e+03, y_e: 1.2828746269684648e+03, z_r: -2.6509640079838903e+02, z_e: -2.6457925387407420e+02

#ERR stream: 0, p: [60587], ea: 4, v_r: 2.1501739985451845e+03, v_e: 2.1493188744251297e+03, x_r: -1.5662340726025743e+03, x_e: -1.5648708748266840e+03, y_r: -7.0589625531155627e+02, y_e: -7.0583756574549761e+02, z_r: -6.9391983849486053e+02, z_e: -6.9314363595484463e+02

#ERR stream: 0, p: [60588], ea: 4, v_r: 2.5235707345183641e+03, v_e: 2.5224481402942356e+03, x_r: 1.5500225283428549e+03, x_e: 1.5501754640804513e+03, y_r: 6.2200223314255732e+02, y_e: 6.2157936662369809e+02, z_r: -1.2946227776656717e+03, z_e: -1.2933793113008803e+03

#ERR stream: 0, p: [60589], ea: 4, v_r: 2.4100414086517080e+03, v_e: 2.4089975450700895e+03, x_r: -8.3014443090264842e+02, x_e: -8.2882709398869133e+02, y_r: 1.0598645096840169e+03, y_e: 1.0591078041149192e+03, z_r: 1.5358013357904117e+03, z_e: 1.5356627602869773e+03

#ERR stream: 0, p: [60590], ea: 4, v_r: 3.3166838397242832e+03, v_e: 3.3152898356463043e+03, x_r: 1.3986952091534329e+03, x_e: 1.3992412757951201e+03, y_r: 2.0905531146658777e+03, y_e: 2.0894576980976008e+03, z_r: -2.9735578902945585e+03, z_e: -2.9714587873056043e+03

#ERR stream: 0, p: [60591], ea: 4, v_r: 2.4471999102766454e+03, v_e: 2.4460919672978630e+03, x_r: 1.0348671807622711e+03, x_e: 1.0352166445508058e+03, y_r: -3.3538448963614860e+02, y_e: -3.3539253024259790e+02, z_r: -3.1766711666021598e+02, z_e: -3.1688203978201994e+02

#ERR stream: 0, p: [60592], ea: 4, v_r: 3.0847841350875410e+03, v_e: 3.0834679489397608e+03, x_r: 1.3014123783900798e+03, x_e: 1.3019290019659607e+03, y_r: 1.9447211161286484e+03, y_e: 1.9436773902393518e+03, z_r: -2.1740121416039206e+03, z_e: -2.1723024974104210e+03

#ERR stream: 0, p: [60593], ea: 4, v_r: 2.9439812081182199e+03, v_e: 2.9426481819323121e+03, x_r: 6.8018080208898027e+02, x_e: 6.8094638801011854e+02, y_r: 7.2772029348469289e+02, y_e: 7.2712943787861525e+02, z_r: 7.4750098693997745e+02, z_e: 7.4788030277036205e+02

#ERR stream: 0, p: [60594], ea: 4, v_r: 1.9618646878211816e+03, v_e: 1.9609982094084776e+03, x_r: -2.9840742466292386e+02, x_e: -2.9764345500588178e+02, y_r: -1.7738507699123952e+03, y_e: -1.7732155107908238e+03, z_r: 1.1966302216681264e+02, z_e: 1.2011628578176658e+02

#ERR stream: 0, p: [60595], ea: 4, v_r: 2.8014245073827351e+03, v_e: 2.8002119999962074e+03, x_r: 1.0846694523412368e+02, x_e: 1.0948099335821890e+02, y_r: 1.7680237309177164e+03, y_e: 1.7669768807458622e+03, z_r: 1.7410063620624086e+02, z_e: 1.7467684909679960e+02

#ERR stream: 0, p: [60596], ea: 4, v_r: 3.1881805509646092e+03, v_e: 3.1868088235245864e+03, x_r: 1.2304716157702097e+02, x_e: 1.2422608744406440e+02, y_r: 2.6241873235911985e+03, y_e: 2.6227247552719564e+03, z_r: 1.9850190068348158e+02, z_e: 1.9914538355545713e+02

#ERR stream: 0, p: [60597], ea: 4, v_r: 2.0788008839011577e+03, v_e: 2.0779177542998855e+03, x_r: 4.7907426915127513e+02, x_e: 4.7953856067628419e+02, y_r: -2.8537239822715873e+02, y_e: -2.8537790011947004e+02, z_r: -1.4663384229239548e+03, z_e: -1.4651672142261973e+03

#ERR stream: 0, p: [60598], ea: 4, v_r: 2.1535260770726682e+03, v_e: 2.1526207353442942e+03, x_r: -3.2894948215678448e+02, x_e: -3.2813975118169628e+02, y_r: -1.5347072426089264e+03, y_e: -1.5342085447554939e+03, z_r: -1.1075378720665981e+03, z_e: -1.1065098154443258e+03

#ERR stream: 0, p: [60599], ea: 4, v_r: 3.2524169169455022e+03, v_e: 3.2509547908670738e+03, x_r: 1.2781793179755431e+02, x_e: 1.2897959634626034e+02, y_r: 8.0477424027799248e+02, y_e: 8.0408644892681230e+02, z_r: 1.4492382922873885e+03, z_e: 1.4493542086513994e+03

#ERR stream: 0, p: [60600], ea: 4, v_r: 2.8502445321889204e+03, v_e: 2.8488647730797643e+03, x_r: 6.6231099446637768e+02, x_e: 6.6295132516862293e+02, y_r: -2.5764107994650522e+03, y_e: -2.5753806898190587e+03, z_r: 2.3621018368551654e+03, z_e: 2.3617009789123999e+03

#ERR stream: 0, p: [60601], ea: 4, v_r: 2.6274065186064963e+03, v_e: 2.6262606571391784e+03, x_r: 6.0605743300241443e+02, x_e: 6.0668711891894327e+02, y_r: 1.4422667382498486e+02, y_e: 1.4397235434273279e+02, z_r: -8.4514904212668762e+02, z_e: -8.4411079775676694e+02

#ERR stream: 0, p: [60602], ea: 4, v_r: 4.5395185835954153e+03, v_e: 4.5373271938454855e+03, x_r: 2.7919702029862492e+03, x_e: 2.7924067888002683e+03, y_r: 3.7368554503352084e+03, y_e: 3.7346058403232819e+03, z_r: 3.7685969338178447e+03, z_e: 3.7678478326911777e+03

#ERR stream: 0, p: [60603], ea: 4, v_r: 3.3066933032262468e+03, v_e: 3.3051051071484635e+03, x_r: 1.4002793938019415e+03, x_e: 1.4008510541199719e+03, y_r: 8.1813074620755140e+02, y_e: 8.1742941521603757e+02, z_r: 2.7434296455666099e+03, z_e: 2.7429138514467677e+03

#ERR stream: 0, p: [60604], ea: 4, v_r: 2.7637252652237739e+03, v_e: 2.7625720294238690e+03, x_r: 1.0600691598337663e+02, x_e: 1.0694067390002245e+02, y_r: 1.2127266345390997e+03, y_e: 1.2119868263501969e+03, z_r: -1.4188940836364723e+03, z_e: -1.4176286412953011e+03

#ERR stream: 0, p: [60605], ea: 4, v_r: 2.9874420547404375e+03, v_e: 2.9860962921396958e+03, x_r: -1.0269012891868538e+03, x_e: -1.0253254311888552e+03, y_r: -9.7927709424062425e+02, y_e: -9.7916677142510764e+02, z_r: 2.4754647663525320e+03, z_e: 2.4750421989408387e+03

#ERR stream: 0, p: [60606], ea: 4, v_r: 1.8437518615013337e+03, v_e: 1.8430010490963768e+03, x_r: -2.8225185976142461e+02, x_e: -2.8158440251242723e+02, y_r: -1.3144120713717177e+03, y_e: -1.3139880372019127e+03, z_r: -1.6554423533129309e+03, z_e: -1.6542777159383270e+03

#ERR stream: 0, p: [60607], ea: 4, v_r: 2.9652790651668506e+03, v_e: 2.9641146738377283e+03, x_r: -2.7291012685227433e+03, x_e: -2.7268471140007036e+03, y_r: 1.3045009793678896e+03, y_e: 1.3035753467149227e+03, z_r: 7.5046527644670186e+02, z_e: 7.5077756359485272e+02

#ERR stream: 0, p: [60608], ea: 4, v_r: 2.0771229472321779e+03, v_e: 2.0763464407794509e+03, x_r: -1.9128797423822853e+03, x_e: -1.9113583933072314e+03, y_r: 1.3117300080787945e+03, y_e: 1.3109651510094563e+03, z_r: -6.6936357167608685e+02, z_e: -6.6868298854310660e+02

#ERR stream: 0, p: [60609], ea: 4, v_r: 2.8837641361396186e+03, v_e: 2.8825487628805645e+03, x_r: -9.9452315134715980e+02, x_e: -9.9292994773366922e+02, y_r: 2.3750144120557361e+03, y_e: 2.3736446301719579e+03, z_r: 1.2850877073025074e+03, z_e: 1.2851598891824872e+03

#ERR stream: 0, p: [60610], ea: 4, v_r: 3.1676791907575985e+03, v_e: 3.1663994952730695e+03, x_r: -2.9144102815209249e+03, x_e: -2.9118867083107775e+03, y_r: 2.0027777302653292e+03, y_e: 2.0014778593577689e+03, z_r: 2.6253779780856498e+03, z_e: 2.6249354923249180e+03

#ERR stream: 0, p: [60611], ea: 4, v_r: 2.0047564037948318e+03, v_e: 2.0038839691004255e+03, x_r: -3.0527233571993025e+02, x_e: -3.0450547647628440e+02, y_r: -1.8128939061666108e+03, y_e: -1.8122486944316597e+03, z_r: -2.6226086529444871e+02, z_e: -2.6162491686565767e+02

#ERR stream: 0, p: [60612], ea: 4, v_r: 3.8136879522703089e+03, v_e: 3.8119659753504175e+03, x_r: 1.6114607565602771e+03, x_e: 1.6121423547405939e+03, y_r: 2.4059393364649218e+03, y_e: 2.4045272407269349e+03, z_r: 2.3825890009034120e+02, z_e: 2.3908065311172149e+02

#ERR stream: 0, p: [60613], ea: 4, v_r: 3.5205515547176556e+03, v_e: 3.5189619236043841e+03, x_r: -5.3608413309151479e+02, x_e: -5.3446628588720841e+02, y_r: 8.7245189131008703e+02, y_e: 8.7165098730630234e+02, z_r: 2.9191230183382318e+03, z_e: 2.9186006796538154e+03

#ERR stream: 0, p: [60614], ea: 4, v_r: 3.2925663035045700e+03, v_e: 3.2910602564982182e+03, x_r: 2.6559833478811761e+03, x_e: 2.6557580489569445e+03, y_r: -1.7167049233811915e+03, y_e: -1.7160346605220295e+03, z_r: -1.6900763146750389e+03, z_e: -1.6883619154645321e+03

#ERR stream: 0, p: [60615], ea: 4, v_r: 1.9255236323815977e+03, v_e: 1.9248220369952933e+03, x_r: -1.4049632809486661e+03, x_e: -1.4037321603544844e+03, y_r: 1.5847354855116375e+03, y_e: 1.5839336121931842e+03, z_r: -1.7279252372780657e+03, z_e: -1.7268789011408901e+03

#ERR stream: 0, p: [60616], ea: 4, v_r: 3.6011263374699247e+03, v_e: 3.5993961872681880e+03, x_r: 1.5257898575530494e+03, x_e: 1.5263134398821271e+03, y_r: -1.1829056060890534e+03, y_e: -1.1826149976206977e+03, z_r: 2.2954185303696327e+03, z_e: 2.2952397564009561e+03

#ERR stream: 0, p: [60617], ea: 4, v_r: 3.3222231369586511e+03, v_e: 3.3207889695571957e+03, x_r: -5.0792116936203132e+02, x_e: -5.0643511629649089e+02, y_r: 1.4597733661096429e+03, y_e: 1.4587842963997750e+03, z_r: 8.4285195383743735e+02, z_e: 8.4324741786000811e+02

#ERR stream: 0, p: [60618], ea: 4, v_r: 3.1920658549659511e+03, v_e: 3.1906094862802656e+03, x_r: 1.9613278323379943e+03, x_e: 1.9615568496519311e+03, y_r: 1.4002422647114568e+03, y_e: 1.3993801373696856e+03, z_r: -4.1270117699748289e+02, z_e: -4.1169720903467521e+02

#ERR stream: 0, p: [60619], ea: 4, v_r: 3.7327190907174936e+03, v_e: 3.7310110434899702e+03, x_r: 1.5778680816373096e+03, x_e: 1.5785455886668212e+03, y_r: 2.3552817080568507e+03, y_e: 2.3538701572415116e+03, z_r: 9.4925566006729912e+02, z_e: 9.4972210200409677e+02

#ERR stream: 0, p: [60620], ea: 4, v_r: 2.6674167623680578e+03, v_e: 2.6661419623113948e+03, x_r: 6.1869662854535750e+02, x_e: 6.1935868478416910e+02, y_r: -8.7549973952851440e+02, y_e: -8.7531700607782182e+02, z_r: 2.2116145444051926e+03, z_e: 2.2112214492918788e+03

#ERR stream: 0, p: [60621], ea: 4, v_r: 3.2925806697388552e+03, v_e: 3.2910481457233732e+03, x_r: 2.6570062247717424e+03, x_e: 2.6567532430098663e+03, y_r: -2.3482220532882470e+03, y_e: -2.3472443124893875e+03, z_r: -1.0589702350642910e+03, z_e: -1.0575312541689254e+03

#ERR stream: 0, p: [60622], ea: 4, v_r: 1.9078381626554469e+03, v_e: 1.9070901374457915e+03, x_r: -6.5908309370135646e+02, x_e: -6.5818726547913423e+02, y_r: 1.0477028646659687e+02, y_e: 1.0456861903559540e+02, z_r: -1.7123612388542595e+03, z_e: -1.7112235053337185e+03

#ERR stream: 0, p: [60623], ea: 4, v_r: 2.6129377193716696e+03, v_e: 2.6117245550798239e+03, x_r: 6.0580021685003203e+02, x_e: 6.0635555274385081e+02, y_r: -2.3629215214494575e+03, y_e: -2.3619931103491203e+03, z_r: 6.6150542381614446e+02, z_e: 6.6189682407340024e+02

#ERR stream: 0, p: [60624], ea: 4, v_r: 3.3479909742615610e+03, v_e: 3.3464662255419507e+03, x_r: 1.3212133988370778e+02, x_e: 1.3333490446542547e+02, y_r: 8.2882850669907623e+02, y_e: 8.2810232522269564e+02, z_r: 2.1341739685125649e+03, z_e: 2.1339846536283758e+03

#ERR stream: 0, p: [60625], ea: 4, v_r: 3.4660039313813058e+03, v_e: 3.4645310790566582e+03, x_r: -1.1945038305737880e+03, x_e: -1.1926859852898137e+03, y_r: 8.5811775899032159e+02, y_e: 8.5736623085041845e+02, z_r: 8.7835777577160275e+02, z_e: 8.7877002314007336e+02

#ERR stream: 0, p: [60626], ea: 4, v_r: 2.7836860575640744e+03, v_e: 2.7824617145952120e+03, x_r: -9.5704539221048913e+02, x_e: -9.5570000751488681e+02, y_r: -2.5161501955974777e+03, y_e: -2.5152853879807640e+03, z_r: 7.0330340064620827e+02, z_e: 7.0368919345339316e+02

#ERR stream: 0, p: [60627], ea: 4, v_r: 2.8051837947975173e+03, v_e: 2.8039906784062805e+03, x_r: -2.5784889493421315e+03, x_e: -2.5763323092751334e+03, y_r: -1.4566163910613650e+03, y_e: -1.4563602927267984e+03, z_r: 2.3227248696442803e+03, z_e: 2.3223472776788030e+03

#ERR stream: 0, p: [60628], ea: 4, v_r: 2.5971107342701084e+03, v_e: 2.5958363732556604e+03, x_r: 1.1015592763683155e+03, x_e: 1.1019015768658314e+03, y_r: -1.8495824191587988e+03, y_e: -1.8488643606444805e+03, z_r: 2.1531104214538200e+03, z_e: 2.1527348648888446e+03

#ERR stream: 0, p: [60629], ea: 4, v_r: 2.1041706392622191e+03, v_e: 2.1032981762264935e+03, x_r: -1.1284159780027935e+03, x_e: -1.1272347620099165e+03, y_r: -1.0946166087457511e+03, y_e: -1.0943629152432052e+03, z_r: -2.7541758115248700e+02, z_e: -2.7479743742438404e+02

#ERR stream: 0, p: [60630], ea: 4, v_r: 2.0340273208880981e+03, v_e: 2.0332646054858562e+03, x_r: -1.8727428794717860e+03, x_e: -1.8713428468046066e+03, y_r: -2.7765073043081696e+02, y_e: -2.7776579289874070e+02, z_r: -1.4367240064434611e+03, z_e: -1.4357235150302879e+03

#ERR stream: 0, p: [60631], ea: 4, v_r: 2.5746713984232729e+03, v_e: 2.5735744062086137e+03, x_r: 5.9282645432726827e+02, x_e: 5.9347427401325001e+02, y_r: 1.1294552382699083e+03, y_e: 1.1287759339177139e+03, z_r: -1.3214122073502174e+03, z_e: -1.3202071020669707e+03

#ERR stream: 0, p: [60632], ea: 4, v_r: 2.6496590099087598e+03, v_e: 2.6484850996641953e+03, x_r: 1.0493827658357898e+02, x_e: 1.0571982209078730e+02, y_r: -2.3964440307878622e+03, y_e: -2.3955524355336543e+03, z_r: -3.4617292722385201e+02, z_e: -3.4531415036342958e+02

#ERR stream: 0, p: [60633], ea: 4, v_r: 1.9214384750782115e+03, v_e: 1.9206037351638624e+03, x_r: 4.4362843295045866e+02, x_e: 4.4403520606616149e+02, y_r: -1.0010738059803638e+03, y_e: -1.0007483201473411e+03, z_r: -9.8728455245091993e+02, z_e: -9.8633856662729056e+02

#ERR stream: 0, p: [60634], ea: 4, v_r: 3.2090343908742138e+03, v_e: 3.2077427811015132e+03, x_r: -1.1082829866164777e+03, x_e: -1.1066307735129071e+03, y_r: 2.0253284588611289e+03, y_e: 2.0241661789819716e+03, z_r: -1.0326681851954422e+03, z_e: -1.0315286899067462e+03

#ERR stream: 0, p: [60635], ea: 4, v_r: 2.5161539421594071e+03, v_e: 2.5151588649810051e+03, x_r: -1.3511678717072614e+03, x_e: -1.3497525699710941e+03, y_r: 1.3910830126761167e+02, y_e: 1.3880214542011271e+02, z_r: -1.2935965800444064e+03, z_e: -1.2924974814512414e+03

#ERR stream: 0, p: [60636], ea: 4, v_r: 2.4846107195107038e+03, v_e: 2.4834160275568443e+03, x_r: 1.5288587937205132e+03, x_e: 1.5289839159452490e+03, y_r: -3.3994108717980538e+02, y_e: -3.3995135340939754e+02, z_r: 1.1077714366404862e+03, z_e: 1.1078856503504762e+03

#ERR stream: 0, p: [60637], ea: 4, v_r: 3.6828212309952232e+03, v_e: 3.6810382585914717e+03, x_r: 2.2671325300679641e+03, x_e: 2.2672568154767623e+03, y_r: -1.9174702564052029e+03, y_e: -1.9167699581800416e+03, z_r: 1.6410998536193147e+03, z_e: 1.6412933851682019e+03

#ERR stream: 0, p: [60638], ea: 4, v_r: 2.9311943950255031e+03, v_e: 2.9298078270176397e+03, x_r: 1.8021696192758393e+03, x_e: 1.8024174657819685e+03, y_r: 1.8495060238070353e+03, y_e: 1.8483788673094696e+03, z_r: 1.3082508228602028e+03, z_e: 1.3083481236884693e+03

#ERR stream: 0, p: [60639], ea: 4, v_r: 3.7166434685585632e+03, v_e: 3.7148493103783153e+03, x_r: 2.2858718668622132e+03, x_e: 2.2862293130945077e+03, y_r: 3.0594784769965054e+03, y_e: 3.0576366520973106e+03, z_r: 3.0854662056720604e+03, z_e: 3.0848528935424920e+03

#ERR stream: 0, p: [60640], ea: 4, v_r: 2.5870858120085259e+03, v_e: 2.5860563454154485e+03, x_r: -1.8847847723164114e+03, x_e: -1.8830869270416208e+03, y_r: 1.4401493337357533e+02, y_e: 1.4365900276671368e+02, z_r: -3.3804343232212841e+02, z_e: -3.3733262294464600e+02

#ERR stream: 0, p: [60641], ea: 4, v_r: 2.1593851472746160e+03, v_e: 2.1584741358559354e+03, x_r: 9.1089692895026951e+02, x_e: 9.1123456492780588e+02, y_r: 9.4653485448982428e+02, y_e: 9.4600299477880367e+02, z_r: -1.9362244319169386e+03, z_e: -1.9348459670944558e+03

#ERR stream: 0, p: [60642], ea: 4, v_r: 3.4224787139587529e+03, v_e: 3.4208912338208233e+03, x_r: 1.4480196238828048e+03, x_e: 1.4485550685899566e+03, y_r: 1.8865063013393979e+02, y_e: 1.8829861785648208e+02, z_r: 8.6916424185334301e+02, z_e: 8.6962800583557112e+02

#ERR stream: 0, p: [60643], ea: 4, v_r: 2.2338775863965411e+03, v_e: 2.2329909272722875e+03, x_r: -2.0548237632268529e+03, x_e: -2.0532838832268708e+03, y_r: -2.0191293650339353e+03, y_e: -2.0185482699159490e+03, z_r: -7.2217453041481315e+02, z_e: -7.2135703663424999e+02

#ERR stream: 0, p: [60644], ea: 4, v_r: 1.7538310221380304e+03, v_e: 1.7531168272861553e+03, x_r: -2.6848627412511593e+02, x_e: -2.6785136915027311e+02, y_r: -1.2503074382077082e+03, y_e: -1.2499040844283961e+03, z_r: -1.5747054770359694e+03, z_e: -1.5735976396963724e+03

#ERR stream: 0, p: [60645], ea: 4, v_r: 2.9877392019342551e+03, v_e: 2.9864743820706758e+03, x_r: 1.1508501267666411e+02, x_e: 1.1611082947388185e+02, y_r: 1.3113689956780024e+03, y_e: 1.3105493069183931e+03, z_r: -9.6085084531611142e+02, z_e: -9.5972333709117891e+02

#ERR stream: 0, p: [60646], ea: 4, v_r: 2.2277678475547323e+03, v_e: 2.2267938170417833e+03, x_r: 1.3692252316733061e+03, x_e: 1.3692474698970077e+03, y_r: -2.0168762008038841e+03, y_e: -2.0160537400813064e+03, z_r: -1.9989678528457603e+03, z_e: -1.9974405032288078e+03

#ERR stream: 0, p: [60647], ea: 4, v_r: 2.2070828261154297e+03, v_e: 2.2060555445468221e+03, x_r: 1.7810445349059739e+03, x_e: 1.7808749561597076e+03, y_r: -1.5740603148620796e+03, y_e: -1.5734049156047774e+03, z_r: -7.0984897671866554e+02, z_e: -7.0888439897863975e+02

#ERR stream: 0, p: [60648], ea: 4, v_r: 4.6343721823989135e+03, v_e: 4.6321238638477080e+03, x_r: 2.8508834871709946e+03, x_e: 2.8512883751724394e+03, y_r: 2.9252223153718123e+03, y_e: 2.9233670179728538e+03, z_r: 3.8468147767135829e+03, z_e: 3.8460596733829821e+03

#ERR stream: 0, p: [60649], ea: 4, v_r: 1.9140047005862295e+03, v_e: 1.9131829888720329e+03, x_r: 8.0880128579601160e+02, x_e: 8.0900810965066751e+02, y_r: -1.3652418625374078e+03, y_e: -1.3647281054174498e+03, z_r: -1.7175353289179118e+03, z_e: -1.7162548916242331e+03

#ERR stream: 0, p: [60650], ea: 4, v_r: 2.5830359715775539e+03, v_e: 2.5819503201100183e+03, x_r: 1.0893049241669150e+03, x_e: 1.0897302012950702e+03, y_r: 1.6281244027541618e+03, y_e: 1.6272712914729977e+03, z_r: -2.3158092134695662e+03, z_e: -2.3141744304180206e+03

#ERR stream: 0, p: [60651], ea: 4, v_r: 1.6662662457953004e+03, v_e: 1.6656369871305146e+03, x_r: -1.2147501698814799e+03, x_e: -1.2137362252621460e+03, y_r: -2.2787761925355520e+02, y_e: -2.2795137563350161e+02, z_r: -1.4962698708705386e+03, z_e: -1.4953119277502153e+03

#ERR stream: 0, p: [60652], ea: 4, v_r: 2.1629359603225939e+03, v_e: 2.1620054386425095e+03, x_r: 9.1427155111212687e+02, x_e: 9.1448840893600391e+02, y_r: -1.9579017760473027e+03, y_e: -1.9571328931892660e+03, z_r: -1.9411779240547110e+03, z_e: -1.9397207159499396e+03

#ERR stream: 0, p: [60653], ea: 4, v_r: 3.1424872088251263e+03, v_e: 3.1411940079552464e+03, x_r: -2.8903561724101237e+03, x_e: -2.8878809323387295e+03, y_r: 7.8050348368851974e+02, y_e: 7.7972188767433022e+02, z_r: 2.6036947120859872e+03, z_e: 2.6032599979000497e+03

#ERR stream: 0, p: [60654], ea: 4, v_r: 3.3811799094056578e+03, v_e: 3.3795652497899641e+03, x_r: 7.8509487010660587e+02, x_e: 7.8584089130709742e+02, y_r: -3.0567790179941958e+03, y_e: -3.0555637288699568e+03, z_r: 2.1533451704931740e+03, z_e: 2.1532053144404990e+03

#ERR stream: 0, p: [60655], ea: 4, v_r: 1.7041682578536481e+03, v_e: 1.7034871244619096e+03, x_r: -5.8784130261704343e+02, x_e: -5.8709003014104417e+02, y_r: -1.2146776898838857e+03, y_e: -1.2143080672185558e+03, z_r: -1.5303991301732169e+03, z_e: -1.5293445427435738e+03

#ERR stream: 0, p: [60656], ea: 4, v_r: 2.2605685581016264e+03, v_e: 2.2596505115780024e+03, x_r: -1.6459785802717140e+03, x_e: -1.6445353387166358e+03, y_r: -1.1756634578061967e+03, y_e: -1.1754186630126601e+03, z_r: -2.9625192396890253e+02, z_e: -2.9560215045015616e+02

#ERR stream: 0, p: [60657], ea: 4, v_r: 2.2581763122060383e+03, v_e: 2.2571914112728150e+03, x_r: -7.7727240641554079e+02, x_e: -7.7610121033506289e+02, y_r: -3.0744226331370999e+02, y_e: -3.0755027499200207e+02, z_r: 1.0049228804646120e+03, z_e: 1.0050089229438263e+03

#ERR stream: 0, p: [60658], ea: 4, v_r: 3.2305723960934401e+03, v_e: 3.2291853889123940e+03, x_r: 1.2496393831087046e+02, x_e: 1.2609071829410429e+02, y_r: 1.4183279228665392e+03, y_e: 1.4174201656532232e+03, z_r: -4.1929178309397724e+02, z_e: -4.1834009869091392e+02

#ERR stream: 0, p: [60659], ea: 4, v_r: 2.2270828506921421e+03, v_e: 2.2261642077224055e+03, x_r: -7.6800869490962509e+02, x_e: -7.6692446848844145e+02, y_r: -3.0432810661665377e+02, y_e: -3.0440690780139272e+02, z_r: -7.1774787543715775e+02, z_e: -7.1691473086126302e+02

#ERR stream: 0, p: [60660], ea: 4, v_r: 3.5710754450612726e+03, v_e: 3.5695024226218075e+03, x_r: 8.2387720491020548e+02, x_e: 8.2477654047940871e+02, y_r: 8.8188954576156686e+02, y_e: 8.8121237369069831e+02, z_r: -4.6331498474604570e+02, z_e: -4.6222346583119247e+02

#ERR stream: 0, p: [60661], ea: 4, v_r: 1.8020284953581731e+03, v_e: 1.8013330329767739e+03, x_r: -9.6802062579442884e+02, x_e: -9.6705279428197696e+02, y_r: -2.4667726494824458e+02, y_e: -2.4674059027164049e+02, z_r: -1.6178980811870883e+03, z_e: -1.6168373843715017e+03

#ERR stream: 0, p: [60662], ea: 4, v_r: 2.8448380177642698e+03, v_e: 2.8435298594697720e+03, x_r: 6.5748445688055972e+02, x_e: 6.5829336523050381e+02, y_r: 1.7960548386740008e+03, y_e: 1.7949306540191428e+03, z_r: 1.8145812591095382e+03, z_e: 1.8144051064033131e+03

#ERR stream: 0, p: [60663], ea: 4, v_r: 3.5987128000921043e+03, v_e: 3.5972329481847250e+03, x_r: -1.9315916390943701e+03, x_e: -1.9293153800726291e+03, y_r: 2.9642971598353147e+03, y_e: 2.9625898063165605e+03, z_r: 1.6031400438574856e+03, z_e: 1.6032258790730743e+03

#ERR stream: 0, p: [60664], ea: 4, v_r: 2.3110817969186637e+03, v_e: 2.3101374101306378e+03, x_r: -1.6824351384327706e+03, x_e: -1.6809735811472344e+03, y_r: -1.6454338219695917e+03, y_e: -1.6449896820293707e+03, z_r: -3.0317763635408187e+02, z_e: -3.0250367755530272e+02

#ERR stream: 0, p: [60665], ea: 4, v_r: 2.1115114523198572e+03, v_e: 2.1106057127159752e+03, x_r: 4.8742531704560383e+02, x_e: 4.8784704292417825e+02, y_r: -1.5055900052720594e+03, y_e: -1.5050478685995979e+03, z_r: -1.4901765271101663e+03, z_e: -1.4889556560169217e+03

#ERR stream: 0, p: [60666], ea: 4, v_r: 2.9046846487292282e+03, v_e: 2.9034788231292737e+03, x_r: -2.6712199723010535e+03, x_e: -2.6689454303672878e+03, y_r: 1.6396880159969947e+02, y_e: 1.6348745257836126e+02, z_r: 2.4062845021772814e+03, z_e: 2.4058850246074962e+03

#ERR stream: 0, p: [60667], ea: 4, v_r: 2.5319085174503980e+03, v_e: 2.5308654236674383e+03, x_r: -1.8434536486659460e+03, x_e: -1.8417551966871747e+03, y_r: -3.4433357731560369e+02, y_e: -3.4449273420859009e+02, z_r: 6.4020320058941684e+02, z_e: 6.4050220781408723e+02

#ERR stream: 0, p: [60668], ea: 4, v_r: 1.4890287789748181e+03, v_e: 1.4884680101500646e+03, x_r: -1.3705931340307704e+03, x_e: -1.3696115242728933e+03, y_r: -1.0607346511214255e+03, y_e: -1.0604713661419130e+03, z_r: -1.3379191002951989e+03, z_e: -1.3370567315087706e+03

#ERR stream: 0, p: [60669], ea: 4, v_r: 2.7310903689430302e+03, v_e: 2.7298572731912191e+03, x_r: 1.1558765129271710e+03, x_e: 1.1561717947968168e+03, y_r: -2.4711828581661953e+03, y_e: -2.4701916084479662e+03, z_r: -8.7969137639667372e+02, z_e: -8.7852900605943285e+02

#ERR stream: 0, p: [60670], ea: 4, v_r: 2.4465628126438432e+03, v_e: 2.4455342170416202e+03, x_r: -1.7802758243782039e+03, x_e: -1.7786772292411883e+03, y_r: -1.7412370466186205e+03, y_e: -1.7407651288756649e+03, z_r: 6.1765276086907534e+02, z_e: 6.1796470753535993e+02

#ERR stream: 0, p: [60671], ea: 4, v_r: 2.5879679834204517e+03, v_e: 2.5869259194726551e+03, x_r: -2.3807751927988270e+03, x_e: -2.3788463502173054e+03, y_r: -3.5159646957390021e+02, y_e: -3.5178297465498628e+02, z_r: 6.5397765687602521e+02, z_e: 6.5427348055738048e+02

#SDC Ite:0 KerTime:87.390462 AccTime:87.390462 KerErr:229 AccErr:229
#END