#HEADER streams: 1 boxes:10 block_size:192
#BEGIN Y:2016 M:09 D:02 Time:20:10:45
#IT Ite:0 KerTime:87.263398 AccTime:87.263398
#ERR stream: 0, p: [33166], ea: 4, v_r: 2.7961147702349290e+03, v_e: 2.7961147702349290e+03, x_r: 1.1656242309214615e+03, x_e: 1.1656242309214615e+03, y_r: 1.8205109417823462e+02, y_e: 1.8205109417823462e+02, z_r: -9.2587678668796798e+02, z_e: -9.2587678668796798e+02

#ERR stream: 0, p: [81216], ea: 0, v_r: 3.0814648991081513e+03, v_e: 3.0813989816546400e+03, x_r: 1.8965903428555678e+03, x_e: 1.8959030535767768e+03, y_r: 2.4948607373073701e+03, y_e: 2.4942845389029330e+03, z_r: 1.9276947467415159e+03, z_e: 1.9272164557207302e+03

#ERR stream: 0, p: [177103], ea: 2, v_r: 2.2080149012944166e+03, v_e: 2.2080149012944166e+03, x_r: 5.3455493896622215e+02, x_e: 5.3455493896622215e+02, y_r: 5.7669171383729190e+02, y_e: 5.7669171383729190e+02, z_r: 1.4182926760972284e+03, z_e: 1.4182926760972284e+03

#ERR stream: 0, p: [38129], ea: 0, v_r: 2.0586728975526512e+03, v_e: 2.0586728975526512e+03, x_r: -1.0674819008225400e+03, x_e: -1.0674819008225400e+03, y_r: -3.4215790586939636e+02, y_e: -3.4215790586939636e+02, z_r: 5.2540892271365760e+02, z_e: 5.2540892271365760e+02

#ERR stream: 0, p: [129118], ea: 0, v_r: 3.2570142995607584e+03, v_e: 3.2570142995607584e+03, x_r: 1.4321555370369351e+03, x_e: 1.4321555370369351e+03, y_r: 1.4314933443742486e+03, y_e: 1.4314933443742486e+03, z_r: -1.1296978421654378e+03, z_e: -1.1296978421654378e+03

#ERR stream: 0, p: [81217], ea: 0, v_r: 2.4392905386325492e+03, v_e: 2.4390688396625992e+03, x_r: -2.2407104252544605e+03, x_e: -2.2409775919590056e+03, y_r: -1.3019537468375945e+03, y_e: -1.3022295559128165e+03, z_r: 1.5251697164153329e+03, z_e: 1.5245748864115039e+03

#ERR stream: 0, p: [183530], ea: 4, v_r: 1.6460284896298469e+03, v_e: 1.6460284896298469e+03, x_r: -1.1747445767217480e+03, x_e: -1.1747445767217480e+03, y_r: 9.3604936359474380e+01, y_e: 9.3604936359474380e+01, z_r: 4.2005701754565018e+02, z_e: 4.2005701754565018e+02

#ERR stream: 0, p: [81218], ea: 0, v_r: 2.8084177652901380e+03, v_e: 2.8081383106599078e+03, x_r: -1.5031747859499958e+03, x_e: -1.5036028198880563e+03, y_r: -2.0379732252997737e+03, y_e: -2.0382485833389667e+03, z_r: 1.3967227789418470e+02, z_e: 1.3910246834549042e+02

#ERR stream: 0, p: [42471], ea: 4, v_r: 1.7105158434683317e+03, v_e: 1.7105158434683317e+03, x_r: -1.5843227253227060e+03, x_e: -1.5843227253227060e+03, y_r: -8.9886761260447167e+02, y_e: -8.9886761260447167e+02, z_r: -9.0929407884885688e+02, z_e: -9.0929407884885688e+02

#ERR stream: 0, p: [130724], ea: 0, v_r: 1.7851681584832618e+03, v_e: 1.7851681584832618e+03, x_r: -1.2751753446870650e+03, x_e: -1.2751753446870650e+03, y_r: -5.6226864386886859e+02, y_e: -5.6226864386886859e+02, z_r: 1.4353899300363623e+03, z_e: 1.4353899300363623e+03

#ERR stream: 0, p: [185254], ea: 0, v_r: 2.0479163559199681e+03, v_e: 2.0479163559199681e+03, x_r: 8.7354418752424678e+01, x_e: 8.7354418752424678e+01, y_r: -1.4796770162405096e+03, y_e: -1.4796770162405096e+03, z_r: 1.2583683022361820e+03, z_e: 1.2583683022361820e+03

#ERR stream: 0, p: [81219], ea: 0, v_r: 2.5292488890676032e+03, v_e: 2.5290624990149122e+03, x_r: 1.0712375503159676e+03, x_e: 1.0705771520004348e+03, y_r: 1.0580203675011710e+02, y_e: 1.0531845171033679e+02, z_r: -1.8142991965048968e+03, z_e: -1.8146432462794628e+03

#ERR stream: 0, p: [81220], ea: 4, v_r: 2.4007828101758832e+03, v_e: 2.4006028024013631e+03, x_r: 9.5971806218733093e+01, x_e: 9.5464113686680861e+01, y_r: -1.2813632813301956e+03, y_e: -1.2816758313130870e+03, z_r: 5.8009217945621288e+02, z_e: 5.7961475647344218e+02

#ERR stream: 0, p: [47082], ea: 4, v_r: 2.2326810711193789e+03, v_e: 2.2326810711193789e+03, x_r: -7.1761130425257466e+02, x_e: -7.1761130425257466e+02, y_r: 5.0704492538285331e+02, y_e: 5.0704492538285331e+02, z_r: -1.5967149823688842e+03, z_e: -1.5967149823688842e+03

#ERR stream: 0, p: [133449], ea: 0, v_r: 1.9664290991256878e+03, v_e: 1.9664290991256878e+03, x_r: 8.6939568087658870e+01, x_e: 8.6939568087658870e+01, y_r: 1.2419339264683481e+03, y_e: 1.2419339264683481e+03, z_r: 1.6221860336772768e+03, z_e: 1.6221860336772768e+03

#ERR stream: 0, p: [81221], ea: 0, v_r: 4.0895699076044734e+03, v_e: 4.0894190334498667e+03, x_r: 3.3010717037600502e+03, x_e: 3.3000807394899766e+03, y_r: 1.7168055305572264e+02, y_e: 1.7097227116624347e+02, z_r: 1.7733034009418027e+03, z_e: 1.7726062279546259e+03

#ERR stream: 0, p: [186965], ea: 4, v_r: 1.6175765569349787e+03, v_e: 1.6175765569349787e+03, x_r: -5.1939933936376588e+02, x_e: -5.1939933936376588e+02, y_r: 7.8026280678451513e+01, y_e: 7.8026280678451513e+01, z_r: 6.9482138517764247e+02, z_e: 6.9482138517764247e+02

#ERR stream: 0, p: [81222], ea: 0, v_r: 3.3598622113169058e+03, v_e: 3.3596503710120819e+03, x_r: -5.0963369533265865e+02, x_e: -5.1030368010956869e+02, y_r: 7.8530788465774322e+02, y_e: 7.8467868710209268e+02, z_r: 8.1216129358608248e+02, z_e: 8.1153051519072653e+02

#ERR stream: 0, p: [135723], ea: 4, v_r: 1.9261607099397354e+03, v_e: 1.9261607099397354e+03, x_r: -2.6887725999142219e+02, x_e: -2.6887725999142219e+02, y_r: 4.7153919189573497e+02, y_e: 4.7153919189573497e+02, z_r: 8.0981200768958854e+02, z_e: 8.0981200768958854e+02

#ERR stream: 0, p: [188636], ea: 0, v_r: 2.6808327114472122e+03, v_e: 2.6808327114472122e+03, x_r: 2.2593192344340373e+03, x_e: 2.2593192344340373e+03, y_r: 9.1137181756867008e+01, y_e: 9.1137181756867008e+01, z_r: 1.6981402945166108e+03, z_e: 1.6981402945166108e+03

#ERR stream: 0, p: [81223], ea: 0, v_r: 2.3024830801938415e+03, v_e: 2.3023239424764270e+03, x_r: -1.2321027143006420e+03, x_e: -1.2324915908230842e+03, y_r: 9.7993948482204871e+02, y_e: 9.7947561139537686e+02, z_r: 5.5658805689442033e+02, z_e: 5.5614466919396762e+02

#ERR stream: 0, p: [190236], ea: 4, v_r: 6.7901798056517316e+02, v_e: 6.7901798056517316e+02, x_r: -6.1250807794257639e+02, x_e: -6.1250807794257639e+02, y_r: 4.0187112098654762e+02, y_e: 4.0187112098654762e+02, z_r: -4.5480294151228333e+02, z_e: -4.5480294151228333e+02

#ERR stream: 0, p: [81224], ea: 0, v_r: 3.4895736477496575e+03, v_e: 3.4894033589183177e+03, x_r: 8.0895595495982502e+02, x_e: 8.0821348624639074e+02, y_r: -5.2308774995727015e+02, y_e: -5.2363404405524250e+02, z_r: 2.8520651248383547e+03, z_e: 2.8513744276931648e+03

#ERR stream: 0, p: [139044], ea: 4, v_r: 2.9697896570989374e+03, v_e: 2.9697896570989374e+03, x_r: 2.4380840656636778e+03, x_e: 2.4380840656636778e+03, y_r: 1.2734875335925206e+02, y_e: 1.2734875335925206e+02, z_r: -2.1485891760737532e+03, z_e: -2.1485891760737532e+03

#ERR stream: 0, p: [81225], ea: 0, v_r: 2.5215354793309880e+03, v_e: 2.5214120237944035e+03, x_r: 1.5518857624686152e+03, x_e: 1.5512221122184790e+03, y_r: 2.0413278389255479e+03, y_e: 2.0407475365108050e+03, z_r: -1.8087278783256061e+03, z_e: -1.8090766862610540e+03

#ERR stream: 0, p: [191850], ea: 4, v_r: 7.1006096008805832e+02, v_e: 7.1006096008805832e+02, x_r: 5.8629189574369457e+02, x_e: 5.8629189574369457e+02, y_r: -2.2248885852047286e+02, y_e: -2.2248885852047286e+02, z_r: -8.7292469180071038e+01, z_e: -8.7292469180071038e+01

#ERR stream: 0, p: [81226], ea: 0, v_r: 3.2072959022656250e+03, v_e: 3.2070832262456906e+03, x_r: -2.9459437235946575e+03, x_e: -2.9463783584607236e+03, y_r: 1.9806659516078803e+03, y_e: 1.9800034832055244e+03, z_r: 2.0060641098476688e+03, z_e: 2.0053864839289577e+03

#ERR stream: 0, p: [140459], ea: 4, v_r: 2.5372326045529367e+03, v_e: 2.5372326045529367e+03, x_r: 1.0909610116932438e+03, x_e: 1.0909610116932438e+03, y_r: -3.2334242209466811e+02, y_e: -3.2334242209466811e+02, z_r: 6.0354769094150060e+02, z_e: 6.0354769094150060e+02

#ERR stream: 0, p: [81227], ea: 0, v_r: 2.5670022828227216e+03, v_e: 2.5668494848534851e+03, x_r: -8.8141278096619726e+02, x_e: -8.8190401941804407e+02, y_r: 2.0779128916131754e+03, y_e: 2.0773365432886144e+03, z_r: 1.2820571457547803e+02, z_e: 1.2775817353513358e+02

#ERR stream: 0, p: [81228], ea: 4, v_r: 2.5971546970254954e+03, v_e: 2.5968804245628171e+03, x_r: -8.9214453085164928e+02, x_e: -8.9262604213042675e+02, y_r: -8.8831738302022279e+02, y_e: -8.8870259204324475e+02, z_r: -1.8630931774015112e+03, z_e: -1.8634369386613134e+03

#ERR stream: 0, p: [141955], ea: 2, v_r: 1.3557012084674964e+03, v_e: 1.3557012084674964e+03, x_r: -7.0216256677579656e+02, x_e: -7.0216256677579656e+02, y_r: 6.0041162924060870e+02, y_e: 6.0041162924060870e+02, z_r: -2.0687997603568257e+02, z_e: -2.0687997603568257e+02

#ERR stream: 0, p: [81229], ea: 0, v_r: 2.8193608904588991e+03, v_e: 2.8191822275086947e+03, x_r: 1.7346280578662602e+03, x_e: 1.7339303815401890e+03, y_r: -2.5862059289552976e+03, y_e: -2.5865139418858680e+03, z_r: 1.2220744424912134e+03, z_e: 1.2215129063354073e+03

#ERR stream: 0, p: [81230], ea: 4, v_r: 2.8754620885457803e+03, v_e: 2.8752666001402158e+03, x_r: 1.7692153806532117e+03, x_e: 1.7684520011588747e+03, y_r: -9.8301987693282615e+02, y_e: -9.8347418980384384e+02, z_r: -9.5972212402361811e+02, z_e: -9.6018015172022024e+02

#ERR stream: 0, p: [143175], ea: 2, v_r: 3.1882149795903752e+03, v_e: 3.1882149795903752e+03, x_r: 1.3724503085951847e+03, x_e: 1.3724503085951847e+03, y_r: -4.3795674528378271e+02, y_e: -4.3795674528378271e+02, z_r: 1.9894750564661088e+03, z_e: 1.9894750564661088e+03

#ERR stream: 0, p: [81231], ea: 0, v_r: 2.8084177652901380e+03, v_e: 2.8081383106599078e+03, x_r: -1.5031747859499958e+03, x_e: -1.5036028198880563e+03, y_r: -2.0379732252997737e+03, y_e: -2.0382485833389667e+03, z_r: 1.3967227789418470e+02, z_e: 1.3910246834549042e+02

#ERR stream: 0, p: [81232], ea: 4, v_r: 3.5632679072525038e+03, v_e: 3.5630761419498454e+03, x_r: 1.4275370328360782e+02, x_e: 1.4203349225379179e+02, y_r: -5.3420168041326770e+02, y_e: -5.3475483740080153e+02, z_r: 2.9122332377039020e+03, z_e: 2.9115019572138644e+03

#ERR stream: 0, p: [81233], ea: 4, v_r: 2.3186613378319148e+03, v_e: 2.3184550703449918e+03, x_r: -7.9649290521542503e+02, x_e: -7.9688713330731412e+02, y_r: -2.1271696093448331e+03, y_e: -2.1273612313261901e+03, z_r: 1.0048260366445206e+03, z_e: 1.0043007253076947e+03

#ERR stream: 0, p: [81234], ea: 4, v_r: 2.7598915311375058e+03, v_e: 2.7597324799179369e+03, x_r: 2.2276322893201127e+03, x_e: 2.2268706902019298e+03, y_r: 1.1564085998393726e+02, y_e: 1.1512064937234946e+02, z_r: -1.4504071435585145e+03, z_e: -1.4508132066391622e+03

#ERR stream: 0, p: [81235], ea: 4, v_r: 3.4463984418285022e+03, v_e: 3.4462758121023799e+03, x_r: 7.9920294562127106e+02, x_e: 7.9844947871375757e+02, y_r: 2.7901028164059817e+03, y_e: 2.7894117494771626e+03, z_r: 1.4945974492941152e+03, z_e: 1.4940178342344398e+03

#ERR stream: 0, p: [81236], ea: 4, v_r: 2.6155652405499823e+03, v_e: 2.6153177628515837e+03, x_r: -1.3999185783936136e+03, x_e: -1.4003158018064134e+03, y_r: -1.8979371322948896e+03, y_e: -1.8981955163775137e+03, z_r: 6.3179324332786962e+02, z_e: 6.3122823871830371e+02

#ERR stream: 0, p: [81237], ea: 4, v_r: 2.9111375867307565e+03, v_e: 2.9108842134974893e+03, x_r: -2.1160563074928591e+03, x_e: -2.1164611570895104e+03, y_r: -4.3692861282903959e+02, y_e: -4.3738424658765928e+02, z_r: 7.0344829733116853e+02, z_e: 7.0284053011727337e+02

#ERR stream: 0, p: [81238], ea: 4, v_r: 3.9853271170976491e+03, v_e: 3.9851720016817694e+03, x_r: 3.2172205741033540e+03, x_e: 3.2161744379555621e+03, y_r: 3.2264758113292755e+03, y_e: 3.2256016747112308e+03, z_r: -2.0943280680455373e+03, z_e: -2.0949061128011303e+03

#ERR stream: 0, p: [81239], ea: 4, v_r: 2.8542000653412929e+03, v_e: 2.8539605379961667e+03, x_r: -2.6217168786597049e+03, x_e: -2.6220818984750817e+03, y_r: 1.2145824913150209e+03, y_e: 1.2139838804609581e+03, z_r: 1.4239719674262435e+02, z_e: 1.4185242766402689e+02

#ERR stream: 0, p: [81240], ea: 4, v_r: 2.1550075560571277e+03, v_e: 2.1548219423656769e+03, x_r: -7.4018181511309797e+02, x_e: -7.4057604320498706e+02, y_r: -3.2347926411745289e+02, y_e: -3.2383176932925426e+02, z_r: -3.0596761411996022e+02, z_e: -3.0635264192825429e+02

#ERR stream: 0, p: [81241], ea: 4, v_r: 2.0544548920945908e+03, v_e: 2.0542852991848590e+03, x_r: 8.6992645562670623e+02, x_e: 8.6940047584208719e+02, y_r: -1.4907084782058878e+03, y_e: -1.4909528854074624e+03, z_r: -6.8579442061696398e+02, z_e: -6.8613035963690322e+02

#ERR stream: 0, p: [81242], ea: 4, v_r: 2.6649539909856317e+03, v_e: 2.6648475205127588e+03, x_r: 2.1511891339455733e+03, x_e: 2.1505074995702935e+03, y_r: 1.1345349133443551e+03, y_e: 1.1340066411197911e+03, z_r: -3.7812666057741598e+02, z_e: -3.7854415884041356e+02

#ERR stream: 0, p: [81243], ea: 4, v_r: 2.0394142998018201e+03, v_e: 2.0392238134205240e+03, x_r: 4.7249037092968865e+02, x_e: 4.7198381722983311e+02, y_r: -1.0886636926749115e+03, y_e: -1.0889394048955146e+03, z_r: -1.4629998935470694e+03, z_e: -1.4632733479459753e+03

#ERR stream: 0, p: [81244], ea: 4, v_r: 1.9579073990445654e+03, v_e: 1.9577367150354030e+03, x_r: -6.7230164348553876e+02, x_e: -6.7268806533818861e+02, y_r: 1.2089303819197496e+03, y_e: 1.2084505604284673e+03, z_r: -1.7798946668383403e+03, z_e: -1.7801265199499303e+03

#ERR stream: 0, p: [81245], ea: 4, v_r: 3.0667484732177340e+03, v_e: 3.0665816449106314e+03, x_r: -4.6505074279400441e+02, x_e: -4.6566929440264187e+02, y_r: 1.8939131727389224e+03, y_e: 1.8932781956740464e+03, z_r: 7.4144984486554063e+02, z_e: 7.4089853932868755e+02

#ERR stream: 0, p: [81246], ea: 4, v_r: 2.8398820741992076e+03, v_e: 2.8397230404265520e+03, x_r: 1.2027825743843300e+03, x_e: 1.2021440610928255e+03, y_r: -2.0601122468368703e+03, y_e: -2.0604576623465118e+03, z_r: 2.3208127407238858e+03, z_e: 2.3202197081690774e+03

#ERR stream: 0, p: [81247], ea: 4, v_r: 2.0113413108626180e+03, v_e: 2.0111748435543275e+03, x_r: -1.8475481965728561e+03, x_e: -1.8477859391091658e+03, y_r: -3.0176879998417883e+02, y_e: -3.0207219178286431e+02, z_r: 1.2577541491918785e+03, z_e: 1.2572852277458430e+03

#ERR stream: 0, p: [81248], ea: 4, v_r: 2.2343140931233597e+03, v_e: 2.2340786299195447e+03, x_r: -1.6242052709760023e+03, x_e: -1.6244975075471264e+03, y_r: -1.1928320635971797e+03, y_e: -1.1930941084385365e+03, z_r: -3.1738074352799163e+02, z_e: -3.1780096720263367e+02

#ERR stream: 0, p: [81249], ea: 4, v_r: 2.5844484932239970e+03, v_e: 2.5843215202456540e+03, x_r: 1.0364661079636382e+02, x_e: 1.0309465947817991e+02, y_r: 1.5961150954053348e+03, y_e: 1.5955871927255146e+03, z_r: 6.2486178169449818e+02, z_e: 6.2440871684437866e+02

#ERR stream: 0, p: [81250], ea: 4, v_r: 2.2694020174390876e+03, v_e: 2.2692126541023422e+03, x_r: 9.0618307698029426e+01, x_e: 9.0140370335709875e+01, y_r: -2.0819671693353494e+03, y_e: -2.0821753049553990e+03, z_r: 5.4820216770714353e+02, z_e: 5.4773361648647619e+02

#ERR stream: 0, p: [81251], ea: 4, v_r: 3.0198525551068965e+03, v_e: 3.0196352222561509e+03, x_r: -4.5804267361829898e+02, x_e: -4.5867132613566503e+02, y_r: 1.2851963215627350e+03, y_e: 1.2845543065243651e+03, z_r: -1.0077938255351077e+03, z_e: -1.0082753368138851e+03

#ERR stream: 0, p: [81252], ea: 4, v_r: 2.4909026050177063e+03, v_e: 2.4907530191935207e+03, x_r: 1.0550304890183877e+03, x_e: 1.0544195819071924e+03, y_r: 1.0428990870061766e+02, y_e: 1.0383708360946602e+02, z_r: -3.5353525967605515e+02, z_e: -3.5394967140651164e+02

#ERR stream: 0, p: [81253], ea: 4, v_r: 2.7175449310002919e+03, v_e: 2.7173280811991299e+03, x_r: -9.3341175172292810e+02, x_e: -9.3386522196780152e+02, y_r: -2.4928834677579594e+03, y_e: -2.4931161340731610e+03, z_r: 2.2204929189419613e+03, z_e: 2.2198305071529453e+03

#ERR stream: 0, p: [81254], ea: 4, v_r: 2.8568110587347310e+03, v_e: 2.8565759614241715e+03, x_r: -9.8097974190520938e+02, x_e: -9.8153917819715298e+02, y_r: 1.7639872743854937e+03, y_e: 1.7633046280413789e+03, z_r: -2.0491847256765332e+03, z_e: -2.0495674069138113e+03

#ERR stream: 0, p: [81255], ea: 4, v_r: 3.4469509050695374e+03, v_e: 3.4468234367707541e+03, x_r: 1.3836542639301902e+02, x_e: 1.3765133652266027e+02, y_r: 2.7905583953994387e+03, y_e: 2.7898749514002225e+03, z_r: 2.1562196746181485e+03, z_e: 2.1556178638095880e+03

#ERR stream: 0, p: [81256], ea: 4, v_r: 2.1397643341069884e+03, v_e: 2.1395612417078169e+03, x_r: -7.3503902232911184e+02, x_e: -7.3542159922008489e+02, y_r: -1.1422669376526837e+03, y_e: -1.1425323806856279e+03, z_r: -3.0391132683022806e+02, z_e: -3.0430334688414933e+02

#ERR stream: 0, p: [81257], ea: 4, v_r: 3.0611338576603230e+03, v_e: 3.0608714593462696e+03, x_r: -1.6383015745603650e+03, x_e: -1.6387733244445672e+03, y_r: -1.6338868921546177e+03, y_e: -1.6342537961294172e+03, z_r: 1.3267705031515270e+03, z_e: 1.3260886077836442e+03

#ERR stream: 0, p: [81258], ea: 4, v_r: 1.9370077403203836e+03, v_e: 1.9368237692390001e+03, x_r: -2.9399595682668854e+02, x_e: -2.9439485438822146e+02, y_r: -6.6244115003305842e+02, y_e: -6.6273083270926338e+02, z_r: -1.0180523007972122e+03, z_e: -1.0183431512369193e+03

#ERR stream: 0, p: [81259], ea: 4, v_r: 2.1901896552954227e+03, v_e: 2.1900382788160700e+03, x_r: -1.1720123558499706e+03, x_e: -1.1723822666406152e+03, y_r: 9.3214727219280519e+02, y_e: 9.3170602214011092e+02, z_r: 5.2944293704365145e+02, z_e: 5.2902117361651915e+02

#ERR stream: 0, p: [81260], ea: 4, v_r: 2.7285299318434336e+03, v_e: 2.7282428051217366e+03, x_r: -1.4604122752655303e+03, x_e: -1.4608387747852973e+03, y_r: -1.4566977297701344e+03, y_e: -1.4570274443170802e+03, z_r: -9.1086735210792574e+02, z_e: -9.1132998305940782e+02

#ERR stream: 0, p: [81261], ea: 4, v_r: 2.7509556488060211e+03, v_e: 2.7507847908214808e+03, x_r: 1.1012497871966362e+02, x_e: 1.0955043663588965e+02, y_r: -4.1259971335423182e+02, y_e: -4.1303884406310618e+02, z_r: 1.1926298720498853e+03, z_e: 1.1920869515375541e+03

#ERR stream: 0, p: [81262], ea: 4, v_r: 1.8318219042161195e+03, v_e: 1.8316331806939520e+03, x_r: 7.3049633850698015e+01, x_e: 7.2638205421891826e+01, y_r: -1.6807306804677005e+03, y_e: -1.6808861975703514e+03, z_r: -9.6286451385554915e+02, z_e: -9.6314156667637963e+02

#ERR stream: 0, p: [81263], ea: 4, v_r: 2.8905489090904111e+03, v_e: 2.8902729415922818e+03, x_r: -2.1011864234204386e+03, x_e: -2.1015672748730335e+03, y_r: -1.5429889210473932e+03, y_e: -1.5433267183092448e+03, z_r: 6.9828054258171812e+02, z_e: 6.9765463851285517e+02

#ERR stream: 0, p: [81264], ea: 4, v_r: 2.5451975003242619e+03, v_e: 2.5450333962097316e+03, x_r: 1.0778912603052675e+03, x_e: 1.0772832568521412e+03, y_r: -1.3583223317671868e+03, y_e: -1.3586708870734824e+03, z_r: 6.1506118013097716e+02, z_e: 6.1457822309663959e+02

#ERR stream: 0, p: [81265], ea: 4, v_r: 2.5310360405781948e+03, v_e: 2.5309229150487658e+03, x_r: 5.8679599766366027e+02, x_e: 5.8625849962305790e+02, y_r: 1.0622749217419954e+02, y_e: 1.0580654378407191e+02, z_r: 2.0687269434517157e+03, z_e: 2.0682415438649768e+03

#ERR stream: 0, p: [81266], ea: 4, v_r: 2.5082512583075481e+03, v_e: 2.5079452687646044e+03, x_r: -2.3041613508342152e+03, x_e: -2.3044200311330837e+03, y_r: -8.5808731430437388e+02, y_e: -8.5844113352408181e+02, z_r: -1.7993323010424890e+03, z_e: -1.7996588633658587e+03

#ERR stream: 0, p: [81267], ea: 4, v_r: 2.2216129243071750e+03, v_e: 2.2213598834597469e+03, x_r: -2.0409114534001210e+03, x_e: -2.0411253714360419e+03, y_r: -2.0384234087942016e+03, y_e: -2.0385641783212468e+03, z_r: 1.1035604056242508e+02, z_e: 1.0988355418837004e+02

#ERR stream: 0, p: [81268], ea: 4, v_r: 2.5123658403508452e+03, v_e: 2.5121450771252330e+03, x_r: -1.3443788283001491e+03, x_e: -1.3448186005191330e+03, y_r: 1.5512429975840844e+03, y_e: 1.5506350944671869e+03, z_r: -1.8021041045836153e+03, z_e: -1.8024386121472016e+03

#ERR stream: 0, p: [81269], ea: 4, v_r: 2.1587219750093500e+03, v_e: 2.1585418470315162e+03, x_r: 8.6198800680825372e+01, x_e: 8.5744172598718748e+01, y_r: -1.9804284323162453e+03, y_e: -1.9806264170423233e+03, z_r: 5.2146603249811164e+02, z_e: 5.2102033279012721e+02

#ERR stream: 0, p: [81270], ea: 4, v_r: 2.8208963646742613e+03, v_e: 2.8206030281577564e+03, x_r: -2.5910488251224101e+03, x_e: -2.5914023213540577e+03, y_r: 1.7415867328276588e+03, y_e: 1.7408697977979130e+03, z_r: -2.5643638654453930e+03, z_e: -2.5646815643303235e+03

#ERR stream: 0, p: [81271], ea: 4, v_r: 3.4202469806844733e+03, v_e: 3.4200848392879225e+03, x_r: -1.1743407742731915e+03, x_e: -1.1749652607377070e+03, y_r: 2.1124275508798319e+03, y_e: 2.1117658203116684e+03, z_r: 2.7956933221761092e+03, z_e: 2.7950267757836077e+03

#ERR stream: 0, p: [81272], ea: 4, v_r: 3.6419419473133139e+03, v_e: 3.6417215347515194e+03, x_r: -1.9488185744203522e+03, x_e: -1.9494147873226239e+03, y_r: 8.5144056295908115e+02, y_e: 8.5079607909029994e+02, z_r: 2.9766196734562586e+03, z_e: 2.9758387535962502e+03

#ERR stream: 0, p: [81273], ea: 4, v_r: 2.0032817118769970e+03, v_e: 2.0030940614684503e+03, x_r: -1.4559628972222506e+03, x_e: -1.4562742589114819e+03, y_r: 1.6213881379580421e+03, y_e: 1.6208538199856662e+03, z_r: -1.8211030082407922e+03, z_e: -1.8213348613523822e+03

#ERR stream: 0, p: [81274], ea: 4, v_r: 2.6537113438616821e+03, v_e: 2.6535106465385916e+03, x_r: -4.0270013602567298e+02, x_e: -4.0320989821323622e+02, y_r: -1.4163276812556239e+03, y_e: -1.4166632399693619e+03, z_r: 1.1502628265447704e+03, z_e: 1.1497000766586766e+03

#ERR stream: 0, p: [81275], ea: 4, v_r: 2.0086895399419984e+03, v_e: 2.0084571227392844e+03, x_r: -1.0751482148423740e+03, x_e: -1.0754638347470875e+03, y_r: -1.0724819678252834e+03, y_e: -1.0727251670609455e+03, z_r: -1.4409943233175936e+03, z_e: -1.4412580687652901e+03

#ERR stream: 0, p: [81276], ea: 4, v_r: 2.3647195725955630e+03, v_e: 2.3644930119944102e+03, x_r: -1.2656196164077269e+03, x_e: -1.2659950083534213e+03, y_r: -8.0871845955910976e+02, y_e: -8.0905502281184988e+02, z_r: -3.3581903812916642e+02, z_e: -3.3625270904964384e+02

#ERR stream: 0, p: [81277], ea: 4, v_r: 2.3537355647836157e+03, v_e: 2.3535665477473881e+03, x_r: -8.0837617162212302e+02, x_e: -8.0877836364974439e+02, y_r: -1.2560902435258358e+03, y_e: -1.2563781937406875e+03, z_r: 1.9234272571323700e+03, z_e: 1.9228817112505878e+03

#ERR stream: 0, p: [81278], ea: 4, v_r: 2.9473103043352198e+03, v_e: 2.9471680671470658e+03, x_r: -1.5769898383627381e+03, x_e: -1.5774962106114513e+03, y_r: 2.3859939397106982e+03, y_e: 2.3853953993358382e+03, z_r: 2.4091724087145872e+03, z_e: 2.4085954899641033e+03

#ERR stream: 0, p: [81279], ea: 4, v_r: 3.3802605907480720e+03, v_e: 3.3801692548609017e+03, x_r: 2.7287982538582842e+03, x_e: 2.7279774678828876e+03, y_r: 2.7366909634853341e+03, y_e: 2.7360124140920957e+03, z_r: 1.6891408097605535e+02, z_e: 1.6839603534240976e+02

#ERR stream: 0, p: [81280], ea: 4, v_r: 3.6675640713476892e+03, v_e: 3.6673816944009982e+03, x_r: 1.4699868152632104e+02, x_e: 1.4625596390536936e+02, y_r: 1.5385892795905869e+02, y_e: 1.5325016370656206e+02, z_r: 2.9976002618153216e+03, z_e: 2.9968701232059125e+03

#ERR stream: 0, p: [81281], ea: 4, v_r: 1.9951106802487707e+03, v_e: 1.9949342431677273e+03, x_r: 4.6223849385772445e+02, x_e: 4.6175196282832957e+02, y_r: -1.0649832427094207e+03, y_e: -1.0652524903178271e+03, z_r: -1.0486008825462047e+03, z_e: -1.0488998586470832e+03

#ERR stream: 0, p: [81282], ea: 4, v_r: 3.1509948564218248e+03, v_e: 3.1507434449945031e+03, x_r: -4.7822473035648312e+02, x_e: -4.7882612001258832e+02, y_r: -2.2862291897601244e+03, y_e: -2.2865695110857082e+03, z_r: 1.3657017253067468e+03, z_e: 1.3650190848861121e+03

#ERR stream: 0, p: [81283], ea: 4, v_r: 1.9937999547427210e+03, v_e: 1.9936232322432393e+03, x_r: 7.9604160447427446e+01, x_e: 7.9169553051807171e+01, y_r: -1.4467586804058251e+03, y_e: -1.4469791261226944e+03, z_r: -2.8319037296177544e+02, z_e: -2.8355010199885737e+02

#ERR stream: 0, p: [81284], ea: 4, v_r: 4.0894064259639185e+03, v_e: 4.0892329774052523e+03, x_r: -6.2001004978505659e+02, x_e: -6.2080368475802959e+02, y_r: 2.5257832263803466e+03, y_e: 2.5250026216126885e+03, z_r: 3.3427121573354925e+03, z_e: 3.3419445827731497e+03

#ERR stream: 0, p: [81285], ea: 4, v_r: 2.1338289643001144e+03, v_e: 2.1336685114642673e+03, x_r: -1.9599521323659469e+03, x_e: -1.9602442194646853e+03, y_r: 1.7271551956601447e+03, y_e: 1.7266519652169306e+03, z_r: 1.0655619400368084e+02, z_e: 1.0616272588768554e+02

#ERR stream: 0, p: [81286], ea: 4, v_r: 2.0122773334194771e+03, v_e: 2.0120395703884278e+03, x_r: -1.8484525415937137e+03, x_e: -1.8486756263194620e+03, y_r: 8.3781617432648460e+01, y_e: 8.3393918184726530e+01, z_r: -1.8293513658117522e+03, z_e: -1.8295708113383789e+03

#ERR stream: 0, p: [81287], ea: 4, v_r: 3.0638492633431993e+03, v_e: 3.0635855628542895e+03, x_r: -4.6479384823659427e+02, x_e: -4.6544359582189173e+02, y_r: 7.1585237617316602e+02, y_e: 7.1521654988980788e+02, z_r: -2.1977571538326001e+03, z_e: -2.1981680984228915e+03

#ERR stream: 0, p: [81288], ea: 4, v_r: 2.5971546970254954e+03, v_e: 2.5968804245628171e+03, x_r: -8.9214453085164928e+02, x_e: -8.9262604213042675e+02, y_r: -8.8831738302022279e+02, y_e: -8.8870259204324475e+02, z_r: -1.8630931774015112e+03, z_e: -1.8634369386613134e+03

#ERR stream: 0, p: [81289], ea: 4, v_r: 3.1735295647089806e+03, v_e: 3.1733041726127567e+03, x_r: 1.2707585128434519e+02, x_e: 1.2636742172548337e+02, y_r: 7.4163868489096762e+02, y_e: 7.4100883145693535e+02, z_r: -1.0591177022849261e+03, z_e: -1.0596239011748839e+03

#ERR stream: 0, p: [81290], ea: 4, v_r: 3.6709175745611992e+03, v_e: 3.6707419288831807e+03, x_r: 1.5549086784677893e+03, x_e: 1.5540916638144270e+03, y_r: -1.2544897159368122e+03, y_e: -1.2550309144255702e+03, z_r: 3.0002213561871481e+03, z_e: 2.9994992951001459e+03

#ERR stream: 0, p: [81291], ea: 4, v_r: 2.4509758345135165e+03, v_e: 2.4507785170449129e+03, x_r: -3.7194832795922702e+02, x_e: -3.7243451040542726e+02, y_r: -8.3804900005509057e+02, y_e: -8.3840637521707424e+02, z_r: 1.2209726660843698e+02, z_e: 1.2163191776834564e+02

#ERR stream: 0, p: [81292], ea: 4, v_r: 2.5848978872516454e+03, v_e: 2.5847670143957785e+03, x_r: -3.9199292493049632e+02, x_e: -3.9248872222461489e+02, y_r: 6.0439765630141608e+02, y_e: 6.0394343440953969e+02, z_r: 2.1127535493006139e+03, z_e: 2.1122362045262857e+03

#ERR stream: 0, p: [81293], ea: 4, v_r: 2.2693896101780811e+03, v_e: 2.2691964729588681e+03, x_r: 9.0803216080587262e+01, x_e: 9.0281470260493137e+01, y_r: 9.4800594018139620e+01, y_e: 9.4367746384527294e+01, z_r: -1.6278999645376773e+03, z_e: -1.6282052865409653e+03

#ERR stream: 0, p: [81294], ea: 4, v_r: 1.9971221796706268e+03, v_e: 1.9969406679060032e+03, x_r: -1.8345385338982760e+03, x_e: -1.8347572714954854e+03, y_r: -1.0659495716210440e+03, y_e: -1.0661753849929064e+03, z_r: 1.2487033504924557e+03, z_e: 1.2482163448754675e+03

#ERR stream: 0, p: [81295], ea: 4, v_r: 2.7858529488014674e+03, v_e: 2.7856912280965907e+03, x_r: -2.5587814564921305e+03, x_e: -2.5591732124590512e+03, y_r: 2.2552107143551452e+03, y_e: 2.2546256187974159e+03, z_r: 2.2771379276265438e+03, z_e: 2.2765535573238581e+03

#ERR stream: 0, p: [81296], ea: 4, v_r: 2.3157253922014884e+03, v_e: 2.3155160073807069e+03, x_r: -1.2393945201386080e+03, x_e: -1.2397528292609668e+03, y_r: -1.2361051881841379e+03, y_e: -1.2363834600891937e+03, z_r: 5.5944705177508263e+02, z_e: 5.5895567833823611e+02

#ERR stream: 0, p: [81297], ea: 4, v_r: 3.2394549829296561e+03, v_e: 3.2393856858160334e+03, x_r: 1.9938306091099562e+03, x_e: 1.9931080817563140e+03, y_r: 2.6227749826146091e+03, y_e: 2.6221692418862463e+03, z_r: 2.0265297698852539e+03, z_e: 2.0260269563594456e+03

#ERR stream: 0, p: [81298], ea: 4, v_r: 2.5128716755625246e+03, v_e: 2.5127354616840889e+03, x_r: -3.8102062815536732e+02, x_e: -3.8153665932090132e+02, y_r: 2.0341471784384803e+03, y_e: 2.0335926910724800e+03, z_r: 1.2551048127506330e+02, z_e: 1.2508099436271934e+02

#ERR stream: 0, p: [81299], ea: 4, v_r: 2.0549628196115491e+03, v_e: 2.0547895474351899e+03, x_r: -7.0587140891554327e+02, x_e: -7.0621757880177154e+02, y_r: -1.8851661989282163e+03, y_e: -1.8853391715313837e+03, z_r: 1.2848019863433808e+03, z_e: 1.2843170489294698e+03

#ERR stream: 0, p: [81300], ea: 4, v_r: 2.6079829839980125e+03, v_e: 2.6078865200388500e+03, x_r: 1.6050358128711130e+03, x_e: 1.6044045292256060e+03, y_r: 1.6107866512178039e+03, y_e: 1.6102623315095657e+03, z_r: 1.3027307296789388e+02, z_e: 1.2985571719692462e+02

#ERR stream: 0, p: [81301], ea: 4, v_r: 2.6183610381184844e+03, v_e: 2.6181986443526157e+03, x_r: 1.0491866393009603e+02, x_e: 1.0434242015036864e+02, y_r: 1.1144300747424968e+03, y_e: 1.1138911307110977e+03, z_r: -3.7156976803429575e+02, z_e: -3.7200645481101890e+02

#ERR stream: 0, p: [81302], ea: 4, v_r: 1.8691535532930345e+03, v_e: 1.8689469720134723e+03, x_r: -1.3587710358220590e+03, x_e: -1.3590144138316789e+03, y_r: -9.9793652077703541e+02, y_e: -9.9815601293827876e+02, z_r: -6.2399417191744601e+02, z_e: -6.2431372699805013e+02

#ERR stream: 0, p: [81303], ea: 4, v_r: 2.9111375867307565e+03, v_e: 2.9108842134974893e+03, x_r: -2.1160563074928591e+03, x_e: -2.1164611570895104e+03, y_r: -4.3692861282903959e+02, y_e: -4.3738424658765928e+02, z_r: 7.0344829733116853e+02, z_e: 7.0284053011727337e+02

#ERR stream: 0, p: [81304], ea: 4, v_r: 2.5424687364535407e+03, v_e: 2.5423021522229237e+03, x_r: 5.8925333545468231e+02, x_e: 5.8866946005220575e+02, y_r: -3.8140700336770453e+02, y_e: -3.8182746010511300e+02, z_r: 1.2677112664455458e+02, z_e: 1.2631418749547385e+02

#ERR stream: 0, p: [81305], ea: 4, v_r: 2.3498609518951353e+03, v_e: 2.3496901106576670e+03, x_r: -8.0699508734156757e+02, x_e: -8.0743077676381176e+02, y_r: 5.4913496469392032e+02, y_e: 5.4868390841364396e+02, z_r: 1.1721599700590090e+02, z_e: 1.1678374211508594e+02

#ERR stream: 0, p: [81306], ea: 4, v_r: 2.4824488411878019e+03, v_e: 2.5839713314300316e+03, x_r: 1.0066836464142243e+02, x_e: 1.0241709267004218e+02, y_r: -2.2721478936444191e+03, y_e: -2.3714160104859766e+03, z_r: -2.2631036340599180e+03, z_e: -2.3498077339780730e+03

#ERR stream: 0, p: [81307], ea: 4, v_r: 3.9784527729664169e+03, v_e: 3.9782607728452222e+03, x_r: -2.1287136227717929e+03, x_e: -2.1293971538116307e+03, y_r: 3.2207549343414485e+03, y_e: 3.2199469893447535e+03, z_r: 3.2520425948724833e+03, z_e: 3.2512638360158871e+03

#ERR stream: 0, p: [81308], ea: 4, v_r: 3.8102734160915866e+03, v_e: 3.8101473462182507e+03, x_r: 3.0756852244846491e+03, x_e: 3.0747862945982943e+03, y_r: 1.6005112560997767e+02, y_e: 1.5940258082996149e+02, z_r: 2.3833105892459516e+03, z_e: 2.3826602898256033e+03

#ERR stream: 0, p: [81309], ea: 4, v_r: 2.3653807930730636e+03, v_e: 2.3651572626654338e+03, x_r: -3.5905771208328531e+02, x_e: -3.5953593457699651e+02, y_r: -1.2627111218015755e+03, y_e: -1.2630132288497978e+03, z_r: -7.8960066077638703e+02, z_e: -7.8999488886827612e+02

#ERR stream: 0, p: [81310], ea: 4, v_r: 3.0913644179315470e+03, v_e: 3.0912289541828504e+03, x_r: 7.1678019880469503e+02, x_e: 7.1608985271670781e+02, y_r: 1.9092452812362428e+03, y_e: 1.9086225632165308e+03, z_r: 7.4744569185276430e+02, z_e: 7.4691769465106688e+02

#ERR stream: 0, p: [81311], ea: 4, v_r: 2.1102778723904503e+03, v_e: 2.1101049289976895e+03, x_r: -1.1293618920466267e+03, x_e: -1.1297004344019535e+03, y_r: -3.1669257043068848e+02, y_e: -3.1702566393634385e+02, z_r: 5.0994943314251265e+02, z_e: 5.0951802245087242e+02

#ERR stream: 0, p: [81312], ea: 4, v_r: 3.5414805136733844e+03, v_e: 3.5412709507510613e+03, x_r: 2.1790060199224276e+03, x_e: 2.1781366616870287e+03, y_r: -2.5692308019104712e+03, y_e: -2.5696748129920024e+03, z_r: 1.5351964274776058e+03, z_e: 1.5345071621985080e+03

#ERR stream: 0, p: [81313], ea: 4, v_r: 2.8791344576774268e+03, v_e: 2.8789418158377903e+03, x_r: 2.3236317592242417e+03, x_e: 2.3228298513619775e+03, y_r: -1.5365668964369638e+03, y_e: -1.5369849581927970e+03, z_r: -9.6096576848280108e+02, z_e: -9.6142379617940321e+02

#ERR stream: 0, p: [81314], ea: 4, v_r: 2.4182698274663508e+03, v_e: 2.4181072052120999e+03, x_r: -3.6687839150766399e+02, x_e: -3.6734878928307558e+02, y_r: -3.6274999799952241e+02, y_e: -3.6313282111002172e+02, z_r: 1.0483672596794615e+03, z_e: 1.0478768645287735e+03

#ERR stream: 0, p: [81315], ea: 4, v_r: 2.3093152828407265e+03, v_e: 2.3091622572890838e+03, x_r: 9.2652042160659292e+01, x_e: 9.2118855223362246e+01, y_r: 1.8693265759151657e+03, y_e: 1.8687653638798824e+03, z_r: -1.6564727034593432e+03, z_e: -1.6567864945996557e+03

#ERR stream: 0, p: [81316], ea: 4, v_r: 2.7022539499480831e+03, v_e: 2.7021023756864124e+03, x_r: 6.2659350236556236e+02, x_e: 6.2594591171676291e+02, y_r: 2.1874855178183434e+03, y_e: 2.1868583118309011e+03, z_r: -1.4200502845821586e+03, z_e: -1.4204449019419053e+03

#ERR stream: 0, p: [81317], ea: 4, v_r: 3.3333877888710927e+03, v_e: 3.3331484527199473e+03, x_r: -5.0571536049578356e+02, x_e: -5.0638459955129235e+02, y_r: 1.3939283705644277e+02, y_e: 1.3880000513576084e+02, z_r: 1.6622314451983596e+02, z_e: 1.6561098527352280e+02

#ERR stream: 0, p: [81318], ea: 4, v_r: 3.3366889066831154e+03, v_e: 3.3364483393451887e+03, x_r: -1.1459675751526524e+03, x_e: -1.1465498424727816e+03, y_r: -1.1406428262262166e+03, y_e: -1.1411086400823199e+03, z_r: 2.0865533445253159e+03, z_e: 2.0858190763925554e+03

#ERR stream: 0, p: [81319], ea: 4, v_r: 2.9668231803521844e+03, v_e: 2.9667264759217965e+03, x_r: 2.3948722260575009e+03, x_e: 2.3941621508407857e+03, y_r: 6.9384380419101672e+02, y_e: 6.9331055761258438e+02, z_r: 1.2865299072550947e+03, z_e: 1.2860381031124020e+03

#ERR stream: 0, p: [81320], ea: 4, v_r: 1.9253993545427677e+03, v_e: 1.9251922353336176e+03, x_r: -1.7686525930469472e+03, x_e: -1.7688727648781753e+03, y_r: 8.0230202222423387e+01, y_e: 7.9871799853389106e+01, z_r: -1.0118989906023630e+03, z_e: -1.0121885043000536e+03

#ERR stream: 0, p: [81321], ea: 4, v_r: 2.7652929702012166e+03, v_e: 2.7652164431888386e+03, x_r: 2.2323003163261374e+03, x_e: 2.2316377462565838e+03, y_r: 1.7080588262980846e+03, y_e: 1.7075257091619467e+03, z_r: 6.6867674235557081e+02, z_e: 6.6824246734789745e+02

#ERR stream: 0, p: [81322], ea: 4, v_r: 2.4364356268280126e+03, v_e: 2.4362109194657428e+03, x_r: -1.3038656404284179e+03, x_e: -1.3042764422298990e+03, y_r: 5.6917328718434715e+02, y_e: 5.6867386814783731e+02, z_r: -1.2804304639734407e+03, z_e: -1.2807937928827096e+03

#ERR stream: 0, p: [81323], ea: 4, v_r: 2.1886840423436352e+03, v_e: 2.1885388816246427e+03, x_r: 8.7571461882969260e+01, x_e: 8.7115207445290380e+01, y_r: -7.4819108353659135e+02, y_e: -7.4850963565665677e+02, z_r: 9.4879969693407054e+02, z_e: 9.4835755783743161e+02

#ERR stream: 0, p: [81324], ea: 4, v_r: 3.4667798707078141e+03, v_e: 3.4665811371181549e+03, x_r: 1.3907403384848379e+02, x_e: 1.3829743986698301e+02, y_r: 2.8063118022387976e+03, y_e: 2.8055156414946964e+03, z_r: -1.1568561513678499e+03, z_e: -1.1573936518490277e+03

#ERR stream: 0, p: [81325], ea: 4, v_r: 2.1955217059508236e+03, v_e: 2.1953789080923998e+03, x_r: 5.0879287030323155e+02, x_e: 5.0832269702255797e+02, y_r: -2.0138951898386781e+03, y_e: -2.0141171067761195e+03, z_r: 1.7940919633897488e+03, z_e: 1.7936042305052147e+03

#ERR stream: 0, p: [81326], ea: 4, v_r: 3.0889961979529980e+03, v_e: 3.0887664924842002e+03, x_r: 1.2345857529559414e+02, x_e: 1.2282919262689705e+02, y_r: -2.8336434462907250e+03, y_e: -2.8339356233943886e+03, z_r: 1.9314201658647116e+03, z_e: 1.9307301368259282e+03

#ERR stream: 0, p: [81327], ea: 4, v_r: 2.7316086871360458e+03, v_e: 2.7314173577853162e+03, x_r: 6.3311569352865172e+02, x_e: 6.3246607623186992e+02, y_r: 1.1425247390347857e+02, y_e: 1.1374808641411146e+02, z_r: -9.1166254662461120e+02, z_e: -9.1209823604685539e+02

#ERR stream: 0, p: [81328], ea: 4, v_r: 2.4052510463518420e+03, v_e: 2.4050618161389461e+03, x_r: -2.2093489614026389e+03, x_e: -2.2096436936566242e+03, y_r: 1.0063247910904892e+02, y_e: 1.0023017071851253e+02, z_r: 1.5041674776310015e+03, z_e: 1.5036197470613351e+03

#ERR stream: 0, p: [81329], ea: 4, v_r: 3.1056133012091232e+03, v_e: 3.1054013343255815e+03, x_r: -1.0665142982781842e+03, x_e: -1.0670850359328847e+03, y_r: 7.2582129364627940e+02, y_e: 7.2523752339239422e+02, z_r: 7.5067614623865200e+02, z_e: 7.5007934338558198e+02

#ERR stream: 0, p: [81330], ea: 4, v_r: 2.0996567978529479e+03, v_e: 2.0994694414944329e+03, x_r: -1.1237588649365041e+03, x_e: -1.1240692987348050e+03, y_r: -1.9262023537631408e+03, y_e: -1.9263682640040349e+03, z_r: 1.3127061587485498e+03, z_e: 1.3121976455329234e+03

#ERR stream: 0, p: [81331], ea: 4, v_r: 1.9557685101616980e+03, v_e: 1.9556036661709636e+03, x_r: 4.5328390780099062e+02, x_e: 4.5279273953547215e+02, y_r: 8.1740213562926527e+01, y_e: 8.1360466469770500e+01, z_r: -1.7780044937157502e+03, z_e: -1.7782398508383969e+03

#ERR stream: 0, p: [81332], ea: 4, v_r: 2.9176637663282954e+03, v_e: 2.9174178479916600e+03, x_r: 6.7622012870086769e+02, x_e: 6.7548739175166963e+02, y_r: 1.2194206938364584e+02, y_e: 1.2137555329121818e+02, z_r: -2.6524710162423385e+03, z_e: -2.6528221278106685e+03

#ERR stream: 0, p: [81333], ea: 4, v_r: 3.1592039027901301e+03, v_e: 3.1590495884715742e+03, x_r: 1.2674707366238624e+02, x_e: 1.2606086147044843e+02, y_r: 2.5574154554563115e+03, y_e: 2.5567306891024323e+03, z_r: 1.5780472076934180e+02, z_e: 1.5727571457207657e+02

#ERR stream: 0, p: [81334], ea: 4, v_r: 3.7504889210603037e+03, v_e: 3.7503032504307985e+03, x_r: 3.0271183058749125e+03, x_e: 3.0261626594646100e+03, y_r: -1.2818339022544278e+03, y_e: -1.2824201755783447e+03, z_r: 9.0653637097018043e+02, z_e: 9.0587386122183636e+02

#ERR stream: 0, p: [81335], ea: 4, v_r: 2.3746215642404245e+03, v_e: 2.3744656982983020e+03, x_r: -1.7258766948785412e+03, x_e: -1.7262500379239366e+03, y_r: 1.9221485625241492e+03, y_e: 1.9216129718558066e+03, z_r: 5.7412792105414792e+02, z_e: 5.7367946827025423e+02

#ERR stream: 0, p: [81336], ea: 4, v_r: 3.0417844215455316e+03, v_e: 3.0416014891637124e+03, x_r: 1.2883081484920112e+03, x_e: 1.2875736833825715e+03, y_r: -4.5623657850583311e+02, y_e: -4.5674366034538428e+02, z_r: 1.5169984601212460e+02, z_e: 1.5116404210791464e+02

#ERR stream: 0, p: [81337], ea: 4, v_r: 2.2701007493009242e+03, v_e: 2.2698237768676609e+03, x_r: -1.6502095821518576e+03, x_e: -1.6505091100240797e+03, y_r: -7.7660413984584852e+02, y_e: -7.7693239332227040e+02, z_r: -2.0638102002706059e+03, z_e: -2.0640563903779221e+03

#ERR stream: 0, p: [81338], ea: 4, v_r: 2.2518650317117508e+03, v_e: 2.2516547052204614e+03, x_r: -3.4188170952471887e+02, x_e: -3.4231997899139975e+02, y_r: -2.0660034833093309e+03, y_e: -2.0661942507492959e+03, z_r: 1.1197962609274923e+02, z_e: 1.1153157710040580e+02

#ERR stream: 0, p: [81339], ea: 4, v_r: 3.7510069004223919e+03, v_e: 3.7508203879557632e+03, x_r: 2.3083510035406048e+03, x_e: 2.3073902141014523e+03, y_r: 1.5967496620495556e+03, y_e: 1.5959810304982336e+03, z_r: -1.2517575708910638e+03, z_e: -1.2523340445545552e+03

#ERR stream: 0, p: [81340], ea: 4, v_r: 2.8135500557907012e+03, v_e: 2.8133593494637853e+03, x_r: -9.6625205831803248e+02, x_e: -9.6673840886561459e+02, y_r: -9.6170195910579207e+02, y_e: -9.6209103954385773e+02, z_r: 2.2992915855567162e+03, z_e: 2.2986565038397180e+03

#ERR stream: 0, p: [81341], ea: 4, v_r: 2.0537595792504753e+03, v_e: 2.0535828155266099e+03, x_r: -3.1156063374703456e+02, x_e: -3.1199617257832273e+02, y_r: 4.7985019775111817e+02, y_e: 4.7942399064758689e+02, z_r: -1.4732006765322246e+03, z_e: -1.4734761409289067e+03

#ERR stream: 0, p: [81342], ea: 4, v_r: 2.2708203578948473e+03, v_e: 2.2706190573692734e+03, x_r: -2.0858619902242922e+03, x_e: -2.0861494802906709e+03, y_r: 9.6627656717382797e+02, y_e: 9.6578891044799093e+02, z_r: -3.2228553240384269e+02, z_e: -3.2269153505333520e+02

#ERR stream: 0, p: [81343], ea: 4, v_r: 3.2777923451969859e+03, v_e: 3.2775877832593023e+03, x_r: 2.6453226442323339e+03, x_e: 2.6444588971867411e+03, y_r: -3.0067389080151161e+03, y_e: -3.0071107890288031e+03, z_r: 7.9202326448451527e+02, z_e: 7.9140682652707130e+02

#ERR stream: 0, p: [81344], ea: 4, v_r: 2.1471524254975297e+03, v_e: 2.1469533532948958e+03, x_r: 9.0919670134853106e+02, x_e: 9.0861463073259279e+02, y_r: -1.1461329396829078e+03, y_e: -1.1464313755254459e+03, z_r: -1.9520389080408570e+03, z_e: -1.9522925957531556e+03

#ERR stream: 0, p: [81345], ea: 4, v_r: 3.1485362117416012e+03, v_e: 3.1482857262711491e+03, x_r: 1.2582177209658832e+02, x_e: 1.2514510424491613e+02, y_r: -1.6805502508359336e+03, y_e: -1.6809613326726364e+03, z_r: 1.5679749489426325e+02, z_e: 1.5620112522571642e+02

#ERR stream: 0, p: [81346], ea: 4, v_r: 1.5994822244193570e+03, v_e: 1.5992913788531487e+03, x_r: -5.4956104667636964e+02, x_e: -5.4984731502568229e+02, y_r: -1.4676766826735109e+03, y_e: -1.4677911900132358e+03, z_r: -1.1474942253543122e+03, z_e: -1.1477041554771415e+03

#ERR stream: 0, p: [81347], ea: 4, v_r: 2.9140294141516988e+03, v_e: 2.9137748513789538e+03, x_r: -2.6767611975863229e+03, x_e: -2.6771021607175094e+03, y_r: -4.3730938921962758e+02, y_e: -4.3775526241004343e+02, z_r: 1.2631474770892655e+03, z_e: 1.2624948687305225e+03

#ERR stream: 0, p: [81348], ea: 4, v_r: 3.4253370534860542e+03, v_e: 3.4252018952682233e+03, x_r: 2.7650629800728489e+03, x_e: 2.7641752404528579e+03, y_r: 2.1156357820906160e+03, y_e: 2.1149201840659098e+03, z_r: -1.1430386118837621e+03, z_e: -1.1435550366696170e+03

#ERR stream: 0, p: [81349], ea: 4, v_r: 2.6554218624031464e+03, v_e: 2.6552209499907440e+03, x_r: 1.0632325451669224e+02, x_e: 1.0572127461049185e+02, y_r: 6.2052404578107939e+02, y_e: 6.1998620638064631e+02, z_r: -1.3955095006622419e+03, z_e: -1.3959028345919464e+03

#ERR stream: 0, p: [81350], ea: 4, v_r: 2.0997994477924358e+03, v_e: 2.0996083157842836e+03, x_r: -3.1854056308325357e+02, x_e: -3.1899116305215864e+02, y_r: 4.9058906401288618e+02, y_e: 4.9014448595417502e+02, z_r: -1.9089218405394467e+03, z_e: -1.9091692646798115e+03

#ERR stream: 0, p: [81351], ea: 4, v_r: 2.8370578066280455e+03, v_e: 2.8369037229215755e+03, x_r: 1.7458313686039032e+03, x_e: 1.7450979216476790e+03, y_r: 6.6323317104662453e+02, y_e: 6.6267723022293899e+02, z_r: -9.4679057742137138e+02, z_e: -9.4723064559510601e+02

#ERR stream: 0, p: [81352], ea: 4, v_r: 2.6411809558460427e+03, v_e: 2.6410470019068825e+03, x_r: 1.6251994507107718e+03, x_e: 1.6245618225591500e+03, y_r: -9.0269647348367755e+02, y_e: -9.0309941285364675e+02, z_r: 1.1450817116542980e+03, z_e: 1.1445919716119970e+03

#ERR stream: 0, p: [81353], ea: 4, v_r: 2.6168923352052716e+03, v_e: 2.6167323591675968e+03, x_r: 6.0656463857970550e+02, x_e: 6.0596497874463910e+02, y_r: 1.0954920873372953e+02, y_e: 1.0908227894869039e+02, z_r: 1.3053934216690502e+02, z_e: 1.3007716160175329e+02

#ERR stream: 0, p: [81354], ea: 4, v_r: 2.2591443473446220e+03, v_e: 2.2590048744466058e+03, x_r: 9.0631288400038514e+01, x_e: 9.0117471544229957e+01, y_r: 1.8287274883716418e+03, y_e: 1.8281936987367408e+03, z_r: -1.1871886623891980e+03, z_e: -1.1875192681663657e+03

#ERR stream: 0, p: [81355], ea: 4, v_r: 1.8728884176008714e+03, v_e: 1.8726844747208661e+03, x_r: 7.4716135044187908e+01, x_e: 7.4281394910378836e+01, y_r: -1.3591711542290495e+03, y_e: -1.3593721074624932e+03, z_r: -1.7027341888988801e+03, z_e: -1.7029460866879642e+03

#ERR stream: 0, p: [81356], ea: 4, v_r: 2.1300754554979198e+03, v_e: 2.1298450309063605e+03, x_r: -1.9566198824334097e+03, x_e: -1.9568699864787209e+03, y_r: 4.9747855237325467e+02, y_e: 4.9702961057812161e+02, z_r: -1.5279274590847413e+03, z_e: -1.5282065592832012e+03

#ERR stream: 0, p: [81357], ea: 4, v_r: 2.1254195569754170e+03, v_e: 2.1251944806337397e+03, x_r: -1.1375691993768596e+03, x_e: -1.1379086786741436e+03, y_r: -7.2697980497687627e+02, y_e: -7.2728740062937175e+02, z_r: -1.1170967427446026e+03, z_e: -1.1174174700206449e+03

#ERR stream: 0, p: [81358], ea: 4, v_r: 2.0804569708537497e+03, v_e: 2.0802454926364594e+03, x_r: -1.5122924446590519e+03, x_e: -1.5125791234072194e+03, y_r: -3.1242400531304469e+02, y_e: -3.1276331698456966e+02, z_r: -6.9443152056521956e+02, z_e: -6.9478116951664390e+02

#ERR stream: 0, p: [81359], ea: 4, v_r: 3.2745358670160876e+03, v_e: 3.2743058852468184e+03, x_r: -3.0077517709134340e+03, x_e: -3.0081704279436694e+03, y_r: 7.6545926262821126e+02, y_e: 7.6487595669321195e+02, z_r: 2.6762463077479297e+03, z_e: 2.6754983529081665e+03

#ERR stream: 0, p: [81360], ea: 4, v_r: 3.2745042588109109e+03, v_e: 3.2742730378146948e+03, x_r: -3.0077009077645566e+03, x_e: -3.0081415384165816e+03, y_r: 2.0220732849845408e+03, y_e: 2.0213785733885215e+03, z_r: 1.4198204750449413e+03, z_e: 1.4191491477003867e+03

#ERR stream: 0, p: [81361], ea: 4, v_r: 2.3704839271709470e+03, v_e: 2.3703328423306298e+03, x_r: -8.1405339258638571e+02, x_e: -8.1446783318476810e+02, y_r: -3.5546110472511378e+02, y_e: -3.5582287417188314e+02, z_r: 1.9372996146447067e+03, z_e: 1.9367789975731064e+03

#ERR stream: 0, p: [81362], ea: 4, v_r: 2.9990457390699639e+03, v_e: 2.9988050110890244e+03, x_r: -1.0301081000464717e+03, x_e: -1.0306193863198514e+03, y_r: -2.1759227029213034e+03, y_e: -2.1762354407476314e+03, z_r: 1.8751833058483908e+03, z_e: 1.8744913693148594e+03

#ERR stream: 0, p: [81363], ea: 4, v_r: 3.6703223734727658e+03, v_e: 3.6701386432000859e+03, x_r: -5.5650530849505765e+02, x_e: -5.5724969042082046e+02, y_r: 2.9711607351382227e+03, y_e: 2.9703741501140253e+03, z_r: 8.8745194051929968e+02, z_e: 8.8680688266934749e+02

#ERR stream: 0, p: [81364], ea: 4, v_r: 2.8206040559230878e+03, v_e: 2.8204171500922425e+03, x_r: 1.1316545984420206e+02, x_e: 1.1251422384837248e+02, y_r: 2.2832006357248924e+03, y_e: 2.2825151697970846e+03, z_r: -2.0232203288222756e+03, z_e: -2.0236035941865396e+03

#ERR stream: 0, p: [81365], ea: 4, v_r: 2.3190716823453713e+03, v_e: 2.3189352805494846e+03, x_r: -3.5175460745977875e+02, x_e: -3.5220259188488131e+02, y_r: 9.7170123325182530e+01, y_e: 9.6778999354087603e+01, z_r: 1.4503930088302509e+03, z_e: 1.4499223435172764e+03

#ERR stream: 0, p: [81366], ea: 4, v_r: 2.9256867359219550e+03, v_e: 2.9255408979822396e+03, x_r: 2.3613526848608012e+03, x_e: 2.3606293206219802e+03, y_r: -2.1223245293275695e+03, y_e: -2.1227048811206137e+03, z_r: 1.8296568973087590e+03, z_e: 1.8290945413785171e+03

#ERR stream: 0, p: [81367], ea: 4, v_r: 3.7616889040446804e+03, v_e: 3.7615047300261431e+03, x_r: 2.3151415083685329e+03, x_e: 2.3141514585347836e+03, y_r: 3.0453032860917997e+03, y_e: 3.0444375766173853e+03, z_r: -2.6983049201984363e+03, z_e: -2.6988252804912709e+03

#ERR stream: 0, p: [81368], ea: 4, v_r: 3.5515256183342294e+03, v_e: 3.5513189581792117e+03, x_r: 2.1856999051947564e+03, x_e: 2.1847342997784990e+03, y_r: 2.1934382730165112e+03, y_e: 2.1926244566525015e+03, z_r: -3.2287134210277618e+03, z_e: -3.2291687881845055e+03

#ERR stream: 0, p: [81369], ea: 4, v_r: 3.2742610746038772e+03, v_e: 3.2740405889322083e+03, x_r: -4.9647172226735455e+02, x_e: -4.9716904964170737e+02, y_r: 2.6503600865792091e+03, y_e: 2.6495729195811914e+03, z_r: -1.7206276783369894e+03, z_e: -1.7211078107496685e+03

#ERR stream: 0, p: [81370], ea: 4, v_r: 2.2388555873956102e+03, v_e: 2.2386929053073050e+03, x_r: -1.1981179567352419e+03, x_e: -1.1984660890983496e+03, y_r: -7.6529903610942802e+02, y_e: -7.6560357113404314e+02, z_r: 1.8296010482568765e+03, z_e: 1.8290798192294651e+03

#ERR stream: 0, p: [81371], ea: 4, v_r: 2.3371495317716317e+03, v_e: 2.3369593462468938e+03, x_r: -3.5449058095328377e+02, x_e: -3.5498894162821682e+02, y_r: 9.9459608779451526e+02, y_e: 9.9407568051873659e+02, z_r: -1.6764598425867043e+03, z_e: -1.6767740738336431e+03

#ERR stream: 0, p: [81372], ea: 4, v_r: 2.8395884969319545e+03, v_e: 2.8393417407043153e+03, x_r: 1.7469983983990453e+03, x_e: 1.7461837510826340e+03, y_r: -1.5156549494552423e+03, y_e: -1.5160599110807320e+03, z_r: -2.5815414635121970e+03, z_e: -2.5818821981654601e+03

#ERR stream: 0, p: [81373], ea: 4, v_r: 4.1587267569219284e+03, v_e: 4.1586349813232309e+03, x_r: 2.5595930938196366e+03, x_e: 2.5586791626343652e+03, y_r: 2.5689151919239289e+03, y_e: 2.5681656918559725e+03, z_r: 3.3996061473415853e+03, z_e: 3.3989476579119860e+03

#ERR stream: 0, p: [81374], ea: 4, v_r: 2.2601549643367312e+03, v_e: 2.2600053786993831e+03, x_r: -2.0759877277421588e+03, x_e: -2.0762863351599967e+03, y_r: 9.6206331278349592e+02, y_e: 9.6163295723342014e+02, z_r: 1.8472843719735883e+03, z_e: 1.8467821025462140e+03

#ERR stream: 0, p: [81375], ea: 4, v_r: 3.0648858140836855e+03, v_e: 3.0646319502798474e+03, x_r: 1.2978393424535252e+03, x_e: 1.2970422215102049e+03, y_r: -1.6359358548528185e+03, y_e: -1.6363603060122505e+03, z_r: -1.6108363693513154e+03, z_e: -1.6112943328130004e+03

#ERR stream: 0, p: [81376], ea: 4, v_r: 2.4548154664383887e+03, v_e: 2.4546162872321511e+03, x_r: -1.3137658306682656e+03, x_e: -1.3141425128175449e+03, y_r: -1.3101697759417500e+03, y_e: -1.3104631544929239e+03, z_r: 1.5349536038957567e+03, z_e: 1.5343850063714606e+03

#ERR stream: 0, p: [81377], ea: 4, v_r: 2.2835107375240782e+03, v_e: 2.2833359797413191e+03, x_r: -7.8429277853606300e+02, x_e: -7.8469497056368436e+02, y_r: -7.8069542396341046e+02, y_e: -7.8101717758550762e+02, z_r: 9.8984211200094830e+02, z_e: 9.8935613588851277e+02

#ERR stream: 0, p: [81378], ea: 4, v_r: 2.8367659505498655e+03, v_e: 2.8366061020827410e+03, x_r: 6.5770895658564280e+02, x_e: 6.5703944901626835e+02, y_r: 1.7518772123256024e+03, y_e: 1.7512584850671981e+03, z_r: -9.4664961523921477e+02, z_e: -9.4708968341294940e+02

#ERR stream: 0, p: [81379], ea: 4, v_r: 3.0187547014741222e+03, v_e: 3.0185403018801439e+03, x_r: 1.2087828888514599e+02, x_e: 1.2020440984357057e+02, y_r: 7.0546853941630161e+02, y_e: 7.0486940429672734e+02, z_r: -1.0074639224230078e+03, z_e: -1.0079454337017853e+03

#ERR stream: 0, p: [81380], ea: 4, v_r: 3.3232568549870452e+03, v_e: 3.3231058262932947e+03, x_r: 2.6823412211557602e+03, x_e: 2.6815164818145067e+03, y_r: -1.1357316166389587e+03, y_e: -1.1362464205659608e+03, z_r: 1.4408505591170638e+03, z_e: 1.4402530160005610e+03

#ERR stream: 0, p: [81381], ea: 4, v_r: 1.7943995018874502e+03, v_e: 1.7942158554333982e+03, x_r: -9.6027134261522497e+02, x_e: -9.6057562941246897e+02, y_r: 4.1914207472084030e+02, y_e: 4.1875907397796544e+02, z_r: -1.6312709848055836e+03, z_e: -1.6314755944584163e+03

#ERR stream: 0, p: [81382], ea: 4, v_r: 2.3679002833846266e+03, v_e: 2.3676800809112060e+03, x_r: 9.4480969676245280e+01, x_e: 9.3965826493219524e+01, y_r: -2.1724756345013334e+03, y_e: -2.1726851627722071e+03, z_r: -3.3638952096958241e+02, z_e: -3.3682192026451332e+02

#ERR stream: 0, p: [81383], ea: 4, v_r: 3.4892471797912303e+03, v_e: 3.4890705199140652e+03, x_r: -5.2913510222490982e+02, x_e: -5.2980435856914812e+02, y_r: 8.1585149963676292e+02, y_e: 8.1523836421541978e+02, z_r: 2.8519189867608920e+03, z_e: 2.8512206443607120e+03

#ERR stream: 0, p: [81384], ea: 4, v_r: 1.6940024081425117e+03, v_e: 1.6938181266301121e+03, x_r: -1.5561931363713636e+03, x_e: -1.5563589897325232e+03, y_r: -1.5542532334228190e+03, y_e: -1.5543638023302587e+03, z_r: 4.0907704004581592e+02, z_e: 4.0869004886977677e+02

#ERR stream: 0, p: [81385], ea: 4, v_r: 3.2221929502672792e+03, v_e: 3.2220197742175528e+03, x_r: 1.2909828565830568e+02, x_e: 1.2843498533816563e+02, y_r: 1.3507108453467433e+02, y_e: 1.3452659019458417e+02, z_r: 2.0152684467552153e+03, z_e: 2.0146349471355036e+03

#ERR stream: 0, p: [81386], ea: 4, v_r: 2.6321361554259452e+03, v_e: 2.6319104558165141e+03, x_r: -9.0409417994996124e+02, x_e: -9.0456615666660116e+02, y_r: -9.0004766437874332e+02, y_e: -9.0042524575205528e+02, z_r: 1.3109473577769586e+02, z_e: 1.3058585013828082e+02

#ERR stream: 0, p: [81387], ea: 4, v_r: 2.0568155914178437e+03, v_e: 2.0566325741143924e+03, x_r: -1.8892515352529031e+03, x_e: -1.8895186059339460e+03, y_r: 1.2699358022846804e+03, y_e: 1.2694512801307378e+03, z_r: -6.8637536585216833e+02, z_e: -6.8671130487210758e+02

#ERR stream: 0, p: [81388], ea: 4, v_r: 2.1925877165700604e+03, v_e: 2.1922898428248291e+03, x_r: -1.5940257050787320e+03, x_e: -1.5942891324716124e+03, y_r: -2.0120678412524132e+03, y_e: -2.0121951785180527e+03, z_r: -1.9934645068224675e+03, z_e: -1.9936940529570513e+03

#ERR stream: 0, p: [81389], ea: 4, v_r: 3.0087175380598228e+03, v_e: 3.0085765078255490e+03, x_r: 1.8513989897232002e+03, x_e: 1.8507013133971291e+03, y_r: -1.6053376431740207e+03, y_e: -1.6057547540006037e+03, z_r: 2.4589644285724448e+03, z_e: 2.4583765864956736e+03

#ERR stream: 0, p: [81390], ea: 4, v_r: 2.7912690545572873e+03, v_e: 2.7910539676376648e+03, x_r: -1.4937851340175248e+03, x_e: -1.4942212263648560e+03, y_r: -9.5423705446791735e+02, y_e: -9.5462034225292189e+02, z_r: 1.7454396705484733e+03, z_e: 1.7448080656383243e+03

#ERR stream: 0, p: [81391], ea: 4, v_r: 2.3944565998069197e+03, v_e: 2.3943195939002212e+03, x_r: -1.7402630451367618e+03, x_e: -1.7406395970141416e+03, y_r: 1.9383269076310671e+03, y_e: 1.9378174171509818e+03, z_r: 1.4977495354896143e+03, z_e: 1.4972715134948614e+03

#ERR stream: 0, p: [81392], ea: 4, v_r: 3.0847001255255682e+03, v_e: 3.0844579133871021e+03, x_r: -2.2421146532204716e+03, x_e: -2.2425661270762480e+03, y_r: 7.2082482254467595e+02, y_e: 7.2024080829266620e+02, z_r: 7.4557202125744993e+02, z_e: 7.4495235146459311e+02

#ERR stream: 0, p: [81393], ea: 4, v_r: 2.6228014032884225e+03, v_e: 2.6226298712650137e+03, x_r: -1.9063021434978893e+03, x_e: -1.9066870009333991e+03, y_r: 6.1314202658684655e+02, y_e: 6.1267633117690229e+02, z_r: 2.1436239421649771e+03, z_e: 2.1430431023759161e+03

#ERR stream: 0, p: [81394], ea: 4, v_r: 2.3001309965147711e+03, v_e: 2.2998967346333379e+03, x_r: -2.1129060875516780e+03, x_e: -2.1131657165093329e+03, y_r: -3.4539794042015842e+02, y_e: -3.4576494166565709e+02, z_r: -3.2661567255379958e+02, z_e: -3.2704319371085518e+02

#ERR stream: 0, p: [81395], ea: 4, v_r: 3.1610031232370484e+03, v_e: 3.1607402168784424e+03, x_r: -1.6913933573323407e+03, x_e: -1.6919559651329341e+03, y_r: 2.5585055716018460e+03, y_e: 2.5576979327136673e+03, z_r: -2.2673398537571857e+03, z_e: -2.2677615484722960e+03

#ERR stream: 0, p: [81396], ea: 4, v_r: 1.9110548405165337e+03, v_e: 1.9108320405161435e+03, x_r: -1.3892059129043814e+03, x_e: -1.3894595183425347e+03, y_r: -6.5374033948699491e+02, y_e: -6.5401451983764230e+02, z_r: -1.3709213134468687e+03, z_e: -1.3711715087099324e+03

#ERR stream: 0, p: [81397], ea: 4, v_r: 1.8965611835194636e+03, v_e: 1.8963930798779854e+03, x_r: 7.5721819730268805e+01, x_e: 7.5308408387449177e+01, y_r: -1.3761994269538470e+03, y_e: -1.3764091214062385e+03, z_r: -2.6937901549657278e+02, z_e: -2.6972120034149248e+02

#ERR stream: 0, p: [81398], ea: 4, v_r: 3.8565753119760757e+03, v_e: 3.8563871137120063e+03, x_r: 8.9403459542571534e+02, x_e: 8.9321404059604663e+02, y_r: -5.7810136885440136e+02, y_e: -5.7870511720419677e+02, z_r: 3.1520194324291333e+03, z_e: 3.1512560940310718e+03

#ERR stream: 0, p: [81399], ea: 4, v_r: 3.5407275074642303e+03, v_e: 3.5405049858945067e+03, x_r: -5.3688190458440351e+02, x_e: -5.3762700367501134e+02, y_r: 2.8660869982441627e+03, y_e: 2.8652594965391640e+03, z_r: -1.1815305953067689e+03, z_e: -1.1820844651146008e+03

#ERR stream: 0, p: [81400], ea: 4, v_r: 2.2524164238390435e+03, v_e: 2.2522069607669782e+03, x_r: 8.9873078411404165e+01, x_e: 8.9383059057879123e+01, y_r: -2.0665227475485322e+03, y_e: -2.0667220570050517e+03, z_r: -3.1998361043996567e+02, z_e: -3.2039492137243730e+02

#ERR stream: 0, p: [81401], ea: 4, v_r: 2.1724055259609413e+03, v_e: 2.1722438272670197e+03, x_r: 5.0341039349758421e+02, x_e: 5.0290100071395648e+02, y_r: -7.4274858557598577e+02, y_e: -7.4307848442980548e+02, z_r: -3.0843256172540163e+02, z_e: -3.0880934482090385e+02

#ERR stream: 0, p: [81402], ea: 4, v_r: 2.4771489371535281e+03, v_e: 2.4769630760729733e+03, x_r: -2.2753276748698518e+03, x_e: -2.2756584322461540e+03, y_r: 1.5296230006608735e+03, y_e: 1.5290833203606110e+03, z_r: 5.9884510502215380e+02, z_e: 5.9835670731070718e+02

#ERR stream: 0, p: [81403], ea: 4, v_r: 3.8067597696970279e+03, v_e: 3.8066262606213136e+03, x_r: 1.6127055283083967e+03, x_e: 1.6118585142118516e+03, y_r: 1.6207245207005528e+03, y_e: 1.6200255479712025e+03, z_r: 2.3811965663215997e+03, z_e: 2.3805388276988729e+03

#ERR stream: 0, p: [81404], ea: 4, v_r: 3.0684653253207634e+03, v_e: 3.0682006083967381e+03, x_r: -2.8186156211267134e+03, x_e: -2.8189554535426096e+03, y_r: -1.6376394598897425e+03, y_e: -1.6379854465611866e+03, z_r: 2.5073281738096771e+03, z_e: 2.5065524858042440e+03

#ERR stream: 0, p: [81405], ea: 4, v_r: 2.4698449482014203e+03, v_e: 2.4696657712367778e+03, x_r: -8.4822855572036019e+02, x_e: -8.4867751386090731e+02, y_r: 1.0329519181580586e+02, y_e: 1.0286435451751115e+02, z_r: 5.9693494961906390e+02, z_e: 5.9645056237716460e+02

#ERR stream: 0, p: [81406], ea: 4, v_r: 2.6789361511258849e+03, v_e: 2.6786588003349152e+03, x_r: -2.4607290544593657e+03, x_e: -2.4610563447796176e+03, y_r: 1.1397933378568564e+03, y_e: 1.1391764965882135e+03, z_r: -1.9215925029306532e+03, z_e: -1.9219441935657474e+03

#ERR stream: 0, p: [81407], ea: 4, v_r: 2.4716617515527801e+03, v_e: 2.4714886295970714e+03, x_r: 5.7286676945051261e+02, x_e: 5.7227897141298092e+02, y_r: 1.0337991349104445e+02, y_e: 1.0292352481747587e+02, z_r: -8.2490638480789823e+02, z_e: -8.2530061289978732e+02

#SDC Ite:0 KerTime:87.263398 AccTime:87.263398 KerErr:211 AccErr:211
#END