#HEADER streams: 1 boxes:10 block_size:192
#BEGIN Y:2016 M:09 D:04 Time:06:48:56
#IT Ite:0 KerTime:87.334551 AccTime:87.334551
#ERR stream: 0, p: [170046], ea: 4, v_r: 1.9505645770104657e+03, v_e: 1.9505645770104657e+03, x_r: -1.7998189657726421e+03, x_e: -1.7998189657726421e+03, y_r: -2.7827999002403118e+02, y_e: -2.7827999002403118e+02, z_r: -6.3018053462820922e+02, z_e: -6.3018053462820922e+02

#ERR stream: 0, p: [73232], ea: 0, v_r: 2.7585552822662717e+03, v_e: 2.7585552822662717e+03, x_r: -3.5370283936669807e+02, x_e: -3.5370283936669807e+02, y_r: -2.5165360273881465e+03, y_e: -2.5165360273881465e+03, z_r: 1.6692526375270691e+02, z_e: 1.6692526375270691e+02

#ERR stream: 0, p: [25227], ea: 0, v_r: 2.1858108045701415e+03, v_e: 2.1858108045701415e+03, x_r: -7.3479527049144463e+02, x_e: -7.3479527049144463e+02, y_r: 1.3810588996406045e+02, y_e: 1.3810588996406045e+02, z_r: 7.9897712089677398e+01, z_e: 7.9897712089677398e+01

#ERR stream: 0, p: [121344], ea: 0, v_r: 3.4440709966215363e+03, v_e: 3.4457234125832806e+03, x_r: 2.1931137335484655e+03, x_e: 2.1933450516099501e+03, y_r: 1.5162750294954287e+03, y_e: 1.5175241383679354e+03, z_r: -5.6272805133276199e+02, z_e: -5.6234181069254851e+02

#ERR stream: 0, p: [27895], ea: 4, v_r: 3.4480633533815376e+03, v_e: 3.4480633533815376e+03, x_r: 2.1548950271220517e+02, x_e: 2.1548950271220517e+02, y_r: 2.7587584713592769e+03, y_e: 2.7587584713592769e+03, z_r: -4.6023597617957290e+02, z_e: -4.6023597617957290e+02

#ERR stream: 0, p: [77434], ea: 0, v_r: 2.2225788764500398e+03, v_e: 2.2225788764500398e+03, x_r: 1.7991264655475409e+03, x_e: 1.7991264655475409e+03, y_r: 9.7596379640456007e+02, y_e: 9.7596379640456007e+02, z_r: 1.4095968496864220e+03, z_e: 1.4095968496864220e+03

#ERR stream: 0, p: [121345], ea: 0, v_r: 2.4065659519069914e+03, v_e: 2.4077307344488490e+03, x_r: 1.4572701479874399e+02, x_e: 1.4512598157960247e+02, y_r: -7.8730675027664461e+02, y_e: -7.8737893062878015e+02, z_r: -1.3159738353448774e+03, z_e: -1.3161498399549509e+03

#ERR stream: 0, p: [177834], ea: 4, v_r: 1.8884874620239841e+03, v_e: 1.8884874620239841e+03, x_r: 4.6723234120945409e+02, x_e: 4.6723234120945409e+02, y_r: 9.3315175813674244e+01, y_e: 9.3315175813674244e+01, z_r: -2.5143527959722294e+02, z_e: -2.5143527959722294e+02

#ERR stream: 0, p: [121346], ea: 0, v_r: 2.7180512669176896e+03, v_e: 2.7193205219898023e+03, x_r: -8.7893424667522299e+02, x_e: -8.8010260878439760e+02, y_r: -3.6865597607068480e+02, y_e: -3.6850706558111057e+02, z_r: -1.4851368960426341e+03, z_e: -1.4853362908753752e+03

#ERR stream: 0, p: [79427], ea: 4, v_r: 2.3827720942362603e+03, v_e: 2.3827720942362603e+03, x_r: -8.0447285502618854e+02, x_e: -8.0447285502618854e+02, y_r: -8.0398593270924550e+02, y_e: -8.0398593270924550e+02, z_r: -7.8570227617535056e+02, z_e: -7.8570227617535056e+02

#ERR stream: 0, p: [121347], ea: 0, v_r: 3.7282647190014304e+03, v_e: 3.7300846666713610e+03, x_r: 3.0834088700801385e+03, x_e: 3.0839773737840974e+03, y_r: -3.3612084926197081e+03, y_e: -3.3623347145708440e+03, z_r: 2.9683091537435903e+03, z_e: 2.9704248897994294e+03

#ERR stream: 0, p: [31510], ea: 4, v_r: 3.9640667720698348e+03, v_e: 3.9640667720698348e+03, x_r: 3.2154993946581803e+03, x_e: 3.2154993946581803e+03, y_r: 1.6980540663860006e+03, y_e: 1.6980540663860006e+03, z_r: 1.5863877273809010e+02, z_e: 1.5863877273809010e+02

#ERR stream: 0, p: [121348], ea: 0, v_r: 1.8655558153322718e+03, v_e: 1.8663898105980622e+03, x_r: -1.3205857349886171e+03, x_e: -1.3217025947262584e+03, y_r: -6.1100268234124530e+02, y_e: -6.1108473627391857e+02, z_r: -3.0255640362028561e+02, z_e: -3.0238538825763641e+02

#ERR stream: 0, p: [179436], ea: 4, v_r: 1.6359070836731423e+03, v_e: 1.6359070836731423e+03, x_r: 8.1267687280399130e+01, x_e: 8.1267687280399130e+01, y_r: -1.9522247233984325e+02, y_e: -1.9522247233984325e+02, z_r: 3.8935807308556889e+02, z_e: 3.8935807308556889e+02

#ERR stream: 0, p: [80965], ea: 0, v_r: 3.4147029160502757e+03, v_e: 3.4147029160502757e+03, x_r: 2.1478504117906077e+03, x_e: 2.1478504117906077e+03, y_r: 1.4685770879746842e+03, y_e: 1.4685770879746842e+03, z_r: -1.1581121756191333e+03, z_e: -1.1581121756191333e+03

#ERR stream: 0, p: [121349], ea: 0, v_r: 2.0029325134490816e+03, v_e: 2.0039456353027554e+03, x_r: 5.0561680794768915e+02, x_e: 5.0527257238665686e+02, y_r: -1.8071474833770405e+03, y_e: -1.8078036483965107e+03, z_r: -1.4802665486657515e+03, z_e: -1.4806065472703083e+03

#ERR stream: 0, p: [33231], ea: 4, v_r: 2.1672914579486196e+03, v_e: 2.1672914579486196e+03, x_r: -3.1589698129017654e+02, x_e: -3.1589698129017654e+02, y_r: 1.7931268092703258e+03, y_e: 1.7931268092703258e+03, z_r: -1.9615754592079525e+03, z_e: -1.9615754592079525e+03

#ERR stream: 0, p: [121350], ea: 0, v_r: 3.2319984626312666e+03, v_e: 3.2335248909555835e+03, x_r: 8.1385669318047565e+02, x_e: 8.1340690148817100e+02, y_r: -1.0565235148316058e+03, y_e: -1.0566000388107411e+03, z_r: 7.1357255565333594e+02, z_e: 7.1448172063613401e+02

#ERR stream: 0, p: [82647], ea: 4, v_r: 1.6560771113610626e+03, v_e: 1.6560771113610626e+03, x_r: -1.1715962516917073e+03, x_e: -1.1715962516917073e+03, y_r: 7.0448345323817114e+02, y_e: 7.0448345323817114e+02, z_r: 1.0235898350627099e+03, z_e: 1.0235898350627099e+03

#ERR stream: 0, p: [121351], ea: 0, v_r: 3.1276661398484866e+03, v_e: 3.1291548648587873e+03, x_r: 1.9877734465910175e+03, x_e: 1.9879587887536118e+03, y_r: -1.0213893861431440e+03, y_e: -1.0214385107635044e+03, z_r: 1.8904605440238076e+03, z_e: 1.8919116692519870e+03

#ERR stream: 0, p: [183491], ea: 4, v_r: 1.3822010298508089e+03, v_e: 1.3822010298508089e+03, x_r: -9.8855169732598199e+02, x_e: -9.8855169732598199e+02, y_r: -4.5101725827299435e+02, y_e: -4.5101725827299435e+02, z_r: -1.2364113945070048e+03, z_e: -1.2364113945070048e+03

#ERR stream: 0, p: [84231], ea: 0, v_r: 4.0467781844375741e+03, v_e: 4.0467781844375741e+03, x_r: 3.2988504872980034e+03, x_e: 3.2988504872980034e+03, y_r: 1.7812508861414874e+03, y_e: 1.7812508861414874e+03, z_r: 2.5510769167077042e+03, z_e: 2.5510769167077042e+03

#ERR stream: 0, p: [121352], ea: 0, v_r: 1.7875930194932369e+03, v_e: 1.7884277643084424e+03, x_r: -1.2641266806588983e+03, x_e: -1.2652656669585708e+03, y_r: -9.2839771091876855e+02, y_e: -9.2864964494589481e+02, z_r: -1.6621965558820089e+03, z_e: -1.6626451524522031e+03

#ERR stream: 0, p: [34863], ea: 2, v_r: 3.2837842421028658e+03, v_e: 3.2837842421028658e+03, x_r: -2.9978217565569053e+03, x_e: -2.9978217565569053e+03, y_r: 1.4564003013570648e+03, y_e: 1.4564003013570648e+03, z_r: 7.6899236309932019e+02, z_e: 7.6899236309932019e+02

#ERR stream: 0, p: [121353], ea: 0, v_r: 2.0860433428511897e+03, v_e: 2.0870849189831197e+03, x_r: 9.2815857472553080e+02, x_e: 9.2805587585057117e+02, y_r: -2.8206998674445424e+02, y_e: -2.8191069607420894e+02, z_r: -1.5418219459480051e+03, z_e: -1.5421659499763887e+03

#ERR stream: 0, p: [186272], ea: 4, v_r: 1.3693944291962482e+03, v_e: 1.3693944291962482e+03, x_r: 8.6080399335096433e+02, x_e: 8.6080399335096433e+02, y_r: -4.3886897267291948e+02, y_e: -4.3886897267291948e+02, z_r: 3.6303693752344793e+02, z_e: 3.6303693752344793e+02

#ERR stream: 0, p: [85305], ea: 0, v_r: 2.8426439657071555e+03, v_e: 2.8426439657071555e+03, x_r: -9.6450775618730745e+02, x_e: -9.6450775618730745e+02, y_r: -9.7648537534675052e+02, y_e: -9.7648537534675052e+02, z_r: -1.4357133998834979e+03, z_e: -1.4357133998834979e+03

#ERR stream: 0, p: [121354], ea: 0, v_r: 2.7036572475324533e+03, v_e: 2.7048771686973669e+03, x_r: -1.9133266512446783e+03, x_e: -1.9149650795914758e+03, y_r: -8.8557049970998332e+02, y_e: -8.8569224642331051e+02, z_r: -9.5738847002333353e+02, z_e: -9.5736405190173571e+02

#ERR stream: 0, p: [36589], ea: 4, v_r: 9.9529591524911746e+02, v_e: 9.9529591524911746e+02, x_r: -5.2207210971753318e+02, x_e: -5.2207210971753318e+02, y_r: -3.4000340848647733e+02, y_e: -3.4000340848647733e+02, z_r: -3.3511462982271718e+02, z_e: -3.3511462982271718e+02

#ERR stream: 0, p: [121355], ea: 0, v_r: 2.8563577915627634e+03, v_e: 2.8577589190444710e+03, x_r: 1.7443181124335592e+02, x_e: 1.7371257574818753e+02, y_r: -3.8696734956519913e+02, y_e: -3.8677863940854212e+02, z_r: -2.6581899384338572e+03, z_e: -2.6589227672380662e+03

#ERR stream: 0, p: [86432], ea: 4, v_r: 1.6523932599513914e+03, v_e: 1.6523932599513914e+03, x_r: -8.9236952799418520e+02, x_e: -8.9236952799418520e+02, y_r: -2.2333623142664644e+02, y_e: -2.2333623142664644e+02, z_r: 1.0401708692163284e+03, z_e: 1.0401708692163284e+03

#ERR stream: 0, p: [121356], ea: 0, v_r: 2.5749140202737144e+03, v_e: 2.5760992893611983e+03, x_r: 1.1436956303496993e+03, x_e: 1.1436315798665530e+03, y_r: 1.1335712925657717e+03, y_e: 1.1344604108040596e+03, z_r: 1.0627761288466870e+03, z_e: 1.0637104443259398e+03

#ERR stream: 0, p: [189033], ea: 2, v_r: 1.5154800396730502e+03, v_e: 1.5154800396730502e+03, x_r: 1.2315403850389987e+03, x_e: 1.2315403850389987e+03, y_r: -7.8780332517448278e+02, y_e: -7.8780332517448278e+02, z_r: 7.3180032956406436e+01, z_e: 7.3180032956406436e+01

#ERR stream: 0, p: [87984], ea: 0, v_r: 2.9149838760295302e+03, v_e: 2.9149838760295302e+03, x_r: -9.7209276148358992e+02, x_e: -9.7209276148358992e+02, y_r: -2.0812786611365500e+03, y_e: -2.0812786611365500e+03, z_r: 1.8329860717241454e+03, z_e: 1.8329860717241454e+03

#ERR stream: 0, p: [38464], ea: 0, v_r: 1.6763479179206895e+03, v_e: 1.6763479179206895e+03, x_r: 1.0271377275038769e+03, x_e: 1.0271377275038769e+03, y_r: 7.2312859198036904e+02, y_e: 7.2312859198036904e+02, z_r: -2.1452176512199614e+02, z_e: -2.1452176512199614e+02

#ERR stream: 0, p: [121357], ea: 0, v_r: 2.5753360926668438e+03, v_e: 2.5765861937512873e+03, x_r: 1.1424324490961308e+03, x_e: 1.1423013554439406e+03, y_r: -1.8290505482576600e+03, y_e: -1.8295980528901830e+03, z_r: 5.6791220288430145e+02, z_e: 5.6866000237536559e+02

#ERR stream: 0, p: [121358], ea: 4, v_r: 3.0114730771085924e+03, v_e: 3.0128253454623969e+03, x_r: -3.9809532526319811e+02, x_e: -3.9902297689739220e+02, y_r: 1.6976173881966196e+02, y_e: 1.7020806276423698e+02, z_r: 1.2443769730541283e+03, z_e: 1.2454247988783361e+03

#ERR stream: 0, p: [91070], ea: 2, v_r: 2.5511958755043352e+03, v_e: 2.5511958755043352e+03, x_r: -2.3352097148692565e+03, x_e: -2.3352097148692565e+03, y_r: -1.3024995511275295e+03, y_e: -1.3024995511275295e+03, z_r: 1.5887052012462937e+03, z_e: 1.5887052012462937e+03

#ERR stream: 0, p: [40047], ea: 0, v_r: 2.1918434426640956e+03, v_e: 2.1918434426640956e+03, x_r: 1.3475518433488510e+03, x_e: 1.3475518433488510e+03, y_r: 1.7898262035940047e+03, y_e: 1.7898262035940047e+03, z_r: -1.5696531037104414e+03, z_e: -1.5696531037104414e+03

#ERR stream: 0, p: [121359], ea: 0, v_r: 2.8585253102851680e+03, v_e: 2.8599391161697099e+03, x_r: 1.8218830981211131e+03, x_e: 1.8220682964164553e+03, y_r: 1.2582086290677410e+03, y_e: 1.2592755777230709e+03, z_r: -2.1130623919675822e+03, z_e: -2.1135234836294808e+03

#ERR stream: 0, p: [121360], ea: 4, v_r: 2.5693185741753991e+03, v_e: 2.5705074788157576e+03, x_r: -1.3244317953334000e+03, x_e: -1.3257850136695829e+03, y_r: -8.4137929257262886e+02, y_e: -8.4148719129061055e+02, z_r: -1.4034282969577703e+03, z_e: -1.4036204675798042e+03

#ERR stream: 0, p: [94673], ea: 2, v_r: 2.1205926118843590e+03, v_e: 2.1205926118843590e+03, x_r: 1.6946792728358062e+03, x_e: 1.6946792728358062e+03, y_r: -1.0435773072747013e+03, y_e: -1.0435773072747013e+03, z_r: -1.4899332325396679e+03, z_e: -1.4899332325396679e+03

#ERR stream: 0, p: [121361], ea: 0, v_r: 1.6294893711389300e+03, v_e: 1.6302196631603624e+03, x_r: -1.4656926667269242e+03, x_e: -1.4668289607342206e+03, y_r: -5.3393390442178656e+02, y_e: -5.3401563894249534e+02, z_r: -8.8941174327629744e+02, z_e: -8.8953504389111913e+02

#ERR stream: 0, p: [41644], ea: 4, v_r: 2.7278873978890824e+03, v_e: 2.7278873978890824e+03, x_r: 1.7072459212951076e+03, x_e: 1.7072459212951076e+03, y_r: 6.8902897481172113e+02, y_e: 6.8902897481172113e+02, z_r: -9.1075589858226977e+02, z_e: -9.1075589858226977e+02

#ERR stream: 0, p: [121362], ea: 0, v_r: 3.6213426705819620e+03, v_e: 3.6231194121922899e+03, x_r: 3.0022616925999664e+03, x_e: 3.0028671368534769e+03, y_r: 1.5946449191757279e+03, y_e: 1.5960009311830556e+03, z_r: -1.2875044076164011e+03, z_e: -1.2874148997457391e+03

#ERR stream: 0, p: [121363], ea: 4, v_r: 2.2515706400879485e+03, v_e: 2.2525506494512433e+03, x_r: -1.5951242025133531e+03, x_e: -1.5964240230219002e+03, y_r: -7.3723365327903321e+02, y_e: -7.3732541880358599e+02, z_r: 9.3147404770870912e+02, z_e: 9.3221797888809760e+02

#ERR stream: 0, p: [43479], ea: 0, v_r: 3.2814117276641805e+03, v_e: 3.2814117276641805e+03, x_r: 1.4328486407871046e+03, x_e: 1.4328486407871046e+03, y_r: -4.2103259958962258e+02, y_e: -4.2103259958962258e+02, z_r: -4.7173736121820872e+02, z_e: -4.7173736121820872e+02

#ERR stream: 0, p: [121364], ea: 0, v_r: 2.0365469167066874e+03, v_e: 2.0374171056354221e+03, x_r: -1.8330169982733019e+03, x_e: -1.8343389933343788e+03, y_r: 1.1386146614638912e+02, y_e: 1.1411480987843157e+02, z_r: 4.5204252999323546e+02, z_e: 4.5254180422260828e+02

#ERR stream: 0, p: [121365], ea: 4, v_r: 2.3229287434509156e+03, v_e: 2.3240922977926534e+03, x_r: 1.4792291811238356e+03, x_e: 1.4793568762228072e+03, y_r: -3.1374477571368340e+02, y_e: -3.1355671047737690e+02, z_r: -1.2715360302903239e+03, z_e: -1.2716994667688264e+03

#ERR stream: 0, p: [45111], ea: 3, v_r: 1.7105173027855731e+03, v_e: 1.7105173027855731e+03, x_r: 4.1580187860479202e+02, x_e: 4.1580187860479202e+02, y_r: -1.5455052108351058e+03, y_e: -1.5455052108351058e+03, z_r: -1.5599864837187395e+03, z_e: -1.5599864837187395e+03

#ERR stream: 0, p: [121366], ea: 0, v_r: 3.1379983686303694e+03, v_e: 3.1395192717544605e+03, x_r: 2.5956613272846084e+03, x_e: 2.5961471593537294e+03, y_r: -2.2274480241822330e+03, y_e: -2.2280881854194613e+03, z_r: 2.4985034193236638e+03, z_e: 2.5002724558461568e+03

#ERR stream: 0, p: [121367], ea: 4, v_r: 3.1176634564851306e+03, v_e: 3.1192859868004202e+03, x_r: 2.5839671305065385e+03, x_e: 2.5844463682777705e+03, y_r: -1.6163271969864657e+03, y_e: -1.6166944337868215e+03, z_r: -2.3057744503802078e+03, z_e: -2.3063008560945632e+03

#ERR stream: 0, p: [46736], ea: 0, v_r: 3.9105904667790264e+03, v_e: 3.9105904667790264e+03, x_r: 3.2478910790484338e+03, x_e: 3.2478910790484338e+03, y_r: -2.8175731933382935e+03, y_e: -2.8175731933382935e+03, z_r: 3.1817336151078712e+03, z_e: 3.1817336151078712e+03

#ERR stream: 0, p: [121368], ea: 0, v_r: 2.9593554337821829e+03, v_e: 2.9607684598540691e+03, x_r: 1.7986424067867745e+02, x_e: 1.7916056602363130e+02, y_r: 1.6669384314454643e+02, y_e: 1.6716576707987025e+02, z_r: -1.6180686266127677e+03, z_e: -1.6182800615187555e+03

#ERR stream: 0, p: [121369], ea: 4, v_r: 2.2697597879042264e+03, v_e: 2.2707334838534093e+03, x_r: -1.6081836657454203e+03, x_e: -1.6094612712733003e+03, y_r: -3.0793792195563219e+02, y_e: -3.0783439277846281e+02, z_r: 1.3748569898761950e+03, z_e: 1.3757773786537266e+03

#ERR stream: 0, p: [121370], ea: 4, v_r: 2.9607107830414884e+03, v_e: 2.9620032041346162e+03, x_r: -2.0986997376100280e+03, x_e: -2.1004328974095361e+03, y_r: -2.1046123003273542e+03, y_e: -2.1052435418006930e+03, z_r: 1.7931092482924828e+03, z_e: 1.7943239480228162e+03

#ERR stream: 0, p: [121371], ea: 4, v_r: 3.1575577345769138e+03, v_e: 3.1590802055266372e+03, x_r: 1.4044285224069311e+03, x_e: 1.4043134616433788e+03, y_r: 7.8415209852029272e+02, y_e: 7.8498890055254356e+02, z_r: -1.1215219771159818e+03, z_e: -1.1214554614702006e+03

#ERR stream: 0, p: [121372], ea: 4, v_r: 2.1414935392504917e+03, v_e: 2.1424659925178748e+03, x_r: -6.9526815795029415e+02, x_e: -6.9617116560326156e+02, y_r: -1.5218699411157177e+03, y_e: -1.5223280940854252e+03, z_r: 8.8499683174997256e+02, z_e: 8.8574105545977739e+02

#ERR stream: 0, p: [121373], ea: 4, v_r: 3.0591476727878180e+03, v_e: 3.0605782953064918e+03, x_r: 1.8158142883528348e+02, x_e: 1.8084680281281990e+02, y_r: -2.1732929287626980e+03, y_e: -2.1739417514668385e+03, z_r: 1.2630821028095972e+03, z_e: 1.2641902573308091e+03

#ERR stream: 0, p: [121374], ea: 4, v_r: 2.5702240073481976e+03, v_e: 2.5713753146555887e+03, x_r: -8.3206759197614065e+02, x_e: -8.3309354324529852e+02, y_r: 6.3727781130444953e+02, y_e: 6.3787275918565183e+02, z_r: 7.5744762659524412e+01, z_e: 7.6207373365317466e+01

#ERR stream: 0, p: [121375], ea: 4, v_r: 3.5039992859662375e+03, v_e: 3.5056191698232424e+03, x_r: 2.2298116344904115e+03, x_e: 2.2300667714796818e+03, y_r: 2.2149932041773300e+03, y_e: 2.2165408702415621e+03, z_r: 1.4457550767616742e+03, z_e: 1.4470388520195716e+03

#ERR stream: 0, p: [121376], ea: 4, v_r: 2.7442501898093160e+03, v_e: 2.7454702477327105e+03, x_r: -3.6052914909616914e+02, x_e: -3.6133271092091377e+02, y_r: 2.2595751330759631e+03, y_e: 2.2609409888630366e+03, z_r: 8.0598690677770705e+01, z_e: 8.1097239716986337e+01

#ERR stream: 0, p: [121377], ea: 4, v_r: 2.6483634998154739e+03, v_e: 2.6495607887876017e+03, x_r: -3.5040138280111631e+02, x_e: -3.5123303203547226e+02, y_r: -3.5849923744539620e+02, y_e: -3.5834113726259909e+02, z_r: 1.0942475964666273e+03, z_e: 1.0951738841942893e+03

#ERR stream: 0, p: [121378], ea: 4, v_r: 2.3217722100261067e+03, v_e: 2.3229114387832547e+03, x_r: 1.0328580815278901e+03, x_e: 1.0327589427984303e+03, y_r: 1.3131407111353914e+02, y_e: 1.3171424254894777e+02, z_r: -1.2703703434598804e+03, z_e: -1.2705335355690927e+03

#ERR stream: 0, p: [121379], ea: 4, v_r: 2.5500970642953976e+03, v_e: 2.5512577834410258e+03, x_r: -8.2534650242187854e+02, x_e: -8.2639577555453172e+02, y_r: 1.4323147844991485e+02, y_e: 1.4360005208000140e+02, z_r: -4.1441630645587531e+02, z_e: -4.1416649368437868e+02

#ERR stream: 0, p: [121380], ea: 4, v_r: 2.0875076976934465e+03, v_e: 2.0885718661280957e+03, x_r: 1.3294749194969759e+03, x_e: 1.3295795554906224e+03, y_r: -6.8226901072183762e+02, y_e: -6.8230793593451551e+02, z_r: -1.5433928474755639e+03, z_e: -1.5437413169000167e+03

#ERR stream: 0, p: [121381], ea: 4, v_r: 2.9230180957048196e+03, v_e: 2.9244198590737010e+03, x_r: 7.4144454996070328e+02, x_e: 7.4107555359159664e+02, y_r: 2.4070348964172767e+03, y_e: 2.4086230059581048e+03, z_r: -2.7204086181991684e+03, z_e: -2.7211340259904200e+03

#ERR stream: 0, p: [121382], ea: 4, v_r: 3.2280748856343148e+03, v_e: 3.2295719900033032e+03, x_r: 1.9433891372065605e+02, x_e: 1.9360883320635011e+02, y_r: 1.8213420569087683e+02, y_e: 1.8263796969901807e+02, z_r: 9.3825136075981789e+01, z_e: 9.4435993094177732e+01

#ERR stream: 0, p: [121383], ea: 4, v_r: 2.3082057038550729e+03, v_e: 2.3093244015268078e+03, x_r: 5.8183504074033056e+02, x_e: 5.8148715736735574e+02, y_r: -1.1972514271780797e+03, y_e: -1.1975307744162221e+03, z_r: -3.7666600592432417e+02, z_e: -3.7641583468798956e+02

#ERR stream: 0, p: [121384], ea: 4, v_r: 2.8846546054027713e+03, v_e: 3.5693541298036353e+03, x_r: -1.4650043881661559e+03, x_e: -1.8430937312895051e+03, y_r: 2.3858135858793785e+03, y_e: 2.9389878953992102e+03, z_r: 2.3005895103801827e+03, z_e: 2.8478713452013976e+03

#ERR stream: 0, p: [121385], ea: 4, v_r: 2.4808018645024645e+03, v_e: 2.4819277055966063e+03, x_r: 1.5020885261827885e+02, x_e: 1.4968850847469014e+02, y_r: 1.5671397411119992e+03, y_e: 1.5681869899937949e+03, z_r: 7.2337096748580777e+01, z_e: 7.2799627621753345e+01

#ERR stream: 0, p: [121386], ea: 4, v_r: 3.4839481543572247e+03, v_e: 3.4854834526403547e+03, x_r: 2.0806564753674357e+02, x_e: 2.0736571309728268e+02, y_r: 1.5331530034324949e+03, y_e: 1.5342838301992533e+03, z_r: 2.7772217915472625e+03, z_e: 2.7789895349516955e+03

#ERR stream: 0, p: [121387], ea: 4, v_r: 2.3682898487980515e+03, v_e: 2.3693346124281802e+03, x_r: -3.1391510238847798e+02, x_e: -3.1462306773778806e+02, y_r: 1.3366398063562215e+02, y_e: 1.3401147416109228e+02, z_r: 1.8881246241610665e+03, z_e: 1.8893206098620551e+03

#ERR stream: 0, p: [121388], ea: 4, v_r: 3.2686357291559748e+03, v_e: 3.2702140714918305e+03, x_r: 2.0765145455557545e+03, x_e: 2.0766876553549732e+03, y_r: -2.3207563044159456e+03, y_e: -2.3214331226941249e+03, z_r: 1.9753923500419592e+03, z_e: 1.9769286106554221e+03

#ERR stream: 0, p: [121389], ea: 4, v_r: 2.7381672783080080e+03, v_e: 2.7392960518698314e+03, x_r: -2.4646740765143340e+03, x_e: -2.4663462995864534e+03, y_r: 1.7284595144979342e+03, y_e: 1.7294634560756742e+03, z_r: 1.6593767669243707e+03, z_e: 1.6604472738839925e+03

#ERR stream: 0, p: [121390], ea: 4, v_r: 2.2565600156956511e+03, v_e: 2.2576493374160941e+03, x_r: 5.6978492668627246e+02, x_e: 5.6946079101447833e+02, y_r: -3.0524032100825946e+02, y_e: -3.0508181341256284e+02, z_r: -8.0121430869218420e+02, z_e: -8.0117168671539764e+02

#ERR stream: 0, p: [121391], ea: 4, v_r: 3.8714152872820814e+03, v_e: 3.8732075919610415e+03, x_r: 2.4647872386018880e+03, x_e: 2.4650768643041265e+03, y_r: 3.1896052843839616e+03, y_e: 3.1916709578002915e+03, z_r: 8.5415512519443587e+02, z_e: 8.5524343501083411e+02

#ERR stream: 0, p: [121392], ea: 4, v_r: 2.9847355868728964e+03, v_e: 2.9862701910831447e+03, x_r: 2.4754877903113502e+03, x_e: 2.4759730890006877e+03, y_r: 1.6932599927814414e+02, y_e: 1.6988909838449334e+02, z_r: -2.7799748621900721e+03, z_e: -2.7807588408526422e+03

#ERR stream: 0, p: [121393], ea: 4, v_r: 2.9172977738810132e+03, v_e: 2.9185409675469646e+03, x_r: -9.4586541051148026e+02, x_e: -9.4693259295285702e+02, y_r: 1.8425637957754018e+03, y_e: 1.8437052137794819e+03, z_r: 2.3266129139524060e+03, z_e: 2.3280361803028595e+03

#ERR stream: 0, p: [121394], ea: 4, v_r: 3.6158988884806499e+03, v_e: 3.6176063590648414e+03, x_r: 1.6020351792449351e+03, x_e: 1.6018791533845974e+03, y_r: -2.5676318862754952e+03, y_e: -2.5683755235862968e+03, z_r: 2.8803064530530191e+03, z_e: 2.8822766469704256e+03

#ERR stream: 0, p: [121395], ea: 4, v_r: 3.6540998734844020e+03, v_e: 3.6557508952167623e+03, x_r: 9.2277406107442039e+02, x_e: 9.2236765876828201e+02, y_r: 3.0096765196788142e+03, y_e: 3.0115539077850681e+03, z_r: 8.0750732567151454e+02, z_e: 8.0849922350257543e+02

#ERR stream: 0, p: [121396], ea: 4, v_r: 2.1964480779159903e+03, v_e: 2.1974269796745939e+03, x_r: -1.1324033578335925e+03, x_e: -1.1334815344348085e+03, y_r: 5.4430581426364415e+02, y_e: 5.4480123095701992e+02, z_r: -3.5646409920078258e+02, z_e: -3.5625568939475426e+02

#ERR stream: 0, p: [121397], ea: 4, v_r: 3.1764161048794081e+03, v_e: 3.1778659273777930e+03, x_r: 1.8776619594386025e+02, x_e: 1.8704721504035007e+02, y_r: -1.6473784631799217e+03, y_e: -1.6477455652595638e+03, z_r: 2.5314957076973433e+03, z_e: 2.5331564334940331e+03

#ERR stream: 0, p: [121398], ea: 4, v_r: 3.1881395696282043e+03, v_e: 3.1896103423257905e+03, x_r: 8.0300232605163808e+02, x_e: 8.0259862047599063e+02, y_r: 1.8047732563295003e+02, y_e: 1.8098712424921010e+02, z_r: 1.3162243703944898e+03, z_e: 1.3173757120209630e+03

#ERR stream: 0, p: [121399], ea: 4, v_r: 2.4729290762224746e+03, v_e: 2.4740348228936778e+03, x_r: -3.2837294413134646e+02, x_e: -3.2914064752005572e+02, y_r: -8.0871228543561608e+02, y_e: -8.0878240953432601e+02, z_r: 1.9713738925209561e+03, z_e: 1.9726367122056563e+03

#ERR stream: 0, p: [121400], ea: 4, v_r: 1.8305602024278464e+03, v_e: 1.8313933658855965e+03, x_r: -1.6470759420451125e+03, x_e: -1.6484001964533140e+03, y_r: -1.6527227866724697e+03, y_e: -1.6533119989268878e+03, z_r: -9.9930642737410665e+02, z_e: -9.9945069789911406e+02

#ERR stream: 0, p: [121401], ea: 4, v_r: 2.7224122838943272e+03, v_e: 2.7237455745402567e+03, x_r: 1.7317153186926062e+03, x_e: 1.7318652260901642e+03, y_r: -8.8937316447845728e+02, y_e: -8.8941964270535561e+02, z_r: 7.7401501459575499e+01, z_e: 7.7958541300644640e+01

#ERR stream: 0, p: [121402], ea: 4, v_r: 2.7725258336231077e+03, v_e: 2.7737317771476605e+03, x_r: -3.6684233657743022e+02, x_e: -3.6763966986025548e+02, y_r: 1.2197533377050290e+03, y_e: 1.2206318816896301e+03, z_r: 2.2105897887928031e+03, z_e: 2.2119735011041507e+03

#ERR stream: 0, p: [121403], ea: 4, v_r: 3.0072499829895037e+03, v_e: 3.0087410082780534e+03, x_r: 1.9176174530525848e+03, x_e: 1.9178208894187608e+03, y_r: 1.9003079825758934e+03, y_e: 1.9017275449663402e+03, z_r: -2.8000675430050424e+03, z_e: -2.8008322663391327e+03

#ERR stream: 0, p: [121404], ea: 4, v_r: 3.2944647797030566e+03, v_e: 3.2960481696437846e+03, x_r: 8.3325944192908821e+02, x_e: 8.3281028534272912e+02, y_r: 8.1766334194758781e+02, y_e: 8.1851941086510453e+02, z_r: -1.8018384677211793e+03, z_e: -1.8020693455100593e+03

#ERR stream: 0, p: [121405], ea: 4, v_r: 3.0984681617362080e+03, v_e: 3.0999710398410461e+03, x_r: 1.9703449317855709e+03, x_e: 1.9705197415059699e+03, y_r: -1.0121041147212420e+03, y_e: -1.0121556527059798e+03, z_r: 6.8294068049851899e+02, z_e: 6.8384784804177923e+02

#ERR stream: 0, p: [121406], ea: 4, v_r: 2.3924777553957329e+03, v_e: 2.3936610115706740e+03, x_r: 1.5222987615226125e+03, x_e: 1.5224273727568702e+03, y_r: -7.8167989684894792e+02, y_e: -7.8172175117554139e+02, z_r: -3.9125001768133620e+02, z_e: -3.9097576365788211e+02

#ERR stream: 0, p: [121407], ea: 4, v_r: 2.2251835961048837e+03, v_e: 2.2262983723716361e+03, x_r: 5.6293732167092230e+02, x_e: 5.6258482044240873e+02, y_r: -7.2786081967994767e+02, y_e: -7.2792120454257486e+02, z_r: -2.0713287167331564e+03, z_e: -2.0719089585845886e+03

#ERR stream: 0, p: [121408], ea: 4, v_r: 2.3053987582067980e+03, v_e: 2.3064962663602214e+03, x_r: 1.3940727473847582e+02, x_e: 1.3885461810264997e+02, y_r: -3.1211190669141035e+02, y_e: -3.1196177623276554e+02, z_r: -8.1810682659413249e+02, z_e: -8.1806770425800232e+02

#ERR stream: 0, p: [121409], ea: 4, v_r: 3.0528326818967971e+03, v_e: 3.0542885352789681e+03, x_r: 1.9452914757851270e+03, x_e: 1.9455135648726273e+03, y_r: 2.5148948248735010e+03, y_e: 2.5165703968743651e+03, z_r: -1.0846128493755702e+03, z_e: -1.0845426358373354e+03

#ERR stream: 0, p: [121410], ea: 4, v_r: 3.1290029651679661e+03, v_e: 3.1304307490011279e+03, x_r: 7.8660775127999159e+02, x_e: 7.8621642645392217e+02, y_r: -4.2258237923922218e+02, y_e: -4.2236726869001888e+02, z_r: 2.4933939781594722e+03, z_e: 2.4950391280350477e+03

#ERR stream: 0, p: [121411], ea: 4, v_r: 2.3434007988778721e+03, v_e: 2.3445110882104332e+03, x_r: -3.0952168277926256e+02, x_e: -3.1033654091836797e+02, y_r: -1.6653340159284862e+03, y_e: -1.6658508797231041e+03, z_r: -3.8157701802178838e+02, z_e: -3.8133856604985505e+02

#ERR stream: 0, p: [121412], ea: 4, v_r: 3.6210799061363182e+03, v_e: 3.6227822608416532e+03, x_r: 1.6107773308583094e+03, x_e: 1.6106815596433939e+03, y_r: 2.2881979440097939e+03, y_e: 2.2898080718781916e+03, z_r: -5.9086048980064663e+02, z_e: -5.9046696729792143e+02

#ERR stream: 0, p: [121413], ea: 4, v_r: 1.9204654771242351e+03, v_e: 1.9213533686746332e+03, x_r: -6.2277459660148520e+02, x_e: -6.2360715596982948e+02, y_r: -1.3649250226591917e+03, y_e: -1.3653456687203129e+03, z_r: 5.6297262896153683e+01, z_e: 5.6648590009079491e+01

#ERR stream: 0, p: [121414], ea: 4, v_r: 3.1788398725937536e+03, v_e: 3.1803207777596108e+03, x_r: 7.9793793826496301e+02, x_e: 7.9749741689402936e+02, y_r: -2.2576845718947006e+03, y_e: -2.2583409582911049e+03, z_r: 2.5327310991822351e+03, z_e: 2.5344328194721111e+03

#ERR stream: 0, p: [121415], ea: 4, v_r: 2.3923402427089582e+03, v_e: 2.3935425622507341e+03, x_r: 6.0419246721510956e+02, x_e: 6.0379473340082302e+02, y_r: -1.6998187673322404e+03, y_e: -1.7003593659578557e+03, z_r: -1.7679727513394421e+03, z_e: -1.7683755967808274e+03

#ERR stream: 0, p: [121416], ea: 4, v_r: 3.3515989807628362e+03, v_e: 3.3531451615891492e+03, x_r: 8.4417313570080137e+02, x_e: 8.4374873169767750e+02, y_r: 1.8973059598916342e+02, y_e: 1.9026653253941001e+02, z_r: 1.3837086369414553e+03, z_e: 1.3849190091154207e+03

#ERR stream: 0, p: [121417], ea: 4, v_r: 2.0609965802606221e+03, v_e: 2.0620286842791038e+03, x_r: 5.1985369040780949e+02, x_e: 5.1950684335404469e+02, y_r: -1.8594605171278738e+03, y_e: -1.8601283872954839e+03, z_r: -1.1276352825610866e+03, z_e: -1.1277895569577436e+03

#ERR stream: 0, p: [121418], ea: 4, v_r: 3.2648410425878192e+03, v_e: 3.2663859780169255e+03, x_r: 1.4475053896447241e+03, x_e: 1.4473689332208482e+03, y_r: -1.6925499196945261e+03, y_e: -1.6929182898682043e+03, z_r: 1.9738278315890350e+03, z_e: 1.9753258727860489e+03

#ERR stream: 0, p: [121419], ea: 4, v_r: 2.8762371100145992e+03, v_e: 2.8776199075824052e+03, x_r: 1.7449033514489980e+02, x_e: 1.7378929505710701e+02, y_r: -3.8948476482320001e+02, y_e: -3.8929667305762842e+02, z_r: -1.5727109552474853e+03, z_e: -1.5729188868454060e+03

#ERR stream: 0, p: [121420], ea: 4, v_r: 2.8440437254236463e+03, v_e: 2.8452979744266481e+03, x_r: -1.4648571624904898e+03, x_e: -1.4662063451215615e+03, y_r: 2.3409946334420265e+03, y_e: 2.3423729687492305e+03, z_r: -1.0072223438993752e+03, z_e: -1.0071833679598334e+03

#ERR stream: 0, p: [121421], ea: 4, v_r: 1.6097448998558798e+03, v_e: 1.6104844850267305e+03, x_r: -1.4480582560736109e+03, x_e: -1.4492367331039297e+03, y_r: -1.4534039297717072e+03, y_e: -1.4539279998129882e+03, z_r: -1.1876733509452988e+03, z_e: -1.1879382010658944e+03

#ERR stream: 0, p: [121422], ea: 4, v_r: 1.5740703087204829e+03, v_e: 1.5748059856422774e+03, x_r: -1.1137650701413929e+03, x_e: -1.1147823807241095e+03, y_r: -1.4210432493025730e+03, y_e: -1.4215562930951291e+03, z_r: -1.1616826447597152e+03, z_e: -1.1619432534186376e+03

#ERR stream: 0, p: [121423], ea: 4, v_r: 1.9579035621968073e+03, v_e: 1.9588073645713860e+03, x_r: -1.0084682204388386e+03, x_e: -1.0094815777586248e+03, y_r: 1.0960553193100768e+02, y_e: 1.0988071213057611e+02, z_r: -1.4450917471779321e+03, z_e: -1.4454037007001102e+03

#ERR stream: 0, p: [121424], ea: 4, v_r: 3.6063442260940442e+03, v_e: 3.6078904665883297e+03, x_r: -1.8594890284862051e+03, x_e: -1.8611378057213956e+03, y_r: 2.9687240996196588e+03, y_e: 2.9704294587256909e+03, z_r: 7.9953767088367192e+02, z_e: 8.0044622729852665e+02

#ERR stream: 0, p: [121425], ea: 4, v_r: 1.9203145962951271e+03, v_e: 1.9211799950737168e+03, x_r: -1.3568806611651569e+03, x_e: -1.3580059275748229e+03, y_r: 1.2120308903858568e+03, y_e: 1.2127988230829526e+03, z_r: -1.7853384503153845e+03, z_e: -1.7857977689852746e+03

#ERR stream: 0, p: [121426], ea: 4, v_r: 2.4843496577073497e+03, v_e: 2.4855189800870294e+03, x_r: -1.2813965665130613e+03, x_e: -1.2827635529496092e+03, y_r: -2.2425043450372873e+03, y_e: -2.2433059328506656e+03, z_r: -1.3572361571571962e+03, z_e: -1.3574291605102082e+03

#ERR stream: 0, p: [121427], ea: 4, v_r: 2.0276249072314263e+03, v_e: 2.0285764919117980e+03, x_r: -2.6673861322590079e+02, x_e: -2.6741427512099352e+02, y_r: -2.7473290726367219e+02, y_e: -2.7461134511507788e+02, z_r: -7.1913894534686870e+02, z_e: -7.1910836686392679e+02

#ERR stream: 0, p: [121428], ea: 4, v_r: 2.3410008669824037e+03, v_e: 2.3420789088513848e+03, x_r: 1.4120547622749731e+02, x_e: 1.4068896159789324e+02, y_r: 5.8096870164182087e+02, y_e: 5.8154483246530594e+02, z_r: 6.8117196326139720e+01, z_e: 6.8558072337098949e+01

#ERR stream: 0, p: [121429], ea: 4, v_r: 2.6843608223591623e+03, v_e: 2.6855924781447379e+03, x_r: 6.7724659610307697e+02, x_e: 6.7692369746383793e+02, y_r: 1.1813363022556416e+03, y_e: 1.1822495475044821e+03, z_r: 5.9303672376949407e+02, z_e: 5.9377455219981550e+02

#ERR stream: 0, p: [121430], ea: 4, v_r: 2.6502018093534821e+03, v_e: 2.6514140818798833e+03, x_r: 1.1782551289479272e+03, x_e: 1.1782040918792288e+03, y_r: 2.1831395433374132e+03, y_e: 2.1845275269738336e+03, z_r: 5.8518760784618757e+02, z_e: 5.8591982894708883e+02

#ERR stream: 0, p: [121431], ea: 4, v_r: 2.4293736967840496e+03, v_e: 2.4305657447216408e+03, x_r: -3.1967360071825715e+02, x_e: -3.2057377663521635e+02, y_r: -2.1924458680935295e+03, y_e: -2.1932402141799562e+03, z_r: -1.7944248612550625e+03, z_e: -1.7948336543888029e+03

#ERR stream: 0, p: [121432], ea: 4, v_r: 2.4509334535232078e+03, v_e: 2.4519835352842915e+03, x_r: -1.7348822931393661e+03, x_e: -1.7362385980602917e+03, y_r: 1.0772417079602512e+03, y_e: 1.0779740522823322e+03, z_r: 5.4369744636869154e+02, z_e: 5.4430757595813327e+02

#ERR stream: 0, p: [121433], ea: 4, v_r: 3.4444603459787677e+03, v_e: 3.4461163274337528e+03, x_r: 2.1944243834432054e+03, x_e: 2.1946640377640801e+03, y_r: 2.1768958628574001e+03, y_e: 2.1784743495524749e+03, z_r: -1.2238570937785103e+03, z_e: -1.2237779848243845e+03

#ERR stream: 0, p: [121434], ea: 4, v_r: 3.0707642897885275e+03, v_e: 3.0722989274166971e+03, x_r: 1.9577570578219129e+03, x_e: 1.9579538795170399e+03, y_r: 1.3515344221845019e+03, y_e: 1.3526920701636327e+03, z_r: -2.8592961156861929e+03, z_e: -2.8600836620308737e+03

#ERR stream: 0, p: [121435], ea: 4, v_r: 2.5130450252361948e+03, v_e: 2.5142343863141650e+03, x_r: -8.1136688364546944e+02, x_e: -8.1245753422283292e+02, y_r: 1.4087352807591736e+02, y_e: 1.4124644980281664e+02, z_r: -2.3376000127790339e+03, z_e: -2.3382282798378646e+03

#ERR stream: 0, p: [121436], ea: 4, v_r: 2.0494264647048963e+03, v_e: 2.0503101333974587e+03, x_r: -1.4508897922008575e+03, x_e: -1.4520397158494459e+03, y_r: 5.0776859085086795e+02, y_e: 5.0820979759203823e+02, z_r: 4.5457575287302564e+02, z_e: 4.5508777777184537e+02

#ERR stream: 0, p: [121437], ea: 4, v_r: 2.1722798835734402e+03, v_e: 2.1732801514784887e+03, x_r: 1.2880137858638744e+02, x_e: 1.2830068206870635e+02, y_r: -1.1266877343479046e+03, y_e: -1.1269421759459342e+03, z_r: 1.3140861362574360e+03, z_e: 1.3150470393726284e+03

#ERR stream: 0, p: [121438], ea: 4, v_r: 3.0736314769170594e+03, v_e: 3.0750243111368582e+03, x_r: -4.0574989154692452e+02, x_e: -4.0671087458313804e+02, y_r: 1.7316601925793404e+02, y_e: 1.7362409459222746e+02, z_r: 6.7995864351517037e+02, z_e: 6.8077997732684855e+02

#ERR stream: 0, p: [121439], ea: 4, v_r: 2.5559448178338057e+03, v_e: 2.5570916883802156e+03, x_r: 1.5353845406375046e+02, x_e: 1.5300682968591926e+02, y_r: 1.1246033342232024e+03, y_e: 1.1254455012578519e+03, z_r: 1.0558548331883756e+03, z_e: 1.0567505213668501e+03

#ERR stream: 0, p: [121440], ea: 4, v_r: 2.0866744644796477e+03, v_e: 2.0877132176089049e+03, x_r: 9.2777918024014150e+02, x_e: 9.2767137726325018e+02, y_r: -6.8217225567026253e+02, y_e: -6.8221848315042257e+02, z_r: -1.1418769266887221e+03, z_e: -1.1420267515620058e+03

#ERR stream: 0, p: [121441], ea: 4, v_r: 2.7248935235757563e+03, v_e: 2.7261171065815038e+03, x_r: -3.6021154624333712e+02, x_e: -3.6105092015285823e+02, y_r: 1.5360677343487777e+02, y_e: 1.5401062404049469e+02, z_r: 1.1259588473617000e+03, z_e: 1.1269069593750285e+03

#ERR stream: 0, p: [121442], ea: 4, v_r: 2.5937708490593595e+03, v_e: 2.5949957340506812e+03, x_r: -3.4339274361260914e+02, x_e: -3.4429773985603555e+02, y_r: -2.3404518949640856e+03, y_e: -2.3412635216078761e+03, z_r: 7.5440647174176419e+01, z_e: 7.5929288939445186e+01

#ERR stream: 0, p: [121443], ea: 4, v_r: 2.7133015507935997e+03, v_e: 2.7144972422987498e+03, x_r: 1.6204168923187379e+02, x_e: 1.6149657974232292e+02, y_r: 1.1940207596414987e+03, y_e: 1.1949014484129686e+03, z_r: 2.1629025060199901e+03, z_e: 2.1642792259676316e+03

#ERR stream: 0, p: [121444], ea: 4, v_r: 2.4627033803707450e+03, v_e: 2.4638348450332660e+03, x_r: 1.4780442657163715e+02, x_e: 1.4725689643185953e+02, y_r: 1.3903176436446859e+02, y_e: 1.3941358666598308e+02, z_r: 5.4435333899960756e+02, z_e: 5.4502490143840350e+02

#ERR stream: 0, p: [121445], ea: 4, v_r: 3.1252788263307116e+03, v_e: 3.1266100637881027e+03, x_r: -2.8117363459354574e+03, x_e: -2.8137367388781968e+03, y_r: 1.3732382945955676e+03, y_e: 1.3741513316908465e+03, z_r: 9.3936501100245877e+01, z_e: 9.4458960667764231e+01

#ERR stream: 0, p: [121446], ea: 4, v_r: 2.2153244741388780e+03, v_e: 2.2163421464626522e+03, x_r: -1.1432995856321713e+03, x_e: -1.1444705126295610e+03, y_r: -1.5748000412817464e+03, y_e: -1.5752933806033855e+03, z_r: -3.5984853291866170e+02, z_e: -3.5963847748494129e+02

#ERR stream: 0, p: [121447], ea: 4, v_r: 1.7825657039734858e+03, v_e: 1.7833378676085842e+03, x_r: -1.6054807093414454e+03, x_e: -1.6066819825252826e+03, y_r: -1.2673754832543470e+03, y_e: -1.2677618156119818e+03, z_r: 7.3767418810351137e+02, z_e: 7.3825385304863892e+02

#ERR stream: 0, p: [121448], ea: 4, v_r: 2.6073192726887523e+03, v_e: 2.6085599564778458e+03, x_r: 1.1611087139587719e+03, x_e: 1.1610417586853723e+03, y_r: 2.1475001043283637e+03, y_e: 2.1489174966168712e+03, z_r: -1.4262907933169483e+03, z_e: -1.4264659903668169e+03

#ERR stream: 0, p: [121449], ea: 4, v_r: 3.1407235869111678e+03, v_e: 3.1422521865447898e+03, x_r: 1.3942250337839475e+03, x_e: 1.3940707191559275e+03, y_r: -1.6285767184562549e+03, y_e: -1.6289446556252610e+03, z_r: 8.9767481566555361e+01, z_e: 9.0399240848510090e+01

#ERR stream: 0, p: [121450], ea: 4, v_r: 2.0781003963615794e+03, v_e: 2.0790879556819232e+03, x_r: -1.0714278280347276e+03, x_e: -1.0725861704265344e+03, y_r: -1.8758661554098589e+03, y_e: -1.8765442289543869e+03, z_r: -1.5340972219797595e+03, z_e: -1.5344432915454352e+03

#ERR stream: 0, p: [121451], ea: 4, v_r: 1.7862846233064558e+03, v_e: 1.7870560098814419e+03, x_r: -1.6093530321577252e+03, x_e: -1.6105570160482239e+03, y_r: -1.6124327459497827e+03, y_e: -1.6129702191749623e+03, z_r: 1.0821128043625442e+03, z_e: 1.0828322677645365e+03

#ERR stream: 0, p: [121452], ea: 4, v_r: 3.3354137492005302e+03, v_e: 3.3369535453910053e+03, x_r: 2.1215254087369672e+03, x_e: 2.1217621685790882e+03, y_r: 1.4689113267322530e+03, y_e: 1.4700789978076566e+03, z_r: 2.0165540622180933e+03, z_e: 2.0180592736015767e+03

#ERR stream: 0, p: [121453], ea: 4, v_r: 3.2037517039438690e+03, v_e: 3.2052309843398989e+03, x_r: -4.2172437970188287e+02, x_e: -4.2275599614309056e+02, y_r: 1.8029686763935999e+02, y_e: 1.8078019541124897e+02, z_r: -5.2125407691700389e+02, z_e: -5.2093041605091094e+02

#ERR stream: 0, p: [121454], ea: 4, v_r: 3.1705496667135335e+03, v_e: 3.1720153982402230e+03, x_r: 2.0176170020588511e+03, x_e: 2.0178478595534687e+03, y_r: 2.0042087318350120e+03, y_e: 2.0056091180005537e+03, z_r: 1.3081732907694138e+03, z_e: 1.3093348986591086e+03

#ERR stream: 0, p: [121455], ea: 4, v_r: 2.2152351247531951e+03, v_e: 2.2162043759023741e+03, x_r: -1.1429191429718278e+03, x_e: -1.1439796071441051e+03, y_r: 5.4908335175551383e+02, y_e: 5.4957653424798787e+02, z_r: 4.9094489868848581e+02, z_e: 4.9151024297231254e+02

#ERR stream: 0, p: [121456], ea: 4, v_r: 2.8856592720808444e+03, v_e: 2.8870967594718504e+03, x_r: 1.2808466926262615e+03, x_e: 1.2806722154106753e+03, y_r: -2.6029187854418929e+03, y_e: -2.6038348914071776e+03, z_r: -4.7167889990191367e+02, z_e: -4.7135364155616901e+02

#ERR stream: 0, p: [121457], ea: 4, v_r: 2.2469521999965182e+03, v_e: 2.2479728533788366e+03, x_r: -1.1560060722131991e+03, x_e: -1.1571121041069762e+03, y_r: 1.8493693279125300e+03, y_e: 1.8504875773771507e+03, z_r: -2.0894217860612353e+03, z_e: -2.0899599049847629e+03

#ERR stream: 0, p: [121458], ea: 4, v_r: 2.2476321582879787e+03, v_e: 2.2486343036607223e+03, x_r: -1.1603604984598571e+03, x_e: -1.1614853787616016e+03, y_r: -7.3577132265224657e+02, y_e: -7.3585706338408284e+02, z_r: 4.9792531110852315e+02, z_e: 4.9850548049985093e+02

#ERR stream: 0, p: [121459], ea: 4, v_r: 2.4762017796707373e+03, v_e: 2.4773711723912738e+03, x_r: -3.2423563295663047e+02, x_e: -3.2505178501740124e+02, y_r: 6.1395592141072359e+02, y_e: 6.1456634784165590e+02, z_r: -1.8285644057523552e+03, z_e: -1.8289598791416490e+03

#ERR stream: 0, p: [121460], ea: 4, v_r: 2.8638372540273667e+03, v_e: 2.8651055623947982e+03, x_r: -9.2565968049214882e+02, x_e: -9.2675929594802835e+02, y_r: 2.3576546445148101e+03, y_e: 2.3590618128857564e+03, z_r: -4.6509163079990140e+02, z_e: -4.6481284817004837e+02

#ERR stream: 0, p: [121461], ea: 4, v_r: 2.1385578512802244e+03, v_e: 2.1395980438852862e+03, x_r: 5.3814585545687305e+02, x_e: 5.3780895231492923e+02, y_r: -1.9291950545051693e+03, y_e: -1.9298659607541081e+03, z_r: 6.1369362447096563e+01, z_e: 6.1793427403664381e+01

#ERR stream: 0, p: [121462], ea: 4, v_r: 2.3476283578324314e+03, v_e: 2.3486462638267067e+03, x_r: -2.1128012527877368e+03, x_e: -2.1143623290562209e+03, y_r: -3.1894363843355922e+02, y_e: -3.1885088993970896e+02, z_r: 7.0385992524153551e+01, z_e: 7.0780326767868260e+01

#ERR stream: 0, p: [121463], ea: 4, v_r: 2.1579238707285258e+03, v_e: 2.1588748793057857e+03, x_r: -1.9427188866615381e+03, x_e: -1.9442075385621813e+03, y_r: -1.5343754838591392e+03, y_e: -1.5348547624919127e+03, z_r: 6.4520211457051843e+01, z_e: 6.4883740029640180e+01

#ERR stream: 0, p: [121464], ea: 4, v_r: 2.9503836549339740e+03, v_e: 2.9517353922142011e+03, x_r: -9.5732774362683483e+02, x_e: -9.5858921925747734e+02, y_r: -2.0968155237958495e+03, y_e: -2.0974541969108896e+03, z_r: 6.5285727904670682e+02, z_e: 6.5364207005618437e+02

#ERR stream: 0, p: [121465], ea: 4, v_r: 2.4142044017976318e+03, v_e: 2.4152611920371578e+03, x_r: -7.8147449254377580e+02, x_e: -7.8239338555216568e+02, y_r: 1.5245978471891378e+03, y_e: 1.5255637328768164e+03, z_r: 5.3473626293896280e+02, z_e: 5.3535939824732475e+02

#ERR stream: 0, p: [121466], ea: 4, v_r: 1.7985882738135492e+03, v_e: 1.7994335411739000e+03, x_r: -9.2695295920658054e+02, x_e: -9.2792672066177090e+02, y_r: -9.3388149636174467e+02, y_e: -9.3412668021727723e+02, z_r: -1.3276496444874404e+03, z_e: -1.3279440668359855e+03

#ERR stream: 0, p: [121467], ea: 4, v_r: 1.7121805978403950e+03, v_e: 1.7129648418463598e+03, x_r: -1.2115042066840326e+03, x_e: -1.2125687230831215e+03, y_r: -8.8913930602811388e+02, y_e: -8.8937412400525875e+02, z_r: -9.3493886907182036e+02, z_e: -9.3506944590005583e+02

#ERR stream: 0, p: [121468], ea: 4, v_r: 2.7001341354479546e+03, v_e: 2.7013790570545430e+03, x_r: -3.5350719399234271e+02, x_e: -3.5434943695153402e+02, y_r: 1.7051695043433224e+03, y_e: 1.7063132009212281e+03, z_r: -1.4755833527713066e+03, z_e: -1.4757703922534079e+03

#ERR stream: 0, p: [121469], ea: 4, v_r: 4.1570725792193716e+03, v_e: 4.1590098262386991e+03, x_r: 2.6448781778858015e+03, x_e: 2.6451690179199036e+03, y_r: 1.8306151416237124e+03, y_e: 1.8320829037153248e+03, z_r: 1.7150646243647193e+03, z_e: 1.7165986516011942e+03

#ERR stream: 0, p: [121470], ea: 4, v_r: 1.8117888991351258e+03, v_e: 1.8126242011592144e+03, x_r: -9.3449040408765052e+02, x_e: -9.3544649657237323e+02, y_r: -9.4063033438079799e+02, y_e: -9.4087072636672235e+02, z_r: -6.4198236828609106e+02, z_e: -6.4196351729420985e+02

#ERR stream: 0, p: [121471], ea: 4, v_r: 2.3451402971846078e+03, v_e: 2.3462751316139784e+03, x_r: 1.4027475725425029e+02, x_e: 1.3966719651182643e+02, y_r: -2.1159187950390278e+03, y_e: -2.1166615864060527e+03, z_r: -3.8240523245491960e+02, z_e: -3.8215785783896507e+02

#ERR stream: 0, p: [121472], ea: 4, v_r: 2.1513377033160282e+03, v_e: 2.1523256603031068e+03, x_r: -2.8449062035307497e+02, x_e: -2.8518962701603243e+02, y_r: -7.0376889424131207e+02, y_e: -7.0383525806408875e+02, z_r: 4.7578423740060254e+02, z_e: 4.7636455834580693e+02

#ERR stream: 0, p: [121473], ea: 4, v_r: 1.9612049073350231e+03, v_e: 1.9620816624524630e+03, x_r: -1.3882936134800234e+03, x_e: -1.3894677358409124e+03, y_r: -6.4232945975357131e+02, y_e: -6.4241572068133507e+02, z_r: -3.1806880214948478e+02, z_e: -3.1788901864169532e+02

#ERR stream: 0, p: [121474], ea: 4, v_r: 2.7974081442113770e+03, v_e: 2.7987467399070556e+03, x_r: 1.2445721602607589e+03, x_e: 1.2444819252495740e+03, y_r: 1.2311492409082223e+03, y_e: 1.2321497687132671e+03, z_r: -9.9351226556837764e+02, z_e: -9.9345303110574844e+02

#ERR stream: 0, p: [121475], ea: 4, v_r: 2.7047879922944157e+03, v_e: 2.7060887364538621e+03, x_r: 2.2413933143456288e+03, x_e: 2.2418448107700833e+03, y_r: 1.1912317123909966e+03, y_e: 1.1922254363918100e+03, z_r: 7.6803076512776727e+01, z_e: 7.7353649095205199e+01

#ERR stream: 0, p: [121476], ea: 4, v_r: 3.0593252166027137e+03, v_e: 3.0606855038884682e+03, x_r: 1.8323700326533040e+02, x_e: 1.8261155908219678e+02, y_r: 1.3461890092469966e+03, y_e: 1.3471893714636153e+03, z_r: 1.8512334725418530e+03, z_e: 1.8525478804353038e+03

#ERR stream: 0, p: [121477], ea: 4, v_r: 2.6413836252914243e+03, v_e: 2.6426373545951201e+03, x_r: 6.6675607658835952e+02, x_e: 6.6639800613487205e+02, y_r: 1.4925353895315513e+02, y_e: 1.4968498816000744e+02, z_r: -4.3076125812908424e+02, z_e: -4.3047811859982323e+02

#ERR stream: 0, p: [121478], ea: 4, v_r: 4.2776935049825452e+03, v_e: 4.2797170521687076e+03, x_r: 3.5459013348887102e+03, x_e: 3.5466335179088396e+03, y_r: 3.5247227434051715e+03, y_e: 3.5270688377571196e+03, z_r: 1.2176259967289437e+02, z_e: 1.2262087566866347e+02

#ERR stream: 0, p: [121479], ea: 4, v_r: 2.7063622621635559e+03, v_e: 2.7077383106713369e+03, x_r: 2.2411374845969540e+03, x_e: 2.2415479875372066e+03, y_r: -1.9216443589747814e+03, y_e: -1.9222269405067532e+03, z_r: -4.4331483495453381e+02, z_e: -4.4299186988998497e+02

#ERR stream: 0, p: [121480], ea: 4, v_r: 2.4591466929456601e+03, v_e: 2.4603196754711462e+03, x_r: -3.2329010394372233e+02, x_e: -3.2413800716321043e+02, y_r: -8.0478088917968489e+02, y_e: -8.0486440486708057e+02, z_r: -1.3442357414135022e+03, z_e: -1.3444170647638380e+03

#ERR stream: 0, p: [121481], ea: 4, v_r: 2.4079566727908714e+03, v_e: 2.4091327287050722e+03, x_r: 1.5334956871101301e+03, x_e: 1.5336473618019481e+03, y_r: 5.9828507590796892e+02, y_e: 5.9894093713355403e+02, z_r: -8.5573239108429470e+02, z_e: -8.5567726163131829e+02

#ERR stream: 0, p: [121482], ea: 4, v_r: 2.7732193324777040e+03, v_e: 2.7744029819868738e+03, x_r: -8.9836150561596185e+02, x_e: -8.9937198106671281e+02, y_r: 2.2833533700283565e+03, y_e: 2.2846726827120719e+03, z_r: 1.6792453227892006e+03, z_e: 1.6803832314466995e+03

#ERR stream: 0, p: [121483], ea: 4, v_r: 2.3555791981032467e+03, v_e: 2.3567356471170660e+03, x_r: 5.9497627565629114e+02, x_e: 5.9461817699793448e+02, y_r: -7.7035798937107234e+02, y_e: -7.7041936934948967e+02, z_r: -1.2885612524565440e+03, z_e: -1.2887320096979574e+03

#ERR stream: 0, p: [121484], ea: 4, v_r: 2.3633803707445936e+03, v_e: 2.3643927666428999e+03, x_r: -2.1297270792429899e+03, x_e: -2.1313016469561062e+03, y_r: -2.1332877104977420e+03, y_e: -2.1339910204264925e+03, z_r: 1.8855153195667699e+03, z_e: 1.8866456228551767e+03

#ERR stream: 0, p: [121485], ea: 4, v_r: 2.7128657517837350e+03, v_e: 2.7141105567115596e+03, x_r: 1.2033367205341813e+03, x_e: 1.2032603225359239e+03, y_r: 1.5411254912339322e+02, y_e: 1.5455586883299836e+02, z_r: 2.1614194311983497e+03, z_e: 2.1628602251424959e+03

#ERR stream: 0, p: [121486], ea: 4, v_r: 2.0860833065282645e+03, v_e: 2.0870587250093663e+03, x_r: -2.7356494780089093e+02, x_e: -2.7424276938843525e+02, y_r: 5.1728615840211262e+02, y_e: 5.1779614364945110e+02, z_r: -1.1401252990755227e+03, z_e: -1.1402735500866968e+03

#ERR stream: 0, p: [121487], ea: 4, v_r: 2.8231918837993899e+03, v_e: 2.8245827745641118e+03, x_r: 2.3423227534278321e+03, x_e: 2.3428102896427231e+03, y_r: 2.3258907078775364e+03, y_e: 2.3275013669934388e+03, z_r: -2.0873192176102339e+03, z_e: -2.0877682515668848e+03

#ERR stream: 0, p: [121488], ea: 4, v_r: 2.3090623790037489e+03, v_e: 2.3100914701287606e+03, x_r: -1.1904629195296104e+03, x_e: -1.1915963754272575e+03, y_r: 5.7221297012478863e+02, y_e: 5.7273378737519693e+02, z_r: -3.7474040438549827e+02, z_e: -3.7452130918021930e+02

#ERR stream: 0, p: [121489], ea: 4, v_r: 4.1710712011799869e+03, v_e: 4.1728589218452380e+03, x_r: -5.5091393438425678e+02, x_e: -5.5206681574849370e+02, y_r: 3.4348876977190184e+03, y_e: 3.4368976358393561e+03, z_r: 3.3259456990743961e+03, z_e: 3.3280016873871568e+03

#ERR stream: 0, p: [121490], ea: 4, v_r: 2.6269918067043527e+03, v_e: 2.6282398371171207e+03, x_r: 1.6723302959839186e+03, x_e: 1.6725090671618818e+03, y_r: 1.1566399399402928e+03, y_e: 1.1575840165168679e+03, z_r: 7.5073409135419411e+01, z_e: 7.5597542815052293e+01

#ERR stream: 0, p: [121491], ea: 4, v_r: 1.9623504980531061e+03, v_e: 1.9632183982949587e+03, x_r: -1.7639603242923299e+03, x_e: -1.7652756608614206e+03, y_r: 8.6207629242352641e+02, y_e: 8.6266631660834548e+02, z_r: -1.4474955063096922e+03, z_e: -1.4477981719648167e+03

#ERR stream: 0, p: [121492], ea: 4, v_r: 2.1850382580412393e+03, v_e: 2.1860321178054119e+03, x_r: -1.9651571098183847e+03, x_e: -1.9667181660148256e+03, y_r: -1.1349641813494745e+03, y_e: -1.1352739624163339e+03, z_r: -1.6120105021453749e+03, z_e: -1.6123637328697421e+03

#ERR stream: 0, p: [121493], ea: 4, v_r: 2.4666109414602074e+03, v_e: 2.4678160275513505e+03, x_r: 1.5682272265541028e+03, x_e: 1.5683581692377027e+03, y_r: -1.2786193556313322e+03, y_e: -1.2788991662852327e+03, z_r: 5.4357292397628328e+02, z_e: 5.4429962235781261e+02

#ERR stream: 0, p: [121494], ea: 4, v_r: 1.9244150309886411e+03, v_e: 1.9252909116503315e+03, x_r: -1.7315233314083423e+03, x_e: -1.7329154817919334e+03, y_r: -1.7374596959508019e+03, y_e: -1.7380791177635026e+03, z_r: -1.0505419635211838e+03, z_e: -1.0506936309541832e+03

#ERR stream: 0, p: [121495], ea: 4, v_r: 1.9901411833204916e+03, v_e: 1.9910070723486745e+03, x_r: -1.4085483598871995e+03, x_e: -1.4096784263540017e+03, y_r: 4.9302725983662731e+02, y_e: 4.9345823620496020e+02, z_r: 5.9395238407170375e+01, z_e: 5.9736835103531007e+01

#ERR stream: 0, p: [121496], ea: 4, v_r: 2.3978212327686033e+03, v_e: 2.3989127257051050e+03, x_r: -1.2379543113581290e+03, x_e: -1.2392054390232506e+03, y_r: -1.7044553748769247e+03, y_e: -1.7049830245464136e+03, z_r: 7.0756752718324009e+01, z_e: 7.1183839734160230e+01

#ERR stream: 0, p: [121497], ea: 4, v_r: 2.3137211564524464e+03, v_e: 2.3147249960249615e+03, x_r: -1.6382376809942657e+03, x_e: -1.6395537801817857e+03, y_r: 1.2959509689058149e+02, y_e: 1.2989738048134004e+02, z_r: 5.1313480448175471e+02, z_e: 5.1371484793284446e+02

#ERR stream: 0, p: [121498], ea: 4, v_r: 3.0624076169221939e+03, v_e: 3.0637493512036176e+03, x_r: -1.5821303386248735e+03, x_e: -1.5836243748931297e+03, y_r: -1.0022981015298606e+03, y_e: -1.0024087692763630e+03, z_r: 1.8543348039985015e+03, z_e: 1.8556069971880975e+03

#ERR stream: 0, p: [121499], ea: 4, v_r: 2.4735892559241884e+03, v_e: 2.4746782035064462e+03, x_r: -1.7529405776013716e+03, x_e: -1.7544063333767863e+03, y_r: -1.7584221195595746e+03, y_e: -1.7589559123206002e+03, z_r: 1.0231709024506657e+03, z_e: 1.0239937840702197e+03

#ERR stream: 0, p: [121500], ea: 4, v_r: 3.1371228464462897e+03, v_e: 3.1386388572260644e+03, x_r: 7.9540465363246153e+02, x_e: 7.9499236518019120e+02, y_r: 1.9816574989967257e+03, y_e: 1.9830752265144083e+03, z_r: -2.9197535193263134e+03, z_e: -2.9205388366069633e+03

#ERR stream: 0, p: [121501], ea: 4, v_r: 2.4115112802187791e+03, v_e: 2.4126140872851352e+03, x_r: -1.2409052330714135e+03, x_e: -1.2421113630651651e+03, y_r: 1.5222893600592001e+03, y_e: 1.5232792811007537e+03, z_r: -2.2424944659196785e+03, z_e: -2.2430769895961921e+03

#ERR stream: 0, p: [121502], ea: 4, v_r: 3.1630020124131279e+03, v_e: 3.1645868632368429e+03, x_r: 2.6200870318803236e+03, x_e: 2.6205840791950227e+03, y_r: -1.0330310105300032e+03, y_e: -1.0330747799112937e+03, z_r: -5.1785954353963780e+02, z_e: -5.1748641876811701e+02

#ERR stream: 0, p: [121503], ea: 4, v_r: 3.5075012170840555e+03, v_e: 3.5089842554710949e+03, x_r: -2.4820462972605073e+03, x_e: -2.4839333883003915e+03, y_r: 2.8869913903862980e+03, y_e: 2.8886131863854225e+03, z_r: 7.7825574479549516e+02, z_e: 7.7912215751885651e+02

#ERR stream: 0, p: [121504], ea: 4, v_r: 2.3234846935495002e+03, v_e: 2.3245872288886248e+03, x_r: -7.5111959088902415e+02, x_e: -7.5214901465694732e+02, y_r: -7.6070166746208270e+02, y_e: -7.6079179493951619e+02, z_r: -1.7155171755891161e+03, z_e: -1.7158963425068698e+03

#ERR stream: 0, p: [121505], ea: 4, v_r: 2.5282799904743210e+03, v_e: 2.5293312975411450e+03, x_r: -2.2753030553496633e+03, x_e: -2.2768645678506100e+03, y_r: 1.5959052429818096e+03, y_e: 1.5968383140557239e+03, z_r: 1.0467551660090521e+03, z_e: 1.0475581491312710e+03

#ERR stream: 0, p: [121506], ea: 4, v_r: 3.1108361135264067e+03, v_e: 3.1121370454173093e+03, x_r: -2.2027801231525714e+03, x_e: -2.2044382465300946e+03, y_r: 1.9640295060140436e+03, y_e: 1.9651988394928253e+03, z_r: 1.8846754204999102e+03, z_e: 1.8859142848728029e+03

#ERR stream: 0, p: [121507], ea: 4, v_r: 2.7899492716985346e+03, v_e: 2.7911340213243757e+03, x_r: -1.9753593494145218e+03, x_e: -1.9768850942068866e+03, y_r: 1.2263208677799680e+03, y_e: 1.2271490695613286e+03, z_r: 1.1545189873764054e+03, z_e: 1.1554263480062100e+03

#ERR stream: 0, p: [121508], ea: 4, v_r: 2.1377749221745453e+03, v_e: 2.1388655847529099e+03, x_r: 1.3598555223832604e+03, x_e: 1.3599437557463236e+03, y_r: -1.9281356955258243e+03, y_e: -1.9288223777842954e+03, z_r: -7.6019192931319549e+02, z_e: -7.6014362153654918e+02

#ERR stream: 0, p: [121509], ea: 4, v_r: 3.5958804779979496e+03, v_e: 3.5976286105645049e+03, x_r: 2.2877759892335503e+03, x_e: 2.2879860891447502e+03, y_r: -4.8528204453081270e+02, y_e: -4.8499708044603614e+02, z_r: 1.0237256781276136e+02, z_e: 1.0310387054016719e+02

#ERR stream: 0, p: [121510], ea: 4, v_r: 2.5004047967986503e+03, v_e: 2.5016239746589536e+03, x_r: 2.0740392020991626e+03, x_e: 2.0744697834552835e+03, y_r: 2.0600370372439174e+03, y_e: 2.0614491912617273e+03, z_r: -1.3687530556175993e+03, z_e: -1.3689186022194997e+03

#ERR stream: 0, p: [121511], ea: 4, v_r: 3.2153878863742302e+03, v_e: 3.2169963355253371e+03, x_r: 2.0440783962352959e+03, x_e: 2.0442215033695607e+03, y_r: -2.8998097790324232e+03, y_e: -2.9008209111151050e+03, z_r: 9.1029710878391626e+01, z_e: 9.1699108905397509e+01

#ERR stream: 0, p: [121512], ea: 4, v_r: 3.1983953841776697e+03, v_e: 3.1997776059321259e+03, x_r: -1.0377356669422884e+03, x_e: -1.0389456602796722e+03, y_r: 7.9342191248425706e+02, y_e: 7.9414369316463865e+02, z_r: 2.5505931494107308e+03, z_e: 2.5521714678351432e+03

#ERR stream: 0, p: [121513], ea: 4, v_r: 3.4102057234588710e+03, v_e: 3.4117277770622818e+03, x_r: 8.5857112262673650e+02, x_e: 8.5818903166190341e+02, y_r: 1.5011176403327709e+03, y_e: 1.5022505235846638e+03, z_r: 2.7178530873538612e+03, z_e: 2.7196115699504794e+03

#ERR stream: 0, p: [121514], ea: 4, v_r: 2.6276165699694679e+03, v_e: 2.6288421261906315e+03, x_r: 1.1691643641615865e+03, x_e: 1.1691051880445300e+03, y_r: 2.1643710197831419e+03, y_e: 2.1657725416119124e+03, z_r: -4.2867401746070715e+02, z_e: -4.2838994565984132e+02

#ERR stream: 0, p: [121515], ea: 4, v_r: 3.5057153404855949e+03, v_e: 3.5073520722873695e+03, x_r: 8.8106201303448654e+02, x_e: 8.8058047742838426e+02, y_r: -1.8178646425632196e+03, y_e: -1.8182677015394156e+03, z_r: 2.1200891060883291e+03, z_e: 2.1216688509458722e+03

#ERR stream: 0, p: [121516], ea: 4, v_r: 2.4193208300841166e+03, v_e: 2.4204027619446401e+03, x_r: -1.2499808157443285e+03, x_e: -1.2512109687752970e+03, y_r: -1.7195811364872727e+03, y_e: -1.7201009705883603e+03, z_r: 1.0002671803302791e+03, z_e: 1.0010900246531113e+03

#ERR stream: 0, p: [121517], ea: 4, v_r: 3.0267881935596188e+03, v_e: 3.0283054965988154e+03, x_r: 1.3454139906037460e+03, x_e: 1.3452437167464855e+03, y_r: -1.5698350003033549e+03, y_e: -1.5702028450185724e+03, z_r: -1.6564368054736592e+03, z_e: -1.6566563947906513e+03

#ERR stream: 0, p: [121518], ea: 4, v_r: 1.7112963957257243e+03, v_e: 1.7120866082534990e+03, x_r: -1.2098437283953526e+03, x_e: -1.2109047821199276e+03, y_r: -2.3254279791867413e+02, y_e: -2.3246792700902796e+02, z_r: -1.5911649293959674e+03, z_e: -1.5915878477936815e+03

#ERR stream: 0, p: [121519], ea: 4, v_r: 3.1377019458621348e+03, v_e: 3.1391370913974538e+03, x_r: -4.1362384303699292e+02, x_e: -4.1461946376348789e+02, y_r: 1.7667649106478265e+02, y_e: 1.7714689112914562e+02, z_r: 9.1786497924471433e+01, z_e: 9.2366772932600725e+01

#ERR stream: 0, p: [121520], ea: 4, v_r: 2.1315834592645124e+03, v_e: 2.1325838327347406e+03, x_r: -2.8041459437181322e+02, x_e: -2.8112489819304676e+02, y_r: -2.8881876462965289e+02, y_e: -2.8869096985642233e+02, z_r: -7.5600998752150053e+02, z_e: -7.5597784124621296e+02

#ERR stream: 0, p: [121521], ea: 4, v_r: 3.4058682404271103e+03, v_e: 3.4073728967132824e+03, x_r: -1.1052284089233801e+03, x_e: -1.1065781988570645e+03, y_r: -4.6131819614276981e+02, y_e: -4.6113064297974404e+02, z_r: 2.0618000078965229e+03, z_e: 2.0632357956134115e+03

#ERR stream: 0, p: [121522], ea: 4, v_r: 2.7378404212038758e+03, v_e: 2.7390985193945585e+03, x_r: -8.8558179597819515e+02, x_e: -8.8672351258969752e+02, y_r: 1.5369802474772763e+02, y_e: 1.5409612400692467e+02, z_r: -9.7041704593371423e+02, z_e: -9.7037972984370458e+02

#ERR stream: 0, p: [121523], ea: 4, v_r: 3.3577630081911439e+03, v_e: 3.3593407094066933e+03, x_r: 1.4891304317107117e+03, x_e: 1.4890031685228528e+03, y_r: -1.0969623473645738e+03, y_e: -1.0970262549065496e+03, z_r: 2.0301405054855238e+03, z_e: 2.0316716434739949e+03

#ERR stream: 0, p: [121524], ea: 4, v_r: 1.9837293447799375e+03, v_e: 1.9846994218151358e+03, x_r: 5.0190259842412121e+02, x_e: 5.0161603499444459e+02, y_r: 1.1190227592219978e+02, y_e: 1.1223422801295384e+02, z_r: -1.4657419370009843e+03, z_e: -1.4660648486431346e+03

#ERR stream: 0, p: [121525], ea: 4, v_r: 2.8620025741544455e+03, v_e: 2.8634366064817486e+03, x_r: 2.3707527849560934e+03, x_e: 2.3712025319649683e+03, y_r: -9.3472511231904798e+02, y_e: -9.3476471649300413e+02, z_r: -4.6857869228168573e+02, z_e: -4.6824107502681773e+02

#ERR stream: 0, p: [121526], ea: 4, v_r: 3.6997485686524906e+03, v_e: 3.7015742980482228e+03, x_r: 3.0656414385574067e+03, x_e: 3.0662417493168496e+03, y_r: 2.1041204155387561e+02, y_e: 2.1108395954784135e+02, z_r: -6.0545556200284670e+02, z_e: -6.0502437877479019e+02

#ERR stream: 0, p: [121527], ea: 4, v_r: 2.1405113468176833e+03, v_e: 2.1414718053012712e+03, x_r: -1.9261911185218364e+03, x_e: -1.9277029852356591e+03, y_r: -1.5221147495190398e+03, y_e: -1.5226019317459190e+03, z_r: -7.5766220251510561e+02, z_e: -7.5764959093278082e+02

#ERR stream: 0, p: [121528], ea: 4, v_r: 2.9081726746967902e+03, v_e: 2.9094679271134360e+03, x_r: 1.7503876520323269e+02, x_e: 1.7444894187535510e+02, y_r: 1.8372907975288517e+03, y_e: 1.8384982159605299e+03, z_r: 1.2014524202661082e+03, z_e: 1.2024653621347488e+03

#ERR stream: 0, p: [121529], ea: 4, v_r: 3.2313415823068790e+03, v_e: 3.2327792239423056e+03, x_r: -1.0457415221078679e+03, x_e: -1.0470095020833899e+03, y_r: 1.4208474671159695e+03, y_e: 1.4218750377282840e+03, z_r: 9.5319856188422264e+01, z_e: 9.5899269218621896e+01

#ERR stream: 0, p: [121530], ea: 4, v_r: 2.0899790426463660e+03, v_e: 2.0909160723218638e+03, x_r: -1.0762783159256037e+03, x_e: -1.0772980673870952e+03, y_r: 1.3194124090107664e+03, y_e: 1.3202555135194887e+03, z_r: -1.1413325869005628e+03, z_e: -1.1414787237759974e+03

#ERR stream: 0, p: [121531], ea: 4, v_r: 1.4962912067637708e+03, v_e: 1.4969936760364956e+03, x_r: -1.0582714637244944e+03, x_e: -1.0592376875766824e+03, y_r: -1.0639894999169192e+03, y_e: -1.0643408397739192e+03, z_r: -1.3913693417026232e+03, z_e: -1.3917476292351560e+03

#ERR stream: 0, p: [121532], ea: 4, v_r: 3.4924413305542548e+03, v_e: 3.4941559325786620e+03, x_r: 2.2226230145739887e+03, x_e: 2.2228228797001839e+03, y_r: -4.7145252465323517e+02, y_e: -4.7117390829942644e+02, z_r: -5.7100027274892875e+02, z_e: -5.7060203039278883e+02

#ERR stream: 0, p: [121533], ea: 4, v_r: 1.9216513233554938e+03, v_e: 1.9226764539831265e+03, x_r: 1.5926114906491403e+03, x_e: 1.5928942809201756e+03, y_r: -1.7332004331113408e+03, y_e: -1.7338383715523171e+03, z_r: -1.7901740846461644e+03, z_e: -1.7906985939342430e+03

#ERR stream: 0, p: [121534], ea: 4, v_r: 2.1628060793800437e+03, v_e: 2.1638116435596144e+03, x_r: 1.3086226303933728e+02, x_e: 1.3037699280575572e+02, y_r: 5.3667842508381148e+02, y_e: 5.3721491420055020e+02, z_r: -3.5223551641528297e+02, z_e: -3.5201107026205034e+02

#ERR stream: 0, p: [121535], ea: 4, v_r: 2.4785478373006763e+03, v_e: 2.4797221531799837e+03, x_r: 1.1022446608247587e+03, x_e: 1.1021691922908701e+03, y_r: 1.0908966650848654e+03, y_e: 1.0917750977461092e+03, z_r: -4.0450948989210974e+02, z_e: -4.0423876074620318e+02

#SDC Ite:0 KerTime:87.334551 AccTime:87.334551 KerErr:221 AccErr:221
#END