#HEADER streams: 1 boxes:10 block_size:192
#BEGIN Y:2016 M:09 D:04 Time:22:11:53
#IT Ite:0 KerTime:87.384527 AccTime:87.384527
#ERR stream: 0, p: [132051], ea: 4, v_r: 2.9363255390232080e+03, v_e: 2.9363255390232080e+03, x_r: -2.1700884309498224e+03, x_e: -2.1700884309498224e+03, y_r: -1.5665642002535317e+03, y_e: -1.5665642002535317e+03, z_r: 1.8420944881783637e+03, z_e: 1.8420944881783637e+03

#ERR stream: 0, p: [179987], ea: 0, v_r: 1.8286478313013658e+03, v_e: 1.8286478313013658e+03, x_r: -1.3353568175549676e+03, x_e: -1.3353568175549676e+03, y_r: 1.1446868862778854e+03, y_e: 1.1446868862778854e+03, z_r: -6.0443679710746721e+02, z_e: -6.0443679710746721e+02

#ERR stream: 0, p: [36288], ea: 0, v_r: 2.0606925631173476e+03, v_e: 2.0602709501108448e+03, x_r: -1.8782666203637739e+03, x_e: -1.8734998456034530e+03, y_r: 1.6442308756404598e+03, y_e: 1.6451678412727613e+03, z_r: -6.4899747631879063e+02, z_e: -6.4747045216806816e+02

#ERR stream: 0, p: [84060], ea: 4, v_r: 2.9391367488977189e+03, v_e: 2.9391367488977189e+03, x_r: 1.2580826839146739e+03, x_e: 1.2580826839146739e+03, y_r: 6.7551278538563895e+02, y_e: 6.7551278538563895e+02, z_r: -9.7275658548416538e+02, z_e: -9.7275658548416538e+02

#ERR stream: 0, p: [139083], ea: 0, v_r: 3.1038908983795700e+03, v_e: 3.1038908983795700e+03, x_r: 1.9452660023378237e+03, x_e: 1.9452660023378237e+03, y_r: -1.0610795175888161e+03, y_e: -1.0610795175888161e+03, z_r: 2.5239325534651775e+03, z_e: 2.5239325534651775e+03

#ERR stream: 0, p: [182462], ea: 0, v_r: 1.3613602899164503e+03, v_e: 1.3613602899164503e+03, x_r: -1.2469673391183471e+03, x_e: -1.2469673391183471e+03, y_r: 6.1537432062397215e+02, y_e: 6.1537432062397215e+02, z_r: 1.1448794032934463e+03, z_e: 1.1448794032934463e+03

#ERR stream: 0, p: [36289], ea: 0, v_r: 1.8021247122800614e+03, v_e: 1.8013942950117364e+03, x_r: 4.3292649420006410e+02, x_e: 4.3654225745701018e+02, y_r: -6.3617161876049170e+02, y_e: -6.3460335893476201e+02, z_r: -9.1514690478131206e+02, z_e: -9.1367518035114472e+02

#ERR stream: 0, p: [36290], ea: 4, v_r: 1.1891865468684582e+03, v_e: 1.1890063180420643e+03, x_r: -8.5570246563599483e+02, x_e: -8.5313241277716156e+02, y_r: -8.7533084977588715e+02, y_e: -8.7432442498522573e+02, z_r: 8.0920873451426459e+01, z_e: 8.1535666536321983e+01

#ERR stream: 0, p: [183963], ea: 2, v_r: 1.4490198187226686e+03, v_e: 1.4490198187226686e+03, x_r: -7.8134999140676257e+02, x_e: -7.8134999140676257e+02, y_r: -1.0475736695027206e+03, y_e: -1.0475736695027206e+03, z_r: 3.5079901416432557e+02, z_e: 3.5079901416432557e+02

#ERR stream: 0, p: [36291], ea: 0, v_r: 1.9636922449584492e+03, v_e: 1.9627944785943137e+03, x_r: 4.7127336036431564e+02, x_e: 4.7524569709923577e+02, y_r: 5.9875311653837514e+01, y_e: 6.1272932869909063e+01, z_r: -6.2040098967194535e+02, z_e: -6.1887388180701669e+02

#ERR stream: 0, p: [89721], ea: 4, v_r: 2.4618469905515030e+03, v_e: 2.4618469905515030e+03, x_r: -7.9844807750684140e+02, x_e: -7.9844807750684140e+02, y_r: -8.1549381140074445e+02, y_e: -8.1549381140074445e+02, z_r: 2.0329390792619515e+03, z_e: 2.0329390792619515e+03

#ERR stream: 0, p: [143348], ea: 0, v_r: 2.8424877899271428e+03, v_e: 2.8424877899271428e+03, x_r: 2.3150222303698101e+03, x_e: 2.3150222303698101e+03, y_r: 6.8419597728392159e+02, y_e: 6.8419597728392159e+02, z_r: -2.5632335470275880e+03, z_e: -2.5632335470275880e+03

#ERR stream: 0, p: [36292], ea: 0, v_r: 1.3920744553204270e+03, v_e: 1.3918372257520907e+03, x_r: -1.0021747607910213e+03, x_e: -9.9914382673602154e+02, y_r: -1.2913225882903137e+03, y_e: -1.2900003225530027e+03, z_r: 8.9564349974286483e+02, z_e: 8.9616523063147577e+02

#ERR stream: 0, p: [185474], ea: 2, v_r: 1.1900768657693970e+03, v_e: 1.1900768657693970e+03, x_r: -1.0981783222929200e+03, x_e: -1.0981783222929200e+03, y_r: -6.3797893339752898e+02, y_e: -6.3797893339752898e+02, z_r: -1.0671543054025822e+03, z_e: -1.0671543054025822e+03

#ERR stream: 0, p: [93441], ea: 0, v_r: 2.3201316446799556e+03, v_e: 2.3201316446799556e+03, x_r: 1.8877526526032523e+03, x_e: 1.8877526526032523e+03, y_r: -1.1976919772178333e+03, y_e: -1.1976919772178333e+03, z_r: -1.6532182655622364e+03, z_e: -1.6532182655622364e+03

#ERR stream: 0, p: [36293], ea: 0, v_r: 3.3283174344585591e+03, v_e: 3.3256781779706935e+03, x_r: 2.7117087346953272e+03, x_e: 2.7169327629050695e+03, y_r: 2.6550475787644964e+03, y_e: 2.6556577703019507e+03, z_r: 2.7779565675748545e+03, z_e: 2.7778602602779783e+03

#ERR stream: 0, p: [36294], ea: 4, v_r: 1.9239283702663704e+03, v_e: 1.9227317951383761e+03, x_r: 8.2931375415777188e+02, x_e: 8.3297595741670921e+02, y_r: 4.2809297602002795e+02, y_e: 4.2940396569526507e+02, z_r: 1.6059999352623645e+03, z_e: 1.6061274578189821e+03

#ERR stream: 0, p: [95225], ea: 2, v_r: 1.4186260458053316e+03, v_e: 1.4186260458053316e+03, x_r: 8.9602283082947474e+02, x_e: 8.9602283082947474e+02, y_r: -9.8622516185150198e+02, y_e: -9.8622516185150198e+02, z_r: -1.2672367108811038e+03, z_e: -1.2672367108811038e+03

#ERR stream: 0, p: [189763], ea: 0, v_r: 2.3175974481350922e+03, v_e: 2.3175974481350922e+03, x_r: 1.2152955615466821e+02, x_e: 1.2152955615466821e+02, y_r: -7.6680751973032193e+02, y_e: -7.6680751973032193e+02, z_r: 1.0323464988687022e+03, z_e: 1.0323464988687022e+03

#ERR stream: 0, p: [36295], ea: 0, v_r: 1.8822250700130744e+03, v_e: 1.8819312651129860e+03, x_r: -1.7155318612867491e+03, x_e: -1.7113430207683959e+03, y_r: 5.7998336478690192e+01, y_e: 5.9252070649663594e+01, z_r: -2.3224890329741356e+02, z_e: -2.3108570503183694e+02

#ERR stream: 0, p: [36296], ea: 4, v_r: 2.4061525744340579e+03, v_e: 2.4047593263082840e+03, x_r: 5.7592768368789473e+02, x_e: 5.8086497720091847e+02, y_r: 1.9195052662192527e+03, y_e: 1.9201689637215213e+03, z_r: 6.2470331468377833e+02, z_e: 6.2593755897826998e+02

#ERR stream: 0, p: [191196], ea: 4, v_r: 1.0101612171642663e+03, v_e: 1.0101612171642663e+03, x_r: -9.4693183991935882e+02, x_e: -9.4693183991935882e+02, y_r: -6.9968894772946760e+02, y_e: -6.9968894772946760e+02, z_r: -7.0261785559887517e+02, z_e: -7.0261785559887517e+02

#ERR stream: 0, p: [36297], ea: 0, v_r: 1.9567646985185552e+03, v_e: 1.9562197070057080e+03, x_r: -1.0323743044613041e+03, x_e: -1.0279154418231333e+03, y_r: 1.1856836668028313e+03, y_e: 1.1865938742322751e+03, z_r: -9.9211730419046330e+02, z_e: -9.9051753965535602e+02

#ERR stream: 0, p: [36298], ea: 4, v_r: 2.0667086894191270e+03, v_e: 2.0653521521812413e+03, x_r: 1.6861120736548478e+03, x_e: 1.6895360234564441e+03, y_r: 1.6477071488437882e+03, y_e: 1.6480645766667094e+03, z_r: -1.4459890939961554e+03, z_e: -1.4435316862540237e+03

#ERR stream: 0, p: [36299], ea: 4, v_r: 1.6994701776372569e+03, v_e: 1.6986474787149812e+03, x_r: 4.0727037946753700e+02, x_e: 4.1069812445162989e+02, y_r: -2.7374401764155505e+02, y_e: -2.7228375772652919e+02, z_r: 4.4075646039009484e+02, z_e: 4.4153994646786106e+02

#ERR stream: 0, p: [36300], ea: 4, v_r: 1.9077294040826339e+03, v_e: 1.9066851067010182e+03, x_r: 4.5630977740579993e+02, x_e: 4.6016961155370615e+02, y_r: 5.8796736164632371e+01, y_e: 6.0324227871302888e+01, z_r: 1.5926307516546592e+03, z_e: 1.5928427089863803e+03

#ERR stream: 0, p: [36301], ea: 4, v_r: 1.5042013988603067e+03, v_e: 1.5037498035059002e+03, x_r: -2.1660529519371838e+02, x_e: -2.1342226951837472e+02, y_r: -1.3956350135347814e+03, y_e: -1.3940230159929190e+03, z_r: 3.9019056915400211e+02, z_e: 3.9085012924218353e+02

#ERR stream: 0, p: [36302], ea: 4, v_r: 2.0918823081668979e+03, v_e: 2.0907978242969589e+03, x_r: 5.0091806517593773e+02, x_e: 5.0515148751457662e+02, y_r: 6.4243794074161372e+01, y_e: 6.5858519100953330e+01, z_r: 9.4385820089657466e+02, z_e: 9.4460491862913193e+02

#ERR stream: 0, p: [36303], ea: 4, v_r: 1.1245460790517454e+03, v_e: 1.1243637766144468e+03, x_r: -5.9298748948895354e+02, x_e: -5.9058954627766661e+02, y_r: -8.2796473632577136e+02, y_e: -8.2704732745303784e+02, z_r: -5.7059858844459245e+02, z_e: -5.6987912932048960e+02

#ERR stream: 0, p: [36304], ea: 4, v_r: 1.4904391169943769e+03, v_e: 1.4899989829485585e+03, x_r: -7.8653326633078746e+02, x_e: -7.8311815364578752e+02, y_r: 9.0320154994898382e+02, y_e: 9.0390491004990383e+02, z_r: -4.6985744587448431e+02, z_e: -4.6872505827875693e+02

#ERR stream: 0, p: [36305], ea: 4, v_r: 1.9259663682901185e+03, v_e: 1.9249110031333605e+03, x_r: 1.2018219135810377e+03, x_e: 1.2052865320836472e+03, y_r: 5.8396973601299187e+01, y_e: 5.9779115292720512e+01, z_r: -9.7834508473229607e+02, z_e: -9.7655325422878207e+02

#ERR stream: 0, p: [36306], ea: 4, v_r: 2.4109317584964942e+03, v_e: 2.4097778798905706e+03, x_r: 5.7757010469799548e+02, x_e: 5.8241811194700040e+02, y_r: -8.5043833341504933e+02, y_e: -8.4809043001835801e+02, z_r: 1.0875523370492538e+03, z_e: 1.0883837284862191e+03

#ERR stream: 0, p: [36307], ea: 4, v_r: 2.1960851751981568e+03, v_e: 2.1947605371718423e+03, x_r: 1.7921220588307474e+03, x_e: 1.7957718663117080e+03, y_r: 4.8740078036132309e+02, y_e: 4.8869297540561939e+02, z_r: -1.5368781278882691e+03, z_e: -1.5344525268528498e+03

#ERR stream: 0, p: [36308], ea: 4, v_r: 1.3731164128522469e+03, v_e: 1.3729450949790148e+03, x_r: -9.8771121635286056e+02, x_e: -9.8478361293137266e+02, y_r: -1.0108640124932351e+03, y_e: -1.0097747187751322e+03, z_r: -4.3322807907829792e+02, z_e: -4.3242682837005276e+02

#ERR stream: 0, p: [36309], ea: 4, v_r: 1.2778160008616521e+03, v_e: 1.2775487707682448e+03, x_r: -4.2872615578024005e+02, x_e: -4.2601771696788660e+02, y_r: -1.1857454058537965e+03, y_e: -1.1845598120577615e+03, z_r: -4.0355046576487297e+02, z_e: -4.0277865960367097e+02

#ERR stream: 0, p: [36310], ea: 4, v_r: 2.4144417515464988e+03, v_e: 2.4132462325880115e+03, x_r: 1.0415322259965997e+03, x_e: 1.0461043449058925e+03, y_r: -2.2401126446605258e+03, y_e: -2.2369020806435642e+03, z_r: 2.0146914494046953e+03, z_e: 2.0148994616155298e+03

#ERR stream: 0, p: [36311], ea: 4, v_r: 1.7172061570824205e+03, v_e: 1.7168887308917690e+03, x_r: -5.7554698882655043e+02, x_e: -5.7192894567736380e+02, y_r: -1.2645605201853186e+03, y_e: -1.2631680191096521e+03, z_r: -1.5301515459636962e+03, z_e: -1.5288745214794271e+03

#ERR stream: 0, p: [36312], ea: 4, v_r: 1.4141437786674071e+03, v_e: 1.4139389590683311e+03, x_r: -1.0171337815586016e+03, x_e: -1.0140717822444304e+03, y_r: -4.9891702398240523e+02, y_e: -4.9790218167445153e+02, z_r: -7.1721157210840965e+02, z_e: -7.1627841014754836e+02

#ERR stream: 0, p: [36313], ea: 4, v_r: 1.4138612457028448e+03, v_e: 1.4135657034709168e+03, x_r: -1.2894698771419057e+03, x_e: -1.2862449456381537e+03, y_r: -2.2714432080009649e+02, y_e: -2.2601937319691069e+02, z_r: 1.1813499703982980e+03, z_e: 1.1818585964367189e+03

#ERR stream: 0, p: [36314], ea: 4, v_r: 2.3951244160000133e+03, v_e: 2.3932634460926151e+03, x_r: 1.9517326771555154e+03, x_e: 1.9555177945723558e+03, y_r: 1.9104905300358173e+03, y_e: 1.9109263809527233e+03, z_r: 1.5396378279391565e+03, z_e: 1.5399889336730982e+03

#ERR stream: 0, p: [36315], ea: 4, v_r: 1.4427470749890363e+03, v_e: 1.4421077336227763e+03, x_r: 6.2314364076646143e+02, x_e: 6.2588205453643616e+02, y_r: -1.3388714403640311e+03, y_e: -1.3371071492561525e+03, z_r: 9.6975143669668583e+01, z_e: 9.7711624264503641e+01

#ERR stream: 0, p: [36316], ea: 4, v_r: 2.6392509891289897e+03, v_e: 2.6381112392142554e+03, x_r: -8.8790007531967592e+02, x_e: -8.8179188496447091e+02, y_r: 2.1060740621534683e+03, y_e: 2.1070619885661135e+03, z_r: 1.1924662580079910e+03, z_e: 1.1936501835722872e+03

#ERR stream: 0, p: [36317], ea: 4, v_r: 1.5054461657931051e+03, v_e: 1.5051599791116960e+03, x_r: -1.0838352198243531e+03, x_e: -1.0805200748125478e+03, y_r: -1.1078811498760251e+03, y_e: -1.1064915725935055e+03, z_r: 9.6866482281202207e+02, z_e: 9.6923370870302176e+02

#ERR stream: 0, p: [36318], ea: 4, v_r: 2.1594073546954437e+03, v_e: 2.1587257087664984e+03, x_r: -7.2485497728182190e+02, x_e: -7.2002907464887937e+02, y_r: 8.9421951867464384e+02, y_e: 8.9535180681934651e+02, z_r: -1.0952569226065075e+03, z_e: -1.0934787211636155e+03

#ERR stream: 0, p: [36319], ea: 4, v_r: 1.2443887027324677e+03, v_e: 1.2442724287174362e+03, x_r: -1.1337978763071026e+03, x_e: -1.1311401588569761e+03, y_r: -4.3898760569388520e+02, y_e: -4.3813208419529002e+02, z_r: -6.3096325810095277e+02, z_e: -6.3018064502303457e+02

#ERR stream: 0, p: [36320], ea: 4, v_r: 2.0220117463535587e+03, v_e: 2.0209091782181245e+03, x_r: 1.2615999883864513e+03, x_e: 1.2652251129862452e+03, y_r: -3.2625216483307469e+02, y_e: -3.2454046091526328e+02, z_r: -6.3948350950710051e+02, z_e: -6.3786867951823353e+02

#ERR stream: 0, p: [36321], ea: 4, v_r: 1.2605108020942300e+03, v_e: 1.2603171352326699e+03, x_r: -1.1489903901986856e+03, x_e: -1.1461973576731486e+03, y_r: -2.0278630934347032e+02, y_e: -2.0187689209445483e+02, z_r: 8.6135805987713780e+01, z_e: 8.6844549268756410e+01

#ERR stream: 0, p: [36322], ea: 4, v_r: 1.6288426951862266e+03, v_e: 1.6280716655855683e+03, x_r: 7.7102919640534211e+01, x_e: 8.0545980205146918e+01, y_r: -2.6201997070484987e+02, y_e: -2.6056780814151983e+02, z_r: 1.3599361179731334e+03, z_e: 1.3601887566626840e+03

#ERR stream: 0, p: [36323], ea: 4, v_r: 2.0077826755721699e+03, v_e: 2.0068967858207798e+03, x_r: 4.8212286711439248e+02, x_e: 4.8618323229050731e+02, y_r: 6.1109116087675979e+01, y_e: 6.2506879237212772e+01, z_r: -1.0193638593375748e+03, z_e: -1.0176228560510393e+03

#ERR stream: 0, p: [36324], ea: 4, v_r: 1.4937628314146414e+03, v_e: 1.4930781351022044e+03, x_r: 3.5792383191838303e+02, x_e: 3.6091816321004319e+02, y_r: -8.1328416254168962e+02, y_e: -8.1169610391540562e+02, z_r: 6.7374525589541543e+02, z_e: 6.7425160729844231e+02

#ERR stream: 0, p: [36325], ea: 4, v_r: 1.7268966582428027e+03, v_e: 1.7260095551691354e+03, x_r: 8.1565531822377920e+01, x_e: 8.5249910306541693e+01, y_r: 3.8444887577230253e+02, y_e: 3.8562959040555518e+02, z_r: 1.4419911177655231e+03, z_e: 1.4422519926439181e+03

#ERR stream: 0, p: [36326], ea: 4, v_r: 1.3609202898599831e+03, v_e: 1.3605481163953734e+03, x_r: -4.5705376225507894e+02, x_e: -4.5409480723247697e+02, y_r: -7.4092731245796676e+02, y_e: -7.3970575490454507e+02, z_r: 9.2335543601900113e+01, z_e: 9.3062507452539265e+01

#ERR stream: 0, p: [36327], ea: 4, v_r: 1.7886624423203307e+03, v_e: 1.7877767800927127e+03, x_r: 7.7158605044547028e+02, x_e: 7.7497315944059790e+02, y_r: -1.6595162635440295e+03, y_e: -1.6571378192215993e+03, z_r: 1.4925201347706516e+03, z_e: 1.4926742340065628e+03

#ERR stream: 0, p: [36328], ea: 4, v_r: 1.7748123950986012e+03, v_e: 1.7740062047572849e+03, x_r: 4.2580069996017949e+02, x_e: 4.2937857971437285e+02, y_r: -2.8607301557546992e+02, y_e: -2.8461152044949392e+02, z_r: -2.2046182907016058e+02, z_e: -2.1928380990608082e+02

#ERR stream: 0, p: [36329], ea: 4, v_r: 1.3920744553204270e+03, v_e: 1.3918372257520907e+03, x_r: -1.0021747607910213e+03, x_e: -9.9914382673602154e+02, y_r: -1.2913225882903137e+03, y_e: -1.2900003225530027e+03, z_r: 8.9564349974286483e+02, z_e: 8.9616523063147577e+02

#ERR stream: 0, p: [36330], ea: 4, v_r: 2.1913758849163783e+03, v_e: 2.1900440822999931e+03, x_r: 5.2377239007135324e+02, x_e: 5.2824626224600831e+02, y_r: 1.3282278701747464e+03, y_e: 1.3291552405162251e+03, z_r: 1.8297917499305040e+03, z_e: 1.8300209687114643e+03

#ERR stream: 0, p: [36331], ea: 4, v_r: 1.7123522785120979e+03, v_e: 1.7117224106750095e+03, x_r: 8.2495675495371827e+01, x_e: 8.6063507746909295e+01, y_r: -6.0430574125891201e+02, y_e: -6.0283144204645578e+02, z_r: -5.4095332653254923e+02, z_e: -5.3973259352256343e+02

#ERR stream: 0, p: [36332], ea: 4, v_r: 1.6812763171796473e+03, v_e: 1.6808225184109601e+03, x_r: 8.1878732904326057e+01, x_e: 8.5301210690596633e+01, y_r: -1.5605221782531589e+03, y_e: -1.5589096386435303e+03, z_r: -1.4986604627464515e+03, z_e: -1.4972912597030643e+03

#ERR stream: 0, p: [36333], ea: 4, v_r: 2.4303890077257620e+03, v_e: 2.4291917913590200e+03, x_r: 5.8335321005957326e+02, x_e: 5.8834958928519245e+02, y_r: 1.9381526862288022e+03, y_e: 1.9387975824331152e+03, z_r: -1.6994554777800904e+03, z_e: -1.6968724149853572e+03

#ERR stream: 0, p: [36334], ea: 4, v_r: 1.7955975694944254e+03, v_e: 1.7951192355316534e+03, x_r: -6.0218756354088100e+02, x_e: -5.9824258985083850e+02, y_r: 3.9902728643477315e+02, y_e: 4.0005207585705881e+02, z_r: -1.5995155597589837e+03, z_e: -1.5978961260926785e+03

#ERR stream: 0, p: [36335], ea: 4, v_r: 2.3456935613908086e+03, v_e: 2.3444508191999435e+03, x_r: 1.4629850582461722e+03, x_e: 1.4671624315214501e+03, y_r: -1.7271495017369550e+03, y_e: -1.7242886867124241e+03, z_r: 6.0734564493438859e+02, z_e: 6.0831345324493202e+02

#ERR stream: 0, p: [36336], ea: 4, v_r: 1.5828610372780338e+03, v_e: 1.5822635346002453e+03, x_r: 3.8005080764265159e+02, x_e: 3.8319649989678732e+02, y_r: -1.4689083506564893e+03, y_e: -1.4671116537548874e+03, z_r: -1.9695592815563737e+02, z_e: -1.9601929495952626e+02

#ERR stream: 0, p: [36337], ea: 4, v_r: 1.3907825205307774e+03, v_e: 1.3904744272280327e+03, x_r: -7.3395047784028782e+02, x_e: -7.3090445629547867e+02, y_r: -7.5713510210183267e+02, y_e: -7.5594195425108899e+02, z_r: 9.4538957551736260e+01, z_e: 9.5280509042916364e+01

#ERR stream: 0, p: [36338], ea: 4, v_r: 2.0325784017894389e+03, v_e: 2.0320838574143163e+03, x_r: -1.0725335789214655e+03, x_e: -1.0680205473632350e+03, y_r: -3.2725068064976324e+02, y_e: -3.2574179251655033e+02, z_r: -2.5142107740255298e+02, z_e: -2.5016010903421898e+02

#ERR stream: 0, p: [36339], ea: 4, v_r: 1.4054354154215191e+03, v_e: 1.4052206567572105e+03, x_r: -1.2805004848358385e+03, x_e: -1.2773317930474641e+03, y_r: 1.1211638484710836e+03, y_e: 1.1217870231081968e+03, z_r: -1.2511994453637965e+03, z_e: -1.2500187136466550e+03

#ERR stream: 0, p: [36340], ea: 4, v_r: 1.5823237374230621e+03, v_e: 1.5819726165795510e+03, x_r: -8.3552882727219060e+02, x_e: -8.3207702041920402e+02, y_r: -1.4678480365355870e+03, y_e: -1.4662526517804151e+03, z_r: 1.0178496671602190e+03, z_e: 1.0183970655549060e+03

#ERR stream: 0, p: [36341], ea: 4, v_r: 2.3560957070570289e+03, v_e: 2.3553219014507558e+03, x_r: -1.2437727356267226e+03, x_e: -1.2382964621009901e+03, y_r: 1.8798426810848791e+03, y_e: 1.8807773290138728e+03, z_r: -2.9078073110933332e+02, z_e: -2.8909876940029289e+02

#ERR stream: 0, p: [36342], ea: 4, v_r: 1.8531291836082883e+03, v_e: 1.8520794498452642e+03, x_r: 7.9926215647786637e+02, x_e: 8.0278747900594874e+02, y_r: -2.9839467669840553e+02, y_e: -2.9670164563900084e+02, z_r: 1.1912278934824692e+03, z_e: 1.1916059053600538e+03

#ERR stream: 0, p: [36343], ea: 4, v_r: 1.7404913153613970e+03, v_e: 1.7396642075056018e+03, x_r: 4.1761001887872601e+02, x_e: 4.2114443254048609e+02, y_r: 3.8680029892509202e+02, y_e: 3.8786426876101410e+02, z_r: -5.4978757424534763e+02, z_e: -5.4839636105246109e+02

#ERR stream: 0, p: [36344], ea: 4, v_r: 2.1003923706968644e+03, v_e: 2.0991296155419755e+03, x_r: 1.3101137183432784e+03, x_e: 1.3138829275888156e+03, y_r: 8.6929722756486683e+02, y_e: 8.7031323782681477e+02, z_r: -6.6392405108293678e+02, z_e: -6.6211167013333773e+02

#ERR stream: 0, p: [36345], ea: 4, v_r: 2.5893029229510025e+03, v_e: 2.5875576893316875e+03, x_r: 2.1119406985228475e+03, x_e: 2.1161802486515307e+03, y_r: 1.5680313131467037e+03, y_e: 1.5688804972879630e+03, z_r: -8.1867636005328347e+02, z_e: -8.1633269017961788e+02

#ERR stream: 0, p: [36346], ea: 4, v_r: 1.6436849693669737e+03, v_e: 1.6432179049929046e+03, x_r: 7.9832101211175100e+01, x_e: 8.3186535426886053e+01, y_r: -1.5255440365239833e+03, y_e: -1.5239188267898139e+03, z_r: -1.1499426643566112e+03, z_e: -1.1486861395324520e+03

#ERR stream: 0, p: [36347], ea: 4, v_r: 1.6374283109990711e+03, v_e: 1.6365873104884542e+03, x_r: 1.3368599789530067e+03, x_e: 1.3396098066193504e+03, y_r: -8.9237335141420817e+02, y_e: -8.9070124956532493e+02, z_r: -1.4602820392942149e+03, z_e: -1.4585022507458557e+03

#ERR stream: 0, p: [36348], ea: 4, v_r: 1.6514320679410257e+03, v_e: 1.6509796649812447e+03, x_r: -2.3737764758243549e+02, x_e: -2.3390561419854896e+02, y_r: -1.5324115683090056e+03, y_e: -1.5307340451419277e+03, z_r: -2.0505361268819794e+02, z_e: -2.0411466353300710e+02

#ERR stream: 0, p: [36349], ea: 4, v_r: 2.0738275371580075e+03, v_e: 2.0723941595061042e+03, x_r: 1.6912118388547958e+03, x_e: 1.6945857581802620e+03, y_r: 1.2559863504080440e+03, y_e: 1.2566765604371174e+03, z_r: -2.5799079474164188e+02, z_e: -2.5640108309823762e+02

#ERR stream: 0, p: [36350], ea: 4, v_r: 1.6047988834435409e+03, v_e: 1.6041310328731772e+03, x_r: 7.6813731369587899e+01, x_e: 8.0186830055542075e+01, y_r: -2.5850078749036487e+02, y_e: -2.5718277118190048e+02, z_r: 1.0863745043688577e+02, z_e: 1.0954395443450244e+02

#ERR stream: 0, p: [36351], ea: 4, v_r: 2.0263489929664618e+03, v_e: 2.0258362908896695e+03, x_r: -1.8478765880558644e+03, x_e: -1.8430975027858190e+03, y_r: 1.2286038103816111e+03, y_e: 1.2296994999344138e+03, z_r: 9.1619993837355889e+02, z_e: 9.1722349335762135e+02

#ERR stream: 0, p: [36352], ea: 4, v_r: 2.0322608323799357e+03, v_e: 2.0315506605340588e+03, x_r: 9.8000000465303998e+01, x_e: 1.0221188838849274e+02, y_r: -1.1068103076815717e+03, y_e: -1.1049198263478454e+03, z_r: -6.4212588733385360e+02, z_e: -6.4072155016102909e+02

#ERR stream: 0, p: [36353], ea: 4, v_r: 1.3918632551154440e+03, v_e: 1.3916905332179476e+03, x_r: -1.2680179137521777e+03, x_e: -1.2649511732256294e+03, y_r: 5.7640692184295165e+02, y_e: 5.7714713155457332e+02, z_r: -1.2392708792196049e+03, z_e: -1.2381867632475935e+03

#ERR stream: 0, p: [36354], ea: 4, v_r: 1.6312367402100745e+03, v_e: 1.6305199857502846e+03, x_r: 7.0505643245648162e+02, x_e: 7.0816915847906773e+02, y_r: -8.8864694770791971e+02, y_e: -8.8703620229423359e+02, z_r: -8.2867408445993181e+02, z_e: -8.2733147821264197e+02

#ERR stream: 0, p: [36355], ea: 4, v_r: 1.4041633483790897e+03, v_e: 1.4036926943282913e+03, x_r: -2.0176471299077625e+02, x_e: -1.9873005646111952e+02, y_r: 4.2880664342058935e+01, y_e: 4.3828242756689384e+01, z_r: -7.1253241298599221e+02, z_e: -7.1140307144945939e+02

#ERR stream: 0, p: [36356], ea: 4, v_r: 1.8180633123666953e+03, v_e: 1.8171141374776280e+03, x_r: 8.6150605936869340e+01, x_e: 9.0058963848026565e+01, y_r: 1.1018608132310621e+03, y_e: 1.1026498064614666e+03, z_r: 8.2085705275313410e+02, z_e: 8.2158021901553832e+02

#ERR stream: 0, p: [36357], ea: 4, v_r: 1.8279103798398387e+03, v_e: 1.8269208378507403e+03, x_r: 1.1403492601639227e+03, x_e: 1.1436172082409139e+03, y_r: -6.4527119893436861e+02, y_e: -6.4349144948128094e+02, z_r: -2.2765080802978218e+02, z_e: -2.2642988998123883e+02

#ERR stream: 0, p: [36358], ea: 4, v_r: 2.7827375621033980e+03, v_e: 2.7805754235402969e+03, x_r: 2.2675898569710262e+03, x_e: 2.2719875359986600e+03, y_r: 2.2196733182037224e+03, y_e: 2.2201797047237087e+03, z_r: 1.7888039498995040e+03, z_e: 1.7892118765640153e+03

#ERR stream: 0, p: [36359], ea: 4, v_r: 1.5029533323837302e+03, v_e: 1.5021822261260322e+03, x_r: 6.4938751884290218e+02, x_e: 6.5229394059541357e+02, y_r: 6.2196068915736998e+02, y_e: 6.2267609441988623e+02, z_r: -1.0513133184890453e+03, z_e: -1.0497372929671308e+03

#ERR stream: 0, p: [36360], ea: 4, v_r: 1.8774865208931078e+03, v_e: 1.8764196844756784e+03, x_r: 1.5325094789748975e+03, x_e: 1.5356505899804604e+03, y_r: 5.6602386888699648e+01, y_e: 5.7912865035394837e+01, z_r: -1.6740620519727245e+03, z_e: -1.6718406454567748e+03

#ERR stream: 0, p: [36361], ea: 4, v_r: 2.0306881713217417e+03, v_e: 2.0302228801386896e+03, x_r: -1.0720904214333204e+03, x_e: -1.0676395613103525e+03, y_r: -1.4945853482759696e+03, y_e: -1.4926627614209824e+03, z_r: 9.1686855360806135e+02, z_e: 9.1770170005516525e+02

#ERR stream: 0, p: [36362], ea: 4, v_r: 2.0466837222071060e+03, v_e: 2.0460987244613480e+03, x_r: -6.8826417023358192e+02, x_e: -6.8381541852136638e+02, y_r: -1.8985732587492776e+03, y_e: -1.8963353612091951e+03, z_r: 1.7088956683281913e+03, z_e: 1.7093962554425289e+03

#ERR stream: 0, p: [36363], ea: 4, v_r: 1.5824141383461008e+03, v_e: 1.5816975128237252e+03, x_r: 7.4981939940475328e+01, x_e: 7.8311409999790371e+01, y_r: -5.5793858677967773e+02, y_e: -5.5638207402125465e+02, z_r: 1.3210875656536173e+03, z_e: 1.3213366768693411e+03

#ERR stream: 0, p: [36364], ea: 4, v_r: 2.2815606626485196e+03, v_e: 2.2809431915546438e+03, x_r: -1.6427082712954716e+03, x_e: -1.6374356718174377e+03, y_r: 5.0810879772748626e+02, y_e: 5.0962111970910883e+02, z_r: 1.0310495110067343e+03, z_e: 1.0321165884726120e+03

#ERR stream: 0, p: [36365], ea: 4, v_r: 2.3482288995997415e+03, v_e: 2.3468935585822123e+03, x_r: 1.9156993374780311e+03, x_e: 1.9195692414094292e+03, y_r: -1.7292653316975152e+03, y_e: -1.7263419151525861e+03, z_r: 1.5731885530604424e+02, z_e: 1.5855546638161243e+02

#ERR stream: 0, p: [36366], ea: 4, v_r: 1.4863514618936006e+03, v_e: 1.4860407668874161e+03, x_r: -1.3555824114868265e+03, x_e: -1.3521921342091393e+03, y_r: -2.3879025916310476e+02, y_e: -2.3760763426293803e+02, z_r: 1.2419190785844007e+03, z_e: 1.2424537824374572e+03

#ERR stream: 0, p: [36367], ea: 4, v_r: 1.1242126347582575e+03, v_e: 1.1240723715468907e+03, x_r: -8.0866954798814709e+02, x_e: -8.0627262903415874e+02, y_r: -8.2762545420801712e+02, y_e: -8.2673361594187145e+02, z_r: -3.5469715143830189e+02, z_e: -3.5404114284253598e+02

#ERR stream: 0, p: [36368], ea: 4, v_r: 2.3692513347944091e+03, v_e: 2.3678705884091100e+03, x_r: 1.4779657476339100e+03, x_e: 1.4822156622099103e+03, y_r: 5.2624999834437074e+02, y_e: 5.2769946166591001e+02, z_r: -7.4904110074817288e+02, z_e: -7.4704736564966379e+02

#ERR stream: 0, p: [36369], ea: 4, v_r: 1.9486589690963019e+03, v_e: 1.9477737487246911e+03, x_r: 8.4199026255322337e+02, x_e: 8.4570598159619408e+02, y_r: -1.0614644168764314e+03, y_e: -1.0594938234896520e+03, z_r: -6.1623059179007112e+02, z_e: -6.1480022674472400e+02

#ERR stream: 0, p: [36370], ea: 4, v_r: 1.7909099264597223e+03, v_e: 1.7903683664751713e+03, x_r: -2.5702023634234723e+02, x_e: -2.5318870305895047e+02, y_r: -2.8878652973322522e+02, y_e: -2.8748625834126119e+02, z_r: -1.2523240579783919e+03, z_e: -1.2508231778238141e+03

#ERR stream: 0, p: [36371], ea: 4, v_r: 1.0336726076723373e+03, v_e: 1.0336278155501489e+03, x_r: -9.4172795972219274e+02, x_e: -9.3960439479451645e+02, y_r: -9.5916273967028178e+02, y_e: -9.5841663556130993e+02, z_r: -5.2428761798567177e+02, z_e: -5.2371737387836333e+02

#ERR stream: 0, p: [36372], ea: 4, v_r: 2.1115497911419943e+03, v_e: 2.1104097371745552e+03, x_r: 1.7231975328662916e+03, x_e: 1.7267060607077460e+03, y_r: -1.5551931539255677e+03, y_e: -1.5526720687166483e+03, z_r: -6.6843051755311251e+02, z_e: -6.6683452962836793e+02

#ERR stream: 0, p: [36373], ea: 4, v_r: 2.2133679773700542e+03, v_e: 2.2126897385277562e+03, x_r: -7.4439520486831066e+02, x_e: -7.3954555655155286e+02, y_r: -1.6288806596857546e+03, y_e: -1.6265669914333046e+03, z_r: 1.8481850034115664e+03, z_e: 1.8487217256315796e+03

#ERR stream: 0, p: [36374], ea: 4, v_r: 1.5817750205941261e+03, v_e: 1.5812388016507082e+03, x_r: 7.5992829367950293e+01, x_e: 7.9250590961520757e+01, y_r: -1.4677525434500890e+03, y_e: -1.4660072343538566e+03, z_r: 1.0674152244470559e+02, z_e: 1.0754442972177455e+02

#ERR stream: 0, p: [36375], ea: 4, v_r: 1.1500129462709201e+03, v_e: 1.1498038492115857e+03, x_r: -3.8555211151800739e+02, x_e: -3.8313783918588786e+02, y_r: -1.0672723720802815e+03, y_e: -1.0662726014268080e+03, z_r: -8.0426531816649231e+02, z_e: -8.0348172083383292e+02

#ERR stream: 0, p: [36376], ea: 4, v_r: 2.2297799883051871e+03, v_e: 2.2287335630589723e+03, x_r: 5.3465513857935605e+02, x_e: 5.3915151030651350e+02, y_r: -3.5928547364666571e+02, y_e: -3.5740914896560781e+02, z_r: 1.5064923226266117e+02, z_e: 1.5190988715284024e+02

#ERR stream: 0, p: [36377], ea: 4, v_r: 2.2385032938736344e+03, v_e: 2.2370904300255306e+03, x_r: 9.6524099286689250e+02, x_e: 9.6953059660410190e+02, y_r: 1.3563998715378632e+03, y_e: 1.3572744093479203e+03, z_r: 1.0100846215421034e+03, z_e: 1.0108774489785663e+03

#ERR stream: 0, p: [36378], ea: 4, v_r: 1.8263743999821029e+03, v_e: 1.8258045393901277e+03, x_r: 8.8224755799175952e+01, x_e: 9.1969851313918454e+01, y_r: -1.6949105982844053e+03, y_e: -1.6929985941905163e+03, z_r: -5.7726633541534659e+02, z_e: -5.7608429175249557e+02

#ERR stream: 0, p: [36379], ea: 4, v_r: 1.9929455674900098e+03, v_e: 1.9921272155307558e+03, x_r: -6.7052060356908521e+02, x_e: -6.6596159602650744e+02, y_r: 8.2595752489637380e+02, y_e: 8.2711756314957609e+02, z_r: 1.2824901455754307e+03, z_e: 1.2831615301265911e+03

#ERR stream: 0, p: [36380], ea: 4, v_r: 1.9515685751221056e+03, v_e: 1.9506085573974458e+03, x_r: 1.2181350159734050e+03, x_e: 1.2216418876966859e+03, y_r: -1.0632563175781772e+03, y_e: -1.0612495701666594e+03, z_r: -9.9166862222531699e+02, z_e: -9.9000024945458313e+02

#ERR stream: 0, p: [36381], ea: 4, v_r: 2.1360356618792789e+03, v_e: 2.1350683186061660e+03, x_r: 1.0121503203778533e+02, x_e: 1.0570934652191227e+02, y_r: -7.5313831545105677e+02, y_e: -7.5103724299499493e+02, z_r: 1.7832816860766709e+03, z_e: 1.7836179510452819e+03

#ERR stream: 0, p: [36382], ea: 4, v_r: 2.1627969795811559e+03, v_e: 2.1618769118932855e+03, x_r: 5.1980204293128725e+02, x_e: 5.2419131949158600e+02, y_r: 4.8029228401352498e+02, y_e: 4.8153275803891938e+02, z_r: -1.9274624204492286e+03, z_e: -1.9251748621549925e+03

#ERR stream: 0, p: [36383], ea: 4, v_r: 2.2314899703262231e+03, v_e: 2.2302934786083015e+03, x_r: 1.3919429140513303e+03, x_e: 1.3959234900222575e+03, y_r: -1.2154068743312189e+03, y_e: -1.2129561394011375e+03, z_r: 1.4992153281827450e+02, z_e: 1.5112432723441151e+02

#ERR stream: 0, p: [36384], ea: 4, v_r: 1.3544883570741129e+03, v_e: 1.3540145706867841e+03, x_r: 3.2557865117125544e+02, x_e: 3.2826498411706541e+02, y_r: -1.2571181463525920e+03, y_e: -1.2556580650369083e+03, z_r: -6.8804693204281978e+02, z_e: -6.8704399360165405e+02

#ERR stream: 0, p: [36385], ea: 4, v_r: 2.1108940487217110e+03, v_e: 2.1095325937495263e+03, x_r: 1.7207959636206369e+03, x_e: 1.7242022214160297e+03, y_r: -1.1493999729418786e+03, y_e: -1.1468113226009066e+03, z_r: 1.7610417229586653e+03, z_e: 1.7610352341368816e+03

#ERR stream: 0, p: [36386], ea: 4, v_r: 1.5310496053058705e+03, v_e: 1.5307464172311568e+03, x_r: -8.0731001157717844e+02, x_e: -8.0396827154990706e+02, y_r: -2.4675496042002848e+02, y_e: -2.4570698983687487e+02, z_r: -1.0702201408794485e+03, z_e: -1.0690637917073368e+03

#ERR stream: 0, p: [36387], ea: 4, v_r: 1.8624391692216332e+03, v_e: 1.8617775621399007e+03, x_r: -1.3416608867263133e+03, x_e: -1.3371718363497591e+03, y_r: 1.4865960506973713e+03, y_e: 1.4874242964913349e+03, z_r: 1.5564521032557925e+03, z_e: 1.5570466626353002e+03

#ERR stream: 0, p: [36388], ea: 4, v_r: 1.9336452872908615e+03, v_e: 1.9332475984228706e+03, x_r: -1.3915791627783140e+03, x_e: -1.3872588767819300e+03, y_r: -3.1114367541014423e+02, y_e: -3.0971032760238955e+02, z_r: 1.3189406401396258e+02, z_e: 1.3298232194218861e+02

#ERR stream: 0, p: [36389], ea: 4, v_r: 1.5829394724269243e+03, v_e: 1.5820118777741977e+03, x_r: 1.2919801916286397e+03, x_e: 1.2946258931576274e+03, y_r: 3.5123074117786052e+02, y_e: 3.5214311941655649e+02, z_r: -1.4113412593766207e+03, z_e: -1.4094180688910303e+03

#ERR stream: 0, p: [36390], ea: 4, v_r: 1.6756629384617670e+03, v_e: 1.6752367496956758e+03, x_r: -8.8508007474914814e+02, x_e: -8.8137139527494639e+02, y_r: -1.2331100380183173e+03, y_e: -1.2314402971455131e+03, z_r: 1.3994087943516361e+03, z_e: 1.3998815509476524e+03

#ERR stream: 0, p: [36391], ea: 4, v_r: 2.2768879122944063e+03, v_e: 2.2761155445505588e+03, x_r: -7.6544272245423360e+02, x_e: -7.6037195704716260e+02, y_r: -3.6630368849929789e+02, y_e: -3.6444216211731447e+02, z_r: 1.0281064449311882e+03, z_e: 1.0290440435950088e+03

#ERR stream: 0, p: [36392], ea: 4, v_r: 2.2289430225861070e+03, v_e: 2.2280973878974569e+03, x_r: -3.2201251280610211e+02, x_e: -3.1719388374340150e+02, y_r: -1.2131195545149067e+03, y_e: -1.2108274604327985e+03, z_r: 1.8610197917687801e+03, z_e: 1.8614664019728550e+03

#ERR stream: 0, p: [36393], ea: 4, v_r: 1.7341190166721299e+03, v_e: 1.7334802638484830e+03, x_r: -2.4921751021776282e+02, x_e: -2.4540440931454000e+02, y_r: 1.0504977305506688e+03, y_e: 1.0512237020744967e+03, z_r: -1.2122284002192766e+03, z_e: -1.2105786893718750e+03

#ERR stream: 0, p: [36394], ea: 4, v_r: 1.3610682168085284e+03, v_e: 1.3607482070699029e+03, x_r: -7.1844178875852788e+02, x_e: -7.1544509242011054e+02, y_r: -7.4088557426364639e+02, y_e: -7.3968584707969740e+02, z_r: 3.5355476682064398e+02, z_e: 3.5420529283895303e+02

#ERR stream: 0, p: [36395], ea: 4, v_r: 1.7246540012965759e+03, v_e: 1.7241527513697431e+03, x_r: -9.1055795644649197e+02, x_e: -9.0665191652421697e+02, y_r: 5.3202806568409216e+01, y_e: 5.4441245903522173e+01, z_r: 4.4828330736114270e+02, z_e: 4.4916606568261921e+02

#ERR stream: 0, p: [36396], ea: 4, v_r: 1.4120935887451108e+03, v_e: 1.4118983435566502e+03, x_r: -1.0159239084822406e+03, x_e: -1.0128924072402925e+03, y_r: -1.0394827247735993e+03, y_e: -1.0383248256936738e+03, z_r: -1.7472213281425817e+02, z_e: -1.7394129796893941e+02

#ERR stream: 0, p: [36397], ea: 4, v_r: 2.6520689699138798e+03, v_e: 2.6504587471260611e+03, x_r: 1.1435403026632780e+03, x_e: 1.1485977368359167e+03, y_r: 5.8996547598033601e+02, y_e: 5.9174283695219617e+02, z_r: 1.7050910459984157e+03, z_e: 1.7056402040297683e+03

#ERR stream: 0, p: [36398], ea: 4, v_r: 2.5870845826332284e+03, v_e: 2.5855323510119720e+03, x_r: 1.1164324674747754e+03, x_e: 1.1214316729822992e+03, y_r: 2.0633823501506331e+03, y_e: 2.0640034671903209e+03, z_r: -3.2098794572845577e+02, z_e: -3.1901175996375974e+02

#ERR stream: 0, p: [36399], ea: 4, v_r: 2.0312995965364848e+03, v_e: 2.0307354198095834e+03, x_r: -6.8201295413237506e+02, x_e: -6.7757918923326656e+02, y_r: -7.1657976608230490e+02, y_e: -7.1491063962983719e+02, z_r: -2.5163306150979344e+02, z_e: -2.5038865673470386e+02

#ERR stream: 0, p: [36400], ea: 4, v_r: 2.3422298612942777e+03, v_e: 2.3412331165466280e+03, x_r: 1.1160410799040525e+02, x_e: 1.1651818176516595e+02, y_r: -8.2609030346296890e+02, y_e: -8.2387924540317636e+02, z_r: 1.0568727668459373e+03, z_e: 1.0577274502455307e+03

#ERR stream: 0, p: [36401], ea: 4, v_r: 1.3709347032398050e+03, v_e: 1.3705318612579852e+03, x_r: -4.6089422911981910e+02, x_e: -4.5790165424224085e+02, y_r: -1.0089818452212526e+03, y_e: -1.0075823816923696e+03, z_r: 8.8176847195161918e+02, z_e: 8.8220620453900040e+02

#ERR stream: 0, p: [36402], ea: 4, v_r: 1.5643589702829231e+03, v_e: 1.5637247263925581e+03, x_r: 7.5337864590290110e+01, x_e: 7.8644506883453246e+01, y_r: 3.4765653733051124e+02, y_e: 3.4859264133981418e+02, z_r: -7.9394093250553499e+02, z_e: -7.9259430675401916e+02

#ERR stream: 0, p: [36403], ea: 4, v_r: 1.5436283337843856e+03, v_e: 1.5431554494643340e+03, x_r: -1.1115351971606053e+03, x_e: -1.1078937609416348e+03, y_r: 9.3585571220176348e+02, y_e: 9.3665773759062597e+02, z_r: 6.9774837579914504e+02, z_e: 6.9849528422613548e+02

#ERR stream: 0, p: [36404], ea: 4, v_r: 1.7235758751155972e+03, v_e: 1.7230913547573809e+03, x_r: -9.1029067684355425e+02, x_e: -9.0642130210234347e+02, y_r: -6.0758392221086046e+02, y_e: -6.0607481083638868e+02, z_r: 1.1089866719053591e+03, z_e: 1.1095979040035736e+03

#ERR stream: 0, p: [36405], ea: 4, v_r: 2.5893029229510025e+03, v_e: 2.5875576893316875e+03, x_r: 2.1119406985228475e+03, x_e: 2.1161802486515307e+03, y_r: 1.5680313131467037e+03, y_e: 1.5688804972879630e+03, z_r: -8.1867636005328347e+02, z_e: -8.1633269017961788e+02

#ERR stream: 0, p: [36406], ea: 4, v_r: 2.2771757315599980e+03, v_e: 2.2754959876801795e+03, x_r: 1.4182017929453430e+03, x_e: 1.4221891015310382e+03, y_r: 1.8166986164908915e+03, y_e: 1.8171913319121998e+03, z_r: 1.9009431834300372e+03, z_e: 1.9009775701415413e+03

#ERR stream: 0, p: [36407], ea: 4, v_r: 1.7481882498920556e+03, v_e: 1.7477689512993716e+03, x_r: -9.2262449657552338e+02, x_e: -9.1875882630738647e+02, y_r: -6.1654487525613820e+02, y_e: -6.1512347180993743e+02, z_r: 1.1892833922053222e+02, z_e: 1.1988675729701289e+02

#ERR stream: 0, p: [36408], ea: 4, v_r: 1.8154017693301855e+03, v_e: 1.8142888368980271e+03, x_r: 1.1313050383224979e+03, x_e: 1.1345055337159592e+03, y_r: -6.4037192338777049e+02, y_e: -6.3842516759202204e+02, z_r: 1.5148669570867869e+03, z_e: 1.5149287049683660e+03

#ERR stream: 0, p: [36409], ea: 4, v_r: 2.8163951244889654e+03, v_e: 2.8146726106750261e+03, x_r: 6.7336463854230885e+02, x_e: 6.7913652531009643e+02, y_r: 2.2470956568903207e+03, y_e: 2.2478844207545571e+03, z_r: 1.8115947229026988e+03, z_e: 1.8122869704760460e+03

#ERR stream: 0, p: [36410], ea: 4, v_r: 1.8289866151173169e+03, v_e: 1.8284013983648592e+03, x_r: 8.8679391279609149e+01, x_e: 9.2453815173074830e+01, y_r: -9.9629943887203945e+02, y_e: -9.9468684307894398e+02, z_r: -1.2793872769586731e+03, z_e: -1.2778833318152558e+03

#ERR stream: 0, p: [36411], ea: 4, v_r: 1.5001103623667541e+03, v_e: 1.4996743482472323e+03, x_r: -1.0800102115631905e+03, x_e: -1.0764928196357155e+03, y_r: 9.0938678936412396e+02, y_e: 9.1015606882206191e+02, z_r: 3.9036065749147059e+02, z_e: 3.9119664464960852e+02

#ERR stream: 0, p: [36412], ea: 4, v_r: 1.6287362313257020e+03, v_e: 1.6283779561819981e+03, x_r: -1.1723500429916885e+03, x_e: -1.1686877510392787e+03, y_r: -2.6199095850176104e+02, y_e: -2.6075309979633005e+02, z_r: 4.2346716653931992e+02, z_e: 4.2429814720474570e+02

#ERR stream: 0, p: [36413], ea: 4, v_r: 1.9468425811755785e+03, v_e: 1.9463474204732672e+03, x_r: -1.0283163384000707e+03, x_e: -1.0240074675916399e+03, y_r: -1.4326694672216568e+03, y_e: -1.4307295050991497e+03, z_r: 1.6258810568528338e+03, z_e: 1.6264303216545609e+03

#ERR stream: 0, p: [36414], ea: 4, v_r: 1.7856185988454479e+03, v_e: 1.7852326009139549e+03, x_r: -9.4248166733506105e+02, x_e: -9.3858801898277511e+02, y_r: -1.3143089877362659e+03, y_e: -1.3126638562454684e+03, z_r: 4.6374172012163569e+02, z_e: 4.6457531467320530e+02

#ERR stream: 0, p: [36415], ea: 4, v_r: 1.5811468651485438e+03, v_e: 1.5806622014155546e+03, x_r: -2.2753968563525382e+02, x_e: -2.2418202930902166e+02, y_r: -1.1640031172881982e+03, y_e: -1.1624306847525440e+03, z_r: 1.0698888565041084e+02, z_e: 1.0781206443233751e+02

#ERR stream: 0, p: [36416], ea: 4, v_r: 1.9912918819115941e+03, v_e: 1.9902509902368415e+03, x_r: 4.7698687442784865e+02, x_e: 4.8103049588986295e+02, y_r: 4.4286869142378600e+02, y_e: 4.4415839468390254e+02, z_r: 5.1665877872808801e+02, z_e: 5.1761774747161974e+02

#ERR stream: 0, p: [36417], ea: 4, v_r: 2.3829198119410080e+03, v_e: 2.3816289577565071e+03, x_r: 5.7065815422267019e+02, x_e: 5.7551372042105390e+02, y_r: 9.8692341436385902e+02, y_e: 9.8818840829567114e+02, z_r: 6.1840286690552409e+02, z_e: 6.1957520325813334e+02

#ERR stream: 0, p: [36418], ea: 4, v_r: 2.3388039277583407e+03, v_e: 2.3372315930156228e+03, x_r: 1.9074632333739437e+03, x_e: 1.9112759898196766e+03, y_r: 9.6794401762779637e+02, y_e: 9.6907089506425950e+02, z_r: -2.9108600032284596e+02, z_e: -2.8933406875284851e+02

#ERR stream: 0, p: [36419], ea: 4, v_r: 2.0618398923359537e+03, v_e: 2.0608715301082334e+03, x_r: 8.8998312851441290e+02, x_e: 8.9389251431298612e+02, y_r: -1.9131787219006515e+03, y_e: -1.9105453022757501e+03, z_r: 9.2947941013993147e+02, z_e: 9.3011560458364738e+02

#ERR stream: 0, p: [36420], ea: 4, v_r: 2.2850165965419669e+03, v_e: 2.2839680980152034e+03, x_r: 5.4856744286795276e+02, x_e: 5.5320699319935670e+02, y_r: 5.0768679324472447e+02, y_e: 5.0905521971227921e+02, z_r: -1.1599909657019127e+03, z_e: -1.1579521854997217e+03

#ERR stream: 0, p: [36421], ea: 4, v_r: 2.3015780327690245e+03, v_e: 2.3002001331888259e+03, x_r: 1.8778707740881096e+03, x_e: 1.8816680002359922e+03, y_r: -3.7149911918688156e+02, y_e: -3.6950299239557847e+02, z_r: -7.2821546775002150e+02, z_e: -7.2632811589122514e+02

#ERR stream: 0, p: [36422], ea: 4, v_r: 2.1206796231842482e+03, v_e: 2.1198075025381463e+03, x_r: 1.0067922474782137e+02, x_e: 1.0510024866633765e+02, y_r: -1.5608370599417685e+03, y_e: -1.5584118844952318e+03, z_r: 1.7702387527169626e+03, z_e: 1.7705837878769964e+03

#ERR stream: 0, p: [36423], ea: 4, v_r: 1.4108616032094528e+03, v_e: 1.4104031159044225e+03, x_r: -4.7412079822488357e+02, x_e: -4.7099080796260711e+02, y_r: -2.2705532230273869e+02, y_e: -2.2592736478938068e+02, z_r: 3.6646210251947292e+02, z_e: 3.6715437555503297e+02

#ERR stream: 0, p: [36424], ea: 4, v_r: 1.8822250700130744e+03, v_e: 1.8819312651129860e+03, x_r: -1.7155318612867491e+03, x_e: -1.7113430207683959e+03, y_r: 5.7998336478690192e+01, y_e: 5.9252070649663594e+01, z_r: -2.3224890329741356e+02, z_e: -2.3108570503183694e+02

#ERR stream: 0, p: [36425], ea: 4, v_r: 1.2151418011275550e+03, v_e: 1.2149337449464781e+03, x_r: -6.4102935567582369e+02, x_e: -6.3843395483061477e+02, y_r: -1.1274852384376884e+03, y_e: -1.1263947750194980e+03, z_r: -1.5056953953914794e+02, z_e: -1.4990661966069391e+02

#ERR stream: 0, p: [36426], ea: 4, v_r: 2.7006139382600272e+03, v_e: 2.6985700289016531e+03, x_r: 2.2008626244162047e+03, x_e: 2.2051443542054076e+03, y_r: 1.6361986441507888e+03, y_e: 1.6371487605326099e+03, z_r: 1.7358610844335055e+03, z_e: 1.7362535211699994e+03

#ERR stream: 0, p: [36427], ea: 4, v_r: 2.1272817195871676e+03, v_e: 2.1258030631590223e+03, x_r: 1.7340570341223272e+03, x_e: 1.7374653129461774e+03, y_r: 6.5066749222209580e+01, y_e: 6.6799873716582667e+01, z_r: 1.3669910531361336e+03, z_e: 1.3672938863584411e+03

#ERR stream: 0, p: [36428], ea: 4, v_r: 1.4728465118815438e+03, v_e: 1.4724435051393314e+03, x_r: -4.9510444465848042e+02, x_e: -4.9191520782467586e+02, y_r: -1.3663384591998156e+03, y_e: -1.3647670659567661e+03, z_r: 9.4724009160868468e+02, z_e: 9.4770693366472517e+02

#ERR stream: 0, p: [36429], ea: 4, v_r: 1.8249041994498368e+03, v_e: 1.8242118523243689e+03, x_r: -2.6364154711027339e+02, x_e: -2.5969638730896520e+02, y_r: -9.9321828644161553e+02, y_e: -9.9134167852764597e+02, z_r: 1.5236741356078869e+03, z_e: 1.5240397891166017e+03

#ERR stream: 0, p: [36430], ea: 4, v_r: 1.3798959821546625e+03, v_e: 1.3794615855970717e+03, x_r: -4.6308658258867206e+02, x_e: -4.5999170021835749e+02, y_r: 8.3598927392088194e+02, y_e: 8.3659440648847340e+02, z_r: -9.6443242009886444e+02, z_e: -9.6317699088786958e+02

#ERR stream: 0, p: [36431], ea: 4, v_r: 1.4964349477149767e+03, v_e: 1.4958866691107287e+03, x_r: -2.1494884936475404e+02, x_e: -2.1164596868003602e+02, y_r: 1.1934528694587966e+03, y_e: 1.1939374239962976e+03, z_r: -1.3329652696796204e+03, z_e: -1.3313989293700852e+03

#ERR stream: 0, p: [36432], ea: 4, v_r: 1.7380451276507440e+03, v_e: 1.7373500728099025e+03, x_r: -2.5050542977971116e+02, x_e: -2.4669085701824829e+02, y_r: 3.8663537539160666e+02, y_e: 3.8774104002105480e+02, z_r: 1.1807756062840198e+02, z_e: 1.1910953096306535e+02

#ERR stream: 0, p: [36433], ea: 4, v_r: 1.7754338720167957e+03, v_e: 1.7743337215715428e+03, x_r: 1.1074244531811203e+03, x_e: 1.1106274020724745e+03, y_r: 1.4157119322413878e+03, y_e: 1.4160765358094845e+03, z_r: -9.0148128295768629e+02, z_e: -8.9965290595653153e+02

#ERR stream: 0, p: [36434], ea: 4, v_r: 1.6085850569097197e+03, v_e: 1.6077037132089988e+03, x_r: 1.3123811556579963e+03, x_e: 1.3150408357155977e+03, y_r: -1.4929305022304691e+03, y_e: -1.4907701331022975e+03, z_r: 1.0768341738941038e+02, z_e: 1.0850915505683129e+02

#ERR stream: 0, p: [36435], ea: 4, v_r: 2.7074428671096689e+03, v_e: 2.7058538186768028e+03, x_r: 1.1675768878143465e+03, x_e: 1.1727334744572818e+03, y_r: 8.3143610214419496e+01, y_e: 8.5298241540665430e+01, z_r: 1.7405441497419206e+03, z_e: 1.7411003867244051e+03

#ERR stream: 0, p: [36436], ea: 4, v_r: 1.8085252775393531e+03, v_e: 1.8078521361796593e+03, x_r: 8.7572500592697878e+01, x_e: 9.1381846921980028e+01, y_r: 4.0171877496578361e+02, y_e: 4.0275435113410356e+02, z_r: -1.6115002186765389e+03, z_e: -1.6096816212223255e+03

#ERR stream: 0, p: [36437], ea: 4, v_r: 2.4641367037652835e+03, v_e: 2.4625660807638064e+03, x_r: 1.5366659380857013e+03, x_e: 1.5410928831342903e+03, y_r: 1.9650156371914079e+03, y_e: 1.9655254642198256e+03, z_r: -7.7862448161545785e+02, z_e: -7.7639330984827961e+02

#ERR stream: 0, p: [36438], ea: 4, v_r: 1.9260522142685090e+03, v_e: 1.9250651949016228e+03, x_r: 8.3205553079124400e+02, x_e: 8.3576481579683150e+02, y_r: 4.2781962272360329e+02, y_e: 4.2897398859447327e+02, z_r: -9.7802080133287711e+02, z_e: -9.7624159978484113e+02

#ERR stream: 0, p: [36439], ea: 4, v_r: 2.2632176591823750e+03, v_e: 2.2620252669733572e+03, x_r: 5.4146105337365191e+02, x_e: 5.4602677903601477e+02, y_r: -3.6418315149025693e+02, y_e: -3.6212155896673880e+02, z_r: 1.8892806633580392e+03, z_e: 1.8895379043615908e+03

#ERR stream: 0, p: [36440], ea: 4, v_r: 2.2173758202280783e+03, v_e: 2.2169123177444185e+03, x_r: -2.0222913211441653e+03, x_e: -2.0172336217694603e+03, y_r: -3.5623320617567941e+02, y_e: -3.5446893714156505e+02, z_r: 1.8527255539041023e+03, z_e: 1.8535232383180155e+03

#ERR stream: 0, p: [36441], ea: 4, v_r: 2.3422298612942777e+03, v_e: 2.3412331165466280e+03, x_r: 1.1160410799040525e+02, x_e: 1.1651818176516595e+02, y_r: -8.2609030346296890e+02, y_e: -8.2387924540317636e+02, z_r: 1.0568727668459373e+03, z_e: 1.0577274502455307e+03

#ERR stream: 0, p: [36442], ea: 4, v_r: 1.6989734959753484e+03, v_e: 1.6982169539461190e+03, x_r: 8.0872066517235808e+01, x_e: 8.4453932197325784e+01, y_r: -2.7348547199056594e+02, y_e: -2.7202953403463806e+02, z_r: 7.6671113098893613e+02, z_e: 7.6734185455908721e+02

#ERR stream: 0, p: [36443], ea: 4, v_r: 2.6775402367405163e+03, v_e: 2.6756100730318126e+03, x_r: 2.1826159374499166e+03, x_e: 2.1869016639003312e+03, y_r: 1.1085825149463383e+03, y_e: 1.1099375893112542e+03, z_r: 1.2073077583007312e+03, z_e: 1.2081240506938520e+03

#ERR stream: 0, p: [36444], ea: 4, v_r: 1.5230984514450670e+03, v_e: 1.5225620323995488e+03, x_r: -2.1880917292058248e+02, x_e: -2.1548272389978519e+02, y_r: 6.3055915355082868e+02, y_e: 6.3132804070306622e+02, z_r: -1.0648002750084129e+03, z_e: -1.0633941299002827e+03

#ERR stream: 0, p: [36445], ea: 4, v_r: 2.0912440886180852e+03, v_e: 2.0901715339705625e+03, x_r: 5.0059732944173072e+02, x_e: 5.0481615526421615e+02, y_r: -3.3662292553575156e+02, y_e: -3.3475342995138425e+02, z_r: 1.3445743815010662e+03, z_e: 1.3450658178940093e+03

#ERR stream: 0, p: [36446], ea: 4, v_r: 1.7730588887204437e+03, v_e: 1.7724673219821443e+03, x_r: -5.9622025617721408e+02, x_e: -5.9228786332634365e+02, y_r: -6.2509643925487705e+02, y_e: -6.2349195091647437e+02, z_r: 1.1405986644685308e+03, z_e: 1.1411740090075475e+03

#ERR stream: 0, p: [36447], ea: 4, v_r: 1.6421254470797696e+03, v_e: 1.6410763568915713e+03, x_r: 1.3398362917434936e+03, x_e: 1.3425593446918144e+03, y_r: 9.9425409985077238e+02, y_e: 9.9477646366136571e+02, z_r: -1.1490187435326582e+03, z_e: -1.1471122304154876e+03

#ERR stream: 0, p: [36448], ea: 4, v_r: 1.7378739792282797e+03, v_e: 1.7373824954963595e+03, x_r: -2.4948502882106797e+02, x_e: -2.4580573523474857e+02, y_r: -9.4650078405853867e+02, y_e: -9.4499636358958094e+02, z_r: -8.8215535291408844e+02, z_e: -8.8088994432026141e+02

#ERR stream: 0, p: [36449], ea: 4, v_r: 1.6436849693669737e+03, v_e: 1.6432179049929046e+03, x_r: 7.9832101211175100e+01, x_e: 8.3186535426886053e+01, y_r: -1.5255440365239833e+03, y_e: -1.5239188267898139e+03, z_r: -1.1499426643566112e+03, z_e: -1.1486861395324520e+03

#ERR stream: 0, p: [36450], ea: 4, v_r: 2.3861163869872125e+03, v_e: 2.3848180020736613e+03, x_r: 5.7160043585733354e+02, x_e: 5.7648126927460203e+02, y_r: 1.4457254546893416e+03, y_e: 1.4466830589101714e+03, z_r: 1.6174085303202517e+02, z_e: 1.6322604626256253e+02

#ERR stream: 0, p: [36451], ea: 4, v_r: 1.6416340504643047e+03, v_e: 1.6409134852753737e+03, x_r: 3.9406886942685708e+02, x_e: 3.9737706293265006e+02, y_r: -2.6469623292529673e+02, y_e: -2.6337440396062323e+02, z_r: -5.1874123439889183e+02, z_e: -5.1750019407346883e+02

#ERR stream: 0, p: [36452], ea: 4, v_r: 2.0634066458007919e+03, v_e: 2.0627696652035011e+03, x_r: -1.0894958300217477e+03, x_e: -1.0847794606836101e+03, y_r: 4.5932255558894678e+02, y_e: 4.6066266816066303e+02, z_r: 5.3644890406123102e+02, z_e: 5.3752869663119736e+02

#ERR stream: 0, p: [36453], ea: 4, v_r: 2.2208737250003715e+03, v_e: 2.2203843629559033e+03, x_r: -2.0249023986268180e+03, x_e: -2.0197624562340013e+03, y_r: 9.2046769505204281e+02, y_e: 9.2178970421901170e+02, z_r: 5.7806953073261286e+02, z_e: 5.7930418251176604e+02

#ERR stream: 0, p: [36454], ea: 4, v_r: 1.6782777748251178e+03, v_e: 1.6778111747117712e+03, x_r: -8.8571789176084098e+02, x_e: -8.8192135551940771e+02, y_r: 3.7340402845079359e+02, y_e: 3.7445048686839993e+02, z_r: -2.0740995431476111e+02, z_e: -2.0630594126645511e+02

#ERR stream: 0, p: [36455], ea: 4, v_r: 2.3713689186099127e+03, v_e: 2.3701580433151385e+03, x_r: 5.6870238795277214e+02, x_e: 5.7355562723020455e+02, y_r: 1.4365231321557194e+03, y_e: 1.4374481424210510e+03, z_r: -7.4880463648846921e+02, z_e: -7.4680683366989126e+02

#ERR stream: 0, p: [36456], ea: 4, v_r: 1.9936626067610803e+03, v_e: 1.9932877354280165e+03, x_r: -1.8174176020483733e+03, x_e: -1.8128919124871186e+03, y_r: 4.4384752265739837e+02, y_e: 4.4511744515167629e+02, z_r: 1.3645686728148186e+02, z_e: 1.3764006156126757e+02

#ERR stream: 0, p: [36457], ea: 4, v_r: 1.5369326336569231e+03, v_e: 1.5361144961038251e+03, x_r: 9.5938434393027239e+02, x_e: 9.6216936302691147e+02, y_r: 3.4112221604183185e+02, y_e: 3.4200662524381124e+02, z_r: -1.3701117983111187e+03, z_e: -1.3683252816609979e+03

#ERR stream: 0, p: [36458], ea: 4, v_r: 1.9269179112886422e+03, v_e: 1.9260001802491270e+03, x_r: 4.6248685855405847e+02, x_e: 4.6641512702811895e+02, y_r: 7.9763225934869865e+02, y_e: 7.9858587541865438e+02, z_r: -9.7809459101827838e+02, z_e: -9.7632710703006012e+02

#ERR stream: 0, p: [36459], ea: 4, v_r: 2.1252641819464957e+03, v_e: 2.1245701831084803e+03, x_r: -1.1222528490350546e+03, x_e: -1.1173508418685174e+03, y_r: 8.8065834261922907e+02, y_e: 8.8187823981453175e+02, z_r: 5.5264995176093714e+02, z_e: 5.5378661576497439e+02

#ERR stream: 0, p: [36460], ea: 4, v_r: 1.5924610184042645e+03, v_e: 1.5919734378673907e+03, x_r: -5.3508152151455749e+02, x_e: -5.3157670898769629e+02, y_r: -5.6159835888557166e+02, y_e: -5.6022259045103749e+02, z_r: 4.1354466468862859e+02, z_e: 4.1430850059873501e+02

#ERR stream: 0, p: [36461], ea: 4, v_r: 1.3853509717499412e+03, v_e: 1.3850766358352389e+03, x_r: -7.3048430643007657e+02, x_e: -7.2746057501205348e+02, y_r: -2.2327312127402416e+02, y_e: -2.2232487827738584e+02, z_r: -9.6837522900343947e+02, z_e: -9.6732892100419735e+02

#ERR stream: 0, p: [36462], ea: 4, v_r: 1.9820580144984986e+03, v_e: 1.9814508190123984e+03, x_r: -1.4272394446972405e+03, x_e: -1.4225637480388352e+03, y_r: 1.2016625208194746e+03, y_e: 1.2026923418036035e+03, z_r: 8.9592664897868951e+02, z_e: 8.9688569838288379e+02

#ERR stream: 0, p: [36463], ea: 4, v_r: 1.3188311435789431e+03, v_e: 1.3183838754005915e+03, x_r: 3.1730086392069444e+02, x_e: 3.1992117707606906e+02, y_r: -9.7135293121063523e+02, y_e: -9.7008418254796277e+02, z_r: -1.1756874859466743e+03, z_e: -1.1745026741079087e+03

#ERR stream: 0, p: [36464], ea: 4, v_r: 1.9248440985863476e+03, v_e: 1.9235061549217421e+03, x_r: 1.5690396894823411e+03, x_e: 1.5721236276932602e+03, y_r: 5.8874829366217682e+01, y_e: 6.0443025258841026e+01, z_r: 1.2369046549979580e+03, z_e: 1.2371786698289263e+03

#ERR stream: 0, p: [36465], ea: 4, v_r: 1.1894069108974550e+03, v_e: 1.1891364817918673e+03, x_r: -3.9910393655874844e+02, x_e: -3.9656159825860993e+02, y_r: -8.7569570025759037e+02, y_e: -8.7463430921604424e+02, z_r: -3.7556674991536784e+02, z_e: -3.7482199194627708e+02

#ERR stream: 0, p: [36466], ea: 4, v_r: 2.7179665038364419e+03, v_e: 2.7162365835537757e+03, x_r: 1.6947720891344056e+03, x_e: 1.6996328364755198e+03, y_r: 1.6462880435500540e+03, y_e: 1.6472497812915155e+03, z_r: -3.3775019518341685e+02, z_e: -3.3569460698136078e+02

#ERR stream: 0, p: [36467], ea: 4, v_r: 2.0600032628770969e+03, v_e: 2.0591824216997202e+03, x_r: 9.8069641104023091e+01, x_e: 1.0235724365784708e+02, y_r: -1.5162856741534538e+03, y_e: -1.5139797708233075e+03, z_r: 1.3244337429207737e+03, z_e: 1.3249697099385228e+03

#ERR stream: 0, p: [36468], ea: 4, v_r: 1.7279595235208471e+03, v_e: 1.7269963891615732e+03, x_r: 4.1357732343895259e+02, x_e: 4.1709725207847191e+02, y_r: 7.1575798093981996e+02, y_e: 7.1669035643719315e+02, z_r: 7.7984733174420353e+02, z_e: 7.8048590320027529e+02

#ERR stream: 0, p: [36469], ea: 4, v_r: 1.4902746357132060e+03, v_e: 1.4898894062821648e+03, x_r: -1.0725550983107937e+03, x_e: -1.0691050353825592e+03, y_r: 9.0325550772796953e+02, y_e: 9.0399931205059477e+02, z_r: -1.8382048316382054e+02, z_e: -1.8279942711339359e+02

#ERR stream: 0, p: [36470], ea: 4, v_r: 1.6188733576262230e+03, v_e: 1.6182767797915874e+03, x_r: 3.8905759419499736e+02, x_e: 3.9228057245292899e+02, y_r: -1.1921695069634370e+03, y_e: -1.1905247254324042e+03, z_r: -8.2226263065332171e+02, z_e: -8.2102271104364956e+02

#ERR stream: 0, p: [36471], ea: 4, v_r: 1.7127473130827166e+03, v_e: 1.7121765017379928e+03, x_r: -2.4624839635187661e+02, x_e: -2.4256033821277529e+02, y_r: -2.7599538196277729e+02, y_e: -2.7468667665489329e+02, z_r: -5.4076041158965586e+02, z_e: -5.3953823294355391e+02

#ERR stream: 0, p: [36472], ea: 4, v_r: 1.6073827563677469e+03, v_e: 1.6070669249709510e+03, x_r: -8.4770257055096647e+02, x_e: -8.4420724367117123e+02, y_r: -5.6714844157847710e+02, y_e: -5.6594626237394596e+02, z_r: -8.1541819719517503e+02, z_e: -8.1430751959275040e+02

#ERR stream: 0, p: [36473], ea: 4, v_r: 2.0524986322842096e+03, v_e: 2.0515384386258424e+03, x_r: -2.9658108736654071e+02, x_e: -2.9199566154488355e+02, y_r: 1.2440593576634751e+03, y_e: 1.2449942892247502e+03, z_r: 9.2697567655635658e+02, z_e: 9.2783657237282659e+02

#ERR stream: 0, p: [36474], ea: 4, v_r: 1.9327335989987148e+03, v_e: 1.9317698966413266e+03, x_r: 4.6291218298469039e+02, x_e: 4.6681096783267759e+02, y_r: -3.1121235954157493e+02, y_e: -3.0951785658116074e+02, z_r: 8.7194495734922407e+02, z_e: 8.7262303488348994e+02

#ERR stream: 0, p: [36475], ea: 4, v_r: 2.2718019546329783e+03, v_e: 2.2704799514965653e+03, x_r: 9.8052357592492444e+02, x_e: 9.8490381449758559e+02, y_r: 1.3761931087492605e+03, y_e: 1.3770446152994984e+03, z_r: -2.8199812105267625e+02, z_e: -2.8030323710481008e+02

#ERR stream: 0, p: [36476], ea: 4, v_r: 1.8015137900604498e+03, v_e: 1.8007300080035552e+03, x_r: 7.7850047009111222e+02, x_e: 7.8192900521071681e+02, y_r: -1.3266586427478239e+03, y_e: -1.3246899212524015e+03, z_r: -5.6979411558063020e+02, z_e: -5.6851077758557983e+02

#ERR stream: 0, p: [36477], ea: 4, v_r: 1.4521455058007266e+03, v_e: 1.4518484001365737e+03, x_r: -1.3235921166865694e+03, x_e: -1.3202330272865991e+03, y_r: 1.1586699148116020e+03, y_e: 1.1593301833331607e+03, z_r: -4.5734079181935385e+02, z_e: -4.5626471608762711e+02

#ERR stream: 0, p: [36478], ea: 4, v_r: 1.3679956753222875e+03, v_e: 1.3677586641653040e+03, x_r: -1.2467769089099108e+03, x_e: -1.2436842749635607e+03, y_r: 5.6675114498675021e+02, y_e: 5.6752275414300527e+02, z_r: -4.3099239855533170e+02, z_e: -4.3003933207398711e+02

#ERR stream: 0, p: [36479], ea: 4, v_r: 1.5500251197246832e+03, v_e: 1.5497286501160306e+03, x_r: -1.1147849031006381e+03, x_e: -1.1112956377097482e+03, y_r: 9.3912330276578371e+02, y_e: 9.3985323741323782e+02, z_r: -1.3801981186398289e+03, z_e: -1.3788638173786769e+03

#SDC Ite:0 KerTime:87.384527 AccTime:87.384527 KerErr:205 AccErr:205
#END